 <<< Combine >>> 
 <<< v10.0.2 >>>
>>> Used OpenSSL to get a truly random seed 1673470793
>>> Method used is MarkovChainMC
============================================================
Analyzing bin errors for: prop_binmuon22
Poisson cut-off: 10
Processes excluded for sums: Wprime1600
============================================================
Bin        Contents        Error           Notes                         
0          2744.156770     11.528592       total sum                     
0          2743.862029     11.528582       excluding marked processes    
0          56646.000000    238.004202      Unweighted events, alpha=0.048444
  => Total parameter prop_binmuon22_bin0[0.00,-7.00,7.00] to be Gaussian constrained
------------------------------------------------------------
1          1060.469276     5.996739        total sum                     
1          1060.074788     5.996713        excluding marked processes    
1          31250.000000    176.776695      Unweighted events, alpha=0.033935
  => Total parameter prop_binmuon22_bin1[0.00,-7.00,7.00] to be Gaussian constrained
------------------------------------------------------------
2          482.513969      5.017920        total sum                     
2          482.010734      5.017879        excluding marked processes    
2          9227.000000     96.057275       Unweighted events, alpha=0.052294
  => Total parameter prop_binmuon22_bin2[0.00,-7.00,7.00] to be Gaussian constrained
------------------------------------------------------------
3          244.668559      2.851302        total sum                     
3          244.033461      2.851211        excluding marked processes    
3          7326.000000     85.592056       Unweighted events, alpha=0.033397
  => Total parameter prop_binmuon22_bin3[0.00,-7.00,7.00] to be Gaussian constrained
------------------------------------------------------------
4          127.166768      1.190680        total sum                     
4          126.401718      1.190421        excluding marked processes    
4          11275.000000    106.183803      Unweighted events, alpha=0.011279
  => Total parameter prop_binmuon22_bin4[0.00,-7.00,7.00] to be Gaussian constrained
------------------------------------------------------------
5          76.477201       1.648467        total sum                     
5          75.638403       1.648266        excluding marked processes    
5          2106.000000     45.891176       Unweighted events, alpha=0.036314
  => Total parameter prop_binmuon22_bin5[0.00,-7.00,7.00] to be Gaussian constrained
------------------------------------------------------------
6          73.962722       0.731234        total sum                     
6          71.844718       0.730064        excluding marked processes    
6          9684.000000     98.407317       Unweighted events, alpha=0.007638
  => Total parameter prop_binmuon22_bin6[0.00,-7.00,7.00] to be Gaussian constrained
------------------------------------------------------------
7          31.540826       0.537538        total sum                     
7          28.847785       0.535530        excluding marked processes    
7          2902.000000     53.870214       Unweighted events, alpha=0.010869
  => Total parameter prop_binmuon22_bin7[0.00,-7.00,7.00] to be Gaussian constrained
------------------------------------------------------------
8          21.542315       0.437673        total sum                     
8          17.085624       0.433556        excluding marked processes    
8          1553.000000     39.408121       Unweighted events, alpha=0.013871
  => Total parameter prop_binmuon22_bin8[0.00,-7.00,7.00] to be Gaussian constrained
------------------------------------------------------------
9          6.345697        0.331059        total sum                     
9          5.967072        0.330598        excluding marked processes    
9          326.000000      18.055470       Unweighted events, alpha=0.019465
  => Total parameter prop_binmuon22_bin9[0.00,-7.00,7.00] to be Gaussian constrained
------------------------------------------------------------
10         2.427356        0.071835        total sum                     
10         2.397976        0.071669        excluding marked processes    
10         1120.000000     33.466401       Unweighted events, alpha=0.002167
  => Total parameter prop_binmuon22_bin10[0.00,-7.00,7.00] to be Gaussian constrained
------------------------------------------------------------
11         1.154047        0.214430        total sum                     
11         1.147997        0.214420        excluding marked processes    
11         29.000000       5.385165        Unweighted events, alpha=0.039795
  => Total parameter prop_binmuon22_bin11[0.00,-7.00,7.00] to be Gaussian constrained
------------------------------------------------------------
12         0.168881        0.001708        total sum                     
12         0.168106        0.001612        excluding marked processes    
12         10873.000000    104.273678      Unweighted events, alpha=0.000016
  => Total parameter prop_binmuon22_bin12[0.00,-7.00,7.00] to be Gaussian constrained
------------------------------------------------------------
13         0.054219        0.001175        total sum                     
13         0.054219        0.001175        excluding marked processes    
13         2128.000000     46.130250       Unweighted events, alpha=0.000025
  => Total parameter prop_binmuon22_bin13[0.00,-7.00,7.00] to be Gaussian constrained
------------------------------------------------------------
14         0.004693        0.001397        total sum                     
14         0.004693        0.001397        excluding marked processes    
14         11.000000       3.316625        Unweighted events, alpha=0.000427
  => Total parameter prop_binmuon22_bin14[0.00,-7.00,7.00] to be Gaussian constrained
------------------------------------------------------------
15         0.000674        0.000012        total sum                     
15         0.000674        0.000012        excluding marked processes    
15         3350.000000     57.879185       Unweighted events, alpha=0.000000
  => Total parameter prop_binmuon22_bin15[0.00,-7.00,7.00] to be Gaussian constrained
------------------------------------------------------------
============================================================
Analyzing bin errors for: prop_binmuon23
Poisson cut-off: 10
Processes excluded for sums: Wprime1600
============================================================
Bin        Contents        Error           Notes                         
0          4246.217726     16.603221       total sum                     
0          4245.728997     16.603213       excluding marked processes    
0          65391.000000    255.716640      Unweighted events, alpha=0.064936
  => Total parameter prop_binmuon23_bin0[0.00,-7.00,7.00] to be Gaussian constrained
------------------------------------------------------------
1          1621.748361     7.828075        total sum                     
1          1621.101079     7.828053        excluding marked processes    
1          42886.000000    207.089353      Unweighted events, alpha=0.037815
  => Total parameter prop_binmuon23_bin1[0.00,-7.00,7.00] to be Gaussian constrained
------------------------------------------------------------
2          722.176073      4.795557        total sum                     
2          721.396648      4.795515        excluding marked processes    
2          22630.000000    150.432709      Unweighted events, alpha=0.031912
  => Total parameter prop_binmuon23_bin2[0.00,-7.00,7.00] to be Gaussian constrained
------------------------------------------------------------
3          360.220311      3.009435        total sum                     
3          359.285774      3.009355        excluding marked processes    
3          14254.000000    119.390117      Unweighted events, alpha=0.025272
  => Total parameter prop_binmuon23_bin3[0.00,-7.00,7.00] to be Gaussian constrained
------------------------------------------------------------
4          192.278035      3.360960        total sum                     
4          191.190097      3.360877        excluding marked processes    
4          3236.000000     56.885851       Unweighted events, alpha=0.059418
  => Total parameter prop_binmuon23_bin4[0.00,-7.00,7.00] to be Gaussian constrained
------------------------------------------------------------
5          113.535165      1.192404        total sum                     
5          112.217111      1.192110        excluding marked processes    
5          8861.000000     94.132885       Unweighted events, alpha=0.012813
  => Total parameter prop_binmuon23_bin5[0.00,-7.00,7.00] to be Gaussian constrained
------------------------------------------------------------
6          110.316979      1.524631        total sum                     
6          107.129583      1.524073        excluding marked processes    
6          4941.000000     70.292247       Unweighted events, alpha=0.022327
  => Total parameter prop_binmuon23_bin6[0.00,-7.00,7.00] to be Gaussian constrained
------------------------------------------------------------
7          45.022816       0.659488        total sum                     
7          41.104515       0.657922        excluding marked processes    
7          3903.000000     62.473995       Unweighted events, alpha=0.011535
  => Total parameter prop_binmuon23_bin7[0.00,-7.00,7.00] to be Gaussian constrained
------------------------------------------------------------
8          30.052584       0.590012        total sum                     
8          23.449391       0.587056        excluding marked processes    
8          1596.000000     39.949969       Unweighted events, alpha=0.018830
  => Total parameter prop_binmuon23_bin8[0.00,-7.00,7.00] to be Gaussian constrained
------------------------------------------------------------
9          8.841900        0.394884        total sum                     
9          8.355840        0.394559        excluding marked processes    
9          448.000000      21.166010       Unweighted events, alpha=0.019736
  => Total parameter prop_binmuon23_bin9[0.00,-7.00,7.00] to be Gaussian constrained
------------------------------------------------------------
10         3.546678        0.251932        total sum                     
10         3.506378        0.251887        excluding marked processes    
10         194.000000      13.928388       Unweighted events, alpha=0.018282
  => Total parameter prop_binmuon23_bin10[0.00,-7.00,7.00] to be Gaussian constrained
------------------------------------------------------------
11         1.371261        0.180186        total sum                     
11         1.363219        0.180174        excluding marked processes    
11         57.000000       7.549834        Unweighted events, alpha=0.024057
  => Total parameter prop_binmuon23_bin11[0.00,-7.00,7.00] to be Gaussian constrained
------------------------------------------------------------
12         0.531869        0.289066        total sum                     
12         0.530791        0.289065        excluding marked processes    
12         3.000000        1.732051        Unweighted events, alpha=0.177290
  => Number of weighted events is below Poisson threshold
    Wprime1600           0.001077        0.000767                                      
                         2.000000        1.414214        Unweighted events, alpha=0.000539
      => Product of prop_binmuon23_bin12_Wprime1600[2.00,0.00,33.79] and const [0.5000] to be Poisson constrained
  ----------------------------------------------------------
    W_boson              0.216692        0.001181                                      
                         33653.000000    183.447540      Unweighted events, alpha=0.000006
      => Parameter prop_binmuon23_bin12_W_boson[0.00,-7.00,7.00] to be Gaussian constrained
  ----------------------------------------------------------
    Top                  0.000000        0.000000                                      
      => Error is zero, ignore      
  ----------------------------------------------------------
    Z_boson              0.004094        0.000500                                      
                         67.000000       8.185353        Unweighted events, alpha=0.000061
      => Parameter prop_binmuon23_bin12_Z_boson[0.00,-7.00,7.00] to be Gaussian constrained
  ----------------------------------------------------------
    DiBoson              0.288910        0.288561                                      
                         1.000000        1.000000        Unweighted events, alpha=0.288910
      => Product of prop_binmuon23_bin12_DiBoson[1.00,0.00,30.85] and const [1.0000] to be Poisson constrained
  ----------------------------------------------------------
    QCD                  0.021095        0.017013                                      
                         2.000000        1.414214        Unweighted events, alpha=0.010547
      => Product of prop_binmuon23_bin12_QCD[2.00,0.00,33.79] and const [0.5000] to be Poisson constrained
  ----------------------------------------------------------
------------------------------------------------------------
13         0.067145        0.000584        total sum                     
13         0.067145        0.000584        excluding marked processes    
13         13239.000000    115.060853      Unweighted events, alpha=0.000005
  => Total parameter prop_binmuon23_bin13[0.00,-7.00,7.00] to be Gaussian constrained
------------------------------------------------------------
14         0.003967        0.000043        total sum                     
14         0.003967        0.000043        excluding marked processes    
14         8482.000000     92.097774       Unweighted events, alpha=0.000000
  => Total parameter prop_binmuon23_bin14[0.00,-7.00,7.00] to be Gaussian constrained
------------------------------------------------------------
15         0.005625        0.003835        total sum                     
15         0.005625        0.003835        excluding marked processes    
15         2.000000        1.414214        Unweighted events, alpha=0.002813
  => Number of weighted events is below Poisson threshold
    Wprime1600           0.000000        0.000000                                      
      => Error is zero, ignore      
  ----------------------------------------------------------
    W_boson              0.000849        0.000021                                      
                         1670.000000     40.865633       Unweighted events, alpha=0.000001
      => Parameter prop_binmuon23_bin15_W_boson[0.00,-7.00,7.00] to be Gaussian constrained
  ----------------------------------------------------------
    Top                  0.000000        0.000000                                      
      => Error is zero, ignore      
  ----------------------------------------------------------
    Z_boson              0.000011        0.000003                                      
                         16.000000       4.000000        Unweighted events, alpha=0.000001
      => Parameter prop_binmuon23_bin15_Z_boson[0.00,-7.00,7.00] to be Gaussian constrained
  ----------------------------------------------------------
    DiBoson              0.000000        0.000000                                      
      => Error is zero, ignore      
  ----------------------------------------------------------
    QCD                  0.004765        0.003834                                      
                         2.000000        1.414214        Unweighted events, alpha=0.002383
      => Product of prop_binmuon23_bin15_QCD[2.00,0.00,33.79] and const [0.5000] to be Poisson constrained
  ----------------------------------------------------------
------------------------------------------------------------
Channel muon22 will use autoMCStats with settings: event-threshold=10, include-signal=0, hist-mode=1
Channel muon23 will use autoMCStats with settings: event-threshold=10, include-signal=0, hist-mode=1
Generate toy 1/250

 -- MarkovChainMC -- 
Limit: r < 1.53388 +/- 0.0216103 @ 95% credibility (15 tries)
Done in 0.23 min (cpu), 0.23 min (real)
Generate toy 2/250

 -- MarkovChainMC -- 
Limit: r < 0.871223 +/- 0.0120225 @ 95% credibility (15 tries)
Done in 0.24 min (cpu), 0.24 min (real)
Generate toy 3/250

 -- MarkovChainMC -- 
Limit: r < 1.09049 +/- 0.0196036 @ 95% credibility (15 tries)
Done in 0.22 min (cpu), 0.22 min (real)
Generate toy 4/250

 -- MarkovChainMC -- 
Limit: r < 2.23408 +/- 0.0209639 @ 95% credibility (15 tries)
Done in 0.23 min (cpu), 0.23 min (real)
Generate toy 5/250

 -- MarkovChainMC -- 
Limit: r < 1.43861 +/- 0.0184464 @ 95% credibility (15 tries)
Done in 0.22 min (cpu), 0.22 min (real)
Generate toy 6/250

 -- MarkovChainMC -- 
Limit: r < 1.44051 +/- 0.0215911 @ 95% credibility (15 tries)
Done in 0.22 min (cpu), 0.22 min (real)
Generate toy 7/250

 -- MarkovChainMC -- 
Limit: r < 1.73716 +/- 0.0243652 @ 95% credibility (15 tries)
Done in 0.23 min (cpu), 0.23 min (real)
Generate toy 8/250

 -- MarkovChainMC -- 
Limit: r < 0.868841 +/- 0.0108076 @ 95% credibility (15 tries)
Done in 0.21 min (cpu), 0.21 min (real)
Generate toy 9/250

 -- MarkovChainMC -- 
Limit: r < 1.30155 +/- 0.0158653 @ 95% credibility (15 tries)
Done in 0.23 min (cpu), 0.23 min (real)
Generate toy 10/250

 -- MarkovChainMC -- 
Limit: r < 1.48783 +/- 0.0194103 @ 95% credibility (15 tries)
Done in 0.23 min (cpu), 0.23 min (real)
Generate toy 11/250

 -- MarkovChainMC -- 
Limit: r < 1.05245 +/- 0.0136806 @ 95% credibility (15 tries)
Done in 0.22 min (cpu), 0.23 min (real)
Generate toy 12/250

 -- MarkovChainMC -- 
Limit: r < 1.03241 +/- 0.0224303 @ 95% credibility (15 tries)
Done in 0.23 min (cpu), 0.23 min (real)
Generate toy 13/250

 -- MarkovChainMC -- 
Limit: r < 0.79975 +/- 0.0115971 @ 95% credibility (15 tries)
Done in 0.22 min (cpu), 0.22 min (real)
Generate toy 14/250

 -- MarkovChainMC -- 
Limit: r < 2.00522 +/- 0.0284214 @ 95% credibility (15 tries)
Done in 0.23 min (cpu), 0.23 min (real)
Generate toy 15/250

 -- MarkovChainMC -- 
Limit: r < 1.05539 +/- 0.0190363 @ 95% credibility (15 tries)
Done in 0.25 min (cpu), 0.25 min (real)
Generate toy 16/250

 -- MarkovChainMC -- 
Limit: r < 1.86315 +/- 0.029905 @ 95% credibility (15 tries)
Done in 0.25 min (cpu), 0.25 min (real)
Generate toy 17/250

 -- MarkovChainMC -- 
Limit: r < 1.0024 +/- 0.0234212 @ 95% credibility (15 tries)
Done in 0.22 min (cpu), 0.22 min (real)
Generate toy 18/250

 -- MarkovChainMC -- 
Limit: r < 1.20478 +/- 0.0261521 @ 95% credibility (15 tries)
Done in 0.22 min (cpu), 0.22 min (real)
Generate toy 19/250

 -- MarkovChainMC -- 
Limit: r < 1.89276 +/- 0.026552 @ 95% credibility (15 tries)
Done in 0.23 min (cpu), 0.23 min (real)
Generate toy 20/250

 -- MarkovChainMC -- 
Limit: r < 1.73353 +/- 0.0340938 @ 95% credibility (15 tries)
Done in 0.23 min (cpu), 0.23 min (real)
Generate toy 21/250

 -- MarkovChainMC -- 
Limit: r < 0.778105 +/- 0.0129495 @ 95% credibility (15 tries)
Done in 0.22 min (cpu), 0.23 min (real)
Generate toy 22/250

 -- MarkovChainMC -- 
Limit: r < 2.04992 +/- 0.0263372 @ 95% credibility (15 tries)
Done in 0.24 min (cpu), 0.24 min (real)
Generate toy 23/250

 -- MarkovChainMC -- 
Limit: r < 1.24488 +/- 0.02195 @ 95% credibility (15 tries)
Done in 0.23 min (cpu), 0.23 min (real)
Generate toy 24/250

 -- MarkovChainMC -- 
Limit: r < 1.2004 +/- 0.0202547 @ 95% credibility (15 tries)
Done in 0.23 min (cpu), 0.23 min (real)
Generate toy 25/250

 -- MarkovChainMC -- 
Limit: r < 1.00122 +/- 0.0219529 @ 95% credibility (15 tries)
Done in 0.23 min (cpu), 0.23 min (real)
Generate toy 26/250

 -- MarkovChainMC -- 
Limit: r < 2.24922 +/- 0.0392216 @ 95% credibility (15 tries)
Done in 0.24 min (cpu), 0.24 min (real)
Generate toy 27/250

 -- MarkovChainMC -- 
Limit: r < 1.20285 +/- 0.012547 @ 95% credibility (15 tries)
Done in 0.23 min (cpu), 0.23 min (real)
Generate toy 28/250

 -- MarkovChainMC -- 
Limit: r < 2.06824 +/- 0.024526 @ 95% credibility (15 tries)
Done in 0.23 min (cpu), 0.23 min (real)
Generate toy 29/250

 -- MarkovChainMC -- 
Limit: r < 0.89343 +/- 0.00787121 @ 95% credibility (15 tries)
Done in 0.22 min (cpu), 0.23 min (real)
Generate toy 30/250

 -- MarkovChainMC -- 
Limit: r < 1.37425 +/- 0.0228267 @ 95% credibility (15 tries)
Done in 0.26 min (cpu), 0.26 min (real)
Generate toy 31/250

 -- MarkovChainMC -- 
Limit: r < 0.714907 +/- 0.01726 @ 95% credibility (15 tries)
Done in 0.22 min (cpu), 0.23 min (real)
Generate toy 32/250

 -- MarkovChainMC -- 
Limit: r < 1.47631 +/- 0.0238497 @ 95% credibility (15 tries)
Done in 0.23 min (cpu), 0.23 min (real)
Generate toy 33/250

 -- MarkovChainMC -- 
Limit: r < 1.3155 +/- 0.0250476 @ 95% credibility (15 tries)
Done in 0.22 min (cpu), 0.23 min (real)
Generate toy 34/250

 -- MarkovChainMC -- 
Limit: r < 0.912444 +/- 0.0179617 @ 95% credibility (15 tries)
Done in 0.22 min (cpu), 0.22 min (real)
Generate toy 35/250

 -- MarkovChainMC -- 
Limit: r < 1.32058 +/- 0.0177748 @ 95% credibility (15 tries)
Done in 0.23 min (cpu), 0.23 min (real)
Generate toy 36/250

 -- MarkovChainMC -- 
Limit: r < 1.19883 +/- 0.0193159 @ 95% credibility (15 tries)
Done in 0.23 min (cpu), 0.23 min (real)
Generate toy 37/250

 -- MarkovChainMC -- 
Limit: r < 1.09372 +/- 0.0305796 @ 95% credibility (15 tries)
Done in 0.23 min (cpu), 0.23 min (real)
Generate toy 38/250

 -- MarkovChainMC -- 
Limit: r < 1.56938 +/- 0.0223984 @ 95% credibility (15 tries)
Done in 0.23 min (cpu), 0.23 min (real)
Generate toy 39/250

 -- MarkovChainMC -- 
Limit: r < 1.74937 +/- 0.0151022 @ 95% credibility (15 tries)
Done in 0.23 min (cpu), 0.23 min (real)
Generate toy 40/250

 -- MarkovChainMC -- 
Limit: r < 0.990444 +/- 0.0234651 @ 95% credibility (15 tries)
Done in 0.24 min (cpu), 0.24 min (real)
Generate toy 41/250

 -- MarkovChainMC -- 
Limit: r < 0.622457 +/- 0.00991537 @ 95% credibility (15 tries)
Done in 0.22 min (cpu), 0.23 min (real)
Generate toy 42/250

 -- MarkovChainMC -- 
Limit: r < 0.898846 +/- 0.0094295 @ 95% credibility (15 tries)
Done in 0.22 min (cpu), 0.22 min (real)
Generate toy 43/250

 -- MarkovChainMC -- 
Limit: r < 2.1759 +/- 0.0318554 @ 95% credibility (15 tries)
Done in 0.23 min (cpu), 0.23 min (real)
Generate toy 44/250

 -- MarkovChainMC -- 
Limit: r < 0.807701 +/- 0.0129019 @ 95% credibility (15 tries)
Done in 0.23 min (cpu), 0.23 min (real)
Generate toy 45/250

 -- MarkovChainMC -- 
Limit: r < 1.91405 +/- 0.0313744 @ 95% credibility (15 tries)
Done in 0.26 min (cpu), 0.26 min (real)
Generate toy 46/250

 -- MarkovChainMC -- 
Limit: r < 2.46935 +/- 0.0148999 @ 95% credibility (15 tries)
Done in 0.24 min (cpu), 0.24 min (real)
Generate toy 47/250

 -- MarkovChainMC -- 
Limit: r < 1.68633 +/- 0.0240021 @ 95% credibility (15 tries)
Done in 0.23 min (cpu), 0.23 min (real)
Generate toy 48/250

 -- MarkovChainMC -- 
Limit: r < 1.38472 +/- 0.0158232 @ 95% credibility (15 tries)
Done in 0.23 min (cpu), 0.24 min (real)
Generate toy 49/250

 -- MarkovChainMC -- 
Limit: r < 1.89693 +/- 0.0302422 @ 95% credibility (15 tries)
Done in 0.24 min (cpu), 0.24 min (real)
Generate toy 50/250

 -- MarkovChainMC -- 
Limit: r < 1.65067 +/- 0.022631 @ 95% credibility (15 tries)
Done in 0.24 min (cpu), 0.24 min (real)
Generate toy 51/250

 -- MarkovChainMC -- 
Limit: r < 0.819076 +/- 0.0142 @ 95% credibility (15 tries)
Done in 0.23 min (cpu), 0.23 min (real)
Generate toy 52/250

 -- MarkovChainMC -- 
Limit: r < 0.995018 +/- 0.0119378 @ 95% credibility (15 tries)
Done in 0.23 min (cpu), 0.23 min (real)
Generate toy 53/250

 -- MarkovChainMC -- 
Limit: r < 2.20456 +/- 0.0278143 @ 95% credibility (15 tries)
Done in 0.23 min (cpu), 0.23 min (real)
Generate toy 54/250

 -- MarkovChainMC -- 
Limit: r < 1.73427 +/- 0.020226 @ 95% credibility (15 tries)
Done in 0.23 min (cpu), 0.23 min (real)
Generate toy 55/250

 -- MarkovChainMC -- 
Limit: r < 0.95661 +/- 0.0183436 @ 95% credibility (15 tries)
Done in 0.23 min (cpu), 0.23 min (real)
Generate toy 56/250

 -- MarkovChainMC -- 
Limit: r < 1.28523 +/- 0.0167813 @ 95% credibility (15 tries)
Done in 0.24 min (cpu), 0.24 min (real)
Generate toy 57/250

 -- MarkovChainMC -- 
Limit: r < 2.10296 +/- 0.0227021 @ 95% credibility (15 tries)
Done in 0.23 min (cpu), 0.23 min (real)
Generate toy 58/250

 -- MarkovChainMC -- 
Limit: r < 0.972585 +/- 0.0250806 @ 95% credibility (15 tries)
Done in 0.22 min (cpu), 0.22 min (real)
Generate toy 59/250

 -- MarkovChainMC -- 
Limit: r < 1.42763 +/- 0.0335623 @ 95% credibility (15 tries)
Done in 0.23 min (cpu), 0.23 min (real)
Generate toy 60/250

 -- MarkovChainMC -- 
Limit: r < 1.18678 +/- 0.017465 @ 95% credibility (15 tries)
Done in 0.23 min (cpu), 0.23 min (real)
Generate toy 61/250

 -- MarkovChainMC -- 
Limit: r < 2.69481 +/- 0.0336807 @ 95% credibility (15 tries)
Done in 0.23 min (cpu), 0.24 min (real)
Generate toy 62/250

 -- MarkovChainMC -- 
Limit: r < 1.34672 +/- 0.020434 @ 95% credibility (15 tries)
Done in 0.23 min (cpu), 0.23 min (real)
Generate toy 63/250

 -- MarkovChainMC -- 
Limit: r < 1.43823 +/- 0.0165875 @ 95% credibility (15 tries)
Done in 0.24 min (cpu), 0.24 min (real)
Generate toy 64/250

 -- MarkovChainMC -- 
Limit: r < 1.52069 +/- 0.0249583 @ 95% credibility (15 tries)
Done in 0.23 min (cpu), 0.23 min (real)
Generate toy 65/250

 -- MarkovChainMC -- 
Limit: r < 1.28205 +/- 0.017778 @ 95% credibility (15 tries)
Done in 0.22 min (cpu), 0.22 min (real)
Generate toy 66/250

 -- MarkovChainMC -- 
Limit: r < 1.28994 +/- 0.0164482 @ 95% credibility (15 tries)
Done in 0.22 min (cpu), 0.22 min (real)
Generate toy 67/250

 -- MarkovChainMC -- 
Limit: r < 1.06865 +/- 0.0193611 @ 95% credibility (15 tries)
Done in 0.22 min (cpu), 0.22 min (real)
Generate toy 68/250

 -- MarkovChainMC -- 
Limit: r < 1.60379 +/- 0.0233252 @ 95% credibility (15 tries)
Done in 0.23 min (cpu), 0.23 min (real)
Generate toy 69/250

 -- MarkovChainMC -- 
Limit: r < 0.98516 +/- 0.015175 @ 95% credibility (15 tries)
Done in 0.22 min (cpu), 0.23 min (real)
Generate toy 70/250

 -- MarkovChainMC -- 
Limit: r < 1.31216 +/- 0.0309263 @ 95% credibility (15 tries)
Done in 0.22 min (cpu), 0.22 min (real)
Generate toy 71/250

 -- MarkovChainMC -- 
Limit: r < 0.638354 +/- 0.0139154 @ 95% credibility (15 tries)
Done in 0.22 min (cpu), 0.22 min (real)
Generate toy 72/250

 -- MarkovChainMC -- 
Limit: r < 0.647818 +/- 0.0141202 @ 95% credibility (15 tries)
Done in 0.23 min (cpu), 0.23 min (real)
Generate toy 73/250

 -- MarkovChainMC -- 
Limit: r < 1.63746 +/- 0.0174823 @ 95% credibility (15 tries)
Done in 0.22 min (cpu), 0.22 min (real)
Generate toy 74/250

 -- MarkovChainMC -- 
Limit: r < 0.990693 +/- 0.0186637 @ 95% credibility (15 tries)
Done in 0.22 min (cpu), 0.22 min (real)
Generate toy 75/250

 -- MarkovChainMC -- 
Limit: r < 1.15352 +/- 0.0190653 @ 95% credibility (15 tries)
Done in 0.23 min (cpu), 0.23 min (real)
Generate toy 76/250

 -- MarkovChainMC -- 
Limit: r < 1.82223 +/- 0.0208064 @ 95% credibility (15 tries)
Done in 0.24 min (cpu), 0.24 min (real)
Generate toy 77/250

 -- MarkovChainMC -- 
Limit: r < 1.07579 +/- 0.0224674 @ 95% credibility (15 tries)
Done in 0.22 min (cpu), 0.22 min (real)
Generate toy 78/250

 -- MarkovChainMC -- 
Limit: r < 0.907517 +/- 0.0148853 @ 95% credibility (15 tries)
Done in 0.22 min (cpu), 0.22 min (real)
Generate toy 79/250

 -- MarkovChainMC -- 
Limit: r < 1.04669 +/- 0.0190079 @ 95% credibility (15 tries)
Done in 0.23 min (cpu), 0.23 min (real)
Generate toy 80/250

 -- MarkovChainMC -- 
Limit: r < 1.53854 +/- 0.00926914 @ 95% credibility (15 tries)
Done in 0.23 min (cpu), 0.23 min (real)
Generate toy 81/250

 -- MarkovChainMC -- 
Limit: r < 1.75409 +/- 0.0196036 @ 95% credibility (15 tries)
Done in 0.25 min (cpu), 0.25 min (real)
Generate toy 82/250

 -- MarkovChainMC -- 
Limit: r < 0.885951 +/- 0.0185178 @ 95% credibility (15 tries)
Done in 0.23 min (cpu), 0.23 min (real)
Generate toy 83/250

 -- MarkovChainMC -- 
Limit: r < 1.11428 +/- 0.0125379 @ 95% credibility (15 tries)
Done in 0.23 min (cpu), 0.23 min (real)
Generate toy 84/250

 -- MarkovChainMC -- 
Limit: r < 1.27834 +/- 0.0175728 @ 95% credibility (15 tries)
Done in 0.23 min (cpu), 0.23 min (real)
Generate toy 85/250

 -- MarkovChainMC -- 
Limit: r < 2.66061 +/- 0.0277645 @ 95% credibility (15 tries)
Done in 0.25 min (cpu), 0.25 min (real)
Generate toy 86/250

 -- MarkovChainMC -- 
Limit: r < 1.23542 +/- 0.0164737 @ 95% credibility (15 tries)
Done in 0.23 min (cpu), 0.23 min (real)
Generate toy 87/250

 -- MarkovChainMC -- 
Limit: r < 1.98592 +/- 0.015444 @ 95% credibility (15 tries)
Done in 0.24 min (cpu), 0.24 min (real)
Generate toy 88/250

 -- MarkovChainMC -- 
Limit: r < 0.804425 +/- 0.0135626 @ 95% credibility (15 tries)
Done in 0.22 min (cpu), 0.22 min (real)
Generate toy 89/250

 -- MarkovChainMC -- 
Limit: r < 1.38122 +/- 0.0191999 @ 95% credibility (15 tries)
Done in 0.23 min (cpu), 0.23 min (real)
Generate toy 90/250

 -- MarkovChainMC -- 
Limit: r < 1.36886 +/- 0.0188663 @ 95% credibility (15 tries)
Done in 0.22 min (cpu), 0.22 min (real)
Generate toy 91/250

 -- MarkovChainMC -- 
Limit: r < 1.58772 +/- 0.0211241 @ 95% credibility (15 tries)
Done in 0.22 min (cpu), 0.22 min (real)
Generate toy 92/250

 -- MarkovChainMC -- 
Limit: r < 2.1025 +/- 0.0296877 @ 95% credibility (15 tries)
Done in 0.23 min (cpu), 0.23 min (real)
Generate toy 93/250

 -- MarkovChainMC -- 
Limit: r < 0.77086 +/- 0.0119695 @ 95% credibility (15 tries)
Done in 0.21 min (cpu), 0.22 min (real)
Generate toy 94/250

 -- MarkovChainMC -- 
Limit: r < 1.5352 +/- 0.0241762 @ 95% credibility (15 tries)
Done in 0.24 min (cpu), 0.24 min (real)
Generate toy 95/250

 -- MarkovChainMC -- 
Limit: r < 1.68885 +/- 0.014377 @ 95% credibility (15 tries)
Done in 0.23 min (cpu), 0.23 min (real)
Generate toy 96/250

 -- MarkovChainMC -- 
Limit: r < 1.73254 +/- 0.0164781 @ 95% credibility (15 tries)
Done in 0.23 min (cpu), 0.23 min (real)
Generate toy 97/250

 -- MarkovChainMC -- 
Limit: r < 0.960819 +/- 0.0174176 @ 95% credibility (15 tries)
Done in 0.23 min (cpu), 0.23 min (real)
Generate toy 98/250

 -- MarkovChainMC -- 
Limit: r < 1.26469 +/- 0.0163334 @ 95% credibility (15 tries)
Done in 0.23 min (cpu), 0.23 min (real)
Generate toy 99/250

 -- MarkovChainMC -- 
Limit: r < 1.11273 +/- 0.014283 @ 95% credibility (15 tries)
Done in 0.22 min (cpu), 0.22 min (real)
Generate toy 100/250

 -- MarkovChainMC -- 
Limit: r < 0.747985 +/- 0.0120734 @ 95% credibility (15 tries)
Done in 0.22 min (cpu), 0.22 min (real)
Generate toy 101/250

 -- MarkovChainMC -- 
Limit: r < 0.948485 +/- 0.0228391 @ 95% credibility (15 tries)
Done in 0.22 min (cpu), 0.23 min (real)
Generate toy 102/250

 -- MarkovChainMC -- 
Limit: r < 1.03404 +/- 0.00825082 @ 95% credibility (15 tries)
Done in 0.23 min (cpu), 0.23 min (real)
Generate toy 103/250

 -- MarkovChainMC -- 
Limit: r < 1.0592 +/- 0.0271639 @ 95% credibility (15 tries)
Done in 0.22 min (cpu), 0.22 min (real)
Generate toy 104/250

 -- MarkovChainMC -- 
Limit: r < 1.1328 +/- 0.0237006 @ 95% credibility (15 tries)
Done in 0.22 min (cpu), 0.22 min (real)
Generate toy 105/250

 -- MarkovChainMC -- 
Limit: r < 0.668992 +/- 0.0100848 @ 95% credibility (15 tries)
Done in 0.22 min (cpu), 0.22 min (real)
Generate toy 106/250

 -- MarkovChainMC -- 
Limit: r < 0.864437 +/- 0.0202341 @ 95% credibility (15 tries)
Done in 0.23 min (cpu), 0.23 min (real)
Generate toy 107/250

 -- MarkovChainMC -- 
Limit: r < 1.98143 +/- 0.021413 @ 95% credibility (15 tries)
Done in 0.24 min (cpu), 0.24 min (real)
Generate toy 108/250

 -- MarkovChainMC -- 
Limit: r < 1.70911 +/- 0.0188192 @ 95% credibility (15 tries)
Done in 0.23 min (cpu), 0.23 min (real)
Generate toy 109/250

 -- MarkovChainMC -- 
Limit: r < 1.60087 +/- 0.0296523 @ 95% credibility (15 tries)
Done in 0.24 min (cpu), 0.24 min (real)
Generate toy 110/250

 -- MarkovChainMC -- 
Limit: r < 1.1054 +/- 0.0142924 @ 95% credibility (15 tries)
Done in 0.22 min (cpu), 0.22 min (real)
Generate toy 111/250

 -- MarkovChainMC -- 
Limit: r < 0.890554 +/- 0.0243589 @ 95% credibility (15 tries)
Done in 0.22 min (cpu), 0.22 min (real)
Generate toy 112/250

 -- MarkovChainMC -- 
Limit: r < 1.24442 +/- 0.0222843 @ 95% credibility (15 tries)
Done in 0.22 min (cpu), 0.22 min (real)
Generate toy 113/250

 -- MarkovChainMC -- 
Limit: r < 2.00328 +/- 0.0257605 @ 95% credibility (15 tries)
Done in 0.23 min (cpu), 0.24 min (real)
Generate toy 114/250

 -- MarkovChainMC -- 
Limit: r < 1.66652 +/- 0.0230831 @ 95% credibility (15 tries)
Done in 0.24 min (cpu), 0.24 min (real)
Generate toy 115/250

 -- MarkovChainMC -- 
Limit: r < 1.74648 +/- 0.0227953 @ 95% credibility (15 tries)
Done in 0.24 min (cpu), 0.25 min (real)
Generate toy 116/250

 -- MarkovChainMC -- 
Limit: r < 0.988404 +/- 0.0142714 @ 95% credibility (15 tries)
Done in 0.23 min (cpu), 0.24 min (real)
Generate toy 117/250

 -- MarkovChainMC -- 
Limit: r < 1.62158 +/- 0.0299595 @ 95% credibility (15 tries)
Done in 0.24 min (cpu), 0.24 min (real)
Generate toy 118/250

 -- MarkovChainMC -- 
Limit: r < 1.30023 +/- 0.0315217 @ 95% credibility (15 tries)
Done in 0.24 min (cpu), 0.24 min (real)
Generate toy 119/250

 -- MarkovChainMC -- 
Limit: r < 1.40554 +/- 0.0229584 @ 95% credibility (15 tries)
Done in 0.24 min (cpu), 0.24 min (real)
Generate toy 120/250

 -- MarkovChainMC -- 
Limit: r < 0.902071 +/- 0.0256279 @ 95% credibility (15 tries)
Done in 0.23 min (cpu), 0.23 min (real)
Generate toy 121/250

 -- MarkovChainMC -- 
Limit: r < 0.944311 +/- 0.0187764 @ 95% credibility (15 tries)
Done in 0.24 min (cpu), 0.24 min (real)
Generate toy 122/250

 -- MarkovChainMC -- 
Limit: r < 1.06631 +/- 0.0135112 @ 95% credibility (15 tries)
Done in 0.24 min (cpu), 0.24 min (real)
Generate toy 123/250

 -- MarkovChainMC -- 
Limit: r < 1.90355 +/- 0.0146094 @ 95% credibility (15 tries)
Done in 0.24 min (cpu), 0.24 min (real)
Generate toy 124/250

 -- MarkovChainMC -- 
Limit: r < 1.20333 +/- 0.0131879 @ 95% credibility (15 tries)
Done in 0.24 min (cpu), 0.24 min (real)
Generate toy 125/250

 -- MarkovChainMC -- 
Limit: r < 1.28985 +/- 0.0256585 @ 95% credibility (15 tries)
Done in 0.24 min (cpu), 0.24 min (real)
Generate toy 126/250

 -- MarkovChainMC -- 
Limit: r < 1.1781 +/- 0.0139053 @ 95% credibility (15 tries)
Done in 0.24 min (cpu), 0.24 min (real)
Generate toy 127/250

 -- MarkovChainMC -- 
Limit: r < 1.6949 +/- 0.0273633 @ 95% credibility (15 tries)
Done in 0.24 min (cpu), 0.24 min (real)
Generate toy 128/250

 -- MarkovChainMC -- 
Limit: r < 1.33716 +/- 0.0155722 @ 95% credibility (15 tries)
Done in 0.24 min (cpu), 0.24 min (real)
Generate toy 129/250

 -- MarkovChainMC -- 
Limit: r < 0.978118 +/- 0.0193252 @ 95% credibility (15 tries)
Done in 0.23 min (cpu), 0.23 min (real)
Generate toy 130/250

 -- MarkovChainMC -- 
Limit: r < 1.49834 +/- 0.0172224 @ 95% credibility (15 tries)
Done in 0.24 min (cpu), 0.24 min (real)
Generate toy 131/250

 -- MarkovChainMC -- 
Limit: r < 1.66898 +/- 0.0158296 @ 95% credibility (15 tries)
Done in 0.24 min (cpu), 0.24 min (real)
Generate toy 132/250

 -- MarkovChainMC -- 
Limit: r < 0.955032 +/- 0.0233036 @ 95% credibility (15 tries)
Done in 0.23 min (cpu), 0.23 min (real)
Generate toy 133/250

 -- MarkovChainMC -- 
Limit: r < 1.73431 +/- 0.0331547 @ 95% credibility (15 tries)
Done in 0.24 min (cpu), 0.25 min (real)
Generate toy 134/250

 -- MarkovChainMC -- 
Limit: r < 1.4883 +/- 0.0119282 @ 95% credibility (15 tries)
Done in 0.24 min (cpu), 0.24 min (real)
Generate toy 135/250

 -- MarkovChainMC -- 
Limit: r < 0.896089 +/- 0.0158278 @ 95% credibility (15 tries)
Done in 0.23 min (cpu), 0.23 min (real)
Generate toy 136/250

 -- MarkovChainMC -- 
Limit: r < 1.48315 +/- 0.020365 @ 95% credibility (15 tries)
Done in 0.24 min (cpu), 0.24 min (real)
Generate toy 137/250

 -- MarkovChainMC -- 
Limit: r < 0.968562 +/- 0.014444 @ 95% credibility (15 tries)
Done in 0.24 min (cpu), 0.24 min (real)
Generate toy 138/250

 -- MarkovChainMC -- 
Limit: r < 1.22517 +/- 0.0178863 @ 95% credibility (15 tries)
Done in 0.24 min (cpu), 0.24 min (real)
Generate toy 139/250

 -- MarkovChainMC -- 
Limit: r < 1.39107 +/- 0.0119463 @ 95% credibility (15 tries)
Done in 0.23 min (cpu), 0.24 min (real)
Generate toy 140/250

 -- MarkovChainMC -- 
Limit: r < 0.718165 +/- 0.0110403 @ 95% credibility (15 tries)
Done in 0.23 min (cpu), 0.23 min (real)
Generate toy 141/250

 -- MarkovChainMC -- 
Limit: r < 0.798551 +/- 0.0184447 @ 95% credibility (15 tries)
Done in 0.23 min (cpu), 0.23 min (real)
Generate toy 142/250

 -- MarkovChainMC -- 
Limit: r < 1.49353 +/- 0.0238823 @ 95% credibility (15 tries)
Done in 0.24 min (cpu), 0.24 min (real)
Generate toy 143/250

 -- MarkovChainMC -- 
Limit: r < 1.1414 +/- 0.0196214 @ 95% credibility (15 tries)
Done in 0.24 min (cpu), 0.24 min (real)
Generate toy 144/250

 -- MarkovChainMC -- 
Limit: r < 2.75203 +/- 0.0364075 @ 95% credibility (15 tries)
Done in 0.24 min (cpu), 0.25 min (real)
Generate toy 145/250

 -- MarkovChainMC -- 
Limit: r < 1.24571 +/- 0.0167753 @ 95% credibility (15 tries)
Done in 0.24 min (cpu), 0.24 min (real)
Generate toy 146/250

 -- MarkovChainMC -- 
Limit: r < 1.15126 +/- 0.0171903 @ 95% credibility (15 tries)
Done in 0.24 min (cpu), 0.24 min (real)
Generate toy 147/250

 -- MarkovChainMC -- 
Limit: r < 0.711529 +/- 0.0225153 @ 95% credibility (15 tries)
Done in 0.23 min (cpu), 0.23 min (real)
Generate toy 148/250

 -- MarkovChainMC -- 
Limit: r < 1.1131 +/- 0.0129868 @ 95% credibility (15 tries)
Done in 0.24 min (cpu), 0.25 min (real)
Generate toy 149/250

 -- MarkovChainMC -- 
Limit: r < 0.719635 +/- 0.0169454 @ 95% credibility (15 tries)
Done in 0.22 min (cpu), 0.22 min (real)
Generate toy 150/250

 -- MarkovChainMC -- 
Limit: r < 1.1587 +/- 0.0257178 @ 95% credibility (15 tries)
Done in 0.23 min (cpu), 0.23 min (real)
Generate toy 151/250

 -- MarkovChainMC -- 
Limit: r < 1.39055 +/- 0.024824 @ 95% credibility (15 tries)
Done in 0.23 min (cpu), 0.23 min (real)
Generate toy 152/250

 -- MarkovChainMC -- 
Limit: r < 1.08141 +/- 0.0284149 @ 95% credibility (15 tries)
Done in 0.22 min (cpu), 0.22 min (real)
Generate toy 153/250

 -- MarkovChainMC -- 
Limit: r < 1.03789 +/- 0.0198597 @ 95% credibility (15 tries)
Done in 0.22 min (cpu), 0.22 min (real)
Generate toy 154/250

 -- MarkovChainMC -- 
Limit: r < 0.750201 +/- 0.0178849 @ 95% credibility (15 tries)
Done in 0.22 min (cpu), 0.22 min (real)
Generate toy 155/250

 -- MarkovChainMC -- 
Limit: r < 1.4615 +/- 0.0311068 @ 95% credibility (15 tries)
Done in 0.23 min (cpu), 0.23 min (real)
Generate toy 156/250

 -- MarkovChainMC -- 
Limit: r < 1.98403 +/- 0.0180707 @ 95% credibility (15 tries)
Done in 0.22 min (cpu), 0.22 min (real)
Generate toy 157/250

 -- MarkovChainMC -- 
Limit: r < 1.13146 +/- 0.0145631 @ 95% credibility (15 tries)
Done in 0.23 min (cpu), 0.23 min (real)
Generate toy 158/250

 -- MarkovChainMC -- 
Limit: r < 1.45607 +/- 0.0301041 @ 95% credibility (15 tries)
Done in 0.22 min (cpu), 0.23 min (real)
Generate toy 159/250

 -- MarkovChainMC -- 
Limit: r < 1.07856 +/- 0.010844 @ 95% credibility (15 tries)
Done in 0.22 min (cpu), 0.22 min (real)
Generate toy 160/250

 -- MarkovChainMC -- 
Limit: r < 1.40393 +/- 0.0196762 @ 95% credibility (15 tries)
Done in 0.22 min (cpu), 0.22 min (real)
Generate toy 161/250

 -- MarkovChainMC -- 
Limit: r < 1.53246 +/- 0.0335206 @ 95% credibility (15 tries)
Done in 0.23 min (cpu), 0.23 min (real)
Generate toy 162/250

 -- MarkovChainMC -- 
Limit: r < 1.44177 +/- 0.029136 @ 95% credibility (15 tries)
Done in 0.22 min (cpu), 0.22 min (real)
Generate toy 163/250

 -- MarkovChainMC -- 
Limit: r < 1.0276 +/- 0.0179377 @ 95% credibility (15 tries)
Done in 0.22 min (cpu), 0.22 min (real)
Generate toy 164/250

 -- MarkovChainMC -- 
Limit: r < 0.990262 +/- 0.0107264 @ 95% credibility (15 tries)
Done in 0.22 min (cpu), 0.22 min (real)
Generate toy 165/250

 -- MarkovChainMC -- 
Limit: r < 0.774458 +/- 0.0171505 @ 95% credibility (15 tries)
Done in 0.22 min (cpu), 0.22 min (real)
Generate toy 166/250

 -- MarkovChainMC -- 
Limit: r < 1.46475 +/- 0.0207442 @ 95% credibility (15 tries)
Done in 0.25 min (cpu), 0.25 min (real)
Generate toy 167/250

 -- MarkovChainMC -- 
Limit: r < 1.1113 +/- 0.0266072 @ 95% credibility (15 tries)
Done in 0.23 min (cpu), 0.24 min (real)
Generate toy 168/250

 -- MarkovChainMC -- 
Limit: r < 1.28973 +/- 0.0247197 @ 95% credibility (15 tries)
Done in 0.24 min (cpu), 0.24 min (real)
Generate toy 169/250

 -- MarkovChainMC -- 
Limit: r < 1.31174 +/- 0.030055 @ 95% credibility (15 tries)
Done in 0.23 min (cpu), 0.24 min (real)
Generate toy 170/250

 -- MarkovChainMC -- 
Limit: r < 1.04339 +/- 0.0226661 @ 95% credibility (15 tries)
Done in 0.22 min (cpu), 0.22 min (real)
Generate toy 171/250

 -- MarkovChainMC -- 
Limit: r < 1.84263 +/- 0.0345177 @ 95% credibility (15 tries)
Done in 0.23 min (cpu), 0.23 min (real)
Generate toy 172/250

 -- MarkovChainMC -- 
Limit: r < 1.16455 +/- 0.0177376 @ 95% credibility (15 tries)
Done in 0.22 min (cpu), 0.23 min (real)
Generate toy 173/250

 -- MarkovChainMC -- 
Limit: r < 2.21082 +/- 0.0181751 @ 95% credibility (15 tries)
Done in 0.24 min (cpu), 0.24 min (real)
Generate toy 174/250

 -- MarkovChainMC -- 
Limit: r < 0.848963 +/- 0.0135025 @ 95% credibility (15 tries)
Done in 0.22 min (cpu), 0.22 min (real)
Generate toy 175/250

 -- MarkovChainMC -- 
Limit: r < 0.812438 +/- 0.0143288 @ 95% credibility (15 tries)
Done in 0.23 min (cpu), 0.23 min (real)
Generate toy 176/250

 -- MarkovChainMC -- 
Limit: r < 1.20539 +/- 0.0270884 @ 95% credibility (15 tries)
Done in 0.22 min (cpu), 0.22 min (real)
Generate toy 177/250

 -- MarkovChainMC -- 
Limit: r < 1.04817 +/- 0.0239114 @ 95% credibility (15 tries)
Done in 0.24 min (cpu), 0.24 min (real)
Generate toy 178/250

 -- MarkovChainMC -- 
Limit: r < 1.49702 +/- 0.020622 @ 95% credibility (15 tries)
Done in 0.24 min (cpu), 0.24 min (real)
Generate toy 179/250

 -- MarkovChainMC -- 
Limit: r < 1.50392 +/- 0.0183428 @ 95% credibility (15 tries)
Done in 0.23 min (cpu), 0.24 min (real)
Generate toy 180/250

 -- MarkovChainMC -- 
Limit: r < 1.52245 +/- 0.0165679 @ 95% credibility (15 tries)
Done in 0.24 min (cpu), 0.24 min (real)
Generate toy 181/250

 -- MarkovChainMC -- 
Limit: r < 0.891284 +/- 0.0157292 @ 95% credibility (15 tries)
Done in 0.23 min (cpu), 0.24 min (real)
Generate toy 182/250

 -- MarkovChainMC -- 
Limit: r < 1.18944 +/- 0.0169721 @ 95% credibility (15 tries)
Done in 0.23 min (cpu), 0.24 min (real)
Generate toy 183/250

 -- MarkovChainMC -- 
Limit: r < 1.91681 +/- 0.0401316 @ 95% credibility (15 tries)
Done in 0.24 min (cpu), 0.24 min (real)
Generate toy 184/250

 -- MarkovChainMC -- 
Limit: r < 1.45586 +/- 0.0278977 @ 95% credibility (15 tries)
Done in 0.24 min (cpu), 0.24 min (real)
Generate toy 185/250

 -- MarkovChainMC -- 
Limit: r < 0.94772 +/- 0.00865639 @ 95% credibility (15 tries)
Done in 0.23 min (cpu), 0.23 min (real)
Generate toy 186/250

 -- MarkovChainMC -- 
Limit: r < 1.65362 +/- 0.0250559 @ 95% credibility (15 tries)
Done in 0.22 min (cpu), 0.22 min (real)
Generate toy 187/250

 -- MarkovChainMC -- 
Limit: r < 1.14787 +/- 0.0260114 @ 95% credibility (15 tries)
Done in 0.22 min (cpu), 0.22 min (real)
Generate toy 188/250

 -- MarkovChainMC -- 
Limit: r < 0.939483 +/- 0.0184466 @ 95% credibility (15 tries)
Done in 0.23 min (cpu), 0.23 min (real)
Generate toy 189/250

 -- MarkovChainMC -- 
Limit: r < 1.20546 +/- 0.0274856 @ 95% credibility (15 tries)
Done in 0.23 min (cpu), 0.23 min (real)
Generate toy 190/250

 -- MarkovChainMC -- 
Limit: r < 1.87148 +/- 0.0170951 @ 95% credibility (15 tries)
Done in 0.23 min (cpu), 0.24 min (real)
Generate toy 191/250

 -- MarkovChainMC -- 
Limit: r < 1.27693 +/- 0.0196304 @ 95% credibility (15 tries)
Done in 0.23 min (cpu), 0.23 min (real)
Generate toy 192/250

 -- MarkovChainMC -- 
Limit: r < 0.81205 +/- 0.0116582 @ 95% credibility (15 tries)
Done in 0.22 min (cpu), 0.22 min (real)
Generate toy 193/250

 -- MarkovChainMC -- 
Limit: r < 0.900075 +/- 0.0260913 @ 95% credibility (15 tries)
Done in 0.22 min (cpu), 0.22 min (real)
Generate toy 194/250

 -- MarkovChainMC -- 
Limit: r < 0.801813 +/- 0.0127787 @ 95% credibility (15 tries)
Done in 0.22 min (cpu), 0.23 min (real)
Generate toy 195/250

 -- MarkovChainMC -- 
Limit: r < 1.12696 +/- 0.0183835 @ 95% credibility (15 tries)
Done in 0.22 min (cpu), 0.22 min (real)
Generate toy 196/250

 -- MarkovChainMC -- 
Limit: r < 0.709384 +/- 0.0122802 @ 95% credibility (15 tries)
Done in 0.23 min (cpu), 0.23 min (real)
Generate toy 197/250

 -- MarkovChainMC -- 
Limit: r < 1.26418 +/- 0.00945548 @ 95% credibility (15 tries)
Done in 0.23 min (cpu), 0.23 min (real)
Generate toy 198/250

 -- MarkovChainMC -- 
Limit: r < 1.11961 +/- 0.0128463 @ 95% credibility (15 tries)
Done in 0.22 min (cpu), 0.22 min (real)
Generate toy 199/250

 -- MarkovChainMC -- 
Limit: r < 1.07509 +/- 0.019996 @ 95% credibility (15 tries)
Done in 0.23 min (cpu), 0.23 min (real)
Generate toy 200/250

 -- MarkovChainMC -- 
Limit: r < 1.27549 +/- 0.0146678 @ 95% credibility (15 tries)
Done in 0.23 min (cpu), 0.23 min (real)
Generate toy 201/250

 -- MarkovChainMC -- 
Limit: r < 1.17338 +/- 0.0132467 @ 95% credibility (15 tries)
Done in 0.22 min (cpu), 0.23 min (real)
Generate toy 202/250

 -- MarkovChainMC -- 
Limit: r < 0.992311 +/- 0.0201845 @ 95% credibility (15 tries)
Done in 0.23 min (cpu), 0.23 min (real)
Generate toy 203/250

 -- MarkovChainMC -- 
Limit: r < 1.26229 +/- 0.025631 @ 95% credibility (15 tries)
Done in 0.23 min (cpu), 0.23 min (real)
Generate toy 204/250

 -- MarkovChainMC -- 
Limit: r < 1.09279 +/- 0.0261325 @ 95% credibility (15 tries)
Done in 0.22 min (cpu), 0.22 min (real)
Generate toy 205/250

 -- MarkovChainMC -- 
Limit: r < 1.54583 +/- 0.0160195 @ 95% credibility (15 tries)
Done in 0.23 min (cpu), 0.23 min (real)
Generate toy 206/250

 -- MarkovChainMC -- 
Limit: r < 1.19525 +/- 0.0106504 @ 95% credibility (15 tries)
Done in 0.23 min (cpu), 0.23 min (real)
Generate toy 207/250

 -- MarkovChainMC -- 
Limit: r < 0.669679 +/- 0.0157102 @ 95% credibility (15 tries)
Done in 0.22 min (cpu), 0.23 min (real)
Generate toy 208/250

 -- MarkovChainMC -- 
Limit: r < 1.24041 +/- 0.0186965 @ 95% credibility (15 tries)
Done in 0.22 min (cpu), 0.22 min (real)
Generate toy 209/250

 -- MarkovChainMC -- 
Limit: r < 1.14557 +/- 0.0125778 @ 95% credibility (15 tries)
Done in 0.23 min (cpu), 0.23 min (real)
Generate toy 210/250

 -- MarkovChainMC -- 
Limit: r < 1.79276 +/- 0.0191038 @ 95% credibility (15 tries)
Done in 0.23 min (cpu), 0.23 min (real)
Generate toy 211/250

 -- MarkovChainMC -- 
Limit: r < 1.78559 +/- 0.0203602 @ 95% credibility (15 tries)
Done in 0.23 min (cpu), 0.24 min (real)
Generate toy 212/250

 -- MarkovChainMC -- 
Limit: r < 1.11394 +/- 0.0109564 @ 95% credibility (15 tries)
Done in 0.22 min (cpu), 0.22 min (real)
Generate toy 213/250

 -- MarkovChainMC -- 
Limit: r < 1.12423 +/- 0.0221956 @ 95% credibility (15 tries)
Done in 0.23 min (cpu), 0.23 min (real)
Generate toy 214/250

 -- MarkovChainMC -- 
Limit: r < 1.46936 +/- 0.0242567 @ 95% credibility (15 tries)
Done in 0.23 min (cpu), 0.23 min (real)
Generate toy 215/250

 -- MarkovChainMC -- 
Limit: r < 1.08547 +/- 0.012158 @ 95% credibility (15 tries)
Done in 0.22 min (cpu), 0.22 min (real)
Generate toy 216/250

 -- MarkovChainMC -- 
Limit: r < 0.88487 +/- 0.0145782 @ 95% credibility (15 tries)
Done in 0.22 min (cpu), 0.22 min (real)
Generate toy 217/250

 -- MarkovChainMC -- 
Limit: r < 2.12504 +/- 0.0305891 @ 95% credibility (15 tries)
Done in 0.24 min (cpu), 0.24 min (real)
Generate toy 218/250

 -- MarkovChainMC -- 
Limit: r < 1.11732 +/- 0.0298547 @ 95% credibility (15 tries)
Done in 0.23 min (cpu), 0.23 min (real)
Generate toy 219/250

 -- MarkovChainMC -- 
Limit: r < 1.39167 +/- 0.0251862 @ 95% credibility (15 tries)
Done in 0.22 min (cpu), 0.22 min (real)
Generate toy 220/250

 -- MarkovChainMC -- 
Limit: r < 1.26449 +/- 0.0154874 @ 95% credibility (15 tries)
Done in 0.23 min (cpu), 0.23 min (real)
Generate toy 221/250

 -- MarkovChainMC -- 
Limit: r < 1.04752 +/- 0.0209787 @ 95% credibility (15 tries)
Done in 0.22 min (cpu), 0.22 min (real)
Generate toy 222/250

 -- MarkovChainMC -- 
Limit: r < 1.75047 +/- 0.0272348 @ 95% credibility (15 tries)
Done in 0.24 min (cpu), 0.24 min (real)
Generate toy 223/250

 -- MarkovChainMC -- 
Limit: r < 0.854549 +/- 0.022099 @ 95% credibility (15 tries)
Done in 0.23 min (cpu), 0.23 min (real)
Generate toy 224/250

 -- MarkovChainMC -- 
Limit: r < 0.976938 +/- 0.015378 @ 95% credibility (15 tries)
Done in 0.22 min (cpu), 0.22 min (real)
Generate toy 225/250

 -- MarkovChainMC -- 
Limit: r < 1.64776 +/- 0.0286985 @ 95% credibility (15 tries)
Done in 0.23 min (cpu), 0.23 min (real)
Generate toy 226/250

 -- MarkovChainMC -- 
Limit: r < 1.30899 +/- 0.0120897 @ 95% credibility (15 tries)
Done in 0.22 min (cpu), 0.22 min (real)
Generate toy 227/250

 -- MarkovChainMC -- 
Limit: r < 1.60471 +/- 0.0198667 @ 95% credibility (15 tries)
Done in 0.23 min (cpu), 0.23 min (real)
Generate toy 228/250

 -- MarkovChainMC -- 
Limit: r < 1.63281 +/- 0.0229434 @ 95% credibility (15 tries)
Done in 0.22 min (cpu), 0.23 min (real)
Generate toy 229/250

 -- MarkovChainMC -- 
Limit: r < 1.58647 +/- 0.0315827 @ 95% credibility (15 tries)
Done in 0.22 min (cpu), 0.22 min (real)
Generate toy 230/250

 -- MarkovChainMC -- 
Limit: r < 1.62375 +/- 0.0282036 @ 95% credibility (15 tries)
Done in 0.22 min (cpu), 0.22 min (real)
Generate toy 231/250

 -- MarkovChainMC -- 
Limit: r < 1.13913 +/- 0.0105039 @ 95% credibility (15 tries)
Done in 0.22 min (cpu), 0.22 min (real)
Generate toy 232/250

 -- MarkovChainMC -- 
Limit: r < 1.16678 +/- 0.0184698 @ 95% credibility (15 tries)
Done in 0.22 min (cpu), 0.22 min (real)
Generate toy 233/250

 -- MarkovChainMC -- 
Limit: r < 0.640794 +/- 0.0102419 @ 95% credibility (15 tries)
Done in 0.22 min (cpu), 0.22 min (real)
Generate toy 234/250

 -- MarkovChainMC -- 
Limit: r < 1.30401 +/- 0.0127771 @ 95% credibility (15 tries)
Done in 0.25 min (cpu), 0.25 min (real)
Generate toy 235/250

 -- MarkovChainMC -- 
Limit: r < 1.46589 +/- 0.0173027 @ 95% credibility (15 tries)
Done in 0.23 min (cpu), 0.23 min (real)
Generate toy 236/250

 -- MarkovChainMC -- 
Limit: r < 1.02919 +/- 0.00788762 @ 95% credibility (15 tries)
Done in 0.22 min (cpu), 0.22 min (real)
Generate toy 237/250

 -- MarkovChainMC -- 
Limit: r < 1.25522 +/- 0.0158619 @ 95% credibility (15 tries)
Done in 0.22 min (cpu), 0.22 min (real)
Generate toy 238/250

 -- MarkovChainMC -- 
Limit: r < 1.16976 +/- 0.0116616 @ 95% credibility (15 tries)
Done in 0.22 min (cpu), 0.22 min (real)
Generate toy 239/250

 -- MarkovChainMC -- 
Limit: r < 1.59221 +/- 0.010564 @ 95% credibility (15 tries)
Done in 0.23 min (cpu), 0.23 min (real)
Generate toy 240/250

 -- MarkovChainMC -- 
Limit: r < 1.22014 +/- 0.0194955 @ 95% credibility (15 tries)
Done in 0.22 min (cpu), 0.22 min (real)
Generate toy 241/250

 -- MarkovChainMC -- 
Limit: r < 1.22642 +/- 0.0195223 @ 95% credibility (15 tries)
Done in 0.22 min (cpu), 0.22 min (real)
Generate toy 242/250

 -- MarkovChainMC -- 
Limit: r < 1.38732 +/- 0.0225765 @ 95% credibility (15 tries)
Done in 0.23 min (cpu), 0.23 min (real)
Generate toy 243/250

 -- MarkovChainMC -- 
Limit: r < 1.40217 +/- 0.0186672 @ 95% credibility (15 tries)
Done in 0.23 min (cpu), 0.23 min (real)
Generate toy 244/250

 -- MarkovChainMC -- 
Limit: r < 1.15595 +/- 0.0254905 @ 95% credibility (15 tries)
Done in 0.23 min (cpu), 0.23 min (real)
Generate toy 245/250

 -- MarkovChainMC -- 
Limit: r < 1.74679 +/- 0.0169976 @ 95% credibility (15 tries)
Done in 0.23 min (cpu), 0.23 min (real)
Generate toy 246/250

 -- MarkovChainMC -- 
Limit: r < 1.15322 +/- 0.0267979 @ 95% credibility (15 tries)
Done in 0.22 min (cpu), 0.22 min (real)
Generate toy 247/250

 -- MarkovChainMC -- 
Limit: r < 1.06266 +/- 0.0192757 @ 95% credibility (15 tries)
Done in 0.22 min (cpu), 0.22 min (real)
Generate toy 248/250

 -- MarkovChainMC -- 
Limit: r < 1.49208 +/- 0.0232418 @ 95% credibility (15 tries)
Done in 0.22 min (cpu), 0.22 min (real)
Generate toy 249/250

 -- MarkovChainMC -- 
Limit: r < 1.29538 +/- 0.0146053 @ 95% credibility (15 tries)
Done in 0.23 min (cpu), 0.23 min (real)
Generate toy 250/250

 -- MarkovChainMC -- 
Limit: r < 0.835376 +/- 0.013456 @ 95% credibility (15 tries)
Done in 0.22 min (cpu), 0.22 min (real)
mean   expected limit: r < 1.30898 +/- 0.025565 @ 95%CL (250 toyMC)
median expected limit: r < 1.24241 @ 95%CL (250 toyMC)
   68% expected band : 0.912444 < r < 1.73254
   95% expected band : 0.709384 < r < 2.23408
