 <<< Combine >>> 
 <<< v10.0.2 >>>
>>> Used OpenSSL to get a truly random seed 1158630747
>>> Method used is MarkovChainMC
============================================================
Analyzing bin errors for: prop_binmuon22
Poisson cut-off: 10
Processes excluded for sums: Wprime2000
============================================================
Bin        Contents        Error           Notes                         
0          5489.385238     14.389583       total sum                     
0          5489.009974     14.389572       excluding marked processes    
0          145510.000000   381.457730      Unweighted events, alpha=0.037725
  => Total parameter prop_binmuon22_bin0[0.00,-7.00,7.00] to be Gaussian constrained
------------------------------------------------------------
1          2091.995128     7.507849        total sum                     
1          2091.469679     7.507819        excluding marked processes    
1          77602.000000    278.571355      Unweighted events, alpha=0.026958
  => Total parameter prop_binmuon22_bin1[0.00,-7.00,7.00] to be Gaussian constrained
------------------------------------------------------------
2          925.923963      5.743299        total sum                     
2          925.287269      5.743251        excluding marked processes    
2          25956.000000    161.108659      Unweighted events, alpha=0.035673
  => Total parameter prop_binmuon22_bin2[0.00,-7.00,7.00] to be Gaussian constrained
------------------------------------------------------------
3          463.509263      3.622176        total sum                     
3          462.717279      3.622082        excluding marked processes    
3          16320.000000    127.749755      Unweighted events, alpha=0.028401
  => Total parameter prop_binmuon22_bin3[0.00,-7.00,7.00] to be Gaussian constrained
------------------------------------------------------------
4          241.088963      1.534053        total sum                     
4          240.228093      1.533810        excluding marked processes    
4          24530.000000    156.620561      Unweighted events, alpha=0.009828
  => Total parameter prop_binmuon22_bin4[0.00,-7.00,7.00] to be Gaussian constrained
------------------------------------------------------------
5          140.157314      1.743165        total sum                     
5          139.121722      1.742909        excluding marked processes    
5          6371.000000     79.818544       Unweighted events, alpha=0.021999
  => Total parameter prop_binmuon22_bin5[0.00,-7.00,7.00] to be Gaussian constrained
------------------------------------------------------------
6          135.197253      1.065614        total sum                     
6          132.798509      1.064641        excluding marked processes    
6          15559.000000    124.735721      Unweighted events, alpha=0.008689
  => Total parameter prop_binmuon22_bin6[0.00,-7.00,7.00] to be Gaussian constrained
------------------------------------------------------------
7          54.772156       0.723357        total sum                     
7          51.876344       0.721630        excluding marked processes    
7          5168.000000     71.888803       Unweighted events, alpha=0.010598
  => Total parameter prop_binmuon22_bin7[0.00,-7.00,7.00] to be Gaussian constrained
------------------------------------------------------------
8          34.756517       0.473844        total sum                     
8          29.337675       0.468872        excluding marked processes    
8          3915.000000     62.569961       Unweighted events, alpha=0.008878
  => Total parameter prop_binmuon22_bin8[0.00,-7.00,7.00] to be Gaussian constrained
------------------------------------------------------------
9          17.174509       0.343691        total sum                     
9          9.941359        0.334523        excluding marked processes    
9          883.000000      29.715316       Unweighted events, alpha=0.019450
  => Total parameter prop_binmuon22_bin9[0.00,-7.00,7.00] to be Gaussian constrained
------------------------------------------------------------
10         6.440163        0.114461        total sum                     
10         4.165375        0.105525        excluding marked processes    
10         1558.000000     39.471509       Unweighted events, alpha=0.004134
  => Total parameter prop_binmuon22_bin10[0.00,-7.00,7.00] to be Gaussian constrained
------------------------------------------------------------
11         1.827573        0.218309        total sum                     
11         1.762132        0.218174        excluding marked processes    
11         65.000000       8.062258        Unweighted events, alpha=0.028117
  => Total parameter prop_binmuon22_bin11[0.00,-7.00,7.00] to be Gaussian constrained
------------------------------------------------------------
12         0.284819        0.003538        total sum                     
12         0.276349        0.001778        excluding marked processes    
12         24153.000000    155.412355      Unweighted events, alpha=0.000012
  => Total parameter prop_binmuon22_bin12[0.00,-7.00,7.00] to be Gaussian constrained
------------------------------------------------------------
13         0.086805        0.001430        total sum                     
13         0.085750        0.001214        excluding marked processes    
13         4991.000000     70.647010       Unweighted events, alpha=0.000017
  => Total parameter prop_binmuon22_bin13[0.00,-7.00,7.00] to be Gaussian constrained
------------------------------------------------------------
14         0.008394        0.001986        total sum                     
14         0.007105        0.001511        excluding marked processes    
14         22.000000       4.690416        Unweighted events, alpha=0.000382
  => Total parameter prop_binmuon22_bin14[0.00,-7.00,7.00] to be Gaussian constrained
------------------------------------------------------------
15         0.001078        0.000054        total sum                     
15         0.001078        0.000054        excluding marked processes    
15         404.000000      20.099751       Unweighted events, alpha=0.000003
  => Total parameter prop_binmuon22_bin15[0.00,-7.00,7.00] to be Gaussian constrained
------------------------------------------------------------
============================================================
Analyzing bin errors for: prop_binmuon23
Poisson cut-off: 10
Processes excluded for sums: Wprime2000
============================================================
Bin        Contents        Error           Notes                         
0          4248.242068     16.641878       total sum                     
0          4247.905511     16.641873       excluding marked processes    
0          65155.000000    255.254775      Unweighted events, alpha=0.065202
  => Total parameter prop_binmuon23_bin0[0.00,-7.00,7.00] to be Gaussian constrained
------------------------------------------------------------
1          1622.597599     7.853247        total sum                     
1          1622.176518     7.853234        excluding marked processes    
1          42668.000000    206.562339      Unweighted events, alpha=0.038028
  => Total parameter prop_binmuon23_bin1[0.00,-7.00,7.00] to be Gaussian constrained
------------------------------------------------------------
2          722.486415      4.824356        total sum                     
2          721.973552      4.824330        excluding marked processes    
2          22396.000000    149.652932      Unweighted events, alpha=0.032260
  => Total parameter prop_binmuon23_bin2[0.00,-7.00,7.00] to be Gaussian constrained
------------------------------------------------------------
3          359.593081      3.019132        total sum                     
3          358.994453      3.019084        excluding marked processes    
3          14139.000000    118.907527      Unweighted events, alpha=0.025433
  => Total parameter prop_binmuon23_bin3[0.00,-7.00,7.00] to be Gaussian constrained
------------------------------------------------------------
4          191.903943      3.361146        total sum                     
4          191.228626      3.361097        excluding marked processes    
4          3237.000000     56.894639       Unweighted events, alpha=0.059285
  => Total parameter prop_binmuon23_bin4[0.00,-7.00,7.00] to be Gaussian constrained
------------------------------------------------------------
5          113.205542      1.201557        total sum                     
5          112.398423      1.201388        excluding marked processes    
5          8753.000000     93.557469       Unweighted events, alpha=0.012933
  => Total parameter prop_binmuon23_bin5[0.00,-7.00,7.00] to be Gaussian constrained
------------------------------------------------------------
6          108.746283      1.559374        total sum                     
6          106.801137      1.559062        excluding marked processes    
6          4693.000000     68.505474       Unweighted events, alpha=0.023172
  => Total parameter prop_binmuon23_bin6[0.00,-7.00,7.00] to be Gaussian constrained
------------------------------------------------------------
7          43.470474       0.658823        total sum                     
7          41.104515       0.657922        excluding marked processes    
7          3903.000000     62.473995       Unweighted events, alpha=0.011138
  => Total parameter prop_binmuon23_bin7[0.00,-7.00,7.00] to be Gaussian constrained
------------------------------------------------------------
8          27.873968       0.588930        total sum                     
8          23.449391       0.587056        excluding marked processes    
8          1596.000000     39.949969       Unweighted events, alpha=0.017465
  => Total parameter prop_binmuon23_bin8[0.00,-7.00,7.00] to be Gaussian constrained
------------------------------------------------------------
9          14.156534       0.398180        total sum                     
9          8.355840        0.394559        excluding marked processes    
9          448.000000      21.166010       Unweighted events, alpha=0.031599
  => Total parameter prop_binmuon23_bin9[0.00,-7.00,7.00] to be Gaussian constrained
------------------------------------------------------------
10         5.325585        0.253679        total sum                     
10         3.506378        0.251887        excluding marked processes    
10         194.000000      13.928388       Unweighted events, alpha=0.027451
  => Total parameter prop_binmuon23_bin10[0.00,-7.00,7.00] to be Gaussian constrained
------------------------------------------------------------
11         1.124222        0.346469        total sum                     
11         1.067330        0.346429        excluding marked processes    
11         9.000000        3.000000        Unweighted events, alpha=0.124914
  => Number of weighted events is below Poisson threshold
    Wprime2000           0.056892        0.005279                                      
                         116.000000      10.770330       Unweighted events, alpha=0.000490
      => Parameter prop_binmuon23_bin11_Wprime2000[0.00,-7.00,7.00] to be Gaussian constrained
  ----------------------------------------------------------
    W_boson              0.796556        0.295954                                      
                         7.000000        2.645751        Unweighted events, alpha=0.113794
      => Product of prop_binmuon23_bin11_W_boson[7.00,0.07,45.79] and const [0.1429] to be Poisson constrained
  ----------------------------------------------------------
    Top                  0.000000        0.000000                                      
      => Error is zero, ignore      
  ----------------------------------------------------------
    Z_boson              0.017927        0.000329                                      
                         2976.000000     54.552727       Unweighted events, alpha=0.000006
      => Parameter prop_binmuon23_bin11_Z_boson[0.00,-7.00,7.00] to be Gaussian constrained
  ----------------------------------------------------------
    DiBoson              0.249416        0.180059                                      
                         2.000000        1.414214        Unweighted events, alpha=0.124708
      => Product of prop_binmuon23_bin11_DiBoson[2.00,0.00,33.79] and const [0.5000] to be Poisson constrained
  ----------------------------------------------------------
    QCD                  0.003431        0.001741                                      
                         4.000000        2.000000        Unweighted events, alpha=0.000858
      => Product of prop_binmuon23_bin11_QCD[4.00,0.00,38.96] and const [0.2500] to be Poisson constrained
  ----------------------------------------------------------
------------------------------------------------------------
12         0.534948        0.289069        total sum                     
12         0.530791        0.289065        excluding marked processes    
12         3.000000        1.732051        Unweighted events, alpha=0.178316
  => Number of weighted events is below Poisson threshold
    Wprime2000           0.004157        0.001405                                      
                         9.000000        3.000000        Unweighted events, alpha=0.000462
      => Product of prop_binmuon23_bin12_Wprime2000[9.00,0.20,49.98] and const [0.1111] to be Poisson constrained
  ----------------------------------------------------------
    W_boson              0.216692        0.001181                                      
                         33653.000000    183.447540      Unweighted events, alpha=0.000006
      => Parameter prop_binmuon23_bin12_W_boson[0.00,-7.00,7.00] to be Gaussian constrained
  ----------------------------------------------------------
    Top                  0.000000        0.000000                                      
      => Error is zero, ignore      
  ----------------------------------------------------------
    Z_boson              0.004094        0.000500                                      
                         67.000000       8.185353        Unweighted events, alpha=0.000061
      => Parameter prop_binmuon23_bin12_Z_boson[0.00,-7.00,7.00] to be Gaussian constrained
  ----------------------------------------------------------
    DiBoson              0.288910        0.288561                                      
                         1.000000        1.000000        Unweighted events, alpha=0.288910
      => Product of prop_binmuon23_bin12_DiBoson[1.00,0.00,30.85] and const [1.0000] to be Poisson constrained
  ----------------------------------------------------------
    QCD                  0.021095        0.017013                                      
                         2.000000        1.414214        Unweighted events, alpha=0.010547
      => Product of prop_binmuon23_bin12_QCD[2.00,0.00,33.79] and const [0.5000] to be Poisson constrained
  ----------------------------------------------------------
------------------------------------------------------------
13         0.067988        0.000842        total sum                     
13         0.067145        0.000584        excluding marked processes    
13         13239.000000    115.060853      Unweighted events, alpha=0.000005
  => Total parameter prop_binmuon23_bin13[0.00,-7.00,7.00] to be Gaussian constrained
------------------------------------------------------------
14         0.003967        0.000043        total sum                     
14         0.003967        0.000043        excluding marked processes    
14         8482.000000     92.097774       Unweighted events, alpha=0.000000
  => Total parameter prop_binmuon23_bin14[0.00,-7.00,7.00] to be Gaussian constrained
------------------------------------------------------------
15         0.005625        0.003835        total sum                     
15         0.005625        0.003835        excluding marked processes    
15         2.000000        1.414214        Unweighted events, alpha=0.002813
  => Number of weighted events is below Poisson threshold
    Wprime2000           0.000000        0.000000                                      
      => Error is zero, ignore      
  ----------------------------------------------------------
    W_boson              0.000849        0.000021                                      
                         1670.000000     40.865633       Unweighted events, alpha=0.000001
      => Parameter prop_binmuon23_bin15_W_boson[0.00,-7.00,7.00] to be Gaussian constrained
  ----------------------------------------------------------
    Top                  0.000000        0.000000                                      
      => Error is zero, ignore      
  ----------------------------------------------------------
    Z_boson              0.000011        0.000003                                      
                         16.000000       4.000000        Unweighted events, alpha=0.000001
      => Parameter prop_binmuon23_bin15_Z_boson[0.00,-7.00,7.00] to be Gaussian constrained
  ----------------------------------------------------------
    DiBoson              0.000000        0.000000                                      
      => Error is zero, ignore      
  ----------------------------------------------------------
    QCD                  0.004765        0.003834                                      
                         2.000000        1.414214        Unweighted events, alpha=0.002383
      => Product of prop_binmuon23_bin15_QCD[2.00,0.00,33.79] and const [0.5000] to be Poisson constrained
  ----------------------------------------------------------
------------------------------------------------------------
Channel muon22 will use autoMCStats with settings: event-threshold=10, include-signal=0, hist-mode=1
Channel muon23 will use autoMCStats with settings: event-threshold=10, include-signal=0, hist-mode=1
Generate toy 1/250

 -- MarkovChainMC -- 
Limit: r < 0.671972 +/- 0.00906429 @ 95% credibility (15 tries)
Done in 0.30 min (cpu), 0.30 min (real)
Generate toy 2/250

 -- MarkovChainMC -- 
Limit: r < 0.865174 +/- 0.00800775 @ 95% credibility (15 tries)
Done in 0.30 min (cpu), 0.30 min (real)
Generate toy 3/250

 -- MarkovChainMC -- 
Limit: r < 0.735408 +/- 0.00482828 @ 95% credibility (15 tries)
Done in 0.35 min (cpu), 0.36 min (real)
Generate toy 4/250

 -- MarkovChainMC -- 
Limit: r < 0.581187 +/- 0.00737657 @ 95% credibility (15 tries)
Done in 0.35 min (cpu), 0.36 min (real)
Generate toy 5/250

 -- MarkovChainMC -- 
Limit: r < 0.393122 +/- 0.0068367 @ 95% credibility (15 tries)
Done in 0.34 min (cpu), 0.34 min (real)
Generate toy 6/250

 -- MarkovChainMC -- 
Limit: r < 0.703426 +/- 0.00730471 @ 95% credibility (15 tries)
Done in 0.35 min (cpu), 0.36 min (real)
Generate toy 7/250

 -- MarkovChainMC -- 
Limit: r < 0.607568 +/- 0.00782602 @ 95% credibility (15 tries)
Done in 0.34 min (cpu), 0.34 min (real)
Generate toy 8/250

 -- MarkovChainMC -- 
Limit: r < 0.715734 +/- 0.00971647 @ 95% credibility (15 tries)
Done in 0.29 min (cpu), 0.30 min (real)
Generate toy 9/250

 -- MarkovChainMC -- 
Limit: r < 0.419639 +/- 0.00496776 @ 95% credibility (15 tries)
Done in 0.31 min (cpu), 0.31 min (real)
Generate toy 10/250

 -- MarkovChainMC -- 
Limit: r < 0.711782 +/- 0.00796458 @ 95% credibility (15 tries)
Done in 0.29 min (cpu), 0.30 min (real)
Generate toy 11/250

 -- MarkovChainMC -- 
Limit: r < 0.586308 +/- 0.0074043 @ 95% credibility (15 tries)
Done in 0.28 min (cpu), 0.29 min (real)
Generate toy 12/250

 -- MarkovChainMC -- 
Limit: r < 0.59383 +/- 0.00580007 @ 95% credibility (15 tries)
Done in 0.29 min (cpu), 0.29 min (real)
Generate toy 13/250

 -- MarkovChainMC -- 
Limit: r < 0.535027 +/- 0.00471453 @ 95% credibility (15 tries)
Done in 0.37 min (cpu), 0.38 min (real)
Generate toy 14/250

 -- MarkovChainMC -- 
Limit: r < 0.392267 +/- 0.00395862 @ 95% credibility (15 tries)
Done in 0.26 min (cpu), 0.26 min (real)
Generate toy 15/250

 -- MarkovChainMC -- 
Limit: r < 0.748709 +/- 0.00686437 @ 95% credibility (15 tries)
Done in 0.37 min (cpu), 0.37 min (real)
Generate toy 16/250

 -- MarkovChainMC -- 
Limit: r < 0.530779 +/- 0.00642234 @ 95% credibility (15 tries)
Done in 0.40 min (cpu), 0.40 min (real)
Generate toy 17/250

 -- MarkovChainMC -- 
Limit: r < 0.82756 +/- 0.00684557 @ 95% credibility (15 tries)
Done in 0.42 min (cpu), 0.43 min (real)
Generate toy 18/250

 -- MarkovChainMC -- 
Limit: r < 0.836777 +/- 0.00511289 @ 95% credibility (15 tries)
Done in 0.39 min (cpu), 0.39 min (real)
Generate toy 19/250

 -- MarkovChainMC -- 
Limit: r < 0.597638 +/- 0.00635172 @ 95% credibility (15 tries)
Done in 0.30 min (cpu), 0.30 min (real)
Generate toy 20/250

 -- MarkovChainMC -- 
Limit: r < 0.558241 +/- 0.00830421 @ 95% credibility (15 tries)
Done in 0.37 min (cpu), 0.37 min (real)
Generate toy 21/250

 -- MarkovChainMC -- 
Limit: r < 0.412468 +/- 0.00412317 @ 95% credibility (15 tries)
Done in 0.37 min (cpu), 0.37 min (real)
Generate toy 22/250

 -- MarkovChainMC -- 
Limit: r < 0.861981 +/- 0.00944716 @ 95% credibility (15 tries)
Done in 0.43 min (cpu), 0.43 min (real)
Generate toy 23/250

 -- MarkovChainMC -- 
Limit: r < 0.55512 +/- 0.00631375 @ 95% credibility (15 tries)
Done in 0.25 min (cpu), 0.26 min (real)
Generate toy 24/250

 -- MarkovChainMC -- 
Limit: r < 0.427858 +/- 0.00559434 @ 95% credibility (15 tries)
Done in 0.23 min (cpu), 0.23 min (real)
Generate toy 25/250

 -- MarkovChainMC -- 
Limit: r < 0.498425 +/- 0.00714565 @ 95% credibility (15 tries)
Done in 0.24 min (cpu), 0.25 min (real)
Generate toy 26/250

 -- MarkovChainMC -- 
Limit: r < 0.755421 +/- 0.00773235 @ 95% credibility (15 tries)
Done in 0.25 min (cpu), 0.26 min (real)
Generate toy 27/250

 -- MarkovChainMC -- 
Limit: r < 0.540502 +/- 0.00231918 @ 95% credibility (15 tries)
Done in 0.29 min (cpu), 0.29 min (real)
Generate toy 28/250

 -- MarkovChainMC -- 
Limit: r < 0.695215 +/- 0.00746149 @ 95% credibility (15 tries)
Done in 0.30 min (cpu), 0.30 min (real)
Generate toy 29/250

 -- MarkovChainMC -- 
Limit: r < 0.583004 +/- 0.00887376 @ 95% credibility (15 tries)
Done in 0.24 min (cpu), 0.24 min (real)
Generate toy 30/250

 -- MarkovChainMC -- 
Limit: r < 0.852307 +/- 0.00982155 @ 95% credibility (15 tries)
Done in 0.36 min (cpu), 0.36 min (real)
Generate toy 31/250

 -- MarkovChainMC -- 
Limit: r < 0.575921 +/- 0.00542943 @ 95% credibility (15 tries)
Done in 0.38 min (cpu), 0.38 min (real)
Generate toy 32/250

 -- MarkovChainMC -- 
Limit: r < 1.01305 +/- 0.00902282 @ 95% credibility (15 tries)
Done in 0.40 min (cpu), 0.40 min (real)
Generate toy 33/250

 -- MarkovChainMC -- 
Limit: r < 0.710694 +/- 0.00682322 @ 95% credibility (15 tries)
Done in 0.41 min (cpu), 0.41 min (real)
Generate toy 34/250

 -- MarkovChainMC -- 
Limit: r < 0.386033 +/- 0.00240143 @ 95% credibility (15 tries)
Done in 0.39 min (cpu), 0.39 min (real)
Generate toy 35/250

 -- MarkovChainMC -- 
Limit: r < 0.84747 +/- 0.0146215 @ 95% credibility (15 tries)
Done in 0.36 min (cpu), 0.36 min (real)
Generate toy 36/250

 -- MarkovChainMC -- 
Limit: r < 0.832169 +/- 0.0115332 @ 95% credibility (15 tries)
Done in 0.35 min (cpu), 0.35 min (real)
Generate toy 37/250

 -- MarkovChainMC -- 
Limit: r < 0.78759 +/- 0.0106242 @ 95% credibility (15 tries)
Done in 0.34 min (cpu), 0.34 min (real)
Generate toy 38/250

 -- MarkovChainMC -- 
Limit: r < 1.06402 +/- 0.0105365 @ 95% credibility (15 tries)
Done in 0.33 min (cpu), 0.33 min (real)
Generate toy 39/250

 -- MarkovChainMC -- 
Limit: r < 0.494245 +/- 0.00952286 @ 95% credibility (15 tries)
Done in 0.40 min (cpu), 0.40 min (real)
Generate toy 40/250

 -- MarkovChainMC -- 
Limit: r < 0.601914 +/- 0.0025191 @ 95% credibility (15 tries)
Done in 0.39 min (cpu), 0.39 min (real)
Generate toy 41/250

 -- MarkovChainMC -- 
Limit: r < 0.739403 +/- 0.00855106 @ 95% credibility (15 tries)
Done in 0.28 min (cpu), 0.29 min (real)
Generate toy 42/250

 -- MarkovChainMC -- 
Limit: r < 0.962213 +/- 0.00605186 @ 95% credibility (15 tries)
Done in 0.40 min (cpu), 0.40 min (real)
Generate toy 43/250

 -- MarkovChainMC -- 
Limit: r < 0.530282 +/- 0.00372042 @ 95% credibility (15 tries)
Done in 0.36 min (cpu), 0.36 min (real)
Generate toy 44/250

 -- MarkovChainMC -- 
Limit: r < 0.74319 +/- 0.00969248 @ 95% credibility (15 tries)
Done in 0.36 min (cpu), 0.36 min (real)
Generate toy 45/250

 -- MarkovChainMC -- 
Limit: r < 0.494168 +/- 0.00472883 @ 95% credibility (15 tries)
Done in 0.33 min (cpu), 0.33 min (real)
Generate toy 46/250

 -- MarkovChainMC -- 
Limit: r < 0.417912 +/- 0.00586389 @ 95% credibility (15 tries)
Done in 0.29 min (cpu), 0.29 min (real)
Generate toy 47/250

 -- MarkovChainMC -- 
Limit: r < 0.700719 +/- 0.00626801 @ 95% credibility (15 tries)
Done in 0.28 min (cpu), 0.29 min (real)
Generate toy 48/250

 -- MarkovChainMC -- 
Limit: r < 0.585487 +/- 0.00406658 @ 95% credibility (15 tries)
Done in 0.32 min (cpu), 0.32 min (real)
Generate toy 49/250

 -- MarkovChainMC -- 
Limit: r < 0.359021 +/- 0.00299309 @ 95% credibility (15 tries)
Done in 0.29 min (cpu), 0.30 min (real)
Generate toy 50/250

 -- MarkovChainMC -- 
Limit: r < 1.00187 +/- 0.00591055 @ 95% credibility (15 tries)
Done in 0.36 min (cpu), 0.36 min (real)
Generate toy 51/250

 -- MarkovChainMC -- 
Limit: r < 0.59003 +/- 0.00780876 @ 95% credibility (15 tries)
Done in 0.28 min (cpu), 0.28 min (real)
Generate toy 52/250

 -- MarkovChainMC -- 
Limit: r < 0.56728 +/- 0.00481942 @ 95% credibility (15 tries)
Done in 0.26 min (cpu), 0.26 min (real)
Generate toy 53/250

 -- MarkovChainMC -- 
Limit: r < 0.968537 +/- 0.00968521 @ 95% credibility (15 tries)
Done in 0.30 min (cpu), 0.30 min (real)
Generate toy 54/250

 -- MarkovChainMC -- 
Limit: r < 1.27328 +/- 0.00778185 @ 95% credibility (15 tries)
Done in 0.32 min (cpu), 0.32 min (real)
Generate toy 55/250

 -- MarkovChainMC -- 
Limit: r < 0.542433 +/- 0.00910196 @ 95% credibility (15 tries)
Done in 0.28 min (cpu), 0.28 min (real)
Generate toy 56/250

 -- MarkovChainMC -- 
Limit: r < 0.563304 +/- 0.00396256 @ 95% credibility (15 tries)
Done in 0.33 min (cpu), 0.33 min (real)
Generate toy 57/250

 -- MarkovChainMC -- 
Limit: r < 1.12565 +/- 0.0216822 @ 95% credibility (15 tries)
Done in 0.32 min (cpu), 0.32 min (real)
Generate toy 58/250

 -- MarkovChainMC -- 
Limit: r < 0.48136 +/- 0.00406377 @ 95% credibility (15 tries)
Done in 0.30 min (cpu), 0.30 min (real)
Generate toy 59/250

 -- MarkovChainMC -- 
Limit: r < 0.404445 +/- 0.00510017 @ 95% credibility (15 tries)
Done in 0.33 min (cpu), 0.33 min (real)
Generate toy 60/250

 -- MarkovChainMC -- 
Limit: r < 0.406004 +/- 0.0045752 @ 95% credibility (15 tries)
Done in 0.33 min (cpu), 0.34 min (real)
Generate toy 61/250

 -- MarkovChainMC -- 
Limit: r < 1.45946 +/- 0.00843029 @ 95% credibility (15 tries)
Done in 0.38 min (cpu), 0.38 min (real)
Generate toy 62/250

 -- MarkovChainMC -- 
Limit: r < 1.01021 +/- 0.00736803 @ 95% credibility (15 tries)
Done in 0.33 min (cpu), 0.33 min (real)
Generate toy 63/250

 -- MarkovChainMC -- 
Limit: r < 0.465573 +/- 0.00531626 @ 95% credibility (15 tries)
Done in 0.36 min (cpu), 0.36 min (real)
Generate toy 64/250

 -- MarkovChainMC -- 
Limit: r < 0.918919 +/- 0.00572859 @ 95% credibility (15 tries)
Done in 0.37 min (cpu), 0.37 min (real)
Generate toy 65/250

 -- MarkovChainMC -- 
Limit: r < 0.514857 +/- 0.00851973 @ 95% credibility (15 tries)
Done in 0.32 min (cpu), 0.32 min (real)
Generate toy 66/250

 -- MarkovChainMC -- 
Limit: r < 0.866896 +/- 0.0111318 @ 95% credibility (15 tries)
Done in 0.37 min (cpu), 0.37 min (real)
Generate toy 67/250

 -- MarkovChainMC -- 
Limit: r < 0.506255 +/- 0.00639163 @ 95% credibility (15 tries)
Done in 0.40 min (cpu), 0.41 min (real)
Generate toy 68/250

 -- MarkovChainMC -- 
Limit: r < 0.392151 +/- 0.00229851 @ 95% credibility (15 tries)
Done in 0.36 min (cpu), 0.37 min (real)
Generate toy 69/250

 -- MarkovChainMC -- 
Limit: r < 0.590521 +/- 0.00907998 @ 95% credibility (15 tries)
Done in 0.35 min (cpu), 0.36 min (real)
Generate toy 70/250

 -- MarkovChainMC -- 
Limit: r < 0.783163 +/- 0.00869707 @ 95% credibility (15 tries)
Done in 0.36 min (cpu), 0.37 min (real)
Generate toy 71/250

 -- MarkovChainMC -- 
Limit: r < 0.448676 +/- 0.00195863 @ 95% credibility (15 tries)
Done in 0.33 min (cpu), 0.34 min (real)
Generate toy 72/250

 -- MarkovChainMC -- 
Limit: r < 0.628004 +/- 0.00882031 @ 95% credibility (15 tries)
Done in 0.34 min (cpu), 0.34 min (real)
Generate toy 73/250

 -- MarkovChainMC -- 
Limit: r < 0.711338 +/- 0.00758282 @ 95% credibility (15 tries)
Done in 0.36 min (cpu), 0.36 min (real)
Generate toy 74/250

 -- MarkovChainMC -- 
Limit: r < 0.83886 +/- 0.00737917 @ 95% credibility (15 tries)
Done in 0.37 min (cpu), 0.37 min (real)
Generate toy 75/250

 -- MarkovChainMC -- 
Limit: r < 0.581948 +/- 0.00625662 @ 95% credibility (15 tries)
Done in 0.38 min (cpu), 0.38 min (real)
Generate toy 76/250

 -- MarkovChainMC -- 
Limit: r < 0.46473 +/- 0.00281613 @ 95% credibility (15 tries)
Done in 0.34 min (cpu), 0.34 min (real)
Generate toy 77/250

 -- MarkovChainMC -- 
Limit: r < 0.515198 +/- 0.00691936 @ 95% credibility (15 tries)
Done in 0.34 min (cpu), 0.35 min (real)
Generate toy 78/250

 -- MarkovChainMC -- 
Limit: r < 0.949513 +/- 0.0106709 @ 95% credibility (15 tries)
Done in 0.38 min (cpu), 0.39 min (real)
Generate toy 79/250

 -- MarkovChainMC -- 
Limit: r < 0.447844 +/- 0.00462975 @ 95% credibility (15 tries)
Done in 0.34 min (cpu), 0.35 min (real)
Generate toy 80/250

 -- MarkovChainMC -- 
Limit: r < 0.527833 +/- 0.00707325 @ 95% credibility (15 tries)
Done in 0.35 min (cpu), 0.36 min (real)
Generate toy 81/250

 -- MarkovChainMC -- 
Limit: r < 0.435913 +/- 0.00388474 @ 95% credibility (15 tries)
Done in 0.34 min (cpu), 0.35 min (real)
Generate toy 82/250

 -- MarkovChainMC -- 
Limit: r < 0.703656 +/- 0.0056353 @ 95% credibility (15 tries)
Done in 0.35 min (cpu), 0.35 min (real)
Generate toy 83/250

 -- MarkovChainMC -- 
Limit: r < 0.641919 +/- 0.00644658 @ 95% credibility (15 tries)
Done in 0.35 min (cpu), 0.35 min (real)
Generate toy 84/250

 -- MarkovChainMC -- 
Limit: r < 0.511175 +/- 0.0058464 @ 95% credibility (15 tries)
Done in 0.35 min (cpu), 0.35 min (real)
Generate toy 85/250

 -- MarkovChainMC -- 
Limit: r < 0.675122 +/- 0.00654771 @ 95% credibility (15 tries)
Done in 0.38 min (cpu), 0.38 min (real)
Generate toy 86/250

 -- MarkovChainMC -- 
Limit: r < 0.976278 +/- 0.0117104 @ 95% credibility (15 tries)
Done in 0.38 min (cpu), 0.38 min (real)
Generate toy 87/250

 -- MarkovChainMC -- 
Limit: r < 0.627498 +/- 0.00483147 @ 95% credibility (15 tries)
Done in 0.39 min (cpu), 0.40 min (real)
Generate toy 88/250

 -- MarkovChainMC -- 
Limit: r < 1.00975 +/- 0.0055029 @ 95% credibility (15 tries)
Done in 0.36 min (cpu), 0.36 min (real)
Generate toy 89/250

 -- MarkovChainMC -- 
Limit: r < 0.464726 +/- 0.00317538 @ 95% credibility (15 tries)
Done in 0.35 min (cpu), 0.35 min (real)
Generate toy 90/250

 -- MarkovChainMC -- 
Limit: r < 0.428756 +/- 0.00509135 @ 95% credibility (15 tries)
Done in 0.38 min (cpu), 0.39 min (real)
Generate toy 91/250

 -- MarkovChainMC -- 
Limit: r < 0.457489 +/- 0.00583858 @ 95% credibility (15 tries)
Done in 0.35 min (cpu), 0.35 min (real)
Generate toy 92/250

 -- MarkovChainMC -- 
Limit: r < 0.509452 +/- 0.00926423 @ 95% credibility (15 tries)
Done in 0.34 min (cpu), 0.35 min (real)
Generate toy 93/250

 -- MarkovChainMC -- 
Limit: r < 0.66907 +/- 0.0118908 @ 95% credibility (15 tries)
Done in 0.34 min (cpu), 0.35 min (real)
Generate toy 94/250

 -- MarkovChainMC -- 
Limit: r < 0.547579 +/- 0.00509633 @ 95% credibility (15 tries)
Done in 0.38 min (cpu), 0.38 min (real)
Generate toy 95/250

 -- MarkovChainMC -- 
Limit: r < 1.04435 +/- 0.0101325 @ 95% credibility (15 tries)
Done in 0.41 min (cpu), 0.42 min (real)
Generate toy 96/250

 -- MarkovChainMC -- 
Limit: r < 0.980051 +/- 0.00851466 @ 95% credibility (15 tries)
Done in 0.38 min (cpu), 0.38 min (real)
Generate toy 97/250

 -- MarkovChainMC -- 
Limit: r < 0.549057 +/- 0.00482594 @ 95% credibility (15 tries)
Done in 0.35 min (cpu), 0.36 min (real)
Generate toy 98/250

 -- MarkovChainMC -- 
Limit: r < 0.701593 +/- 0.00651824 @ 95% credibility (15 tries)
Done in 0.40 min (cpu), 0.40 min (real)
Generate toy 99/250

 -- MarkovChainMC -- 
Limit: r < 0.583519 +/- 0.00349154 @ 95% credibility (15 tries)
Done in 0.38 min (cpu), 0.38 min (real)
Generate toy 100/250

 -- MarkovChainMC -- 
Limit: r < 0.738782 +/- 0.0100229 @ 95% credibility (15 tries)
Done in 0.35 min (cpu), 0.35 min (real)
Generate toy 101/250

 -- MarkovChainMC -- 
Limit: r < 0.742802 +/- 0.00862144 @ 95% credibility (15 tries)
Done in 0.36 min (cpu), 0.36 min (real)
Generate toy 102/250

 -- MarkovChainMC -- 
Limit: r < 0.721826 +/- 0.0129645 @ 95% credibility (15 tries)
Done in 0.35 min (cpu), 0.35 min (real)
Generate toy 103/250

 -- MarkovChainMC -- 
Limit: r < 0.894922 +/- 0.0101755 @ 95% credibility (15 tries)
Done in 0.37 min (cpu), 0.37 min (real)
Generate toy 104/250

 -- MarkovChainMC -- 
Limit: r < 0.284494 +/- 0.00524651 @ 95% credibility (15 tries)
Done in 0.34 min (cpu), 0.35 min (real)
Generate toy 105/250

 -- MarkovChainMC -- 
Limit: r < 0.475006 +/- 0.00588955 @ 95% credibility (15 tries)
Done in 0.34 min (cpu), 0.34 min (real)
Generate toy 106/250

 -- MarkovChainMC -- 
Limit: r < 0.292984 +/- 0.00350015 @ 95% credibility (15 tries)
Done in 0.36 min (cpu), 0.36 min (real)
Generate toy 107/250

 -- MarkovChainMC -- 
Limit: r < 0.555715 +/- 0.00402774 @ 95% credibility (15 tries)
Done in 0.36 min (cpu), 0.37 min (real)
Generate toy 108/250

 -- MarkovChainMC -- 
Limit: r < 1.41347 +/- 0.012362 @ 95% credibility (15 tries)
Done in 0.40 min (cpu), 0.40 min (real)
Generate toy 109/250

 -- MarkovChainMC -- 
Limit: r < 0.405901 +/- 0.00790152 @ 95% credibility (15 tries)
Done in 0.34 min (cpu), 0.34 min (real)
Generate toy 110/250

 -- MarkovChainMC -- 
Limit: r < 0.460762 +/- 0.00545845 @ 95% credibility (15 tries)
Done in 0.33 min (cpu), 0.33 min (real)
Generate toy 111/250

 -- MarkovChainMC -- 
Limit: r < 0.562945 +/- 0.00693198 @ 95% credibility (15 tries)
Done in 0.35 min (cpu), 0.35 min (real)
Generate toy 112/250

 -- MarkovChainMC -- 
Limit: r < 0.47797 +/- 0.0026912 @ 95% credibility (15 tries)
Done in 0.36 min (cpu), 0.37 min (real)
Generate toy 113/250

 -- MarkovChainMC -- 
Limit: r < 0.600768 +/- 0.00709254 @ 95% credibility (15 tries)
Done in 0.36 min (cpu), 0.37 min (real)
Generate toy 114/250

 -- MarkovChainMC -- 
Limit: r < 1.15251 +/- 0.0134969 @ 95% credibility (15 tries)
Done in 0.40 min (cpu), 0.40 min (real)
Generate toy 115/250

 -- MarkovChainMC -- 
Limit: r < 0.650411 +/- 0.00638806 @ 95% credibility (15 tries)
Done in 0.39 min (cpu), 0.40 min (real)
Generate toy 116/250

 -- MarkovChainMC -- 
Limit: r < 1.02735 +/- 0.00921258 @ 95% credibility (15 tries)
Done in 0.39 min (cpu), 0.40 min (real)
Generate toy 117/250

 -- MarkovChainMC -- 
Limit: r < 0.734497 +/- 0.0117527 @ 95% credibility (15 tries)
Done in 0.42 min (cpu), 0.43 min (real)
Generate toy 118/250

 -- MarkovChainMC -- 
Limit: r < 0.807026 +/- 0.00949625 @ 95% credibility (15 tries)
Done in 0.38 min (cpu), 0.39 min (real)
Generate toy 119/250

 -- MarkovChainMC -- 
Limit: r < 0.388395 +/- 0.00711122 @ 95% credibility (15 tries)
Done in 0.35 min (cpu), 0.36 min (real)
Generate toy 120/250

 -- MarkovChainMC -- 
Limit: r < 0.811843 +/- 0.0041449 @ 95% credibility (15 tries)
Done in 0.39 min (cpu), 0.40 min (real)
Generate toy 121/250

 -- MarkovChainMC -- 
Limit: r < 0.575145 +/- 0.00679498 @ 95% credibility (15 tries)
Done in 0.37 min (cpu), 0.38 min (real)
Generate toy 122/250

 -- MarkovChainMC -- 
Limit: r < 0.719007 +/- 0.00802375 @ 95% credibility (15 tries)
Done in 0.37 min (cpu), 0.37 min (real)
Generate toy 123/250

 -- MarkovChainMC -- 
Limit: r < 0.74182 +/- 0.0102054 @ 95% credibility (15 tries)
Done in 0.39 min (cpu), 0.39 min (real)
Generate toy 124/250

 -- MarkovChainMC -- 
Limit: r < 0.687475 +/- 0.00976415 @ 95% credibility (15 tries)
Done in 0.35 min (cpu), 0.36 min (real)
Generate toy 125/250

 -- MarkovChainMC -- 
Limit: r < 0.482571 +/- 0.00573644 @ 95% credibility (15 tries)
Done in 0.37 min (cpu), 0.38 min (real)
Generate toy 126/250

 -- MarkovChainMC -- 
Limit: r < 0.657548 +/- 0.00680388 @ 95% credibility (15 tries)
Done in 0.38 min (cpu), 0.39 min (real)
Generate toy 127/250

 -- MarkovChainMC -- 
Limit: r < 0.917693 +/- 0.00549681 @ 95% credibility (15 tries)
Done in 0.38 min (cpu), 0.39 min (real)
Generate toy 128/250

 -- MarkovChainMC -- 
Limit: r < 0.442919 +/- 0.00444437 @ 95% credibility (15 tries)
Done in 0.36 min (cpu), 0.37 min (real)
Generate toy 129/250

 -- MarkovChainMC -- 
Limit: r < 0.530384 +/- 0.00748419 @ 95% credibility (15 tries)
Done in 0.37 min (cpu), 0.37 min (real)
Generate toy 130/250

 -- MarkovChainMC -- 
Limit: r < 1.03097 +/- 0.00971205 @ 95% credibility (15 tries)
Done in 0.40 min (cpu), 0.40 min (real)
Generate toy 131/250

 -- MarkovChainMC -- 
Limit: r < 0.622106 +/- 0.0061012 @ 95% credibility (15 tries)
Done in 0.38 min (cpu), 0.38 min (real)
Generate toy 132/250

 -- MarkovChainMC -- 
Limit: r < 0.420095 +/- 0.00482688 @ 95% credibility (15 tries)
Done in 0.37 min (cpu), 0.38 min (real)
Generate toy 133/250

 -- MarkovChainMC -- 
Limit: r < 0.774343 +/- 0.0116664 @ 95% credibility (15 tries)
Done in 0.37 min (cpu), 0.37 min (real)
Generate toy 134/250

 -- MarkovChainMC -- 
Limit: r < 0.655408 +/- 0.00889397 @ 95% credibility (15 tries)
Done in 0.41 min (cpu), 0.41 min (real)
Generate toy 135/250

 -- MarkovChainMC -- 
Limit: r < 0.978309 +/- 0.00522019 @ 95% credibility (15 tries)
Done in 0.37 min (cpu), 0.37 min (real)
Generate toy 136/250

 -- MarkovChainMC -- 
Limit: r < 0.519249 +/- 0.00445988 @ 95% credibility (15 tries)
Done in 0.37 min (cpu), 0.37 min (real)
Generate toy 137/250

 -- MarkovChainMC -- 
Limit: r < 0.919824 +/- 0.00598161 @ 95% credibility (15 tries)
Done in 0.39 min (cpu), 0.40 min (real)
Generate toy 138/250

 -- MarkovChainMC -- 
Limit: r < 0.967505 +/- 0.00651889 @ 95% credibility (15 tries)
Done in 0.39 min (cpu), 0.39 min (real)
Generate toy 139/250

 -- MarkovChainMC -- 
Limit: r < 0.404273 +/- 0.00477589 @ 95% credibility (15 tries)
Done in 0.35 min (cpu), 0.35 min (real)
Generate toy 140/250

 -- MarkovChainMC -- 
Limit: r < 0.389305 +/- 0.00523284 @ 95% credibility (15 tries)
Done in 0.37 min (cpu), 0.37 min (real)
Generate toy 141/250

 -- MarkovChainMC -- 
Limit: r < 0.827496 +/- 0.00702259 @ 95% credibility (15 tries)
Done in 0.37 min (cpu), 0.37 min (real)
Generate toy 142/250

 -- MarkovChainMC -- 
Limit: r < 0.526481 +/- 0.00722732 @ 95% credibility (15 tries)
Done in 0.36 min (cpu), 0.37 min (real)
Generate toy 143/250

 -- MarkovChainMC -- 
Limit: r < 0.943314 +/- 0.00350421 @ 95% credibility (15 tries)
Done in 0.39 min (cpu), 0.39 min (real)
Generate toy 144/250

 -- MarkovChainMC -- 
Limit: r < 0.542883 +/- 0.0061588 @ 95% credibility (15 tries)
Done in 0.35 min (cpu), 0.35 min (real)
Generate toy 145/250

 -- MarkovChainMC -- 
Limit: r < 0.638504 +/- 0.00949897 @ 95% credibility (15 tries)
Done in 0.38 min (cpu), 0.39 min (real)
Generate toy 146/250

 -- MarkovChainMC -- 
Limit: r < 0.501585 +/- 0.00704422 @ 95% credibility (15 tries)
Done in 0.36 min (cpu), 0.37 min (real)
Generate toy 147/250

 -- MarkovChainMC -- 
Limit: r < 0.965663 +/- 0.00816735 @ 95% credibility (15 tries)
Done in 0.39 min (cpu), 0.39 min (real)
Generate toy 148/250

 -- MarkovChainMC -- 
Limit: r < 0.812536 +/- 0.00732464 @ 95% credibility (15 tries)
Done in 0.40 min (cpu), 0.40 min (real)
Generate toy 149/250

 -- MarkovChainMC -- 
Limit: r < 0.749028 +/- 0.00367961 @ 95% credibility (15 tries)
Done in 0.37 min (cpu), 0.37 min (real)
Generate toy 150/250

 -- MarkovChainMC -- 
Limit: r < 1.16111 +/- 0.00932752 @ 95% credibility (15 tries)
Done in 0.37 min (cpu), 0.38 min (real)
Generate toy 151/250

 -- MarkovChainMC -- 
Limit: r < 0.422389 +/- 0.00569632 @ 95% credibility (15 tries)
Done in 0.37 min (cpu), 0.37 min (real)
Generate toy 152/250

 -- MarkovChainMC -- 
Limit: r < 0.44235 +/- 0.00282957 @ 95% credibility (15 tries)
Done in 0.37 min (cpu), 0.38 min (real)
Generate toy 153/250

 -- MarkovChainMC -- 
Limit: r < 0.521301 +/- 0.00676319 @ 95% credibility (15 tries)
Done in 0.35 min (cpu), 0.36 min (real)
Generate toy 154/250

 -- MarkovChainMC -- 
Limit: r < 0.713103 +/- 0.00842175 @ 95% credibility (15 tries)
Done in 0.36 min (cpu), 0.36 min (real)
Generate toy 155/250

 -- MarkovChainMC -- 
Limit: r < 0.746409 +/- 0.00494681 @ 95% credibility (15 tries)
Done in 0.36 min (cpu), 0.36 min (real)
Generate toy 156/250

 -- MarkovChainMC -- 
Limit: r < 0.409027 +/- 0.00307035 @ 95% credibility (15 tries)
Done in 0.34 min (cpu), 0.34 min (real)
Generate toy 157/250

 -- MarkovChainMC -- 
Limit: r < 0.650155 +/- 0.00583521 @ 95% credibility (15 tries)
Done in 0.39 min (cpu), 0.39 min (real)
Generate toy 158/250

 -- MarkovChainMC -- 
Limit: r < 0.730072 +/- 0.00634898 @ 95% credibility (15 tries)
Done in 0.40 min (cpu), 0.40 min (real)
Generate toy 159/250

 -- MarkovChainMC -- 
Limit: r < 0.483948 +/- 0.00878475 @ 95% credibility (15 tries)
Done in 0.35 min (cpu), 0.36 min (real)
Generate toy 160/250

 -- MarkovChainMC -- 
Limit: r < 1.33285 +/- 0.0127367 @ 95% credibility (15 tries)
Done in 0.40 min (cpu), 0.41 min (real)
Generate toy 161/250

 -- MarkovChainMC -- 
Limit: r < 0.870236 +/- 0.00870621 @ 95% credibility (15 tries)
Done in 0.37 min (cpu), 0.38 min (real)
Generate toy 162/250

 -- MarkovChainMC -- 
Limit: r < 0.637916 +/- 0.00427129 @ 95% credibility (15 tries)
Done in 0.38 min (cpu), 0.38 min (real)
Generate toy 163/250

 -- MarkovChainMC -- 
Limit: r < 0.933558 +/- 0.00892134 @ 95% credibility (15 tries)
Done in 0.37 min (cpu), 0.37 min (real)
Generate toy 164/250

 -- MarkovChainMC -- 
Limit: r < 0.730491 +/- 0.00779906 @ 95% credibility (15 tries)
Done in 0.39 min (cpu), 0.39 min (real)
Generate toy 165/250

 -- MarkovChainMC -- 
Limit: r < 0.603233 +/- 0.00508615 @ 95% credibility (15 tries)
Done in 0.38 min (cpu), 0.38 min (real)
Generate toy 166/250

 -- MarkovChainMC -- 
Limit: r < 0.941746 +/- 0.0132775 @ 95% credibility (15 tries)
Done in 0.39 min (cpu), 0.40 min (real)
Generate toy 167/250

 -- MarkovChainMC -- 
Limit: r < 1.29724 +/- 0.0134256 @ 95% credibility (15 tries)
Done in 0.39 min (cpu), 0.40 min (real)
Generate toy 168/250

 -- MarkovChainMC -- 
Limit: r < 0.41218 +/- 0.00627323 @ 95% credibility (15 tries)
Done in 0.34 min (cpu), 0.34 min (real)
Generate toy 169/250

 -- MarkovChainMC -- 
Limit: r < 0.427334 +/- 0.00356823 @ 95% credibility (15 tries)
Done in 0.37 min (cpu), 0.37 min (real)
Generate toy 170/250

 -- MarkovChainMC -- 
Limit: r < 0.56804 +/- 0.00349968 @ 95% credibility (15 tries)
Done in 0.36 min (cpu), 0.37 min (real)
Generate toy 171/250

 -- MarkovChainMC -- 
Limit: r < 0.867245 +/- 0.00807966 @ 95% credibility (15 tries)
Done in 0.41 min (cpu), 0.42 min (real)
Generate toy 172/250

 -- MarkovChainMC -- 
Limit: r < 0.895564 +/- 0.0101635 @ 95% credibility (15 tries)
Done in 0.37 min (cpu), 0.37 min (real)
Generate toy 173/250

 -- MarkovChainMC -- 
Limit: r < 0.66319 +/- 0.00982979 @ 95% credibility (15 tries)
Done in 0.36 min (cpu), 0.37 min (real)
Generate toy 174/250

 -- MarkovChainMC -- 
Limit: r < 0.752576 +/- 0.00773207 @ 95% credibility (15 tries)
Done in 0.40 min (cpu), 0.40 min (real)
Generate toy 175/250

 -- MarkovChainMC -- 
Limit: r < 0.669641 +/- 0.00717344 @ 95% credibility (15 tries)
Done in 0.39 min (cpu), 0.40 min (real)
Generate toy 176/250

 -- MarkovChainMC -- 
Limit: r < 1.03528 +/- 0.00969985 @ 95% credibility (15 tries)
Done in 0.37 min (cpu), 0.38 min (real)
Generate toy 177/250

 -- MarkovChainMC -- 
Limit: r < 0.558891 +/- 0.00865618 @ 95% credibility (15 tries)
Done in 0.36 min (cpu), 0.36 min (real)
Generate toy 178/250

 -- MarkovChainMC -- 
Limit: r < 0.506085 +/- 0.00491965 @ 95% credibility (15 tries)
Done in 0.36 min (cpu), 0.36 min (real)
Generate toy 179/250

 -- MarkovChainMC -- 
Limit: r < 0.818781 +/- 0.00773931 @ 95% credibility (15 tries)
Done in 0.40 min (cpu), 0.41 min (real)
Generate toy 180/250

 -- MarkovChainMC -- 
Limit: r < 0.772175 +/- 0.0103659 @ 95% credibility (15 tries)
Done in 0.39 min (cpu), 0.40 min (real)
Generate toy 181/250

 -- MarkovChainMC -- 
Limit: r < 0.449809 +/- 0.00480877 @ 95% credibility (15 tries)
Done in 0.37 min (cpu), 0.38 min (real)
Generate toy 182/250

 -- MarkovChainMC -- 
Limit: r < 0.853929 +/- 0.00479896 @ 95% credibility (15 tries)
Done in 0.39 min (cpu), 0.39 min (real)
Generate toy 183/250

 -- MarkovChainMC -- 
Limit: r < 0.594755 +/- 0.00860078 @ 95% credibility (15 tries)
Done in 0.35 min (cpu), 0.36 min (real)
Generate toy 184/250

 -- MarkovChainMC -- 
Limit: r < 0.844397 +/- 0.00717237 @ 95% credibility (15 tries)
Done in 0.39 min (cpu), 0.40 min (real)
Generate toy 185/250

 -- MarkovChainMC -- 
Limit: r < 0.847529 +/- 0.00733109 @ 95% credibility (15 tries)
Done in 0.42 min (cpu), 0.43 min (real)
Generate toy 186/250

 -- MarkovChainMC -- 
Limit: r < 0.523052 +/- 0.00384781 @ 95% credibility (15 tries)
Done in 0.39 min (cpu), 0.39 min (real)
Generate toy 187/250

 -- MarkovChainMC -- 
Limit: r < 0.548499 +/- 0.00756115 @ 95% credibility (15 tries)
Done in 0.38 min (cpu), 0.38 min (real)
Generate toy 188/250

 -- MarkovChainMC -- 
Limit: r < 0.647681 +/- 0.010619 @ 95% credibility (15 tries)
Done in 0.39 min (cpu), 0.39 min (real)
Generate toy 189/250

 -- MarkovChainMC -- 
Limit: r < 0.647843 +/- 0.00352642 @ 95% credibility (15 tries)
Done in 0.37 min (cpu), 0.38 min (real)
Generate toy 190/250

 -- MarkovChainMC -- 
Limit: r < 0.526019 +/- 0.00820402 @ 95% credibility (15 tries)
Done in 0.38 min (cpu), 0.38 min (real)
Generate toy 191/250

 -- MarkovChainMC -- 
Limit: r < 1.32374 +/- 0.0101451 @ 95% credibility (15 tries)
Done in 0.40 min (cpu), 0.40 min (real)
Generate toy 192/250

 -- MarkovChainMC -- 
Limit: r < 0.563634 +/- 0.00494328 @ 95% credibility (15 tries)
Done in 0.35 min (cpu), 0.36 min (real)
Generate toy 193/250

 -- MarkovChainMC -- 
Limit: r < 0.705725 +/- 0.00671809 @ 95% credibility (15 tries)
Done in 0.36 min (cpu), 0.37 min (real)
Generate toy 194/250

 -- MarkovChainMC -- 
Limit: r < 0.619761 +/- 0.0044608 @ 95% credibility (15 tries)
Done in 0.39 min (cpu), 0.39 min (real)
Generate toy 195/250

 -- MarkovChainMC -- 
Limit: r < 0.786672 +/- 0.00376565 @ 95% credibility (15 tries)
Done in 0.39 min (cpu), 0.40 min (real)
Generate toy 196/250

 -- MarkovChainMC -- 
Limit: r < 0.428488 +/- 0.00403185 @ 95% credibility (15 tries)
Done in 0.37 min (cpu), 0.38 min (real)
Generate toy 197/250

 -- MarkovChainMC -- 
Limit: r < 0.457463 +/- 0.00773034 @ 95% credibility (15 tries)
Done in 0.38 min (cpu), 0.39 min (real)
Generate toy 198/250

 -- MarkovChainMC -- 
Limit: r < 0.844686 +/- 0.0120755 @ 95% credibility (15 tries)
Done in 0.38 min (cpu), 0.38 min (real)
Generate toy 199/250

 -- MarkovChainMC -- 
Limit: r < 0.471567 +/- 0.0049635 @ 95% credibility (15 tries)
Done in 0.36 min (cpu), 0.36 min (real)
Generate toy 200/250

 -- MarkovChainMC -- 
Limit: r < 0.574716 +/- 0.00549289 @ 95% credibility (15 tries)
Done in 0.36 min (cpu), 0.36 min (real)
Generate toy 201/250

 -- MarkovChainMC -- 
Limit: r < 0.513617 +/- 0.00555359 @ 95% credibility (15 tries)
Done in 0.36 min (cpu), 0.37 min (real)
Generate toy 202/250

 -- MarkovChainMC -- 
Limit: r < 0.710369 +/- 0.0118541 @ 95% credibility (15 tries)
Done in 0.38 min (cpu), 0.38 min (real)
Generate toy 203/250

 -- MarkovChainMC -- 
Limit: r < 1.06459 +/- 0.00782692 @ 95% credibility (15 tries)
Done in 0.41 min (cpu), 0.41 min (real)
Generate toy 204/250

 -- MarkovChainMC -- 
Limit: r < 0.671292 +/- 0.00466896 @ 95% credibility (15 tries)
Done in 0.39 min (cpu), 0.40 min (real)
Generate toy 205/250

 -- MarkovChainMC -- 
Limit: r < 0.350164 +/- 0.00781169 @ 95% credibility (15 tries)
Done in 0.37 min (cpu), 0.37 min (real)
Generate toy 206/250

 -- MarkovChainMC -- 
Limit: r < 0.840834 +/- 0.00477943 @ 95% credibility (15 tries)
Done in 0.40 min (cpu), 0.41 min (real)
Generate toy 207/250

 -- MarkovChainMC -- 
Limit: r < 0.558518 +/- 0.00670161 @ 95% credibility (15 tries)
Done in 0.38 min (cpu), 0.39 min (real)
Generate toy 208/250

 -- MarkovChainMC -- 
Limit: r < 1.11846 +/- 0.0110556 @ 95% credibility (15 tries)
Done in 0.40 min (cpu), 0.41 min (real)
Generate toy 209/250

 -- MarkovChainMC -- 
Limit: r < 1.1063 +/- 0.00800361 @ 95% credibility (15 tries)
Done in 0.40 min (cpu), 0.40 min (real)
Generate toy 210/250

 -- MarkovChainMC -- 
Limit: r < 1.20012 +/- 0.00523024 @ 95% credibility (15 tries)
Done in 0.42 min (cpu), 0.43 min (real)
Generate toy 211/250

 -- MarkovChainMC -- 
Limit: r < 0.900964 +/- 0.00472632 @ 95% credibility (15 tries)
Done in 0.41 min (cpu), 0.41 min (real)
Generate toy 212/250

 -- MarkovChainMC -- 
Limit: r < 0.938937 +/- 0.006829 @ 95% credibility (15 tries)
Done in 0.39 min (cpu), 0.39 min (real)
Generate toy 213/250

 -- MarkovChainMC -- 
Limit: r < 0.661861 +/- 0.00659816 @ 95% credibility (15 tries)
Done in 0.37 min (cpu), 0.37 min (real)
Generate toy 214/250

 -- MarkovChainMC -- 
Limit: r < 0.536213 +/- 0.00504401 @ 95% credibility (15 tries)
Done in 0.40 min (cpu), 0.40 min (real)
Generate toy 215/250

 -- MarkovChainMC -- 
Limit: r < 0.823549 +/- 0.00484353 @ 95% credibility (15 tries)
Done in 0.38 min (cpu), 0.40 min (real)
Generate toy 216/250

 -- MarkovChainMC -- 
Limit: r < 1.10121 +/- 0.015632 @ 95% credibility (15 tries)
Done in 0.39 min (cpu), 0.40 min (real)
Generate toy 217/250

 -- MarkovChainMC -- 
Limit: r < 0.526032 +/- 0.00960836 @ 95% credibility (15 tries)
Done in 0.37 min (cpu), 0.38 min (real)
Generate toy 218/250

 -- MarkovChainMC -- 
Limit: r < 0.387408 +/- 0.00727767 @ 95% credibility (15 tries)
Done in 0.36 min (cpu), 0.36 min (real)
Generate toy 219/250

 -- MarkovChainMC -- 
Limit: r < 0.932016 +/- 0.00616923 @ 95% credibility (15 tries)
Done in 0.38 min (cpu), 0.38 min (real)
Generate toy 220/250

 -- MarkovChainMC -- 
Limit: r < 1.15091 +/- 0.009441 @ 95% credibility (15 tries)
Done in 0.41 min (cpu), 0.41 min (real)
Generate toy 221/250

 -- MarkovChainMC -- 
Limit: r < 0.509736 +/- 0.00642532 @ 95% credibility (15 tries)
Done in 0.37 min (cpu), 0.38 min (real)
Generate toy 222/250

 -- MarkovChainMC -- 
Limit: r < 0.572615 +/- 0.00610137 @ 95% credibility (15 tries)
Done in 0.38 min (cpu), 0.38 min (real)
Generate toy 223/250

 -- MarkovChainMC -- 
Limit: r < 0.780625 +/- 0.00973863 @ 95% credibility (15 tries)
Done in 0.40 min (cpu), 0.40 min (real)
Generate toy 224/250

 -- MarkovChainMC -- 
Limit: r < 0.418398 +/- 0.00241754 @ 95% credibility (15 tries)
Done in 0.36 min (cpu), 0.36 min (real)
Generate toy 225/250

 -- MarkovChainMC -- 
Limit: r < 0.531172 +/- 0.00515129 @ 95% credibility (15 tries)
Done in 0.37 min (cpu), 0.37 min (real)
Generate toy 226/250

 -- MarkovChainMC -- 
Limit: r < 1.36242 +/- 0.00841296 @ 95% credibility (15 tries)
Done in 0.43 min (cpu), 0.43 min (real)
Generate toy 227/250

 -- MarkovChainMC -- 
Limit: r < 0.805585 +/- 0.00444533 @ 95% credibility (15 tries)
Done in 0.40 min (cpu), 0.41 min (real)
Generate toy 228/250

 -- MarkovChainMC -- 
Limit: r < 0.447373 +/- 0.00658176 @ 95% credibility (15 tries)
Done in 0.36 min (cpu), 0.37 min (real)
Generate toy 229/250

 -- MarkovChainMC -- 
Limit: r < 0.695932 +/- 0.00744551 @ 95% credibility (15 tries)
Done in 0.37 min (cpu), 0.37 min (real)
Generate toy 230/250

 -- MarkovChainMC -- 
Limit: r < 0.716718 +/- 0.0078915 @ 95% credibility (15 tries)
Done in 0.35 min (cpu), 0.35 min (real)
Generate toy 231/250

 -- MarkovChainMC -- 
Limit: r < 0.322453 +/- 0.00228637 @ 95% credibility (15 tries)
Done in 0.28 min (cpu), 0.29 min (real)
Generate toy 232/250

 -- MarkovChainMC -- 
Limit: r < 1.10935 +/- 0.00792204 @ 95% credibility (15 tries)
Done in 0.39 min (cpu), 0.39 min (real)
Generate toy 233/250

 -- MarkovChainMC -- 
Limit: r < 0.605043 +/- 0.00899587 @ 95% credibility (15 tries)
Done in 0.33 min (cpu), 0.33 min (real)
Generate toy 234/250

 -- MarkovChainMC -- 
Limit: r < 0.846475 +/- 0.00833549 @ 95% credibility (15 tries)
Done in 0.38 min (cpu), 0.38 min (real)
Generate toy 235/250

 -- MarkovChainMC -- 
Limit: r < 0.975745 +/- 0.0122547 @ 95% credibility (15 tries)
Done in 0.39 min (cpu), 0.40 min (real)
Generate toy 236/250

 -- MarkovChainMC -- 
Limit: r < 0.833135 +/- 0.00615004 @ 95% credibility (15 tries)
Done in 0.36 min (cpu), 0.36 min (real)
Generate toy 237/250

 -- MarkovChainMC -- 
Limit: r < 0.822921 +/- 0.00843261 @ 95% credibility (15 tries)
Done in 0.36 min (cpu), 0.36 min (real)
Generate toy 238/250

 -- MarkovChainMC -- 
Limit: r < 0.401371 +/- 0.00271562 @ 95% credibility (15 tries)
Done in 0.33 min (cpu), 0.33 min (real)
Generate toy 239/250

 -- MarkovChainMC -- 
Limit: r < 0.681457 +/- 0.00631351 @ 95% credibility (15 tries)
Done in 0.37 min (cpu), 0.37 min (real)
Generate toy 240/250

 -- MarkovChainMC -- 
Limit: r < 0.613414 +/- 0.0096778 @ 95% credibility (15 tries)
Done in 0.35 min (cpu), 0.35 min (real)
Generate toy 241/250

 -- MarkovChainMC -- 
Limit: r < 0.4453 +/- 0.00706133 @ 95% credibility (15 tries)
Done in 0.34 min (cpu), 0.35 min (real)
Generate toy 242/250

 -- MarkovChainMC -- 
Limit: r < 0.681951 +/- 0.00834327 @ 95% credibility (15 tries)
Done in 0.36 min (cpu), 0.37 min (real)
Generate toy 243/250

 -- MarkovChainMC -- 
Limit: r < 0.601364 +/- 0.00794387 @ 95% credibility (15 tries)
Done in 0.39 min (cpu), 0.40 min (real)
Generate toy 244/250

 -- MarkovChainMC -- 
Limit: r < 0.511782 +/- 0.00805767 @ 95% credibility (15 tries)
Done in 0.39 min (cpu), 0.39 min (real)
Generate toy 245/250

 -- MarkovChainMC -- 
Limit: r < 0.616449 +/- 0.00615755 @ 95% credibility (15 tries)
Done in 0.37 min (cpu), 0.38 min (real)
Generate toy 246/250

 -- MarkovChainMC -- 
Limit: r < 0.69266 +/- 0.00448386 @ 95% credibility (15 tries)
Done in 0.36 min (cpu), 0.36 min (real)
Generate toy 247/250

 -- MarkovChainMC -- 
Limit: r < 0.712076 +/- 0.00929719 @ 95% credibility (15 tries)
Done in 0.34 min (cpu), 0.35 min (real)
Generate toy 248/250

 -- MarkovChainMC -- 
Limit: r < 0.802574 +/- 0.0111823 @ 95% credibility (15 tries)
Done in 0.36 min (cpu), 0.36 min (real)
Generate toy 249/250

 -- MarkovChainMC -- 
Limit: r < 0.628391 +/- 0.00457773 @ 95% credibility (15 tries)
Done in 0.26 min (cpu), 0.26 min (real)
Generate toy 250/250

 -- MarkovChainMC -- 
Limit: r < 0.751373 +/- 0.0068624 @ 95% credibility (15 tries)
Done in 0.30 min (cpu), 0.30 min (real)
mean   expected limit: r < 0.689081 +/- 0.0144714 @ 95%CL (250 toyMC)
median expected limit: r < 0.650283 @ 95%CL (250 toyMC)
   68% expected band : 0.464726 < r < 0.932016
   95% expected band : 0.387408 < r < 1.29724
