 <<< Combine >>> 
 <<< v10.0.2 >>>
>>> Used OpenSSL to get a truly random seed -44460744
>>> Method used is MarkovChainMC
============================================================
Analyzing bin errors for: prop_binmuon22
Poisson cut-off: 10
Processes excluded for sums: Wprime5000
============================================================
Bin        Contents        Error           Notes                         
0          5489.919659     14.389598       total sum                     
0          5489.009974     14.389572       excluding marked processes    
0          145510.000000   381.457730      Unweighted events, alpha=0.037729
  => Total parameter prop_binmuon22_bin0[0.00,-7.00,7.00] to be Gaussian constrained
------------------------------------------------------------
1          2092.328691     7.507867        total sum                     
1          2091.469679     7.507819        excluding marked processes    
1          77602.000000    278.571355      Unweighted events, alpha=0.026962
  => Total parameter prop_binmuon22_bin1[0.00,-7.00,7.00] to be Gaussian constrained
------------------------------------------------------------
2          926.066205      5.743351        total sum                     
2          925.287269      5.743251        excluding marked processes    
2          25956.000000    161.108659      Unweighted events, alpha=0.035678
  => Total parameter prop_binmuon22_bin2[0.00,-7.00,7.00] to be Gaussian constrained
------------------------------------------------------------
3          463.414446      3.622162        total sum                     
3          462.717279      3.622082        excluding marked processes    
3          16320.000000    127.749755      Unweighted events, alpha=0.028395
  => Total parameter prop_binmuon22_bin3[0.00,-7.00,7.00] to be Gaussian constrained
------------------------------------------------------------
4          240.845384      1.533978        total sum                     
4          240.228093      1.533810        excluding marked processes    
4          24530.000000    156.620561      Unweighted events, alpha=0.009818
  => Total parameter prop_binmuon22_bin4[0.00,-7.00,7.00] to be Gaussian constrained
------------------------------------------------------------
5          139.738263      1.743055        total sum                     
5          139.121722      1.742909        excluding marked processes    
5          6371.000000     79.818544       Unweighted events, alpha=0.021933
  => Total parameter prop_binmuon22_bin5[0.00,-7.00,7.00] to be Gaussian constrained
------------------------------------------------------------
6          133.758645      1.065000        total sum                     
6          132.798509      1.064641        excluding marked processes    
6          15559.000000    124.735721      Unweighted events, alpha=0.008597
  => Total parameter prop_binmuon22_bin6[0.00,-7.00,7.00] to be Gaussian constrained
------------------------------------------------------------
7          52.699043       0.722092        total sum                     
7          51.876344       0.721630        excluding marked processes    
7          5168.000000     71.888803       Unweighted events, alpha=0.010197
  => Total parameter prop_binmuon22_bin7[0.00,-7.00,7.00] to be Gaussian constrained
------------------------------------------------------------
8          30.436159       0.469847        total sum                     
8          29.337675       0.468872        excluding marked processes    
8          3915.000000     62.569961       Unweighted events, alpha=0.007774
  => Total parameter prop_binmuon22_bin8[0.00,-7.00,7.00] to be Gaussian constrained
------------------------------------------------------------
9          10.876815       0.335664        total sum                     
9          9.941359        0.334523        excluding marked processes    
9          883.000000      29.715316       Unweighted events, alpha=0.012318
  => Total parameter prop_binmuon22_bin9[0.00,-7.00,7.00] to be Gaussian constrained
------------------------------------------------------------
10         5.329924        0.110020        total sum                     
10         4.165375        0.105525        excluding marked processes    
10         1558.000000     39.471509       Unweighted events, alpha=0.003421
  => Total parameter prop_binmuon22_bin10[0.00,-7.00,7.00] to be Gaussian constrained
------------------------------------------------------------
11         3.428920        0.221257        total sum                     
11         1.762132        0.218174        excluding marked processes    
11         65.000000       8.062258        Unweighted events, alpha=0.052753
  => Total parameter prop_binmuon22_bin11[0.00,-7.00,7.00] to be Gaussian constrained
------------------------------------------------------------
12         2.126509        0.039120        total sum                     
12         0.276349        0.001778        excluding marked processes    
12         24153.000000    155.412355      Unweighted events, alpha=0.000088
  => Total parameter prop_binmuon22_bin12[0.00,-7.00,7.00] to be Gaussian constrained
------------------------------------------------------------
13         5.474835        0.066867        total sum                     
13         0.085750        0.001214        excluding marked processes    
13         4991.000000     70.647010       Unweighted events, alpha=0.001097
  => Total parameter prop_binmuon22_bin13[0.00,-7.00,7.00] to be Gaussian constrained
------------------------------------------------------------
14         0.982862        0.028430        total sum                     
14         0.007105        0.001511        excluding marked processes    
14         22.000000       4.690416        Unweighted events, alpha=0.044676
  => Total parameter prop_binmuon22_bin14[0.00,-7.00,7.00] to be Gaussian constrained
------------------------------------------------------------
15         0.030132        0.005098        total sum                     
15         0.001078        0.000054        excluding marked processes    
15         404.000000      20.099751       Unweighted events, alpha=0.000075
  => Total parameter prop_binmuon22_bin15[0.00,-7.00,7.00] to be Gaussian constrained
------------------------------------------------------------
============================================================
Analyzing bin errors for: prop_binmuon23
Poisson cut-off: 10
Processes excluded for sums: Wprime5000
============================================================
Bin        Contents        Error           Notes                         
0          4248.613558     16.641883       total sum                     
0          4247.905511     16.641873       excluding marked processes    
0          65155.000000    255.254775      Unweighted events, alpha=0.065208
  => Total parameter prop_binmuon23_bin0[0.00,-7.00,7.00] to be Gaussian constrained
------------------------------------------------------------
1          1622.834713     7.853254        total sum                     
1          1622.176518     7.853234        excluding marked processes    
1          42668.000000    206.562339      Unweighted events, alpha=0.038034
  => Total parameter prop_binmuon23_bin1[0.00,-7.00,7.00] to be Gaussian constrained
------------------------------------------------------------
2          722.567721      4.824361        total sum                     
2          721.973552      4.824330        excluding marked processes    
2          22396.000000    149.652932      Unweighted events, alpha=0.032263
  => Total parameter prop_binmuon23_bin2[0.00,-7.00,7.00] to be Gaussian constrained
------------------------------------------------------------
3          359.545549      3.019128        total sum                     
3          358.994453      3.019084        excluding marked processes    
3          14139.000000    118.907527      Unweighted events, alpha=0.025429
  => Total parameter prop_binmuon23_bin3[0.00,-7.00,7.00] to be Gaussian constrained
------------------------------------------------------------
4          191.717488      3.361133        total sum                     
4          191.228626      3.361097        excluding marked processes    
4          3237.000000     56.894639       Unweighted events, alpha=0.059227
  => Total parameter prop_binmuon23_bin4[0.00,-7.00,7.00] to be Gaussian constrained
------------------------------------------------------------
5          112.846168      1.201482        total sum                     
5          112.398423      1.201388        excluding marked processes    
5          8753.000000     93.557469       Unweighted events, alpha=0.012892
  => Total parameter prop_binmuon23_bin5[0.00,-7.00,7.00] to be Gaussian constrained
------------------------------------------------------------
6          107.625542      1.559196        total sum                     
6          106.801137      1.559062        excluding marked processes    
6          4693.000000     68.505474       Unweighted events, alpha=0.022933
  => Total parameter prop_binmuon23_bin6[0.00,-7.00,7.00] to be Gaussian constrained
------------------------------------------------------------
7          41.843712       0.658207        total sum                     
7          41.104515       0.657922        excluding marked processes    
7          3903.000000     62.473995       Unweighted events, alpha=0.010721
  => Total parameter prop_binmuon23_bin7[0.00,-7.00,7.00] to be Gaussian constrained
------------------------------------------------------------
8          24.309444       0.587421        total sum                     
8          23.449391       0.587056        excluding marked processes    
8          1596.000000     39.949969       Unweighted events, alpha=0.015231
  => Total parameter prop_binmuon23_bin8[0.00,-7.00,7.00] to be Gaussian constrained
------------------------------------------------------------
9          9.099691        0.395033        total sum                     
9          8.355840        0.394559        excluding marked processes    
9          448.000000      21.166010       Unweighted events, alpha=0.020312
  => Total parameter prop_binmuon23_bin9[0.00,-7.00,7.00] to be Gaussian constrained
------------------------------------------------------------
10         4.478183        0.252865        total sum                     
10         3.506378        0.251887        excluding marked processes    
10         194.000000      13.928388       Unweighted events, alpha=0.023083
  => Total parameter prop_binmuon23_bin10[0.00,-7.00,7.00] to be Gaussian constrained
------------------------------------------------------------
11         2.555016        0.347520        total sum                     
11         1.067330        0.346429        excluding marked processes    
11         9.000000        3.000000        Unweighted events, alpha=0.283891
  => Number of weighted events is below Poisson threshold
    Wprime5000           1.487686        0.027518                                      
                         2923.000000     54.064776       Unweighted events, alpha=0.000509
      => Parameter prop_binmuon23_bin11_Wprime5000[0.00,-7.00,7.00] to be Gaussian constrained
  ----------------------------------------------------------
    W_boson              0.796556        0.295954                                      
                         7.000000        2.645751        Unweighted events, alpha=0.113794
      => Product of prop_binmuon23_bin11_W_boson[7.00,0.07,45.79] and const [0.1429] to be Poisson constrained
  ----------------------------------------------------------
    Top                  0.000000        0.000000                                      
      => Error is zero, ignore      
  ----------------------------------------------------------
    Z_boson              0.017927        0.000329                                      
                         2976.000000     54.552727       Unweighted events, alpha=0.000006
      => Parameter prop_binmuon23_bin11_Z_boson[0.00,-7.00,7.00] to be Gaussian constrained
  ----------------------------------------------------------
    DiBoson              0.249416        0.180059                                      
                         2.000000        1.414214        Unweighted events, alpha=0.124708
      => Product of prop_binmuon23_bin11_DiBoson[2.00,0.00,33.79] and const [0.5000] to be Poisson constrained
  ----------------------------------------------------------
    QCD                  0.003431        0.001741                                      
                         4.000000        2.000000        Unweighted events, alpha=0.000858
      => Product of prop_binmuon23_bin11_QCD[4.00,0.00,38.96] and const [0.2500] to be Poisson constrained
  ----------------------------------------------------------
------------------------------------------------------------
12         2.042344        0.290383        total sum                     
12         0.530791        0.289065        excluding marked processes    
12         3.000000        1.732051        Unweighted events, alpha=0.680781
  => Number of weighted events is below Poisson threshold
    Wprime5000           1.511552        0.027629                                      
                         2993.000000     54.708317       Unweighted events, alpha=0.000505
      => Parameter prop_binmuon23_bin12_Wprime5000[0.00,-7.00,7.00] to be Gaussian constrained
  ----------------------------------------------------------
    W_boson              0.216692        0.001181                                      
                         33653.000000    183.447540      Unweighted events, alpha=0.000006
      => Parameter prop_binmuon23_bin12_W_boson[0.00,-7.00,7.00] to be Gaussian constrained
  ----------------------------------------------------------
    Top                  0.000000        0.000000                                      
      => Error is zero, ignore      
  ----------------------------------------------------------
    Z_boson              0.004094        0.000500                                      
                         67.000000       8.185353        Unweighted events, alpha=0.000061
      => Parameter prop_binmuon23_bin12_Z_boson[0.00,-7.00,7.00] to be Gaussian constrained
  ----------------------------------------------------------
    DiBoson              0.288910        0.288561                                      
                         1.000000        1.000000        Unweighted events, alpha=0.288910
      => Product of prop_binmuon23_bin12_DiBoson[1.00,0.00,30.85] and const [1.0000] to be Poisson constrained
  ----------------------------------------------------------
    QCD                  0.021095        0.017013                                      
                         2.000000        1.414214        Unweighted events, alpha=0.010547
      => Product of prop_binmuon23_bin12_QCD[2.00,0.00,33.79] and const [0.5000] to be Poisson constrained
  ----------------------------------------------------------
------------------------------------------------------------
13         4.378947        0.046373        total sum                     
13         0.067145        0.000584        excluding marked processes    
13         13239.000000    115.060853      Unweighted events, alpha=0.000331
  => Total parameter prop_binmuon23_bin13[0.00,-7.00,7.00] to be Gaussian constrained
------------------------------------------------------------
14         0.789390        0.019726        total sum                     
14         0.003967        0.000043        excluding marked processes    
14         8482.000000     92.097774       Unweighted events, alpha=0.000093
  => Total parameter prop_binmuon23_bin14[0.00,-7.00,7.00] to be Gaussian constrained
------------------------------------------------------------
15         0.028566        0.005221        total sum                     
15         0.005625        0.003835        excluding marked processes    
15         2.000000        1.414214        Unweighted events, alpha=0.014283
  => Number of weighted events is below Poisson threshold
    Wprime5000           0.022941        0.003544                                      
                         42.000000       6.480741        Unweighted events, alpha=0.000546
      => Parameter prop_binmuon23_bin15_Wprime5000[0.00,-7.00,7.00] to be Gaussian constrained
  ----------------------------------------------------------
    W_boson              0.000849        0.000021                                      
                         1670.000000     40.865633       Unweighted events, alpha=0.000001
      => Parameter prop_binmuon23_bin15_W_boson[0.00,-7.00,7.00] to be Gaussian constrained
  ----------------------------------------------------------
    Top                  0.000000        0.000000                                      
      => Error is zero, ignore      
  ----------------------------------------------------------
    Z_boson              0.000011        0.000003                                      
                         16.000000       4.000000        Unweighted events, alpha=0.000001
      => Parameter prop_binmuon23_bin15_Z_boson[0.00,-7.00,7.00] to be Gaussian constrained
  ----------------------------------------------------------
    DiBoson              0.000000        0.000000                                      
      => Error is zero, ignore      
  ----------------------------------------------------------
    QCD                  0.004765        0.003834                                      
                         2.000000        1.414214        Unweighted events, alpha=0.002383
      => Product of prop_binmuon23_bin15_QCD[2.00,0.00,33.79] and const [0.5000] to be Poisson constrained
  ----------------------------------------------------------
------------------------------------------------------------
Channel muon22 will use autoMCStats with settings: event-threshold=10, include-signal=0, hist-mode=1
Channel muon23 will use autoMCStats with settings: event-threshold=10, include-signal=0, hist-mode=1
Generate toy 1/250

 -- MarkovChainMC -- 
Limit: r < 0.193695 +/- 0.00335616 @ 95% credibility (15 tries)
Done in 0.28 min (cpu), 0.28 min (real)
Generate toy 2/250

 -- MarkovChainMC -- 
Limit: r < 0.336159 +/- 0.00520312 @ 95% credibility (15 tries)
Done in 0.25 min (cpu), 0.25 min (real)
Generate toy 3/250

 -- MarkovChainMC -- 
Limit: r < 0.37756 +/- 0.00475478 @ 95% credibility (15 tries)
Done in 0.26 min (cpu), 0.26 min (real)
Generate toy 4/250

 -- MarkovChainMC -- 
Limit: r < 0.286563 +/- 0.0062571 @ 95% credibility (15 tries)
Done in 0.25 min (cpu), 0.26 min (real)
Generate toy 5/250

 -- MarkovChainMC -- 
Limit: r < 0.339099 +/- 0.00308213 @ 95% credibility (15 tries)
Done in 0.26 min (cpu), 0.26 min (real)
Generate toy 6/250

 -- MarkovChainMC -- 
Limit: r < 0.24285 +/- 0.00414849 @ 95% credibility (15 tries)
Done in 0.25 min (cpu), 0.25 min (real)
Generate toy 7/250

 -- MarkovChainMC -- 
Limit: r < 0.230516 +/- 0.00457403 @ 95% credibility (15 tries)
Done in 0.29 min (cpu), 0.29 min (real)
Generate toy 8/250

 -- MarkovChainMC -- 
Limit: r < 0.21896 +/- 0.00283746 @ 95% credibility (15 tries)
Done in 0.30 min (cpu), 0.30 min (real)
Generate toy 9/250

 -- MarkovChainMC -- 
Limit: r < 0.286919 +/- 0.00320366 @ 95% credibility (15 tries)
Done in 0.28 min (cpu), 0.28 min (real)
Generate toy 10/250

 -- MarkovChainMC -- 
Limit: r < 0.251485 +/- 0.00222102 @ 95% credibility (15 tries)
Done in 0.26 min (cpu), 0.27 min (real)
Generate toy 11/250

 -- MarkovChainMC -- 
Limit: r < 0.337776 +/- 0.0029567 @ 95% credibility (15 tries)
Done in 0.33 min (cpu), 0.33 min (real)
Generate toy 12/250

 -- MarkovChainMC -- 
Limit: r < 0.364616 +/- 0.00667576 @ 95% credibility (15 tries)
Done in 0.25 min (cpu), 0.25 min (real)
Generate toy 13/250

 -- MarkovChainMC -- 
Limit: r < 0.3282 +/- 0.00813523 @ 95% credibility (15 tries)
Done in 0.26 min (cpu), 0.26 min (real)
Generate toy 14/250

 -- MarkovChainMC -- 
Limit: r < 0.251904 +/- 0.00397004 @ 95% credibility (15 tries)
Done in 0.25 min (cpu), 0.25 min (real)
Generate toy 15/250

 -- MarkovChainMC -- 
Limit: r < 0.183637 +/- 0.0024122 @ 95% credibility (15 tries)
Done in 0.25 min (cpu), 0.25 min (real)
Generate toy 16/250

 -- MarkovChainMC -- 
Limit: r < 0.212171 +/- 0.00392088 @ 95% credibility (15 tries)
Done in 0.24 min (cpu), 0.24 min (real)
Generate toy 17/250

 -- MarkovChainMC -- 
Limit: r < 0.200138 +/- 0.00530024 @ 95% credibility (15 tries)
Done in 0.24 min (cpu), 0.24 min (real)
Generate toy 18/250

 -- MarkovChainMC -- 
Limit: r < 0.24268 +/- 0.00477719 @ 95% credibility (15 tries)
Done in 0.31 min (cpu), 0.32 min (real)
Generate toy 19/250

 -- MarkovChainMC -- 
Limit: r < 0.186356 +/- 0.00396521 @ 95% credibility (15 tries)
Done in 0.34 min (cpu), 0.35 min (real)
Generate toy 20/250

 -- MarkovChainMC -- 
Limit: r < 0.227376 +/- 0.00637365 @ 95% credibility (15 tries)
Done in 0.31 min (cpu), 0.32 min (real)
Generate toy 21/250

 -- MarkovChainMC -- 
Limit: r < 0.376223 +/- 0.00371974 @ 95% credibility (15 tries)
Done in 0.24 min (cpu), 0.25 min (real)
Generate toy 22/250

 -- MarkovChainMC -- 
Limit: r < 0.220885 +/- 0.00263534 @ 95% credibility (15 tries)
Done in 0.23 min (cpu), 0.24 min (real)
Generate toy 23/250

 -- MarkovChainMC -- 
Limit: r < 0.260562 +/- 0.00481927 @ 95% credibility (15 tries)
Done in 0.25 min (cpu), 0.25 min (real)
Generate toy 24/250

 -- MarkovChainMC -- 
Limit: r < 0.209747 +/- 0.00378434 @ 95% credibility (15 tries)
Done in 0.34 min (cpu), 0.34 min (real)
Generate toy 25/250

 -- MarkovChainMC -- 
Limit: r < 0.398757 +/- 0.00538023 @ 95% credibility (15 tries)
Done in 0.39 min (cpu), 0.40 min (real)
Generate toy 26/250

 -- MarkovChainMC -- 
Limit: r < 0.272433 +/- 0.00433672 @ 95% credibility (15 tries)
Done in 0.31 min (cpu), 0.31 min (real)
Generate toy 27/250

 -- MarkovChainMC -- 
Limit: r < 0.230046 +/- 0.00450559 @ 95% credibility (15 tries)
Done in 0.24 min (cpu), 0.24 min (real)
Generate toy 28/250

 -- MarkovChainMC -- 
Limit: r < 0.180622 +/- 0.00364643 @ 95% credibility (15 tries)
Done in 0.24 min (cpu), 0.24 min (real)
Generate toy 29/250

 -- MarkovChainMC -- 
Limit: r < 0.287283 +/- 0.00418147 @ 95% credibility (15 tries)
Done in 0.32 min (cpu), 0.33 min (real)
Generate toy 30/250

 -- MarkovChainMC -- 
Limit: r < 0.198582 +/- 0.00199693 @ 95% credibility (15 tries)
Done in 0.26 min (cpu), 0.26 min (real)
Generate toy 31/250

 -- MarkovChainMC -- 
Limit: r < 0.227806 +/- 0.00360447 @ 95% credibility (15 tries)
Done in 0.29 min (cpu), 0.29 min (real)
Generate toy 32/250

 -- MarkovChainMC -- 
Limit: r < 0.243292 +/- 0.00261371 @ 95% credibility (15 tries)
Done in 0.24 min (cpu), 0.24 min (real)
Generate toy 33/250

 -- MarkovChainMC -- 
Limit: r < 0.32783 +/- 0.00615948 @ 95% credibility (15 tries)
Done in 0.36 min (cpu), 0.36 min (real)
Generate toy 34/250

 -- MarkovChainMC -- 
Limit: r < 0.181017 +/- 0.00225222 @ 95% credibility (15 tries)
Done in 0.36 min (cpu), 0.36 min (real)
Generate toy 35/250

 -- MarkovChainMC -- 
Limit: r < 0.230015 +/- 0.00238611 @ 95% credibility (15 tries)
Done in 0.30 min (cpu), 0.31 min (real)
Generate toy 36/250

 -- MarkovChainMC -- 
Limit: r < 0.222262 +/- 0.00361572 @ 95% credibility (15 tries)
Done in 0.26 min (cpu), 0.26 min (real)
Generate toy 37/250

 -- MarkovChainMC -- 
Limit: r < 0.310016 +/- 0.00334318 @ 95% credibility (15 tries)
Done in 0.31 min (cpu), 0.31 min (real)
Generate toy 38/250

 -- MarkovChainMC -- 
Limit: r < 0.202801 +/- 0.00288627 @ 95% credibility (15 tries)
Done in 0.34 min (cpu), 0.34 min (real)
Generate toy 39/250

 -- MarkovChainMC -- 
Limit: r < 0.287043 +/- 0.00598134 @ 95% credibility (15 tries)
Done in 0.31 min (cpu), 0.32 min (real)
Generate toy 40/250

 -- MarkovChainMC -- 
Limit: r < 0.307173 +/- 0.00294043 @ 95% credibility (15 tries)
Done in 0.31 min (cpu), 0.32 min (real)
Generate toy 41/250

 -- MarkovChainMC -- 
Limit: r < 0.253448 +/- 0.00494809 @ 95% credibility (15 tries)
Done in 0.26 min (cpu), 0.26 min (real)
Generate toy 42/250

 -- MarkovChainMC -- 
Limit: r < 0.36997 +/- 0.00671176 @ 95% credibility (15 tries)
Done in 0.25 min (cpu), 0.25 min (real)
Generate toy 43/250

 -- MarkovChainMC -- 
Limit: r < 0.238241 +/- 0.00325336 @ 95% credibility (15 tries)
Done in 0.24 min (cpu), 0.24 min (real)
Generate toy 44/250

 -- MarkovChainMC -- 
Limit: r < 0.45263 +/- 0.00435424 @ 95% credibility (15 tries)
Done in 0.35 min (cpu), 0.35 min (real)
Generate toy 45/250

 -- MarkovChainMC -- 
Limit: r < 0.396807 +/- 0.00334492 @ 95% credibility (15 tries)
Done in 0.40 min (cpu), 0.40 min (real)
Generate toy 46/250

 -- MarkovChainMC -- 
Limit: r < 0.192015 +/- 0.00144993 @ 95% credibility (15 tries)
Done in 0.32 min (cpu), 0.32 min (real)
Generate toy 47/250

 -- MarkovChainMC -- 
Limit: r < 0.194297 +/- 0.00228479 @ 95% credibility (15 tries)
Done in 0.34 min (cpu), 0.34 min (real)
Generate toy 48/250

 -- MarkovChainMC -- 
Limit: r < 0.185704 +/- 0.00482912 @ 95% credibility (15 tries)
Done in 0.24 min (cpu), 0.24 min (real)
Generate toy 49/250

 -- MarkovChainMC -- 
Limit: r < 0.264149 +/- 0.0037987 @ 95% credibility (15 tries)
Done in 0.31 min (cpu), 0.32 min (real)
Generate toy 50/250

 -- MarkovChainMC -- 
Limit: r < 0.231801 +/- 0.00392099 @ 95% credibility (15 tries)
Done in 0.34 min (cpu), 0.34 min (real)
Generate toy 51/250

 -- MarkovChainMC -- 
Limit: r < 0.307905 +/- 0.00369643 @ 95% credibility (15 tries)
Done in 0.31 min (cpu), 0.31 min (real)
Generate toy 52/250

 -- MarkovChainMC -- 
Limit: r < 0.255578 +/- 0.00508302 @ 95% credibility (15 tries)
Done in 0.24 min (cpu), 0.24 min (real)
Generate toy 53/250

 -- MarkovChainMC -- 
Limit: r < 0.194038 +/- 0.0040732 @ 95% credibility (15 tries)
Done in 0.31 min (cpu), 0.31 min (real)
Generate toy 54/250

 -- MarkovChainMC -- 
Limit: r < 0.375669 +/- 0.00494671 @ 95% credibility (15 tries)
Done in 0.24 min (cpu), 0.25 min (real)
Generate toy 55/250

 -- MarkovChainMC -- 
Limit: r < 0.23396 +/- 0.00243604 @ 95% credibility (15 tries)
Done in 0.26 min (cpu), 0.26 min (real)
Generate toy 56/250

 -- MarkovChainMC -- 
Limit: r < 0.237313 +/- 0.00233191 @ 95% credibility (15 tries)
Done in 0.23 min (cpu), 0.24 min (real)
Generate toy 57/250

 -- MarkovChainMC -- 
Limit: r < 0.196003 +/- 0.00272523 @ 95% credibility (15 tries)
Done in 0.31 min (cpu), 0.32 min (real)
Generate toy 58/250

 -- MarkovChainMC -- 
Limit: r < 0.203283 +/- 0.00187435 @ 95% credibility (15 tries)
Done in 0.24 min (cpu), 0.24 min (real)
Generate toy 59/250

 -- MarkovChainMC -- 
Limit: r < 0.255761 +/- 0.00492533 @ 95% credibility (15 tries)
Done in 0.37 min (cpu), 0.37 min (real)
Generate toy 60/250

 -- MarkovChainMC -- 
Limit: r < 0.263876 +/- 0.00282722 @ 95% credibility (15 tries)
Done in 0.32 min (cpu), 0.32 min (real)
Generate toy 61/250

 -- MarkovChainMC -- 
Limit: r < 0.287282 +/- 0.00589743 @ 95% credibility (15 tries)
Done in 0.24 min (cpu), 0.24 min (real)
Generate toy 62/250

 -- MarkovChainMC -- 
Limit: r < 0.249501 +/- 0.00163908 @ 95% credibility (15 tries)
Done in 0.31 min (cpu), 0.31 min (real)
Generate toy 63/250

 -- MarkovChainMC -- 
Limit: r < 0.23627 +/- 0.00402131 @ 95% credibility (15 tries)
Done in 0.28 min (cpu), 0.28 min (real)
Generate toy 64/250

 -- MarkovChainMC -- 
Limit: r < 0.431926 +/- 0.00377927 @ 95% credibility (15 tries)
Done in 0.40 min (cpu), 0.41 min (real)
Generate toy 65/250

 -- MarkovChainMC -- 
Limit: r < 0.283972 +/- 0.00441233 @ 95% credibility (15 tries)
Done in 0.31 min (cpu), 0.32 min (real)
Generate toy 66/250

 -- MarkovChainMC -- 
Limit: r < 0.284832 +/- 0.00480725 @ 95% credibility (15 tries)
Done in 0.27 min (cpu), 0.28 min (real)
Generate toy 67/250

 -- MarkovChainMC -- 
Limit: r < 0.188649 +/- 0.00310441 @ 95% credibility (15 tries)
Done in 0.27 min (cpu), 0.27 min (real)
Generate toy 68/250

 -- MarkovChainMC -- 
Limit: r < 0.224308 +/- 0.00291636 @ 95% credibility (15 tries)
Done in 0.29 min (cpu), 0.29 min (real)
Generate toy 69/250

 -- MarkovChainMC -- 
Limit: r < 0.20619 +/- 0.00357656 @ 95% credibility (15 tries)
Done in 0.30 min (cpu), 0.30 min (real)
Generate toy 70/250

 -- MarkovChainMC -- 
Limit: r < 0.250474 +/- 0.00500568 @ 95% credibility (15 tries)
Done in 0.37 min (cpu), 0.37 min (real)
Generate toy 71/250

 -- MarkovChainMC -- 
Limit: r < 0.343536 +/- 0.00417709 @ 95% credibility (15 tries)
Done in 0.29 min (cpu), 0.29 min (real)
Generate toy 72/250

 -- MarkovChainMC -- 
Limit: r < 0.195775 +/- 0.00381355 @ 95% credibility (15 tries)
Done in 0.24 min (cpu), 0.24 min (real)
Generate toy 73/250

 -- MarkovChainMC -- 
Limit: r < 0.222926 +/- 0.00377453 @ 95% credibility (15 tries)
Done in 0.26 min (cpu), 0.26 min (real)
Generate toy 74/250

 -- MarkovChainMC -- 
Limit: r < 0.281571 +/- 0.00714911 @ 95% credibility (15 tries)
Done in 0.25 min (cpu), 0.25 min (real)
Generate toy 75/250

 -- MarkovChainMC -- 
Limit: r < 0.194785 +/- 0.00305146 @ 95% credibility (15 tries)
Done in 0.27 min (cpu), 0.27 min (real)
Generate toy 76/250

 -- MarkovChainMC -- 
Limit: r < 0.363496 +/- 0.00204177 @ 95% credibility (15 tries)
Done in 0.26 min (cpu), 0.26 min (real)
Generate toy 77/250

 -- MarkovChainMC -- 
Limit: r < 0.244993 +/- 0.0050648 @ 95% credibility (15 tries)
Done in 0.30 min (cpu), 0.30 min (real)
Generate toy 78/250

 -- MarkovChainMC -- 
Limit: r < 0.384106 +/- 0.00505474 @ 95% credibility (15 tries)
Done in 0.26 min (cpu), 0.26 min (real)
Generate toy 79/250

 -- MarkovChainMC -- 
Limit: r < 0.352457 +/- 0.00259873 @ 95% credibility (15 tries)
Done in 0.31 min (cpu), 0.31 min (real)
Generate toy 80/250

 -- MarkovChainMC -- 
Limit: r < 0.221679 +/- 0.00356901 @ 95% credibility (15 tries)
Done in 0.35 min (cpu), 0.35 min (real)
Generate toy 81/250

 -- MarkovChainMC -- 
Limit: r < 0.568809 +/- 0.00450414 @ 95% credibility (15 tries)
Done in 0.29 min (cpu), 0.30 min (real)
Generate toy 82/250

 -- MarkovChainMC -- 
Limit: r < 0.226691 +/- 0.00371557 @ 95% credibility (15 tries)
Done in 0.28 min (cpu), 0.28 min (real)
Generate toy 83/250

 -- MarkovChainMC -- 
Limit: r < 0.325041 +/- 0.00474196 @ 95% credibility (15 tries)
Done in 0.32 min (cpu), 0.32 min (real)
Generate toy 84/250

 -- MarkovChainMC -- 
Limit: r < 0.253821 +/- 0.00433672 @ 95% credibility (15 tries)
Done in 0.38 min (cpu), 0.38 min (real)
Generate toy 85/250

 -- MarkovChainMC -- 
Limit: r < 0.367338 +/- 0.00710004 @ 95% credibility (15 tries)
Done in 0.36 min (cpu), 0.36 min (real)
Generate toy 86/250

 -- MarkovChainMC -- 
Limit: r < 0.435632 +/- 0.00563351 @ 95% credibility (15 tries)
Done in 0.26 min (cpu), 0.27 min (real)
Generate toy 87/250

 -- MarkovChainMC -- 
Limit: r < 0.211587 +/- 0.00339489 @ 95% credibility (15 tries)
Done in 0.32 min (cpu), 0.33 min (real)
Generate toy 88/250

 -- MarkovChainMC -- 
Limit: r < 0.262879 +/- 0.00377701 @ 95% credibility (15 tries)
Done in 0.25 min (cpu), 0.25 min (real)
Generate toy 89/250

 -- MarkovChainMC -- 
Limit: r < 0.340484 +/- 0.00315169 @ 95% credibility (15 tries)
Done in 0.27 min (cpu), 0.27 min (real)
Generate toy 90/250

 -- MarkovChainMC -- 
Limit: r < 0.292697 +/- 0.00293537 @ 95% credibility (15 tries)
Done in 0.27 min (cpu), 0.27 min (real)
Generate toy 91/250

 -- MarkovChainMC -- 
Limit: r < 0.354035 +/- 0.0040273 @ 95% credibility (15 tries)
Done in 0.29 min (cpu), 0.29 min (real)
Generate toy 92/250

 -- MarkovChainMC -- 
Limit: r < 0.228276 +/- 0.00201955 @ 95% credibility (15 tries)
Done in 0.28 min (cpu), 0.28 min (real)
Generate toy 93/250

 -- MarkovChainMC -- 
Limit: r < 0.20827 +/- 0.00363984 @ 95% credibility (15 tries)
Done in 0.26 min (cpu), 0.26 min (real)
Generate toy 94/250

 -- MarkovChainMC -- 
Limit: r < 0.343127 +/- 0.0052823 @ 95% credibility (15 tries)
Done in 0.35 min (cpu), 0.35 min (real)
Generate toy 95/250

 -- MarkovChainMC -- 
Limit: r < 0.263423 +/- 0.00499213 @ 95% credibility (15 tries)
Done in 0.28 min (cpu), 0.29 min (real)
Generate toy 96/250

 -- MarkovChainMC -- 
Limit: r < 0.264769 +/- 0.00418104 @ 95% credibility (15 tries)
Done in 0.24 min (cpu), 0.24 min (real)
Generate toy 97/250

 -- MarkovChainMC -- 
Limit: r < 0.289628 +/- 0.00183409 @ 95% credibility (15 tries)
Done in 0.35 min (cpu), 0.36 min (real)
Generate toy 98/250

 -- MarkovChainMC -- 
Limit: r < 0.21442 +/- 0.00524448 @ 95% credibility (15 tries)
Done in 0.32 min (cpu), 0.32 min (real)
Generate toy 99/250

 -- MarkovChainMC -- 
Limit: r < 0.370114 +/- 0.00332375 @ 95% credibility (15 tries)
Done in 0.39 min (cpu), 0.39 min (real)
Generate toy 100/250

 -- MarkovChainMC -- 
Limit: r < 0.321247 +/- 0.00533443 @ 95% credibility (15 tries)
Done in 0.42 min (cpu), 0.43 min (real)
Generate toy 101/250

 -- MarkovChainMC -- 
Limit: r < 0.229093 +/- 0.00513595 @ 95% credibility (15 tries)
Done in 0.26 min (cpu), 0.27 min (real)
Generate toy 102/250

 -- MarkovChainMC -- 
Limit: r < 0.218971 +/- 0.00188432 @ 95% credibility (15 tries)
Done in 0.34 min (cpu), 0.35 min (real)
Generate toy 103/250

 -- MarkovChainMC -- 
Limit: r < 0.336839 +/- 0.00512656 @ 95% credibility (15 tries)
Done in 0.25 min (cpu), 0.25 min (real)
Generate toy 104/250

 -- MarkovChainMC -- 
Limit: r < 0.354003 +/- 0.00386252 @ 95% credibility (15 tries)
Done in 0.24 min (cpu), 0.24 min (real)
Generate toy 105/250

 -- MarkovChainMC -- 
Limit: r < 0.19425 +/- 0.00270426 @ 95% credibility (15 tries)
Done in 0.23 min (cpu), 0.23 min (real)
Generate toy 106/250

 -- MarkovChainMC -- 
Limit: r < 0.177477 +/- 0.00363001 @ 95% credibility (15 tries)
Done in 0.28 min (cpu), 0.29 min (real)
Generate toy 107/250

 -- MarkovChainMC -- 
Limit: r < 0.177401 +/- 0.00324651 @ 95% credibility (15 tries)
Done in 0.30 min (cpu), 0.30 min (real)
Generate toy 108/250

 -- MarkovChainMC -- 
Limit: r < 0.266878 +/- 0.00502525 @ 95% credibility (15 tries)
Done in 0.25 min (cpu), 0.25 min (real)
Generate toy 109/250

 -- MarkovChainMC -- 
Limit: r < 0.203825 +/- 0.00392436 @ 95% credibility (15 tries)
Done in 0.26 min (cpu), 0.27 min (real)
Generate toy 110/250

 -- MarkovChainMC -- 
Limit: r < 0.229362 +/- 0.00435912 @ 95% credibility (15 tries)
Done in 0.26 min (cpu), 0.27 min (real)
Generate toy 111/250

 -- MarkovChainMC -- 
Limit: r < 0.211505 +/- 0.00438321 @ 95% credibility (15 tries)
Done in 0.24 min (cpu), 0.24 min (real)
Generate toy 112/250

 -- MarkovChainMC -- 
Limit: r < 0.214303 +/- 0.00148584 @ 95% credibility (15 tries)
Done in 0.23 min (cpu), 0.23 min (real)
Generate toy 113/250

 -- MarkovChainMC -- 
Limit: r < 0.258501 +/- 0.00274319 @ 95% credibility (15 tries)
Done in 0.28 min (cpu), 0.29 min (real)
Generate toy 114/250

 -- MarkovChainMC -- 
Limit: r < 0.203439 +/- 0.00289753 @ 95% credibility (15 tries)
Done in 0.25 min (cpu), 0.25 min (real)
Generate toy 115/250

 -- MarkovChainMC -- 
Limit: r < 0.213782 +/- 0.00425968 @ 95% credibility (15 tries)
Done in 0.23 min (cpu), 0.23 min (real)
Generate toy 116/250

 -- MarkovChainMC -- 
Limit: r < 0.215816 +/- 0.00400945 @ 95% credibility (15 tries)
Done in 0.23 min (cpu), 0.24 min (real)
Generate toy 117/250

 -- MarkovChainMC -- 
Limit: r < 0.364444 +/- 0.00395596 @ 95% credibility (15 tries)
Done in 0.33 min (cpu), 0.33 min (real)
Generate toy 118/250

 -- MarkovChainMC -- 
Limit: r < 0.233527 +/- 0.00360437 @ 95% credibility (15 tries)
Done in 0.27 min (cpu), 0.27 min (real)
Generate toy 119/250

 -- MarkovChainMC -- 
Limit: r < 0.225315 +/- 0.00369716 @ 95% credibility (15 tries)
Done in 0.35 min (cpu), 0.35 min (real)
Generate toy 120/250

 -- MarkovChainMC -- 
Limit: r < 0.189061 +/- 0.00279822 @ 95% credibility (15 tries)
Done in 0.27 min (cpu), 0.28 min (real)
Generate toy 121/250

 -- MarkovChainMC -- 
Limit: r < 0.24045 +/- 0.00462247 @ 95% credibility (15 tries)
Done in 0.35 min (cpu), 0.35 min (real)
Generate toy 122/250

 -- MarkovChainMC -- 
Limit: r < 0.291079 +/- 0.00652004 @ 95% credibility (15 tries)
Done in 0.35 min (cpu), 0.35 min (real)
Generate toy 123/250

 -- MarkovChainMC -- 
Limit: r < 0.24914 +/- 0.00362131 @ 95% credibility (15 tries)
Done in 0.33 min (cpu), 0.33 min (real)
Generate toy 124/250

 -- MarkovChainMC -- 
Limit: r < 0.260371 +/- 0.0041858 @ 95% credibility (15 tries)
Done in 0.33 min (cpu), 0.33 min (real)
Generate toy 125/250

 -- MarkovChainMC -- 
Limit: r < 0.251524 +/- 0.00416004 @ 95% credibility (15 tries)
Done in 0.29 min (cpu), 0.29 min (real)
Generate toy 126/250

 -- MarkovChainMC -- 
Limit: r < 0.359044 +/- 0.00730774 @ 95% credibility (15 tries)
Done in 0.26 min (cpu), 0.26 min (real)
Generate toy 127/250

 -- MarkovChainMC -- 
Limit: r < 0.201596 +/- 0.0036836 @ 95% credibility (15 tries)
Done in 0.37 min (cpu), 0.38 min (real)
Generate toy 128/250

 -- MarkovChainMC -- 
Limit: r < 0.194943 +/- 0.00423467 @ 95% credibility (15 tries)
Done in 0.32 min (cpu), 0.33 min (real)
Generate toy 129/250

 -- MarkovChainMC -- 
Limit: r < 0.252873 +/- 0.00287628 @ 95% credibility (15 tries)
Done in 0.30 min (cpu), 0.30 min (real)
Generate toy 130/250

 -- MarkovChainMC -- 
Limit: r < 0.243577 +/- 0.004464 @ 95% credibility (15 tries)
Done in 0.25 min (cpu), 0.25 min (real)
Generate toy 131/250

 -- MarkovChainMC -- 
Limit: r < 0.238122 +/- 0.00221632 @ 95% credibility (15 tries)
Done in 0.31 min (cpu), 0.32 min (real)
Generate toy 132/250

 -- MarkovChainMC -- 
Limit: r < 0.313952 +/- 0.00492057 @ 95% credibility (15 tries)
Done in 0.30 min (cpu), 0.30 min (real)
Generate toy 133/250

 -- MarkovChainMC -- 
Limit: r < 0.25185 +/- 0.00388571 @ 95% credibility (15 tries)
Done in 0.32 min (cpu), 0.32 min (real)
Generate toy 134/250

 -- MarkovChainMC -- 
Limit: r < 0.221937 +/- 0.00260698 @ 95% credibility (15 tries)
Done in 0.25 min (cpu), 0.25 min (real)
Generate toy 135/250

 -- MarkovChainMC -- 
Limit: r < 0.25721 +/- 0.00449885 @ 95% credibility (15 tries)
Done in 0.24 min (cpu), 0.24 min (real)
Generate toy 136/250

 -- MarkovChainMC -- 
Limit: r < 0.312816 +/- 0.00461763 @ 95% credibility (15 tries)
Done in 0.26 min (cpu), 0.26 min (real)
Generate toy 137/250

 -- MarkovChainMC -- 
Limit: r < 0.248943 +/- 0.00476205 @ 95% credibility (15 tries)
Done in 0.26 min (cpu), 0.26 min (real)
Generate toy 138/250

 -- MarkovChainMC -- 
Limit: r < 0.304869 +/- 0.00298721 @ 95% credibility (15 tries)
Done in 0.27 min (cpu), 0.27 min (real)
Generate toy 139/250

 -- MarkovChainMC -- 
Limit: r < 0.340981 +/- 0.00904974 @ 95% credibility (15 tries)
Done in 0.30 min (cpu), 0.30 min (real)
Generate toy 140/250

 -- MarkovChainMC -- 
Limit: r < 0.26937 +/- 0.00427263 @ 95% credibility (15 tries)
Done in 0.29 min (cpu), 0.29 min (real)
Generate toy 141/250

 -- MarkovChainMC -- 
Limit: r < 0.281288 +/- 0.00299126 @ 95% credibility (15 tries)
Done in 0.30 min (cpu), 0.30 min (real)
Generate toy 142/250

 -- MarkovChainMC -- 
Limit: r < 0.25073 +/- 0.00391841 @ 95% credibility (15 tries)
Done in 0.29 min (cpu), 0.29 min (real)
Generate toy 143/250

 -- MarkovChainMC -- 
Limit: r < 0.294925 +/- 0.00318564 @ 95% credibility (15 tries)
Done in 0.39 min (cpu), 0.39 min (real)
Generate toy 144/250

 -- MarkovChainMC -- 
Limit: r < 0.293966 +/- 0.00334454 @ 95% credibility (15 tries)
Done in 0.30 min (cpu), 0.30 min (real)
Generate toy 145/250

 -- MarkovChainMC -- 
Limit: r < 0.234533 +/- 0.00195567 @ 95% credibility (15 tries)
Done in 0.31 min (cpu), 0.31 min (real)
Generate toy 146/250

 -- MarkovChainMC -- 
Limit: r < 0.206409 +/- 0.00317759 @ 95% credibility (15 tries)
Done in 0.24 min (cpu), 0.24 min (real)
Generate toy 147/250

 -- MarkovChainMC -- 
Limit: r < 0.643265 +/- 0.00669376 @ 95% credibility (15 tries)
Done in 0.31 min (cpu), 0.32 min (real)
Generate toy 148/250

 -- MarkovChainMC -- 
Limit: r < 0.285973 +/- 0.00507169 @ 95% credibility (15 tries)
Done in 0.25 min (cpu), 0.25 min (real)
Generate toy 149/250

 -- MarkovChainMC -- 
Limit: r < 0.252815 +/- 0.00334983 @ 95% credibility (15 tries)
Done in 0.24 min (cpu), 0.24 min (real)
Generate toy 150/250

 -- MarkovChainMC -- 
Limit: r < 0.292629 +/- 0.00231375 @ 95% credibility (15 tries)
Done in 0.26 min (cpu), 0.26 min (real)
Generate toy 151/250

 -- MarkovChainMC -- 
Limit: r < 0.25199 +/- 0.0035291 @ 95% credibility (15 tries)
Done in 0.28 min (cpu), 0.28 min (real)
Generate toy 152/250

 -- MarkovChainMC -- 
Limit: r < 0.237504 +/- 0.00236479 @ 95% credibility (15 tries)
Done in 0.32 min (cpu), 0.33 min (real)
Generate toy 153/250

 -- MarkovChainMC -- 
Limit: r < 0.26951 +/- 0.00478782 @ 95% credibility (15 tries)
Done in 0.33 min (cpu), 0.33 min (real)
Generate toy 154/250

 -- MarkovChainMC -- 
Limit: r < 0.273777 +/- 0.00254976 @ 95% credibility (15 tries)
Done in 0.33 min (cpu), 0.33 min (real)
Generate toy 155/250

 -- MarkovChainMC -- 
Limit: r < 0.271885 +/- 0.00557404 @ 95% credibility (15 tries)
Done in 0.33 min (cpu), 0.33 min (real)
Generate toy 156/250

 -- MarkovChainMC -- 
Limit: r < 0.197382 +/- 0.00221201 @ 95% credibility (15 tries)
Done in 0.35 min (cpu), 0.35 min (real)
Generate toy 157/250

 -- MarkovChainMC -- 
Limit: r < 0.202156 +/- 0.00234708 @ 95% credibility (15 tries)
Done in 0.30 min (cpu), 0.30 min (real)
Generate toy 158/250

 -- MarkovChainMC -- 
Limit: r < 0.306125 +/- 0.00469582 @ 95% credibility (15 tries)
Done in 0.30 min (cpu), 0.30 min (real)
Generate toy 159/250

 -- MarkovChainMC -- 
Limit: r < 0.394321 +/- 0.00526101 @ 95% credibility (15 tries)
Done in 0.28 min (cpu), 0.28 min (real)
Generate toy 160/250

 -- MarkovChainMC -- 
Limit: r < 0.387564 +/- 0.00432786 @ 95% credibility (15 tries)
Done in 0.35 min (cpu), 0.35 min (real)
Generate toy 161/250

 -- MarkovChainMC -- 
Limit: r < 0.35499 +/- 0.00328027 @ 95% credibility (15 tries)
Done in 0.34 min (cpu), 0.35 min (real)
Generate toy 162/250

 -- MarkovChainMC -- 
Limit: r < 0.25326 +/- 0.00494167 @ 95% credibility (15 tries)
Done in 0.35 min (cpu), 0.35 min (real)
Generate toy 163/250

 -- MarkovChainMC -- 
Limit: r < 0.378904 +/- 0.00772417 @ 95% credibility (15 tries)
Done in 0.32 min (cpu), 0.32 min (real)
Generate toy 164/250

 -- MarkovChainMC -- 
Limit: r < 0.353 +/- 0.00480582 @ 95% credibility (15 tries)
Done in 0.24 min (cpu), 0.24 min (real)
Generate toy 165/250

 -- MarkovChainMC -- 
Limit: r < 0.188373 +/- 0.0028844 @ 95% credibility (15 tries)
Done in 0.25 min (cpu), 0.25 min (real)
Generate toy 166/250

 -- MarkovChainMC -- 
Limit: r < 0.261338 +/- 0.00118284 @ 95% credibility (15 tries)
Done in 0.31 min (cpu), 0.31 min (real)
Generate toy 167/250

 -- MarkovChainMC -- 
Limit: r < 0.186824 +/- 0.0026397 @ 95% credibility (15 tries)
Done in 0.25 min (cpu), 0.25 min (real)
Generate toy 168/250

 -- MarkovChainMC -- 
Limit: r < 0.400823 +/- 0.0056291 @ 95% credibility (15 tries)
Done in 0.27 min (cpu), 0.27 min (real)
Generate toy 169/250

 -- MarkovChainMC -- 
Limit: r < 0.309638 +/- 0.00318627 @ 95% credibility (15 tries)
Done in 0.29 min (cpu), 0.29 min (real)
Generate toy 170/250

 -- MarkovChainMC -- 
Limit: r < 0.210793 +/- 0.00212038 @ 95% credibility (15 tries)
Done in 0.28 min (cpu), 0.28 min (real)
Generate toy 171/250

 -- MarkovChainMC -- 
Limit: r < 0.264454 +/- 0.00379555 @ 95% credibility (15 tries)
Done in 0.39 min (cpu), 0.39 min (real)
Generate toy 172/250

 -- MarkovChainMC -- 
Limit: r < 0.221859 +/- 0.00335948 @ 95% credibility (15 tries)
Done in 0.37 min (cpu), 0.37 min (real)
Generate toy 173/250

 -- MarkovChainMC -- 
Limit: r < 0.218578 +/- 0.00296285 @ 95% credibility (15 tries)
Done in 0.40 min (cpu), 0.40 min (real)
Generate toy 174/250

 -- MarkovChainMC -- 
Limit: r < 0.321224 +/- 0.00531956 @ 95% credibility (15 tries)
Done in 0.37 min (cpu), 0.37 min (real)
Generate toy 175/250

 -- MarkovChainMC -- 
Limit: r < 0.455306 +/- 0.00513112 @ 95% credibility (15 tries)
Done in 0.39 min (cpu), 0.39 min (real)
Generate toy 176/250

 -- MarkovChainMC -- 
Limit: r < 0.438991 +/- 0.00631461 @ 95% credibility (15 tries)
Done in 0.37 min (cpu), 0.37 min (real)
Generate toy 177/250

 -- MarkovChainMC -- 
Limit: r < 0.203173 +/- 0.00274659 @ 95% credibility (15 tries)
Done in 0.27 min (cpu), 0.27 min (real)
Generate toy 178/250

 -- MarkovChainMC -- 
Limit: r < 0.238608 +/- 0.00354558 @ 95% credibility (15 tries)
Done in 0.29 min (cpu), 0.29 min (real)
Generate toy 179/250

 -- MarkovChainMC -- 
Limit: r < 0.245028 +/- 0.00431621 @ 95% credibility (15 tries)
Done in 0.34 min (cpu), 0.34 min (real)
Generate toy 180/250

 -- MarkovChainMC -- 
Limit: r < 0.462259 +/- 0.00521993 @ 95% credibility (15 tries)
Done in 0.25 min (cpu), 0.25 min (real)
Generate toy 181/250

 -- MarkovChainMC -- 
Limit: r < 0.205415 +/- 0.00278283 @ 95% credibility (15 tries)
Done in 0.34 min (cpu), 0.35 min (real)
Generate toy 182/250

 -- MarkovChainMC -- 
Limit: r < 0.231087 +/- 0.0024468 @ 95% credibility (15 tries)
Done in 0.34 min (cpu), 0.34 min (real)
Generate toy 183/250

 -- MarkovChainMC -- 
Limit: r < 0.34546 +/- 0.00450604 @ 95% credibility (15 tries)
Done in 0.31 min (cpu), 0.31 min (real)
Generate toy 184/250

 -- MarkovChainMC -- 
Limit: r < 0.270393 +/- 0.00345369 @ 95% credibility (15 tries)
Done in 0.27 min (cpu), 0.27 min (real)
Generate toy 185/250

 -- MarkovChainMC -- 
Limit: r < 0.444558 +/- 0.00495468 @ 95% credibility (15 tries)
Done in 0.34 min (cpu), 0.34 min (real)
Generate toy 186/250

 -- MarkovChainMC -- 
Limit: r < 0.170485 +/- 0.00203794 @ 95% credibility (15 tries)
Done in 0.37 min (cpu), 0.38 min (real)
Generate toy 187/250

 -- MarkovChainMC -- 
Limit: r < 0.310051 +/- 0.00375689 @ 95% credibility (15 tries)
Done in 0.31 min (cpu), 0.31 min (real)
Generate toy 188/250

 -- MarkovChainMC -- 
Limit: r < 0.264867 +/- 0.00422964 @ 95% credibility (15 tries)
Done in 0.38 min (cpu), 0.38 min (real)
Generate toy 189/250

 -- MarkovChainMC -- 
Limit: r < 0.2411 +/- 0.00408951 @ 95% credibility (15 tries)
Done in 0.35 min (cpu), 0.35 min (real)
Generate toy 190/250

 -- MarkovChainMC -- 
Limit: r < 0.372881 +/- 0.00442018 @ 95% credibility (15 tries)
Done in 0.29 min (cpu), 0.30 min (real)
Generate toy 191/250

 -- MarkovChainMC -- 
Limit: r < 0.32472 +/- 0.00406973 @ 95% credibility (15 tries)
Done in 0.32 min (cpu), 0.32 min (real)
Generate toy 192/250

 -- MarkovChainMC -- 
Limit: r < 0.218718 +/- 0.00420285 @ 95% credibility (15 tries)
Done in 0.27 min (cpu), 0.27 min (real)
Generate toy 193/250

 -- MarkovChainMC -- 
Limit: r < 0.19939 +/- 0.0028353 @ 95% credibility (15 tries)
Done in 0.24 min (cpu), 0.25 min (real)
Generate toy 194/250

 -- MarkovChainMC -- 
Limit: r < 0.234885 +/- 0.0031441 @ 95% credibility (15 tries)
Done in 0.32 min (cpu), 0.33 min (real)
Generate toy 195/250

 -- MarkovChainMC -- 
Limit: r < 0.222075 +/- 0.00223476 @ 95% credibility (15 tries)
Done in 0.31 min (cpu), 0.31 min (real)
Generate toy 196/250

 -- MarkovChainMC -- 
Limit: r < 0.214962 +/- 0.00414733 @ 95% credibility (15 tries)
Done in 0.25 min (cpu), 0.25 min (real)
Generate toy 197/250

 -- MarkovChainMC -- 
Limit: r < 0.239271 +/- 0.0039596 @ 95% credibility (15 tries)
Done in 0.30 min (cpu), 0.30 min (real)
Generate toy 198/250

 -- MarkovChainMC -- 
Limit: r < 0.283638 +/- 0.00498675 @ 95% credibility (15 tries)
Done in 0.35 min (cpu), 0.35 min (real)
Generate toy 199/250

 -- MarkovChainMC -- 
Limit: r < 0.399836 +/- 0.00335264 @ 95% credibility (15 tries)
Done in 0.40 min (cpu), 0.40 min (real)
Generate toy 200/250

 -- MarkovChainMC -- 
Limit: r < 0.192681 +/- 0.00342838 @ 95% credibility (15 tries)
Done in 0.37 min (cpu), 0.37 min (real)
Generate toy 201/250

 -- MarkovChainMC -- 
Limit: r < 0.383478 +/- 0.00403981 @ 95% credibility (15 tries)
Done in 0.35 min (cpu), 0.35 min (real)
Generate toy 202/250

 -- MarkovChainMC -- 
Limit: r < 0.378883 +/- 0.00552998 @ 95% credibility (15 tries)
Done in 0.33 min (cpu), 0.33 min (real)
Generate toy 203/250

 -- MarkovChainMC -- 
Limit: r < 0.406992 +/- 0.00657098 @ 95% credibility (15 tries)
Done in 0.30 min (cpu), 0.30 min (real)
Generate toy 204/250

 -- MarkovChainMC -- 
Limit: r < 0.220824 +/- 0.00195044 @ 95% credibility (15 tries)
Done in 0.31 min (cpu), 0.31 min (real)
Generate toy 205/250

 -- MarkovChainMC -- 
Limit: r < 0.287393 +/- 0.00371329 @ 95% credibility (15 tries)
Done in 0.34 min (cpu), 0.34 min (real)
Generate toy 206/250

 -- MarkovChainMC -- 
Limit: r < 0.26572 +/- 0.00395736 @ 95% credibility (15 tries)
Done in 0.23 min (cpu), 0.23 min (real)
Generate toy 207/250

 -- MarkovChainMC -- 
Limit: r < 0.195443 +/- 0.00439197 @ 95% credibility (15 tries)
Done in 0.24 min (cpu), 0.24 min (real)
Generate toy 208/250

 -- MarkovChainMC -- 
Limit: r < 0.203166 +/- 0.00308354 @ 95% credibility (15 tries)
Done in 0.24 min (cpu), 0.24 min (real)
Generate toy 209/250

 -- MarkovChainMC -- 
Limit: r < 0.655644 +/- 0.00590956 @ 95% credibility (15 tries)
Done in 0.34 min (cpu), 0.34 min (real)
Generate toy 210/250

 -- MarkovChainMC -- 
Limit: r < 0.192507 +/- 0.00213715 @ 95% credibility (15 tries)
Done in 0.35 min (cpu), 0.35 min (real)
Generate toy 211/250

 -- MarkovChainMC -- 
Limit: r < 0.248855 +/- 0.00215591 @ 95% credibility (15 tries)
Done in 0.34 min (cpu), 0.34 min (real)
Generate toy 212/250

 -- MarkovChainMC -- 
Limit: r < 0.350676 +/- 0.00566878 @ 95% credibility (15 tries)
Done in 0.39 min (cpu), 0.40 min (real)
Generate toy 213/250

 -- MarkovChainMC -- 
Limit: r < 0.226973 +/- 0.00314954 @ 95% credibility (15 tries)
Done in 0.25 min (cpu), 0.25 min (real)
Generate toy 214/250

 -- MarkovChainMC -- 
Limit: r < 0.21314 +/- 0.00236804 @ 95% credibility (15 tries)
Done in 0.24 min (cpu), 0.24 min (real)
Generate toy 215/250

 -- MarkovChainMC -- 
Limit: r < 0.300107 +/- 0.00139917 @ 95% credibility (15 tries)
Done in 0.24 min (cpu), 0.24 min (real)
Generate toy 216/250

 -- MarkovChainMC -- 
Limit: r < 0.193637 +/- 0.00259466 @ 95% credibility (15 tries)
Done in 0.23 min (cpu), 0.23 min (real)
Generate toy 217/250

 -- MarkovChainMC -- 
Limit: r < 0.226935 +/- 0.00400828 @ 95% credibility (15 tries)
Done in 0.24 min (cpu), 0.24 min (real)
Generate toy 218/250

 -- MarkovChainMC -- 
Limit: r < 0.281164 +/- 0.00367171 @ 95% credibility (15 tries)
Done in 0.35 min (cpu), 0.36 min (real)
Generate toy 219/250

 -- MarkovChainMC -- 
Limit: r < 0.27667 +/- 0.00311489 @ 95% credibility (15 tries)
Done in 0.32 min (cpu), 0.33 min (real)
Generate toy 220/250

 -- MarkovChainMC -- 
Limit: r < 0.283344 +/- 0.00509846 @ 95% credibility (15 tries)
Done in 0.30 min (cpu), 0.30 min (real)
Generate toy 221/250

 -- MarkovChainMC -- 
Limit: r < 0.192356 +/- 0.00268282 @ 95% credibility (15 tries)
Done in 0.25 min (cpu), 0.25 min (real)
Generate toy 222/250

 -- MarkovChainMC -- 
Limit: r < 0.26569 +/- 0.00302208 @ 95% credibility (15 tries)
Done in 0.24 min (cpu), 0.24 min (real)
Generate toy 223/250

 -- MarkovChainMC -- 
Limit: r < 0.261069 +/- 0.00397126 @ 95% credibility (15 tries)
Done in 0.25 min (cpu), 0.26 min (real)
Generate toy 224/250

 -- MarkovChainMC -- 
Limit: r < 0.285179 +/- 0.00391016 @ 95% credibility (15 tries)
Done in 0.29 min (cpu), 0.29 min (real)
Generate toy 225/250

 -- MarkovChainMC -- 
Limit: r < 0.317378 +/- 0.00381987 @ 95% credibility (15 tries)
Done in 0.27 min (cpu), 0.27 min (real)
Generate toy 226/250

 -- MarkovChainMC -- 
Limit: r < 0.408722 +/- 0.00533086 @ 95% credibility (15 tries)
Done in 0.34 min (cpu), 0.35 min (real)
Generate toy 227/250

 -- MarkovChainMC -- 
Limit: r < 0.228034 +/- 0.00321475 @ 95% credibility (15 tries)
Done in 0.30 min (cpu), 0.30 min (real)
Generate toy 228/250

 -- MarkovChainMC -- 
Limit: r < 0.289381 +/- 0.00788111 @ 95% credibility (15 tries)
Done in 0.25 min (cpu), 0.25 min (real)
Generate toy 229/250

 -- MarkovChainMC -- 
Limit: r < 0.418731 +/- 0.00576728 @ 95% credibility (15 tries)
Done in 0.30 min (cpu), 0.30 min (real)
Generate toy 230/250

 -- MarkovChainMC -- 
Limit: r < 0.218448 +/- 0.0041717 @ 95% credibility (15 tries)
Done in 0.37 min (cpu), 0.37 min (real)
Generate toy 231/250

 -- MarkovChainMC -- 
Limit: r < 0.263411 +/- 0.00492825 @ 95% credibility (15 tries)
Done in 0.34 min (cpu), 0.34 min (real)
Generate toy 232/250

 -- MarkovChainMC -- 
Limit: r < 0.366886 +/- 0.00327084 @ 95% credibility (15 tries)
Done in 0.40 min (cpu), 0.40 min (real)
Generate toy 233/250

 -- MarkovChainMC -- 
Limit: r < 0.330961 +/- 0.00516127 @ 95% credibility (15 tries)
Done in 0.36 min (cpu), 0.36 min (real)
Generate toy 234/250

 -- MarkovChainMC -- 
Limit: r < 0.23694 +/- 0.00346653 @ 95% credibility (15 tries)
Done in 0.41 min (cpu), 0.42 min (real)
Generate toy 235/250

 -- MarkovChainMC -- 
Limit: r < 0.269568 +/- 0.00305499 @ 95% credibility (15 tries)
Done in 0.36 min (cpu), 0.36 min (real)
Generate toy 236/250

 -- MarkovChainMC -- 
Limit: r < 0.321109 +/- 0.0041062 @ 95% credibility (15 tries)
Done in 0.31 min (cpu), 0.31 min (real)
Generate toy 237/250

 -- MarkovChainMC -- 
Limit: r < 0.258632 +/- 0.00208886 @ 95% credibility (15 tries)
Done in 0.31 min (cpu), 0.32 min (real)
Generate toy 238/250

 -- MarkovChainMC -- 
Limit: r < 0.278745 +/- 0.00193718 @ 95% credibility (15 tries)
Done in 0.28 min (cpu), 0.29 min (real)
Generate toy 239/250

 -- MarkovChainMC -- 
Limit: r < 0.223121 +/- 0.00304432 @ 95% credibility (15 tries)
Done in 0.23 min (cpu), 0.23 min (real)
Generate toy 240/250

 -- MarkovChainMC -- 
Limit: r < 0.302115 +/- 0.00274266 @ 95% credibility (15 tries)
Done in 0.30 min (cpu), 0.30 min (real)
Generate toy 241/250

 -- MarkovChainMC -- 
Limit: r < 0.387451 +/- 0.00413049 @ 95% credibility (15 tries)
Done in 0.39 min (cpu), 0.39 min (real)
Generate toy 242/250

 -- MarkovChainMC -- 
Limit: r < 0.214808 +/- 0.00303254 @ 95% credibility (15 tries)
Done in 0.29 min (cpu), 0.29 min (real)
Generate toy 243/250

 -- MarkovChainMC -- 
Limit: r < 0.321459 +/- 0.00371892 @ 95% credibility (15 tries)
Done in 0.27 min (cpu), 0.27 min (real)
Generate toy 244/250

 -- MarkovChainMC -- 
Limit: r < 0.225565 +/- 0.0041783 @ 95% credibility (15 tries)
Done in 0.27 min (cpu), 0.27 min (real)
Generate toy 245/250

 -- MarkovChainMC -- 
Limit: r < 0.267503 +/- 0.00335787 @ 95% credibility (15 tries)
Done in 0.38 min (cpu), 0.39 min (real)
Generate toy 246/250

 -- MarkovChainMC -- 
Limit: r < 0.203725 +/- 0.0024197 @ 95% credibility (15 tries)
Done in 0.36 min (cpu), 0.37 min (real)
Generate toy 247/250

 -- MarkovChainMC -- 
Limit: r < 0.356517 +/- 0.00573512 @ 95% credibility (15 tries)
Done in 0.28 min (cpu), 0.29 min (real)
Generate toy 248/250

 -- MarkovChainMC -- 
Limit: r < 0.299034 +/- 0.00257724 @ 95% credibility (15 tries)
Done in 0.28 min (cpu), 0.29 min (real)
Generate toy 249/250

 -- MarkovChainMC -- 
Limit: r < 0.34737 +/- 0.00473441 @ 95% credibility (15 tries)
Done in 0.34 min (cpu), 0.35 min (real)
Generate toy 250/250

 -- MarkovChainMC -- 
Limit: r < 0.208977 +/- 0.00433977 @ 95% credibility (15 tries)
Done in 0.34 min (cpu), 0.35 min (real)
mean   expected limit: r < 0.275728 +/- 0.00483959 @ 95%CL (250 toyMC)
median expected limit: r < 0.256485 @ 95%CL (250 toyMC)
   68% expected band : 0.20619 < r < 0.354003
   95% expected band : 0.185704 < r < 0.45263
