 <<< Combine >>> 
 <<< v10.0.2 >>>
>>> Used OpenSSL to get a truly random seed 900216606
>>> Method used is MarkovChainMC
============================================================
Analyzing bin errors for: prop_binmuon22
Poisson cut-off: 10
Processes excluded for sums: Signal
============================================================
Bin        Contents        Error           Notes                         
0          36.081978       5.886926        total sum                     
0          1.429977        0.062428        excluding marked processes    
0          525.000000      22.912878       Unweighted events, alpha=0.068728
  => Total parameter prop_binmuon22_bin0[0.00,-7.00,7.00] to be Gaussian constrained
------------------------------------------------------------
============================================================
Analyzing bin errors for: prop_binmuon23
Poisson cut-off: 10
Processes excluded for sums: Signal
============================================================
Bin        Contents        Error           Notes                         
0          28.678721       5.216966        total sum                     
0          1.577721        0.340199        excluding marked processes    
0          22.000000       4.690416        Unweighted events, alpha=1.303578
  => Total parameter prop_binmuon23_bin0[0.00,-7.00,7.00] to be Gaussian constrained
------------------------------------------------------------
Channel muon22 will use autoMCStats with settings: event-threshold=10, include-signal=0, hist-mode=1
Channel muon23 will use autoMCStats with settings: event-threshold=10, include-signal=0, hist-mode=1
Generate toy 1/250

 -- MarkovChainMC -- 
Limit: r < 0.0752835 +/- 0.000516146 @ 95% credibility (15 tries)
Done in 0.11 min (cpu), 0.11 min (real)
Generate toy 2/250

 -- MarkovChainMC -- 
Limit: r < 0.216603 +/- 0.00111551 @ 95% credibility (15 tries)
Done in 0.11 min (cpu), 0.11 min (real)
Generate toy 3/250

 -- MarkovChainMC -- 
Limit: r < 0.0612542 +/- 0.00108792 @ 95% credibility (15 tries)
Done in 0.11 min (cpu), 0.11 min (real)
Generate toy 4/250

 -- MarkovChainMC -- 
Limit: r < 0.0742079 +/- 0.000955872 @ 95% credibility (15 tries)
Done in 0.10 min (cpu), 0.10 min (real)
Generate toy 5/250

 -- MarkovChainMC -- 
Limit: r < 0.151888 +/- 0.00116306 @ 95% credibility (15 tries)
Done in 0.11 min (cpu), 0.11 min (real)
Generate toy 6/250

 -- MarkovChainMC -- 
Limit: r < 0.112341 +/- 0.00100263 @ 95% credibility (15 tries)
Done in 0.11 min (cpu), 0.11 min (real)
Generate toy 7/250

 -- MarkovChainMC -- 
Limit: r < 0.0600685 +/- 0.00129706 @ 95% credibility (15 tries)
Done in 0.10 min (cpu), 0.10 min (real)
Generate toy 8/250

 -- MarkovChainMC -- 
Limit: r < 0.152485 +/- 0.00139788 @ 95% credibility (15 tries)
Done in 0.11 min (cpu), 0.11 min (real)
Generate toy 9/250

 -- MarkovChainMC -- 
Limit: r < 0.0772024 +/- 0.000967864 @ 95% credibility (15 tries)
Done in 0.10 min (cpu), 0.10 min (real)
Generate toy 10/250

 -- MarkovChainMC -- 
Limit: r < 0.161958 +/- 0.00162301 @ 95% credibility (15 tries)
Done in 0.11 min (cpu), 0.11 min (real)
Generate toy 11/250

 -- MarkovChainMC -- 
Limit: r < 0.114003 +/- 0.00104975 @ 95% credibility (15 tries)
Done in 0.10 min (cpu), 0.10 min (real)
Generate toy 12/250

 -- MarkovChainMC -- 
Limit: r < 0.0629501 +/- 0.00131596 @ 95% credibility (15 tries)
Done in 0.10 min (cpu), 0.10 min (real)
Generate toy 13/250

 -- MarkovChainMC -- 
Limit: r < 0.15234 +/- 0.0016735 @ 95% credibility (15 tries)
Done in 0.10 min (cpu), 0.10 min (real)
Generate toy 14/250

 -- MarkovChainMC -- 
Limit: r < 0.0501464 +/- 0.00142599 @ 95% credibility (15 tries)
Done in 0.10 min (cpu), 0.11 min (real)
Generate toy 15/250

 -- MarkovChainMC -- 
Limit: r < 0.112394 +/- 0.000910548 @ 95% credibility (15 tries)
Done in 0.10 min (cpu), 0.11 min (real)
Generate toy 16/250

 -- MarkovChainMC -- 
Limit: r < 0.112462 +/- 0.00118721 @ 95% credibility (15 tries)
Done in 0.12 min (cpu), 0.12 min (real)
Generate toy 17/250

 -- MarkovChainMC -- 
Limit: r < 0.0749213 +/- 0.00089588 @ 95% credibility (15 tries)
Done in 0.11 min (cpu), 0.11 min (real)
Generate toy 18/250

 -- MarkovChainMC -- 
Limit: r < 0.127874 +/- 0.00120333 @ 95% credibility (15 tries)
Done in 0.10 min (cpu), 0.10 min (real)
Generate toy 19/250

 -- MarkovChainMC -- 
Limit: r < 0.108379 +/- 0.000855209 @ 95% credibility (15 tries)
Done in 0.11 min (cpu), 0.11 min (real)
Generate toy 20/250

 -- MarkovChainMC -- 
Limit: r < 0.125664 +/- 0.00195062 @ 95% credibility (15 tries)
Done in 0.11 min (cpu), 0.11 min (real)
Generate toy 21/250

 -- MarkovChainMC -- 
Limit: r < 0.171731 +/- 0.00152467 @ 95% credibility (15 tries)
Done in 0.12 min (cpu), 0.12 min (real)
Generate toy 22/250

 -- MarkovChainMC -- 
Limit: r < 0.0916549 +/- 0.00133359 @ 95% credibility (15 tries)
Done in 0.10 min (cpu), 0.10 min (real)
Generate toy 23/250

 -- MarkovChainMC -- 
Limit: r < 0.0950268 +/- 0.00137123 @ 95% credibility (15 tries)
Done in 0.11 min (cpu), 0.11 min (real)
Generate toy 24/250

 -- MarkovChainMC -- 
Limit: r < 0.112489 +/- 0.000801616 @ 95% credibility (15 tries)
Done in 0.10 min (cpu), 0.10 min (real)
Generate toy 25/250

 -- MarkovChainMC -- 
Limit: r < 0.112172 +/- 0.00108447 @ 95% credibility (15 tries)
Done in 0.11 min (cpu), 0.12 min (real)
Generate toy 26/250

 -- MarkovChainMC -- 
Limit: r < 0.10987 +/- 0.000829155 @ 95% credibility (15 tries)
Done in 0.10 min (cpu), 0.11 min (real)
Generate toy 27/250

 -- MarkovChainMC -- 
Limit: r < 0.0784615 +/- 0.000864698 @ 95% credibility (15 tries)
Done in 0.10 min (cpu), 0.10 min (real)
Generate toy 28/250

 -- MarkovChainMC -- 
Limit: r < 0.15438 +/- 0.00107469 @ 95% credibility (15 tries)
Done in 0.10 min (cpu), 0.10 min (real)
Generate toy 29/250

 -- MarkovChainMC -- 
Limit: r < 0.108639 +/- 0.00162671 @ 95% credibility (15 tries)
Done in 0.10 min (cpu), 0.10 min (real)
Generate toy 30/250

 -- MarkovChainMC -- 
Limit: r < 0.094482 +/- 0.00101891 @ 95% credibility (15 tries)
Done in 0.10 min (cpu), 0.11 min (real)
Generate toy 31/250

 -- MarkovChainMC -- 
Limit: r < 0.079429 +/- 0.00111818 @ 95% credibility (15 tries)
Done in 0.10 min (cpu), 0.10 min (real)
Generate toy 32/250

 -- MarkovChainMC -- 
Limit: r < 0.0760009 +/- 0.00154803 @ 95% credibility (15 tries)
Done in 0.11 min (cpu), 0.11 min (real)
Generate toy 33/250

 -- MarkovChainMC -- 
Limit: r < 0.0896252 +/- 0.00111161 @ 95% credibility (15 tries)
Done in 0.11 min (cpu), 0.11 min (real)
Generate toy 34/250

 -- MarkovChainMC -- 
Limit: r < 0.0614191 +/- 0.000890393 @ 95% credibility (15 tries)
Done in 0.10 min (cpu), 0.10 min (real)
Generate toy 35/250

 -- MarkovChainMC -- 
Limit: r < 0.0602629 +/- 0.0012746 @ 95% credibility (15 tries)
Done in 0.11 min (cpu), 0.11 min (real)
Generate toy 36/250

 -- MarkovChainMC -- 
Limit: r < 0.196415 +/- 0.00255617 @ 95% credibility (15 tries)
Done in 0.10 min (cpu), 0.10 min (real)
Generate toy 37/250

 -- MarkovChainMC -- 
Limit: r < 0.0641385 +/- 0.000566225 @ 95% credibility (15 tries)
Done in 0.11 min (cpu), 0.11 min (real)
Generate toy 38/250

 -- MarkovChainMC -- 
Limit: r < 0.148284 +/- 0.0020219 @ 95% credibility (15 tries)
Done in 0.10 min (cpu), 0.10 min (real)
Generate toy 39/250

 -- MarkovChainMC -- 
Limit: r < 0.0910897 +/- 0.00133722 @ 95% credibility (15 tries)
Done in 0.10 min (cpu), 0.10 min (real)
Generate toy 40/250

 -- MarkovChainMC -- 
Limit: r < 0.115162 +/- 0.00144833 @ 95% credibility (15 tries)
Done in 0.11 min (cpu), 0.11 min (real)
Generate toy 41/250

 -- MarkovChainMC -- 
Limit: r < 0.0624852 +/- 0.00128186 @ 95% credibility (15 tries)
Done in 0.10 min (cpu), 0.11 min (real)
Generate toy 42/250

 -- MarkovChainMC -- 
Limit: r < 0.0778716 +/- 0.00144703 @ 95% credibility (15 tries)
Done in 0.12 min (cpu), 0.13 min (real)
Generate toy 43/250

 -- MarkovChainMC -- 
Limit: r < 0.0633564 +/- 0.00121332 @ 95% credibility (15 tries)
Done in 0.11 min (cpu), 0.11 min (real)
Generate toy 44/250

 -- MarkovChainMC -- 
Limit: r < 0.0937596 +/- 0.000557249 @ 95% credibility (15 tries)
Done in 0.10 min (cpu), 0.10 min (real)
Generate toy 45/250

 -- MarkovChainMC -- 
Limit: r < 0.0635232 +/- 0.001002 @ 95% credibility (15 tries)
Done in 0.11 min (cpu), 0.11 min (real)
Generate toy 46/250

 -- MarkovChainMC -- 
Limit: r < 0.061812 +/- 0.00081704 @ 95% credibility (15 tries)
Done in 0.11 min (cpu), 0.11 min (real)
Generate toy 47/250

 -- MarkovChainMC -- 
Limit: r < 0.0930253 +/- 0.00115375 @ 95% credibility (15 tries)
Done in 0.11 min (cpu), 0.11 min (real)
Generate toy 48/250

 -- MarkovChainMC -- 
Limit: r < 0.13496 +/- 0.000959677 @ 95% credibility (15 tries)
Done in 0.12 min (cpu), 0.12 min (real)
Generate toy 49/250

 -- MarkovChainMC -- 
Limit: r < 0.133464 +/- 0.00113069 @ 95% credibility (15 tries)
Done in 0.11 min (cpu), 0.11 min (real)
Generate toy 50/250

 -- MarkovChainMC -- 
Limit: r < 0.114227 +/- 0.0015541 @ 95% credibility (15 tries)
Done in 0.10 min (cpu), 0.10 min (real)
Generate toy 51/250

 -- MarkovChainMC -- 
Limit: r < 0.0906509 +/- 0.000562197 @ 95% credibility (15 tries)
Done in 0.11 min (cpu), 0.11 min (real)
Generate toy 52/250

 -- MarkovChainMC -- 
Limit: r < 0.0763217 +/- 0.00135515 @ 95% credibility (15 tries)
Done in 0.10 min (cpu), 0.11 min (real)
Generate toy 53/250

 -- MarkovChainMC -- 
Limit: r < 0.112803 +/- 0.00118055 @ 95% credibility (15 tries)
Done in 0.10 min (cpu), 0.11 min (real)
Generate toy 54/250

 -- MarkovChainMC -- 
Limit: r < 0.113831 +/- 0.0011398 @ 95% credibility (15 tries)
Done in 0.11 min (cpu), 0.11 min (real)
Generate toy 55/250

 -- MarkovChainMC -- 
Limit: r < 0.159758 +/- 0.00171908 @ 95% credibility (15 tries)
Done in 0.11 min (cpu), 0.12 min (real)
Generate toy 56/250

 -- MarkovChainMC -- 
Limit: r < 0.0518962 +/- 0.000996832 @ 95% credibility (15 tries)
Done in 0.10 min (cpu), 0.10 min (real)
Generate toy 57/250

 -- MarkovChainMC -- 
Limit: r < 0.113781 +/- 0.0011756 @ 95% credibility (15 tries)
Done in 0.12 min (cpu), 0.13 min (real)
Generate toy 58/250

 -- MarkovChainMC -- 
Limit: r < 0.128105 +/- 0.000943291 @ 95% credibility (15 tries)
Done in 0.11 min (cpu), 0.12 min (real)
Generate toy 59/250

 -- MarkovChainMC -- 
Limit: r < 0.169292 +/- 0.00146824 @ 95% credibility (15 tries)
Done in 0.11 min (cpu), 0.11 min (real)
Generate toy 60/250

 -- MarkovChainMC -- 
Limit: r < 0.0522741 +/- 0.00117012 @ 95% credibility (15 tries)
Done in 0.11 min (cpu), 0.11 min (real)
Generate toy 61/250

 -- MarkovChainMC -- 
Limit: r < 0.0755353 +/- 0.000671193 @ 95% credibility (15 tries)
Done in 0.11 min (cpu), 0.11 min (real)
Generate toy 62/250

 -- MarkovChainMC -- 
Limit: r < 0.0656094 +/- 0.0012782 @ 95% credibility (15 tries)
Done in 0.12 min (cpu), 0.12 min (real)
Generate toy 63/250

 -- MarkovChainMC -- 
Limit: r < 0.151951 +/- 0.00099621 @ 95% credibility (15 tries)
Done in 0.12 min (cpu), 0.12 min (real)
Generate toy 64/250

 -- MarkovChainMC -- 
Limit: r < 0.0626465 +/- 0.000784095 @ 95% credibility (15 tries)
Done in 0.10 min (cpu), 0.10 min (real)
Generate toy 65/250

 -- MarkovChainMC -- 
Limit: r < 0.0772084 +/- 0.00114843 @ 95% credibility (15 tries)
Done in 0.11 min (cpu), 0.11 min (real)
Generate toy 66/250

 -- MarkovChainMC -- 
Limit: r < 0.113687 +/- 0.000959381 @ 95% credibility (15 tries)
Done in 0.11 min (cpu), 0.11 min (real)
Generate toy 67/250

 -- MarkovChainMC -- 
Limit: r < 0.0738784 +/- 0.00126556 @ 95% credibility (15 tries)
Done in 0.11 min (cpu), 0.11 min (real)
Generate toy 68/250

 -- MarkovChainMC -- 
Limit: r < 0.0595199 +/- 0.000652141 @ 95% credibility (15 tries)
Done in 0.11 min (cpu), 0.11 min (real)
Generate toy 69/250

 -- MarkovChainMC -- 
Limit: r < 0.10835 +/- 0.00117388 @ 95% credibility (15 tries)
Done in 0.11 min (cpu), 0.12 min (real)
Generate toy 70/250

 -- MarkovChainMC -- 
Limit: r < 0.149798 +/- 0.00117455 @ 95% credibility (15 tries)
Done in 0.13 min (cpu), 0.13 min (real)
Generate toy 71/250

 -- MarkovChainMC -- 
Limit: r < 0.165247 +/- 0.00156156 @ 95% credibility (15 tries)
Done in 0.12 min (cpu), 0.13 min (real)
Generate toy 72/250

 -- MarkovChainMC -- 
Limit: r < 0.131047 +/- 0.00196015 @ 95% credibility (15 tries)
Done in 0.12 min (cpu), 0.12 min (real)
Generate toy 73/250

 -- MarkovChainMC -- 
Limit: r < 0.0932925 +/- 0.00060796 @ 95% credibility (15 tries)
Done in 0.11 min (cpu), 0.11 min (real)
Generate toy 74/250

 -- MarkovChainMC -- 
Limit: r < 0.113886 +/- 0.00111714 @ 95% credibility (15 tries)
Done in 0.13 min (cpu), 0.13 min (real)
Generate toy 75/250

 -- MarkovChainMC -- 
Limit: r < 0.094852 +/- 0.000799944 @ 95% credibility (15 tries)
Done in 0.13 min (cpu), 0.13 min (real)
Generate toy 76/250

 -- MarkovChainMC -- 
Limit: r < 0.0764554 +/- 0.00114166 @ 95% credibility (15 tries)
Done in 0.12 min (cpu), 0.12 min (real)
Generate toy 77/250

 -- MarkovChainMC -- 
Limit: r < 0.0601866 +/- 0.00107246 @ 95% credibility (15 tries)
Done in 0.11 min (cpu), 0.11 min (real)
Generate toy 78/250

 -- MarkovChainMC -- 
Limit: r < 0.111263 +/- 0.000612462 @ 95% credibility (15 tries)
Done in 0.11 min (cpu), 0.11 min (real)
Generate toy 79/250

 -- MarkovChainMC -- 
Limit: r < 0.0618009 +/- 0.00101665 @ 95% credibility (15 tries)
Done in 0.11 min (cpu), 0.12 min (real)
Generate toy 80/250

 -- MarkovChainMC -- 
Limit: r < 0.0912066 +/- 0.00100579 @ 95% credibility (15 tries)
Done in 0.10 min (cpu), 0.11 min (real)
Generate toy 81/250

 -- MarkovChainMC -- 
Limit: r < 0.217773 +/- 0.00265154 @ 95% credibility (15 tries)
Done in 0.12 min (cpu), 0.13 min (real)
Generate toy 82/250

 -- MarkovChainMC -- 
Limit: r < 0.113869 +/- 0.00139499 @ 95% credibility (15 tries)
Done in 0.12 min (cpu), 0.12 min (real)
Generate toy 83/250

 -- MarkovChainMC -- 
Limit: r < 0.123684 +/- 0.00110198 @ 95% credibility (15 tries)
Done in 0.11 min (cpu), 0.11 min (real)
Generate toy 84/250

 -- MarkovChainMC -- 
Limit: r < 0.0932865 +/- 0.00161349 @ 95% credibility (15 tries)
Done in 0.11 min (cpu), 0.11 min (real)
Generate toy 85/250

 -- MarkovChainMC -- 
Limit: r < 0.110527 +/- 0.00135412 @ 95% credibility (15 tries)
Done in 0.11 min (cpu), 0.11 min (real)
Generate toy 86/250

 -- MarkovChainMC -- 
Limit: r < 0.0859519 +/- 0.00103304 @ 95% credibility (15 tries)
Done in 0.11 min (cpu), 0.11 min (real)
Generate toy 87/250

 -- MarkovChainMC -- 
Limit: r < 0.124832 +/- 0.00172817 @ 95% credibility (15 tries)
Done in 0.11 min (cpu), 0.11 min (real)
Generate toy 88/250

 -- MarkovChainMC -- 
Limit: r < 0.0720389 +/- 0.000891914 @ 95% credibility (15 tries)
Done in 0.12 min (cpu), 0.12 min (real)
Generate toy 89/250

 -- MarkovChainMC -- 
Limit: r < 0.113623 +/- 0.00119568 @ 95% credibility (15 tries)
Done in 0.12 min (cpu), 0.12 min (real)
Generate toy 90/250

 -- MarkovChainMC -- 
Limit: r < 0.0939293 +/- 0.000701014 @ 95% credibility (15 tries)
Done in 0.11 min (cpu), 0.11 min (real)
Generate toy 91/250

 -- MarkovChainMC -- 
Limit: r < 0.113562 +/- 0.00131291 @ 95% credibility (15 tries)
Done in 0.11 min (cpu), 0.11 min (real)
Generate toy 92/250

 -- MarkovChainMC -- 
Limit: r < 0.0797437 +/- 0.000896004 @ 95% credibility (15 tries)
Done in 0.11 min (cpu), 0.12 min (real)
Generate toy 93/250

 -- MarkovChainMC -- 
Limit: r < 0.11352 +/- 0.000567691 @ 95% credibility (15 tries)
Done in 0.12 min (cpu), 0.13 min (real)
Generate toy 94/250

 -- MarkovChainMC -- 
Limit: r < 0.0629974 +/- 0.00094963 @ 95% credibility (15 tries)
Done in 0.12 min (cpu), 0.12 min (real)
Generate toy 95/250

 -- MarkovChainMC -- 
Limit: r < 0.131799 +/- 0.000965371 @ 95% credibility (15 tries)
Done in 0.12 min (cpu), 0.12 min (real)
Generate toy 96/250

 -- MarkovChainMC -- 
Limit: r < 0.0527076 +/- 0.000324053 @ 95% credibility (15 tries)
Done in 0.10 min (cpu), 0.10 min (real)
Generate toy 97/250

 -- MarkovChainMC -- 
Limit: r < 0.0766603 +/- 0.000974835 @ 95% credibility (15 tries)
Done in 0.11 min (cpu), 0.11 min (real)
Generate toy 98/250

 -- MarkovChainMC -- 
Limit: r < 0.0900165 +/- 0.00140108 @ 95% credibility (15 tries)
Done in 0.11 min (cpu), 0.11 min (real)
Generate toy 99/250

 -- MarkovChainMC -- 
Limit: r < 0.112411 +/- 0.000750521 @ 95% credibility (15 tries)
Done in 0.12 min (cpu), 0.12 min (real)
Generate toy 100/250

 -- MarkovChainMC -- 
Limit: r < 0.0761342 +/- 0.00141198 @ 95% credibility (15 tries)
Done in 0.10 min (cpu), 0.10 min (real)
Generate toy 101/250

 -- MarkovChainMC -- 
Limit: r < 0.0765043 +/- 0.00116542 @ 95% credibility (15 tries)
Done in 0.10 min (cpu), 0.11 min (real)
Generate toy 102/250

 -- MarkovChainMC -- 
Limit: r < 0.1506 +/- 0.00163588 @ 95% credibility (15 tries)
Done in 0.12 min (cpu), 0.12 min (real)
Generate toy 103/250

 -- MarkovChainMC -- 
Limit: r < 0.0902797 +/- 0.000782042 @ 95% credibility (15 tries)
Done in 0.12 min (cpu), 0.12 min (real)
Generate toy 104/250

 -- MarkovChainMC -- 
Limit: r < 0.133124 +/- 0.00165829 @ 95% credibility (15 tries)
Done in 0.12 min (cpu), 0.12 min (real)
Generate toy 105/250

 -- MarkovChainMC -- 
Limit: r < 0.0770816 +/- 0.0011273 @ 95% credibility (15 tries)
Done in 0.10 min (cpu), 0.10 min (real)
Generate toy 106/250

 -- MarkovChainMC -- 
Limit: r < 0.0892258 +/- 0.000913272 @ 95% credibility (15 tries)
Done in 0.11 min (cpu), 0.11 min (real)
Generate toy 107/250

 -- MarkovChainMC -- 
Limit: r < 0.128292 +/- 0.00125917 @ 95% credibility (15 tries)
Done in 0.10 min (cpu), 0.11 min (real)
Generate toy 108/250

 -- MarkovChainMC -- 
Limit: r < 0.132752 +/- 0.00191464 @ 95% credibility (15 tries)
Done in 0.10 min (cpu), 0.11 min (real)
Generate toy 109/250

 -- MarkovChainMC -- 
Limit: r < 0.0935532 +/- 0.00060711 @ 95% credibility (15 tries)
Done in 0.11 min (cpu), 0.11 min (real)
Generate toy 110/250

 -- MarkovChainMC -- 
Limit: r < 0.0645749 +/- 0.0010683 @ 95% credibility (15 tries)
Done in 0.09 min (cpu), 0.10 min (real)
Generate toy 111/250

 -- MarkovChainMC -- 
Limit: r < 0.0601175 +/- 0.00119701 @ 95% credibility (15 tries)
Done in 0.11 min (cpu), 0.11 min (real)
Generate toy 112/250

 -- MarkovChainMC -- 
Limit: r < 0.0954912 +/- 0.00156074 @ 95% credibility (15 tries)
Done in 0.11 min (cpu), 0.11 min (real)
Generate toy 113/250

 -- MarkovChainMC -- 
Limit: r < 0.132598 +/- 0.00113112 @ 95% credibility (15 tries)
Done in 0.11 min (cpu), 0.11 min (real)
Generate toy 114/250

 -- MarkovChainMC -- 
Limit: r < 0.17503 +/- 0.00178118 @ 95% credibility (15 tries)
Done in 0.12 min (cpu), 0.12 min (real)
Generate toy 115/250

 -- MarkovChainMC -- 
Limit: r < 0.148107 +/- 0.000641725 @ 95% credibility (15 tries)
Done in 0.12 min (cpu), 0.13 min (real)
Generate toy 116/250

 -- MarkovChainMC -- 
Limit: r < 0.129413 +/- 0.0017724 @ 95% credibility (15 tries)
Done in 0.12 min (cpu), 0.12 min (real)
Generate toy 117/250

 -- MarkovChainMC -- 
Limit: r < 0.0606176 +/- 0.000642441 @ 95% credibility (15 tries)
Done in 0.12 min (cpu), 0.12 min (real)
Generate toy 118/250

 -- MarkovChainMC -- 
Limit: r < 0.0936322 +/- 0.00170982 @ 95% credibility (15 tries)
Done in 0.12 min (cpu), 0.13 min (real)
Generate toy 119/250

 -- MarkovChainMC -- 
Limit: r < 0.0746151 +/- 0.00101348 @ 95% credibility (15 tries)
Done in 0.11 min (cpu), 0.11 min (real)
Generate toy 120/250

 -- MarkovChainMC -- 
Limit: r < 0.0779826 +/- 0.00123699 @ 95% credibility (15 tries)
Done in 0.13 min (cpu), 0.13 min (real)
Generate toy 121/250

 -- MarkovChainMC -- 
Limit: r < 0.0932052 +/- 0.00125472 @ 95% credibility (15 tries)
Done in 0.13 min (cpu), 0.14 min (real)
Generate toy 122/250

 -- MarkovChainMC -- 
Limit: r < 0.0782369 +/- 0.000951643 @ 95% credibility (15 tries)
Done in 0.13 min (cpu), 0.14 min (real)
Generate toy 123/250

 -- MarkovChainMC -- 
Limit: r < 0.169785 +/- 0.00156743 @ 95% credibility (15 tries)
Done in 0.14 min (cpu), 0.14 min (real)
Generate toy 124/250

 -- MarkovChainMC -- 
Limit: r < 0.113098 +/- 0.00087298 @ 95% credibility (15 tries)
Done in 0.13 min (cpu), 0.14 min (real)
Generate toy 125/250

 -- MarkovChainMC -- 
Limit: r < 0.0758593 +/- 0.000377024 @ 95% credibility (15 tries)
Done in 0.14 min (cpu), 0.14 min (real)
Generate toy 126/250

 -- MarkovChainMC -- 
Limit: r < 0.0597861 +/- 0.000803018 @ 95% credibility (15 tries)
Done in 0.14 min (cpu), 0.14 min (real)
Generate toy 127/250

 -- MarkovChainMC -- 
Limit: r < 0.151909 +/- 0.000932817 @ 95% credibility (15 tries)
Done in 0.13 min (cpu), 0.14 min (real)
Generate toy 128/250

 -- MarkovChainMC -- 
Limit: r < 0.173175 +/- 0.000725024 @ 95% credibility (15 tries)
Done in 0.13 min (cpu), 0.14 min (real)
Generate toy 129/250

 -- MarkovChainMC -- 
Limit: r < 0.0495301 +/- 0.00111595 @ 95% credibility (15 tries)
Done in 0.12 min (cpu), 0.13 min (real)
Generate toy 130/250

 -- MarkovChainMC -- 
Limit: r < 0.0650434 +/- 0.00123263 @ 95% credibility (15 tries)
Done in 0.13 min (cpu), 0.14 min (real)
Generate toy 131/250

 -- MarkovChainMC -- 
Limit: r < 0.194009 +/- 0.00136898 @ 95% credibility (15 tries)
Done in 0.14 min (cpu), 0.14 min (real)
Generate toy 132/250

 -- MarkovChainMC -- 
Limit: r < 0.093175 +/- 0.00105779 @ 95% credibility (15 tries)
Done in 0.13 min (cpu), 0.13 min (real)
Generate toy 133/250

 -- MarkovChainMC -- 
Limit: r < 0.174092 +/- 0.00151145 @ 95% credibility (15 tries)
Done in 0.13 min (cpu), 0.13 min (real)
Generate toy 134/250

 -- MarkovChainMC -- 
Limit: r < 0.078388 +/- 0.00154998 @ 95% credibility (15 tries)
Done in 0.13 min (cpu), 0.13 min (real)
Generate toy 135/250

 -- MarkovChainMC -- 
Limit: r < 0.111319 +/- 0.00150007 @ 95% credibility (15 tries)
Done in 0.13 min (cpu), 0.13 min (real)
Generate toy 136/250

 -- MarkovChainMC -- 
Limit: r < 0.0719107 +/- 0.00118136 @ 95% credibility (15 tries)
Done in 0.13 min (cpu), 0.13 min (real)
Generate toy 137/250

 -- MarkovChainMC -- 
Limit: r < 0.191186 +/- 0.00211125 @ 95% credibility (15 tries)
Done in 0.13 min (cpu), 0.14 min (real)
Generate toy 138/250

 -- MarkovChainMC -- 
Limit: r < 0.116058 +/- 0.00118292 @ 95% credibility (15 tries)
Done in 0.12 min (cpu), 0.12 min (real)
Generate toy 139/250

 -- MarkovChainMC -- 
Limit: r < 0.0938436 +/- 0.00106136 @ 95% credibility (15 tries)
Done in 0.12 min (cpu), 0.12 min (real)
Generate toy 140/250

 -- MarkovChainMC -- 
Limit: r < 0.0629289 +/- 0.00080845 @ 95% credibility (15 tries)
Done in 0.12 min (cpu), 0.12 min (real)
Generate toy 141/250

 -- MarkovChainMC -- 
Limit: r < 0.0946917 +/- 0.0014566 @ 95% credibility (15 tries)
Done in 0.12 min (cpu), 0.12 min (real)
Generate toy 142/250

 -- MarkovChainMC -- 
Limit: r < 0.128662 +/- 0.00129216 @ 95% credibility (15 tries)
Done in 0.14 min (cpu), 0.14 min (real)
Generate toy 143/250

 -- MarkovChainMC -- 
Limit: r < 0.135353 +/- 0.00137995 @ 95% credibility (15 tries)
Done in 0.14 min (cpu), 0.14 min (real)
Generate toy 144/250

 -- MarkovChainMC -- 
Limit: r < 0.110799 +/- 0.0013818 @ 95% credibility (15 tries)
Done in 0.13 min (cpu), 0.14 min (real)
Generate toy 145/250

 -- MarkovChainMC -- 
Limit: r < 0.112381 +/- 0.00080647 @ 95% credibility (15 tries)
Done in 0.12 min (cpu), 0.13 min (real)
Generate toy 146/250

 -- MarkovChainMC -- 
Limit: r < 0.0863493 +/- 0.000984246 @ 95% credibility (15 tries)
Done in 0.13 min (cpu), 0.14 min (real)
Generate toy 147/250

 -- MarkovChainMC -- 
Limit: r < 0.133644 +/- 0.00128671 @ 95% credibility (15 tries)
Done in 0.14 min (cpu), 0.14 min (real)
Generate toy 148/250

 -- MarkovChainMC -- 
Limit: r < 0.131775 +/- 0.000963073 @ 95% credibility (15 tries)
Done in 0.14 min (cpu), 0.14 min (real)
Generate toy 149/250

 -- MarkovChainMC -- 
Limit: r < 0.0942037 +/- 0.000844749 @ 95% credibility (15 tries)
Done in 0.13 min (cpu), 0.13 min (real)
Generate toy 150/250

 -- MarkovChainMC -- 
Limit: r < 0.107544 +/- 0.00117041 @ 95% credibility (15 tries)
Done in 0.13 min (cpu), 0.14 min (real)
Generate toy 151/250

 -- MarkovChainMC -- 
Limit: r < 0.207813 +/- 0.00134849 @ 95% credibility (15 tries)
Done in 0.13 min (cpu), 0.14 min (real)
Generate toy 152/250

 -- MarkovChainMC -- 
Limit: r < 0.0775288 +/- 0.00092177 @ 95% credibility (15 tries)
Done in 0.12 min (cpu), 0.12 min (real)
Generate toy 153/250

 -- MarkovChainMC -- 
Limit: r < 0.0630958 +/- 0.000746 @ 95% credibility (15 tries)
Done in 0.12 min (cpu), 0.13 min (real)
Generate toy 154/250

 -- MarkovChainMC -- 
Limit: r < 0.0790547 +/- 0.000945763 @ 95% credibility (15 tries)
Done in 0.13 min (cpu), 0.13 min (real)
Generate toy 155/250

 -- MarkovChainMC -- 
Limit: r < 0.059016 +/- 0.00131212 @ 95% credibility (15 tries)
Done in 0.12 min (cpu), 0.13 min (real)
Generate toy 156/250

 -- MarkovChainMC -- 
Limit: r < 0.104921 +/- 0.00131826 @ 95% credibility (15 tries)
Done in 0.12 min (cpu), 0.12 min (real)
Generate toy 157/250

 -- MarkovChainMC -- 
Limit: r < 0.127718 +/- 0.00104527 @ 95% credibility (15 tries)
Done in 0.13 min (cpu), 0.13 min (real)
Generate toy 158/250

 -- MarkovChainMC -- 
Limit: r < 0.130185 +/- 0.00139945 @ 95% credibility (15 tries)
Done in 0.12 min (cpu), 0.12 min (real)
Generate toy 159/250

 -- MarkovChainMC -- 
Limit: r < 0.0501809 +/- 0.00168263 @ 95% credibility (15 tries)
Done in 0.12 min (cpu), 0.12 min (real)
Generate toy 160/250

 -- MarkovChainMC -- 
Limit: r < 0.130041 +/- 0.00147302 @ 95% credibility (15 tries)
Done in 0.13 min (cpu), 0.13 min (real)
Generate toy 161/250

 -- MarkovChainMC -- 
Limit: r < 0.130572 +/- 0.00145386 @ 95% credibility (15 tries)
Done in 0.13 min (cpu), 0.14 min (real)
Generate toy 162/250

 -- MarkovChainMC -- 
Limit: r < 0.0778885 +/- 0.00135756 @ 95% credibility (15 tries)
Done in 0.12 min (cpu), 0.12 min (real)
Generate toy 163/250

 -- MarkovChainMC -- 
Limit: r < 0.063869 +/- 0.000467324 @ 95% credibility (15 tries)
Done in 0.12 min (cpu), 0.12 min (real)
Generate toy 164/250

 -- MarkovChainMC -- 
Limit: r < 0.10478 +/- 0.00111489 @ 95% credibility (15 tries)
Done in 0.13 min (cpu), 0.13 min (real)
Generate toy 165/250

 -- MarkovChainMC -- 
Limit: r < 0.0571123 +/- 0.000885868 @ 95% credibility (15 tries)
Done in 0.13 min (cpu), 0.13 min (real)
Generate toy 166/250

 -- MarkovChainMC -- 
Limit: r < 0.074098 +/- 0.00105062 @ 95% credibility (15 tries)
Done in 0.12 min (cpu), 0.12 min (real)
Generate toy 167/250

 -- MarkovChainMC -- 
Limit: r < 0.0877313 +/- 0.000762756 @ 95% credibility (15 tries)
Done in 0.13 min (cpu), 0.13 min (real)
Generate toy 168/250

 -- MarkovChainMC -- 
Limit: r < 0.0602275 +/- 0.000787177 @ 95% credibility (15 tries)
Done in 0.12 min (cpu), 0.13 min (real)
Generate toy 169/250

 -- MarkovChainMC -- 
Limit: r < 0.0731443 +/- 0.000551822 @ 95% credibility (15 tries)
Done in 0.11 min (cpu), 0.11 min (real)
Generate toy 170/250

 -- MarkovChainMC -- 
Limit: r < 0.13205 +/- 0.00129262 @ 95% credibility (15 tries)
Done in 0.12 min (cpu), 0.12 min (real)
Generate toy 171/250

 -- MarkovChainMC -- 
Limit: r < 0.0886973 +/- 0.000988797 @ 95% credibility (15 tries)
Done in 0.12 min (cpu), 0.12 min (real)
Generate toy 172/250

 -- MarkovChainMC -- 
Limit: r < 0.0630692 +/- 0.00053391 @ 95% credibility (15 tries)
Done in 0.13 min (cpu), 0.13 min (real)
Generate toy 173/250

 -- MarkovChainMC -- 
Limit: r < 0.131586 +/- 0.00133275 @ 95% credibility (15 tries)
Done in 0.13 min (cpu), 0.13 min (real)
Generate toy 174/250

 -- MarkovChainMC -- 
Limit: r < 0.0908995 +/- 0.000729371 @ 95% credibility (15 tries)
Done in 0.13 min (cpu), 0.13 min (real)
Generate toy 175/250

 -- MarkovChainMC -- 
Limit: r < 0.145509 +/- 0.00189231 @ 95% credibility (15 tries)
Done in 0.13 min (cpu), 0.13 min (real)
Generate toy 176/250

 -- MarkovChainMC -- 
Limit: r < 0.0938824 +/- 0.0015404 @ 95% credibility (15 tries)
Done in 0.13 min (cpu), 0.14 min (real)
Generate toy 177/250

 -- MarkovChainMC -- 
Limit: r < 0.0729253 +/- 0.00121892 @ 95% credibility (15 tries)
Done in 0.13 min (cpu), 0.13 min (real)
Generate toy 178/250

 -- MarkovChainMC -- 
Limit: r < 0.0913291 +/- 0.000834075 @ 95% credibility (15 tries)
Done in 0.12 min (cpu), 0.12 min (real)
Generate toy 179/250

 -- MarkovChainMC -- 
Limit: r < 0.129008 +/- 0.00179034 @ 95% credibility (15 tries)
Done in 0.13 min (cpu), 0.14 min (real)
Generate toy 180/250

 -- MarkovChainMC -- 
Limit: r < 0.146853 +/- 0.00135709 @ 95% credibility (15 tries)
Done in 0.13 min (cpu), 0.13 min (real)
Generate toy 181/250

 -- MarkovChainMC -- 
Limit: r < 0.152391 +/- 0.00108381 @ 95% credibility (15 tries)
Done in 0.13 min (cpu), 0.13 min (real)
Generate toy 182/250

 -- MarkovChainMC -- 
Limit: r < 0.0926447 +/- 0.00109608 @ 95% credibility (15 tries)
Done in 0.13 min (cpu), 0.13 min (real)
Generate toy 183/250

 -- MarkovChainMC -- 
Limit: r < 0.128792 +/- 0.00109039 @ 95% credibility (15 tries)
Done in 0.12 min (cpu), 0.13 min (real)
Generate toy 184/250

 -- MarkovChainMC -- 
Limit: r < 0.0891179 +/- 0.00149487 @ 95% credibility (15 tries)
Done in 0.13 min (cpu), 0.14 min (real)
Generate toy 185/250

 -- MarkovChainMC -- 
Limit: r < 0.089855 +/- 0.000909398 @ 95% credibility (15 tries)
Done in 0.13 min (cpu), 0.13 min (real)
Generate toy 186/250

 -- MarkovChainMC -- 
Limit: r < 0.0760667 +/- 0.000746395 @ 95% credibility (15 tries)
Done in 0.12 min (cpu), 0.13 min (real)
Generate toy 187/250

 -- MarkovChainMC -- 
Limit: r < 0.0634189 +/- 0.00075486 @ 95% credibility (15 tries)
Done in 0.12 min (cpu), 0.13 min (real)
Generate toy 188/250

 -- MarkovChainMC -- 
Limit: r < 0.129074 +/- 0.00160128 @ 95% credibility (15 tries)
Done in 0.13 min (cpu), 0.13 min (real)
Generate toy 189/250

 -- MarkovChainMC -- 
Limit: r < 0.0914519 +/- 0.00102707 @ 95% credibility (15 tries)
Done in 0.13 min (cpu), 0.13 min (real)
Generate toy 190/250

 -- MarkovChainMC -- 
Limit: r < 0.11174 +/- 0.000980171 @ 95% credibility (15 tries)
Done in 0.13 min (cpu), 0.14 min (real)
Generate toy 191/250

 -- MarkovChainMC -- 
Limit: r < 0.106888 +/- 0.00157601 @ 95% credibility (15 tries)
Done in 0.13 min (cpu), 0.13 min (real)
Generate toy 192/250

 -- MarkovChainMC -- 
Limit: r < 0.135029 +/- 0.00106576 @ 95% credibility (15 tries)
Done in 0.13 min (cpu), 0.13 min (real)
Generate toy 193/250

 -- MarkovChainMC -- 
Limit: r < 0.093342 +/- 0.00143034 @ 95% credibility (15 tries)
Done in 0.12 min (cpu), 0.12 min (real)
Generate toy 194/250

 -- MarkovChainMC -- 
Limit: r < 0.0760154 +/- 0.00139313 @ 95% credibility (15 tries)
Done in 0.13 min (cpu), 0.13 min (real)
Generate toy 195/250

 -- MarkovChainMC -- 
Limit: r < 0.0883793 +/- 0.00134651 @ 95% credibility (15 tries)
Done in 0.14 min (cpu), 0.14 min (real)
Generate toy 196/250

 -- MarkovChainMC -- 
Limit: r < 0.0640427 +/- 0.000940852 @ 95% credibility (15 tries)
Done in 0.13 min (cpu), 0.13 min (real)
Generate toy 197/250

 -- MarkovChainMC -- 
Limit: r < 0.0891821 +/- 0.00109062 @ 95% credibility (15 tries)
Done in 0.12 min (cpu), 0.13 min (real)
Generate toy 198/250

 -- MarkovChainMC -- 
Limit: r < 0.0643261 +/- 0.00070168 @ 95% credibility (15 tries)
Done in 0.13 min (cpu), 0.14 min (real)
Generate toy 199/250

 -- MarkovChainMC -- 
Limit: r < 0.072605 +/- 0.0015306 @ 95% credibility (15 tries)
Done in 0.12 min (cpu), 0.12 min (real)
Generate toy 200/250

 -- MarkovChainMC -- 
Limit: r < 0.0915174 +/- 0.000776186 @ 95% credibility (15 tries)
Done in 0.12 min (cpu), 0.12 min (real)
Generate toy 201/250

 -- MarkovChainMC -- 
Limit: r < 0.129598 +/- 0.000633864 @ 95% credibility (15 tries)
Done in 0.13 min (cpu), 0.13 min (real)
Generate toy 202/250

 -- MarkovChainMC -- 
Limit: r < 0.0504075 +/- 0.000828756 @ 95% credibility (15 tries)
Done in 0.13 min (cpu), 0.14 min (real)
Generate toy 203/250

 -- MarkovChainMC -- 
Limit: r < 0.0636593 +/- 0.000793351 @ 95% credibility (15 tries)
Done in 0.12 min (cpu), 0.12 min (real)
Generate toy 204/250

 -- MarkovChainMC -- 
Limit: r < 0.0633768 +/- 0.000320548 @ 95% credibility (15 tries)
Done in 0.13 min (cpu), 0.13 min (real)
Generate toy 205/250

 -- MarkovChainMC -- 
Limit: r < 0.0486901 +/- 0.00104949 @ 95% credibility (15 tries)
Done in 0.13 min (cpu), 0.13 min (real)
Generate toy 206/250

 -- MarkovChainMC -- 
Limit: r < 0.0742228 +/- 0.00137947 @ 95% credibility (15 tries)
Done in 0.12 min (cpu), 0.12 min (real)
Generate toy 207/250

 -- MarkovChainMC -- 
Limit: r < 0.0604913 +/- 0.000873282 @ 95% credibility (15 tries)
Done in 0.13 min (cpu), 0.13 min (real)
Generate toy 208/250

 -- MarkovChainMC -- 
Limit: r < 0.111689 +/- 0.00095245 @ 95% credibility (15 tries)
Done in 0.13 min (cpu), 0.13 min (real)
Generate toy 209/250

 -- MarkovChainMC -- 
Limit: r < 0.107793 +/- 0.000851425 @ 95% credibility (15 tries)
Done in 0.12 min (cpu), 0.13 min (real)
Generate toy 210/250

 -- MarkovChainMC -- 
Limit: r < 0.153806 +/- 0.00186666 @ 95% credibility (15 tries)
Done in 0.13 min (cpu), 0.13 min (real)
Generate toy 211/250

 -- MarkovChainMC -- 
Limit: r < 0.0635929 +/- 0.00117409 @ 95% credibility (15 tries)
Done in 0.11 min (cpu), 0.11 min (real)
Generate toy 212/250

 -- MarkovChainMC -- 
Limit: r < 0.0890869 +/- 0.00170306 @ 95% credibility (15 tries)
Done in 0.13 min (cpu), 0.13 min (real)
Generate toy 213/250

 -- MarkovChainMC -- 
Limit: r < 0.130276 +/- 0.000803951 @ 95% credibility (15 tries)
Done in 0.14 min (cpu), 0.14 min (real)
Generate toy 214/250

 -- MarkovChainMC -- 
Limit: r < 0.0900291 +/- 0.000992501 @ 95% credibility (15 tries)
Done in 0.12 min (cpu), 0.13 min (real)
Generate toy 215/250

 -- MarkovChainMC -- 
Limit: r < 0.0607818 +/- 0.000678735 @ 95% credibility (15 tries)
Done in 0.13 min (cpu), 0.13 min (real)
Generate toy 216/250

 -- MarkovChainMC -- 
Limit: r < 0.130284 +/- 0.000592838 @ 95% credibility (15 tries)
Done in 0.13 min (cpu), 0.14 min (real)
Generate toy 217/250

 -- MarkovChainMC -- 
Limit: r < 0.0915774 +/- 0.000514303 @ 95% credibility (15 tries)
Done in 0.13 min (cpu), 0.13 min (real)
Generate toy 218/250

 -- MarkovChainMC -- 
Limit: r < 0.0933357 +/- 0.00127266 @ 95% credibility (15 tries)
Done in 0.12 min (cpu), 0.12 min (real)
Generate toy 219/250

 -- MarkovChainMC -- 
Limit: r < 0.226936 +/- 0.00115526 @ 95% credibility (15 tries)
Done in 0.13 min (cpu), 0.13 min (real)
Generate toy 220/250

 -- MarkovChainMC -- 
Limit: r < 0.0782155 +/- 0.00115102 @ 95% credibility (15 tries)
Done in 0.13 min (cpu), 0.13 min (real)
Generate toy 221/250

 -- MarkovChainMC -- 
Limit: r < 0.127558 +/- 0.00137782 @ 95% credibility (15 tries)
Done in 0.14 min (cpu), 0.14 min (real)
Generate toy 222/250

 -- MarkovChainMC -- 
Limit: r < 0.074028 +/- 0.000541262 @ 95% credibility (15 tries)
Done in 0.13 min (cpu), 0.14 min (real)
Generate toy 223/250

 -- MarkovChainMC -- 
Limit: r < 0.0732721 +/- 0.00143963 @ 95% credibility (15 tries)
Done in 0.13 min (cpu), 0.13 min (real)
Generate toy 224/250

 -- MarkovChainMC -- 
Limit: r < 0.170525 +/- 0.00239116 @ 95% credibility (15 tries)
Done in 0.13 min (cpu), 0.14 min (real)
Generate toy 225/250

 -- MarkovChainMC -- 
Limit: r < 0.107316 +/- 0.0016612 @ 95% credibility (15 tries)
Done in 0.13 min (cpu), 0.13 min (real)
Generate toy 226/250

 -- MarkovChainMC -- 
Limit: r < 0.0750141 +/- 0.000851807 @ 95% credibility (15 tries)
Done in 0.13 min (cpu), 0.13 min (real)
Generate toy 227/250

 -- MarkovChainMC -- 
Limit: r < 0.0914208 +/- 0.000847981 @ 95% credibility (15 tries)
Done in 0.13 min (cpu), 0.14 min (real)
Generate toy 228/250

 -- MarkovChainMC -- 
Limit: r < 0.0770463 +/- 0.00153359 @ 95% credibility (15 tries)
Done in 0.12 min (cpu), 0.12 min (real)
Generate toy 229/250

 -- MarkovChainMC -- 
Limit: r < 0.181424 +/- 0.00146177 @ 95% credibility (15 tries)
Done in 0.14 min (cpu), 0.14 min (real)
Generate toy 230/250

 -- MarkovChainMC -- 
Limit: r < 0.0590012 +/- 0.000733021 @ 95% credibility (15 tries)
Done in 0.13 min (cpu), 0.14 min (real)
Generate toy 231/250

 -- MarkovChainMC -- 
Limit: r < 0.12713 +/- 0.000838453 @ 95% credibility (15 tries)
Done in 0.13 min (cpu), 0.14 min (real)
Generate toy 232/250

 -- MarkovChainMC -- 
Limit: r < 0.0649024 +/- 0.000438439 @ 95% credibility (15 tries)
Done in 0.13 min (cpu), 0.13 min (real)
Generate toy 233/250

 -- MarkovChainMC -- 
Limit: r < 0.133758 +/- 0.00070999 @ 95% credibility (15 tries)
Done in 0.13 min (cpu), 0.13 min (real)
Generate toy 234/250

 -- MarkovChainMC -- 
Limit: r < 0.109443 +/- 0.00151154 @ 95% credibility (15 tries)
Done in 0.13 min (cpu), 0.14 min (real)
Generate toy 235/250

 -- MarkovChainMC -- 
Limit: r < 0.0782622 +/- 0.00150968 @ 95% credibility (15 tries)
Done in 0.12 min (cpu), 0.13 min (real)
Generate toy 236/250

 -- MarkovChainMC -- 
Limit: r < 0.115973 +/- 0.00178396 @ 95% credibility (15 tries)
Done in 0.13 min (cpu), 0.14 min (real)
Generate toy 237/250

 -- MarkovChainMC -- 
Limit: r < 0.0712037 +/- 0.00146968 @ 95% credibility (15 tries)
Done in 0.14 min (cpu), 0.14 min (real)
Generate toy 238/250

 -- MarkovChainMC -- 
Limit: r < 0.110794 +/- 0.00146221 @ 95% credibility (15 tries)
Done in 0.13 min (cpu), 0.13 min (real)
Generate toy 239/250

 -- MarkovChainMC -- 
Limit: r < 0.170334 +/- 0.00163688 @ 95% credibility (15 tries)
Done in 0.13 min (cpu), 0.13 min (real)
Generate toy 240/250

 -- MarkovChainMC -- 
Limit: r < 0.0928154 +/- 0.001018 @ 95% credibility (15 tries)
Done in 0.12 min (cpu), 0.13 min (real)
Generate toy 241/250

 -- MarkovChainMC -- 
Limit: r < 0.1055 +/- 0.00125661 @ 95% credibility (15 tries)
Done in 0.13 min (cpu), 0.13 min (real)
Generate toy 242/250

 -- MarkovChainMC -- 
Limit: r < 0.0895764 +/- 0.000862941 @ 95% credibility (15 tries)
Done in 0.12 min (cpu), 0.13 min (real)
Generate toy 243/250

 -- MarkovChainMC -- 
Limit: r < 0.0945697 +/- 0.000681449 @ 95% credibility (15 tries)
Done in 0.13 min (cpu), 0.13 min (real)
Generate toy 244/250

 -- MarkovChainMC -- 
Limit: r < 0.0623823 +/- 0.00121144 @ 95% credibility (15 tries)
Done in 0.13 min (cpu), 0.13 min (real)
Generate toy 245/250

 -- MarkovChainMC -- 
Limit: r < 0.143977 +/- 0.00172291 @ 95% credibility (15 tries)
Done in 0.13 min (cpu), 0.14 min (real)
Generate toy 246/250

 -- MarkovChainMC -- 
Limit: r < 0.149469 +/- 0.00146495 @ 95% credibility (15 tries)
Done in 0.13 min (cpu), 0.13 min (real)
Generate toy 247/250

 -- MarkovChainMC -- 
Limit: r < 0.0499156 +/- 0.000536877 @ 95% credibility (15 tries)
Done in 0.12 min (cpu), 0.12 min (real)
Generate toy 248/250

 -- MarkovChainMC -- 
Limit: r < 0.495031 +/- 0.0124701 @ 95% credibility (15 tries)
Done in 0.13 min (cpu), 0.13 min (real)
Generate toy 249/250

 -- MarkovChainMC -- 
Limit: r < 0.129173 +/- 0.00149968 @ 95% credibility (15 tries)
Done in 0.13 min (cpu), 0.13 min (real)
Generate toy 250/250

 -- MarkovChainMC -- 
Limit: r < 0.0950563 +/- 0.0013379 @ 95% credibility (15 tries)
Done in 0.12 min (cpu), 0.12 min (real)
mean   expected limit: r < 0.103955 +/- 0.00277051 @ 95%CL (250 toyMC)
median expected limit: r < 0.0935927 @ 95%CL (250 toyMC)
   68% expected band : 0.063869 < r < 0.133758
   95% expected band : 0.0518962 < r < 0.196415
