 <<< Combine >>> 
 <<< v10.0.2 >>>
>>> Used OpenSSL to get a truly random seed -875951548
>>> Method used is MarkovChainMC
============================================================
Analyzing bin errors for: prop_binmuon22
Poisson cut-off: 10
Processes excluded for sums: Signal
============================================================
Bin        Contents        Error           Notes                         
0          644.210556      6.487450        total sum                     
0          609.558555      2.726720        excluding marked processes    
0          49975.000000    223.550889      Unweighted events, alpha=0.012891
  => Total parameter prop_binmuon22_bin0[0.00,-7.00,7.00] to be Gaussian constrained
------------------------------------------------------------
============================================================
Analyzing bin errors for: prop_binmuon23
Poisson cut-off: 10
Processes excluded for sums: Signal
============================================================
Bin        Contents        Error           Notes                         
0          515.988855      6.576706        total sum                     
0          488.887856      4.018962        excluding marked processes    
0          14798.000000    121.647030      Unweighted events, alpha=0.034869
  => Total parameter prop_binmuon23_bin0[0.00,-7.00,7.00] to be Gaussian constrained
------------------------------------------------------------
Channel muon22 will use autoMCStats with settings: event-threshold=10, include-signal=0, hist-mode=1
Channel muon23 will use autoMCStats with settings: event-threshold=10, include-signal=0, hist-mode=1
Generate toy 1/250

 -- MarkovChainMC -- 
Limit: r < 2.00601 +/- 0.0225161 @ 95% credibility (15 tries)
Done in 0.20 min (cpu), 0.20 min (real)
Generate toy 2/250

 -- MarkovChainMC -- 
Limit: r < 1.52152 +/- 0.0118765 @ 95% credibility (15 tries)
Done in 0.19 min (cpu), 0.20 min (real)
Generate toy 3/250

 -- MarkovChainMC -- 
Limit: r < 1.91845 +/- 0.0292862 @ 95% credibility (15 tries)
Done in 0.20 min (cpu), 0.20 min (real)
Generate toy 4/250

 -- MarkovChainMC -- 
Limit: r < 0.970879 +/- 0.0184868 @ 95% credibility (15 tries)
Done in 0.19 min (cpu), 0.19 min (real)
Generate toy 5/250

 -- MarkovChainMC -- 
Limit: r < 2.20961 +/- 0.0315649 @ 95% credibility (15 tries)
Done in 0.20 min (cpu), 0.20 min (real)
Generate toy 6/250

 -- MarkovChainMC -- 
Limit: r < 1.56828 +/- 0.0276482 @ 95% credibility (15 tries)
Done in 0.19 min (cpu), 0.20 min (real)
Generate toy 7/250

 -- MarkovChainMC -- 
Limit: r < 1.69314 +/- 0.0167739 @ 95% credibility (15 tries)
Done in 0.20 min (cpu), 0.20 min (real)
Generate toy 8/250

 -- MarkovChainMC -- 
Limit: r < 1.8161 +/- 0.0285131 @ 95% credibility (15 tries)
Done in 0.20 min (cpu), 0.21 min (real)
Generate toy 9/250

 -- MarkovChainMC -- 
Limit: r < 3.38663 +/- 0.0372885 @ 95% credibility (15 tries)
Done in 0.21 min (cpu), 0.22 min (real)
Generate toy 10/250

 -- MarkovChainMC -- 
Limit: r < 1.07135 +/- 0.0206588 @ 95% credibility (15 tries)
Done in 0.19 min (cpu), 0.20 min (real)
Generate toy 11/250

 -- MarkovChainMC -- 
Limit: r < 1.12108 +/- 0.0204941 @ 95% credibility (15 tries)
Done in 0.19 min (cpu), 0.19 min (real)
Generate toy 12/250

 -- MarkovChainMC -- 
Limit: r < 1.55657 +/- 0.0273779 @ 95% credibility (15 tries)
Done in 0.19 min (cpu), 0.19 min (real)
Generate toy 13/250

 -- MarkovChainMC -- 
Limit: r < 2.82376 +/- 0.0605161 @ 95% credibility (15 tries)
Done in 0.20 min (cpu), 0.21 min (real)
Generate toy 14/250

 -- MarkovChainMC -- 
Limit: r < 1.85133 +/- 0.0302137 @ 95% credibility (15 tries)
Done in 0.19 min (cpu), 0.19 min (real)
Generate toy 15/250

 -- MarkovChainMC -- 
Limit: r < 2.25431 +/- 0.0353117 @ 95% credibility (15 tries)
Done in 0.19 min (cpu), 0.19 min (real)
Generate toy 16/250

 -- MarkovChainMC -- 
Limit: r < 1.8361 +/- 0.0201869 @ 95% credibility (15 tries)
Done in 0.20 min (cpu), 0.21 min (real)
Generate toy 17/250

 -- MarkovChainMC -- 
Limit: r < 2.94239 +/- 0.0306456 @ 95% credibility (15 tries)
Done in 0.19 min (cpu), 0.19 min (real)
Generate toy 18/250

 -- MarkovChainMC -- 
Limit: r < 1.15785 +/- 0.0319377 @ 95% credibility (15 tries)
Done in 0.19 min (cpu), 0.19 min (real)
Generate toy 19/250

 -- MarkovChainMC -- 
Limit: r < 2.40076 +/- 0.0454182 @ 95% credibility (15 tries)
Done in 0.19 min (cpu), 0.20 min (real)
Generate toy 20/250

 -- MarkovChainMC -- 
Limit: r < 1.58461 +/- 0.0374261 @ 95% credibility (15 tries)
Done in 0.20 min (cpu), 0.20 min (real)
Generate toy 21/250

 -- MarkovChainMC -- 
Limit: r < 1.57061 +/- 0.0269928 @ 95% credibility (15 tries)
Done in 0.19 min (cpu), 0.20 min (real)
Generate toy 22/250

 -- MarkovChainMC -- 
Limit: r < 2.27291 +/- 0.0522919 @ 95% credibility (15 tries)
Done in 0.19 min (cpu), 0.19 min (real)
Generate toy 23/250

 -- MarkovChainMC -- 
Limit: r < 2.26975 +/- 0.0618705 @ 95% credibility (15 tries)
Done in 0.18 min (cpu), 0.18 min (real)
Generate toy 24/250

 -- MarkovChainMC -- 
Limit: r < 1.46733 +/- 0.0227416 @ 95% credibility (15 tries)
Done in 0.18 min (cpu), 0.18 min (real)
Generate toy 25/250

 -- MarkovChainMC -- 
Limit: r < 2.42646 +/- 0.0465486 @ 95% credibility (15 tries)
Done in 0.17 min (cpu), 0.17 min (real)
Generate toy 26/250

 -- MarkovChainMC -- 
Limit: r < 1.94768 +/- 0.0267507 @ 95% credibility (15 tries)
Done in 0.18 min (cpu), 0.18 min (real)
Generate toy 27/250

 -- MarkovChainMC -- 
Limit: r < 1.59525 +/- 0.0217206 @ 95% credibility (15 tries)
Done in 0.18 min (cpu), 0.18 min (real)
Generate toy 28/250

 -- MarkovChainMC -- 
Limit: r < 2.8994 +/- 0.0443668 @ 95% credibility (15 tries)
Done in 0.19 min (cpu), 0.19 min (real)
Generate toy 29/250

 -- MarkovChainMC -- 
Limit: r < 1.91069 +/- 0.0304142 @ 95% credibility (15 tries)
Done in 0.17 min (cpu), 0.17 min (real)
Generate toy 30/250

 -- MarkovChainMC -- 
Limit: r < 2.7225 +/- 0.0403894 @ 95% credibility (15 tries)
Done in 0.18 min (cpu), 0.19 min (real)
Generate toy 31/250

 -- MarkovChainMC -- 
Limit: r < 1.43512 +/- 0.0400695 @ 95% credibility (15 tries)
Done in 0.19 min (cpu), 0.19 min (real)
Generate toy 32/250

 -- MarkovChainMC -- 
Limit: r < 1.69289 +/- 0.0343342 @ 95% credibility (15 tries)
Done in 0.17 min (cpu), 0.18 min (real)
Generate toy 33/250

 -- MarkovChainMC -- 
Limit: r < 1.79041 +/- 0.0181284 @ 95% credibility (15 tries)
Done in 0.20 min (cpu), 0.20 min (real)
Generate toy 34/250

 -- MarkovChainMC -- 
Limit: r < 2.80684 +/- 0.0444087 @ 95% credibility (15 tries)
Done in 0.19 min (cpu), 0.19 min (real)
Generate toy 35/250

 -- MarkovChainMC -- 
Limit: r < 2.75308 +/- 0.0378404 @ 95% credibility (15 tries)
Done in 0.19 min (cpu), 0.19 min (real)
Generate toy 36/250

 -- MarkovChainMC -- 
Limit: r < 2.24096 +/- 0.0399293 @ 95% credibility (15 tries)
Done in 0.18 min (cpu), 0.18 min (real)
Generate toy 37/250

 -- MarkovChainMC -- 
Limit: r < 1.74172 +/- 0.032685 @ 95% credibility (15 tries)
Done in 0.19 min (cpu), 0.19 min (real)
Generate toy 38/250

 -- MarkovChainMC -- 
Limit: r < 3.17837 +/- 0.0354566 @ 95% credibility (15 tries)
Done in 0.20 min (cpu), 0.20 min (real)
Generate toy 39/250

 -- MarkovChainMC -- 
Limit: r < 1.57291 +/- 0.0210281 @ 95% credibility (15 tries)
Done in 0.20 min (cpu), 0.21 min (real)
Generate toy 40/250

 -- MarkovChainMC -- 
Limit: r < 2.64583 +/- 0.0596845 @ 95% credibility (15 tries)
Done in 0.20 min (cpu), 0.21 min (real)
Generate toy 41/250

 -- MarkovChainMC -- 
Limit: r < 2.2276 +/- 0.0292477 @ 95% credibility (15 tries)
Done in 0.19 min (cpu), 0.20 min (real)
Generate toy 42/250

 -- MarkovChainMC -- 
Limit: r < 3.04695 +/- 0.0410032 @ 95% credibility (15 tries)
Done in 0.20 min (cpu), 0.20 min (real)
Generate toy 43/250

 -- MarkovChainMC -- 
Limit: r < 1.3778 +/- 0.0300694 @ 95% credibility (15 tries)
Done in 0.20 min (cpu), 0.20 min (real)
Generate toy 44/250

 -- MarkovChainMC -- 
Limit: r < 1.69432 +/- 0.0303635 @ 95% credibility (15 tries)
Done in 0.19 min (cpu), 0.19 min (real)
Generate toy 45/250

 -- MarkovChainMC -- 
Limit: r < 1.43117 +/- 0.0113147 @ 95% credibility (15 tries)
Done in 0.20 min (cpu), 0.20 min (real)
Generate toy 46/250

 -- MarkovChainMC -- 
Limit: r < 0.911956 +/- 0.033443 @ 95% credibility (15 tries)
Done in 0.19 min (cpu), 0.20 min (real)
Generate toy 47/250

 -- MarkovChainMC -- 
Limit: r < 1.86843 +/- 0.0376557 @ 95% credibility (15 tries)
Done in 0.20 min (cpu), 0.21 min (real)
Generate toy 48/250

 -- MarkovChainMC -- 
Limit: r < 2.03768 +/- 0.0255688 @ 95% credibility (15 tries)
Done in 0.19 min (cpu), 0.19 min (real)
Generate toy 49/250

 -- MarkovChainMC -- 
Limit: r < 1.79558 +/- 0.0304636 @ 95% credibility (15 tries)
Done in 0.18 min (cpu), 0.18 min (real)
Generate toy 50/250

 -- MarkovChainMC -- 
Limit: r < 1.75019 +/- 0.0243641 @ 95% credibility (15 tries)
Done in 0.17 min (cpu), 0.18 min (real)
Generate toy 51/250

 -- MarkovChainMC -- 
Limit: r < 1.3839 +/- 0.0307957 @ 95% credibility (15 tries)
Done in 0.16 min (cpu), 0.16 min (real)
Generate toy 52/250

 -- MarkovChainMC -- 
Limit: r < 0.74866 +/- 0.0130242 @ 95% credibility (15 tries)
Done in 0.15 min (cpu), 0.15 min (real)
Generate toy 53/250

 -- MarkovChainMC -- 
Limit: r < 2.31604 +/- 0.0456101 @ 95% credibility (15 tries)
Done in 0.17 min (cpu), 0.17 min (real)
Generate toy 54/250

 -- MarkovChainMC -- 
Limit: r < 1.29953 +/- 0.0296516 @ 95% credibility (15 tries)
Done in 0.17 min (cpu), 0.17 min (real)
Generate toy 55/250

 -- MarkovChainMC -- 
Limit: r < 1.67701 +/- 0.0261963 @ 95% credibility (15 tries)
Done in 0.22 min (cpu), 0.22 min (real)
Generate toy 56/250

 -- MarkovChainMC -- 
Limit: r < 1.75932 +/- 0.0347221 @ 95% credibility (15 tries)
Done in 0.19 min (cpu), 0.20 min (real)
Generate toy 57/250

 -- MarkovChainMC -- 
Limit: r < 1.82695 +/- 0.0389421 @ 95% credibility (15 tries)
Done in 0.16 min (cpu), 0.16 min (real)
Generate toy 58/250

 -- MarkovChainMC -- 
Limit: r < 1.61572 +/- 0.0255355 @ 95% credibility (15 tries)
Done in 0.17 min (cpu), 0.18 min (real)
Generate toy 59/250

 -- MarkovChainMC -- 
Limit: r < 2.78028 +/- 0.066173 @ 95% credibility (15 tries)
Done in 0.17 min (cpu), 0.17 min (real)
Generate toy 60/250

 -- MarkovChainMC -- 
Limit: r < 2.06536 +/- 0.0205534 @ 95% credibility (15 tries)
Done in 0.17 min (cpu), 0.17 min (real)
Generate toy 61/250

 -- MarkovChainMC -- 
Limit: r < 1.29561 +/- 0.023269 @ 95% credibility (15 tries)
Done in 0.14 min (cpu), 0.14 min (real)
Generate toy 62/250

 -- MarkovChainMC -- 
Limit: r < 3.7393 +/- 0.0665819 @ 95% credibility (15 tries)
Done in 0.16 min (cpu), 0.16 min (real)
Generate toy 63/250

 -- MarkovChainMC -- 
Limit: r < 2.21343 +/- 0.0462952 @ 95% credibility (15 tries)
Done in 0.14 min (cpu), 0.14 min (real)
Generate toy 64/250

 -- MarkovChainMC -- 
Limit: r < 1.95525 +/- 0.0232728 @ 95% credibility (15 tries)
Done in 0.13 min (cpu), 0.13 min (real)
Generate toy 65/250

 -- MarkovChainMC -- 
Limit: r < 0.983139 +/- 0.017 @ 95% credibility (15 tries)
Done in 0.15 min (cpu), 0.15 min (real)
Generate toy 66/250

 -- MarkovChainMC -- 
Limit: r < 1.82667 +/- 0.0314667 @ 95% credibility (15 tries)
Done in 0.17 min (cpu), 0.17 min (real)
Generate toy 67/250

 -- MarkovChainMC -- 
Limit: r < 1.69698 +/- 0.0210277 @ 95% credibility (15 tries)
Done in 0.14 min (cpu), 0.14 min (real)
Generate toy 68/250

 -- MarkovChainMC -- 
Limit: r < 2.89832 +/- 0.0448331 @ 95% credibility (15 tries)
Done in 0.17 min (cpu), 0.17 min (real)
Generate toy 69/250

 -- MarkovChainMC -- 
Limit: r < 1.91647 +/- 0.0258645 @ 95% credibility (15 tries)
Done in 0.14 min (cpu), 0.14 min (real)
Generate toy 70/250

 -- MarkovChainMC -- 
Limit: r < 2.45817 +/- 0.0570357 @ 95% credibility (15 tries)
Done in 0.15 min (cpu), 0.15 min (real)
Generate toy 71/250

 -- MarkovChainMC -- 
Limit: r < 1.19642 +/- 0.0184243 @ 95% credibility (15 tries)
Done in 0.14 min (cpu), 0.14 min (real)
Generate toy 72/250

 -- MarkovChainMC -- 
Limit: r < 2.01833 +/- 0.0492095 @ 95% credibility (15 tries)
Done in 0.14 min (cpu), 0.14 min (real)
Generate toy 73/250

 -- MarkovChainMC -- 
Limit: r < 1.27275 +/- 0.0102017 @ 95% credibility (15 tries)
Done in 0.15 min (cpu), 0.15 min (real)
Generate toy 74/250

 -- MarkovChainMC -- 
Limit: r < 1.94301 +/- 0.0410899 @ 95% credibility (15 tries)
Done in 0.13 min (cpu), 0.13 min (real)
Generate toy 75/250

 -- MarkovChainMC -- 
Limit: r < 2.21929 +/- 0.018499 @ 95% credibility (15 tries)
Done in 0.15 min (cpu), 0.15 min (real)
Generate toy 76/250

 -- MarkovChainMC -- 
Limit: r < 1.69565 +/- 0.0338271 @ 95% credibility (15 tries)
Done in 0.13 min (cpu), 0.13 min (real)
Generate toy 77/250

 -- MarkovChainMC -- 
Limit: r < 3.54277 +/- 0.0417622 @ 95% credibility (15 tries)
Done in 0.13 min (cpu), 0.13 min (real)
Generate toy 78/250

 -- MarkovChainMC -- 
Limit: r < 2.64224 +/- 0.0221936 @ 95% credibility (15 tries)
Done in 0.14 min (cpu), 0.14 min (real)
Generate toy 79/250

 -- MarkovChainMC -- 
Limit: r < 1.44751 +/- 0.0313652 @ 95% credibility (15 tries)
Done in 0.13 min (cpu), 0.13 min (real)
Generate toy 80/250

 -- MarkovChainMC -- 
Limit: r < 1.05503 +/- 0.0221203 @ 95% credibility (15 tries)
Done in 0.13 min (cpu), 0.13 min (real)
Generate toy 81/250

 -- MarkovChainMC -- 
Limit: r < 2.48098 +/- 0.0248438 @ 95% credibility (15 tries)
Done in 0.14 min (cpu), 0.14 min (real)
Generate toy 82/250

 -- MarkovChainMC -- 
Limit: r < 2.3978 +/- 0.0409296 @ 95% credibility (15 tries)
Done in 0.13 min (cpu), 0.13 min (real)
Generate toy 83/250

 -- MarkovChainMC -- 
Limit: r < 1.70369 +/- 0.0299094 @ 95% credibility (15 tries)
Done in 0.13 min (cpu), 0.13 min (real)
Generate toy 84/250

 -- MarkovChainMC -- 
Limit: r < 2.85985 +/- 0.0548045 @ 95% credibility (15 tries)
Done in 0.16 min (cpu), 0.16 min (real)
Generate toy 85/250

 -- MarkovChainMC -- 
Limit: r < 1.39337 +/- 0.0273387 @ 95% credibility (15 tries)
Done in 0.16 min (cpu), 0.16 min (real)
Generate toy 86/250

 -- MarkovChainMC -- 
Limit: r < 2.07364 +/- 0.0234888 @ 95% credibility (15 tries)
Done in 0.21 min (cpu), 0.21 min (real)
Generate toy 87/250

 -- MarkovChainMC -- 
Limit: r < 0.940812 +/- 0.0185138 @ 95% credibility (15 tries)
Done in 0.15 min (cpu), 0.15 min (real)
Generate toy 88/250

 -- MarkovChainMC -- 
Limit: r < 1.01845 +/- 0.0164013 @ 95% credibility (15 tries)
Done in 0.15 min (cpu), 0.15 min (real)
Generate toy 89/250

 -- MarkovChainMC -- 
Limit: r < 1.94394 +/- 0.0295238 @ 95% credibility (15 tries)
Done in 0.15 min (cpu), 0.15 min (real)
Generate toy 90/250

 -- MarkovChainMC -- 
Limit: r < 1.10529 +/- 0.0209233 @ 95% credibility (15 tries)
Done in 0.15 min (cpu), 0.15 min (real)
Generate toy 91/250

 -- MarkovChainMC -- 
Limit: r < 2.65043 +/- 0.0576687 @ 95% credibility (15 tries)
Done in 0.16 min (cpu), 0.17 min (real)
Generate toy 92/250

 -- MarkovChainMC -- 
Limit: r < 1.61746 +/- 0.0329608 @ 95% credibility (15 tries)
Done in 0.15 min (cpu), 0.15 min (real)
Generate toy 93/250

 -- MarkovChainMC -- 
Limit: r < 1.81778 +/- 0.0152515 @ 95% credibility (15 tries)
Done in 0.17 min (cpu), 0.17 min (real)
Generate toy 94/250

 -- MarkovChainMC -- 
Limit: r < 2.188 +/- 0.0275468 @ 95% credibility (15 tries)
Done in 0.15 min (cpu), 0.15 min (real)
Generate toy 95/250

 -- MarkovChainMC -- 
Limit: r < 3.39919 +/- 0.0416389 @ 95% credibility (15 tries)
Done in 0.17 min (cpu), 0.17 min (real)
Generate toy 96/250

 -- MarkovChainMC -- 
Limit: r < 2.18192 +/- 0.0415357 @ 95% credibility (15 tries)
Done in 0.16 min (cpu), 0.16 min (real)
Generate toy 97/250

 -- MarkovChainMC -- 
Limit: r < 1.68463 +/- 0.0306828 @ 95% credibility (15 tries)
Done in 0.15 min (cpu), 0.15 min (real)
Generate toy 98/250

 -- MarkovChainMC -- 
Limit: r < 1.32556 +/- 0.0273373 @ 95% credibility (15 tries)
Done in 0.15 min (cpu), 0.15 min (real)
Generate toy 99/250

 -- MarkovChainMC -- 
Limit: r < 1.42563 +/- 0.0266767 @ 95% credibility (15 tries)
Done in 0.17 min (cpu), 0.17 min (real)
Generate toy 100/250

 -- MarkovChainMC -- 
Limit: r < 2.16966 +/- 0.0357926 @ 95% credibility (15 tries)
Done in 0.17 min (cpu), 0.17 min (real)
Generate toy 101/250

 -- MarkovChainMC -- 
Limit: r < 2.75722 +/- 0.0355678 @ 95% credibility (15 tries)
Done in 0.15 min (cpu), 0.15 min (real)
Generate toy 102/250

 -- MarkovChainMC -- 
Limit: r < 3.17611 +/- 0.0665332 @ 95% credibility (15 tries)
Done in 0.14 min (cpu), 0.14 min (real)
Generate toy 103/250

 -- MarkovChainMC -- 
Limit: r < 2.60462 +/- 0.0387402 @ 95% credibility (15 tries)
Done in 0.14 min (cpu), 0.14 min (real)
Generate toy 104/250

 -- MarkovChainMC -- 
Limit: r < 3.19598 +/- 0.0466597 @ 95% credibility (15 tries)
Done in 0.15 min (cpu), 0.15 min (real)
Generate toy 105/250

 -- MarkovChainMC -- 
Limit: r < 3.21055 +/- 0.0488777 @ 95% credibility (15 tries)
Done in 0.16 min (cpu), 0.17 min (real)
Generate toy 106/250

 -- MarkovChainMC -- 
Limit: r < 1.8516 +/- 0.0293584 @ 95% credibility (15 tries)
Done in 0.14 min (cpu), 0.15 min (real)
Generate toy 107/250

 -- MarkovChainMC -- 
Limit: r < 2.19296 +/- 0.0393606 @ 95% credibility (15 tries)
Done in 0.13 min (cpu), 0.13 min (real)
Generate toy 108/250

 -- MarkovChainMC -- 
Limit: r < 1.68696 +/- 0.02476 @ 95% credibility (15 tries)
Done in 0.14 min (cpu), 0.14 min (real)
Generate toy 109/250

 -- MarkovChainMC -- 
Limit: r < 2.25201 +/- 0.0515606 @ 95% credibility (15 tries)
Done in 0.13 min (cpu), 0.13 min (real)
Generate toy 110/250

 -- MarkovChainMC -- 
Limit: r < 2.59305 +/- 0.0574122 @ 95% credibility (15 tries)
Done in 0.15 min (cpu), 0.15 min (real)
Generate toy 111/250

 -- MarkovChainMC -- 
Limit: r < 2.09983 +/- 0.0311212 @ 95% credibility (15 tries)
Done in 0.14 min (cpu), 0.14 min (real)
Generate toy 112/250

 -- MarkovChainMC -- 
Limit: r < 1.95056 +/- 0.0273639 @ 95% credibility (15 tries)
Done in 0.14 min (cpu), 0.14 min (real)
Generate toy 113/250

 -- MarkovChainMC -- 
Limit: r < 1.24864 +/- 0.0250121 @ 95% credibility (15 tries)
Done in 0.17 min (cpu), 0.17 min (real)
Generate toy 114/250

 -- MarkovChainMC -- 
Limit: r < 2.0625 +/- 0.0333093 @ 95% credibility (15 tries)
Done in 0.21 min (cpu), 0.21 min (real)
Generate toy 115/250

 -- MarkovChainMC -- 
Limit: r < 3.00675 +/- 0.076883 @ 95% credibility (15 tries)
Done in 0.16 min (cpu), 0.16 min (real)
Generate toy 116/250

 -- MarkovChainMC -- 
Limit: r < 1.08331 +/- 0.0253984 @ 95% credibility (15 tries)
Done in 0.16 min (cpu), 0.16 min (real)
Generate toy 117/250

 -- MarkovChainMC -- 
Limit: r < 1.97326 +/- 0.0391961 @ 95% credibility (15 tries)
Done in 0.17 min (cpu), 0.17 min (real)
Generate toy 118/250

 -- MarkovChainMC -- 
Limit: r < 3.06757 +/- 0.0371532 @ 95% credibility (15 tries)
Done in 0.18 min (cpu), 0.18 min (real)
Generate toy 119/250

 -- MarkovChainMC -- 
Limit: r < 1.81274 +/- 0.0257702 @ 95% credibility (15 tries)
Done in 0.17 min (cpu), 0.17 min (real)
Generate toy 120/250

 -- MarkovChainMC -- 
Limit: r < 1.67452 +/- 0.0222723 @ 95% credibility (15 tries)
Done in 0.18 min (cpu), 0.19 min (real)
Generate toy 121/250

 -- MarkovChainMC -- 
Limit: r < 2.92307 +/- 0.037605 @ 95% credibility (15 tries)
Done in 0.18 min (cpu), 0.19 min (real)
Generate toy 122/250

 -- MarkovChainMC -- 
Limit: r < 4.54759 +/- 0.0465089 @ 95% credibility (15 tries)
Done in 0.18 min (cpu), 0.18 min (real)
Generate toy 123/250

 -- MarkovChainMC -- 
Limit: r < 3.32345 +/- 0.0279753 @ 95% credibility (15 tries)
Done in 0.19 min (cpu), 0.19 min (real)
Generate toy 124/250

 -- MarkovChainMC -- 
Limit: r < 2.54177 +/- 0.0281096 @ 95% credibility (15 tries)
Done in 0.20 min (cpu), 0.20 min (real)
Generate toy 125/250

 -- MarkovChainMC -- 
Limit: r < 1.73001 +/- 0.0237278 @ 95% credibility (15 tries)
Done in 0.20 min (cpu), 0.21 min (real)
Generate toy 126/250

 -- MarkovChainMC -- 
Limit: r < 1.06646 +/- 0.0201473 @ 95% credibility (15 tries)
Done in 0.20 min (cpu), 0.22 min (real)
Generate toy 127/250

 -- MarkovChainMC -- 
Limit: r < 3.07101 +/- 0.0257854 @ 95% credibility (15 tries)
Done in 0.21 min (cpu), 0.22 min (real)
Generate toy 128/250

 -- MarkovChainMC -- 
Limit: r < 2.41833 +/- 0.0434267 @ 95% credibility (15 tries)
Done in 0.20 min (cpu), 0.20 min (real)
Generate toy 129/250

 -- MarkovChainMC -- 
Limit: r < 3.34014 +/- 0.0659228 @ 95% credibility (15 tries)
Done in 0.19 min (cpu), 0.20 min (real)
Generate toy 130/250

 -- MarkovChainMC -- 
Limit: r < 1.64874 +/- 0.0393183 @ 95% credibility (15 tries)
Done in 0.19 min (cpu), 0.20 min (real)
Generate toy 131/250

 -- MarkovChainMC -- 
Limit: r < 2.58065 +/- 0.0271102 @ 95% credibility (15 tries)
Done in 0.18 min (cpu), 0.19 min (real)
Generate toy 132/250

 -- MarkovChainMC -- 
Limit: r < 3.13569 +/- 0.0259874 @ 95% credibility (15 tries)
Done in 0.20 min (cpu), 0.21 min (real)
Generate toy 133/250

 -- MarkovChainMC -- 
Limit: r < 1.8337 +/- 0.0343431 @ 95% credibility (15 tries)
Done in 0.20 min (cpu), 0.20 min (real)
Generate toy 134/250

 -- MarkovChainMC -- 
Limit: r < 1.92562 +/- 0.0470903 @ 95% credibility (15 tries)
Done in 0.20 min (cpu), 0.20 min (real)
Generate toy 135/250

 -- MarkovChainMC -- 
Limit: r < 2.08755 +/- 0.0302834 @ 95% credibility (15 tries)
Done in 0.18 min (cpu), 0.18 min (real)
Generate toy 136/250

 -- MarkovChainMC -- 
Limit: r < 1.50656 +/- 0.0142893 @ 95% credibility (15 tries)
Done in 0.18 min (cpu), 0.19 min (real)
Generate toy 137/250

 -- MarkovChainMC -- 
Limit: r < 1.79013 +/- 0.0250016 @ 95% credibility (15 tries)
Done in 0.18 min (cpu), 0.18 min (real)
Generate toy 138/250

 -- MarkovChainMC -- 
Limit: r < 1.59594 +/- 0.0462566 @ 95% credibility (15 tries)
Done in 0.19 min (cpu), 0.19 min (real)
Generate toy 139/250

 -- MarkovChainMC -- 
Limit: r < 1.87294 +/- 0.0115234 @ 95% credibility (15 tries)
Done in 0.18 min (cpu), 0.18 min (real)
Generate toy 140/250

 -- MarkovChainMC -- 
Limit: r < 2.48915 +/- 0.026288 @ 95% credibility (15 tries)
Done in 0.17 min (cpu), 0.17 min (real)
Generate toy 141/250

 -- MarkovChainMC -- 
Limit: r < 2.34336 +/- 0.0488658 @ 95% credibility (15 tries)
Done in 0.19 min (cpu), 0.20 min (real)
Generate toy 142/250

 -- MarkovChainMC -- 
Limit: r < 2.72088 +/- 0.0536019 @ 95% credibility (15 tries)
Done in 0.19 min (cpu), 0.19 min (real)
Generate toy 143/250

 -- MarkovChainMC -- 
Limit: r < 1.5774 +/- 0.0407758 @ 95% credibility (15 tries)
Done in 0.17 min (cpu), 0.17 min (real)
Generate toy 144/250

 -- MarkovChainMC -- 
Limit: r < 3.30275 +/- 0.0575996 @ 95% credibility (15 tries)
Done in 0.20 min (cpu), 0.20 min (real)
Generate toy 145/250

 -- MarkovChainMC -- 
Limit: r < 2.39841 +/- 0.0519374 @ 95% credibility (15 tries)
Done in 0.18 min (cpu), 0.18 min (real)
Generate toy 146/250

 -- MarkovChainMC -- 
Limit: r < 2.15361 +/- 0.0326391 @ 95% credibility (15 tries)
Done in 0.16 min (cpu), 0.16 min (real)
Generate toy 147/250

 -- MarkovChainMC -- 
Limit: r < 1.89067 +/- 0.0393683 @ 95% credibility (15 tries)
Done in 0.18 min (cpu), 0.18 min (real)
Generate toy 148/250

 -- MarkovChainMC -- 
Limit: r < 2.01599 +/- 0.0179741 @ 95% credibility (15 tries)
Done in 0.15 min (cpu), 0.15 min (real)
Generate toy 149/250

 -- MarkovChainMC -- 
Limit: r < 1.83739 +/- 0.0376321 @ 95% credibility (15 tries)
Done in 0.18 min (cpu), 0.18 min (real)
Generate toy 150/250

 -- MarkovChainMC -- 
Limit: r < 1.89128 +/- 0.0383333 @ 95% credibility (15 tries)
Done in 0.17 min (cpu), 0.17 min (real)
Generate toy 151/250

 -- MarkovChainMC -- 
Limit: r < 1.64787 +/- 0.0266867 @ 95% credibility (15 tries)
Done in 0.15 min (cpu), 0.15 min (real)
Generate toy 152/250

 -- MarkovChainMC -- 
Limit: r < 2.81646 +/- 0.0502544 @ 95% credibility (15 tries)
Done in 0.14 min (cpu), 0.14 min (real)
Generate toy 153/250

 -- MarkovChainMC -- 
Limit: r < 1.20453 +/- 0.0363372 @ 95% credibility (15 tries)
Done in 0.16 min (cpu), 0.16 min (real)
Generate toy 154/250

 -- MarkovChainMC -- 
Limit: r < 1.64254 +/- 0.0240895 @ 95% credibility (15 tries)
Done in 0.14 min (cpu), 0.14 min (real)
Generate toy 155/250

 -- MarkovChainMC -- 
Limit: r < 2.97851 +/- 0.0146684 @ 95% credibility (15 tries)
Done in 0.17 min (cpu), 0.17 min (real)
Generate toy 156/250

 -- MarkovChainMC -- 
Limit: r < 3.5094 +/- 0.070276 @ 95% credibility (15 tries)
Done in 0.16 min (cpu), 0.16 min (real)
Generate toy 157/250

 -- MarkovChainMC -- 
Limit: r < 3.02879 +/- 0.0453106 @ 95% credibility (15 tries)
Done in 0.17 min (cpu), 0.17 min (real)
Generate toy 158/250

 -- MarkovChainMC -- 
Limit: r < 3.19847 +/- 0.0375566 @ 95% credibility (15 tries)
Done in 0.14 min (cpu), 0.15 min (real)
Generate toy 159/250

 -- MarkovChainMC -- 
Limit: r < 2.29939 +/- 0.0517258 @ 95% credibility (15 tries)
Done in 0.19 min (cpu), 0.19 min (real)
Generate toy 160/250

 -- MarkovChainMC -- 
Limit: r < 1.33216 +/- 0.0246154 @ 95% credibility (15 tries)
Done in 0.17 min (cpu), 0.17 min (real)
Generate toy 161/250

 -- MarkovChainMC -- 
Limit: r < 2.75296 +/- 0.0242483 @ 95% credibility (15 tries)
Done in 0.21 min (cpu), 0.22 min (real)
Generate toy 162/250

 -- MarkovChainMC -- 
Limit: r < 2.00652 +/- 0.0327721 @ 95% credibility (15 tries)
Done in 0.22 min (cpu), 0.22 min (real)
Generate toy 163/250

 -- MarkovChainMC -- 
Limit: r < 1.28546 +/- 0.0338392 @ 95% credibility (15 tries)
Done in 0.21 min (cpu), 0.21 min (real)
Generate toy 164/250

 -- MarkovChainMC -- 
Limit: r < 1.89242 +/- 0.0387254 @ 95% credibility (15 tries)
Done in 0.22 min (cpu), 0.23 min (real)
Generate toy 165/250

 -- MarkovChainMC -- 
Limit: r < 2.21403 +/- 0.030898 @ 95% credibility (15 tries)
Done in 0.22 min (cpu), 0.22 min (real)
Generate toy 166/250

 -- MarkovChainMC -- 
Limit: r < 1.05742 +/- 0.0376041 @ 95% credibility (15 tries)
Done in 0.21 min (cpu), 0.22 min (real)
Generate toy 167/250

 -- MarkovChainMC -- 
Limit: r < 1.3787 +/- 0.0290988 @ 95% credibility (15 tries)
Done in 0.22 min (cpu), 0.22 min (real)
Generate toy 168/250

 -- MarkovChainMC -- 
Limit: r < 1.41113 +/- 0.0292211 @ 95% credibility (15 tries)
Done in 0.22 min (cpu), 0.22 min (real)
Generate toy 169/250

 -- MarkovChainMC -- 
Limit: r < 1.32243 +/- 0.0277302 @ 95% credibility (15 tries)
Done in 0.22 min (cpu), 0.22 min (real)
Generate toy 170/250

 -- MarkovChainMC -- 
Limit: r < 2.15366 +/- 0.0238662 @ 95% credibility (15 tries)
Done in 0.22 min (cpu), 0.22 min (real)
Generate toy 171/250

 -- MarkovChainMC -- 
Limit: r < 2.38983 +/- 0.0349681 @ 95% credibility (15 tries)
Done in 0.22 min (cpu), 0.22 min (real)
Generate toy 172/250

 -- MarkovChainMC -- 
Limit: r < 2.96598 +/- 0.0605452 @ 95% credibility (15 tries)
Done in 0.22 min (cpu), 0.23 min (real)
Generate toy 173/250

 -- MarkovChainMC -- 
Limit: r < 1.67121 +/- 0.0178607 @ 95% credibility (15 tries)
Done in 0.22 min (cpu), 0.23 min (real)
Generate toy 174/250

 -- MarkovChainMC -- 
Limit: r < 4.1567 +/- 0.0696984 @ 95% credibility (15 tries)
Done in 0.23 min (cpu), 0.24 min (real)
Generate toy 175/250

 -- MarkovChainMC -- 
Limit: r < 2.66775 +/- 0.0756709 @ 95% credibility (15 tries)
Done in 0.22 min (cpu), 0.23 min (real)
Generate toy 176/250

 -- MarkovChainMC -- 
Limit: r < 2.35889 +/- 0.0316724 @ 95% credibility (15 tries)
Done in 0.23 min (cpu), 0.23 min (real)
Generate toy 177/250

 -- MarkovChainMC -- 
Limit: r < 2.00135 +/- 0.0322885 @ 95% credibility (15 tries)
Done in 0.22 min (cpu), 0.23 min (real)
Generate toy 178/250

 -- MarkovChainMC -- 
Limit: r < 2.06824 +/- 0.035018 @ 95% credibility (15 tries)
Done in 0.22 min (cpu), 0.22 min (real)
Generate toy 179/250

 -- MarkovChainMC -- 
Limit: r < 1.413 +/- 0.0339093 @ 95% credibility (15 tries)
Done in 0.22 min (cpu), 0.22 min (real)
Generate toy 180/250

 -- MarkovChainMC -- 
Limit: r < 2.93978 +/- 0.0334113 @ 95% credibility (15 tries)
Done in 0.23 min (cpu), 0.23 min (real)
Generate toy 181/250

 -- MarkovChainMC -- 
Limit: r < 2.64197 +/- 0.0576288 @ 95% credibility (15 tries)
Done in 0.23 min (cpu), 0.24 min (real)
Generate toy 182/250

 -- MarkovChainMC -- 
Limit: r < 2.69535 +/- 0.0364469 @ 95% credibility (15 tries)
Done in 0.23 min (cpu), 0.24 min (real)
Generate toy 183/250

 -- MarkovChainMC -- 
Limit: r < 1.97911 +/- 0.0390998 @ 95% credibility (15 tries)
Done in 0.22 min (cpu), 0.22 min (real)
Generate toy 184/250

 -- MarkovChainMC -- 
Limit: r < 1.96695 +/- 0.0324298 @ 95% credibility (15 tries)
Done in 0.21 min (cpu), 0.21 min (real)
Generate toy 185/250

 -- MarkovChainMC -- 
Limit: r < 2.02635 +/- 0.0234731 @ 95% credibility (15 tries)
Done in 0.22 min (cpu), 0.22 min (real)
Generate toy 186/250

 -- MarkovChainMC -- 
Limit: r < 1.7127 +/- 0.0265747 @ 95% credibility (15 tries)
Done in 0.22 min (cpu), 0.23 min (real)
Generate toy 187/250

 -- MarkovChainMC -- 
Limit: r < 1.51012 +/- 0.0270345 @ 95% credibility (15 tries)
Done in 0.23 min (cpu), 0.23 min (real)
Generate toy 188/250

 -- MarkovChainMC -- 
Limit: r < 3.15639 +/- 0.0672844 @ 95% credibility (15 tries)
Done in 0.23 min (cpu), 0.23 min (real)
Generate toy 189/250

 -- MarkovChainMC -- 
Limit: r < 1.32831 +/- 0.0280132 @ 95% credibility (15 tries)
Done in 0.22 min (cpu), 0.22 min (real)
Generate toy 190/250

 -- MarkovChainMC -- 
Limit: r < 2.31437 +/- 0.0456395 @ 95% credibility (15 tries)
Done in 0.23 min (cpu), 0.24 min (real)
Generate toy 191/250

 -- MarkovChainMC -- 
Limit: r < 1.41747 +/- 0.030199 @ 95% credibility (15 tries)
Done in 0.22 min (cpu), 0.23 min (real)
Generate toy 192/250

 -- MarkovChainMC -- 
Limit: r < 3.2014 +/- 0.0692557 @ 95% credibility (15 tries)
Done in 0.23 min (cpu), 0.23 min (real)
Generate toy 193/250

 -- MarkovChainMC -- 
Limit: r < 1.63721 +/- 0.0444082 @ 95% credibility (15 tries)
Done in 0.22 min (cpu), 0.23 min (real)
Generate toy 194/250

 -- MarkovChainMC -- 
Limit: r < 1.90771 +/- 0.0361757 @ 95% credibility (15 tries)
Done in 0.22 min (cpu), 0.23 min (real)
Generate toy 195/250

 -- MarkovChainMC -- 
Limit: r < 3.03982 +/- 0.0455974 @ 95% credibility (15 tries)
Done in 0.23 min (cpu), 0.24 min (real)
Generate toy 196/250

 -- MarkovChainMC -- 
Limit: r < 3.09303 +/- 0.0400177 @ 95% credibility (15 tries)
Done in 0.23 min (cpu), 0.23 min (real)
Generate toy 197/250

 -- MarkovChainMC -- 
Limit: r < 1.772 +/- 0.0268153 @ 95% credibility (15 tries)
Done in 0.22 min (cpu), 0.23 min (real)
Generate toy 198/250

 -- MarkovChainMC -- 
Limit: r < 1.56447 +/- 0.0228282 @ 95% credibility (15 tries)
Done in 0.23 min (cpu), 0.23 min (real)
Generate toy 199/250

 -- MarkovChainMC -- 
Limit: r < 1.85681 +/- 0.0336189 @ 95% credibility (15 tries)
Done in 0.23 min (cpu), 0.23 min (real)
Generate toy 200/250

 -- MarkovChainMC -- 
Limit: r < 2.30886 +/- 0.0552804 @ 95% credibility (15 tries)
Done in 0.23 min (cpu), 0.24 min (real)
Generate toy 201/250

 -- MarkovChainMC -- 
Limit: r < 2.08672 +/- 0.0504111 @ 95% credibility (15 tries)
Done in 0.23 min (cpu), 0.24 min (real)
Generate toy 202/250

 -- MarkovChainMC -- 
Limit: r < 1.71615 +/- 0.0304932 @ 95% credibility (15 tries)
Done in 0.23 min (cpu), 0.24 min (real)
Generate toy 203/250

 -- MarkovChainMC -- 
Limit: r < 1.25169 +/- 0.0145617 @ 95% credibility (15 tries)
Done in 0.22 min (cpu), 0.23 min (real)
Generate toy 204/250

 -- MarkovChainMC -- 
Limit: r < 1.59642 +/- 0.0344499 @ 95% credibility (15 tries)
Done in 0.23 min (cpu), 0.23 min (real)
Generate toy 205/250

 -- MarkovChainMC -- 
Limit: r < 2.37476 +/- 0.0365847 @ 95% credibility (15 tries)
Done in 0.23 min (cpu), 0.24 min (real)
Generate toy 206/250

 -- MarkovChainMC -- 
Limit: r < 3.22986 +/- 0.0354447 @ 95% credibility (15 tries)
Done in 0.23 min (cpu), 0.23 min (real)
Generate toy 207/250

 -- MarkovChainMC -- 
Limit: r < 1.86862 +/- 0.0430892 @ 95% credibility (15 tries)
Done in 0.22 min (cpu), 0.23 min (real)
Generate toy 208/250

 -- MarkovChainMC -- 
Limit: r < 1.74471 +/- 0.018646 @ 95% credibility (15 tries)
Done in 0.23 min (cpu), 0.23 min (real)
Generate toy 209/250

 -- MarkovChainMC -- 
Limit: r < 2.14067 +/- 0.0314213 @ 95% credibility (15 tries)
Done in 0.23 min (cpu), 0.24 min (real)
Generate toy 210/250

 -- MarkovChainMC -- 
Limit: r < 1.78987 +/- 0.0442503 @ 95% credibility (15 tries)
Done in 0.23 min (cpu), 0.23 min (real)
Generate toy 211/250

 -- MarkovChainMC -- 
Limit: r < 3.72259 +/- 0.0419369 @ 95% credibility (15 tries)
Done in 0.23 min (cpu), 0.24 min (real)
Generate toy 212/250

 -- MarkovChainMC -- 
Limit: r < 3.04516 +/- 0.0341245 @ 95% credibility (15 tries)
Done in 0.23 min (cpu), 0.24 min (real)
Generate toy 213/250

 -- MarkovChainMC -- 
Limit: r < 2.18099 +/- 0.0460724 @ 95% credibility (15 tries)
Done in 0.23 min (cpu), 0.23 min (real)
Generate toy 214/250

 -- MarkovChainMC -- 
Limit: r < 1.53342 +/- 0.0326906 @ 95% credibility (15 tries)
Done in 0.22 min (cpu), 0.23 min (real)
Generate toy 215/250

 -- MarkovChainMC -- 
Limit: r < 2.68592 +/- 0.0219389 @ 95% credibility (15 tries)
Done in 0.23 min (cpu), 0.23 min (real)
Generate toy 216/250

 -- MarkovChainMC -- 
Limit: r < 1.82353 +/- 0.0346181 @ 95% credibility (15 tries)
Done in 0.23 min (cpu), 0.23 min (real)
Generate toy 217/250

 -- MarkovChainMC -- 
Limit: r < 2.15844 +/- 0.0369599 @ 95% credibility (15 tries)
Done in 0.23 min (cpu), 0.23 min (real)
Generate toy 218/250

 -- MarkovChainMC -- 
Limit: r < 2.21698 +/- 0.0353116 @ 95% credibility (15 tries)
Done in 0.23 min (cpu), 0.24 min (real)
Generate toy 219/250

 -- MarkovChainMC -- 
Limit: r < 2.05269 +/- 0.030037 @ 95% credibility (15 tries)
Done in 0.23 min (cpu), 0.23 min (real)
Generate toy 220/250

 -- MarkovChainMC -- 
Limit: r < 2.84943 +/- 0.043056 @ 95% credibility (15 tries)
Done in 0.22 min (cpu), 0.23 min (real)
Generate toy 221/250

 -- MarkovChainMC -- 
Limit: r < 1.44388 +/- 0.0350159 @ 95% credibility (15 tries)
Done in 0.22 min (cpu), 0.23 min (real)
Generate toy 222/250

 -- MarkovChainMC -- 
Limit: r < 1.55766 +/- 0.0361679 @ 95% credibility (15 tries)
Done in 0.23 min (cpu), 0.23 min (real)
Generate toy 223/250

 -- MarkovChainMC -- 
Limit: r < 2.94396 +/- 0.0576993 @ 95% credibility (15 tries)
Done in 0.23 min (cpu), 0.24 min (real)
Generate toy 224/250

 -- MarkovChainMC -- 
Limit: r < 2.42582 +/- 0.05679 @ 95% credibility (15 tries)
Done in 0.23 min (cpu), 0.23 min (real)
Generate toy 225/250

 -- MarkovChainMC -- 
Limit: r < 1.94219 +/- 0.0502863 @ 95% credibility (15 tries)
Done in 0.22 min (cpu), 0.23 min (real)
Generate toy 226/250

 -- MarkovChainMC -- 
Limit: r < 1.99467 +/- 0.0367464 @ 95% credibility (15 tries)
Done in 0.22 min (cpu), 0.23 min (real)
Generate toy 227/250

 -- MarkovChainMC -- 
Limit: r < 2.80445 +/- 0.0544797 @ 95% credibility (15 tries)
Done in 0.22 min (cpu), 0.23 min (real)
Generate toy 228/250

 -- MarkovChainMC -- 
Limit: r < 1.09353 +/- 0.0191642 @ 95% credibility (15 tries)
Done in 0.22 min (cpu), 0.22 min (real)
Generate toy 229/250

 -- MarkovChainMC -- 
Limit: r < 2.01639 +/- 0.0231944 @ 95% credibility (15 tries)
Done in 0.23 min (cpu), 0.23 min (real)
Generate toy 230/250

 -- MarkovChainMC -- 
Limit: r < 1.37746 +/- 0.0299545 @ 95% credibility (15 tries)
Done in 0.22 min (cpu), 0.22 min (real)
Generate toy 231/250

 -- MarkovChainMC -- 
Limit: r < 2.09847 +/- 0.0528597 @ 95% credibility (15 tries)
Done in 0.22 min (cpu), 0.23 min (real)
Generate toy 232/250

 -- MarkovChainMC -- 
Limit: r < 1.65168 +/- 0.039839 @ 95% credibility (15 tries)
Done in 0.22 min (cpu), 0.23 min (real)
Generate toy 233/250

 -- MarkovChainMC -- 
Limit: r < 2.37037 +/- 0.0190871 @ 95% credibility (15 tries)
Done in 0.23 min (cpu), 0.23 min (real)
Generate toy 234/250

 -- MarkovChainMC -- 
Limit: r < 3.58499 +/- 0.0639644 @ 95% credibility (15 tries)
Done in 0.23 min (cpu), 0.23 min (real)
Generate toy 235/250

 -- MarkovChainMC -- 
Limit: r < 3.63452 +/- 0.05983 @ 95% credibility (15 tries)
Done in 0.23 min (cpu), 0.23 min (real)
Generate toy 236/250

 -- MarkovChainMC -- 
Limit: r < 1.68782 +/- 0.0312041 @ 95% credibility (15 tries)
Done in 0.22 min (cpu), 0.23 min (real)
Generate toy 237/250

 -- MarkovChainMC -- 
Limit: r < 4.76034 +/- 0.0512019 @ 95% credibility (15 tries)
Done in 0.23 min (cpu), 0.24 min (real)
Generate toy 238/250

 -- MarkovChainMC -- 
Limit: r < 2.51425 +/- 0.0454409 @ 95% credibility (15 tries)
Done in 0.23 min (cpu), 0.23 min (real)
Generate toy 239/250

 -- MarkovChainMC -- 
Limit: r < 1.80445 +/- 0.0340682 @ 95% credibility (15 tries)
Done in 0.21 min (cpu), 0.22 min (real)
Generate toy 240/250

 -- MarkovChainMC -- 
Limit: r < 1.37451 +/- 0.0252317 @ 95% credibility (15 tries)
Done in 0.21 min (cpu), 0.22 min (real)
Generate toy 241/250

 -- MarkovChainMC -- 
Limit: r < 1.79479 +/- 0.0433125 @ 95% credibility (15 tries)
Done in 0.22 min (cpu), 0.23 min (real)
Generate toy 242/250

 -- MarkovChainMC -- 
Limit: r < 3.17436 +/- 0.0314292 @ 95% credibility (15 tries)
Done in 0.22 min (cpu), 0.23 min (real)
Generate toy 243/250

 -- MarkovChainMC -- 
Limit: r < 3.05128 +/- 0.0445785 @ 95% credibility (15 tries)
Done in 0.23 min (cpu), 0.23 min (real)
Generate toy 244/250

 -- MarkovChainMC -- 
Limit: r < 2.00868 +/- 0.0244256 @ 95% credibility (15 tries)
Done in 0.23 min (cpu), 0.23 min (real)
Generate toy 245/250

 -- MarkovChainMC -- 
Limit: r < 1.90658 +/- 0.0465275 @ 95% credibility (15 tries)
Done in 0.22 min (cpu), 0.23 min (real)
Generate toy 246/250

 -- MarkovChainMC -- 
Limit: r < 2.09967 +/- 0.0498203 @ 95% credibility (15 tries)
Done in 0.22 min (cpu), 0.23 min (real)
Generate toy 247/250

 -- MarkovChainMC -- 
Limit: r < 1.69799 +/- 0.0299199 @ 95% credibility (15 tries)
Done in 0.22 min (cpu), 0.22 min (real)
Generate toy 248/250

 -- MarkovChainMC -- 
Limit: r < 3.58777 +/- 0.0427846 @ 95% credibility (15 tries)
Done in 0.22 min (cpu), 0.23 min (real)
Generate toy 249/250

 -- MarkovChainMC -- 
Limit: r < 1.46742 +/- 0.0237092 @ 95% credibility (15 tries)
Done in 0.22 min (cpu), 0.22 min (real)
Generate toy 250/250

 -- MarkovChainMC -- 
Limit: r < 2.04949 +/- 0.0449517 @ 95% credibility (15 tries)
Done in 0.22 min (cpu), 0.23 min (real)
mean   expected limit: r < 2.12234 +/- 0.0442411 @ 95%CL (250 toyMC)
median expected limit: r < 1.98689 @ 95%CL (250 toyMC)
   68% expected band : 1.44751 < r < 2.92307
   95% expected band : 1.05503 < r < 3.63452
