 <<< Combine >>> 
 <<< v10.0.2 >>>
>>> Used OpenSSL to get a truly random seed 1981028229
>>> Method used is MarkovChainMC
============================================================
Analyzing bin errors for: prop_binmuon22
Poisson cut-off: 10
Processes excluded for sums: Signal
============================================================
Bin        Contents        Error           Notes                         
0          132.062255      5.963492        total sum                     
0          97.410254       0.954587        excluding marked processes    
0          10413.000000    102.044108      Unweighted events, alpha=0.012682
  => Total parameter prop_binmuon22_bin0[0.00,-7.00,7.00] to be Gaussian constrained
------------------------------------------------------------
============================================================
Analyzing bin errors for: prop_binmuon23
Poisson cut-off: 10
Processes excluded for sums: Signal
============================================================
Bin        Contents        Error           Notes                         
0          105.452064      5.311651        total sum                     
0          78.351064       1.054818        excluding marked processes    
0          5517.000000     74.276510       Unweighted events, alpha=0.019114
  => Total parameter prop_binmuon23_bin0[0.00,-7.00,7.00] to be Gaussian constrained
------------------------------------------------------------
Channel muon22 will use autoMCStats with settings: event-threshold=10, include-signal=0, hist-mode=1
Channel muon23 will use autoMCStats with settings: event-threshold=10, include-signal=0, hist-mode=1
Generate toy 1/250

 -- MarkovChainMC -- 
Limit: r < 0.770134 +/- 0.00699199 @ 95% credibility (15 tries)
Done in 0.16 min (cpu), 0.17 min (real)
Generate toy 2/250

 -- MarkovChainMC -- 
Limit: r < 1.04075 +/- 0.013903 @ 95% credibility (15 tries)
Done in 0.16 min (cpu), 0.16 min (real)
Generate toy 3/250

 -- MarkovChainMC -- 
Limit: r < 0.52473 +/- 0.0040272 @ 95% credibility (15 tries)
Done in 0.17 min (cpu), 0.17 min (real)
Generate toy 4/250

 -- MarkovChainMC -- 
Limit: r < 0.564401 +/- 0.0108375 @ 95% credibility (15 tries)
Done in 0.13 min (cpu), 0.13 min (real)
Generate toy 5/250

 -- MarkovChainMC -- 
Limit: r < 0.536547 +/- 0.0074594 @ 95% credibility (15 tries)
Done in 0.13 min (cpu), 0.14 min (real)
Generate toy 6/250

 -- MarkovChainMC -- 
Limit: r < 0.702356 +/- 0.00740247 @ 95% credibility (15 tries)
Done in 0.15 min (cpu), 0.15 min (real)
Generate toy 7/250

 -- MarkovChainMC -- 
Limit: r < 1.37046 +/- 0.0123907 @ 95% credibility (15 tries)
Done in 0.14 min (cpu), 0.14 min (real)
Generate toy 8/250

 -- MarkovChainMC -- 
Limit: r < 0.696185 +/- 0.00803159 @ 95% credibility (15 tries)
Done in 0.14 min (cpu), 0.15 min (real)
Generate toy 9/250

 -- MarkovChainMC -- 
Limit: r < 0.469201 +/- 0.00642711 @ 95% credibility (15 tries)
Done in 0.16 min (cpu), 0.16 min (real)
Generate toy 10/250

 -- MarkovChainMC -- 
Limit: r < 0.840825 +/- 0.00599388 @ 95% credibility (15 tries)
Done in 0.15 min (cpu), 0.15 min (real)
Generate toy 11/250

 -- MarkovChainMC -- 
Limit: r < 0.580588 +/- 0.00945196 @ 95% credibility (15 tries)
Done in 0.21 min (cpu), 0.21 min (real)
Generate toy 12/250

 -- MarkovChainMC -- 
Limit: r < 0.510203 +/- 0.0069049 @ 95% credibility (15 tries)
Done in 0.15 min (cpu), 0.15 min (real)
Generate toy 13/250

 -- MarkovChainMC -- 
Limit: r < 0.385839 +/- 0.0108656 @ 95% credibility (15 tries)
Done in 0.13 min (cpu), 0.13 min (real)
Generate toy 14/250

 -- MarkovChainMC -- 
Limit: r < 0.488952 +/- 0.00768962 @ 95% credibility (15 tries)
Done in 0.14 min (cpu), 0.14 min (real)
Generate toy 15/250

 -- MarkovChainMC -- 
Limit: r < 0.722968 +/- 0.00846612 @ 95% credibility (15 tries)
Done in 0.16 min (cpu), 0.16 min (real)
Generate toy 16/250

 -- MarkovChainMC -- 
Limit: r < 0.370402 +/- 0.00587644 @ 95% credibility (15 tries)
Done in 0.19 min (cpu), 0.19 min (real)
Generate toy 17/250

 -- MarkovChainMC -- 
Limit: r < 0.690077 +/- 0.0057766 @ 95% credibility (15 tries)
Done in 0.18 min (cpu), 0.18 min (real)
Generate toy 18/250

 -- MarkovChainMC -- 
Limit: r < 0.773046 +/- 0.0135234 @ 95% credibility (15 tries)
Done in 0.14 min (cpu), 0.15 min (real)
Generate toy 19/250

 -- MarkovChainMC -- 
Limit: r < 0.389868 +/- 0.00521356 @ 95% credibility (15 tries)
Done in 0.17 min (cpu), 0.17 min (real)
Generate toy 20/250

 -- MarkovChainMC -- 
Limit: r < 0.437641 +/- 0.0084995 @ 95% credibility (15 tries)
Done in 0.16 min (cpu), 0.16 min (real)
Generate toy 21/250

 -- MarkovChainMC -- 
Limit: r < 0.506123 +/- 0.00816295 @ 95% credibility (15 tries)
Done in 0.15 min (cpu), 0.15 min (real)
Generate toy 22/250

 -- MarkovChainMC -- 
Limit: r < 0.843036 +/- 0.0109392 @ 95% credibility (15 tries)
Done in 0.15 min (cpu), 0.16 min (real)
Generate toy 23/250

 -- MarkovChainMC -- 
Limit: r < 0.398904 +/- 0.00611607 @ 95% credibility (15 tries)
Done in 0.17 min (cpu), 0.17 min (real)
Generate toy 24/250

 -- MarkovChainMC -- 
Limit: r < 0.435806 +/- 0.00887106 @ 95% credibility (15 tries)
Done in 0.18 min (cpu), 0.18 min (real)
Generate toy 25/250

 -- MarkovChainMC -- 
Limit: r < 0.558412 +/- 0.011367 @ 95% credibility (15 tries)
Done in 0.22 min (cpu), 0.22 min (real)
Generate toy 26/250

 -- MarkovChainMC -- 
Limit: r < 0.631215 +/- 0.0109813 @ 95% credibility (15 tries)
Done in 0.20 min (cpu), 0.20 min (real)
Generate toy 27/250

 -- MarkovChainMC -- 
Limit: r < 0.847225 +/- 0.0100175 @ 95% credibility (15 tries)
Done in 0.20 min (cpu), 0.20 min (real)
Generate toy 28/250

 -- MarkovChainMC -- 
Limit: r < 0.675705 +/- 0.00690774 @ 95% credibility (15 tries)
Done in 0.22 min (cpu), 0.22 min (real)
Generate toy 29/250

 -- MarkovChainMC -- 
Limit: r < 0.481077 +/- 0.010405 @ 95% credibility (15 tries)
Done in 0.22 min (cpu), 0.22 min (real)
Generate toy 30/250

 -- MarkovChainMC -- 
Limit: r < 0.420313 +/- 0.0109989 @ 95% credibility (15 tries)
Done in 0.21 min (cpu), 0.21 min (real)
Generate toy 31/250

 -- MarkovChainMC -- 
Limit: r < 0.44122 +/- 0.0100367 @ 95% credibility (15 tries)
Done in 0.17 min (cpu), 0.18 min (real)
Generate toy 32/250

 -- MarkovChainMC -- 
Limit: r < 0.620948 +/- 0.00518167 @ 95% credibility (15 tries)
Done in 0.16 min (cpu), 0.16 min (real)
Generate toy 33/250

 -- MarkovChainMC -- 
Limit: r < 0.370739 +/- 0.00465083 @ 95% credibility (15 tries)
Done in 0.18 min (cpu), 0.18 min (real)
Generate toy 34/250

 -- MarkovChainMC -- 
Limit: r < 0.942619 +/- 0.0173888 @ 95% credibility (15 tries)
Done in 0.15 min (cpu), 0.15 min (real)
Generate toy 35/250

 -- MarkovChainMC -- 
Limit: r < 0.838395 +/- 0.00598719 @ 95% credibility (15 tries)
Done in 0.14 min (cpu), 0.14 min (real)
Generate toy 36/250

 -- MarkovChainMC -- 
Limit: r < 0.520979 +/- 0.00747517 @ 95% credibility (15 tries)
Done in 0.17 min (cpu), 0.17 min (real)
Generate toy 37/250

 -- MarkovChainMC -- 
Limit: r < 0.469017 +/- 0.00658095 @ 95% credibility (15 tries)
Done in 0.17 min (cpu), 0.18 min (real)
Generate toy 38/250

 -- MarkovChainMC -- 
Limit: r < 0.281985 +/- 0.003808 @ 95% credibility (15 tries)
Done in 0.18 min (cpu), 0.19 min (real)
Generate toy 39/250

 -- MarkovChainMC -- 
Limit: r < 0.633196 +/- 0.00985687 @ 95% credibility (15 tries)
Done in 0.20 min (cpu), 0.20 min (real)
Generate toy 40/250

 -- MarkovChainMC -- 
Limit: r < 0.440234 +/- 0.00765668 @ 95% credibility (15 tries)
Done in 0.16 min (cpu), 0.16 min (real)
Generate toy 41/250

 -- MarkovChainMC -- 
Limit: r < 0.265409 +/- 0.00619499 @ 95% credibility (15 tries)
Done in 0.17 min (cpu), 0.17 min (real)
Generate toy 42/250

 -- MarkovChainMC -- 
Limit: r < 0.652784 +/- 0.00962097 @ 95% credibility (15 tries)
Done in 0.18 min (cpu), 0.18 min (real)
Generate toy 43/250

 -- MarkovChainMC -- 
Limit: r < 0.39981 +/- 0.00523418 @ 95% credibility (15 tries)
Done in 0.14 min (cpu), 0.14 min (real)
Generate toy 44/250

 -- MarkovChainMC -- 
Limit: r < 0.741332 +/- 0.0148012 @ 95% credibility (15 tries)
Done in 0.14 min (cpu), 0.15 min (real)
Generate toy 45/250

 -- MarkovChainMC -- 
Limit: r < 0.701861 +/- 0.00615943 @ 95% credibility (15 tries)
Done in 0.16 min (cpu), 0.16 min (real)
Generate toy 46/250

 -- MarkovChainMC -- 
Limit: r < 0.41447 +/- 0.0105437 @ 95% credibility (15 tries)
Done in 0.21 min (cpu), 0.22 min (real)
Generate toy 47/250

 -- MarkovChainMC -- 
Limit: r < 0.781973 +/- 0.00627409 @ 95% credibility (15 tries)
Done in 0.22 min (cpu), 0.22 min (real)
Generate toy 48/250

 -- MarkovChainMC -- 
Limit: r < 0.51005 +/- 0.00276026 @ 95% credibility (15 tries)
Done in 0.15 min (cpu), 0.15 min (real)
Generate toy 49/250

 -- MarkovChainMC -- 
Limit: r < 0.464688 +/- 0.00855478 @ 95% credibility (15 tries)
Done in 0.12 min (cpu), 0.13 min (real)
Generate toy 50/250

 -- MarkovChainMC -- 
Limit: r < 0.656205 +/- 0.00673605 @ 95% credibility (15 tries)
Done in 0.13 min (cpu), 0.13 min (real)
Generate toy 51/250

 -- MarkovChainMC -- 
Limit: r < 1.02443 +/- 0.0152776 @ 95% credibility (15 tries)
Done in 0.15 min (cpu), 0.15 min (real)
Generate toy 52/250

 -- MarkovChainMC -- 
Limit: r < 0.478117 +/- 0.00896258 @ 95% credibility (15 tries)
Done in 0.14 min (cpu), 0.14 min (real)
Generate toy 53/250

 -- MarkovChainMC -- 
Limit: r < 0.617871 +/- 0.0060041 @ 95% credibility (15 tries)
Done in 0.13 min (cpu), 0.13 min (real)
Generate toy 54/250

 -- MarkovChainMC -- 
Limit: r < 0.524878 +/- 0.0101508 @ 95% credibility (15 tries)
Done in 0.15 min (cpu), 0.15 min (real)
Generate toy 55/250

 -- MarkovChainMC -- 
Limit: r < 0.803106 +/- 0.0125342 @ 95% credibility (15 tries)
Done in 0.18 min (cpu), 0.18 min (real)
Generate toy 56/250

 -- MarkovChainMC -- 
Limit: r < 0.74608 +/- 0.00824173 @ 95% credibility (15 tries)
Done in 0.16 min (cpu), 0.16 min (real)
Generate toy 57/250

 -- MarkovChainMC -- 
Limit: r < 1.2285 +/- 0.00979104 @ 95% credibility (15 tries)
Done in 0.17 min (cpu), 0.18 min (real)
Generate toy 58/250

 -- MarkovChainMC -- 
Limit: r < 0.913665 +/- 0.00753853 @ 95% credibility (15 tries)
Done in 0.17 min (cpu), 0.17 min (real)
Generate toy 59/250

 -- MarkovChainMC -- 
Limit: r < 0.24024 +/- 0.00516514 @ 95% credibility (15 tries)
Done in 0.18 min (cpu), 0.18 min (real)
Generate toy 60/250

 -- MarkovChainMC -- 
Limit: r < 0.709229 +/- 0.0076557 @ 95% credibility (15 tries)
Done in 0.18 min (cpu), 0.19 min (real)
Generate toy 61/250

 -- MarkovChainMC -- 
Limit: r < 0.928 +/- 0.0103965 @ 95% credibility (15 tries)
Done in 0.19 min (cpu), 0.19 min (real)
Generate toy 62/250

 -- MarkovChainMC -- 
Limit: r < 0.343532 +/- 0.0075454 @ 95% credibility (15 tries)
Done in 0.19 min (cpu), 0.19 min (real)
Generate toy 63/250

 -- MarkovChainMC -- 
Limit: r < 0.774891 +/- 0.00726906 @ 95% credibility (15 tries)
Done in 0.19 min (cpu), 0.19 min (real)
Generate toy 64/250

 -- MarkovChainMC -- 
Limit: r < 0.572295 +/- 0.00270965 @ 95% credibility (15 tries)
Done in 0.18 min (cpu), 0.18 min (real)
Generate toy 65/250

 -- MarkovChainMC -- 
Limit: r < 0.508541 +/- 0.00556217 @ 95% credibility (15 tries)
Done in 0.19 min (cpu), 0.19 min (real)
Generate toy 66/250

 -- MarkovChainMC -- 
Limit: r < 0.706411 +/- 0.00524434 @ 95% credibility (15 tries)
Done in 0.20 min (cpu), 0.21 min (real)
Generate toy 67/250

 -- MarkovChainMC -- 
Limit: r < 0.489767 +/- 0.00985942 @ 95% credibility (15 tries)
Done in 0.18 min (cpu), 0.19 min (real)
Generate toy 68/250

 -- MarkovChainMC -- 
Limit: r < 0.997657 +/- 0.00542402 @ 95% credibility (15 tries)
Done in 0.19 min (cpu), 0.19 min (real)
Generate toy 69/250

 -- MarkovChainMC -- 
Limit: r < 0.42424 +/- 0.00739367 @ 95% credibility (15 tries)
Done in 0.18 min (cpu), 0.18 min (real)
Generate toy 70/250

 -- MarkovChainMC -- 
Limit: r < 0.601898 +/- 0.00828858 @ 95% credibility (15 tries)
Done in 0.18 min (cpu), 0.18 min (real)
Generate toy 71/250

 -- MarkovChainMC -- 
Limit: r < 0.467928 +/- 0.00607275 @ 95% credibility (15 tries)
Done in 0.16 min (cpu), 0.17 min (real)
Generate toy 72/250

 -- MarkovChainMC -- 
Limit: r < 0.822972 +/- 0.0103241 @ 95% credibility (15 tries)
Done in 0.18 min (cpu), 0.18 min (real)
Generate toy 73/250

 -- MarkovChainMC -- 
Limit: r < 0.558329 +/- 0.00731472 @ 95% credibility (15 tries)
Done in 0.15 min (cpu), 0.15 min (real)
Generate toy 74/250

 -- MarkovChainMC -- 
Limit: r < 0.431119 +/- 0.00766186 @ 95% credibility (15 tries)
Done in 0.16 min (cpu), 0.16 min (real)
Generate toy 75/250

 -- MarkovChainMC -- 
Limit: r < 0.82003 +/- 0.0119719 @ 95% credibility (15 tries)
Done in 0.16 min (cpu), 0.16 min (real)
Generate toy 76/250

 -- MarkovChainMC -- 
Limit: r < 0.700683 +/- 0.00756697 @ 95% credibility (15 tries)
Done in 0.16 min (cpu), 0.16 min (real)
Generate toy 77/250

 -- MarkovChainMC -- 
Limit: r < 0.87826 +/- 0.00419492 @ 95% credibility (15 tries)
Done in 0.21 min (cpu), 0.21 min (real)
Generate toy 78/250

 -- MarkovChainMC -- 
Limit: r < 0.613435 +/- 0.0106508 @ 95% credibility (15 tries)
Done in 0.18 min (cpu), 0.18 min (real)
Generate toy 79/250

 -- MarkovChainMC -- 
Limit: r < 0.901791 +/- 0.013889 @ 95% credibility (15 tries)
Done in 0.20 min (cpu), 0.20 min (real)
Generate toy 80/250

 -- MarkovChainMC -- 
Limit: r < 0.557169 +/- 0.01243 @ 95% credibility (15 tries)
Done in 0.14 min (cpu), 0.14 min (real)
Generate toy 81/250

 -- MarkovChainMC -- 
Limit: r < 0.447825 +/- 0.0109906 @ 95% credibility (15 tries)
Done in 0.14 min (cpu), 0.14 min (real)
Generate toy 82/250

 -- MarkovChainMC -- 
Limit: r < 0.37831 +/- 0.00679937 @ 95% credibility (15 tries)
Done in 0.13 min (cpu), 0.14 min (real)
Generate toy 83/250

 -- MarkovChainMC -- 
Limit: r < 0.692953 +/- 0.00887575 @ 95% credibility (15 tries)
Done in 0.17 min (cpu), 0.17 min (real)
Generate toy 84/250

 -- MarkovChainMC -- 
Limit: r < 0.771994 +/- 0.0100406 @ 95% credibility (15 tries)
Done in 0.15 min (cpu), 0.15 min (real)
Generate toy 85/250

 -- MarkovChainMC -- 
Limit: r < 0.613675 +/- 0.0105404 @ 95% credibility (15 tries)
Done in 0.14 min (cpu), 0.14 min (real)
Generate toy 86/250

 -- MarkovChainMC -- 
Limit: r < 1.01679 +/- 0.00984614 @ 95% credibility (15 tries)
Done in 0.15 min (cpu), 0.15 min (real)
Generate toy 87/250

 -- MarkovChainMC -- 
Limit: r < 0.385218 +/- 0.00810507 @ 95% credibility (15 tries)
Done in 0.21 min (cpu), 0.21 min (real)
Generate toy 88/250

 -- MarkovChainMC -- 
Limit: r < 0.708549 +/- 0.00784454 @ 95% credibility (15 tries)
Done in 0.20 min (cpu), 0.20 min (real)
Generate toy 89/250

 -- MarkovChainMC -- 
Limit: r < 0.575971 +/- 0.00489484 @ 95% credibility (15 tries)
Done in 0.17 min (cpu), 0.18 min (real)
Generate toy 90/250

 -- MarkovChainMC -- 
Limit: r < 0.899261 +/- 0.011373 @ 95% credibility (15 tries)
Done in 0.19 min (cpu), 0.19 min (real)
Generate toy 91/250

 -- MarkovChainMC -- 
Limit: r < 0.300694 +/- 0.00515665 @ 95% credibility (15 tries)
Done in 0.18 min (cpu), 0.18 min (real)
Generate toy 92/250

 -- MarkovChainMC -- 
Limit: r < 1.03725 +/- 0.0147119 @ 95% credibility (15 tries)
Done in 0.14 min (cpu), 0.14 min (real)
Generate toy 93/250

 -- MarkovChainMC -- 
Limit: r < 0.568254 +/- 0.00582824 @ 95% credibility (15 tries)
Done in 0.15 min (cpu), 0.15 min (real)
Generate toy 94/250

 -- MarkovChainMC -- 
Limit: r < 0.727891 +/- 0.0142699 @ 95% credibility (15 tries)
Done in 0.21 min (cpu), 0.21 min (real)
Generate toy 95/250

 -- MarkovChainMC -- 
Limit: r < 0.800776 +/- 0.0133993 @ 95% credibility (15 tries)
Done in 0.21 min (cpu), 0.21 min (real)
Generate toy 96/250

 -- MarkovChainMC -- 
Limit: r < 0.604879 +/- 0.00864135 @ 95% credibility (15 tries)
Done in 0.21 min (cpu), 0.21 min (real)
Generate toy 97/250

 -- MarkovChainMC -- 
Limit: r < 0.539604 +/- 0.00852734 @ 95% credibility (15 tries)
Done in 0.22 min (cpu), 0.23 min (real)
Generate toy 98/250

 -- MarkovChainMC -- 
Limit: r < 0.929643 +/- 0.01214 @ 95% credibility (15 tries)
Done in 0.22 min (cpu), 0.22 min (real)
Generate toy 99/250

 -- MarkovChainMC -- 
Limit: r < 0.808164 +/- 0.0115477 @ 95% credibility (15 tries)
Done in 0.23 min (cpu), 0.23 min (real)
Generate toy 100/250

 -- MarkovChainMC -- 
Limit: r < 0.698442 +/- 0.00448732 @ 95% credibility (15 tries)
Done in 0.21 min (cpu), 0.21 min (real)
Generate toy 101/250

 -- MarkovChainMC -- 
Limit: r < 0.621027 +/- 0.0124533 @ 95% credibility (15 tries)
Done in 0.21 min (cpu), 0.22 min (real)
Generate toy 102/250

 -- MarkovChainMC -- 
Limit: r < 1.11644 +/- 0.0175687 @ 95% credibility (15 tries)
Done in 0.21 min (cpu), 0.21 min (real)
Generate toy 103/250

 -- MarkovChainMC -- 
Limit: r < 0.62342 +/- 0.00410255 @ 95% credibility (15 tries)
Done in 0.23 min (cpu), 0.23 min (real)
Generate toy 104/250

 -- MarkovChainMC -- 
Limit: r < 0.435556 +/- 0.00749915 @ 95% credibility (15 tries)
Done in 0.22 min (cpu), 0.22 min (real)
Generate toy 105/250

 -- MarkovChainMC -- 
Limit: r < 0.738381 +/- 0.0133313 @ 95% credibility (15 tries)
Done in 0.21 min (cpu), 0.22 min (real)
Generate toy 106/250

 -- MarkovChainMC -- 
Limit: r < 0.30946 +/- 0.0088929 @ 95% credibility (15 tries)
Done in 0.20 min (cpu), 0.20 min (real)
Generate toy 107/250

 -- MarkovChainMC -- 
Limit: r < 0.478225 +/- 0.00764661 @ 95% credibility (15 tries)
Done in 0.20 min (cpu), 0.20 min (real)
Generate toy 108/250

 -- MarkovChainMC -- 
Limit: r < 0.564583 +/- 0.00885699 @ 95% credibility (15 tries)
Done in 0.19 min (cpu), 0.20 min (real)
Generate toy 109/250

 -- MarkovChainMC -- 
Limit: r < 0.425474 +/- 0.011423 @ 95% credibility (15 tries)
Done in 0.22 min (cpu), 0.22 min (real)
Generate toy 110/250

 -- MarkovChainMC -- 
Limit: r < 0.901004 +/- 0.0128185 @ 95% credibility (15 tries)
Done in 0.23 min (cpu), 0.23 min (real)
Generate toy 111/250

 -- MarkovChainMC -- 
Limit: r < 0.428085 +/- 0.00800067 @ 95% credibility (15 tries)
Done in 0.21 min (cpu), 0.22 min (real)
Generate toy 112/250

 -- MarkovChainMC -- 
Limit: r < 0.292597 +/- 0.00617928 @ 95% credibility (15 tries)
Done in 0.21 min (cpu), 0.21 min (real)
Generate toy 113/250

 -- MarkovChainMC -- 
Limit: r < 0.430423 +/- 0.00534059 @ 95% credibility (15 tries)
Done in 0.20 min (cpu), 0.20 min (real)
Generate toy 114/250

 -- MarkovChainMC -- 
Limit: r < 0.502038 +/- 0.0083683 @ 95% credibility (15 tries)
Done in 0.21 min (cpu), 0.21 min (real)
Generate toy 115/250

 -- MarkovChainMC -- 
Limit: r < 0.629731 +/- 0.00675112 @ 95% credibility (15 tries)
Done in 0.20 min (cpu), 0.20 min (real)
Generate toy 116/250

 -- MarkovChainMC -- 
Limit: r < 0.692881 +/- 0.0105896 @ 95% credibility (15 tries)
Done in 0.20 min (cpu), 0.20 min (real)
Generate toy 117/250

 -- MarkovChainMC -- 
Limit: r < 0.569983 +/- 0.00538415 @ 95% credibility (15 tries)
Done in 0.19 min (cpu), 0.20 min (real)
Generate toy 118/250

 -- MarkovChainMC -- 
Limit: r < 0.717695 +/- 0.00902153 @ 95% credibility (15 tries)
Done in 0.19 min (cpu), 0.19 min (real)
Generate toy 119/250

 -- MarkovChainMC -- 
Limit: r < 0.447878 +/- 0.00424477 @ 95% credibility (15 tries)
Done in 0.16 min (cpu), 0.16 min (real)
Generate toy 120/250

 -- MarkovChainMC -- 
Limit: r < 0.666712 +/- 0.00998743 @ 95% credibility (15 tries)
Done in 0.20 min (cpu), 0.20 min (real)
Generate toy 121/250

 -- MarkovChainMC -- 
Limit: r < 0.695408 +/- 0.0142078 @ 95% credibility (15 tries)
Done in 0.20 min (cpu), 0.20 min (real)
Generate toy 122/250

 -- MarkovChainMC -- 
Limit: r < 0.556498 +/- 0.00870432 @ 95% credibility (15 tries)
Done in 0.19 min (cpu), 0.20 min (real)
Generate toy 123/250

 -- MarkovChainMC -- 
Limit: r < 0.423865 +/- 0.00640171 @ 95% credibility (15 tries)
Done in 0.19 min (cpu), 0.20 min (real)
Generate toy 124/250

 -- MarkovChainMC -- 
Limit: r < 0.61339 +/- 0.00583929 @ 95% credibility (15 tries)
Done in 0.20 min (cpu), 0.20 min (real)
Generate toy 125/250

 -- MarkovChainMC -- 
Limit: r < 0.747614 +/- 0.00525063 @ 95% credibility (15 tries)
Done in 0.20 min (cpu), 0.20 min (real)
Generate toy 126/250

 -- MarkovChainMC -- 
Limit: r < 0.669919 +/- 0.0112243 @ 95% credibility (15 tries)
Done in 0.20 min (cpu), 0.20 min (real)
Generate toy 127/250

 -- MarkovChainMC -- 
Limit: r < 0.577318 +/- 0.00584118 @ 95% credibility (15 tries)
Done in 0.20 min (cpu), 0.20 min (real)
Generate toy 128/250

 -- MarkovChainMC -- 
Limit: r < 0.381057 +/- 0.00489845 @ 95% credibility (15 tries)
Done in 0.17 min (cpu), 0.17 min (real)
Generate toy 129/250

 -- MarkovChainMC -- 
Limit: r < 0.44684 +/- 0.00756829 @ 95% credibility (15 tries)
Done in 0.14 min (cpu), 0.14 min (real)
Generate toy 130/250

 -- MarkovChainMC -- 
Limit: r < 0.636016 +/- 0.0136527 @ 95% credibility (15 tries)
Done in 0.17 min (cpu), 0.17 min (real)
Generate toy 131/250

 -- MarkovChainMC -- 
Limit: r < 0.70353 +/- 0.00880729 @ 95% credibility (15 tries)
Done in 0.14 min (cpu), 0.14 min (real)
Generate toy 132/250

 -- MarkovChainMC -- 
Limit: r < 0.44367 +/- 0.0117032 @ 95% credibility (15 tries)
Done in 0.15 min (cpu), 0.15 min (real)
Generate toy 133/250

 -- MarkovChainMC -- 
Limit: r < 0.624869 +/- 0.0113144 @ 95% credibility (15 tries)
Done in 0.14 min (cpu), 0.14 min (real)
Generate toy 134/250

 -- MarkovChainMC -- 
Limit: r < 0.6218 +/- 0.00729801 @ 95% credibility (15 tries)
Done in 0.21 min (cpu), 0.21 min (real)
Generate toy 135/250

 -- MarkovChainMC -- 
Limit: r < 0.317053 +/- 0.0108327 @ 95% credibility (15 tries)
Done in 0.16 min (cpu), 0.16 min (real)
Generate toy 136/250

 -- MarkovChainMC -- 
Limit: r < 0.48754 +/- 0.0102371 @ 95% credibility (15 tries)
Done in 0.14 min (cpu), 0.14 min (real)
Generate toy 137/250

 -- MarkovChainMC -- 
Limit: r < 0.353468 +/- 0.00628749 @ 95% credibility (15 tries)
Done in 0.16 min (cpu), 0.16 min (real)
Generate toy 138/250

 -- MarkovChainMC -- 
Limit: r < 0.930663 +/- 0.00740693 @ 95% credibility (15 tries)
Done in 0.16 min (cpu), 0.16 min (real)
Generate toy 139/250

 -- MarkovChainMC -- 
Limit: r < 0.647611 +/- 0.00585905 @ 95% credibility (15 tries)
Done in 0.15 min (cpu), 0.15 min (real)
Generate toy 140/250

 -- MarkovChainMC -- 
Limit: r < 0.57655 +/- 0.00792918 @ 95% credibility (15 tries)
Done in 0.18 min (cpu), 0.18 min (real)
Generate toy 141/250

 -- MarkovChainMC -- 
Limit: r < 0.562388 +/- 0.00472403 @ 95% credibility (15 tries)
Done in 0.19 min (cpu), 0.19 min (real)
Generate toy 142/250

 -- MarkovChainMC -- 
Limit: r < 0.281401 +/- 0.00442219 @ 95% credibility (15 tries)
Done in 0.13 min (cpu), 0.13 min (real)
Generate toy 143/250

 -- MarkovChainMC -- 
Limit: r < 0.885639 +/- 0.0143453 @ 95% credibility (15 tries)
Done in 0.13 min (cpu), 0.13 min (real)
Generate toy 144/250

 -- MarkovChainMC -- 
Limit: r < 1.05213 +/- 0.00794278 @ 95% credibility (15 tries)
Done in 0.13 min (cpu), 0.13 min (real)
Generate toy 145/250

 -- MarkovChainMC -- 
Limit: r < 0.466314 +/- 0.00776383 @ 95% credibility (15 tries)
Done in 0.13 min (cpu), 0.13 min (real)
Generate toy 146/250

 -- MarkovChainMC -- 
Limit: r < 0.352989 +/- 0.00790992 @ 95% credibility (15 tries)
Done in 0.13 min (cpu), 0.13 min (real)
Generate toy 147/250

 -- MarkovChainMC -- 
Limit: r < 0.977887 +/- 0.0136234 @ 95% credibility (15 tries)
Done in 0.13 min (cpu), 0.13 min (real)
Generate toy 148/250

 -- MarkovChainMC -- 
Limit: r < 0.417649 +/- 0.00645545 @ 95% credibility (15 tries)
Done in 0.12 min (cpu), 0.12 min (real)
Generate toy 149/250

 -- MarkovChainMC -- 
Limit: r < 0.934747 +/- 0.017857 @ 95% credibility (15 tries)
Done in 0.13 min (cpu), 0.13 min (real)
Generate toy 150/250

 -- MarkovChainMC -- 
Limit: r < 0.666951 +/- 0.00544359 @ 95% credibility (15 tries)
Done in 0.12 min (cpu), 0.12 min (real)
Generate toy 151/250

 -- MarkovChainMC -- 
Limit: r < 0.615201 +/- 0.00949067 @ 95% credibility (15 tries)
Done in 0.12 min (cpu), 0.13 min (real)
Generate toy 152/250

 -- MarkovChainMC -- 
Limit: r < 0.651266 +/- 0.00569996 @ 95% credibility (15 tries)
Done in 0.13 min (cpu), 0.13 min (real)
Generate toy 153/250

 -- MarkovChainMC -- 
Limit: r < 0.519362 +/- 0.00806696 @ 95% credibility (15 tries)
Done in 0.13 min (cpu), 0.13 min (real)
Generate toy 154/250

 -- MarkovChainMC -- 
Limit: r < 1.3927 +/- 0.0141775 @ 95% credibility (15 tries)
Done in 0.14 min (cpu), 0.14 min (real)
Generate toy 155/250

 -- MarkovChainMC -- 
Limit: r < 0.587517 +/- 0.00594891 @ 95% credibility (15 tries)
Done in 0.18 min (cpu), 0.18 min (real)
Generate toy 156/250

 -- MarkovChainMC -- 
Limit: r < 0.484882 +/- 0.00349071 @ 95% credibility (15 tries)
Done in 0.14 min (cpu), 0.14 min (real)
Generate toy 157/250

 -- MarkovChainMC -- 
Limit: r < 0.7361 +/- 0.00775407 @ 95% credibility (15 tries)
Done in 0.14 min (cpu), 0.14 min (real)
Generate toy 158/250

 -- MarkovChainMC -- 
Limit: r < 0.542903 +/- 0.00586369 @ 95% credibility (15 tries)
Done in 0.14 min (cpu), 0.14 min (real)
Generate toy 159/250

 -- MarkovChainMC -- 
Limit: r < 1.24181 +/- 0.0103997 @ 95% credibility (15 tries)
Done in 0.14 min (cpu), 0.14 min (real)
Generate toy 160/250

 -- MarkovChainMC -- 
Limit: r < 0.534781 +/- 0.00748845 @ 95% credibility (15 tries)
Done in 0.13 min (cpu), 0.13 min (real)
Generate toy 161/250

 -- MarkovChainMC -- 
Limit: r < 1.1086 +/- 0.0145741 @ 95% credibility (15 tries)
Done in 0.17 min (cpu), 0.17 min (real)
Generate toy 162/250

 -- MarkovChainMC -- 
Limit: r < 0.646104 +/- 0.00748445 @ 95% credibility (15 tries)
Done in 0.15 min (cpu), 0.15 min (real)
Generate toy 163/250

 -- MarkovChainMC -- 
Limit: r < 0.519462 +/- 0.00601625 @ 95% credibility (15 tries)
Done in 0.17 min (cpu), 0.17 min (real)
Generate toy 164/250

 -- MarkovChainMC -- 
Limit: r < 0.492437 +/- 0.00657683 @ 95% credibility (15 tries)
Done in 0.20 min (cpu), 0.20 min (real)
Generate toy 165/250

 -- MarkovChainMC -- 
Limit: r < 0.488478 +/- 0.010712 @ 95% credibility (15 tries)
Done in 0.18 min (cpu), 0.18 min (real)
Generate toy 166/250

 -- MarkovChainMC -- 
Limit: r < 0.3457 +/- 0.00470029 @ 95% credibility (15 tries)
Done in 0.19 min (cpu), 0.19 min (real)
Generate toy 167/250

 -- MarkovChainMC -- 
Limit: r < 0.582623 +/- 0.00848927 @ 95% credibility (15 tries)
Done in 0.18 min (cpu), 0.18 min (real)
Generate toy 168/250

 -- MarkovChainMC -- 
Limit: r < 0.592161 +/- 0.00987368 @ 95% credibility (15 tries)
Done in 0.21 min (cpu), 0.21 min (real)
Generate toy 169/250

 -- MarkovChainMC -- 
Limit: r < 1.10196 +/- 0.0151303 @ 95% credibility (15 tries)
Done in 0.21 min (cpu), 0.21 min (real)
Generate toy 170/250

 -- MarkovChainMC -- 
Limit: r < 0.507232 +/- 0.00719495 @ 95% credibility (15 tries)
Done in 0.20 min (cpu), 0.20 min (real)
Generate toy 171/250

 -- MarkovChainMC -- 
Limit: r < 0.456161 +/- 0.00317539 @ 95% credibility (15 tries)
Done in 0.22 min (cpu), 0.22 min (real)
Generate toy 172/250

 -- MarkovChainMC -- 
Limit: r < 0.672455 +/- 0.00783994 @ 95% credibility (15 tries)
Done in 0.29 min (cpu), 0.30 min (real)
Generate toy 173/250

 -- MarkovChainMC -- 
Limit: r < 0.367989 +/- 0.00615542 @ 95% credibility (15 tries)
Done in 0.21 min (cpu), 0.22 min (real)
Generate toy 174/250

 -- MarkovChainMC -- 
Limit: r < 0.350761 +/- 0.00434987 @ 95% credibility (15 tries)
Done in 0.21 min (cpu), 0.21 min (real)
Generate toy 175/250

 -- MarkovChainMC -- 
Limit: r < 0.702536 +/- 0.0166138 @ 95% credibility (15 tries)
Done in 0.21 min (cpu), 0.21 min (real)
Generate toy 176/250

 -- MarkovChainMC -- 
Limit: r < 0.808143 +/- 0.00755136 @ 95% credibility (15 tries)
Done in 0.20 min (cpu), 0.20 min (real)
Generate toy 177/250

 -- MarkovChainMC -- 
Limit: r < 0.842843 +/- 0.0120397 @ 95% credibility (15 tries)
Done in 0.23 min (cpu), 0.23 min (real)
Generate toy 178/250

 -- MarkovChainMC -- 
Limit: r < 0.479701 +/- 0.00703978 @ 95% credibility (15 tries)
Done in 0.19 min (cpu), 0.20 min (real)
Generate toy 179/250

 -- MarkovChainMC -- 
Limit: r < 0.377292 +/- 0.0043281 @ 95% credibility (15 tries)
Done in 0.20 min (cpu), 0.20 min (real)
Generate toy 180/250

 -- MarkovChainMC -- 
Limit: r < 0.535665 +/- 0.00442985 @ 95% credibility (15 tries)
Done in 0.16 min (cpu), 0.16 min (real)
Generate toy 181/250

 -- MarkovChainMC -- 
Limit: r < 0.6196 +/- 0.00617814 @ 95% credibility (15 tries)
Done in 0.21 min (cpu), 0.21 min (real)
Generate toy 182/250

 -- MarkovChainMC -- 
Limit: r < 0.503594 +/- 0.00503815 @ 95% credibility (15 tries)
Done in 0.21 min (cpu), 0.21 min (real)
Generate toy 183/250

 -- MarkovChainMC -- 
Limit: r < 1.40107 +/- 0.0153335 @ 95% credibility (15 tries)
Done in 0.22 min (cpu), 0.22 min (real)
Generate toy 184/250

 -- MarkovChainMC -- 
Limit: r < 0.565136 +/- 0.00879384 @ 95% credibility (15 tries)
Done in 0.22 min (cpu), 0.22 min (real)
Generate toy 185/250

 -- MarkovChainMC -- 
Limit: r < 1.08419 +/- 0.0104155 @ 95% credibility (15 tries)
Done in 0.23 min (cpu), 0.23 min (real)
Generate toy 186/250

 -- MarkovChainMC -- 
Limit: r < 0.304136 +/- 0.0061055 @ 95% credibility (15 tries)
Done in 0.21 min (cpu), 0.21 min (real)
Generate toy 187/250

 -- MarkovChainMC -- 
Limit: r < 0.451893 +/- 0.0084739 @ 95% credibility (15 tries)
Done in 0.22 min (cpu), 0.22 min (real)
Generate toy 188/250

 -- MarkovChainMC -- 
Limit: r < 0.596464 +/- 0.0114525 @ 95% credibility (15 tries)
Done in 0.22 min (cpu), 0.22 min (real)
Generate toy 189/250

 -- MarkovChainMC -- 
Limit: r < 0.399046 +/- 0.00957851 @ 95% credibility (15 tries)
Done in 0.22 min (cpu), 0.22 min (real)
Generate toy 190/250

 -- MarkovChainMC -- 
Limit: r < 0.384327 +/- 0.0018345 @ 95% credibility (15 tries)
Done in 0.21 min (cpu), 0.21 min (real)
Generate toy 191/250

 -- MarkovChainMC -- 
Limit: r < 0.745036 +/- 0.011543 @ 95% credibility (15 tries)
Done in 0.20 min (cpu), 0.20 min (real)
Generate toy 192/250

 -- MarkovChainMC -- 
Limit: r < 0.797533 +/- 0.00904229 @ 95% credibility (15 tries)
Done in 0.22 min (cpu), 0.22 min (real)
Generate toy 193/250

 -- MarkovChainMC -- 
Limit: r < 0.462759 +/- 0.00741834 @ 95% credibility (15 tries)
Done in 0.20 min (cpu), 0.20 min (real)
Generate toy 194/250

 -- MarkovChainMC -- 
Limit: r < 0.345148 +/- 0.00314488 @ 95% credibility (15 tries)
Done in 0.21 min (cpu), 0.21 min (real)
Generate toy 195/250

 -- MarkovChainMC -- 
Limit: r < 0.689157 +/- 0.00786454 @ 95% credibility (15 tries)
Done in 0.20 min (cpu), 0.21 min (real)
Generate toy 196/250

 -- MarkovChainMC -- 
Limit: r < 0.990628 +/- 0.012673 @ 95% credibility (15 tries)
Done in 0.23 min (cpu), 0.23 min (real)
Generate toy 197/250

 -- MarkovChainMC -- 
Limit: r < 0.281503 +/- 0.00606062 @ 95% credibility (15 tries)
Done in 0.21 min (cpu), 0.21 min (real)
Generate toy 198/250

 -- MarkovChainMC -- 
Limit: r < 0.79289 +/- 0.0136656 @ 95% credibility (15 tries)
Done in 0.20 min (cpu), 0.21 min (real)
Generate toy 199/250

 -- MarkovChainMC -- 
Limit: r < 0.357798 +/- 0.00794083 @ 95% credibility (15 tries)
Done in 0.20 min (cpu), 0.21 min (real)
Generate toy 200/250

 -- MarkovChainMC -- 
Limit: r < 0.534044 +/- 0.00758036 @ 95% credibility (15 tries)
Done in 0.22 min (cpu), 0.22 min (real)
Generate toy 201/250

 -- MarkovChainMC -- 
Limit: r < 0.587503 +/- 0.00683442 @ 95% credibility (15 tries)
Done in 0.21 min (cpu), 0.21 min (real)
Generate toy 202/250

 -- MarkovChainMC -- 
Limit: r < 0.449923 +/- 0.00860518 @ 95% credibility (15 tries)
Done in 0.21 min (cpu), 0.21 min (real)
Generate toy 203/250

 -- MarkovChainMC -- 
Limit: r < 0.575279 +/- 0.0064455 @ 95% credibility (15 tries)
Done in 0.21 min (cpu), 0.22 min (real)
Generate toy 204/250

 -- MarkovChainMC -- 
Limit: r < 0.682089 +/- 0.012098 @ 95% credibility (15 tries)
Done in 0.22 min (cpu), 0.23 min (real)
Generate toy 205/250

 -- MarkovChainMC -- 
Limit: r < 0.454378 +/- 0.00672032 @ 95% credibility (15 tries)
Done in 0.20 min (cpu), 0.21 min (real)
Generate toy 206/250

 -- MarkovChainMC -- 
Limit: r < 0.412737 +/- 0.00632211 @ 95% credibility (15 tries)
Done in 0.19 min (cpu), 0.20 min (real)
Generate toy 207/250

 -- MarkovChainMC -- 
Limit: r < 0.849736 +/- 0.0100676 @ 95% credibility (15 tries)
Done in 0.23 min (cpu), 0.23 min (real)
Generate toy 208/250

 -- MarkovChainMC -- 
Limit: r < 0.469407 +/- 0.00453964 @ 95% credibility (15 tries)
Done in 0.22 min (cpu), 0.22 min (real)
Generate toy 209/250

 -- MarkovChainMC -- 
Limit: r < 0.532391 +/- 0.00648519 @ 95% credibility (15 tries)
Done in 0.22 min (cpu), 0.22 min (real)
Generate toy 210/250

 -- MarkovChainMC -- 
Limit: r < 0.676617 +/- 0.00951561 @ 95% credibility (15 tries)
Done in 0.22 min (cpu), 0.22 min (real)
Generate toy 211/250

 -- MarkovChainMC -- 
Limit: r < 0.426582 +/- 0.0071826 @ 95% credibility (15 tries)
Done in 0.21 min (cpu), 0.21 min (real)
Generate toy 212/250

 -- MarkovChainMC -- 
Limit: r < 0.827125 +/- 0.00701453 @ 95% credibility (15 tries)
Done in 0.21 min (cpu), 0.22 min (real)
Generate toy 213/250

 -- MarkovChainMC -- 
Limit: r < 1.63798 +/- 0.0146388 @ 95% credibility (15 tries)
Done in 0.20 min (cpu), 0.20 min (real)
Generate toy 214/250

 -- MarkovChainMC -- 
Limit: r < 0.537425 +/- 0.00720672 @ 95% credibility (15 tries)
Done in 0.20 min (cpu), 0.20 min (real)
Generate toy 215/250

 -- MarkovChainMC -- 
Limit: r < 0.719537 +/- 0.00947341 @ 95% credibility (15 tries)
Done in 0.21 min (cpu), 0.21 min (real)
Generate toy 216/250

 -- MarkovChainMC -- 
Limit: r < 0.671094 +/- 0.0103795 @ 95% credibility (15 tries)
Done in 0.20 min (cpu), 0.20 min (real)
Generate toy 217/250

 -- MarkovChainMC -- 
Limit: r < 0.321815 +/- 0.00641405 @ 95% credibility (15 tries)
Done in 0.20 min (cpu), 0.20 min (real)
Generate toy 218/250

 -- MarkovChainMC -- 
Limit: r < 1.09091 +/- 0.0154625 @ 95% credibility (15 tries)
Done in 0.21 min (cpu), 0.21 min (real)
Generate toy 219/250

 -- MarkovChainMC -- 
Limit: r < 1.15239 +/- 0.0150163 @ 95% credibility (15 tries)
Done in 0.20 min (cpu), 0.21 min (real)
Generate toy 220/250

 -- MarkovChainMC -- 
Limit: r < 0.479297 +/- 0.00505115 @ 95% credibility (15 tries)
Done in 0.20 min (cpu), 0.20 min (real)
Generate toy 221/250

 -- MarkovChainMC -- 
Limit: r < 0.232333 +/- 0.00682683 @ 95% credibility (15 tries)
Done in 0.20 min (cpu), 0.20 min (real)
Generate toy 222/250

 -- MarkovChainMC -- 
Limit: r < 1.11195 +/- 0.010939 @ 95% credibility (15 tries)
Done in 0.21 min (cpu), 0.21 min (real)
Generate toy 223/250

 -- MarkovChainMC -- 
Limit: r < 0.844923 +/- 0.0083547 @ 95% credibility (15 tries)
Done in 0.21 min (cpu), 0.21 min (real)
Generate toy 224/250

 -- MarkovChainMC -- 
Limit: r < 0.814971 +/- 0.00860674 @ 95% credibility (15 tries)
Done in 0.21 min (cpu), 0.21 min (real)
Generate toy 225/250

 -- MarkovChainMC -- 
Limit: r < 0.71233 +/- 0.0104883 @ 95% credibility (15 tries)
Done in 0.22 min (cpu), 0.22 min (real)
Generate toy 226/250

 -- MarkovChainMC -- 
Limit: r < 1.34811 +/- 0.00545004 @ 95% credibility (15 tries)
Done in 0.21 min (cpu), 0.22 min (real)
Generate toy 227/250

 -- MarkovChainMC -- 
Limit: r < 0.590936 +/- 0.0105047 @ 95% credibility (15 tries)
Done in 0.20 min (cpu), 0.20 min (real)
Generate toy 228/250

 -- MarkovChainMC -- 
Limit: r < 0.650025 +/- 0.0101264 @ 95% credibility (15 tries)
Done in 0.20 min (cpu), 0.20 min (real)
Generate toy 229/250

 -- MarkovChainMC -- 
Limit: r < 0.962204 +/- 0.0112612 @ 95% credibility (15 tries)
Done in 0.21 min (cpu), 0.21 min (real)
Generate toy 230/250

 -- MarkovChainMC -- 
Limit: r < 0.525931 +/- 0.0129503 @ 95% credibility (15 tries)
Done in 0.20 min (cpu), 0.20 min (real)
Generate toy 231/250

 -- MarkovChainMC -- 
Limit: r < 0.41219 +/- 0.00688524 @ 95% credibility (15 tries)
Done in 0.20 min (cpu), 0.20 min (real)
Generate toy 232/250

 -- MarkovChainMC -- 
Limit: r < 0.501093 +/- 0.00547059 @ 95% credibility (15 tries)
Done in 0.21 min (cpu), 0.21 min (real)
Generate toy 233/250

 -- MarkovChainMC -- 
Limit: r < 0.892462 +/- 0.00759901 @ 95% credibility (15 tries)
Done in 0.22 min (cpu), 0.23 min (real)
Generate toy 234/250

 -- MarkovChainMC -- 
Limit: r < 0.466793 +/- 0.00629411 @ 95% credibility (15 tries)
Done in 0.20 min (cpu), 0.21 min (real)
Generate toy 235/250

 -- MarkovChainMC -- 
Limit: r < 0.858897 +/- 0.00676883 @ 95% credibility (15 tries)
Done in 0.20 min (cpu), 0.21 min (real)
Generate toy 236/250

 -- MarkovChainMC -- 
Limit: r < 0.503775 +/- 0.00746267 @ 95% credibility (15 tries)
Done in 0.20 min (cpu), 0.20 min (real)
Generate toy 237/250

 -- MarkovChainMC -- 
Limit: r < 0.418362 +/- 0.00703817 @ 95% credibility (15 tries)
Done in 0.18 min (cpu), 0.19 min (real)
Generate toy 238/250

 -- MarkovChainMC -- 
Limit: r < 0.896093 +/- 0.00598464 @ 95% credibility (15 tries)
Done in 0.19 min (cpu), 0.19 min (real)
Generate toy 239/250

 -- MarkovChainMC -- 
Limit: r < 0.47876 +/- 0.00705999 @ 95% credibility (15 tries)
Done in 0.19 min (cpu), 0.20 min (real)
Generate toy 240/250

 -- MarkovChainMC -- 
Limit: r < 1.10835 +/- 0.0128183 @ 95% credibility (15 tries)
Done in 0.22 min (cpu), 0.22 min (real)
Generate toy 241/250

 -- MarkovChainMC -- 
Limit: r < 0.549245 +/- 0.008411 @ 95% credibility (15 tries)
Done in 0.21 min (cpu), 0.22 min (real)
Generate toy 242/250

 -- MarkovChainMC -- 
Limit: r < 0.650958 +/- 0.00653351 @ 95% credibility (15 tries)
Done in 0.21 min (cpu), 0.22 min (real)
Generate toy 243/250

 -- MarkovChainMC -- 
Limit: r < 0.415199 +/- 0.00574587 @ 95% credibility (15 tries)
Done in 0.20 min (cpu), 0.21 min (real)
Generate toy 244/250

 -- MarkovChainMC -- 
Limit: r < 0.440242 +/- 0.006231 @ 95% credibility (15 tries)
Done in 0.20 min (cpu), 0.21 min (real)
Generate toy 245/250

 -- MarkovChainMC -- 
Limit: r < 0.432976 +/- 0.00983168 @ 95% credibility (15 tries)
Done in 0.21 min (cpu), 0.21 min (real)
Generate toy 246/250

 -- MarkovChainMC -- 
Limit: r < 0.468672 +/- 0.00966848 @ 95% credibility (15 tries)
Done in 0.20 min (cpu), 0.20 min (real)
Generate toy 247/250

 -- MarkovChainMC -- 
Limit: r < 0.874934 +/- 0.0130732 @ 95% credibility (15 tries)
Done in 0.21 min (cpu), 0.21 min (real)
Generate toy 248/250

 -- MarkovChainMC -- 
Limit: r < 0.730182 +/- 0.00619313 @ 95% credibility (15 tries)
Done in 0.21 min (cpu), 0.22 min (real)
Generate toy 249/250

 -- MarkovChainMC -- 
Limit: r < 0.957172 +/- 0.0130339 @ 95% credibility (15 tries)
Done in 0.21 min (cpu), 0.22 min (real)
Generate toy 250/250

 -- MarkovChainMC -- 
Limit: r < 0.460597 +/- 0.00588169 @ 95% credibility (15 tries)
Done in 0.21 min (cpu), 0.21 min (real)
mean   expected limit: r < 0.635208 +/- 0.0150669 @ 95%CL (250 toyMC)
median expected limit: r < 0.58751 @ 95%CL (250 toyMC)
   68% expected band : 0.42424 < r < 0.858897
   95% expected band : 0.292597 < r < 1.24181
