 <<< Combine >>> 
 <<< v10.0.2 >>>
>>> Used OpenSSL to get a truly random seed 1215091999
>>> Method used is MarkovChainMC
============================================================
Analyzing bin errors for: prop_binmuon22
Poisson cut-off: 10
Processes excluded for sums: Signal
============================================================
Bin        Contents        Error           Notes                         
0          50.848235       5.901072        total sum                     
0          16.196235       0.413092        excluding marked processes    
0          1537.000000     39.204592       Unweighted events, alpha=0.033083
  => Total parameter prop_binmuon22_bin0[0.00,-7.00,7.00] to be Gaussian constrained
------------------------------------------------------------
============================================================
Analyzing bin errors for: prop_binmuon23
Poisson cut-off: 10
Processes excluded for sums: Signal
============================================================
Bin        Contents        Error           Notes                         
0          40.898163       5.237952        total sum                     
0          13.797163       0.578917        excluding marked processes    
0          568.000000      23.832751       Unweighted events, alpha=0.072004
  => Total parameter prop_binmuon23_bin0[0.00,-7.00,7.00] to be Gaussian constrained
------------------------------------------------------------
Channel muon22 will use autoMCStats with settings: event-threshold=10, include-signal=0, hist-mode=1
Channel muon23 will use autoMCStats with settings: event-threshold=10, include-signal=0, hist-mode=1
Generate toy 1/250

 -- MarkovChainMC -- 
Limit: r < 0.106278 +/- 0.0022874 @ 95% credibility (15 tries)
Done in 0.09 min (cpu), 0.09 min (real)
Generate toy 2/250

 -- MarkovChainMC -- 
Limit: r < 0.280426 +/- 0.00275079 @ 95% credibility (15 tries)
Done in 0.10 min (cpu), 0.10 min (real)
Generate toy 3/250

 -- MarkovChainMC -- 
Limit: r < 0.206808 +/- 0.00389785 @ 95% credibility (15 tries)
Done in 0.10 min (cpu), 0.10 min (real)
Generate toy 4/250

 -- MarkovChainMC -- 
Limit: r < 0.273077 +/- 0.00400179 @ 95% credibility (15 tries)
Done in 0.10 min (cpu), 0.10 min (real)
Generate toy 5/250

 -- MarkovChainMC -- 
Limit: r < 0.333991 +/- 0.00419416 @ 95% credibility (15 tries)
Done in 0.10 min (cpu), 0.10 min (real)
Generate toy 6/250

 -- MarkovChainMC -- 
Limit: r < 0.173026 +/- 0.00345888 @ 95% credibility (15 tries)
Done in 0.10 min (cpu), 0.10 min (real)
Generate toy 7/250

 -- MarkovChainMC -- 
Limit: r < 0.165579 +/- 0.00395213 @ 95% credibility (15 tries)
Done in 0.10 min (cpu), 0.10 min (real)
Generate toy 8/250

 -- MarkovChainMC -- 
Limit: r < 0.393768 +/- 0.003938 @ 95% credibility (15 tries)
Done in 0.10 min (cpu), 0.10 min (real)
Generate toy 9/250

 -- MarkovChainMC -- 
Limit: r < 0.150506 +/- 0.00247349 @ 95% credibility (15 tries)
Done in 0.10 min (cpu), 0.10 min (real)
Generate toy 10/250

 -- MarkovChainMC -- 
Limit: r < 0.202668 +/- 0.00434065 @ 95% credibility (15 tries)
Done in 0.10 min (cpu), 0.10 min (real)
Generate toy 11/250

 -- MarkovChainMC -- 
Limit: r < 0.330012 +/- 0.00370093 @ 95% credibility (15 tries)
Done in 0.10 min (cpu), 0.10 min (real)
Generate toy 12/250

 -- MarkovChainMC -- 
Limit: r < 0.371772 +/- 0.0041032 @ 95% credibility (15 tries)
Done in 0.10 min (cpu), 0.10 min (real)
Generate toy 13/250

 -- MarkovChainMC -- 
Limit: r < 0.109771 +/- 0.00399347 @ 95% credibility (15 tries)
Done in 0.10 min (cpu), 0.10 min (real)
Generate toy 14/250

 -- MarkovChainMC -- 
Limit: r < 0.118439 +/- 0.00428566 @ 95% credibility (15 tries)
Done in 0.10 min (cpu), 0.10 min (real)
Generate toy 15/250

 -- MarkovChainMC -- 
Limit: r < 0.229189 +/- 0.00599054 @ 95% credibility (15 tries)
Done in 0.10 min (cpu), 0.10 min (real)
Generate toy 16/250

 -- MarkovChainMC -- 
Limit: r < 0.127645 +/- 0.00322355 @ 95% credibility (15 tries)
Done in 0.10 min (cpu), 0.10 min (real)
Generate toy 17/250

 -- MarkovChainMC -- 
Limit: r < 0.377769 +/- 0.00359449 @ 95% credibility (15 tries)
Done in 0.10 min (cpu), 0.10 min (real)
Generate toy 18/250

 -- MarkovChainMC -- 
Limit: r < 0.240239 +/- 0.00403553 @ 95% credibility (15 tries)
Done in 0.10 min (cpu), 0.10 min (real)
Generate toy 19/250

 -- MarkovChainMC -- 
Limit: r < 0.189838 +/- 0.00343983 @ 95% credibility (15 tries)
Done in 0.10 min (cpu), 0.10 min (real)
Generate toy 20/250

 -- MarkovChainMC -- 
Limit: r < 0.321908 +/- 0.00387711 @ 95% credibility (15 tries)
Done in 0.10 min (cpu), 0.10 min (real)
Generate toy 21/250

 -- MarkovChainMC -- 
Limit: r < 0.276052 +/- 0.00500952 @ 95% credibility (15 tries)
Done in 0.10 min (cpu), 0.10 min (real)
Generate toy 22/250

 -- MarkovChainMC -- 
Limit: r < 0.238199 +/- 0.00315845 @ 95% credibility (15 tries)
Done in 0.10 min (cpu), 0.10 min (real)
Generate toy 23/250

 -- MarkovChainMC -- 
Limit: r < 0.193641 +/- 0.00296057 @ 95% credibility (15 tries)
Done in 0.09 min (cpu), 0.10 min (real)
Generate toy 24/250

 -- MarkovChainMC -- 
Limit: r < 0.28228 +/- 0.00332074 @ 95% credibility (15 tries)
Done in 0.10 min (cpu), 0.10 min (real)
Generate toy 25/250

 -- MarkovChainMC -- 
Limit: r < 0.195436 +/- 0.00302373 @ 95% credibility (15 tries)
Done in 0.10 min (cpu), 0.10 min (real)
Generate toy 26/250

 -- MarkovChainMC -- 
Limit: r < 0.205423 +/- 0.00113898 @ 95% credibility (15 tries)
Done in 0.09 min (cpu), 0.09 min (real)
Generate toy 27/250

 -- MarkovChainMC -- 
Limit: r < 0.285345 +/- 0.00569798 @ 95% credibility (15 tries)
Done in 0.10 min (cpu), 0.10 min (real)
Generate toy 28/250

 -- MarkovChainMC -- 
Limit: r < 0.238375 +/- 0.00490909 @ 95% credibility (15 tries)
Done in 0.09 min (cpu), 0.10 min (real)
Generate toy 29/250

 -- MarkovChainMC -- 
Limit: r < 0.277632 +/- 0.00352193 @ 95% credibility (15 tries)
Done in 0.10 min (cpu), 0.10 min (real)
Generate toy 30/250

 -- MarkovChainMC -- 
Limit: r < 0.15124 +/- 0.0029418 @ 95% credibility (15 tries)
Done in 0.09 min (cpu), 0.10 min (real)
Generate toy 31/250

 -- MarkovChainMC -- 
Limit: r < 0.206507 +/- 0.00488877 @ 95% credibility (15 tries)
Done in 0.09 min (cpu), 0.10 min (real)
Generate toy 32/250

 -- MarkovChainMC -- 
Limit: r < 0.177854 +/- 0.00277658 @ 95% credibility (15 tries)
Done in 0.09 min (cpu), 0.10 min (real)
Generate toy 33/250

 -- MarkovChainMC -- 
Limit: r < 0.250346 +/- 0.00450504 @ 95% credibility (15 tries)
Done in 0.10 min (cpu), 0.10 min (real)
Generate toy 34/250

 -- MarkovChainMC -- 
Limit: r < 0.17731 +/- 0.00176832 @ 95% credibility (15 tries)
Done in 0.09 min (cpu), 0.09 min (real)
Generate toy 35/250

 -- MarkovChainMC -- 
Limit: r < 0.32743 +/- 0.00687014 @ 95% credibility (15 tries)
Done in 0.10 min (cpu), 0.10 min (real)
Generate toy 36/250

 -- MarkovChainMC -- 
Limit: r < 0.259567 +/- 0.00307431 @ 95% credibility (15 tries)
Done in 0.10 min (cpu), 0.10 min (real)
Generate toy 37/250

 -- MarkovChainMC -- 
Limit: r < 0.187615 +/- 0.00475354 @ 95% credibility (15 tries)
Done in 0.09 min (cpu), 0.10 min (real)
Generate toy 38/250

 -- MarkovChainMC -- 
Limit: r < 0.170266 +/- 0.00355229 @ 95% credibility (15 tries)
Done in 0.09 min (cpu), 0.10 min (real)
Generate toy 39/250

 -- MarkovChainMC -- 
Limit: r < 0.310767 +/- 0.00297702 @ 95% credibility (15 tries)
Done in 0.10 min (cpu), 0.10 min (real)
Generate toy 40/250

 -- MarkovChainMC -- 
Limit: r < 0.201881 +/- 0.00454575 @ 95% credibility (15 tries)
Done in 0.10 min (cpu), 0.10 min (real)
Generate toy 41/250

 -- MarkovChainMC -- 
Limit: r < 0.223225 +/- 0.00357726 @ 95% credibility (15 tries)
Done in 0.10 min (cpu), 0.10 min (real)
Generate toy 42/250

 -- MarkovChainMC -- 
Limit: r < 0.214887 +/- 0.00356974 @ 95% credibility (15 tries)
Done in 0.10 min (cpu), 0.10 min (real)
Generate toy 43/250

 -- MarkovChainMC -- 
Limit: r < 0.215906 +/- 0.003689 @ 95% credibility (15 tries)
Done in 0.09 min (cpu), 0.10 min (real)
Generate toy 44/250

 -- MarkovChainMC -- 
Limit: r < 0.243548 +/- 0.00393359 @ 95% credibility (15 tries)
Done in 0.10 min (cpu), 0.10 min (real)
Generate toy 45/250

 -- MarkovChainMC -- 
Limit: r < 0.293772 +/- 0.00427787 @ 95% credibility (15 tries)
Done in 0.10 min (cpu), 0.10 min (real)
Generate toy 46/250

 -- MarkovChainMC -- 
Limit: r < 0.380758 +/- 0.00292147 @ 95% credibility (15 tries)
Done in 0.10 min (cpu), 0.10 min (real)
Generate toy 47/250

 -- MarkovChainMC -- 
Limit: r < 0.183516 +/- 0.00470122 @ 95% credibility (15 tries)
Done in 0.09 min (cpu), 0.09 min (real)
Generate toy 48/250

 -- MarkovChainMC -- 
Limit: r < 0.121067 +/- 0.00346038 @ 95% credibility (15 tries)
Done in 0.09 min (cpu), 0.09 min (real)
Generate toy 49/250

 -- MarkovChainMC -- 
Limit: r < 0.353615 +/- 0.00160996 @ 95% credibility (15 tries)
Done in 0.10 min (cpu), 0.10 min (real)
Generate toy 50/250

 -- MarkovChainMC -- 
Limit: r < 0.184806 +/- 0.00392649 @ 95% credibility (15 tries)
Done in 0.09 min (cpu), 0.10 min (real)
Generate toy 51/250

 -- MarkovChainMC -- 
Limit: r < 0.254535 +/- 0.00587896 @ 95% credibility (15 tries)
Done in 0.09 min (cpu), 0.10 min (real)
Generate toy 52/250

 -- MarkovChainMC -- 
Limit: r < 0.240763 +/- 0.0031538 @ 95% credibility (15 tries)
Done in 0.09 min (cpu), 0.09 min (real)
Generate toy 53/250

 -- MarkovChainMC -- 
Limit: r < 0.295976 +/- 0.00419652 @ 95% credibility (15 tries)
Done in 0.10 min (cpu), 0.10 min (real)
Generate toy 54/250

 -- MarkovChainMC -- 
Limit: r < 0.0857158 +/- 0.00195361 @ 95% credibility (15 tries)
Done in 0.09 min (cpu), 0.09 min (real)
Generate toy 55/250

 -- MarkovChainMC -- 
Limit: r < 0.195154 +/- 0.00350319 @ 95% credibility (15 tries)
Done in 0.09 min (cpu), 0.09 min (real)
Generate toy 56/250

 -- MarkovChainMC -- 
Limit: r < 0.347152 +/- 0.00460417 @ 95% credibility (15 tries)
Done in 0.10 min (cpu), 0.10 min (real)
Generate toy 57/250

 -- MarkovChainMC -- 
Limit: r < 0.328273 +/- 0.00357596 @ 95% credibility (15 tries)
Done in 0.10 min (cpu), 0.10 min (real)
Generate toy 58/250

 -- MarkovChainMC -- 
Limit: r < 0.393252 +/- 0.00567731 @ 95% credibility (15 tries)
Done in 0.10 min (cpu), 0.10 min (real)
Generate toy 59/250

 -- MarkovChainMC -- 
Limit: r < 0.349183 +/- 0.00678779 @ 95% credibility (15 tries)
Done in 0.10 min (cpu), 0.10 min (real)
Generate toy 60/250

 -- MarkovChainMC -- 
Limit: r < 0.131598 +/- 0.00362811 @ 95% credibility (15 tries)
Done in 0.09 min (cpu), 0.09 min (real)
Generate toy 61/250

 -- MarkovChainMC -- 
Limit: r < 0.288866 +/- 0.00413985 @ 95% credibility (15 tries)
Done in 0.10 min (cpu), 0.10 min (real)
Generate toy 62/250

 -- MarkovChainMC -- 
Limit: r < 0.238735 +/- 0.00310446 @ 95% credibility (15 tries)
Done in 0.09 min (cpu), 0.10 min (real)
Generate toy 63/250

 -- MarkovChainMC -- 
Limit: r < 0.186472 +/- 0.00298658 @ 95% credibility (15 tries)
Done in 0.09 min (cpu), 0.09 min (real)
Generate toy 64/250

 -- MarkovChainMC -- 
Limit: r < 0.238054 +/- 0.00352808 @ 95% credibility (15 tries)
Done in 0.09 min (cpu), 0.09 min (real)
Generate toy 65/250

 -- MarkovChainMC -- 
Limit: r < 0.314411 +/- 0.00571161 @ 95% credibility (15 tries)
Done in 0.10 min (cpu), 0.10 min (real)
Generate toy 66/250

 -- MarkovChainMC -- 
Limit: r < 0.264191 +/- 0.00405764 @ 95% credibility (15 tries)
Done in 0.10 min (cpu), 0.10 min (real)
Generate toy 67/250

 -- MarkovChainMC -- 
Limit: r < 0.278111 +/- 0.00388357 @ 95% credibility (15 tries)
Done in 0.10 min (cpu), 0.10 min (real)
Generate toy 68/250

 -- MarkovChainMC -- 
Limit: r < 0.132554 +/- 0.00434487 @ 95% credibility (15 tries)
Done in 0.09 min (cpu), 0.10 min (real)
Generate toy 69/250

 -- MarkovChainMC -- 
Limit: r < 0.340501 +/- 0.00463644 @ 95% credibility (15 tries)
Done in 0.10 min (cpu), 0.10 min (real)
Generate toy 70/250

 -- MarkovChainMC -- 
Limit: r < 0.27519 +/- 0.00476411 @ 95% credibility (15 tries)
Done in 0.10 min (cpu), 0.10 min (real)
Generate toy 71/250

 -- MarkovChainMC -- 
Limit: r < 0.231075 +/- 0.00282486 @ 95% credibility (15 tries)
Done in 0.10 min (cpu), 0.10 min (real)
Generate toy 72/250

 -- MarkovChainMC -- 
Limit: r < 0.428152 +/- 0.001581 @ 95% credibility (15 tries)
Done in 0.10 min (cpu), 0.10 min (real)
Generate toy 73/250

 -- MarkovChainMC -- 
Limit: r < 0.171499 +/- 0.00329876 @ 95% credibility (15 tries)
Done in 0.09 min (cpu), 0.09 min (real)
Generate toy 74/250

 -- MarkovChainMC -- 
Limit: r < 0.340908 +/- 0.00532115 @ 95% credibility (15 tries)
Done in 0.10 min (cpu), 0.10 min (real)
Generate toy 75/250

 -- MarkovChainMC -- 
Limit: r < 0.16603 +/- 0.00497911 @ 95% credibility (15 tries)
Done in 0.09 min (cpu), 0.10 min (real)
Generate toy 76/250

 -- MarkovChainMC -- 
Limit: r < 0.236082 +/- 0.00326758 @ 95% credibility (15 tries)
Done in 0.10 min (cpu), 0.10 min (real)
Generate toy 77/250

 -- MarkovChainMC -- 
Limit: r < 0.398145 +/- 0.00612288 @ 95% credibility (15 tries)
Done in 0.10 min (cpu), 0.10 min (real)
Generate toy 78/250

 -- MarkovChainMC -- 
Limit: r < 0.285164 +/- 0.00368137 @ 95% credibility (15 tries)
Done in 0.10 min (cpu), 0.10 min (real)
Generate toy 79/250

 -- MarkovChainMC -- 
Limit: r < 0.167361 +/- 0.00372759 @ 95% credibility (15 tries)
Done in 0.10 min (cpu), 0.10 min (real)
Generate toy 80/250

 -- MarkovChainMC -- 
Limit: r < 0.122477 +/- 0.00242389 @ 95% credibility (15 tries)
Done in 0.09 min (cpu), 0.09 min (real)
Generate toy 81/250

 -- MarkovChainMC -- 
Limit: r < 0.202675 +/- 0.00293553 @ 95% credibility (15 tries)
Done in 0.10 min (cpu), 0.10 min (real)
Generate toy 82/250

 -- MarkovChainMC -- 
Limit: r < 0.135907 +/- 0.0036613 @ 95% credibility (15 tries)
Done in 0.10 min (cpu), 0.10 min (real)
Generate toy 83/250

 -- MarkovChainMC -- 
Limit: r < 0.177804 +/- 0.00370599 @ 95% credibility (15 tries)
Done in 0.10 min (cpu), 0.10 min (real)
Generate toy 84/250

 -- MarkovChainMC -- 
Limit: r < 0.226993 +/- 0.00439573 @ 95% credibility (15 tries)
Done in 0.10 min (cpu), 0.10 min (real)
Generate toy 85/250

 -- MarkovChainMC -- 
Limit: r < 0.237346 +/- 0.00340702 @ 95% credibility (15 tries)
Done in 0.10 min (cpu), 0.10 min (real)
Generate toy 86/250

 -- MarkovChainMC -- 
Limit: r < 0.14839 +/- 0.00337767 @ 95% credibility (15 tries)
Done in 0.10 min (cpu), 0.10 min (real)
Generate toy 87/250

 -- MarkovChainMC -- 
Limit: r < 0.268105 +/- 0.00539742 @ 95% credibility (15 tries)
Done in 0.10 min (cpu), 0.10 min (real)
Generate toy 88/250

 -- MarkovChainMC -- 
Limit: r < 0.270237 +/- 0.00357895 @ 95% credibility (15 tries)
Done in 0.10 min (cpu), 0.10 min (real)
Generate toy 89/250

 -- MarkovChainMC -- 
Limit: r < 0.16805 +/- 0.00237781 @ 95% credibility (15 tries)
Done in 0.09 min (cpu), 0.10 min (real)
Generate toy 90/250

 -- MarkovChainMC -- 
Limit: r < 0.219659 +/- 0.00273104 @ 95% credibility (15 tries)
Done in 0.10 min (cpu), 0.10 min (real)
Generate toy 91/250

 -- MarkovChainMC -- 
Limit: r < 0.292456 +/- 0.00238608 @ 95% credibility (15 tries)
Done in 0.10 min (cpu), 0.10 min (real)
Generate toy 92/250

 -- MarkovChainMC -- 
Limit: r < 0.192851 +/- 0.00291352 @ 95% credibility (15 tries)
Done in 0.09 min (cpu), 0.10 min (real)
Generate toy 93/250

 -- MarkovChainMC -- 
Limit: r < 0.163865 +/- 0.00367959 @ 95% credibility (15 tries)
Done in 0.09 min (cpu), 0.10 min (real)
Generate toy 94/250

 -- MarkovChainMC -- 
Limit: r < 0.273253 +/- 0.00265811 @ 95% credibility (15 tries)
Done in 0.10 min (cpu), 0.10 min (real)
Generate toy 95/250

 -- MarkovChainMC -- 
Limit: r < 0.27332 +/- 0.00282477 @ 95% credibility (15 tries)
Done in 0.10 min (cpu), 0.10 min (real)
Generate toy 96/250

 -- MarkovChainMC -- 
Limit: r < 0.183248 +/- 0.00417549 @ 95% credibility (15 tries)
Done in 0.10 min (cpu), 0.10 min (real)
Generate toy 97/250

 -- MarkovChainMC -- 
Limit: r < 0.157353 +/- 0.00130958 @ 95% credibility (15 tries)
Done in 0.10 min (cpu), 0.10 min (real)
Generate toy 98/250

 -- MarkovChainMC -- 
Limit: r < 0.26615 +/- 0.00489013 @ 95% credibility (15 tries)
Done in 0.10 min (cpu), 0.10 min (real)
Generate toy 99/250

 -- MarkovChainMC -- 
Limit: r < 0.344582 +/- 0.00399277 @ 95% credibility (15 tries)
Done in 0.10 min (cpu), 0.10 min (real)
Generate toy 100/250

 -- MarkovChainMC -- 
Limit: r < 0.267074 +/- 0.00356655 @ 95% credibility (15 tries)
Done in 0.10 min (cpu), 0.10 min (real)
Generate toy 101/250

 -- MarkovChainMC -- 
Limit: r < 0.173142 +/- 0.00459637 @ 95% credibility (15 tries)
Done in 0.10 min (cpu), 0.10 min (real)
Generate toy 102/250

 -- MarkovChainMC -- 
Limit: r < 0.162307 +/- 0.0041403 @ 95% credibility (15 tries)
Done in 0.10 min (cpu), 0.10 min (real)
Generate toy 103/250

 -- MarkovChainMC -- 
Limit: r < 0.312966 +/- 0.0028356 @ 95% credibility (15 tries)
Done in 0.10 min (cpu), 0.10 min (real)
Generate toy 104/250

 -- MarkovChainMC -- 
Limit: r < 0.209264 +/- 0.00480767 @ 95% credibility (15 tries)
Done in 0.10 min (cpu), 0.10 min (real)
Generate toy 105/250

 -- MarkovChainMC -- 
Limit: r < 0.167345 +/- 0.00342305 @ 95% credibility (15 tries)
Done in 0.10 min (cpu), 0.10 min (real)
Generate toy 106/250

 -- MarkovChainMC -- 
Limit: r < 0.132976 +/- 0.00263773 @ 95% credibility (15 tries)
Done in 0.09 min (cpu), 0.09 min (real)
Generate toy 107/250

 -- MarkovChainMC -- 
Limit: r < 0.237317 +/- 0.00344798 @ 95% credibility (15 tries)
Done in 0.10 min (cpu), 0.10 min (real)
Generate toy 108/250

 -- MarkovChainMC -- 
Limit: r < 0.287271 +/- 0.0047084 @ 95% credibility (15 tries)
Done in 0.10 min (cpu), 0.10 min (real)
Generate toy 109/250

 -- MarkovChainMC -- 
Limit: r < 0.218084 +/- 0.00281664 @ 95% credibility (15 tries)
Done in 0.10 min (cpu), 0.10 min (real)
Generate toy 110/250

 -- MarkovChainMC -- 
Limit: r < 0.171491 +/- 0.00305697 @ 95% credibility (15 tries)
Done in 0.10 min (cpu), 0.10 min (real)
Generate toy 111/250

 -- MarkovChainMC -- 
Limit: r < 0.222833 +/- 0.00525685 @ 95% credibility (15 tries)
Done in 0.10 min (cpu), 0.10 min (real)
Generate toy 112/250

 -- MarkovChainMC -- 
Limit: r < 0.248158 +/- 0.00422856 @ 95% credibility (15 tries)
Done in 0.10 min (cpu), 0.10 min (real)
Generate toy 113/250

 -- MarkovChainMC -- 
Limit: r < 0.206947 +/- 0.00478499 @ 95% credibility (15 tries)
Done in 0.10 min (cpu), 0.10 min (real)
Generate toy 114/250

 -- MarkovChainMC -- 
Limit: r < 0.297238 +/- 0.00238017 @ 95% credibility (15 tries)
Done in 0.10 min (cpu), 0.10 min (real)
Generate toy 115/250

 -- MarkovChainMC -- 
Limit: r < 0.179464 +/- 0.00204766 @ 95% credibility (15 tries)
Done in 0.10 min (cpu), 0.10 min (real)
Generate toy 116/250

 -- MarkovChainMC -- 
Limit: r < 0.231919 +/- 0.00348526 @ 95% credibility (15 tries)
Done in 0.10 min (cpu), 0.10 min (real)
Generate toy 117/250

 -- MarkovChainMC -- 
Limit: r < 0.346236 +/- 0.00153002 @ 95% credibility (15 tries)
Done in 0.10 min (cpu), 0.10 min (real)
Generate toy 118/250

 -- MarkovChainMC -- 
Limit: r < 0.353344 +/- 0.00373681 @ 95% credibility (15 tries)
Done in 0.10 min (cpu), 0.10 min (real)
Generate toy 119/250

 -- MarkovChainMC -- 
Limit: r < 0.196425 +/- 0.00255203 @ 95% credibility (15 tries)
Done in 0.09 min (cpu), 0.10 min (real)
Generate toy 120/250

 -- MarkovChainMC -- 
Limit: r < 0.175286 +/- 0.00209359 @ 95% credibility (15 tries)
Done in 0.09 min (cpu), 0.09 min (real)
Generate toy 121/250

 -- MarkovChainMC -- 
Limit: r < 0.262361 +/- 0.00383442 @ 95% credibility (15 tries)
Done in 0.10 min (cpu), 0.10 min (real)
Generate toy 122/250

 -- MarkovChainMC -- 
Limit: r < 0.226475 +/- 0.00589302 @ 95% credibility (15 tries)
Done in 0.09 min (cpu), 0.10 min (real)
Generate toy 123/250

 -- MarkovChainMC -- 
Limit: r < 0.138775 +/- 0.00228169 @ 95% credibility (15 tries)
Done in 0.09 min (cpu), 0.09 min (real)
Generate toy 124/250

 -- MarkovChainMC -- 
Limit: r < 0.281738 +/- 0.00184405 @ 95% credibility (15 tries)
Done in 0.10 min (cpu), 0.10 min (real)
Generate toy 125/250

 -- MarkovChainMC -- 
Limit: r < 0.186048 +/- 0.00375261 @ 95% credibility (15 tries)
Done in 0.10 min (cpu), 0.10 min (real)
Generate toy 126/250

 -- MarkovChainMC -- 
Limit: r < 0.121837 +/- 0.0041644 @ 95% credibility (15 tries)
Done in 0.09 min (cpu), 0.10 min (real)
Generate toy 127/250

 -- MarkovChainMC -- 
Limit: r < 0.266352 +/- 0.00448956 @ 95% credibility (15 tries)
Done in 0.10 min (cpu), 0.10 min (real)
Generate toy 128/250

 -- MarkovChainMC -- 
Limit: r < 0.215801 +/- 0.00295977 @ 95% credibility (15 tries)
Done in 0.10 min (cpu), 0.10 min (real)
Generate toy 129/250

 -- MarkovChainMC -- 
Limit: r < 0.192296 +/- 0.0041236 @ 95% credibility (15 tries)
Done in 0.10 min (cpu), 0.10 min (real)
Generate toy 130/250

 -- MarkovChainMC -- 
Limit: r < 0.256022 +/- 0.00286379 @ 95% credibility (15 tries)
Done in 0.10 min (cpu), 0.10 min (real)
Generate toy 131/250

 -- MarkovChainMC -- 
Limit: r < 0.139314 +/- 0.00356311 @ 95% credibility (15 tries)
Done in 0.09 min (cpu), 0.09 min (real)
Generate toy 132/250

 -- MarkovChainMC -- 
Limit: r < 0.323062 +/- 0.0045156 @ 95% credibility (15 tries)
Done in 0.10 min (cpu), 0.10 min (real)
Generate toy 133/250

 -- MarkovChainMC -- 
Limit: r < 0.175398 +/- 0.00515896 @ 95% credibility (15 tries)
Done in 0.09 min (cpu), 0.10 min (real)
Generate toy 134/250

 -- MarkovChainMC -- 
Limit: r < 0.217173 +/- 0.00259951 @ 95% credibility (15 tries)
Done in 0.10 min (cpu), 0.10 min (real)
Generate toy 135/250

 -- MarkovChainMC -- 
Limit: r < 0.20994 +/- 0.00431486 @ 95% credibility (15 tries)
Done in 0.10 min (cpu), 0.10 min (real)
Generate toy 136/250

 -- MarkovChainMC -- 
Limit: r < 0.135864 +/- 0.00283162 @ 95% credibility (15 tries)
Done in 0.09 min (cpu), 0.10 min (real)
Generate toy 137/250

 -- MarkovChainMC -- 
Limit: r < 0.195708 +/- 0.00421385 @ 95% credibility (15 tries)
Done in 0.10 min (cpu), 0.10 min (real)
Generate toy 138/250

 -- MarkovChainMC -- 
Limit: r < 0.589484 +/- 0.00581429 @ 95% credibility (15 tries)
Done in 0.10 min (cpu), 0.10 min (real)
Generate toy 139/250

 -- MarkovChainMC -- 
Limit: r < 0.198955 +/- 0.00358715 @ 95% credibility (15 tries)
Done in 0.09 min (cpu), 0.10 min (real)
Generate toy 140/250

 -- MarkovChainMC -- 
Limit: r < 0.222405 +/- 0.00346219 @ 95% credibility (15 tries)
Done in 0.10 min (cpu), 0.10 min (real)
Generate toy 141/250

 -- MarkovChainMC -- 
Limit: r < 0.373983 +/- 0.00447411 @ 95% credibility (15 tries)
Done in 0.10 min (cpu), 0.10 min (real)
Generate toy 142/250

 -- MarkovChainMC -- 
Limit: r < 0.293572 +/- 0.00471436 @ 95% credibility (15 tries)
Done in 0.10 min (cpu), 0.10 min (real)
Generate toy 143/250

 -- MarkovChainMC -- 
Limit: r < 0.228034 +/- 0.0044731 @ 95% credibility (15 tries)
Done in 0.09 min (cpu), 0.10 min (real)
Generate toy 144/250

 -- MarkovChainMC -- 
Limit: r < 0.280014 +/- 0.00286203 @ 95% credibility (15 tries)
Done in 0.10 min (cpu), 0.10 min (real)
Generate toy 145/250

 -- MarkovChainMC -- 
Limit: r < 0.34976 +/- 0.00387571 @ 95% credibility (15 tries)
Done in 0.10 min (cpu), 0.10 min (real)
Generate toy 146/250

 -- MarkovChainMC -- 
Limit: r < 0.118464 +/- 0.00334787 @ 95% credibility (15 tries)
Done in 0.09 min (cpu), 0.10 min (real)
Generate toy 147/250

 -- MarkovChainMC -- 
Limit: r < 0.373587 +/- 0.00294425 @ 95% credibility (15 tries)
Done in 0.10 min (cpu), 0.10 min (real)
Generate toy 148/250

 -- MarkovChainMC -- 
Limit: r < 0.177108 +/- 0.00441415 @ 95% credibility (15 tries)
Done in 0.09 min (cpu), 0.10 min (real)
Generate toy 149/250

 -- MarkovChainMC -- 
Limit: r < 0.284833 +/- 0.00266317 @ 95% credibility (15 tries)
Done in 0.10 min (cpu), 0.10 min (real)
Generate toy 150/250

 -- MarkovChainMC -- 
Limit: r < 0.133748 +/- 0.00373446 @ 95% credibility (15 tries)
Done in 0.09 min (cpu), 0.09 min (real)
Generate toy 151/250

 -- MarkovChainMC -- 
Limit: r < 0.180367 +/- 0.00251937 @ 95% credibility (15 tries)
Done in 0.10 min (cpu), 0.10 min (real)
Generate toy 152/250

 -- MarkovChainMC -- 
Limit: r < 0.200576 +/- 0.00320801 @ 95% credibility (15 tries)
Done in 0.10 min (cpu), 0.10 min (real)
Generate toy 153/250

 -- MarkovChainMC -- 
Limit: r < 0.315609 +/- 0.00452835 @ 95% credibility (15 tries)
Done in 0.10 min (cpu), 0.10 min (real)
Generate toy 154/250

 -- MarkovChainMC -- 
Limit: r < 0.330793 +/- 0.00396698 @ 95% credibility (15 tries)
Done in 0.10 min (cpu), 0.10 min (real)
Generate toy 155/250

 -- MarkovChainMC -- 
Limit: r < 0.266375 +/- 0.00387196 @ 95% credibility (15 tries)
Done in 0.10 min (cpu), 0.10 min (real)
Generate toy 156/250

 -- MarkovChainMC -- 
Limit: r < 0.219817 +/- 0.00393183 @ 95% credibility (15 tries)
Done in 0.10 min (cpu), 0.10 min (real)
Generate toy 157/250

 -- MarkovChainMC -- 
Limit: r < 0.175211 +/- 0.00331673 @ 95% credibility (15 tries)
Done in 0.09 min (cpu), 0.10 min (real)
Generate toy 158/250

 -- MarkovChainMC -- 
Limit: r < 0.250987 +/- 0.00370391 @ 95% credibility (15 tries)
Done in 0.10 min (cpu), 0.10 min (real)
Generate toy 159/250

 -- MarkovChainMC -- 
Limit: r < 0.229331 +/- 0.00446628 @ 95% credibility (15 tries)
Done in 0.10 min (cpu), 0.10 min (real)
Generate toy 160/250

 -- MarkovChainMC -- 
Limit: r < 0.215033 +/- 0.00345814 @ 95% credibility (15 tries)
Done in 0.10 min (cpu), 0.10 min (real)
Generate toy 161/250

 -- MarkovChainMC -- 
Limit: r < 0.109566 +/- 0.00388124 @ 95% credibility (15 tries)
Done in 0.09 min (cpu), 0.09 min (real)
Generate toy 162/250

 -- MarkovChainMC -- 
Limit: r < 0.249543 +/- 0.00297793 @ 95% credibility (15 tries)
Done in 0.10 min (cpu), 0.10 min (real)
Generate toy 163/250

 -- MarkovChainMC -- 
Limit: r < 0.163631 +/- 0.00233308 @ 95% credibility (15 tries)
Done in 0.09 min (cpu), 0.09 min (real)
Generate toy 164/250

 -- MarkovChainMC -- 
Limit: r < 0.243745 +/- 0.00336528 @ 95% credibility (15 tries)
Done in 0.10 min (cpu), 0.10 min (real)
Generate toy 165/250

 -- MarkovChainMC -- 
Limit: r < 0.222982 +/- 0.00334085 @ 95% credibility (15 tries)
Done in 0.10 min (cpu), 0.10 min (real)
Generate toy 166/250

 -- MarkovChainMC -- 
Limit: r < 0.302078 +/- 0.00401497 @ 95% credibility (15 tries)
Done in 0.10 min (cpu), 0.10 min (real)
Generate toy 167/250

 -- MarkovChainMC -- 
Limit: r < 0.231956 +/- 0.00351881 @ 95% credibility (15 tries)
Done in 0.10 min (cpu), 0.10 min (real)
Generate toy 168/250

 -- MarkovChainMC -- 
Limit: r < 0.242656 +/- 0.0039257 @ 95% credibility (15 tries)
Done in 0.10 min (cpu), 0.10 min (real)
Generate toy 169/250

 -- MarkovChainMC -- 
Limit: r < 0.490729 +/- 0.00645525 @ 95% credibility (15 tries)
Done in 0.10 min (cpu), 0.10 min (real)
Generate toy 170/250

 -- MarkovChainMC -- 
Limit: r < 0.484313 +/- 0.00403392 @ 95% credibility (15 tries)
Done in 0.10 min (cpu), 0.10 min (real)
Generate toy 171/250

 -- MarkovChainMC -- 
Limit: r < 0.257233 +/- 0.00247294 @ 95% credibility (15 tries)
Done in 0.10 min (cpu), 0.10 min (real)
Generate toy 172/250

 -- MarkovChainMC -- 
Limit: r < 0.152931 +/- 0.00540548 @ 95% credibility (15 tries)
Done in 0.09 min (cpu), 0.09 min (real)
Generate toy 173/250

 -- MarkovChainMC -- 
Limit: r < 0.183647 +/- 0.00236981 @ 95% credibility (15 tries)
Done in 0.09 min (cpu), 0.10 min (real)
Generate toy 174/250

 -- MarkovChainMC -- 
Limit: r < 0.274421 +/- 0.00488633 @ 95% credibility (15 tries)
Done in 0.10 min (cpu), 0.10 min (real)
Generate toy 175/250

 -- MarkovChainMC -- 
Limit: r < 0.214383 +/- 0.00400999 @ 95% credibility (15 tries)
Done in 0.10 min (cpu), 0.10 min (real)
Generate toy 176/250

 -- MarkovChainMC -- 
Limit: r < 0.130139 +/- 0.00324742 @ 95% credibility (15 tries)
Done in 0.10 min (cpu), 0.10 min (real)
Generate toy 177/250

 -- MarkovChainMC -- 
Limit: r < 0.202715 +/- 0.00356443 @ 95% credibility (15 tries)
Done in 0.10 min (cpu), 0.10 min (real)
Generate toy 178/250

 -- MarkovChainMC -- 
Limit: r < 0.313455 +/- 0.00307673 @ 95% credibility (15 tries)
Done in 0.10 min (cpu), 0.10 min (real)
Generate toy 179/250

 -- MarkovChainMC -- 
Limit: r < 0.295147 +/- 0.00347885 @ 95% credibility (15 tries)
Done in 0.10 min (cpu), 0.10 min (real)
Generate toy 180/250

 -- MarkovChainMC -- 
Limit: r < 0.432842 +/- 0.00411246 @ 95% credibility (15 tries)
Done in 0.10 min (cpu), 0.10 min (real)
Generate toy 181/250

 -- MarkovChainMC -- 
Limit: r < 0.183325 +/- 0.00372532 @ 95% credibility (15 tries)
Done in 0.10 min (cpu), 0.10 min (real)
Generate toy 182/250

 -- MarkovChainMC -- 
Limit: r < 0.14724 +/- 0.00409645 @ 95% credibility (15 tries)
Done in 0.09 min (cpu), 0.09 min (real)
Generate toy 183/250

 -- MarkovChainMC -- 
Limit: r < 0.415647 +/- 0.00276966 @ 95% credibility (15 tries)
Done in 0.10 min (cpu), 0.10 min (real)
Generate toy 184/250

 -- MarkovChainMC -- 
Limit: r < 0.2486 +/- 0.003035 @ 95% credibility (15 tries)
Done in 0.10 min (cpu), 0.10 min (real)
Generate toy 185/250

 -- MarkovChainMC -- 
Limit: r < 0.148002 +/- 0.00400903 @ 95% credibility (15 tries)
Done in 0.09 min (cpu), 0.10 min (real)
Generate toy 186/250

 -- MarkovChainMC -- 
Limit: r < 0.457948 +/- 0.00638217 @ 95% credibility (15 tries)
Done in 0.10 min (cpu), 0.10 min (real)
Generate toy 187/250

 -- MarkovChainMC -- 
Limit: r < 0.200003 +/- 0.00433933 @ 95% credibility (15 tries)
Done in 0.10 min (cpu), 0.10 min (real)
Generate toy 188/250

 -- MarkovChainMC -- 
Limit: r < 0.251947 +/- 0.00303153 @ 95% credibility (15 tries)
Done in 0.10 min (cpu), 0.10 min (real)
Generate toy 189/250

 -- MarkovChainMC -- 
Limit: r < 0.274989 +/- 0.003807 @ 95% credibility (15 tries)
Done in 0.10 min (cpu), 0.10 min (real)
Generate toy 190/250

 -- MarkovChainMC -- 
Limit: r < 0.145282 +/- 0.00279216 @ 95% credibility (15 tries)
Done in 0.09 min (cpu), 0.10 min (real)
Generate toy 191/250

 -- MarkovChainMC -- 
Limit: r < 0.175884 +/- 0.00144654 @ 95% credibility (15 tries)
Done in 0.10 min (cpu), 0.10 min (real)
Generate toy 192/250

 -- MarkovChainMC -- 
Limit: r < 0.106984 +/- 0.00385699 @ 95% credibility (15 tries)
Done in 0.10 min (cpu), 0.10 min (real)
Generate toy 193/250

 -- MarkovChainMC -- 
Limit: r < 0.322325 +/- 0.00331183 @ 95% credibility (15 tries)
Done in 0.10 min (cpu), 0.10 min (real)
Generate toy 194/250

 -- MarkovChainMC -- 
Limit: r < 0.28514 +/- 0.00177783 @ 95% credibility (15 tries)
Done in 0.10 min (cpu), 0.10 min (real)
Generate toy 195/250

 -- MarkovChainMC -- 
Limit: r < 0.206908 +/- 0.00396053 @ 95% credibility (15 tries)
Done in 0.09 min (cpu), 0.10 min (real)
Generate toy 196/250

 -- MarkovChainMC -- 
Limit: r < 0.143598 +/- 0.00215137 @ 95% credibility (15 tries)
Done in 0.09 min (cpu), 0.09 min (real)
Generate toy 197/250

 -- MarkovChainMC -- 
Limit: r < 0.205625 +/- 0.00285702 @ 95% credibility (15 tries)
Done in 0.10 min (cpu), 0.10 min (real)
Generate toy 198/250

 -- MarkovChainMC -- 
Limit: r < 0.223772 +/- 0.0057762 @ 95% credibility (15 tries)
Done in 0.10 min (cpu), 0.10 min (real)
Generate toy 199/250

 -- MarkovChainMC -- 
Limit: r < 0.249575 +/- 0.00262851 @ 95% credibility (15 tries)
Done in 0.09 min (cpu), 0.10 min (real)
Generate toy 200/250

 -- MarkovChainMC -- 
Limit: r < 0.207665 +/- 0.00383311 @ 95% credibility (15 tries)
Done in 0.09 min (cpu), 0.09 min (real)
Generate toy 201/250

 -- MarkovChainMC -- 
Limit: r < 0.1656 +/- 0.00391044 @ 95% credibility (15 tries)
Done in 0.10 min (cpu), 0.10 min (real)
Generate toy 202/250

 -- MarkovChainMC -- 
Limit: r < 0.174893 +/- 0.00280253 @ 95% credibility (15 tries)
Done in 0.09 min (cpu), 0.10 min (real)
Generate toy 203/250

 -- MarkovChainMC -- 
Limit: r < 0.294504 +/- 0.00561098 @ 95% credibility (15 tries)
Done in 0.10 min (cpu), 0.10 min (real)
Generate toy 204/250

 -- MarkovChainMC -- 
Limit: r < 0.192982 +/- 0.00389155 @ 95% credibility (15 tries)
Done in 0.10 min (cpu), 0.10 min (real)
Generate toy 205/250

 -- MarkovChainMC -- 
Limit: r < 0.342617 +/- 0.00324406 @ 95% credibility (15 tries)
Done in 0.10 min (cpu), 0.10 min (real)
Generate toy 206/250

 -- MarkovChainMC -- 
Limit: r < 0.181943 +/- 0.00144987 @ 95% credibility (15 tries)
Done in 0.10 min (cpu), 0.10 min (real)
Generate toy 207/250

 -- MarkovChainMC -- 
Limit: r < 0.374965 +/- 0.00454359 @ 95% credibility (15 tries)
Done in 0.10 min (cpu), 0.10 min (real)
Generate toy 208/250

 -- MarkovChainMC -- 
Limit: r < 0.200043 +/- 0.00399588 @ 95% credibility (15 tries)
Done in 0.09 min (cpu), 0.10 min (real)
Generate toy 209/250

 -- MarkovChainMC -- 
Limit: r < 0.331467 +/- 0.00501051 @ 95% credibility (15 tries)
Done in 0.10 min (cpu), 0.10 min (real)
Generate toy 210/250

 -- MarkovChainMC -- 
Limit: r < 0.177219 +/- 0.00359181 @ 95% credibility (15 tries)
Done in 0.09 min (cpu), 0.09 min (real)
Generate toy 211/250

 -- MarkovChainMC -- 
Limit: r < 0.189692 +/- 0.00236697 @ 95% credibility (15 tries)
Done in 0.10 min (cpu), 0.10 min (real)
Generate toy 212/250

 -- MarkovChainMC -- 
Limit: r < 0.208046 +/- 0.00456179 @ 95% credibility (15 tries)
Done in 0.10 min (cpu), 0.10 min (real)
Generate toy 213/250

 -- MarkovChainMC -- 
Limit: r < 0.219222 +/- 0.0027582 @ 95% credibility (15 tries)
Done in 0.10 min (cpu), 0.10 min (real)
Generate toy 214/250

 -- MarkovChainMC -- 
Limit: r < 0.438322 +/- 0.00244413 @ 95% credibility (15 tries)
Done in 0.10 min (cpu), 0.10 min (real)
Generate toy 215/250

 -- MarkovChainMC -- 
Limit: r < 0.172043 +/- 0.00336847 @ 95% credibility (15 tries)
Done in 0.10 min (cpu), 0.10 min (real)
Generate toy 216/250

 -- MarkovChainMC -- 
Limit: r < 0.158748 +/- 0.00249351 @ 95% credibility (15 tries)
Done in 0.10 min (cpu), 0.10 min (real)
Generate toy 217/250

 -- MarkovChainMC -- 
Limit: r < 0.264918 +/- 0.00167449 @ 95% credibility (15 tries)
Done in 0.10 min (cpu), 0.10 min (real)
Generate toy 218/250

 -- MarkovChainMC -- 
Limit: r < 0.338346 +/- 0.00248488 @ 95% credibility (15 tries)
Done in 0.10 min (cpu), 0.10 min (real)
Generate toy 219/250

 -- MarkovChainMC -- 
Limit: r < 0.147091 +/- 0.00431935 @ 95% credibility (15 tries)
Done in 0.10 min (cpu), 0.10 min (real)
Generate toy 220/250

 -- MarkovChainMC -- 
Limit: r < 0.191538 +/- 0.00461277 @ 95% credibility (15 tries)
Done in 0.09 min (cpu), 0.10 min (real)
Generate toy 221/250

 -- MarkovChainMC -- 
Limit: r < 0.325156 +/- 0.00481281 @ 95% credibility (15 tries)
Done in 0.10 min (cpu), 0.10 min (real)
Generate toy 222/250

 -- MarkovChainMC -- 
Limit: r < 0.515992 +/- 0.00526827 @ 95% credibility (15 tries)
Done in 0.10 min (cpu), 0.10 min (real)
Generate toy 223/250

 -- MarkovChainMC -- 
Limit: r < 0.278202 +/- 0.00285032 @ 95% credibility (15 tries)
Done in 0.10 min (cpu), 0.10 min (real)
Generate toy 224/250

 -- MarkovChainMC -- 
Limit: r < 0.286668 +/- 0.00687813 @ 95% credibility (15 tries)
Done in 0.10 min (cpu), 0.10 min (real)
Generate toy 225/250

 -- MarkovChainMC -- 
Limit: r < 0.145195 +/- 0.00327935 @ 95% credibility (15 tries)
Done in 0.10 min (cpu), 0.10 min (real)
Generate toy 226/250

 -- MarkovChainMC -- 
Limit: r < 0.360362 +/- 0.00342205 @ 95% credibility (15 tries)
Done in 0.10 min (cpu), 0.10 min (real)
Generate toy 227/250

 -- MarkovChainMC -- 
Limit: r < 0.232097 +/- 0.00421702 @ 95% credibility (15 tries)
Done in 0.10 min (cpu), 0.10 min (real)
Generate toy 228/250

 -- MarkovChainMC -- 
Limit: r < 0.207846 +/- 0.00439236 @ 95% credibility (15 tries)
Done in 0.10 min (cpu), 0.10 min (real)
Generate toy 229/250

 -- MarkovChainMC -- 
Limit: r < 0.358148 +/- 0.00442703 @ 95% credibility (15 tries)
Done in 0.10 min (cpu), 0.10 min (real)
Generate toy 230/250

 -- MarkovChainMC -- 
Limit: r < 0.220529 +/- 0.00429746 @ 95% credibility (15 tries)
Done in 0.09 min (cpu), 0.10 min (real)
Generate toy 231/250

 -- MarkovChainMC -- 
Limit: r < 0.358322 +/- 0.00471895 @ 95% credibility (15 tries)
Done in 0.10 min (cpu), 0.10 min (real)
Generate toy 232/250

 -- MarkovChainMC -- 
Limit: r < 0.29283 +/- 0.00251614 @ 95% credibility (15 tries)
Done in 0.10 min (cpu), 0.10 min (real)
Generate toy 233/250

 -- MarkovChainMC -- 
Limit: r < 0.358067 +/- 0.00470971 @ 95% credibility (15 tries)
Done in 0.10 min (cpu), 0.10 min (real)
Generate toy 234/250

 -- MarkovChainMC -- 
Limit: r < 0.253893 +/- 0.00482408 @ 95% credibility (15 tries)
Done in 0.09 min (cpu), 0.10 min (real)
Generate toy 235/250

 -- MarkovChainMC -- 
Limit: r < 0.220999 +/- 0.00357177 @ 95% credibility (15 tries)
Done in 0.10 min (cpu), 0.10 min (real)
Generate toy 236/250

 -- MarkovChainMC -- 
Limit: r < 0.135554 +/- 0.00323616 @ 95% credibility (15 tries)
Done in 0.09 min (cpu), 0.09 min (real)
Generate toy 237/250

 -- MarkovChainMC -- 
Limit: r < 0.227573 +/- 0.00429297 @ 95% credibility (15 tries)
Done in 0.10 min (cpu), 0.10 min (real)
Generate toy 238/250

 -- MarkovChainMC -- 
Limit: r < 0.181217 +/- 0.00391638 @ 95% credibility (15 tries)
Done in 0.09 min (cpu), 0.10 min (real)
Generate toy 239/250

 -- MarkovChainMC -- 
Limit: r < 0.23206 +/- 0.00636965 @ 95% credibility (15 tries)
Done in 0.10 min (cpu), 0.10 min (real)
Generate toy 240/250

 -- MarkovChainMC -- 
Limit: r < 0.222432 +/- 0.00286839 @ 95% credibility (15 tries)
Done in 0.10 min (cpu), 0.10 min (real)
Generate toy 241/250

 -- MarkovChainMC -- 
Limit: r < 0.401933 +/- 0.00684541 @ 95% credibility (15 tries)
Done in 0.10 min (cpu), 0.10 min (real)
Generate toy 242/250

 -- MarkovChainMC -- 
Limit: r < 0.268667 +/- 0.00260429 @ 95% credibility (15 tries)
Done in 0.10 min (cpu), 0.10 min (real)
Generate toy 243/250

 -- MarkovChainMC -- 
Limit: r < 0.263969 +/- 0.00409358 @ 95% credibility (15 tries)
Done in 0.10 min (cpu), 0.10 min (real)
Generate toy 244/250

 -- MarkovChainMC -- 
Limit: r < 0.148717 +/- 0.00154522 @ 95% credibility (15 tries)
Done in 0.09 min (cpu), 0.09 min (real)
Generate toy 245/250

 -- MarkovChainMC -- 
Limit: r < 0.290464 +/- 0.00618438 @ 95% credibility (15 tries)
Done in 0.10 min (cpu), 0.10 min (real)
Generate toy 246/250

 -- MarkovChainMC -- 
Limit: r < 0.247244 +/- 0.00377944 @ 95% credibility (15 tries)
Done in 0.10 min (cpu), 0.10 min (real)
Generate toy 247/250

 -- MarkovChainMC -- 
Limit: r < 0.122815 +/- 0.00199011 @ 95% credibility (15 tries)
Done in 0.09 min (cpu), 0.09 min (real)
Generate toy 248/250

 -- MarkovChainMC -- 
Limit: r < 0.147977 +/- 0.00314564 @ 95% credibility (15 tries)
Done in 0.09 min (cpu), 0.09 min (real)
Generate toy 249/250

 -- MarkovChainMC -- 
Limit: r < 0.262962 +/- 0.00479772 @ 95% credibility (15 tries)
Done in 0.10 min (cpu), 0.10 min (real)
Generate toy 250/250

 -- MarkovChainMC -- 
Limit: r < 0.22294 +/- 0.00540453 @ 95% credibility (15 tries)
Done in 0.09 min (cpu), 0.10 min (real)
mean   expected limit: r < 0.241447 +/- 0.00523957 @ 95%CL (250 toyMC)
median expected limit: r < 0.227803 @ 95%CL (250 toyMC)
   68% expected band : 0.1656 < r < 0.32743
   95% expected band : 0.118464 < r < 0.438322
