 <<< Combine >>> 
 <<< v10.0.2 >>>
>>> Used OpenSSL to get a truly random seed 854526062
>>> Method used is MarkovChainMC
============================================================
Analyzing bin errors for: prop_binmuon22
Poisson cut-off: 10
Processes excluded for sums: Signal
============================================================
Bin        Contents        Error           Notes                         
0          183.153090      6.005870        total sum                     
0          148.501089      1.190998        excluding marked processes    
0          15547.000000    124.687610      Unweighted events, alpha=0.011781
  => Total parameter prop_binmuon22_bin0[0.00,-7.00,7.00] to be Gaussian constrained
------------------------------------------------------------
============================================================
Analyzing bin errors for: prop_binmuon23
Poisson cut-off: 10
Processes excluded for sums: Signal
============================================================
Bin        Contents        Error           Notes                         
0          145.463701      5.358210        total sum                     
0          118.362701      1.268626        excluding marked processes    
0          8705.000000     93.300589       Unweighted events, alpha=0.016710
  => Total parameter prop_binmuon23_bin0[0.00,-7.00,7.00] to be Gaussian constrained
------------------------------------------------------------
Channel muon22 will use autoMCStats with settings: event-threshold=10, include-signal=0, hist-mode=1
Channel muon23 will use autoMCStats with settings: event-threshold=10, include-signal=0, hist-mode=1
Generate toy 1/250

 -- MarkovChainMC -- 
Limit: r < 0.965505 +/- 0.0134267 @ 95% credibility (15 tries)
Done in 0.23 min (cpu), 0.24 min (real)
Generate toy 2/250

 -- MarkovChainMC -- 
Limit: r < 0.951012 +/- 0.0134813 @ 95% credibility (15 tries)
Done in 0.23 min (cpu), 0.24 min (real)
Generate toy 3/250

 -- MarkovChainMC -- 
Limit: r < 1.99079 +/- 0.0154204 @ 95% credibility (15 tries)
Done in 0.24 min (cpu), 0.24 min (real)
Generate toy 4/250

 -- MarkovChainMC -- 
Limit: r < 1.20086 +/- 0.0112726 @ 95% credibility (15 tries)
Done in 0.22 min (cpu), 0.22 min (real)
Generate toy 5/250

 -- MarkovChainMC -- 
Limit: r < 1.12029 +/- 0.0185085 @ 95% credibility (15 tries)
Done in 0.15 min (cpu), 0.15 min (real)
Generate toy 6/250

 -- MarkovChainMC -- 
Limit: r < 0.686214 +/- 0.0120398 @ 95% credibility (15 tries)
Done in 0.15 min (cpu), 0.15 min (real)
Generate toy 7/250

 -- MarkovChainMC -- 
Limit: r < 0.753941 +/- 0.01094 @ 95% credibility (15 tries)
Done in 0.14 min (cpu), 0.15 min (real)
Generate toy 8/250

 -- MarkovChainMC -- 
Limit: r < 0.368036 +/- 0.00599273 @ 95% credibility (15 tries)
Done in 0.14 min (cpu), 0.14 min (real)
Generate toy 9/250

 -- MarkovChainMC -- 
Limit: r < 0.504542 +/- 0.0107753 @ 95% credibility (15 tries)
Done in 0.14 min (cpu), 0.14 min (real)
Generate toy 10/250

 -- MarkovChainMC -- 
Limit: r < 0.735939 +/- 0.0133301 @ 95% credibility (15 tries)
Done in 0.15 min (cpu), 0.15 min (real)
Generate toy 11/250

 -- MarkovChainMC -- 
Limit: r < 0.865808 +/- 0.015102 @ 95% credibility (15 tries)
Done in 0.15 min (cpu), 0.15 min (real)
Generate toy 12/250

 -- MarkovChainMC -- 
Limit: r < 0.921831 +/- 0.00358893 @ 95% credibility (15 tries)
Done in 0.15 min (cpu), 0.15 min (real)
Generate toy 13/250

 -- MarkovChainMC -- 
Limit: r < 0.954431 +/- 0.0116582 @ 95% credibility (15 tries)
Done in 0.15 min (cpu), 0.15 min (real)
Generate toy 14/250

 -- MarkovChainMC -- 
Limit: r < 0.538858 +/- 0.00578829 @ 95% credibility (15 tries)
Done in 0.15 min (cpu), 0.15 min (real)
Generate toy 15/250

 -- MarkovChainMC -- 
Limit: r < 1.17559 +/- 0.0175672 @ 95% credibility (15 tries)
Done in 0.16 min (cpu), 0.16 min (real)
Generate toy 16/250

 -- MarkovChainMC -- 
Limit: r < 1.44106 +/- 0.0152475 @ 95% credibility (15 tries)
Done in 0.16 min (cpu), 0.16 min (real)
Generate toy 17/250

 -- MarkovChainMC -- 
Limit: r < 0.850788 +/- 0.00779337 @ 95% credibility (15 tries)
Done in 0.15 min (cpu), 0.15 min (real)
Generate toy 18/250

 -- MarkovChainMC -- 
Limit: r < 0.745082 +/- 0.0157409 @ 95% credibility (15 tries)
Done in 0.18 min (cpu), 0.18 min (real)
Generate toy 19/250

 -- MarkovChainMC -- 
Limit: r < 0.364267 +/- 0.00839016 @ 95% credibility (15 tries)
Done in 0.17 min (cpu), 0.17 min (real)
Generate toy 20/250

 -- MarkovChainMC -- 
Limit: r < 1.11352 +/- 0.0263898 @ 95% credibility (15 tries)
Done in 0.21 min (cpu), 0.22 min (real)
Generate toy 21/250

 -- MarkovChainMC -- 
Limit: r < 1.02763 +/- 0.00765532 @ 95% credibility (15 tries)
Done in 0.21 min (cpu), 0.21 min (real)
Generate toy 22/250

 -- MarkovChainMC -- 
Limit: r < 1.46291 +/- 0.00924908 @ 95% credibility (15 tries)
Done in 0.19 min (cpu), 0.19 min (real)
Generate toy 23/250

 -- MarkovChainMC -- 
Limit: r < 0.708633 +/- 0.00532639 @ 95% credibility (15 tries)
Done in 0.15 min (cpu), 0.15 min (real)
Generate toy 24/250

 -- MarkovChainMC -- 
Limit: r < 1.393 +/- 0.0124476 @ 95% credibility (15 tries)
Done in 0.15 min (cpu), 0.15 min (real)
Generate toy 25/250

 -- MarkovChainMC -- 
Limit: r < 0.659991 +/- 0.00921571 @ 95% credibility (15 tries)
Done in 0.19 min (cpu), 0.19 min (real)
Generate toy 26/250

 -- MarkovChainMC -- 
Limit: r < 0.805766 +/- 0.00954924 @ 95% credibility (15 tries)
Done in 0.14 min (cpu), 0.14 min (real)
Generate toy 27/250

 -- MarkovChainMC -- 
Limit: r < 0.678785 +/- 0.00748346 @ 95% credibility (15 tries)
Done in 0.22 min (cpu), 0.23 min (real)
Generate toy 28/250

 -- MarkovChainMC -- 
Limit: r < 0.585971 +/- 0.0119023 @ 95% credibility (15 tries)
Done in 0.23 min (cpu), 0.23 min (real)
Generate toy 29/250

 -- MarkovChainMC -- 
Limit: r < 0.97352 +/- 0.0149683 @ 95% credibility (15 tries)
Done in 0.16 min (cpu), 0.17 min (real)
Generate toy 30/250

 -- MarkovChainMC -- 
Limit: r < 0.621336 +/- 0.00801414 @ 95% credibility (15 tries)
Done in 0.15 min (cpu), 0.16 min (real)
Generate toy 31/250

 -- MarkovChainMC -- 
Limit: r < 0.76364 +/- 0.00673931 @ 95% credibility (15 tries)
Done in 0.20 min (cpu), 0.20 min (real)
Generate toy 32/250

 -- MarkovChainMC -- 
Limit: r < 1.11218 +/- 0.021737 @ 95% credibility (15 tries)
Done in 0.15 min (cpu), 0.15 min (real)
Generate toy 33/250

 -- MarkovChainMC -- 
Limit: r < 0.623886 +/- 0.00978317 @ 95% credibility (15 tries)
Done in 0.14 min (cpu), 0.14 min (real)
Generate toy 34/250

 -- MarkovChainMC -- 
Limit: r < 0.92106 +/- 0.0100459 @ 95% credibility (15 tries)
Done in 0.15 min (cpu), 0.15 min (real)
Generate toy 35/250

 -- MarkovChainMC -- 
Limit: r < 0.679118 +/- 0.00723112 @ 95% credibility (15 tries)
Done in 0.15 min (cpu), 0.15 min (real)
Generate toy 36/250

 -- MarkovChainMC -- 
Limit: r < 0.739418 +/- 0.00900084 @ 95% credibility (15 tries)
Done in 0.15 min (cpu), 0.15 min (real)
Generate toy 37/250

 -- MarkovChainMC -- 
Limit: r < 0.891825 +/- 0.0161047 @ 95% credibility (15 tries)
Done in 0.15 min (cpu), 0.15 min (real)
Generate toy 38/250

 -- MarkovChainMC -- 
Limit: r < 0.937167 +/- 0.0109666 @ 95% credibility (15 tries)
Done in 0.17 min (cpu), 0.17 min (real)
Generate toy 39/250

 -- MarkovChainMC -- 
Limit: r < 0.73995 +/- 0.00893582 @ 95% credibility (15 tries)
Done in 0.15 min (cpu), 0.15 min (real)
Generate toy 40/250

 -- MarkovChainMC -- 
Limit: r < 0.753678 +/- 0.0117014 @ 95% credibility (15 tries)
Done in 0.14 min (cpu), 0.14 min (real)
Generate toy 41/250

 -- MarkovChainMC -- 
Limit: r < 0.969525 +/- 0.0119199 @ 95% credibility (15 tries)
Done in 0.15 min (cpu), 0.15 min (real)
Generate toy 42/250

 -- MarkovChainMC -- 
Limit: r < 1.44371 +/- 0.0281147 @ 95% credibility (15 tries)
Done in 0.15 min (cpu), 0.15 min (real)
Generate toy 43/250

 -- MarkovChainMC -- 
Limit: r < 0.802802 +/- 0.0111506 @ 95% credibility (15 tries)
Done in 0.15 min (cpu), 0.15 min (real)
Generate toy 44/250

 -- MarkovChainMC -- 
Limit: r < 0.782148 +/- 0.0136728 @ 95% credibility (15 tries)
Done in 0.14 min (cpu), 0.14 min (real)
Generate toy 45/250

 -- MarkovChainMC -- 
Limit: r < 0.476367 +/- 0.0116201 @ 95% credibility (15 tries)
Done in 0.16 min (cpu), 0.16 min (real)
Generate toy 46/250

 -- MarkovChainMC -- 
Limit: r < 0.830987 +/- 0.0110653 @ 95% credibility (15 tries)
Done in 0.17 min (cpu), 0.17 min (real)
Generate toy 47/250

 -- MarkovChainMC -- 
Limit: r < 1.21944 +/- 0.0183755 @ 95% credibility (15 tries)
Done in 0.19 min (cpu), 0.19 min (real)
Generate toy 48/250

 -- MarkovChainMC -- 
Limit: r < 0.587033 +/- 0.00752642 @ 95% credibility (15 tries)
Done in 0.15 min (cpu), 0.15 min (real)
Generate toy 49/250

 -- MarkovChainMC -- 
Limit: r < 0.792335 +/- 0.0111988 @ 95% credibility (15 tries)
Done in 0.14 min (cpu), 0.14 min (real)
Generate toy 50/250

 -- MarkovChainMC -- 
Limit: r < 0.721847 +/- 0.0163519 @ 95% credibility (15 tries)
Done in 0.14 min (cpu), 0.14 min (real)
Generate toy 51/250

 -- MarkovChainMC -- 
Limit: r < 0.933166 +/- 0.0146698 @ 95% credibility (15 tries)
Done in 0.15 min (cpu), 0.15 min (real)
Generate toy 52/250

 -- MarkovChainMC -- 
Limit: r < 1.05434 +/- 0.00557787 @ 95% credibility (15 tries)
Done in 0.16 min (cpu), 0.16 min (real)
Generate toy 53/250

 -- MarkovChainMC -- 
Limit: r < 0.934034 +/- 0.0138415 @ 95% credibility (15 tries)
Done in 0.15 min (cpu), 0.15 min (real)
Generate toy 54/250

 -- MarkovChainMC -- 
Limit: r < 0.989365 +/- 0.00976061 @ 95% credibility (15 tries)
Done in 0.15 min (cpu), 0.15 min (real)
Generate toy 55/250

 -- MarkovChainMC -- 
Limit: r < 0.885679 +/- 0.0117828 @ 95% credibility (15 tries)
Done in 0.15 min (cpu), 0.15 min (real)
Generate toy 56/250

 -- MarkovChainMC -- 
Limit: r < 1.17155 +/- 0.0121685 @ 95% credibility (15 tries)
Done in 0.15 min (cpu), 0.15 min (real)
Generate toy 57/250

 -- MarkovChainMC -- 
Limit: r < 0.364383 +/- 0.00981273 @ 95% credibility (15 tries)
Done in 0.14 min (cpu), 0.14 min (real)
Generate toy 58/250

 -- MarkovChainMC -- 
Limit: r < 0.583156 +/- 0.0109748 @ 95% credibility (15 tries)
Done in 0.17 min (cpu), 0.17 min (real)
Generate toy 59/250

 -- MarkovChainMC -- 
Limit: r < 0.7439 +/- 0.0137327 @ 95% credibility (15 tries)
Done in 0.16 min (cpu), 0.16 min (real)
Generate toy 60/250

 -- MarkovChainMC -- 
Limit: r < 0.831657 +/- 0.014121 @ 95% credibility (15 tries)
Done in 0.15 min (cpu), 0.15 min (real)
Generate toy 61/250

 -- MarkovChainMC -- 
Limit: r < 0.535713 +/- 0.00600517 @ 95% credibility (15 tries)
Done in 0.15 min (cpu), 0.15 min (real)
Generate toy 62/250

 -- MarkovChainMC -- 
Limit: r < 1.00056 +/- 0.00946061 @ 95% credibility (15 tries)
Done in 0.15 min (cpu), 0.15 min (real)
Generate toy 63/250

 -- MarkovChainMC -- 
Limit: r < 0.651089 +/- 0.0039351 @ 95% credibility (15 tries)
Done in 0.15 min (cpu), 0.15 min (real)
Generate toy 64/250

 -- MarkovChainMC -- 
Limit: r < 2.17358 +/- 0.0203199 @ 95% credibility (15 tries)
Done in 0.15 min (cpu), 0.15 min (real)
Generate toy 65/250

 -- MarkovChainMC -- 
Limit: r < 0.645356 +/- 0.0137932 @ 95% credibility (15 tries)
Done in 0.15 min (cpu), 0.15 min (real)
Generate toy 66/250

 -- MarkovChainMC -- 
Limit: r < 0.472332 +/- 0.0132647 @ 95% credibility (15 tries)
Done in 0.15 min (cpu), 0.15 min (real)
Generate toy 67/250

 -- MarkovChainMC -- 
Limit: r < 1.13996 +/- 0.0108147 @ 95% credibility (15 tries)
Done in 0.15 min (cpu), 0.15 min (real)
Generate toy 68/250

 -- MarkovChainMC -- 
Limit: r < 1.43057 +/- 0.0191494 @ 95% credibility (15 tries)
Done in 0.16 min (cpu), 0.16 min (real)
Generate toy 69/250

 -- MarkovChainMC -- 
Limit: r < 1.07967 +/- 0.00951274 @ 95% credibility (15 tries)
Done in 0.23 min (cpu), 0.23 min (real)
Generate toy 70/250

 -- MarkovChainMC -- 
Limit: r < 0.745006 +/- 0.0129834 @ 95% credibility (15 tries)
Done in 0.23 min (cpu), 0.23 min (real)
Generate toy 71/250

 -- MarkovChainMC -- 
Limit: r < 1.12336 +/- 0.00912992 @ 95% credibility (15 tries)
Done in 0.23 min (cpu), 0.24 min (real)
Generate toy 72/250

 -- MarkovChainMC -- 
Limit: r < 1.0054 +/- 0.0196744 @ 95% credibility (15 tries)
Done in 0.18 min (cpu), 0.18 min (real)
Generate toy 73/250

 -- MarkovChainMC -- 
Limit: r < 0.944512 +/- 0.010366 @ 95% credibility (15 tries)
Done in 0.15 min (cpu), 0.15 min (real)
Generate toy 74/250

 -- MarkovChainMC -- 
Limit: r < 0.570343 +/- 0.010158 @ 95% credibility (15 tries)
Done in 0.16 min (cpu), 0.16 min (real)
Generate toy 75/250

 -- MarkovChainMC -- 
Limit: r < 0.85546 +/- 0.0126684 @ 95% credibility (15 tries)
Done in 0.16 min (cpu), 0.16 min (real)
Generate toy 76/250

 -- MarkovChainMC -- 
Limit: r < 0.712713 +/- 0.0064016 @ 95% credibility (15 tries)
Done in 0.15 min (cpu), 0.15 min (real)
Generate toy 77/250

 -- MarkovChainMC -- 
Limit: r < 0.804286 +/- 0.00964309 @ 95% credibility (15 tries)
Done in 0.15 min (cpu), 0.15 min (real)
Generate toy 78/250

 -- MarkovChainMC -- 
Limit: r < 0.676525 +/- 0.0106938 @ 95% credibility (15 tries)
Done in 0.15 min (cpu), 0.15 min (real)
Generate toy 79/250

 -- MarkovChainMC -- 
Limit: r < 1.70731 +/- 0.0222318 @ 95% credibility (15 tries)
Done in 0.16 min (cpu), 0.16 min (real)
Generate toy 80/250

 -- MarkovChainMC -- 
Limit: r < 0.478272 +/- 0.00565747 @ 95% credibility (15 tries)
Done in 0.15 min (cpu), 0.15 min (real)
Generate toy 81/250

 -- MarkovChainMC -- 
Limit: r < 0.993836 +/- 0.0134584 @ 95% credibility (15 tries)
Done in 0.15 min (cpu), 0.15 min (real)
Generate toy 82/250

 -- MarkovChainMC -- 
Limit: r < 1.15004 +/- 0.0113161 @ 95% credibility (15 tries)
Done in 0.15 min (cpu), 0.15 min (real)
Generate toy 83/250

 -- MarkovChainMC -- 
Limit: r < 1.39412 +/- 0.0136621 @ 95% credibility (15 tries)
Done in 0.15 min (cpu), 0.15 min (real)
Generate toy 84/250

 -- MarkovChainMC -- 
Limit: r < 1.03668 +/- 0.0215855 @ 95% credibility (15 tries)
Done in 0.16 min (cpu), 0.16 min (real)
Generate toy 85/250

 -- MarkovChainMC -- 
Limit: r < 0.548307 +/- 0.00803792 @ 95% credibility (15 tries)
Done in 0.14 min (cpu), 0.15 min (real)
Generate toy 86/250

 -- MarkovChainMC -- 
Limit: r < 0.423988 +/- 0.00679315 @ 95% credibility (15 tries)
Done in 0.14 min (cpu), 0.14 min (real)
Generate toy 87/250

 -- MarkovChainMC -- 
Limit: r < 1.28646 +/- 0.0223656 @ 95% credibility (15 tries)
Done in 0.20 min (cpu), 0.20 min (real)
Generate toy 88/250

 -- MarkovChainMC -- 
Limit: r < 0.675932 +/- 0.0116015 @ 95% credibility (15 tries)
Done in 0.21 min (cpu), 0.21 min (real)
Generate toy 89/250

 -- MarkovChainMC -- 
Limit: r < 0.613496 +/- 0.0115795 @ 95% credibility (15 tries)
Done in 0.17 min (cpu), 0.17 min (real)
Generate toy 90/250

 -- MarkovChainMC -- 
Limit: r < 0.417197 +/- 0.00475641 @ 95% credibility (15 tries)
Done in 0.15 min (cpu), 0.15 min (real)
Generate toy 91/250

 -- MarkovChainMC -- 
Limit: r < 0.782558 +/- 0.0121522 @ 95% credibility (15 tries)
Done in 0.15 min (cpu), 0.15 min (real)
Generate toy 92/250

 -- MarkovChainMC -- 
Limit: r < 0.852594 +/- 0.0123053 @ 95% credibility (15 tries)
Done in 0.14 min (cpu), 0.14 min (real)
Generate toy 93/250

 -- MarkovChainMC -- 
Limit: r < 0.524769 +/- 0.00642636 @ 95% credibility (15 tries)
Done in 0.22 min (cpu), 0.23 min (real)
Generate toy 94/250

 -- MarkovChainMC -- 
Limit: r < 0.565633 +/- 0.00750343 @ 95% credibility (15 tries)
Done in 0.15 min (cpu), 0.15 min (real)
Generate toy 95/250

 -- MarkovChainMC -- 
Limit: r < 0.872202 +/- 0.0237387 @ 95% credibility (15 tries)
Done in 0.14 min (cpu), 0.14 min (real)
Generate toy 96/250

 -- MarkovChainMC -- 
Limit: r < 0.951865 +/- 0.0146043 @ 95% credibility (15 tries)
Done in 0.14 min (cpu), 0.15 min (real)
Generate toy 97/250

 -- MarkovChainMC -- 
Limit: r < 0.493742 +/- 0.00715526 @ 95% credibility (15 tries)
Done in 0.14 min (cpu), 0.14 min (real)
Generate toy 98/250

 -- MarkovChainMC -- 
Limit: r < 1.17905 +/- 0.0195939 @ 95% credibility (15 tries)
Done in 0.15 min (cpu), 0.15 min (real)
Generate toy 99/250

 -- MarkovChainMC -- 
Limit: r < 0.755253 +/- 0.0149826 @ 95% credibility (15 tries)
Done in 0.15 min (cpu), 0.15 min (real)
Generate toy 100/250

 -- MarkovChainMC -- 
Limit: r < 1.33746 +/- 0.0164713 @ 95% credibility (15 tries)
Done in 0.15 min (cpu), 0.15 min (real)
Generate toy 101/250

 -- MarkovChainMC -- 
Limit: r < 1.55609 +/- 0.020394 @ 95% credibility (15 tries)
Done in 0.15 min (cpu), 0.15 min (real)
Generate toy 102/250

 -- MarkovChainMC -- 
Limit: r < 1.04931 +/- 0.0120975 @ 95% credibility (15 tries)
Done in 0.14 min (cpu), 0.14 min (real)
Generate toy 103/250

 -- MarkovChainMC -- 
Limit: r < 1.05008 +/- 0.00556454 @ 95% credibility (15 tries)
Done in 0.15 min (cpu), 0.15 min (real)
Generate toy 104/250

 -- MarkovChainMC -- 
Limit: r < 1.08161 +/- 0.0105967 @ 95% credibility (15 tries)
Done in 0.15 min (cpu), 0.15 min (real)
Generate toy 105/250

 -- MarkovChainMC -- 
Limit: r < 0.942281 +/- 0.0171956 @ 95% credibility (15 tries)
Done in 0.15 min (cpu), 0.15 min (real)
Generate toy 106/250

 -- MarkovChainMC -- 
Limit: r < 1.17573 +/- 0.0126188 @ 95% credibility (15 tries)
Done in 0.15 min (cpu), 0.15 min (real)
Generate toy 107/250

 -- MarkovChainMC -- 
Limit: r < 0.651033 +/- 0.0130308 @ 95% credibility (15 tries)
Done in 0.14 min (cpu), 0.14 min (real)
Generate toy 108/250

 -- MarkovChainMC -- 
Limit: r < 0.79276 +/- 0.0110051 @ 95% credibility (15 tries)
Done in 0.15 min (cpu), 0.15 min (real)
Generate toy 109/250

 -- MarkovChainMC -- 
Limit: r < 1.27851 +/- 0.019002 @ 95% credibility (15 tries)
Done in 0.15 min (cpu), 0.15 min (real)
Generate toy 110/250

 -- MarkovChainMC -- 
Limit: r < 1.01587 +/- 0.0128933 @ 95% credibility (15 tries)
Done in 0.15 min (cpu), 0.15 min (real)
Generate toy 111/250

 -- MarkovChainMC -- 
Limit: r < 0.481794 +/- 0.0105359 @ 95% credibility (15 tries)
Done in 0.14 min (cpu), 0.14 min (real)
Generate toy 112/250

 -- MarkovChainMC -- 
Limit: r < 0.608103 +/- 0.00891762 @ 95% credibility (15 tries)
Done in 0.15 min (cpu), 0.15 min (real)
Generate toy 113/250

 -- MarkovChainMC -- 
Limit: r < 1.15812 +/- 0.0164768 @ 95% credibility (15 tries)
Done in 0.17 min (cpu), 0.17 min (real)
Generate toy 114/250

 -- MarkovChainMC -- 
Limit: r < 1.09873 +/- 0.0152578 @ 95% credibility (15 tries)
Done in 0.15 min (cpu), 0.15 min (real)
Generate toy 115/250

 -- MarkovChainMC -- 
Limit: r < 0.860503 +/- 0.0122852 @ 95% credibility (15 tries)
Done in 0.16 min (cpu), 0.16 min (real)
Generate toy 116/250

 -- MarkovChainMC -- 
Limit: r < 0.386742 +/- 0.00627384 @ 95% credibility (15 tries)
Done in 0.14 min (cpu), 0.14 min (real)
Generate toy 117/250

 -- MarkovChainMC -- 
Limit: r < 0.469163 +/- 0.00872913 @ 95% credibility (15 tries)
Done in 0.14 min (cpu), 0.14 min (real)
Generate toy 118/250

 -- MarkovChainMC -- 
Limit: r < 0.534683 +/- 0.0092546 @ 95% credibility (15 tries)
Done in 0.15 min (cpu), 0.15 min (real)
Generate toy 119/250

 -- MarkovChainMC -- 
Limit: r < 0.607413 +/- 0.0099871 @ 95% credibility (15 tries)
Done in 0.15 min (cpu), 0.15 min (real)
Generate toy 120/250

 -- MarkovChainMC -- 
Limit: r < 0.587797 +/- 0.00916162 @ 95% credibility (15 tries)
Done in 0.15 min (cpu), 0.15 min (real)
Generate toy 121/250

 -- MarkovChainMC -- 
Limit: r < 0.578838 +/- 0.0126968 @ 95% credibility (15 tries)
Done in 0.19 min (cpu), 0.19 min (real)
Generate toy 122/250

 -- MarkovChainMC -- 
Limit: r < 0.71818 +/- 0.0136831 @ 95% credibility (15 tries)
Done in 0.16 min (cpu), 0.16 min (real)
Generate toy 123/250

 -- MarkovChainMC -- 
Limit: r < 0.397487 +/- 0.00442088 @ 95% credibility (15 tries)
Done in 0.15 min (cpu), 0.15 min (real)
Generate toy 124/250

 -- MarkovChainMC -- 
Limit: r < 1.43384 +/- 0.0101536 @ 95% credibility (15 tries)
Done in 0.16 min (cpu), 0.16 min (real)
Generate toy 125/250

 -- MarkovChainMC -- 
Limit: r < 0.917437 +/- 0.0160262 @ 95% credibility (15 tries)
Done in 0.15 min (cpu), 0.15 min (real)
Generate toy 126/250

 -- MarkovChainMC -- 
Limit: r < 1.06188 +/- 0.0123652 @ 95% credibility (15 tries)
Done in 0.19 min (cpu), 0.20 min (real)
Generate toy 127/250

 -- MarkovChainMC -- 
Limit: r < 0.85497 +/- 0.0104631 @ 95% credibility (15 tries)
Done in 0.22 min (cpu), 0.23 min (real)
Generate toy 128/250

 -- MarkovChainMC -- 
Limit: r < 0.642651 +/- 0.00722044 @ 95% credibility (15 tries)
Done in 0.22 min (cpu), 0.22 min (real)
Generate toy 129/250

 -- MarkovChainMC -- 
Limit: r < 0.690905 +/- 0.00978406 @ 95% credibility (15 tries)
Done in 0.19 min (cpu), 0.19 min (real)
Generate toy 130/250

 -- MarkovChainMC -- 
Limit: r < 0.823984 +/- 0.0102153 @ 95% credibility (15 tries)
Done in 0.16 min (cpu), 0.16 min (real)
Generate toy 131/250

 -- MarkovChainMC -- 
Limit: r < 1.03823 +/- 0.0102085 @ 95% credibility (15 tries)
Done in 0.15 min (cpu), 0.15 min (real)
Generate toy 132/250

 -- MarkovChainMC -- 
Limit: r < 0.767665 +/- 0.0118248 @ 95% credibility (15 tries)
Done in 0.15 min (cpu), 0.15 min (real)
Generate toy 133/250

 -- MarkovChainMC -- 
Limit: r < 0.784164 +/- 0.0147079 @ 95% credibility (15 tries)
Done in 0.17 min (cpu), 0.17 min (real)
Generate toy 134/250

 -- MarkovChainMC -- 
Limit: r < 1.03038 +/- 0.0176389 @ 95% credibility (15 tries)
Done in 0.21 min (cpu), 0.21 min (real)
Generate toy 135/250

 -- MarkovChainMC -- 
Limit: r < 1.37579 +/- 0.0184491 @ 95% credibility (15 tries)
Done in 0.19 min (cpu), 0.19 min (real)
Generate toy 136/250

 -- MarkovChainMC -- 
Limit: r < 1.46643 +/- 0.0139049 @ 95% credibility (15 tries)
Done in 0.17 min (cpu), 0.17 min (real)
Generate toy 137/250

 -- MarkovChainMC -- 
Limit: r < 0.881983 +/- 0.00654164 @ 95% credibility (15 tries)
Done in 0.20 min (cpu), 0.20 min (real)
Generate toy 138/250

 -- MarkovChainMC -- 
Limit: r < 1.28911 +/- 0.0140321 @ 95% credibility (15 tries)
Done in 0.19 min (cpu), 0.19 min (real)
Generate toy 139/250

 -- MarkovChainMC -- 
Limit: r < 0.646052 +/- 0.00718421 @ 95% credibility (15 tries)
Done in 0.17 min (cpu), 0.17 min (real)
Generate toy 140/250

 -- MarkovChainMC -- 
Limit: r < 1.05203 +/- 0.0206568 @ 95% credibility (15 tries)
Done in 0.20 min (cpu), 0.20 min (real)
Generate toy 141/250

 -- MarkovChainMC -- 
Limit: r < 0.415508 +/- 0.00911679 @ 95% credibility (15 tries)
Done in 0.16 min (cpu), 0.16 min (real)
Generate toy 142/250

 -- MarkovChainMC -- 
Limit: r < 0.743135 +/- 0.0126595 @ 95% credibility (15 tries)
Done in 0.17 min (cpu), 0.18 min (real)
Generate toy 143/250

 -- MarkovChainMC -- 
Limit: r < 0.556253 +/- 0.0137656 @ 95% credibility (15 tries)
Done in 0.18 min (cpu), 0.18 min (real)
Generate toy 144/250

 -- MarkovChainMC -- 
Limit: r < 0.663181 +/- 0.0151846 @ 95% credibility (15 tries)
Done in 0.19 min (cpu), 0.19 min (real)
Generate toy 145/250

 -- MarkovChainMC -- 
Limit: r < 0.541733 +/- 0.0124325 @ 95% credibility (15 tries)
Done in 0.15 min (cpu), 0.15 min (real)
Generate toy 146/250

 -- MarkovChainMC -- 
Limit: r < 0.8427 +/- 0.0148026 @ 95% credibility (15 tries)
Done in 0.14 min (cpu), 0.14 min (real)
Generate toy 147/250

 -- MarkovChainMC -- 
Limit: r < 1.66329 +/- 0.0144834 @ 95% credibility (15 tries)
Done in 0.17 min (cpu), 0.17 min (real)
Generate toy 148/250

 -- MarkovChainMC -- 
Limit: r < 1.06674 +/- 0.0133345 @ 95% credibility (15 tries)
Done in 0.14 min (cpu), 0.15 min (real)
Generate toy 149/250

 -- MarkovChainMC -- 
Limit: r < 0.551643 +/- 0.0115623 @ 95% credibility (15 tries)
Done in 0.14 min (cpu), 0.14 min (real)
Generate toy 150/250

 -- MarkovChainMC -- 
Limit: r < 0.540848 +/- 0.0102204 @ 95% credibility (15 tries)
Done in 0.18 min (cpu), 0.18 min (real)
Generate toy 151/250

 -- MarkovChainMC -- 
Limit: r < 0.711113 +/- 0.0102755 @ 95% credibility (15 tries)
Done in 0.18 min (cpu), 0.19 min (real)
Generate toy 152/250

 -- MarkovChainMC -- 
Limit: r < 1.07549 +/- 0.00936026 @ 95% credibility (15 tries)
Done in 0.19 min (cpu), 0.19 min (real)
Generate toy 153/250

 -- MarkovChainMC -- 
Limit: r < 1.14201 +/- 0.0149268 @ 95% credibility (15 tries)
Done in 0.20 min (cpu), 0.20 min (real)
Generate toy 154/250

 -- MarkovChainMC -- 
Limit: r < 0.579384 +/- 0.00777293 @ 95% credibility (15 tries)
Done in 0.19 min (cpu), 0.19 min (real)
Generate toy 155/250

 -- MarkovChainMC -- 
Limit: r < 0.859202 +/- 0.0109472 @ 95% credibility (15 tries)
Done in 0.15 min (cpu), 0.15 min (real)
Generate toy 156/250

 -- MarkovChainMC -- 
Limit: r < 1.18397 +/- 0.0148675 @ 95% credibility (15 tries)
Done in 0.14 min (cpu), 0.14 min (real)
Generate toy 157/250

 -- MarkovChainMC -- 
Limit: r < 0.846263 +/- 0.00582859 @ 95% credibility (15 tries)
Done in 0.16 min (cpu), 0.16 min (real)
Generate toy 158/250

 -- MarkovChainMC -- 
Limit: r < 1.66223 +/- 0.0220073 @ 95% credibility (15 tries)
Done in 0.24 min (cpu), 0.24 min (real)
Generate toy 159/250

 -- MarkovChainMC -- 
Limit: r < 0.542409 +/- 0.0129434 @ 95% credibility (15 tries)
Done in 0.13 min (cpu), 0.13 min (real)
Generate toy 160/250

 -- MarkovChainMC -- 
Limit: r < 0.80239 +/- 0.00453047 @ 95% credibility (15 tries)
Done in 0.13 min (cpu), 0.13 min (real)
Generate toy 161/250

 -- MarkovChainMC -- 
Limit: r < 0.856006 +/- 0.00878079 @ 95% credibility (15 tries)
Done in 0.17 min (cpu), 0.17 min (real)
Generate toy 162/250

 -- MarkovChainMC -- 
Limit: r < 0.363557 +/- 0.00949785 @ 95% credibility (15 tries)
Done in 0.13 min (cpu), 0.13 min (real)
Generate toy 163/250

 -- MarkovChainMC -- 
Limit: r < 0.627755 +/- 0.0111857 @ 95% credibility (15 tries)
Done in 0.16 min (cpu), 0.16 min (real)
Generate toy 164/250

 -- MarkovChainMC -- 
Limit: r < 0.590928 +/- 0.0162148 @ 95% credibility (15 tries)
Done in 0.22 min (cpu), 0.23 min (real)
Generate toy 165/250

 -- MarkovChainMC -- 
Limit: r < 0.652368 +/- 0.00764244 @ 95% credibility (15 tries)
Done in 0.20 min (cpu), 0.20 min (real)
Generate toy 166/250

 -- MarkovChainMC -- 
Limit: r < 0.731466 +/- 0.0124596 @ 95% credibility (15 tries)
Done in 0.20 min (cpu), 0.20 min (real)
Generate toy 167/250

 -- MarkovChainMC -- 
Limit: r < 1.06388 +/- 0.0126953 @ 95% credibility (15 tries)
Done in 0.23 min (cpu), 0.23 min (real)
Generate toy 168/250

 -- MarkovChainMC -- 
Limit: r < 0.920846 +/- 0.0103453 @ 95% credibility (15 tries)
Done in 0.23 min (cpu), 0.23 min (real)
Generate toy 169/250

 -- MarkovChainMC -- 
Limit: r < 0.915994 +/- 0.00644306 @ 95% credibility (15 tries)
Done in 0.22 min (cpu), 0.22 min (real)
Generate toy 170/250

 -- MarkovChainMC -- 
Limit: r < 1.38834 +/- 0.0211137 @ 95% credibility (15 tries)
Done in 0.20 min (cpu), 0.20 min (real)
Generate toy 171/250

 -- MarkovChainMC -- 
Limit: r < 0.997483 +/- 0.0136131 @ 95% credibility (15 tries)
Done in 0.20 min (cpu), 0.20 min (real)
Generate toy 172/250

 -- MarkovChainMC -- 
Limit: r < 0.574696 +/- 0.0063909 @ 95% credibility (15 tries)
Done in 0.17 min (cpu), 0.17 min (real)
Generate toy 173/250

 -- MarkovChainMC -- 
Limit: r < 0.781 +/- 0.0144831 @ 95% credibility (15 tries)
Done in 0.17 min (cpu), 0.17 min (real)
Generate toy 174/250

 -- MarkovChainMC -- 
Limit: r < 0.88268 +/- 0.0117969 @ 95% credibility (15 tries)
Done in 0.16 min (cpu), 0.16 min (real)
Generate toy 175/250

 -- MarkovChainMC -- 
Limit: r < 0.83304 +/- 0.0130748 @ 95% credibility (15 tries)
Done in 0.16 min (cpu), 0.16 min (real)
Generate toy 176/250

 -- MarkovChainMC -- 
Limit: r < 0.52264 +/- 0.00771789 @ 95% credibility (15 tries)
Done in 0.16 min (cpu), 0.16 min (real)
Generate toy 177/250

 -- MarkovChainMC -- 
Limit: r < 0.666872 +/- 0.0121861 @ 95% credibility (15 tries)
Done in 0.16 min (cpu), 0.16 min (real)
Generate toy 178/250

 -- MarkovChainMC -- 
Limit: r < 0.591894 +/- 0.00788067 @ 95% credibility (15 tries)
Done in 0.15 min (cpu), 0.15 min (real)
Generate toy 179/250

 -- MarkovChainMC -- 
Limit: r < 0.674189 +/- 0.0117353 @ 95% credibility (15 tries)
Done in 0.14 min (cpu), 0.15 min (real)
Generate toy 180/250

 -- MarkovChainMC -- 
Limit: r < 0.507353 +/- 0.00983227 @ 95% credibility (15 tries)
Done in 0.15 min (cpu), 0.15 min (real)
Generate toy 181/250

 -- MarkovChainMC -- 
Limit: r < 0.828838 +/- 0.00612939 @ 95% credibility (15 tries)
Done in 0.14 min (cpu), 0.15 min (real)
Generate toy 182/250

 -- MarkovChainMC -- 
Limit: r < 0.996144 +/- 0.0151729 @ 95% credibility (15 tries)
Done in 0.15 min (cpu), 0.15 min (real)
Generate toy 183/250

 -- MarkovChainMC -- 
Limit: r < 0.932652 +/- 0.0125205 @ 95% credibility (15 tries)
Done in 0.19 min (cpu), 0.20 min (real)
Generate toy 184/250

 -- MarkovChainMC -- 
Limit: r < 0.764454 +/- 0.00717121 @ 95% credibility (15 tries)
Done in 0.22 min (cpu), 0.22 min (real)
Generate toy 185/250

 -- MarkovChainMC -- 
Limit: r < 0.748994 +/- 0.00913955 @ 95% credibility (15 tries)
Done in 0.23 min (cpu), 0.23 min (real)
Generate toy 186/250

 -- MarkovChainMC -- 
Limit: r < 1.13742 +/- 0.0115533 @ 95% credibility (15 tries)
Done in 0.22 min (cpu), 0.22 min (real)
Generate toy 187/250

 -- MarkovChainMC -- 
Limit: r < 0.617257 +/- 0.0123662 @ 95% credibility (15 tries)
Done in 0.18 min (cpu), 0.19 min (real)
Generate toy 188/250

 -- MarkovChainMC -- 
Limit: r < 1.52349 +/- 0.0167325 @ 95% credibility (15 tries)
Done in 0.16 min (cpu), 0.16 min (real)
Generate toy 189/250

 -- MarkovChainMC -- 
Limit: r < 0.573927 +/- 0.0103901 @ 95% credibility (15 tries)
Done in 0.14 min (cpu), 0.14 min (real)
Generate toy 190/250

 -- MarkovChainMC -- 
Limit: r < 0.640949 +/- 0.00726761 @ 95% credibility (15 tries)
Done in 0.14 min (cpu), 0.14 min (real)
Generate toy 191/250

 -- MarkovChainMC -- 
Limit: r < 1.2511 +/- 0.0137422 @ 95% credibility (15 tries)
Done in 0.14 min (cpu), 0.14 min (real)
Generate toy 192/250

 -- MarkovChainMC -- 
Limit: r < 0.818931 +/- 0.0127175 @ 95% credibility (15 tries)
Done in 0.14 min (cpu), 0.14 min (real)
Generate toy 193/250

 -- MarkovChainMC -- 
Limit: r < 1.82971 +/- 0.0159619 @ 95% credibility (15 tries)
Done in 0.14 min (cpu), 0.14 min (real)
Generate toy 194/250

 -- MarkovChainMC -- 
Limit: r < 0.611791 +/- 0.0102537 @ 95% credibility (15 tries)
Done in 0.13 min (cpu), 0.13 min (real)
Generate toy 195/250

 -- MarkovChainMC -- 
Limit: r < 0.808807 +/- 0.0120274 @ 95% credibility (15 tries)
Done in 0.13 min (cpu), 0.13 min (real)
Generate toy 196/250

 -- MarkovChainMC -- 
Limit: r < 1.08201 +/- 0.00827116 @ 95% credibility (15 tries)
Done in 0.14 min (cpu), 0.14 min (real)
Generate toy 197/250

 -- MarkovChainMC -- 
Limit: r < 0.611224 +/- 0.0145801 @ 95% credibility (15 tries)
Done in 0.13 min (cpu), 0.13 min (real)
Generate toy 198/250

 -- MarkovChainMC -- 
Limit: r < 0.642815 +/- 0.00931966 @ 95% credibility (15 tries)
Done in 0.14 min (cpu), 0.14 min (real)
Generate toy 199/250

 -- MarkovChainMC -- 
Limit: r < 0.918827 +/- 0.0092589 @ 95% credibility (15 tries)
Done in 0.14 min (cpu), 0.14 min (real)
Generate toy 200/250

 -- MarkovChainMC -- 
Limit: r < 0.433921 +/- 0.00369865 @ 95% credibility (15 tries)
Done in 0.13 min (cpu), 0.13 min (real)
Generate toy 201/250

 -- MarkovChainMC -- 
Limit: r < 1.11637 +/- 0.0105641 @ 95% credibility (15 tries)
Done in 0.13 min (cpu), 0.14 min (real)
Generate toy 202/250

 -- MarkovChainMC -- 
Limit: r < 1.25098 +/- 0.00867952 @ 95% credibility (15 tries)
Done in 0.14 min (cpu), 0.14 min (real)
Generate toy 203/250

 -- MarkovChainMC -- 
Limit: r < 1.00272 +/- 0.00626939 @ 95% credibility (15 tries)
Done in 0.13 min (cpu), 0.13 min (real)
Generate toy 204/250

 -- MarkovChainMC -- 
Limit: r < 0.964035 +/- 0.0140729 @ 95% credibility (15 tries)
Done in 0.13 min (cpu), 0.14 min (real)
Generate toy 205/250

 -- MarkovChainMC -- 
Limit: r < 0.91904 +/- 0.00873336 @ 95% credibility (15 tries)
Done in 0.13 min (cpu), 0.13 min (real)
Generate toy 206/250

 -- MarkovChainMC -- 
Limit: r < 0.932389 +/- 0.0109658 @ 95% credibility (15 tries)
Done in 0.12 min (cpu), 0.12 min (real)
Generate toy 207/250

 -- MarkovChainMC -- 
Limit: r < 0.721017 +/- 0.0135699 @ 95% credibility (15 tries)
Done in 0.12 min (cpu), 0.12 min (real)
Generate toy 208/250

 -- MarkovChainMC -- 
Limit: r < 0.453704 +/- 0.00814098 @ 95% credibility (15 tries)
Done in 0.14 min (cpu), 0.14 min (real)
Generate toy 209/250

 -- MarkovChainMC -- 
Limit: r < 1.08401 +/- 0.0178448 @ 95% credibility (15 tries)
Done in 0.13 min (cpu), 0.13 min (real)
Generate toy 210/250

 -- MarkovChainMC -- 
Limit: r < 1.02319 +/- 0.015133 @ 95% credibility (15 tries)
Done in 0.13 min (cpu), 0.13 min (real)
Generate toy 211/250

 -- MarkovChainMC -- 
Limit: r < 0.688144 +/- 0.0110205 @ 95% credibility (15 tries)
Done in 0.12 min (cpu), 0.12 min (real)
Generate toy 212/250

 -- MarkovChainMC -- 
Limit: r < 0.651143 +/- 0.00559629 @ 95% credibility (15 tries)
Done in 0.12 min (cpu), 0.12 min (real)
Generate toy 213/250

 -- MarkovChainMC -- 
Limit: r < 0.966395 +/- 0.01323 @ 95% credibility (15 tries)
Done in 0.12 min (cpu), 0.12 min (real)
Generate toy 214/250

 -- MarkovChainMC -- 
Limit: r < 0.893664 +/- 0.0113797 @ 95% credibility (15 tries)
Done in 0.12 min (cpu), 0.12 min (real)
Generate toy 215/250

 -- MarkovChainMC -- 
Limit: r < 0.961674 +/- 0.0151972 @ 95% credibility (15 tries)
Done in 0.12 min (cpu), 0.12 min (real)
Generate toy 216/250

 -- MarkovChainMC -- 
Limit: r < 0.969264 +/- 0.0135539 @ 95% credibility (15 tries)
Done in 0.12 min (cpu), 0.12 min (real)
Generate toy 217/250

 -- MarkovChainMC -- 
Limit: r < 0.619742 +/- 0.00942692 @ 95% credibility (15 tries)
Done in 0.12 min (cpu), 0.12 min (real)
Generate toy 218/250

 -- MarkovChainMC -- 
Limit: r < 0.707684 +/- 0.00988588 @ 95% credibility (15 tries)
Done in 0.12 min (cpu), 0.12 min (real)
Generate toy 219/250

 -- MarkovChainMC -- 
Limit: r < 1.06543 +/- 0.0114088 @ 95% credibility (15 tries)
Done in 0.12 min (cpu), 0.13 min (real)
Generate toy 220/250

 -- MarkovChainMC -- 
Limit: r < 1.10233 +/- 0.0145772 @ 95% credibility (15 tries)
Done in 0.12 min (cpu), 0.12 min (real)
Generate toy 221/250

 -- MarkovChainMC -- 
Limit: r < 0.64011 +/- 0.00917124 @ 95% credibility (15 tries)
Done in 0.12 min (cpu), 0.12 min (real)
Generate toy 222/250

 -- MarkovChainMC -- 
Limit: r < 0.668238 +/- 0.0129611 @ 95% credibility (15 tries)
Done in 0.12 min (cpu), 0.12 min (real)
Generate toy 223/250

 -- MarkovChainMC -- 
Limit: r < 1.19459 +/- 0.0161934 @ 95% credibility (15 tries)
Done in 0.12 min (cpu), 0.13 min (real)
Generate toy 224/250

 -- MarkovChainMC -- 
Limit: r < 0.381149 +/- 0.00800374 @ 95% credibility (15 tries)
Done in 0.12 min (cpu), 0.12 min (real)
Generate toy 225/250

 -- MarkovChainMC -- 
Limit: r < 0.757035 +/- 0.00958631 @ 95% credibility (15 tries)
Done in 0.13 min (cpu), 0.13 min (real)
Generate toy 226/250

 -- MarkovChainMC -- 
Limit: r < 0.444108 +/- 0.00742589 @ 95% credibility (15 tries)
Done in 0.12 min (cpu), 0.12 min (real)
Generate toy 227/250

 -- MarkovChainMC -- 
Limit: r < 0.490087 +/- 0.00744958 @ 95% credibility (15 tries)
Done in 0.12 min (cpu), 0.12 min (real)
Generate toy 228/250

 -- MarkovChainMC -- 
Limit: r < 0.681147 +/- 0.00829673 @ 95% credibility (15 tries)
Done in 0.12 min (cpu), 0.12 min (real)
Generate toy 229/250

 -- MarkovChainMC -- 
Limit: r < 0.531787 +/- 0.00984786 @ 95% credibility (15 tries)
Done in 0.12 min (cpu), 0.12 min (real)
Generate toy 230/250

 -- MarkovChainMC -- 
Limit: r < 0.610318 +/- 0.0121921 @ 95% credibility (15 tries)
Done in 0.12 min (cpu), 0.12 min (real)
Generate toy 231/250

 -- MarkovChainMC -- 
Limit: r < 0.892515 +/- 0.0116878 @ 95% credibility (15 tries)
Done in 0.12 min (cpu), 0.12 min (real)
Generate toy 232/250

 -- MarkovChainMC -- 
Limit: r < 1.6091 +/- 0.0178058 @ 95% credibility (15 tries)
Done in 0.13 min (cpu), 0.13 min (real)
Generate toy 233/250

 -- MarkovChainMC -- 
Limit: r < 0.708373 +/- 0.0145398 @ 95% credibility (15 tries)
Done in 0.14 min (cpu), 0.14 min (real)
Generate toy 234/250

 -- MarkovChainMC -- 
Limit: r < 0.751268 +/- 0.00887371 @ 95% credibility (15 tries)
Done in 0.12 min (cpu), 0.12 min (real)
Generate toy 235/250

 -- MarkovChainMC -- 
Limit: r < 1.0137 +/- 0.00850654 @ 95% credibility (15 tries)
Done in 0.12 min (cpu), 0.12 min (real)
Generate toy 236/250

 -- MarkovChainMC -- 
Limit: r < 0.715709 +/- 0.0113154 @ 95% credibility (15 tries)
Done in 0.12 min (cpu), 0.12 min (real)
Generate toy 237/250

 -- MarkovChainMC -- 
Limit: r < 1.06232 +/- 0.00451881 @ 95% credibility (15 tries)
Done in 0.13 min (cpu), 0.13 min (real)
Generate toy 238/250

 -- MarkovChainMC -- 
Limit: r < 1.39031 +/- 0.0162301 @ 95% credibility (15 tries)
Done in 0.13 min (cpu), 0.13 min (real)
Generate toy 239/250

 -- MarkovChainMC -- 
Limit: r < 1.12651 +/- 0.0125212 @ 95% credibility (15 tries)
Done in 0.13 min (cpu), 0.13 min (real)
Generate toy 240/250

 -- MarkovChainMC -- 
Limit: r < 0.636462 +/- 0.009937 @ 95% credibility (15 tries)
Done in 0.13 min (cpu), 0.13 min (real)
Generate toy 241/250

 -- MarkovChainMC -- 
Limit: r < 0.864373 +/- 0.00491178 @ 95% credibility (15 tries)
Done in 0.12 min (cpu), 0.12 min (real)
Generate toy 242/250

 -- MarkovChainMC -- 
Limit: r < 0.511676 +/- 0.00809468 @ 95% credibility (15 tries)
Done in 0.12 min (cpu), 0.12 min (real)
Generate toy 243/250

 -- MarkovChainMC -- 
Limit: r < 0.425132 +/- 0.0122734 @ 95% credibility (15 tries)
Done in 0.13 min (cpu), 0.13 min (real)
Generate toy 244/250

 -- MarkovChainMC -- 
Limit: r < 0.541923 +/- 0.0105663 @ 95% credibility (15 tries)
Done in 0.13 min (cpu), 0.13 min (real)
Generate toy 245/250

 -- MarkovChainMC -- 
Limit: r < 0.70597 +/- 0.00992927 @ 95% credibility (15 tries)
Done in 0.12 min (cpu), 0.12 min (real)
Generate toy 246/250

 -- MarkovChainMC -- 
Limit: r < 1.04164 +/- 0.0154762 @ 95% credibility (15 tries)
Done in 0.14 min (cpu), 0.14 min (real)
Generate toy 247/250

 -- MarkovChainMC -- 
Limit: r < 0.871439 +/- 0.00812241 @ 95% credibility (15 tries)
Done in 0.13 min (cpu), 0.13 min (real)
Generate toy 248/250

 -- MarkovChainMC -- 
Limit: r < 1.03166 +/- 0.01073 @ 95% credibility (15 tries)
Done in 0.14 min (cpu), 0.14 min (real)
Generate toy 249/250

 -- MarkovChainMC -- 
Limit: r < 1.07501 +/- 0.0102196 @ 95% credibility (15 tries)
Done in 0.13 min (cpu), 0.13 min (real)
Generate toy 250/250

 -- MarkovChainMC -- 
Limit: r < 0.535587 +/- 0.00630363 @ 95% credibility (15 tries)
Done in 0.12 min (cpu), 0.12 min (real)
mean   expected limit: r < 0.863195 +/- 0.0195342 @ 95%CL (250 toyMC)
median expected limit: r < 0.826411 @ 95%CL (250 toyMC)
   68% expected band : 0.573927 < r < 1.12651
   95% expected band : 0.397487 < r < 1.66223
