 <<< Combine >>> 
 <<< v10.0.2 >>>
>>> Used OpenSSL to get a truly random seed -767827475
>>> Method used is MarkovChainMC
============================================================
Analyzing bin errors for: prop_binmuon22
Poisson cut-off: 10
Processes excluded for sums: Signal
============================================================
Bin        Contents        Error           Notes                         
0          46.330443       5.895773        total sum                     
0          11.678442       0.328842        excluding marked processes    
0          1261.000000     35.510562       Unweighted events, alpha=0.036741
  => Total parameter prop_binmuon22_bin0[0.00,-7.00,7.00] to be Gaussian constrained
------------------------------------------------------------
============================================================
Analyzing bin errors for: prop_binmuon23
Poisson cut-off: 10
Processes excluded for sums: Signal
============================================================
Bin        Contents        Error           Notes                         
0          37.398153       5.237132        total sum                     
0          10.297153       0.571448        excluding marked processes    
0          325.000000      18.027756       Unweighted events, alpha=0.115071
  => Total parameter prop_binmuon23_bin0[0.00,-7.00,7.00] to be Gaussian constrained
------------------------------------------------------------
Channel muon22 will use autoMCStats with settings: event-threshold=10, include-signal=0, hist-mode=1
Channel muon23 will use autoMCStats with settings: event-threshold=10, include-signal=0, hist-mode=1

 -- MarkovChainMC -- 
Limit: r < 0.319645 +/- 0.000750999 @ 95% credibility (300 tries)
Done in 2.33 min (cpu), 2.34 min (real)
