 <<< Combine >>> 
 <<< v10.0.2 >>>
>>> Used OpenSSL to get a truly random seed 1624948376
>>> Method used is MarkovChainMC
============================================================
Analyzing bin errors for: prop_binmuon22
Poisson cut-off: 10
Processes excluded for sums: Signal
============================================================
Bin        Contents        Error           Notes                         
0          2032.215101     9.391029        total sum                     
0          1997.563101     7.317063        excluding marked processes    
0          74529.000000    273.000000      Unweighted events, alpha=0.027267
  => Total parameter prop_binmuon22_bin0[0.00,-7.00,7.00] to be Gaussian constrained
------------------------------------------------------------
============================================================
Analyzing bin errors for: prop_binmuon23
Poisson cut-off: 10
Processes excluded for sums: Signal
============================================================
Bin        Contents        Error           Notes                         
0          1596.671211     8.677916        total sum                     
0          1569.570211     6.942999        excluding marked processes    
0          51105.000000    226.064150      Unweighted events, alpha=0.031243
  => Total parameter prop_binmuon23_bin0[0.00,-7.00,7.00] to be Gaussian constrained
------------------------------------------------------------
Channel muon22 will use autoMCStats with settings: event-threshold=10, include-signal=0, hist-mode=1
Channel muon23 will use autoMCStats with settings: event-threshold=10, include-signal=0, hist-mode=1

 -- MarkovChainMC -- 
Limit: r < 2.4883 +/- 0.0114352 @ 95% credibility (300 tries)
Done in 2.94 min (cpu), 2.96 min (real)
