 <<< Combine >>> 
 <<< v10.0.2 >>>
>>> Used OpenSSL to get a truly random seed -703040484
>>> Method used is MarkovChainMC
============================================================
Analyzing bin errors for: prop_binmuon22
Poisson cut-off: 10
Processes excluded for sums: Signal
============================================================
Bin        Contents        Error           Notes                         
0          403.982478      6.303525        total sum                     
0          369.330478      2.254424        excluding marked processes    
0          26839.000000    163.826127      Unweighted events, alpha=0.015052
  => Total parameter prop_binmuon22_bin0[0.00,-7.00,7.00] to be Gaussian constrained
------------------------------------------------------------
============================================================
Analyzing bin errors for: prop_binmuon23
Poisson cut-off: 10
Processes excluded for sums: Signal
============================================================
Bin        Contents        Error           Notes                         
0          324.798773      5.653102        total sum                     
0          297.697773      2.203762        excluding marked processes    
0          18248.000000    135.085158      Unweighted events, alpha=0.017799
  => Total parameter prop_binmuon23_bin0[0.00,-7.00,7.00] to be Gaussian constrained
------------------------------------------------------------
Channel muon22 will use autoMCStats with settings: event-threshold=10, include-signal=0, hist-mode=1
Channel muon23 will use autoMCStats with settings: event-threshold=10, include-signal=0, hist-mode=1

 -- MarkovChainMC -- 
Limit: r < 1.33522 +/- 0.00500141 @ 95% credibility (300 tries)
Done in 4.23 min (cpu), 4.36 min (real)
