000 (11147814.000.000) 07/08 10:45:19 Job submitted from host: <188.185.121.235:9618?addrs=188.185.121.235-9618+[2001-1458-d00-49--100-36e]-9618&alias=bigbird22.cern.ch&noUDP&sock=schedd_1385224_0644>
...
040 (11147814.000.000) 07/08 10:45:31 Started transferring input files
	Transferring to host: <188.185.194.79:9618?addrs=188.185.194.79-9618+[2001-1458-303-21--100-4b]-9618&alias=b9p20p5952.cern.ch&noUDP&sock=slot1_34_2811237_8867_19563>
...
040 (11147814.000.000) 07/08 10:45:31 Finished transferring input files
...
001 (11147814.000.000) 07/08 10:45:32 Job executing on host: <188.185.194.79:9618?addrs=188.185.194.79-9618+[2001-1458-303-21--100-4b]-9618&alias=b9p20p5952.cern.ch&noUDP&sock=startd_2811194_d65f>
	SlotName: slot1_34@b9p20p5952.cern.ch
	CondorScratchDir = "/pool/condor/dir_3956537"
	Cpus = 1
	Disk = 3774
	GPUs = 0
	Memory = 3000
...
006 (11147814.000.000) 07/08 10:45:46 Image size of job updated: 160668
	157  -  MemoryUsage of job (MB)
	160668  -  ResidentSetSize of job (KB)
...
006 (11147814.000.000) 07/08 10:48:58 Image size of job updated: 341232
	157  -  MemoryUsage of job (MB)
	160672  -  ResidentSetSize of job (KB)
...
040 (11147814.000.000) 07/08 10:48:58 Started transferring output files
...
040 (11147814.000.000) 07/08 10:48:58 Finished transferring output files
...
005 (11147814.000.000) 07/08 10:48:58 Job terminated.
	(1) Normal termination (return value 0)
		Usr 0 00:03:07, Sys 0 00:00:03  -  Run Remote Usage
		Usr 0 00:00:00, Sys 0 00:00:00  -  Run Local Usage
		Usr 0 00:03:07, Sys 0 00:00:03  -  Total Remote Usage
		Usr 0 00:00:00, Sys 0 00:00:00  -  Total Local Usage
	17840  -  Run Bytes Sent By Job
	488  -  Run Bytes Received By Job
	17840  -  Total Bytes Sent By Job
	488  -  Total Bytes Received By Job
	Partitionable Resources :    Usage  Request Allocated 
	   Cpus                 :        0        1         1 
	   Disk (KB)            :       40        1      3774 
	   GPUs                 :                           0 
	   Memory (MB)          :      157     3000      3000 
	   TimeExecute (s)      :      206                    
	   TimeSlotBusy (s)     :      208                    

	Job terminated of its own accord at 2025-07-08T08:48:58Z with exit-code 0.
...
