000 (11147817.000.000) 07/08 10:46:12 Job submitted from host: <188.185.121.235:9618?addrs=188.185.121.235-9618+[2001-1458-d00-49--100-36e]-9618&alias=bigbird22.cern.ch&noUDP&sock=schedd_1385224_0644>
...
040 (11147817.000.000) 07/08 10:48:11 Started transferring input files
	Transferring to host: <188.185.192.72:9618?addrs=188.185.192.72-9618+[2001-1458-303-1f--100-44]-9618&alias=b9p13p6908.cern.ch&noUDP&sock=slot1_4_11693_86b5_35981>
...
040 (11147817.000.000) 07/08 10:48:11 Finished transferring input files
...
001 (11147817.000.000) 07/08 10:48:12 Job executing on host: <188.185.192.72:9618?addrs=188.185.192.72-9618+[2001-1458-303-1f--100-44]-9618&alias=b9p13p6908.cern.ch&noUDP&sock=startd_11647_73a3>
	SlotName: slot1_4@b9p13p6908.cern.ch
	CondorScratchDir = "/pool/condor/dir_492145"
	Cpus = 1
	Disk = 3828
	GPUs = 0
	Memory = 3000
...
006 (11147817.000.000) 07/08 10:48:20 Image size of job updated: 313068
	306  -  MemoryUsage of job (MB)
	313068  -  ResidentSetSize of job (KB)
...
040 (11147817.000.000) 07/08 10:51:07 Started transferring output files
...
040 (11147817.000.000) 07/08 10:51:07 Finished transferring output files
...
005 (11147817.000.000) 07/08 10:51:07 Job terminated.
	(1) Normal termination (return value 0)
		Usr 0 00:02:50, Sys 0 00:00:02  -  Run Remote Usage
		Usr 0 00:00:00, Sys 0 00:00:00  -  Run Local Usage
		Usr 0 00:02:50, Sys 0 00:00:02  -  Total Remote Usage
		Usr 0 00:00:00, Sys 0 00:00:00  -  Total Local Usage
	18151  -  Run Bytes Sent By Job
	487  -  Run Bytes Received By Job
	18151  -  Total Bytes Sent By Job
	487  -  Total Bytes Received By Job
	Partitionable Resources :    Usage  Request Allocated 
	   Cpus                 :                 1         1 
	   Disk (KB)            :       34        1      3828 
	   GPUs                 :                           0 
	   Memory (MB)          :      306     3000      3000 
	   TimeExecute (s)      :      175                    
	   TimeSlotBusy (s)     :      177                    

	Job terminated of its own accord at 2025-07-08T08:51:07Z with exit-code 0.
...
