 <<< Combine >>> 
 <<< v10.0.2 >>>
>>> Used OpenSSL to get a truly random seed 927356536
>>> Method used is MarkovChainMC
============================================================
Analyzing bin errors for: prop_binmuon_channel
Poisson cut-off: 10
Processes excluded for sums: Wprime4000
============================================================
Bin        Contents        Error           Notes                         
0          2744.115991     11.528590       total sum                     
0          2743.862029     11.528582       excluding marked processes    
0          56646.000000    238.004202      Unweighted events, alpha=0.048443
  => Total parameter prop_binmuon_channel_bin0[0.00,-7.00,7.00] to be Gaussian constrained
------------------------------------------------------------
1          1060.335145     5.996731        total sum                     
1          1060.074788     5.996713        excluding marked processes    
1          31250.000000    176.776695      Unweighted events, alpha=0.033931
  => Total parameter prop_binmuon_channel_bin1[0.00,-7.00,7.00] to be Gaussian constrained
------------------------------------------------------------
2          482.258365      5.017899        total sum                     
2          482.010734      5.017879        excluding marked processes    
2          9227.000000     96.057275       Unweighted events, alpha=0.052266
  => Total parameter prop_binmuon_channel_bin2[0.00,-7.00,7.00] to be Gaussian constrained
------------------------------------------------------------
3          244.302268      2.851249        total sum                     
3          244.033461      2.851211        excluding marked processes    
3          7326.000000     85.592056       Unweighted events, alpha=0.033347
  => Total parameter prop_binmuon_channel_bin3[0.00,-7.00,7.00] to be Gaussian constrained
------------------------------------------------------------
4          126.660328      1.190508        total sum                     
4          126.401718      1.190421        excluding marked processes    
4          11275.000000    106.183803      Unweighted events, alpha=0.011234
  => Total parameter prop_binmuon_channel_bin4[0.00,-7.00,7.00] to be Gaussian constrained
------------------------------------------------------------
5          75.888843       1.648328        total sum                     
5          75.638403       1.648266        excluding marked processes    
5          2106.000000     45.891176       Unweighted events, alpha=0.036035
  => Total parameter prop_binmuon_channel_bin5[0.00,-7.00,7.00] to be Gaussian constrained
------------------------------------------------------------
6          72.337098       0.730335        total sum                     
6          71.844718       0.730064        excluding marked processes    
6          9684.000000     98.407317       Unweighted events, alpha=0.007470
  => Total parameter prop_binmuon_channel_bin6[0.00,-7.00,7.00] to be Gaussian constrained
------------------------------------------------------------
7          29.313061       0.535882        total sum                     
7          28.847785       0.535530        excluding marked processes    
7          2902.000000     53.870214       Unweighted events, alpha=0.010101
  => Total parameter prop_binmuon_channel_bin7[0.00,-7.00,7.00] to be Gaussian constrained
------------------------------------------------------------
8          17.881956       0.434310        total sum                     
8          17.085624       0.433556        excluding marked processes    
8          1553.000000     39.408121       Unweighted events, alpha=0.011514
  => Total parameter prop_binmuon_channel_bin8[0.00,-7.00,7.00] to be Gaussian constrained
------------------------------------------------------------
9          6.777481        0.331593        total sum                     
9          5.967072        0.330598        excluding marked processes    
9          326.000000      18.055470       Unweighted events, alpha=0.020790
  => Total parameter prop_binmuon_channel_bin9[0.00,-7.00,7.00] to be Gaussian constrained
------------------------------------------------------------
10         3.588023        0.078098        total sum                     
10         2.397976        0.071669        excluding marked processes    
10         1120.000000     33.466401       Unweighted events, alpha=0.003204
  => Total parameter prop_binmuon_channel_bin10[0.00,-7.00,7.00] to be Gaussian constrained
------------------------------------------------------------
11         3.220498        0.218314        total sum                     
11         1.147997        0.214420        excluding marked processes    
11         29.000000       5.385165        Unweighted events, alpha=0.111052
  => Total parameter prop_binmuon_channel_bin11[0.00,-7.00,7.00] to be Gaussian constrained
------------------------------------------------------------
12         2.774950        0.046257        total sum                     
12         0.168106        0.001612        excluding marked processes    
12         10873.000000    104.273678      Unweighted events, alpha=0.000255
  => Total parameter prop_binmuon_channel_bin12[0.00,-7.00,7.00] to be Gaussian constrained
------------------------------------------------------------
13         2.919847        0.050096        total sum                     
13         0.054219        0.001175        excluding marked processes    
13         2128.000000     46.130250       Unweighted events, alpha=0.001372
  => Total parameter prop_binmuon_channel_bin13[0.00,-7.00,7.00] to be Gaussian constrained
------------------------------------------------------------
14         0.017593        0.003422        total sum                     
14         0.004693        0.001397        excluding marked processes    
14         11.000000       3.316625        Unweighted events, alpha=0.001599
  => Total parameter prop_binmuon_channel_bin14[0.00,-7.00,7.00] to be Gaussian constrained
------------------------------------------------------------
15         0.001580        0.000907        total sum                     
15         0.000674        0.000012        excluding marked processes    
15         3350.000000     57.879185       Unweighted events, alpha=0.000000
  => Total parameter prop_binmuon_channel_bin15[0.00,-7.00,7.00] to be Gaussian constrained
------------------------------------------------------------
Channel muon_channel will use autoMCStats with settings: event-threshold=10, include-signal=0, hist-mode=1
Generate toy 1/250

 -- MarkovChainMC -- 
Limit: r < 0.379701 +/- 0.00360873 @ 95% credibility (15 tries)
Done in 0.11 min (cpu), 0.11 min (real)
Generate toy 2/250

 -- MarkovChainMC -- 
Limit: r < 0.895272 +/- 0.00718736 @ 95% credibility (15 tries)
Done in 0.12 min (cpu), 0.12 min (real)
Generate toy 3/250

 -- MarkovChainMC -- 
Limit: r < 0.501642 +/- 0.00584983 @ 95% credibility (15 tries)
Done in 0.12 min (cpu), 0.12 min (real)
Generate toy 4/250

 -- MarkovChainMC -- 
Limit: r < 0.515069 +/- 0.0054102 @ 95% credibility (15 tries)
Done in 0.11 min (cpu), 0.11 min (real)
Generate toy 5/250

 -- MarkovChainMC -- 
Limit: r < 0.488983 +/- 0.00614366 @ 95% credibility (15 tries)
Done in 0.11 min (cpu), 0.11 min (real)
Generate toy 6/250

 -- MarkovChainMC -- 
Limit: r < 0.440447 +/- 0.00829431 @ 95% credibility (15 tries)
Done in 0.11 min (cpu), 0.12 min (real)
Generate toy 7/250

 -- MarkovChainMC -- 
Limit: r < 0.516371 +/- 0.00502667 @ 95% credibility (15 tries)
Done in 0.11 min (cpu), 0.11 min (real)
Generate toy 8/250

 -- MarkovChainMC -- 
Limit: r < 0.439917 +/- 0.00469606 @ 95% credibility (15 tries)
Done in 0.11 min (cpu), 0.11 min (real)
Generate toy 9/250

 -- MarkovChainMC -- 
Limit: r < 0.416693 +/- 0.0055064 @ 95% credibility (15 tries)
Done in 0.12 min (cpu), 0.12 min (real)
Generate toy 10/250

 -- MarkovChainMC -- 
Limit: r < 0.893685 +/- 0.0109544 @ 95% credibility (15 tries)
Done in 0.12 min (cpu), 0.12 min (real)
Generate toy 11/250

 -- MarkovChainMC -- 
Limit: r < 0.40638 +/- 0.0055868 @ 95% credibility (15 tries)
Done in 0.11 min (cpu), 0.11 min (real)
Generate toy 12/250

 -- MarkovChainMC -- 
Limit: r < 0.61131 +/- 0.00704597 @ 95% credibility (15 tries)
Done in 0.12 min (cpu), 0.12 min (real)
Generate toy 13/250

 -- MarkovChainMC -- 
Limit: r < 0.496037 +/- 0.00522783 @ 95% credibility (15 tries)
Done in 0.11 min (cpu), 0.11 min (real)
Generate toy 14/250

 -- MarkovChainMC -- 
Limit: r < 0.429763 +/- 0.00754114 @ 95% credibility (15 tries)
Done in 0.11 min (cpu), 0.11 min (real)
Generate toy 15/250

 -- MarkovChainMC -- 
Limit: r < 0.55196 +/- 0.00669835 @ 95% credibility (15 tries)
Done in 0.11 min (cpu), 0.11 min (real)
Generate toy 16/250

 -- MarkovChainMC -- 
Limit: r < 0.582616 +/- 0.00495403 @ 95% credibility (15 tries)
Done in 0.11 min (cpu), 0.11 min (real)
Generate toy 17/250

 -- MarkovChainMC -- 
Limit: r < 0.807701 +/- 0.00907073 @ 95% credibility (15 tries)
Done in 0.13 min (cpu), 0.13 min (real)
Generate toy 18/250

 -- MarkovChainMC -- 
Limit: r < 0.434386 +/- 0.00899182 @ 95% credibility (15 tries)
Done in 0.11 min (cpu), 0.11 min (real)
Generate toy 19/250

 -- MarkovChainMC -- 
Limit: r < 0.519678 +/- 0.0064676 @ 95% credibility (15 tries)
Done in 0.11 min (cpu), 0.11 min (real)
Generate toy 20/250

 -- MarkovChainMC -- 
Limit: r < 0.577574 +/- 0.00531852 @ 95% credibility (15 tries)
Done in 0.11 min (cpu), 0.12 min (real)
Generate toy 21/250

 -- MarkovChainMC -- 
Limit: r < 0.449996 +/- 0.00510879 @ 95% credibility (15 tries)
Done in 0.11 min (cpu), 0.11 min (real)
Generate toy 22/250

 -- MarkovChainMC -- 
Limit: r < 0.354298 +/- 0.00507366 @ 95% credibility (15 tries)
Done in 0.11 min (cpu), 0.11 min (real)
Generate toy 23/250

 -- MarkovChainMC -- 
Limit: r < 0.434831 +/- 0.00843697 @ 95% credibility (15 tries)
Done in 0.11 min (cpu), 0.11 min (real)
Generate toy 24/250

 -- MarkovChainMC -- 
Limit: r < 0.482156 +/- 0.00948307 @ 95% credibility (15 tries)
Done in 0.11 min (cpu), 0.11 min (real)
Generate toy 25/250

 -- MarkovChainMC -- 
Limit: r < 0.467884 +/- 0.00736638 @ 95% credibility (15 tries)
Done in 0.11 min (cpu), 0.11 min (real)
Generate toy 26/250

 -- MarkovChainMC -- 
Limit: r < 0.488936 +/- 0.00483595 @ 95% credibility (15 tries)
Done in 0.11 min (cpu), 0.11 min (real)
Generate toy 27/250

 -- MarkovChainMC -- 
Limit: r < 0.440958 +/- 0.00447681 @ 95% credibility (15 tries)
Done in 0.11 min (cpu), 0.12 min (real)
Generate toy 28/250

 -- MarkovChainMC -- 
Limit: r < 0.432301 +/- 0.00660881 @ 95% credibility (15 tries)
Done in 0.11 min (cpu), 0.11 min (real)
Generate toy 29/250

 -- MarkovChainMC -- 
Limit: r < 0.652359 +/- 0.00527984 @ 95% credibility (15 tries)
Done in 0.12 min (cpu), 0.12 min (real)
Generate toy 30/250

 -- MarkovChainMC -- 
Limit: r < 0.529576 +/- 0.00569934 @ 95% credibility (15 tries)
Done in 0.12 min (cpu), 0.12 min (real)
Generate toy 31/250

 -- MarkovChainMC -- 
Limit: r < 0.349414 +/- 0.00413646 @ 95% credibility (15 tries)
Done in 0.11 min (cpu), 0.11 min (real)
Generate toy 32/250

 -- MarkovChainMC -- 
Limit: r < 0.375045 +/- 0.00424961 @ 95% credibility (15 tries)
Done in 0.11 min (cpu), 0.11 min (real)
Generate toy 33/250

 -- MarkovChainMC -- 
Limit: r < 0.778688 +/- 0.00679681 @ 95% credibility (15 tries)
Done in 0.11 min (cpu), 0.11 min (real)
Generate toy 34/250

 -- MarkovChainMC -- 
Limit: r < 0.438167 +/- 0.00597913 @ 95% credibility (15 tries)
Done in 0.11 min (cpu), 0.11 min (real)
Generate toy 35/250

 -- MarkovChainMC -- 
Limit: r < 0.604206 +/- 0.00753715 @ 95% credibility (15 tries)
Done in 0.11 min (cpu), 0.11 min (real)
Generate toy 36/250

 -- MarkovChainMC -- 
Limit: r < 0.397327 +/- 0.00725546 @ 95% credibility (15 tries)
Done in 0.11 min (cpu), 0.11 min (real)
Generate toy 37/250

 -- MarkovChainMC -- 
Limit: r < 0.442558 +/- 0.00332897 @ 95% credibility (15 tries)
Done in 0.11 min (cpu), 0.11 min (real)
Generate toy 38/250

 -- MarkovChainMC -- 
Limit: r < 0.508566 +/- 0.010564 @ 95% credibility (15 tries)
Done in 0.11 min (cpu), 0.11 min (real)
Generate toy 39/250

 -- MarkovChainMC -- 
Limit: r < 0.442451 +/- 0.00626786 @ 95% credibility (15 tries)
Done in 0.11 min (cpu), 0.11 min (real)
Generate toy 40/250

 -- MarkovChainMC -- 
Limit: r < 0.4229 +/- 0.00714485 @ 95% credibility (15 tries)
Done in 0.11 min (cpu), 0.11 min (real)
Generate toy 41/250

 -- MarkovChainMC -- 
Limit: r < 0.378608 +/- 0.00490974 @ 95% credibility (15 tries)
Done in 0.11 min (cpu), 0.11 min (real)
Generate toy 42/250

 -- MarkovChainMC -- 
Limit: r < 0.456891 +/- 0.00538566 @ 95% credibility (15 tries)
Done in 0.11 min (cpu), 0.11 min (real)
Generate toy 43/250

 -- MarkovChainMC -- 
Limit: r < 0.498425 +/- 0.00779446 @ 95% credibility (15 tries)
Done in 0.14 min (cpu), 0.14 min (real)
Generate toy 44/250

 -- MarkovChainMC -- 
Limit: r < 0.399581 +/- 0.00610146 @ 95% credibility (15 tries)
Done in 0.11 min (cpu), 0.11 min (real)
Generate toy 45/250

 -- MarkovChainMC -- 
Limit: r < 0.44782 +/- 0.00770053 @ 95% credibility (15 tries)
Done in 0.11 min (cpu), 0.11 min (real)
Generate toy 46/250

 -- MarkovChainMC -- 
Limit: r < 0.462862 +/- 0.0056721 @ 95% credibility (15 tries)
Done in 0.11 min (cpu), 0.11 min (real)
Generate toy 47/250

 -- MarkovChainMC -- 
Limit: r < 0.680955 +/- 0.00914266 @ 95% credibility (15 tries)
Done in 0.11 min (cpu), 0.11 min (real)
Generate toy 48/250

 -- MarkovChainMC -- 
Limit: r < 0.560779 +/- 0.0104419 @ 95% credibility (15 tries)
Done in 0.11 min (cpu), 0.11 min (real)
Generate toy 49/250

 -- MarkovChainMC -- 
Limit: r < 0.534695 +/- 0.0053843 @ 95% credibility (15 tries)
Done in 0.11 min (cpu), 0.11 min (real)
Generate toy 50/250

 -- MarkovChainMC -- 
Limit: r < 0.558722 +/- 0.00872328 @ 95% credibility (15 tries)
Done in 0.11 min (cpu), 0.11 min (real)
Generate toy 51/250

 -- MarkovChainMC -- 
Limit: r < 0.685156 +/- 0.00736716 @ 95% credibility (15 tries)
Done in 0.11 min (cpu), 0.11 min (real)
Generate toy 52/250

 -- MarkovChainMC -- 
Limit: r < 0.621333 +/- 0.00686181 @ 95% credibility (15 tries)
Done in 0.11 min (cpu), 0.11 min (real)
Generate toy 53/250

 -- MarkovChainMC -- 
Limit: r < 0.665679 +/- 0.00977529 @ 95% credibility (15 tries)
Done in 0.11 min (cpu), 0.11 min (real)
Generate toy 54/250

 -- MarkovChainMC -- 
Limit: r < 0.756161 +/- 0.00606739 @ 95% credibility (15 tries)
Done in 0.11 min (cpu), 0.11 min (real)
Generate toy 55/250

 -- MarkovChainMC -- 
Limit: r < 0.559116 +/- 0.00525752 @ 95% credibility (15 tries)
Done in 0.11 min (cpu), 0.11 min (real)
Generate toy 56/250

 -- MarkovChainMC -- 
Limit: r < 0.615669 +/- 0.00585363 @ 95% credibility (15 tries)
Done in 0.11 min (cpu), 0.11 min (real)
Generate toy 57/250

 -- MarkovChainMC -- 
Limit: r < 0.641045 +/- 0.00774941 @ 95% credibility (15 tries)
Done in 0.11 min (cpu), 0.11 min (real)
Generate toy 58/250

 -- MarkovChainMC -- 
Limit: r < 0.483193 +/- 0.00422641 @ 95% credibility (15 tries)
Done in 0.11 min (cpu), 0.11 min (real)
Generate toy 59/250

 -- MarkovChainMC -- 
Limit: r < 0.472591 +/- 0.0054442 @ 95% credibility (15 tries)
Done in 0.11 min (cpu), 0.11 min (real)
Generate toy 60/250

 -- MarkovChainMC -- 
Limit: r < 0.590813 +/- 0.00611084 @ 95% credibility (15 tries)
Done in 0.11 min (cpu), 0.11 min (real)
Generate toy 61/250

 -- MarkovChainMC -- 
Limit: r < 0.671226 +/- 0.00930688 @ 95% credibility (15 tries)
Done in 0.11 min (cpu), 0.11 min (real)
Generate toy 62/250

 -- MarkovChainMC -- 
Limit: r < 0.457468 +/- 0.00862198 @ 95% credibility (15 tries)
Done in 0.11 min (cpu), 0.11 min (real)
Generate toy 63/250

 -- MarkovChainMC -- 
Limit: r < 0.384648 +/- 0.00375352 @ 95% credibility (15 tries)
Done in 0.11 min (cpu), 0.11 min (real)
Generate toy 64/250

 -- MarkovChainMC -- 
Limit: r < 0.356758 +/- 0.00587335 @ 95% credibility (15 tries)
Done in 0.11 min (cpu), 0.11 min (real)
Generate toy 65/250

 -- MarkovChainMC -- 
Limit: r < 0.438438 +/- 0.00560948 @ 95% credibility (15 tries)
Done in 0.11 min (cpu), 0.11 min (real)
Generate toy 66/250

 -- MarkovChainMC -- 
Limit: r < 0.422302 +/- 0.00603045 @ 95% credibility (15 tries)
Done in 0.11 min (cpu), 0.11 min (real)
Generate toy 67/250

 -- MarkovChainMC -- 
Limit: r < 0.539316 +/- 0.00728218 @ 95% credibility (15 tries)
Done in 0.11 min (cpu), 0.11 min (real)
Generate toy 68/250

 -- MarkovChainMC -- 
Limit: r < 0.454731 +/- 0.00796704 @ 95% credibility (15 tries)
Done in 0.11 min (cpu), 0.11 min (real)
Generate toy 69/250

 -- MarkovChainMC -- 
Limit: r < 0.387453 +/- 0.0055889 @ 95% credibility (15 tries)
Done in 0.11 min (cpu), 0.11 min (real)
Generate toy 70/250

 -- MarkovChainMC -- 
Limit: r < 0.489823 +/- 0.00556388 @ 95% credibility (15 tries)
Done in 0.11 min (cpu), 0.11 min (real)
Generate toy 71/250

 -- MarkovChainMC -- 
Limit: r < 0.538794 +/- 0.00805857 @ 95% credibility (15 tries)
Done in 0.11 min (cpu), 0.11 min (real)
Generate toy 72/250

 -- MarkovChainMC -- 
Limit: r < 0.668251 +/- 0.00623106 @ 95% credibility (15 tries)
Done in 0.11 min (cpu), 0.11 min (real)
Generate toy 73/250

 -- MarkovChainMC -- 
Limit: r < 0.476751 +/- 0.00561754 @ 95% credibility (15 tries)
Done in 0.11 min (cpu), 0.11 min (real)
Generate toy 74/250

 -- MarkovChainMC -- 
Limit: r < 0.493158 +/- 0.00520338 @ 95% credibility (15 tries)
Done in 0.11 min (cpu), 0.11 min (real)
Generate toy 75/250

 -- MarkovChainMC -- 
Limit: r < 0.457991 +/- 0.0063887 @ 95% credibility (15 tries)
Done in 0.11 min (cpu), 0.11 min (real)
Generate toy 76/250

 -- MarkovChainMC -- 
Limit: r < 0.395071 +/- 0.00420808 @ 95% credibility (15 tries)
Done in 0.11 min (cpu), 0.11 min (real)
Generate toy 77/250

 -- MarkovChainMC -- 
Limit: r < 0.496183 +/- 0.00482131 @ 95% credibility (15 tries)
Done in 0.11 min (cpu), 0.11 min (real)
Generate toy 78/250

 -- MarkovChainMC -- 
Limit: r < 0.39942 +/- 0.00616049 @ 95% credibility (15 tries)
Done in 0.12 min (cpu), 0.12 min (real)
Generate toy 79/250

 -- MarkovChainMC -- 
Limit: r < 0.748006 +/- 0.012709 @ 95% credibility (15 tries)
Done in 0.12 min (cpu), 0.12 min (real)
Generate toy 80/250

 -- MarkovChainMC -- 
Limit: r < 0.449677 +/- 0.00816193 @ 95% credibility (15 tries)
Done in 0.12 min (cpu), 0.12 min (real)
Generate toy 81/250

 -- MarkovChainMC -- 
Limit: r < 0.517384 +/- 0.00623729 @ 95% credibility (15 tries)
Done in 0.13 min (cpu), 0.13 min (real)
Generate toy 82/250

 -- MarkovChainMC -- 
Limit: r < 0.697056 +/- 0.012804 @ 95% credibility (15 tries)
Done in 0.13 min (cpu), 0.13 min (real)
Generate toy 83/250

 -- MarkovChainMC -- 
Limit: r < 0.450646 +/- 0.00729688 @ 95% credibility (15 tries)
Done in 0.13 min (cpu), 0.13 min (real)
Generate toy 84/250

 -- MarkovChainMC -- 
Limit: r < 0.556504 +/- 0.00989874 @ 95% credibility (15 tries)
Done in 0.13 min (cpu), 0.13 min (real)
Generate toy 85/250

 -- MarkovChainMC -- 
Limit: r < 0.396678 +/- 0.00479413 @ 95% credibility (15 tries)
Done in 0.12 min (cpu), 0.12 min (real)
Generate toy 86/250

 -- MarkovChainMC -- 
Limit: r < 0.415929 +/- 0.00657776 @ 95% credibility (15 tries)
Done in 0.12 min (cpu), 0.12 min (real)
Generate toy 87/250

 -- MarkovChainMC -- 
Limit: r < 0.554201 +/- 0.00597456 @ 95% credibility (15 tries)
Done in 0.12 min (cpu), 0.12 min (real)
Generate toy 88/250

 -- MarkovChainMC -- 
Limit: r < 0.453352 +/- 0.00310602 @ 95% credibility (15 tries)
Done in 0.12 min (cpu), 0.12 min (real)
Generate toy 89/250

 -- MarkovChainMC -- 
Limit: r < 0.716187 +/- 0.00625598 @ 95% credibility (15 tries)
Done in 0.12 min (cpu), 0.13 min (real)
Generate toy 90/250

 -- MarkovChainMC -- 
Limit: r < 0.945168 +/- 0.00521117 @ 95% credibility (15 tries)
Done in 0.13 min (cpu), 0.13 min (real)
Generate toy 91/250

 -- MarkovChainMC -- 
Limit: r < 0.960772 +/- 0.0091997 @ 95% credibility (15 tries)
Done in 0.15 min (cpu), 0.16 min (real)
Generate toy 92/250

 -- MarkovChainMC -- 
Limit: r < 0.56894 +/- 0.00664324 @ 95% credibility (15 tries)
Done in 0.12 min (cpu), 0.12 min (real)
Generate toy 93/250

 -- MarkovChainMC -- 
Limit: r < 0.73768 +/- 0.00396008 @ 95% credibility (15 tries)
Done in 0.14 min (cpu), 0.14 min (real)
Generate toy 94/250

 -- MarkovChainMC -- 
Limit: r < 0.360831 +/- 0.00698479 @ 95% credibility (15 tries)
Done in 0.12 min (cpu), 0.12 min (real)
Generate toy 95/250

 -- MarkovChainMC -- 
Limit: r < 0.754508 +/- 0.00854098 @ 95% credibility (15 tries)
Done in 0.13 min (cpu), 0.13 min (real)
Generate toy 96/250

 -- MarkovChainMC -- 
Limit: r < 0.822776 +/- 0.00814489 @ 95% credibility (15 tries)
Done in 0.14 min (cpu), 0.14 min (real)
Generate toy 97/250

 -- MarkovChainMC -- 
Limit: r < 0.858663 +/- 0.00809654 @ 95% credibility (15 tries)
Done in 0.14 min (cpu), 0.14 min (real)
Generate toy 98/250

 -- MarkovChainMC -- 
Limit: r < 0.940286 +/- 0.00484201 @ 95% credibility (15 tries)
Done in 0.14 min (cpu), 0.14 min (real)
Generate toy 99/250

 -- MarkovChainMC -- 
Limit: r < 0.734918 +/- 0.00870642 @ 95% credibility (15 tries)
Done in 0.12 min (cpu), 0.12 min (real)
Generate toy 100/250

 -- MarkovChainMC -- 
Limit: r < 0.449133 +/- 0.00616058 @ 95% credibility (15 tries)
Done in 0.12 min (cpu), 0.12 min (real)
Generate toy 101/250

 -- MarkovChainMC -- 
Limit: r < 0.414719 +/- 0.00608784 @ 95% credibility (15 tries)
Done in 0.12 min (cpu), 0.12 min (real)
Generate toy 102/250

 -- MarkovChainMC -- 
Limit: r < 0.432526 +/- 0.00651626 @ 95% credibility (15 tries)
Done in 0.12 min (cpu), 0.12 min (real)
Generate toy 103/250

 -- MarkovChainMC -- 
Limit: r < 0.6484 +/- 0.00732624 @ 95% credibility (15 tries)
Done in 0.13 min (cpu), 0.13 min (real)
Generate toy 104/250

 -- MarkovChainMC -- 
Limit: r < 0.420524 +/- 0.0052567 @ 95% credibility (15 tries)
Done in 0.12 min (cpu), 0.12 min (real)
Generate toy 105/250

 -- MarkovChainMC -- 
Limit: r < 0.372308 +/- 0.00482989 @ 95% credibility (15 tries)
Done in 0.13 min (cpu), 0.13 min (real)
Generate toy 106/250

 -- MarkovChainMC -- 
Limit: r < 0.441207 +/- 0.00890164 @ 95% credibility (15 tries)
Done in 0.12 min (cpu), 0.12 min (real)
Generate toy 107/250

 -- MarkovChainMC -- 
Limit: r < 0.474022 +/- 0.00246234 @ 95% credibility (15 tries)
Done in 0.11 min (cpu), 0.11 min (real)
Generate toy 108/250

 -- MarkovChainMC -- 
Limit: r < 0.358423 +/- 0.0044789 @ 95% credibility (15 tries)
Done in 0.11 min (cpu), 0.11 min (real)
Generate toy 109/250

 -- MarkovChainMC -- 
Limit: r < 0.413312 +/- 0.00742056 @ 95% credibility (15 tries)
Done in 0.11 min (cpu), 0.11 min (real)
Generate toy 110/250

 -- MarkovChainMC -- 
Limit: r < 0.588871 +/- 0.00782084 @ 95% credibility (15 tries)
Done in 0.12 min (cpu), 0.12 min (real)
Generate toy 111/250

 -- MarkovChainMC -- 
Limit: r < 0.434157 +/- 0.0045232 @ 95% credibility (15 tries)
Done in 0.13 min (cpu), 0.13 min (real)
Generate toy 112/250

 -- MarkovChainMC -- 
Limit: r < 0.392656 +/- 0.00603401 @ 95% credibility (15 tries)
Done in 0.12 min (cpu), 0.12 min (real)
Generate toy 113/250

 -- MarkovChainMC -- 
Limit: r < 0.781477 +/- 0.00612622 @ 95% credibility (15 tries)
Done in 0.13 min (cpu), 0.13 min (real)
Generate toy 114/250

 -- MarkovChainMC -- 
Limit: r < 0.532712 +/- 0.00745697 @ 95% credibility (15 tries)
Done in 0.13 min (cpu), 0.13 min (real)
Generate toy 115/250

 -- MarkovChainMC -- 
Limit: r < 0.822363 +/- 0.00683037 @ 95% credibility (15 tries)
Done in 0.12 min (cpu), 0.12 min (real)
Generate toy 116/250

 -- MarkovChainMC -- 
Limit: r < 0.386241 +/- 0.00576434 @ 95% credibility (15 tries)
Done in 0.12 min (cpu), 0.12 min (real)
Generate toy 117/250

 -- MarkovChainMC -- 
Limit: r < 0.491598 +/- 0.00523518 @ 95% credibility (15 tries)
Done in 0.13 min (cpu), 0.13 min (real)
Generate toy 118/250

 -- MarkovChainMC -- 
Limit: r < 0.382084 +/- 0.00786032 @ 95% credibility (15 tries)
Done in 0.12 min (cpu), 0.12 min (real)
Generate toy 119/250

 -- MarkovChainMC -- 
Limit: r < 0.499317 +/- 0.00708239 @ 95% credibility (15 tries)
Done in 0.11 min (cpu), 0.11 min (real)
Generate toy 120/250

 -- MarkovChainMC -- 
Limit: r < 0.670755 +/- 0.00881666 @ 95% credibility (15 tries)
Done in 0.12 min (cpu), 0.12 min (real)
Generate toy 121/250

 -- MarkovChainMC -- 
Limit: r < 0.508856 +/- 0.00804236 @ 95% credibility (15 tries)
Done in 0.13 min (cpu), 0.13 min (real)
Generate toy 122/250

 -- MarkovChainMC -- 
Limit: r < 0.338072 +/- 0.00402592 @ 95% credibility (15 tries)
Done in 0.12 min (cpu), 0.12 min (real)
Generate toy 123/250

 -- MarkovChainMC -- 
Limit: r < 0.916699 +/- 0.0115927 @ 95% credibility (15 tries)
Done in 0.13 min (cpu), 0.13 min (real)
Generate toy 124/250

 -- MarkovChainMC -- 
Limit: r < 0.90805 +/- 0.00667687 @ 95% credibility (15 tries)
Done in 0.12 min (cpu), 0.12 min (real)
Generate toy 125/250

 -- MarkovChainMC -- 
Limit: r < 0.716789 +/- 0.0123226 @ 95% credibility (15 tries)
Done in 0.13 min (cpu), 0.13 min (real)
Generate toy 126/250

 -- MarkovChainMC -- 
Limit: r < 0.647594 +/- 0.0116983 @ 95% credibility (15 tries)
Done in 0.14 min (cpu), 0.14 min (real)
Generate toy 127/250

 -- MarkovChainMC -- 
Limit: r < 0.396972 +/- 0.00477641 @ 95% credibility (15 tries)
Done in 0.13 min (cpu), 0.13 min (real)
Generate toy 128/250

 -- MarkovChainMC -- 
Limit: r < 0.713769 +/- 0.0110609 @ 95% credibility (15 tries)
Done in 0.13 min (cpu), 0.13 min (real)
Generate toy 129/250

 -- MarkovChainMC -- 
Limit: r < 0.684294 +/- 0.00698794 @ 95% credibility (15 tries)
Done in 0.12 min (cpu), 0.12 min (real)
Generate toy 130/250

 -- MarkovChainMC -- 
Limit: r < 0.672689 +/- 0.0099801 @ 95% credibility (15 tries)
Done in 0.12 min (cpu), 0.12 min (real)
Generate toy 131/250

 -- MarkovChainMC -- 
Limit: r < 0.549291 +/- 0.00654147 @ 95% credibility (15 tries)
Done in 0.12 min (cpu), 0.13 min (real)
Generate toy 132/250

 -- MarkovChainMC -- 
Limit: r < 0.623737 +/- 0.00492327 @ 95% credibility (15 tries)
Done in 0.15 min (cpu), 0.15 min (real)
Generate toy 133/250

 -- MarkovChainMC -- 
Limit: r < 0.649181 +/- 0.0116435 @ 95% credibility (15 tries)
Done in 0.14 min (cpu), 0.14 min (real)
Generate toy 134/250

 -- MarkovChainMC -- 
Limit: r < 1.03282 +/- 0.00770558 @ 95% credibility (15 tries)
Done in 0.13 min (cpu), 0.13 min (real)
Generate toy 135/250

 -- MarkovChainMC -- 
Limit: r < 0.501967 +/- 0.00714765 @ 95% credibility (15 tries)
Done in 0.12 min (cpu), 0.12 min (real)
Generate toy 136/250

 -- MarkovChainMC -- 
Limit: r < 0.803081 +/- 0.00759301 @ 95% credibility (15 tries)
Done in 0.13 min (cpu), 0.13 min (real)
Generate toy 137/250

 -- MarkovChainMC -- 
Limit: r < 0.777659 +/- 0.00360336 @ 95% credibility (15 tries)
Done in 0.13 min (cpu), 0.13 min (real)
Generate toy 138/250

 -- MarkovChainMC -- 
Limit: r < 0.655412 +/- 0.00623685 @ 95% credibility (15 tries)
Done in 0.13 min (cpu), 0.13 min (real)
Generate toy 139/250

 -- MarkovChainMC -- 
Limit: r < 0.505046 +/- 0.00596276 @ 95% credibility (15 tries)
Done in 0.12 min (cpu), 0.13 min (real)
Generate toy 140/250

 -- MarkovChainMC -- 
Limit: r < 0.55548 +/- 0.00629829 @ 95% credibility (15 tries)
Done in 0.13 min (cpu), 0.13 min (real)
Generate toy 141/250

 -- MarkovChainMC -- 
Limit: r < 0.352478 +/- 0.00615372 @ 95% credibility (15 tries)
Done in 0.12 min (cpu), 0.12 min (real)
Generate toy 142/250

 -- MarkovChainMC -- 
Limit: r < 0.393786 +/- 0.00643978 @ 95% credibility (15 tries)
Done in 0.12 min (cpu), 0.12 min (real)
Generate toy 143/250

 -- MarkovChainMC -- 
Limit: r < 0.568956 +/- 0.00518883 @ 95% credibility (15 tries)
Done in 0.12 min (cpu), 0.12 min (real)
Generate toy 144/250

 -- MarkovChainMC -- 
Limit: r < 0.530619 +/- 0.00658847 @ 95% credibility (15 tries)
Done in 0.13 min (cpu), 0.13 min (real)
Generate toy 145/250

 -- MarkovChainMC -- 
Limit: r < 0.608035 +/- 0.00790254 @ 95% credibility (15 tries)
Done in 0.12 min (cpu), 0.12 min (real)
Generate toy 146/250

 -- MarkovChainMC -- 
Limit: r < 0.632542 +/- 0.00809257 @ 95% credibility (15 tries)
Done in 0.12 min (cpu), 0.12 min (real)
Generate toy 147/250

 -- MarkovChainMC -- 
Limit: r < 0.476645 +/- 0.00612839 @ 95% credibility (15 tries)
Done in 0.12 min (cpu), 0.12 min (real)
Generate toy 148/250

 -- MarkovChainMC -- 
Limit: r < 0.560903 +/- 0.00711131 @ 95% credibility (15 tries)
Done in 0.12 min (cpu), 0.12 min (real)
Generate toy 149/250

 -- MarkovChainMC -- 
Limit: r < 0.435071 +/- 0.00642394 @ 95% credibility (15 tries)
Done in 0.11 min (cpu), 0.11 min (real)
Generate toy 150/250

 -- MarkovChainMC -- 
Limit: r < 0.447972 +/- 0.00658698 @ 95% credibility (15 tries)
Done in 0.12 min (cpu), 0.12 min (real)
Generate toy 151/250

 -- MarkovChainMC -- 
Limit: r < 0.409537 +/- 0.0055028 @ 95% credibility (15 tries)
Done in 0.12 min (cpu), 0.12 min (real)
Generate toy 152/250

 -- MarkovChainMC -- 
Limit: r < 0.801348 +/- 0.00449176 @ 95% credibility (15 tries)
Done in 0.14 min (cpu), 0.14 min (real)
Generate toy 153/250

 -- MarkovChainMC -- 
Limit: r < 0.426124 +/- 0.00665491 @ 95% credibility (15 tries)
Done in 0.12 min (cpu), 0.12 min (real)
Generate toy 154/250

 -- MarkovChainMC -- 
Limit: r < 0.434905 +/- 0.00371071 @ 95% credibility (15 tries)
Done in 0.12 min (cpu), 0.12 min (real)
Generate toy 155/250

 -- MarkovChainMC -- 
Limit: r < 0.500476 +/- 0.00297866 @ 95% credibility (15 tries)
Done in 0.12 min (cpu), 0.12 min (real)
Generate toy 156/250

 -- MarkovChainMC -- 
Limit: r < 0.446608 +/- 0.00482557 @ 95% credibility (15 tries)
Done in 0.13 min (cpu), 0.13 min (real)
Generate toy 157/250

 -- MarkovChainMC -- 
Limit: r < 0.60884 +/- 0.00572326 @ 95% credibility (15 tries)
Done in 0.15 min (cpu), 0.15 min (real)
Generate toy 158/250

 -- MarkovChainMC -- 
Limit: r < 0.682968 +/- 0.00613341 @ 95% credibility (15 tries)
Done in 0.13 min (cpu), 0.13 min (real)
Generate toy 159/250

 -- MarkovChainMC -- 
Limit: r < 0.611461 +/- 0.00628454 @ 95% credibility (15 tries)
Done in 0.12 min (cpu), 0.12 min (real)
Generate toy 160/250

 -- MarkovChainMC -- 
Limit: r < 0.449004 +/- 0.00347329 @ 95% credibility (15 tries)
Done in 0.12 min (cpu), 0.12 min (real)
Generate toy 161/250

 -- MarkovChainMC -- 
Limit: r < 0.930311 +/- 0.00904532 @ 95% credibility (15 tries)
Done in 0.13 min (cpu), 0.13 min (real)
Generate toy 162/250

 -- MarkovChainMC -- 
Limit: r < 0.436303 +/- 0.0040315 @ 95% credibility (15 tries)
Done in 0.13 min (cpu), 0.13 min (real)
Generate toy 163/250

 -- MarkovChainMC -- 
Limit: r < 0.690039 +/- 0.00683996 @ 95% credibility (15 tries)
Done in 0.14 min (cpu), 0.14 min (real)
Generate toy 164/250

 -- MarkovChainMC -- 
Limit: r < 0.597877 +/- 0.00604255 @ 95% credibility (15 tries)
Done in 0.12 min (cpu), 0.12 min (real)
Generate toy 165/250

 -- MarkovChainMC -- 
Limit: r < 0.398185 +/- 0.00352995 @ 95% credibility (15 tries)
Done in 0.12 min (cpu), 0.12 min (real)
Generate toy 166/250

 -- MarkovChainMC -- 
Limit: r < 0.561443 +/- 0.00583599 @ 95% credibility (15 tries)
Done in 0.13 min (cpu), 0.13 min (real)
Generate toy 167/250

 -- MarkovChainMC -- 
Limit: r < 0.798673 +/- 0.00862241 @ 95% credibility (15 tries)
Done in 0.12 min (cpu), 0.12 min (real)
Generate toy 168/250

 -- MarkovChainMC -- 
Limit: r < 0.562345 +/- 0.00398689 @ 95% credibility (15 tries)
Done in 0.13 min (cpu), 0.13 min (real)
Generate toy 169/250

 -- MarkovChainMC -- 
Limit: r < 0.586659 +/- 0.0099112 @ 95% credibility (15 tries)
Done in 0.12 min (cpu), 0.12 min (real)
Generate toy 170/250

 -- MarkovChainMC -- 
Limit: r < 0.570068 +/- 0.00607686 @ 95% credibility (15 tries)
Done in 0.11 min (cpu), 0.11 min (real)
Generate toy 171/250

 -- MarkovChainMC -- 
Limit: r < 0.406915 +/- 0.00659688 @ 95% credibility (15 tries)
Done in 0.12 min (cpu), 0.12 min (real)
Generate toy 172/250

 -- MarkovChainMC -- 
Limit: r < 0.350405 +/- 0.00494607 @ 95% credibility (15 tries)
Done in 0.11 min (cpu), 0.11 min (real)
Generate toy 173/250

 -- MarkovChainMC -- 
Limit: r < 0.45341 +/- 0.00626926 @ 95% credibility (15 tries)
Done in 0.12 min (cpu), 0.12 min (real)
Generate toy 174/250

 -- MarkovChainMC -- 
Limit: r < 0.621699 +/- 0.00493761 @ 95% credibility (15 tries)
Done in 0.11 min (cpu), 0.12 min (real)
Generate toy 175/250

 -- MarkovChainMC -- 
Limit: r < 0.426668 +/- 0.00725651 @ 95% credibility (15 tries)
Done in 0.12 min (cpu), 0.12 min (real)
Generate toy 176/250

 -- MarkovChainMC -- 
Limit: r < 0.474672 +/- 0.00762635 @ 95% credibility (15 tries)
Done in 0.12 min (cpu), 0.12 min (real)
Generate toy 177/250

 -- MarkovChainMC -- 
Limit: r < 0.818168 +/- 0.00910661 @ 95% credibility (15 tries)
Done in 0.13 min (cpu), 0.13 min (real)
Generate toy 178/250

 -- MarkovChainMC -- 
Limit: r < 0.545425 +/- 0.00657317 @ 95% credibility (15 tries)
Done in 0.12 min (cpu), 0.12 min (real)
Generate toy 179/250

 -- MarkovChainMC -- 
Limit: r < 0.453577 +/- 0.00484748 @ 95% credibility (15 tries)
Done in 0.12 min (cpu), 0.12 min (real)
Generate toy 180/250

 -- MarkovChainMC -- 
Limit: r < 0.537068 +/- 0.00401981 @ 95% credibility (15 tries)
Done in 0.12 min (cpu), 0.12 min (real)
Generate toy 181/250

 -- MarkovChainMC -- 
Limit: r < 0.631662 +/- 0.00450399 @ 95% credibility (15 tries)
Done in 0.12 min (cpu), 0.13 min (real)
Generate toy 182/250

 -- MarkovChainMC -- 
Limit: r < 0.713531 +/- 0.00566873 @ 95% credibility (15 tries)
Done in 0.12 min (cpu), 0.12 min (real)
Generate toy 183/250

 -- MarkovChainMC -- 
Limit: r < 0.617299 +/- 0.00543932 @ 95% credibility (15 tries)
Done in 0.13 min (cpu), 0.13 min (real)
Generate toy 184/250

 -- MarkovChainMC -- 
Limit: r < 0.421755 +/- 0.00668438 @ 95% credibility (15 tries)
Done in 0.14 min (cpu), 0.14 min (real)
Generate toy 185/250

 -- MarkovChainMC -- 
Limit: r < 0.598325 +/- 0.00958398 @ 95% credibility (15 tries)
Done in 0.14 min (cpu), 0.14 min (real)
Generate toy 186/250

 -- MarkovChainMC -- 
Limit: r < 0.544802 +/- 0.00605513 @ 95% credibility (15 tries)
Done in 0.14 min (cpu), 0.14 min (real)
Generate toy 187/250

 -- MarkovChainMC -- 
Limit: r < 0.545515 +/- 0.00565164 @ 95% credibility (15 tries)
Done in 0.13 min (cpu), 0.13 min (real)
Generate toy 188/250

 -- MarkovChainMC -- 
Limit: r < 0.687045 +/- 0.00520794 @ 95% credibility (15 tries)
Done in 0.13 min (cpu), 0.13 min (real)
Generate toy 189/250

 -- MarkovChainMC -- 
Limit: r < 0.426526 +/- 0.00279759 @ 95% credibility (15 tries)
Done in 0.12 min (cpu), 0.12 min (real)
Generate toy 190/250

 -- MarkovChainMC -- 
Limit: r < 0.526232 +/- 0.00651147 @ 95% credibility (15 tries)
Done in 0.12 min (cpu), 0.12 min (real)
Generate toy 191/250

 -- MarkovChainMC -- 
Limit: r < 0.472884 +/- 0.00606752 @ 95% credibility (15 tries)
Done in 0.12 min (cpu), 0.12 min (real)
Generate toy 192/250

 -- MarkovChainMC -- 
Limit: r < 0.696593 +/- 0.0113545 @ 95% credibility (15 tries)
Done in 0.13 min (cpu), 0.13 min (real)
Generate toy 193/250

 -- MarkovChainMC -- 
Limit: r < 1.21663 +/- 0.0145401 @ 95% credibility (15 tries)
Done in 0.15 min (cpu), 0.15 min (real)
Generate toy 194/250

 -- MarkovChainMC -- 
Limit: r < 0.813501 +/- 0.00911192 @ 95% credibility (15 tries)
Done in 0.12 min (cpu), 0.12 min (real)
Generate toy 195/250

 -- MarkovChainMC -- 
Limit: r < 0.436683 +/- 0.00896729 @ 95% credibility (15 tries)
Done in 0.12 min (cpu), 0.12 min (real)
Generate toy 196/250

 -- MarkovChainMC -- 
Limit: r < 0.343625 +/- 0.00432115 @ 95% credibility (15 tries)
Done in 0.12 min (cpu), 0.12 min (real)
Generate toy 197/250

 -- MarkovChainMC -- 
Limit: r < 0.454845 +/- 0.00587774 @ 95% credibility (15 tries)
Done in 0.13 min (cpu), 0.13 min (real)
Generate toy 198/250

 -- MarkovChainMC -- 
Limit: r < 0.384207 +/- 0.00667535 @ 95% credibility (15 tries)
Done in 0.13 min (cpu), 0.13 min (real)
Generate toy 199/250

 -- MarkovChainMC -- 
Limit: r < 0.38535 +/- 0.00607904 @ 95% credibility (15 tries)
Done in 0.12 min (cpu), 0.12 min (real)
Generate toy 200/250

 -- MarkovChainMC -- 
Limit: r < 0.400235 +/- 0.00337191 @ 95% credibility (15 tries)
Done in 0.12 min (cpu), 0.13 min (real)
Generate toy 201/250

 -- MarkovChainMC -- 
Limit: r < 0.970758 +/- 0.0115179 @ 95% credibility (15 tries)
Done in 0.12 min (cpu), 0.13 min (real)
Generate toy 202/250

 -- MarkovChainMC -- 
Limit: r < 0.395162 +/- 0.00310729 @ 95% credibility (15 tries)
Done in 0.12 min (cpu), 0.12 min (real)
Generate toy 203/250

 -- MarkovChainMC -- 
Limit: r < 0.557782 +/- 0.00827138 @ 95% credibility (15 tries)
Done in 0.11 min (cpu), 0.11 min (real)
Generate toy 204/250

 -- MarkovChainMC -- 
Limit: r < 0.61109 +/- 0.00562848 @ 95% credibility (15 tries)
Done in 0.12 min (cpu), 0.12 min (real)
Generate toy 205/250

 -- MarkovChainMC -- 
Limit: r < 0.5734 +/- 0.00554997 @ 95% credibility (15 tries)
Done in 0.12 min (cpu), 0.13 min (real)
Generate toy 206/250

 -- MarkovChainMC -- 
Limit: r < 0.360209 +/- 0.00475979 @ 95% credibility (15 tries)
Done in 0.12 min (cpu), 0.12 min (real)
Generate toy 207/250

 -- MarkovChainMC -- 
Limit: r < 0.651101 +/- 0.00789584 @ 95% credibility (15 tries)
Done in 0.13 min (cpu), 0.13 min (real)
Generate toy 208/250

 -- MarkovChainMC -- 
Limit: r < 0.619049 +/- 0.0105494 @ 95% credibility (15 tries)
Done in 0.14 min (cpu), 0.15 min (real)
Generate toy 209/250

 -- MarkovChainMC -- 
Limit: r < 0.575552 +/- 0.00386284 @ 95% credibility (15 tries)
Done in 0.15 min (cpu), 0.15 min (real)
Generate toy 210/250

 -- MarkovChainMC -- 
Limit: r < 0.351878 +/- 0.00673759 @ 95% credibility (15 tries)
Done in 0.11 min (cpu), 0.11 min (real)
Generate toy 211/250

 -- MarkovChainMC -- 
Limit: r < 0.392582 +/- 0.0055663 @ 95% credibility (15 tries)
Done in 0.11 min (cpu), 0.11 min (real)
Generate toy 212/250

 -- MarkovChainMC -- 
Limit: r < 0.416636 +/- 0.00907277 @ 95% credibility (15 tries)
Done in 0.11 min (cpu), 0.11 min (real)
Generate toy 213/250

 -- MarkovChainMC -- 
Limit: r < 0.457285 +/- 0.0118445 @ 95% credibility (15 tries)
Done in 0.13 min (cpu), 0.13 min (real)
Generate toy 214/250

 -- MarkovChainMC -- 
Limit: r < 0.603526 +/- 0.00483582 @ 95% credibility (15 tries)
Done in 0.12 min (cpu), 0.12 min (real)
Generate toy 215/250

 -- MarkovChainMC -- 
Limit: r < 0.5611 +/- 0.00607238 @ 95% credibility (15 tries)
Done in 0.12 min (cpu), 0.12 min (real)
Generate toy 216/250

 -- MarkovChainMC -- 
Limit: r < 0.395738 +/- 0.00476572 @ 95% credibility (15 tries)
Done in 0.12 min (cpu), 0.12 min (real)
Generate toy 217/250

 -- MarkovChainMC -- 
Limit: r < 0.55395 +/- 0.00747305 @ 95% credibility (15 tries)
Done in 0.11 min (cpu), 0.11 min (real)
Generate toy 218/250

 -- MarkovChainMC -- 
Limit: r < 0.693555 +/- 0.00338328 @ 95% credibility (15 tries)
Done in 0.12 min (cpu), 0.12 min (real)
Generate toy 219/250

 -- MarkovChainMC -- 
Limit: r < 0.457148 +/- 0.00353895 @ 95% credibility (15 tries)
Done in 0.12 min (cpu), 0.12 min (real)
Generate toy 220/250

 -- MarkovChainMC -- 
Limit: r < 0.55553 +/- 0.00701977 @ 95% credibility (15 tries)
Done in 0.12 min (cpu), 0.12 min (real)
Generate toy 221/250

 -- MarkovChainMC -- 
Limit: r < 0.58951 +/- 0.0101851 @ 95% credibility (15 tries)
Done in 0.12 min (cpu), 0.12 min (real)
Generate toy 222/250

 -- MarkovChainMC -- 
Limit: r < 0.720705 +/- 0.00480729 @ 95% credibility (15 tries)
Done in 0.11 min (cpu), 0.11 min (real)
Generate toy 223/250

 -- MarkovChainMC -- 
Limit: r < 0.488102 +/- 0.00576475 @ 95% credibility (15 tries)
Done in 0.12 min (cpu), 0.12 min (real)
Generate toy 224/250

 -- MarkovChainMC -- 
Limit: r < 0.406785 +/- 0.00520135 @ 95% credibility (15 tries)
Done in 0.12 min (cpu), 0.12 min (real)
Generate toy 225/250

 -- MarkovChainMC -- 
Limit: r < 0.384707 +/- 0.0035124 @ 95% credibility (15 tries)
Done in 0.12 min (cpu), 0.12 min (real)
Generate toy 226/250

 -- MarkovChainMC -- 
Limit: r < 0.400559 +/- 0.00175947 @ 95% credibility (15 tries)
Done in 0.11 min (cpu), 0.11 min (real)
Generate toy 227/250

 -- MarkovChainMC -- 
Limit: r < 0.579433 +/- 0.00768673 @ 95% credibility (15 tries)
Done in 0.12 min (cpu), 0.13 min (real)
Generate toy 228/250

 -- MarkovChainMC -- 
Limit: r < 0.39356 +/- 0.00557474 @ 95% credibility (15 tries)
Done in 0.12 min (cpu), 0.12 min (real)
Generate toy 229/250

 -- MarkovChainMC -- 
Limit: r < 0.718079 +/- 0.00366371 @ 95% credibility (15 tries)
Done in 0.14 min (cpu), 0.14 min (real)
Generate toy 230/250

 -- MarkovChainMC -- 
Limit: r < 0.82707 +/- 0.00950057 @ 95% credibility (15 tries)
Done in 0.13 min (cpu), 0.13 min (real)
Generate toy 231/250

 -- MarkovChainMC -- 
Limit: r < 0.681434 +/- 0.00643788 @ 95% credibility (15 tries)
Done in 0.14 min (cpu), 0.14 min (real)
Generate toy 232/250

 -- MarkovChainMC -- 
Limit: r < 0.464686 +/- 0.00638157 @ 95% credibility (15 tries)
Done in 0.13 min (cpu), 0.13 min (real)
Generate toy 233/250

 -- MarkovChainMC -- 
Limit: r < 0.38872 +/- 0.00479741 @ 95% credibility (15 tries)
Done in 0.14 min (cpu), 0.14 min (real)
Generate toy 234/250

 -- MarkovChainMC -- 
Limit: r < 0.414689 +/- 0.00648246 @ 95% credibility (15 tries)
Done in 0.13 min (cpu), 0.13 min (real)
Generate toy 235/250

 -- MarkovChainMC -- 
Limit: r < 0.593476 +/- 0.00600173 @ 95% credibility (15 tries)
Done in 0.12 min (cpu), 0.12 min (real)
Generate toy 236/250

 -- MarkovChainMC -- 
Limit: r < 0.405326 +/- 0.00548931 @ 95% credibility (15 tries)
Done in 0.13 min (cpu), 0.13 min (real)
Generate toy 237/250

 -- MarkovChainMC -- 
Limit: r < 0.373371 +/- 0.00444928 @ 95% credibility (15 tries)
Done in 0.11 min (cpu), 0.12 min (real)
Generate toy 238/250

 -- MarkovChainMC -- 
Limit: r < 0.764274 +/- 0.00925072 @ 95% credibility (15 tries)
Done in 0.13 min (cpu), 0.13 min (real)
Generate toy 239/250

 -- MarkovChainMC -- 
Limit: r < 0.498097 +/- 0.00492611 @ 95% credibility (15 tries)
Done in 0.11 min (cpu), 0.11 min (real)
Generate toy 240/250

 -- MarkovChainMC -- 
Limit: r < 0.490441 +/- 0.00668262 @ 95% credibility (15 tries)
Done in 0.12 min (cpu), 0.12 min (real)
Generate toy 241/250

 -- MarkovChainMC -- 
Limit: r < 0.43399 +/- 0.00397947 @ 95% credibility (15 tries)
Done in 0.14 min (cpu), 0.14 min (real)
Generate toy 242/250

 -- MarkovChainMC -- 
Limit: r < 0.511507 +/- 0.0064599 @ 95% credibility (15 tries)
Done in 0.11 min (cpu), 0.11 min (real)
Generate toy 243/250

 -- MarkovChainMC -- 
Limit: r < 0.467066 +/- 0.00464836 @ 95% credibility (15 tries)
Done in 0.12 min (cpu), 0.12 min (real)
Generate toy 244/250

 -- MarkovChainMC -- 
Limit: r < 0.732764 +/- 0.00787848 @ 95% credibility (15 tries)
Done in 0.12 min (cpu), 0.12 min (real)
Generate toy 245/250

 -- MarkovChainMC -- 
Limit: r < 0.608862 +/- 0.00653368 @ 95% credibility (15 tries)
Done in 0.12 min (cpu), 0.12 min (real)
Generate toy 246/250

 -- MarkovChainMC -- 
Limit: r < 0.404338 +/- 0.00731142 @ 95% credibility (15 tries)
Done in 0.12 min (cpu), 0.12 min (real)
Generate toy 247/250

 -- MarkovChainMC -- 
Limit: r < 0.444324 +/- 0.00790248 @ 95% credibility (15 tries)
Done in 0.13 min (cpu), 0.13 min (real)
Generate toy 248/250

 -- MarkovChainMC -- 
Limit: r < 0.400907 +/- 0.00629969 @ 95% credibility (15 tries)
Done in 0.12 min (cpu), 0.12 min (real)
Generate toy 249/250

 -- MarkovChainMC -- 
Limit: r < 0.434179 +/- 0.00598036 @ 95% credibility (15 tries)
Done in 0.12 min (cpu), 0.13 min (real)
Generate toy 250/250

 -- MarkovChainMC -- 
Limit: r < 0.625099 +/- 0.00856903 @ 95% credibility (15 tries)
Done in 0.13 min (cpu), 0.13 min (real)
mean   expected limit: r < 0.546058 +/- 0.00965301 @ 95%CL (250 toyMC)
median expected limit: r < 0.503506 @ 95%CL (250 toyMC)
   68% expected band : 0.404338 < r < 0.693555
   95% expected band : 0.354298 < r < 0.940286
