 <<< Combine >>> 
 <<< v10.0.2 >>>
>>> Used OpenSSL to get a truly random seed 804479624
>>> Method used is MarkovChainMC
============================================================
Analyzing bin errors for: prop_binmuon_channel
Poisson cut-off: 10
Processes excluded for sums: Wprime3600
============================================================
Bin        Contents        Error           Notes                         
0          2744.062599     11.528589       total sum                     
0          2743.862029     11.528582       excluding marked processes    
0          56646.000000    238.004202      Unweighted events, alpha=0.048442
  => Total parameter prop_binmuon_channel_bin0[0.00,-7.00,7.00] to be Gaussian constrained
------------------------------------------------------------
1          1060.277819     5.996728        total sum                     
1          1060.074788     5.996713        excluding marked processes    
1          31250.000000    176.776695      Unweighted events, alpha=0.033929
  => Total parameter prop_binmuon_channel_bin1[0.00,-7.00,7.00] to be Gaussian constrained
------------------------------------------------------------
2          482.219720      5.017896        total sum                     
2          482.010734      5.017879        excluding marked processes    
2          9227.000000     96.057275       Unweighted events, alpha=0.052262
  => Total parameter prop_binmuon_channel_bin2[0.00,-7.00,7.00] to be Gaussian constrained
------------------------------------------------------------
3          244.262090      2.851244        total sum                     
3          244.033461      2.851211        excluding marked processes    
3          7326.000000     85.592056       Unweighted events, alpha=0.033342
  => Total parameter prop_binmuon_channel_bin3[0.00,-7.00,7.00] to be Gaussian constrained
------------------------------------------------------------
4          126.635875      1.190502        total sum                     
4          126.401718      1.190421        excluding marked processes    
4          11275.000000    106.183803      Unweighted events, alpha=0.011232
  => Total parameter prop_binmuon_channel_bin4[0.00,-7.00,7.00] to be Gaussian constrained
------------------------------------------------------------
5          75.892065       1.648331        total sum                     
5          75.638403       1.648266        excluding marked processes    
5          2106.000000     45.891176       Unweighted events, alpha=0.036036
  => Total parameter prop_binmuon_channel_bin5[0.00,-7.00,7.00] to be Gaussian constrained
------------------------------------------------------------
6          72.387993       0.730376        total sum                     
6          71.844718       0.730064        excluding marked processes    
6          9684.000000     98.407317       Unweighted events, alpha=0.007475
  => Total parameter prop_binmuon_channel_bin6[0.00,-7.00,7.00] to be Gaussian constrained
------------------------------------------------------------
7          29.374977       0.535944        total sum                     
7          28.847785       0.535530        excluding marked processes    
7          2902.000000     53.870214       Unweighted events, alpha=0.010122
  => Total parameter prop_binmuon_channel_bin7[0.00,-7.00,7.00] to be Gaussian constrained
------------------------------------------------------------
8          17.933054       0.434361        total sum                     
8          17.085624       0.433556        excluding marked processes    
8          1553.000000     39.408121       Unweighted events, alpha=0.011547
  => Total parameter prop_binmuon_channel_bin8[0.00,-7.00,7.00] to be Gaussian constrained
------------------------------------------------------------
9          7.052305        0.331978        total sum                     
9          5.967072        0.330598        excluding marked processes    
9          326.000000      18.055470       Unweighted events, alpha=0.021633
  => Total parameter prop_binmuon_channel_bin9[0.00,-7.00,7.00] to be Gaussian constrained
------------------------------------------------------------
10         4.020933        0.080589        total sum                     
10         2.397976        0.071669        excluding marked processes    
10         1120.000000     33.466401       Unweighted events, alpha=0.003590
  => Total parameter prop_binmuon_channel_bin10[0.00,-7.00,7.00] to be Gaussian constrained
------------------------------------------------------------
11         3.914070        0.219736        total sum                     
11         1.147997        0.214420        excluding marked processes    
11         29.000000       5.385165        Unweighted events, alpha=0.134968
  => Total parameter prop_binmuon_channel_bin11[0.00,-7.00,7.00] to be Gaussian constrained
------------------------------------------------------------
12         3.704831        0.055751        total sum                     
12         0.168106        0.001612        excluding marked processes    
12         10873.000000    104.273678      Unweighted events, alpha=0.000341
  => Total parameter prop_binmuon_channel_bin12[0.00,-7.00,7.00] to be Gaussian constrained
------------------------------------------------------------
13         1.037704        0.028414        total sum                     
13         0.054219        0.001175        excluding marked processes    
13         2128.000000     46.130250       Unweighted events, alpha=0.000488
  => Total parameter prop_binmuon_channel_bin13[0.00,-7.00,7.00] to be Gaussian constrained
------------------------------------------------------------
14         0.009185        0.002229        total sum                     
14         0.004693        0.001397        excluding marked processes    
14         11.000000       3.316625        Unweighted events, alpha=0.000835
  => Total parameter prop_binmuon_channel_bin14[0.00,-7.00,7.00] to be Gaussian constrained
------------------------------------------------------------
15         0.000674        0.000012        total sum                     
15         0.000674        0.000012        excluding marked processes    
15         3350.000000     57.879185       Unweighted events, alpha=0.000000
  => Total parameter prop_binmuon_channel_bin15[0.00,-7.00,7.00] to be Gaussian constrained
------------------------------------------------------------
Channel muon_channel will use autoMCStats with settings: event-threshold=10, include-signal=0, hist-mode=1
Generate toy 1/250

 -- MarkovChainMC -- 
Limit: r < 0.68402 +/- 0.00697462 @ 95% credibility (15 tries)
Done in 0.11 min (cpu), 0.13 min (real)
Generate toy 2/250

 -- MarkovChainMC -- 
Limit: r < 0.484789 +/- 0.00678018 @ 95% credibility (15 tries)
Done in 0.10 min (cpu), 0.12 min (real)
Generate toy 3/250

 -- MarkovChainMC -- 
Limit: r < 0.812952 +/- 0.00359245 @ 95% credibility (15 tries)
Done in 0.11 min (cpu), 0.12 min (real)
Generate toy 4/250

 -- MarkovChainMC -- 
Limit: r < 0.758939 +/- 0.00727959 @ 95% credibility (15 tries)
Done in 0.11 min (cpu), 0.13 min (real)
Generate toy 5/250

 -- MarkovChainMC -- 
Limit: r < 0.668526 +/- 0.00686366 @ 95% credibility (15 tries)
Done in 0.11 min (cpu), 0.12 min (real)
Generate toy 6/250

 -- MarkovChainMC -- 
Limit: r < 0.341927 +/- 0.00401034 @ 95% credibility (15 tries)
Done in 0.10 min (cpu), 0.10 min (real)
Generate toy 7/250

 -- MarkovChainMC -- 
Limit: r < 0.574833 +/- 0.00547361 @ 95% credibility (15 tries)
Done in 0.11 min (cpu), 0.11 min (real)
Generate toy 8/250

 -- MarkovChainMC -- 
Limit: r < 0.339339 +/- 0.00566975 @ 95% credibility (15 tries)
Done in 0.10 min (cpu), 0.10 min (real)
Generate toy 9/250

 -- MarkovChainMC -- 
Limit: r < 0.35726 +/- 0.00354792 @ 95% credibility (15 tries)
Done in 0.10 min (cpu), 0.12 min (real)
Generate toy 10/250

 -- MarkovChainMC -- 
Limit: r < 0.516277 +/- 0.00563518 @ 95% credibility (15 tries)
Done in 0.10 min (cpu), 0.12 min (real)
Generate toy 11/250

 -- MarkovChainMC -- 
Limit: r < 0.42871 +/- 0.00572691 @ 95% credibility (15 tries)
Done in 0.10 min (cpu), 0.11 min (real)
Generate toy 12/250

 -- MarkovChainMC -- 
Limit: r < 0.577174 +/- 0.00519376 @ 95% credibility (15 tries)
Done in 0.11 min (cpu), 0.12 min (real)
Generate toy 13/250

 -- MarkovChainMC -- 
Limit: r < 0.409071 +/- 0.00454544 @ 95% credibility (15 tries)
Done in 0.11 min (cpu), 0.11 min (real)
Generate toy 14/250

 -- MarkovChainMC -- 
Limit: r < 0.496167 +/- 0.00203774 @ 95% credibility (15 tries)
Done in 0.10 min (cpu), 0.13 min (real)
Generate toy 15/250

 -- MarkovChainMC -- 
Limit: r < 0.45294 +/- 0.00752154 @ 95% credibility (15 tries)
Done in 0.11 min (cpu), 0.12 min (real)
Generate toy 16/250

 -- MarkovChainMC -- 
Limit: r < 0.406733 +/- 0.00340511 @ 95% credibility (15 tries)
Done in 0.10 min (cpu), 0.10 min (real)
Generate toy 17/250

 -- MarkovChainMC -- 
Limit: r < 0.589197 +/- 0.00393225 @ 95% credibility (15 tries)
Done in 0.11 min (cpu), 0.15 min (real)
Generate toy 18/250

 -- MarkovChainMC -- 
Limit: r < 0.424859 +/- 0.00492952 @ 95% credibility (15 tries)
Done in 0.11 min (cpu), 0.12 min (real)
Generate toy 19/250

 -- MarkovChainMC -- 
Limit: r < 0.454974 +/- 0.0046318 @ 95% credibility (15 tries)
Done in 0.10 min (cpu), 0.11 min (real)
Generate toy 20/250

 -- MarkovChainMC -- 
Limit: r < 0.4591 +/- 0.00530569 @ 95% credibility (15 tries)
Done in 0.10 min (cpu), 0.11 min (real)
Generate toy 21/250

 -- MarkovChainMC -- 
Limit: r < 0.470833 +/- 0.00219407 @ 95% credibility (15 tries)
Done in 0.10 min (cpu), 0.11 min (real)
Generate toy 22/250

 -- MarkovChainMC -- 
Limit: r < 0.345378 +/- 0.00596171 @ 95% credibility (15 tries)
Done in 0.10 min (cpu), 0.11 min (real)
Generate toy 23/250

 -- MarkovChainMC -- 
Limit: r < 0.432434 +/- 0.00612689 @ 95% credibility (15 tries)
Done in 0.10 min (cpu), 0.11 min (real)
Generate toy 24/250

 -- MarkovChainMC -- 
Limit: r < 0.386352 +/- 0.00413159 @ 95% credibility (15 tries)
Done in 0.10 min (cpu), 0.11 min (real)
Generate toy 25/250

 -- MarkovChainMC -- 
Limit: r < 0.853802 +/- 0.00715465 @ 95% credibility (15 tries)
Done in 0.11 min (cpu), 0.12 min (real)
Generate toy 26/250

 -- MarkovChainMC -- 
Limit: r < 0.696274 +/- 0.00458217 @ 95% credibility (15 tries)
Done in 0.11 min (cpu), 0.11 min (real)
Generate toy 27/250

 -- MarkovChainMC -- 
Limit: r < 0.622975 +/- 0.00521504 @ 95% credibility (15 tries)
Done in 0.11 min (cpu), 0.11 min (real)
Generate toy 28/250

 -- MarkovChainMC -- 
Limit: r < 0.526546 +/- 0.00851047 @ 95% credibility (15 tries)
Done in 0.11 min (cpu), 0.11 min (real)
Generate toy 29/250

 -- MarkovChainMC -- 
Limit: r < 0.572737 +/- 0.00823218 @ 95% credibility (15 tries)
Done in 0.11 min (cpu), 0.11 min (real)
Generate toy 30/250

 -- MarkovChainMC -- 
Limit: r < 0.678276 +/- 0.00694119 @ 95% credibility (15 tries)
Done in 0.11 min (cpu), 0.11 min (real)
Generate toy 31/250

 -- MarkovChainMC -- 
Limit: r < 0.649009 +/- 0.00757272 @ 95% credibility (15 tries)
Done in 0.11 min (cpu), 0.11 min (real)
Generate toy 32/250

 -- MarkovChainMC -- 
Limit: r < 0.471019 +/- 0.00212978 @ 95% credibility (15 tries)
Done in 0.11 min (cpu), 0.11 min (real)
Generate toy 33/250

 -- MarkovChainMC -- 
Limit: r < 0.450133 +/- 0.00295415 @ 95% credibility (15 tries)
Done in 0.10 min (cpu), 0.10 min (real)
Generate toy 34/250

 -- MarkovChainMC -- 
Limit: r < 0.504472 +/- 0.00407137 @ 95% credibility (15 tries)
Done in 0.11 min (cpu), 0.11 min (real)
Generate toy 35/250

 -- MarkovChainMC -- 
Limit: r < 0.995666 +/- 0.00453936 @ 95% credibility (15 tries)
Done in 0.12 min (cpu), 0.12 min (real)
Generate toy 36/250

 -- MarkovChainMC -- 
Limit: r < 0.587943 +/- 0.00865127 @ 95% credibility (15 tries)
Done in 0.11 min (cpu), 0.11 min (real)
Generate toy 37/250

 -- MarkovChainMC -- 
Limit: r < 0.451447 +/- 0.00557524 @ 95% credibility (15 tries)
Done in 0.11 min (cpu), 0.11 min (real)
Generate toy 38/250

 -- MarkovChainMC -- 
Limit: r < 0.514552 +/- 0.00515556 @ 95% credibility (15 tries)
Done in 0.11 min (cpu), 0.11 min (real)
Generate toy 39/250

 -- MarkovChainMC -- 
Limit: r < 0.684813 +/- 0.00840423 @ 95% credibility (15 tries)
Done in 0.11 min (cpu), 0.11 min (real)
Generate toy 40/250

 -- MarkovChainMC -- 
Limit: r < 0.568376 +/- 0.00497656 @ 95% credibility (15 tries)
Done in 0.10 min (cpu), 0.10 min (real)
Generate toy 41/250

 -- MarkovChainMC -- 
Limit: r < 0.615481 +/- 0.0052941 @ 95% credibility (15 tries)
Done in 0.11 min (cpu), 0.12 min (real)
Generate toy 42/250

 -- MarkovChainMC -- 
Limit: r < 0.572869 +/- 0.00512758 @ 95% credibility (15 tries)
Done in 0.11 min (cpu), 0.11 min (real)
Generate toy 43/250

 -- MarkovChainMC -- 
Limit: r < 0.608208 +/- 0.00966241 @ 95% credibility (15 tries)
Done in 0.11 min (cpu), 0.11 min (real)
Generate toy 44/250

 -- MarkovChainMC -- 
Limit: r < 0.452203 +/- 0.00495623 @ 95% credibility (15 tries)
Done in 0.11 min (cpu), 0.11 min (real)
Generate toy 45/250

 -- MarkovChainMC -- 
Limit: r < 0.526453 +/- 0.0054135 @ 95% credibility (15 tries)
Done in 0.10 min (cpu), 0.10 min (real)
Generate toy 46/250

 -- MarkovChainMC -- 
Limit: r < 0.673156 +/- 0.00815952 @ 95% credibility (15 tries)
Done in 0.11 min (cpu), 0.11 min (real)
Generate toy 47/250

 -- MarkovChainMC -- 
Limit: r < 0.607685 +/- 0.00925874 @ 95% credibility (15 tries)
Done in 0.11 min (cpu), 0.11 min (real)
Generate toy 48/250

 -- MarkovChainMC -- 
Limit: r < 0.449289 +/- 0.00644908 @ 95% credibility (15 tries)
Done in 0.11 min (cpu), 0.11 min (real)
Generate toy 49/250

 -- MarkovChainMC -- 
Limit: r < 0.48505 +/- 0.00530887 @ 95% credibility (15 tries)
Done in 0.11 min (cpu), 0.11 min (real)
Generate toy 50/250

 -- MarkovChainMC -- 
Limit: r < 0.682096 +/- 0.00613024 @ 95% credibility (15 tries)
Done in 0.11 min (cpu), 0.11 min (real)
Generate toy 51/250

 -- MarkovChainMC -- 
Limit: r < 0.4308 +/- 0.00701181 @ 95% credibility (15 tries)
Done in 0.11 min (cpu), 0.11 min (real)
Generate toy 52/250

 -- MarkovChainMC -- 
Limit: r < 1.16204 +/- 0.0113891 @ 95% credibility (15 tries)
Done in 0.12 min (cpu), 0.12 min (real)
Generate toy 53/250

 -- MarkovChainMC -- 
Limit: r < 0.53475 +/- 0.00364722 @ 95% credibility (15 tries)
Done in 0.11 min (cpu), 0.11 min (real)
Generate toy 54/250

 -- MarkovChainMC -- 
Limit: r < 0.820296 +/- 0.00429555 @ 95% credibility (15 tries)
Done in 0.12 min (cpu), 0.12 min (real)
Generate toy 55/250

 -- MarkovChainMC -- 
Limit: r < 0.419115 +/- 0.00275105 @ 95% credibility (15 tries)
Done in 0.11 min (cpu), 0.11 min (real)
Generate toy 56/250

 -- MarkovChainMC -- 
Limit: r < 0.411159 +/- 0.00443634 @ 95% credibility (15 tries)
Done in 0.11 min (cpu), 0.11 min (real)
Generate toy 57/250

 -- MarkovChainMC -- 
Limit: r < 0.39245 +/- 0.00439572 @ 95% credibility (15 tries)
Done in 0.10 min (cpu), 0.11 min (real)
Generate toy 58/250

 -- MarkovChainMC -- 
Limit: r < 0.518944 +/- 0.00502466 @ 95% credibility (15 tries)
Done in 0.11 min (cpu), 0.12 min (real)
Generate toy 59/250

 -- MarkovChainMC -- 
Limit: r < 0.510657 +/- 0.0080935 @ 95% credibility (15 tries)
Done in 0.10 min (cpu), 0.10 min (real)
Generate toy 60/250

 -- MarkovChainMC -- 
Limit: r < 0.367208 +/- 0.00662733 @ 95% credibility (15 tries)
Done in 0.10 min (cpu), 0.10 min (real)
Generate toy 61/250

 -- MarkovChainMC -- 
Limit: r < 0.628857 +/- 0.00355263 @ 95% credibility (15 tries)
Done in 0.11 min (cpu), 0.11 min (real)
Generate toy 62/250

 -- MarkovChainMC -- 
Limit: r < 0.361797 +/- 0.00541431 @ 95% credibility (15 tries)
Done in 0.11 min (cpu), 0.11 min (real)
Generate toy 63/250

 -- MarkovChainMC -- 
Limit: r < 0.515418 +/- 0.00766457 @ 95% credibility (15 tries)
Done in 0.11 min (cpu), 0.11 min (real)
Generate toy 64/250

 -- MarkovChainMC -- 
Limit: r < 0.908155 +/- 0.00882798 @ 95% credibility (15 tries)
Done in 0.11 min (cpu), 0.11 min (real)
Generate toy 65/250

 -- MarkovChainMC -- 
Limit: r < 0.393857 +/- 0.00643885 @ 95% credibility (15 tries)
Done in 0.10 min (cpu), 0.10 min (real)
Generate toy 66/250

 -- MarkovChainMC -- 
Limit: r < 0.455784 +/- 0.00432957 @ 95% credibility (15 tries)
Done in 0.11 min (cpu), 0.11 min (real)
Generate toy 67/250

 -- MarkovChainMC -- 
Limit: r < 0.846027 +/- 0.00793433 @ 95% credibility (15 tries)
Done in 0.11 min (cpu), 0.12 min (real)
Generate toy 68/250

 -- MarkovChainMC -- 
Limit: r < 0.387917 +/- 0.00544156 @ 95% credibility (15 tries)
Done in 0.10 min (cpu), 0.11 min (real)
Generate toy 69/250

 -- MarkovChainMC -- 
Limit: r < 0.681925 +/- 0.00665975 @ 95% credibility (15 tries)
Done in 0.11 min (cpu), 0.11 min (real)
Generate toy 70/250

 -- MarkovChainMC -- 
Limit: r < 0.391764 +/- 0.0050364 @ 95% credibility (15 tries)
Done in 0.11 min (cpu), 0.11 min (real)
Generate toy 71/250

 -- MarkovChainMC -- 
Limit: r < 0.460853 +/- 0.00673691 @ 95% credibility (15 tries)
Done in 0.11 min (cpu), 0.11 min (real)
Generate toy 72/250

 -- MarkovChainMC -- 
Limit: r < 0.501755 +/- 0.00569783 @ 95% credibility (15 tries)
Done in 0.10 min (cpu), 0.10 min (real)
Generate toy 73/250

 -- MarkovChainMC -- 
Limit: r < 0.619826 +/- 0.00658476 @ 95% credibility (15 tries)
Done in 0.10 min (cpu), 0.11 min (real)
Generate toy 74/250

 -- MarkovChainMC -- 
Limit: r < 0.525886 +/- 0.00823954 @ 95% credibility (15 tries)
Done in 0.11 min (cpu), 0.11 min (real)
Generate toy 75/250

 -- MarkovChainMC -- 
Limit: r < 0.604526 +/- 0.00477343 @ 95% credibility (15 tries)
Done in 0.11 min (cpu), 0.11 min (real)
Generate toy 76/250

 -- MarkovChainMC -- 
Limit: r < 0.406441 +/- 0.00207268 @ 95% credibility (15 tries)
Done in 0.10 min (cpu), 0.11 min (real)
Generate toy 77/250

 -- MarkovChainMC -- 
Limit: r < 0.398152 +/- 0.00563471 @ 95% credibility (15 tries)
Done in 0.11 min (cpu), 0.11 min (real)
Generate toy 78/250

 -- MarkovChainMC -- 
Limit: r < 0.458473 +/- 0.00478129 @ 95% credibility (15 tries)
Done in 0.11 min (cpu), 0.11 min (real)
Generate toy 79/250

 -- MarkovChainMC -- 
Limit: r < 0.454201 +/- 0.00720704 @ 95% credibility (15 tries)
Done in 0.11 min (cpu), 0.11 min (real)
Generate toy 80/250

 -- MarkovChainMC -- 
Limit: r < 0.59346 +/- 0.00778644 @ 95% credibility (15 tries)
Done in 0.11 min (cpu), 0.11 min (real)
Generate toy 81/250

 -- MarkovChainMC -- 
Limit: r < 0.442303 +/- 0.00426341 @ 95% credibility (15 tries)
Done in 0.11 min (cpu), 0.11 min (real)
Generate toy 82/250

 -- MarkovChainMC -- 
Limit: r < 0.545222 +/- 0.00546357 @ 95% credibility (15 tries)
Done in 0.11 min (cpu), 0.11 min (real)
Generate toy 83/250

 -- MarkovChainMC -- 
Limit: r < 0.512837 +/- 0.00622951 @ 95% credibility (15 tries)
Done in 0.12 min (cpu), 0.12 min (real)
Generate toy 84/250

 -- MarkovChainMC -- 
Limit: r < 0.795962 +/- 0.00694329 @ 95% credibility (15 tries)
Done in 0.12 min (cpu), 0.12 min (real)
Generate toy 85/250

 -- MarkovChainMC -- 
Limit: r < 0.551411 +/- 0.00599042 @ 95% credibility (15 tries)
Done in 0.11 min (cpu), 0.11 min (real)
Generate toy 86/250

 -- MarkovChainMC -- 
Limit: r < 0.683578 +/- 0.00821343 @ 95% credibility (15 tries)
Done in 0.11 min (cpu), 0.11 min (real)
Generate toy 87/250

 -- MarkovChainMC -- 
Limit: r < 0.572946 +/- 0.00592135 @ 95% credibility (15 tries)
Done in 0.11 min (cpu), 0.11 min (real)
Generate toy 88/250

 -- MarkovChainMC -- 
Limit: r < 0.402892 +/- 0.00464256 @ 95% credibility (15 tries)
Done in 0.10 min (cpu), 0.11 min (real)
Generate toy 89/250

 -- MarkovChainMC -- 
Limit: r < 0.440801 +/- 0.00438189 @ 95% credibility (15 tries)
Done in 0.11 min (cpu), 0.11 min (real)
Generate toy 90/250

 -- MarkovChainMC -- 
Limit: r < 0.398708 +/- 0.00465359 @ 95% credibility (15 tries)
Done in 0.11 min (cpu), 0.11 min (real)
Generate toy 91/250

 -- MarkovChainMC -- 
Limit: r < 0.641979 +/- 0.00296789 @ 95% credibility (15 tries)
Done in 0.11 min (cpu), 0.11 min (real)
Generate toy 92/250

 -- MarkovChainMC -- 
Limit: r < 0.442015 +/- 0.00520326 @ 95% credibility (15 tries)
Done in 0.10 min (cpu), 0.11 min (real)
Generate toy 93/250

 -- MarkovChainMC -- 
Limit: r < 0.579847 +/- 0.00382398 @ 95% credibility (15 tries)
Done in 0.11 min (cpu), 0.12 min (real)
Generate toy 94/250

 -- MarkovChainMC -- 
Limit: r < 0.533757 +/- 0.00610945 @ 95% credibility (15 tries)
Done in 0.10 min (cpu), 0.11 min (real)
Generate toy 95/250

 -- MarkovChainMC -- 
Limit: r < 0.412746 +/- 0.00419884 @ 95% credibility (15 tries)
Done in 0.11 min (cpu), 0.11 min (real)
Generate toy 96/250

 -- MarkovChainMC -- 
Limit: r < 0.41125 +/- 0.00353216 @ 95% credibility (15 tries)
Done in 0.10 min (cpu), 0.11 min (real)
Generate toy 97/250

 -- MarkovChainMC -- 
Limit: r < 0.450187 +/- 0.00523709 @ 95% credibility (15 tries)
Done in 0.11 min (cpu), 0.11 min (real)
Generate toy 98/250

 -- MarkovChainMC -- 
Limit: r < 0.650339 +/- 0.00995835 @ 95% credibility (15 tries)
Done in 0.11 min (cpu), 0.11 min (real)
Generate toy 99/250

 -- MarkovChainMC -- 
Limit: r < 0.530417 +/- 0.0037245 @ 95% credibility (15 tries)
Done in 0.11 min (cpu), 0.11 min (real)
Generate toy 100/250

 -- MarkovChainMC -- 
Limit: r < 0.845327 +/- 0.00837955 @ 95% credibility (15 tries)
Done in 0.12 min (cpu), 0.12 min (real)
Generate toy 101/250

 -- MarkovChainMC -- 
Limit: r < 0.455768 +/- 0.00697069 @ 95% credibility (15 tries)
Done in 0.10 min (cpu), 0.11 min (real)
Generate toy 102/250

 -- MarkovChainMC -- 
Limit: r < 0.767399 +/- 0.00854106 @ 95% credibility (15 tries)
Done in 0.11 min (cpu), 0.12 min (real)
Generate toy 103/250

 -- MarkovChainMC -- 
Limit: r < 0.836684 +/- 0.00767235 @ 95% credibility (15 tries)
Done in 0.11 min (cpu), 0.12 min (real)
Generate toy 104/250

 -- MarkovChainMC -- 
Limit: r < 0.769378 +/- 0.00495697 @ 95% credibility (15 tries)
Done in 0.11 min (cpu), 0.11 min (real)
Generate toy 105/250

 -- MarkovChainMC -- 
Limit: r < 0.87117 +/- 0.00565951 @ 95% credibility (15 tries)
Done in 0.11 min (cpu), 0.12 min (real)
Generate toy 106/250

 -- MarkovChainMC -- 
Limit: r < 0.413949 +/- 0.0052683 @ 95% credibility (15 tries)
Done in 0.11 min (cpu), 0.11 min (real)
Generate toy 107/250

 -- MarkovChainMC -- 
Limit: r < 0.643274 +/- 0.00936957 @ 95% credibility (15 tries)
Done in 0.11 min (cpu), 0.11 min (real)
Generate toy 108/250

 -- MarkovChainMC -- 
Limit: r < 0.62956 +/- 0.00649144 @ 95% credibility (15 tries)
Done in 0.11 min (cpu), 0.11 min (real)
Generate toy 109/250

 -- MarkovChainMC -- 
Limit: r < 0.550614 +/- 0.00671196 @ 95% credibility (15 tries)
Done in 0.11 min (cpu), 0.11 min (real)
Generate toy 110/250

 -- MarkovChainMC -- 
Limit: r < 0.447091 +/- 0.00408464 @ 95% credibility (15 tries)
Done in 0.11 min (cpu), 0.11 min (real)
Generate toy 111/250

 -- MarkovChainMC -- 
Limit: r < 0.707489 +/- 0.00756927 @ 95% credibility (15 tries)
Done in 0.12 min (cpu), 0.12 min (real)
Generate toy 112/250

 -- MarkovChainMC -- 
Limit: r < 0.395694 +/- 0.00465462 @ 95% credibility (15 tries)
Done in 0.10 min (cpu), 0.10 min (real)
Generate toy 113/250

 -- MarkovChainMC -- 
Limit: r < 0.667968 +/- 0.00433293 @ 95% credibility (15 tries)
Done in 0.11 min (cpu), 0.11 min (real)
Generate toy 114/250

 -- MarkovChainMC -- 
Limit: r < 0.505243 +/- 0.00714969 @ 95% credibility (15 tries)
Done in 0.11 min (cpu), 0.11 min (real)
Generate toy 115/250

 -- MarkovChainMC -- 
Limit: r < 0.378386 +/- 0.00543746 @ 95% credibility (15 tries)
Done in 0.10 min (cpu), 0.11 min (real)
Generate toy 116/250

 -- MarkovChainMC -- 
Limit: r < 0.540889 +/- 0.00524407 @ 95% credibility (15 tries)
Done in 0.11 min (cpu), 0.11 min (real)
Generate toy 117/250

 -- MarkovChainMC -- 
Limit: r < 0.558859 +/- 0.00590519 @ 95% credibility (15 tries)
Done in 0.11 min (cpu), 0.11 min (real)
Generate toy 118/250

 -- MarkovChainMC -- 
Limit: r < 0.41227 +/- 0.00493126 @ 95% credibility (15 tries)
Done in 0.11 min (cpu), 0.11 min (real)
Generate toy 119/250

 -- MarkovChainMC -- 
Limit: r < 0.37317 +/- 0.00446914 @ 95% credibility (15 tries)
Done in 0.11 min (cpu), 0.11 min (real)
Generate toy 120/250

 -- MarkovChainMC -- 
Limit: r < 0.474917 +/- 0.00446566 @ 95% credibility (15 tries)
Done in 0.11 min (cpu), 0.11 min (real)
Generate toy 121/250

 -- MarkovChainMC -- 
Limit: r < 0.612848 +/- 0.00882412 @ 95% credibility (15 tries)
Done in 0.12 min (cpu), 0.12 min (real)
Generate toy 122/250

 -- MarkovChainMC -- 
Limit: r < 0.6439 +/- 0.00569821 @ 95% credibility (15 tries)
Done in 0.11 min (cpu), 0.11 min (real)
Generate toy 123/250

 -- MarkovChainMC -- 
Limit: r < 0.780144 +/- 0.00928199 @ 95% credibility (15 tries)
Done in 0.12 min (cpu), 0.12 min (real)
Generate toy 124/250

 -- MarkovChainMC -- 
Limit: r < 0.467158 +/- 0.00585264 @ 95% credibility (15 tries)
Done in 0.10 min (cpu), 0.10 min (real)
Generate toy 125/250

 -- MarkovChainMC -- 
Limit: r < 0.490558 +/- 0.00493398 @ 95% credibility (15 tries)
Done in 0.10 min (cpu), 0.11 min (real)
Generate toy 126/250

 -- MarkovChainMC -- 
Limit: r < 0.648685 +/- 0.00634285 @ 95% credibility (15 tries)
Done in 0.11 min (cpu), 0.11 min (real)
Generate toy 127/250

 -- MarkovChainMC -- 
Limit: r < 0.509569 +/- 0.00608486 @ 95% credibility (15 tries)
Done in 0.11 min (cpu), 0.11 min (real)
Generate toy 128/250

 -- MarkovChainMC -- 
Limit: r < 0.438612 +/- 0.00342495 @ 95% credibility (15 tries)
Done in 0.11 min (cpu), 0.12 min (real)
Generate toy 129/250

 -- MarkovChainMC -- 
Limit: r < 0.518793 +/- 0.0099189 @ 95% credibility (15 tries)
Done in 0.11 min (cpu), 0.12 min (real)
Generate toy 130/250

 -- MarkovChainMC -- 
Limit: r < 0.815539 +/- 0.00739727 @ 95% credibility (15 tries)
Done in 0.11 min (cpu), 0.11 min (real)
Generate toy 131/250

 -- MarkovChainMC -- 
Limit: r < 0.689003 +/- 0.00546004 @ 95% credibility (15 tries)
Done in 0.12 min (cpu), 0.12 min (real)
Generate toy 132/250

 -- MarkovChainMC -- 
Limit: r < 0.60309 +/- 0.00937301 @ 95% credibility (15 tries)
Done in 0.11 min (cpu), 0.12 min (real)
Generate toy 133/250

 -- MarkovChainMC -- 
Limit: r < 0.486403 +/- 0.0069319 @ 95% credibility (15 tries)
Done in 0.11 min (cpu), 0.11 min (real)
Generate toy 134/250

 -- MarkovChainMC -- 
Limit: r < 0.388199 +/- 0.00497475 @ 95% credibility (15 tries)
Done in 0.10 min (cpu), 0.10 min (real)
Generate toy 135/250

 -- MarkovChainMC -- 
Limit: r < 0.650466 +/- 0.00275788 @ 95% credibility (15 tries)
Done in 0.11 min (cpu), 0.12 min (real)
Generate toy 136/250

 -- MarkovChainMC -- 
Limit: r < 0.61348 +/- 0.00687439 @ 95% credibility (15 tries)
Done in 0.11 min (cpu), 0.11 min (real)
Generate toy 137/250

 -- MarkovChainMC -- 
Limit: r < 0.56773 +/- 0.00875097 @ 95% credibility (15 tries)
Done in 0.11 min (cpu), 0.12 min (real)
Generate toy 138/250

 -- MarkovChainMC -- 
Limit: r < 0.759736 +/- 0.00681206 @ 95% credibility (15 tries)
Done in 0.11 min (cpu), 0.11 min (real)
Generate toy 139/250

 -- MarkovChainMC -- 
Limit: r < 0.397799 +/- 0.00318142 @ 95% credibility (15 tries)
Done in 0.11 min (cpu), 0.12 min (real)
Generate toy 140/250

 -- MarkovChainMC -- 
Limit: r < 0.398528 +/- 0.00492806 @ 95% credibility (15 tries)
Done in 0.11 min (cpu), 0.11 min (real)
Generate toy 141/250

 -- MarkovChainMC -- 
Limit: r < 0.405662 +/- 0.00680524 @ 95% credibility (15 tries)
Done in 0.10 min (cpu), 0.10 min (real)
Generate toy 142/250

 -- MarkovChainMC -- 
Limit: r < 0.43119 +/- 0.00409781 @ 95% credibility (15 tries)
Done in 0.11 min (cpu), 0.11 min (real)
Generate toy 143/250

 -- MarkovChainMC -- 
Limit: r < 0.555228 +/- 0.00706776 @ 95% credibility (15 tries)
Done in 0.11 min (cpu), 0.11 min (real)
Generate toy 144/250

 -- MarkovChainMC -- 
Limit: r < 0.385049 +/- 0.0057998 @ 95% credibility (15 tries)
Done in 0.10 min (cpu), 0.11 min (real)
Generate toy 145/250

 -- MarkovChainMC -- 
Limit: r < 0.662566 +/- 0.00664351 @ 95% credibility (15 tries)
Done in 0.11 min (cpu), 0.11 min (real)
Generate toy 146/250

 -- MarkovChainMC -- 
Limit: r < 0.438138 +/- 0.00248033 @ 95% credibility (15 tries)
Done in 0.11 min (cpu), 0.11 min (real)
Generate toy 147/250

 -- MarkovChainMC -- 
Limit: r < 0.534971 +/- 0.00735729 @ 95% credibility (15 tries)
Done in 0.11 min (cpu), 0.11 min (real)
Generate toy 148/250

 -- MarkovChainMC -- 
Limit: r < 0.620726 +/- 0.00674056 @ 95% credibility (15 tries)
Done in 0.11 min (cpu), 0.11 min (real)
Generate toy 149/250

 -- MarkovChainMC -- 
Limit: r < 0.38806 +/- 0.00238158 @ 95% credibility (15 tries)
Done in 0.10 min (cpu), 0.10 min (real)
Generate toy 150/250

 -- MarkovChainMC -- 
Limit: r < 0.599738 +/- 0.00833806 @ 95% credibility (15 tries)
Done in 0.10 min (cpu), 0.10 min (real)
Generate toy 151/250

 -- MarkovChainMC -- 
Limit: r < 0.420619 +/- 0.00903001 @ 95% credibility (15 tries)
Done in 0.11 min (cpu), 0.11 min (real)
Generate toy 152/250

 -- MarkovChainMC -- 
Limit: r < 0.419112 +/- 0.00333899 @ 95% credibility (15 tries)
Done in 0.10 min (cpu), 0.10 min (real)
Generate toy 153/250

 -- MarkovChainMC -- 
Limit: r < 0.619913 +/- 0.0101794 @ 95% credibility (15 tries)
Done in 0.11 min (cpu), 0.11 min (real)
Generate toy 154/250

 -- MarkovChainMC -- 
Limit: r < 0.742954 +/- 0.00785191 @ 95% credibility (15 tries)
Done in 0.12 min (cpu), 0.12 min (real)
Generate toy 155/250

 -- MarkovChainMC -- 
Limit: r < 0.772489 +/- 0.00794337 @ 95% credibility (15 tries)
Done in 0.11 min (cpu), 0.11 min (real)
Generate toy 156/250

 -- MarkovChainMC -- 
Limit: r < 0.622043 +/- 0.0070833 @ 95% credibility (15 tries)
Done in 0.11 min (cpu), 0.11 min (real)
Generate toy 157/250

 -- MarkovChainMC -- 
Limit: r < 0.418072 +/- 0.00552321 @ 95% credibility (15 tries)
Done in 0.11 min (cpu), 0.11 min (real)
Generate toy 158/250

 -- MarkovChainMC -- 
Limit: r < 0.349498 +/- 0.00462484 @ 95% credibility (15 tries)
Done in 0.10 min (cpu), 0.11 min (real)
Generate toy 159/250

 -- MarkovChainMC -- 
Limit: r < 0.376333 +/- 0.00533472 @ 95% credibility (15 tries)
Done in 0.11 min (cpu), 0.11 min (real)
Generate toy 160/250

 -- MarkovChainMC -- 
Limit: r < 0.426729 +/- 0.00441395 @ 95% credibility (15 tries)
Done in 0.11 min (cpu), 0.11 min (real)
Generate toy 161/250

 -- MarkovChainMC -- 
Limit: r < 0.556298 +/- 0.00634866 @ 95% credibility (15 tries)
Done in 0.11 min (cpu), 0.11 min (real)
Generate toy 162/250

 -- MarkovChainMC -- 
Limit: r < 0.795194 +/- 0.0138771 @ 95% credibility (15 tries)
Done in 0.12 min (cpu), 0.12 min (real)
Generate toy 163/250

 -- MarkovChainMC -- 
Limit: r < 0.45811 +/- 0.00540746 @ 95% credibility (15 tries)
Done in 0.11 min (cpu), 0.12 min (real)
Generate toy 164/250

 -- MarkovChainMC -- 
Limit: r < 0.448764 +/- 0.00392068 @ 95% credibility (15 tries)
Done in 0.11 min (cpu), 0.11 min (real)
Generate toy 165/250

 -- MarkovChainMC -- 
Limit: r < 0.442146 +/- 0.00176221 @ 95% credibility (15 tries)
Done in 0.11 min (cpu), 0.11 min (real)
Generate toy 166/250

 -- MarkovChainMC -- 
Limit: r < 0.45345 +/- 0.00759124 @ 95% credibility (15 tries)
Done in 0.11 min (cpu), 0.11 min (real)
Generate toy 167/250

 -- MarkovChainMC -- 
Limit: r < 0.354877 +/- 0.00561927 @ 95% credibility (15 tries)
Done in 0.11 min (cpu), 0.11 min (real)
Generate toy 168/250

 -- MarkovChainMC -- 
Limit: r < 0.411503 +/- 0.00858804 @ 95% credibility (15 tries)
Done in 0.11 min (cpu), 0.11 min (real)
Generate toy 169/250

 -- MarkovChainMC -- 
Limit: r < 0.608314 +/- 0.00394533 @ 95% credibility (15 tries)
Done in 0.11 min (cpu), 0.11 min (real)
Generate toy 170/250

 -- MarkovChainMC -- 
Limit: r < 0.551862 +/- 0.00381635 @ 95% credibility (15 tries)
Done in 0.11 min (cpu), 0.11 min (real)
Generate toy 171/250

 -- MarkovChainMC -- 
Limit: r < 0.662298 +/- 0.00590078 @ 95% credibility (15 tries)
Done in 0.10 min (cpu), 0.11 min (real)
Generate toy 172/250

 -- MarkovChainMC -- 
Limit: r < 0.477594 +/- 0.00528474 @ 95% credibility (15 tries)
Done in 0.10 min (cpu), 0.11 min (real)
Generate toy 173/250

 -- MarkovChainMC -- 
Limit: r < 0.580674 +/- 0.00362296 @ 95% credibility (15 tries)
Done in 0.11 min (cpu), 0.11 min (real)
Generate toy 174/250

 -- MarkovChainMC -- 
Limit: r < 0.604561 +/- 0.00475733 @ 95% credibility (15 tries)
Done in 0.11 min (cpu), 0.11 min (real)
Generate toy 175/250

 -- MarkovChainMC -- 
Limit: r < 0.35306 +/- 0.00626264 @ 95% credibility (15 tries)
Done in 0.10 min (cpu), 0.10 min (real)
Generate toy 176/250

 -- MarkovChainMC -- 
Limit: r < 0.648093 +/- 0.00483487 @ 95% credibility (15 tries)
Done in 0.11 min (cpu), 0.11 min (real)
Generate toy 177/250

 -- MarkovChainMC -- 
Limit: r < 0.423125 +/- 0.00463607 @ 95% credibility (15 tries)
Done in 0.11 min (cpu), 0.11 min (real)
Generate toy 178/250

 -- MarkovChainMC -- 
Limit: r < 0.391171 +/- 0.00633365 @ 95% credibility (15 tries)
Done in 0.11 min (cpu), 0.12 min (real)
Generate toy 179/250

 -- MarkovChainMC -- 
Limit: r < 0.355425 +/- 0.00375364 @ 95% credibility (15 tries)
Done in 0.11 min (cpu), 0.11 min (real)
Generate toy 180/250

 -- MarkovChainMC -- 
Limit: r < 0.366513 +/- 0.00578225 @ 95% credibility (15 tries)
Done in 0.10 min (cpu), 0.11 min (real)
Generate toy 181/250

 -- MarkovChainMC -- 
Limit: r < 0.455903 +/- 0.00548886 @ 95% credibility (15 tries)
Done in 0.11 min (cpu), 0.11 min (real)
Generate toy 182/250

 -- MarkovChainMC -- 
Limit: r < 0.59998 +/- 0.00460119 @ 95% credibility (15 tries)
Done in 0.12 min (cpu), 0.12 min (real)
Generate toy 183/250

 -- MarkovChainMC -- 
Limit: r < 0.389544 +/- 0.00547456 @ 95% credibility (15 tries)
Done in 0.11 min (cpu), 0.11 min (real)
Generate toy 184/250

 -- MarkovChainMC -- 
Limit: r < 0.629989 +/- 0.00427366 @ 95% credibility (15 tries)
Done in 0.11 min (cpu), 0.11 min (real)
Generate toy 185/250

 -- MarkovChainMC -- 
Limit: r < 0.581524 +/- 0.00528635 @ 95% credibility (15 tries)
Done in 0.10 min (cpu), 0.10 min (real)
Generate toy 186/250

 -- MarkovChainMC -- 
Limit: r < 0.950533 +/- 0.00962982 @ 95% credibility (15 tries)
Done in 0.11 min (cpu), 0.12 min (real)
Generate toy 187/250

 -- MarkovChainMC -- 
Limit: r < 0.545942 +/- 0.00833681 @ 95% credibility (15 tries)
Done in 0.10 min (cpu), 0.11 min (real)
Generate toy 188/250

 -- MarkovChainMC -- 
Limit: r < 0.527036 +/- 0.00962641 @ 95% credibility (15 tries)
Done in 0.11 min (cpu), 0.11 min (real)
Generate toy 189/250

 -- MarkovChainMC -- 
Limit: r < 0.364474 +/- 0.00601116 @ 95% credibility (15 tries)
Done in 0.11 min (cpu), 0.11 min (real)
Generate toy 190/250

 -- MarkovChainMC -- 
Limit: r < 0.54972 +/- 0.0075941 @ 95% credibility (15 tries)
Done in 0.11 min (cpu), 0.12 min (real)
Generate toy 191/250

 -- MarkovChainMC -- 
Limit: r < 0.449146 +/- 0.00711141 @ 95% credibility (15 tries)
Done in 0.11 min (cpu), 0.11 min (real)
Generate toy 192/250

 -- MarkovChainMC -- 
Limit: r < 0.674286 +/- 0.00756659 @ 95% credibility (15 tries)
Done in 0.11 min (cpu), 0.11 min (real)
Generate toy 193/250

 -- MarkovChainMC -- 
Limit: r < 0.565356 +/- 0.00726193 @ 95% credibility (15 tries)
Done in 0.11 min (cpu), 0.11 min (real)
Generate toy 194/250

 -- MarkovChainMC -- 
Limit: r < 0.534676 +/- 0.00721222 @ 95% credibility (15 tries)
Done in 0.11 min (cpu), 0.11 min (real)
Generate toy 195/250

 -- MarkovChainMC -- 
Limit: r < 0.371276 +/- 0.00443134 @ 95% credibility (15 tries)
Done in 0.11 min (cpu), 0.11 min (real)
Generate toy 196/250

 -- MarkovChainMC -- 
Limit: r < 0.696045 +/- 0.00888236 @ 95% credibility (15 tries)
Done in 0.11 min (cpu), 0.11 min (real)
Generate toy 197/250

 -- MarkovChainMC -- 
Limit: r < 0.455039 +/- 0.00481586 @ 95% credibility (15 tries)
Done in 0.11 min (cpu), 0.11 min (real)
Generate toy 198/250

 -- MarkovChainMC -- 
Limit: r < 0.487975 +/- 0.00883883 @ 95% credibility (15 tries)
Done in 0.10 min (cpu), 0.10 min (real)
Generate toy 199/250

 -- MarkovChainMC -- 
Limit: r < 0.54698 +/- 0.0055782 @ 95% credibility (15 tries)
Done in 0.10 min (cpu), 0.10 min (real)
Generate toy 200/250

 -- MarkovChainMC -- 
Limit: r < 0.589732 +/- 0.00554602 @ 95% credibility (15 tries)
Done in 0.11 min (cpu), 0.11 min (real)
Generate toy 201/250

 -- MarkovChainMC -- 
Limit: r < 0.393738 +/- 0.00662496 @ 95% credibility (15 tries)
Done in 0.11 min (cpu), 0.11 min (real)
Generate toy 202/250

 -- MarkovChainMC -- 
Limit: r < 0.408926 +/- 0.00561343 @ 95% credibility (15 tries)
Done in 0.11 min (cpu), 0.13 min (real)
Generate toy 203/250

 -- MarkovChainMC -- 
Limit: r < 1.00003 +/- 0.00760108 @ 95% credibility (15 tries)
Done in 0.12 min (cpu), 0.14 min (real)
Generate toy 204/250

 -- MarkovChainMC -- 
Limit: r < 0.408478 +/- 0.00463185 @ 95% credibility (15 tries)
Done in 0.11 min (cpu), 0.16 min (real)
Generate toy 205/250

 -- MarkovChainMC -- 
Limit: r < 0.505408 +/- 0.00487151 @ 95% credibility (15 tries)
Done in 0.11 min (cpu), 0.16 min (real)
Generate toy 206/250

 -- MarkovChainMC -- 
Limit: r < 0.899972 +/- 0.00719593 @ 95% credibility (15 tries)
Done in 0.12 min (cpu), 0.16 min (real)
Generate toy 207/250

 -- MarkovChainMC -- 
Limit: r < 0.482678 +/- 0.00399722 @ 95% credibility (15 tries)
Done in 0.11 min (cpu), 0.18 min (real)
Generate toy 208/250

 -- MarkovChainMC -- 
Limit: r < 0.373853 +/- 0.00533297 @ 95% credibility (15 tries)
Done in 0.10 min (cpu), 0.12 min (real)
Generate toy 209/250

 -- MarkovChainMC -- 
Limit: r < 0.341224 +/- 0.00625178 @ 95% credibility (15 tries)
Done in 0.10 min (cpu), 0.15 min (real)
Generate toy 210/250

 -- MarkovChainMC -- 
Limit: r < 0.767754 +/- 0.00949481 @ 95% credibility (15 tries)
Done in 0.11 min (cpu), 0.13 min (real)
Generate toy 211/250

 -- MarkovChainMC -- 
Limit: r < 0.499785 +/- 0.00507356 @ 95% credibility (15 tries)
Done in 0.11 min (cpu), 0.13 min (real)
Generate toy 212/250

 -- MarkovChainMC -- 
Limit: r < 0.525627 +/- 0.00556927 @ 95% credibility (15 tries)
Done in 0.11 min (cpu), 0.13 min (real)
Generate toy 213/250

 -- MarkovChainMC -- 
Limit: r < 0.381597 +/- 0.00425235 @ 95% credibility (15 tries)
Done in 0.11 min (cpu), 0.11 min (real)
Generate toy 214/250

 -- MarkovChainMC -- 
Limit: r < 0.397479 +/- 0.00462827 @ 95% credibility (15 tries)
Done in 0.10 min (cpu), 0.10 min (real)
Generate toy 215/250

 -- MarkovChainMC -- 
Limit: r < 0.454295 +/- 0.0098899 @ 95% credibility (15 tries)
Done in 0.11 min (cpu), 0.12 min (real)
Generate toy 216/250

 -- MarkovChainMC -- 
Limit: r < 0.562136 +/- 0.0111546 @ 95% credibility (15 tries)
Done in 0.11 min (cpu), 0.12 min (real)
Generate toy 217/250

 -- MarkovChainMC -- 
Limit: r < 0.437971 +/- 0.00632499 @ 95% credibility (15 tries)
Done in 0.10 min (cpu), 0.11 min (real)
Generate toy 218/250

 -- MarkovChainMC -- 
Limit: r < 0.403779 +/- 0.00336749 @ 95% credibility (15 tries)
Done in 0.10 min (cpu), 0.11 min (real)
Generate toy 219/250

 -- MarkovChainMC -- 
Limit: r < 0.65697 +/- 0.00727457 @ 95% credibility (15 tries)
Done in 0.11 min (cpu), 0.11 min (real)
Generate toy 220/250

 -- MarkovChainMC -- 
Limit: r < 0.404682 +/- 0.00557668 @ 95% credibility (15 tries)
Done in 0.10 min (cpu), 0.11 min (real)
Generate toy 221/250

 -- MarkovChainMC -- 
Limit: r < 0.559361 +/- 0.00439498 @ 95% credibility (15 tries)
Done in 0.10 min (cpu), 0.11 min (real)
Generate toy 222/250

 -- MarkovChainMC -- 
Limit: r < 0.464495 +/- 0.00517125 @ 95% credibility (15 tries)
Done in 0.11 min (cpu), 0.11 min (real)
Generate toy 223/250

 -- MarkovChainMC -- 
Limit: r < 0.599677 +/- 0.00554101 @ 95% credibility (15 tries)
Done in 0.11 min (cpu), 0.13 min (real)
Generate toy 224/250

 -- MarkovChainMC -- 
Limit: r < 0.345894 +/- 0.00553233 @ 95% credibility (15 tries)
Done in 0.11 min (cpu), 0.11 min (real)
Generate toy 225/250

 -- MarkovChainMC -- 
Limit: r < 0.621246 +/- 0.00709577 @ 95% credibility (15 tries)
Done in 0.11 min (cpu), 0.13 min (real)
Generate toy 226/250

 -- MarkovChainMC -- 
Limit: r < 0.406205 +/- 0.00656873 @ 95% credibility (15 tries)
Done in 0.11 min (cpu), 0.12 min (real)
Generate toy 227/250

 -- MarkovChainMC -- 
Limit: r < 0.531073 +/- 0.00771133 @ 95% credibility (15 tries)
Done in 0.11 min (cpu), 0.12 min (real)
Generate toy 228/250

 -- MarkovChainMC -- 
Limit: r < 0.4712 +/- 0.00547723 @ 95% credibility (15 tries)
Done in 0.10 min (cpu), 0.11 min (real)
Generate toy 229/250

 -- MarkovChainMC -- 
Limit: r < 0.548075 +/- 0.00757419 @ 95% credibility (15 tries)
Done in 0.11 min (cpu), 0.11 min (real)
Generate toy 230/250

 -- MarkovChainMC -- 
Limit: r < 0.736278 +/- 0.00574066 @ 95% credibility (15 tries)
Done in 0.11 min (cpu), 0.12 min (real)
Generate toy 231/250

 -- MarkovChainMC -- 
Limit: r < 0.794755 +/- 0.0105862 @ 95% credibility (15 tries)
Done in 0.11 min (cpu), 0.13 min (real)
Generate toy 232/250

 -- MarkovChainMC -- 
Limit: r < 0.842705 +/- 0.0081936 @ 95% credibility (15 tries)
Done in 0.11 min (cpu), 0.17 min (real)
Generate toy 233/250

 -- MarkovChainMC -- 
Limit: r < 0.696456 +/- 0.00778041 @ 95% credibility (15 tries)
Done in 0.11 min (cpu), 0.14 min (real)
Generate toy 234/250

 -- MarkovChainMC -- 
Limit: r < 0.425671 +/- 0.00639464 @ 95% credibility (15 tries)
Done in 0.11 min (cpu), 0.13 min (real)
Generate toy 235/250

 -- MarkovChainMC -- 
Limit: r < 0.529004 +/- 0.007692 @ 95% credibility (15 tries)
Done in 0.11 min (cpu), 0.13 min (real)
Generate toy 236/250

 -- MarkovChainMC -- 
Limit: r < 0.527094 +/- 0.00425335 @ 95% credibility (15 tries)
Done in 0.11 min (cpu), 0.13 min (real)
Generate toy 237/250

 -- MarkovChainMC -- 
Limit: r < 0.742501 +/- 0.00566089 @ 95% credibility (15 tries)
Done in 0.11 min (cpu), 0.12 min (real)
Generate toy 238/250

 -- MarkovChainMC -- 
Limit: r < 0.835489 +/- 0.00724635 @ 95% credibility (15 tries)
Done in 0.11 min (cpu), 0.13 min (real)
Generate toy 239/250

 -- MarkovChainMC -- 
Limit: r < 0.389745 +/- 0.00413494 @ 95% credibility (15 tries)
Done in 0.10 min (cpu), 0.12 min (real)
Generate toy 240/250

 -- MarkovChainMC -- 
Limit: r < 0.770074 +/- 0.00691439 @ 95% credibility (15 tries)
Done in 0.11 min (cpu), 0.14 min (real)
Generate toy 241/250

 -- MarkovChainMC -- 
Limit: r < 0.613852 +/- 0.00871033 @ 95% credibility (15 tries)
Done in 0.11 min (cpu), 0.11 min (real)
Generate toy 242/250

 -- MarkovChainMC -- 
Limit: r < 0.435063 +/- 0.00591444 @ 95% credibility (15 tries)
Done in 0.10 min (cpu), 0.11 min (real)
Generate toy 243/250

 -- MarkovChainMC -- 
Limit: r < 0.355382 +/- 0.00411788 @ 95% credibility (15 tries)
Done in 0.10 min (cpu), 0.10 min (real)
Generate toy 244/250

 -- MarkovChainMC -- 
Limit: r < 0.426489 +/- 0.00259471 @ 95% credibility (15 tries)
Done in 0.10 min (cpu), 0.12 min (real)
Generate toy 245/250

 -- MarkovChainMC -- 
Limit: r < 0.571097 +/- 0.00453318 @ 95% credibility (15 tries)
Done in 0.11 min (cpu), 0.12 min (real)
Generate toy 246/250

 -- MarkovChainMC -- 
Limit: r < 0.780746 +/- 0.00683249 @ 95% credibility (15 tries)
Done in 0.12 min (cpu), 0.12 min (real)
Generate toy 247/250

 -- MarkovChainMC -- 
Limit: r < 1.07767 +/- 0.011185 @ 95% credibility (15 tries)
Done in 0.11 min (cpu), 0.14 min (real)
Generate toy 248/250

 -- MarkovChainMC -- 
Limit: r < 0.94049 +/- 0.00761489 @ 95% credibility (15 tries)
Done in 0.11 min (cpu), 0.14 min (real)
Generate toy 249/250

 -- MarkovChainMC -- 
Limit: r < 0.56179 +/- 0.00577997 @ 95% credibility (15 tries)
Done in 0.11 min (cpu), 0.16 min (real)
Generate toy 250/250

 -- MarkovChainMC -- 
Limit: r < 0.335435 +/- 0.00626519 @ 95% credibility (15 tries)
Done in 0.11 min (cpu), 0.11 min (real)
mean   expected limit: r < 0.546396 +/- 0.00967934 @ 95%CL (250 toyMC)
median expected limit: r < 0.522285 @ 95%CL (250 toyMC)
   68% expected band : 0.402892 < r < 0.68402
   95% expected band : 0.349498 < r < 0.94049
