 <<< Combine >>> 
 <<< v10.0.2 >>>
>>> Used OpenSSL to get a truly random seed -1660524815
>>> Method used is MarkovChainMC
============================================================
Analyzing bin errors for: prop_binmuon_channel
Poisson cut-off: 10
Processes excluded for sums: Wprime3000
============================================================
Bin        Contents        Error           Notes                         
0          6052.026280     20.262809       total sum                     
0          6051.639763     20.262801       excluding marked processes    
0          89196.000000    298.656994      Unweighted events, alpha=0.067851
  => Total parameter prop_binmuon_channel_bin0[0.00,-7.00,7.00] to be Gaussian constrained
------------------------------------------------------------
1          2271.578728     14.934745       total sum                     
1          2271.162556     14.934734       excluding marked processes    
1          23126.000000    152.072351      Unweighted events, alpha=0.098226
  => Total parameter prop_binmuon_channel_bin1[0.00,-7.00,7.00] to be Gaussian constrained
------------------------------------------------------------
2          980.204416      6.845956        total sum                     
2          979.756424      6.845929        excluding marked processes    
2          20482.000000    143.115338      Unweighted events, alpha=0.047857
  => Total parameter prop_binmuon_channel_bin2[0.00,-7.00,7.00] to be Gaussian constrained
------------------------------------------------------------
3          483.431034      3.368572        total sum                     
3          482.954290      3.368514        excluding marked processes    
3          20556.000000    143.373638      Unweighted events, alpha=0.023518
  => Total parameter prop_binmuon_channel_bin3[0.00,-7.00,7.00] to be Gaussian constrained
------------------------------------------------------------
4          256.530865      2.727652        total sum                     
4          255.983423      2.727570        excluding marked processes    
4          8808.000000     93.850946       Unweighted events, alpha=0.029125
  => Total parameter prop_binmuon_channel_bin4[0.00,-7.00,7.00] to be Gaussian constrained
------------------------------------------------------------
5          147.583979      2.387509        total sum                     
5          147.033703      2.387412        excluding marked processes    
5          3793.000000     61.587336       Unweighted events, alpha=0.038910
  => Total parameter prop_binmuon_channel_bin5[0.00,-7.00,7.00] to be Gaussian constrained
------------------------------------------------------------
6          139.397431      1.800468        total sum                     
6          138.222704      1.800199        excluding marked processes    
6          5895.000000     76.778903       Unweighted events, alpha=0.023647
  => Total parameter prop_binmuon_channel_bin6[0.00,-7.00,7.00] to be Gaussian constrained
------------------------------------------------------------
7          54.281902       0.724005        total sum                     
7          52.927498       0.723246        excluding marked processes    
7          5355.000000     73.177866       Unweighted events, alpha=0.010137
  => Total parameter prop_binmuon_channel_bin7[0.00,-7.00,7.00] to be Gaussian constrained
------------------------------------------------------------
8          32.672902       0.507570        total sum                     
8          30.377420       0.505713        excluding marked processes    
8          3608.000000     60.066630       Unweighted events, alpha=0.009056
  => Total parameter prop_binmuon_channel_bin8[0.00,-7.00,7.00] to be Gaussian constrained
------------------------------------------------------------
9          13.350209       0.395326        total sum                     
9          10.638988       0.392474        excluding marked processes    
9          735.000000      27.110883       Unweighted events, alpha=0.018164
  => Total parameter prop_binmuon_channel_bin9[0.00,-7.00,7.00] to be Gaussian constrained
------------------------------------------------------------
10         8.572733        0.141928        total sum                     
10         4.417489        0.129008        excluding marked processes    
10         1173.000000     34.249088       Unweighted events, alpha=0.007308
  => Total parameter prop_binmuon_channel_bin10[0.00,-7.00,7.00] to be Gaussian constrained
------------------------------------------------------------
11         10.260688       0.523272        total sum                     
11         2.194774        0.516835        excluding marked processes    
11         18.000000       4.242641        Unweighted events, alpha=0.570038
  => Total parameter prop_binmuon_channel_bin11[0.00,-7.00,7.00] to be Gaussian constrained
------------------------------------------------------------
12         2.224781        0.057919        total sum                     
12         0.357151        0.042650        excluding marked processes    
12         70.000000       8.366600        Unweighted events, alpha=0.031783
  => Total parameter prop_binmuon_channel_bin12[0.00,-7.00,7.00] to be Gaussian constrained
------------------------------------------------------------
13         0.161666        0.013934        total sum                     
13         0.099598        0.011979        excluding marked processes    
13         69.000000       8.306624        Unweighted events, alpha=0.002343
  => Total parameter prop_binmuon_channel_bin13[0.00,-7.00,7.00] to be Gaussian constrained
------------------------------------------------------------
14         0.022421        0.010030        total sum                     
14         0.019030        0.009889        excluding marked processes    
14         4.000000        2.000000        Unweighted events, alpha=0.005605
  => Number of weighted events is below Poisson threshold
    Wprime3000           0.003391        0.001680                                      
                         4.000000        2.000000        Unweighted events, alpha=0.000848
      => Product of prop_binmuon_channel_bin14_Wprime3000[4.00,0.00,38.96] and const [0.2500] to be Poisson constrained
  ----------------------------------------------------------
    W_boson              0.004906        0.000034                                      
                         21059.000000    145.117194      Unweighted events, alpha=0.000000
      => Parameter prop_binmuon_channel_bin14_W_boson[0.00,-7.00,7.00] to be Gaussian constrained
  ----------------------------------------------------------
    Top                  0.000000        0.000000                                      
      => Error is zero, ignore      
  ----------------------------------------------------------
    Z_boson              0.000091        0.000026                                      
                         12.000000       3.464102        Unweighted events, alpha=0.000008
      => Parameter prop_binmuon_channel_bin14_Z_boson[0.00,-7.00,7.00] to be Gaussian constrained
  ----------------------------------------------------------
    DiBoson              0.000000        0.000000                                      
      => Error is zero, ignore      
  ----------------------------------------------------------
    QCD                  0.014034        0.009889                                      
                         2.000000        1.414214        Unweighted events, alpha=0.007017
      => Product of prop_binmuon_channel_bin14_QCD[2.00,0.00,33.79] and const [0.5000] to be Poisson constrained
  ----------------------------------------------------------
------------------------------------------------------------
15         0.022430        0.016855        total sum                     
15         0.022430        0.016855        excluding marked processes    
15         2.000000        1.414214        Unweighted events, alpha=0.011215
  => Number of weighted events is below Poisson threshold
    Wprime3000           0.000000        0.000000                                      
      => Error is zero, ignore      
  ----------------------------------------------------------
    W_boson              0.001056        0.000053                                      
                         400.000000      20.000000       Unweighted events, alpha=0.000003
      => Parameter prop_binmuon_channel_bin15_W_boson[0.00,-7.00,7.00] to be Gaussian constrained
  ----------------------------------------------------------
    Top                  0.000000        0.000000                                      
      => Error is zero, ignore      
  ----------------------------------------------------------
    Z_boson              0.000010        0.000000                                      
                         640.000000      25.298221       Unweighted events, alpha=0.000000
      => Parameter prop_binmuon_channel_bin15_Z_boson[0.00,-7.00,7.00] to be Gaussian constrained
  ----------------------------------------------------------
    DiBoson              0.000000        0.000000                                      
      => Error is zero, ignore      
  ----------------------------------------------------------
    QCD                  0.021365        0.016855                                      
                         2.000000        1.414214        Unweighted events, alpha=0.010682
      => Product of prop_binmuon_channel_bin15_QCD[2.00,0.00,33.79] and const [0.5000] to be Poisson constrained
  ----------------------------------------------------------
------------------------------------------------------------
16         0.018992        0.013284        total sum                     
16         0.018992        0.013284        excluding marked processes    
16         2.000000        1.414214        Unweighted events, alpha=0.009496
  => Number of weighted events is below Poisson threshold
    Wprime3000           0.000000        0.000000                                      
      => Error is zero, ignore      
  ----------------------------------------------------------
    W_boson              0.000282        0.000007                                      
                         1743.000000     41.749251       Unweighted events, alpha=0.000000
      => Parameter prop_binmuon_channel_bin16_W_boson[0.00,-7.00,7.00] to be Gaussian constrained
  ----------------------------------------------------------
    Top                  0.000000        0.000000                                      
      => Error is zero, ignore      
  ----------------------------------------------------------
    Z_boson              0.000008        0.000005                                      
                         3.000000        1.732051        Unweighted events, alpha=0.000003
      => Product of prop_binmuon_channel_bin16_Z_boson[3.00,0.00,36.46] and const [0.3333] to be Poisson constrained
  ----------------------------------------------------------
    DiBoson              0.000000        0.000000                                      
      => Error is zero, ignore      
  ----------------------------------------------------------
    QCD                  0.018702        0.013284                                      
                         2.000000        1.414214        Unweighted events, alpha=0.009351
      => Product of prop_binmuon_channel_bin16_QCD[2.00,0.00,33.79] and const [0.5000] to be Poisson constrained
  ----------------------------------------------------------
------------------------------------------------------------
Channel muon_channel will use autoMCStats with settings: event-threshold=10, include-signal=0, hist-mode=1
Generate toy 1/100

 -- MarkovChainMC -- 
Limit: r < 0.263318 +/- 0.0028017 @ 95% credibility (15 tries)
Done in 0.12 min (cpu), 0.12 min (real)
Generate toy 2/100

 -- MarkovChainMC -- 
Limit: r < 0.367386 +/- 0.00258583 @ 95% credibility (15 tries)
Done in 0.11 min (cpu), 0.12 min (real)
Generate toy 3/100

 -- MarkovChainMC -- 
Limit: r < 0.244889 +/- 0.0022254 @ 95% credibility (15 tries)
Done in 0.10 min (cpu), 0.10 min (real)
Generate toy 4/100

 -- MarkovChainMC -- 
Limit: r < 0.532244 +/- 0.00443272 @ 95% credibility (15 tries)
Done in 0.11 min (cpu), 0.11 min (real)
Generate toy 5/100

 -- MarkovChainMC -- 
Limit: r < 0.589774 +/- 0.00569147 @ 95% credibility (15 tries)
Done in 0.12 min (cpu), 0.12 min (real)
Generate toy 6/100

 -- MarkovChainMC -- 
Limit: r < 0.500773 +/- 0.00456846 @ 95% credibility (15 tries)
Done in 0.11 min (cpu), 0.11 min (real)
Generate toy 7/100

 -- MarkovChainMC -- 
Limit: r < 0.489019 +/- 0.00468387 @ 95% credibility (15 tries)
Done in 0.13 min (cpu), 0.13 min (real)
Generate toy 8/100

 -- MarkovChainMC -- 
Limit: r < 0.426556 +/- 0.00568694 @ 95% credibility (15 tries)
Done in 0.11 min (cpu), 0.11 min (real)
Generate toy 9/100

 -- MarkovChainMC -- 
Limit: r < 0.392076 +/- 0.00431761 @ 95% credibility (15 tries)
Done in 0.11 min (cpu), 0.11 min (real)
Generate toy 10/100

 -- MarkovChainMC -- 
Limit: r < 0.292301 +/- 0.00385108 @ 95% credibility (15 tries)
Done in 0.11 min (cpu), 0.11 min (real)
Generate toy 11/100

 -- MarkovChainMC -- 
Limit: r < 0.238282 +/- 0.00200673 @ 95% credibility (15 tries)
Done in 0.10 min (cpu), 0.11 min (real)
Generate toy 12/100

 -- MarkovChainMC -- 
Limit: r < 0.563429 +/- 0.00417351 @ 95% credibility (15 tries)
Done in 0.12 min (cpu), 0.12 min (real)
Generate toy 13/100

 -- MarkovChainMC -- 
Limit: r < 0.349544 +/- 0.00547099 @ 95% credibility (15 tries)
Done in 0.12 min (cpu), 0.12 min (real)
Generate toy 14/100

 -- MarkovChainMC -- 
Limit: r < 0.730066 +/- 0.00373362 @ 95% credibility (15 tries)
Done in 0.13 min (cpu), 0.13 min (real)
Generate toy 15/100

 -- MarkovChainMC -- 
Limit: r < 0.442337 +/- 0.00322696 @ 95% credibility (15 tries)
Done in 0.12 min (cpu), 0.12 min (real)
Generate toy 16/100

 -- MarkovChainMC -- 
Limit: r < 0.312725 +/- 0.0038941 @ 95% credibility (15 tries)
Done in 0.12 min (cpu), 0.12 min (real)
Generate toy 17/100

 -- MarkovChainMC -- 
Limit: r < 0.42307 +/- 0.00438178 @ 95% credibility (15 tries)
Done in 0.12 min (cpu), 0.12 min (real)
Generate toy 18/100

 -- MarkovChainMC -- 
Limit: r < 0.532601 +/- 0.00322182 @ 95% credibility (15 tries)
Done in 0.12 min (cpu), 0.12 min (real)
Generate toy 19/100

 -- MarkovChainMC -- 
Limit: r < 0.270632 +/- 0.00371525 @ 95% credibility (15 tries)
Done in 0.11 min (cpu), 0.11 min (real)
Generate toy 20/100

 -- MarkovChainMC -- 
Limit: r < 0.600977 +/- 0.00359309 @ 95% credibility (15 tries)
Done in 0.12 min (cpu), 0.12 min (real)
Generate toy 21/100

 -- MarkovChainMC -- 
Limit: r < 0.628332 +/- 0.00546001 @ 95% credibility (15 tries)
Done in 0.13 min (cpu), 0.13 min (real)
Generate toy 22/100

 -- MarkovChainMC -- 
Limit: r < 0.291688 +/- 0.00297775 @ 95% credibility (15 tries)
Done in 0.12 min (cpu), 0.13 min (real)
Generate toy 23/100

 -- MarkovChainMC -- 
Limit: r < 0.484705 +/- 0.00441604 @ 95% credibility (15 tries)
Done in 0.13 min (cpu), 0.13 min (real)
Generate toy 24/100

 -- MarkovChainMC -- 
Limit: r < 1.25061 +/- 0.00621676 @ 95% credibility (15 tries)
Done in 0.13 min (cpu), 0.13 min (real)
Generate toy 25/100

 -- MarkovChainMC -- 
Limit: r < 0.349149 +/- 0.00258536 @ 95% credibility (15 tries)
Done in 0.11 min (cpu), 0.11 min (real)
Generate toy 26/100

 -- MarkovChainMC -- 
Limit: r < 0.535994 +/- 0.00491856 @ 95% credibility (15 tries)
Done in 0.11 min (cpu), 0.11 min (real)
Generate toy 27/100

 -- MarkovChainMC -- 
Limit: r < 0.414274 +/- 0.00439039 @ 95% credibility (15 tries)
Done in 0.12 min (cpu), 0.12 min (real)
Generate toy 28/100

 -- MarkovChainMC -- 
Limit: r < 0.60983 +/- 0.00461365 @ 95% credibility (15 tries)
Done in 0.13 min (cpu), 0.14 min (real)
Generate toy 29/100

 -- MarkovChainMC -- 
Limit: r < 0.588753 +/- 0.00563536 @ 95% credibility (15 tries)
Done in 0.13 min (cpu), 0.14 min (real)
Generate toy 30/100

 -- MarkovChainMC -- 
Limit: r < 0.576127 +/- 0.00588681 @ 95% credibility (15 tries)
Done in 0.13 min (cpu), 0.14 min (real)
Generate toy 31/100

 -- MarkovChainMC -- 
Limit: r < 0.558671 +/- 0.00679876 @ 95% credibility (15 tries)
Done in 0.13 min (cpu), 0.13 min (real)
Generate toy 32/100

 -- MarkovChainMC -- 
Limit: r < 0.488118 +/- 0.00549615 @ 95% credibility (15 tries)
Done in 0.14 min (cpu), 0.14 min (real)
Generate toy 33/100

 -- MarkovChainMC -- 
Limit: r < 1.38377 +/- 0.00383602 @ 95% credibility (15 tries)
Done in 0.13 min (cpu), 0.13 min (real)
Generate toy 34/100

 -- MarkovChainMC -- 
Limit: r < 0.509975 +/- 0.00422033 @ 95% credibility (15 tries)
Done in 0.12 min (cpu), 0.12 min (real)
Generate toy 35/100

 -- MarkovChainMC -- 
Limit: r < 0.361285 +/- 0.00585067 @ 95% credibility (15 tries)
Done in 0.12 min (cpu), 0.12 min (real)
Generate toy 36/100

 -- MarkovChainMC -- 
Limit: r < 0.532428 +/- 0.00335025 @ 95% credibility (15 tries)
Done in 0.12 min (cpu), 0.12 min (real)
Generate toy 37/100

 -- MarkovChainMC -- 
Limit: r < 0.298156 +/- 0.00266482 @ 95% credibility (15 tries)
Done in 0.12 min (cpu), 0.13 min (real)
Generate toy 38/100

 -- MarkovChainMC -- 
Limit: r < 0.374582 +/- 0.00192057 @ 95% credibility (15 tries)
Done in 0.12 min (cpu), 0.12 min (real)
Generate toy 39/100

 -- MarkovChainMC -- 
Limit: r < 0.332309 +/- 0.00156997 @ 95% credibility (15 tries)
Done in 0.13 min (cpu), 0.13 min (real)
Generate toy 40/100

 -- MarkovChainMC -- 
Limit: r < 0.524202 +/- 0.00672722 @ 95% credibility (15 tries)
Done in 0.12 min (cpu), 0.12 min (real)
Generate toy 41/100

 -- MarkovChainMC -- 
Limit: r < 0.365283 +/- 0.00382068 @ 95% credibility (15 tries)
Done in 0.11 min (cpu), 0.11 min (real)
Generate toy 42/100

 -- MarkovChainMC -- 
Limit: r < 0.385667 +/- 0.00473828 @ 95% credibility (15 tries)
Done in 0.11 min (cpu), 0.11 min (real)
Generate toy 43/100

 -- MarkovChainMC -- 
Limit: r < 0.264807 +/- 0.00263644 @ 95% credibility (15 tries)
Done in 0.12 min (cpu), 0.12 min (real)
Generate toy 44/100

 -- MarkovChainMC -- 
Limit: r < 0.72275 +/- 0.00722582 @ 95% credibility (15 tries)
Done in 0.13 min (cpu), 0.13 min (real)
Generate toy 45/100

 -- MarkovChainMC -- 
Limit: r < 0.557301 +/- 0.00789254 @ 95% credibility (15 tries)
Done in 0.13 min (cpu), 0.13 min (real)
Generate toy 46/100

 -- MarkovChainMC -- 
Limit: r < 0.625863 +/- 0.00620922 @ 95% credibility (15 tries)
Done in 0.11 min (cpu), 0.11 min (real)
Generate toy 47/100

 -- MarkovChainMC -- 
Limit: r < 0.501035 +/- 0.00469547 @ 95% credibility (15 tries)
Done in 0.11 min (cpu), 0.11 min (real)
Generate toy 48/100

 -- MarkovChainMC -- 
Limit: r < 0.432189 +/- 0.00257524 @ 95% credibility (15 tries)
Done in 0.11 min (cpu), 0.11 min (real)
Generate toy 49/100

 -- MarkovChainMC -- 
Limit: r < 0.781882 +/- 0.00533952 @ 95% credibility (15 tries)
Done in 0.15 min (cpu), 0.15 min (real)
Generate toy 50/100

 -- MarkovChainMC -- 
Limit: r < 0.464691 +/- 0.00685333 @ 95% credibility (15 tries)
Done in 0.13 min (cpu), 0.13 min (real)
Generate toy 51/100

 -- MarkovChainMC -- 
Limit: r < 0.363806 +/- 0.00394859 @ 95% credibility (15 tries)
Done in 0.12 min (cpu), 0.12 min (real)
Generate toy 52/100

 -- MarkovChainMC -- 
Limit: r < 0.311251 +/- 0.00374647 @ 95% credibility (15 tries)
Done in 0.12 min (cpu), 0.12 min (real)
Generate toy 53/100

 -- MarkovChainMC -- 
Limit: r < 0.32446 +/- 0.00426508 @ 95% credibility (15 tries)
Done in 0.11 min (cpu), 0.11 min (real)
Generate toy 54/100

 -- MarkovChainMC -- 
Limit: r < 0.439132 +/- 0.00345551 @ 95% credibility (15 tries)
Done in 0.11 min (cpu), 0.12 min (real)
Generate toy 55/100

 -- MarkovChainMC -- 
Limit: r < 0.599675 +/- 0.00498496 @ 95% credibility (15 tries)
Done in 0.13 min (cpu), 0.13 min (real)
Generate toy 56/100

 -- MarkovChainMC -- 
Limit: r < 0.408617 +/- 0.0042556 @ 95% credibility (15 tries)
Done in 0.11 min (cpu), 0.12 min (real)
Generate toy 57/100

 -- MarkovChainMC -- 
Limit: r < 0.605742 +/- 0.00540225 @ 95% credibility (15 tries)
Done in 0.11 min (cpu), 0.11 min (real)
Generate toy 58/100

 -- MarkovChainMC -- 
Limit: r < 0.311548 +/- 0.00263122 @ 95% credibility (15 tries)
Done in 0.10 min (cpu), 0.10 min (real)
Generate toy 59/100

 -- MarkovChainMC -- 
Limit: r < 0.591324 +/- 0.00518614 @ 95% credibility (15 tries)
Done in 0.12 min (cpu), 0.13 min (real)
Generate toy 60/100

 -- MarkovChainMC -- 
Limit: r < 0.242649 +/- 0.0031396 @ 95% credibility (15 tries)
Done in 0.11 min (cpu), 0.11 min (real)
Generate toy 61/100

 -- MarkovChainMC -- 
Limit: r < 0.261328 +/- 0.00185592 @ 95% credibility (15 tries)
Done in 0.11 min (cpu), 0.11 min (real)
Generate toy 62/100

 -- MarkovChainMC -- 
Limit: r < 0.631844 +/- 0.00764104 @ 95% credibility (15 tries)
Done in 0.13 min (cpu), 0.13 min (real)
Generate toy 63/100

 -- MarkovChainMC -- 
Limit: r < 0.531953 +/- 0.00762356 @ 95% credibility (15 tries)
Done in 0.12 min (cpu), 0.13 min (real)
Generate toy 64/100

 -- MarkovChainMC -- 
Limit: r < 0.580673 +/- 0.00271216 @ 95% credibility (15 tries)
Done in 0.12 min (cpu), 0.12 min (real)
Generate toy 65/100

 -- MarkovChainMC -- 
Limit: r < 0.589566 +/- 0.00454992 @ 95% credibility (15 tries)
Done in 0.12 min (cpu), 0.12 min (real)
Generate toy 66/100

 -- MarkovChainMC -- 
Limit: r < 0.481029 +/- 0.00100606 @ 95% credibility (15 tries)
Done in 0.11 min (cpu), 0.11 min (real)
Generate toy 67/100

 -- MarkovChainMC -- 
Limit: r < 0.481084 +/- 0.00245921 @ 95% credibility (15 tries)
Done in 0.11 min (cpu), 0.11 min (real)
Generate toy 68/100

 -- MarkovChainMC -- 
Limit: r < 0.42216 +/- 0.00478108 @ 95% credibility (15 tries)
Done in 0.10 min (cpu), 0.10 min (real)
Generate toy 69/100

 -- MarkovChainMC -- 
Limit: r < 0.570902 +/- 0.00597537 @ 95% credibility (15 tries)
Done in 0.10 min (cpu), 0.10 min (real)
Generate toy 70/100

 -- MarkovChainMC -- 
Limit: r < 0.829665 +/- 0.00592847 @ 95% credibility (15 tries)
Done in 0.11 min (cpu), 0.11 min (real)
Generate toy 71/100

 -- MarkovChainMC -- 
Limit: r < 0.345447 +/- 0.0043774 @ 95% credibility (15 tries)
Done in 0.10 min (cpu), 0.10 min (real)
Generate toy 72/100

 -- MarkovChainMC -- 
Limit: r < 0.256973 +/- 0.00350452 @ 95% credibility (15 tries)
Done in 0.10 min (cpu), 0.10 min (real)
Generate toy 73/100

 -- MarkovChainMC -- 
Limit: r < 0.77683 +/- 0.00468286 @ 95% credibility (15 tries)
Done in 0.11 min (cpu), 0.11 min (real)
Generate toy 74/100

 -- MarkovChainMC -- 
Limit: r < 0.411363 +/- 0.00595411 @ 95% credibility (15 tries)
Done in 0.10 min (cpu), 0.10 min (real)
Generate toy 75/100

 -- MarkovChainMC -- 
Limit: r < 0.394601 +/- 0.00296261 @ 95% credibility (15 tries)
Done in 0.11 min (cpu), 0.11 min (real)
Generate toy 76/100

 -- MarkovChainMC -- 
Limit: r < 0.56535 +/- 0.0045261 @ 95% credibility (15 tries)
Done in 0.11 min (cpu), 0.11 min (real)
Generate toy 77/100

 -- MarkovChainMC -- 
Limit: r < 0.495437 +/- 0.00298529 @ 95% credibility (15 tries)
Done in 0.11 min (cpu), 0.11 min (real)
Generate toy 78/100

 -- MarkovChainMC -- 
Limit: r < 0.815998 +/- 0.00615958 @ 95% credibility (15 tries)
Done in 0.13 min (cpu), 0.13 min (real)
Generate toy 79/100

 -- MarkovChainMC -- 
Limit: r < 0.419829 +/- 0.00354517 @ 95% credibility (15 tries)
Done in 0.11 min (cpu), 0.11 min (real)
Generate toy 80/100

 -- MarkovChainMC -- 
Limit: r < 0.458278 +/- 0.00335892 @ 95% credibility (15 tries)
Done in 0.11 min (cpu), 0.11 min (real)
Generate toy 81/100

 -- MarkovChainMC -- 
Limit: r < 0.474808 +/- 0.00559737 @ 95% credibility (15 tries)
Done in 0.10 min (cpu), 0.10 min (real)
Generate toy 82/100

 -- MarkovChainMC -- 
Limit: r < 0.625788 +/- 0.00826408 @ 95% credibility (15 tries)
Done in 0.11 min (cpu), 0.12 min (real)
Generate toy 83/100

 -- MarkovChainMC -- 
Limit: r < 0.307851 +/- 0.00271049 @ 95% credibility (15 tries)
Done in 0.10 min (cpu), 0.11 min (real)
Generate toy 84/100

 -- MarkovChainMC -- 
Limit: r < 0.62165 +/- 0.00629978 @ 95% credibility (15 tries)
Done in 0.11 min (cpu), 0.11 min (real)
Generate toy 85/100

 -- MarkovChainMC -- 
Limit: r < 0.482319 +/- 0.00441115 @ 95% credibility (15 tries)
Done in 0.13 min (cpu), 0.13 min (real)
Generate toy 86/100

 -- MarkovChainMC -- 
Limit: r < 0.528925 +/- 0.00737577 @ 95% credibility (15 tries)
Done in 0.11 min (cpu), 0.11 min (real)
Generate toy 87/100

 -- MarkovChainMC -- 
Limit: r < 0.311241 +/- 0.00312472 @ 95% credibility (15 tries)
Done in 0.10 min (cpu), 0.10 min (real)
Generate toy 88/100

 -- MarkovChainMC -- 
Limit: r < 0.703554 +/- 0.0042528 @ 95% credibility (15 tries)
Done in 0.13 min (cpu), 0.13 min (real)
Generate toy 89/100

 -- MarkovChainMC -- 
Limit: r < 0.378484 +/- 0.00502165 @ 95% credibility (15 tries)
Done in 0.12 min (cpu), 0.12 min (real)
Generate toy 90/100

 -- MarkovChainMC -- 
Limit: r < 0.54854 +/- 0.00578608 @ 95% credibility (15 tries)
Done in 0.12 min (cpu), 0.12 min (real)
Generate toy 91/100

 -- MarkovChainMC -- 
Limit: r < 0.623153 +/- 0.00457683 @ 95% credibility (15 tries)
Done in 0.13 min (cpu), 0.13 min (real)
Generate toy 92/100

 -- MarkovChainMC -- 
Limit: r < 0.595384 +/- 0.00387155 @ 95% credibility (15 tries)
Done in 0.11 min (cpu), 0.12 min (real)
Generate toy 93/100

 -- MarkovChainMC -- 
Limit: r < 0.628059 +/- 0.00497528 @ 95% credibility (15 tries)
Done in 0.12 min (cpu), 0.13 min (real)
Generate toy 94/100

 -- MarkovChainMC -- 
Limit: r < 0.550388 +/- 0.00621248 @ 95% credibility (15 tries)
Done in 0.12 min (cpu), 0.13 min (real)
Generate toy 95/100

 -- MarkovChainMC -- 
Limit: r < 0.395785 +/- 0.0025303 @ 95% credibility (15 tries)
Done in 0.11 min (cpu), 0.11 min (real)
Generate toy 96/100

 -- MarkovChainMC -- 
Limit: r < 0.276152 +/- 0.00346185 @ 95% credibility (15 tries)
Done in 0.11 min (cpu), 0.11 min (real)
Generate toy 97/100

 -- MarkovChainMC -- 
Limit: r < 0.45342 +/- 0.00729892 @ 95% credibility (15 tries)
Done in 0.11 min (cpu), 0.11 min (real)
Generate toy 98/100

 -- MarkovChainMC -- 
Limit: r < 0.61162 +/- 0.00361436 @ 95% credibility (15 tries)
Done in 0.12 min (cpu), 0.12 min (real)
Generate toy 99/100

 -- MarkovChainMC -- 
Limit: r < 0.529494 +/- 0.0078266 @ 95% credibility (15 tries)
Done in 0.11 min (cpu), 0.11 min (real)
Generate toy 100/100

 -- MarkovChainMC -- 
Limit: r < 0.824454 +/- 0.00560051 @ 95% credibility (15 tries)
Done in 0.11 min (cpu), 0.11 min (real)
mean   expected limit: r < 0.49746 +/- 0.0185131 @ 95%CL (100 toyMC)
median expected limit: r < 0.486411 @ 95%CL (100 toyMC)
   68% expected band : 0.312725 < r < 0.623153
   95% expected band : 0.244889 < r < 1.25061
