000 (9265814.000.000) 02/12 15:17:01 Job submitted from host: <188.185.121.235:9618?addrs=188.185.121.235-9618+[2001-1458-d00-49--100-36e]-9618&alias=bigbird22.cern.ch&noUDP&sock=schedd_5086_26c4>
...
040 (9265814.000.000) 02/12 15:21:22 Started transferring input files
	Transferring to host: <188.185.210.99:9618?addrs=188.185.210.99-9618+[2001-1458-303-1--100-5f]-9618&alias=b9p21p4631.cern.ch&noUDP&sock=slot1_21_5155_e9eb_77198>
...
040 (9265814.000.000) 02/12 15:21:22 Finished transferring input files
...
001 (9265814.000.000) 02/12 15:21:23 Job executing on host: <188.185.210.99:9618?addrs=188.185.210.99-9618+[2001-1458-303-1--100-5f]-9618&alias=b9p21p4631.cern.ch&noUDP&sock=startd_4228_a282>
	SlotName: slot1_21@b9p21p4631.cern.ch
	CondorScratchDir = "/pool/condor/dir_1889542"
	Cpus = 1
	Disk = 3886
	GPUs = 0
	Memory = 3000
...
006 (9265814.000.000) 02/12 15:21:32 Image size of job updated: 619272
	605  -  MemoryUsage of job (MB)
	619272  -  ResidentSetSize of job (KB)
...
006 (9265814.000.000) 02/12 15:26:33 Image size of job updated: 619272
	605  -  MemoryUsage of job (MB)
	619284  -  ResidentSetSize of job (KB)
...
040 (9265814.000.000) 02/12 16:56:42 Started transferring output files
...
040 (9265814.000.000) 02/12 16:56:43 Finished transferring output files
...
005 (9265814.000.000) 02/12 16:56:43 Job terminated.
	(1) Normal termination (return value 0)
		Usr 0 01:33:45, Sys 0 00:00:17  -  Run Remote Usage
		Usr 0 00:00:00, Sys 0 00:00:00  -  Run Local Usage
		Usr 0 01:33:45, Sys 0 00:00:17  -  Total Remote Usage
		Usr 0 00:00:00, Sys 0 00:00:00  -  Total Local Usage
	167221  -  Run Bytes Sent By Job
	496  -  Run Bytes Received By Job
	167221  -  Total Bytes Sent By Job
	496  -  Total Bytes Received By Job
	Partitionable Resources :    Usage  Request Allocated 
	   Cpus                 :     0.98        1         1 
	   Disk (KB)            :   187           1      3886 
	   GPUs                 :                           0 
	   Memory (MB)          :   605        3000      3000 

	Job terminated of its own accord at 2025-02-12T15:56:42Z with exit-code 0.
...
