000 (9265804.000.000) 02/12 15:14:32 Job submitted from host: <188.185.121.235:9618?addrs=188.185.121.235-9618+[2001-1458-d00-49--100-36e]-9618&alias=bigbird22.cern.ch&noUDP&sock=schedd_5086_26c4>
...
040 (9265804.000.000) 02/12 15:20:21 Started transferring input files
	Transferring to host: <188.185.196.139:9618?addrs=188.185.196.139-9618+[2001-1458-303-23--100-87]-9618&alias=b9p16p3545.cern.ch&noUDP&sock=slot1_18_575654_11aa_77715>
...
040 (9265804.000.000) 02/12 15:20:21 Finished transferring input files
...
001 (9265804.000.000) 02/12 15:20:22 Job executing on host: <188.185.196.139:9618?addrs=188.185.196.139-9618+[2001-1458-303-23--100-87]-9618&alias=b9p16p3545.cern.ch&noUDP&sock=startd_7677_5ca7>
	SlotName: slot1_18@b9p16p3545.cern.ch
	CondorScratchDir = "/pool/condor/dir_2971689"
	Cpus = 1
	Disk = 2933341
	Memory = 3000
...
006 (9265804.000.000) 02/12 15:20:30 Image size of job updated: 587408
	574  -  MemoryUsage of job (MB)
	587408  -  ResidentSetSize of job (KB)
...
006 (9265804.000.000) 02/12 15:25:30 Image size of job updated: 798284
	574  -  MemoryUsage of job (MB)
	587536  -  ResidentSetSize of job (KB)
...
040 (9265804.000.000) 02/12 17:51:02 Started transferring output files
...
040 (9265804.000.000) 02/12 17:51:02 Finished transferring output files
...
005 (9265804.000.000) 02/12 17:51:02 Job terminated.
	(1) Normal termination (return value 0)
		Usr 0 02:28:43, Sys 0 00:00:28  -  Run Remote Usage
		Usr 0 00:00:00, Sys 0 00:00:00  -  Run Local Usage
		Usr 0 02:28:43, Sys 0 00:00:28  -  Total Remote Usage
		Usr 0 00:00:00, Sys 0 00:00:00  -  Total Local Usage
	165265  -  Run Bytes Sent By Job
	496  -  Run Bytes Received By Job
	165265  -  Total Bytes Sent By Job
	496  -  Total Bytes Received By Job
	Partitionable Resources :    Usage  Request Allocated 
	   Cpus                 :     0.99        1         1 
	   Disk (KB)            :   184           1   2933341 
	   Memory (MB)          :   574        3000      3000 

	Job terminated of its own accord at 2025-02-12T16:51:02Z with exit-code 0.
...
