 <<< Combine >>> 
 <<< v10.0.2 >>>
>>> Used OpenSSL to get a truly random seed 1077252089
>>> Method used is MarkovChainMC
============================================================
Analyzing bin errors for: prop_binmuon_channel
Poisson cut-off: 10
Processes excluded for sums: Wprime6000
============================================================
Bin        Contents        Error           Notes                         
0          1504.005457     8.825218        total sum                     
0          1503.736046     8.825210        excluding marked processes    
0          29033.000000    170.390727      Unweighted events, alpha=0.051803
  => Total parameter prop_binmuon_channel_bin0[0.00,-7.00,7.00] to be Gaussian constrained
------------------------------------------------------------
1          598.868711      5.778309        total sum                     
1          598.582453      5.778297        excluding marked processes    
1          10731.000000    103.590540      Unweighted events, alpha=0.055807
  => Total parameter prop_binmuon_channel_bin1[0.00,-7.00,7.00] to be Gaussian constrained
------------------------------------------------------------
2          274.230039      3.076522        total sum                     
2          273.962046      3.076501        excluding marked processes    
2          7930.000000     89.050547       Unweighted events, alpha=0.034581
  => Total parameter prop_binmuon_channel_bin2[0.00,-7.00,7.00] to be Gaussian constrained
------------------------------------------------------------
3          138.393302      2.138638        total sum                     
3          138.128577      2.138607        excluding marked processes    
3          4172.000000     64.591021       Unweighted events, alpha=0.033172
  => Total parameter prop_binmuon_channel_bin3[0.00,-7.00,7.00] to be Gaussian constrained
------------------------------------------------------------
4          75.307122       3.131868        total sum                     
4          75.049992       3.131848        excluding marked processes    
4          574.000000      23.958297       Unweighted events, alpha=0.131197
  => Total parameter prop_binmuon_channel_bin4[0.00,-7.00,7.00] to be Gaussian constrained
------------------------------------------------------------
5          45.958038       0.733971        total sum                     
5          45.737693       0.733894        excluding marked processes    
5          3884.000000     62.321746       Unweighted events, alpha=0.011833
  => Total parameter prop_binmuon_channel_bin5[0.00,-7.00,7.00] to be Gaussian constrained
------------------------------------------------------------
6          44.503779       1.313867        total sum                     
6          44.147371       1.313801        excluding marked processes    
6          1129.000000     33.600595       Unweighted events, alpha=0.039419
  => Total parameter prop_binmuon_channel_bin6[0.00,-7.00,7.00] to be Gaussian constrained
------------------------------------------------------------
7          17.672445       0.466044        total sum                     
7          17.339371       0.465865        excluding marked processes    
7          1385.000000     37.215588       Unweighted events, alpha=0.012760
  => Total parameter prop_binmuon_channel_bin7[0.00,-7.00,7.00] to be Gaussian constrained
------------------------------------------------------------
8          11.130595       0.505463        total sum                     
8          10.729127       0.505266        excluding marked processes    
8          451.000000      21.236761       Unweighted events, alpha=0.024680
  => Total parameter prop_binmuon_channel_bin8[0.00,-7.00,7.00] to be Gaussian constrained
------------------------------------------------------------
9          4.591243        0.390749        total sum                     
9          4.286528        0.390552        excluding marked processes    
9          120.000000      10.954451       Unweighted events, alpha=0.038260
  => Total parameter prop_binmuon_channel_bin9[0.00,-7.00,7.00] to be Gaussian constrained
------------------------------------------------------------
10         2.145104        0.250785        total sum                     
10         1.802595        0.250442        excluding marked processes    
10         52.000000       7.211103        Unweighted events, alpha=0.041252
  => Total parameter prop_binmuon_channel_bin10[0.00,-7.00,7.00] to be Gaussian constrained
------------------------------------------------------------
11         1.044920        0.027964        total sum                     
11         0.560716        0.023075        excluding marked processes    
11         590.000000      24.289916       Unweighted events, alpha=0.001771
  => Total parameter prop_binmuon_channel_bin11[0.00,-7.00,7.00] to be Gaussian constrained
------------------------------------------------------------
12         0.585865        0.022861        total sum                     
12         0.129662        0.017041        excluding marked processes    
12         58.000000       7.615773        Unweighted events, alpha=0.010101
  => Total parameter prop_binmuon_channel_bin12[0.00,-7.00,7.00] to be Gaussian constrained
------------------------------------------------------------
13         1.139944        0.023746        total sum                     
13         0.034332        0.000407        excluding marked processes    
13         7114.000000     84.344532       Unweighted events, alpha=0.000160
  => Total parameter prop_binmuon_channel_bin13[0.00,-7.00,7.00] to be Gaussian constrained
------------------------------------------------------------
14         0.946058        0.021417        total sum                     
14         0.002171        0.000032        excluding marked processes    
14         4726.000000     68.745909       Unweighted events, alpha=0.000200
  => Total parameter prop_binmuon_channel_bin14[0.00,-7.00,7.00] to be Gaussian constrained
------------------------------------------------------------
15         0.282903        0.011757        total sum                     
15         0.000475        0.000013        excluding marked processes    
15         1438.000000     37.920970       Unweighted events, alpha=0.000197
  => Total parameter prop_binmuon_channel_bin15[0.00,-7.00,7.00] to be Gaussian constrained
------------------------------------------------------------
Channel muon_channel will use autoMCStats with settings: event-threshold=10, include-signal=0, hist-mode=1
Generate toy 1/250

 -- MarkovChainMC -- 
Limit: r < 1.05626 +/- 0.0106161 @ 95% credibility (15 tries)
Done in 0.08 min (cpu), 0.08 min (real)
Generate toy 2/250

 -- MarkovChainMC -- 
Limit: r < 0.860113 +/- 0.0197092 @ 95% credibility (15 tries)
Done in 0.08 min (cpu), 0.08 min (real)
Generate toy 3/250

 -- MarkovChainMC -- 
Limit: r < 0.98492 +/- 0.0232902 @ 95% credibility (15 tries)
Done in 0.08 min (cpu), 0.08 min (real)
Generate toy 4/250

 -- MarkovChainMC -- 
Limit: r < 1.35933 +/- 0.0222615 @ 95% credibility (15 tries)
Done in 0.09 min (cpu), 0.09 min (real)
Generate toy 5/250

 -- MarkovChainMC -- 
Limit: r < 0.858493 +/- 0.00594588 @ 95% credibility (15 tries)
Done in 0.08 min (cpu), 0.08 min (real)
Generate toy 6/250

 -- MarkovChainMC -- 
Limit: r < 1.12633 +/- 0.0080904 @ 95% credibility (15 tries)
Done in 0.08 min (cpu), 0.08 min (real)
Generate toy 7/250

 -- MarkovChainMC -- 
Limit: r < 0.983887 +/- 0.0176259 @ 95% credibility (15 tries)
Done in 0.08 min (cpu), 0.08 min (real)
Generate toy 8/250

 -- MarkovChainMC -- 
Limit: r < 1.16152 +/- 0.0135888 @ 95% credibility (15 tries)
Done in 0.08 min (cpu), 0.08 min (real)
Generate toy 9/250

 -- MarkovChainMC -- 
Limit: r < 1.05713 +/- 0.00825441 @ 95% credibility (15 tries)
Done in 0.09 min (cpu), 0.09 min (real)
Generate toy 10/250

 -- MarkovChainMC -- 
Limit: r < 1.40061 +/- 0.0144537 @ 95% credibility (15 tries)
Done in 0.10 min (cpu), 0.10 min (real)
Generate toy 11/250

 -- MarkovChainMC -- 
Limit: r < 0.92006 +/- 0.0131733 @ 95% credibility (15 tries)
Done in 0.08 min (cpu), 0.08 min (real)
Generate toy 12/250

 -- MarkovChainMC -- 
Limit: r < 1.72115 +/- 0.0202262 @ 95% credibility (15 tries)
Done in 0.08 min (cpu), 0.09 min (real)
Generate toy 13/250

 -- MarkovChainMC -- 
Limit: r < 1.0067 +/- 0.0121319 @ 95% credibility (15 tries)
Done in 0.08 min (cpu), 0.08 min (real)
Generate toy 14/250

 -- MarkovChainMC -- 
Limit: r < 1.27692 +/- 0.0274469 @ 95% credibility (15 tries)
Done in 0.09 min (cpu), 0.09 min (real)
Generate toy 15/250

 -- MarkovChainMC -- 
Limit: r < 0.91811 +/- 0.0219088 @ 95% credibility (15 tries)
Done in 0.08 min (cpu), 0.08 min (real)
Generate toy 16/250

 -- MarkovChainMC -- 
Limit: r < 1.17277 +/- 0.0130984 @ 95% credibility (15 tries)
Done in 0.08 min (cpu), 0.08 min (real)
Generate toy 17/250

 -- MarkovChainMC -- 
Limit: r < 0.931885 +/- 0.0169521 @ 95% credibility (15 tries)
Done in 0.08 min (cpu), 0.08 min (real)
Generate toy 18/250

 -- MarkovChainMC -- 
Limit: r < 0.916187 +/- 0.0217054 @ 95% credibility (15 tries)
Done in 0.08 min (cpu), 0.08 min (real)
Generate toy 19/250

 -- MarkovChainMC -- 
Limit: r < 0.955995 +/- 0.0164914 @ 95% credibility (15 tries)
Done in 0.08 min (cpu), 0.08 min (real)
Generate toy 20/250

 -- MarkovChainMC -- 
Limit: r < 1.25987 +/- 0.0164662 @ 95% credibility (15 tries)
Done in 0.08 min (cpu), 0.08 min (real)
Generate toy 21/250

 -- MarkovChainMC -- 
Limit: r < 1.7722 +/- 0.011189 @ 95% credibility (15 tries)
Done in 0.09 min (cpu), 0.09 min (real)
Generate toy 22/250

 -- MarkovChainMC -- 
Limit: r < 1.09817 +/- 0.0222448 @ 95% credibility (15 tries)
Done in 0.08 min (cpu), 0.08 min (real)
Generate toy 23/250

 -- MarkovChainMC -- 
Limit: r < 1.23809 +/- 0.0114395 @ 95% credibility (15 tries)
Done in 0.08 min (cpu), 0.08 min (real)
Generate toy 24/250

 -- MarkovChainMC -- 
Limit: r < 0.871033 +/- 0.0115366 @ 95% credibility (15 tries)
Done in 0.08 min (cpu), 0.08 min (real)
Generate toy 25/250

 -- MarkovChainMC -- 
Limit: r < 1.5977 +/- 0.0175015 @ 95% credibility (15 tries)
Done in 0.09 min (cpu), 0.09 min (real)
Generate toy 26/250

 -- MarkovChainMC -- 
Limit: r < 1.0715 +/- 0.0165229 @ 95% credibility (15 tries)
Done in 0.08 min (cpu), 0.08 min (real)
Generate toy 27/250

 -- MarkovChainMC -- 
Limit: r < 1.03472 +/- 0.0124927 @ 95% credibility (15 tries)
Done in 0.09 min (cpu), 0.09 min (real)
Generate toy 28/250

 -- MarkovChainMC -- 
Limit: r < 0.935136 +/- 0.00917149 @ 95% credibility (15 tries)
Done in 0.08 min (cpu), 0.08 min (real)
Generate toy 29/250

 -- MarkovChainMC -- 
Limit: r < 1.49252 +/- 0.0189425 @ 95% credibility (15 tries)
Done in 0.09 min (cpu), 0.09 min (real)
Generate toy 30/250

 -- MarkovChainMC -- 
Limit: r < 0.954439 +/- 0.0183533 @ 95% credibility (15 tries)
Done in 0.08 min (cpu), 0.08 min (real)
Generate toy 31/250

 -- MarkovChainMC -- 
Limit: r < 1.18909 +/- 0.0144332 @ 95% credibility (15 tries)
Done in 0.09 min (cpu), 0.09 min (real)
Generate toy 32/250

 -- MarkovChainMC -- 
Limit: r < 1.37994 +/- 0.0157937 @ 95% credibility (15 tries)
Done in 0.10 min (cpu), 0.10 min (real)
Generate toy 33/250

 -- MarkovChainMC -- 
Limit: r < 1.28929 +/- 0.0174785 @ 95% credibility (15 tries)
Done in 0.11 min (cpu), 0.11 min (real)
Generate toy 34/250

 -- MarkovChainMC -- 
Limit: r < 1.20831 +/- 0.0101752 @ 95% credibility (15 tries)
Done in 0.10 min (cpu), 0.10 min (real)
Generate toy 35/250

 -- MarkovChainMC -- 
Limit: r < 0.952677 +/- 0.0156284 @ 95% credibility (15 tries)
Done in 0.09 min (cpu), 0.09 min (real)
Generate toy 36/250

 -- MarkovChainMC -- 
Limit: r < 1.13643 +/- 0.00521829 @ 95% credibility (15 tries)
Done in 0.08 min (cpu), 0.08 min (real)
Generate toy 37/250

 -- MarkovChainMC -- 
Limit: r < 0.885677 +/- 0.0158724 @ 95% credibility (15 tries)
Done in 0.09 min (cpu), 0.09 min (real)
Generate toy 38/250

 -- MarkovChainMC -- 
Limit: r < 0.903377 +/- 0.00847906 @ 95% credibility (15 tries)
Done in 0.08 min (cpu), 0.08 min (real)
Generate toy 39/250

 -- MarkovChainMC -- 
Limit: r < 0.985778 +/- 0.013122 @ 95% credibility (15 tries)
Done in 0.08 min (cpu), 0.08 min (real)
Generate toy 40/250

 -- MarkovChainMC -- 
Limit: r < 1.57007 +/- 0.0199286 @ 95% credibility (15 tries)
Done in 0.09 min (cpu), 0.09 min (real)
Generate toy 41/250

 -- MarkovChainMC -- 
Limit: r < 1.19006 +/- 0.0133494 @ 95% credibility (15 tries)
Done in 0.08 min (cpu), 0.08 min (real)
Generate toy 42/250

 -- MarkovChainMC -- 
Limit: r < 1.00869 +/- 0.0118996 @ 95% credibility (15 tries)
Done in 0.08 min (cpu), 0.08 min (real)
Generate toy 43/250

 -- MarkovChainMC -- 
Limit: r < 1.23922 +/- 0.014115 @ 95% credibility (15 tries)
Done in 0.08 min (cpu), 0.08 min (real)
Generate toy 44/250

 -- MarkovChainMC -- 
Limit: r < 1.18637 +/- 0.0228071 @ 95% credibility (15 tries)
Done in 0.08 min (cpu), 0.09 min (real)
Generate toy 45/250

 -- MarkovChainMC -- 
Limit: r < 0.95797 +/- 0.00663702 @ 95% credibility (15 tries)
Done in 0.10 min (cpu), 0.10 min (real)
Generate toy 46/250

 -- MarkovChainMC -- 
Limit: r < 0.995657 +/- 0.0174353 @ 95% credibility (15 tries)
Done in 0.08 min (cpu), 0.08 min (real)
Generate toy 47/250

 -- MarkovChainMC -- 
Limit: r < 1.14949 +/- 0.0155641 @ 95% credibility (15 tries)
Done in 0.09 min (cpu), 0.09 min (real)
Generate toy 48/250

 -- MarkovChainMC -- 
Limit: r < 1.04727 +/- 0.0194072 @ 95% credibility (15 tries)
Done in 0.08 min (cpu), 0.08 min (real)
Generate toy 49/250

 -- MarkovChainMC -- 
Limit: r < 1.11834 +/- 0.01473 @ 95% credibility (15 tries)
Done in 0.08 min (cpu), 0.08 min (real)
Generate toy 50/250

 -- MarkovChainMC -- 
Limit: r < 1.0066 +/- 0.0140058 @ 95% credibility (15 tries)
Done in 0.08 min (cpu), 0.08 min (real)
Generate toy 51/250

 -- MarkovChainMC -- 
Limit: r < 1.30012 +/- 0.0219383 @ 95% credibility (15 tries)
Done in 0.08 min (cpu), 0.08 min (real)
Generate toy 52/250

 -- MarkovChainMC -- 
Limit: r < 0.944764 +/- 0.0111259 @ 95% credibility (15 tries)
Done in 0.08 min (cpu), 0.08 min (real)
Generate toy 53/250

 -- MarkovChainMC -- 
Limit: r < 1.0628 +/- 0.0155811 @ 95% credibility (15 tries)
Done in 0.08 min (cpu), 0.08 min (real)
Generate toy 54/250

 -- MarkovChainMC -- 
Limit: r < 1.17106 +/- 0.0141535 @ 95% credibility (15 tries)
Done in 0.09 min (cpu), 0.09 min (real)
Generate toy 55/250

 -- MarkovChainMC -- 
Limit: r < 1.19952 +/- 0.0179326 @ 95% credibility (15 tries)
Done in 0.10 min (cpu), 0.10 min (real)
Generate toy 56/250

 -- MarkovChainMC -- 
Limit: r < 1.50015 +/- 0.0210911 @ 95% credibility (15 tries)
Done in 0.08 min (cpu), 0.09 min (real)
Generate toy 57/250

 -- MarkovChainMC -- 
Limit: r < 1.20798 +/- 0.00869903 @ 95% credibility (15 tries)
Done in 0.11 min (cpu), 0.11 min (real)
Generate toy 58/250

 -- MarkovChainMC -- 
Limit: r < 1.1097 +/- 0.0165252 @ 95% credibility (15 tries)
Done in 0.11 min (cpu), 0.11 min (real)
Generate toy 59/250

 -- MarkovChainMC -- 
Limit: r < 0.874413 +/- 0.00921032 @ 95% credibility (15 tries)
Done in 0.08 min (cpu), 0.09 min (real)
Generate toy 60/250

 -- MarkovChainMC -- 
Limit: r < 1.08812 +/- 0.0155112 @ 95% credibility (15 tries)
Done in 0.08 min (cpu), 0.08 min (real)
Generate toy 61/250

 -- MarkovChainMC -- 
Limit: r < 0.81962 +/- 0.014514 @ 95% credibility (15 tries)
Done in 0.08 min (cpu), 0.08 min (real)
Generate toy 62/250

 -- MarkovChainMC -- 
Limit: r < 1.86107 +/- 0.0202702 @ 95% credibility (15 tries)
Done in 0.08 min (cpu), 0.08 min (real)
Generate toy 63/250

 -- MarkovChainMC -- 
Limit: r < 0.922922 +/- 0.0205206 @ 95% credibility (15 tries)
Done in 0.08 min (cpu), 0.08 min (real)
Generate toy 64/250

 -- MarkovChainMC -- 
Limit: r < 1.19752 +/- 0.0170416 @ 95% credibility (15 tries)
Done in 0.08 min (cpu), 0.08 min (real)
Generate toy 65/250

 -- MarkovChainMC -- 
Limit: r < 1.08713 +/- 0.0130454 @ 95% credibility (15 tries)
Done in 0.08 min (cpu), 0.08 min (real)
Generate toy 66/250

 -- MarkovChainMC -- 
Limit: r < 1.02168 +/- 0.0172175 @ 95% credibility (15 tries)
Done in 0.08 min (cpu), 0.08 min (real)
Generate toy 67/250

 -- MarkovChainMC -- 
Limit: r < 1.1156 +/- 0.0152313 @ 95% credibility (15 tries)
Done in 0.08 min (cpu), 0.08 min (real)
Generate toy 68/250

 -- MarkovChainMC -- 
Limit: r < 1.05347 +/- 0.0177861 @ 95% credibility (15 tries)
Done in 0.10 min (cpu), 0.10 min (real)
Generate toy 69/250

 -- MarkovChainMC -- 
Limit: r < 0.97711 +/- 0.0116997 @ 95% credibility (15 tries)
Done in 0.09 min (cpu), 0.09 min (real)
Generate toy 70/250

 -- MarkovChainMC -- 
Limit: r < 1.06404 +/- 0.00740751 @ 95% credibility (15 tries)
Done in 0.08 min (cpu), 0.08 min (real)
Generate toy 71/250

 -- MarkovChainMC -- 
Limit: r < 0.984127 +/- 0.00775438 @ 95% credibility (15 tries)
Done in 0.08 min (cpu), 0.08 min (real)
Generate toy 72/250

 -- MarkovChainMC -- 
Limit: r < 1.33066 +/- 0.0191975 @ 95% credibility (15 tries)
Done in 0.08 min (cpu), 0.08 min (real)
Generate toy 73/250

 -- MarkovChainMC -- 
Limit: r < 1.13864 +/- 0.0115284 @ 95% credibility (15 tries)
Done in 0.09 min (cpu), 0.09 min (real)
Generate toy 74/250

 -- MarkovChainMC -- 
Limit: r < 0.903887 +/- 0.0138992 @ 95% credibility (15 tries)
Done in 0.08 min (cpu), 0.08 min (real)
Generate toy 75/250

 -- MarkovChainMC -- 
Limit: r < 1.50442 +/- 0.0191564 @ 95% credibility (15 tries)
Done in 0.09 min (cpu), 0.09 min (real)
Generate toy 76/250

 -- MarkovChainMC -- 
Limit: r < 1.11807 +/- 0.0162022 @ 95% credibility (15 tries)
Done in 0.08 min (cpu), 0.08 min (real)
Generate toy 77/250

 -- MarkovChainMC -- 
Limit: r < 1.30466 +/- 0.0109959 @ 95% credibility (15 tries)
Done in 0.08 min (cpu), 0.08 min (real)
Generate toy 78/250

 -- MarkovChainMC -- 
Limit: r < 0.91729 +/- 0.0100726 @ 95% credibility (15 tries)
Done in 0.08 min (cpu), 0.08 min (real)
Generate toy 79/250

 -- MarkovChainMC -- 
Limit: r < 1.0365 +/- 0.0136969 @ 95% credibility (15 tries)
Done in 0.09 min (cpu), 0.09 min (real)
Generate toy 80/250

 -- MarkovChainMC -- 
Limit: r < 0.966165 +/- 0.0134848 @ 95% credibility (15 tries)
Done in 0.09 min (cpu), 0.09 min (real)
Generate toy 81/250

 -- MarkovChainMC -- 
Limit: r < 1.04088 +/- 0.00683536 @ 95% credibility (15 tries)
Done in 0.08 min (cpu), 0.08 min (real)
Generate toy 82/250

 -- MarkovChainMC -- 
Limit: r < 1.29889 +/- 0.0157617 @ 95% credibility (15 tries)
Done in 0.08 min (cpu), 0.08 min (real)
Generate toy 83/250

 -- MarkovChainMC -- 
Limit: r < 0.969488 +/- 0.0160123 @ 95% credibility (15 tries)
Done in 0.09 min (cpu), 0.09 min (real)
Generate toy 84/250

 -- MarkovChainMC -- 
Limit: r < 1.91253 +/- 0.0292053 @ 95% credibility (15 tries)
Done in 0.08 min (cpu), 0.08 min (real)
Generate toy 85/250

 -- MarkovChainMC -- 
Limit: r < 1.65419 +/- 0.0196739 @ 95% credibility (15 tries)
Done in 0.08 min (cpu), 0.08 min (real)
Generate toy 86/250

 -- MarkovChainMC -- 
Limit: r < 1.14974 +/- 0.0114459 @ 95% credibility (15 tries)
Done in 0.08 min (cpu), 0.08 min (real)
Generate toy 87/250

 -- MarkovChainMC -- 
Limit: r < 1.14411 +/- 0.0188641 @ 95% credibility (15 tries)
Done in 0.08 min (cpu), 0.08 min (real)
Generate toy 88/250

 -- MarkovChainMC -- 
Limit: r < 1.31614 +/- 0.0189583 @ 95% credibility (15 tries)
Done in 0.08 min (cpu), 0.08 min (real)
Generate toy 89/250

 -- MarkovChainMC -- 
Limit: r < 0.995393 +/- 0.0114785 @ 95% credibility (15 tries)
Done in 0.09 min (cpu), 0.09 min (real)
Generate toy 90/250

 -- MarkovChainMC -- 
Limit: r < 1.11393 +/- 0.0134456 @ 95% credibility (15 tries)
Done in 0.08 min (cpu), 0.08 min (real)
Generate toy 91/250

 -- MarkovChainMC -- 
Limit: r < 0.901252 +/- 0.0170795 @ 95% credibility (15 tries)
Done in 0.08 min (cpu), 0.08 min (real)
Generate toy 92/250

 -- MarkovChainMC -- 
Limit: r < 1.54474 +/- 0.0259665 @ 95% credibility (15 tries)
Done in 0.08 min (cpu), 0.08 min (real)
Generate toy 93/250

 -- MarkovChainMC -- 
Limit: r < 1.29433 +/- 0.0260828 @ 95% credibility (15 tries)
Done in 0.08 min (cpu), 0.08 min (real)
Generate toy 94/250

 -- MarkovChainMC -- 
Limit: r < 1.013 +/- 0.0100106 @ 95% credibility (15 tries)
Done in 0.08 min (cpu), 0.08 min (real)
Generate toy 95/250

 -- MarkovChainMC -- 
Limit: r < 1.24791 +/- 0.0152337 @ 95% credibility (15 tries)
Done in 0.08 min (cpu), 0.08 min (real)
Generate toy 96/250

 -- MarkovChainMC -- 
Limit: r < 1.36844 +/- 0.0118299 @ 95% credibility (15 tries)
Done in 0.08 min (cpu), 0.08 min (real)
Generate toy 97/250

 -- MarkovChainMC -- 
Limit: r < 1.24296 +/- 0.0215366 @ 95% credibility (15 tries)
Done in 0.08 min (cpu), 0.08 min (real)
Generate toy 98/250

 -- MarkovChainMC -- 
Limit: r < 0.965466 +/- 0.0104469 @ 95% credibility (15 tries)
Done in 0.08 min (cpu), 0.08 min (real)
Generate toy 99/250

 -- MarkovChainMC -- 
Limit: r < 1.36818 +/- 0.023366 @ 95% credibility (15 tries)
Done in 0.08 min (cpu), 0.08 min (real)
Generate toy 100/250

 -- MarkovChainMC -- 
Limit: r < 0.884353 +/- 0.00892094 @ 95% credibility (15 tries)
Done in 0.08 min (cpu), 0.08 min (real)
Generate toy 101/250

 -- MarkovChainMC -- 
Limit: r < 1.15976 +/- 0.00870745 @ 95% credibility (15 tries)
Done in 0.08 min (cpu), 0.08 min (real)
Generate toy 102/250

 -- MarkovChainMC -- 
Limit: r < 1.06519 +/- 0.0135376 @ 95% credibility (15 tries)
Done in 0.08 min (cpu), 0.08 min (real)
Generate toy 103/250

 -- MarkovChainMC -- 
Limit: r < 1.78245 +/- 0.0204706 @ 95% credibility (15 tries)
Done in 0.09 min (cpu), 0.09 min (real)
Generate toy 104/250

 -- MarkovChainMC -- 
Limit: r < 0.912599 +/- 0.0130469 @ 95% credibility (15 tries)
Done in 0.08 min (cpu), 0.09 min (real)
Generate toy 105/250

 -- MarkovChainMC -- 
Limit: r < 1.20623 +/- 0.0202842 @ 95% credibility (15 tries)
Done in 0.09 min (cpu), 0.10 min (real)
Generate toy 106/250

 -- MarkovChainMC -- 
Limit: r < 1.31291 +/- 0.0159816 @ 95% credibility (15 tries)
Done in 0.08 min (cpu), 0.08 min (real)
Generate toy 107/250

 -- MarkovChainMC -- 
Limit: r < 0.964932 +/- 0.011498 @ 95% credibility (15 tries)
Done in 0.08 min (cpu), 0.08 min (real)
Generate toy 108/250

 -- MarkovChainMC -- 
Limit: r < 1.75405 +/- 0.0256817 @ 95% credibility (15 tries)
Done in 0.09 min (cpu), 0.09 min (real)
Generate toy 109/250

 -- MarkovChainMC -- 
Limit: r < 1.19956 +/- 0.0133444 @ 95% credibility (15 tries)
Done in 0.08 min (cpu), 0.08 min (real)
Generate toy 110/250

 -- MarkovChainMC -- 
Limit: r < 1.45277 +/- 0.0193792 @ 95% credibility (15 tries)
Done in 0.09 min (cpu), 0.09 min (real)
Generate toy 111/250

 -- MarkovChainMC -- 
Limit: r < 1.53836 +/- 0.0197073 @ 95% credibility (15 tries)
Done in 0.09 min (cpu), 0.10 min (real)
Generate toy 112/250

 -- MarkovChainMC -- 
Limit: r < 1.00968 +/- 0.0149902 @ 95% credibility (15 tries)
Done in 0.09 min (cpu), 0.09 min (real)
Generate toy 113/250

 -- MarkovChainMC -- 
Limit: r < 1.57188 +/- 0.0281154 @ 95% credibility (15 tries)
Done in 0.10 min (cpu), 0.10 min (real)
Generate toy 114/250

 -- MarkovChainMC -- 
Limit: r < 1.06696 +/- 0.0165853 @ 95% credibility (15 tries)
Done in 0.09 min (cpu), 0.09 min (real)
Generate toy 115/250

 -- MarkovChainMC -- 
Limit: r < 1.0616 +/- 0.0146643 @ 95% credibility (15 tries)
Done in 0.09 min (cpu), 0.09 min (real)
Generate toy 116/250

 -- MarkovChainMC -- 
Limit: r < 1.22614 +/- 0.0198719 @ 95% credibility (15 tries)
Done in 0.09 min (cpu), 0.09 min (real)
Generate toy 117/250

 -- MarkovChainMC -- 
Limit: r < 0.93387 +/- 0.0184934 @ 95% credibility (15 tries)
Done in 0.08 min (cpu), 0.08 min (real)
Generate toy 118/250

 -- MarkovChainMC -- 
Limit: r < 0.907157 +/- 0.0133928 @ 95% credibility (15 tries)
Done in 0.08 min (cpu), 0.08 min (real)
Generate toy 119/250

 -- MarkovChainMC -- 
Limit: r < 1.03252 +/- 0.0142935 @ 95% credibility (15 tries)
Done in 0.08 min (cpu), 0.08 min (real)
Generate toy 120/250

 -- MarkovChainMC -- 
Limit: r < 0.975988 +/- 0.00608886 @ 95% credibility (15 tries)
Done in 0.08 min (cpu), 0.08 min (real)
Generate toy 121/250

 -- MarkovChainMC -- 
Limit: r < 1.54794 +/- 0.0174541 @ 95% credibility (15 tries)
Done in 0.08 min (cpu), 0.09 min (real)
Generate toy 122/250

 -- MarkovChainMC -- 
Limit: r < 0.958993 +/- 0.013814 @ 95% credibility (15 tries)
Done in 0.08 min (cpu), 0.08 min (real)
Generate toy 123/250

 -- MarkovChainMC -- 
Limit: r < 0.936276 +/- 0.0184921 @ 95% credibility (15 tries)
Done in 0.08 min (cpu), 0.08 min (real)
Generate toy 124/250

 -- MarkovChainMC -- 
Limit: r < 1.03944 +/- 0.0107964 @ 95% credibility (15 tries)
Done in 0.08 min (cpu), 0.08 min (real)
Generate toy 125/250

 -- MarkovChainMC -- 
Limit: r < 1.25818 +/- 0.018186 @ 95% credibility (15 tries)
Done in 0.08 min (cpu), 0.08 min (real)
Generate toy 126/250

 -- MarkovChainMC -- 
Limit: r < 1.78664 +/- 0.0130186 @ 95% credibility (15 tries)
Done in 0.09 min (cpu), 0.09 min (real)
Generate toy 127/250

 -- MarkovChainMC -- 
Limit: r < 1.04867 +/- 0.00868209 @ 95% credibility (15 tries)
Done in 0.08 min (cpu), 0.08 min (real)
Generate toy 128/250

 -- MarkovChainMC -- 
Limit: r < 2.38749 +/- 0.016584 @ 95% credibility (15 tries)
Done in 0.09 min (cpu), 0.09 min (real)
Generate toy 129/250

 -- MarkovChainMC -- 
Limit: r < 1.22904 +/- 0.015672 @ 95% credibility (15 tries)
Done in 0.08 min (cpu), 0.08 min (real)
Generate toy 130/250

 -- MarkovChainMC -- 
Limit: r < 0.918931 +/- 0.0154525 @ 95% credibility (15 tries)
Done in 0.08 min (cpu), 0.08 min (real)
Generate toy 131/250

 -- MarkovChainMC -- 
Limit: r < 0.978027 +/- 0.0193902 @ 95% credibility (15 tries)
Done in 0.08 min (cpu), 0.08 min (real)
Generate toy 132/250

 -- MarkovChainMC -- 
Limit: r < 1.84323 +/- 0.0140418 @ 95% credibility (15 tries)
Done in 0.08 min (cpu), 0.08 min (real)
Generate toy 133/250

 -- MarkovChainMC -- 
Limit: r < 1.67932 +/- 0.024473 @ 95% credibility (15 tries)
Done in 0.08 min (cpu), 0.08 min (real)
Generate toy 134/250

 -- MarkovChainMC -- 
Limit: r < 1.17252 +/- 0.0185522 @ 95% credibility (15 tries)
Done in 0.08 min (cpu), 0.08 min (real)
Generate toy 135/250

 -- MarkovChainMC -- 
Limit: r < 2.10782 +/- 0.0253383 @ 95% credibility (15 tries)
Done in 0.08 min (cpu), 0.09 min (real)
Generate toy 136/250

 -- MarkovChainMC -- 
Limit: r < 1.47442 +/- 0.0268171 @ 95% credibility (15 tries)
Done in 0.08 min (cpu), 0.08 min (real)
Generate toy 137/250

 -- MarkovChainMC -- 
Limit: r < 1.05454 +/- 0.00859828 @ 95% credibility (15 tries)
Done in 0.08 min (cpu), 0.08 min (real)
Generate toy 138/250

 -- MarkovChainMC -- 
Limit: r < 1.0917 +/- 0.00948538 @ 95% credibility (15 tries)
Done in 0.08 min (cpu), 0.08 min (real)
Generate toy 139/250

 -- MarkovChainMC -- 
Limit: r < 1.2057 +/- 0.0206872 @ 95% credibility (15 tries)
Done in 0.08 min (cpu), 0.08 min (real)
Generate toy 140/250

 -- MarkovChainMC -- 
Limit: r < 1.44995 +/- 0.0167782 @ 95% credibility (15 tries)
Done in 0.08 min (cpu), 0.08 min (real)
Generate toy 141/250

 -- MarkovChainMC -- 
Limit: r < 1.09019 +/- 0.0131529 @ 95% credibility (15 tries)
Done in 0.08 min (cpu), 0.08 min (real)
Generate toy 142/250

 -- MarkovChainMC -- 
Limit: r < 1.54769 +/- 0.0188819 @ 95% credibility (15 tries)
Done in 0.08 min (cpu), 0.08 min (real)
Generate toy 143/250

 -- MarkovChainMC -- 
Limit: r < 0.927116 +/- 0.0229504 @ 95% credibility (15 tries)
Done in 0.08 min (cpu), 0.08 min (real)
Generate toy 144/250

 -- MarkovChainMC -- 
Limit: r < 1.06851 +/- 0.0083222 @ 95% credibility (15 tries)
Done in 0.08 min (cpu), 0.09 min (real)
Generate toy 145/250

 -- MarkovChainMC -- 
Limit: r < 1.11877 +/- 0.00846397 @ 95% credibility (15 tries)
Done in 0.08 min (cpu), 0.08 min (real)
Generate toy 146/250

 -- MarkovChainMC -- 
Limit: r < 1.26194 +/- 0.00581934 @ 95% credibility (15 tries)
Done in 0.08 min (cpu), 0.08 min (real)
Generate toy 147/250

 -- MarkovChainMC -- 
Limit: r < 1.16538 +/- 0.0320472 @ 95% credibility (15 tries)
Done in 0.08 min (cpu), 0.08 min (real)
Generate toy 148/250

 -- MarkovChainMC -- 
Limit: r < 1.03945 +/- 0.0179815 @ 95% credibility (15 tries)
Done in 0.08 min (cpu), 0.08 min (real)
Generate toy 149/250

 -- MarkovChainMC -- 
Limit: r < 1.43751 +/- 0.0184392 @ 95% credibility (15 tries)
Done in 0.08 min (cpu), 0.08 min (real)
Generate toy 150/250

 -- MarkovChainMC -- 
Limit: r < 0.982731 +/- 0.0153033 @ 95% credibility (15 tries)
Done in 0.08 min (cpu), 0.08 min (real)
Generate toy 151/250

 -- MarkovChainMC -- 
Limit: r < 1.29076 +/- 0.0208532 @ 95% credibility (15 tries)
Done in 0.08 min (cpu), 0.08 min (real)
Generate toy 152/250

 -- MarkovChainMC -- 
Limit: r < 1.11885 +/- 0.00983939 @ 95% credibility (15 tries)
Done in 0.08 min (cpu), 0.08 min (real)
Generate toy 153/250

 -- MarkovChainMC -- 
Limit: r < 1.70979 +/- 0.0141572 @ 95% credibility (15 tries)
Done in 0.08 min (cpu), 0.08 min (real)
Generate toy 154/250

 -- MarkovChainMC -- 
Limit: r < 2.12469 +/- 0.0251311 @ 95% credibility (15 tries)
Done in 0.09 min (cpu), 0.09 min (real)
Generate toy 155/250

 -- MarkovChainMC -- 
Limit: r < 0.899289 +/- 0.00829792 @ 95% credibility (15 tries)
Done in 0.08 min (cpu), 0.08 min (real)
Generate toy 156/250

 -- MarkovChainMC -- 
Limit: r < 1.23419 +/- 0.0182905 @ 95% credibility (15 tries)
Done in 0.08 min (cpu), 0.08 min (real)
Generate toy 157/250

 -- MarkovChainMC -- 
Limit: r < 0.963219 +/- 0.00985395 @ 95% credibility (15 tries)
Done in 0.08 min (cpu), 0.08 min (real)
Generate toy 158/250

 -- MarkovChainMC -- 
Limit: r < 0.988325 +/- 0.0176177 @ 95% credibility (15 tries)
Done in 0.08 min (cpu), 0.08 min (real)
Generate toy 159/250

 -- MarkovChainMC -- 
Limit: r < 0.841762 +/- 0.0142775 @ 95% credibility (15 tries)
Done in 0.08 min (cpu), 0.08 min (real)
Generate toy 160/250

 -- MarkovChainMC -- 
Limit: r < 0.979329 +/- 0.0104092 @ 95% credibility (15 tries)
Done in 0.08 min (cpu), 0.08 min (real)
Generate toy 161/250

 -- MarkovChainMC -- 
Limit: r < 1.04422 +/- 0.00867506 @ 95% credibility (15 tries)
Done in 0.08 min (cpu), 0.08 min (real)
Generate toy 162/250

 -- MarkovChainMC -- 
Limit: r < 0.9531 +/- 0.0153121 @ 95% credibility (15 tries)
Done in 0.08 min (cpu), 0.08 min (real)
Generate toy 163/250

 -- MarkovChainMC -- 
Limit: r < 1.07466 +/- 0.0136206 @ 95% credibility (15 tries)
Done in 0.08 min (cpu), 0.08 min (real)
Generate toy 164/250

 -- MarkovChainMC -- 
Limit: r < 1.52401 +/- 0.0164667 @ 95% credibility (15 tries)
Done in 0.08 min (cpu), 0.08 min (real)
Generate toy 165/250

 -- MarkovChainMC -- 
Limit: r < 1.41248 +/- 0.0208491 @ 95% credibility (15 tries)
Done in 0.08 min (cpu), 0.08 min (real)
Generate toy 166/250

 -- MarkovChainMC -- 
Limit: r < 0.978998 +/- 0.0169531 @ 95% credibility (15 tries)
Done in 0.08 min (cpu), 0.08 min (real)
Generate toy 167/250

 -- MarkovChainMC -- 
Limit: r < 1.15757 +/- 0.0106046 @ 95% credibility (15 tries)
Done in 0.08 min (cpu), 0.08 min (real)
Generate toy 168/250

 -- MarkovChainMC -- 
Limit: r < 1.5742 +/- 0.0155289 @ 95% credibility (15 tries)
Done in 0.08 min (cpu), 0.09 min (real)
Generate toy 169/250

 -- MarkovChainMC -- 
Limit: r < 0.961628 +/- 0.0114701 @ 95% credibility (15 tries)
Done in 0.09 min (cpu), 0.09 min (real)
Generate toy 170/250

 -- MarkovChainMC -- 
Limit: r < 1.79518 +/- 0.0354753 @ 95% credibility (15 tries)
Done in 0.09 min (cpu), 0.09 min (real)
Generate toy 171/250

 -- MarkovChainMC -- 
Limit: r < 0.888482 +/- 0.011706 @ 95% credibility (15 tries)
Done in 0.09 min (cpu), 0.09 min (real)
Generate toy 172/250

 -- MarkovChainMC -- 
Limit: r < 0.997344 +/- 0.0142289 @ 95% credibility (15 tries)
Done in 0.08 min (cpu), 0.08 min (real)
Generate toy 173/250

 -- MarkovChainMC -- 
Limit: r < 1.09494 +/- 0.0151938 @ 95% credibility (15 tries)
Done in 0.08 min (cpu), 0.08 min (real)
Generate toy 174/250

 -- MarkovChainMC -- 
Limit: r < 0.867748 +/- 0.0142705 @ 95% credibility (15 tries)
Done in 0.08 min (cpu), 0.08 min (real)
Generate toy 175/250

 -- MarkovChainMC -- 
Limit: r < 0.982884 +/- 0.0164516 @ 95% credibility (15 tries)
Done in 0.08 min (cpu), 0.08 min (real)
Generate toy 176/250

 -- MarkovChainMC -- 
Limit: r < 0.881035 +/- 0.00680625 @ 95% credibility (15 tries)
Done in 0.08 min (cpu), 0.08 min (real)
Generate toy 177/250

 -- MarkovChainMC -- 
Limit: r < 1.28234 +/- 0.0169155 @ 95% credibility (15 tries)
Done in 0.09 min (cpu), 0.09 min (real)
Generate toy 178/250

 -- MarkovChainMC -- 
Limit: r < 1.44549 +/- 0.0275715 @ 95% credibility (15 tries)
Done in 0.09 min (cpu), 0.09 min (real)
Generate toy 179/250

 -- MarkovChainMC -- 
Limit: r < 1.52543 +/- 0.0174105 @ 95% credibility (15 tries)
Done in 0.09 min (cpu), 0.09 min (real)
Generate toy 180/250

 -- MarkovChainMC -- 
Limit: r < 1.03246 +/- 0.0138961 @ 95% credibility (15 tries)
Done in 0.08 min (cpu), 0.08 min (real)
Generate toy 181/250

 -- MarkovChainMC -- 
Limit: r < 1.57322 +/- 0.0184055 @ 95% credibility (15 tries)
Done in 0.08 min (cpu), 0.08 min (real)
Generate toy 182/250

 -- MarkovChainMC -- 
Limit: r < 1.40707 +/- 0.0255036 @ 95% credibility (15 tries)
Done in 0.08 min (cpu), 0.08 min (real)
Generate toy 183/250

 -- MarkovChainMC -- 
Limit: r < 1.1262 +/- 0.00959136 @ 95% credibility (15 tries)
Done in 0.08 min (cpu), 0.08 min (real)
Generate toy 184/250

 -- MarkovChainMC -- 
Limit: r < 1.38276 +/- 0.0168681 @ 95% credibility (15 tries)
Done in 0.08 min (cpu), 0.08 min (real)
Generate toy 185/250

 -- MarkovChainMC -- 
Limit: r < 1.28474 +/- 0.014925 @ 95% credibility (15 tries)
Done in 0.08 min (cpu), 0.08 min (real)
Generate toy 186/250

 -- MarkovChainMC -- 
Limit: r < 1.13325 +/- 0.00630969 @ 95% credibility (15 tries)
Done in 0.08 min (cpu), 0.08 min (real)
Generate toy 187/250

 -- MarkovChainMC -- 
Limit: r < 0.950544 +/- 0.0108727 @ 95% credibility (15 tries)
Done in 0.08 min (cpu), 0.08 min (real)
Generate toy 188/250

 -- MarkovChainMC -- 
Limit: r < 0.961017 +/- 0.016053 @ 95% credibility (15 tries)
Done in 0.08 min (cpu), 0.08 min (real)
Generate toy 189/250

 -- MarkovChainMC -- 
Limit: r < 1.58661 +/- 0.0213622 @ 95% credibility (15 tries)
Done in 0.08 min (cpu), 0.08 min (real)
Generate toy 190/250

 -- MarkovChainMC -- 
Limit: r < 0.998886 +/- 0.00937612 @ 95% credibility (15 tries)
Done in 0.08 min (cpu), 0.08 min (real)
Generate toy 191/250

 -- MarkovChainMC -- 
Limit: r < 1.32251 +/- 0.0181084 @ 95% credibility (15 tries)
Done in 0.08 min (cpu), 0.08 min (real)
Generate toy 192/250

 -- MarkovChainMC -- 
Limit: r < 0.945459 +/- 0.0110489 @ 95% credibility (15 tries)
Done in 0.08 min (cpu), 0.08 min (real)
Generate toy 193/250

 -- MarkovChainMC -- 
Limit: r < 1.17374 +/- 0.0189799 @ 95% credibility (15 tries)
Done in 0.08 min (cpu), 0.08 min (real)
Generate toy 194/250

 -- MarkovChainMC -- 
Limit: r < 1.14285 +/- 0.0152173 @ 95% credibility (15 tries)
Done in 0.08 min (cpu), 0.08 min (real)
Generate toy 195/250

 -- MarkovChainMC -- 
Limit: r < 0.837452 +/- 0.0173661 @ 95% credibility (15 tries)
Done in 0.08 min (cpu), 0.08 min (real)
Generate toy 196/250

 -- MarkovChainMC -- 
Limit: r < 1.27046 +/- 0.0171122 @ 95% credibility (15 tries)
Done in 0.09 min (cpu), 0.09 min (real)
Generate toy 197/250

 -- MarkovChainMC -- 
Limit: r < 0.982288 +/- 0.0134124 @ 95% credibility (15 tries)
Done in 0.08 min (cpu), 0.08 min (real)
Generate toy 198/250

 -- MarkovChainMC -- 
Limit: r < 1.89478 +/- 0.0156865 @ 95% credibility (15 tries)
Done in 0.09 min (cpu), 0.09 min (real)
Generate toy 199/250

 -- MarkovChainMC -- 
Limit: r < 0.985917 +/- 0.00863445 @ 95% credibility (15 tries)
Done in 0.08 min (cpu), 0.08 min (real)
Generate toy 200/250

 -- MarkovChainMC -- 
Limit: r < 1.01165 +/- 0.017182 @ 95% credibility (15 tries)
Done in 0.09 min (cpu), 0.09 min (real)
Generate toy 201/250

 -- MarkovChainMC -- 
Limit: r < 1.22521 +/- 0.0134827 @ 95% credibility (15 tries)
Done in 0.11 min (cpu), 0.11 min (real)
Generate toy 202/250

 -- MarkovChainMC -- 
Limit: r < 1.25509 +/- 0.00741564 @ 95% credibility (15 tries)
Done in 0.08 min (cpu), 0.08 min (real)
Generate toy 203/250

 -- MarkovChainMC -- 
Limit: r < 1.47033 +/- 0.00781363 @ 95% credibility (15 tries)
Done in 0.08 min (cpu), 0.08 min (real)
Generate toy 204/250

 -- MarkovChainMC -- 
Limit: r < 1.04878 +/- 0.0135458 @ 95% credibility (15 tries)
Done in 0.08 min (cpu), 0.08 min (real)
Generate toy 205/250

 -- MarkovChainMC -- 
Limit: r < 1.32691 +/- 0.0149225 @ 95% credibility (15 tries)
Done in 0.08 min (cpu), 0.08 min (real)
Generate toy 206/250

 -- MarkovChainMC -- 
Limit: r < 1.86094 +/- 0.0179795 @ 95% credibility (15 tries)
Done in 0.09 min (cpu), 0.09 min (real)
Generate toy 207/250

 -- MarkovChainMC -- 
Limit: r < 0.87677 +/- 0.00950654 @ 95% credibility (15 tries)
Done in 0.08 min (cpu), 0.08 min (real)
Generate toy 208/250

 -- MarkovChainMC -- 
Limit: r < 1.36314 +/- 0.0141219 @ 95% credibility (15 tries)
Done in 0.08 min (cpu), 0.08 min (real)
Generate toy 209/250

 -- MarkovChainMC -- 
Limit: r < 1.03108 +/- 0.0142984 @ 95% credibility (15 tries)
Done in 0.08 min (cpu), 0.08 min (real)
Generate toy 210/250

 -- MarkovChainMC -- 
Limit: r < 1.18368 +/- 0.0199311 @ 95% credibility (15 tries)
Done in 0.08 min (cpu), 0.08 min (real)
Generate toy 211/250

 -- MarkovChainMC -- 
Limit: r < 1.34391 +/- 0.0178146 @ 95% credibility (15 tries)
Done in 0.08 min (cpu), 0.08 min (real)
Generate toy 212/250

 -- MarkovChainMC -- 
Limit: r < 1.05634 +/- 0.0135695 @ 95% credibility (15 tries)
Done in 0.08 min (cpu), 0.08 min (real)
Generate toy 213/250

 -- MarkovChainMC -- 
Limit: r < 1.05865 +/- 0.02532 @ 95% credibility (15 tries)
Done in 0.08 min (cpu), 0.08 min (real)
Generate toy 214/250

 -- MarkovChainMC -- 
Limit: r < 1.01058 +/- 0.0124113 @ 95% credibility (15 tries)
Done in 0.08 min (cpu), 0.08 min (real)
Generate toy 215/250

 -- MarkovChainMC -- 
Limit: r < 0.93027 +/- 0.0167121 @ 95% credibility (15 tries)
Done in 0.08 min (cpu), 0.08 min (real)
Generate toy 216/250

 -- MarkovChainMC -- 
Limit: r < 1.06527 +/- 0.0198462 @ 95% credibility (15 tries)
Done in 0.08 min (cpu), 0.08 min (real)
Generate toy 217/250

 -- MarkovChainMC -- 
Limit: r < 1.21222 +/- 0.0212001 @ 95% credibility (15 tries)
Done in 0.08 min (cpu), 0.08 min (real)
Generate toy 218/250

 -- MarkovChainMC -- 
Limit: r < 1.12613 +/- 0.0153707 @ 95% credibility (15 tries)
Done in 0.08 min (cpu), 0.08 min (real)
Generate toy 219/250

 -- MarkovChainMC -- 
Limit: r < 0.912218 +/- 0.00836119 @ 95% credibility (15 tries)
Done in 0.08 min (cpu), 0.08 min (real)
Generate toy 220/250

 -- MarkovChainMC -- 
Limit: r < 1.89991 +/- 0.0251877 @ 95% credibility (15 tries)
Done in 0.08 min (cpu), 0.08 min (real)
Generate toy 221/250

 -- MarkovChainMC -- 
Limit: r < 1.43867 +/- 0.00897305 @ 95% credibility (15 tries)
Done in 0.08 min (cpu), 0.09 min (real)
Generate toy 222/250

 -- MarkovChainMC -- 
Limit: r < 2.36847 +/- 0.0213371 @ 95% credibility (15 tries)
Done in 0.09 min (cpu), 0.09 min (real)
Generate toy 223/250

 -- MarkovChainMC -- 
Limit: r < 1.04255 +/- 0.00841548 @ 95% credibility (15 tries)
Done in 0.08 min (cpu), 0.08 min (real)
Generate toy 224/250

 -- MarkovChainMC -- 
Limit: r < 1.37619 +/- 0.0189014 @ 95% credibility (15 tries)
Done in 0.09 min (cpu), 0.09 min (real)
Generate toy 225/250

 -- MarkovChainMC -- 
Limit: r < 0.960594 +/- 0.0127989 @ 95% credibility (15 tries)
Done in 0.11 min (cpu), 0.11 min (real)
Generate toy 226/250

 -- MarkovChainMC -- 
Limit: r < 1.51668 +/- 0.0192761 @ 95% credibility (15 tries)
Done in 0.10 min (cpu), 0.10 min (real)
Generate toy 227/250

 -- MarkovChainMC -- 
Limit: r < 0.861195 +/- 0.0138177 @ 95% credibility (15 tries)
Done in 0.08 min (cpu), 0.08 min (real)
Generate toy 228/250

 -- MarkovChainMC -- 
Limit: r < 0.973344 +/- 0.0162919 @ 95% credibility (15 tries)
Done in 0.08 min (cpu), 0.08 min (real)
Generate toy 229/250

 -- MarkovChainMC -- 
Limit: r < 1.11869 +/- 0.0142206 @ 95% credibility (15 tries)
Done in 0.08 min (cpu), 0.08 min (real)
Generate toy 230/250

 -- MarkovChainMC -- 
Limit: r < 1.05311 +/- 0.0183676 @ 95% credibility (15 tries)
Done in 0.09 min (cpu), 0.09 min (real)
Generate toy 231/250

 -- MarkovChainMC -- 
Limit: r < 1.28761 +/- 0.0184461 @ 95% credibility (15 tries)
Done in 0.08 min (cpu), 0.08 min (real)
Generate toy 232/250

 -- MarkovChainMC -- 
Limit: r < 2.12622 +/- 0.0157386 @ 95% credibility (15 tries)
Done in 0.08 min (cpu), 0.08 min (real)
Generate toy 233/250

 -- MarkovChainMC -- 
Limit: r < 1.23815 +/- 0.00870257 @ 95% credibility (15 tries)
Done in 0.08 min (cpu), 0.08 min (real)
Generate toy 234/250

 -- MarkovChainMC -- 
Limit: r < 1.13644 +/- 0.0129609 @ 95% credibility (15 tries)
Done in 0.08 min (cpu), 0.08 min (real)
Generate toy 235/250

 -- MarkovChainMC -- 
Limit: r < 0.964119 +/- 0.0182983 @ 95% credibility (15 tries)
Done in 0.08 min (cpu), 0.08 min (real)
Generate toy 236/250

 -- MarkovChainMC -- 
Limit: r < 1.21921 +/- 0.0218613 @ 95% credibility (15 tries)
Done in 0.08 min (cpu), 0.08 min (real)
Generate toy 237/250

 -- MarkovChainMC -- 
Limit: r < 1.02345 +/- 0.0158413 @ 95% credibility (15 tries)
Done in 0.08 min (cpu), 0.08 min (real)
Generate toy 238/250

 -- MarkovChainMC -- 
Limit: r < 1.86236 +/- 0.0154752 @ 95% credibility (15 tries)
Done in 0.09 min (cpu), 0.09 min (real)
Generate toy 239/250

 -- MarkovChainMC -- 
Limit: r < 1.06124 +/- 0.0133446 @ 95% credibility (15 tries)
Done in 0.08 min (cpu), 0.08 min (real)
Generate toy 240/250

 -- MarkovChainMC -- 
Limit: r < 0.966641 +/- 0.0173751 @ 95% credibility (15 tries)
Done in 0.08 min (cpu), 0.08 min (real)
Generate toy 241/250

 -- MarkovChainMC -- 
Limit: r < 1.13966 +/- 0.00933637 @ 95% credibility (15 tries)
Done in 0.09 min (cpu), 0.09 min (real)
Generate toy 242/250

 -- MarkovChainMC -- 
Limit: r < 1.09924 +/- 0.0162931 @ 95% credibility (15 tries)
Done in 0.10 min (cpu), 0.10 min (real)
Generate toy 243/250

 -- MarkovChainMC -- 
Limit: r < 1.14028 +/- 0.013618 @ 95% credibility (15 tries)
Done in 0.10 min (cpu), 0.10 min (real)
Generate toy 244/250

 -- MarkovChainMC -- 
Limit: r < 1.2097 +/- 0.0209825 @ 95% credibility (15 tries)
Done in 0.10 min (cpu), 0.10 min (real)
Generate toy 245/250

 -- MarkovChainMC -- 
Limit: r < 1.09665 +/- 0.0190988 @ 95% credibility (15 tries)
Done in 0.10 min (cpu), 0.10 min (real)
Generate toy 246/250

 -- MarkovChainMC -- 
Limit: r < 0.959551 +/- 0.00774761 @ 95% credibility (15 tries)
Done in 0.11 min (cpu), 0.11 min (real)
Generate toy 247/250

 -- MarkovChainMC -- 
Limit: r < 0.910451 +/- 0.0118732 @ 95% credibility (15 tries)
Done in 0.08 min (cpu), 0.08 min (real)
Generate toy 248/250

 -- MarkovChainMC -- 
Limit: r < 1.08614 +/- 0.0158808 @ 95% credibility (15 tries)
Done in 0.08 min (cpu), 0.08 min (real)
Generate toy 249/250

 -- MarkovChainMC -- 
Limit: r < 0.998897 +/- 0.0160577 @ 95% credibility (15 tries)
Done in 0.08 min (cpu), 0.08 min (real)
Generate toy 250/250

 -- MarkovChainMC -- 
Limit: r < 1.07652 +/- 0.017896 @ 95% credibility (15 tries)
Done in 0.09 min (cpu), 0.09 min (real)
mean   expected limit: r < 1.19084 +/- 0.0181544 @ 95%CL (250 toyMC)
median expected limit: r < 1.11477 @ 95%CL (250 toyMC)
   68% expected band : 0.955995 < r < 1.45277
   95% expected band : 0.867748 < r < 1.91253
