 <<< Combine >>> 
 <<< v10.0.2 >>>
>>> Used OpenSSL to get a truly random seed 1570453631
>>> Method used is MarkovChainMC
============================================================
Analyzing bin errors for: prop_binmuon_channel
Poisson cut-off: 10
Processes excluded for sums: Wprime2000
============================================================
Bin        Contents        Error           Notes                         
0          1503.853183     8.825214        total sum                     
0          1503.736046     8.825210        excluding marked processes    
0          29033.000000    170.390727      Unweighted events, alpha=0.051798
  => Total parameter prop_binmuon_channel_bin0[0.00,-7.00,7.00] to be Gaussian constrained
------------------------------------------------------------
1          598.732806      5.778303        total sum                     
1          598.582453      5.778297        excluding marked processes    
1          10731.000000    103.590540      Unweighted events, alpha=0.055795
  => Total parameter prop_binmuon_channel_bin1[0.00,-7.00,7.00] to be Gaussian constrained
------------------------------------------------------------
2          274.168583      3.076517        total sum                     
2          273.962046      3.076501        excluding marked processes    
2          7930.000000     89.050547       Unweighted events, alpha=0.034574
  => Total parameter prop_binmuon_channel_bin2[0.00,-7.00,7.00] to be Gaussian constrained
------------------------------------------------------------
3          138.364635      2.138633        total sum                     
3          138.128577      2.138607        excluding marked processes    
3          4172.000000     64.591021       Unweighted events, alpha=0.033165
  => Total parameter prop_binmuon_channel_bin3[0.00,-7.00,7.00] to be Gaussian constrained
------------------------------------------------------------
4          75.314461       3.131868        total sum                     
4          75.049992       3.131848        excluding marked processes    
4          574.000000      23.958297       Unweighted events, alpha=0.131210
  => Total parameter prop_binmuon_channel_bin4[0.00,-7.00,7.00] to be Gaussian constrained
------------------------------------------------------------
5          46.076115       0.734009        total sum                     
5          45.737693       0.733894        excluding marked processes    
5          3884.000000     62.321746       Unweighted events, alpha=0.011863
  => Total parameter prop_binmuon_channel_bin5[0.00,-7.00,7.00] to be Gaussian constrained
------------------------------------------------------------
6          45.006765       1.313963        total sum                     
6          44.147371       1.313801        excluding marked processes    
6          1129.000000     33.600595       Unweighted events, alpha=0.039864
  => Total parameter prop_binmuon_channel_bin6[0.00,-7.00,7.00] to be Gaussian constrained
------------------------------------------------------------
7          18.387930       0.466430        total sum                     
7          17.339371       0.465865        excluding marked processes    
7          1385.000000     37.215588       Unweighted events, alpha=0.013276
  => Total parameter prop_binmuon_channel_bin7[0.00,-7.00,7.00] to be Gaussian constrained
------------------------------------------------------------
8          12.685203       0.506224        total sum                     
8          10.729127       0.505266        excluding marked processes    
8          451.000000      21.236761       Unweighted events, alpha=0.028127
  => Total parameter prop_binmuon_channel_bin8[0.00,-7.00,7.00] to be Gaussian constrained
------------------------------------------------------------
9          6.879685        0.392199        total sum                     
9          4.286528        0.390552        excluding marked processes    
9          120.000000      10.954451       Unweighted events, alpha=0.057331
  => Total parameter prop_binmuon_channel_bin9[0.00,-7.00,7.00] to be Gaussian constrained
------------------------------------------------------------
10         2.643276        0.251285        total sum                     
10         1.802595        0.250442        excluding marked processes    
10         52.000000       7.211103        Unweighted events, alpha=0.050832
  => Total parameter prop_binmuon_channel_bin10[0.00,-7.00,7.00] to be Gaussian constrained
------------------------------------------------------------
11         0.586561        0.023345        total sum                     
11         0.560716        0.023075        excluding marked processes    
11         590.000000      24.289916       Unweighted events, alpha=0.000994
  => Total parameter prop_binmuon_channel_bin11[0.00,-7.00,7.00] to be Gaussian constrained
------------------------------------------------------------
12         0.131266        0.017063        total sum                     
12         0.129662        0.017041        excluding marked processes    
12         58.000000       7.615773        Unweighted events, alpha=0.002263
  => Total parameter prop_binmuon_channel_bin12[0.00,-7.00,7.00] to be Gaussian constrained
------------------------------------------------------------
13         0.034332        0.000407        total sum                     
13         0.034332        0.000407        excluding marked processes    
13         7114.000000     84.344532       Unweighted events, alpha=0.000005
  => Total parameter prop_binmuon_channel_bin13[0.00,-7.00,7.00] to be Gaussian constrained
------------------------------------------------------------
14         0.002171        0.000032        total sum                     
14         0.002171        0.000032        excluding marked processes    
14         4726.000000     68.745909       Unweighted events, alpha=0.000000
  => Total parameter prop_binmuon_channel_bin14[0.00,-7.00,7.00] to be Gaussian constrained
------------------------------------------------------------
15         0.000475        0.000013        total sum                     
15         0.000475        0.000013        excluding marked processes    
15         1438.000000     37.920970       Unweighted events, alpha=0.000000
  => Total parameter prop_binmuon_channel_bin15[0.00,-7.00,7.00] to be Gaussian constrained
------------------------------------------------------------
Channel muon_channel will use autoMCStats with settings: event-threshold=10, include-signal=0, hist-mode=1
Generate toy 1/250

 -- MarkovChainMC -- 
Limit: r < 1.17303 +/- 0.0179545 @ 95% credibility (15 tries)
Done in 0.08 min (cpu), 0.08 min (real)
Generate toy 2/250

 -- MarkovChainMC -- 
Limit: r < 1.64015 +/- 0.0115321 @ 95% credibility (15 tries)
Done in 0.08 min (cpu), 0.08 min (real)
Generate toy 3/250

 -- MarkovChainMC -- 
Limit: r < 0.970731 +/- 0.0147855 @ 95% credibility (15 tries)
Done in 0.08 min (cpu), 0.08 min (real)
Generate toy 4/250

 -- MarkovChainMC -- 
Limit: r < 1.60515 +/- 0.012104 @ 95% credibility (15 tries)
Done in 0.08 min (cpu), 0.08 min (real)
Generate toy 5/250

 -- MarkovChainMC -- 
Limit: r < 1.71808 +/- 0.0209351 @ 95% credibility (15 tries)
Done in 0.08 min (cpu), 0.08 min (real)
Generate toy 6/250

 -- MarkovChainMC -- 
Limit: r < 2.17695 +/- 0.0120129 @ 95% credibility (15 tries)
Done in 0.09 min (cpu), 0.09 min (real)
Generate toy 7/250

 -- MarkovChainMC -- 
Limit: r < 1.23488 +/- 0.00557949 @ 95% credibility (15 tries)
Done in 0.08 min (cpu), 0.08 min (real)
Generate toy 8/250

 -- MarkovChainMC -- 
Limit: r < 1.92729 +/- 0.0134937 @ 95% credibility (15 tries)
Done in 0.09 min (cpu), 0.09 min (real)
Generate toy 9/250

 -- MarkovChainMC -- 
Limit: r < 2.17808 +/- 0.0173499 @ 95% credibility (15 tries)
Done in 0.09 min (cpu), 0.09 min (real)
Generate toy 10/250

 -- MarkovChainMC -- 
Limit: r < 2.28387 +/- 0.0193296 @ 95% credibility (15 tries)
Done in 0.09 min (cpu), 0.09 min (real)
Generate toy 11/250

 -- MarkovChainMC -- 
Limit: r < 4.54705 +/- 0.00937005 @ 95% credibility (15 tries)
Done in 0.09 min (cpu), 0.10 min (real)
Generate toy 12/250

 -- MarkovChainMC -- 
Limit: r < 1.74068 +/- 0.022055 @ 95% credibility (15 tries)
Done in 0.09 min (cpu), 0.09 min (real)
Generate toy 13/250

 -- MarkovChainMC -- 
Limit: r < 2.28438 +/- 0.0243717 @ 95% credibility (15 tries)
Done in 0.09 min (cpu), 0.09 min (real)
Generate toy 14/250

 -- MarkovChainMC -- 
Limit: r < 1.74403 +/- 0.00978222 @ 95% credibility (15 tries)
Done in 0.09 min (cpu), 0.09 min (real)
Generate toy 15/250

 -- MarkovChainMC -- 
Limit: r < 1.74156 +/- 0.0217804 @ 95% credibility (15 tries)
Done in 0.09 min (cpu), 0.09 min (real)
Generate toy 16/250

 -- MarkovChainMC -- 
Limit: r < 1.93773 +/- 0.0219818 @ 95% credibility (15 tries)
Done in 0.09 min (cpu), 0.09 min (real)
Generate toy 17/250

 -- MarkovChainMC -- 
Limit: r < 1.70065 +/- 0.0120661 @ 95% credibility (15 tries)
Done in 0.08 min (cpu), 0.08 min (real)
Generate toy 18/250

 -- MarkovChainMC -- 
Limit: r < 1.72511 +/- 0.0156018 @ 95% credibility (15 tries)
Done in 0.09 min (cpu), 0.09 min (real)
Generate toy 19/250

 -- MarkovChainMC -- 
Limit: r < 1.7177 +/- 0.016665 @ 95% credibility (15 tries)
Done in 0.09 min (cpu), 0.09 min (real)
Generate toy 20/250

 -- MarkovChainMC -- 
Limit: r < 1.93042 +/- 0.00973711 @ 95% credibility (15 tries)
Done in 0.09 min (cpu), 0.09 min (real)
Generate toy 21/250

 -- MarkovChainMC -- 
Limit: r < 1.65571 +/- 0.0245568 @ 95% credibility (15 tries)
Done in 0.08 min (cpu), 0.09 min (real)
Generate toy 22/250

 -- MarkovChainMC -- 
Limit: r < 2.95971 +/- 0.0240349 @ 95% credibility (15 tries)
Done in 0.10 min (cpu), 0.10 min (real)
Generate toy 23/250

 -- MarkovChainMC -- 
Limit: r < 1.57362 +/- 0.0219256 @ 95% credibility (15 tries)
Done in 0.08 min (cpu), 0.08 min (real)
Generate toy 24/250

 -- MarkovChainMC -- 
Limit: r < 2.93147 +/- 0.0235885 @ 95% credibility (15 tries)
Done in 0.09 min (cpu), 0.09 min (real)
Generate toy 25/250

 -- MarkovChainMC -- 
Limit: r < 2.13966 +/- 0.0245694 @ 95% credibility (15 tries)
Done in 0.09 min (cpu), 0.09 min (real)
Generate toy 26/250

 -- MarkovChainMC -- 
Limit: r < 1.98915 +/- 0.022632 @ 95% credibility (15 tries)
Done in 0.09 min (cpu), 0.09 min (real)
Generate toy 27/250

 -- MarkovChainMC -- 
Limit: r < 2.85554 +/- 0.017682 @ 95% credibility (15 tries)
Done in 0.09 min (cpu), 0.09 min (real)
Generate toy 28/250

 -- MarkovChainMC -- 
Limit: r < 2.71246 +/- 0.0230632 @ 95% credibility (15 tries)
Done in 0.09 min (cpu), 0.09 min (real)
Generate toy 29/250

 -- MarkovChainMC -- 
Limit: r < 2.3348 +/- 0.0191704 @ 95% credibility (15 tries)
Done in 0.09 min (cpu), 0.09 min (real)
Generate toy 30/250

 -- MarkovChainMC -- 
Limit: r < 1.46529 +/- 0.0120625 @ 95% credibility (15 tries)
Done in 0.08 min (cpu), 0.08 min (real)
Generate toy 31/250

 -- MarkovChainMC -- 
Limit: r < 3.53434 +/- 0.0238988 @ 95% credibility (15 tries)
Done in 0.09 min (cpu), 0.09 min (real)
Generate toy 32/250

 -- MarkovChainMC -- 
Limit: r < 1.40718 +/- 0.013544 @ 95% credibility (15 tries)
Done in 0.08 min (cpu), 0.08 min (real)
Generate toy 33/250

 -- MarkovChainMC -- 
Limit: r < 1.52323 +/- 0.0124122 @ 95% credibility (15 tries)
Done in 0.08 min (cpu), 0.08 min (real)
Generate toy 34/250

 -- MarkovChainMC -- 
Limit: r < 2.39611 +/- 0.0209214 @ 95% credibility (15 tries)
Done in 0.09 min (cpu), 0.09 min (real)
Generate toy 35/250

 -- MarkovChainMC -- 
Limit: r < 0.767533 +/- 0.00982634 @ 95% credibility (15 tries)
Done in 0.08 min (cpu), 0.08 min (real)
Generate toy 36/250

 -- MarkovChainMC -- 
Limit: r < 1.63323 +/- 0.0126298 @ 95% credibility (15 tries)
Done in 0.09 min (cpu), 0.09 min (real)
Generate toy 37/250

 -- MarkovChainMC -- 
Limit: r < 2.91523 +/- 0.0152808 @ 95% credibility (15 tries)
Done in 0.09 min (cpu), 0.09 min (real)
Generate toy 38/250

 -- MarkovChainMC -- 
Limit: r < 1.60853 +/- 0.0170368 @ 95% credibility (15 tries)
Done in 0.08 min (cpu), 0.08 min (real)
Generate toy 39/250

 -- MarkovChainMC -- 
Limit: r < 1.27519 +/- 0.00955291 @ 95% credibility (15 tries)
Done in 0.08 min (cpu), 0.08 min (real)
Generate toy 40/250

 -- MarkovChainMC -- 
Limit: r < 1.13616 +/- 0.00873447 @ 95% credibility (15 tries)
Done in 0.08 min (cpu), 0.08 min (real)
Generate toy 41/250

 -- MarkovChainMC -- 
Limit: r < 1.55944 +/- 0.0173093 @ 95% credibility (15 tries)
Done in 0.09 min (cpu), 0.09 min (real)
Generate toy 42/250

 -- MarkovChainMC -- 
Limit: r < 1.75238 +/- 0.0135973 @ 95% credibility (15 tries)
Done in 0.09 min (cpu), 0.10 min (real)
Generate toy 43/250

 -- MarkovChainMC -- 
Limit: r < 2.44088 +/- 0.0188989 @ 95% credibility (15 tries)
Done in 0.09 min (cpu), 0.09 min (real)
Generate toy 44/250

 -- MarkovChainMC -- 
Limit: r < 1.90741 +/- 0.0141814 @ 95% credibility (15 tries)
Done in 0.09 min (cpu), 0.09 min (real)
Generate toy 45/250

 -- MarkovChainMC -- 
Limit: r < 1.44043 +/- 0.0148802 @ 95% credibility (15 tries)
Done in 0.08 min (cpu), 0.08 min (real)
Generate toy 46/250

 -- MarkovChainMC -- 
Limit: r < 1.75477 +/- 0.00954392 @ 95% credibility (15 tries)
Done in 0.09 min (cpu), 0.09 min (real)
Generate toy 47/250

 -- MarkovChainMC -- 
Limit: r < 1.24056 +/- 0.0178841 @ 95% credibility (15 tries)
Done in 0.09 min (cpu), 0.09 min (real)
Generate toy 48/250

 -- MarkovChainMC -- 
Limit: r < 1.7651 +/- 0.0155022 @ 95% credibility (15 tries)
Done in 0.09 min (cpu), 0.09 min (real)
Generate toy 49/250

 -- MarkovChainMC -- 
Limit: r < 1.60534 +/- 0.0136918 @ 95% credibility (15 tries)
Done in 0.08 min (cpu), 0.08 min (real)
Generate toy 50/250

 -- MarkovChainMC -- 
Limit: r < 2.71455 +/- 0.017485 @ 95% credibility (15 tries)
Done in 0.09 min (cpu), 0.09 min (real)
Generate toy 51/250

 -- MarkovChainMC -- 
Limit: r < 1.59325 +/- 0.0153217 @ 95% credibility (15 tries)
Done in 0.08 min (cpu), 0.08 min (real)
Generate toy 52/250

 -- MarkovChainMC -- 
Limit: r < 1.21568 +/- 0.00947247 @ 95% credibility (15 tries)
Done in 0.08 min (cpu), 0.08 min (real)
Generate toy 53/250

 -- MarkovChainMC -- 
Limit: r < 1.13759 +/- 0.0153833 @ 95% credibility (15 tries)
Done in 0.08 min (cpu), 0.08 min (real)
Generate toy 54/250

 -- MarkovChainMC -- 
Limit: r < 2.33424 +/- 0.0245408 @ 95% credibility (15 tries)
Done in 0.08 min (cpu), 0.09 min (real)
Generate toy 55/250

 -- MarkovChainMC -- 
Limit: r < 1.0606 +/- 0.0146791 @ 95% credibility (15 tries)
Done in 0.08 min (cpu), 0.08 min (real)
Generate toy 56/250

 -- MarkovChainMC -- 
Limit: r < 1.92035 +/- 0.0160826 @ 95% credibility (15 tries)
Done in 0.09 min (cpu), 0.09 min (real)
Generate toy 57/250

 -- MarkovChainMC -- 
Limit: r < 1.56517 +/- 0.0142247 @ 95% credibility (15 tries)
Done in 0.08 min (cpu), 0.09 min (real)
Generate toy 58/250

 -- MarkovChainMC -- 
Limit: r < 1.54325 +/- 0.0143689 @ 95% credibility (15 tries)
Done in 0.09 min (cpu), 0.09 min (real)
Generate toy 59/250

 -- MarkovChainMC -- 
Limit: r < 2.75695 +/- 0.0209222 @ 95% credibility (15 tries)
Done in 0.10 min (cpu), 0.10 min (real)
Generate toy 60/250

 -- MarkovChainMC -- 
Limit: r < 1.78967 +/- 0.0125254 @ 95% credibility (15 tries)
Done in 0.09 min (cpu), 0.09 min (real)
Generate toy 61/250

 -- MarkovChainMC -- 
Limit: r < 2.13603 +/- 0.0174448 @ 95% credibility (15 tries)
Done in 0.09 min (cpu), 0.09 min (real)
Generate toy 62/250

 -- MarkovChainMC -- 
Limit: r < 2.33493 +/- 0.0142123 @ 95% credibility (15 tries)
Done in 0.09 min (cpu), 0.09 min (real)
Generate toy 63/250

 -- MarkovChainMC -- 
Limit: r < 1.14452 +/- 0.0150451 @ 95% credibility (15 tries)
Done in 0.10 min (cpu), 0.10 min (real)
Generate toy 64/250

 -- MarkovChainMC -- 
Limit: r < 2.13952 +/- 0.0195201 @ 95% credibility (15 tries)
Done in 0.09 min (cpu), 0.09 min (real)
Generate toy 65/250

 -- MarkovChainMC -- 
Limit: r < 2.24157 +/- 0.0210854 @ 95% credibility (15 tries)
Done in 0.09 min (cpu), 0.09 min (real)
Generate toy 66/250

 -- MarkovChainMC -- 
Limit: r < 2.3499 +/- 0.00941673 @ 95% credibility (15 tries)
Done in 0.09 min (cpu), 0.10 min (real)
Generate toy 67/250

 -- MarkovChainMC -- 
Limit: r < 1.8758 +/- 0.0145897 @ 95% credibility (15 tries)
Done in 0.09 min (cpu), 0.09 min (real)
Generate toy 68/250

 -- MarkovChainMC -- 
Limit: r < 1.75026 +/- 0.0107797 @ 95% credibility (15 tries)
Done in 0.08 min (cpu), 0.09 min (real)
Generate toy 69/250

 -- MarkovChainMC -- 
Limit: r < 1.76429 +/- 0.0106641 @ 95% credibility (15 tries)
Done in 0.09 min (cpu), 0.09 min (real)
Generate toy 70/250

 -- MarkovChainMC -- 
Limit: r < 1.44321 +/- 0.0145008 @ 95% credibility (15 tries)
Done in 0.09 min (cpu), 0.09 min (real)
Generate toy 71/250

 -- MarkovChainMC -- 
Limit: r < 2.17703 +/- 0.0214311 @ 95% credibility (15 tries)
Done in 0.09 min (cpu), 0.09 min (real)
Generate toy 72/250

 -- MarkovChainMC -- 
Limit: r < 1.41835 +/- 0.0112962 @ 95% credibility (15 tries)
Done in 0.08 min (cpu), 0.08 min (real)
Generate toy 73/250

 -- MarkovChainMC -- 
Limit: r < 1.61163 +/- 0.0132151 @ 95% credibility (15 tries)
Done in 0.08 min (cpu), 0.08 min (real)
Generate toy 74/250

 -- MarkovChainMC -- 
Limit: r < 1.03913 +/- 0.0179701 @ 95% credibility (15 tries)
Done in 0.08 min (cpu), 0.08 min (real)
Generate toy 75/250

 -- MarkovChainMC -- 
Limit: r < 1.37342 +/- 0.0165298 @ 95% credibility (15 tries)
Done in 0.08 min (cpu), 0.08 min (real)
Generate toy 76/250

 -- MarkovChainMC -- 
Limit: r < 1.07749 +/- 0.0166034 @ 95% credibility (15 tries)
Done in 0.08 min (cpu), 0.08 min (real)
Generate toy 77/250

 -- MarkovChainMC -- 
Limit: r < 2.76606 +/- 0.0190688 @ 95% credibility (15 tries)
Done in 0.09 min (cpu), 0.10 min (real)
Generate toy 78/250

 -- MarkovChainMC -- 
Limit: r < 1.63735 +/- 0.0195676 @ 95% credibility (15 tries)
Done in 0.08 min (cpu), 0.08 min (real)
Generate toy 79/250

 -- MarkovChainMC -- 
Limit: r < 0.92132 +/- 0.00929176 @ 95% credibility (15 tries)
Done in 0.09 min (cpu), 0.09 min (real)
Generate toy 80/250

 -- MarkovChainMC -- 
Limit: r < 0.90747 +/- 0.015182 @ 95% credibility (15 tries)
Done in 0.09 min (cpu), 0.09 min (real)
Generate toy 81/250

 -- MarkovChainMC -- 
Limit: r < 2.14327 +/- 0.0117772 @ 95% credibility (15 tries)
Done in 0.09 min (cpu), 0.09 min (real)
Generate toy 82/250

 -- MarkovChainMC -- 
Limit: r < 1.17735 +/- 0.0151279 @ 95% credibility (15 tries)
Done in 0.09 min (cpu), 0.09 min (real)
Generate toy 83/250

 -- MarkovChainMC -- 
Limit: r < 1.13543 +/- 0.0116589 @ 95% credibility (15 tries)
Done in 0.08 min (cpu), 0.08 min (real)
Generate toy 84/250

 -- MarkovChainMC -- 
Limit: r < 1.73046 +/- 0.0085683 @ 95% credibility (15 tries)
Done in 0.10 min (cpu), 0.10 min (real)
Generate toy 85/250

 -- MarkovChainMC -- 
Limit: r < 2.06646 +/- 0.0210695 @ 95% credibility (15 tries)
Done in 0.09 min (cpu), 0.09 min (real)
Generate toy 86/250

 -- MarkovChainMC -- 
Limit: r < 3.04104 +/- 0.0246148 @ 95% credibility (15 tries)
Done in 0.09 min (cpu), 0.09 min (real)
Generate toy 87/250

 -- MarkovChainMC -- 
Limit: r < 1.36831 +/- 0.0187111 @ 95% credibility (15 tries)
Done in 0.11 min (cpu), 0.11 min (real)
Generate toy 88/250

 -- MarkovChainMC -- 
Limit: r < 1.9516 +/- 0.0131541 @ 95% credibility (15 tries)
Done in 0.09 min (cpu), 0.09 min (real)
Generate toy 89/250

 -- MarkovChainMC -- 
Limit: r < 2.08162 +/- 0.00938911 @ 95% credibility (15 tries)
Done in 0.09 min (cpu), 0.09 min (real)
Generate toy 90/250

 -- MarkovChainMC -- 
Limit: r < 1.57064 +/- 0.019451 @ 95% credibility (15 tries)
Done in 0.09 min (cpu), 0.09 min (real)
Generate toy 91/250

 -- MarkovChainMC -- 
Limit: r < 1.95085 +/- 0.0107344 @ 95% credibility (15 tries)
Done in 0.09 min (cpu), 0.09 min (real)
Generate toy 92/250

 -- MarkovChainMC -- 
Limit: r < 1.48909 +/- 0.0126762 @ 95% credibility (15 tries)
Done in 0.09 min (cpu), 0.09 min (real)
Generate toy 93/250

 -- MarkovChainMC -- 
Limit: r < 1.90188 +/- 0.0112228 @ 95% credibility (15 tries)
Done in 0.09 min (cpu), 0.10 min (real)
Generate toy 94/250

 -- MarkovChainMC -- 
Limit: r < 2.05112 +/- 0.0141924 @ 95% credibility (15 tries)
Done in 0.09 min (cpu), 0.09 min (real)
Generate toy 95/250

 -- MarkovChainMC -- 
Limit: r < 2.38078 +/- 0.0123569 @ 95% credibility (15 tries)
Done in 0.09 min (cpu), 0.10 min (real)
Generate toy 96/250

 -- MarkovChainMC -- 
Limit: r < 1.2922 +/- 0.00632342 @ 95% credibility (15 tries)
Done in 0.09 min (cpu), 0.09 min (real)
Generate toy 97/250

 -- MarkovChainMC -- 
Limit: r < 1.66012 +/- 0.0193585 @ 95% credibility (15 tries)
Done in 0.08 min (cpu), 0.08 min (real)
Generate toy 98/250

 -- MarkovChainMC -- 
Limit: r < 1.18073 +/- 0.0181693 @ 95% credibility (15 tries)
Done in 0.08 min (cpu), 0.08 min (real)
Generate toy 99/250

 -- MarkovChainMC -- 
Limit: r < 2.70126 +/- 0.023111 @ 95% credibility (15 tries)
Done in 0.09 min (cpu), 0.09 min (real)
Generate toy 100/250

 -- MarkovChainMC -- 
Limit: r < 2.9336 +/- 0.0265618 @ 95% credibility (15 tries)
Done in 0.09 min (cpu), 0.09 min (real)
Generate toy 101/250

 -- MarkovChainMC -- 
Limit: r < 1.56543 +/- 0.0106311 @ 95% credibility (15 tries)
Done in 0.09 min (cpu), 0.09 min (real)
Generate toy 102/250

 -- MarkovChainMC -- 
Limit: r < 1.86704 +/- 0.0120685 @ 95% credibility (15 tries)
Done in 0.09 min (cpu), 0.09 min (real)
Generate toy 103/250

 -- MarkovChainMC -- 
Limit: r < 1.49887 +/- 0.0170054 @ 95% credibility (15 tries)
Done in 0.09 min (cpu), 0.09 min (real)
Generate toy 104/250

 -- MarkovChainMC -- 
Limit: r < 1.24251 +/- 0.0158104 @ 95% credibility (15 tries)
Done in 0.08 min (cpu), 0.08 min (real)
Generate toy 105/250

 -- MarkovChainMC -- 
Limit: r < 1.56051 +/- 0.0112264 @ 95% credibility (15 tries)
Done in 0.09 min (cpu), 0.09 min (real)
Generate toy 106/250

 -- MarkovChainMC -- 
Limit: r < 1.41943 +/- 0.0112718 @ 95% credibility (15 tries)
Done in 0.08 min (cpu), 0.08 min (real)
Generate toy 107/250

 -- MarkovChainMC -- 
Limit: r < 3.01018 +/- 0.0228013 @ 95% credibility (15 tries)
Done in 0.09 min (cpu), 0.09 min (real)
Generate toy 108/250

 -- MarkovChainMC -- 
Limit: r < 1.35036 +/- 0.0121721 @ 95% credibility (15 tries)
Done in 0.09 min (cpu), 0.10 min (real)
Generate toy 109/250

 -- MarkovChainMC -- 
Limit: r < 3.02253 +/- 0.0191612 @ 95% credibility (15 tries)
Done in 0.10 min (cpu), 0.10 min (real)
Generate toy 110/250

 -- MarkovChainMC -- 
Limit: r < 1.48928 +/- 0.00894766 @ 95% credibility (15 tries)
Done in 0.09 min (cpu), 0.10 min (real)
Generate toy 111/250

 -- MarkovChainMC -- 
Limit: r < 1.30113 +/- 0.00970339 @ 95% credibility (15 tries)
Done in 0.08 min (cpu), 0.08 min (real)
Generate toy 112/250

 -- MarkovChainMC -- 
Limit: r < 1.43344 +/- 0.0159766 @ 95% credibility (15 tries)
Done in 0.09 min (cpu), 0.09 min (real)
Generate toy 113/250

 -- MarkovChainMC -- 
Limit: r < 3.28487 +/- 0.0204663 @ 95% credibility (15 tries)
Done in 0.10 min (cpu), 0.10 min (real)
Generate toy 114/250

 -- MarkovChainMC -- 
Limit: r < 2.98362 +/- 0.0205377 @ 95% credibility (15 tries)
Done in 0.09 min (cpu), 0.09 min (real)
Generate toy 115/250

 -- MarkovChainMC -- 
Limit: r < 1.09154 +/- 0.012141 @ 95% credibility (15 tries)
Done in 0.08 min (cpu), 0.08 min (real)
Generate toy 116/250

 -- MarkovChainMC -- 
Limit: r < 2.28473 +/- 0.0206195 @ 95% credibility (15 tries)
Done in 0.09 min (cpu), 0.09 min (real)
Generate toy 117/250

 -- MarkovChainMC -- 
Limit: r < 3.86163 +/- 0.018248 @ 95% credibility (15 tries)
Done in 0.10 min (cpu), 0.10 min (real)
Generate toy 118/250

 -- MarkovChainMC -- 
Limit: r < 1.47882 +/- 0.0148647 @ 95% credibility (15 tries)
Done in 0.09 min (cpu), 0.09 min (real)
Generate toy 119/250

 -- MarkovChainMC -- 
Limit: r < 1.69597 +/- 0.0185656 @ 95% credibility (15 tries)
Done in 0.08 min (cpu), 0.08 min (real)
Generate toy 120/250

 -- MarkovChainMC -- 
Limit: r < 1.09245 +/- 0.0124662 @ 95% credibility (15 tries)
Done in 0.08 min (cpu), 0.08 min (real)
Generate toy 121/250

 -- MarkovChainMC -- 
Limit: r < 2.04945 +/- 0.017253 @ 95% credibility (15 tries)
Done in 0.09 min (cpu), 0.09 min (real)
Generate toy 122/250

 -- MarkovChainMC -- 
Limit: r < 1.1484 +/- 0.019099 @ 95% credibility (15 tries)
Done in 0.09 min (cpu), 0.09 min (real)
Generate toy 123/250

 -- MarkovChainMC -- 
Limit: r < 1.95299 +/- 0.00951586 @ 95% credibility (15 tries)
Done in 0.09 min (cpu), 0.09 min (real)
Generate toy 124/250

 -- MarkovChainMC -- 
Limit: r < 1.86152 +/- 0.0214084 @ 95% credibility (15 tries)
Done in 0.09 min (cpu), 0.09 min (real)
Generate toy 125/250

 -- MarkovChainMC -- 
Limit: r < 1.41542 +/- 0.0113613 @ 95% credibility (15 tries)
Done in 0.09 min (cpu), 0.09 min (real)
Generate toy 126/250

 -- MarkovChainMC -- 
Limit: r < 0.968439 +/- 0.0116272 @ 95% credibility (15 tries)
Done in 0.08 min (cpu), 0.08 min (real)
Generate toy 127/250

 -- MarkovChainMC -- 
Limit: r < 1.29806 +/- 0.0160357 @ 95% credibility (15 tries)
Done in 0.08 min (cpu), 0.08 min (real)
Generate toy 128/250

 -- MarkovChainMC -- 
Limit: r < 1.82651 +/- 0.0144726 @ 95% credibility (15 tries)
Done in 0.08 min (cpu), 0.08 min (real)
Generate toy 129/250

 -- MarkovChainMC -- 
Limit: r < 2.72423 +/- 0.0112254 @ 95% credibility (15 tries)
Done in 0.09 min (cpu), 0.09 min (real)
Generate toy 130/250

 -- MarkovChainMC -- 
Limit: r < 1.43681 +/- 0.0143892 @ 95% credibility (15 tries)
Done in 0.09 min (cpu), 0.09 min (real)
Generate toy 131/250

 -- MarkovChainMC -- 
Limit: r < 1.09901 +/- 0.00926036 @ 95% credibility (15 tries)
Done in 0.08 min (cpu), 0.08 min (real)
Generate toy 132/250

 -- MarkovChainMC -- 
Limit: r < 1.72464 +/- 0.0166308 @ 95% credibility (15 tries)
Done in 0.09 min (cpu), 0.09 min (real)
Generate toy 133/250

 -- MarkovChainMC -- 
Limit: r < 1.85396 +/- 0.0259896 @ 95% credibility (15 tries)
Done in 0.09 min (cpu), 0.09 min (real)
Generate toy 134/250

 -- MarkovChainMC -- 
Limit: r < 2.78189 +/- 0.0229092 @ 95% credibility (15 tries)
Done in 0.09 min (cpu), 0.09 min (real)
Generate toy 135/250

 -- MarkovChainMC -- 
Limit: r < 1.65296 +/- 0.0223481 @ 95% credibility (15 tries)
Done in 0.08 min (cpu), 0.08 min (real)
Generate toy 136/250

 -- MarkovChainMC -- 
Limit: r < 1.27589 +/- 0.0161674 @ 95% credibility (15 tries)
Done in 0.08 min (cpu), 0.08 min (real)
Generate toy 137/250

 -- MarkovChainMC -- 
Limit: r < 1.47066 +/- 0.0112704 @ 95% credibility (15 tries)
Done in 0.08 min (cpu), 0.08 min (real)
Generate toy 138/250

 -- MarkovChainMC -- 
Limit: r < 1.42955 +/- 0.0144844 @ 95% credibility (15 tries)
Done in 0.09 min (cpu), 0.09 min (real)
Generate toy 139/250

 -- MarkovChainMC -- 
Limit: r < 2.86627 +/- 0.0157437 @ 95% credibility (15 tries)
Done in 0.09 min (cpu), 0.09 min (real)
Generate toy 140/250

 -- MarkovChainMC -- 
Limit: r < 2.18139 +/- 0.0189487 @ 95% credibility (15 tries)
Done in 0.09 min (cpu), 0.09 min (real)
Generate toy 141/250

 -- MarkovChainMC -- 
Limit: r < 1.04245 +/- 0.017741 @ 95% credibility (15 tries)
Done in 0.08 min (cpu), 0.08 min (real)
Generate toy 142/250

 -- MarkovChainMC -- 
Limit: r < 2.07071 +/- 0.0149239 @ 95% credibility (15 tries)
Done in 0.09 min (cpu), 0.10 min (real)
Generate toy 143/250

 -- MarkovChainMC -- 
Limit: r < 2.21536 +/- 0.0127551 @ 95% credibility (15 tries)
Done in 0.09 min (cpu), 0.09 min (real)
Generate toy 144/250

 -- MarkovChainMC -- 
Limit: r < 1.31906 +/- 0.0119762 @ 95% credibility (15 tries)
Done in 0.09 min (cpu), 0.09 min (real)
Generate toy 145/250

 -- MarkovChainMC -- 
Limit: r < 1.32493 +/- 0.0135548 @ 95% credibility (15 tries)
Done in 0.08 min (cpu), 0.08 min (real)
Generate toy 146/250

 -- MarkovChainMC -- 
Limit: r < 1.94741 +/- 0.0174329 @ 95% credibility (15 tries)
Done in 0.09 min (cpu), 0.09 min (real)
Generate toy 147/250

 -- MarkovChainMC -- 
Limit: r < 1.70381 +/- 0.00817167 @ 95% credibility (15 tries)
Done in 0.09 min (cpu), 0.09 min (real)
Generate toy 148/250

 -- MarkovChainMC -- 
Limit: r < 2.9594 +/- 0.0241545 @ 95% credibility (15 tries)
Done in 0.09 min (cpu), 0.09 min (real)
Generate toy 149/250

 -- MarkovChainMC -- 
Limit: r < 1.9645 +/- 0.018539 @ 95% credibility (15 tries)
Done in 0.09 min (cpu), 0.09 min (real)
Generate toy 150/250

 -- MarkovChainMC -- 
Limit: r < 1.74131 +/- 0.0158066 @ 95% credibility (15 tries)
Done in 0.09 min (cpu), 0.09 min (real)
Generate toy 151/250

 -- MarkovChainMC -- 
Limit: r < 1.40627 +/- 0.0108076 @ 95% credibility (15 tries)
Done in 0.09 min (cpu), 0.09 min (real)
Generate toy 152/250

 -- MarkovChainMC -- 
Limit: r < 1.17681 +/- 0.0120694 @ 95% credibility (15 tries)
Done in 0.08 min (cpu), 0.08 min (real)
Generate toy 153/250

 -- MarkovChainMC -- 
Limit: r < 1.27096 +/- 0.0139002 @ 95% credibility (15 tries)
Done in 0.08 min (cpu), 0.08 min (real)
Generate toy 154/250

 -- MarkovChainMC -- 
Limit: r < 2.01224 +/- 0.0178542 @ 95% credibility (15 tries)
Done in 0.09 min (cpu), 0.09 min (real)
Generate toy 155/250

 -- MarkovChainMC -- 
Limit: r < 1.71776 +/- 0.0254916 @ 95% credibility (15 tries)
Done in 0.09 min (cpu), 0.09 min (real)
Generate toy 156/250

 -- MarkovChainMC -- 
Limit: r < 1.32737 +/- 0.0141038 @ 95% credibility (15 tries)
Done in 0.08 min (cpu), 0.08 min (real)
Generate toy 157/250

 -- MarkovChainMC -- 
Limit: r < 1.45307 +/- 0.0146154 @ 95% credibility (15 tries)
Done in 0.08 min (cpu), 0.09 min (real)
Generate toy 158/250

 -- MarkovChainMC -- 
Limit: r < 1.31981 +/- 0.0116278 @ 95% credibility (15 tries)
Done in 0.09 min (cpu), 0.09 min (real)
Generate toy 159/250

 -- MarkovChainMC -- 
Limit: r < 1.78726 +/- 0.0113529 @ 95% credibility (15 tries)
Done in 0.09 min (cpu), 0.09 min (real)
Generate toy 160/250

 -- MarkovChainMC -- 
Limit: r < 1.05558 +/- 0.0133823 @ 95% credibility (15 tries)
Done in 0.08 min (cpu), 0.08 min (real)
Generate toy 161/250

 -- MarkovChainMC -- 
Limit: r < 1.67793 +/- 0.0117675 @ 95% credibility (15 tries)
Done in 0.09 min (cpu), 0.09 min (real)
Generate toy 162/250

 -- MarkovChainMC -- 
Limit: r < 0.876064 +/- 0.0131961 @ 95% credibility (15 tries)
Done in 0.08 min (cpu), 0.08 min (real)
Generate toy 163/250

 -- MarkovChainMC -- 
Limit: r < 1.18529 +/- 0.0149566 @ 95% credibility (15 tries)
Done in 0.08 min (cpu), 0.08 min (real)
Generate toy 164/250

 -- MarkovChainMC -- 
Limit: r < 2.36702 +/- 0.0135069 @ 95% credibility (15 tries)
Done in 0.10 min (cpu), 0.10 min (real)
Generate toy 165/250

 -- MarkovChainMC -- 
Limit: r < 1.70732 +/- 0.0132522 @ 95% credibility (15 tries)
Done in 0.10 min (cpu), 0.10 min (real)
Generate toy 166/250

 -- MarkovChainMC -- 
Limit: r < 1.5136 +/- 0.0143849 @ 95% credibility (15 tries)
Done in 0.09 min (cpu), 0.09 min (real)
Generate toy 167/250

 -- MarkovChainMC -- 
Limit: r < 2.43058 +/- 0.0180488 @ 95% credibility (15 tries)
Done in 0.09 min (cpu), 0.09 min (real)
Generate toy 168/250

 -- MarkovChainMC -- 
Limit: r < 1.66713 +/- 0.019645 @ 95% credibility (15 tries)
Done in 0.08 min (cpu), 0.08 min (real)
Generate toy 169/250

 -- MarkovChainMC -- 
Limit: r < 2.70726 +/- 0.00890847 @ 95% credibility (15 tries)
Done in 0.09 min (cpu), 0.09 min (real)
Generate toy 170/250

 -- MarkovChainMC -- 
Limit: r < 1.22487 +/- 0.0145337 @ 95% credibility (15 tries)
Done in 0.09 min (cpu), 0.09 min (real)
Generate toy 171/250

 -- MarkovChainMC -- 
Limit: r < 2.04548 +/- 0.0159063 @ 95% credibility (15 tries)
Done in 0.09 min (cpu), 0.09 min (real)
Generate toy 172/250

 -- MarkovChainMC -- 
Limit: r < 1.92025 +/- 0.0176299 @ 95% credibility (15 tries)
Done in 0.09 min (cpu), 0.09 min (real)
Generate toy 173/250

 -- MarkovChainMC -- 
Limit: r < 1.35109 +/- 0.0157171 @ 95% credibility (15 tries)
Done in 0.08 min (cpu), 0.08 min (real)
Generate toy 174/250

 -- MarkovChainMC -- 
Limit: r < 0.795371 +/- 0.0084798 @ 95% credibility (15 tries)
Done in 0.08 min (cpu), 0.08 min (real)
Generate toy 175/250

 -- MarkovChainMC -- 
Limit: r < 0.949886 +/- 0.0105344 @ 95% credibility (15 tries)
Done in 0.08 min (cpu), 0.08 min (real)
Generate toy 176/250

 -- MarkovChainMC -- 
Limit: r < 2.24742 +/- 0.0266524 @ 95% credibility (15 tries)
Done in 0.10 min (cpu), 0.10 min (real)
Generate toy 177/250

 -- MarkovChainMC -- 
Limit: r < 1.76022 +/- 0.0115616 @ 95% credibility (15 tries)
Done in 0.09 min (cpu), 0.09 min (real)
Generate toy 178/250

 -- MarkovChainMC -- 
Limit: r < 2.34449 +/- 0.0169755 @ 95% credibility (15 tries)
Done in 0.09 min (cpu), 0.10 min (real)
Generate toy 179/250

 -- MarkovChainMC -- 
Limit: r < 1.17969 +/- 0.00872611 @ 95% credibility (15 tries)
Done in 0.08 min (cpu), 0.09 min (real)
Generate toy 180/250

 -- MarkovChainMC -- 
Limit: r < 2.30188 +/- 0.0147423 @ 95% credibility (15 tries)
Done in 0.10 min (cpu), 0.10 min (real)
Generate toy 181/250

 -- MarkovChainMC -- 
Limit: r < 3.18808 +/- 0.0299751 @ 95% credibility (15 tries)
Done in 0.10 min (cpu), 0.10 min (real)
Generate toy 182/250

 -- MarkovChainMC -- 
Limit: r < 1.45233 +/- 0.0129458 @ 95% credibility (15 tries)
Done in 0.09 min (cpu), 0.09 min (real)
Generate toy 183/250

 -- MarkovChainMC -- 
Limit: r < 1.60661 +/- 0.0155131 @ 95% credibility (15 tries)
Done in 0.08 min (cpu), 0.08 min (real)
Generate toy 184/250

 -- MarkovChainMC -- 
Limit: r < 2.48044 +/- 0.0198671 @ 95% credibility (15 tries)
Done in 0.09 min (cpu), 0.09 min (real)
Generate toy 185/250

 -- MarkovChainMC -- 
Limit: r < 1.60299 +/- 0.0124948 @ 95% credibility (15 tries)
Done in 0.10 min (cpu), 0.11 min (real)
Generate toy 186/250

 -- MarkovChainMC -- 
Limit: r < 1.9795 +/- 0.0123743 @ 95% credibility (15 tries)
Done in 0.09 min (cpu), 0.09 min (real)
Generate toy 187/250

 -- MarkovChainMC -- 
Limit: r < 1.45163 +/- 0.0193281 @ 95% credibility (15 tries)
Done in 0.09 min (cpu), 0.09 min (real)
Generate toy 188/250

 -- MarkovChainMC -- 
Limit: r < 1.61567 +/- 0.0211061 @ 95% credibility (15 tries)
Done in 0.08 min (cpu), 0.08 min (real)
Generate toy 189/250

 -- MarkovChainMC -- 
Limit: r < 1.23706 +/- 0.0162639 @ 95% credibility (15 tries)
Done in 0.09 min (cpu), 0.09 min (real)
Generate toy 190/250

 -- MarkovChainMC -- 
Limit: r < 0.968678 +/- 0.00931602 @ 95% credibility (15 tries)
Done in 0.09 min (cpu), 0.09 min (real)
Generate toy 191/250

 -- MarkovChainMC -- 
Limit: r < 2.00166 +/- 0.00838987 @ 95% credibility (15 tries)
Done in 0.09 min (cpu), 0.09 min (real)
Generate toy 192/250

 -- MarkovChainMC -- 
Limit: r < 1.36215 +/- 0.0203887 @ 95% credibility (15 tries)
Done in 0.09 min (cpu), 0.09 min (real)
Generate toy 193/250

 -- MarkovChainMC -- 
Limit: r < 1.85829 +/- 0.00886296 @ 95% credibility (15 tries)
Done in 0.10 min (cpu), 0.10 min (real)
Generate toy 194/250

 -- MarkovChainMC -- 
Limit: r < 2.19709 +/- 0.0159008 @ 95% credibility (15 tries)
Done in 0.09 min (cpu), 0.09 min (real)
Generate toy 195/250

 -- MarkovChainMC -- 
Limit: r < 0.96847 +/- 0.0122486 @ 95% credibility (15 tries)
Done in 0.09 min (cpu), 0.09 min (real)
Generate toy 196/250

 -- MarkovChainMC -- 
Limit: r < 2.82126 +/- 0.0217763 @ 95% credibility (15 tries)
Done in 0.12 min (cpu), 0.12 min (real)
Generate toy 197/250

 -- MarkovChainMC -- 
Limit: r < 1.62853 +/- 0.0159763 @ 95% credibility (15 tries)
Done in 0.08 min (cpu), 0.09 min (real)
Generate toy 198/250

 -- MarkovChainMC -- 
Limit: r < 1.12664 +/- 0.00946007 @ 95% credibility (15 tries)
Done in 0.08 min (cpu), 0.08 min (real)
Generate toy 199/250

 -- MarkovChainMC -- 
Limit: r < 2.05853 +/- 0.0166823 @ 95% credibility (15 tries)
Done in 0.12 min (cpu), 0.12 min (real)
Generate toy 200/250

 -- MarkovChainMC -- 
Limit: r < 1.63202 +/- 0.0148198 @ 95% credibility (15 tries)
Done in 0.09 min (cpu), 0.09 min (real)
Generate toy 201/250

 -- MarkovChainMC -- 
Limit: r < 1.276 +/- 0.0114437 @ 95% credibility (15 tries)
Done in 0.09 min (cpu), 0.09 min (real)
Generate toy 202/250

 -- MarkovChainMC -- 
Limit: r < 3.16262 +/- 0.0280331 @ 95% credibility (15 tries)
Done in 0.12 min (cpu), 0.12 min (real)
Generate toy 203/250

 -- MarkovChainMC -- 
Limit: r < 1.1449 +/- 0.0143829 @ 95% credibility (15 tries)
Done in 0.09 min (cpu), 0.09 min (real)
Generate toy 204/250

 -- MarkovChainMC -- 
Limit: r < 1.04379 +/- 0.011782 @ 95% credibility (15 tries)
Done in 0.08 min (cpu), 0.08 min (real)
Generate toy 205/250

 -- MarkovChainMC -- 
Limit: r < 1.4292 +/- 0.00833766 @ 95% credibility (15 tries)
Done in 0.08 min (cpu), 0.08 min (real)
Generate toy 206/250

 -- MarkovChainMC -- 
Limit: r < 2.6131 +/- 0.040583 @ 95% credibility (15 tries)
Done in 0.10 min (cpu), 0.10 min (real)
Generate toy 207/250

 -- MarkovChainMC -- 
Limit: r < 1.61257 +/- 0.01589 @ 95% credibility (15 tries)
Done in 0.08 min (cpu), 0.08 min (real)
Generate toy 208/250

 -- MarkovChainMC -- 
Limit: r < 1.3804 +/- 0.00867674 @ 95% credibility (15 tries)
Done in 0.09 min (cpu), 0.09 min (real)
Generate toy 209/250

 -- MarkovChainMC -- 
Limit: r < 1.73423 +/- 0.0178892 @ 95% credibility (15 tries)
Done in 0.08 min (cpu), 0.09 min (real)
Generate toy 210/250

 -- MarkovChainMC -- 
Limit: r < 1.12133 +/- 0.011576 @ 95% credibility (15 tries)
Done in 0.08 min (cpu), 0.08 min (real)
Generate toy 211/250

 -- MarkovChainMC -- 
Limit: r < 1.19093 +/- 0.0160679 @ 95% credibility (15 tries)
Done in 0.08 min (cpu), 0.08 min (real)
Generate toy 212/250

 -- MarkovChainMC -- 
Limit: r < 2.49756 +/- 0.0108236 @ 95% credibility (15 tries)
Done in 0.10 min (cpu), 0.10 min (real)
Generate toy 213/250

 -- MarkovChainMC -- 
Limit: r < 1.74789 +/- 0.01659 @ 95% credibility (15 tries)
Done in 0.09 min (cpu), 0.09 min (real)
Generate toy 214/250

 -- MarkovChainMC -- 
Limit: r < 1.40666 +/- 0.00963636 @ 95% credibility (15 tries)
Done in 0.09 min (cpu), 0.09 min (real)
Generate toy 215/250

 -- MarkovChainMC -- 
Limit: r < 1.00763 +/- 0.00740602 @ 95% credibility (15 tries)
Done in 0.09 min (cpu), 0.09 min (real)
Generate toy 216/250

 -- MarkovChainMC -- 
Limit: r < 1.52323 +/- 0.016779 @ 95% credibility (15 tries)
Done in 0.09 min (cpu), 0.09 min (real)
Generate toy 217/250

 -- MarkovChainMC -- 
Limit: r < 1.8269 +/- 0.0131181 @ 95% credibility (15 tries)
Done in 0.09 min (cpu), 0.09 min (real)
Generate toy 218/250

 -- MarkovChainMC -- 
Limit: r < 2.73324 +/- 0.0109977 @ 95% credibility (15 tries)
Done in 0.09 min (cpu), 0.10 min (real)
Generate toy 219/250

 -- MarkovChainMC -- 
Limit: r < 3.60872 +/- 0.011915 @ 95% credibility (15 tries)
Done in 0.10 min (cpu), 0.10 min (real)
Generate toy 220/250

 -- MarkovChainMC -- 
Limit: r < 1.5409 +/- 0.00837123 @ 95% credibility (15 tries)
Done in 0.10 min (cpu), 0.10 min (real)
Generate toy 221/250

 -- MarkovChainMC -- 
Limit: r < 4.23991 +/- 0.0276201 @ 95% credibility (15 tries)
Done in 0.10 min (cpu), 0.10 min (real)
Generate toy 222/250

 -- MarkovChainMC -- 
Limit: r < 1.87481 +/- 0.0159336 @ 95% credibility (15 tries)
Done in 0.09 min (cpu), 0.09 min (real)
Generate toy 223/250

 -- MarkovChainMC -- 
Limit: r < 1.51029 +/- 0.0146385 @ 95% credibility (15 tries)
Done in 0.09 min (cpu), 0.09 min (real)
Generate toy 224/250

 -- MarkovChainMC -- 
Limit: r < 2.07718 +/- 0.019218 @ 95% credibility (15 tries)
Done in 0.09 min (cpu), 0.09 min (real)
Generate toy 225/250

 -- MarkovChainMC -- 
Limit: r < 2.9552 +/- 0.0147767 @ 95% credibility (15 tries)
Done in 0.10 min (cpu), 0.10 min (real)
Generate toy 226/250

 -- MarkovChainMC -- 
Limit: r < 2.10906 +/- 0.0123017 @ 95% credibility (15 tries)
Done in 0.09 min (cpu), 0.09 min (real)
Generate toy 227/250

 -- MarkovChainMC -- 
Limit: r < 1.71147 +/- 0.0133788 @ 95% credibility (15 tries)
Done in 0.08 min (cpu), 0.08 min (real)
Generate toy 228/250

 -- MarkovChainMC -- 
Limit: r < 2.25469 +/- 0.0132655 @ 95% credibility (15 tries)
Done in 0.09 min (cpu), 0.09 min (real)
Generate toy 229/250

 -- MarkovChainMC -- 
Limit: r < 2.14966 +/- 0.0163244 @ 95% credibility (15 tries)
Done in 0.09 min (cpu), 0.09 min (real)
Generate toy 230/250

 -- MarkovChainMC -- 
Limit: r < 1.02014 +/- 0.00852207 @ 95% credibility (15 tries)
Done in 0.08 min (cpu), 0.08 min (real)
Generate toy 231/250

 -- MarkovChainMC -- 
Limit: r < 2.97727 +/- 0.0180505 @ 95% credibility (15 tries)
Done in 0.10 min (cpu), 0.10 min (real)
Generate toy 232/250

 -- MarkovChainMC -- 
Limit: r < 1.22975 +/- 0.0142994 @ 95% credibility (15 tries)
Done in 0.08 min (cpu), 0.09 min (real)
Generate toy 233/250

 -- MarkovChainMC -- 
Limit: r < 1.87261 +/- 0.0117072 @ 95% credibility (15 tries)
Done in 0.09 min (cpu), 0.09 min (real)
Generate toy 234/250

 -- MarkovChainMC -- 
Limit: r < 4.16217 +/- 0.0160462 @ 95% credibility (15 tries)
Done in 0.09 min (cpu), 0.10 min (real)
Generate toy 235/250

 -- MarkovChainMC -- 
Limit: r < 2.78526 +/- 0.0348638 @ 95% credibility (15 tries)
Done in 0.09 min (cpu), 0.10 min (real)
Generate toy 236/250

 -- MarkovChainMC -- 
Limit: r < 1.75205 +/- 0.0180738 @ 95% credibility (15 tries)
Done in 0.09 min (cpu), 0.09 min (real)
Generate toy 237/250

 -- MarkovChainMC -- 
Limit: r < 1.77456 +/- 0.0106617 @ 95% credibility (15 tries)
Done in 0.09 min (cpu), 0.10 min (real)
Generate toy 238/250

 -- MarkovChainMC -- 
Limit: r < 3.52273 +/- 0.0150976 @ 95% credibility (15 tries)
Done in 0.10 min (cpu), 0.10 min (real)
Generate toy 239/250

 -- MarkovChainMC -- 
Limit: r < 2.04146 +/- 0.0161393 @ 95% credibility (15 tries)
Done in 0.09 min (cpu), 0.09 min (real)
Generate toy 240/250

 -- MarkovChainMC -- 
Limit: r < 1.36461 +/- 0.0133456 @ 95% credibility (15 tries)
Done in 0.09 min (cpu), 0.09 min (real)
Generate toy 241/250

 -- MarkovChainMC -- 
Limit: r < 2.98694 +/- 0.0137065 @ 95% credibility (15 tries)
Done in 0.10 min (cpu), 0.10 min (real)
Generate toy 242/250

 -- MarkovChainMC -- 
Limit: r < 1.68211 +/- 0.0116248 @ 95% credibility (15 tries)
Done in 0.09 min (cpu), 0.09 min (real)
Generate toy 243/250

 -- MarkovChainMC -- 
Limit: r < 1.58573 +/- 0.0222509 @ 95% credibility (15 tries)
Done in 0.09 min (cpu), 0.09 min (real)
Generate toy 244/250

 -- MarkovChainMC -- 
Limit: r < 1.45021 +/- 0.00674664 @ 95% credibility (15 tries)
Done in 0.08 min (cpu), 0.08 min (real)
Generate toy 245/250

 -- MarkovChainMC -- 
Limit: r < 2.03833 +/- 0.0205024 @ 95% credibility (15 tries)
Done in 0.09 min (cpu), 0.09 min (real)
Generate toy 246/250

 -- MarkovChainMC -- 
Limit: r < 1.44167 +/- 0.0244787 @ 95% credibility (15 tries)
Done in 0.08 min (cpu), 0.08 min (real)
Generate toy 247/250

 -- MarkovChainMC -- 
Limit: r < 2.20586 +/- 0.0209973 @ 95% credibility (15 tries)
Done in 0.09 min (cpu), 0.09 min (real)
Generate toy 248/250

 -- MarkovChainMC -- 
Limit: r < 3.07333 +/- 0.0231287 @ 95% credibility (15 tries)
Done in 0.10 min (cpu), 0.10 min (real)
Generate toy 249/250

 -- MarkovChainMC -- 
Limit: r < 3.01842 +/- 0.0208879 @ 95% credibility (15 tries)
Done in 0.09 min (cpu), 0.09 min (real)
Generate toy 250/250

 -- MarkovChainMC -- 
Limit: r < 1.76888 +/- 0.0205868 @ 95% credibility (15 tries)
Done in 0.09 min (cpu), 0.09 min (real)
mean   expected limit: r < 1.85561 +/- 0.0420128 @ 95%CL (250 toyMC)
median expected limit: r < 1.72136 @ 95%CL (250 toyMC)
   68% expected band : 1.23706 < r < 2.48044
   95% expected band : 0.968439 < r < 3.53434
