 <<< Combine >>> 
 <<< v10.0.2 >>>
>>> Used OpenSSL to get a truly random seed 329307566
>>> Method used is MarkovChainMC
============================================================
Analyzing bin errors for: prop_binmuon_channel
Poisson cut-off: 10
Processes excluded for sums: Wprime5600
============================================================
Bin        Contents        Error           Notes                         
0          4248.786550     16.641886       total sum                     
0          4247.905511     16.641873       excluding marked processes    
0          65155.000000    255.254775      Unweighted events, alpha=0.065210
  => Total parameter prop_binmuon_channel_bin0[0.00,-7.00,7.00] to be Gaussian constrained
------------------------------------------------------------
1          1622.963351     7.853258        total sum                     
1          1622.176518     7.853234        excluding marked processes    
1          42668.000000    206.562339      Unweighted events, alpha=0.038037
  => Total parameter prop_binmuon_channel_bin1[0.00,-7.00,7.00] to be Gaussian constrained
------------------------------------------------------------
2          722.667505      4.824365        total sum                     
2          721.973552      4.824330        excluding marked processes    
2          22396.000000    149.652932      Unweighted events, alpha=0.032268
  => Total parameter prop_binmuon_channel_bin2[0.00,-7.00,7.00] to be Gaussian constrained
------------------------------------------------------------
3          359.642622      3.019136        total sum                     
3          358.994453      3.019084        excluding marked processes    
3          14139.000000    118.907527      Unweighted events, alpha=0.025436
  => Total parameter prop_binmuon_channel_bin3[0.00,-7.00,7.00] to be Gaussian constrained
------------------------------------------------------------
4          191.782717      3.361137        total sum                     
4          191.228626      3.361097        excluding marked processes    
4          3237.000000     56.894639       Unweighted events, alpha=0.059247
  => Total parameter prop_binmuon_channel_bin4[0.00,-7.00,7.00] to be Gaussian constrained
------------------------------------------------------------
5          112.943198      1.201503        total sum                     
5          112.398423      1.201388        excluding marked processes    
5          8753.000000     93.557469       Unweighted events, alpha=0.012903
  => Total parameter prop_binmuon_channel_bin5[0.00,-7.00,7.00] to be Gaussian constrained
------------------------------------------------------------
6          107.678751      1.559202        total sum                     
6          106.801137      1.559062        excluding marked processes    
6          4693.000000     68.505474       Unweighted events, alpha=0.022945
  => Total parameter prop_binmuon_channel_bin6[0.00,-7.00,7.00] to be Gaussian constrained
------------------------------------------------------------
7          41.832888       0.658203        total sum                     
7          41.104515       0.657922        excluding marked processes    
7          3903.000000     62.473995       Unweighted events, alpha=0.010718
  => Total parameter prop_binmuon_channel_bin7[0.00,-7.00,7.00] to be Gaussian constrained
------------------------------------------------------------
8          24.333931       0.587434        total sum                     
8          23.449391       0.587056        excluding marked processes    
8          1596.000000     39.949969       Unweighted events, alpha=0.015247
  => Total parameter prop_binmuon_channel_bin8[0.00,-7.00,7.00] to be Gaussian constrained
------------------------------------------------------------
9          9.036815        0.394989        total sum                     
9          8.355840        0.394559        excluding marked processes    
9          448.000000      21.166010       Unweighted events, alpha=0.020171
  => Total parameter prop_binmuon_channel_bin9[0.00,-7.00,7.00] to be Gaussian constrained
------------------------------------------------------------
10         4.299961        0.252694        total sum                     
10         3.506378        0.251887        excluding marked processes    
10         194.000000      13.928388       Unweighted events, alpha=0.022165
  => Total parameter prop_binmuon_channel_bin10[0.00,-7.00,7.00] to be Gaussian constrained
------------------------------------------------------------
11         2.101192        0.347187        total sum                     
11         1.067330        0.346429        excluding marked processes    
11         9.000000        3.000000        Unweighted events, alpha=0.233466
  => Number of weighted events is below Poisson threshold
    Wprime5600           1.033862        0.022928                                      
                         2033.000000     45.088801       Unweighted events, alpha=0.000509
      => Parameter prop_binmuon_channel_bin11_Wprime5600[0.00,-7.00,7.00] to be Gaussian constrained
  ----------------------------------------------------------
    W_boson              0.796556        0.295954                                      
                         7.000000        2.645751        Unweighted events, alpha=0.113794
      => Product of prop_binmuon_channel_bin11_W_boson[7.00,0.07,45.79] and const [0.1429] to be Poisson constrained
  ----------------------------------------------------------
    Top                  0.000000        0.000000                                      
      => Error is zero, ignore      
  ----------------------------------------------------------
    Z_boson              0.017927        0.000329                                      
                         2976.000000     54.552727       Unweighted events, alpha=0.000006
      => Parameter prop_binmuon_channel_bin11_Z_boson[0.00,-7.00,7.00] to be Gaussian constrained
  ----------------------------------------------------------
    DiBoson              0.249416        0.180059                                      
                         2.000000        1.414214        Unweighted events, alpha=0.124708
      => Product of prop_binmuon_channel_bin11_DiBoson[2.00,0.00,33.79] and const [0.5000] to be Poisson constrained
  ----------------------------------------------------------
    QCD                  0.003431        0.001741                                      
                         4.000000        2.000000        Unweighted events, alpha=0.000858
      => Product of prop_binmuon_channel_bin11_QCD[4.00,0.00,38.96] and const [0.2500] to be Poisson constrained
  ----------------------------------------------------------
------------------------------------------------------------
12         1.611718        0.290022        total sum                     
12         0.530791        0.289065        excluding marked processes    
12         3.000000        1.732051        Unweighted events, alpha=0.537239
  => Number of weighted events is below Poisson threshold
    Wprime5600           1.080926        0.023538                                      
                         2109.000000     45.923850       Unweighted events, alpha=0.000513
      => Parameter prop_binmuon_channel_bin12_Wprime5600[0.00,-7.00,7.00] to be Gaussian constrained
  ----------------------------------------------------------
    W_boson              0.216692        0.001181                                      
                         33653.000000    183.447540      Unweighted events, alpha=0.000006
      => Parameter prop_binmuon_channel_bin12_W_boson[0.00,-7.00,7.00] to be Gaussian constrained
  ----------------------------------------------------------
    Top                  0.000000        0.000000                                      
      => Error is zero, ignore      
  ----------------------------------------------------------
    Z_boson              0.004094        0.000500                                      
                         67.000000       8.185353        Unweighted events, alpha=0.000061
      => Parameter prop_binmuon_channel_bin12_Z_boson[0.00,-7.00,7.00] to be Gaussian constrained
  ----------------------------------------------------------
    DiBoson              0.288910        0.288561                                      
                         1.000000        1.000000        Unweighted events, alpha=0.288910
      => Product of prop_binmuon_channel_bin12_DiBoson[1.00,0.00,30.85] and const [1.0000] to be Poisson constrained
  ----------------------------------------------------------
    QCD                  0.021095        0.017013                                      
                         2.000000        1.414214        Unweighted events, alpha=0.010547
      => Product of prop_binmuon_channel_bin12_QCD[2.00,0.00,33.79] and const [0.5000] to be Poisson constrained
  ----------------------------------------------------------
------------------------------------------------------------
13         2.817531        0.037174        total sum                     
13         0.067145        0.000584        excluding marked processes    
13         13239.000000    115.060853      Unweighted events, alpha=0.000213
  => Total parameter prop_binmuon_channel_bin13[0.00,-7.00,7.00] to be Gaussian constrained
------------------------------------------------------------
14         1.756557        0.029261        total sum                     
14         0.003967        0.000043        excluding marked processes    
14         8482.000000     92.097774       Unweighted events, alpha=0.000207
  => Total parameter prop_binmuon_channel_bin14[0.00,-7.00,7.00] to be Gaussian constrained
------------------------------------------------------------
15         0.207575        0.010717        total sum                     
15         0.005625        0.003835        excluding marked processes    
15         2.000000        1.414214        Unweighted events, alpha=0.103788
  => Number of weighted events is below Poisson threshold
    Wprime5600           0.201950        0.010007                                      
                         407.000000      20.174241       Unweighted events, alpha=0.000496
      => Parameter prop_binmuon_channel_bin15_Wprime5600[0.00,-7.00,7.00] to be Gaussian constrained
  ----------------------------------------------------------
    W_boson              0.000849        0.000021                                      
                         1670.000000     40.865633       Unweighted events, alpha=0.000001
      => Parameter prop_binmuon_channel_bin15_W_boson[0.00,-7.00,7.00] to be Gaussian constrained
  ----------------------------------------------------------
    Top                  0.000000        0.000000                                      
      => Error is zero, ignore      
  ----------------------------------------------------------
    Z_boson              0.000011        0.000003                                      
                         16.000000       4.000000        Unweighted events, alpha=0.000001
      => Parameter prop_binmuon_channel_bin15_Z_boson[0.00,-7.00,7.00] to be Gaussian constrained
  ----------------------------------------------------------
    DiBoson              0.000000        0.000000                                      
      => Error is zero, ignore      
  ----------------------------------------------------------
    QCD                  0.004765        0.003834                                      
                         2.000000        1.414214        Unweighted events, alpha=0.002383
      => Product of prop_binmuon_channel_bin15_QCD[2.00,0.00,33.79] and const [0.5000] to be Poisson constrained
  ----------------------------------------------------------
------------------------------------------------------------
Channel muon_channel will use autoMCStats with settings: event-threshold=10, include-signal=0, hist-mode=1
Generate toy 1/250

 -- MarkovChainMC -- 
Limit: r < 0.496209 +/- 0.00615774 @ 95% credibility (15 tries)
Done in 0.11 min (cpu), 0.11 min (real)
Generate toy 2/250

 -- MarkovChainMC -- 
Limit: r < 0.954828 +/- 0.0130814 @ 95% credibility (15 tries)
Done in 0.11 min (cpu), 0.11 min (real)
Generate toy 3/250

 -- MarkovChainMC -- 
Limit: r < 0.499442 +/- 0.00601884 @ 95% credibility (15 tries)
Done in 0.11 min (cpu), 0.11 min (real)
Generate toy 4/250

 -- MarkovChainMC -- 
Limit: r < 0.512384 +/- 0.00864685 @ 95% credibility (15 tries)
Done in 0.11 min (cpu), 0.11 min (real)
Generate toy 5/250

 -- MarkovChainMC -- 
Limit: r < 0.666213 +/- 0.0144314 @ 95% credibility (15 tries)
Done in 0.11 min (cpu), 0.11 min (real)
Generate toy 6/250

 -- MarkovChainMC -- 
Limit: r < 0.825954 +/- 0.013178 @ 95% credibility (15 tries)
Done in 0.11 min (cpu), 0.11 min (real)
Generate toy 7/250

 -- MarkovChainMC -- 
Limit: r < 0.708742 +/- 0.00866345 @ 95% credibility (15 tries)
Done in 0.11 min (cpu), 0.11 min (real)
Generate toy 8/250

 -- MarkovChainMC -- 
Limit: r < 0.625821 +/- 0.0124815 @ 95% credibility (15 tries)
Done in 0.10 min (cpu), 0.10 min (real)
Generate toy 9/250

 -- MarkovChainMC -- 
Limit: r < 0.536118 +/- 0.00835361 @ 95% credibility (15 tries)
Done in 0.12 min (cpu), 0.13 min (real)
Generate toy 10/250

 -- MarkovChainMC -- 
Limit: r < 1.09937 +/- 0.0126626 @ 95% credibility (15 tries)
Done in 0.12 min (cpu), 0.12 min (real)
Generate toy 11/250

 -- MarkovChainMC -- 
Limit: r < 0.808335 +/- 0.0145627 @ 95% credibility (15 tries)
Done in 0.11 min (cpu), 0.11 min (real)
Generate toy 12/250

 -- MarkovChainMC -- 
Limit: r < 0.586964 +/- 0.00857219 @ 95% credibility (15 tries)
Done in 0.12 min (cpu), 0.13 min (real)
Generate toy 13/250

 -- MarkovChainMC -- 
Limit: r < 1.09554 +/- 0.00916218 @ 95% credibility (15 tries)
Done in 0.12 min (cpu), 0.12 min (real)
Generate toy 14/250

 -- MarkovChainMC -- 
Limit: r < 0.668725 +/- 0.00627912 @ 95% credibility (15 tries)
Done in 0.12 min (cpu), 0.12 min (real)
Generate toy 15/250

 -- MarkovChainMC -- 
Limit: r < 0.705841 +/- 0.0097761 @ 95% credibility (15 tries)
Done in 0.13 min (cpu), 0.13 min (real)
Generate toy 16/250

 -- MarkovChainMC -- 
Limit: r < 0.880246 +/- 0.00624839 @ 95% credibility (15 tries)
Done in 0.13 min (cpu), 0.13 min (real)
Generate toy 17/250

 -- MarkovChainMC -- 
Limit: r < 0.584308 +/- 0.0115539 @ 95% credibility (15 tries)
Done in 0.11 min (cpu), 0.11 min (real)
Generate toy 18/250

 -- MarkovChainMC -- 
Limit: r < 0.642021 +/- 0.00475215 @ 95% credibility (15 tries)
Done in 0.11 min (cpu), 0.11 min (real)
Generate toy 19/250

 -- MarkovChainMC -- 
Limit: r < 0.649224 +/- 0.00620845 @ 95% credibility (15 tries)
Done in 0.11 min (cpu), 0.11 min (real)
Generate toy 20/250

 -- MarkovChainMC -- 
Limit: r < 0.857477 +/- 0.0107817 @ 95% credibility (15 tries)
Done in 0.12 min (cpu), 0.12 min (real)
Generate toy 21/250

 -- MarkovChainMC -- 
Limit: r < 0.711011 +/- 0.00488628 @ 95% credibility (15 tries)
Done in 0.12 min (cpu), 0.12 min (real)
Generate toy 22/250

 -- MarkovChainMC -- 
Limit: r < 0.511387 +/- 0.00442889 @ 95% credibility (15 tries)
Done in 0.11 min (cpu), 0.11 min (real)
Generate toy 23/250

 -- MarkovChainMC -- 
Limit: r < 0.951651 +/- 0.0137948 @ 95% credibility (15 tries)
Done in 0.12 min (cpu), 0.13 min (real)
Generate toy 24/250

 -- MarkovChainMC -- 
Limit: r < 0.844229 +/- 0.00616316 @ 95% credibility (15 tries)
Done in 0.12 min (cpu), 0.12 min (real)
Generate toy 25/250

 -- MarkovChainMC -- 
Limit: r < 0.737896 +/- 0.00429139 @ 95% credibility (15 tries)
Done in 0.11 min (cpu), 0.11 min (real)
Generate toy 26/250

 -- MarkovChainMC -- 
Limit: r < 0.584393 +/- 0.0111406 @ 95% credibility (15 tries)
Done in 0.10 min (cpu), 0.10 min (real)
Generate toy 27/250

 -- MarkovChainMC -- 
Limit: r < 0.708168 +/- 0.00555429 @ 95% credibility (15 tries)
Done in 0.11 min (cpu), 0.11 min (real)
Generate toy 28/250

 -- MarkovChainMC -- 
Limit: r < 0.638752 +/- 0.00878764 @ 95% credibility (15 tries)
Done in 0.11 min (cpu), 0.11 min (real)
Generate toy 29/250

 -- MarkovChainMC -- 
Limit: r < 0.723333 +/- 0.00670789 @ 95% credibility (15 tries)
Done in 0.12 min (cpu), 0.12 min (real)
Generate toy 30/250

 -- MarkovChainMC -- 
Limit: r < 0.544887 +/- 0.00586911 @ 95% credibility (15 tries)
Done in 0.10 min (cpu), 0.10 min (real)
Generate toy 31/250

 -- MarkovChainMC -- 
Limit: r < 0.546955 +/- 0.00578744 @ 95% credibility (15 tries)
Done in 0.11 min (cpu), 0.11 min (real)
Generate toy 32/250

 -- MarkovChainMC -- 
Limit: r < 0.758058 +/- 0.00702411 @ 95% credibility (15 tries)
Done in 0.11 min (cpu), 0.11 min (real)
Generate toy 33/250

 -- MarkovChainMC -- 
Limit: r < 0.466906 +/- 0.00725644 @ 95% credibility (15 tries)
Done in 0.11 min (cpu), 0.11 min (real)
Generate toy 34/250

 -- MarkovChainMC -- 
Limit: r < 0.807939 +/- 0.0142586 @ 95% credibility (15 tries)
Done in 0.11 min (cpu), 0.12 min (real)
Generate toy 35/250

 -- MarkovChainMC -- 
Limit: r < 0.573073 +/- 0.00891657 @ 95% credibility (15 tries)
Done in 0.11 min (cpu), 0.11 min (real)
Generate toy 36/250

 -- MarkovChainMC -- 
Limit: r < 0.439215 +/- 0.00801206 @ 95% credibility (15 tries)
Done in 0.11 min (cpu), 0.11 min (real)
Generate toy 37/250

 -- MarkovChainMC -- 
Limit: r < 0.613077 +/- 0.00705918 @ 95% credibility (15 tries)
Done in 0.12 min (cpu), 0.12 min (real)
Generate toy 38/250

 -- MarkovChainMC -- 
Limit: r < 0.70954 +/- 0.0065542 @ 95% credibility (15 tries)
Done in 0.11 min (cpu), 0.11 min (real)
Generate toy 39/250

 -- MarkovChainMC -- 
Limit: r < 0.848883 +/- 0.0121032 @ 95% credibility (15 tries)
Done in 0.11 min (cpu), 0.12 min (real)
Generate toy 40/250

 -- MarkovChainMC -- 
Limit: r < 0.543731 +/- 0.00667193 @ 95% credibility (15 tries)
Done in 0.11 min (cpu), 0.11 min (real)
Generate toy 41/250

 -- MarkovChainMC -- 
Limit: r < 0.571623 +/- 0.00927566 @ 95% credibility (15 tries)
Done in 0.11 min (cpu), 0.11 min (real)
Generate toy 42/250

 -- MarkovChainMC -- 
Limit: r < 0.618919 +/- 0.00824876 @ 95% credibility (15 tries)
Done in 0.11 min (cpu), 0.12 min (real)
Generate toy 43/250

 -- MarkovChainMC -- 
Limit: r < 0.549393 +/- 0.00885381 @ 95% credibility (15 tries)
Done in 0.12 min (cpu), 0.12 min (real)
Generate toy 44/250

 -- MarkovChainMC -- 
Limit: r < 0.760815 +/- 0.00907427 @ 95% credibility (15 tries)
Done in 0.12 min (cpu), 0.12 min (real)
Generate toy 45/250

 -- MarkovChainMC -- 
Limit: r < 0.475731 +/- 0.0108328 @ 95% credibility (15 tries)
Done in 0.12 min (cpu), 0.12 min (real)
Generate toy 46/250

 -- MarkovChainMC -- 
Limit: r < 0.592953 +/- 0.009613 @ 95% credibility (15 tries)
Done in 0.13 min (cpu), 0.13 min (real)
Generate toy 47/250

 -- MarkovChainMC -- 
Limit: r < 0.414428 +/- 0.00357139 @ 95% credibility (15 tries)
Done in 0.10 min (cpu), 0.10 min (real)
Generate toy 48/250

 -- MarkovChainMC -- 
Limit: r < 0.50188 +/- 0.00562293 @ 95% credibility (15 tries)
Done in 0.11 min (cpu), 0.11 min (real)
Generate toy 49/250

 -- MarkovChainMC -- 
Limit: r < 0.967664 +/- 0.0133529 @ 95% credibility (15 tries)
Done in 0.12 min (cpu), 0.12 min (real)
Generate toy 50/250

 -- MarkovChainMC -- 
Limit: r < 0.674863 +/- 0.0122162 @ 95% credibility (15 tries)
Done in 0.11 min (cpu), 0.11 min (real)
Generate toy 51/250

 -- MarkovChainMC -- 
Limit: r < 0.617967 +/- 0.010068 @ 95% credibility (15 tries)
Done in 0.11 min (cpu), 0.11 min (real)
Generate toy 52/250

 -- MarkovChainMC -- 
Limit: r < 0.726912 +/- 0.0127319 @ 95% credibility (15 tries)
Done in 0.11 min (cpu), 0.11 min (real)
Generate toy 53/250

 -- MarkovChainMC -- 
Limit: r < 0.560257 +/- 0.00911228 @ 95% credibility (15 tries)
Done in 0.10 min (cpu), 0.10 min (real)
Generate toy 54/250

 -- MarkovChainMC -- 
Limit: r < 0.686072 +/- 0.0155829 @ 95% credibility (15 tries)
Done in 0.11 min (cpu), 0.11 min (real)
Generate toy 55/250

 -- MarkovChainMC -- 
Limit: r < 0.516234 +/- 0.00585721 @ 95% credibility (15 tries)
Done in 0.10 min (cpu), 0.10 min (real)
Generate toy 56/250

 -- MarkovChainMC -- 
Limit: r < 1.11194 +/- 0.0122076 @ 95% credibility (15 tries)
Done in 0.12 min (cpu), 0.13 min (real)
Generate toy 57/250

 -- MarkovChainMC -- 
Limit: r < 0.647492 +/- 0.00843229 @ 95% credibility (15 tries)
Done in 0.12 min (cpu), 0.12 min (real)
Generate toy 58/250

 -- MarkovChainMC -- 
Limit: r < 0.517314 +/- 0.0110781 @ 95% credibility (15 tries)
Done in 0.10 min (cpu), 0.10 min (real)
Generate toy 59/250

 -- MarkovChainMC -- 
Limit: r < 0.582932 +/- 0.00625409 @ 95% credibility (15 tries)
Done in 0.11 min (cpu), 0.11 min (real)
Generate toy 60/250

 -- MarkovChainMC -- 
Limit: r < 0.652442 +/- 0.00958202 @ 95% credibility (15 tries)
Done in 0.10 min (cpu), 0.11 min (real)
Generate toy 61/250

 -- MarkovChainMC -- 
Limit: r < 0.469334 +/- 0.00553344 @ 95% credibility (15 tries)
Done in 0.11 min (cpu), 0.11 min (real)
Generate toy 62/250

 -- MarkovChainMC -- 
Limit: r < 0.613878 +/- 0.00810526 @ 95% credibility (15 tries)
Done in 0.12 min (cpu), 0.13 min (real)
Generate toy 63/250

 -- MarkovChainMC -- 
Limit: r < 0.698449 +/- 0.0101535 @ 95% credibility (15 tries)
Done in 0.12 min (cpu), 0.12 min (real)
Generate toy 64/250

 -- MarkovChainMC -- 
Limit: r < 0.650306 +/- 0.00686077 @ 95% credibility (15 tries)
Done in 0.13 min (cpu), 0.13 min (real)
Generate toy 65/250

 -- MarkovChainMC -- 
Limit: r < 0.685264 +/- 0.01153 @ 95% credibility (15 tries)
Done in 0.12 min (cpu), 0.12 min (real)
Generate toy 66/250

 -- MarkovChainMC -- 
Limit: r < 0.523657 +/- 0.00651066 @ 95% credibility (15 tries)
Done in 0.10 min (cpu), 0.11 min (real)
Generate toy 67/250

 -- MarkovChainMC -- 
Limit: r < 0.586724 +/- 0.0118814 @ 95% credibility (15 tries)
Done in 0.12 min (cpu), 0.12 min (real)
Generate toy 68/250

 -- MarkovChainMC -- 
Limit: r < 0.927796 +/- 0.0103283 @ 95% credibility (15 tries)
Done in 0.12 min (cpu), 0.12 min (real)
Generate toy 69/250

 -- MarkovChainMC -- 
Limit: r < 0.82662 +/- 0.00709408 @ 95% credibility (15 tries)
Done in 0.12 min (cpu), 0.12 min (real)
Generate toy 70/250

 -- MarkovChainMC -- 
Limit: r < 0.425576 +/- 0.00853079 @ 95% credibility (15 tries)
Done in 0.12 min (cpu), 0.12 min (real)
Generate toy 71/250

 -- MarkovChainMC -- 
Limit: r < 0.602807 +/- 0.00795486 @ 95% credibility (15 tries)
Done in 0.11 min (cpu), 0.11 min (real)
Generate toy 72/250

 -- MarkovChainMC -- 
Limit: r < 0.605635 +/- 0.00521757 @ 95% credibility (15 tries)
Done in 0.12 min (cpu), 0.12 min (real)
Generate toy 73/250

 -- MarkovChainMC -- 
Limit: r < 0.447836 +/- 0.00736506 @ 95% credibility (15 tries)
Done in 0.12 min (cpu), 0.12 min (real)
Generate toy 74/250

 -- MarkovChainMC -- 
Limit: r < 0.573774 +/- 0.00766373 @ 95% credibility (15 tries)
Done in 0.10 min (cpu), 0.10 min (real)
Generate toy 75/250

 -- MarkovChainMC -- 
Limit: r < 0.721337 +/- 0.00921837 @ 95% credibility (15 tries)
Done in 0.11 min (cpu), 0.11 min (real)
Generate toy 76/250

 -- MarkovChainMC -- 
Limit: r < 0.493278 +/- 0.00887761 @ 95% credibility (15 tries)
Done in 0.12 min (cpu), 0.12 min (real)
Generate toy 77/250

 -- MarkovChainMC -- 
Limit: r < 0.524534 +/- 0.00745449 @ 95% credibility (15 tries)
Done in 0.11 min (cpu), 0.11 min (real)
Generate toy 78/250

 -- MarkovChainMC -- 
Limit: r < 0.733887 +/- 0.00480201 @ 95% credibility (15 tries)
Done in 0.12 min (cpu), 0.12 min (real)
Generate toy 79/250

 -- MarkovChainMC -- 
Limit: r < 0.503555 +/- 0.00580292 @ 95% credibility (15 tries)
Done in 0.12 min (cpu), 0.12 min (real)
Generate toy 80/250

 -- MarkovChainMC -- 
Limit: r < 0.578334 +/- 0.00998381 @ 95% credibility (15 tries)
Done in 0.12 min (cpu), 0.12 min (real)
Generate toy 81/250

 -- MarkovChainMC -- 
Limit: r < 0.588713 +/- 0.00992455 @ 95% credibility (15 tries)
Done in 0.12 min (cpu), 0.12 min (real)
Generate toy 82/250

 -- MarkovChainMC -- 
Limit: r < 0.564287 +/- 0.00532865 @ 95% credibility (15 tries)
Done in 0.11 min (cpu), 0.12 min (real)
Generate toy 83/250

 -- MarkovChainMC -- 
Limit: r < 0.75098 +/- 0.010519 @ 95% credibility (15 tries)
Done in 0.12 min (cpu), 0.12 min (real)
Generate toy 84/250

 -- MarkovChainMC -- 
Limit: r < 0.470535 +/- 0.00539055 @ 95% credibility (15 tries)
Done in 0.11 min (cpu), 0.11 min (real)
Generate toy 85/250

 -- MarkovChainMC -- 
Limit: r < 0.534735 +/- 0.00729525 @ 95% credibility (15 tries)
Done in 0.11 min (cpu), 0.11 min (real)
Generate toy 86/250

 -- MarkovChainMC -- 
Limit: r < 0.484121 +/- 0.00695512 @ 95% credibility (15 tries)
Done in 0.12 min (cpu), 0.12 min (real)
Generate toy 87/250

 -- MarkovChainMC -- 
Limit: r < 0.542355 +/- 0.00644084 @ 95% credibility (15 tries)
Done in 0.11 min (cpu), 0.11 min (real)
Generate toy 88/250

 -- MarkovChainMC -- 
Limit: r < 0.553982 +/- 0.00721683 @ 95% credibility (15 tries)
Done in 0.10 min (cpu), 0.10 min (real)
Generate toy 89/250

 -- MarkovChainMC -- 
Limit: r < 1.16541 +/- 0.0188884 @ 95% credibility (15 tries)
Done in 0.13 min (cpu), 0.13 min (real)
Generate toy 90/250

 -- MarkovChainMC -- 
Limit: r < 0.638808 +/- 0.0127182 @ 95% credibility (15 tries)
Done in 0.13 min (cpu), 0.14 min (real)
Generate toy 91/250

 -- MarkovChainMC -- 
Limit: r < 0.637056 +/- 0.00534861 @ 95% credibility (15 tries)
Done in 0.11 min (cpu), 0.11 min (real)
Generate toy 92/250

 -- MarkovChainMC -- 
Limit: r < 0.752442 +/- 0.0120816 @ 95% credibility (15 tries)
Done in 0.13 min (cpu), 0.13 min (real)
Generate toy 93/250

 -- MarkovChainMC -- 
Limit: r < 0.528646 +/- 0.00918766 @ 95% credibility (15 tries)
Done in 0.12 min (cpu), 0.12 min (real)
Generate toy 94/250

 -- MarkovChainMC -- 
Limit: r < 0.587358 +/- 0.010023 @ 95% credibility (15 tries)
Done in 0.11 min (cpu), 0.12 min (real)
Generate toy 95/250

 -- MarkovChainMC -- 
Limit: r < 0.51351 +/- 0.0101256 @ 95% credibility (15 tries)
Done in 0.11 min (cpu), 0.11 min (real)
Generate toy 96/250

 -- MarkovChainMC -- 
Limit: r < 0.457492 +/- 0.0071646 @ 95% credibility (15 tries)
Done in 0.11 min (cpu), 0.11 min (real)
Generate toy 97/250

 -- MarkovChainMC -- 
Limit: r < 0.591041 +/- 0.0112206 @ 95% credibility (15 tries)
Done in 0.10 min (cpu), 0.10 min (real)
Generate toy 98/250

 -- MarkovChainMC -- 
Limit: r < 0.500915 +/- 0.00586257 @ 95% credibility (15 tries)
Done in 0.11 min (cpu), 0.12 min (real)
Generate toy 99/250

 -- MarkovChainMC -- 
Limit: r < 0.90462 +/- 0.00947704 @ 95% credibility (15 tries)
Done in 0.11 min (cpu), 0.12 min (real)
Generate toy 100/250

 -- MarkovChainMC -- 
Limit: r < 0.470194 +/- 0.00395376 @ 95% credibility (15 tries)
Done in 0.11 min (cpu), 0.11 min (real)
Generate toy 101/250

 -- MarkovChainMC -- 
Limit: r < 0.570352 +/- 0.0113096 @ 95% credibility (15 tries)
Done in 0.11 min (cpu), 0.11 min (real)
Generate toy 102/250

 -- MarkovChainMC -- 
Limit: r < 0.573947 +/- 0.00675762 @ 95% credibility (15 tries)
Done in 0.11 min (cpu), 0.11 min (real)
Generate toy 103/250

 -- MarkovChainMC -- 
Limit: r < 0.505019 +/- 0.00840495 @ 95% credibility (15 tries)
Done in 0.13 min (cpu), 0.13 min (real)
Generate toy 104/250

 -- MarkovChainMC -- 
Limit: r < 0.566469 +/- 0.00532181 @ 95% credibility (15 tries)
Done in 0.13 min (cpu), 0.13 min (real)
Generate toy 105/250

 -- MarkovChainMC -- 
Limit: r < 0.435803 +/- 0.00502105 @ 95% credibility (15 tries)
Done in 0.11 min (cpu), 0.11 min (real)
Generate toy 106/250

 -- MarkovChainMC -- 
Limit: r < 0.539942 +/- 0.00908181 @ 95% credibility (15 tries)
Done in 0.11 min (cpu), 0.11 min (real)
Generate toy 107/250

 -- MarkovChainMC -- 
Limit: r < 0.599214 +/- 0.00876109 @ 95% credibility (15 tries)
Done in 0.11 min (cpu), 0.11 min (real)
Generate toy 108/250

 -- MarkovChainMC -- 
Limit: r < 0.516213 +/- 0.00653612 @ 95% credibility (15 tries)
Done in 0.12 min (cpu), 0.13 min (real)
Generate toy 109/250

 -- MarkovChainMC -- 
Limit: r < 0.489572 +/- 0.00775498 @ 95% credibility (15 tries)
Done in 0.12 min (cpu), 0.12 min (real)
Generate toy 110/250

 -- MarkovChainMC -- 
Limit: r < 0.700599 +/- 0.00727011 @ 95% credibility (15 tries)
Done in 0.11 min (cpu), 0.11 min (real)
Generate toy 111/250

 -- MarkovChainMC -- 
Limit: r < 0.981974 +/- 0.00741512 @ 95% credibility (15 tries)
Done in 0.11 min (cpu), 0.11 min (real)
Generate toy 112/250

 -- MarkovChainMC -- 
Limit: r < 0.576313 +/- 0.0073706 @ 95% credibility (15 tries)
Done in 0.12 min (cpu), 0.12 min (real)
Generate toy 113/250

 -- MarkovChainMC -- 
Limit: r < 0.945149 +/- 0.0144936 @ 95% credibility (15 tries)
Done in 0.14 min (cpu), 0.14 min (real)
Generate toy 114/250

 -- MarkovChainMC -- 
Limit: r < 0.549741 +/- 0.00533806 @ 95% credibility (15 tries)
Done in 0.12 min (cpu), 0.12 min (real)
Generate toy 115/250

 -- MarkovChainMC -- 
Limit: r < 0.543445 +/- 0.00588495 @ 95% credibility (15 tries)
Done in 0.11 min (cpu), 0.11 min (real)
Generate toy 116/250

 -- MarkovChainMC -- 
Limit: r < 0.799539 +/- 0.0096621 @ 95% credibility (15 tries)
Done in 0.13 min (cpu), 0.13 min (real)
Generate toy 117/250

 -- MarkovChainMC -- 
Limit: r < 0.736203 +/- 0.0113698 @ 95% credibility (15 tries)
Done in 0.12 min (cpu), 0.12 min (real)
Generate toy 118/250

 -- MarkovChainMC -- 
Limit: r < 0.790457 +/- 0.00597811 @ 95% credibility (15 tries)
Done in 0.14 min (cpu), 0.14 min (real)
Generate toy 119/250

 -- MarkovChainMC -- 
Limit: r < 0.48848 +/- 0.00665558 @ 95% credibility (15 tries)
Done in 0.13 min (cpu), 0.13 min (real)
Generate toy 120/250

 -- MarkovChainMC -- 
Limit: r < 0.819168 +/- 0.0160256 @ 95% credibility (15 tries)
Done in 0.14 min (cpu), 0.14 min (real)
Generate toy 121/250

 -- MarkovChainMC -- 
Limit: r < 0.494207 +/- 0.00709865 @ 95% credibility (15 tries)
Done in 0.12 min (cpu), 0.12 min (real)
Generate toy 122/250

 -- MarkovChainMC -- 
Limit: r < 0.622338 +/- 0.00906049 @ 95% credibility (15 tries)
Done in 0.12 min (cpu), 0.12 min (real)
Generate toy 123/250

 -- MarkovChainMC -- 
Limit: r < 0.669129 +/- 0.0098676 @ 95% credibility (15 tries)
Done in 0.12 min (cpu), 0.12 min (real)
Generate toy 124/250

 -- MarkovChainMC -- 
Limit: r < 0.499165 +/- 0.00790479 @ 95% credibility (15 tries)
Done in 0.13 min (cpu), 0.13 min (real)
Generate toy 125/250

 -- MarkovChainMC -- 
Limit: r < 0.737229 +/- 0.00450355 @ 95% credibility (15 tries)
Done in 0.11 min (cpu), 0.11 min (real)
Generate toy 126/250

 -- MarkovChainMC -- 
Limit: r < 0.759676 +/- 0.0114205 @ 95% credibility (15 tries)
Done in 0.12 min (cpu), 0.13 min (real)
Generate toy 127/250

 -- MarkovChainMC -- 
Limit: r < 0.69261 +/- 0.00390618 @ 95% credibility (15 tries)
Done in 0.11 min (cpu), 0.11 min (real)
Generate toy 128/250

 -- MarkovChainMC -- 
Limit: r < 0.568864 +/- 0.0120636 @ 95% credibility (15 tries)
Done in 0.11 min (cpu), 0.11 min (real)
Generate toy 129/250

 -- MarkovChainMC -- 
Limit: r < 0.599402 +/- 0.00723694 @ 95% credibility (15 tries)
Done in 0.11 min (cpu), 0.11 min (real)
Generate toy 130/250

 -- MarkovChainMC -- 
Limit: r < 0.583981 +/- 0.0105694 @ 95% credibility (15 tries)
Done in 0.12 min (cpu), 0.12 min (real)
Generate toy 131/250

 -- MarkovChainMC -- 
Limit: r < 0.682225 +/- 0.00598627 @ 95% credibility (15 tries)
Done in 0.11 min (cpu), 0.11 min (real)
Generate toy 132/250

 -- MarkovChainMC -- 
Limit: r < 0.481773 +/- 0.00931307 @ 95% credibility (15 tries)
Done in 0.10 min (cpu), 0.11 min (real)
Generate toy 133/250

 -- MarkovChainMC -- 
Limit: r < 0.852621 +/- 0.0106477 @ 95% credibility (15 tries)
Done in 0.11 min (cpu), 0.11 min (real)
Generate toy 134/250

 -- MarkovChainMC -- 
Limit: r < 0.601816 +/- 0.0066505 @ 95% credibility (15 tries)
Done in 0.11 min (cpu), 0.11 min (real)
Generate toy 135/250

 -- MarkovChainMC -- 
Limit: r < 1.16845 +/- 0.0136449 @ 95% credibility (15 tries)
Done in 0.14 min (cpu), 0.14 min (real)
Generate toy 136/250

 -- MarkovChainMC -- 
Limit: r < 0.621368 +/- 0.00739524 @ 95% credibility (15 tries)
Done in 0.11 min (cpu), 0.11 min (real)
Generate toy 137/250

 -- MarkovChainMC -- 
Limit: r < 0.574678 +/- 0.00522107 @ 95% credibility (15 tries)
Done in 0.12 min (cpu), 0.12 min (real)
Generate toy 138/250

 -- MarkovChainMC -- 
Limit: r < 0.535311 +/- 0.0129335 @ 95% credibility (15 tries)
Done in 0.12 min (cpu), 0.12 min (real)
Generate toy 139/250

 -- MarkovChainMC -- 
Limit: r < 0.420051 +/- 0.00583024 @ 95% credibility (15 tries)
Done in 0.13 min (cpu), 0.13 min (real)
Generate toy 140/250

 -- MarkovChainMC -- 
Limit: r < 0.740942 +/- 0.0103426 @ 95% credibility (15 tries)
Done in 0.12 min (cpu), 0.12 min (real)
Generate toy 141/250

 -- MarkovChainMC -- 
Limit: r < 0.496041 +/- 0.0131794 @ 95% credibility (15 tries)
Done in 0.11 min (cpu), 0.11 min (real)
Generate toy 142/250

 -- MarkovChainMC -- 
Limit: r < 0.769213 +/- 0.00895231 @ 95% credibility (15 tries)
Done in 0.12 min (cpu), 0.12 min (real)
Generate toy 143/250

 -- MarkovChainMC -- 
Limit: r < 0.982345 +/- 0.00948982 @ 95% credibility (15 tries)
Done in 0.11 min (cpu), 0.11 min (real)
Generate toy 144/250

 -- MarkovChainMC -- 
Limit: r < 0.597183 +/- 0.0125016 @ 95% credibility (15 tries)
Done in 0.12 min (cpu), 0.13 min (real)
Generate toy 145/250

 -- MarkovChainMC -- 
Limit: r < 0.516317 +/- 0.0117034 @ 95% credibility (15 tries)
Done in 0.12 min (cpu), 0.12 min (real)
Generate toy 146/250

 -- MarkovChainMC -- 
Limit: r < 0.586943 +/- 0.00820469 @ 95% credibility (15 tries)
Done in 0.11 min (cpu), 0.11 min (real)
Generate toy 147/250

 -- MarkovChainMC -- 
Limit: r < 0.794894 +/- 0.0090237 @ 95% credibility (15 tries)
Done in 0.12 min (cpu), 0.12 min (real)
Generate toy 148/250

 -- MarkovChainMC -- 
Limit: r < 0.534984 +/- 0.00537687 @ 95% credibility (15 tries)
Done in 0.12 min (cpu), 0.12 min (real)
Generate toy 149/250

 -- MarkovChainMC -- 
Limit: r < 0.962628 +/- 0.0135473 @ 95% credibility (15 tries)
Done in 0.12 min (cpu), 0.12 min (real)
Generate toy 150/250

 -- MarkovChainMC -- 
Limit: r < 0.565499 +/- 0.00449156 @ 95% credibility (15 tries)
Done in 0.12 min (cpu), 0.12 min (real)
Generate toy 151/250

 -- MarkovChainMC -- 
Limit: r < 0.454427 +/- 0.00418533 @ 95% credibility (15 tries)
Done in 0.11 min (cpu), 0.11 min (real)
Generate toy 152/250

 -- MarkovChainMC -- 
Limit: r < 0.798242 +/- 0.0112379 @ 95% credibility (15 tries)
Done in 0.12 min (cpu), 0.12 min (real)
Generate toy 153/250

 -- MarkovChainMC -- 
Limit: r < 0.523392 +/- 0.00656306 @ 95% credibility (15 tries)
Done in 0.11 min (cpu), 0.11 min (real)
Generate toy 154/250

 -- MarkovChainMC -- 
Limit: r < 0.604496 +/- 0.00622768 @ 95% credibility (15 tries)
Done in 0.13 min (cpu), 0.13 min (real)
Generate toy 155/250

 -- MarkovChainMC -- 
Limit: r < 0.641217 +/- 0.0109675 @ 95% credibility (15 tries)
Done in 0.11 min (cpu), 0.11 min (real)
Generate toy 156/250

 -- MarkovChainMC -- 
Limit: r < 0.819313 +/- 0.0181661 @ 95% credibility (15 tries)
Done in 0.11 min (cpu), 0.11 min (real)
Generate toy 157/250

 -- MarkovChainMC -- 
Limit: r < 0.461156 +/- 0.00853439 @ 95% credibility (15 tries)
Done in 0.10 min (cpu), 0.10 min (real)
Generate toy 158/250

 -- MarkovChainMC -- 
Limit: r < 0.997041 +/- 0.0126724 @ 95% credibility (15 tries)
Done in 0.12 min (cpu), 0.12 min (real)
Generate toy 159/250

 -- MarkovChainMC -- 
Limit: r < 0.510322 +/- 0.00992011 @ 95% credibility (15 tries)
Done in 0.12 min (cpu), 0.12 min (real)
Generate toy 160/250

 -- MarkovChainMC -- 
Limit: r < 0.452202 +/- 0.00728822 @ 95% credibility (15 tries)
Done in 0.11 min (cpu), 0.11 min (real)
Generate toy 161/250

 -- MarkovChainMC -- 
Limit: r < 0.496734 +/- 0.00527085 @ 95% credibility (15 tries)
Done in 0.11 min (cpu), 0.11 min (real)
Generate toy 162/250

 -- MarkovChainMC -- 
Limit: r < 0.613715 +/- 0.0103691 @ 95% credibility (15 tries)
Done in 0.12 min (cpu), 0.12 min (real)
Generate toy 163/250

 -- MarkovChainMC -- 
Limit: r < 0.663368 +/- 0.00829839 @ 95% credibility (15 tries)
Done in 0.12 min (cpu), 0.12 min (real)
Generate toy 164/250

 -- MarkovChainMC -- 
Limit: r < 0.487493 +/- 0.0107939 @ 95% credibility (15 tries)
Done in 0.11 min (cpu), 0.11 min (real)
Generate toy 165/250

 -- MarkovChainMC -- 
Limit: r < 0.448988 +/- 0.00758681 @ 95% credibility (15 tries)
Done in 0.11 min (cpu), 0.11 min (real)
Generate toy 166/250

 -- MarkovChainMC -- 
Limit: r < 0.591062 +/- 0.0105134 @ 95% credibility (15 tries)
Done in 0.11 min (cpu), 0.11 min (real)
Generate toy 167/250

 -- MarkovChainMC -- 
Limit: r < 0.821869 +/- 0.00797693 @ 95% credibility (15 tries)
Done in 0.13 min (cpu), 0.13 min (real)
Generate toy 168/250

 -- MarkovChainMC -- 
Limit: r < 0.583271 +/- 0.00667861 @ 95% credibility (15 tries)
Done in 0.15 min (cpu), 0.15 min (real)
Generate toy 169/250

 -- MarkovChainMC -- 
Limit: r < 0.684074 +/- 0.00642065 @ 95% credibility (15 tries)
Done in 0.13 min (cpu), 0.13 min (real)
Generate toy 170/250

 -- MarkovChainMC -- 
Limit: r < 0.617286 +/- 0.00671669 @ 95% credibility (15 tries)
Done in 0.12 min (cpu), 0.12 min (real)
Generate toy 171/250

 -- MarkovChainMC -- 
Limit: r < 0.938012 +/- 0.0120307 @ 95% credibility (15 tries)
Done in 0.13 min (cpu), 0.13 min (real)
Generate toy 172/250

 -- MarkovChainMC -- 
Limit: r < 0.87372 +/- 0.00965961 @ 95% credibility (15 tries)
Done in 0.12 min (cpu), 0.12 min (real)
Generate toy 173/250

 -- MarkovChainMC -- 
Limit: r < 0.709051 +/- 0.00910761 @ 95% credibility (15 tries)
Done in 0.13 min (cpu), 0.13 min (real)
Generate toy 174/250

 -- MarkovChainMC -- 
Limit: r < 0.49576 +/- 0.00599212 @ 95% credibility (15 tries)
Done in 0.12 min (cpu), 0.12 min (real)
Generate toy 175/250

 -- MarkovChainMC -- 
Limit: r < 0.602373 +/- 0.00662915 @ 95% credibility (15 tries)
Done in 0.11 min (cpu), 0.12 min (real)
Generate toy 176/250

 -- MarkovChainMC -- 
Limit: r < 0.641318 +/- 0.00409773 @ 95% credibility (15 tries)
Done in 0.11 min (cpu), 0.11 min (real)
Generate toy 177/250

 -- MarkovChainMC -- 
Limit: r < 0.733531 +/- 0.00801537 @ 95% credibility (15 tries)
Done in 0.11 min (cpu), 0.11 min (real)
Generate toy 178/250

 -- MarkovChainMC -- 
Limit: r < 0.978387 +/- 0.00875843 @ 95% credibility (15 tries)
Done in 0.13 min (cpu), 0.13 min (real)
Generate toy 179/250

 -- MarkovChainMC -- 
Limit: r < 0.583626 +/- 0.00596692 @ 95% credibility (15 tries)
Done in 0.12 min (cpu), 0.12 min (real)
Generate toy 180/250

 -- MarkovChainMC -- 
Limit: r < 0.716356 +/- 0.00823506 @ 95% credibility (15 tries)
Done in 0.12 min (cpu), 0.13 min (real)
Generate toy 181/250

 -- MarkovChainMC -- 
Limit: r < 0.671273 +/- 0.00981413 @ 95% credibility (15 tries)
Done in 0.12 min (cpu), 0.12 min (real)
Generate toy 182/250

 -- MarkovChainMC -- 
Limit: r < 0.490722 +/- 0.0101189 @ 95% credibility (15 tries)
Done in 0.12 min (cpu), 0.12 min (real)
Generate toy 183/250

 -- MarkovChainMC -- 
Limit: r < 0.692503 +/- 0.00667007 @ 95% credibility (15 tries)
Done in 0.11 min (cpu), 0.11 min (real)
Generate toy 184/250

 -- MarkovChainMC -- 
Limit: r < 1.18269 +/- 0.0117545 @ 95% credibility (15 tries)
Done in 0.13 min (cpu), 0.13 min (real)
Generate toy 185/250

 -- MarkovChainMC -- 
Limit: r < 0.446694 +/- 0.00486527 @ 95% credibility (15 tries)
Done in 0.12 min (cpu), 0.12 min (real)
Generate toy 186/250

 -- MarkovChainMC -- 
Limit: r < 0.599791 +/- 0.0114309 @ 95% credibility (15 tries)
Done in 0.11 min (cpu), 0.11 min (real)
Generate toy 187/250

 -- MarkovChainMC -- 
Limit: r < 0.554697 +/- 0.00831596 @ 95% credibility (15 tries)
Done in 0.12 min (cpu), 0.12 min (real)
Generate toy 188/250

 -- MarkovChainMC -- 
Limit: r < 0.553993 +/- 0.00972305 @ 95% credibility (15 tries)
Done in 0.13 min (cpu), 0.13 min (real)
Generate toy 189/250

 -- MarkovChainMC -- 
Limit: r < 0.734151 +/- 0.00659897 @ 95% credibility (15 tries)
Done in 0.12 min (cpu), 0.12 min (real)
Generate toy 190/250

 -- MarkovChainMC -- 
Limit: r < 0.710127 +/- 0.0122804 @ 95% credibility (15 tries)
Done in 0.12 min (cpu), 0.12 min (real)
Generate toy 191/250

 -- MarkovChainMC -- 
Limit: r < 0.849871 +/- 0.00872031 @ 95% credibility (15 tries)
Done in 0.12 min (cpu), 0.12 min (real)
Generate toy 192/250

 -- MarkovChainMC -- 
Limit: r < 0.545994 +/- 0.0106116 @ 95% credibility (15 tries)
Done in 0.11 min (cpu), 0.11 min (real)
Generate toy 193/250

 -- MarkovChainMC -- 
Limit: r < 0.63229 +/- 0.00668523 @ 95% credibility (15 tries)
Done in 0.13 min (cpu), 0.14 min (real)
Generate toy 194/250

 -- MarkovChainMC -- 
Limit: r < 0.512882 +/- 0.00508096 @ 95% credibility (15 tries)
Done in 0.13 min (cpu), 0.13 min (real)
Generate toy 195/250

 -- MarkovChainMC -- 
Limit: r < 0.907471 +/- 0.0169993 @ 95% credibility (15 tries)
Done in 0.15 min (cpu), 0.15 min (real)
Generate toy 196/250

 -- MarkovChainMC -- 
Limit: r < 0.622009 +/- 0.0145626 @ 95% credibility (15 tries)
Done in 0.13 min (cpu), 0.13 min (real)
Generate toy 197/250

 -- MarkovChainMC -- 
Limit: r < 0.440729 +/- 0.006162 @ 95% credibility (15 tries)
Done in 0.10 min (cpu), 0.11 min (real)
Generate toy 198/250

 -- MarkovChainMC -- 
Limit: r < 0.97612 +/- 0.00650845 @ 95% credibility (15 tries)
Done in 0.12 min (cpu), 0.13 min (real)
Generate toy 199/250

 -- MarkovChainMC -- 
Limit: r < 0.910541 +/- 0.00895426 @ 95% credibility (15 tries)
Done in 0.13 min (cpu), 0.13 min (real)
Generate toy 200/250

 -- MarkovChainMC -- 
Limit: r < 0.615008 +/- 0.00828764 @ 95% credibility (15 tries)
Done in 0.12 min (cpu), 0.13 min (real)
Generate toy 201/250

 -- MarkovChainMC -- 
Limit: r < 0.528564 +/- 0.00915297 @ 95% credibility (15 tries)
Done in 0.13 min (cpu), 0.14 min (real)
Generate toy 202/250

 -- MarkovChainMC -- 
Limit: r < 0.68506 +/- 0.00904499 @ 95% credibility (15 tries)
Done in 0.12 min (cpu), 0.12 min (real)
Generate toy 203/250

 -- MarkovChainMC -- 
Limit: r < 0.609962 +/- 0.00733287 @ 95% credibility (15 tries)
Done in 0.12 min (cpu), 0.12 min (real)
Generate toy 204/250

 -- MarkovChainMC -- 
Limit: r < 0.543354 +/- 0.0101697 @ 95% credibility (15 tries)
Done in 0.11 min (cpu), 0.11 min (real)
Generate toy 205/250

 -- MarkovChainMC -- 
Limit: r < 0.653036 +/- 0.00844717 @ 95% credibility (15 tries)
Done in 0.15 min (cpu), 0.15 min (real)
Generate toy 206/250

 -- MarkovChainMC -- 
Limit: r < 0.754175 +/- 0.0150991 @ 95% credibility (15 tries)
Done in 0.16 min (cpu), 0.16 min (real)
Generate toy 207/250

 -- MarkovChainMC -- 
Limit: r < 0.528609 +/- 0.00591358 @ 95% credibility (15 tries)
Done in 0.13 min (cpu), 0.13 min (real)
Generate toy 208/250

 -- MarkovChainMC -- 
Limit: r < 0.656081 +/- 0.00904773 @ 95% credibility (15 tries)
Done in 0.13 min (cpu), 0.13 min (real)
Generate toy 209/250

 -- MarkovChainMC -- 
Limit: r < 0.705435 +/- 0.012858 @ 95% credibility (15 tries)
Done in 0.12 min (cpu), 0.13 min (real)
Generate toy 210/250

 -- MarkovChainMC -- 
Limit: r < 0.973763 +/- 0.0131952 @ 95% credibility (15 tries)
Done in 0.13 min (cpu), 0.13 min (real)
Generate toy 211/250

 -- MarkovChainMC -- 
Limit: r < 0.489818 +/- 0.00552289 @ 95% credibility (15 tries)
Done in 0.12 min (cpu), 0.12 min (real)
Generate toy 212/250

 -- MarkovChainMC -- 
Limit: r < 0.587992 +/- 0.00709912 @ 95% credibility (15 tries)
Done in 0.12 min (cpu), 0.12 min (real)
Generate toy 213/250

 -- MarkovChainMC -- 
Limit: r < 0.510979 +/- 0.00581578 @ 95% credibility (15 tries)
Done in 0.10 min (cpu), 0.11 min (real)
Generate toy 214/250

 -- MarkovChainMC -- 
Limit: r < 0.610926 +/- 0.00889777 @ 95% credibility (15 tries)
Done in 0.12 min (cpu), 0.12 min (real)
Generate toy 215/250

 -- MarkovChainMC -- 
Limit: r < 0.458397 +/- 0.00638821 @ 95% credibility (15 tries)
Done in 0.13 min (cpu), 0.13 min (real)
Generate toy 216/250

 -- MarkovChainMC -- 
Limit: r < 0.545911 +/- 0.0100922 @ 95% credibility (15 tries)
Done in 0.12 min (cpu), 0.12 min (real)
Generate toy 217/250

 -- MarkovChainMC -- 
Limit: r < 0.6654 +/- 0.00561871 @ 95% credibility (15 tries)
Done in 0.12 min (cpu), 0.12 min (real)
Generate toy 218/250

 -- MarkovChainMC -- 
Limit: r < 0.716006 +/- 0.00845856 @ 95% credibility (15 tries)
Done in 0.13 min (cpu), 0.13 min (real)
Generate toy 219/250

 -- MarkovChainMC -- 
Limit: r < 0.730418 +/- 0.0135457 @ 95% credibility (15 tries)
Done in 0.11 min (cpu), 0.11 min (real)
Generate toy 220/250

 -- MarkovChainMC -- 
Limit: r < 0.622714 +/- 0.0105226 @ 95% credibility (15 tries)
Done in 0.11 min (cpu), 0.11 min (real)
Generate toy 221/250

 -- MarkovChainMC -- 
Limit: r < 0.589397 +/- 0.0077198 @ 95% credibility (15 tries)
Done in 0.10 min (cpu), 0.10 min (real)
Generate toy 222/250

 -- MarkovChainMC -- 
Limit: r < 0.458259 +/- 0.00915518 @ 95% credibility (15 tries)
Done in 0.11 min (cpu), 0.11 min (real)
Generate toy 223/250

 -- MarkovChainMC -- 
Limit: r < 0.610866 +/- 0.0131763 @ 95% credibility (15 tries)
Done in 0.11 min (cpu), 0.11 min (real)
Generate toy 224/250

 -- MarkovChainMC -- 
Limit: r < 0.456415 +/- 0.00416956 @ 95% credibility (15 tries)
Done in 0.12 min (cpu), 0.12 min (real)
Generate toy 225/250

 -- MarkovChainMC -- 
Limit: r < 0.602122 +/- 0.0078518 @ 95% credibility (15 tries)
Done in 0.12 min (cpu), 0.12 min (real)
Generate toy 226/250

 -- MarkovChainMC -- 
Limit: r < 0.677016 +/- 0.0129399 @ 95% credibility (15 tries)
Done in 0.12 min (cpu), 0.12 min (real)
Generate toy 227/250

 -- MarkovChainMC -- 
Limit: r < 0.478589 +/- 0.00776897 @ 95% credibility (15 tries)
Done in 0.12 min (cpu), 0.12 min (real)
Generate toy 228/250

 -- MarkovChainMC -- 
Limit: r < 0.515598 +/- 0.0046959 @ 95% credibility (15 tries)
Done in 0.10 min (cpu), 0.10 min (real)
Generate toy 229/250

 -- MarkovChainMC -- 
Limit: r < 0.69189 +/- 0.0094983 @ 95% credibility (15 tries)
Done in 0.12 min (cpu), 0.12 min (real)
Generate toy 230/250

 -- MarkovChainMC -- 
Limit: r < 0.573064 +/- 0.00685254 @ 95% credibility (15 tries)
Done in 0.12 min (cpu), 0.12 min (real)
Generate toy 231/250

 -- MarkovChainMC -- 
Limit: r < 0.741458 +/- 0.0102986 @ 95% credibility (15 tries)
Done in 0.12 min (cpu), 0.12 min (real)
Generate toy 232/250

 -- MarkovChainMC -- 
Limit: r < 0.640888 +/- 0.00842957 @ 95% credibility (15 tries)
Done in 0.12 min (cpu), 0.12 min (real)
Generate toy 233/250

 -- MarkovChainMC -- 
Limit: r < 0.468404 +/- 0.00657244 @ 95% credibility (15 tries)
Done in 0.12 min (cpu), 0.12 min (real)
Generate toy 234/250

 -- MarkovChainMC -- 
Limit: r < 0.63769 +/- 0.0086435 @ 95% credibility (15 tries)
Done in 0.12 min (cpu), 0.12 min (real)
Generate toy 235/250

 -- MarkovChainMC -- 
Limit: r < 0.478484 +/- 0.00897864 @ 95% credibility (15 tries)
Done in 0.12 min (cpu), 0.12 min (real)
Generate toy 236/250

 -- MarkovChainMC -- 
Limit: r < 0.564131 +/- 0.00802164 @ 95% credibility (15 tries)
Done in 0.14 min (cpu), 0.14 min (real)
Generate toy 237/250

 -- MarkovChainMC -- 
Limit: r < 0.505128 +/- 0.00643398 @ 95% credibility (15 tries)
Done in 0.13 min (cpu), 0.13 min (real)
Generate toy 238/250

 -- MarkovChainMC -- 
Limit: r < 0.641751 +/- 0.012861 @ 95% credibility (15 tries)
Done in 0.12 min (cpu), 0.12 min (real)
Generate toy 239/250

 -- MarkovChainMC -- 
Limit: r < 0.647945 +/- 0.0104125 @ 95% credibility (15 tries)
Done in 0.14 min (cpu), 0.14 min (real)
Generate toy 240/250

 -- MarkovChainMC -- 
Limit: r < 0.671107 +/- 0.0137501 @ 95% credibility (15 tries)
Done in 0.13 min (cpu), 0.13 min (real)
Generate toy 241/250

 -- MarkovChainMC -- 
Limit: r < 0.847042 +/- 0.0145057 @ 95% credibility (15 tries)
Done in 0.13 min (cpu), 0.13 min (real)
Generate toy 242/250

 -- MarkovChainMC -- 
Limit: r < 0.937042 +/- 0.0135724 @ 95% credibility (15 tries)
Done in 0.13 min (cpu), 0.13 min (real)
Generate toy 243/250

 -- MarkovChainMC -- 
Limit: r < 0.506914 +/- 0.008974 @ 95% credibility (15 tries)
Done in 0.11 min (cpu), 0.12 min (real)
Generate toy 244/250

 -- MarkovChainMC -- 
Limit: r < 0.491909 +/- 0.00852327 @ 95% credibility (15 tries)
Done in 0.11 min (cpu), 0.11 min (real)
Generate toy 245/250

 -- MarkovChainMC -- 
Limit: r < 0.43776 +/- 0.0069855 @ 95% credibility (15 tries)
Done in 0.11 min (cpu), 0.11 min (real)
Generate toy 246/250

 -- MarkovChainMC -- 
Limit: r < 0.44428 +/- 0.00547069 @ 95% credibility (15 tries)
Done in 0.12 min (cpu), 0.12 min (real)
Generate toy 247/250

 -- MarkovChainMC -- 
Limit: r < 0.610788 +/- 0.00934607 @ 95% credibility (15 tries)
Done in 0.13 min (cpu), 0.13 min (real)
Generate toy 248/250

 -- MarkovChainMC -- 
Limit: r < 0.533583 +/- 0.00747437 @ 95% credibility (15 tries)
Done in 0.13 min (cpu), 0.13 min (real)
Generate toy 249/250

 -- MarkovChainMC -- 
Limit: r < 0.843787 +/- 0.00696469 @ 95% credibility (15 tries)
Done in 0.15 min (cpu), 0.15 min (real)
Generate toy 250/250

 -- MarkovChainMC -- 
Limit: r < 0.710253 +/- 0.0118555 @ 95% credibility (15 tries)
Done in 0.12 min (cpu), 0.12 min (real)
mean   expected limit: r < 0.644262 +/- 0.00993269 @ 95%CL (250 toyMC)
median expected limit: r < 0.607798 @ 95%CL (250 toyMC)
   68% expected band : 0.499165 < r < 0.799539
   95% expected band : 0.440729 < r < 1.09554
