 <<< Combine >>> 
 <<< v10.0.2 >>>
>>> Used OpenSSL to get a truly random seed 1448515517
>>> Method used is MarkovChainMC
============================================================
Analyzing bin errors for: prop_binmuon_channel
Poisson cut-off: 10
Processes excluded for sums: Wprime1600_kR2
============================================================
Bin        Contents        Error           Notes                         
0          4246.469941     16.603224       total sum                     
0          4245.728997     16.603213       excluding marked processes    
0          65391.000000    255.716640      Unweighted events, alpha=0.064940
  => Total parameter prop_binmuon_channel_bin0[0.00,-7.00,7.00] to be Gaussian constrained
------------------------------------------------------------
1          1622.012221     7.828082        total sum                     
1          1621.101079     7.828053        excluding marked processes    
1          42886.000000    207.089353      Unweighted events, alpha=0.037821
  => Total parameter prop_binmuon_channel_bin1[0.00,-7.00,7.00] to be Gaussian constrained
------------------------------------------------------------
2          722.390269      4.795566        total sum                     
2          721.396648      4.795515        excluding marked processes    
2          22630.000000    150.432709      Unweighted events, alpha=0.031922
  => Total parameter prop_binmuon_channel_bin2[0.00,-7.00,7.00] to be Gaussian constrained
------------------------------------------------------------
3          360.404798      3.009445        total sum                     
3          359.285774      3.009355        excluding marked processes    
3          14254.000000    119.390117      Unweighted events, alpha=0.025284
  => Total parameter prop_binmuon_channel_bin3[0.00,-7.00,7.00] to be Gaussian constrained
------------------------------------------------------------
4          192.345131      3.360961        total sum                     
4          191.190097      3.360877        excluding marked processes    
4          3236.000000     56.885851       Unweighted events, alpha=0.059439
  => Total parameter prop_binmuon_channel_bin4[0.00,-7.00,7.00] to be Gaussian constrained
------------------------------------------------------------
5          113.591481      1.192399        total sum                     
5          112.217111      1.192110        excluding marked processes    
5          8861.000000     94.132885       Unweighted events, alpha=0.012819
  => Total parameter prop_binmuon_channel_bin5[0.00,-7.00,7.00] to be Gaussian constrained
------------------------------------------------------------
6          110.182123      1.524578        total sum                     
6          107.129583      1.524073        excluding marked processes    
6          4941.000000     70.292247       Unweighted events, alpha=0.022300
  => Total parameter prop_binmuon_channel_bin6[0.00,-7.00,7.00] to be Gaussian constrained
------------------------------------------------------------
7          44.475092       0.659194        total sum                     
7          41.104515       0.657922        excluding marked processes    
7          3903.000000     62.473995       Unweighted events, alpha=0.011395
  => Total parameter prop_binmuon_channel_bin7[0.00,-7.00,7.00] to be Gaussian constrained
------------------------------------------------------------
8          27.858008       0.588932        total sum                     
8          23.449391       0.587056        excluding marked processes    
8          1596.000000     39.949969       Unweighted events, alpha=0.017455
  => Total parameter prop_binmuon_channel_bin8[0.00,-7.00,7.00] to be Gaussian constrained
------------------------------------------------------------
9          9.143197        0.395059        total sum                     
9          8.355840        0.394559        excluding marked processes    
9          448.000000      21.166010       Unweighted events, alpha=0.020409
  => Total parameter prop_binmuon_channel_bin9[0.00,-7.00,7.00] to be Gaussian constrained
------------------------------------------------------------
10         3.617155        0.251998        total sum                     
10         3.506378        0.251887        excluding marked processes    
10         194.000000      13.928388       Unweighted events, alpha=0.018645
  => Total parameter prop_binmuon_channel_bin10[0.00,-7.00,7.00] to be Gaussian constrained
------------------------------------------------------------
11         1.390155        0.180214        total sum                     
11         1.363219        0.180174        excluding marked processes    
11         57.000000       7.549834        Unweighted events, alpha=0.024389
  => Total parameter prop_binmuon_channel_bin11[0.00,-7.00,7.00] to be Gaussian constrained
------------------------------------------------------------
12         0.532280        0.289067        total sum                     
12         0.530791        0.289065        excluding marked processes    
12         3.000000        1.732051        Unweighted events, alpha=0.177427
  => Number of weighted events is below Poisson threshold
    Wprime1600_kR2       0.001488        0.001037                                      
                         2.000000        1.414214        Unweighted events, alpha=0.000744
      => Product of prop_binmuon_channel_bin12_Wprime1600_kR2[2.00,0.00,33.79] and const [0.5000] to be Poisson constrained
  ----------------------------------------------------------
    W_boson              0.216692        0.001181                                      
                         33653.000000    183.447540      Unweighted events, alpha=0.000006
      => Parameter prop_binmuon_channel_bin12_W_boson[0.00,-7.00,7.00] to be Gaussian constrained
  ----------------------------------------------------------
    Top                  0.000000        0.000000                                      
      => Error is zero, ignore      
  ----------------------------------------------------------
    Z_boson              0.004094        0.000500                                      
                         67.000000       8.185353        Unweighted events, alpha=0.000061
      => Parameter prop_binmuon_channel_bin12_Z_boson[0.00,-7.00,7.00] to be Gaussian constrained
  ----------------------------------------------------------
    DiBoson              0.288910        0.288561                                      
                         1.000000        1.000000        Unweighted events, alpha=0.288910
      => Product of prop_binmuon_channel_bin12_DiBoson[1.00,0.00,30.85] and const [1.0000] to be Poisson constrained
  ----------------------------------------------------------
    QCD                  0.021095        0.017013                                      
                         2.000000        1.414214        Unweighted events, alpha=0.010547
      => Product of prop_binmuon_channel_bin12_QCD[2.00,0.00,33.79] and const [0.5000] to be Poisson constrained
  ----------------------------------------------------------
------------------------------------------------------------
13         0.067811        0.000697        total sum                     
13         0.067145        0.000584        excluding marked processes    
13         13239.000000    115.060853      Unweighted events, alpha=0.000005
  => Total parameter prop_binmuon_channel_bin13[0.00,-7.00,7.00] to be Gaussian constrained
------------------------------------------------------------
14         0.003967        0.000043        total sum                     
14         0.003967        0.000043        excluding marked processes    
14         8482.000000     92.097774       Unweighted events, alpha=0.000000
  => Total parameter prop_binmuon_channel_bin14[0.00,-7.00,7.00] to be Gaussian constrained
------------------------------------------------------------
15         0.005625        0.003835        total sum                     
15         0.005625        0.003835        excluding marked processes    
15         2.000000        1.414214        Unweighted events, alpha=0.002813
  => Number of weighted events is below Poisson threshold
    Wprime1600_kR2       0.000000        0.000000                                      
      => Error is zero, ignore      
  ----------------------------------------------------------
    W_boson              0.000849        0.000021                                      
                         1670.000000     40.865633       Unweighted events, alpha=0.000001
      => Parameter prop_binmuon_channel_bin15_W_boson[0.00,-7.00,7.00] to be Gaussian constrained
  ----------------------------------------------------------
    Top                  0.000000        0.000000                                      
      => Error is zero, ignore      
  ----------------------------------------------------------
    Z_boson              0.000011        0.000003                                      
                         16.000000       4.000000        Unweighted events, alpha=0.000001
      => Parameter prop_binmuon_channel_bin15_Z_boson[0.00,-7.00,7.00] to be Gaussian constrained
  ----------------------------------------------------------
    DiBoson              0.000000        0.000000                                      
      => Error is zero, ignore      
  ----------------------------------------------------------
    QCD                  0.004765        0.003834                                      
                         2.000000        1.414214        Unweighted events, alpha=0.002383
      => Product of prop_binmuon_channel_bin15_QCD[2.00,0.00,33.79] and const [0.5000] to be Poisson constrained
  ----------------------------------------------------------
------------------------------------------------------------
Channel muon_channel will use autoMCStats with settings: event-threshold=10, include-signal=0, hist-mode=1

 -- MarkovChainMC -- 
Limit: r < 3.17616 +/- 0.00700262 @ 95% credibility (300 tries)
Done in 3.88 min (cpu), 3.94 min (real)
