 <<< Combine >>> 
 <<< v10.0.2 >>>
>>> Used OpenSSL to get a truly random seed -1331481239
>>> Method used is MarkovChainMC
============================================================
Analyzing bin errors for: prop_binmuon_channel
Poisson cut-off: 10
Processes excluded for sums: Wprime5600_kR5
============================================================
Bin        Contents        Error           Notes                         
0          4247.094622     16.603233       total sum                     
0          4245.728997     16.603213       excluding marked processes    
0          65391.000000    255.716640      Unweighted events, alpha=0.064949
  => Total parameter prop_binmuon_channel_bin0[0.00,-7.00,7.00] to be Gaussian constrained
------------------------------------------------------------
1          1622.372277     7.828093        total sum                     
1          1621.101079     7.828053        excluding marked processes    
1          42886.000000    207.089353      Unweighted events, alpha=0.037830
  => Total parameter prop_binmuon_channel_bin1[0.00,-7.00,7.00] to be Gaussian constrained
------------------------------------------------------------
2          722.548802      4.795574        total sum                     
2          721.396648      4.795515        excluding marked processes    
2          22630.000000    150.432709      Unweighted events, alpha=0.031929
  => Total parameter prop_binmuon_channel_bin2[0.00,-7.00,7.00] to be Gaussian constrained
------------------------------------------------------------
3          360.273736      3.009435        total sum                     
3          359.285774      3.009355        excluding marked processes    
3          14254.000000    119.390117      Unweighted events, alpha=0.025275
  => Total parameter prop_binmuon_channel_bin3[0.00,-7.00,7.00] to be Gaussian constrained
------------------------------------------------------------
4          192.053005      3.360940        total sum                     
4          191.190097      3.360877        excluding marked processes    
4          3236.000000     56.885851       Unweighted events, alpha=0.059349
  => Total parameter prop_binmuon_channel_bin4[0.00,-7.00,7.00] to be Gaussian constrained
------------------------------------------------------------
5          112.987084      1.192270        total sum                     
5          112.217111      1.192110        excluding marked processes    
5          8861.000000     94.132885       Unweighted events, alpha=0.012751
  => Total parameter prop_binmuon_channel_bin5[0.00,-7.00,7.00] to be Gaussian constrained
------------------------------------------------------------
6          108.409666      1.524284        total sum                     
6          107.129583      1.524073        excluding marked processes    
6          4941.000000     70.292247       Unweighted events, alpha=0.021941
  => Total parameter prop_binmuon_channel_bin6[0.00,-7.00,7.00] to be Gaussian constrained
------------------------------------------------------------
7          42.119654       0.658307        total sum                     
7          41.104515       0.657922        excluding marked processes    
7          3903.000000     62.473995       Unweighted events, alpha=0.010792
  => Total parameter prop_binmuon_channel_bin7[0.00,-7.00,7.00] to be Gaussian constrained
------------------------------------------------------------
8          24.563230       0.587529        total sum                     
8          23.449391       0.587056        excluding marked processes    
8          1596.000000     39.949969       Unweighted events, alpha=0.015390
  => Total parameter prop_binmuon_channel_bin8[0.00,-7.00,7.00] to be Gaussian constrained
------------------------------------------------------------
9          9.158218        0.395062        total sum                     
9          8.355840        0.394559        excluding marked processes    
9          448.000000      21.166010       Unweighted events, alpha=0.020442
  => Total parameter prop_binmuon_channel_bin9[0.00,-7.00,7.00] to be Gaussian constrained
------------------------------------------------------------
10         4.175840        0.252545        total sum                     
10         3.506378        0.251887        excluding marked processes    
10         194.000000      13.928388       Unweighted events, alpha=0.021525
  => Total parameter prop_binmuon_channel_bin10[0.00,-7.00,7.00] to be Gaussian constrained
------------------------------------------------------------
11         1.946519        0.180999        total sum                     
11         1.363219        0.180174        excluding marked processes    
11         57.000000       7.549834        Unweighted events, alpha=0.034149
  => Total parameter prop_binmuon_channel_bin11[0.00,-7.00,7.00] to be Gaussian constrained
------------------------------------------------------------
12         0.800218        0.289300        total sum                     
12         0.530791        0.289065        excluding marked processes    
12         3.000000        1.732051        Unweighted events, alpha=0.266739
  => Number of weighted events is below Poisson threshold
    Wprime5600_kR5       0.269426        0.011647                                      
                         535.000000      23.130067       Unweighted events, alpha=0.000504
      => Parameter prop_binmuon_channel_bin12_Wprime5600_kR5[0.00,-7.00,7.00] to be Gaussian constrained
  ----------------------------------------------------------
    W_boson              0.216692        0.001181                                      
                         33653.000000    183.447540      Unweighted events, alpha=0.000006
      => Parameter prop_binmuon_channel_bin12_W_boson[0.00,-7.00,7.00] to be Gaussian constrained
  ----------------------------------------------------------
    Top                  0.000000        0.000000                                      
      => Error is zero, ignore      
  ----------------------------------------------------------
    Z_boson              0.004094        0.000500                                      
                         67.000000       8.185353        Unweighted events, alpha=0.000061
      => Parameter prop_binmuon_channel_bin12_Z_boson[0.00,-7.00,7.00] to be Gaussian constrained
  ----------------------------------------------------------
    DiBoson              0.288910        0.288561                                      
                         1.000000        1.000000        Unweighted events, alpha=0.288910
      => Product of prop_binmuon_channel_bin12_DiBoson[1.00,0.00,30.85] and const [1.0000] to be Poisson constrained
  ----------------------------------------------------------
    QCD                  0.021095        0.017013                                      
                         2.000000        1.414214        Unweighted events, alpha=0.010547
      => Product of prop_binmuon_channel_bin12_QCD[2.00,0.00,33.79] and const [0.5000] to be Poisson constrained
  ----------------------------------------------------------
------------------------------------------------------------
13         0.297977        0.010656        total sum                     
13         0.067145        0.000584        excluding marked processes    
13         13239.000000    115.060853      Unweighted events, alpha=0.000023
  => Total parameter prop_binmuon_channel_bin13[0.00,-7.00,7.00] to be Gaussian constrained
------------------------------------------------------------
14         0.050572        0.004902        total sum                     
14         0.003967        0.000043        excluding marked processes    
14         8482.000000     92.097774       Unweighted events, alpha=0.000006
  => Total parameter prop_binmuon_channel_bin14[0.00,-7.00,7.00] to be Gaussian constrained
------------------------------------------------------------
15         0.017290        0.004428        total sum                     
15         0.005625        0.003835        excluding marked processes    
15         2.000000        1.414214        Unweighted events, alpha=0.008645
  => Number of weighted events is below Poisson threshold
    Wprime5600_kR5       0.011665        0.002215                                      
                         28.000000       5.291503        Unweighted events, alpha=0.000417
      => Parameter prop_binmuon_channel_bin15_Wprime5600_kR5[0.00,-7.00,7.00] to be Gaussian constrained
  ----------------------------------------------------------
    W_boson              0.000849        0.000021                                      
                         1670.000000     40.865633       Unweighted events, alpha=0.000001
      => Parameter prop_binmuon_channel_bin15_W_boson[0.00,-7.00,7.00] to be Gaussian constrained
  ----------------------------------------------------------
    Top                  0.000000        0.000000                                      
      => Error is zero, ignore      
  ----------------------------------------------------------
    Z_boson              0.000011        0.000003                                      
                         16.000000       4.000000        Unweighted events, alpha=0.000001
      => Parameter prop_binmuon_channel_bin15_Z_boson[0.00,-7.00,7.00] to be Gaussian constrained
  ----------------------------------------------------------
    DiBoson              0.000000        0.000000                                      
      => Error is zero, ignore      
  ----------------------------------------------------------
    QCD                  0.004765        0.003834                                      
                         2.000000        1.414214        Unweighted events, alpha=0.002383
      => Product of prop_binmuon_channel_bin15_QCD[2.00,0.00,33.79] and const [0.5000] to be Poisson constrained
  ----------------------------------------------------------
------------------------------------------------------------
Channel muon_channel will use autoMCStats with settings: event-threshold=10, include-signal=0, hist-mode=1
Generate toy 1/250

 -- MarkovChainMC -- 
Limit: r < 2.68931 +/- 0.0312329 @ 95% credibility (15 tries)
Done in 0.08 min (cpu), 0.08 min (real)
Generate toy 2/250

 -- MarkovChainMC -- 
Limit: r < 2.97438 +/- 0.05496 @ 95% credibility (15 tries)
Done in 0.09 min (cpu), 0.09 min (real)
Generate toy 3/250

 -- MarkovChainMC -- 
Limit: r < 3.16182 +/- 0.0527108 @ 95% credibility (15 tries)
Done in 0.08 min (cpu), 0.08 min (real)
Generate toy 4/250

 -- MarkovChainMC -- 
Limit: r < 3.63032 +/- 0.0485604 @ 95% credibility (15 tries)
Done in 0.08 min (cpu), 0.08 min (real)
Generate toy 5/250

 -- MarkovChainMC -- 
Limit: r < 2.08035 +/- 0.0424329 @ 95% credibility (15 tries)
Done in 0.08 min (cpu), 0.08 min (real)
Generate toy 6/250

 -- MarkovChainMC -- 
Limit: r < 2.97792 +/- 0.0572278 @ 95% credibility (15 tries)
Done in 0.08 min (cpu), 0.08 min (real)
Generate toy 7/250

 -- MarkovChainMC -- 
Limit: r < 2.98041 +/- 0.0706321 @ 95% credibility (15 tries)
Done in 0.09 min (cpu), 0.09 min (real)
Generate toy 8/250

 -- MarkovChainMC -- 
Limit: r < 3.13821 +/- 0.0287012 @ 95% credibility (15 tries)
Done in 0.08 min (cpu), 0.08 min (real)
Generate toy 9/250

 -- MarkovChainMC -- 
Limit: r < 3.46045 +/- 0.0566553 @ 95% credibility (15 tries)
Done in 0.08 min (cpu), 0.08 min (real)
Generate toy 10/250

 -- MarkovChainMC -- 
Limit: r < 4.2753 +/- 0.0544604 @ 95% credibility (15 tries)
Done in 0.09 min (cpu), 0.09 min (real)
Generate toy 11/250

 -- MarkovChainMC -- 
Limit: r < 2.85477 +/- 0.0225117 @ 95% credibility (15 tries)
Done in 0.08 min (cpu), 0.08 min (real)
Generate toy 12/250

 -- MarkovChainMC -- 
Limit: r < 3.63265 +/- 0.0181597 @ 95% credibility (15 tries)
Done in 0.08 min (cpu), 0.08 min (real)
Generate toy 13/250

 -- MarkovChainMC -- 
Limit: r < 3.04341 +/- 0.0719087 @ 95% credibility (15 tries)
Done in 0.08 min (cpu), 0.08 min (real)
Generate toy 14/250

 -- MarkovChainMC -- 
Limit: r < 2.0427 +/- 0.0324004 @ 95% credibility (15 tries)
Done in 0.08 min (cpu), 0.08 min (real)
Generate toy 15/250

 -- MarkovChainMC -- 
Limit: r < 2.97731 +/- 0.070752 @ 95% credibility (15 tries)
Done in 0.08 min (cpu), 0.08 min (real)
Generate toy 16/250

 -- MarkovChainMC -- 
Limit: r < 4.27761 +/- 0.0644867 @ 95% credibility (15 tries)
Done in 0.09 min (cpu), 0.09 min (real)
Generate toy 17/250

 -- MarkovChainMC -- 
Limit: r < 4.24306 +/- 0.0497748 @ 95% credibility (15 tries)
Done in 0.09 min (cpu), 0.09 min (real)
Generate toy 18/250

 -- MarkovChainMC -- 
Limit: r < 2.35682 +/- 0.0540275 @ 95% credibility (15 tries)
Done in 0.08 min (cpu), 0.08 min (real)
Generate toy 19/250

 -- MarkovChainMC -- 
Limit: r < 2.46183 +/- 0.0292698 @ 95% credibility (15 tries)
Done in 0.08 min (cpu), 0.08 min (real)
Generate toy 20/250

 -- MarkovChainMC -- 
Limit: r < 3.92724 +/- 0.0427947 @ 95% credibility (15 tries)
Done in 0.08 min (cpu), 0.09 min (real)
Generate toy 21/250

 -- MarkovChainMC -- 
Limit: r < 2.4542 +/- 0.0463236 @ 95% credibility (15 tries)
Done in 0.08 min (cpu), 0.08 min (real)
Generate toy 22/250

 -- MarkovChainMC -- 
Limit: r < 3.23156 +/- 0.024196 @ 95% credibility (15 tries)
Done in 0.08 min (cpu), 0.08 min (real)
Generate toy 23/250

 -- MarkovChainMC -- 
Limit: r < 3.55298 +/- 0.0350254 @ 95% credibility (15 tries)
Done in 0.08 min (cpu), 0.09 min (real)
Generate toy 24/250

 -- MarkovChainMC -- 
Limit: r < 4.99443 +/- 0.0486648 @ 95% credibility (15 tries)
Done in 0.10 min (cpu), 0.10 min (real)
Generate toy 25/250

 -- MarkovChainMC -- 
Limit: r < 2.71515 +/- 0.0348047 @ 95% credibility (15 tries)
Done in 0.08 min (cpu), 0.09 min (real)
Generate toy 26/250

 -- MarkovChainMC -- 
Limit: r < 3.2534 +/- 0.0463175 @ 95% credibility (15 tries)
Done in 0.08 min (cpu), 0.08 min (real)
Generate toy 27/250

 -- MarkovChainMC -- 
Limit: r < 3.33457 +/- 0.0385931 @ 95% credibility (15 tries)
Done in 0.08 min (cpu), 0.09 min (real)
Generate toy 28/250

 -- MarkovChainMC -- 
Limit: r < 6.01568 +/- 0.0985405 @ 95% credibility (15 tries)
Done in 0.09 min (cpu), 0.09 min (real)
Generate toy 29/250

 -- MarkovChainMC -- 
Limit: r < 2.56454 +/- 0.0186151 @ 95% credibility (15 tries)
Done in 0.08 min (cpu), 0.08 min (real)
Generate toy 30/250

 -- MarkovChainMC -- 
Limit: r < 2.16273 +/- 0.0319126 @ 95% credibility (15 tries)
Done in 0.08 min (cpu), 0.08 min (real)
Generate toy 31/250

 -- MarkovChainMC -- 
Limit: r < 1.92244 +/- 0.0214269 @ 95% credibility (15 tries)
Done in 0.09 min (cpu), 0.09 min (real)
Generate toy 32/250

 -- MarkovChainMC -- 
Limit: r < 2.84538 +/- 0.0456163 @ 95% credibility (15 tries)
Done in 0.08 min (cpu), 0.08 min (real)
Generate toy 33/250

 -- MarkovChainMC -- 
Limit: r < 3.80881 +/- 0.044221 @ 95% credibility (15 tries)
Done in 0.08 min (cpu), 0.08 min (real)
Generate toy 34/250

 -- MarkovChainMC -- 
Limit: r < 4.77447 +/- 0.0671168 @ 95% credibility (15 tries)
Done in 0.09 min (cpu), 0.09 min (real)
Generate toy 35/250

 -- MarkovChainMC -- 
Limit: r < 1.8756 +/- 0.021206 @ 95% credibility (15 tries)
Done in 0.08 min (cpu), 0.08 min (real)
Generate toy 36/250

 -- MarkovChainMC -- 
Limit: r < 2.14527 +/- 0.0239844 @ 95% credibility (15 tries)
Done in 0.08 min (cpu), 0.08 min (real)
Generate toy 37/250

 -- MarkovChainMC -- 
Limit: r < 3.31098 +/- 0.0308463 @ 95% credibility (15 tries)
Done in 0.08 min (cpu), 0.08 min (real)
Generate toy 38/250

 -- MarkovChainMC -- 
Limit: r < 2.68552 +/- 0.0265737 @ 95% credibility (15 tries)
Done in 0.08 min (cpu), 0.08 min (real)
Generate toy 39/250

 -- MarkovChainMC -- 
Limit: r < 2.60833 +/- 0.0399793 @ 95% credibility (15 tries)
Done in 0.08 min (cpu), 0.08 min (real)
Generate toy 40/250

 -- MarkovChainMC -- 
Limit: r < 3.01357 +/- 0.0343295 @ 95% credibility (15 tries)
Done in 0.08 min (cpu), 0.08 min (real)
Generate toy 41/250

 -- MarkovChainMC -- 
Limit: r < 2.74889 +/- 0.0401451 @ 95% credibility (15 tries)
Done in 0.08 min (cpu), 0.08 min (real)
Generate toy 42/250

 -- MarkovChainMC -- 
Limit: r < 3.09705 +/- 0.0785488 @ 95% credibility (15 tries)
Done in 0.08 min (cpu), 0.08 min (real)
Generate toy 43/250

 -- MarkovChainMC -- 
Limit: r < 2.89034 +/- 0.0411378 @ 95% credibility (15 tries)
Done in 0.08 min (cpu), 0.08 min (real)
Generate toy 44/250

 -- MarkovChainMC -- 
Limit: r < 3.69952 +/- 0.0667915 @ 95% credibility (15 tries)
Done in 0.09 min (cpu), 0.09 min (real)
Generate toy 45/250

 -- MarkovChainMC -- 
Limit: r < 4.28577 +/- 0.0497581 @ 95% credibility (15 tries)
Done in 0.08 min (cpu), 0.09 min (real)
Generate toy 46/250

 -- MarkovChainMC -- 
Limit: r < 1.85399 +/- 0.0254004 @ 95% credibility (15 tries)
Done in 0.08 min (cpu), 0.08 min (real)
Generate toy 47/250

 -- MarkovChainMC -- 
Limit: r < 2.82078 +/- 0.0367601 @ 95% credibility (15 tries)
Done in 0.08 min (cpu), 0.08 min (real)
Generate toy 48/250

 -- MarkovChainMC -- 
Limit: r < 6.78472 +/- 0.0463549 @ 95% credibility (15 tries)
Done in 0.09 min (cpu), 0.09 min (real)
Generate toy 49/250

 -- MarkovChainMC -- 
Limit: r < 3.77185 +/- 0.0173038 @ 95% credibility (15 tries)
Done in 0.09 min (cpu), 0.09 min (real)
Generate toy 50/250

 -- MarkovChainMC -- 
Limit: r < 3.54463 +/- 0.043337 @ 95% credibility (15 tries)
Done in 0.08 min (cpu), 0.09 min (real)
Generate toy 51/250

 -- MarkovChainMC -- 
Limit: r < 3.93365 +/- 0.0453577 @ 95% credibility (15 tries)
Done in 0.09 min (cpu), 0.09 min (real)
Generate toy 52/250

 -- MarkovChainMC -- 
Limit: r < 2.12073 +/- 0.0117368 @ 95% credibility (15 tries)
Done in 0.08 min (cpu), 0.08 min (real)
Generate toy 53/250

 -- MarkovChainMC -- 
Limit: r < 7.09901 +/- 0.0430019 @ 95% credibility (15 tries)
Done in 0.09 min (cpu), 0.09 min (real)
Generate toy 54/250

 -- MarkovChainMC -- 
Limit: r < 2.88421 +/- 0.0522339 @ 95% credibility (15 tries)
Done in 0.08 min (cpu), 0.08 min (real)
Generate toy 55/250

 -- MarkovChainMC -- 
Limit: r < 2.85276 +/- 0.0313726 @ 95% credibility (15 tries)
Done in 0.08 min (cpu), 0.08 min (real)
Generate toy 56/250

 -- MarkovChainMC -- 
Limit: r < 2.97929 +/- 0.0595997 @ 95% credibility (15 tries)
Done in 0.08 min (cpu), 0.08 min (real)
Generate toy 57/250

 -- MarkovChainMC -- 
Limit: r < 2.95982 +/- 0.0463665 @ 95% credibility (15 tries)
Done in 0.08 min (cpu), 0.08 min (real)
Generate toy 58/250

 -- MarkovChainMC -- 
Limit: r < 5.78201 +/- 0.0619319 @ 95% credibility (15 tries)
Done in 0.09 min (cpu), 0.09 min (real)
Generate toy 59/250

 -- MarkovChainMC -- 
Limit: r < 2.99819 +/- 0.0307637 @ 95% credibility (15 tries)
Done in 0.08 min (cpu), 0.08 min (real)
Generate toy 60/250

 -- MarkovChainMC -- 
Limit: r < 4.8414 +/- 0.070282 @ 95% credibility (15 tries)
Done in 0.09 min (cpu), 0.09 min (real)
Generate toy 61/250

 -- MarkovChainMC -- 
Limit: r < 5.29527 +/- 0.0436387 @ 95% credibility (15 tries)
Done in 0.09 min (cpu), 0.09 min (real)
Generate toy 62/250

 -- MarkovChainMC -- 
Limit: r < 4.21328 +/- 0.0552919 @ 95% credibility (15 tries)
Done in 0.09 min (cpu), 0.09 min (real)
Generate toy 63/250

 -- MarkovChainMC -- 
Limit: r < 2.93489 +/- 0.0701482 @ 95% credibility (15 tries)
Done in 0.08 min (cpu), 0.08 min (real)
Generate toy 64/250

 -- MarkovChainMC -- 
Limit: r < 3.94491 +/- 0.0572538 @ 95% credibility (15 tries)
Done in 0.09 min (cpu), 0.09 min (real)
Generate toy 65/250

 -- MarkovChainMC -- 
Limit: r < 2.63339 +/- 0.0537722 @ 95% credibility (15 tries)
Done in 0.08 min (cpu), 0.08 min (real)
Generate toy 66/250

 -- MarkovChainMC -- 
Limit: r < 2.94155 +/- 0.0482703 @ 95% credibility (15 tries)
Done in 0.08 min (cpu), 0.08 min (real)
Generate toy 67/250

 -- MarkovChainMC -- 
Limit: r < 4.9583 +/- 0.0713345 @ 95% credibility (15 tries)
Done in 0.09 min (cpu), 0.09 min (real)
Generate toy 68/250

 -- MarkovChainMC -- 
Limit: r < 4.01762 +/- 0.0263147 @ 95% credibility (15 tries)
Done in 0.09 min (cpu), 0.09 min (real)
Generate toy 69/250

 -- MarkovChainMC -- 
Limit: r < 2.19685 +/- 0.0352773 @ 95% credibility (15 tries)
Done in 0.08 min (cpu), 0.08 min (real)
Generate toy 70/250

 -- MarkovChainMC -- 
Limit: r < 3.42154 +/- 0.0458017 @ 95% credibility (15 tries)
Done in 0.08 min (cpu), 0.08 min (real)
Generate toy 71/250

 -- MarkovChainMC -- 
Limit: r < 4.57782 +/- 0.036078 @ 95% credibility (15 tries)
Done in 0.09 min (cpu), 0.09 min (real)
Generate toy 72/250

 -- MarkovChainMC -- 
Limit: r < 1.96813 +/- 0.051467 @ 95% credibility (15 tries)
Done in 0.08 min (cpu), 0.08 min (real)
Generate toy 73/250

 -- MarkovChainMC -- 
Limit: r < 3.52178 +/- 0.0480262 @ 95% credibility (15 tries)
Done in 0.08 min (cpu), 0.09 min (real)
Generate toy 74/250

 -- MarkovChainMC -- 
Limit: r < 3.7669 +/- 0.0356889 @ 95% credibility (15 tries)
Done in 0.08 min (cpu), 0.08 min (real)
Generate toy 75/250

 -- MarkovChainMC -- 
Limit: r < 2.3879 +/- 0.0295395 @ 95% credibility (15 tries)
Done in 0.08 min (cpu), 0.08 min (real)
Generate toy 76/250

 -- MarkovChainMC -- 
Limit: r < 4.25525 +/- 0.0603055 @ 95% credibility (15 tries)
Done in 0.08 min (cpu), 0.09 min (real)
Generate toy 77/250

 -- MarkovChainMC -- 
Limit: r < 2.94147 +/- 0.0471038 @ 95% credibility (15 tries)
Done in 0.08 min (cpu), 0.08 min (real)
Generate toy 78/250

 -- MarkovChainMC -- 
Limit: r < 2.88346 +/- 0.059236 @ 95% credibility (15 tries)
Done in 0.08 min (cpu), 0.08 min (real)
Generate toy 79/250

 -- MarkovChainMC -- 
Limit: r < 6.21753 +/- 0.0812263 @ 95% credibility (15 tries)
Done in 0.09 min (cpu), 0.09 min (real)
Generate toy 80/250

 -- MarkovChainMC -- 
Limit: r < 3.08978 +/- 0.0584558 @ 95% credibility (15 tries)
Done in 0.08 min (cpu), 0.08 min (real)
Generate toy 81/250

 -- MarkovChainMC -- 
Limit: r < 2.79757 +/- 0.0313835 @ 95% credibility (15 tries)
Done in 0.08 min (cpu), 0.08 min (real)
Generate toy 82/250

 -- MarkovChainMC -- 
Limit: r < 2.40749 +/- 0.0458477 @ 95% credibility (15 tries)
Done in 0.08 min (cpu), 0.08 min (real)
Generate toy 83/250

 -- MarkovChainMC -- 
Limit: r < 3.35177 +/- 0.0408424 @ 95% credibility (15 tries)
Done in 0.08 min (cpu), 0.08 min (real)
Generate toy 84/250

 -- MarkovChainMC -- 
Limit: r < 3.49176 +/- 0.0551612 @ 95% credibility (15 tries)
Done in 0.08 min (cpu), 0.08 min (real)
Generate toy 85/250

 -- MarkovChainMC -- 
Limit: r < 3.11994 +/- 0.0793189 @ 95% credibility (15 tries)
Done in 0.08 min (cpu), 0.08 min (real)
Generate toy 86/250

 -- MarkovChainMC -- 
Limit: r < 3.15438 +/- 0.0273573 @ 95% credibility (15 tries)
Done in 0.08 min (cpu), 0.09 min (real)
Generate toy 87/250

 -- MarkovChainMC -- 
Limit: r < 2.62029 +/- 0.0281693 @ 95% credibility (15 tries)
Done in 0.10 min (cpu), 0.10 min (real)
Generate toy 88/250

 -- MarkovChainMC -- 
Limit: r < 2.56929 +/- 0.0656971 @ 95% credibility (15 tries)
Done in 0.08 min (cpu), 0.08 min (real)
Generate toy 89/250

 -- MarkovChainMC -- 
Limit: r < 1.95629 +/- 0.037373 @ 95% credibility (15 tries)
Done in 0.08 min (cpu), 0.08 min (real)
Generate toy 90/250

 -- MarkovChainMC -- 
Limit: r < 3.59759 +/- 0.0187371 @ 95% credibility (15 tries)
Done in 0.09 min (cpu), 0.09 min (real)
Generate toy 91/250

 -- MarkovChainMC -- 
Limit: r < 3.04906 +/- 0.0290898 @ 95% credibility (15 tries)
Done in 0.08 min (cpu), 0.09 min (real)
Generate toy 92/250

 -- MarkovChainMC -- 
Limit: r < 3.20284 +/- 0.0409138 @ 95% credibility (15 tries)
Done in 0.10 min (cpu), 0.10 min (real)
Generate toy 93/250

 -- MarkovChainMC -- 
Limit: r < 2.25713 +/- 0.0261122 @ 95% credibility (15 tries)
Done in 0.10 min (cpu), 0.10 min (real)
Generate toy 94/250

 -- MarkovChainMC -- 
Limit: r < 3.1597 +/- 0.042983 @ 95% credibility (15 tries)
Done in 0.08 min (cpu), 0.09 min (real)
Generate toy 95/250

 -- MarkovChainMC -- 
Limit: r < 2.00098 +/- 0.0122885 @ 95% credibility (15 tries)
Done in 0.08 min (cpu), 0.08 min (real)
Generate toy 96/250

 -- MarkovChainMC -- 
Limit: r < 2.89016 +/- 0.037998 @ 95% credibility (15 tries)
Done in 0.08 min (cpu), 0.08 min (real)
Generate toy 97/250

 -- MarkovChainMC -- 
Limit: r < 7.76978 +/- 0.115835 @ 95% credibility (15 tries)
Done in 0.09 min (cpu), 0.09 min (real)
Generate toy 98/250

 -- MarkovChainMC -- 
Limit: r < 2.35526 +/- 0.0520428 @ 95% credibility (15 tries)
Done in 0.08 min (cpu), 0.08 min (real)
Generate toy 99/250

 -- MarkovChainMC -- 
Limit: r < 2.37205 +/- 0.0412856 @ 95% credibility (15 tries)
Done in 0.08 min (cpu), 0.08 min (real)
Generate toy 100/250

 -- MarkovChainMC -- 
Limit: r < 4.64091 +/- 0.0357979 @ 95% credibility (15 tries)
Done in 0.09 min (cpu), 0.09 min (real)
Generate toy 101/250

 -- MarkovChainMC -- 
Limit: r < 4.76855 +/- 0.076547 @ 95% credibility (15 tries)
Done in 0.09 min (cpu), 0.09 min (real)
Generate toy 102/250

 -- MarkovChainMC -- 
Limit: r < 2.74887 +/- 0.0437693 @ 95% credibility (15 tries)
Done in 0.08 min (cpu), 0.08 min (real)
Generate toy 103/250

 -- MarkovChainMC -- 
Limit: r < 3.05074 +/- 0.0341433 @ 95% credibility (15 tries)
Done in 0.08 min (cpu), 0.08 min (real)
Generate toy 104/250

 -- MarkovChainMC -- 
Limit: r < 3.55748 +/- 0.0595041 @ 95% credibility (15 tries)
Done in 0.09 min (cpu), 0.09 min (real)
Generate toy 105/250

 -- MarkovChainMC -- 
Limit: r < 3.22975 +/- 0.0432924 @ 95% credibility (15 tries)
Done in 0.08 min (cpu), 0.09 min (real)
Generate toy 106/250

 -- MarkovChainMC -- 
Limit: r < 3.26135 +/- 0.0546004 @ 95% credibility (15 tries)
Done in 0.08 min (cpu), 0.09 min (real)
Generate toy 107/250

 -- MarkovChainMC -- 
Limit: r < 1.83337 +/- 0.0639291 @ 95% credibility (15 tries)
Done in 0.08 min (cpu), 0.08 min (real)
Generate toy 108/250

 -- MarkovChainMC -- 
Limit: r < 3.70323 +/- 0.0154378 @ 95% credibility (15 tries)
Done in 0.09 min (cpu), 0.09 min (real)
Generate toy 109/250

 -- MarkovChainMC -- 
Limit: r < 3.38085 +/- 0.0351356 @ 95% credibility (15 tries)
Done in 0.08 min (cpu), 0.09 min (real)
Generate toy 110/250

 -- MarkovChainMC -- 
Limit: r < 5.35556 +/- 0.0644254 @ 95% credibility (15 tries)
Done in 0.09 min (cpu), 0.09 min (real)
Generate toy 111/250

 -- MarkovChainMC -- 
Limit: r < 3.28809 +/- 0.0709675 @ 95% credibility (15 tries)
Done in 0.08 min (cpu), 0.09 min (real)
Generate toy 112/250

 -- MarkovChainMC -- 
Limit: r < 1.69711 +/- 0.0196851 @ 95% credibility (15 tries)
Done in 0.08 min (cpu), 0.08 min (real)
Generate toy 113/250

 -- MarkovChainMC -- 
Limit: r < 3.35932 +/- 0.079369 @ 95% credibility (15 tries)
Done in 0.08 min (cpu), 0.09 min (real)
Generate toy 114/250

 -- MarkovChainMC -- 
Limit: r < 3.63362 +/- 0.0334382 @ 95% credibility (15 tries)
Done in 0.08 min (cpu), 0.08 min (real)
Generate toy 115/250

 -- MarkovChainMC -- 
Limit: r < 3.5492 +/- 0.0343283 @ 95% credibility (15 tries)
Done in 0.09 min (cpu), 0.09 min (real)
Generate toy 116/250

 -- MarkovChainMC -- 
Limit: r < 2.29534 +/- 0.0350196 @ 95% credibility (15 tries)
Done in 0.08 min (cpu), 0.08 min (real)
Generate toy 117/250

 -- MarkovChainMC -- 
Limit: r < 4.95271 +/- 0.059827 @ 95% credibility (15 tries)
Done in 0.09 min (cpu), 0.09 min (real)
Generate toy 118/250

 -- MarkovChainMC -- 
Limit: r < 3.6948 +/- 0.0260727 @ 95% credibility (15 tries)
Done in 0.08 min (cpu), 0.08 min (real)
Generate toy 119/250

 -- MarkovChainMC -- 
Limit: r < 4.02699 +/- 0.0587076 @ 95% credibility (15 tries)
Done in 0.08 min (cpu), 0.09 min (real)
Generate toy 120/250

 -- MarkovChainMC -- 
Limit: r < 3.15457 +/- 0.033074 @ 95% credibility (15 tries)
Done in 0.08 min (cpu), 0.08 min (real)
Generate toy 121/250

 -- MarkovChainMC -- 
Limit: r < 2.57441 +/- 0.0630359 @ 95% credibility (15 tries)
Done in 0.08 min (cpu), 0.08 min (real)
Generate toy 122/250

 -- MarkovChainMC -- 
Limit: r < 3.72145 +/- 0.0628058 @ 95% credibility (15 tries)
Done in 0.08 min (cpu), 0.08 min (real)
Generate toy 123/250

 -- MarkovChainMC -- 
Limit: r < 5.41029 +/- 0.0721504 @ 95% credibility (15 tries)
Done in 0.09 min (cpu), 0.09 min (real)
Generate toy 124/250

 -- MarkovChainMC -- 
Limit: r < 2.28275 +/- 0.0542525 @ 95% credibility (15 tries)
Done in 0.08 min (cpu), 0.08 min (real)
Generate toy 125/250

 -- MarkovChainMC -- 
Limit: r < 6.10174 +/- 0.068808 @ 95% credibility (15 tries)
Done in 0.09 min (cpu), 0.09 min (real)
Generate toy 126/250

 -- MarkovChainMC -- 
Limit: r < 3.47207 +/- 0.0869678 @ 95% credibility (15 tries)
Done in 0.08 min (cpu), 0.08 min (real)
Generate toy 127/250

 -- MarkovChainMC -- 
Limit: r < 3.36198 +/- 0.0278762 @ 95% credibility (15 tries)
Done in 0.08 min (cpu), 0.08 min (real)
Generate toy 128/250

 -- MarkovChainMC -- 
Limit: r < 3.51141 +/- 0.0408894 @ 95% credibility (15 tries)
Done in 0.08 min (cpu), 0.08 min (real)
Generate toy 129/250

 -- MarkovChainMC -- 
Limit: r < 2.274 +/- 0.0239212 @ 95% credibility (15 tries)
Done in 0.08 min (cpu), 0.08 min (real)
Generate toy 130/250

 -- MarkovChainMC -- 
Limit: r < 3.60477 +/- 0.0514315 @ 95% credibility (15 tries)
Done in 0.08 min (cpu), 0.09 min (real)
Generate toy 131/250

 -- MarkovChainMC -- 
Limit: r < 6.34531 +/- 0.0668429 @ 95% credibility (15 tries)
Done in 0.09 min (cpu), 0.09 min (real)
Generate toy 132/250

 -- MarkovChainMC -- 
Limit: r < 4.89545 +/- 0.0581207 @ 95% credibility (15 tries)
Done in 0.09 min (cpu), 0.09 min (real)
Generate toy 133/250

 -- MarkovChainMC -- 
Limit: r < 4.44293 +/- 0.0593131 @ 95% credibility (15 tries)
Done in 0.09 min (cpu), 0.09 min (real)
Generate toy 134/250

 -- MarkovChainMC -- 
Limit: r < 3.15399 +/- 0.0465961 @ 95% credibility (15 tries)
Done in 0.08 min (cpu), 0.08 min (real)
Generate toy 135/250

 -- MarkovChainMC -- 
Limit: r < 1.712 +/- 0.0357092 @ 95% credibility (15 tries)
Done in 0.08 min (cpu), 0.08 min (real)
Generate toy 136/250

 -- MarkovChainMC -- 
Limit: r < 3.86629 +/- 0.0543322 @ 95% credibility (15 tries)
Done in 0.09 min (cpu), 0.09 min (real)
Generate toy 137/250

 -- MarkovChainMC -- 
Limit: r < 2.04246 +/- 0.0290988 @ 95% credibility (15 tries)
Done in 0.08 min (cpu), 0.08 min (real)
Generate toy 138/250

 -- MarkovChainMC -- 
Limit: r < 2.73494 +/- 0.0537594 @ 95% credibility (15 tries)
Done in 0.08 min (cpu), 0.08 min (real)
Generate toy 139/250

 -- MarkovChainMC -- 
Limit: r < 1.86628 +/- 0.0144387 @ 95% credibility (15 tries)
Done in 0.08 min (cpu), 0.08 min (real)
Generate toy 140/250

 -- MarkovChainMC -- 
Limit: r < 2.83139 +/- 0.0377558 @ 95% credibility (15 tries)
Done in 0.08 min (cpu), 0.08 min (real)
Generate toy 141/250

 -- MarkovChainMC -- 
Limit: r < 3.55156 +/- 0.0468349 @ 95% credibility (15 tries)
Done in 0.08 min (cpu), 0.08 min (real)
Generate toy 142/250

 -- MarkovChainMC -- 
Limit: r < 2.0853 +/- 0.0276708 @ 95% credibility (15 tries)
Done in 0.08 min (cpu), 0.08 min (real)
Generate toy 143/250

 -- MarkovChainMC -- 
Limit: r < 2.35281 +/- 0.0512296 @ 95% credibility (15 tries)
Done in 0.08 min (cpu), 0.08 min (real)
Generate toy 144/250

 -- MarkovChainMC -- 
Limit: r < 2.23269 +/- 0.0459976 @ 95% credibility (15 tries)
Done in 0.08 min (cpu), 0.08 min (real)
Generate toy 145/250

 -- MarkovChainMC -- 
Limit: r < 2.73467 +/- 0.051679 @ 95% credibility (15 tries)
Done in 0.08 min (cpu), 0.08 min (real)
Generate toy 146/250

 -- MarkovChainMC -- 
Limit: r < 3.66663 +/- 0.0505412 @ 95% credibility (15 tries)
Done in 0.08 min (cpu), 0.09 min (real)
Generate toy 147/250

 -- MarkovChainMC -- 
Limit: r < 3.52698 +/- 0.0530606 @ 95% credibility (15 tries)
Done in 0.08 min (cpu), 0.08 min (real)
Generate toy 148/250

 -- MarkovChainMC -- 
Limit: r < 3.99672 +/- 0.0795885 @ 95% credibility (15 tries)
Done in 0.09 min (cpu), 0.09 min (real)
Generate toy 149/250

 -- MarkovChainMC -- 
Limit: r < 2.83051 +/- 0.0454733 @ 95% credibility (15 tries)
Done in 0.08 min (cpu), 0.08 min (real)
Generate toy 150/250

 -- MarkovChainMC -- 
Limit: r < 3.23316 +/- 0.0553174 @ 95% credibility (15 tries)
Done in 0.08 min (cpu), 0.08 min (real)
Generate toy 151/250

 -- MarkovChainMC -- 
Limit: r < 4.86659 +/- 0.0234823 @ 95% credibility (15 tries)
Done in 0.09 min (cpu), 0.09 min (real)
Generate toy 152/250

 -- MarkovChainMC -- 
Limit: r < 2.77992 +/- 0.063147 @ 95% credibility (15 tries)
Done in 0.08 min (cpu), 0.08 min (real)
Generate toy 153/250

 -- MarkovChainMC -- 
Limit: r < 1.80545 +/- 0.0339368 @ 95% credibility (15 tries)
Done in 0.08 min (cpu), 0.08 min (real)
Generate toy 154/250

 -- MarkovChainMC -- 
Limit: r < 2.30151 +/- 0.0363369 @ 95% credibility (15 tries)
Done in 0.08 min (cpu), 0.08 min (real)
Generate toy 155/250

 -- MarkovChainMC -- 
Limit: r < 3.45868 +/- 0.0607309 @ 95% credibility (15 tries)
Done in 0.08 min (cpu), 0.08 min (real)
Generate toy 156/250

 -- MarkovChainMC -- 
Limit: r < 4.56104 +/- 0.065493 @ 95% credibility (15 tries)
Done in 0.09 min (cpu), 0.09 min (real)
Generate toy 157/250

 -- MarkovChainMC -- 
Limit: r < 2.32974 +/- 0.02833 @ 95% credibility (15 tries)
Done in 0.08 min (cpu), 0.08 min (real)
Generate toy 158/250

 -- MarkovChainMC -- 
Limit: r < 3.10937 +/- 0.0390036 @ 95% credibility (15 tries)
Done in 0.08 min (cpu), 0.08 min (real)
Generate toy 159/250

 -- MarkovChainMC -- 
Limit: r < 2.14613 +/- 0.0333426 @ 95% credibility (15 tries)
Done in 0.08 min (cpu), 0.08 min (real)
Generate toy 160/250

 -- MarkovChainMC -- 
Limit: r < 4.71666 +/- 0.0644349 @ 95% credibility (15 tries)
Done in 0.09 min (cpu), 0.09 min (real)
Generate toy 161/250

 -- MarkovChainMC -- 
Limit: r < 4.23149 +/- 0.0374301 @ 95% credibility (15 tries)
Done in 0.09 min (cpu), 0.09 min (real)
Generate toy 162/250

 -- MarkovChainMC -- 
Limit: r < 2.70441 +/- 0.0394453 @ 95% credibility (15 tries)
Done in 0.08 min (cpu), 0.08 min (real)
Generate toy 163/250

 -- MarkovChainMC -- 
Limit: r < 5.27843 +/- 0.0600445 @ 95% credibility (15 tries)
Done in 0.09 min (cpu), 0.09 min (real)
Generate toy 164/250

 -- MarkovChainMC -- 
Limit: r < 2.6451 +/- 0.0453744 @ 95% credibility (15 tries)
Done in 0.08 min (cpu), 0.08 min (real)
Generate toy 165/250

 -- MarkovChainMC -- 
Limit: r < 5.46719 +/- 0.0852961 @ 95% credibility (15 tries)
Done in 0.09 min (cpu), 0.09 min (real)
Generate toy 166/250

 -- MarkovChainMC -- 
Limit: r < 2.10037 +/- 0.0365279 @ 95% credibility (15 tries)
Done in 0.08 min (cpu), 0.08 min (real)
Generate toy 167/250

 -- MarkovChainMC -- 
Limit: r < 2.49503 +/- 0.0243973 @ 95% credibility (15 tries)
Done in 0.08 min (cpu), 0.08 min (real)
Generate toy 168/250

 -- MarkovChainMC -- 
Limit: r < 3.16884 +/- 0.0439429 @ 95% credibility (15 tries)
Done in 0.08 min (cpu), 0.08 min (real)
Generate toy 169/250

 -- MarkovChainMC -- 
Limit: r < 1.93899 +/- 0.0334045 @ 95% credibility (15 tries)
Done in 0.08 min (cpu), 0.08 min (real)
Generate toy 170/250

 -- MarkovChainMC -- 
Limit: r < 3.02448 +/- 0.0453481 @ 95% credibility (15 tries)
Done in 0.08 min (cpu), 0.08 min (real)
Generate toy 171/250

 -- MarkovChainMC -- 
Limit: r < 4.03155 +/- 0.0557943 @ 95% credibility (15 tries)
Done in 0.08 min (cpu), 0.08 min (real)
Generate toy 172/250

 -- MarkovChainMC -- 
Limit: r < 3.52948 +/- 0.024386 @ 95% credibility (15 tries)
Done in 0.08 min (cpu), 0.09 min (real)
Generate toy 173/250

 -- MarkovChainMC -- 
Limit: r < 4.78102 +/- 0.0620167 @ 95% credibility (15 tries)
Done in 0.09 min (cpu), 0.09 min (real)
Generate toy 174/250

 -- MarkovChainMC -- 
Limit: r < 3.3299 +/- 0.0509236 @ 95% credibility (15 tries)
Done in 0.08 min (cpu), 0.08 min (real)
Generate toy 175/250

 -- MarkovChainMC -- 
Limit: r < 3.41828 +/- 0.0561795 @ 95% credibility (15 tries)
Done in 0.08 min (cpu), 0.08 min (real)
Generate toy 176/250

 -- MarkovChainMC -- 
Limit: r < 3.71022 +/- 0.0283497 @ 95% credibility (15 tries)
Done in 0.08 min (cpu), 0.08 min (real)
Generate toy 177/250

 -- MarkovChainMC -- 
Limit: r < 6.07252 +/- 0.0850159 @ 95% credibility (15 tries)
Done in 0.09 min (cpu), 0.09 min (real)
Generate toy 178/250

 -- MarkovChainMC -- 
Limit: r < 3.63632 +/- 0.0309349 @ 95% credibility (15 tries)
Done in 0.09 min (cpu), 0.09 min (real)
Generate toy 179/250

 -- MarkovChainMC -- 
Limit: r < 2.49648 +/- 0.0362808 @ 95% credibility (15 tries)
Done in 0.08 min (cpu), 0.08 min (real)
Generate toy 180/250

 -- MarkovChainMC -- 
Limit: r < 2.05554 +/- 0.0313058 @ 95% credibility (15 tries)
Done in 0.08 min (cpu), 0.08 min (real)
Generate toy 181/250

 -- MarkovChainMC -- 
Limit: r < 1.99809 +/- 0.0414832 @ 95% credibility (15 tries)
Done in 0.08 min (cpu), 0.08 min (real)
Generate toy 182/250

 -- MarkovChainMC -- 
Limit: r < 3.89505 +/- 0.0306347 @ 95% credibility (15 tries)
Done in 0.09 min (cpu), 0.09 min (real)
Generate toy 183/250

 -- MarkovChainMC -- 
Limit: r < 2.83621 +/- 0.0490978 @ 95% credibility (15 tries)
Done in 0.08 min (cpu), 0.08 min (real)
Generate toy 184/250

 -- MarkovChainMC -- 
Limit: r < 2.18933 +/- 0.0405498 @ 95% credibility (15 tries)
Done in 0.08 min (cpu), 0.08 min (real)
Generate toy 185/250

 -- MarkovChainMC -- 
Limit: r < 1.79571 +/- 0.0244298 @ 95% credibility (15 tries)
Done in 0.08 min (cpu), 0.08 min (real)
Generate toy 186/250

 -- MarkovChainMC -- 
Limit: r < 6.60736 +/- 0.0339092 @ 95% credibility (15 tries)
Done in 0.09 min (cpu), 0.09 min (real)
Generate toy 187/250

 -- MarkovChainMC -- 
Limit: r < 4.25021 +/- 0.0786434 @ 95% credibility (15 tries)
Done in 0.08 min (cpu), 0.08 min (real)
Generate toy 188/250

 -- MarkovChainMC -- 
Limit: r < 2.59159 +/- 0.0410091 @ 95% credibility (15 tries)
Done in 0.08 min (cpu), 0.08 min (real)
Generate toy 189/250

 -- MarkovChainMC -- 
Limit: r < 2.89589 +/- 0.0312301 @ 95% credibility (15 tries)
Done in 0.08 min (cpu), 0.08 min (real)
Generate toy 190/250

 -- MarkovChainMC -- 
Limit: r < 2.29884 +/- 0.0322584 @ 95% credibility (15 tries)
Done in 0.08 min (cpu), 0.08 min (real)
Generate toy 191/250

 -- MarkovChainMC -- 
Limit: r < 4.42549 +/- 0.0785943 @ 95% credibility (15 tries)
Done in 0.09 min (cpu), 0.09 min (real)
Generate toy 192/250

 -- MarkovChainMC -- 
Limit: r < 2.06209 +/- 0.0333824 @ 95% credibility (15 tries)
Done in 0.08 min (cpu), 0.08 min (real)
Generate toy 193/250

 -- MarkovChainMC -- 
Limit: r < 2.34729 +/- 0.0360117 @ 95% credibility (15 tries)
Done in 0.08 min (cpu), 0.08 min (real)
Generate toy 194/250

 -- MarkovChainMC -- 
Limit: r < 2.94564 +/- 0.0382311 @ 95% credibility (15 tries)
Done in 0.08 min (cpu), 0.08 min (real)
Generate toy 195/250

 -- MarkovChainMC -- 
Limit: r < 2.72594 +/- 0.0506953 @ 95% credibility (15 tries)
Done in 0.08 min (cpu), 0.08 min (real)
Generate toy 196/250

 -- MarkovChainMC -- 
Limit: r < 5.08305 +/- 0.0706801 @ 95% credibility (15 tries)
Done in 0.09 min (cpu), 0.09 min (real)
Generate toy 197/250

 -- MarkovChainMC -- 
Limit: r < 5.15438 +/- 0.0690511 @ 95% credibility (15 tries)
Done in 0.09 min (cpu), 0.09 min (real)
Generate toy 198/250

 -- MarkovChainMC -- 
Limit: r < 4.97384 +/- 0.060688 @ 95% credibility (15 tries)
Done in 0.09 min (cpu), 0.09 min (real)
Generate toy 199/250

 -- MarkovChainMC -- 
Limit: r < 3.16471 +/- 0.0452196 @ 95% credibility (15 tries)
Done in 0.08 min (cpu), 0.08 min (real)
Generate toy 200/250

 -- MarkovChainMC -- 
Limit: r < 4.07262 +/- 0.0806931 @ 95% credibility (15 tries)
Done in 0.08 min (cpu), 0.08 min (real)
Generate toy 201/250

 -- MarkovChainMC -- 
Limit: r < 3.23585 +/- 0.0554107 @ 95% credibility (15 tries)
Done in 0.08 min (cpu), 0.08 min (real)
Generate toy 202/250

 -- MarkovChainMC -- 
Limit: r < 3.30094 +/- 0.0370365 @ 95% credibility (15 tries)
Done in 0.08 min (cpu), 0.08 min (real)
Generate toy 203/250

 -- MarkovChainMC -- 
Limit: r < 3.66193 +/- 0.0433712 @ 95% credibility (15 tries)
Done in 0.08 min (cpu), 0.08 min (real)
Generate toy 204/250

 -- MarkovChainMC -- 
Limit: r < 3.39794 +/- 0.0643121 @ 95% credibility (15 tries)
Done in 0.09 min (cpu), 0.09 min (real)
Generate toy 205/250

 -- MarkovChainMC -- 
Limit: r < 2.53257 +/- 0.0203377 @ 95% credibility (15 tries)
Done in 0.08 min (cpu), 0.08 min (real)
Generate toy 206/250

 -- MarkovChainMC -- 
Limit: r < 2.4219 +/- 0.0383794 @ 95% credibility (15 tries)
Done in 0.08 min (cpu), 0.08 min (real)
Generate toy 207/250

 -- MarkovChainMC -- 
Limit: r < 2.93829 +/- 0.0577847 @ 95% credibility (15 tries)
Done in 0.08 min (cpu), 0.08 min (real)
Generate toy 208/250

 -- MarkovChainMC -- 
Limit: r < 2.02029 +/- 0.0450405 @ 95% credibility (15 tries)
Done in 0.08 min (cpu), 0.08 min (real)
Generate toy 209/250

 -- MarkovChainMC -- 
Limit: r < 2.24155 +/- 0.0302245 @ 95% credibility (15 tries)
Done in 0.08 min (cpu), 0.08 min (real)
Generate toy 210/250

 -- MarkovChainMC -- 
Limit: r < 2.66433 +/- 0.0510967 @ 95% credibility (15 tries)
Done in 0.08 min (cpu), 0.08 min (real)
Generate toy 211/250

 -- MarkovChainMC -- 
Limit: r < 3.30808 +/- 0.0548439 @ 95% credibility (15 tries)
Done in 0.08 min (cpu), 0.08 min (real)
Generate toy 212/250

 -- MarkovChainMC -- 
Limit: r < 3.88324 +/- 0.0761379 @ 95% credibility (15 tries)
Done in 0.08 min (cpu), 0.08 min (real)
Generate toy 213/250

 -- MarkovChainMC -- 
Limit: r < 2.46688 +/- 0.0487266 @ 95% credibility (15 tries)
Done in 0.08 min (cpu), 0.08 min (real)
Generate toy 214/250

 -- MarkovChainMC -- 
Limit: r < 4.58669 +/- 0.0694193 @ 95% credibility (15 tries)
Done in 0.09 min (cpu), 0.09 min (real)
Generate toy 215/250

 -- MarkovChainMC -- 
Limit: r < 2.68357 +/- 0.0539865 @ 95% credibility (15 tries)
Done in 0.08 min (cpu), 0.08 min (real)
Generate toy 216/250

 -- MarkovChainMC -- 
Limit: r < 2.28666 +/- 0.055391 @ 95% credibility (15 tries)
Done in 0.08 min (cpu), 0.08 min (real)
Generate toy 217/250

 -- MarkovChainMC -- 
Limit: r < 2.98118 +/- 0.0131371 @ 95% credibility (15 tries)
Done in 0.08 min (cpu), 0.08 min (real)
Generate toy 218/250

 -- MarkovChainMC -- 
Limit: r < 3.71681 +/- 0.0536389 @ 95% credibility (15 tries)
Done in 0.08 min (cpu), 0.08 min (real)
Generate toy 219/250

 -- MarkovChainMC -- 
Limit: r < 2.77907 +/- 0.0286452 @ 95% credibility (15 tries)
Done in 0.08 min (cpu), 0.08 min (real)
Generate toy 220/250

 -- MarkovChainMC -- 
Limit: r < 2.25978 +/- 0.0559783 @ 95% credibility (15 tries)
Done in 0.08 min (cpu), 0.08 min (real)
Generate toy 221/250

 -- MarkovChainMC -- 
Limit: r < 5.21839 +/- 0.0564703 @ 95% credibility (15 tries)
Done in 0.09 min (cpu), 0.09 min (real)
Generate toy 222/250

 -- MarkovChainMC -- 
Limit: r < 3.38766 +/- 0.0285082 @ 95% credibility (15 tries)
Done in 0.08 min (cpu), 0.08 min (real)
Generate toy 223/250

 -- MarkovChainMC -- 
Limit: r < 1.9013 +/- 0.0363248 @ 95% credibility (15 tries)
Done in 0.08 min (cpu), 0.08 min (real)
Generate toy 224/250

 -- MarkovChainMC -- 
Limit: r < 3.1787 +/- 0.0592823 @ 95% credibility (15 tries)
Done in 0.09 min (cpu), 0.09 min (real)
Generate toy 225/250

 -- MarkovChainMC -- 
Limit: r < 2.4743 +/- 0.01813 @ 95% credibility (15 tries)
Done in 0.08 min (cpu), 0.08 min (real)
Generate toy 226/250

 -- MarkovChainMC -- 
Limit: r < 4.53467 +/- 0.0664699 @ 95% credibility (15 tries)
Done in 0.09 min (cpu), 0.09 min (real)
Generate toy 227/250

 -- MarkovChainMC -- 
Limit: r < 1.69172 +/- 0.0397769 @ 95% credibility (15 tries)
Done in 0.08 min (cpu), 0.08 min (real)
Generate toy 228/250

 -- MarkovChainMC -- 
Limit: r < 2.61246 +/- 0.0430239 @ 95% credibility (15 tries)
Done in 0.08 min (cpu), 0.08 min (real)
Generate toy 229/250

 -- MarkovChainMC -- 
Limit: r < 2.73427 +/- 0.0221248 @ 95% credibility (15 tries)
Done in 0.08 min (cpu), 0.08 min (real)
Generate toy 230/250

 -- MarkovChainMC -- 
Limit: r < 2.04895 +/- 0.0425616 @ 95% credibility (15 tries)
Done in 0.08 min (cpu), 0.08 min (real)
Generate toy 231/250

 -- MarkovChainMC -- 
Limit: r < 4.66974 +/- 0.0426534 @ 95% credibility (15 tries)
Done in 0.08 min (cpu), 0.09 min (real)
Generate toy 232/250

 -- MarkovChainMC -- 
Limit: r < 2.26197 +/- 0.0204784 @ 95% credibility (15 tries)
Done in 0.08 min (cpu), 0.08 min (real)
Generate toy 233/250

 -- MarkovChainMC -- 
Limit: r < 2.94521 +/- 0.0535454 @ 95% credibility (15 tries)
Done in 0.08 min (cpu), 0.08 min (real)
Generate toy 234/250

 -- MarkovChainMC -- 
Limit: r < 5.6388 +/- 0.102607 @ 95% credibility (15 tries)
Done in 0.09 min (cpu), 0.09 min (real)
Generate toy 235/250

 -- MarkovChainMC -- 
Limit: r < 2.94348 +/- 0.0247425 @ 95% credibility (15 tries)
Done in 0.08 min (cpu), 0.08 min (real)
Generate toy 236/250

 -- MarkovChainMC -- 
Limit: r < 1.84462 +/- 0.0347897 @ 95% credibility (15 tries)
Done in 0.08 min (cpu), 0.08 min (real)
Generate toy 237/250

 -- MarkovChainMC -- 
Limit: r < 2.0085 +/- 0.0304933 @ 95% credibility (15 tries)
Done in 0.08 min (cpu), 0.08 min (real)
Generate toy 238/250

 -- MarkovChainMC -- 
Limit: r < 3.3974 +/- 0.0399679 @ 95% credibility (15 tries)
Done in 0.08 min (cpu), 0.08 min (real)
Generate toy 239/250

 -- MarkovChainMC -- 
Limit: r < 1.84173 +/- 0.0254028 @ 95% credibility (15 tries)
Done in 0.08 min (cpu), 0.08 min (real)
Generate toy 240/250

 -- MarkovChainMC -- 
Limit: r < 3.16254 +/- 0.0537516 @ 95% credibility (15 tries)
Done in 0.08 min (cpu), 0.08 min (real)
Generate toy 241/250

 -- MarkovChainMC -- 
Limit: r < 4.57886 +/- 0.0688433 @ 95% credibility (15 tries)
Done in 0.08 min (cpu), 0.09 min (real)
Generate toy 242/250

 -- MarkovChainMC -- 
Limit: r < 2.4191 +/- 0.0188586 @ 95% credibility (15 tries)
Done in 0.08 min (cpu), 0.08 min (real)
Generate toy 243/250

 -- MarkovChainMC -- 
Limit: r < 3.16252 +/- 0.0387753 @ 95% credibility (15 tries)
Done in 0.08 min (cpu), 0.08 min (real)
Generate toy 244/250

 -- MarkovChainMC -- 
Limit: r < 2.32178 +/- 0.0418322 @ 95% credibility (15 tries)
Done in 0.08 min (cpu), 0.08 min (real)
Generate toy 245/250

 -- MarkovChainMC -- 
Limit: r < 7.2613 +/- 0.0580659 @ 95% credibility (15 tries)
Done in 0.09 min (cpu), 0.09 min (real)
Generate toy 246/250

 -- MarkovChainMC -- 
Limit: r < 3.32329 +/- 0.0276623 @ 95% credibility (15 tries)
Done in 0.08 min (cpu), 0.08 min (real)
Generate toy 247/250

 -- MarkovChainMC -- 
Limit: r < 8.32214 +/- 0.0752599 @ 95% credibility (15 tries)
Done in 0.09 min (cpu), 0.09 min (real)
Generate toy 248/250

 -- MarkovChainMC -- 
Limit: r < 2.9247 +/- 0.0579424 @ 95% credibility (15 tries)
Done in 0.08 min (cpu), 0.08 min (real)
Generate toy 249/250

 -- MarkovChainMC -- 
Limit: r < 2.7274 +/- 0.0627469 @ 95% credibility (15 tries)
Done in 0.08 min (cpu), 0.08 min (real)
Generate toy 250/250

 -- MarkovChainMC -- 
Limit: r < 3.15393 +/- 0.0421118 @ 95% credibility (15 tries)
Done in 0.08 min (cpu), 0.08 min (real)
mean   expected limit: r < 3.33943 +/- 0.0738934 @ 95%CL (250 toyMC)
median expected limit: r < 3.12907 @ 95%CL (250 toyMC)
   68% expected band : 2.28275 < r < 4.44293
   95% expected band : 1.84173 < r < 6.60736
