 <<< Combine >>> 
 <<< v10.0.2 >>>
>>> Used OpenSSL to get a truly random seed -303190009
>>> Method used is MarkovChainMC
============================================================
Analyzing bin errors for: prop_binmuon_channel
Poisson cut-off: 10
Processes excluded for sums: Wprime6600_kR0.1
============================================================
Bin        Contents        Error           Notes                         
0          4245.742845     16.603213       total sum                     
0          4245.728997     16.603213       excluding marked processes    
0          65391.000000    255.716640      Unweighted events, alpha=0.064929
  => Total parameter prop_binmuon_channel_bin0[0.00,-7.00,7.00] to be Gaussian constrained
------------------------------------------------------------
1          1621.110178     7.828054        total sum                     
1          1621.101079     7.828053        excluding marked processes    
1          42886.000000    207.089353      Unweighted events, alpha=0.037800
  => Total parameter prop_binmuon_channel_bin1[0.00,-7.00,7.00] to be Gaussian constrained
------------------------------------------------------------
2          721.404754      4.795515        total sum                     
2          721.396648      4.795515        excluding marked processes    
2          22630.000000    150.432709      Unweighted events, alpha=0.031878
  => Total parameter prop_binmuon_channel_bin2[0.00,-7.00,7.00] to be Gaussian constrained
------------------------------------------------------------
3          359.300444      3.009356        total sum                     
3          359.285774      3.009355        excluding marked processes    
3          14254.000000    119.390117      Unweighted events, alpha=0.025207
  => Total parameter prop_binmuon_channel_bin3[0.00,-7.00,7.00] to be Gaussian constrained
------------------------------------------------------------
4          191.200252      3.360877        total sum                     
4          191.190097      3.360877        excluding marked processes    
4          3236.000000     56.885851       Unweighted events, alpha=0.059085
  => Total parameter prop_binmuon_channel_bin4[0.00,-7.00,7.00] to be Gaussian constrained
------------------------------------------------------------
5          112.225174      1.192111        total sum                     
5          112.217111      1.192110        excluding marked processes    
5          8861.000000     94.132885       Unweighted events, alpha=0.012665
  => Total parameter prop_binmuon_channel_bin5[0.00,-7.00,7.00] to be Gaussian constrained
------------------------------------------------------------
6          107.149373      1.524077        total sum                     
6          107.129583      1.524073        excluding marked processes    
6          4941.000000     70.292247       Unweighted events, alpha=0.021686
  => Total parameter prop_binmuon_channel_bin6[0.00,-7.00,7.00] to be Gaussian constrained
------------------------------------------------------------
7          41.136717       0.657935        total sum                     
7          41.104515       0.657922        excluding marked processes    
7          3903.000000     62.473995       Unweighted events, alpha=0.010540
  => Total parameter prop_binmuon_channel_bin7[0.00,-7.00,7.00] to be Gaussian constrained
------------------------------------------------------------
8          23.526292       0.587089        total sum                     
8          23.449391       0.587056        excluding marked processes    
8          1596.000000     39.949969       Unweighted events, alpha=0.014741
  => Total parameter prop_binmuon_channel_bin8[0.00,-7.00,7.00] to be Gaussian constrained
------------------------------------------------------------
9          8.512002        0.394659        total sum                     
9          8.355840        0.394559        excluding marked processes    
9          448.000000      21.166010       Unweighted events, alpha=0.019000
  => Total parameter prop_binmuon_channel_bin9[0.00,-7.00,7.00] to be Gaussian constrained
------------------------------------------------------------
10         3.919764        0.252312        total sum                     
10         3.506378        0.251887        excluding marked processes    
10         194.000000      13.928388       Unweighted events, alpha=0.020205
  => Total parameter prop_binmuon_channel_bin10[0.00,-7.00,7.00] to be Gaussian constrained
------------------------------------------------------------
11         2.369574        0.181595        total sum                     
11         1.363219        0.180174        excluding marked processes    
11         57.000000       7.549834        Unweighted events, alpha=0.041571
  => Total parameter prop_binmuon_channel_bin11[0.00,-7.00,7.00] to be Gaussian constrained
------------------------------------------------------------
12         2.043320        0.290416        total sum                     
12         0.530791        0.289065        excluding marked processes    
12         3.000000        1.732051        Unweighted events, alpha=0.681107
  => Number of weighted events is below Poisson threshold
    Wprime6600_kR0.1     1.512529        0.027978                                      
                         2923.000000     54.064776       Unweighted events, alpha=0.000517
      => Parameter prop_binmuon_channel_bin12_Wprime6600_kR0.1[0.00,-7.00,7.00] to be Gaussian constrained
  ----------------------------------------------------------
    W_boson              0.216692        0.001181                                      
                         33653.000000    183.447540      Unweighted events, alpha=0.000006
      => Parameter prop_binmuon_channel_bin12_W_boson[0.00,-7.00,7.00] to be Gaussian constrained
  ----------------------------------------------------------
    Top                  0.000000        0.000000                                      
      => Error is zero, ignore      
  ----------------------------------------------------------
    Z_boson              0.004094        0.000500                                      
                         67.000000       8.185353        Unweighted events, alpha=0.000061
      => Parameter prop_binmuon_channel_bin12_Z_boson[0.00,-7.00,7.00] to be Gaussian constrained
  ----------------------------------------------------------
    DiBoson              0.288910        0.288561                                      
                         1.000000        1.000000        Unweighted events, alpha=0.288910
      => Product of prop_binmuon_channel_bin12_DiBoson[1.00,0.00,30.85] and const [1.0000] to be Poisson constrained
  ----------------------------------------------------------
    QCD                  0.021095        0.017013                                      
                         2.000000        1.414214        Unweighted events, alpha=0.010547
      => Product of prop_binmuon_channel_bin12_QCD[2.00,0.00,33.79] and const [0.5000] to be Poisson constrained
  ----------------------------------------------------------
------------------------------------------------------------
13         4.949136        0.050119        total sum                     
13         0.067145        0.000584        excluding marked processes    
13         13239.000000    115.060853      Unweighted events, alpha=0.000374
  => Total parameter prop_binmuon_channel_bin13[0.00,-7.00,7.00] to be Gaussian constrained
------------------------------------------------------------
14         4.818320        0.048933        total sum                     
14         0.003967        0.000043        excluding marked processes    
14         8482.000000     92.097774       Unweighted events, alpha=0.000568
  => Total parameter prop_binmuon_channel_bin14[0.00,-7.00,7.00] to be Gaussian constrained
------------------------------------------------------------
15         4.564236        0.047426        total sum                     
15         0.005625        0.003835        excluding marked processes    
15         2.000000        1.414214        Unweighted events, alpha=2.282118
  => Number of weighted events is below Poisson threshold
    Wprime6600_kR0.1     4.558610        0.047270                                      
                         9300.000000     96.436508       Unweighted events, alpha=0.000490
      => Parameter prop_binmuon_channel_bin15_Wprime6600_kR0.1[0.00,-7.00,7.00] to be Gaussian constrained
  ----------------------------------------------------------
    W_boson              0.000849        0.000021                                      
                         1670.000000     40.865633       Unweighted events, alpha=0.000001
      => Parameter prop_binmuon_channel_bin15_W_boson[0.00,-7.00,7.00] to be Gaussian constrained
  ----------------------------------------------------------
    Top                  0.000000        0.000000                                      
      => Error is zero, ignore      
  ----------------------------------------------------------
    Z_boson              0.000011        0.000003                                      
                         16.000000       4.000000        Unweighted events, alpha=0.000001
      => Parameter prop_binmuon_channel_bin15_Z_boson[0.00,-7.00,7.00] to be Gaussian constrained
  ----------------------------------------------------------
    DiBoson              0.000000        0.000000                                      
      => Error is zero, ignore      
  ----------------------------------------------------------
    QCD                  0.004765        0.003834                                      
                         2.000000        1.414214        Unweighted events, alpha=0.002383
      => Product of prop_binmuon_channel_bin15_QCD[2.00,0.00,33.79] and const [0.5000] to be Poisson constrained
  ----------------------------------------------------------
------------------------------------------------------------
Channel muon_channel will use autoMCStats with settings: event-threshold=10, include-signal=0, hist-mode=1
Generate toy 1/250

 -- MarkovChainMC -- 
Limit: r < 0.467584 +/- 0.00476053 @ 95% credibility (15 tries)
Done in 0.12 min (cpu), 0.13 min (real)
Generate toy 2/250

 -- MarkovChainMC -- 
Limit: r < 0.220871 +/- 0.00438903 @ 95% credibility (15 tries)
Done in 0.11 min (cpu), 0.11 min (real)
Generate toy 3/250

 -- MarkovChainMC -- 
Limit: r < 0.285096 +/- 0.00427381 @ 95% credibility (15 tries)
Done in 0.12 min (cpu), 0.12 min (real)
Generate toy 4/250

 -- MarkovChainMC -- 
Limit: r < 0.210119 +/- 0.00353175 @ 95% credibility (15 tries)
Done in 0.11 min (cpu), 0.11 min (real)
Generate toy 5/250

 -- MarkovChainMC -- 
Limit: r < 0.19228 +/- 0.00414757 @ 95% credibility (15 tries)
Done in 0.11 min (cpu), 0.12 min (real)
Generate toy 6/250

 -- MarkovChainMC -- 
Limit: r < 0.226143 +/- 0.00542963 @ 95% credibility (15 tries)
Done in 0.11 min (cpu), 0.12 min (real)
Generate toy 7/250

 -- MarkovChainMC -- 
Limit: r < 0.180534 +/- 0.00350151 @ 95% credibility (15 tries)
Done in 0.11 min (cpu), 0.12 min (real)
Generate toy 8/250

 -- MarkovChainMC -- 
Limit: r < 0.212887 +/- 0.00755844 @ 95% credibility (15 tries)
Done in 0.11 min (cpu), 0.11 min (real)
Generate toy 9/250

 -- MarkovChainMC -- 
Limit: r < 0.185859 +/- 0.00374097 @ 95% credibility (15 tries)
Done in 0.12 min (cpu), 0.12 min (real)
Generate toy 10/250

 -- MarkovChainMC -- 
Limit: r < 0.189937 +/- 0.00246033 @ 95% credibility (15 tries)
Done in 0.11 min (cpu), 0.12 min (real)
Generate toy 11/250

 -- MarkovChainMC -- 
Limit: r < 0.201259 +/- 0.00297595 @ 95% credibility (15 tries)
Done in 0.11 min (cpu), 0.12 min (real)
Generate toy 12/250

 -- MarkovChainMC -- 
Limit: r < 0.184111 +/- 0.00247832 @ 95% credibility (15 tries)
Done in 0.11 min (cpu), 0.11 min (real)
Generate toy 13/250

 -- MarkovChainMC -- 
Limit: r < 0.204471 +/- 0.00406999 @ 95% credibility (15 tries)
Done in 0.11 min (cpu), 0.12 min (real)
Generate toy 14/250

 -- MarkovChainMC -- 
Limit: r < 0.210117 +/- 0.00236263 @ 95% credibility (15 tries)
Done in 0.11 min (cpu), 0.12 min (real)
Generate toy 15/250

 -- MarkovChainMC -- 
Limit: r < 0.205336 +/- 0.00412989 @ 95% credibility (15 tries)
Done in 0.11 min (cpu), 0.11 min (real)
Generate toy 16/250

 -- MarkovChainMC -- 
Limit: r < 0.224031 +/- 0.00441257 @ 95% credibility (15 tries)
Done in 0.10 min (cpu), 0.11 min (real)
Generate toy 17/250

 -- MarkovChainMC -- 
Limit: r < 0.229738 +/- 0.00295543 @ 95% credibility (15 tries)
Done in 0.11 min (cpu), 0.11 min (real)
Generate toy 18/250

 -- MarkovChainMC -- 
Limit: r < 0.201511 +/- 0.00604553 @ 95% credibility (15 tries)
Done in 0.11 min (cpu), 0.12 min (real)
Generate toy 19/250

 -- MarkovChainMC -- 
Limit: r < 0.203214 +/- 0.00407031 @ 95% credibility (15 tries)
Done in 0.11 min (cpu), 0.12 min (real)
Generate toy 20/250

 -- MarkovChainMC -- 
Limit: r < 0.189086 +/- 0.00322985 @ 95% credibility (15 tries)
Done in 0.11 min (cpu), 0.12 min (real)
Generate toy 21/250

 -- MarkovChainMC -- 
Limit: r < 0.224643 +/- 0.00239962 @ 95% credibility (15 tries)
Done in 0.11 min (cpu), 0.12 min (real)
Generate toy 22/250

 -- MarkovChainMC -- 
Limit: r < 0.186521 +/- 0.00525904 @ 95% credibility (15 tries)
Done in 0.11 min (cpu), 0.11 min (real)
Generate toy 23/250

 -- MarkovChainMC -- 
Limit: r < 0.16729 +/- 0.00432358 @ 95% credibility (15 tries)
Done in 0.12 min (cpu), 0.12 min (real)
Generate toy 24/250

 -- MarkovChainMC -- 
Limit: r < 0.207949 +/- 0.00114898 @ 95% credibility (15 tries)
Done in 0.11 min (cpu), 0.11 min (real)
Generate toy 25/250

 -- MarkovChainMC -- 
Limit: r < 0.225181 +/- 0.00304795 @ 95% credibility (15 tries)
Done in 0.11 min (cpu), 0.12 min (real)
Generate toy 26/250

 -- MarkovChainMC -- 
Limit: r < 0.207395 +/- 0.00414691 @ 95% credibility (15 tries)
Done in 0.12 min (cpu), 0.12 min (real)
Generate toy 27/250

 -- MarkovChainMC -- 
Limit: r < 0.178301 +/- 0.00480083 @ 95% credibility (15 tries)
Done in 0.11 min (cpu), 0.12 min (real)
Generate toy 28/250

 -- MarkovChainMC -- 
Limit: r < 0.164171 +/- 0.00319833 @ 95% credibility (15 tries)
Done in 0.11 min (cpu), 0.12 min (real)
Generate toy 29/250

 -- MarkovChainMC -- 
Limit: r < 0.209204 +/- 0.00205328 @ 95% credibility (15 tries)
Done in 0.12 min (cpu), 0.13 min (real)
Generate toy 30/250

 -- MarkovChainMC -- 
Limit: r < 0.186125 +/- 0.00185487 @ 95% credibility (15 tries)
Done in 0.12 min (cpu), 0.13 min (real)
Generate toy 31/250

 -- MarkovChainMC -- 
Limit: r < 0.224542 +/- 0.00311918 @ 95% credibility (15 tries)
Done in 0.12 min (cpu), 0.13 min (real)
Generate toy 32/250

 -- MarkovChainMC -- 
Limit: r < 0.207169 +/- 0.00421031 @ 95% credibility (15 tries)
Done in 0.12 min (cpu), 0.12 min (real)
Generate toy 33/250

 -- MarkovChainMC -- 
Limit: r < 0.227403 +/- 0.00354936 @ 95% credibility (15 tries)
Done in 0.12 min (cpu), 0.13 min (real)
Generate toy 34/250

 -- MarkovChainMC -- 
Limit: r < 0.20006 +/- 0.00617498 @ 95% credibility (15 tries)
Done in 0.13 min (cpu), 0.13 min (real)
Generate toy 35/250

 -- MarkovChainMC -- 
Limit: r < 0.225193 +/- 0.00411277 @ 95% credibility (15 tries)
Done in 0.12 min (cpu), 0.13 min (real)
Generate toy 36/250

 -- MarkovChainMC -- 
Limit: r < 0.189346 +/- 0.00466686 @ 95% credibility (15 tries)
Done in 0.12 min (cpu), 0.14 min (real)
Generate toy 37/250

 -- MarkovChainMC -- 
Limit: r < 0.180978 +/- 0.00181518 @ 95% credibility (15 tries)
Done in 0.12 min (cpu), 0.14 min (real)
Generate toy 38/250

 -- MarkovChainMC -- 
Limit: r < 0.194605 +/- 0.00419659 @ 95% credibility (15 tries)
Done in 0.12 min (cpu), 0.13 min (real)
Generate toy 39/250

 -- MarkovChainMC -- 
Limit: r < 0.247449 +/- 0.00497512 @ 95% credibility (15 tries)
Done in 0.13 min (cpu), 0.13 min (real)
Generate toy 40/250

 -- MarkovChainMC -- 
Limit: r < 0.212561 +/- 0.00322379 @ 95% credibility (15 tries)
Done in 0.12 min (cpu), 0.13 min (real)
Generate toy 41/250

 -- MarkovChainMC -- 
Limit: r < 0.209503 +/- 0.00544283 @ 95% credibility (15 tries)
Done in 0.12 min (cpu), 0.13 min (real)
Generate toy 42/250

 -- MarkovChainMC -- 
Limit: r < 0.268731 +/- 0.00466629 @ 95% credibility (15 tries)
Done in 0.13 min (cpu), 0.13 min (real)
Generate toy 43/250

 -- MarkovChainMC -- 
Limit: r < 0.200337 +/- 0.00524358 @ 95% credibility (15 tries)
Done in 0.12 min (cpu), 0.13 min (real)
Generate toy 44/250

 -- MarkovChainMC -- 
Limit: r < 0.244334 +/- 0.00572995 @ 95% credibility (15 tries)
Done in 0.12 min (cpu), 0.13 min (real)
Generate toy 45/250

 -- MarkovChainMC -- 
Limit: r < 0.181609 +/- 0.00560793 @ 95% credibility (15 tries)
Done in 0.12 min (cpu), 0.13 min (real)
Generate toy 46/250

 -- MarkovChainMC -- 
Limit: r < 0.19442 +/- 0.003311 @ 95% credibility (15 tries)
Done in 0.12 min (cpu), 0.13 min (real)
Generate toy 47/250

 -- MarkovChainMC -- 
Limit: r < 0.185123 +/- 0.00645403 @ 95% credibility (15 tries)
Done in 0.12 min (cpu), 0.13 min (real)
Generate toy 48/250

 -- MarkovChainMC -- 
Limit: r < 0.234909 +/- 0.0030078 @ 95% credibility (15 tries)
Done in 0.12 min (cpu), 0.13 min (real)
Generate toy 49/250

 -- MarkovChainMC -- 
Limit: r < 0.407261 +/- 0.00275803 @ 95% credibility (15 tries)
Done in 0.13 min (cpu), 0.14 min (real)
Generate toy 50/250

 -- MarkovChainMC -- 
Limit: r < 0.218584 +/- 0.00215501 @ 95% credibility (15 tries)
Done in 0.12 min (cpu), 0.13 min (real)
Generate toy 51/250

 -- MarkovChainMC -- 
Limit: r < 0.212066 +/- 0.00428444 @ 95% credibility (15 tries)
Done in 0.12 min (cpu), 0.12 min (real)
Generate toy 52/250

 -- MarkovChainMC -- 
Limit: r < 0.195623 +/- 0.00399593 @ 95% credibility (15 tries)
Done in 0.12 min (cpu), 0.13 min (real)
Generate toy 53/250

 -- MarkovChainMC -- 
Limit: r < 0.249079 +/- 0.00299081 @ 95% credibility (15 tries)
Done in 0.12 min (cpu), 0.13 min (real)
Generate toy 54/250

 -- MarkovChainMC -- 
Limit: r < 0.207445 +/- 0.00512658 @ 95% credibility (15 tries)
Done in 0.12 min (cpu), 0.13 min (real)
Generate toy 55/250

 -- MarkovChainMC -- 
Limit: r < 0.16602 +/- 0.00361073 @ 95% credibility (15 tries)
Done in 0.12 min (cpu), 0.13 min (real)
Generate toy 56/250

 -- MarkovChainMC -- 
Limit: r < 0.196857 +/- 0.00389426 @ 95% credibility (15 tries)
Done in 0.12 min (cpu), 0.12 min (real)
Generate toy 57/250

 -- MarkovChainMC -- 
Limit: r < 0.184791 +/- 0.00250394 @ 95% credibility (15 tries)
Done in 0.12 min (cpu), 0.12 min (real)
Generate toy 58/250

 -- MarkovChainMC -- 
Limit: r < 0.187984 +/- 0.00246559 @ 95% credibility (15 tries)
Done in 0.12 min (cpu), 0.12 min (real)
Generate toy 59/250

 -- MarkovChainMC -- 
Limit: r < 0.18019 +/- 0.00340268 @ 95% credibility (15 tries)
Done in 0.12 min (cpu), 0.12 min (real)
Generate toy 60/250

 -- MarkovChainMC -- 
Limit: r < 0.225673 +/- 0.00395392 @ 95% credibility (15 tries)
Done in 0.12 min (cpu), 0.13 min (real)
Generate toy 61/250

 -- MarkovChainMC -- 
Limit: r < 0.216874 +/- 0.00547367 @ 95% credibility (15 tries)
Done in 0.12 min (cpu), 0.12 min (real)
Generate toy 62/250

 -- MarkovChainMC -- 
Limit: r < 0.17434 +/- 0.00141174 @ 95% credibility (15 tries)
Done in 0.12 min (cpu), 0.13 min (real)
Generate toy 63/250

 -- MarkovChainMC -- 
Limit: r < 0.207488 +/- 0.0020161 @ 95% credibility (15 tries)
Done in 0.12 min (cpu), 0.12 min (real)
Generate toy 64/250

 -- MarkovChainMC -- 
Limit: r < 0.260702 +/- 0.00380897 @ 95% credibility (15 tries)
Done in 0.12 min (cpu), 0.13 min (real)
Generate toy 65/250

 -- MarkovChainMC -- 
Limit: r < 0.280572 +/- 0.00617209 @ 95% credibility (15 tries)
Done in 0.12 min (cpu), 0.13 min (real)
Generate toy 66/250

 -- MarkovChainMC -- 
Limit: r < 0.2118 +/- 0.00449964 @ 95% credibility (15 tries)
Done in 0.12 min (cpu), 0.12 min (real)
Generate toy 67/250

 -- MarkovChainMC -- 
Limit: r < 0.204655 +/- 0.00305791 @ 95% credibility (15 tries)
Done in 0.12 min (cpu), 0.13 min (real)
Generate toy 68/250

 -- MarkovChainMC -- 
Limit: r < 0.238776 +/- 0.00420725 @ 95% credibility (15 tries)
Done in 0.13 min (cpu), 0.14 min (real)
Generate toy 69/250

 -- MarkovChainMC -- 
Limit: r < 0.214822 +/- 0.00550131 @ 95% credibility (15 tries)
Done in 0.12 min (cpu), 0.13 min (real)
Generate toy 70/250

 -- MarkovChainMC -- 
Limit: r < 0.210979 +/- 0.0038119 @ 95% credibility (15 tries)
Done in 0.12 min (cpu), 0.13 min (real)
Generate toy 71/250

 -- MarkovChainMC -- 
Limit: r < 0.316819 +/- 0.00358799 @ 95% credibility (15 tries)
Done in 0.12 min (cpu), 0.13 min (real)
Generate toy 72/250

 -- MarkovChainMC -- 
Limit: r < 0.238692 +/- 0.00350366 @ 95% credibility (15 tries)
Done in 0.12 min (cpu), 0.13 min (real)
Generate toy 73/250

 -- MarkovChainMC -- 
Limit: r < 0.271254 +/- 0.00461737 @ 95% credibility (15 tries)
Done in 0.12 min (cpu), 0.13 min (real)
Generate toy 74/250

 -- MarkovChainMC -- 
Limit: r < 0.256285 +/- 0.00392188 @ 95% credibility (15 tries)
Done in 0.12 min (cpu), 0.13 min (real)
Generate toy 75/250

 -- MarkovChainMC -- 
Limit: r < 0.207976 +/- 0.00211682 @ 95% credibility (15 tries)
Done in 0.12 min (cpu), 0.12 min (real)
Generate toy 76/250

 -- MarkovChainMC -- 
Limit: r < 0.264372 +/- 0.00584756 @ 95% credibility (15 tries)
Done in 0.12 min (cpu), 0.12 min (real)
Generate toy 77/250

 -- MarkovChainMC -- 
Limit: r < 0.182122 +/- 0.00303482 @ 95% credibility (15 tries)
Done in 0.12 min (cpu), 0.13 min (real)
Generate toy 78/250

 -- MarkovChainMC -- 
Limit: r < 0.195001 +/- 0.00453843 @ 95% credibility (15 tries)
Done in 0.12 min (cpu), 0.13 min (real)
Generate toy 79/250

 -- MarkovChainMC -- 
Limit: r < 0.204963 +/- 0.00343088 @ 95% credibility (15 tries)
Done in 0.12 min (cpu), 0.13 min (real)
Generate toy 80/250

 -- MarkovChainMC -- 
Limit: r < 0.184071 +/- 0.00674038 @ 95% credibility (15 tries)
Done in 0.12 min (cpu), 0.12 min (real)
Generate toy 81/250

 -- MarkovChainMC -- 
Limit: r < 0.212154 +/- 0.00673355 @ 95% credibility (15 tries)
Done in 0.12 min (cpu), 0.13 min (real)
Generate toy 82/250

 -- MarkovChainMC -- 
Limit: r < 0.211094 +/- 0.00603745 @ 95% credibility (15 tries)
Done in 0.12 min (cpu), 0.12 min (real)
Generate toy 83/250

 -- MarkovChainMC -- 
Limit: r < 0.209302 +/- 0.00316141 @ 95% credibility (15 tries)
Done in 0.12 min (cpu), 0.12 min (real)
Generate toy 84/250

 -- MarkovChainMC -- 
Limit: r < 0.281751 +/- 0.00491078 @ 95% credibility (15 tries)
Done in 0.12 min (cpu), 0.13 min (real)
Generate toy 85/250

 -- MarkovChainMC -- 
Limit: r < 0.18396 +/- 0.00376829 @ 95% credibility (15 tries)
Done in 0.12 min (cpu), 0.13 min (real)
Generate toy 86/250

 -- MarkovChainMC -- 
Limit: r < 0.211139 +/- 0.00340054 @ 95% credibility (15 tries)
Done in 0.12 min (cpu), 0.12 min (real)
Generate toy 87/250

 -- MarkovChainMC -- 
Limit: r < 0.197564 +/- 0.00507672 @ 95% credibility (15 tries)
Done in 0.12 min (cpu), 0.13 min (real)
Generate toy 88/250

 -- MarkovChainMC -- 
Limit: r < 0.205257 +/- 0.00483159 @ 95% credibility (15 tries)
Done in 0.13 min (cpu), 0.14 min (real)
Generate toy 89/250

 -- MarkovChainMC -- 
Limit: r < 0.259064 +/- 0.00750555 @ 95% credibility (15 tries)
Done in 0.12 min (cpu), 0.13 min (real)
Generate toy 90/250

 -- MarkovChainMC -- 
Limit: r < 0.19712 +/- 0.00248736 @ 95% credibility (15 tries)
Done in 0.12 min (cpu), 0.13 min (real)
Generate toy 91/250

 -- MarkovChainMC -- 
Limit: r < 0.244463 +/- 0.0054576 @ 95% credibility (15 tries)
Done in 0.12 min (cpu), 0.13 min (real)
Generate toy 92/250

 -- MarkovChainMC -- 
Limit: r < 0.203091 +/- 0.00456029 @ 95% credibility (15 tries)
Done in 0.12 min (cpu), 0.13 min (real)
Generate toy 93/250

 -- MarkovChainMC -- 
Limit: r < 0.23142 +/- 0.00350819 @ 95% credibility (15 tries)
Done in 0.13 min (cpu), 0.13 min (real)
Generate toy 94/250

 -- MarkovChainMC -- 
Limit: r < 0.184698 +/- 0.00429071 @ 95% credibility (15 tries)
Done in 0.12 min (cpu), 0.13 min (real)
Generate toy 95/250

 -- MarkovChainMC -- 
Limit: r < 0.230676 +/- 0.00343413 @ 95% credibility (15 tries)
Done in 0.12 min (cpu), 0.13 min (real)
Generate toy 96/250

 -- MarkovChainMC -- 
Limit: r < 0.214445 +/- 0.00457365 @ 95% credibility (15 tries)
Done in 0.12 min (cpu), 0.13 min (real)
Generate toy 97/250

 -- MarkovChainMC -- 
Limit: r < 0.355138 +/- 0.0051349 @ 95% credibility (15 tries)
Done in 0.12 min (cpu), 0.13 min (real)
Generate toy 98/250

 -- MarkovChainMC -- 
Limit: r < 0.216816 +/- 0.00356485 @ 95% credibility (15 tries)
Done in 0.12 min (cpu), 0.12 min (real)
Generate toy 99/250

 -- MarkovChainMC -- 
Limit: r < 0.227456 +/- 0.00599269 @ 95% credibility (15 tries)
Done in 0.12 min (cpu), 0.13 min (real)
Generate toy 100/250

 -- MarkovChainMC -- 
Limit: r < 0.256521 +/- 0.00340297 @ 95% credibility (15 tries)
Done in 0.12 min (cpu), 0.13 min (real)
Generate toy 101/250

 -- MarkovChainMC -- 
Limit: r < 0.208929 +/- 0.0049501 @ 95% credibility (15 tries)
Done in 0.12 min (cpu), 0.13 min (real)
Generate toy 102/250

 -- MarkovChainMC -- 
Limit: r < 0.166105 +/- 0.00470879 @ 95% credibility (15 tries)
Done in 0.12 min (cpu), 0.13 min (real)
Generate toy 103/250

 -- MarkovChainMC -- 
Limit: r < 0.196237 +/- 0.00277354 @ 95% credibility (15 tries)
Done in 0.13 min (cpu), 0.13 min (real)
Generate toy 104/250

 -- MarkovChainMC -- 
Limit: r < 0.193713 +/- 0.00439047 @ 95% credibility (15 tries)
Done in 0.12 min (cpu), 0.13 min (real)
Generate toy 105/250

 -- MarkovChainMC -- 
Limit: r < 0.227231 +/- 0.00229606 @ 95% credibility (15 tries)
Done in 0.12 min (cpu), 0.13 min (real)
Generate toy 106/250

 -- MarkovChainMC -- 
Limit: r < 0.285661 +/- 0.00205118 @ 95% credibility (15 tries)
Done in 0.13 min (cpu), 0.14 min (real)
Generate toy 107/250

 -- MarkovChainMC -- 
Limit: r < 0.177763 +/- 0.00446682 @ 95% credibility (15 tries)
Done in 0.12 min (cpu), 0.13 min (real)
Generate toy 108/250

 -- MarkovChainMC -- 
Limit: r < 0.278412 +/- 0.00643099 @ 95% credibility (15 tries)
Done in 0.13 min (cpu), 0.13 min (real)
Generate toy 109/250

 -- MarkovChainMC -- 
Limit: r < 0.220839 +/- 0.00356903 @ 95% credibility (15 tries)
Done in 0.13 min (cpu), 0.13 min (real)
Generate toy 110/250

 -- MarkovChainMC -- 
Limit: r < 0.207916 +/- 0.00404546 @ 95% credibility (15 tries)
Done in 0.12 min (cpu), 0.13 min (real)
Generate toy 111/250

 -- MarkovChainMC -- 
Limit: r < 0.25862 +/- 0.00681997 @ 95% credibility (15 tries)
Done in 0.13 min (cpu), 0.13 min (real)
Generate toy 112/250

 -- MarkovChainMC -- 
Limit: r < 0.294618 +/- 0.00706101 @ 95% credibility (15 tries)
Done in 0.13 min (cpu), 0.13 min (real)
Generate toy 113/250

 -- MarkovChainMC -- 
Limit: r < 0.233601 +/- 0.00236445 @ 95% credibility (15 tries)
Done in 0.13 min (cpu), 0.13 min (real)
Generate toy 114/250

 -- MarkovChainMC -- 
Limit: r < 0.228624 +/- 0.00518421 @ 95% credibility (15 tries)
Done in 0.12 min (cpu), 0.13 min (real)
Generate toy 115/250

 -- MarkovChainMC -- 
Limit: r < 0.307936 +/- 0.00507758 @ 95% credibility (15 tries)
Done in 0.12 min (cpu), 0.13 min (real)
Generate toy 116/250

 -- MarkovChainMC -- 
Limit: r < 0.181729 +/- 0.00367097 @ 95% credibility (15 tries)
Done in 0.12 min (cpu), 0.12 min (real)
Generate toy 117/250

 -- MarkovChainMC -- 
Limit: r < 0.193221 +/- 0.00373532 @ 95% credibility (15 tries)
Done in 0.12 min (cpu), 0.13 min (real)
Generate toy 118/250

 -- MarkovChainMC -- 
Limit: r < 0.195014 +/- 0.00298624 @ 95% credibility (15 tries)
Done in 0.12 min (cpu), 0.13 min (real)
Generate toy 119/250

 -- MarkovChainMC -- 
Limit: r < 0.224009 +/- 0.00303324 @ 95% credibility (15 tries)
Done in 0.12 min (cpu), 0.12 min (real)
Generate toy 120/250

 -- MarkovChainMC -- 
Limit: r < 0.205043 +/- 0.00272703 @ 95% credibility (15 tries)
Done in 0.12 min (cpu), 0.14 min (real)
Generate toy 121/250

 -- MarkovChainMC -- 
Limit: r < 0.243142 +/- 0.00312806 @ 95% credibility (15 tries)
Done in 0.12 min (cpu), 0.12 min (real)
Generate toy 122/250

 -- MarkovChainMC -- 
Limit: r < 0.185481 +/- 0.00402462 @ 95% credibility (15 tries)
Done in 0.12 min (cpu), 0.13 min (real)
Generate toy 123/250

 -- MarkovChainMC -- 
Limit: r < 0.213261 +/- 0.00274059 @ 95% credibility (15 tries)
Done in 0.12 min (cpu), 0.13 min (real)
Generate toy 124/250

 -- MarkovChainMC -- 
Limit: r < 0.227319 +/- 0.00569207 @ 95% credibility (15 tries)
Done in 0.13 min (cpu), 0.13 min (real)
Generate toy 125/250

 -- MarkovChainMC -- 
Limit: r < 0.247569 +/- 0.00388306 @ 95% credibility (15 tries)
Done in 0.13 min (cpu), 0.13 min (real)
Generate toy 126/250

 -- MarkovChainMC -- 
Limit: r < 0.211594 +/- 0.00295209 @ 95% credibility (15 tries)
Done in 0.12 min (cpu), 0.14 min (real)
Generate toy 127/250

 -- MarkovChainMC -- 
Limit: r < 0.262151 +/- 0.00340754 @ 95% credibility (15 tries)
Done in 0.12 min (cpu), 0.13 min (real)
Generate toy 128/250

 -- MarkovChainMC -- 
Limit: r < 0.183586 +/- 0.00421114 @ 95% credibility (15 tries)
Done in 0.12 min (cpu), 0.12 min (real)
Generate toy 129/250

 -- MarkovChainMC -- 
Limit: r < 0.190499 +/- 0.00318069 @ 95% credibility (15 tries)
Done in 0.12 min (cpu), 0.14 min (real)
Generate toy 130/250

 -- MarkovChainMC -- 
Limit: r < 0.193214 +/- 0.00426952 @ 95% credibility (15 tries)
Done in 0.12 min (cpu), 0.13 min (real)
Generate toy 131/250

 -- MarkovChainMC -- 
Limit: r < 0.219393 +/- 0.00554679 @ 95% credibility (15 tries)
Done in 0.12 min (cpu), 0.12 min (real)
Generate toy 132/250

 -- MarkovChainMC -- 
Limit: r < 0.199533 +/- 0.00414664 @ 95% credibility (15 tries)
Done in 0.12 min (cpu), 0.13 min (real)
Generate toy 133/250

 -- MarkovChainMC -- 
Limit: r < 0.247307 +/- 0.0050977 @ 95% credibility (15 tries)
Done in 0.12 min (cpu), 0.13 min (real)
Generate toy 134/250

 -- MarkovChainMC -- 
Limit: r < 0.201772 +/- 0.00381761 @ 95% credibility (15 tries)
Done in 0.12 min (cpu), 0.13 min (real)
Generate toy 135/250

 -- MarkovChainMC -- 
Limit: r < 0.196824 +/- 0.00292645 @ 95% credibility (15 tries)
Done in 0.12 min (cpu), 0.14 min (real)
Generate toy 136/250

 -- MarkovChainMC -- 
Limit: r < 0.177036 +/- 0.00383108 @ 95% credibility (15 tries)
Done in 0.12 min (cpu), 0.13 min (real)
Generate toy 137/250

 -- MarkovChainMC -- 
Limit: r < 0.213258 +/- 0.00509848 @ 95% credibility (15 tries)
Done in 0.12 min (cpu), 0.15 min (real)
Generate toy 138/250

 -- MarkovChainMC -- 
Limit: r < 0.191249 +/- 0.00369396 @ 95% credibility (15 tries)
Done in 0.12 min (cpu), 0.13 min (real)
Generate toy 139/250

 -- MarkovChainMC -- 
Limit: r < 0.175859 +/- 0.0056649 @ 95% credibility (15 tries)
Done in 0.12 min (cpu), 0.14 min (real)
Generate toy 140/250

 -- MarkovChainMC -- 
Limit: r < 0.21345 +/- 0.0048337 @ 95% credibility (15 tries)
Done in 0.12 min (cpu), 0.14 min (real)
Generate toy 141/250

 -- MarkovChainMC -- 
Limit: r < 0.156274 +/- 0.00280107 @ 95% credibility (15 tries)
Done in 0.12 min (cpu), 0.14 min (real)
Generate toy 142/250

 -- MarkovChainMC -- 
Limit: r < 0.193377 +/- 0.00698094 @ 95% credibility (15 tries)
Done in 0.13 min (cpu), 0.16 min (real)
Generate toy 143/250

 -- MarkovChainMC -- 
Limit: r < 0.306907 +/- 0.00412263 @ 95% credibility (15 tries)
Done in 0.13 min (cpu), 0.15 min (real)
Generate toy 144/250

 -- MarkovChainMC -- 
Limit: r < 0.242565 +/- 0.00470596 @ 95% credibility (15 tries)
Done in 0.12 min (cpu), 0.13 min (real)
Generate toy 145/250

 -- MarkovChainMC -- 
Limit: r < 0.234292 +/- 0.00375923 @ 95% credibility (15 tries)
Done in 0.12 min (cpu), 0.13 min (real)
Generate toy 146/250

 -- MarkovChainMC -- 
Limit: r < 0.171047 +/- 0.0031689 @ 95% credibility (15 tries)
Done in 0.12 min (cpu), 0.14 min (real)
Generate toy 147/250

 -- MarkovChainMC -- 
Limit: r < 0.194844 +/- 0.00417746 @ 95% credibility (15 tries)
Done in 0.13 min (cpu), 0.15 min (real)
Generate toy 148/250

 -- MarkovChainMC -- 
Limit: r < 0.208705 +/- 0.00265661 @ 95% credibility (15 tries)
Done in 0.12 min (cpu), 0.13 min (real)
Generate toy 149/250

 -- MarkovChainMC -- 
Limit: r < 0.316266 +/- 0.00385292 @ 95% credibility (15 tries)
Done in 0.13 min (cpu), 0.14 min (real)
Generate toy 150/250

 -- MarkovChainMC -- 
Limit: r < 0.308206 +/- 0.00369875 @ 95% credibility (15 tries)
Done in 0.13 min (cpu), 0.14 min (real)
Generate toy 151/250

 -- MarkovChainMC -- 
Limit: r < 0.187025 +/- 0.00171373 @ 95% credibility (15 tries)
Done in 0.12 min (cpu), 0.14 min (real)
Generate toy 152/250

 -- MarkovChainMC -- 
Limit: r < 0.189861 +/- 0.00401776 @ 95% credibility (15 tries)
Done in 0.12 min (cpu), 0.13 min (real)
Generate toy 153/250

 -- MarkovChainMC -- 
Limit: r < 0.216482 +/- 0.00449258 @ 95% credibility (15 tries)
Done in 0.12 min (cpu), 0.14 min (real)
Generate toy 154/250

 -- MarkovChainMC -- 
Limit: r < 0.18907 +/- 0.00410161 @ 95% credibility (15 tries)
Done in 0.12 min (cpu), 0.14 min (real)
Generate toy 155/250

 -- MarkovChainMC -- 
Limit: r < 0.248437 +/- 0.00424157 @ 95% credibility (15 tries)
Done in 0.13 min (cpu), 0.15 min (real)
Generate toy 156/250

 -- MarkovChainMC -- 
Limit: r < 0.183306 +/- 0.00284328 @ 95% credibility (15 tries)
Done in 0.13 min (cpu), 0.15 min (real)
Generate toy 157/250

 -- MarkovChainMC -- 
Limit: r < 0.19438 +/- 0.00336798 @ 95% credibility (15 tries)
Done in 0.12 min (cpu), 0.14 min (real)
Generate toy 158/250

 -- MarkovChainMC -- 
Limit: r < 0.207385 +/- 0.00395883 @ 95% credibility (15 tries)
Done in 0.12 min (cpu), 0.14 min (real)
Generate toy 159/250

 -- MarkovChainMC -- 
Limit: r < 0.205199 +/- 0.004107 @ 95% credibility (15 tries)
Done in 0.12 min (cpu), 0.15 min (real)
Generate toy 160/250

 -- MarkovChainMC -- 
Limit: r < 0.216878 +/- 0.00545179 @ 95% credibility (15 tries)
Done in 0.13 min (cpu), 0.14 min (real)
Generate toy 161/250

 -- MarkovChainMC -- 
Limit: r < 0.251648 +/- 0.00668684 @ 95% credibility (15 tries)
Done in 0.12 min (cpu), 0.15 min (real)
Generate toy 162/250

 -- MarkovChainMC -- 
Limit: r < 0.233256 +/- 0.00483724 @ 95% credibility (15 tries)
Done in 0.12 min (cpu), 0.13 min (real)
Generate toy 163/250

 -- MarkovChainMC -- 
Limit: r < 0.183834 +/- 0.00281148 @ 95% credibility (15 tries)
Done in 0.12 min (cpu), 0.14 min (real)
Generate toy 164/250

 -- MarkovChainMC -- 
Limit: r < 0.218758 +/- 0.00461166 @ 95% credibility (15 tries)
Done in 0.12 min (cpu), 0.13 min (real)
Generate toy 165/250

 -- MarkovChainMC -- 
Limit: r < 0.17555 +/- 0.00349686 @ 95% credibility (15 tries)
Done in 0.12 min (cpu), 0.13 min (real)
Generate toy 166/250

 -- MarkovChainMC -- 
Limit: r < 0.191713 +/- 0.00418561 @ 95% credibility (15 tries)
Done in 0.12 min (cpu), 0.14 min (real)
Generate toy 167/250

 -- MarkovChainMC -- 
Limit: r < 0.206332 +/- 0.00326582 @ 95% credibility (15 tries)
Done in 0.12 min (cpu), 0.14 min (real)
Generate toy 168/250

 -- MarkovChainMC -- 
Limit: r < 0.177251 +/- 0.00571957 @ 95% credibility (15 tries)
Done in 0.12 min (cpu), 0.13 min (real)
Generate toy 169/250

 -- MarkovChainMC -- 
Limit: r < 0.315556 +/- 0.00315435 @ 95% credibility (15 tries)
Done in 0.13 min (cpu), 0.14 min (real)
Generate toy 170/250

 -- MarkovChainMC -- 
Limit: r < 0.268567 +/- 0.00535436 @ 95% credibility (15 tries)
Done in 0.12 min (cpu), 0.12 min (real)
Generate toy 171/250

 -- MarkovChainMC -- 
Limit: r < 0.184445 +/- 0.00239887 @ 95% credibility (15 tries)
Done in 0.12 min (cpu), 0.12 min (real)
Generate toy 172/250

 -- MarkovChainMC -- 
Limit: r < 0.214793 +/- 0.00488523 @ 95% credibility (15 tries)
Done in 0.12 min (cpu), 0.12 min (real)
Generate toy 173/250

 -- MarkovChainMC -- 
Limit: r < 0.179392 +/- 0.00563258 @ 95% credibility (15 tries)
Done in 0.12 min (cpu), 0.12 min (real)
Generate toy 174/250

 -- MarkovChainMC -- 
Limit: r < 0.213755 +/- 0.00510756 @ 95% credibility (15 tries)
Done in 0.12 min (cpu), 0.12 min (real)
Generate toy 175/250

 -- MarkovChainMC -- 
Limit: r < 0.192467 +/- 0.00277918 @ 95% credibility (15 tries)
Done in 0.12 min (cpu), 0.12 min (real)
Generate toy 176/250

 -- MarkovChainMC -- 
Limit: r < 0.158134 +/- 0.00309785 @ 95% credibility (15 tries)
Done in 0.12 min (cpu), 0.12 min (real)
Generate toy 177/250

 -- MarkovChainMC -- 
Limit: r < 0.196645 +/- 0.00507797 @ 95% credibility (15 tries)
Done in 0.12 min (cpu), 0.12 min (real)
Generate toy 178/250

 -- MarkovChainMC -- 
Limit: r < 0.185616 +/- 0.00398181 @ 95% credibility (15 tries)
Done in 0.12 min (cpu), 0.12 min (real)
Generate toy 179/250

 -- MarkovChainMC -- 
Limit: r < 0.230475 +/- 0.00359604 @ 95% credibility (15 tries)
Done in 0.12 min (cpu), 0.13 min (real)
Generate toy 180/250

 -- MarkovChainMC -- 
Limit: r < 0.208821 +/- 0.00509495 @ 95% credibility (15 tries)
Done in 0.12 min (cpu), 0.13 min (real)
Generate toy 181/250

 -- MarkovChainMC -- 
Limit: r < 0.181416 +/- 0.00361494 @ 95% credibility (15 tries)
Done in 0.12 min (cpu), 0.13 min (real)
Generate toy 182/250

 -- MarkovChainMC -- 
Limit: r < 0.25315 +/- 0.00512061 @ 95% credibility (15 tries)
Done in 0.12 min (cpu), 0.12 min (real)
Generate toy 183/250

 -- MarkovChainMC -- 
Limit: r < 0.193985 +/- 0.00353301 @ 95% credibility (15 tries)
Done in 0.11 min (cpu), 0.12 min (real)
Generate toy 184/250

 -- MarkovChainMC -- 
Limit: r < 0.186598 +/- 0.00266884 @ 95% credibility (15 tries)
Done in 0.12 min (cpu), 0.12 min (real)
Generate toy 185/250

 -- MarkovChainMC -- 
Limit: r < 0.326896 +/- 0.00483146 @ 95% credibility (15 tries)
Done in 0.13 min (cpu), 0.13 min (real)
Generate toy 186/250

 -- MarkovChainMC -- 
Limit: r < 0.209821 +/- 0.00363385 @ 95% credibility (15 tries)
Done in 0.12 min (cpu), 0.12 min (real)
Generate toy 187/250

 -- MarkovChainMC -- 
Limit: r < 0.195268 +/- 0.00447264 @ 95% credibility (15 tries)
Done in 0.12 min (cpu), 0.13 min (real)
Generate toy 188/250

 -- MarkovChainMC -- 
Limit: r < 0.189207 +/- 0.00284592 @ 95% credibility (15 tries)
Done in 0.12 min (cpu), 0.12 min (real)
Generate toy 189/250

 -- MarkovChainMC -- 
Limit: r < 0.184247 +/- 0.00425291 @ 95% credibility (15 tries)
Done in 0.12 min (cpu), 0.12 min (real)
Generate toy 190/250

 -- MarkovChainMC -- 
Limit: r < 0.195437 +/- 0.00476057 @ 95% credibility (15 tries)
Done in 0.12 min (cpu), 0.13 min (real)
Generate toy 191/250

 -- MarkovChainMC -- 
Limit: r < 0.330224 +/- 0.00349154 @ 95% credibility (15 tries)
Done in 0.12 min (cpu), 0.12 min (real)
Generate toy 192/250

 -- MarkovChainMC -- 
Limit: r < 0.190787 +/- 0.00551981 @ 95% credibility (15 tries)
Done in 0.12 min (cpu), 0.13 min (real)
Generate toy 193/250

 -- MarkovChainMC -- 
Limit: r < 0.200925 +/- 0.00280087 @ 95% credibility (15 tries)
Done in 0.12 min (cpu), 0.12 min (real)
Generate toy 194/250

 -- MarkovChainMC -- 
Limit: r < 0.18834 +/- 0.00494583 @ 95% credibility (15 tries)
Done in 0.12 min (cpu), 0.12 min (real)
Generate toy 195/250

 -- MarkovChainMC -- 
Limit: r < 0.221215 +/- 0.00402188 @ 95% credibility (15 tries)
Done in 0.12 min (cpu), 0.12 min (real)
Generate toy 196/250

 -- MarkovChainMC -- 
Limit: r < 0.188151 +/- 0.00379206 @ 95% credibility (15 tries)
Done in 0.12 min (cpu), 0.12 min (real)
Generate toy 197/250

 -- MarkovChainMC -- 
Limit: r < 0.216381 +/- 0.00433629 @ 95% credibility (15 tries)
Done in 0.12 min (cpu), 0.12 min (real)
Generate toy 198/250

 -- MarkovChainMC -- 
Limit: r < 0.233032 +/- 0.00379039 @ 95% credibility (15 tries)
Done in 0.12 min (cpu), 0.12 min (real)
Generate toy 199/250

 -- MarkovChainMC -- 
Limit: r < 0.210315 +/- 0.00490164 @ 95% credibility (15 tries)
Done in 0.12 min (cpu), 0.13 min (real)
Generate toy 200/250

 -- MarkovChainMC -- 
Limit: r < 0.23387 +/- 0.00609995 @ 95% credibility (15 tries)
Done in 0.12 min (cpu), 0.12 min (real)
Generate toy 201/250

 -- MarkovChainMC -- 
Limit: r < 0.283682 +/- 0.00733846 @ 95% credibility (15 tries)
Done in 0.12 min (cpu), 0.12 min (real)
Generate toy 202/250

 -- MarkovChainMC -- 
Limit: r < 0.236875 +/- 0.00489531 @ 95% credibility (15 tries)
Done in 0.12 min (cpu), 0.12 min (real)
Generate toy 203/250

 -- MarkovChainMC -- 
Limit: r < 0.181709 +/- 0.00145377 @ 95% credibility (15 tries)
Done in 0.12 min (cpu), 0.12 min (real)
Generate toy 204/250

 -- MarkovChainMC -- 
Limit: r < 0.249143 +/- 0.00503707 @ 95% credibility (15 tries)
Done in 0.12 min (cpu), 0.12 min (real)
Generate toy 205/250

 -- MarkovChainMC -- 
Limit: r < 0.172561 +/- 0.00208327 @ 95% credibility (15 tries)
Done in 0.12 min (cpu), 0.12 min (real)
Generate toy 206/250

 -- MarkovChainMC -- 
Limit: r < 0.253651 +/- 0.00331735 @ 95% credibility (15 tries)
Done in 0.12 min (cpu), 0.13 min (real)
Generate toy 207/250

 -- MarkovChainMC -- 
Limit: r < 0.178392 +/- 0.00298101 @ 95% credibility (15 tries)
Done in 0.12 min (cpu), 0.12 min (real)
Generate toy 208/250

 -- MarkovChainMC -- 
Limit: r < 0.323587 +/- 0.00285292 @ 95% credibility (15 tries)
Done in 0.12 min (cpu), 0.13 min (real)
Generate toy 209/250

 -- MarkovChainMC -- 
Limit: r < 0.302714 +/- 0.00297451 @ 95% credibility (15 tries)
Done in 0.12 min (cpu), 0.12 min (real)
Generate toy 210/250

 -- MarkovChainMC -- 
Limit: r < 0.284994 +/- 0.00135747 @ 95% credibility (15 tries)
Done in 0.12 min (cpu), 0.12 min (real)
Generate toy 211/250

 -- MarkovChainMC -- 
Limit: r < 0.196124 +/- 0.00463926 @ 95% credibility (15 tries)
Done in 0.12 min (cpu), 0.12 min (real)
Generate toy 212/250

 -- MarkovChainMC -- 
Limit: r < 0.431887 +/- 0.00322049 @ 95% credibility (15 tries)
Done in 0.12 min (cpu), 0.13 min (real)
Generate toy 213/250

 -- MarkovChainMC -- 
Limit: r < 0.201641 +/- 0.00333514 @ 95% credibility (15 tries)
Done in 0.11 min (cpu), 0.11 min (real)
Generate toy 214/250

 -- MarkovChainMC -- 
Limit: r < 0.210908 +/- 0.00358031 @ 95% credibility (15 tries)
Done in 0.11 min (cpu), 0.11 min (real)
Generate toy 215/250

 -- MarkovChainMC -- 
Limit: r < 0.193289 +/- 0.00198954 @ 95% credibility (15 tries)
Done in 0.12 min (cpu), 0.12 min (real)
Generate toy 216/250

 -- MarkovChainMC -- 
Limit: r < 0.204884 +/- 0.00498903 @ 95% credibility (15 tries)
Done in 0.11 min (cpu), 0.12 min (real)
Generate toy 217/250

 -- MarkovChainMC -- 
Limit: r < 0.182413 +/- 0.00330078 @ 95% credibility (15 tries)
Done in 0.11 min (cpu), 0.12 min (real)
Generate toy 218/250

 -- MarkovChainMC -- 
Limit: r < 0.241191 +/- 0.00486078 @ 95% credibility (15 tries)
Done in 0.12 min (cpu), 0.12 min (real)
Generate toy 219/250

 -- MarkovChainMC -- 
Limit: r < 0.240461 +/- 0.00328527 @ 95% credibility (15 tries)
Done in 0.12 min (cpu), 0.13 min (real)
Generate toy 220/250

 -- MarkovChainMC -- 
Limit: r < 0.18362 +/- 0.00361146 @ 95% credibility (15 tries)
Done in 0.11 min (cpu), 0.12 min (real)
Generate toy 221/250

 -- MarkovChainMC -- 
Limit: r < 0.436471 +/- 0.00676417 @ 95% credibility (15 tries)
Done in 0.12 min (cpu), 0.13 min (real)
Generate toy 222/250

 -- MarkovChainMC -- 
Limit: r < 0.319638 +/- 0.00510634 @ 95% credibility (15 tries)
Done in 0.12 min (cpu), 0.12 min (real)
Generate toy 223/250

 -- MarkovChainMC -- 
Limit: r < 0.212681 +/- 0.00547731 @ 95% credibility (15 tries)
Done in 0.12 min (cpu), 0.12 min (real)
Generate toy 224/250

 -- MarkovChainMC -- 
Limit: r < 0.201647 +/- 0.00363373 @ 95% credibility (15 tries)
Done in 0.12 min (cpu), 0.12 min (real)
Generate toy 225/250

 -- MarkovChainMC -- 
Limit: r < 0.230978 +/- 0.00310296 @ 95% credibility (15 tries)
Done in 0.12 min (cpu), 0.12 min (real)
Generate toy 226/250

 -- MarkovChainMC -- 
Limit: r < 0.238177 +/- 0.00534247 @ 95% credibility (15 tries)
Done in 0.12 min (cpu), 0.12 min (real)
Generate toy 227/250

 -- MarkovChainMC -- 
Limit: r < 0.197175 +/- 0.00320576 @ 95% credibility (15 tries)
Done in 0.12 min (cpu), 0.12 min (real)
Generate toy 228/250

 -- MarkovChainMC -- 
Limit: r < 0.259699 +/- 0.00604249 @ 95% credibility (15 tries)
Done in 0.12 min (cpu), 0.13 min (real)
Generate toy 229/250

 -- MarkovChainMC -- 
Limit: r < 0.195431 +/- 0.00398582 @ 95% credibility (15 tries)
Done in 0.12 min (cpu), 0.12 min (real)
Generate toy 230/250

 -- MarkovChainMC -- 
Limit: r < 0.228591 +/- 0.00367462 @ 95% credibility (15 tries)
Done in 0.11 min (cpu), 0.12 min (real)
Generate toy 231/250

 -- MarkovChainMC -- 
Limit: r < 0.188062 +/- 0.00363496 @ 95% credibility (15 tries)
Done in 0.12 min (cpu), 0.12 min (real)
Generate toy 232/250

 -- MarkovChainMC -- 
Limit: r < 0.199267 +/- 0.00499529 @ 95% credibility (15 tries)
Done in 0.12 min (cpu), 0.12 min (real)
Generate toy 233/250

 -- MarkovChainMC -- 
Limit: r < 0.226898 +/- 0.00290463 @ 95% credibility (15 tries)
Done in 0.12 min (cpu), 0.12 min (real)
Generate toy 234/250

 -- MarkovChainMC -- 
Limit: r < 0.253917 +/- 0.00395515 @ 95% credibility (15 tries)
Done in 0.12 min (cpu), 0.13 min (real)
Generate toy 235/250

 -- MarkovChainMC -- 
Limit: r < 0.185512 +/- 0.00474584 @ 95% credibility (15 tries)
Done in 0.12 min (cpu), 0.12 min (real)
Generate toy 236/250

 -- MarkovChainMC -- 
Limit: r < 0.213391 +/- 0.00426936 @ 95% credibility (15 tries)
Done in 0.12 min (cpu), 0.12 min (real)
Generate toy 237/250

 -- MarkovChainMC -- 
Limit: r < 0.227775 +/- 0.00491861 @ 95% credibility (15 tries)
Done in 0.12 min (cpu), 0.12 min (real)
Generate toy 238/250

 -- MarkovChainMC -- 
Limit: r < 0.189731 +/- 0.00222228 @ 95% credibility (15 tries)
Done in 0.11 min (cpu), 0.11 min (real)
Generate toy 239/250

 -- MarkovChainMC -- 
Limit: r < 0.186893 +/- 0.0052528 @ 95% credibility (15 tries)
Done in 0.11 min (cpu), 0.11 min (real)
Generate toy 240/250

 -- MarkovChainMC -- 
Limit: r < 0.202824 +/- 0.00572091 @ 95% credibility (15 tries)
Done in 0.11 min (cpu), 0.11 min (real)
Generate toy 241/250

 -- MarkovChainMC -- 
Limit: r < 0.178792 +/- 0.00486599 @ 95% credibility (15 tries)
Done in 0.12 min (cpu), 0.12 min (real)
Generate toy 242/250

 -- MarkovChainMC -- 
Limit: r < 0.231785 +/- 0.00478289 @ 95% credibility (15 tries)
Done in 0.11 min (cpu), 0.12 min (real)
Generate toy 243/250

 -- MarkovChainMC -- 
Limit: r < 0.180926 +/- 0.00352758 @ 95% credibility (15 tries)
Done in 0.11 min (cpu), 0.11 min (real)
Generate toy 244/250

 -- MarkovChainMC -- 
Limit: r < 0.325942 +/- 0.00365873 @ 95% credibility (15 tries)
Done in 0.11 min (cpu), 0.12 min (real)
Generate toy 245/250

 -- MarkovChainMC -- 
Limit: r < 0.274783 +/- 0.00598804 @ 95% credibility (15 tries)
Done in 0.12 min (cpu), 0.13 min (real)
Generate toy 246/250

 -- MarkovChainMC -- 
Limit: r < 0.188552 +/- 0.00537718 @ 95% credibility (15 tries)
Done in 0.11 min (cpu), 0.11 min (real)
Generate toy 247/250

 -- MarkovChainMC -- 
Limit: r < 0.199405 +/- 0.00247407 @ 95% credibility (15 tries)
Done in 0.11 min (cpu), 0.12 min (real)
Generate toy 248/250

 -- MarkovChainMC -- 
Limit: r < 0.264462 +/- 0.00425093 @ 95% credibility (15 tries)
Done in 0.11 min (cpu), 0.12 min (real)
Generate toy 249/250

 -- MarkovChainMC -- 
Limit: r < 0.24948 +/- 0.00748283 @ 95% credibility (15 tries)
Done in 0.11 min (cpu), 0.11 min (real)
Generate toy 250/250

 -- MarkovChainMC -- 
Limit: r < 0.249811 +/- 0.00420078 @ 95% credibility (15 tries)
Done in 0.12 min (cpu), 0.12 min (real)
mean   expected limit: r < 0.220698 +/- 0.00289126 @ 95%CL (250 toyMC)
median expected limit: r < 0.209066 @ 95%CL (250 toyMC)
   68% expected band : 0.185481 < r < 0.253651
   95% expected band : 0.171047 < r < 0.330224
