 <<< Combine >>> 
 <<< v10.0.2 >>>
>>> Used OpenSSL to get a truly random seed -528677002
>>> Method used is MarkovChainMC
============================================================
Analyzing bin errors for: prop_binmuon_channel
Poisson cut-off: 10
Processes excluded for sums: Wprime600_kR0.01
============================================================
Bin        Contents        Error           Notes                         
0          4249.916120     16.603274       total sum                     
0          4245.728997     16.603213       excluding marked processes    
0          65391.000000    255.716640      Unweighted events, alpha=0.064992
  => Total parameter prop_binmuon_channel_bin0[0.00,-7.00,7.00] to be Gaussian constrained
------------------------------------------------------------
1          1628.282076     7.828278        total sum                     
1          1621.101079     7.828053        excluding marked processes    
1          42886.000000    207.089353      Unweighted events, alpha=0.037968
  => Total parameter prop_binmuon_channel_bin1[0.00,-7.00,7.00] to be Gaussian constrained
------------------------------------------------------------
2          723.107401      4.795601        total sum                     
2          721.396648      4.795515        excluding marked processes    
2          22630.000000    150.432709      Unweighted events, alpha=0.031953
  => Total parameter prop_binmuon_channel_bin2[0.00,-7.00,7.00] to be Gaussian constrained
------------------------------------------------------------
3          359.296481      3.009355        total sum                     
3          359.285774      3.009355        excluding marked processes    
3          14254.000000    119.390117      Unweighted events, alpha=0.025207
  => Total parameter prop_binmuon_channel_bin3[0.00,-7.00,7.00] to be Gaussian constrained
------------------------------------------------------------
4          191.190618      3.360877        total sum                     
4          191.190097      3.360877        excluding marked processes    
4          3236.000000     56.885851       Unweighted events, alpha=0.059082
  => Total parameter prop_binmuon_channel_bin4[0.00,-7.00,7.00] to be Gaussian constrained
------------------------------------------------------------
5          112.217605      1.192110        total sum                     
5          112.217111      1.192110        excluding marked processes    
5          8861.000000     94.132885       Unweighted events, alpha=0.012664
  => Total parameter prop_binmuon_channel_bin5[0.00,-7.00,7.00] to be Gaussian constrained
------------------------------------------------------------
6          107.129583      1.524073        total sum                     
6          107.129583      1.524073        excluding marked processes    
6          4941.000000     70.292247       Unweighted events, alpha=0.021682
  => Total parameter prop_binmuon_channel_bin6[0.00,-7.00,7.00] to be Gaussian constrained
------------------------------------------------------------
7          41.104515       0.657922        total sum                     
7          41.104515       0.657922        excluding marked processes    
7          3903.000000     62.473995       Unweighted events, alpha=0.010532
  => Total parameter prop_binmuon_channel_bin7[0.00,-7.00,7.00] to be Gaussian constrained
------------------------------------------------------------
8          23.449391       0.587056        total sum                     
8          23.449391       0.587056        excluding marked processes    
8          1596.000000     39.949969       Unweighted events, alpha=0.014693
  => Total parameter prop_binmuon_channel_bin8[0.00,-7.00,7.00] to be Gaussian constrained
------------------------------------------------------------
9          8.355840        0.394559        total sum                     
9          8.355840        0.394559        excluding marked processes    
9          448.000000      21.166010       Unweighted events, alpha=0.018651
  => Total parameter prop_binmuon_channel_bin9[0.00,-7.00,7.00] to be Gaussian constrained
------------------------------------------------------------
10         3.506378        0.251887        total sum                     
10         3.506378        0.251887        excluding marked processes    
10         194.000000      13.928388       Unweighted events, alpha=0.018074
  => Total parameter prop_binmuon_channel_bin10[0.00,-7.00,7.00] to be Gaussian constrained
------------------------------------------------------------
11         1.363219        0.180174        total sum                     
11         1.363219        0.180174        excluding marked processes    
11         57.000000       7.549834        Unweighted events, alpha=0.023916
  => Total parameter prop_binmuon_channel_bin11[0.00,-7.00,7.00] to be Gaussian constrained
------------------------------------------------------------
12         0.530791        0.289065        total sum                     
12         0.530791        0.289065        excluding marked processes    
12         3.000000        1.732051        Unweighted events, alpha=0.176930
  => Number of weighted events is below Poisson threshold
    Wprime600_kR0.01     0.000000        0.000000                                      
      => Error is zero, ignore      
  ----------------------------------------------------------
    W_boson              0.216692        0.001181                                      
                         33653.000000    183.447540      Unweighted events, alpha=0.000006
      => Parameter prop_binmuon_channel_bin12_W_boson[0.00,-7.00,7.00] to be Gaussian constrained
  ----------------------------------------------------------
    Top                  0.000000        0.000000                                      
      => Error is zero, ignore      
  ----------------------------------------------------------
    Z_boson              0.004094        0.000500                                      
                         67.000000       8.185353        Unweighted events, alpha=0.000061
      => Parameter prop_binmuon_channel_bin12_Z_boson[0.00,-7.00,7.00] to be Gaussian constrained
  ----------------------------------------------------------
    DiBoson              0.288910        0.288561                                      
                         1.000000        1.000000        Unweighted events, alpha=0.288910
      => Product of prop_binmuon_channel_bin12_DiBoson[1.00,0.00,30.85] and const [1.0000] to be Poisson constrained
  ----------------------------------------------------------
    QCD                  0.021095        0.017013                                      
                         2.000000        1.414214        Unweighted events, alpha=0.010547
      => Product of prop_binmuon_channel_bin12_QCD[2.00,0.00,33.79] and const [0.5000] to be Poisson constrained
  ----------------------------------------------------------
------------------------------------------------------------
13         0.067145        0.000584        total sum                     
13         0.067145        0.000584        excluding marked processes    
13         13239.000000    115.060853      Unweighted events, alpha=0.000005
  => Total parameter prop_binmuon_channel_bin13[0.00,-7.00,7.00] to be Gaussian constrained
------------------------------------------------------------
14         0.003967        0.000043        total sum                     
14         0.003967        0.000043        excluding marked processes    
14         8482.000000     92.097774       Unweighted events, alpha=0.000000
  => Total parameter prop_binmuon_channel_bin14[0.00,-7.00,7.00] to be Gaussian constrained
------------------------------------------------------------
15         0.005625        0.003835        total sum                     
15         0.005625        0.003835        excluding marked processes    
15         2.000000        1.414214        Unweighted events, alpha=0.002813
  => Number of weighted events is below Poisson threshold
    Wprime600_kR0.01     0.000000        0.000000                                      
      => Error is zero, ignore      
  ----------------------------------------------------------
    W_boson              0.000849        0.000021                                      
                         1670.000000     40.865633       Unweighted events, alpha=0.000001
      => Parameter prop_binmuon_channel_bin15_W_boson[0.00,-7.00,7.00] to be Gaussian constrained
  ----------------------------------------------------------
    Top                  0.000000        0.000000                                      
      => Error is zero, ignore      
  ----------------------------------------------------------
    Z_boson              0.000011        0.000003                                      
                         16.000000       4.000000        Unweighted events, alpha=0.000001
      => Parameter prop_binmuon_channel_bin15_Z_boson[0.00,-7.00,7.00] to be Gaussian constrained
  ----------------------------------------------------------
    DiBoson              0.000000        0.000000                                      
      => Error is zero, ignore      
  ----------------------------------------------------------
    QCD                  0.004765        0.003834                                      
                         2.000000        1.414214        Unweighted events, alpha=0.002383
      => Product of prop_binmuon_channel_bin15_QCD[2.00,0.00,33.79] and const [0.5000] to be Poisson constrained
  ----------------------------------------------------------
------------------------------------------------------------
Channel muon_channel will use autoMCStats with settings: event-threshold=10, include-signal=0, hist-mode=1
Generate toy 1/250

 -- MarkovChainMC -- 
Limit: r < 7.39482 +/- 0.109824 @ 95% credibility (15 tries)
Done in 0.08 min (cpu), 0.08 min (real)
Generate toy 2/250

 -- MarkovChainMC -- 
Limit: r < 21.8867 +/- 0.265215 @ 95% credibility (15 tries)
Done in 0.09 min (cpu), 0.09 min (real)
Generate toy 3/250

 -- MarkovChainMC -- 
Limit: r < 17.2695 +/- 0.137288 @ 95% credibility (15 tries)
Done in 0.09 min (cpu), 0.09 min (real)
Generate toy 4/250

 -- MarkovChainMC -- 
Limit: r < 16.6345 +/- 0.242484 @ 95% credibility (15 tries)
Done in 0.09 min (cpu), 0.09 min (real)
Generate toy 5/250

 -- MarkovChainMC -- 
Limit: r < 11.4068 +/- 0.138189 @ 95% credibility (15 tries)
Done in 0.08 min (cpu), 0.08 min (real)
Generate toy 6/250

 -- MarkovChainMC -- 
Limit: r < 5.34769 +/- 0.0553879 @ 95% credibility (15 tries)
Done in 0.08 min (cpu), 0.08 min (real)
Generate toy 7/250

 -- MarkovChainMC -- 
Limit: r < 15.9798 +/- 0.142124 @ 95% credibility (15 tries)
Done in 0.09 min (cpu), 0.09 min (real)
Generate toy 8/250

 -- MarkovChainMC -- 
Limit: r < 15.1488 +/- 0.087408 @ 95% credibility (15 tries)
Done in 0.08 min (cpu), 0.09 min (real)
Generate toy 9/250

 -- MarkovChainMC -- 
Limit: r < 20.7033 +/- 0.178446 @ 95% credibility (15 tries)
Done in 0.09 min (cpu), 0.09 min (real)
Generate toy 10/250

 -- MarkovChainMC -- 
Limit: r < 8.76379 +/- 0.151481 @ 95% credibility (15 tries)
Done in 0.08 min (cpu), 0.08 min (real)
Generate toy 11/250

 -- MarkovChainMC -- 
Limit: r < 11.5283 +/- 0.153369 @ 95% credibility (15 tries)
Done in 0.08 min (cpu), 0.08 min (real)
Generate toy 12/250

 -- MarkovChainMC -- 
Limit: r < 25.3072 +/- 0.201129 @ 95% credibility (15 tries)
Done in 0.09 min (cpu), 0.09 min (real)
Generate toy 13/250

 -- MarkovChainMC -- 
Limit: r < 25.0422 +/- 0.126386 @ 95% credibility (15 tries)
Done in 0.09 min (cpu), 0.09 min (real)
Generate toy 14/250

 -- MarkovChainMC -- 
Limit: r < 15.0725 +/- 0.268783 @ 95% credibility (15 tries)
Done in 0.08 min (cpu), 0.09 min (real)
Generate toy 15/250

 -- MarkovChainMC -- 
Limit: r < 8.38364 +/- 0.0931126 @ 95% credibility (15 tries)
Done in 0.08 min (cpu), 0.08 min (real)
Generate toy 16/250

 -- MarkovChainMC -- 
Limit: r < 17.4533 +/- 0.136323 @ 95% credibility (15 tries)
Done in 0.09 min (cpu), 0.09 min (real)
Generate toy 17/250

 -- MarkovChainMC -- 
Limit: r < 15.9816 +/- 0.188596 @ 95% credibility (15 tries)
Done in 0.09 min (cpu), 0.09 min (real)
Generate toy 18/250

 -- MarkovChainMC -- 
Limit: r < 22.169 +/- 0.232986 @ 95% credibility (15 tries)
Done in 0.09 min (cpu), 0.09 min (real)
Generate toy 19/250

 -- MarkovChainMC -- 
Limit: r < 33.6201 +/- 0.280989 @ 95% credibility (15 tries)
Done in 0.09 min (cpu), 0.09 min (real)
Generate toy 20/250

 -- MarkovChainMC -- 
Limit: r < 14.5984 +/- 0.244701 @ 95% credibility (15 tries)
Done in 0.09 min (cpu), 0.09 min (real)
Generate toy 21/250

 -- MarkovChainMC -- 
Limit: r < 10.7171 +/- 0.186314 @ 95% credibility (15 tries)
Done in 0.08 min (cpu), 0.08 min (real)
Generate toy 22/250

 -- MarkovChainMC -- 
Limit: r < 13.2249 +/- 0.142308 @ 95% credibility (15 tries)
Done in 0.09 min (cpu), 0.09 min (real)
Generate toy 23/250

 -- MarkovChainMC -- 
Limit: r < 24.1382 +/- 0.220756 @ 95% credibility (15 tries)
Done in 0.09 min (cpu), 0.09 min (real)
Generate toy 24/250

 -- MarkovChainMC -- 
Limit: r < 22.7423 +/- 0.192767 @ 95% credibility (15 tries)
Done in 0.09 min (cpu), 0.09 min (real)
Generate toy 25/250

 -- MarkovChainMC -- 
Limit: r < 17.6618 +/- 0.122871 @ 95% credibility (15 tries)
Done in 0.09 min (cpu), 0.09 min (real)
Generate toy 26/250

 -- MarkovChainMC -- 
Limit: r < 19.2577 +/- 0.208 @ 95% credibility (15 tries)
Done in 0.09 min (cpu), 0.09 min (real)
Generate toy 27/250

 -- MarkovChainMC -- 
Limit: r < 22.427 +/- 0.204037 @ 95% credibility (15 tries)
Done in 0.09 min (cpu), 0.09 min (real)
Generate toy 28/250

 -- MarkovChainMC -- 
Limit: r < 15.4647 +/- 0.160993 @ 95% credibility (15 tries)
Done in 0.09 min (cpu), 0.09 min (real)
Generate toy 29/250

 -- MarkovChainMC -- 
Limit: r < 19.396 +/- 0.184936 @ 95% credibility (15 tries)
Done in 0.09 min (cpu), 0.09 min (real)
Generate toy 30/250

 -- MarkovChainMC -- 
Limit: r < 8.72328 +/- 0.107364 @ 95% credibility (15 tries)
Done in 0.08 min (cpu), 0.08 min (real)
Generate toy 31/250

 -- MarkovChainMC -- 
Limit: r < 9.27571 +/- 0.18403 @ 95% credibility (15 tries)
Done in 0.08 min (cpu), 0.08 min (real)
Generate toy 32/250

 -- MarkovChainMC -- 
Limit: r < 18.8959 +/- 0.23631 @ 95% credibility (15 tries)
Done in 0.09 min (cpu), 0.09 min (real)
Generate toy 33/250

 -- MarkovChainMC -- 
Limit: r < 11.506 +/- 0.198474 @ 95% credibility (15 tries)
Done in 0.08 min (cpu), 0.08 min (real)
Generate toy 34/250

 -- MarkovChainMC -- 
Limit: r < 15.1364 +/- 0.202323 @ 95% credibility (15 tries)
Done in 0.09 min (cpu), 0.09 min (real)
Generate toy 35/250

 -- MarkovChainMC -- 
Limit: r < 17.5523 +/- 0.1687 @ 95% credibility (15 tries)
Done in 0.09 min (cpu), 0.09 min (real)
Generate toy 36/250

 -- MarkovChainMC -- 
Limit: r < 17.1152 +/- 0.296617 @ 95% credibility (15 tries)
Done in 0.09 min (cpu), 0.09 min (real)
Generate toy 37/250

 -- MarkovChainMC -- 
Limit: r < 15.159 +/- 0.206308 @ 95% credibility (15 tries)
Done in 0.09 min (cpu), 0.09 min (real)
Generate toy 38/250

 -- MarkovChainMC -- 
Limit: r < 17.6012 +/- 0.20719 @ 95% credibility (15 tries)
Done in 0.09 min (cpu), 0.09 min (real)
Generate toy 39/250

 -- MarkovChainMC -- 
Limit: r < 17.3725 +/- 0.156774 @ 95% credibility (15 tries)
Done in 0.09 min (cpu), 0.09 min (real)
Generate toy 40/250

 -- MarkovChainMC -- 
Limit: r < 18.6382 +/- 0.206554 @ 95% credibility (15 tries)
Done in 0.09 min (cpu), 0.09 min (real)
Generate toy 41/250

 -- MarkovChainMC -- 
Limit: r < 11.632 +/- 0.216544 @ 95% credibility (15 tries)
Done in 0.08 min (cpu), 0.09 min (real)
Generate toy 42/250

 -- MarkovChainMC -- 
Limit: r < 18.6896 +/- 0.202281 @ 95% credibility (15 tries)
Done in 0.11 min (cpu), 0.11 min (real)
Generate toy 43/250

 -- MarkovChainMC -- 
Limit: r < 16.8905 +/- 0.096641 @ 95% credibility (15 tries)
Done in 0.09 min (cpu), 0.09 min (real)
Generate toy 44/250

 -- MarkovChainMC -- 
Limit: r < 9.68515 +/- 0.155603 @ 95% credibility (15 tries)
Done in 0.08 min (cpu), 0.08 min (real)
Generate toy 45/250

 -- MarkovChainMC -- 
Limit: r < 19.1231 +/- 0.228071 @ 95% credibility (15 tries)
Done in 0.09 min (cpu), 0.09 min (real)
Generate toy 46/250

 -- MarkovChainMC -- 
Limit: r < 21.3353 +/- 0.18369 @ 95% credibility (15 tries)
Done in 0.09 min (cpu), 0.09 min (real)
Generate toy 47/250

 -- MarkovChainMC -- 
Limit: r < 15.7243 +/- 0.146721 @ 95% credibility (15 tries)
Done in 0.09 min (cpu), 0.09 min (real)
Generate toy 48/250

 -- MarkovChainMC -- 
Limit: r < 9.48862 +/- 0.155839 @ 95% credibility (15 tries)
Done in 0.08 min (cpu), 0.08 min (real)
Generate toy 49/250

 -- MarkovChainMC -- 
Limit: r < 14.0639 +/- 0.156911 @ 95% credibility (15 tries)
Done in 0.08 min (cpu), 0.09 min (real)
Generate toy 50/250

 -- MarkovChainMC -- 
Limit: r < 10.9683 +/- 0.169707 @ 95% credibility (15 tries)
Done in 0.08 min (cpu), 0.08 min (real)
Generate toy 51/250

 -- MarkovChainMC -- 
Limit: r < 23.2419 +/- 0.175237 @ 95% credibility (15 tries)
Done in 0.09 min (cpu), 0.09 min (real)
Generate toy 52/250

 -- MarkovChainMC -- 
Limit: r < 10.7634 +/- 0.183127 @ 95% credibility (15 tries)
Done in 0.08 min (cpu), 0.08 min (real)
Generate toy 53/250

 -- MarkovChainMC -- 
Limit: r < 22.271 +/- 0.126 @ 95% credibility (15 tries)
Done in 0.09 min (cpu), 0.09 min (real)
Generate toy 54/250

 -- MarkovChainMC -- 
Limit: r < 9.97619 +/- 0.159132 @ 95% credibility (15 tries)
Done in 0.08 min (cpu), 0.08 min (real)
Generate toy 55/250

 -- MarkovChainMC -- 
Limit: r < 13.5182 +/- 0.267925 @ 95% credibility (15 tries)
Done in 0.10 min (cpu), 0.10 min (real)
Generate toy 56/250

 -- MarkovChainMC -- 
Limit: r < 13.6459 +/- 0.19678 @ 95% credibility (15 tries)
Done in 0.08 min (cpu), 0.08 min (real)
Generate toy 57/250

 -- MarkovChainMC -- 
Limit: r < 10.8089 +/- 0.170114 @ 95% credibility (15 tries)
Done in 0.08 min (cpu), 0.08 min (real)
Generate toy 58/250

 -- MarkovChainMC -- 
Limit: r < 17.9582 +/- 0.189858 @ 95% credibility (15 tries)
Done in 0.09 min (cpu), 0.09 min (real)
Generate toy 59/250

 -- MarkovChainMC -- 
Limit: r < 8.06177 +/- 0.0560891 @ 95% credibility (15 tries)
Done in 0.08 min (cpu), 0.08 min (real)
Generate toy 60/250

 -- MarkovChainMC -- 
Limit: r < 19.6144 +/- 0.339466 @ 95% credibility (15 tries)
Done in 0.09 min (cpu), 0.09 min (real)
Generate toy 61/250

 -- MarkovChainMC -- 
Limit: r < 14.9198 +/- 0.228377 @ 95% credibility (15 tries)
Done in 0.09 min (cpu), 0.09 min (real)
Generate toy 62/250

 -- MarkovChainMC -- 
Limit: r < 10.3667 +/- 0.0808272 @ 95% credibility (15 tries)
Done in 0.08 min (cpu), 0.08 min (real)
Generate toy 63/250

 -- MarkovChainMC -- 
Limit: r < 10.1301 +/- 0.149448 @ 95% credibility (15 tries)
Done in 0.08 min (cpu), 0.08 min (real)
Generate toy 64/250

 -- MarkovChainMC -- 
Limit: r < 10.4463 +/- 0.173739 @ 95% credibility (15 tries)
Done in 0.08 min (cpu), 0.08 min (real)
Generate toy 65/250

 -- MarkovChainMC -- 
Limit: r < 10.9971 +/- 0.0923604 @ 95% credibility (15 tries)
Done in 0.10 min (cpu), 0.10 min (real)
Generate toy 66/250

 -- MarkovChainMC -- 
Limit: r < 13.8978 +/- 0.207407 @ 95% credibility (15 tries)
Done in 0.09 min (cpu), 0.09 min (real)
Generate toy 67/250

 -- MarkovChainMC -- 
Limit: r < 9.41558 +/- 0.106453 @ 95% credibility (15 tries)
Done in 0.09 min (cpu), 0.09 min (real)
Generate toy 68/250

 -- MarkovChainMC -- 
Limit: r < 23.6161 +/- 0.27559 @ 95% credibility (15 tries)
Done in 0.10 min (cpu), 0.10 min (real)
Generate toy 69/250

 -- MarkovChainMC -- 
Limit: r < 12.6981 +/- 0.148777 @ 95% credibility (15 tries)
Done in 0.09 min (cpu), 0.09 min (real)
Generate toy 70/250

 -- MarkovChainMC -- 
Limit: r < 15.4692 +/- 0.20225 @ 95% credibility (15 tries)
Done in 0.09 min (cpu), 0.09 min (real)
Generate toy 71/250

 -- MarkovChainMC -- 
Limit: r < 7.78962 +/- 0.0668519 @ 95% credibility (15 tries)
Done in 0.08 min (cpu), 0.08 min (real)
Generate toy 72/250

 -- MarkovChainMC -- 
Limit: r < 19.3174 +/- 0.0994897 @ 95% credibility (15 tries)
Done in 0.09 min (cpu), 0.09 min (real)
Generate toy 73/250

 -- MarkovChainMC -- 
Limit: r < 23.4074 +/- 0.173018 @ 95% credibility (15 tries)
Done in 0.09 min (cpu), 0.09 min (real)
Generate toy 74/250

 -- MarkovChainMC -- 
Limit: r < 14.7562 +/- 0.273813 @ 95% credibility (15 tries)
Done in 0.09 min (cpu), 0.09 min (real)
Generate toy 75/250

 -- MarkovChainMC -- 
Limit: r < 11.9289 +/- 0.122979 @ 95% credibility (15 tries)
Done in 0.08 min (cpu), 0.08 min (real)
Generate toy 76/250

 -- MarkovChainMC -- 
Limit: r < 8.40809 +/- 0.11529 @ 95% credibility (15 tries)
Done in 0.08 min (cpu), 0.08 min (real)
Generate toy 77/250

 -- MarkovChainMC -- 
Limit: r < 8.50588 +/- 0.181153 @ 95% credibility (15 tries)
Done in 0.08 min (cpu), 0.08 min (real)
Generate toy 78/250

 -- MarkovChainMC -- 
Limit: r < 11.5302 +/- 0.0955275 @ 95% credibility (15 tries)
Done in 0.08 min (cpu), 0.08 min (real)
Generate toy 79/250

 -- MarkovChainMC -- 
Limit: r < 11.949 +/- 0.127535 @ 95% credibility (15 tries)
Done in 0.08 min (cpu), 0.08 min (real)
Generate toy 80/250

 -- MarkovChainMC -- 
Limit: r < 15.6352 +/- 0.0821054 @ 95% credibility (15 tries)
Done in 0.09 min (cpu), 0.09 min (real)
Generate toy 81/250

 -- MarkovChainMC -- 
Limit: r < 8.54782 +/- 0.06183 @ 95% credibility (15 tries)
Done in 0.08 min (cpu), 0.08 min (real)
Generate toy 82/250

 -- MarkovChainMC -- 
Limit: r < 18.3073 +/- 0.259927 @ 95% credibility (15 tries)
Done in 0.09 min (cpu), 0.09 min (real)
Generate toy 83/250

 -- MarkovChainMC -- 
Limit: r < 13.6285 +/- 0.20897 @ 95% credibility (15 tries)
Done in 0.09 min (cpu), 0.09 min (real)
Generate toy 84/250

 -- MarkovChainMC -- 
Limit: r < 15.0253 +/- 0.169684 @ 95% credibility (15 tries)
Done in 0.09 min (cpu), 0.09 min (real)
Generate toy 85/250

 -- MarkovChainMC -- 
Limit: r < 9.81379 +/- 0.0951625 @ 95% credibility (15 tries)
Done in 0.08 min (cpu), 0.08 min (real)
Generate toy 86/250

 -- MarkovChainMC -- 
Limit: r < 13.8643 +/- 0.233397 @ 95% credibility (15 tries)
Done in 0.08 min (cpu), 0.09 min (real)
Generate toy 87/250

 -- MarkovChainMC -- 
Limit: r < 13.8237 +/- 0.199649 @ 95% credibility (15 tries)
Done in 0.08 min (cpu), 0.08 min (real)
Generate toy 88/250

 -- MarkovChainMC -- 
Limit: r < 10.4858 +/- 0.118704 @ 95% credibility (15 tries)
Done in 0.09 min (cpu), 0.09 min (real)
Generate toy 89/250

 -- MarkovChainMC -- 
Limit: r < 10.3435 +/- 0.158947 @ 95% credibility (15 tries)
Done in 0.09 min (cpu), 0.09 min (real)
Generate toy 90/250

 -- MarkovChainMC -- 
Limit: r < 12.1853 +/- 0.175791 @ 95% credibility (15 tries)
Done in 0.08 min (cpu), 0.09 min (real)
Generate toy 91/250

 -- MarkovChainMC -- 
Limit: r < 6.45396 +/- 0.102735 @ 95% credibility (15 tries)
Done in 0.08 min (cpu), 0.08 min (real)
Generate toy 92/250

 -- MarkovChainMC -- 
Limit: r < 10.6696 +/- 0.175944 @ 95% credibility (15 tries)
Done in 0.08 min (cpu), 0.08 min (real)
Generate toy 93/250

 -- MarkovChainMC -- 
Limit: r < 10.9521 +/- 0.178761 @ 95% credibility (15 tries)
Done in 0.08 min (cpu), 0.08 min (real)
Generate toy 94/250

 -- MarkovChainMC -- 
Limit: r < 14.7619 +/- 0.161606 @ 95% credibility (15 tries)
Done in 0.09 min (cpu), 0.09 min (real)
Generate toy 95/250

 -- MarkovChainMC -- 
Limit: r < 22.9531 +/- 0.17984 @ 95% credibility (15 tries)
Done in 0.09 min (cpu), 0.09 min (real)
Generate toy 96/250

 -- MarkovChainMC -- 
Limit: r < 11.1922 +/- 0.158102 @ 95% credibility (15 tries)
Done in 0.09 min (cpu), 0.09 min (real)
Generate toy 97/250

 -- MarkovChainMC -- 
Limit: r < 17.5483 +/- 0.117728 @ 95% credibility (15 tries)
Done in 0.10 min (cpu), 0.10 min (real)
Generate toy 98/250

 -- MarkovChainMC -- 
Limit: r < 19.0777 +/- 0.131515 @ 95% credibility (15 tries)
Done in 0.09 min (cpu), 0.09 min (real)
Generate toy 99/250

 -- MarkovChainMC -- 
Limit: r < 13.3296 +/- 0.136605 @ 95% credibility (15 tries)
Done in 0.09 min (cpu), 0.09 min (real)
Generate toy 100/250

 -- MarkovChainMC -- 
Limit: r < 11.3106 +/- 0.187546 @ 95% credibility (15 tries)
Done in 0.08 min (cpu), 0.08 min (real)
Generate toy 101/250

 -- MarkovChainMC -- 
Limit: r < 15.5078 +/- 0.173835 @ 95% credibility (15 tries)
Done in 0.10 min (cpu), 0.10 min (real)
Generate toy 102/250

 -- MarkovChainMC -- 
Limit: r < 18.1854 +/- 0.176624 @ 95% credibility (15 tries)
Done in 0.09 min (cpu), 0.09 min (real)
Generate toy 103/250

 -- MarkovChainMC -- 
Limit: r < 8.26612 +/- 0.108379 @ 95% credibility (15 tries)
Done in 0.11 min (cpu), 0.11 min (real)
Generate toy 104/250

 -- MarkovChainMC -- 
Limit: r < 9.41069 +/- 0.0757412 @ 95% credibility (15 tries)
Done in 0.10 min (cpu), 0.10 min (real)
Generate toy 105/250

 -- MarkovChainMC -- 
Limit: r < 16.944 +/- 0.19579 @ 95% credibility (15 tries)
Done in 0.09 min (cpu), 0.09 min (real)
Generate toy 106/250

 -- MarkovChainMC -- 
Limit: r < 11.3098 +/- 0.0728392 @ 95% credibility (15 tries)
Done in 0.11 min (cpu), 0.11 min (real)
Generate toy 107/250

 -- MarkovChainMC -- 
Limit: r < 20.2866 +/- 0.189992 @ 95% credibility (15 tries)
Done in 0.14 min (cpu), 0.14 min (real)
Generate toy 108/250

 -- MarkovChainMC -- 
Limit: r < 16.938 +/- 0.26418 @ 95% credibility (15 tries)
Done in 0.11 min (cpu), 0.11 min (real)
Generate toy 109/250

 -- MarkovChainMC -- 
Limit: r < 10.6852 +/- 0.151392 @ 95% credibility (15 tries)
Done in 0.08 min (cpu), 0.08 min (real)
Generate toy 110/250

 -- MarkovChainMC -- 
Limit: r < 18.0046 +/- 0.259536 @ 95% credibility (15 tries)
Done in 0.09 min (cpu), 0.09 min (real)
Generate toy 111/250

 -- MarkovChainMC -- 
Limit: r < 16.5737 +/- 0.112426 @ 95% credibility (15 tries)
Done in 0.09 min (cpu), 0.09 min (real)
Generate toy 112/250

 -- MarkovChainMC -- 
Limit: r < 14.3262 +/- 0.177822 @ 95% credibility (15 tries)
Done in 0.09 min (cpu), 0.09 min (real)
Generate toy 113/250

 -- MarkovChainMC -- 
Limit: r < 11.6447 +/- 0.112511 @ 95% credibility (15 tries)
Done in 0.09 min (cpu), 0.09 min (real)
Generate toy 114/250

 -- MarkovChainMC -- 
Limit: r < 10.8397 +/- 0.171389 @ 95% credibility (15 tries)
Done in 0.08 min (cpu), 0.08 min (real)
Generate toy 115/250

 -- MarkovChainMC -- 
Limit: r < 15.9731 +/- 0.174657 @ 95% credibility (15 tries)
Done in 0.11 min (cpu), 0.11 min (real)
Generate toy 116/250

 -- MarkovChainMC -- 
Limit: r < 13.3198 +/- 0.144796 @ 95% credibility (15 tries)
Done in 0.10 min (cpu), 0.11 min (real)
Generate toy 117/250

 -- MarkovChainMC -- 
Limit: r < 17.6345 +/- 0.230186 @ 95% credibility (15 tries)
Done in 0.09 min (cpu), 0.09 min (real)
Generate toy 118/250

 -- MarkovChainMC -- 
Limit: r < 12.9164 +/- 0.115399 @ 95% credibility (15 tries)
Done in 0.09 min (cpu), 0.09 min (real)
Generate toy 119/250

 -- MarkovChainMC -- 
Limit: r < 12.1463 +/- 0.19799 @ 95% credibility (15 tries)
Done in 0.09 min (cpu), 0.09 min (real)
Generate toy 120/250

 -- MarkovChainMC -- 
Limit: r < 23.4515 +/- 0.258431 @ 95% credibility (15 tries)
Done in 0.09 min (cpu), 0.09 min (real)
Generate toy 121/250

 -- MarkovChainMC -- 
Limit: r < 17.0665 +/- 0.120705 @ 95% credibility (15 tries)
Done in 0.09 min (cpu), 0.09 min (real)
Generate toy 122/250

 -- MarkovChainMC -- 
Limit: r < 23.2823 +/- 0.189118 @ 95% credibility (15 tries)
Done in 0.09 min (cpu), 0.09 min (real)
Generate toy 123/250

 -- MarkovChainMC -- 
Limit: r < 21.8008 +/- 0.186342 @ 95% credibility (15 tries)
Done in 0.09 min (cpu), 0.09 min (real)
Generate toy 124/250

 -- MarkovChainMC -- 
Limit: r < 12.7204 +/- 0.158896 @ 95% credibility (15 tries)
Done in 0.09 min (cpu), 0.09 min (real)
Generate toy 125/250

 -- MarkovChainMC -- 
Limit: r < 13.6411 +/- 0.186198 @ 95% credibility (15 tries)
Done in 0.09 min (cpu), 0.09 min (real)
Generate toy 126/250

 -- MarkovChainMC -- 
Limit: r < 14.4083 +/- 0.0535174 @ 95% credibility (15 tries)
Done in 0.08 min (cpu), 0.08 min (real)
Generate toy 127/250

 -- MarkovChainMC -- 
Limit: r < 16.7741 +/- 0.145659 @ 95% credibility (15 tries)
Done in 0.09 min (cpu), 0.09 min (real)
Generate toy 128/250

 -- MarkovChainMC -- 
Limit: r < 10.2973 +/- 0.118818 @ 95% credibility (15 tries)
Done in 0.08 min (cpu), 0.08 min (real)
Generate toy 129/250

 -- MarkovChainMC -- 
Limit: r < 14.723 +/- 0.236343 @ 95% credibility (15 tries)
Done in 0.09 min (cpu), 0.09 min (real)
Generate toy 130/250

 -- MarkovChainMC -- 
Limit: r < 8.93093 +/- 0.182507 @ 95% credibility (15 tries)
Done in 0.08 min (cpu), 0.08 min (real)
Generate toy 131/250

 -- MarkovChainMC -- 
Limit: r < 12.2694 +/- 0.133479 @ 95% credibility (15 tries)
Done in 0.09 min (cpu), 0.09 min (real)
Generate toy 132/250

 -- MarkovChainMC -- 
Limit: r < 16.6364 +/- 0.244151 @ 95% credibility (15 tries)
Done in 0.09 min (cpu), 0.09 min (real)
Generate toy 133/250

 -- MarkovChainMC -- 
Limit: r < 10.1748 +/- 0.128923 @ 95% credibility (15 tries)
Done in 0.09 min (cpu), 0.09 min (real)
Generate toy 134/250

 -- MarkovChainMC -- 
Limit: r < 12.2086 +/- 0.141227 @ 95% credibility (15 tries)
Done in 0.09 min (cpu), 0.09 min (real)
Generate toy 135/250

 -- MarkovChainMC -- 
Limit: r < 13.7174 +/- 0.182245 @ 95% credibility (15 tries)
Done in 0.09 min (cpu), 0.09 min (real)
Generate toy 136/250

 -- MarkovChainMC -- 
Limit: r < 12.7864 +/- 0.208138 @ 95% credibility (15 tries)
Done in 0.09 min (cpu), 0.09 min (real)
Generate toy 137/250

 -- MarkovChainMC -- 
Limit: r < 17.1096 +/- 0.226815 @ 95% credibility (15 tries)
Done in 0.09 min (cpu), 0.09 min (real)
Generate toy 138/250

 -- MarkovChainMC -- 
Limit: r < 10.576 +/- 0.133055 @ 95% credibility (15 tries)
Done in 0.08 min (cpu), 0.08 min (real)
Generate toy 139/250

 -- MarkovChainMC -- 
Limit: r < 17.1093 +/- 0.154292 @ 95% credibility (15 tries)
Done in 0.10 min (cpu), 0.10 min (real)
Generate toy 140/250

 -- MarkovChainMC -- 
Limit: r < 9.65253 +/- 0.104088 @ 95% credibility (15 tries)
Done in 0.10 min (cpu), 0.10 min (real)
Generate toy 141/250

 -- MarkovChainMC -- 
Limit: r < 11.6414 +/- 0.206174 @ 95% credibility (15 tries)
Done in 0.10 min (cpu), 0.10 min (real)
Generate toy 142/250

 -- MarkovChainMC -- 
Limit: r < 8.89251 +/- 0.171626 @ 95% credibility (15 tries)
Done in 0.08 min (cpu), 0.08 min (real)
Generate toy 143/250

 -- MarkovChainMC -- 
Limit: r < 13.0284 +/- 0.245301 @ 95% credibility (15 tries)
Done in 0.09 min (cpu), 0.09 min (real)
Generate toy 144/250

 -- MarkovChainMC -- 
Limit: r < 9.58616 +/- 0.0982634 @ 95% credibility (15 tries)
Done in 0.09 min (cpu), 0.09 min (real)
Generate toy 145/250

 -- MarkovChainMC -- 
Limit: r < 17.2833 +/- 0.0831359 @ 95% credibility (15 tries)
Done in 0.09 min (cpu), 0.09 min (real)
Generate toy 146/250

 -- MarkovChainMC -- 
Limit: r < 9.75837 +/- 0.180918 @ 95% credibility (15 tries)
Done in 0.08 min (cpu), 0.08 min (real)
Generate toy 147/250

 -- MarkovChainMC -- 
Limit: r < 8.88489 +/- 0.0539894 @ 95% credibility (15 tries)
Done in 0.08 min (cpu), 0.08 min (real)
Generate toy 148/250

 -- MarkovChainMC -- 
Limit: r < 13.446 +/- 0.218029 @ 95% credibility (15 tries)
Done in 0.09 min (cpu), 0.09 min (real)
Generate toy 149/250

 -- MarkovChainMC -- 
Limit: r < 12.5746 +/- 0.132119 @ 95% credibility (15 tries)
Done in 0.09 min (cpu), 0.09 min (real)
Generate toy 150/250

 -- MarkovChainMC -- 
Limit: r < 26.7185 +/- 0.183582 @ 95% credibility (15 tries)
Done in 0.10 min (cpu), 0.10 min (real)
Generate toy 151/250

 -- MarkovChainMC -- 
Limit: r < 17.6334 +/- 0.225412 @ 95% credibility (15 tries)
Done in 0.09 min (cpu), 0.09 min (real)
Generate toy 152/250

 -- MarkovChainMC -- 
Limit: r < 26.2453 +/- 0.257509 @ 95% credibility (15 tries)
Done in 0.09 min (cpu), 0.09 min (real)
Generate toy 153/250

 -- MarkovChainMC -- 
Limit: r < 15.6557 +/- 0.209173 @ 95% credibility (15 tries)
Done in 0.09 min (cpu), 0.09 min (real)
Generate toy 154/250

 -- MarkovChainMC -- 
Limit: r < 10.3589 +/- 0.124034 @ 95% credibility (15 tries)
Done in 0.10 min (cpu), 0.10 min (real)
Generate toy 155/250

 -- MarkovChainMC -- 
Limit: r < 17.1554 +/- 0.161184 @ 95% credibility (15 tries)
Done in 0.09 min (cpu), 0.09 min (real)
Generate toy 156/250

 -- MarkovChainMC -- 
Limit: r < 18.6143 +/- 0.19339 @ 95% credibility (15 tries)
Done in 0.09 min (cpu), 0.09 min (real)
Generate toy 157/250

 -- MarkovChainMC -- 
Limit: r < 13.226 +/- 0.136139 @ 95% credibility (15 tries)
Done in 0.09 min (cpu), 0.09 min (real)
Generate toy 158/250

 -- MarkovChainMC -- 
Limit: r < 10.4877 +/- 0.132575 @ 95% credibility (15 tries)
Done in 0.10 min (cpu), 0.10 min (real)
Generate toy 159/250

 -- MarkovChainMC -- 
Limit: r < 8.09109 +/- 0.153768 @ 95% credibility (15 tries)
Done in 0.08 min (cpu), 0.08 min (real)
Generate toy 160/250

 -- MarkovChainMC -- 
Limit: r < 16.0065 +/- 0.199056 @ 95% credibility (15 tries)
Done in 0.09 min (cpu), 0.09 min (real)
Generate toy 161/250

 -- MarkovChainMC -- 
Limit: r < 11.2432 +/- 0.163689 @ 95% credibility (15 tries)
Done in 0.08 min (cpu), 0.08 min (real)
Generate toy 162/250

 -- MarkovChainMC -- 
Limit: r < 15.3966 +/- 0.137857 @ 95% credibility (15 tries)
Done in 0.09 min (cpu), 0.09 min (real)
Generate toy 163/250

 -- MarkovChainMC -- 
Limit: r < 11.852 +/- 0.0860901 @ 95% credibility (15 tries)
Done in 0.08 min (cpu), 0.08 min (real)
Generate toy 164/250

 -- MarkovChainMC -- 
Limit: r < 9.99167 +/- 0.203737 @ 95% credibility (15 tries)
Done in 0.08 min (cpu), 0.08 min (real)
Generate toy 165/250

 -- MarkovChainMC -- 
Limit: r < 10.1041 +/- 0.137391 @ 95% credibility (15 tries)
Done in 0.08 min (cpu), 0.08 min (real)
Generate toy 166/250

 -- MarkovChainMC -- 
Limit: r < 21.8601 +/- 0.200899 @ 95% credibility (15 tries)
Done in 0.09 min (cpu), 0.09 min (real)
Generate toy 167/250

 -- MarkovChainMC -- 
Limit: r < 17.4285 +/- 0.195515 @ 95% credibility (15 tries)
Done in 0.09 min (cpu), 0.09 min (real)
Generate toy 168/250

 -- MarkovChainMC -- 
Limit: r < 11.0587 +/- 0.104142 @ 95% credibility (15 tries)
Done in 0.08 min (cpu), 0.08 min (real)
Generate toy 169/250

 -- MarkovChainMC -- 
Limit: r < 14.2799 +/- 0.137392 @ 95% credibility (15 tries)
Done in 0.09 min (cpu), 0.09 min (real)
Generate toy 170/250

 -- MarkovChainMC -- 
Limit: r < 13.4428 +/- 0.196639 @ 95% credibility (15 tries)
Done in 0.09 min (cpu), 0.09 min (real)
Generate toy 171/250

 -- MarkovChainMC -- 
Limit: r < 15.8756 +/- 0.148611 @ 95% credibility (15 tries)
Done in 0.09 min (cpu), 0.09 min (real)
Generate toy 172/250

 -- MarkovChainMC -- 
Limit: r < 18.7679 +/- 0.221798 @ 95% credibility (15 tries)
Done in 0.09 min (cpu), 0.09 min (real)
Generate toy 173/250

 -- MarkovChainMC -- 
Limit: r < 16.6542 +/- 0.126537 @ 95% credibility (15 tries)
Done in 0.09 min (cpu), 0.09 min (real)
Generate toy 174/250

 -- MarkovChainMC -- 
Limit: r < 23.7778 +/- 0.271171 @ 95% credibility (15 tries)
Done in 0.09 min (cpu), 0.09 min (real)
Generate toy 175/250

 -- MarkovChainMC -- 
Limit: r < 8.45043 +/- 0.0930269 @ 95% credibility (15 tries)
Done in 0.08 min (cpu), 0.08 min (real)
Generate toy 176/250

 -- MarkovChainMC -- 
Limit: r < 15.0429 +/- 0.134729 @ 95% credibility (15 tries)
Done in 0.10 min (cpu), 0.10 min (real)
Generate toy 177/250

 -- MarkovChainMC -- 
Limit: r < 14.3477 +/- 0.137559 @ 95% credibility (15 tries)
Done in 0.09 min (cpu), 0.09 min (real)
Generate toy 178/250

 -- MarkovChainMC -- 
Limit: r < 13.0142 +/- 0.185237 @ 95% credibility (15 tries)
Done in 0.08 min (cpu), 0.09 min (real)
Generate toy 179/250

 -- MarkovChainMC -- 
Limit: r < 12.1108 +/- 0.202304 @ 95% credibility (15 tries)
Done in 0.09 min (cpu), 0.09 min (real)
Generate toy 180/250

 -- MarkovChainMC -- 
Limit: r < 16.1552 +/- 0.151043 @ 95% credibility (15 tries)
Done in 0.09 min (cpu), 0.09 min (real)
Generate toy 181/250

 -- MarkovChainMC -- 
Limit: r < 20.549 +/- 0.166162 @ 95% credibility (15 tries)
Done in 0.09 min (cpu), 0.09 min (real)
Generate toy 182/250

 -- MarkovChainMC -- 
Limit: r < 15.2103 +/- 0.165252 @ 95% credibility (15 tries)
Done in 0.09 min (cpu), 0.09 min (real)
Generate toy 183/250

 -- MarkovChainMC -- 
Limit: r < 13.7103 +/- 0.166907 @ 95% credibility (15 tries)
Done in 0.08 min (cpu), 0.08 min (real)
Generate toy 184/250

 -- MarkovChainMC -- 
Limit: r < 8.6878 +/- 0.118656 @ 95% credibility (15 tries)
Done in 0.08 min (cpu), 0.08 min (real)
Generate toy 185/250

 -- MarkovChainMC -- 
Limit: r < 15.8064 +/- 0.169879 @ 95% credibility (15 tries)
Done in 0.08 min (cpu), 0.08 min (real)
Generate toy 186/250

 -- MarkovChainMC -- 
Limit: r < 12.0242 +/- 0.203569 @ 95% credibility (15 tries)
Done in 0.08 min (cpu), 0.08 min (real)
Generate toy 187/250

 -- MarkovChainMC -- 
Limit: r < 11.2211 +/- 0.159715 @ 95% credibility (15 tries)
Done in 0.08 min (cpu), 0.08 min (real)
Generate toy 188/250

 -- MarkovChainMC -- 
Limit: r < 13.2965 +/- 0.222563 @ 95% credibility (15 tries)
Done in 0.10 min (cpu), 0.10 min (real)
Generate toy 189/250

 -- MarkovChainMC -- 
Limit: r < 12.018 +/- 0.0975828 @ 95% credibility (15 tries)
Done in 0.08 min (cpu), 0.08 min (real)
Generate toy 190/250

 -- MarkovChainMC -- 
Limit: r < 10.6469 +/- 0.128979 @ 95% credibility (15 tries)
Done in 0.08 min (cpu), 0.08 min (real)
Generate toy 191/250

 -- MarkovChainMC -- 
Limit: r < 12.7561 +/- 0.132347 @ 95% credibility (15 tries)
Done in 0.10 min (cpu), 0.10 min (real)
Generate toy 192/250

 -- MarkovChainMC -- 
Limit: r < 9.90788 +/- 0.104563 @ 95% credibility (15 tries)
Done in 0.09 min (cpu), 0.09 min (real)
Generate toy 193/250

 -- MarkovChainMC -- 
Limit: r < 20.806 +/- 0.224999 @ 95% credibility (15 tries)
Done in 0.09 min (cpu), 0.09 min (real)
Generate toy 194/250

 -- MarkovChainMC -- 
Limit: r < 12.7704 +/- 0.152618 @ 95% credibility (15 tries)
Done in 0.09 min (cpu), 0.09 min (real)
Generate toy 195/250

 -- MarkovChainMC -- 
Limit: r < 16.8507 +/- 0.12615 @ 95% credibility (15 tries)
Done in 0.09 min (cpu), 0.09 min (real)
Generate toy 196/250

 -- MarkovChainMC -- 
Limit: r < 28.4215 +/- 0.199034 @ 95% credibility (15 tries)
Done in 0.09 min (cpu), 0.09 min (real)
Generate toy 197/250

 -- MarkovChainMC -- 
Limit: r < 12.0039 +/- 0.103669 @ 95% credibility (15 tries)
Done in 0.09 min (cpu), 0.09 min (real)
Generate toy 198/250

 -- MarkovChainMC -- 
Limit: r < 10.0237 +/- 0.101706 @ 95% credibility (15 tries)
Done in 0.10 min (cpu), 0.10 min (real)
Generate toy 199/250

 -- MarkovChainMC -- 
Limit: r < 14.2149 +/- 0.209264 @ 95% credibility (15 tries)
Done in 0.09 min (cpu), 0.09 min (real)
Generate toy 200/250

 -- MarkovChainMC -- 
Limit: r < 17.7688 +/- 0.222526 @ 95% credibility (15 tries)
Done in 0.09 min (cpu), 0.09 min (real)
Generate toy 201/250

 -- MarkovChainMC -- 
Limit: r < 14.7636 +/- 0.167622 @ 95% credibility (15 tries)
Done in 0.09 min (cpu), 0.09 min (real)
Generate toy 202/250

 -- MarkovChainMC -- 
Limit: r < 15.754 +/- 0.291251 @ 95% credibility (15 tries)
Done in 0.09 min (cpu), 0.09 min (real)
Generate toy 203/250

 -- MarkovChainMC -- 
Limit: r < 23.5431 +/- 0.155051 @ 95% credibility (15 tries)
Done in 0.09 min (cpu), 0.09 min (real)
Generate toy 204/250

 -- MarkovChainMC -- 
Limit: r < 21.4358 +/- 0.183914 @ 95% credibility (15 tries)
Done in 0.09 min (cpu), 0.09 min (real)
Generate toy 205/250

 -- MarkovChainMC -- 
Limit: r < 14.3501 +/- 0.218453 @ 95% credibility (15 tries)
Done in 0.09 min (cpu), 0.09 min (real)
Generate toy 206/250

 -- MarkovChainMC -- 
Limit: r < 13.2989 +/- 0.132434 @ 95% credibility (15 tries)
Done in 0.09 min (cpu), 0.09 min (real)
Generate toy 207/250

 -- MarkovChainMC -- 
Limit: r < 7.34436 +/- 0.115397 @ 95% credibility (15 tries)
Done in 0.08 min (cpu), 0.08 min (real)
Generate toy 208/250

 -- MarkovChainMC -- 
Limit: r < 16.1873 +/- 0.142446 @ 95% credibility (15 tries)
Done in 0.09 min (cpu), 0.09 min (real)
Generate toy 209/250

 -- MarkovChainMC -- 
Limit: r < 12.8617 +/- 0.0781108 @ 95% credibility (15 tries)
Done in 0.09 min (cpu), 0.09 min (real)
Generate toy 210/250

 -- MarkovChainMC -- 
Limit: r < 15.3432 +/- 0.182109 @ 95% credibility (15 tries)
Done in 0.09 min (cpu), 0.09 min (real)
Generate toy 211/250

 -- MarkovChainMC -- 
Limit: r < 22.3195 +/- 0.236586 @ 95% credibility (15 tries)
Done in 0.11 min (cpu), 0.11 min (real)
Generate toy 212/250

 -- MarkovChainMC -- 
Limit: r < 15.578 +/- 0.0975888 @ 95% credibility (15 tries)
Done in 0.09 min (cpu), 0.09 min (real)
Generate toy 213/250

 -- MarkovChainMC -- 
Limit: r < 19.7797 +/- 0.155362 @ 95% credibility (15 tries)
Done in 0.10 min (cpu), 0.10 min (real)
Generate toy 214/250

 -- MarkovChainMC -- 
Limit: r < 11.7423 +/- 0.126897 @ 95% credibility (15 tries)
Done in 0.08 min (cpu), 0.08 min (real)
Generate toy 215/250

 -- MarkovChainMC -- 
Limit: r < 13.576 +/- 0.129324 @ 95% credibility (15 tries)
Done in 0.08 min (cpu), 0.08 min (real)
Generate toy 216/250

 -- MarkovChainMC -- 
Limit: r < 15.9592 +/- 0.13403 @ 95% credibility (15 tries)
Done in 0.08 min (cpu), 0.08 min (real)
Generate toy 217/250

 -- MarkovChainMC -- 
Limit: r < 6.5882 +/- 0.0585453 @ 95% credibility (15 tries)
Done in 0.09 min (cpu), 0.09 min (real)
Generate toy 218/250

 -- MarkovChainMC -- 
Limit: r < 17.0238 +/- 0.194747 @ 95% credibility (15 tries)
Done in 0.09 min (cpu), 0.09 min (real)
Generate toy 219/250

 -- MarkovChainMC -- 
Limit: r < 11.7281 +/- 0.0876377 @ 95% credibility (15 tries)
Done in 0.08 min (cpu), 0.08 min (real)
Generate toy 220/250

 -- MarkovChainMC -- 
Limit: r < 6.13691 +/- 0.112055 @ 95% credibility (15 tries)
Done in 0.08 min (cpu), 0.08 min (real)
Generate toy 221/250

 -- MarkovChainMC -- 
Limit: r < 10.9783 +/- 0.163735 @ 95% credibility (15 tries)
Done in 0.08 min (cpu), 0.08 min (real)
Generate toy 222/250

 -- MarkovChainMC -- 
Limit: r < 13.2425 +/- 0.126382 @ 95% credibility (15 tries)
Done in 0.10 min (cpu), 0.10 min (real)
Generate toy 223/250

 -- MarkovChainMC -- 
Limit: r < 21.8319 +/- 0.241324 @ 95% credibility (15 tries)
Done in 0.12 min (cpu), 0.12 min (real)
Generate toy 224/250

 -- MarkovChainMC -- 
Limit: r < 13.253 +/- 0.149307 @ 95% credibility (15 tries)
Done in 0.09 min (cpu), 0.09 min (real)
Generate toy 225/250

 -- MarkovChainMC -- 
Limit: r < 17.9602 +/- 0.178809 @ 95% credibility (15 tries)
Done in 0.09 min (cpu), 0.09 min (real)
Generate toy 226/250

 -- MarkovChainMC -- 
Limit: r < 18.933 +/- 0.294021 @ 95% credibility (15 tries)
Done in 0.09 min (cpu), 0.09 min (real)
Generate toy 227/250

 -- MarkovChainMC -- 
Limit: r < 23.2734 +/- 0.33602 @ 95% credibility (15 tries)
Done in 0.09 min (cpu), 0.09 min (real)
Generate toy 228/250

 -- MarkovChainMC -- 
Limit: r < 12.8464 +/- 0.11143 @ 95% credibility (15 tries)
Done in 0.09 min (cpu), 0.09 min (real)
Generate toy 229/250

 -- MarkovChainMC -- 
Limit: r < 24.2972 +/- 0.260611 @ 95% credibility (15 tries)
Done in 0.09 min (cpu), 0.09 min (real)
Generate toy 230/250

 -- MarkovChainMC -- 
Limit: r < 7.03954 +/- 0.111292 @ 95% credibility (15 tries)
Done in 0.08 min (cpu), 0.08 min (real)
Generate toy 231/250

 -- MarkovChainMC -- 
Limit: r < 15.2254 +/- 0.177182 @ 95% credibility (15 tries)
Done in 0.09 min (cpu), 0.09 min (real)
Generate toy 232/250

 -- MarkovChainMC -- 
Limit: r < 9.5689 +/- 0.115575 @ 95% credibility (15 tries)
Done in 0.08 min (cpu), 0.08 min (real)
Generate toy 233/250

 -- MarkovChainMC -- 
Limit: r < 20.1312 +/- 0.22467 @ 95% credibility (15 tries)
Done in 0.09 min (cpu), 0.09 min (real)
Generate toy 234/250

 -- MarkovChainMC -- 
Limit: r < 12.8132 +/- 0.145224 @ 95% credibility (15 tries)
Done in 0.09 min (cpu), 0.09 min (real)
Generate toy 235/250

 -- MarkovChainMC -- 
Limit: r < 9.69269 +/- 0.160725 @ 95% credibility (15 tries)
Done in 0.09 min (cpu), 0.09 min (real)
Generate toy 236/250

 -- MarkovChainMC -- 
Limit: r < 21.0795 +/- 0.18043 @ 95% credibility (15 tries)
Done in 0.09 min (cpu), 0.09 min (real)
Generate toy 237/250

 -- MarkovChainMC -- 
Limit: r < 10.4602 +/- 0.108633 @ 95% credibility (15 tries)
Done in 0.08 min (cpu), 0.08 min (real)
Generate toy 238/250

 -- MarkovChainMC -- 
Limit: r < 17.3332 +/- 0.155597 @ 95% credibility (15 tries)
Done in 0.10 min (cpu), 0.10 min (real)
Generate toy 239/250

 -- MarkovChainMC -- 
Limit: r < 18.0302 +/- 0.15558 @ 95% credibility (15 tries)
Done in 0.14 min (cpu), 0.14 min (real)
Generate toy 240/250

 -- MarkovChainMC -- 
Limit: r < 19.716 +/- 0.272786 @ 95% credibility (15 tries)
Done in 0.14 min (cpu), 0.14 min (real)
Generate toy 241/250

 -- MarkovChainMC -- 
Limit: r < 8.49183 +/- 0.0938324 @ 95% credibility (15 tries)
Done in 0.08 min (cpu), 0.08 min (real)
Generate toy 242/250

 -- MarkovChainMC -- 
Limit: r < 11.399 +/- 0.149781 @ 95% credibility (15 tries)
Done in 0.09 min (cpu), 0.09 min (real)
Generate toy 243/250

 -- MarkovChainMC -- 
Limit: r < 15.3577 +/- 0.22577 @ 95% credibility (15 tries)
Done in 0.09 min (cpu), 0.09 min (real)
Generate toy 244/250

 -- MarkovChainMC -- 
Limit: r < 14.8413 +/- 0.307503 @ 95% credibility (15 tries)
Done in 0.09 min (cpu), 0.09 min (real)
Generate toy 245/250

 -- MarkovChainMC -- 
Limit: r < 14.5652 +/- 0.0958453 @ 95% credibility (15 tries)
Done in 0.09 min (cpu), 0.09 min (real)
Generate toy 246/250

 -- MarkovChainMC -- 
Limit: r < 14.108 +/- 0.197669 @ 95% credibility (15 tries)
Done in 0.09 min (cpu), 0.09 min (real)
Generate toy 247/250

 -- MarkovChainMC -- 
Limit: r < 10.7784 +/- 0.0557138 @ 95% credibility (15 tries)
Done in 0.10 min (cpu), 0.10 min (real)
Generate toy 248/250

 -- MarkovChainMC -- 
Limit: r < 22.6296 +/- 0.31404 @ 95% credibility (15 tries)
Done in 0.09 min (cpu), 0.09 min (real)
Generate toy 249/250

 -- MarkovChainMC -- 
Limit: r < 26.4836 +/- 0.296874 @ 95% credibility (15 tries)
Done in 0.12 min (cpu), 0.13 min (real)
Generate toy 250/250

 -- MarkovChainMC -- 
Limit: r < 14.4115 +/- 0.137073 @ 95% credibility (15 tries)
Done in 0.10 min (cpu), 0.10 min (real)
mean   expected limit: r < 14.7992 +/- 0.300854 @ 95%CL (250 toyMC)
median expected limit: r < 14.3031 @ 95%CL (250 toyMC)
   68% expected band : 10.1748 < r < 19.396
   95% expected band : 7.39482 < r < 25.3072
