 <<< Combine >>> 
 <<< v10.0.2 >>>
>>> Used OpenSSL to get a truly random seed -888305533
>>> Method used is MarkovChainMC
============================================================
Analyzing bin errors for: prop_binmuon_channel
Poisson cut-off: 10
Processes excluded for sums: Wprime5000_kR3
============================================================
Bin        Contents        Error           Notes                         
0          4246.969755     16.603231       total sum                     
0          4245.728997     16.603213       excluding marked processes    
0          65391.000000    255.716640      Unweighted events, alpha=0.064947
  => Total parameter prop_binmuon_channel_bin0[0.00,-7.00,7.00] to be Gaussian constrained
------------------------------------------------------------
1          1622.250682     7.828090        total sum                     
1          1621.101079     7.828053        excluding marked processes    
1          42886.000000    207.089353      Unweighted events, alpha=0.037827
  => Total parameter prop_binmuon_channel_bin1[0.00,-7.00,7.00] to be Gaussian constrained
------------------------------------------------------------
2          722.385982      4.795565        total sum                     
2          721.396648      4.795515        excluding marked processes    
2          22630.000000    150.432709      Unweighted events, alpha=0.031922
  => Total parameter prop_binmuon_channel_bin2[0.00,-7.00,7.00] to be Gaussian constrained
------------------------------------------------------------
3          360.169076      3.009426        total sum                     
3          359.285774      3.009355        excluding marked processes    
3          14254.000000    119.390117      Unweighted events, alpha=0.025268
  => Total parameter prop_binmuon_channel_bin3[0.00,-7.00,7.00] to be Gaussian constrained
------------------------------------------------------------
4          192.033026      3.360939        total sum                     
4          191.190097      3.360877        excluding marked processes    
4          3236.000000     56.885851       Unweighted events, alpha=0.059343
  => Total parameter prop_binmuon_channel_bin4[0.00,-7.00,7.00] to be Gaussian constrained
------------------------------------------------------------
5          112.974587      1.192267        total sum                     
5          112.217111      1.192110        excluding marked processes    
5          8861.000000     94.132885       Unweighted events, alpha=0.012750
  => Total parameter prop_binmuon_channel_bin5[0.00,-7.00,7.00] to be Gaussian constrained
------------------------------------------------------------
6          108.414376      1.524285        total sum                     
6          107.129583      1.524073        excluding marked processes    
6          4941.000000     70.292247       Unweighted events, alpha=0.021942
  => Total parameter prop_binmuon_channel_bin6[0.00,-7.00,7.00] to be Gaussian constrained
------------------------------------------------------------
7          42.135130       0.658313        total sum                     
7          41.104515       0.657922        excluding marked processes    
7          3903.000000     62.473995       Unweighted events, alpha=0.010796
  => Total parameter prop_binmuon_channel_bin7[0.00,-7.00,7.00] to be Gaussian constrained
------------------------------------------------------------
8          24.646673       0.587565        total sum                     
8          23.449391       0.587056        excluding marked processes    
8          1596.000000     39.949969       Unweighted events, alpha=0.015443
  => Total parameter prop_binmuon_channel_bin8[0.00,-7.00,7.00] to be Gaussian constrained
------------------------------------------------------------
9          9.250066        0.395127        total sum                     
9          8.355840        0.394559        excluding marked processes    
9          448.000000      21.166010       Unweighted events, alpha=0.020647
  => Total parameter prop_binmuon_channel_bin9[0.00,-7.00,7.00] to be Gaussian constrained
------------------------------------------------------------
10         4.324598        0.252704        total sum                     
10         3.506378        0.251887        excluding marked processes    
10         194.000000      13.928388       Unweighted events, alpha=0.022292
  => Total parameter prop_binmuon_channel_bin10[0.00,-7.00,7.00] to be Gaussian constrained
------------------------------------------------------------
11         2.250529        0.181373        total sum                     
11         1.363219        0.180174        excluding marked processes    
11         57.000000       7.549834        Unweighted events, alpha=0.039483
  => Total parameter prop_binmuon_channel_bin11[0.00,-7.00,7.00] to be Gaussian constrained
------------------------------------------------------------
12         1.100272        0.289556        total sum                     
12         0.530791        0.289065        excluding marked processes    
12         3.000000        1.732051        Unweighted events, alpha=0.366757
  => Number of weighted events is below Poisson threshold
    Wprime5000_kR3       0.569481        0.016858                                      
                         1141.000000     33.778692       Unweighted events, alpha=0.000499
      => Parameter prop_binmuon_channel_bin12_Wprime5000_kR3[0.00,-7.00,7.00] to be Gaussian constrained
  ----------------------------------------------------------
    W_boson              0.216692        0.001181                                      
                         33653.000000    183.447540      Unweighted events, alpha=0.000006
      => Parameter prop_binmuon_channel_bin12_W_boson[0.00,-7.00,7.00] to be Gaussian constrained
  ----------------------------------------------------------
    Top                  0.000000        0.000000                                      
      => Error is zero, ignore      
  ----------------------------------------------------------
    Z_boson              0.004094        0.000500                                      
                         67.000000       8.185353        Unweighted events, alpha=0.000061
      => Parameter prop_binmuon_channel_bin12_Z_boson[0.00,-7.00,7.00] to be Gaussian constrained
  ----------------------------------------------------------
    DiBoson              0.288910        0.288561                                      
                         1.000000        1.000000        Unweighted events, alpha=0.288910
      => Product of prop_binmuon_channel_bin12_DiBoson[1.00,0.00,30.85] and const [1.0000] to be Poisson constrained
  ----------------------------------------------------------
    QCD                  0.021095        0.017013                                      
                         2.000000        1.414214        Unweighted events, alpha=0.010547
      => Product of prop_binmuon_channel_bin12_QCD[2.00,0.00,33.79] and const [0.5000] to be Poisson constrained
  ----------------------------------------------------------
------------------------------------------------------------
13         0.750277        0.018515        total sum                     
13         0.067145        0.000584        excluding marked processes    
13         13239.000000    115.060853      Unweighted events, alpha=0.000057
  => Total parameter prop_binmuon_channel_bin13[0.00,-7.00,7.00] to be Gaussian constrained
------------------------------------------------------------
14         0.111017        0.007256        total sum                     
14         0.003967        0.000043        excluding marked processes    
14         8482.000000     92.097774       Unweighted events, alpha=0.000013
  => Total parameter prop_binmuon_channel_bin14[0.00,-7.00,7.00] to be Gaussian constrained
------------------------------------------------------------
15         0.013816        0.004374        total sum                     
15         0.005625        0.003835        excluding marked processes    
15         2.000000        1.414214        Unweighted events, alpha=0.006908
  => Number of weighted events is below Poisson threshold
    Wprime5000_kR3       0.008191        0.002103                                      
                         15.000000       3.872983        Unweighted events, alpha=0.000546
      => Parameter prop_binmuon_channel_bin15_Wprime5000_kR3[0.00,-7.00,7.00] to be Gaussian constrained
  ----------------------------------------------------------
    W_boson              0.000849        0.000021                                      
                         1670.000000     40.865633       Unweighted events, alpha=0.000001
      => Parameter prop_binmuon_channel_bin15_W_boson[0.00,-7.00,7.00] to be Gaussian constrained
  ----------------------------------------------------------
    Top                  0.000000        0.000000                                      
      => Error is zero, ignore      
  ----------------------------------------------------------
    Z_boson              0.000011        0.000003                                      
                         16.000000       4.000000        Unweighted events, alpha=0.000001
      => Parameter prop_binmuon_channel_bin15_Z_boson[0.00,-7.00,7.00] to be Gaussian constrained
  ----------------------------------------------------------
    DiBoson              0.000000        0.000000                                      
      => Error is zero, ignore      
  ----------------------------------------------------------
    QCD                  0.004765        0.003834                                      
                         2.000000        1.414214        Unweighted events, alpha=0.002383
      => Product of prop_binmuon_channel_bin15_QCD[2.00,0.00,33.79] and const [0.5000] to be Poisson constrained
  ----------------------------------------------------------
------------------------------------------------------------
Channel muon_channel will use autoMCStats with settings: event-threshold=10, include-signal=0, hist-mode=1
Generate toy 1/250

 -- MarkovChainMC -- 
Limit: r < 2.57609 +/- 0.0125457 @ 95% credibility (15 tries)
Done in 0.14 min (cpu), 0.14 min (real)
Generate toy 2/250

 -- MarkovChainMC -- 
Limit: r < 2.75441 +/- 0.0206757 @ 95% credibility (15 tries)
Done in 0.13 min (cpu), 0.14 min (real)
Generate toy 3/250

 -- MarkovChainMC -- 
Limit: r < 3.89001 +/- 0.033668 @ 95% credibility (15 tries)
Done in 0.15 min (cpu), 0.15 min (real)
Generate toy 4/250

 -- MarkovChainMC -- 
Limit: r < 1.27984 +/- 0.0122352 @ 95% credibility (15 tries)
Done in 0.13 min (cpu), 0.13 min (real)
Generate toy 5/250

 -- MarkovChainMC -- 
Limit: r < 1.68471 +/- 0.0226323 @ 95% credibility (15 tries)
Done in 0.12 min (cpu), 0.12 min (real)
Generate toy 6/250

 -- MarkovChainMC -- 
Limit: r < 2.03311 +/- 0.0343657 @ 95% credibility (15 tries)
Done in 0.12 min (cpu), 0.12 min (real)
Generate toy 7/250

 -- MarkovChainMC -- 
Limit: r < 1.80739 +/- 0.0233705 @ 95% credibility (15 tries)
Done in 0.12 min (cpu), 0.13 min (real)
Generate toy 8/250

 -- MarkovChainMC -- 
Limit: r < 1.18895 +/- 0.0173033 @ 95% credibility (15 tries)
Done in 0.12 min (cpu), 0.12 min (real)
Generate toy 9/250

 -- MarkovChainMC -- 
Limit: r < 1.31754 +/- 0.0138731 @ 95% credibility (15 tries)
Done in 0.11 min (cpu), 0.11 min (real)
Generate toy 10/250

 -- MarkovChainMC -- 
Limit: r < 1.2184 +/- 0.0174708 @ 95% credibility (15 tries)
Done in 0.12 min (cpu), 0.12 min (real)
Generate toy 11/250

 -- MarkovChainMC -- 
Limit: r < 2.35378 +/- 0.0290412 @ 95% credibility (15 tries)
Done in 0.14 min (cpu), 0.14 min (real)
Generate toy 12/250

 -- MarkovChainMC -- 
Limit: r < 2.42009 +/- 0.0192455 @ 95% credibility (15 tries)
Done in 0.14 min (cpu), 0.14 min (real)
Generate toy 13/250

 -- MarkovChainMC -- 
Limit: r < 1.18938 +/- 0.0122949 @ 95% credibility (15 tries)
Done in 0.11 min (cpu), 0.12 min (real)
Generate toy 14/250

 -- MarkovChainMC -- 
Limit: r < 2.56937 +/- 0.0187599 @ 95% credibility (15 tries)
Done in 0.12 min (cpu), 0.13 min (real)
Generate toy 15/250

 -- MarkovChainMC -- 
Limit: r < 1.68857 +/- 0.0196668 @ 95% credibility (15 tries)
Done in 0.12 min (cpu), 0.12 min (real)
Generate toy 16/250

 -- MarkovChainMC -- 
Limit: r < 1.94855 +/- 0.0185635 @ 95% credibility (15 tries)
Done in 0.12 min (cpu), 0.12 min (real)
Generate toy 17/250

 -- MarkovChainMC -- 
Limit: r < 1.08843 +/- 0.0169142 @ 95% credibility (15 tries)
Done in 0.12 min (cpu), 0.13 min (real)
Generate toy 18/250

 -- MarkovChainMC -- 
Limit: r < 2.67267 +/- 0.0203355 @ 95% credibility (15 tries)
Done in 0.13 min (cpu), 0.14 min (real)
Generate toy 19/250

 -- MarkovChainMC -- 
Limit: r < 1.33474 +/- 0.00729889 @ 95% credibility (15 tries)
Done in 0.12 min (cpu), 0.12 min (real)
Generate toy 20/250

 -- MarkovChainMC -- 
Limit: r < 2.38749 +/- 0.00660279 @ 95% credibility (15 tries)
Done in 0.12 min (cpu), 0.12 min (real)
Generate toy 21/250

 -- MarkovChainMC -- 
Limit: r < 2.05514 +/- 0.0177416 @ 95% credibility (15 tries)
Done in 0.14 min (cpu), 0.14 min (real)
Generate toy 22/250

 -- MarkovChainMC -- 
Limit: r < 2.79499 +/- 0.0228925 @ 95% credibility (15 tries)
Done in 0.13 min (cpu), 0.13 min (real)
Generate toy 23/250

 -- MarkovChainMC -- 
Limit: r < 3.13749 +/- 0.0219602 @ 95% credibility (15 tries)
Done in 0.15 min (cpu), 0.15 min (real)
Generate toy 24/250

 -- MarkovChainMC -- 
Limit: r < 2.67739 +/- 0.0278335 @ 95% credibility (15 tries)
Done in 0.14 min (cpu), 0.14 min (real)
Generate toy 25/250

 -- MarkovChainMC -- 
Limit: r < 3.41317 +/- 0.0213041 @ 95% credibility (15 tries)
Done in 0.12 min (cpu), 0.12 min (real)
Generate toy 26/250

 -- MarkovChainMC -- 
Limit: r < 1.32737 +/- 0.0190412 @ 95% credibility (15 tries)
Done in 0.11 min (cpu), 0.11 min (real)
Generate toy 27/250

 -- MarkovChainMC -- 
Limit: r < 2.6682 +/- 0.0196667 @ 95% credibility (15 tries)
Done in 0.12 min (cpu), 0.12 min (real)
Generate toy 28/250

 -- MarkovChainMC -- 
Limit: r < 1.97054 +/- 0.0305327 @ 95% credibility (15 tries)
Done in 0.12 min (cpu), 0.13 min (real)
Generate toy 29/250

 -- MarkovChainMC -- 
Limit: r < 1.72813 +/- 0.0190678 @ 95% credibility (15 tries)
Done in 0.11 min (cpu), 0.11 min (real)
Generate toy 30/250

 -- MarkovChainMC -- 
Limit: r < 2.52092 +/- 0.0215685 @ 95% credibility (15 tries)
Done in 0.14 min (cpu), 0.14 min (real)
Generate toy 31/250

 -- MarkovChainMC -- 
Limit: r < 3.02984 +/- 0.0167861 @ 95% credibility (15 tries)
Done in 0.14 min (cpu), 0.15 min (real)
Generate toy 32/250

 -- MarkovChainMC -- 
Limit: r < 2.14863 +/- 0.0235486 @ 95% credibility (15 tries)
Done in 0.14 min (cpu), 0.14 min (real)
Generate toy 33/250

 -- MarkovChainMC -- 
Limit: r < 2.64247 +/- 0.0304445 @ 95% credibility (15 tries)
Done in 0.13 min (cpu), 0.14 min (real)
Generate toy 34/250

 -- MarkovChainMC -- 
Limit: r < 1.22549 +/- 0.0145904 @ 95% credibility (15 tries)
Done in 0.13 min (cpu), 0.13 min (real)
Generate toy 35/250

 -- MarkovChainMC -- 
Limit: r < 1.36686 +/- 0.00774607 @ 95% credibility (15 tries)
Done in 0.13 min (cpu), 0.13 min (real)
Generate toy 36/250

 -- MarkovChainMC -- 
Limit: r < 1.70751 +/- 0.0213871 @ 95% credibility (15 tries)
Done in 0.11 min (cpu), 0.11 min (real)
Generate toy 37/250

 -- MarkovChainMC -- 
Limit: r < 2.17814 +/- 0.0247977 @ 95% credibility (15 tries)
Done in 0.14 min (cpu), 0.14 min (real)
Generate toy 38/250

 -- MarkovChainMC -- 
Limit: r < 1.06256 +/- 0.0154214 @ 95% credibility (15 tries)
Done in 0.13 min (cpu), 0.13 min (real)
Generate toy 39/250

 -- MarkovChainMC -- 
Limit: r < 1.73153 +/- 0.0162956 @ 95% credibility (15 tries)
Done in 0.11 min (cpu), 0.11 min (real)
Generate toy 40/250

 -- MarkovChainMC -- 
Limit: r < 2.57623 +/- 0.0182238 @ 95% credibility (15 tries)
Done in 0.13 min (cpu), 0.13 min (real)
Generate toy 41/250

 -- MarkovChainMC -- 
Limit: r < 2.56533 +/- 0.0149246 @ 95% credibility (15 tries)
Done in 0.13 min (cpu), 0.14 min (real)
Generate toy 42/250

 -- MarkovChainMC -- 
Limit: r < 2.19662 +/- 0.0182049 @ 95% credibility (15 tries)
Done in 0.13 min (cpu), 0.14 min (real)
Generate toy 43/250

 -- MarkovChainMC -- 
Limit: r < 2.62032 +/- 0.00952344 @ 95% credibility (15 tries)
Done in 0.13 min (cpu), 0.13 min (real)
Generate toy 44/250

 -- MarkovChainMC -- 
Limit: r < 1.49641 +/- 0.0149373 @ 95% credibility (15 tries)
Done in 0.13 min (cpu), 0.13 min (real)
Generate toy 45/250

 -- MarkovChainMC -- 
Limit: r < 1.54063 +/- 0.0122496 @ 95% credibility (15 tries)
Done in 0.12 min (cpu), 0.12 min (real)
Generate toy 46/250

 -- MarkovChainMC -- 
Limit: r < 1.66474 +/- 0.0186935 @ 95% credibility (15 tries)
Done in 0.11 min (cpu), 0.11 min (real)
Generate toy 47/250

 -- MarkovChainMC -- 
Limit: r < 1.27156 +/- 0.0178448 @ 95% credibility (15 tries)
Done in 0.10 min (cpu), 0.10 min (real)
Generate toy 48/250

 -- MarkovChainMC -- 
Limit: r < 3.30596 +/- 0.0223256 @ 95% credibility (15 tries)
Done in 0.14 min (cpu), 0.14 min (real)
Generate toy 49/250

 -- MarkovChainMC -- 
Limit: r < 3.17782 +/- 0.018818 @ 95% credibility (15 tries)
Done in 0.13 min (cpu), 0.13 min (real)
Generate toy 50/250

 -- MarkovChainMC -- 
Limit: r < 2.1045 +/- 0.0190104 @ 95% credibility (15 tries)
Done in 0.13 min (cpu), 0.14 min (real)
Generate toy 51/250

 -- MarkovChainMC -- 
Limit: r < 2.78125 +/- 0.020487 @ 95% credibility (15 tries)
Done in 0.14 min (cpu), 0.14 min (real)
Generate toy 52/250

 -- MarkovChainMC -- 
Limit: r < 1.19687 +/- 0.00976821 @ 95% credibility (15 tries)
Done in 0.12 min (cpu), 0.13 min (real)
Generate toy 53/250

 -- MarkovChainMC -- 
Limit: r < 2.38828 +/- 0.0175087 @ 95% credibility (15 tries)
Done in 0.13 min (cpu), 0.13 min (real)
Generate toy 54/250

 -- MarkovChainMC -- 
Limit: r < 1.09322 +/- 0.0104989 @ 95% credibility (15 tries)
Done in 0.12 min (cpu), 0.13 min (real)
Generate toy 55/250

 -- MarkovChainMC -- 
Limit: r < 1.36733 +/- 0.0181948 @ 95% credibility (15 tries)
Done in 0.12 min (cpu), 0.12 min (real)
Generate toy 56/250

 -- MarkovChainMC -- 
Limit: r < 1.64393 +/- 0.0193639 @ 95% credibility (15 tries)
Done in 0.11 min (cpu), 0.11 min (real)
Generate toy 57/250

 -- MarkovChainMC -- 
Limit: r < 1.41461 +/- 0.0180727 @ 95% credibility (15 tries)
Done in 0.13 min (cpu), 0.13 min (real)
Generate toy 58/250

 -- MarkovChainMC -- 
Limit: r < 3.20743 +/- 0.0232625 @ 95% credibility (15 tries)
Done in 0.15 min (cpu), 0.16 min (real)
Generate toy 59/250

 -- MarkovChainMC -- 
Limit: r < 1.84223 +/- 0.0357686 @ 95% credibility (15 tries)
Done in 0.14 min (cpu), 0.14 min (real)
Generate toy 60/250

 -- MarkovChainMC -- 
Limit: r < 1.92419 +/- 0.0138755 @ 95% credibility (15 tries)
Done in 0.14 min (cpu), 0.14 min (real)
Generate toy 61/250

 -- MarkovChainMC -- 
Limit: r < 2.59041 +/- 0.0192604 @ 95% credibility (15 tries)
Done in 0.12 min (cpu), 0.13 min (real)
Generate toy 62/250

 -- MarkovChainMC -- 
Limit: r < 2.57531 +/- 0.0192187 @ 95% credibility (15 tries)
Done in 0.14 min (cpu), 0.14 min (real)
Generate toy 63/250

 -- MarkovChainMC -- 
Limit: r < 1.42969 +/- 0.010759 @ 95% credibility (15 tries)
Done in 0.13 min (cpu), 0.13 min (real)
Generate toy 64/250

 -- MarkovChainMC -- 
Limit: r < 2.38119 +/- 0.0222495 @ 95% credibility (15 tries)
Done in 0.14 min (cpu), 0.14 min (real)
Generate toy 65/250

 -- MarkovChainMC -- 
Limit: r < 1.71143 +/- 0.0181753 @ 95% credibility (15 tries)
Done in 0.12 min (cpu), 0.12 min (real)
Generate toy 66/250

 -- MarkovChainMC -- 
Limit: r < 2.19469 +/- 0.0272372 @ 95% credibility (15 tries)
Done in 0.12 min (cpu), 0.12 min (real)
Generate toy 67/250

 -- MarkovChainMC -- 
Limit: r < 1.1438 +/- 0.0112399 @ 95% credibility (15 tries)
Done in 0.10 min (cpu), 0.10 min (real)
Generate toy 68/250

 -- MarkovChainMC -- 
Limit: r < 1.81282 +/- 0.0235619 @ 95% credibility (15 tries)
Done in 0.12 min (cpu), 0.12 min (real)
Generate toy 69/250

 -- MarkovChainMC -- 
Limit: r < 1.38925 +/- 0.0312682 @ 95% credibility (15 tries)
Done in 0.13 min (cpu), 0.13 min (real)
Generate toy 70/250

 -- MarkovChainMC -- 
Limit: r < 1.96834 +/- 0.0211031 @ 95% credibility (15 tries)
Done in 0.10 min (cpu), 0.10 min (real)
Generate toy 71/250

 -- MarkovChainMC -- 
Limit: r < 1.82607 +/- 0.0231497 @ 95% credibility (15 tries)
Done in 0.10 min (cpu), 0.10 min (real)
Generate toy 72/250

 -- MarkovChainMC -- 
Limit: r < 2.86864 +/- 0.0340466 @ 95% credibility (15 tries)
Done in 0.12 min (cpu), 0.12 min (real)
Generate toy 73/250

 -- MarkovChainMC -- 
Limit: r < 1.3788 +/- 0.0149241 @ 95% credibility (15 tries)
Done in 0.10 min (cpu), 0.10 min (real)
Generate toy 74/250

 -- MarkovChainMC -- 
Limit: r < 2.28821 +/- 0.0240783 @ 95% credibility (15 tries)
Done in 0.12 min (cpu), 0.12 min (real)
Generate toy 75/250

 -- MarkovChainMC -- 
Limit: r < 2.07589 +/- 0.0166356 @ 95% credibility (15 tries)
Done in 0.12 min (cpu), 0.13 min (real)
Generate toy 76/250

 -- MarkovChainMC -- 
Limit: r < 1.65934 +/- 0.0171099 @ 95% credibility (15 tries)
Done in 0.11 min (cpu), 0.11 min (real)
Generate toy 77/250

 -- MarkovChainMC -- 
Limit: r < 2.64159 +/- 0.0223498 @ 95% credibility (15 tries)
Done in 0.13 min (cpu), 0.13 min (real)
Generate toy 78/250

 -- MarkovChainMC -- 
Limit: r < 1.08154 +/- 0.0165509 @ 95% credibility (15 tries)
Done in 0.11 min (cpu), 0.11 min (real)
Generate toy 79/250

 -- MarkovChainMC -- 
Limit: r < 2.43267 +/- 0.0151845 @ 95% credibility (15 tries)
Done in 0.13 min (cpu), 0.13 min (real)
Generate toy 80/250

 -- MarkovChainMC -- 
Limit: r < 1.66081 +/- 0.016368 @ 95% credibility (15 tries)
Done in 0.14 min (cpu), 0.14 min (real)
Generate toy 81/250

 -- MarkovChainMC -- 
Limit: r < 2.15555 +/- 0.0379757 @ 95% credibility (15 tries)
Done in 0.13 min (cpu), 0.13 min (real)
Generate toy 82/250

 -- MarkovChainMC -- 
Limit: r < 2.17073 +/- 0.0369849 @ 95% credibility (15 tries)
Done in 0.12 min (cpu), 0.12 min (real)
Generate toy 83/250

 -- MarkovChainMC -- 
Limit: r < 1.43897 +/- 0.0130889 @ 95% credibility (15 tries)
Done in 0.14 min (cpu), 0.14 min (real)
Generate toy 84/250

 -- MarkovChainMC -- 
Limit: r < 1.75286 +/- 0.0167023 @ 95% credibility (15 tries)
Done in 0.14 min (cpu), 0.14 min (real)
Generate toy 85/250

 -- MarkovChainMC -- 
Limit: r < 1.81477 +/- 0.0180954 @ 95% credibility (15 tries)
Done in 0.13 min (cpu), 0.14 min (real)
Generate toy 86/250

 -- MarkovChainMC -- 
Limit: r < 2.25329 +/- 0.0188198 @ 95% credibility (15 tries)
Done in 0.14 min (cpu), 0.14 min (real)
Generate toy 87/250

 -- MarkovChainMC -- 
Limit: r < 1.72127 +/- 0.0121605 @ 95% credibility (15 tries)
Done in 0.14 min (cpu), 0.14 min (real)
Generate toy 88/250

 -- MarkovChainMC -- 
Limit: r < 1.21776 +/- 0.0169848 @ 95% credibility (15 tries)
Done in 0.13 min (cpu), 0.13 min (real)
Generate toy 89/250

 -- MarkovChainMC -- 
Limit: r < 1.24321 +/- 0.0132917 @ 95% credibility (15 tries)
Done in 0.10 min (cpu), 0.10 min (real)
Generate toy 90/250

 -- MarkovChainMC -- 
Limit: r < 2.20266 +/- 0.0234632 @ 95% credibility (15 tries)
Done in 0.13 min (cpu), 0.13 min (real)
Generate toy 91/250

 -- MarkovChainMC -- 
Limit: r < 1.44067 +/- 0.0169025 @ 95% credibility (15 tries)
Done in 0.14 min (cpu), 0.14 min (real)
Generate toy 92/250

 -- MarkovChainMC -- 
Limit: r < 2.87096 +/- 0.0399487 @ 95% credibility (15 tries)
Done in 0.14 min (cpu), 0.14 min (real)
Generate toy 93/250

 -- MarkovChainMC -- 
Limit: r < 2.00623 +/- 0.0229079 @ 95% credibility (15 tries)
Done in 0.14 min (cpu), 0.14 min (real)
Generate toy 94/250

 -- MarkovChainMC -- 
Limit: r < 1.96202 +/- 0.0303414 @ 95% credibility (15 tries)
Done in 0.13 min (cpu), 0.13 min (real)
Generate toy 95/250

 -- MarkovChainMC -- 
Limit: r < 1.80879 +/- 0.0259496 @ 95% credibility (15 tries)
Done in 0.12 min (cpu), 0.12 min (real)
Generate toy 96/250

 -- MarkovChainMC -- 
Limit: r < 1.53498 +/- 0.0156645 @ 95% credibility (15 tries)
Done in 0.12 min (cpu), 0.12 min (real)
Generate toy 97/250

 -- MarkovChainMC -- 
Limit: r < 2.08787 +/- 0.0182964 @ 95% credibility (15 tries)
Done in 0.14 min (cpu), 0.14 min (real)
Generate toy 98/250

 -- MarkovChainMC -- 
Limit: r < 2.53573 +/- 0.0105205 @ 95% credibility (15 tries)
Done in 0.14 min (cpu), 0.14 min (real)
Generate toy 99/250

 -- MarkovChainMC -- 
Limit: r < 1.38363 +/- 0.0188124 @ 95% credibility (15 tries)
Done in 0.14 min (cpu), 0.15 min (real)
Generate toy 100/250

 -- MarkovChainMC -- 
Limit: r < 2.59813 +/- 0.0200245 @ 95% credibility (15 tries)
Done in 0.13 min (cpu), 0.14 min (real)
Generate toy 101/250

 -- MarkovChainMC -- 
Limit: r < 1.3948 +/- 0.0150795 @ 95% credibility (15 tries)
Done in 0.13 min (cpu), 0.13 min (real)
Generate toy 102/250

 -- MarkovChainMC -- 
Limit: r < 1.58646 +/- 0.0175105 @ 95% credibility (15 tries)
Done in 0.12 min (cpu), 0.12 min (real)
Generate toy 103/250

 -- MarkovChainMC -- 
Limit: r < 1.79615 +/- 0.0147303 @ 95% credibility (15 tries)
Done in 0.10 min (cpu), 0.10 min (real)
Generate toy 104/250

 -- MarkovChainMC -- 
Limit: r < 1.53806 +/- 0.0140124 @ 95% credibility (15 tries)
Done in 0.13 min (cpu), 0.13 min (real)
Generate toy 105/250

 -- MarkovChainMC -- 
Limit: r < 1.95061 +/- 0.027996 @ 95% credibility (15 tries)
Done in 0.14 min (cpu), 0.14 min (real)
Generate toy 106/250

 -- MarkovChainMC -- 
Limit: r < 2.75685 +/- 0.0324412 @ 95% credibility (15 tries)
Done in 0.14 min (cpu), 0.14 min (real)
Generate toy 107/250

 -- MarkovChainMC -- 
Limit: r < 1.35519 +/- 0.019823 @ 95% credibility (15 tries)
Done in 0.11 min (cpu), 0.11 min (real)
Generate toy 108/250

 -- MarkovChainMC -- 
Limit: r < 1.61708 +/- 0.0210104 @ 95% credibility (15 tries)
Done in 0.11 min (cpu), 0.11 min (real)
Generate toy 109/250

 -- MarkovChainMC -- 
Limit: r < 1.3117 +/- 0.011009 @ 95% credibility (15 tries)
Done in 0.12 min (cpu), 0.12 min (real)
Generate toy 110/250

 -- MarkovChainMC -- 
Limit: r < 1.52573 +/- 0.0158602 @ 95% credibility (15 tries)
Done in 0.14 min (cpu), 0.14 min (real)
Generate toy 111/250

 -- MarkovChainMC -- 
Limit: r < 1.93981 +/- 0.0135617 @ 95% credibility (15 tries)
Done in 0.14 min (cpu), 0.15 min (real)
Generate toy 112/250

 -- MarkovChainMC -- 
Limit: r < 2.23342 +/- 0.0237774 @ 95% credibility (15 tries)
Done in 0.14 min (cpu), 0.14 min (real)
Generate toy 113/250

 -- MarkovChainMC -- 
Limit: r < 1.1398 +/- 0.0148615 @ 95% credibility (15 tries)
Done in 0.13 min (cpu), 0.13 min (real)
Generate toy 114/250

 -- MarkovChainMC -- 
Limit: r < 2.49656 +/- 0.03796 @ 95% credibility (15 tries)
Done in 0.14 min (cpu), 0.14 min (real)
Generate toy 115/250

 -- MarkovChainMC -- 
Limit: r < 3.46615 +/- 0.0311487 @ 95% credibility (15 tries)
Done in 0.14 min (cpu), 0.14 min (real)
Generate toy 116/250

 -- MarkovChainMC -- 
Limit: r < 1.26465 +/- 0.0261217 @ 95% credibility (15 tries)
Done in 0.12 min (cpu), 0.13 min (real)
Generate toy 117/250

 -- MarkovChainMC -- 
Limit: r < 1.23858 +/- 0.0172553 @ 95% credibility (15 tries)
Done in 0.12 min (cpu), 0.12 min (real)
Generate toy 118/250

 -- MarkovChainMC -- 
Limit: r < 2.36833 +/- 0.0224468 @ 95% credibility (15 tries)
Done in 0.14 min (cpu), 0.14 min (real)
Generate toy 119/250

 -- MarkovChainMC -- 
Limit: r < 1.97248 +/- 0.0243806 @ 95% credibility (15 tries)
Done in 0.14 min (cpu), 0.14 min (real)
Generate toy 120/250

 -- MarkovChainMC -- 
Limit: r < 1.48831 +/- 0.0230704 @ 95% credibility (15 tries)
Done in 0.13 min (cpu), 0.13 min (real)
Generate toy 121/250

 -- MarkovChainMC -- 
Limit: r < 1.72754 +/- 0.0266675 @ 95% credibility (15 tries)
Done in 0.14 min (cpu), 0.14 min (real)
Generate toy 122/250

 -- MarkovChainMC -- 
Limit: r < 2.89374 +/- 0.0239343 @ 95% credibility (15 tries)
Done in 0.14 min (cpu), 0.15 min (real)
Generate toy 123/250

 -- MarkovChainMC -- 
Limit: r < 2.30359 +/- 0.0216365 @ 95% credibility (15 tries)
Done in 0.15 min (cpu), 0.15 min (real)
Generate toy 124/250

 -- MarkovChainMC -- 
Limit: r < 1.89149 +/- 0.0276663 @ 95% credibility (15 tries)
Done in 0.13 min (cpu), 0.13 min (real)
Generate toy 125/250

 -- MarkovChainMC -- 
Limit: r < 2.62257 +/- 0.013527 @ 95% credibility (15 tries)
Done in 0.13 min (cpu), 0.14 min (real)
Generate toy 126/250

 -- MarkovChainMC -- 
Limit: r < 1.25892 +/- 0.0165622 @ 95% credibility (15 tries)
Done in 0.12 min (cpu), 0.12 min (real)
Generate toy 127/250

 -- MarkovChainMC -- 
Limit: r < 1.86553 +/- 0.0246389 @ 95% credibility (15 tries)
Done in 0.12 min (cpu), 0.12 min (real)
Generate toy 128/250

 -- MarkovChainMC -- 
Limit: r < 3.69673 +/- 0.0304763 @ 95% credibility (15 tries)
Done in 0.10 min (cpu), 0.10 min (real)
Generate toy 129/250

 -- MarkovChainMC -- 
Limit: r < 2.23228 +/- 0.0386007 @ 95% credibility (15 tries)
Done in 0.14 min (cpu), 0.15 min (real)
Generate toy 130/250

 -- MarkovChainMC -- 
Limit: r < 1.39007 +/- 0.0146208 @ 95% credibility (15 tries)
Done in 0.12 min (cpu), 0.12 min (real)
Generate toy 131/250

 -- MarkovChainMC -- 
Limit: r < 1.87558 +/- 0.0214322 @ 95% credibility (15 tries)
Done in 0.14 min (cpu), 0.14 min (real)
Generate toy 132/250

 -- MarkovChainMC -- 
Limit: r < 1.83247 +/- 0.0217661 @ 95% credibility (15 tries)
Done in 0.13 min (cpu), 0.14 min (real)
Generate toy 133/250

 -- MarkovChainMC -- 
Limit: r < 1.74916 +/- 0.0240893 @ 95% credibility (15 tries)
Done in 0.13 min (cpu), 0.14 min (real)
Generate toy 134/250

 -- MarkovChainMC -- 
Limit: r < 2.32944 +/- 0.0180367 @ 95% credibility (15 tries)
Done in 0.12 min (cpu), 0.12 min (real)
Generate toy 135/250

 -- MarkovChainMC -- 
Limit: r < 3.03851 +/- 0.0306502 @ 95% credibility (15 tries)
Done in 0.12 min (cpu), 0.12 min (real)
Generate toy 136/250

 -- MarkovChainMC -- 
Limit: r < 3.20868 +/- 0.0384285 @ 95% credibility (15 tries)
Done in 0.15 min (cpu), 0.15 min (real)
Generate toy 137/250

 -- MarkovChainMC -- 
Limit: r < 1.13422 +/- 0.0150981 @ 95% credibility (15 tries)
Done in 0.13 min (cpu), 0.13 min (real)
Generate toy 138/250

 -- MarkovChainMC -- 
Limit: r < 1.09034 +/- 0.0162979 @ 95% credibility (15 tries)
Done in 0.12 min (cpu), 0.13 min (real)
Generate toy 139/250

 -- MarkovChainMC -- 
Limit: r < 2.31064 +/- 0.0269983 @ 95% credibility (15 tries)
Done in 0.14 min (cpu), 0.14 min (real)
Generate toy 140/250

 -- MarkovChainMC -- 
Limit: r < 2.22931 +/- 0.0189442 @ 95% credibility (15 tries)
Done in 0.14 min (cpu), 0.14 min (real)
Generate toy 141/250

 -- MarkovChainMC -- 
Limit: r < 1.35352 +/- 0.00674374 @ 95% credibility (15 tries)
Done in 0.13 min (cpu), 0.13 min (real)
Generate toy 142/250

 -- MarkovChainMC -- 
Limit: r < 1.1587 +/- 0.0123547 @ 95% credibility (15 tries)
Done in 0.13 min (cpu), 0.13 min (real)
Generate toy 143/250

 -- MarkovChainMC -- 
Limit: r < 2.02553 +/- 0.0272974 @ 95% credibility (15 tries)
Done in 0.12 min (cpu), 0.12 min (real)
Generate toy 144/250

 -- MarkovChainMC -- 
Limit: r < 1.93927 +/- 0.0163615 @ 95% credibility (15 tries)
Done in 0.13 min (cpu), 0.13 min (real)
Generate toy 145/250

 -- MarkovChainMC -- 
Limit: r < 1.7116 +/- 0.0234555 @ 95% credibility (15 tries)
Done in 0.12 min (cpu), 0.12 min (real)
Generate toy 146/250

 -- MarkovChainMC -- 
Limit: r < 1.91042 +/- 0.0264805 @ 95% credibility (15 tries)
Done in 0.12 min (cpu), 0.12 min (real)
Generate toy 147/250

 -- MarkovChainMC -- 
Limit: r < 1.72327 +/- 0.0138341 @ 95% credibility (15 tries)
Done in 0.11 min (cpu), 0.11 min (real)
Generate toy 148/250

 -- MarkovChainMC -- 
Limit: r < 2.61361 +/- 0.0300815 @ 95% credibility (15 tries)
Done in 0.13 min (cpu), 0.13 min (real)
Generate toy 149/250

 -- MarkovChainMC -- 
Limit: r < 1.31055 +/- 0.0171389 @ 95% credibility (15 tries)
Done in 0.14 min (cpu), 0.14 min (real)
Generate toy 150/250

 -- MarkovChainMC -- 
Limit: r < 1.46702 +/- 0.0121055 @ 95% credibility (15 tries)
Done in 0.14 min (cpu), 0.14 min (real)
Generate toy 151/250

 -- MarkovChainMC -- 
Limit: r < 1.87399 +/- 0.0224322 @ 95% credibility (15 tries)
Done in 0.13 min (cpu), 0.14 min (real)
Generate toy 152/250

 -- MarkovChainMC -- 
Limit: r < 1.35579 +/- 0.0146639 @ 95% credibility (15 tries)
Done in 0.13 min (cpu), 0.13 min (real)
Generate toy 153/250

 -- MarkovChainMC -- 
Limit: r < 2.75361 +/- 0.0300162 @ 95% credibility (15 tries)
Done in 0.10 min (cpu), 0.10 min (real)
Generate toy 154/250

 -- MarkovChainMC -- 
Limit: r < 1.35882 +/- 0.0135101 @ 95% credibility (15 tries)
Done in 0.13 min (cpu), 0.14 min (real)
Generate toy 155/250

 -- MarkovChainMC -- 
Limit: r < 1.60061 +/- 0.0203252 @ 95% credibility (15 tries)
Done in 0.09 min (cpu), 0.09 min (real)
Generate toy 156/250

 -- MarkovChainMC -- 
Limit: r < 1.22314 +/- 0.0190277 @ 95% credibility (15 tries)
Done in 0.10 min (cpu), 0.10 min (real)
Generate toy 157/250

 -- MarkovChainMC -- 
Limit: r < 1.48383 +/- 0.0203655 @ 95% credibility (15 tries)
Done in 0.12 min (cpu), 0.13 min (real)
Generate toy 158/250

 -- MarkovChainMC -- 
Limit: r < 1.62902 +/- 0.0206004 @ 95% credibility (15 tries)
Done in 0.13 min (cpu), 0.13 min (real)
Generate toy 159/250

 -- MarkovChainMC -- 
Limit: r < 2.33159 +/- 0.017849 @ 95% credibility (15 tries)
Done in 0.13 min (cpu), 0.13 min (real)
Generate toy 160/250

 -- MarkovChainMC -- 
Limit: r < 1.36098 +/- 0.013179 @ 95% credibility (15 tries)
Done in 0.11 min (cpu), 0.11 min (real)
Generate toy 161/250

 -- MarkovChainMC -- 
Limit: r < 1.35797 +/- 0.0236506 @ 95% credibility (15 tries)
Done in 0.09 min (cpu), 0.09 min (real)
Generate toy 162/250

 -- MarkovChainMC -- 
Limit: r < 1.74888 +/- 0.0190771 @ 95% credibility (15 tries)
Done in 0.13 min (cpu), 0.13 min (real)
Generate toy 163/250

 -- MarkovChainMC -- 
Limit: r < 1.62902 +/- 0.0137138 @ 95% credibility (15 tries)
Done in 0.11 min (cpu), 0.12 min (real)
Generate toy 164/250

 -- MarkovChainMC -- 
Limit: r < 1.69186 +/- 0.0133281 @ 95% credibility (15 tries)
Done in 0.14 min (cpu), 0.14 min (real)
Generate toy 165/250

 -- MarkovChainMC -- 
Limit: r < 3.65414 +/- 0.0252107 @ 95% credibility (15 tries)
Done in 0.15 min (cpu), 0.15 min (real)
Generate toy 166/250

 -- MarkovChainMC -- 
Limit: r < 1.17976 +/- 0.0136503 @ 95% credibility (15 tries)
Done in 0.11 min (cpu), 0.11 min (real)
Generate toy 167/250

 -- MarkovChainMC -- 
Limit: r < 1.90901 +/- 0.0172639 @ 95% credibility (15 tries)
Done in 0.12 min (cpu), 0.12 min (real)
Generate toy 168/250

 -- MarkovChainMC -- 
Limit: r < 1.21696 +/- 0.0160971 @ 95% credibility (15 tries)
Done in 0.12 min (cpu), 0.13 min (real)
Generate toy 169/250

 -- MarkovChainMC -- 
Limit: r < 1.26585 +/- 0.0125726 @ 95% credibility (15 tries)
Done in 0.13 min (cpu), 0.13 min (real)
Generate toy 170/250

 -- MarkovChainMC -- 
Limit: r < 1.93633 +/- 0.0253138 @ 95% credibility (15 tries)
Done in 0.14 min (cpu), 0.14 min (real)
Generate toy 171/250

 -- MarkovChainMC -- 
Limit: r < 3.02219 +/- 0.0298668 @ 95% credibility (15 tries)
Done in 0.14 min (cpu), 0.14 min (real)
Generate toy 172/250

 -- MarkovChainMC -- 
Limit: r < 2.53034 +/- 0.0319871 @ 95% credibility (15 tries)
Done in 0.14 min (cpu), 0.14 min (real)
Generate toy 173/250

 -- MarkovChainMC -- 
Limit: r < 3.37553 +/- 0.0282333 @ 95% credibility (15 tries)
Done in 0.15 min (cpu), 0.15 min (real)
Generate toy 174/250

 -- MarkovChainMC -- 
Limit: r < 1.27287 +/- 0.0152925 @ 95% credibility (15 tries)
Done in 0.12 min (cpu), 0.13 min (real)
Generate toy 175/250

 -- MarkovChainMC -- 
Limit: r < 1.64665 +/- 0.0181032 @ 95% credibility (15 tries)
Done in 0.11 min (cpu), 0.11 min (real)
Generate toy 176/250

 -- MarkovChainMC -- 
Limit: r < 1.74495 +/- 0.0198191 @ 95% credibility (15 tries)
Done in 0.13 min (cpu), 0.14 min (real)
Generate toy 177/250

 -- MarkovChainMC -- 
Limit: r < 1.68213 +/- 0.0184116 @ 95% credibility (15 tries)
Done in 0.13 min (cpu), 0.13 min (real)
Generate toy 178/250

 -- MarkovChainMC -- 
Limit: r < 1.36019 +/- 0.0108452 @ 95% credibility (15 tries)
Done in 0.13 min (cpu), 0.13 min (real)
Generate toy 179/250

 -- MarkovChainMC -- 
Limit: r < 2.69066 +/- 0.0178553 @ 95% credibility (15 tries)
Done in 0.14 min (cpu), 0.14 min (real)
Generate toy 180/250

 -- MarkovChainMC -- 
Limit: r < 1.63791 +/- 0.0318504 @ 95% credibility (15 tries)
Done in 0.08 min (cpu), 0.09 min (real)
Generate toy 181/250

 -- MarkovChainMC -- 
Limit: r < 1.54192 +/- 0.0130818 @ 95% credibility (15 tries)
Done in 0.08 min (cpu), 0.08 min (real)
Generate toy 182/250

 -- MarkovChainMC -- 
Limit: r < 2.44101 +/- 0.0295181 @ 95% credibility (15 tries)
Done in 0.11 min (cpu), 0.11 min (real)
Generate toy 183/250

 -- MarkovChainMC -- 
Limit: r < 2.0339 +/- 0.0184954 @ 95% credibility (15 tries)
Done in 0.13 min (cpu), 0.13 min (real)
Generate toy 184/250

 -- MarkovChainMC -- 
Limit: r < 2.65759 +/- 0.0255139 @ 95% credibility (15 tries)
Done in 0.13 min (cpu), 0.13 min (real)
Generate toy 185/250

 -- MarkovChainMC -- 
Limit: r < 2.02601 +/- 0.0239457 @ 95% credibility (15 tries)
Done in 0.13 min (cpu), 0.13 min (real)
Generate toy 186/250

 -- MarkovChainMC -- 
Limit: r < 1.43375 +/- 0.0112162 @ 95% credibility (15 tries)
Done in 0.12 min (cpu), 0.13 min (real)
Generate toy 187/250

 -- MarkovChainMC -- 
Limit: r < 1.53947 +/- 0.0149729 @ 95% credibility (15 tries)
Done in 0.13 min (cpu), 0.13 min (real)
Generate toy 188/250

 -- MarkovChainMC -- 
Limit: r < 2.26884 +/- 0.0229367 @ 95% credibility (15 tries)
Done in 0.13 min (cpu), 0.13 min (real)
Generate toy 189/250

 -- MarkovChainMC -- 
Limit: r < 2.19537 +/- 0.0272058 @ 95% credibility (15 tries)
Done in 0.12 min (cpu), 0.13 min (real)
Generate toy 190/250

 -- MarkovChainMC -- 
Limit: r < 1.25161 +/- 0.0168588 @ 95% credibility (15 tries)
Done in 0.13 min (cpu), 0.13 min (real)
Generate toy 191/250

 -- MarkovChainMC -- 
Limit: r < 1.69792 +/- 0.0189194 @ 95% credibility (15 tries)
Done in 0.12 min (cpu), 0.13 min (real)
Generate toy 192/250

 -- MarkovChainMC -- 
Limit: r < 1.66036 +/- 0.0188952 @ 95% credibility (15 tries)
Done in 0.11 min (cpu), 0.11 min (real)
Generate toy 193/250

 -- MarkovChainMC -- 
Limit: r < 2.14638 +/- 0.0246899 @ 95% credibility (15 tries)
Done in 0.12 min (cpu), 0.12 min (real)
Generate toy 194/250

 -- MarkovChainMC -- 
Limit: r < 1.83043 +/- 0.0100014 @ 95% credibility (15 tries)
Done in 0.14 min (cpu), 0.14 min (real)
Generate toy 195/250

 -- MarkovChainMC -- 
Limit: r < 2.85504 +/- 0.0356501 @ 95% credibility (15 tries)
Done in 0.14 min (cpu), 0.14 min (real)
Generate toy 196/250

 -- MarkovChainMC -- 
Limit: r < 1.14915 +/- 0.0137448 @ 95% credibility (15 tries)
Done in 0.13 min (cpu), 0.13 min (real)
Generate toy 197/250

 -- MarkovChainMC -- 
Limit: r < 1.95873 +/- 0.026481 @ 95% credibility (15 tries)
Done in 0.14 min (cpu), 0.14 min (real)
Generate toy 198/250

 -- MarkovChainMC -- 
Limit: r < 1.89502 +/- 0.0242679 @ 95% credibility (15 tries)
Done in 0.13 min (cpu), 0.13 min (real)
Generate toy 199/250

 -- MarkovChainMC -- 
Limit: r < 2.79146 +/- 0.0357278 @ 95% credibility (15 tries)
Done in 0.12 min (cpu), 0.12 min (real)
Generate toy 200/250

 -- MarkovChainMC -- 
Limit: r < 1.83482 +/- 0.0196948 @ 95% credibility (15 tries)
Done in 0.09 min (cpu), 0.09 min (real)
Generate toy 201/250

 -- MarkovChainMC -- 
Limit: r < 1.23448 +/- 0.0131403 @ 95% credibility (15 tries)
Done in 0.09 min (cpu), 0.09 min (real)
Generate toy 202/250

 -- MarkovChainMC -- 
Limit: r < 1.91206 +/- 0.0210367 @ 95% credibility (15 tries)
Done in 0.09 min (cpu), 0.09 min (real)
Generate toy 203/250

 -- MarkovChainMC -- 
Limit: r < 1.86204 +/- 0.02736 @ 95% credibility (15 tries)
Done in 0.12 min (cpu), 0.12 min (real)
Generate toy 204/250

 -- MarkovChainMC -- 
Limit: r < 1.62269 +/- 0.00891083 @ 95% credibility (15 tries)
Done in 0.08 min (cpu), 0.09 min (real)
Generate toy 205/250

 -- MarkovChainMC -- 
Limit: r < 2.75753 +/- 0.0305353 @ 95% credibility (15 tries)
Done in 0.09 min (cpu), 0.09 min (real)
Generate toy 206/250

 -- MarkovChainMC -- 
Limit: r < 1.6178 +/- 0.0167076 @ 95% credibility (15 tries)
Done in 0.10 min (cpu), 0.10 min (real)
Generate toy 207/250

 -- MarkovChainMC -- 
Limit: r < 0.986653 +/- 0.0126868 @ 95% credibility (15 tries)
Done in 0.13 min (cpu), 0.13 min (real)
Generate toy 208/250

 -- MarkovChainMC -- 
Limit: r < 2.01102 +/- 0.0244339 @ 95% credibility (15 tries)
Done in 0.14 min (cpu), 0.14 min (real)
Generate toy 209/250

 -- MarkovChainMC -- 
Limit: r < 1.81649 +/- 0.0203055 @ 95% credibility (15 tries)
Done in 0.14 min (cpu), 0.14 min (real)
Generate toy 210/250

 -- MarkovChainMC -- 
Limit: r < 1.88809 +/- 0.0123624 @ 95% credibility (15 tries)
Done in 0.14 min (cpu), 0.15 min (real)
Generate toy 211/250

 -- MarkovChainMC -- 
Limit: r < 3.04472 +/- 0.0201782 @ 95% credibility (15 tries)
Done in 0.15 min (cpu), 0.15 min (real)
Generate toy 212/250

 -- MarkovChainMC -- 
Limit: r < 2.93436 +/- 0.0194115 @ 95% credibility (15 tries)
Done in 0.12 min (cpu), 0.12 min (real)
Generate toy 213/250

 -- MarkovChainMC -- 
Limit: r < 1.83734 +/- 0.0266485 @ 95% credibility (15 tries)
Done in 0.12 min (cpu), 0.12 min (real)
Generate toy 214/250

 -- MarkovChainMC -- 
Limit: r < 2.78407 +/- 0.0309107 @ 95% credibility (15 tries)
Done in 0.10 min (cpu), 0.11 min (real)
Generate toy 215/250

 -- MarkovChainMC -- 
Limit: r < 1.77934 +/- 0.0175308 @ 95% credibility (15 tries)
Done in 0.11 min (cpu), 0.11 min (real)
Generate toy 216/250

 -- MarkovChainMC -- 
Limit: r < 2.09997 +/- 0.0274844 @ 95% credibility (15 tries)
Done in 0.10 min (cpu), 0.10 min (real)
Generate toy 217/250

 -- MarkovChainMC -- 
Limit: r < 2.6419 +/- 0.0274333 @ 95% credibility (15 tries)
Done in 0.12 min (cpu), 0.12 min (real)
Generate toy 218/250

 -- MarkovChainMC -- 
Limit: r < 1.60122 +/- 0.0166752 @ 95% credibility (15 tries)
Done in 0.10 min (cpu), 0.10 min (real)
Generate toy 219/250

 -- MarkovChainMC -- 
Limit: r < 2.34854 +/- 0.0319516 @ 95% credibility (15 tries)
Done in 0.14 min (cpu), 0.14 min (real)
Generate toy 220/250

 -- MarkovChainMC -- 
Limit: r < 1.77088 +/- 0.0174289 @ 95% credibility (15 tries)
Done in 0.14 min (cpu), 0.14 min (real)
Generate toy 221/250

 -- MarkovChainMC -- 
Limit: r < 2.06247 +/- 0.0214249 @ 95% credibility (15 tries)
Done in 0.15 min (cpu), 0.15 min (real)
Generate toy 222/250

 -- MarkovChainMC -- 
Limit: r < 1.69312 +/- 0.0225397 @ 95% credibility (15 tries)
Done in 0.12 min (cpu), 0.13 min (real)
Generate toy 223/250

 -- MarkovChainMC -- 
Limit: r < 1.57261 +/- 0.0166045 @ 95% credibility (15 tries)
Done in 0.13 min (cpu), 0.13 min (real)
Generate toy 224/250

 -- MarkovChainMC -- 
Limit: r < 1.75354 +/- 0.0166914 @ 95% credibility (15 tries)
Done in 0.14 min (cpu), 0.14 min (real)
Generate toy 225/250

 -- MarkovChainMC -- 
Limit: r < 1.83297 +/- 0.014009 @ 95% credibility (15 tries)
Done in 0.12 min (cpu), 0.12 min (real)
Generate toy 226/250

 -- MarkovChainMC -- 
Limit: r < 1.40472 +/- 0.024665 @ 95% credibility (15 tries)
Done in 0.13 min (cpu), 0.13 min (real)
Generate toy 227/250

 -- MarkovChainMC -- 
Limit: r < 2.84612 +/- 0.0357004 @ 95% credibility (15 tries)
Done in 0.12 min (cpu), 0.13 min (real)
Generate toy 228/250

 -- MarkovChainMC -- 
Limit: r < 1.88614 +/- 0.019637 @ 95% credibility (15 tries)
Done in 0.14 min (cpu), 0.14 min (real)
Generate toy 229/250

 -- MarkovChainMC -- 
Limit: r < 2.39011 +/- 0.0126044 @ 95% credibility (15 tries)
Done in 0.12 min (cpu), 0.13 min (real)
Generate toy 230/250

 -- MarkovChainMC -- 
Limit: r < 2.42938 +/- 0.0349614 @ 95% credibility (15 tries)
Done in 0.12 min (cpu), 0.12 min (real)
Generate toy 231/250

 -- MarkovChainMC -- 
Limit: r < 1.53246 +/- 0.0212515 @ 95% credibility (15 tries)
Done in 0.10 min (cpu), 0.10 min (real)
Generate toy 232/250

 -- MarkovChainMC -- 
Limit: r < 2.3995 +/- 0.0318424 @ 95% credibility (15 tries)
Done in 0.14 min (cpu), 0.14 min (real)
Generate toy 233/250

 -- MarkovChainMC -- 
Limit: r < 1.45666 +/- 0.0111409 @ 95% credibility (15 tries)
Done in 0.12 min (cpu), 0.12 min (real)
Generate toy 234/250

 -- MarkovChainMC -- 
Limit: r < 2.0048 +/- 0.0104479 @ 95% credibility (15 tries)
Done in 0.10 min (cpu), 0.10 min (real)
Generate toy 235/250

 -- MarkovChainMC -- 
Limit: r < 1.26084 +/- 0.0137554 @ 95% credibility (15 tries)
Done in 0.10 min (cpu), 0.10 min (real)
Generate toy 236/250

 -- MarkovChainMC -- 
Limit: r < 2.12858 +/- 0.0167476 @ 95% credibility (15 tries)
Done in 0.14 min (cpu), 0.14 min (real)
Generate toy 237/250

 -- MarkovChainMC -- 
Limit: r < 2.03223 +/- 0.0204798 @ 95% credibility (15 tries)
Done in 0.14 min (cpu), 0.14 min (real)
Generate toy 238/250

 -- MarkovChainMC -- 
Limit: r < 2.88438 +/- 0.0300867 @ 95% credibility (15 tries)
Done in 0.14 min (cpu), 0.14 min (real)
Generate toy 239/250

 -- MarkovChainMC -- 
Limit: r < 2.94794 +/- 0.0222317 @ 95% credibility (15 tries)
Done in 0.13 min (cpu), 0.14 min (real)
Generate toy 240/250

 -- MarkovChainMC -- 
Limit: r < 2.13279 +/- 0.013525 @ 95% credibility (15 tries)
Done in 0.14 min (cpu), 0.14 min (real)
Generate toy 241/250

 -- MarkovChainMC -- 
Limit: r < 2.09814 +/- 0.0185628 @ 95% credibility (15 tries)
Done in 0.12 min (cpu), 0.12 min (real)
Generate toy 242/250

 -- MarkovChainMC -- 
Limit: r < 1.64662 +/- 0.025447 @ 95% credibility (15 tries)
Done in 0.11 min (cpu), 0.11 min (real)
Generate toy 243/250

 -- MarkovChainMC -- 
Limit: r < 2.06145 +/- 0.0363172 @ 95% credibility (15 tries)
Done in 0.15 min (cpu), 0.15 min (real)
Generate toy 244/250

 -- MarkovChainMC -- 
Limit: r < 1.98651 +/- 0.0204436 @ 95% credibility (15 tries)
Done in 0.15 min (cpu), 0.15 min (real)
Generate toy 245/250

 -- MarkovChainMC -- 
Limit: r < 1.73716 +/- 0.0215082 @ 95% credibility (15 tries)
Done in 0.10 min (cpu), 0.10 min (real)
Generate toy 246/250

 -- MarkovChainMC -- 
Limit: r < 1.465 +/- 0.010958 @ 95% credibility (15 tries)
Done in 0.13 min (cpu), 0.13 min (real)
Generate toy 247/250

 -- MarkovChainMC -- 
Limit: r < 1.46856 +/- 0.0192666 @ 95% credibility (15 tries)
Done in 0.09 min (cpu), 0.09 min (real)
Generate toy 248/250

 -- MarkovChainMC -- 
Limit: r < 1.94226 +/- 0.0229802 @ 95% credibility (15 tries)
Done in 0.13 min (cpu), 0.13 min (real)
Generate toy 249/250

 -- MarkovChainMC -- 
Limit: r < 1.03822 +/- 0.0112102 @ 95% credibility (15 tries)
Done in 0.13 min (cpu), 0.13 min (real)
Generate toy 250/250

 -- MarkovChainMC -- 
Limit: r < 1.14488 +/- 0.0164241 @ 95% credibility (15 tries)
Done in 0.12 min (cpu), 0.12 min (real)
mean   expected limit: r < 1.96136 +/- 0.0377723 @ 95%CL (250 toyMC)
median expected limit: r < 1.86378 @ 95%CL (250 toyMC)
   68% expected band : 1.35579 < r < 2.62257
   95% expected band : 1.09322 < r < 3.37553
