 <<< Combine >>> 
 <<< v10.0.2 >>>
>>> Used OpenSSL to get a truly random seed -59503805
>>> Method used is MarkovChainMC
============================================================
Analyzing bin errors for: prop_binmuon_channel
Poisson cut-off: 10
Processes excluded for sums: Wprime400_kR2
============================================================
Bin        Contents        Error           Notes                         
0          4247.870719     16.603244       total sum                     
0          4245.728997     16.603213       excluding marked processes    
0          65391.000000    255.716640      Unweighted events, alpha=0.064961
  => Total parameter prop_binmuon_channel_bin0[0.00,-7.00,7.00] to be Gaussian constrained
------------------------------------------------------------
1          1621.292962     7.828059        total sum                     
1          1621.101079     7.828053        excluding marked processes    
1          42886.000000    207.089353      Unweighted events, alpha=0.037805
  => Total parameter prop_binmuon_channel_bin1[0.00,-7.00,7.00] to be Gaussian constrained
------------------------------------------------------------
2          721.449164      4.795517        total sum                     
2          721.396648      4.795515        excluding marked processes    
2          22630.000000    150.432709      Unweighted events, alpha=0.031880
  => Total parameter prop_binmuon_channel_bin2[0.00,-7.00,7.00] to be Gaussian constrained
------------------------------------------------------------
3          359.306912      3.009356        total sum                     
3          359.285774      3.009355        excluding marked processes    
3          14254.000000    119.390117      Unweighted events, alpha=0.025207
  => Total parameter prop_binmuon_channel_bin3[0.00,-7.00,7.00] to be Gaussian constrained
------------------------------------------------------------
4          191.198469      3.360877        total sum                     
4          191.190097      3.360877        excluding marked processes    
4          3236.000000     56.885851       Unweighted events, alpha=0.059085
  => Total parameter prop_binmuon_channel_bin4[0.00,-7.00,7.00] to be Gaussian constrained
------------------------------------------------------------
5          112.222934      1.192111        total sum                     
5          112.217111      1.192110        excluding marked processes    
5          8861.000000     94.132885       Unweighted events, alpha=0.012665
  => Total parameter prop_binmuon_channel_bin5[0.00,-7.00,7.00] to be Gaussian constrained
------------------------------------------------------------
6          107.133055      1.524074        total sum                     
6          107.129583      1.524073        excluding marked processes    
6          4941.000000     70.292247       Unweighted events, alpha=0.021682
  => Total parameter prop_binmuon_channel_bin6[0.00,-7.00,7.00] to be Gaussian constrained
------------------------------------------------------------
7          41.107473       0.657923        total sum                     
7          41.104515       0.657922        excluding marked processes    
7          3903.000000     62.473995       Unweighted events, alpha=0.010532
  => Total parameter prop_binmuon_channel_bin7[0.00,-7.00,7.00] to be Gaussian constrained
------------------------------------------------------------
8          23.449391       0.587056        total sum                     
8          23.449391       0.587056        excluding marked processes    
8          1596.000000     39.949969       Unweighted events, alpha=0.014693
  => Total parameter prop_binmuon_channel_bin8[0.00,-7.00,7.00] to be Gaussian constrained
------------------------------------------------------------
9          8.355840        0.394559        total sum                     
9          8.355840        0.394559        excluding marked processes    
9          448.000000      21.166010       Unweighted events, alpha=0.018651
  => Total parameter prop_binmuon_channel_bin9[0.00,-7.00,7.00] to be Gaussian constrained
------------------------------------------------------------
10         3.506378        0.251887        total sum                     
10         3.506378        0.251887        excluding marked processes    
10         194.000000      13.928388       Unweighted events, alpha=0.018074
  => Total parameter prop_binmuon_channel_bin10[0.00,-7.00,7.00] to be Gaussian constrained
------------------------------------------------------------
11         1.363219        0.180174        total sum                     
11         1.363219        0.180174        excluding marked processes    
11         57.000000       7.549834        Unweighted events, alpha=0.023916
  => Total parameter prop_binmuon_channel_bin11[0.00,-7.00,7.00] to be Gaussian constrained
------------------------------------------------------------
12         0.530791        0.289065        total sum                     
12         0.530791        0.289065        excluding marked processes    
12         3.000000        1.732051        Unweighted events, alpha=0.176930
  => Number of weighted events is below Poisson threshold
    Wprime400_kR2        0.000000        0.000000                                      
      => Error is zero, ignore      
  ----------------------------------------------------------
    W_boson              0.216692        0.001181                                      
                         33653.000000    183.447540      Unweighted events, alpha=0.000006
      => Parameter prop_binmuon_channel_bin12_W_boson[0.00,-7.00,7.00] to be Gaussian constrained
  ----------------------------------------------------------
    Top                  0.000000        0.000000                                      
      => Error is zero, ignore      
  ----------------------------------------------------------
    Z_boson              0.004094        0.000500                                      
                         67.000000       8.185353        Unweighted events, alpha=0.000061
      => Parameter prop_binmuon_channel_bin12_Z_boson[0.00,-7.00,7.00] to be Gaussian constrained
  ----------------------------------------------------------
    DiBoson              0.288910        0.288561                                      
                         1.000000        1.000000        Unweighted events, alpha=0.288910
      => Product of prop_binmuon_channel_bin12_DiBoson[1.00,0.00,30.85] and const [1.0000] to be Poisson constrained
  ----------------------------------------------------------
    QCD                  0.021095        0.017013                                      
                         2.000000        1.414214        Unweighted events, alpha=0.010547
      => Product of prop_binmuon_channel_bin12_QCD[2.00,0.00,33.79] and const [0.5000] to be Poisson constrained
  ----------------------------------------------------------
------------------------------------------------------------
13         0.067145        0.000584        total sum                     
13         0.067145        0.000584        excluding marked processes    
13         13239.000000    115.060853      Unweighted events, alpha=0.000005
  => Total parameter prop_binmuon_channel_bin13[0.00,-7.00,7.00] to be Gaussian constrained
------------------------------------------------------------
14         0.003967        0.000043        total sum                     
14         0.003967        0.000043        excluding marked processes    
14         8482.000000     92.097774       Unweighted events, alpha=0.000000
  => Total parameter prop_binmuon_channel_bin14[0.00,-7.00,7.00] to be Gaussian constrained
------------------------------------------------------------
15         0.005625        0.003835        total sum                     
15         0.005625        0.003835        excluding marked processes    
15         2.000000        1.414214        Unweighted events, alpha=0.002813
  => Number of weighted events is below Poisson threshold
    Wprime400_kR2        0.000000        0.000000                                      
      => Error is zero, ignore      
  ----------------------------------------------------------
    W_boson              0.000849        0.000021                                      
                         1670.000000     40.865633       Unweighted events, alpha=0.000001
      => Parameter prop_binmuon_channel_bin15_W_boson[0.00,-7.00,7.00] to be Gaussian constrained
  ----------------------------------------------------------
    Top                  0.000000        0.000000                                      
      => Error is zero, ignore      
  ----------------------------------------------------------
    Z_boson              0.000011        0.000003                                      
                         16.000000       4.000000        Unweighted events, alpha=0.000001
      => Parameter prop_binmuon_channel_bin15_Z_boson[0.00,-7.00,7.00] to be Gaussian constrained
  ----------------------------------------------------------
    DiBoson              0.000000        0.000000                                      
      => Error is zero, ignore      
  ----------------------------------------------------------
    QCD                  0.004765        0.003834                                      
                         2.000000        1.414214        Unweighted events, alpha=0.002383
      => Product of prop_binmuon_channel_bin15_QCD[2.00,0.00,33.79] and const [0.5000] to be Poisson constrained
  ----------------------------------------------------------
------------------------------------------------------------
Channel muon_channel will use autoMCStats with settings: event-threshold=10, include-signal=0, hist-mode=1
Generate toy 1/250

 -- MarkovChainMC -- 
Limit: r < 91.8107 +/- 2.48078 @ 95% credibility (15 tries)
Done in 0.18 min (cpu), 0.18 min (real)
Generate toy 2/250

 -- MarkovChainMC -- 
Limit: r < 172.303 +/- 3.57349 @ 95% credibility (15 tries)
Done in 0.17 min (cpu), 0.17 min (real)
Generate toy 3/250

 -- MarkovChainMC -- 
Limit: r < 88.0667 +/- 1.97507 @ 95% credibility (15 tries)
Done in 0.17 min (cpu), 0.17 min (real)
Generate toy 4/250

 -- MarkovChainMC -- 
Limit: r < 60.9572 +/- 2.31368 @ 95% credibility (15 tries)
Done in 0.18 min (cpu), 0.18 min (real)
Generate toy 5/250

 -- MarkovChainMC -- 
Limit: r < 149.57 +/- 5.85426 @ 95% credibility (15 tries)
Done in 0.15 min (cpu), 0.15 min (real)
Generate toy 6/250

 -- MarkovChainMC -- 
Limit: r < 84.9654 +/- 3.87331 @ 95% credibility (15 tries)
Done in 0.16 min (cpu), 0.16 min (real)
Generate toy 7/250

 -- MarkovChainMC -- 
Limit: r < 126.847 +/- 3.0093 @ 95% credibility (15 tries)
Done in 0.13 min (cpu), 0.13 min (real)
Generate toy 8/250

 -- MarkovChainMC -- 
Limit: r < 68.2372 +/- 3.22027 @ 95% credibility (15 tries)
Done in 0.13 min (cpu), 0.13 min (real)
Generate toy 9/250

 -- MarkovChainMC -- 
Limit: r < 65.2265 +/- 2.28429 @ 95% credibility (15 tries)
Done in 0.14 min (cpu), 0.14 min (real)
Generate toy 10/250

 -- MarkovChainMC -- 
Limit: r < 93.6764 +/- 3.73948 @ 95% credibility (15 tries)
Done in 0.15 min (cpu), 0.15 min (real)
Generate toy 11/250

 -- MarkovChainMC -- 
Limit: r < 93.7435 +/- 2.75815 @ 95% credibility (15 tries)
Done in 0.14 min (cpu), 0.14 min (real)
Generate toy 12/250

 -- MarkovChainMC -- 
Limit: r < 189.724 +/- 3.83319 @ 95% credibility (15 tries)
Done in 0.13 min (cpu), 0.13 min (real)
Generate toy 13/250

 -- MarkovChainMC -- 
Limit: r < 84.6938 +/- 2.61285 @ 95% credibility (15 tries)
Done in 0.13 min (cpu), 0.13 min (real)
Generate toy 14/250

 -- MarkovChainMC -- 
Limit: r < 171.691 +/- 4.99052 @ 95% credibility (15 tries)
Done in 0.15 min (cpu), 0.15 min (real)
Generate toy 15/250

 -- MarkovChainMC -- 
Limit: r < 118.98 +/- 1.78478 @ 95% credibility (15 tries)
Done in 0.13 min (cpu), 0.14 min (real)
Generate toy 16/250

 -- MarkovChainMC -- 
Limit: r < 82.5905 +/- 4.03301 @ 95% credibility (15 tries)
Done in 0.12 min (cpu), 0.12 min (real)
Generate toy 17/250

 -- MarkovChainMC -- 
Limit: r < 109.823 +/- 4.67196 @ 95% credibility (15 tries)
Done in 0.17 min (cpu), 0.17 min (real)
Generate toy 18/250

 -- MarkovChainMC -- 
Limit: r < 97.3224 +/- 4.11212 @ 95% credibility (15 tries)
Done in 0.15 min (cpu), 0.15 min (real)
Generate toy 19/250

 -- MarkovChainMC -- 
Limit: r < 96.5303 +/- 3.90956 @ 95% credibility (15 tries)
Done in 0.16 min (cpu), 0.16 min (real)
Generate toy 20/250

 -- MarkovChainMC -- 
Limit: r < 122.208 +/- 2.54847 @ 95% credibility (15 tries)
Done in 0.13 min (cpu), 0.14 min (real)
Generate toy 21/250

 -- MarkovChainMC -- 
Limit: r < 74.0343 +/- 1.90387 @ 95% credibility (15 tries)
Done in 0.13 min (cpu), 0.13 min (real)
Generate toy 22/250

 -- MarkovChainMC -- 
Limit: r < 121.067 +/- 6.89466 @ 95% credibility (15 tries)
Done in 0.12 min (cpu), 0.13 min (real)
Generate toy 23/250

 -- MarkovChainMC -- 
Limit: r < 177.46 +/- 2.88985 @ 95% credibility (15 tries)
Done in 0.17 min (cpu), 0.17 min (real)
Generate toy 24/250

 -- MarkovChainMC -- 
Limit: r < 102.308 +/- 4.25405 @ 95% credibility (15 tries)
Done in 0.18 min (cpu), 0.18 min (real)
Generate toy 25/250

 -- MarkovChainMC -- 
Limit: r < 105.641 +/- 2.62518 @ 95% credibility (15 tries)
Done in 0.16 min (cpu), 0.16 min (real)
Generate toy 26/250

 -- MarkovChainMC -- 
Limit: r < 157.032 +/- 3.78769 @ 95% credibility (15 tries)
Done in 0.14 min (cpu), 0.14 min (real)
Generate toy 27/250

 -- MarkovChainMC -- 
Limit: r < 93.4082 +/- 4.94925 @ 95% credibility (15 tries)
Done in 0.13 min (cpu), 0.13 min (real)
Generate toy 28/250

 -- MarkovChainMC -- 
Limit: r < 116.867 +/- 3.30235 @ 95% credibility (15 tries)
Done in 0.14 min (cpu), 0.14 min (real)
Generate toy 29/250

 -- MarkovChainMC -- 
Limit: r < 91.6286 +/- 4.28904 @ 95% credibility (15 tries)
Done in 0.13 min (cpu), 0.13 min (real)
Generate toy 30/250

 -- MarkovChainMC -- 
Limit: r < 164.766 +/- 3.85495 @ 95% credibility (15 tries)
Done in 0.14 min (cpu), 0.14 min (real)
Generate toy 31/250

 -- MarkovChainMC -- 
Limit: r < 96.6019 +/- 4.77196 @ 95% credibility (15 tries)
Done in 0.14 min (cpu), 0.15 min (real)
Generate toy 32/250

 -- MarkovChainMC -- 
Limit: r < 96.593 +/- 2.41233 @ 95% credibility (15 tries)
Done in 0.14 min (cpu), 0.14 min (real)
Generate toy 33/250

 -- MarkovChainMC -- 
Limit: r < 164.576 +/- 3.90724 @ 95% credibility (15 tries)
Done in 0.13 min (cpu), 0.14 min (real)
Generate toy 34/250

 -- MarkovChainMC -- 
Limit: r < 86.15 +/- 1.79124 @ 95% credibility (15 tries)
Done in 0.13 min (cpu), 0.13 min (real)
Generate toy 35/250

 -- MarkovChainMC -- 
Limit: r < 88.3709 +/- 2.91154 @ 95% credibility (15 tries)
Done in 0.14 min (cpu), 0.14 min (real)
Generate toy 36/250

 -- MarkovChainMC -- 
Limit: r < 128.808 +/- 5.75605 @ 95% credibility (15 tries)
Done in 0.14 min (cpu), 0.14 min (real)
Generate toy 37/250

 -- MarkovChainMC -- 
Limit: r < 188.602 +/- 4.95726 @ 95% credibility (15 tries)
Done in 0.14 min (cpu), 0.14 min (real)
Generate toy 38/250

 -- MarkovChainMC -- 
Limit: r < 96.3105 +/- 3.50877 @ 95% credibility (15 tries)
Done in 0.12 min (cpu), 0.12 min (real)
Generate toy 39/250

 -- MarkovChainMC -- 
Limit: r < 105.78 +/- 5.0061 @ 95% credibility (15 tries)
Done in 0.14 min (cpu), 0.14 min (real)
Generate toy 40/250

 -- MarkovChainMC -- 
Limit: r < 117.849 +/- 3.47934 @ 95% credibility (15 tries)
Done in 0.13 min (cpu), 0.13 min (real)
Generate toy 41/250

 -- MarkovChainMC -- 
Limit: r < 76.6495 +/- 2.31567 @ 95% credibility (15 tries)
Done in 0.14 min (cpu), 0.14 min (real)
Generate toy 42/250

 -- MarkovChainMC -- 
Limit: r < 117.979 +/- 2.9842 @ 95% credibility (15 tries)
Done in 0.12 min (cpu), 0.12 min (real)
Generate toy 43/250

 -- MarkovChainMC -- 
Limit: r < 69.7422 +/- 2.10362 @ 95% credibility (15 tries)
Done in 0.15 min (cpu), 0.15 min (real)
Generate toy 44/250

 -- MarkovChainMC -- 
Limit: r < 122.164 +/- 2.33908 @ 95% credibility (15 tries)
Done in 0.13 min (cpu), 0.13 min (real)
Generate toy 45/250

 -- MarkovChainMC -- 
Limit: r < 117.475 +/- 2.98587 @ 95% credibility (15 tries)
Done in 0.15 min (cpu), 0.15 min (real)
Generate toy 46/250

 -- MarkovChainMC -- 
Limit: r < 167.696 +/- 4.78263 @ 95% credibility (15 tries)
Done in 0.13 min (cpu), 0.13 min (real)
Generate toy 47/250

 -- MarkovChainMC -- 
Limit: r < 98.1655 +/- 4.39955 @ 95% credibility (15 tries)
Done in 0.13 min (cpu), 0.13 min (real)
Generate toy 48/250

 -- MarkovChainMC -- 
Limit: r < 157.003 +/- 2.97724 @ 95% credibility (15 tries)
Done in 0.13 min (cpu), 0.13 min (real)
Generate toy 49/250

 -- MarkovChainMC -- 
Limit: r < 104.882 +/- 3.28739 @ 95% credibility (15 tries)
Done in 0.12 min (cpu), 0.13 min (real)
Generate toy 50/250

 -- MarkovChainMC -- 
Limit: r < 115.743 +/- 2.36606 @ 95% credibility (15 tries)
Done in 0.12 min (cpu), 0.12 min (real)
Generate toy 51/250

 -- MarkovChainMC -- 
Limit: r < 101.215 +/- 5.72043 @ 95% credibility (15 tries)
Done in 0.14 min (cpu), 0.14 min (real)
Generate toy 52/250

 -- MarkovChainMC -- 
Limit: r < 174.417 +/- 6.51131 @ 95% credibility (15 tries)
Done in 0.12 min (cpu), 0.12 min (real)
Generate toy 53/250

 -- MarkovChainMC -- 
Limit: r < 93.5425 +/- 4.90772 @ 95% credibility (15 tries)
Done in 0.13 min (cpu), 0.13 min (real)
Generate toy 54/250

 -- MarkovChainMC -- 
Limit: r < 74.9921 +/- 1.91478 @ 95% credibility (15 tries)
Done in 0.13 min (cpu), 0.13 min (real)
Generate toy 55/250

 -- MarkovChainMC -- 
Limit: r < 79.8697 +/- 2.83865 @ 95% credibility (15 tries)
Done in 0.13 min (cpu), 0.13 min (real)
Generate toy 56/250

 -- MarkovChainMC -- 
Limit: r < 65.261 +/- 3.79184 @ 95% credibility (15 tries)
Done in 0.13 min (cpu), 0.13 min (real)
Generate toy 57/250

 -- MarkovChainMC -- 
Limit: r < 139.247 +/- 2.74874 @ 95% credibility (15 tries)
Done in 0.13 min (cpu), 0.13 min (real)
Generate toy 58/250

 -- MarkovChainMC -- 
Limit: r < 71.2714 +/- 1.76969 @ 95% credibility (15 tries)
Done in 0.13 min (cpu), 0.13 min (real)
Generate toy 59/250

 -- MarkovChainMC -- 
Limit: r < 188.209 +/- 4.31243 @ 95% credibility (15 tries)
Done in 0.13 min (cpu), 0.13 min (real)
Generate toy 60/250

 -- MarkovChainMC -- 
Limit: r < 111.483 +/- 3.62447 @ 95% credibility (15 tries)
Done in 0.14 min (cpu), 0.14 min (real)
Generate toy 61/250

 -- MarkovChainMC -- 
Limit: r < 114.983 +/- 4.73941 @ 95% credibility (15 tries)
Done in 0.12 min (cpu), 0.13 min (real)
Generate toy 62/250

 -- MarkovChainMC -- 
Limit: r < 76.4323 +/- 2.58727 @ 95% credibility (15 tries)
Done in 0.13 min (cpu), 0.13 min (real)
Generate toy 63/250

 -- MarkovChainMC -- 
Limit: r < 189.153 +/- 1.75849 @ 95% credibility (15 tries)
Done in 0.14 min (cpu), 0.14 min (real)
Generate toy 64/250

 -- MarkovChainMC -- 
Limit: r < 137.268 +/- 6.11513 @ 95% credibility (15 tries)
Done in 0.13 min (cpu), 0.13 min (real)
Generate toy 65/250

 -- MarkovChainMC -- 
Limit: r < 161.872 +/- 5.16747 @ 95% credibility (15 tries)
Done in 0.14 min (cpu), 0.14 min (real)
Generate toy 66/250

 -- MarkovChainMC -- 
Limit: r < 158.632 +/- 2.86089 @ 95% credibility (15 tries)
Done in 0.18 min (cpu), 0.18 min (real)
Generate toy 67/250

 -- MarkovChainMC -- 
Limit: r < 107.25 +/- 3.28446 @ 95% credibility (15 tries)
Done in 0.17 min (cpu), 0.17 min (real)
Generate toy 68/250

 -- MarkovChainMC -- 
Limit: r < 99.0752 +/- 3.71844 @ 95% credibility (15 tries)
Done in 0.17 min (cpu), 0.17 min (real)
Generate toy 69/250

 -- MarkovChainMC -- 
Limit: r < 156.817 +/- 6.99298 @ 95% credibility (15 tries)
Done in 0.18 min (cpu), 0.18 min (real)
Generate toy 70/250

 -- MarkovChainMC -- 
Limit: r < 105.189 +/- 2.97901 @ 95% credibility (15 tries)
Done in 0.17 min (cpu), 0.18 min (real)
Generate toy 71/250

 -- MarkovChainMC -- 
Limit: r < 148.856 +/- 4.88229 @ 95% credibility (15 tries)
Done in 0.18 min (cpu), 0.18 min (real)
Generate toy 72/250

 -- MarkovChainMC -- 
Limit: r < 94.2305 +/- 2.11718 @ 95% credibility (15 tries)
Done in 0.18 min (cpu), 0.18 min (real)
Generate toy 73/250

 -- MarkovChainMC -- 
Limit: r < 130.019 +/- 4.8541 @ 95% credibility (15 tries)
Done in 0.18 min (cpu), 0.18 min (real)
Generate toy 74/250

 -- MarkovChainMC -- 
Limit: r < 131.839 +/- 2.8147 @ 95% credibility (15 tries)
Done in 0.18 min (cpu), 0.18 min (real)
Generate toy 75/250

 -- MarkovChainMC -- 
Limit: r < 121.483 +/- 3.55837 @ 95% credibility (15 tries)
Done in 0.14 min (cpu), 0.14 min (real)
Generate toy 76/250

 -- MarkovChainMC -- 
Limit: r < 204.89 +/- 7.12811 @ 95% credibility (15 tries)
Done in 0.14 min (cpu), 0.14 min (real)
Generate toy 77/250

 -- MarkovChainMC -- 
Limit: r < 86.1075 +/- 2.71506 @ 95% credibility (15 tries)
Done in 0.13 min (cpu), 0.13 min (real)
Generate toy 78/250

 -- MarkovChainMC -- 
Limit: r < 80.3354 +/- 4.14084 @ 95% credibility (15 tries)
Done in 0.13 min (cpu), 0.13 min (real)
Generate toy 79/250

 -- MarkovChainMC -- 
Limit: r < 89.7009 +/- 3.34017 @ 95% credibility (15 tries)
Done in 0.13 min (cpu), 0.13 min (real)
Generate toy 80/250

 -- MarkovChainMC -- 
Limit: r < 166.591 +/- 3.24908 @ 95% credibility (15 tries)
Done in 0.13 min (cpu), 0.13 min (real)
Generate toy 81/250

 -- MarkovChainMC -- 
Limit: r < 109.955 +/- 2.32414 @ 95% credibility (15 tries)
Done in 0.14 min (cpu), 0.14 min (real)
Generate toy 82/250

 -- MarkovChainMC -- 
Limit: r < 60.2018 +/- 2.64273 @ 95% credibility (15 tries)
Done in 0.15 min (cpu), 0.15 min (real)
Generate toy 83/250

 -- MarkovChainMC -- 
Limit: r < 157.643 +/- 3.93705 @ 95% credibility (15 tries)
Done in 0.15 min (cpu), 0.15 min (real)
Generate toy 84/250

 -- MarkovChainMC -- 
Limit: r < 95.7124 +/- 4.36935 @ 95% credibility (15 tries)
Done in 0.16 min (cpu), 0.16 min (real)
Generate toy 85/250

 -- MarkovChainMC -- 
Limit: r < 158.653 +/- 6.0475 @ 95% credibility (15 tries)
Done in 0.14 min (cpu), 0.14 min (real)
Generate toy 86/250

 -- MarkovChainMC -- 
Limit: r < 131.387 +/- 2.45598 @ 95% credibility (15 tries)
Done in 0.12 min (cpu), 0.13 min (real)
Generate toy 87/250

 -- MarkovChainMC -- 
Limit: r < 94.5091 +/- 5.4474 @ 95% credibility (15 tries)
Done in 0.14 min (cpu), 0.14 min (real)
Generate toy 88/250

 -- MarkovChainMC -- 
Limit: r < 127.747 +/- 6.21839 @ 95% credibility (15 tries)
Done in 0.13 min (cpu), 0.13 min (real)
Generate toy 89/250

 -- MarkovChainMC -- 
Limit: r < 115.306 +/- 6.20732 @ 95% credibility (15 tries)
Done in 0.14 min (cpu), 0.15 min (real)
Generate toy 90/250

 -- MarkovChainMC -- 
Limit: r < 76.7691 +/- 3.01636 @ 95% credibility (15 tries)
Done in 0.14 min (cpu), 0.14 min (real)
Generate toy 91/250

 -- MarkovChainMC -- 
Limit: r < 126.404 +/- 2.94353 @ 95% credibility (15 tries)
Done in 0.13 min (cpu), 0.13 min (real)
Generate toy 92/250

 -- MarkovChainMC -- 
Limit: r < 100.369 +/- 5.37171 @ 95% credibility (15 tries)
Done in 0.13 min (cpu), 0.14 min (real)
Generate toy 93/250

 -- MarkovChainMC -- 
Limit: r < 191.895 +/- 3.90899 @ 95% credibility (15 tries)
Done in 0.15 min (cpu), 0.15 min (real)
Generate toy 94/250

 -- MarkovChainMC -- 
Limit: r < 88.6945 +/- 4.38962 @ 95% credibility (15 tries)
Done in 0.12 min (cpu), 0.12 min (real)
Generate toy 95/250

 -- MarkovChainMC -- 
Limit: r < 78.6161 +/- 3.43105 @ 95% credibility (15 tries)
Done in 0.15 min (cpu), 0.15 min (real)
Generate toy 96/250

 -- MarkovChainMC -- 
Limit: r < 158.01 +/- 4.48426 @ 95% credibility (15 tries)
Done in 0.14 min (cpu), 0.14 min (real)
Generate toy 97/250

 -- MarkovChainMC -- 
Limit: r < 80.2852 +/- 3.42707 @ 95% credibility (15 tries)
Done in 0.13 min (cpu), 0.13 min (real)
Generate toy 98/250

 -- MarkovChainMC -- 
Limit: r < 137.151 +/- 1.77854 @ 95% credibility (15 tries)
Done in 0.14 min (cpu), 0.14 min (real)
Generate toy 99/250

 -- MarkovChainMC -- 
Limit: r < 155.859 +/- 1.67894 @ 95% credibility (15 tries)
Done in 0.14 min (cpu), 0.14 min (real)
Generate toy 100/250

 -- MarkovChainMC -- 
Limit: r < 104.34 +/- 3.42216 @ 95% credibility (15 tries)
Done in 0.15 min (cpu), 0.15 min (real)
Generate toy 101/250

 -- MarkovChainMC -- 
Limit: r < 144.417 +/- 6.61982 @ 95% credibility (15 tries)
Done in 0.18 min (cpu), 0.18 min (real)
Generate toy 102/250

 -- MarkovChainMC -- 
Limit: r < 55.7624 +/- 3.02517 @ 95% credibility (15 tries)
Done in 0.13 min (cpu), 0.13 min (real)
Generate toy 103/250

 -- MarkovChainMC -- 
Limit: r < 149.557 +/- 2.54749 @ 95% credibility (15 tries)
Done in 0.13 min (cpu), 0.13 min (real)
Generate toy 104/250

 -- MarkovChainMC -- 
Limit: r < 151.538 +/- 3.26548 @ 95% credibility (15 tries)
Done in 0.13 min (cpu), 0.13 min (real)
Generate toy 105/250

 -- MarkovChainMC -- 
Limit: r < 114.534 +/- 7.78208 @ 95% credibility (15 tries)
Done in 0.12 min (cpu), 0.12 min (real)
Generate toy 106/250

 -- MarkovChainMC -- 
Limit: r < 84.5407 +/- 2.48784 @ 95% credibility (15 tries)
Done in 0.13 min (cpu), 0.13 min (real)
Generate toy 107/250

 -- MarkovChainMC -- 
Limit: r < 135.049 +/- 5.578 @ 95% credibility (15 tries)
Done in 0.14 min (cpu), 0.14 min (real)
Generate toy 108/250

 -- MarkovChainMC -- 
Limit: r < 148.165 +/- 3.70801 @ 95% credibility (15 tries)
Done in 0.16 min (cpu), 0.16 min (real)
Generate toy 109/250

 -- MarkovChainMC -- 
Limit: r < 75.2372 +/- 2.34943 @ 95% credibility (15 tries)
Done in 0.13 min (cpu), 0.13 min (real)
Generate toy 110/250

 -- MarkovChainMC -- 
Limit: r < 144.638 +/- 5.36178 @ 95% credibility (15 tries)
Done in 0.14 min (cpu), 0.14 min (real)
Generate toy 111/250

 -- MarkovChainMC -- 
Limit: r < 165.855 +/- 2.16283 @ 95% credibility (15 tries)
Done in 0.13 min (cpu), 0.13 min (real)
Generate toy 112/250

 -- MarkovChainMC -- 
Limit: r < 138.872 +/- 4.54798 @ 95% credibility (15 tries)
Done in 0.14 min (cpu), 0.14 min (real)
Generate toy 113/250

 -- MarkovChainMC -- 
Limit: r < 97.912 +/- 4.93211 @ 95% credibility (15 tries)
Done in 0.15 min (cpu), 0.15 min (real)
Generate toy 114/250

 -- MarkovChainMC -- 
Limit: r < 122.851 +/- 5.35697 @ 95% credibility (15 tries)
Done in 0.14 min (cpu), 0.14 min (real)
Generate toy 115/250

 -- MarkovChainMC -- 
Limit: r < 165.879 +/- 7.91084 @ 95% credibility (15 tries)
Done in 0.14 min (cpu), 0.14 min (real)
Generate toy 116/250

 -- MarkovChainMC -- 
Limit: r < 153.389 +/- 4.0425 @ 95% credibility (15 tries)
Done in 0.13 min (cpu), 0.14 min (real)
Generate toy 117/250

 -- MarkovChainMC -- 
Limit: r < 114.174 +/- 4.1548 @ 95% credibility (15 tries)
Done in 0.14 min (cpu), 0.14 min (real)
Generate toy 118/250

 -- MarkovChainMC -- 
Limit: r < 121.618 +/- 3.2713 @ 95% credibility (15 tries)
Done in 0.14 min (cpu), 0.14 min (real)
Generate toy 119/250

 -- MarkovChainMC -- 
Limit: r < 214.58 +/- 4.58661 @ 95% credibility (15 tries)
Done in 0.14 min (cpu), 0.14 min (real)
Generate toy 120/250

 -- MarkovChainMC -- 
Limit: r < 134.968 +/- 3.69008 @ 95% credibility (15 tries)
Done in 0.14 min (cpu), 0.14 min (real)
Generate toy 121/250

 -- MarkovChainMC -- 
Limit: r < 73.7494 +/- 3.25659 @ 95% credibility (15 tries)
Done in 0.13 min (cpu), 0.13 min (real)
Generate toy 122/250

 -- MarkovChainMC -- 
Limit: r < 147.962 +/- 6.15893 @ 95% credibility (15 tries)
Done in 0.16 min (cpu), 0.16 min (real)
Generate toy 123/250

 -- MarkovChainMC -- 
Limit: r < 130.748 +/- 3.52046 @ 95% credibility (15 tries)
Done in 0.14 min (cpu), 0.14 min (real)
Generate toy 124/250

 -- MarkovChainMC -- 
Limit: r < 130.312 +/- 2.46956 @ 95% credibility (15 tries)
Done in 0.14 min (cpu), 0.14 min (real)
Generate toy 125/250

 -- MarkovChainMC -- 
Limit: r < 123.534 +/- 4.44946 @ 95% credibility (15 tries)
Done in 0.13 min (cpu), 0.13 min (real)
Generate toy 126/250

 -- MarkovChainMC -- 
Limit: r < 83.7361 +/- 3.9249 @ 95% credibility (15 tries)
Done in 0.13 min (cpu), 0.14 min (real)
Generate toy 127/250

 -- MarkovChainMC -- 
Limit: r < 202.122 +/- 2.8387 @ 95% credibility (15 tries)
Done in 0.13 min (cpu), 0.14 min (real)
Generate toy 128/250

 -- MarkovChainMC -- 
Limit: r < 165.523 +/- 7.01626 @ 95% credibility (15 tries)
Done in 0.13 min (cpu), 0.13 min (real)
Generate toy 129/250

 -- MarkovChainMC -- 
Limit: r < 87.8579 +/- 3.12184 @ 95% credibility (15 tries)
Done in 0.13 min (cpu), 0.13 min (real)
Generate toy 130/250

 -- MarkovChainMC -- 
Limit: r < 123.806 +/- 4.02076 @ 95% credibility (15 tries)
Done in 0.12 min (cpu), 0.12 min (real)
Generate toy 131/250

 -- MarkovChainMC -- 
Limit: r < 142.507 +/- 4.84484 @ 95% credibility (15 tries)
Done in 0.14 min (cpu), 0.14 min (real)
Generate toy 132/250

 -- MarkovChainMC -- 
Limit: r < 98.6534 +/- 3.36124 @ 95% credibility (15 tries)
Done in 0.14 min (cpu), 0.14 min (real)
Generate toy 133/250

 -- MarkovChainMC -- 
Limit: r < 118.91 +/- 3.27876 @ 95% credibility (15 tries)
Done in 0.14 min (cpu), 0.14 min (real)
Generate toy 134/250

 -- MarkovChainMC -- 
Limit: r < 68.8033 +/- 2.71529 @ 95% credibility (15 tries)
Done in 0.13 min (cpu), 0.13 min (real)
Generate toy 135/250

 -- MarkovChainMC -- 
Limit: r < 85.3624 +/- 3.9656 @ 95% credibility (15 tries)
Done in 0.15 min (cpu), 0.15 min (real)
Generate toy 136/250

 -- MarkovChainMC -- 
Limit: r < 93.2648 +/- 5.09307 @ 95% credibility (15 tries)
Done in 0.17 min (cpu), 0.17 min (real)
Generate toy 137/250

 -- MarkovChainMC -- 
Limit: r < 89.6803 +/- 1.87745 @ 95% credibility (15 tries)
Done in 0.15 min (cpu), 0.15 min (real)
Generate toy 138/250

 -- MarkovChainMC -- 
Limit: r < 112.825 +/- 7.50159 @ 95% credibility (15 tries)
Done in 0.13 min (cpu), 0.13 min (real)
Generate toy 139/250

 -- MarkovChainMC -- 
Limit: r < 132.288 +/- 5.76582 @ 95% credibility (15 tries)
Done in 0.15 min (cpu), 0.15 min (real)
Generate toy 140/250

 -- MarkovChainMC -- 
Limit: r < 86.7806 +/- 3.08871 @ 95% credibility (15 tries)
Done in 0.17 min (cpu), 0.17 min (real)
Generate toy 141/250

 -- MarkovChainMC -- 
Limit: r < 98.3713 +/- 3.39577 @ 95% credibility (15 tries)
Done in 0.17 min (cpu), 0.18 min (real)
Generate toy 142/250

 -- MarkovChainMC -- 
Limit: r < 110.172 +/- 2.20013 @ 95% credibility (15 tries)
Done in 0.17 min (cpu), 0.18 min (real)
Generate toy 143/250

 -- MarkovChainMC -- 
Limit: r < 112.85 +/- 1.84242 @ 95% credibility (15 tries)
Done in 0.17 min (cpu), 0.18 min (real)
Generate toy 144/250

 -- MarkovChainMC -- 
Limit: r < 112.747 +/- 2.73572 @ 95% credibility (15 tries)
Done in 0.18 min (cpu), 0.18 min (real)
Generate toy 145/250

 -- MarkovChainMC -- 
Limit: r < 122.993 +/- 3.22501 @ 95% credibility (15 tries)
Done in 0.17 min (cpu), 0.18 min (real)
Generate toy 146/250

 -- MarkovChainMC -- 
Limit: r < 78.111 +/- 4.21463 @ 95% credibility (15 tries)
Done in 0.17 min (cpu), 0.17 min (real)
Generate toy 147/250

 -- MarkovChainMC -- 
Limit: r < 193.825 +/- 6.23362 @ 95% credibility (15 tries)
Done in 0.18 min (cpu), 0.18 min (real)
Generate toy 148/250

 -- MarkovChainMC -- 
Limit: r < 110.627 +/- 2.24788 @ 95% credibility (15 tries)
Done in 0.15 min (cpu), 0.15 min (real)
Generate toy 149/250

 -- MarkovChainMC -- 
Limit: r < 87.7228 +/- 2.78159 @ 95% credibility (15 tries)
Done in 0.13 min (cpu), 0.13 min (real)
Generate toy 150/250

 -- MarkovChainMC -- 
Limit: r < 71.6648 +/- 3.59293 @ 95% credibility (15 tries)
Done in 0.13 min (cpu), 0.13 min (real)
Generate toy 151/250

 -- MarkovChainMC -- 
Limit: r < 112.092 +/- 4.11777 @ 95% credibility (15 tries)
Done in 0.15 min (cpu), 0.15 min (real)
Generate toy 152/250

 -- MarkovChainMC -- 
Limit: r < 153.481 +/- 4.03708 @ 95% credibility (15 tries)
Done in 0.15 min (cpu), 0.16 min (real)
Generate toy 153/250

 -- MarkovChainMC -- 
Limit: r < 89.0666 +/- 3.17466 @ 95% credibility (15 tries)
Done in 0.15 min (cpu), 0.16 min (real)
Generate toy 154/250

 -- MarkovChainMC -- 
Limit: r < 138.632 +/- 3.706 @ 95% credibility (15 tries)
Done in 0.15 min (cpu), 0.15 min (real)
Generate toy 155/250

 -- MarkovChainMC -- 
Limit: r < 152.401 +/- 3.37788 @ 95% credibility (15 tries)
Done in 0.14 min (cpu), 0.14 min (real)
Generate toy 156/250

 -- MarkovChainMC -- 
Limit: r < 225.419 +/- 4.1969 @ 95% credibility (15 tries)
Done in 0.14 min (cpu), 0.15 min (real)
Generate toy 157/250

 -- MarkovChainMC -- 
Limit: r < 91.2899 +/- 2.52657 @ 95% credibility (15 tries)
Done in 0.15 min (cpu), 0.15 min (real)
Generate toy 158/250

 -- MarkovChainMC -- 
Limit: r < 132.43 +/- 6.57739 @ 95% credibility (15 tries)
Done in 0.18 min (cpu), 0.18 min (real)
Generate toy 159/250

 -- MarkovChainMC -- 
Limit: r < 95.3361 +/- 4.50075 @ 95% credibility (15 tries)
Done in 0.14 min (cpu), 0.14 min (real)
Generate toy 160/250

 -- MarkovChainMC -- 
Limit: r < 143.712 +/- 3.98469 @ 95% credibility (15 tries)
Done in 0.14 min (cpu), 0.14 min (real)
Generate toy 161/250

 -- MarkovChainMC -- 
Limit: r < 208.477 +/- 8.62431 @ 95% credibility (15 tries)
Done in 0.15 min (cpu), 0.15 min (real)
Generate toy 162/250

 -- MarkovChainMC -- 
Limit: r < 126.661 +/- 3.43091 @ 95% credibility (15 tries)
Done in 0.16 min (cpu), 0.16 min (real)
Generate toy 163/250

 -- MarkovChainMC -- 
Limit: r < 103.744 +/- 2.64861 @ 95% credibility (15 tries)
Done in 0.14 min (cpu), 0.14 min (real)
Generate toy 164/250

 -- MarkovChainMC -- 
Limit: r < 96.4942 +/- 2.26196 @ 95% credibility (15 tries)
Done in 0.14 min (cpu), 0.14 min (real)
Generate toy 165/250

 -- MarkovChainMC -- 
Limit: r < 109.056 +/- 2.87288 @ 95% credibility (15 tries)
Done in 0.14 min (cpu), 0.14 min (real)
Generate toy 166/250

 -- MarkovChainMC -- 
Limit: r < 97.7793 +/- 2.55121 @ 95% credibility (15 tries)
Done in 0.14 min (cpu), 0.14 min (real)
Generate toy 167/250

 -- MarkovChainMC -- 
Limit: r < 126.705 +/- 3.89546 @ 95% credibility (15 tries)
Done in 0.13 min (cpu), 0.13 min (real)
Generate toy 168/250

 -- MarkovChainMC -- 
Limit: r < 125.646 +/- 1.88734 @ 95% credibility (15 tries)
Done in 0.13 min (cpu), 0.13 min (real)
Generate toy 169/250

 -- MarkovChainMC -- 
Limit: r < 90.3207 +/- 3.43799 @ 95% credibility (15 tries)
Done in 0.13 min (cpu), 0.13 min (real)
Generate toy 170/250

 -- MarkovChainMC -- 
Limit: r < 93.8811 +/- 2.43731 @ 95% credibility (15 tries)
Done in 0.14 min (cpu), 0.14 min (real)
Generate toy 171/250

 -- MarkovChainMC -- 
Limit: r < 92.0597 +/- 3.55538 @ 95% credibility (15 tries)
Done in 0.14 min (cpu), 0.14 min (real)
Generate toy 172/250

 -- MarkovChainMC -- 
Limit: r < 55.3268 +/- 2.3319 @ 95% credibility (15 tries)
Done in 0.13 min (cpu), 0.13 min (real)
Generate toy 173/250

 -- MarkovChainMC -- 
Limit: r < 107.479 +/- 4.89928 @ 95% credibility (15 tries)
Done in 0.16 min (cpu), 0.16 min (real)
Generate toy 174/250

 -- MarkovChainMC -- 
Limit: r < 84.8523 +/- 3.3599 @ 95% credibility (15 tries)
Done in 0.14 min (cpu), 0.14 min (real)
Generate toy 175/250

 -- MarkovChainMC -- 
Limit: r < 79.0411 +/- 2.15129 @ 95% credibility (15 tries)
Done in 0.15 min (cpu), 0.15 min (real)
Generate toy 176/250

 -- MarkovChainMC -- 
Limit: r < 124.939 +/- 3.19889 @ 95% credibility (15 tries)
Done in 0.15 min (cpu), 0.15 min (real)
Generate toy 177/250

 -- MarkovChainMC -- 
Limit: r < 139.425 +/- 5.16955 @ 95% credibility (15 tries)
Done in 0.13 min (cpu), 0.13 min (real)
Generate toy 178/250

 -- MarkovChainMC -- 
Limit: r < 101.721 +/- 4.29967 @ 95% credibility (15 tries)
Done in 0.13 min (cpu), 0.13 min (real)
Generate toy 179/250

 -- MarkovChainMC -- 
Limit: r < 101.097 +/- 3.40124 @ 95% credibility (15 tries)
Done in 0.14 min (cpu), 0.14 min (real)
Generate toy 180/250

 -- MarkovChainMC -- 
Limit: r < 87.896 +/- 4.66818 @ 95% credibility (15 tries)
Done in 0.16 min (cpu), 0.17 min (real)
Generate toy 181/250

 -- MarkovChainMC -- 
Limit: r < 95.1294 +/- 2.74451 @ 95% credibility (15 tries)
Done in 0.15 min (cpu), 0.15 min (real)
Generate toy 182/250

 -- MarkovChainMC -- 
Limit: r < 220.135 +/- 4.79232 @ 95% credibility (15 tries)
Done in 0.15 min (cpu), 0.15 min (real)
Generate toy 183/250

 -- MarkovChainMC -- 
Limit: r < 146.945 +/- 3.21664 @ 95% credibility (15 tries)
Done in 0.14 min (cpu), 0.14 min (real)
Generate toy 184/250

 -- MarkovChainMC -- 
Limit: r < 68.339 +/- 1.5118 @ 95% credibility (15 tries)
Done in 0.13 min (cpu), 0.13 min (real)
Generate toy 185/250

 -- MarkovChainMC -- 
Limit: r < 86.3592 +/- 3.67355 @ 95% credibility (15 tries)
Done in 0.13 min (cpu), 0.13 min (real)
Generate toy 186/250

 -- MarkovChainMC -- 
Limit: r < 98.055 +/- 1.41934 @ 95% credibility (15 tries)
Done in 0.14 min (cpu), 0.14 min (real)
Generate toy 187/250

 -- MarkovChainMC -- 
Limit: r < 99.1757 +/- 3.20003 @ 95% credibility (15 tries)
Done in 0.14 min (cpu), 0.14 min (real)
Generate toy 188/250

 -- MarkovChainMC -- 
Limit: r < 73.8401 +/- 3.2454 @ 95% credibility (15 tries)
Done in 0.13 min (cpu), 0.13 min (real)
Generate toy 189/250

 -- MarkovChainMC -- 
Limit: r < 97.8771 +/- 3.56622 @ 95% credibility (15 tries)
Done in 0.13 min (cpu), 0.13 min (real)
Generate toy 190/250

 -- MarkovChainMC -- 
Limit: r < 121.3 +/- 5.29184 @ 95% credibility (15 tries)
Done in 0.14 min (cpu), 0.14 min (real)
Generate toy 191/250

 -- MarkovChainMC -- 
Limit: r < 107.496 +/- 4.03594 @ 95% credibility (15 tries)
Done in 0.13 min (cpu), 0.13 min (real)
Generate toy 192/250

 -- MarkovChainMC -- 
Limit: r < 82.3834 +/- 2.18416 @ 95% credibility (15 tries)
Done in 0.13 min (cpu), 0.14 min (real)
Generate toy 193/250

 -- MarkovChainMC -- 
Limit: r < 105.979 +/- 2.79657 @ 95% credibility (15 tries)
Done in 0.14 min (cpu), 0.14 min (real)
Generate toy 194/250

 -- MarkovChainMC -- 
Limit: r < 101.93 +/- 1.70424 @ 95% credibility (15 tries)
Done in 0.15 min (cpu), 0.15 min (real)
Generate toy 195/250

 -- MarkovChainMC -- 
Limit: r < 179.603 +/- 5.1996 @ 95% credibility (15 tries)
Done in 0.18 min (cpu), 0.18 min (real)
Generate toy 196/250

 -- MarkovChainMC -- 
Limit: r < 103.075 +/- 2.98642 @ 95% credibility (15 tries)
Done in 0.13 min (cpu), 0.13 min (real)
Generate toy 197/250

 -- MarkovChainMC -- 
Limit: r < 217.181 +/- 3.98493 @ 95% credibility (15 tries)
Done in 0.15 min (cpu), 0.15 min (real)
Generate toy 198/250

 -- MarkovChainMC -- 
Limit: r < 191.824 +/- 3.39863 @ 95% credibility (15 tries)
Done in 0.12 min (cpu), 0.12 min (real)
Generate toy 199/250

 -- MarkovChainMC -- 
Limit: r < 196.473 +/- 5.57332 @ 95% credibility (15 tries)
Done in 0.16 min (cpu), 0.17 min (real)
Generate toy 200/250

 -- MarkovChainMC -- 
Limit: r < 99.5801 +/- 3.72702 @ 95% credibility (15 tries)
Done in 0.13 min (cpu), 0.13 min (real)
Generate toy 201/250

 -- MarkovChainMC -- 
Limit: r < 116.031 +/- 3.63086 @ 95% credibility (15 tries)
Done in 0.14 min (cpu), 0.14 min (real)
Generate toy 202/250

 -- MarkovChainMC -- 
Limit: r < 66.9463 +/- 1.18903 @ 95% credibility (15 tries)
Done in 0.14 min (cpu), 0.14 min (real)
Generate toy 203/250

 -- MarkovChainMC -- 
Limit: r < 177.077 +/- 9.65352 @ 95% credibility (15 tries)
Done in 0.12 min (cpu), 0.13 min (real)
Generate toy 204/250

 -- MarkovChainMC -- 
Limit: r < 68.311 +/- 1.54059 @ 95% credibility (15 tries)
Done in 0.14 min (cpu), 0.14 min (real)
Generate toy 205/250

 -- MarkovChainMC -- 
Limit: r < 85.227 +/- 1.68999 @ 95% credibility (15 tries)
Done in 0.15 min (cpu), 0.15 min (real)
Generate toy 206/250

 -- MarkovChainMC -- 
Limit: r < 135.289 +/- 4.57106 @ 95% credibility (15 tries)
Done in 0.14 min (cpu), 0.14 min (real)
Generate toy 207/250

 -- MarkovChainMC -- 
Limit: r < 117.364 +/- 3.40936 @ 95% credibility (15 tries)
Done in 0.12 min (cpu), 0.12 min (real)
Generate toy 208/250

 -- MarkovChainMC -- 
Limit: r < 87.2317 +/- 4.1006 @ 95% credibility (15 tries)
Done in 0.13 min (cpu), 0.13 min (real)
Generate toy 209/250

 -- MarkovChainMC -- 
Limit: r < 70.7535 +/- 1.92457 @ 95% credibility (15 tries)
Done in 0.14 min (cpu), 0.14 min (real)
Generate toy 210/250

 -- MarkovChainMC -- 
Limit: r < 72.31 +/- 2.53082 @ 95% credibility (15 tries)
Done in 0.13 min (cpu), 0.13 min (real)
Generate toy 211/250

 -- MarkovChainMC -- 
Limit: r < 153.791 +/- 5.68558 @ 95% credibility (15 tries)
Done in 0.18 min (cpu), 0.18 min (real)
Generate toy 212/250

 -- MarkovChainMC -- 
Limit: r < 109.822 +/- 3.16918 @ 95% credibility (15 tries)
Done in 0.18 min (cpu), 0.18 min (real)
Generate toy 213/250

 -- MarkovChainMC -- 
Limit: r < 92.6234 +/- 5.24927 @ 95% credibility (15 tries)
Done in 0.18 min (cpu), 0.18 min (real)
Generate toy 214/250

 -- MarkovChainMC -- 
Limit: r < 160.729 +/- 3.73531 @ 95% credibility (15 tries)
Done in 0.18 min (cpu), 0.18 min (real)
Generate toy 215/250

 -- MarkovChainMC -- 
Limit: r < 101.031 +/- 4.67612 @ 95% credibility (15 tries)
Done in 0.18 min (cpu), 0.18 min (real)
Generate toy 216/250

 -- MarkovChainMC -- 
Limit: r < 123.493 +/- 3.74516 @ 95% credibility (15 tries)
Done in 0.18 min (cpu), 0.18 min (real)
Generate toy 217/250

 -- MarkovChainMC -- 
Limit: r < 124.671 +/- 5.34035 @ 95% credibility (15 tries)
Done in 0.18 min (cpu), 0.18 min (real)
Generate toy 218/250

 -- MarkovChainMC -- 
Limit: r < 80.4967 +/- 6.59662 @ 95% credibility (15 tries)
Done in 0.18 min (cpu), 0.18 min (real)
Generate toy 219/250

 -- MarkovChainMC -- 
Limit: r < 75.0474 +/- 2.24234 @ 95% credibility (15 tries)
Done in 0.18 min (cpu), 0.18 min (real)
Generate toy 220/250

 -- MarkovChainMC -- 
Limit: r < 95.1537 +/- 3.77865 @ 95% credibility (15 tries)
Done in 0.18 min (cpu), 0.18 min (real)
Generate toy 221/250

 -- MarkovChainMC -- 
Limit: r < 106.865 +/- 3.86644 @ 95% credibility (15 tries)
Done in 0.18 min (cpu), 0.18 min (real)
Generate toy 222/250

 -- MarkovChainMC -- 
Limit: r < 98.8063 +/- 4.37581 @ 95% credibility (15 tries)
Done in 0.18 min (cpu), 0.18 min (real)
Generate toy 223/250

 -- MarkovChainMC -- 
Limit: r < 116.963 +/- 4.4636 @ 95% credibility (15 tries)
Done in 0.18 min (cpu), 0.18 min (real)
Generate toy 224/250

 -- MarkovChainMC -- 
Limit: r < 111.455 +/- 3.94211 @ 95% credibility (15 tries)
Done in 0.18 min (cpu), 0.18 min (real)
Generate toy 225/250

 -- MarkovChainMC -- 
Limit: r < 110.785 +/- 1.63547 @ 95% credibility (15 tries)
Done in 0.18 min (cpu), 0.18 min (real)
Generate toy 226/250

 -- MarkovChainMC -- 
Limit: r < 104.339 +/- 5.19051 @ 95% credibility (15 tries)
Done in 0.15 min (cpu), 0.15 min (real)
Generate toy 227/250

 -- MarkovChainMC -- 
Limit: r < 59.9753 +/- 2.43932 @ 95% credibility (15 tries)
Done in 0.14 min (cpu), 0.14 min (real)
Generate toy 228/250

 -- MarkovChainMC -- 
Limit: r < 76.3198 +/- 2.49658 @ 95% credibility (15 tries)
Done in 0.15 min (cpu), 0.15 min (real)
Generate toy 229/250

 -- MarkovChainMC -- 
Limit: r < 81.341 +/- 2.10711 @ 95% credibility (15 tries)
Done in 0.12 min (cpu), 0.12 min (real)
Generate toy 230/250

 -- MarkovChainMC -- 
Limit: r < 136.209 +/- 1.90709 @ 95% credibility (15 tries)
Done in 0.15 min (cpu), 0.15 min (real)
Generate toy 231/250

 -- MarkovChainMC -- 
Limit: r < 112.982 +/- 4.98302 @ 95% credibility (15 tries)
Done in 0.14 min (cpu), 0.14 min (real)
Generate toy 232/250

 -- MarkovChainMC -- 
Limit: r < 115.953 +/- 2.9443 @ 95% credibility (15 tries)
Done in 0.14 min (cpu), 0.14 min (real)
Generate toy 233/250

 -- MarkovChainMC -- 
Limit: r < 151.259 +/- 8.29776 @ 95% credibility (15 tries)
Done in 0.15 min (cpu), 0.15 min (real)
Generate toy 234/250

 -- MarkovChainMC -- 
Limit: r < 214.176 +/- 3.08978 @ 95% credibility (15 tries)
Done in 0.13 min (cpu), 0.14 min (real)
Generate toy 235/250

 -- MarkovChainMC -- 
Limit: r < 94.395 +/- 4.34418 @ 95% credibility (15 tries)
Done in 0.14 min (cpu), 0.14 min (real)
Generate toy 236/250

 -- MarkovChainMC -- 
Limit: r < 122.03 +/- 2.61892 @ 95% credibility (15 tries)
Done in 0.14 min (cpu), 0.14 min (real)
Generate toy 237/250

 -- MarkovChainMC -- 
Limit: r < 135.088 +/- 4.45248 @ 95% credibility (15 tries)
Done in 0.13 min (cpu), 0.13 min (real)
Generate toy 238/250

 -- MarkovChainMC -- 
Limit: r < 125.148 +/- 3.7543 @ 95% credibility (15 tries)
Done in 0.13 min (cpu), 0.13 min (real)
Generate toy 239/250

 -- MarkovChainMC -- 
Limit: r < 149.022 +/- 5.49516 @ 95% credibility (15 tries)
Done in 0.14 min (cpu), 0.14 min (real)
Generate toy 240/250

 -- MarkovChainMC -- 
Limit: r < 132.844 +/- 4.65741 @ 95% credibility (15 tries)
Done in 0.13 min (cpu), 0.14 min (real)
Generate toy 241/250

 -- MarkovChainMC -- 
Limit: r < 161.494 +/- 7.22077 @ 95% credibility (15 tries)
Done in 0.16 min (cpu), 0.16 min (real)
Generate toy 242/250

 -- MarkovChainMC -- 
Limit: r < 130.291 +/- 5.5274 @ 95% credibility (15 tries)
Done in 0.14 min (cpu), 0.14 min (real)
Generate toy 243/250

 -- MarkovChainMC -- 
Limit: r < 79.7236 +/- 3.0704 @ 95% credibility (15 tries)
Done in 0.14 min (cpu), 0.14 min (real)
Generate toy 244/250

 -- MarkovChainMC -- 
Limit: r < 130.168 +/- 4.0563 @ 95% credibility (15 tries)
Done in 0.14 min (cpu), 0.14 min (real)
Generate toy 245/250

 -- MarkovChainMC -- 
Limit: r < 193.534 +/- 5.12144 @ 95% credibility (15 tries)
Done in 0.14 min (cpu), 0.14 min (real)
Generate toy 246/250

 -- MarkovChainMC -- 
Limit: r < 86.3608 +/- 3.68762 @ 95% credibility (15 tries)
Done in 0.14 min (cpu), 0.14 min (real)
Generate toy 247/250

 -- MarkovChainMC -- 
Limit: r < 103.438 +/- 4.36905 @ 95% credibility (15 tries)
Done in 0.13 min (cpu), 0.14 min (real)
Generate toy 248/250

 -- MarkovChainMC -- 
Limit: r < 92.6054 +/- 1.99011 @ 95% credibility (15 tries)
Done in 0.14 min (cpu), 0.14 min (real)
Generate toy 249/250

 -- MarkovChainMC -- 
Limit: r < 80.4358 +/- 2.5089 @ 95% credibility (15 tries)
Done in 0.14 min (cpu), 0.14 min (real)
Generate toy 250/250

 -- MarkovChainMC -- 
Limit: r < 133.452 +/- 3.75267 @ 95% credibility (15 tries)
Done in 0.13 min (cpu), 0.13 min (real)
mean   expected limit: r < 117.484 +/- 2.29087 @ 95%CL (250 toyMC)
median expected limit: r < 110.706 @ 95%CL (250 toyMC)
   68% expected band : 84.5407 < r < 156.817
   95% expected band : 65.261 < r < 208.477
