 <<< Combine >>> 
 <<< v10.0.2 >>>
>>> Used OpenSSL to get a truly random seed -120294674
>>> Method used is MarkovChainMC
============================================================
Analyzing bin errors for: prop_binmuon_channel
Poisson cut-off: 10
Processes excluded for sums: Wprime6000_kR0.1
============================================================
Bin        Contents        Error           Notes                         
0          4245.729483     16.603213       total sum                     
0          4245.728997     16.603213       excluding marked processes    
0          65391.000000    255.716640      Unweighted events, alpha=0.064928
  => Total parameter prop_binmuon_channel_bin0[0.00,-7.00,7.00] to be Gaussian constrained
------------------------------------------------------------
1          1621.101144     7.828053        total sum                     
1          1621.101079     7.828053        excluding marked processes    
1          42886.000000    207.089353      Unweighted events, alpha=0.037800
  => Total parameter prop_binmuon_channel_bin1[0.00,-7.00,7.00] to be Gaussian constrained
------------------------------------------------------------
2          721.396648      4.795515        total sum                     
2          721.396648      4.795515        excluding marked processes    
2          22630.000000    150.432709      Unweighted events, alpha=0.031878
  => Total parameter prop_binmuon_channel_bin2[0.00,-7.00,7.00] to be Gaussian constrained
------------------------------------------------------------
3          359.286787      3.009355        total sum                     
3          359.285774      3.009355        excluding marked processes    
3          14254.000000    119.390117      Unweighted events, alpha=0.025206
  => Total parameter prop_binmuon_channel_bin3[0.00,-7.00,7.00] to be Gaussian constrained
------------------------------------------------------------
4          191.194788      3.360877        total sum                     
4          191.190097      3.360877        excluding marked processes    
4          3236.000000     56.885851       Unweighted events, alpha=0.059084
  => Total parameter prop_binmuon_channel_bin4[0.00,-7.00,7.00] to be Gaussian constrained
------------------------------------------------------------
5          112.222680      1.192111        total sum                     
5          112.217111      1.192110        excluding marked processes    
5          8861.000000     94.132885       Unweighted events, alpha=0.012665
  => Total parameter prop_binmuon_channel_bin5[0.00,-7.00,7.00] to be Gaussian constrained
------------------------------------------------------------
6          107.155512      1.524078        total sum                     
6          107.129583      1.524073        excluding marked processes    
6          4941.000000     70.292247       Unweighted events, alpha=0.021687
  => Total parameter prop_binmuon_channel_bin6[0.00,-7.00,7.00] to be Gaussian constrained
------------------------------------------------------------
7          41.151946       0.657940        total sum                     
7          41.104515       0.657922        excluding marked processes    
7          3903.000000     62.473995       Unweighted events, alpha=0.010544
  => Total parameter prop_binmuon_channel_bin7[0.00,-7.00,7.00] to be Gaussian constrained
------------------------------------------------------------
8          23.578308       0.587113        total sum                     
8          23.449391       0.587056        excluding marked processes    
8          1596.000000     39.949969       Unweighted events, alpha=0.014773
  => Total parameter prop_binmuon_channel_bin8[0.00,-7.00,7.00] to be Gaussian constrained
------------------------------------------------------------
9          8.601060        0.394719        total sum                     
9          8.355840        0.394559        excluding marked processes    
9          448.000000      21.166010       Unweighted events, alpha=0.019199
  => Total parameter prop_binmuon_channel_bin9[0.00,-7.00,7.00] to be Gaussian constrained
------------------------------------------------------------
10         4.068893        0.252462        total sum                     
10         3.506378        0.251887        excluding marked processes    
10         194.000000      13.928388       Unweighted events, alpha=0.020974
  => Total parameter prop_binmuon_channel_bin10[0.00,-7.00,7.00] to be Gaussian constrained
------------------------------------------------------------
11         2.733565        0.182161        total sum                     
11         1.363219        0.180174        excluding marked processes    
11         57.000000       7.549834        Unweighted events, alpha=0.047957
  => Total parameter prop_binmuon_channel_bin11[0.00,-7.00,7.00] to be Gaussian constrained
------------------------------------------------------------
12         2.394703        0.290719        total sum                     
12         0.530791        0.289065        excluding marked processes    
12         3.000000        1.732051        Unweighted events, alpha=0.798234
  => Number of weighted events is below Poisson threshold
    Wprime6000_kR0.1     1.863912        0.030963                                      
                         3624.000000     60.199668       Unweighted events, alpha=0.000514
      => Parameter prop_binmuon_channel_bin12_Wprime6000_kR0.1[0.00,-7.00,7.00] to be Gaussian constrained
  ----------------------------------------------------------
    W_boson              0.216692        0.001181                                      
                         33653.000000    183.447540      Unweighted events, alpha=0.000006
      => Parameter prop_binmuon_channel_bin12_W_boson[0.00,-7.00,7.00] to be Gaussian constrained
  ----------------------------------------------------------
    Top                  0.000000        0.000000                                      
      => Error is zero, ignore      
  ----------------------------------------------------------
    Z_boson              0.004094        0.000500                                      
                         67.000000       8.185353        Unweighted events, alpha=0.000061
      => Parameter prop_binmuon_channel_bin12_Z_boson[0.00,-7.00,7.00] to be Gaussian constrained
  ----------------------------------------------------------
    DiBoson              0.288910        0.288561                                      
                         1.000000        1.000000        Unweighted events, alpha=0.288910
      => Product of prop_binmuon_channel_bin12_DiBoson[1.00,0.00,30.85] and const [1.0000] to be Poisson constrained
  ----------------------------------------------------------
    QCD                  0.021095        0.017013                                      
                         2.000000        1.414214        Unweighted events, alpha=0.010547
      => Product of prop_binmuon_channel_bin12_QCD[2.00,0.00,33.79] and const [0.5000] to be Poisson constrained
  ----------------------------------------------------------
------------------------------------------------------------
13         6.054191        0.055248        total sum                     
13         0.067145        0.000584        excluding marked processes    
13         13239.000000    115.060853      Unweighted events, alpha=0.000457
  => Total parameter prop_binmuon_channel_bin13[0.00,-7.00,7.00] to be Gaussian constrained
------------------------------------------------------------
14         6.341922        0.056125        total sum                     
14         0.003967        0.000043        excluding marked processes    
14         8482.000000     92.097774       Unweighted events, alpha=0.000748
  => Total parameter prop_binmuon_channel_bin14[0.00,-7.00,7.00] to be Gaussian constrained
------------------------------------------------------------
15         1.861675        0.030582        total sum                     
15         0.005625        0.003835        excluding marked processes    
15         2.000000        1.414214        Unweighted events, alpha=0.930838
  => Number of weighted events is below Poisson threshold
    Wprime6000_kR0.1     1.856050        0.030340                                      
                         3742.000000     61.171889       Unweighted events, alpha=0.000496
      => Parameter prop_binmuon_channel_bin15_Wprime6000_kR0.1[0.00,-7.00,7.00] to be Gaussian constrained
  ----------------------------------------------------------
    W_boson              0.000849        0.000021                                      
                         1670.000000     40.865633       Unweighted events, alpha=0.000001
      => Parameter prop_binmuon_channel_bin15_W_boson[0.00,-7.00,7.00] to be Gaussian constrained
  ----------------------------------------------------------
    Top                  0.000000        0.000000                                      
      => Error is zero, ignore      
  ----------------------------------------------------------
    Z_boson              0.000011        0.000003                                      
                         16.000000       4.000000        Unweighted events, alpha=0.000001
      => Parameter prop_binmuon_channel_bin15_Z_boson[0.00,-7.00,7.00] to be Gaussian constrained
  ----------------------------------------------------------
    DiBoson              0.000000        0.000000                                      
      => Error is zero, ignore      
  ----------------------------------------------------------
    QCD                  0.004765        0.003834                                      
                         2.000000        1.414214        Unweighted events, alpha=0.002383
      => Product of prop_binmuon_channel_bin15_QCD[2.00,0.00,33.79] and const [0.5000] to be Poisson constrained
  ----------------------------------------------------------
------------------------------------------------------------
Channel muon_channel will use autoMCStats with settings: event-threshold=10, include-signal=0, hist-mode=1
Generate toy 1/250

 -- MarkovChainMC -- 
Limit: r < 0.210037 +/- 0.00260655 @ 95% credibility (15 tries)
Done in 0.08 min (cpu), 0.08 min (real)
Generate toy 2/250

 -- MarkovChainMC -- 
Limit: r < 0.234462 +/- 0.00177323 @ 95% credibility (15 tries)
Done in 0.08 min (cpu), 0.08 min (real)
Generate toy 3/250

 -- MarkovChainMC -- 
Limit: r < 0.24422 +/- 0.00239852 @ 95% credibility (15 tries)
Done in 0.08 min (cpu), 0.08 min (real)
Generate toy 4/250

 -- MarkovChainMC -- 
Limit: r < 0.178416 +/- 0.00228087 @ 95% credibility (15 tries)
Done in 0.08 min (cpu), 0.08 min (real)
Generate toy 5/250

 -- MarkovChainMC -- 
Limit: r < 0.241333 +/- 0.0034962 @ 95% credibility (15 tries)
Done in 0.08 min (cpu), 0.08 min (real)
Generate toy 6/250

 -- MarkovChainMC -- 
Limit: r < 0.197922 +/- 0.00425238 @ 95% credibility (15 tries)
Done in 0.08 min (cpu), 0.08 min (real)
Generate toy 7/250

 -- MarkovChainMC -- 
Limit: r < 0.330911 +/- 0.00819542 @ 95% credibility (15 tries)
Done in 0.08 min (cpu), 0.08 min (real)
Generate toy 8/250

 -- MarkovChainMC -- 
Limit: r < 0.208819 +/- 0.00413706 @ 95% credibility (15 tries)
Done in 0.08 min (cpu), 0.08 min (real)
Generate toy 9/250

 -- MarkovChainMC -- 
Limit: r < 0.178219 +/- 0.00106617 @ 95% credibility (15 tries)
Done in 0.08 min (cpu), 0.08 min (real)
Generate toy 10/250

 -- MarkovChainMC -- 
Limit: r < 0.229553 +/- 0.00306394 @ 95% credibility (15 tries)
Done in 0.08 min (cpu), 0.08 min (real)
Generate toy 11/250

 -- MarkovChainMC -- 
Limit: r < 0.183698 +/- 0.00440428 @ 95% credibility (15 tries)
Done in 0.08 min (cpu), 0.08 min (real)
Generate toy 12/250

 -- MarkovChainMC -- 
Limit: r < 0.274163 +/- 0.00534309 @ 95% credibility (15 tries)
Done in 0.09 min (cpu), 0.09 min (real)
Generate toy 13/250

 -- MarkovChainMC -- 
Limit: r < 0.2254 +/- 0.00367097 @ 95% credibility (15 tries)
Done in 0.08 min (cpu), 0.09 min (real)
Generate toy 14/250

 -- MarkovChainMC -- 
Limit: r < 0.294299 +/- 0.0024403 @ 95% credibility (15 tries)
Done in 0.08 min (cpu), 0.08 min (real)
Generate toy 15/250

 -- MarkovChainMC -- 
Limit: r < 0.173517 +/- 0.00319027 @ 95% credibility (15 tries)
Done in 0.08 min (cpu), 0.08 min (real)
Generate toy 16/250

 -- MarkovChainMC -- 
Limit: r < 0.159807 +/- 0.00381957 @ 95% credibility (15 tries)
Done in 0.08 min (cpu), 0.08 min (real)
Generate toy 17/250

 -- MarkovChainMC -- 
Limit: r < 0.222435 +/- 0.00429547 @ 95% credibility (15 tries)
Done in 0.08 min (cpu), 0.08 min (real)
Generate toy 18/250

 -- MarkovChainMC -- 
Limit: r < 0.176928 +/- 0.00378005 @ 95% credibility (15 tries)
Done in 0.08 min (cpu), 0.08 min (real)
Generate toy 19/250

 -- MarkovChainMC -- 
Limit: r < 0.198362 +/- 0.00324138 @ 95% credibility (15 tries)
Done in 0.08 min (cpu), 0.08 min (real)
Generate toy 20/250

 -- MarkovChainMC -- 
Limit: r < 0.219315 +/- 0.00381844 @ 95% credibility (15 tries)
Done in 0.08 min (cpu), 0.08 min (real)
Generate toy 21/250

 -- MarkovChainMC -- 
Limit: r < 0.270784 +/- 0.00346149 @ 95% credibility (15 tries)
Done in 0.08 min (cpu), 0.08 min (real)
Generate toy 22/250

 -- MarkovChainMC -- 
Limit: r < 0.267213 +/- 0.00315954 @ 95% credibility (15 tries)
Done in 0.08 min (cpu), 0.08 min (real)
Generate toy 23/250

 -- MarkovChainMC -- 
Limit: r < 0.412704 +/- 0.00453026 @ 95% credibility (15 tries)
Done in 0.08 min (cpu), 0.08 min (real)
Generate toy 24/250

 -- MarkovChainMC -- 
Limit: r < 0.224313 +/- 0.00460146 @ 95% credibility (15 tries)
Done in 0.08 min (cpu), 0.08 min (real)
Generate toy 25/250

 -- MarkovChainMC -- 
Limit: r < 0.198968 +/- 0.0032976 @ 95% credibility (15 tries)
Done in 0.08 min (cpu), 0.08 min (real)
Generate toy 26/250

 -- MarkovChainMC -- 
Limit: r < 0.182518 +/- 0.00210113 @ 95% credibility (15 tries)
Done in 0.08 min (cpu), 0.08 min (real)
Generate toy 27/250

 -- MarkovChainMC -- 
Limit: r < 0.24741 +/- 0.00329565 @ 95% credibility (15 tries)
Done in 0.08 min (cpu), 0.08 min (real)
Generate toy 28/250

 -- MarkovChainMC -- 
Limit: r < 0.302287 +/- 0.00604634 @ 95% credibility (15 tries)
Done in 0.08 min (cpu), 0.08 min (real)
Generate toy 29/250

 -- MarkovChainMC -- 
Limit: r < 0.23228 +/- 0.0038538 @ 95% credibility (15 tries)
Done in 0.08 min (cpu), 0.08 min (real)
Generate toy 30/250

 -- MarkovChainMC -- 
Limit: r < 0.299894 +/- 0.00253846 @ 95% credibility (15 tries)
Done in 0.08 min (cpu), 0.08 min (real)
Generate toy 31/250

 -- MarkovChainMC -- 
Limit: r < 0.197175 +/- 0.00417067 @ 95% credibility (15 tries)
Done in 0.08 min (cpu), 0.08 min (real)
Generate toy 32/250

 -- MarkovChainMC -- 
Limit: r < 0.232114 +/- 0.00410215 @ 95% credibility (15 tries)
Done in 0.08 min (cpu), 0.08 min (real)
Generate toy 33/250

 -- MarkovChainMC -- 
Limit: r < 0.205884 +/- 0.0025395 @ 95% credibility (15 tries)
Done in 0.08 min (cpu), 0.08 min (real)
Generate toy 34/250

 -- MarkovChainMC -- 
Limit: r < 0.178546 +/- 0.00301069 @ 95% credibility (15 tries)
Done in 0.08 min (cpu), 0.08 min (real)
Generate toy 35/250

 -- MarkovChainMC -- 
Limit: r < 0.173553 +/- 0.00320386 @ 95% credibility (15 tries)
Done in 0.08 min (cpu), 0.08 min (real)
Generate toy 36/250

 -- MarkovChainMC -- 
Limit: r < 0.178431 +/- 0.00322921 @ 95% credibility (15 tries)
Done in 0.08 min (cpu), 0.08 min (real)
Generate toy 37/250

 -- MarkovChainMC -- 
Limit: r < 0.251129 +/- 0.00433562 @ 95% credibility (15 tries)
Done in 0.08 min (cpu), 0.08 min (real)
Generate toy 38/250

 -- MarkovChainMC -- 
Limit: r < 0.244442 +/- 0.00339638 @ 95% credibility (15 tries)
Done in 0.08 min (cpu), 0.08 min (real)
Generate toy 39/250

 -- MarkovChainMC -- 
Limit: r < 0.231729 +/- 0.00229893 @ 95% credibility (15 tries)
Done in 0.08 min (cpu), 0.08 min (real)
Generate toy 40/250

 -- MarkovChainMC -- 
Limit: r < 0.218891 +/- 0.00246444 @ 95% credibility (15 tries)
Done in 0.08 min (cpu), 0.08 min (real)
Generate toy 41/250

 -- MarkovChainMC -- 
Limit: r < 0.27336 +/- 0.00384662 @ 95% credibility (15 tries)
Done in 0.08 min (cpu), 0.08 min (real)
Generate toy 42/250

 -- MarkovChainMC -- 
Limit: r < 0.218199 +/- 0.00438513 @ 95% credibility (15 tries)
Done in 0.08 min (cpu), 0.08 min (real)
Generate toy 43/250

 -- MarkovChainMC -- 
Limit: r < 0.212022 +/- 0.00239793 @ 95% credibility (15 tries)
Done in 0.08 min (cpu), 0.08 min (real)
Generate toy 44/250

 -- MarkovChainMC -- 
Limit: r < 0.38486 +/- 0.00448946 @ 95% credibility (15 tries)
Done in 0.08 min (cpu), 0.08 min (real)
Generate toy 45/250

 -- MarkovChainMC -- 
Limit: r < 0.335619 +/- 0.00564701 @ 95% credibility (15 tries)
Done in 0.08 min (cpu), 0.08 min (real)
Generate toy 46/250

 -- MarkovChainMC -- 
Limit: r < 0.327368 +/- 0.00349907 @ 95% credibility (15 tries)
Done in 0.08 min (cpu), 0.08 min (real)
Generate toy 47/250

 -- MarkovChainMC -- 
Limit: r < 0.186106 +/- 0.00353561 @ 95% credibility (15 tries)
Done in 0.08 min (cpu), 0.08 min (real)
Generate toy 48/250

 -- MarkovChainMC -- 
Limit: r < 0.253588 +/- 0.00443735 @ 95% credibility (15 tries)
Done in 0.08 min (cpu), 0.08 min (real)
Generate toy 49/250

 -- MarkovChainMC -- 
Limit: r < 0.196278 +/- 0.00318751 @ 95% credibility (15 tries)
Done in 0.08 min (cpu), 0.08 min (real)
Generate toy 50/250

 -- MarkovChainMC -- 
Limit: r < 0.278244 +/- 0.00627382 @ 95% credibility (15 tries)
Done in 0.08 min (cpu), 0.08 min (real)
Generate toy 51/250

 -- MarkovChainMC -- 
Limit: r < 0.229421 +/- 0.00307826 @ 95% credibility (15 tries)
Done in 0.08 min (cpu), 0.08 min (real)
Generate toy 52/250

 -- MarkovChainMC -- 
Limit: r < 0.198326 +/- 0.0037131 @ 95% credibility (15 tries)
Done in 0.08 min (cpu), 0.08 min (real)
Generate toy 53/250

 -- MarkovChainMC -- 
Limit: r < 0.260416 +/- 0.00322548 @ 95% credibility (15 tries)
Done in 0.08 min (cpu), 0.08 min (real)
Generate toy 54/250

 -- MarkovChainMC -- 
Limit: r < 0.206091 +/- 0.00207457 @ 95% credibility (15 tries)
Done in 0.08 min (cpu), 0.08 min (real)
Generate toy 55/250

 -- MarkovChainMC -- 
Limit: r < 0.182015 +/- 0.00205616 @ 95% credibility (15 tries)
Done in 0.08 min (cpu), 0.08 min (real)
Generate toy 56/250

 -- MarkovChainMC -- 
Limit: r < 0.346591 +/- 0.002587 @ 95% credibility (15 tries)
Done in 0.08 min (cpu), 0.08 min (real)
Generate toy 57/250

 -- MarkovChainMC -- 
Limit: r < 0.177723 +/- 0.0032972 @ 95% credibility (15 tries)
Done in 0.08 min (cpu), 0.08 min (real)
Generate toy 58/250

 -- MarkovChainMC -- 
Limit: r < 0.203009 +/- 0.00267654 @ 95% credibility (15 tries)
Done in 0.08 min (cpu), 0.08 min (real)
Generate toy 59/250

 -- MarkovChainMC -- 
Limit: r < 0.175725 +/- 0.0022316 @ 95% credibility (15 tries)
Done in 0.08 min (cpu), 0.08 min (real)
Generate toy 60/250

 -- MarkovChainMC -- 
Limit: r < 0.254011 +/- 0.00423887 @ 95% credibility (15 tries)
Done in 0.08 min (cpu), 0.08 min (real)
Generate toy 61/250

 -- MarkovChainMC -- 
Limit: r < 0.211865 +/- 0.00332776 @ 95% credibility (15 tries)
Done in 0.08 min (cpu), 0.08 min (real)
Generate toy 62/250

 -- MarkovChainMC -- 
Limit: r < 0.178817 +/- 0.0029699 @ 95% credibility (15 tries)
Done in 0.08 min (cpu), 0.08 min (real)
Generate toy 63/250

 -- MarkovChainMC -- 
Limit: r < 0.18443 +/- 0.0038712 @ 95% credibility (15 tries)
Done in 0.08 min (cpu), 0.08 min (real)
Generate toy 64/250

 -- MarkovChainMC -- 
Limit: r < 0.345702 +/- 0.00952213 @ 95% credibility (15 tries)
Done in 0.08 min (cpu), 0.08 min (real)
Generate toy 65/250

 -- MarkovChainMC -- 
Limit: r < 0.283183 +/- 0.0043348 @ 95% credibility (15 tries)
Done in 0.08 min (cpu), 0.08 min (real)
Generate toy 66/250

 -- MarkovChainMC -- 
Limit: r < 0.182575 +/- 0.00267483 @ 95% credibility (15 tries)
Done in 0.08 min (cpu), 0.08 min (real)
Generate toy 67/250

 -- MarkovChainMC -- 
Limit: r < 0.2324 +/- 0.00393515 @ 95% credibility (15 tries)
Done in 0.08 min (cpu), 0.08 min (real)
Generate toy 68/250

 -- MarkovChainMC -- 
Limit: r < 0.207154 +/- 0.00305587 @ 95% credibility (15 tries)
Done in 0.08 min (cpu), 0.08 min (real)
Generate toy 69/250

 -- MarkovChainMC -- 
Limit: r < 0.192692 +/- 0.00171199 @ 95% credibility (15 tries)
Done in 0.08 min (cpu), 0.08 min (real)
Generate toy 70/250

 -- MarkovChainMC -- 
Limit: r < 0.168436 +/- 0.00260494 @ 95% credibility (15 tries)
Done in 0.08 min (cpu), 0.08 min (real)
Generate toy 71/250

 -- MarkovChainMC -- 
Limit: r < 0.218772 +/- 0.00370634 @ 95% credibility (15 tries)
Done in 0.08 min (cpu), 0.08 min (real)
Generate toy 72/250

 -- MarkovChainMC -- 
Limit: r < 0.210332 +/- 0.00428661 @ 95% credibility (15 tries)
Done in 0.08 min (cpu), 0.08 min (real)
Generate toy 73/250

 -- MarkovChainMC -- 
Limit: r < 0.216382 +/- 0.00118942 @ 95% credibility (15 tries)
Done in 0.08 min (cpu), 0.08 min (real)
Generate toy 74/250

 -- MarkovChainMC -- 
Limit: r < 0.160104 +/- 0.00286898 @ 95% credibility (15 tries)
Done in 0.08 min (cpu), 0.08 min (real)
Generate toy 75/250

 -- MarkovChainMC -- 
Limit: r < 0.196278 +/- 0.00374021 @ 95% credibility (15 tries)
Done in 0.08 min (cpu), 0.08 min (real)
Generate toy 76/250

 -- MarkovChainMC -- 
Limit: r < 0.188305 +/- 0.00297863 @ 95% credibility (15 tries)
Done in 0.08 min (cpu), 0.08 min (real)
Generate toy 77/250

 -- MarkovChainMC -- 
Limit: r < 0.276005 +/- 0.00351819 @ 95% credibility (15 tries)
Done in 0.08 min (cpu), 0.08 min (real)
Generate toy 78/250

 -- MarkovChainMC -- 
Limit: r < 0.242332 +/- 0.00164254 @ 95% credibility (15 tries)
Done in 0.08 min (cpu), 0.08 min (real)
Generate toy 79/250

 -- MarkovChainMC -- 
Limit: r < 0.198275 +/- 0.00341267 @ 95% credibility (15 tries)
Done in 0.08 min (cpu), 0.08 min (real)
Generate toy 80/250

 -- MarkovChainMC -- 
Limit: r < 0.219876 +/- 0.0047172 @ 95% credibility (15 tries)
Done in 0.08 min (cpu), 0.08 min (real)
Generate toy 81/250

 -- MarkovChainMC -- 
Limit: r < 0.290784 +/- 0.00400458 @ 95% credibility (15 tries)
Done in 0.08 min (cpu), 0.08 min (real)
Generate toy 82/250

 -- MarkovChainMC -- 
Limit: r < 0.176164 +/- 0.00280548 @ 95% credibility (15 tries)
Done in 0.08 min (cpu), 0.08 min (real)
Generate toy 83/250

 -- MarkovChainMC -- 
Limit: r < 0.176296 +/- 0.00323162 @ 95% credibility (15 tries)
Done in 0.08 min (cpu), 0.08 min (real)
Generate toy 84/250

 -- MarkovChainMC -- 
Limit: r < 0.211529 +/- 0.00150305 @ 95% credibility (15 tries)
Done in 0.08 min (cpu), 0.08 min (real)
Generate toy 85/250

 -- MarkovChainMC -- 
Limit: r < 0.198491 +/- 0.00317759 @ 95% credibility (15 tries)
Done in 0.08 min (cpu), 0.08 min (real)
Generate toy 86/250

 -- MarkovChainMC -- 
Limit: r < 0.2414 +/- 0.00365518 @ 95% credibility (15 tries)
Done in 0.08 min (cpu), 0.08 min (real)
Generate toy 87/250

 -- MarkovChainMC -- 
Limit: r < 0.242032 +/- 0.00140652 @ 95% credibility (15 tries)
Done in 0.08 min (cpu), 0.08 min (real)
Generate toy 88/250

 -- MarkovChainMC -- 
Limit: r < 0.213974 +/- 0.00295481 @ 95% credibility (15 tries)
Done in 0.08 min (cpu), 0.08 min (real)
Generate toy 89/250

 -- MarkovChainMC -- 
Limit: r < 0.219115 +/- 0.00101458 @ 95% credibility (15 tries)
Done in 0.08 min (cpu), 0.08 min (real)
Generate toy 90/250

 -- MarkovChainMC -- 
Limit: r < 0.178143 +/- 0.00500899 @ 95% credibility (15 tries)
Done in 0.08 min (cpu), 0.08 min (real)
Generate toy 91/250

 -- MarkovChainMC -- 
Limit: r < 0.208372 +/- 0.00267395 @ 95% credibility (15 tries)
Done in 0.08 min (cpu), 0.08 min (real)
Generate toy 92/250

 -- MarkovChainMC -- 
Limit: r < 0.196474 +/- 0.00327469 @ 95% credibility (15 tries)
Done in 0.08 min (cpu), 0.08 min (real)
Generate toy 93/250

 -- MarkovChainMC -- 
Limit: r < 0.276305 +/- 0.00482031 @ 95% credibility (15 tries)
Done in 0.08 min (cpu), 0.08 min (real)
Generate toy 94/250

 -- MarkovChainMC -- 
Limit: r < 0.206327 +/- 0.00299466 @ 95% credibility (15 tries)
Done in 0.08 min (cpu), 0.08 min (real)
Generate toy 95/250

 -- MarkovChainMC -- 
Limit: r < 0.203677 +/- 0.00248287 @ 95% credibility (15 tries)
Done in 0.08 min (cpu), 0.08 min (real)
Generate toy 96/250

 -- MarkovChainMC -- 
Limit: r < 0.216076 +/- 0.0036101 @ 95% credibility (15 tries)
Done in 0.08 min (cpu), 0.08 min (real)
Generate toy 97/250

 -- MarkovChainMC -- 
Limit: r < 0.2046 +/- 0.0019414 @ 95% credibility (15 tries)
Done in 0.08 min (cpu), 0.08 min (real)
Generate toy 98/250

 -- MarkovChainMC -- 
Limit: r < 0.193556 +/- 0.00333962 @ 95% credibility (15 tries)
Done in 0.08 min (cpu), 0.08 min (real)
Generate toy 99/250

 -- MarkovChainMC -- 
Limit: r < 0.188806 +/- 0.004218 @ 95% credibility (15 tries)
Done in 0.08 min (cpu), 0.08 min (real)
Generate toy 100/250

 -- MarkovChainMC -- 
Limit: r < 0.194789 +/- 0.00309393 @ 95% credibility (15 tries)
Done in 0.08 min (cpu), 0.08 min (real)
Generate toy 101/250

 -- MarkovChainMC -- 
Limit: r < 0.165879 +/- 0.00411585 @ 95% credibility (15 tries)
Done in 0.08 min (cpu), 0.08 min (real)
Generate toy 102/250

 -- MarkovChainMC -- 
Limit: r < 0.17001 +/- 0.00385817 @ 95% credibility (15 tries)
Done in 0.08 min (cpu), 0.08 min (real)
Generate toy 103/250

 -- MarkovChainMC -- 
Limit: r < 0.218412 +/- 0.00530303 @ 95% credibility (15 tries)
Done in 0.08 min (cpu), 0.08 min (real)
Generate toy 104/250

 -- MarkovChainMC -- 
Limit: r < 0.206121 +/- 0.00271892 @ 95% credibility (15 tries)
Done in 0.08 min (cpu), 0.08 min (real)
Generate toy 105/250

 -- MarkovChainMC -- 
Limit: r < 0.243443 +/- 0.00482635 @ 95% credibility (15 tries)
Done in 0.08 min (cpu), 0.08 min (real)
Generate toy 106/250

 -- MarkovChainMC -- 
Limit: r < 0.237825 +/- 0.00637761 @ 95% credibility (15 tries)
Done in 0.08 min (cpu), 0.08 min (real)
Generate toy 107/250

 -- MarkovChainMC -- 
Limit: r < 0.242281 +/- 0.00314835 @ 95% credibility (15 tries)
Done in 0.08 min (cpu), 0.08 min (real)
Generate toy 108/250

 -- MarkovChainMC -- 
Limit: r < 0.231089 +/- 0.00435339 @ 95% credibility (15 tries)
Done in 0.08 min (cpu), 0.08 min (real)
Generate toy 109/250

 -- MarkovChainMC -- 
Limit: r < 0.179727 +/- 0.00285609 @ 95% credibility (15 tries)
Done in 0.08 min (cpu), 0.08 min (real)
Generate toy 110/250

 -- MarkovChainMC -- 
Limit: r < 0.258453 +/- 0.00467182 @ 95% credibility (15 tries)
Done in 0.08 min (cpu), 0.08 min (real)
Generate toy 111/250

 -- MarkovChainMC -- 
Limit: r < 0.185357 +/- 0.00327772 @ 95% credibility (15 tries)
Done in 0.08 min (cpu), 0.08 min (real)
Generate toy 112/250

 -- MarkovChainMC -- 
Limit: r < 0.262853 +/- 0.0040973 @ 95% credibility (15 tries)
Done in 0.08 min (cpu), 0.08 min (real)
Generate toy 113/250

 -- MarkovChainMC -- 
Limit: r < 0.234584 +/- 0.00480814 @ 95% credibility (15 tries)
Done in 0.08 min (cpu), 0.08 min (real)
Generate toy 114/250

 -- MarkovChainMC -- 
Limit: r < 0.223382 +/- 0.00118866 @ 95% credibility (15 tries)
Done in 0.08 min (cpu), 0.08 min (real)
Generate toy 115/250

 -- MarkovChainMC -- 
Limit: r < 0.168724 +/- 0.00312617 @ 95% credibility (15 tries)
Done in 0.08 min (cpu), 0.08 min (real)
Generate toy 116/250

 -- MarkovChainMC -- 
Limit: r < 0.201157 +/- 0.00189707 @ 95% credibility (15 tries)
Done in 0.08 min (cpu), 0.08 min (real)
Generate toy 117/250

 -- MarkovChainMC -- 
Limit: r < 0.216778 +/- 0.00338281 @ 95% credibility (15 tries)
Done in 0.08 min (cpu), 0.08 min (real)
Generate toy 118/250

 -- MarkovChainMC -- 
Limit: r < 0.218643 +/- 0.00362837 @ 95% credibility (15 tries)
Done in 0.08 min (cpu), 0.08 min (real)
Generate toy 119/250

 -- MarkovChainMC -- 
Limit: r < 0.3111 +/- 0.00570355 @ 95% credibility (15 tries)
Done in 0.08 min (cpu), 0.08 min (real)
Generate toy 120/250

 -- MarkovChainMC -- 
Limit: r < 0.193362 +/- 0.00451857 @ 95% credibility (15 tries)
Done in 0.08 min (cpu), 0.08 min (real)
Generate toy 121/250

 -- MarkovChainMC -- 
Limit: r < 0.193079 +/- 0.00286311 @ 95% credibility (15 tries)
Done in 0.08 min (cpu), 0.08 min (real)
Generate toy 122/250

 -- MarkovChainMC -- 
Limit: r < 0.216282 +/- 0.00198461 @ 95% credibility (15 tries)
Done in 0.08 min (cpu), 0.08 min (real)
Generate toy 123/250

 -- MarkovChainMC -- 
Limit: r < 0.179421 +/- 0.00293395 @ 95% credibility (15 tries)
Done in 0.08 min (cpu), 0.08 min (real)
Generate toy 124/250

 -- MarkovChainMC -- 
Limit: r < 0.216494 +/- 0.00444457 @ 95% credibility (15 tries)
Done in 0.08 min (cpu), 0.08 min (real)
Generate toy 125/250

 -- MarkovChainMC -- 
Limit: r < 0.182156 +/- 0.00380652 @ 95% credibility (15 tries)
Done in 0.08 min (cpu), 0.08 min (real)
Generate toy 126/250

 -- MarkovChainMC -- 
Limit: r < 0.250208 +/- 0.00409272 @ 95% credibility (15 tries)
Done in 0.08 min (cpu), 0.08 min (real)
Generate toy 127/250

 -- MarkovChainMC -- 
Limit: r < 0.217611 +/- 0.00380145 @ 95% credibility (15 tries)
Done in 0.08 min (cpu), 0.08 min (real)
Generate toy 128/250

 -- MarkovChainMC -- 
Limit: r < 0.216588 +/- 0.00396757 @ 95% credibility (15 tries)
Done in 0.08 min (cpu), 0.08 min (real)
Generate toy 129/250

 -- MarkovChainMC -- 
Limit: r < 0.166121 +/- 0.0040244 @ 95% credibility (15 tries)
Done in 0.08 min (cpu), 0.08 min (real)
Generate toy 130/250

 -- MarkovChainMC -- 
Limit: r < 0.157974 +/- 0.003472 @ 95% credibility (15 tries)
Done in 0.08 min (cpu), 0.08 min (real)
Generate toy 131/250

 -- MarkovChainMC -- 
Limit: r < 0.155953 +/- 0.00281601 @ 95% credibility (15 tries)
Done in 0.08 min (cpu), 0.08 min (real)
Generate toy 132/250

 -- MarkovChainMC -- 
Limit: r < 0.169765 +/- 0.00478255 @ 95% credibility (15 tries)
Done in 0.08 min (cpu), 0.08 min (real)
Generate toy 133/250

 -- MarkovChainMC -- 
Limit: r < 0.198343 +/- 0.00290158 @ 95% credibility (15 tries)
Done in 0.08 min (cpu), 0.08 min (real)
Generate toy 134/250

 -- MarkovChainMC -- 
Limit: r < 0.22605 +/- 0.00345724 @ 95% credibility (15 tries)
Done in 0.08 min (cpu), 0.08 min (real)
Generate toy 135/250

 -- MarkovChainMC -- 
Limit: r < 0.166218 +/- 0.00303803 @ 95% credibility (15 tries)
Done in 0.08 min (cpu), 0.08 min (real)
Generate toy 136/250

 -- MarkovChainMC -- 
Limit: r < 0.297572 +/- 0.00522541 @ 95% credibility (15 tries)
Done in 0.08 min (cpu), 0.08 min (real)
Generate toy 137/250

 -- MarkovChainMC -- 
Limit: r < 0.22416 +/- 0.00235919 @ 95% credibility (15 tries)
Done in 0.08 min (cpu), 0.08 min (real)
Generate toy 138/250

 -- MarkovChainMC -- 
Limit: r < 0.215775 +/- 0.00319457 @ 95% credibility (15 tries)
Done in 0.08 min (cpu), 0.08 min (real)
Generate toy 139/250

 -- MarkovChainMC -- 
Limit: r < 0.182441 +/- 0.00380417 @ 95% credibility (15 tries)
Done in 0.08 min (cpu), 0.08 min (real)
Generate toy 140/250

 -- MarkovChainMC -- 
Limit: r < 0.207163 +/- 0.00409748 @ 95% credibility (15 tries)
Done in 0.08 min (cpu), 0.08 min (real)
Generate toy 141/250

 -- MarkovChainMC -- 
Limit: r < 0.271768 +/- 0.00282784 @ 95% credibility (15 tries)
Done in 0.08 min (cpu), 0.08 min (real)
Generate toy 142/250

 -- MarkovChainMC -- 
Limit: r < 0.183617 +/- 0.00313262 @ 95% credibility (15 tries)
Done in 0.08 min (cpu), 0.08 min (real)
Generate toy 143/250

 -- MarkovChainMC -- 
Limit: r < 0.213468 +/- 0.00289976 @ 95% credibility (15 tries)
Done in 0.08 min (cpu), 0.08 min (real)
Generate toy 144/250

 -- MarkovChainMC -- 
Limit: r < 0.21171 +/- 0.00259788 @ 95% credibility (15 tries)
Done in 0.08 min (cpu), 0.08 min (real)
Generate toy 145/250

 -- MarkovChainMC -- 
Limit: r < 0.293886 +/- 0.00289432 @ 95% credibility (15 tries)
Done in 0.08 min (cpu), 0.08 min (real)
Generate toy 146/250

 -- MarkovChainMC -- 
Limit: r < 0.334078 +/- 0.00434404 @ 95% credibility (15 tries)
Done in 0.08 min (cpu), 0.08 min (real)
Generate toy 147/250

 -- MarkovChainMC -- 
Limit: r < 0.252949 +/- 0.00352495 @ 95% credibility (15 tries)
Done in 0.08 min (cpu), 0.08 min (real)
Generate toy 148/250

 -- MarkovChainMC -- 
Limit: r < 0.212824 +/- 0.00243763 @ 95% credibility (15 tries)
Done in 0.08 min (cpu), 0.08 min (real)
Generate toy 149/250

 -- MarkovChainMC -- 
Limit: r < 0.176857 +/- 0.00437734 @ 95% credibility (15 tries)
Done in 0.08 min (cpu), 0.08 min (real)
Generate toy 150/250

 -- MarkovChainMC -- 
Limit: r < 0.182994 +/- 0.0027035 @ 95% credibility (15 tries)
Done in 0.08 min (cpu), 0.08 min (real)
Generate toy 151/250

 -- MarkovChainMC -- 
Limit: r < 0.251546 +/- 0.00417034 @ 95% credibility (15 tries)
Done in 0.08 min (cpu), 0.08 min (real)
Generate toy 152/250

 -- MarkovChainMC -- 
Limit: r < 0.219956 +/- 0.00479455 @ 95% credibility (15 tries)
Done in 0.08 min (cpu), 0.08 min (real)
Generate toy 153/250

 -- MarkovChainMC -- 
Limit: r < 0.187939 +/- 0.00164288 @ 95% credibility (15 tries)
Done in 0.08 min (cpu), 0.08 min (real)
Generate toy 154/250

 -- MarkovChainMC -- 
Limit: r < 0.29678 +/- 0.00431559 @ 95% credibility (15 tries)
Done in 0.08 min (cpu), 0.08 min (real)
Generate toy 155/250

 -- MarkovChainMC -- 
Limit: r < 0.208085 +/- 0.00326386 @ 95% credibility (15 tries)
Done in 0.08 min (cpu), 0.08 min (real)
Generate toy 156/250

 -- MarkovChainMC -- 
Limit: r < 0.18279 +/- 0.00367614 @ 95% credibility (15 tries)
Done in 0.08 min (cpu), 0.08 min (real)
Generate toy 157/250

 -- MarkovChainMC -- 
Limit: r < 0.18012 +/- 0.00245226 @ 95% credibility (15 tries)
Done in 0.08 min (cpu), 0.08 min (real)
Generate toy 158/250

 -- MarkovChainMC -- 
Limit: r < 0.176545 +/- 0.00371509 @ 95% credibility (15 tries)
Done in 0.08 min (cpu), 0.08 min (real)
Generate toy 159/250

 -- MarkovChainMC -- 
Limit: r < 0.259718 +/- 0.00307165 @ 95% credibility (15 tries)
Done in 0.08 min (cpu), 0.08 min (real)
Generate toy 160/250

 -- MarkovChainMC -- 
Limit: r < 0.189663 +/- 0.00276091 @ 95% credibility (15 tries)
Done in 0.08 min (cpu), 0.08 min (real)
Generate toy 161/250

 -- MarkovChainMC -- 
Limit: r < 0.228863 +/- 0.0038066 @ 95% credibility (15 tries)
Done in 0.08 min (cpu), 0.08 min (real)
Generate toy 162/250

 -- MarkovChainMC -- 
Limit: r < 0.253538 +/- 0.00458893 @ 95% credibility (15 tries)
Done in 0.08 min (cpu), 0.08 min (real)
Generate toy 163/250

 -- MarkovChainMC -- 
Limit: r < 0.229385 +/- 0.00268802 @ 95% credibility (15 tries)
Done in 0.08 min (cpu), 0.08 min (real)
Generate toy 164/250

 -- MarkovChainMC -- 
Limit: r < 0.237369 +/- 0.00343163 @ 95% credibility (15 tries)
Done in 0.08 min (cpu), 0.08 min (real)
Generate toy 165/250

 -- MarkovChainMC -- 
Limit: r < 0.241242 +/- 0.00293725 @ 95% credibility (15 tries)
Done in 0.08 min (cpu), 0.08 min (real)
Generate toy 166/250

 -- MarkovChainMC -- 
Limit: r < 0.205536 +/- 0.00284765 @ 95% credibility (15 tries)
Done in 0.08 min (cpu), 0.08 min (real)
Generate toy 167/250

 -- MarkovChainMC -- 
Limit: r < 0.194678 +/- 0.00319455 @ 95% credibility (15 tries)
Done in 0.08 min (cpu), 0.08 min (real)
Generate toy 168/250

 -- MarkovChainMC -- 
Limit: r < 0.182039 +/- 0.00374507 @ 95% credibility (15 tries)
Done in 0.08 min (cpu), 0.08 min (real)
Generate toy 169/250

 -- MarkovChainMC -- 
Limit: r < 0.245782 +/- 0.00263853 @ 95% credibility (15 tries)
Done in 0.08 min (cpu), 0.08 min (real)
Generate toy 170/250

 -- MarkovChainMC -- 
Limit: r < 0.205969 +/- 0.00461435 @ 95% credibility (15 tries)
Done in 0.08 min (cpu), 0.08 min (real)
Generate toy 171/250

 -- MarkovChainMC -- 
Limit: r < 0.194409 +/- 0.00221365 @ 95% credibility (15 tries)
Done in 0.08 min (cpu), 0.08 min (real)
Generate toy 172/250

 -- MarkovChainMC -- 
Limit: r < 0.205361 +/- 0.00450284 @ 95% credibility (15 tries)
Done in 0.08 min (cpu), 0.08 min (real)
Generate toy 173/250

 -- MarkovChainMC -- 
Limit: r < 0.279548 +/- 0.00326287 @ 95% credibility (15 tries)
Done in 0.08 min (cpu), 0.08 min (real)
Generate toy 174/250

 -- MarkovChainMC -- 
Limit: r < 0.162054 +/- 0.00265966 @ 95% credibility (15 tries)
Done in 0.08 min (cpu), 0.08 min (real)
Generate toy 175/250

 -- MarkovChainMC -- 
Limit: r < 0.191778 +/- 0.00429531 @ 95% credibility (15 tries)
Done in 0.08 min (cpu), 0.08 min (real)
Generate toy 176/250

 -- MarkovChainMC -- 
Limit: r < 0.205321 +/- 0.0039666 @ 95% credibility (15 tries)
Done in 0.08 min (cpu), 0.08 min (real)
Generate toy 177/250

 -- MarkovChainMC -- 
Limit: r < 0.331601 +/- 0.00382039 @ 95% credibility (15 tries)
Done in 0.08 min (cpu), 0.08 min (real)
Generate toy 178/250

 -- MarkovChainMC -- 
Limit: r < 0.227999 +/- 0.00369882 @ 95% credibility (15 tries)
Done in 0.08 min (cpu), 0.08 min (real)
Generate toy 179/250

 -- MarkovChainMC -- 
Limit: r < 0.175565 +/- 0.00280177 @ 95% credibility (15 tries)
Done in 0.08 min (cpu), 0.08 min (real)
Generate toy 180/250

 -- MarkovChainMC -- 
Limit: r < 0.182135 +/- 0.00338906 @ 95% credibility (15 tries)
Done in 0.08 min (cpu), 0.08 min (real)
Generate toy 181/250

 -- MarkovChainMC -- 
Limit: r < 0.263173 +/- 0.00203504 @ 95% credibility (15 tries)
Done in 0.08 min (cpu), 0.08 min (real)
Generate toy 182/250

 -- MarkovChainMC -- 
Limit: r < 0.20394 +/- 0.00350212 @ 95% credibility (15 tries)
Done in 0.08 min (cpu), 0.08 min (real)
Generate toy 183/250

 -- MarkovChainMC -- 
Limit: r < 0.195535 +/- 0.00434242 @ 95% credibility (15 tries)
Done in 0.08 min (cpu), 0.08 min (real)
Generate toy 184/250

 -- MarkovChainMC -- 
Limit: r < 0.233635 +/- 0.00420269 @ 95% credibility (15 tries)
Done in 0.08 min (cpu), 0.08 min (real)
Generate toy 185/250

 -- MarkovChainMC -- 
Limit: r < 0.196918 +/- 0.00308302 @ 95% credibility (15 tries)
Done in 0.08 min (cpu), 0.08 min (real)
Generate toy 186/250

 -- MarkovChainMC -- 
Limit: r < 0.214196 +/- 0.00323137 @ 95% credibility (15 tries)
Done in 0.08 min (cpu), 0.08 min (real)
Generate toy 187/250

 -- MarkovChainMC -- 
Limit: r < 0.218036 +/- 0.00562457 @ 95% credibility (15 tries)
Done in 0.08 min (cpu), 0.08 min (real)
Generate toy 188/250

 -- MarkovChainMC -- 
Limit: r < 0.192696 +/- 0.00293023 @ 95% credibility (15 tries)
Done in 0.08 min (cpu), 0.08 min (real)
Generate toy 189/250

 -- MarkovChainMC -- 
Limit: r < 0.241789 +/- 0.00532387 @ 95% credibility (15 tries)
Done in 0.08 min (cpu), 0.08 min (real)
Generate toy 190/250

 -- MarkovChainMC -- 
Limit: r < 0.171002 +/- 0.00107754 @ 95% credibility (15 tries)
Done in 0.08 min (cpu), 0.08 min (real)
Generate toy 191/250

 -- MarkovChainMC -- 
Limit: r < 0.20201 +/- 0.00276317 @ 95% credibility (15 tries)
Done in 0.08 min (cpu), 0.08 min (real)
Generate toy 192/250

 -- MarkovChainMC -- 
Limit: r < 0.259081 +/- 0.00428117 @ 95% credibility (15 tries)
Done in 0.08 min (cpu), 0.08 min (real)
Generate toy 193/250

 -- MarkovChainMC -- 
Limit: r < 0.208047 +/- 0.00558331 @ 95% credibility (15 tries)
Done in 0.08 min (cpu), 0.08 min (real)
Generate toy 194/250

 -- MarkovChainMC -- 
Limit: r < 0.202256 +/- 0.00330947 @ 95% credibility (15 tries)
Done in 0.08 min (cpu), 0.08 min (real)
Generate toy 195/250

 -- MarkovChainMC -- 
Limit: r < 0.186779 +/- 0.00358872 @ 95% credibility (15 tries)
Done in 0.08 min (cpu), 0.08 min (real)
Generate toy 196/250

 -- MarkovChainMC -- 
Limit: r < 0.195484 +/- 0.00436669 @ 95% credibility (15 tries)
Done in 0.08 min (cpu), 0.08 min (real)
Generate toy 197/250

 -- MarkovChainMC -- 
Limit: r < 0.352233 +/- 0.00412852 @ 95% credibility (15 tries)
Done in 0.08 min (cpu), 0.08 min (real)
Generate toy 198/250

 -- MarkovChainMC -- 
Limit: r < 0.227531 +/- 0.00397688 @ 95% credibility (15 tries)
Done in 0.08 min (cpu), 0.08 min (real)
Generate toy 199/250

 -- MarkovChainMC -- 
Limit: r < 0.2028 +/- 0.00560821 @ 95% credibility (15 tries)
Done in 0.08 min (cpu), 0.08 min (real)
Generate toy 200/250

 -- MarkovChainMC -- 
Limit: r < 0.223111 +/- 0.00172453 @ 95% credibility (15 tries)
Done in 0.08 min (cpu), 0.08 min (real)
Generate toy 201/250

 -- MarkovChainMC -- 
Limit: r < 0.191406 +/- 0.00517729 @ 95% credibility (15 tries)
Done in 0.08 min (cpu), 0.08 min (real)
Generate toy 202/250

 -- MarkovChainMC -- 
Limit: r < 0.187143 +/- 0.00234519 @ 95% credibility (15 tries)
Done in 0.08 min (cpu), 0.08 min (real)
Generate toy 203/250

 -- MarkovChainMC -- 
Limit: r < 0.195426 +/- 0.00440413 @ 95% credibility (15 tries)
Done in 0.08 min (cpu), 0.08 min (real)
Generate toy 204/250

 -- MarkovChainMC -- 
Limit: r < 0.195513 +/- 0.00235181 @ 95% credibility (15 tries)
Done in 0.08 min (cpu), 0.08 min (real)
Generate toy 205/250

 -- MarkovChainMC -- 
Limit: r < 0.219965 +/- 0.00198863 @ 95% credibility (15 tries)
Done in 0.08 min (cpu), 0.08 min (real)
Generate toy 206/250

 -- MarkovChainMC -- 
Limit: r < 0.153138 +/- 0.00280117 @ 95% credibility (15 tries)
Done in 0.08 min (cpu), 0.08 min (real)
Generate toy 207/250

 -- MarkovChainMC -- 
Limit: r < 0.181147 +/- 0.00269217 @ 95% credibility (15 tries)
Done in 0.08 min (cpu), 0.08 min (real)
Generate toy 208/250

 -- MarkovChainMC -- 
Limit: r < 0.249823 +/- 0.00602082 @ 95% credibility (15 tries)
Done in 0.08 min (cpu), 0.08 min (real)
Generate toy 209/250

 -- MarkovChainMC -- 
Limit: r < 0.215512 +/- 0.00333959 @ 95% credibility (15 tries)
Done in 0.08 min (cpu), 0.08 min (real)
Generate toy 210/250

 -- MarkovChainMC -- 
Limit: r < 0.219109 +/- 0.00324364 @ 95% credibility (15 tries)
Done in 0.08 min (cpu), 0.08 min (real)
Generate toy 211/250

 -- MarkovChainMC -- 
Limit: r < 0.211158 +/- 0.00292802 @ 95% credibility (15 tries)
Done in 0.08 min (cpu), 0.08 min (real)
Generate toy 212/250

 -- MarkovChainMC -- 
Limit: r < 0.263152 +/- 0.00286401 @ 95% credibility (15 tries)
Done in 0.08 min (cpu), 0.08 min (real)
Generate toy 213/250

 -- MarkovChainMC -- 
Limit: r < 0.160679 +/- 0.0026162 @ 95% credibility (15 tries)
Done in 0.08 min (cpu), 0.08 min (real)
Generate toy 214/250

 -- MarkovChainMC -- 
Limit: r < 0.233374 +/- 0.00493418 @ 95% credibility (15 tries)
Done in 0.08 min (cpu), 0.08 min (real)
Generate toy 215/250

 -- MarkovChainMC -- 
Limit: r < 0.262356 +/- 0.00364111 @ 95% credibility (15 tries)
Done in 0.08 min (cpu), 0.08 min (real)
Generate toy 216/250

 -- MarkovChainMC -- 
Limit: r < 0.19531 +/- 0.00374869 @ 95% credibility (15 tries)
Done in 0.08 min (cpu), 0.08 min (real)
Generate toy 217/250

 -- MarkovChainMC -- 
Limit: r < 0.214948 +/- 0.00398709 @ 95% credibility (15 tries)
Done in 0.08 min (cpu), 0.08 min (real)
Generate toy 218/250

 -- MarkovChainMC -- 
Limit: r < 0.216928 +/- 0.00364377 @ 95% credibility (15 tries)
Done in 0.08 min (cpu), 0.08 min (real)
Generate toy 219/250

 -- MarkovChainMC -- 
Limit: r < 0.199981 +/- 0.00319337 @ 95% credibility (15 tries)
Done in 0.08 min (cpu), 0.08 min (real)
Generate toy 220/250

 -- MarkovChainMC -- 
Limit: r < 0.197867 +/- 0.0034343 @ 95% credibility (15 tries)
Done in 0.08 min (cpu), 0.08 min (real)
Generate toy 221/250

 -- MarkovChainMC -- 
Limit: r < 0.205114 +/- 0.00298328 @ 95% credibility (15 tries)
Done in 0.08 min (cpu), 0.08 min (real)
Generate toy 222/250

 -- MarkovChainMC -- 
Limit: r < 0.190374 +/- 0.00202993 @ 95% credibility (15 tries)
Done in 0.08 min (cpu), 0.08 min (real)
Generate toy 223/250

 -- MarkovChainMC -- 
Limit: r < 0.218168 +/- 0.00240329 @ 95% credibility (15 tries)
Done in 0.08 min (cpu), 0.08 min (real)
Generate toy 224/250

 -- MarkovChainMC -- 
Limit: r < 0.195369 +/- 0.00408333 @ 95% credibility (15 tries)
Done in 0.08 min (cpu), 0.08 min (real)
Generate toy 225/250

 -- MarkovChainMC -- 
Limit: r < 0.164886 +/- 0.00342174 @ 95% credibility (15 tries)
Done in 0.08 min (cpu), 0.08 min (real)
Generate toy 226/250

 -- MarkovChainMC -- 
Limit: r < 0.176695 +/- 0.00253017 @ 95% credibility (15 tries)
Done in 0.08 min (cpu), 0.08 min (real)
Generate toy 227/250

 -- MarkovChainMC -- 
Limit: r < 0.18056 +/- 0.00218007 @ 95% credibility (15 tries)
Done in 0.08 min (cpu), 0.08 min (real)
Generate toy 228/250

 -- MarkovChainMC -- 
Limit: r < 0.18417 +/- 0.00363077 @ 95% credibility (15 tries)
Done in 0.08 min (cpu), 0.08 min (real)
Generate toy 229/250

 -- MarkovChainMC -- 
Limit: r < 0.217482 +/- 0.00416689 @ 95% credibility (15 tries)
Done in 0.08 min (cpu), 0.08 min (real)
Generate toy 230/250

 -- MarkovChainMC -- 
Limit: r < 0.26829 +/- 0.00390999 @ 95% credibility (15 tries)
Done in 0.08 min (cpu), 0.08 min (real)
Generate toy 231/250

 -- MarkovChainMC -- 
Limit: r < 0.27889 +/- 0.00381106 @ 95% credibility (15 tries)
Done in 0.08 min (cpu), 0.08 min (real)
Generate toy 232/250

 -- MarkovChainMC -- 
Limit: r < 0.186219 +/- 0.0032961 @ 95% credibility (15 tries)
Done in 0.08 min (cpu), 0.08 min (real)
Generate toy 233/250

 -- MarkovChainMC -- 
Limit: r < 0.177768 +/- 0.00340661 @ 95% credibility (15 tries)
Done in 0.08 min (cpu), 0.08 min (real)
Generate toy 234/250

 -- MarkovChainMC -- 
Limit: r < 0.19858 +/- 0.00401096 @ 95% credibility (15 tries)
Done in 0.08 min (cpu), 0.08 min (real)
Generate toy 235/250

 -- MarkovChainMC -- 
Limit: r < 0.17616 +/- 0.00221448 @ 95% credibility (15 tries)
Done in 0.08 min (cpu), 0.08 min (real)
Generate toy 236/250

 -- MarkovChainMC -- 
Limit: r < 0.208873 +/- 0.00548561 @ 95% credibility (15 tries)
Done in 0.08 min (cpu), 0.08 min (real)
Generate toy 237/250

 -- MarkovChainMC -- 
Limit: r < 0.201781 +/- 0.00251629 @ 95% credibility (15 tries)
Done in 0.08 min (cpu), 0.08 min (real)
Generate toy 238/250

 -- MarkovChainMC -- 
Limit: r < 0.207912 +/- 0.00356239 @ 95% credibility (15 tries)
Done in 0.08 min (cpu), 0.08 min (real)
Generate toy 239/250

 -- MarkovChainMC -- 
Limit: r < 0.201297 +/- 0.0028992 @ 95% credibility (15 tries)
Done in 0.08 min (cpu), 0.08 min (real)
Generate toy 240/250

 -- MarkovChainMC -- 
Limit: r < 0.281164 +/- 0.00334918 @ 95% credibility (15 tries)
Done in 0.08 min (cpu), 0.08 min (real)
Generate toy 241/250

 -- MarkovChainMC -- 
Limit: r < 0.293135 +/- 0.0041724 @ 95% credibility (15 tries)
Done in 0.08 min (cpu), 0.08 min (real)
Generate toy 242/250

 -- MarkovChainMC -- 
Limit: r < 0.252458 +/- 0.00553962 @ 95% credibility (15 tries)
Done in 0.08 min (cpu), 0.08 min (real)
Generate toy 243/250

 -- MarkovChainMC -- 
Limit: r < 0.323283 +/- 0.00439657 @ 95% credibility (15 tries)
Done in 0.08 min (cpu), 0.08 min (real)
Generate toy 244/250

 -- MarkovChainMC -- 
Limit: r < 0.209057 +/- 0.00357043 @ 95% credibility (15 tries)
Done in 0.08 min (cpu), 0.08 min (real)
Generate toy 245/250

 -- MarkovChainMC -- 
Limit: r < 0.195116 +/- 0.00255631 @ 95% credibility (15 tries)
Done in 0.08 min (cpu), 0.08 min (real)
Generate toy 246/250

 -- MarkovChainMC -- 
Limit: r < 0.183711 +/- 0.00384314 @ 95% credibility (15 tries)
Done in 0.08 min (cpu), 0.08 min (real)
Generate toy 247/250

 -- MarkovChainMC -- 
Limit: r < 0.196035 +/- 0.00252257 @ 95% credibility (15 tries)
Done in 0.08 min (cpu), 0.08 min (real)
Generate toy 248/250

 -- MarkovChainMC -- 
Limit: r < 0.208523 +/- 0.00275417 @ 95% credibility (15 tries)
Done in 0.08 min (cpu), 0.08 min (real)
Generate toy 249/250

 -- MarkovChainMC -- 
Limit: r < 0.185504 +/- 0.00230786 @ 95% credibility (15 tries)
Done in 0.08 min (cpu), 0.08 min (real)
Generate toy 250/250

 -- MarkovChainMC -- 
Limit: r < 0.214145 +/- 0.0029555 @ 95% credibility (15 tries)
Done in 0.08 min (cpu), 0.08 min (real)
mean   expected limit: r < 0.219171 +/- 0.00273411 @ 95%CL (250 toyMC)
median expected limit: r < 0.208846 @ 95%CL (250 toyMC)
   68% expected band : 0.182015 < r < 0.259081
   95% expected band : 0.162054 < r < 0.335619
