 <<< Combine >>> 
 <<< v10.0.2 >>>
>>> Used OpenSSL to get a truly random seed 693413354
>>> Method used is MarkovChainMC
============================================================
Analyzing bin errors for: prop_binmuon_channel
Poisson cut-off: 10
Processes excluded for sums: Wprime5000_kR5
============================================================
Bin        Contents        Error           Notes                         
0          4247.045131     16.603232       total sum                     
0          4245.728997     16.603213       excluding marked processes    
0          65391.000000    255.716640      Unweighted events, alpha=0.064948
  => Total parameter prop_binmuon_channel_bin0[0.00,-7.00,7.00] to be Gaussian constrained
------------------------------------------------------------
1          1622.376781     7.828093        total sum                     
1          1621.101079     7.828053        excluding marked processes    
1          42886.000000    207.089353      Unweighted events, alpha=0.037830
  => Total parameter prop_binmuon_channel_bin1[0.00,-7.00,7.00] to be Gaussian constrained
------------------------------------------------------------
2          722.489356      4.795569        total sum                     
2          721.396648      4.795515        excluding marked processes    
2          22630.000000    150.432709      Unweighted events, alpha=0.031926
  => Total parameter prop_binmuon_channel_bin2[0.00,-7.00,7.00] to be Gaussian constrained
------------------------------------------------------------
3          360.241615      3.009433        total sum                     
3          359.285774      3.009355        excluding marked processes    
3          14254.000000    119.390117      Unweighted events, alpha=0.025273
  => Total parameter prop_binmuon_channel_bin3[0.00,-7.00,7.00] to be Gaussian constrained
------------------------------------------------------------
4          192.102359      3.360942        total sum                     
4          191.190097      3.360877        excluding marked processes    
4          3236.000000     56.885851       Unweighted events, alpha=0.059364
  => Total parameter prop_binmuon_channel_bin4[0.00,-7.00,7.00] to be Gaussian constrained
------------------------------------------------------------
5          113.022535      1.192279        total sum                     
5          112.217111      1.192110        excluding marked processes    
5          8861.000000     94.132885       Unweighted events, alpha=0.012755
  => Total parameter prop_binmuon_channel_bin5[0.00,-7.00,7.00] to be Gaussian constrained
------------------------------------------------------------
6          108.471566      1.524294        total sum                     
6          107.129583      1.524073        excluding marked processes    
6          4941.000000     70.292247       Unweighted events, alpha=0.021953
  => Total parameter prop_binmuon_channel_bin6[0.00,-7.00,7.00] to be Gaussian constrained
------------------------------------------------------------
7          42.103271       0.658297        total sum                     
7          41.104515       0.657922        excluding marked processes    
7          3903.000000     62.473995       Unweighted events, alpha=0.010787
  => Total parameter prop_binmuon_channel_bin7[0.00,-7.00,7.00] to be Gaussian constrained
------------------------------------------------------------
8          24.575716       0.587535        total sum                     
8          23.449391       0.587056        excluding marked processes    
8          1596.000000     39.949969       Unweighted events, alpha=0.015398
  => Total parameter prop_binmuon_channel_bin8[0.00,-7.00,7.00] to be Gaussian constrained
------------------------------------------------------------
9          9.177690        0.395085        total sum                     
9          8.355840        0.394559        excluding marked processes    
9          448.000000      21.166010       Unweighted events, alpha=0.020486
  => Total parameter prop_binmuon_channel_bin9[0.00,-7.00,7.00] to be Gaussian constrained
------------------------------------------------------------
10         4.228937        0.252600        total sum                     
10         3.506378        0.251887        excluding marked processes    
10         194.000000      13.928388       Unweighted events, alpha=0.021799
  => Total parameter prop_binmuon_channel_bin10[0.00,-7.00,7.00] to be Gaussian constrained
------------------------------------------------------------
11         1.986822        0.181038        total sum                     
11         1.363219        0.180174        excluding marked processes    
11         57.000000       7.549834        Unweighted events, alpha=0.034857
  => Total parameter prop_binmuon_channel_bin11[0.00,-7.00,7.00] to be Gaussian constrained
------------------------------------------------------------
12         0.801427        0.289301        total sum                     
12         0.530791        0.289065        excluding marked processes    
12         3.000000        1.732051        Unweighted events, alpha=0.267142
  => Number of weighted events is below Poisson threshold
    Wprime5000_kR5       0.270636        0.011678                                      
                         537.000000      23.173260       Unweighted events, alpha=0.000504
      => Parameter prop_binmuon_channel_bin12_Wprime5000_kR5[0.00,-7.00,7.00] to be Gaussian constrained
  ----------------------------------------------------------
    W_boson              0.216692        0.001181                                      
                         33653.000000    183.447540      Unweighted events, alpha=0.000006
      => Parameter prop_binmuon_channel_bin12_W_boson[0.00,-7.00,7.00] to be Gaussian constrained
  ----------------------------------------------------------
    Top                  0.000000        0.000000                                      
      => Error is zero, ignore      
  ----------------------------------------------------------
    Z_boson              0.004094        0.000500                                      
                         67.000000       8.185353        Unweighted events, alpha=0.000061
      => Parameter prop_binmuon_channel_bin12_Z_boson[0.00,-7.00,7.00] to be Gaussian constrained
  ----------------------------------------------------------
    DiBoson              0.288910        0.288561                                      
                         1.000000        1.000000        Unweighted events, alpha=0.288910
      => Product of prop_binmuon_channel_bin12_DiBoson[1.00,0.00,30.85] and const [1.0000] to be Poisson constrained
  ----------------------------------------------------------
    QCD                  0.021095        0.017013                                      
                         2.000000        1.414214        Unweighted events, alpha=0.010547
      => Product of prop_binmuon_channel_bin12_QCD[2.00,0.00,33.79] and const [0.5000] to be Poisson constrained
  ----------------------------------------------------------
------------------------------------------------------------
13         0.327412        0.011535        total sum                     
13         0.067145        0.000584        excluding marked processes    
13         13239.000000    115.060853      Unweighted events, alpha=0.000025
  => Total parameter prop_binmuon_channel_bin13[0.00,-7.00,7.00] to be Gaussian constrained
------------------------------------------------------------
14         0.045473        0.004388        total sum                     
14         0.003967        0.000043        excluding marked processes    
14         8482.000000     92.097774       Unweighted events, alpha=0.000005
  => Total parameter prop_binmuon_channel_bin14[0.00,-7.00,7.00] to be Gaussian constrained
------------------------------------------------------------
15         0.013719        0.004338        total sum                     
15         0.005625        0.003835        excluding marked processes    
15         2.000000        1.414214        Unweighted events, alpha=0.006860
  => Number of weighted events is below Poisson threshold
    Wprime5000_kR5       0.008094        0.002029                                      
                         16.000000       4.000000        Unweighted events, alpha=0.000506
      => Parameter prop_binmuon_channel_bin15_Wprime5000_kR5[0.00,-7.00,7.00] to be Gaussian constrained
  ----------------------------------------------------------
    W_boson              0.000849        0.000021                                      
                         1670.000000     40.865633       Unweighted events, alpha=0.000001
      => Parameter prop_binmuon_channel_bin15_W_boson[0.00,-7.00,7.00] to be Gaussian constrained
  ----------------------------------------------------------
    Top                  0.000000        0.000000                                      
      => Error is zero, ignore      
  ----------------------------------------------------------
    Z_boson              0.000011        0.000003                                      
                         16.000000       4.000000        Unweighted events, alpha=0.000001
      => Parameter prop_binmuon_channel_bin15_Z_boson[0.00,-7.00,7.00] to be Gaussian constrained
  ----------------------------------------------------------
    DiBoson              0.000000        0.000000                                      
      => Error is zero, ignore      
  ----------------------------------------------------------
    QCD                  0.004765        0.003834                                      
                         2.000000        1.414214        Unweighted events, alpha=0.002383
      => Product of prop_binmuon_channel_bin15_QCD[2.00,0.00,33.79] and const [0.5000] to be Poisson constrained
  ----------------------------------------------------------
------------------------------------------------------------
Channel muon_channel will use autoMCStats with settings: event-threshold=10, include-signal=0, hist-mode=1
Generate toy 1/250

 -- MarkovChainMC -- 
Limit: r < 2.25598 +/- 0.0332937 @ 95% credibility (15 tries)
Done in 0.10 min (cpu), 0.10 min (real)
Generate toy 2/250

 -- MarkovChainMC -- 
Limit: r < 3.35259 +/- 0.0619172 @ 95% credibility (15 tries)
Done in 0.09 min (cpu), 0.09 min (real)
Generate toy 3/250

 -- MarkovChainMC -- 
Limit: r < 2.98907 +/- 0.0357307 @ 95% credibility (15 tries)
Done in 0.10 min (cpu), 0.10 min (real)
Generate toy 4/250

 -- MarkovChainMC -- 
Limit: r < 3.26458 +/- 0.0383161 @ 95% credibility (15 tries)
Done in 0.11 min (cpu), 0.11 min (real)
Generate toy 5/250

 -- MarkovChainMC -- 
Limit: r < 4.13728 +/- 0.0462779 @ 95% credibility (15 tries)
Done in 0.12 min (cpu), 0.12 min (real)
Generate toy 6/250

 -- MarkovChainMC -- 
Limit: r < 2.26629 +/- 0.0250531 @ 95% credibility (15 tries)
Done in 0.09 min (cpu), 0.10 min (real)
Generate toy 7/250

 -- MarkovChainMC -- 
Limit: r < 2.37549 +/- 0.0470567 @ 95% credibility (15 tries)
Done in 0.10 min (cpu), 0.10 min (real)
Generate toy 8/250

 -- MarkovChainMC -- 
Limit: r < 2.75838 +/- 0.0333185 @ 95% credibility (15 tries)
Done in 0.10 min (cpu), 0.10 min (real)
Generate toy 9/250

 -- MarkovChainMC -- 
Limit: r < 1.38729 +/- 0.0294992 @ 95% credibility (15 tries)
Done in 0.11 min (cpu), 0.11 min (real)
Generate toy 10/250

 -- MarkovChainMC -- 
Limit: r < 2.4581 +/- 0.0405356 @ 95% credibility (15 tries)
Done in 0.10 min (cpu), 0.10 min (real)
Generate toy 11/250

 -- MarkovChainMC -- 
Limit: r < 2.79616 +/- 0.0246676 @ 95% credibility (15 tries)
Done in 0.09 min (cpu), 0.10 min (real)
Generate toy 12/250

 -- MarkovChainMC -- 
Limit: r < 3.7204 +/- 0.023204 @ 95% credibility (15 tries)
Done in 0.09 min (cpu), 0.09 min (real)
Generate toy 13/250

 -- MarkovChainMC -- 
Limit: r < 3.15053 +/- 0.0332828 @ 95% credibility (15 tries)
Done in 0.10 min (cpu), 0.10 min (real)
Generate toy 14/250

 -- MarkovChainMC -- 
Limit: r < 3.26278 +/- 0.0344984 @ 95% credibility (15 tries)
Done in 0.09 min (cpu), 0.10 min (real)
Generate toy 15/250

 -- MarkovChainMC -- 
Limit: r < 2.64716 +/- 0.0393323 @ 95% credibility (15 tries)
Done in 0.09 min (cpu), 0.09 min (real)
Generate toy 16/250

 -- MarkovChainMC -- 
Limit: r < 4.00537 +/- 0.0453552 @ 95% credibility (15 tries)
Done in 0.11 min (cpu), 0.11 min (real)
Generate toy 17/250

 -- MarkovChainMC -- 
Limit: r < 4.18364 +/- 0.0256804 @ 95% credibility (15 tries)
Done in 0.11 min (cpu), 0.11 min (real)
Generate toy 18/250

 -- MarkovChainMC -- 
Limit: r < 2.90071 +/- 0.049255 @ 95% credibility (15 tries)
Done in 0.10 min (cpu), 0.10 min (real)
Generate toy 19/250

 -- MarkovChainMC -- 
Limit: r < 3.1371 +/- 0.0458494 @ 95% credibility (15 tries)
Done in 0.11 min (cpu), 0.11 min (real)
Generate toy 20/250

 -- MarkovChainMC -- 
Limit: r < 3.69402 +/- 0.0676274 @ 95% credibility (15 tries)
Done in 0.10 min (cpu), 0.10 min (real)
Generate toy 21/250

 -- MarkovChainMC -- 
Limit: r < 4.47396 +/- 0.052091 @ 95% credibility (15 tries)
Done in 0.11 min (cpu), 0.11 min (real)
Generate toy 22/250

 -- MarkovChainMC -- 
Limit: r < 4.17655 +/- 0.0601396 @ 95% credibility (15 tries)
Done in 0.09 min (cpu), 0.09 min (real)
Generate toy 23/250

 -- MarkovChainMC -- 
Limit: r < 3.40452 +/- 0.0135232 @ 95% credibility (15 tries)
Done in 0.10 min (cpu), 0.10 min (real)
Generate toy 24/250

 -- MarkovChainMC -- 
Limit: r < 2.28847 +/- 0.0283396 @ 95% credibility (15 tries)
Done in 0.09 min (cpu), 0.09 min (real)
Generate toy 25/250

 -- MarkovChainMC -- 
Limit: r < 3.90157 +/- 0.0730958 @ 95% credibility (15 tries)
Done in 0.09 min (cpu), 0.10 min (real)
Generate toy 26/250

 -- MarkovChainMC -- 
Limit: r < 2.40124 +/- 0.0326711 @ 95% credibility (15 tries)
Done in 0.10 min (cpu), 0.10 min (real)
Generate toy 27/250

 -- MarkovChainMC -- 
Limit: r < 4.89316 +/- 0.0785239 @ 95% credibility (15 tries)
Done in 0.11 min (cpu), 0.11 min (real)
Generate toy 28/250

 -- MarkovChainMC -- 
Limit: r < 3.25062 +/- 0.0467051 @ 95% credibility (15 tries)
Done in 0.12 min (cpu), 0.12 min (real)
Generate toy 29/250

 -- MarkovChainMC -- 
Limit: r < 3.20038 +/- 0.0453949 @ 95% credibility (15 tries)
Done in 0.10 min (cpu), 0.10 min (real)
Generate toy 30/250

 -- MarkovChainMC -- 
Limit: r < 1.76943 +/- 0.0429391 @ 95% credibility (15 tries)
Done in 0.09 min (cpu), 0.09 min (real)
Generate toy 31/250

 -- MarkovChainMC -- 
Limit: r < 3.28015 +/- 0.0639454 @ 95% credibility (15 tries)
Done in 0.10 min (cpu), 0.10 min (real)
Generate toy 32/250

 -- MarkovChainMC -- 
Limit: r < 3.00777 +/- 0.0407056 @ 95% credibility (15 tries)
Done in 0.12 min (cpu), 0.12 min (real)
Generate toy 33/250

 -- MarkovChainMC -- 
Limit: r < 2.87268 +/- 0.0351819 @ 95% credibility (15 tries)
Done in 0.11 min (cpu), 0.11 min (real)
Generate toy 34/250

 -- MarkovChainMC -- 
Limit: r < 4.74298 +/- 0.0494721 @ 95% credibility (15 tries)
Done in 0.12 min (cpu), 0.12 min (real)
Generate toy 35/250

 -- MarkovChainMC -- 
Limit: r < 2.4139 +/- 0.0255932 @ 95% credibility (15 tries)
Done in 0.12 min (cpu), 0.12 min (real)
Generate toy 36/250

 -- MarkovChainMC -- 
Limit: r < 2.40939 +/- 0.026147 @ 95% credibility (15 tries)
Done in 0.12 min (cpu), 0.12 min (real)
Generate toy 37/250

 -- MarkovChainMC -- 
Limit: r < 3.07283 +/- 0.0572768 @ 95% credibility (15 tries)
Done in 0.12 min (cpu), 0.12 min (real)
Generate toy 38/250

 -- MarkovChainMC -- 
Limit: r < 2.00675 +/- 0.0517804 @ 95% credibility (15 tries)
Done in 0.10 min (cpu), 0.10 min (real)
Generate toy 39/250

 -- MarkovChainMC -- 
Limit: r < 4.78309 +/- 0.0539813 @ 95% credibility (15 tries)
Done in 0.12 min (cpu), 0.12 min (real)
Generate toy 40/250

 -- MarkovChainMC -- 
Limit: r < 2.07509 +/- 0.039715 @ 95% credibility (15 tries)
Done in 0.11 min (cpu), 0.11 min (real)
Generate toy 41/250

 -- MarkovChainMC -- 
Limit: r < 3.54462 +/- 0.053651 @ 95% credibility (15 tries)
Done in 0.12 min (cpu), 0.12 min (real)
Generate toy 42/250

 -- MarkovChainMC -- 
Limit: r < 2.68151 +/- 0.0610291 @ 95% credibility (15 tries)
Done in 0.10 min (cpu), 0.10 min (real)
Generate toy 43/250

 -- MarkovChainMC -- 
Limit: r < 1.71375 +/- 0.0152949 @ 95% credibility (15 tries)
Done in 0.11 min (cpu), 0.11 min (real)
Generate toy 44/250

 -- MarkovChainMC -- 
Limit: r < 2.44476 +/- 0.0650242 @ 95% credibility (15 tries)
Done in 0.12 min (cpu), 0.12 min (real)
Generate toy 45/250

 -- MarkovChainMC -- 
Limit: r < 3.96189 +/- 0.0388914 @ 95% credibility (15 tries)
Done in 0.13 min (cpu), 0.13 min (real)
Generate toy 46/250

 -- MarkovChainMC -- 
Limit: r < 4.55051 +/- 0.0497117 @ 95% credibility (15 tries)
Done in 0.13 min (cpu), 0.13 min (real)
Generate toy 47/250

 -- MarkovChainMC -- 
Limit: r < 2.62856 +/- 0.0255652 @ 95% credibility (15 tries)
Done in 0.11 min (cpu), 0.12 min (real)
Generate toy 48/250

 -- MarkovChainMC -- 
Limit: r < 5.70429 +/- 0.069786 @ 95% credibility (15 tries)
Done in 0.11 min (cpu), 0.11 min (real)
Generate toy 49/250

 -- MarkovChainMC -- 
Limit: r < 5.67921 +/- 0.0451267 @ 95% credibility (15 tries)
Done in 0.12 min (cpu), 0.12 min (real)
Generate toy 50/250

 -- MarkovChainMC -- 
Limit: r < 2.80795 +/- 0.0271949 @ 95% credibility (15 tries)
Done in 0.12 min (cpu), 0.12 min (real)
Generate toy 51/250

 -- MarkovChainMC -- 
Limit: r < 3.45997 +/- 0.0538639 @ 95% credibility (15 tries)
Done in 0.11 min (cpu), 0.11 min (real)
Generate toy 52/250

 -- MarkovChainMC -- 
Limit: r < 3.18682 +/- 0.0294259 @ 95% credibility (15 tries)
Done in 0.11 min (cpu), 0.11 min (real)
Generate toy 53/250

 -- MarkovChainMC -- 
Limit: r < 3.63928 +/- 0.0951963 @ 95% credibility (15 tries)
Done in 0.11 min (cpu), 0.11 min (real)
Generate toy 54/250

 -- MarkovChainMC -- 
Limit: r < 1.86833 +/- 0.0304147 @ 95% credibility (15 tries)
Done in 0.11 min (cpu), 0.11 min (real)
Generate toy 55/250

 -- MarkovChainMC -- 
Limit: r < 2.30272 +/- 0.0417476 @ 95% credibility (15 tries)
Done in 0.11 min (cpu), 0.11 min (real)
Generate toy 56/250

 -- MarkovChainMC -- 
Limit: r < 1.8876 +/- 0.0322039 @ 95% credibility (15 tries)
Done in 0.10 min (cpu), 0.10 min (real)
Generate toy 57/250

 -- MarkovChainMC -- 
Limit: r < 2.31897 +/- 0.0338672 @ 95% credibility (15 tries)
Done in 0.11 min (cpu), 0.11 min (real)
Generate toy 58/250

 -- MarkovChainMC -- 
Limit: r < 2.60763 +/- 0.038709 @ 95% credibility (15 tries)
Done in 0.09 min (cpu), 0.09 min (real)
Generate toy 59/250

 -- MarkovChainMC -- 
Limit: r < 2.01072 +/- 0.0296168 @ 95% credibility (15 tries)
Done in 0.10 min (cpu), 0.10 min (real)
Generate toy 60/250

 -- MarkovChainMC -- 
Limit: r < 1.83111 +/- 0.0270845 @ 95% credibility (15 tries)
Done in 0.10 min (cpu), 0.10 min (real)
Generate toy 61/250

 -- MarkovChainMC -- 
Limit: r < 2.93081 +/- 0.03915 @ 95% credibility (15 tries)
Done in 0.12 min (cpu), 0.12 min (real)
Generate toy 62/250

 -- MarkovChainMC -- 
Limit: r < 4.39352 +/- 0.0438179 @ 95% credibility (15 tries)
Done in 0.10 min (cpu), 0.10 min (real)
Generate toy 63/250

 -- MarkovChainMC -- 
Limit: r < 4.19817 +/- 0.0439774 @ 95% credibility (15 tries)
Done in 0.10 min (cpu), 0.10 min (real)
Generate toy 64/250

 -- MarkovChainMC -- 
Limit: r < 4.79872 +/- 0.036567 @ 95% credibility (15 tries)
Done in 0.10 min (cpu), 0.10 min (real)
Generate toy 65/250

 -- MarkovChainMC -- 
Limit: r < 3.78171 +/- 0.0299535 @ 95% credibility (15 tries)
Done in 0.11 min (cpu), 0.11 min (real)
Generate toy 66/250

 -- MarkovChainMC -- 
Limit: r < 1.90133 +/- 0.0381589 @ 95% credibility (15 tries)
Done in 0.11 min (cpu), 0.11 min (real)
Generate toy 67/250

 -- MarkovChainMC -- 
Limit: r < 1.30288 +/- 0.0267983 @ 95% credibility (15 tries)
Done in 0.10 min (cpu), 0.10 min (real)
Generate toy 68/250

 -- MarkovChainMC -- 
Limit: r < 2.23236 +/- 0.0315929 @ 95% credibility (15 tries)
Done in 0.12 min (cpu), 0.12 min (real)
Generate toy 69/250

 -- MarkovChainMC -- 
Limit: r < 3.14192 +/- 0.0436046 @ 95% credibility (15 tries)
Done in 0.12 min (cpu), 0.13 min (real)
Generate toy 70/250

 -- MarkovChainMC -- 
Limit: r < 3.28848 +/- 0.0741326 @ 95% credibility (15 tries)
Done in 0.10 min (cpu), 0.11 min (real)
Generate toy 71/250

 -- MarkovChainMC -- 
Limit: r < 2.88617 +/- 0.0439773 @ 95% credibility (15 tries)
Done in 0.12 min (cpu), 0.12 min (real)
Generate toy 72/250

 -- MarkovChainMC -- 
Limit: r < 3.31047 +/- 0.0357304 @ 95% credibility (15 tries)
Done in 0.12 min (cpu), 0.12 min (real)
Generate toy 73/250

 -- MarkovChainMC -- 
Limit: r < 3.95685 +/- 0.0305913 @ 95% credibility (15 tries)
Done in 0.13 min (cpu), 0.13 min (real)
Generate toy 74/250

 -- MarkovChainMC -- 
Limit: r < 2.50673 +/- 0.0406439 @ 95% credibility (15 tries)
Done in 0.12 min (cpu), 0.12 min (real)
Generate toy 75/250

 -- MarkovChainMC -- 
Limit: r < 2.55461 +/- 0.0300622 @ 95% credibility (15 tries)
Done in 0.11 min (cpu), 0.11 min (real)
Generate toy 76/250

 -- MarkovChainMC -- 
Limit: r < 2.41827 +/- 0.0441822 @ 95% credibility (15 tries)
Done in 0.11 min (cpu), 0.11 min (real)
Generate toy 77/250

 -- MarkovChainMC -- 
Limit: r < 2.12291 +/- 0.0345554 @ 95% credibility (15 tries)
Done in 0.11 min (cpu), 0.11 min (real)
Generate toy 78/250

 -- MarkovChainMC -- 
Limit: r < 2.40994 +/- 0.053456 @ 95% credibility (15 tries)
Done in 0.11 min (cpu), 0.11 min (real)
Generate toy 79/250

 -- MarkovChainMC -- 
Limit: r < 2.26129 +/- 0.0255498 @ 95% credibility (15 tries)
Done in 0.10 min (cpu), 0.10 min (real)
Generate toy 80/250

 -- MarkovChainMC -- 
Limit: r < 4.59295 +/- 0.037877 @ 95% credibility (15 tries)
Done in 0.11 min (cpu), 0.11 min (real)
Generate toy 81/250

 -- MarkovChainMC -- 
Limit: r < 2.33608 +/- 0.0408589 @ 95% credibility (15 tries)
Done in 0.11 min (cpu), 0.11 min (real)
Generate toy 82/250

 -- MarkovChainMC -- 
Limit: r < 4.64828 +/- 0.0692848 @ 95% credibility (15 tries)
Done in 0.12 min (cpu), 0.12 min (real)
Generate toy 83/250

 -- MarkovChainMC -- 
Limit: r < 3.24127 +/- 0.0417936 @ 95% credibility (15 tries)
Done in 0.12 min (cpu), 0.12 min (real)
Generate toy 84/250

 -- MarkovChainMC -- 
Limit: r < 3.85643 +/- 0.0695489 @ 95% credibility (15 tries)
Done in 0.12 min (cpu), 0.12 min (real)
Generate toy 85/250

 -- MarkovChainMC -- 
Limit: r < 4.8015 +/- 0.09415 @ 95% credibility (15 tries)
Done in 0.11 min (cpu), 0.11 min (real)
Generate toy 86/250

 -- MarkovChainMC -- 
Limit: r < 2.33031 +/- 0.0502005 @ 95% credibility (15 tries)
Done in 0.10 min (cpu), 0.10 min (real)
Generate toy 87/250

 -- MarkovChainMC -- 
Limit: r < 2.17287 +/- 0.024654 @ 95% credibility (15 tries)
Done in 0.10 min (cpu), 0.11 min (real)
Generate toy 88/250

 -- MarkovChainMC -- 
Limit: r < 4.06887 +/- 0.0239847 @ 95% credibility (15 tries)
Done in 0.12 min (cpu), 0.13 min (real)
Generate toy 89/250

 -- MarkovChainMC -- 
Limit: r < 1.65645 +/- 0.0317364 @ 95% credibility (15 tries)
Done in 0.10 min (cpu), 0.10 min (real)
Generate toy 90/250

 -- MarkovChainMC -- 
Limit: r < 3.7615 +/- 0.0389499 @ 95% credibility (15 tries)
Done in 0.11 min (cpu), 0.11 min (real)
Generate toy 91/250

 -- MarkovChainMC -- 
Limit: r < 6.30217 +/- 0.0775489 @ 95% credibility (15 tries)
Done in 0.12 min (cpu), 0.12 min (real)
Generate toy 92/250

 -- MarkovChainMC -- 
Limit: r < 2.57652 +/- 0.0154219 @ 95% credibility (15 tries)
Done in 0.10 min (cpu), 0.10 min (real)
Generate toy 93/250

 -- MarkovChainMC -- 
Limit: r < 2.32893 +/- 0.0378312 @ 95% credibility (15 tries)
Done in 0.13 min (cpu), 0.13 min (real)
Generate toy 94/250

 -- MarkovChainMC -- 
Limit: r < 4.22345 +/- 0.0472469 @ 95% credibility (15 tries)
Done in 0.13 min (cpu), 0.13 min (real)
Generate toy 95/250

 -- MarkovChainMC -- 
Limit: r < 2.98388 +/- 0.0234565 @ 95% credibility (15 tries)
Done in 0.13 min (cpu), 0.13 min (real)
Generate toy 96/250

 -- MarkovChainMC -- 
Limit: r < 2.22588 +/- 0.0502077 @ 95% credibility (15 tries)
Done in 0.10 min (cpu), 0.10 min (real)
Generate toy 97/250

 -- MarkovChainMC -- 
Limit: r < 4.90096 +/- 0.0391067 @ 95% credibility (15 tries)
Done in 0.12 min (cpu), 0.12 min (real)
Generate toy 98/250

 -- MarkovChainMC -- 
Limit: r < 3.41477 +/- 0.0433561 @ 95% credibility (15 tries)
Done in 0.14 min (cpu), 0.14 min (real)
Generate toy 99/250

 -- MarkovChainMC -- 
Limit: r < 1.52548 +/- 0.023974 @ 95% credibility (15 tries)
Done in 0.11 min (cpu), 0.11 min (real)
Generate toy 100/250

 -- MarkovChainMC -- 
Limit: r < 3.70393 +/- 0.0520795 @ 95% credibility (15 tries)
Done in 0.12 min (cpu), 0.12 min (real)
Generate toy 101/250

 -- MarkovChainMC -- 
Limit: r < 2.25457 +/- 0.0259915 @ 95% credibility (15 tries)
Done in 0.13 min (cpu), 0.13 min (real)
Generate toy 102/250

 -- MarkovChainMC -- 
Limit: r < 2.45115 +/- 0.0137171 @ 95% credibility (15 tries)
Done in 0.12 min (cpu), 0.12 min (real)
Generate toy 103/250

 -- MarkovChainMC -- 
Limit: r < 4.26055 +/- 0.0453055 @ 95% credibility (15 tries)
Done in 0.12 min (cpu), 0.12 min (real)
Generate toy 104/250

 -- MarkovChainMC -- 
Limit: r < 5.08391 +/- 0.0560157 @ 95% credibility (15 tries)
Done in 0.11 min (cpu), 0.11 min (real)
Generate toy 105/250

 -- MarkovChainMC -- 
Limit: r < 5.86446 +/- 0.0604464 @ 95% credibility (15 tries)
Done in 0.12 min (cpu), 0.12 min (real)
Generate toy 106/250

 -- MarkovChainMC -- 
Limit: r < 3.25278 +/- 0.0492605 @ 95% credibility (15 tries)
Done in 0.11 min (cpu), 0.11 min (real)
Generate toy 107/250

 -- MarkovChainMC -- 
Limit: r < 2.78925 +/- 0.0378274 @ 95% credibility (15 tries)
Done in 0.10 min (cpu), 0.10 min (real)
Generate toy 108/250

 -- MarkovChainMC -- 
Limit: r < 2.29253 +/- 0.0320076 @ 95% credibility (15 tries)
Done in 0.11 min (cpu), 0.11 min (real)
Generate toy 109/250

 -- MarkovChainMC -- 
Limit: r < 2.2212 +/- 0.0172796 @ 95% credibility (15 tries)
Done in 0.13 min (cpu), 0.13 min (real)
Generate toy 110/250

 -- MarkovChainMC -- 
Limit: r < 2.07885 +/- 0.030264 @ 95% credibility (15 tries)
Done in 0.12 min (cpu), 0.12 min (real)
Generate toy 111/250

 -- MarkovChainMC -- 
Limit: r < 2.26991 +/- 0.0256963 @ 95% credibility (15 tries)
Done in 0.09 min (cpu), 0.09 min (real)
Generate toy 112/250

 -- MarkovChainMC -- 
Limit: r < 3.78845 +/- 0.0442526 @ 95% credibility (15 tries)
Done in 0.10 min (cpu), 0.10 min (real)
Generate toy 113/250

 -- MarkovChainMC -- 
Limit: r < 2.49065 +/- 0.0430877 @ 95% credibility (15 tries)
Done in 0.09 min (cpu), 0.09 min (real)
Generate toy 114/250

 -- MarkovChainMC -- 
Limit: r < 2.59406 +/- 0.0458717 @ 95% credibility (15 tries)
Done in 0.09 min (cpu), 0.09 min (real)
Generate toy 115/250

 -- MarkovChainMC -- 
Limit: r < 3.2258 +/- 0.0581036 @ 95% credibility (15 tries)
Done in 0.11 min (cpu), 0.11 min (real)
Generate toy 116/250

 -- MarkovChainMC -- 
Limit: r < 2.53245 +/- 0.0387478 @ 95% credibility (15 tries)
Done in 0.10 min (cpu), 0.10 min (real)
Generate toy 117/250

 -- MarkovChainMC -- 
Limit: r < 3.06144 +/- 0.0357707 @ 95% credibility (15 tries)
Done in 0.11 min (cpu), 0.11 min (real)
Generate toy 118/250

 -- MarkovChainMC -- 
Limit: r < 3.50444 +/- 0.0428728 @ 95% credibility (15 tries)
Done in 0.11 min (cpu), 0.12 min (real)
Generate toy 119/250

 -- MarkovChainMC -- 
Limit: r < 4.30431 +/- 0.0357511 @ 95% credibility (15 tries)
Done in 0.11 min (cpu), 0.11 min (real)
Generate toy 120/250

 -- MarkovChainMC -- 
Limit: r < 3.14691 +/- 0.0297728 @ 95% credibility (15 tries)
Done in 0.10 min (cpu), 0.11 min (real)
Generate toy 121/250

 -- MarkovChainMC -- 
Limit: r < 4.76311 +/- 0.0653264 @ 95% credibility (15 tries)
Done in 0.12 min (cpu), 0.12 min (real)
Generate toy 122/250

 -- MarkovChainMC -- 
Limit: r < 2.36643 +/- 0.0400277 @ 95% credibility (15 tries)
Done in 0.12 min (cpu), 0.12 min (real)
Generate toy 123/250

 -- MarkovChainMC -- 
Limit: r < 1.75732 +/- 0.0134084 @ 95% credibility (15 tries)
Done in 0.09 min (cpu), 0.10 min (real)
Generate toy 124/250

 -- MarkovChainMC -- 
Limit: r < 2.95748 +/- 0.0449003 @ 95% credibility (15 tries)
Done in 0.11 min (cpu), 0.11 min (real)
Generate toy 125/250

 -- MarkovChainMC -- 
Limit: r < 2.86727 +/- 0.0437538 @ 95% credibility (15 tries)
Done in 0.10 min (cpu), 0.11 min (real)
Generate toy 126/250

 -- MarkovChainMC -- 
Limit: r < 2.93428 +/- 0.0366992 @ 95% credibility (15 tries)
Done in 0.10 min (cpu), 0.10 min (real)
Generate toy 127/250

 -- MarkovChainMC -- 
Limit: r < 1.99166 +/- 0.0216688 @ 95% credibility (15 tries)
Done in 0.09 min (cpu), 0.09 min (real)
Generate toy 128/250

 -- MarkovChainMC -- 
Limit: r < 4.08963 +/- 0.0632478 @ 95% credibility (15 tries)
Done in 0.09 min (cpu), 0.09 min (real)
Generate toy 129/250

 -- MarkovChainMC -- 
Limit: r < 2.06627 +/- 0.0305607 @ 95% credibility (15 tries)
Done in 0.08 min (cpu), 0.08 min (real)
Generate toy 130/250

 -- MarkovChainMC -- 
Limit: r < 2.48816 +/- 0.030527 @ 95% credibility (15 tries)
Done in 0.11 min (cpu), 0.11 min (real)
Generate toy 131/250

 -- MarkovChainMC -- 
Limit: r < 1.74409 +/- 0.0350028 @ 95% credibility (15 tries)
Done in 0.12 min (cpu), 0.12 min (real)
Generate toy 132/250

 -- MarkovChainMC -- 
Limit: r < 3.32652 +/- 0.062003 @ 95% credibility (15 tries)
Done in 0.09 min (cpu), 0.09 min (real)
Generate toy 133/250

 -- MarkovChainMC -- 
Limit: r < 2.54897 +/- 0.0323773 @ 95% credibility (15 tries)
Done in 0.10 min (cpu), 0.10 min (real)
Generate toy 134/250

 -- MarkovChainMC -- 
Limit: r < 5.53786 +/- 0.045724 @ 95% credibility (15 tries)
Done in 0.12 min (cpu), 0.12 min (real)
Generate toy 135/250

 -- MarkovChainMC -- 
Limit: r < 2.7016 +/- 0.0551594 @ 95% credibility (15 tries)
Done in 0.11 min (cpu), 0.11 min (real)
Generate toy 136/250

 -- MarkovChainMC -- 
Limit: r < 2.81369 +/- 0.0439831 @ 95% credibility (15 tries)
Done in 0.10 min (cpu), 0.10 min (real)
Generate toy 137/250

 -- MarkovChainMC -- 
Limit: r < 1.944 +/- 0.0322665 @ 95% credibility (15 tries)
Done in 0.09 min (cpu), 0.09 min (real)
Generate toy 138/250

 -- MarkovChainMC -- 
Limit: r < 3.41692 +/- 0.0401707 @ 95% credibility (15 tries)
Done in 0.12 min (cpu), 0.12 min (real)
Generate toy 139/250

 -- MarkovChainMC -- 
Limit: r < 2.75717 +/- 0.0423816 @ 95% credibility (15 tries)
Done in 0.11 min (cpu), 0.11 min (real)
Generate toy 140/250

 -- MarkovChainMC -- 
Limit: r < 2.28528 +/- 0.0438923 @ 95% credibility (15 tries)
Done in 0.10 min (cpu), 0.11 min (real)
Generate toy 141/250

 -- MarkovChainMC -- 
Limit: r < 2.28825 +/- 0.019188 @ 95% credibility (15 tries)
Done in 0.13 min (cpu), 0.13 min (real)
Generate toy 142/250

 -- MarkovChainMC -- 
Limit: r < 4.32237 +/- 0.0592865 @ 95% credibility (15 tries)
Done in 0.12 min (cpu), 0.12 min (real)
Generate toy 143/250

 -- MarkovChainMC -- 
Limit: r < 2.35031 +/- 0.04162 @ 95% credibility (15 tries)
Done in 0.11 min (cpu), 0.11 min (real)
Generate toy 144/250

 -- MarkovChainMC -- 
Limit: r < 3.21671 +/- 0.0532417 @ 95% credibility (15 tries)
Done in 0.12 min (cpu), 0.13 min (real)
Generate toy 145/250

 -- MarkovChainMC -- 
Limit: r < 5.69102 +/- 0.0493687 @ 95% credibility (15 tries)
Done in 0.14 min (cpu), 0.14 min (real)
Generate toy 146/250

 -- MarkovChainMC -- 
Limit: r < 3.14422 +/- 0.0372766 @ 95% credibility (15 tries)
Done in 0.13 min (cpu), 0.13 min (real)
Generate toy 147/250

 -- MarkovChainMC -- 
Limit: r < 2.49914 +/- 0.0436666 @ 95% credibility (15 tries)
Done in 0.10 min (cpu), 0.10 min (real)
Generate toy 148/250

 -- MarkovChainMC -- 
Limit: r < 2.6419 +/- 0.0281005 @ 95% credibility (15 tries)
Done in 0.12 min (cpu), 0.12 min (real)
Generate toy 149/250

 -- MarkovChainMC -- 
Limit: r < 3.651 +/- 0.0448353 @ 95% credibility (15 tries)
Done in 0.13 min (cpu), 0.13 min (real)
Generate toy 150/250

 -- MarkovChainMC -- 
Limit: r < 1.74729 +/- 0.0259835 @ 95% credibility (15 tries)
Done in 0.11 min (cpu), 0.11 min (real)
Generate toy 151/250

 -- MarkovChainMC -- 
Limit: r < 2.69527 +/- 0.0194652 @ 95% credibility (15 tries)
Done in 0.12 min (cpu), 0.12 min (real)
Generate toy 152/250

 -- MarkovChainMC -- 
Limit: r < 3.11318 +/- 0.0332161 @ 95% credibility (15 tries)
Done in 0.12 min (cpu), 0.12 min (real)
Generate toy 153/250

 -- MarkovChainMC -- 
Limit: r < 2.30629 +/- 0.0407621 @ 95% credibility (15 tries)
Done in 0.12 min (cpu), 0.12 min (real)
Generate toy 154/250

 -- MarkovChainMC -- 
Limit: r < 2.29971 +/- 0.0180983 @ 95% credibility (15 tries)
Done in 0.12 min (cpu), 0.12 min (real)
Generate toy 155/250

 -- MarkovChainMC -- 
Limit: r < 1.64345 +/- 0.0410269 @ 95% credibility (15 tries)
Done in 0.12 min (cpu), 0.12 min (real)
Generate toy 156/250

 -- MarkovChainMC -- 
Limit: r < 2.84497 +/- 0.0517057 @ 95% credibility (15 tries)
Done in 0.13 min (cpu), 0.13 min (real)
Generate toy 157/250

 -- MarkovChainMC -- 
Limit: r < 3.20064 +/- 0.0575661 @ 95% credibility (15 tries)
Done in 0.12 min (cpu), 0.12 min (real)
Generate toy 158/250

 -- MarkovChainMC -- 
Limit: r < 2.14269 +/- 0.0394446 @ 95% credibility (15 tries)
Done in 0.11 min (cpu), 0.12 min (real)
Generate toy 159/250

 -- MarkovChainMC -- 
Limit: r < 3.27862 +/- 0.0383398 @ 95% credibility (15 tries)
Done in 0.11 min (cpu), 0.11 min (real)
Generate toy 160/250

 -- MarkovChainMC -- 
Limit: r < 2.69446 +/- 0.0301997 @ 95% credibility (15 tries)
Done in 0.11 min (cpu), 0.11 min (real)
Generate toy 161/250

 -- MarkovChainMC -- 
Limit: r < 3.43376 +/- 0.0268753 @ 95% credibility (15 tries)
Done in 0.11 min (cpu), 0.11 min (real)
Generate toy 162/250

 -- MarkovChainMC -- 
Limit: r < 2.53532 +/- 0.0225436 @ 95% credibility (15 tries)
Done in 0.09 min (cpu), 0.09 min (real)
Generate toy 163/250

 -- MarkovChainMC -- 
Limit: r < 2.24978 +/- 0.0409928 @ 95% credibility (15 tries)
Done in 0.11 min (cpu), 0.11 min (real)
Generate toy 164/250

 -- MarkovChainMC -- 
Limit: r < 1.73437 +/- 0.0230684 @ 95% credibility (15 tries)
Done in 0.11 min (cpu), 0.11 min (real)
Generate toy 165/250

 -- MarkovChainMC -- 
Limit: r < 2.12756 +/- 0.0214435 @ 95% credibility (15 tries)
Done in 0.10 min (cpu), 0.10 min (real)
Generate toy 166/250

 -- MarkovChainMC -- 
Limit: r < 2.26769 +/- 0.0255135 @ 95% credibility (15 tries)
Done in 0.10 min (cpu), 0.10 min (real)
Generate toy 167/250

 -- MarkovChainMC -- 
Limit: r < 1.94479 +/- 0.0282649 @ 95% credibility (15 tries)
Done in 0.10 min (cpu), 0.10 min (real)
Generate toy 168/250

 -- MarkovChainMC -- 
Limit: r < 4.4748 +/- 0.032221 @ 95% credibility (15 tries)
Done in 0.11 min (cpu), 0.11 min (real)
Generate toy 169/250

 -- MarkovChainMC -- 
Limit: r < 4.73442 +/- 0.0576417 @ 95% credibility (15 tries)
Done in 0.11 min (cpu), 0.11 min (real)
Generate toy 170/250

 -- MarkovChainMC -- 
Limit: r < 4.47579 +/- 0.0420316 @ 95% credibility (15 tries)
Done in 0.09 min (cpu), 0.09 min (real)
Generate toy 171/250

 -- MarkovChainMC -- 
Limit: r < 3.83196 +/- 0.0415973 @ 95% credibility (15 tries)
Done in 0.09 min (cpu), 0.09 min (real)
Generate toy 172/250

 -- MarkovChainMC -- 
Limit: r < 2.98631 +/- 0.0274261 @ 95% credibility (15 tries)
Done in 0.10 min (cpu), 0.10 min (real)
Generate toy 173/250

 -- MarkovChainMC -- 
Limit: r < 6.30461 +/- 0.0339672 @ 95% credibility (15 tries)
Done in 0.09 min (cpu), 0.09 min (real)
Generate toy 174/250

 -- MarkovChainMC -- 
Limit: r < 3.73604 +/- 0.0400261 @ 95% credibility (15 tries)
Done in 0.09 min (cpu), 0.09 min (real)
Generate toy 175/250

 -- MarkovChainMC -- 
Limit: r < 2.70511 +/- 0.0368516 @ 95% credibility (15 tries)
Done in 0.08 min (cpu), 0.08 min (real)
Generate toy 176/250

 -- MarkovChainMC -- 
Limit: r < 2.65514 +/- 0.0486938 @ 95% credibility (15 tries)
Done in 0.08 min (cpu), 0.08 min (real)
Generate toy 177/250

 -- MarkovChainMC -- 
Limit: r < 2.63672 +/- 0.0570464 @ 95% credibility (15 tries)
Done in 0.09 min (cpu), 0.09 min (real)
Generate toy 178/250

 -- MarkovChainMC -- 
Limit: r < 5.82369 +/- 0.0751352 @ 95% credibility (15 tries)
Done in 0.11 min (cpu), 0.11 min (real)
Generate toy 179/250

 -- MarkovChainMC -- 
Limit: r < 3.41844 +/- 0.0196651 @ 95% credibility (15 tries)
Done in 0.09 min (cpu), 0.09 min (real)
Generate toy 180/250

 -- MarkovChainMC -- 
Limit: r < 4.46904 +/- 0.0436226 @ 95% credibility (15 tries)
Done in 0.11 min (cpu), 0.11 min (real)
Generate toy 181/250

 -- MarkovChainMC -- 
Limit: r < 3.96068 +/- 0.0591738 @ 95% credibility (15 tries)
Done in 0.12 min (cpu), 0.13 min (real)
Generate toy 182/250

 -- MarkovChainMC -- 
Limit: r < 2.12047 +/- 0.0422333 @ 95% credibility (15 tries)
Done in 0.09 min (cpu), 0.09 min (real)
Generate toy 183/250

 -- MarkovChainMC -- 
Limit: r < 3.36035 +/- 0.0554489 @ 95% credibility (15 tries)
Done in 0.09 min (cpu), 0.09 min (real)
Generate toy 184/250

 -- MarkovChainMC -- 
Limit: r < 3.15356 +/- 0.0783416 @ 95% credibility (15 tries)
Done in 0.10 min (cpu), 0.10 min (real)
Generate toy 185/250

 -- MarkovChainMC -- 
Limit: r < 2.33383 +/- 0.0310257 @ 95% credibility (15 tries)
Done in 0.10 min (cpu), 0.10 min (real)
Generate toy 186/250

 -- MarkovChainMC -- 
Limit: r < 3.60399 +/- 0.0700174 @ 95% credibility (15 tries)
Done in 0.11 min (cpu), 0.11 min (real)
Generate toy 187/250

 -- MarkovChainMC -- 
Limit: r < 2.24106 +/- 0.0250457 @ 95% credibility (15 tries)
Done in 0.11 min (cpu), 0.12 min (real)
Generate toy 188/250

 -- MarkovChainMC -- 
Limit: r < 4.38023 +/- 0.0422334 @ 95% credibility (15 tries)
Done in 0.10 min (cpu), 0.10 min (real)
Generate toy 189/250

 -- MarkovChainMC -- 
Limit: r < 4.54381 +/- 0.0336211 @ 95% credibility (15 tries)
Done in 0.11 min (cpu), 0.11 min (real)
Generate toy 190/250

 -- MarkovChainMC -- 
Limit: r < 2.24429 +/- 0.0180468 @ 95% credibility (15 tries)
Done in 0.09 min (cpu), 0.10 min (real)
Generate toy 191/250

 -- MarkovChainMC -- 
Limit: r < 3.38641 +/- 0.0189266 @ 95% credibility (15 tries)
Done in 0.10 min (cpu), 0.10 min (real)
Generate toy 192/250

 -- MarkovChainMC -- 
Limit: r < 3.26666 +/- 0.0300221 @ 95% credibility (15 tries)
Done in 0.10 min (cpu), 0.10 min (real)
Generate toy 193/250

 -- MarkovChainMC -- 
Limit: r < 2.63397 +/- 0.0378907 @ 95% credibility (15 tries)
Done in 0.09 min (cpu), 0.09 min (real)
Generate toy 194/250

 -- MarkovChainMC -- 
Limit: r < 2.94589 +/- 0.0460688 @ 95% credibility (15 tries)
Done in 0.08 min (cpu), 0.08 min (real)
Generate toy 195/250

 -- MarkovChainMC -- 
Limit: r < 3.2078 +/- 0.0489699 @ 95% credibility (15 tries)
Done in 0.09 min (cpu), 0.09 min (real)
Generate toy 196/250

 -- MarkovChainMC -- 
Limit: r < 2.34199 +/- 0.0299481 @ 95% credibility (15 tries)
Done in 0.10 min (cpu), 0.10 min (real)
Generate toy 197/250

 -- MarkovChainMC -- 
Limit: r < 3.04449 +/- 0.0486728 @ 95% credibility (15 tries)
Done in 0.12 min (cpu), 0.12 min (real)
Generate toy 198/250

 -- MarkovChainMC -- 
Limit: r < 3.53912 +/- 0.0441947 @ 95% credibility (15 tries)
Done in 0.11 min (cpu), 0.11 min (real)
Generate toy 199/250

 -- MarkovChainMC -- 
Limit: r < 3.45003 +/- 0.0469426 @ 95% credibility (15 tries)
Done in 0.11 min (cpu), 0.11 min (real)
Generate toy 200/250

 -- MarkovChainMC -- 
Limit: r < 2.34794 +/- 0.0248828 @ 95% credibility (15 tries)
Done in 0.09 min (cpu), 0.09 min (real)
Generate toy 201/250

 -- MarkovChainMC -- 
Limit: r < 2.62347 +/- 0.0481384 @ 95% credibility (15 tries)
Done in 0.09 min (cpu), 0.09 min (real)
Generate toy 202/250

 -- MarkovChainMC -- 
Limit: r < 2.84236 +/- 0.031987 @ 95% credibility (15 tries)
Done in 0.11 min (cpu), 0.11 min (real)
Generate toy 203/250

 -- MarkovChainMC -- 
Limit: r < 2.87005 +/- 0.0378187 @ 95% credibility (15 tries)
Done in 0.11 min (cpu), 0.11 min (real)
Generate toy 204/250

 -- MarkovChainMC -- 
Limit: r < 2.15108 +/- 0.0416362 @ 95% credibility (15 tries)
Done in 0.10 min (cpu), 0.10 min (real)
Generate toy 205/250

 -- MarkovChainMC -- 
Limit: r < 2.63709 +/- 0.0212155 @ 95% credibility (15 tries)
Done in 0.10 min (cpu), 0.10 min (real)
Generate toy 206/250

 -- MarkovChainMC -- 
Limit: r < 4.01864 +/- 0.0290209 @ 95% credibility (15 tries)
Done in 0.11 min (cpu), 0.11 min (real)
Generate toy 207/250

 -- MarkovChainMC -- 
Limit: r < 2.05654 +/- 0.0335155 @ 95% credibility (15 tries)
Done in 0.11 min (cpu), 0.11 min (real)
Generate toy 208/250

 -- MarkovChainMC -- 
Limit: r < 2.106 +/- 0.0287348 @ 95% credibility (15 tries)
Done in 0.11 min (cpu), 0.11 min (real)
Generate toy 209/250

 -- MarkovChainMC -- 
Limit: r < 2.55816 +/- 0.035994 @ 95% credibility (15 tries)
Done in 0.09 min (cpu), 0.09 min (real)
Generate toy 210/250

 -- MarkovChainMC -- 
Limit: r < 2.14934 +/- 0.0304052 @ 95% credibility (15 tries)
Done in 0.11 min (cpu), 0.11 min (real)
Generate toy 211/250

 -- MarkovChainMC -- 
Limit: r < 2.23597 +/- 0.0191746 @ 95% credibility (15 tries)
Done in 0.10 min (cpu), 0.10 min (real)
Generate toy 212/250

 -- MarkovChainMC -- 
Limit: r < 2.00464 +/- 0.0302506 @ 95% credibility (15 tries)
Done in 0.11 min (cpu), 0.11 min (real)
Generate toy 213/250

 -- MarkovChainMC -- 
Limit: r < 2.85049 +/- 0.0366848 @ 95% credibility (15 tries)
Done in 0.11 min (cpu), 0.12 min (real)
Generate toy 214/250

 -- MarkovChainMC -- 
Limit: r < 2.15066 +/- 0.0428977 @ 95% credibility (15 tries)
Done in 0.10 min (cpu), 0.10 min (real)
Generate toy 215/250

 -- MarkovChainMC -- 
Limit: r < 2.70661 +/- 0.0273948 @ 95% credibility (15 tries)
Done in 0.10 min (cpu), 0.10 min (real)
Generate toy 216/250

 -- MarkovChainMC -- 
Limit: r < 2.89805 +/- 0.0561903 @ 95% credibility (15 tries)
Done in 0.09 min (cpu), 0.09 min (real)
Generate toy 217/250

 -- MarkovChainMC -- 
Limit: r < 2.76623 +/- 0.0665009 @ 95% credibility (15 tries)
Done in 0.09 min (cpu), 0.09 min (real)
Generate toy 218/250

 -- MarkovChainMC -- 
Limit: r < 2.72266 +/- 0.0212504 @ 95% credibility (15 tries)
Done in 0.09 min (cpu), 0.09 min (real)
Generate toy 219/250

 -- MarkovChainMC -- 
Limit: r < 3.38067 +/- 0.0267902 @ 95% credibility (15 tries)
Done in 0.11 min (cpu), 0.11 min (real)
Generate toy 220/250

 -- MarkovChainMC -- 
Limit: r < 2.40184 +/- 0.0306742 @ 95% credibility (15 tries)
Done in 0.10 min (cpu), 0.10 min (real)
Generate toy 221/250

 -- MarkovChainMC -- 
Limit: r < 4.41468 +/- 0.0542461 @ 95% credibility (15 tries)
Done in 0.11 min (cpu), 0.11 min (real)
Generate toy 222/250

 -- MarkovChainMC -- 
Limit: r < 4.35886 +/- 0.073754 @ 95% credibility (15 tries)
Done in 0.11 min (cpu), 0.11 min (real)
Generate toy 223/250

 -- MarkovChainMC -- 
Limit: r < 3.06577 +/- 0.0415407 @ 95% credibility (15 tries)
Done in 0.11 min (cpu), 0.11 min (real)
Generate toy 224/250

 -- MarkovChainMC -- 
Limit: r < 2.70355 +/- 0.0460471 @ 95% credibility (15 tries)
Done in 0.09 min (cpu), 0.10 min (real)
Generate toy 225/250

 -- MarkovChainMC -- 
Limit: r < 2.01866 +/- 0.0298182 @ 95% credibility (15 tries)
Done in 0.10 min (cpu), 0.10 min (real)
Generate toy 226/250

 -- MarkovChainMC -- 
Limit: r < 2.21261 +/- 0.0375686 @ 95% credibility (15 tries)
Done in 0.10 min (cpu), 0.11 min (real)
Generate toy 227/250

 -- MarkovChainMC -- 
Limit: r < 3.50548 +/- 0.0323847 @ 95% credibility (15 tries)
Done in 0.10 min (cpu), 0.10 min (real)
Generate toy 228/250

 -- MarkovChainMC -- 
Limit: r < 3.07112 +/- 0.0634906 @ 95% credibility (15 tries)
Done in 0.10 min (cpu), 0.10 min (real)
Generate toy 229/250

 -- MarkovChainMC -- 
Limit: r < 2.92428 +/- 0.0465394 @ 95% credibility (15 tries)
Done in 0.09 min (cpu), 0.10 min (real)
Generate toy 230/250

 -- MarkovChainMC -- 
Limit: r < 3.06804 +/- 0.0742585 @ 95% credibility (15 tries)
Done in 0.10 min (cpu), 0.11 min (real)
Generate toy 231/250

 -- MarkovChainMC -- 
Limit: r < 2.2968 +/- 0.0379664 @ 95% credibility (15 tries)
Done in 0.10 min (cpu), 0.10 min (real)
Generate toy 232/250

 -- MarkovChainMC -- 
Limit: r < 2.97028 +/- 0.041644 @ 95% credibility (15 tries)
Done in 0.10 min (cpu), 0.10 min (real)
Generate toy 233/250

 -- MarkovChainMC -- 
Limit: r < 1.89104 +/- 0.0298353 @ 95% credibility (15 tries)
Done in 0.09 min (cpu), 0.09 min (real)
Generate toy 234/250

 -- MarkovChainMC -- 
Limit: r < 2.94866 +/- 0.041683 @ 95% credibility (15 tries)
Done in 0.10 min (cpu), 0.10 min (real)
Generate toy 235/250

 -- MarkovChainMC -- 
Limit: r < 2.75692 +/- 0.0446118 @ 95% credibility (15 tries)
Done in 0.10 min (cpu), 0.10 min (real)
Generate toy 236/250

 -- MarkovChainMC -- 
Limit: r < 2.54068 +/- 0.0245189 @ 95% credibility (15 tries)
Done in 0.10 min (cpu), 0.10 min (real)
Generate toy 237/250

 -- MarkovChainMC -- 
Limit: r < 4.11535 +/- 0.0407325 @ 95% credibility (15 tries)
Done in 0.10 min (cpu), 0.10 min (real)
Generate toy 238/250

 -- MarkovChainMC -- 
Limit: r < 2.12025 +/- 0.0247966 @ 95% credibility (15 tries)
Done in 0.10 min (cpu), 0.10 min (real)
Generate toy 239/250

 -- MarkovChainMC -- 
Limit: r < 2.95288 +/- 0.0168412 @ 95% credibility (15 tries)
Done in 0.10 min (cpu), 0.10 min (real)
Generate toy 240/250

 -- MarkovChainMC -- 
Limit: r < 2.30463 +/- 0.0256813 @ 95% credibility (15 tries)
Done in 0.09 min (cpu), 0.09 min (real)
Generate toy 241/250

 -- MarkovChainMC -- 
Limit: r < 3.18075 +/- 0.0202615 @ 95% credibility (15 tries)
Done in 0.09 min (cpu), 0.09 min (real)
Generate toy 242/250

 -- MarkovChainMC -- 
Limit: r < 3.15986 +/- 0.0384156 @ 95% credibility (15 tries)
Done in 0.11 min (cpu), 0.11 min (real)
Generate toy 243/250

 -- MarkovChainMC -- 
Limit: r < 4.74081 +/- 0.0672128 @ 95% credibility (15 tries)
Done in 0.10 min (cpu), 0.10 min (real)
Generate toy 244/250

 -- MarkovChainMC -- 
Limit: r < 1.70346 +/- 0.0146978 @ 95% credibility (15 tries)
Done in 0.09 min (cpu), 0.09 min (real)
Generate toy 245/250

 -- MarkovChainMC -- 
Limit: r < 2.70452 +/- 0.0247296 @ 95% credibility (15 tries)
Done in 0.11 min (cpu), 0.11 min (real)
Generate toy 246/250

 -- MarkovChainMC -- 
Limit: r < 4.55341 +/- 0.0657647 @ 95% credibility (15 tries)
Done in 0.10 min (cpu), 0.10 min (real)
Generate toy 247/250

 -- MarkovChainMC -- 
Limit: r < 2.86049 +/- 0.0451492 @ 95% credibility (15 tries)
Done in 0.10 min (cpu), 0.10 min (real)
Generate toy 248/250

 -- MarkovChainMC -- 
Limit: r < 2.31645 +/- 0.0363003 @ 95% credibility (15 tries)
Done in 0.10 min (cpu), 0.10 min (real)
Generate toy 249/250

 -- MarkovChainMC -- 
Limit: r < 4.48247 +/- 0.0439978 @ 95% credibility (15 tries)
Done in 0.11 min (cpu), 0.12 min (real)
Generate toy 250/250

 -- MarkovChainMC -- 
Limit: r < 2.76228 +/- 0.0393734 @ 95% credibility (15 tries)
Done in 0.11 min (cpu), 0.11 min (real)
mean   expected limit: r < 3.06453 +/- 0.0612913 @ 95%CL (250 toyMC)
median expected limit: r < 2.86866 @ 95%CL (250 toyMC)
   68% expected band : 2.22588 < r < 4.13728
   95% expected band : 1.71375 < r < 5.69102
