 <<< Combine >>> 
 <<< v10.0.2 >>>
>>> Used OpenSSL to get a truly random seed 2043610656
>>> Method used is MarkovChainMC
============================================================
Analyzing bin errors for: prop_binmuon_channel
Poisson cut-off: 10
Processes excluded for sums: Wprime4000_kR2
============================================================
Bin        Contents        Error           Notes                         
0          4246.595916     16.603226       total sum                     
0          4245.728997     16.603213       excluding marked processes    
0          65391.000000    255.716640      Unweighted events, alpha=0.064942
  => Total parameter prop_binmuon_channel_bin0[0.00,-7.00,7.00] to be Gaussian constrained
------------------------------------------------------------
1          1621.905364     7.828078        total sum                     
1          1621.101079     7.828053        excluding marked processes    
1          42886.000000    207.089353      Unweighted events, alpha=0.037819
  => Total parameter prop_binmuon_channel_bin1[0.00,-7.00,7.00] to be Gaussian constrained
------------------------------------------------------------
2          722.159997      4.795554        total sum                     
2          721.396648      4.795515        excluding marked processes    
2          22630.000000    150.432709      Unweighted events, alpha=0.031912
  => Total parameter prop_binmuon_channel_bin2[0.00,-7.00,7.00] to be Gaussian constrained
------------------------------------------------------------
3          360.007131      3.009414        total sum                     
3          359.285774      3.009355        excluding marked processes    
3          14254.000000    119.390117      Unweighted events, alpha=0.025257
  => Total parameter prop_binmuon_channel_bin3[0.00,-7.00,7.00] to be Gaussian constrained
------------------------------------------------------------
4          191.814390      3.360922        total sum                     
4          191.190097      3.360877        excluding marked processes    
4          3236.000000     56.885851       Unweighted events, alpha=0.059275
  => Total parameter prop_binmuon_channel_bin4[0.00,-7.00,7.00] to be Gaussian constrained
------------------------------------------------------------
5          112.832467      1.192241        total sum                     
5          112.217111      1.192110        excluding marked processes    
5          8861.000000     94.132885       Unweighted events, alpha=0.012734
  => Total parameter prop_binmuon_channel_bin5[0.00,-7.00,7.00] to be Gaussian constrained
------------------------------------------------------------
6          108.195627      1.524248        total sum                     
6          107.129583      1.524073        excluding marked processes    
6          4941.000000     70.292247       Unweighted events, alpha=0.021898
  => Total parameter prop_binmuon_channel_bin6[0.00,-7.00,7.00] to be Gaussian constrained
------------------------------------------------------------
7          42.092902       0.658304        total sum                     
7          41.104515       0.657922        excluding marked processes    
7          3903.000000     62.473995       Unweighted events, alpha=0.010785
  => Total parameter prop_binmuon_channel_bin7[0.00,-7.00,7.00] to be Gaussian constrained
------------------------------------------------------------
8          24.742131       0.587606        total sum                     
8          23.449391       0.587056        excluding marked processes    
8          1596.000000     39.949969       Unweighted events, alpha=0.015503
  => Total parameter prop_binmuon_channel_bin8[0.00,-7.00,7.00] to be Gaussian constrained
------------------------------------------------------------
9          9.517669        0.395304        total sum                     
9          8.355840        0.394559        excluding marked processes    
9          448.000000      21.166010       Unweighted events, alpha=0.021245
  => Total parameter prop_binmuon_channel_bin9[0.00,-7.00,7.00] to be Gaussian constrained
------------------------------------------------------------
10         4.873877        0.253232        total sum                     
10         3.506378        0.251887        excluding marked processes    
10         194.000000      13.928388       Unweighted events, alpha=0.025123
  => Total parameter prop_binmuon_channel_bin10[0.00,-7.00,7.00] to be Gaussian constrained
------------------------------------------------------------
11         3.243253        0.182742        total sum                     
11         1.363219        0.180174        excluding marked processes    
11         57.000000       7.549834        Unweighted events, alpha=0.056899
  => Total parameter prop_binmuon_channel_bin11[0.00,-7.00,7.00] to be Gaussian constrained
------------------------------------------------------------
12         2.257066        0.290546        total sum                     
12         0.530791        0.289065        excluding marked processes    
12         3.000000        1.732051        Unweighted events, alpha=0.752355
  => Number of weighted events is below Poisson threshold
    Wprime4000_kR2       1.726274        0.029299                                      
                         3471.000000     58.915193       Unweighted events, alpha=0.000497
      => Parameter prop_binmuon_channel_bin12_Wprime4000_kR2[0.00,-7.00,7.00] to be Gaussian constrained
  ----------------------------------------------------------
    W_boson              0.216692        0.001181                                      
                         33653.000000    183.447540      Unweighted events, alpha=0.000006
      => Parameter prop_binmuon_channel_bin12_W_boson[0.00,-7.00,7.00] to be Gaussian constrained
  ----------------------------------------------------------
    Top                  0.000000        0.000000                                      
      => Error is zero, ignore      
  ----------------------------------------------------------
    Z_boson              0.004094        0.000500                                      
                         67.000000       8.185353        Unweighted events, alpha=0.000061
      => Parameter prop_binmuon_channel_bin12_Z_boson[0.00,-7.00,7.00] to be Gaussian constrained
  ----------------------------------------------------------
    DiBoson              0.288910        0.288561                                      
                         1.000000        1.000000        Unweighted events, alpha=0.288910
      => Product of prop_binmuon_channel_bin12_DiBoson[1.00,0.00,30.85] and const [1.0000] to be Poisson constrained
  ----------------------------------------------------------
    QCD                  0.021095        0.017013                                      
                         2.000000        1.414214        Unweighted events, alpha=0.010547
      => Product of prop_binmuon_channel_bin12_QCD[2.00,0.00,33.79] and const [0.5000] to be Poisson constrained
  ----------------------------------------------------------
------------------------------------------------------------
13         1.450672        0.025983        total sum                     
13         0.067145        0.000584        excluding marked processes    
13         13239.000000    115.060853      Unweighted events, alpha=0.000110
  => Total parameter prop_binmuon_channel_bin13[0.00,-7.00,7.00] to be Gaussian constrained
------------------------------------------------------------
14         0.023645        0.002943        total sum                     
14         0.003967        0.000043        excluding marked processes    
14         8482.000000     92.097774       Unweighted events, alpha=0.000003
  => Total parameter prop_binmuon_channel_bin14[0.00,-7.00,7.00] to be Gaussian constrained
------------------------------------------------------------
15         0.008842        0.004012        total sum                     
15         0.005625        0.003835        excluding marked processes    
15         2.000000        1.414214        Unweighted events, alpha=0.004421
  => Number of weighted events is below Poisson threshold
    Wprime4000_kR2       0.003217        0.001181                                      
                         7.000000        2.645751        Unweighted events, alpha=0.000460
      => Product of prop_binmuon_channel_bin15_Wprime4000_kR2[7.00,0.07,45.79] and const [0.1429] to be Poisson constrained
  ----------------------------------------------------------
    W_boson              0.000849        0.000021                                      
                         1670.000000     40.865633       Unweighted events, alpha=0.000001
      => Parameter prop_binmuon_channel_bin15_W_boson[0.00,-7.00,7.00] to be Gaussian constrained
  ----------------------------------------------------------
    Top                  0.000000        0.000000                                      
      => Error is zero, ignore      
  ----------------------------------------------------------
    Z_boson              0.000011        0.000003                                      
                         16.000000       4.000000        Unweighted events, alpha=0.000001
      => Parameter prop_binmuon_channel_bin15_Z_boson[0.00,-7.00,7.00] to be Gaussian constrained
  ----------------------------------------------------------
    DiBoson              0.000000        0.000000                                      
      => Error is zero, ignore      
  ----------------------------------------------------------
    QCD                  0.004765        0.003834                                      
                         2.000000        1.414214        Unweighted events, alpha=0.002383
      => Product of prop_binmuon_channel_bin15_QCD[2.00,0.00,33.79] and const [0.5000] to be Poisson constrained
  ----------------------------------------------------------
------------------------------------------------------------
Channel muon_channel will use autoMCStats with settings: event-threshold=10, include-signal=0, hist-mode=1
Generate toy 1/250

 -- MarkovChainMC -- 
Limit: r < 0.877794 +/- 0.00945069 @ 95% credibility (15 tries)
Done in 0.11 min (cpu), 0.11 min (real)
Generate toy 2/250

 -- MarkovChainMC -- 
Limit: r < 1.05335 +/- 0.00831774 @ 95% credibility (15 tries)
Done in 0.13 min (cpu), 0.13 min (real)
Generate toy 3/250

 -- MarkovChainMC -- 
Limit: r < 1.08045 +/- 0.0125567 @ 95% credibility (15 tries)
Done in 0.14 min (cpu), 0.14 min (real)
Generate toy 4/250

 -- MarkovChainMC -- 
Limit: r < 0.777378 +/- 0.00796235 @ 95% credibility (15 tries)
Done in 0.13 min (cpu), 0.13 min (real)
Generate toy 5/250

 -- MarkovChainMC -- 
Limit: r < 0.862414 +/- 0.00753194 @ 95% credibility (15 tries)
Done in 0.13 min (cpu), 0.13 min (real)
Generate toy 6/250

 -- MarkovChainMC -- 
Limit: r < 0.831607 +/- 0.00732997 @ 95% credibility (15 tries)
Done in 0.11 min (cpu), 0.11 min (real)
Generate toy 7/250

 -- MarkovChainMC -- 
Limit: r < 0.632964 +/- 0.00661507 @ 95% credibility (15 tries)
Done in 0.11 min (cpu), 0.11 min (real)
Generate toy 8/250

 -- MarkovChainMC -- 
Limit: r < 0.968922 +/- 0.0116401 @ 95% credibility (15 tries)
Done in 0.13 min (cpu), 0.13 min (real)
Generate toy 9/250

 -- MarkovChainMC -- 
Limit: r < 0.591696 +/- 0.0088997 @ 95% credibility (15 tries)
Done in 0.13 min (cpu), 0.13 min (real)
Generate toy 10/250

 -- MarkovChainMC -- 
Limit: r < 0.733832 +/- 0.0115801 @ 95% credibility (15 tries)
Done in 0.14 min (cpu), 0.14 min (real)
Generate toy 11/250

 -- MarkovChainMC -- 
Limit: r < 0.543837 +/- 0.00600424 @ 95% credibility (15 tries)
Done in 0.13 min (cpu), 0.13 min (real)
Generate toy 12/250

 -- MarkovChainMC -- 
Limit: r < 0.624031 +/- 0.00476539 @ 95% credibility (15 tries)
Done in 0.13 min (cpu), 0.13 min (real)
Generate toy 13/250

 -- MarkovChainMC -- 
Limit: r < 1.12656 +/- 0.00715442 @ 95% credibility (15 tries)
Done in 0.14 min (cpu), 0.14 min (real)
Generate toy 14/250

 -- MarkovChainMC -- 
Limit: r < 0.834957 +/- 0.0114798 @ 95% credibility (15 tries)
Done in 0.14 min (cpu), 0.14 min (real)
Generate toy 15/250

 -- MarkovChainMC -- 
Limit: r < 0.65406 +/- 0.0036798 @ 95% credibility (15 tries)
Done in 0.13 min (cpu), 0.13 min (real)
Generate toy 16/250

 -- MarkovChainMC -- 
Limit: r < 0.745993 +/- 0.00921252 @ 95% credibility (15 tries)
Done in 0.10 min (cpu), 0.10 min (real)
Generate toy 17/250

 -- MarkovChainMC -- 
Limit: r < 0.778668 +/- 0.0122813 @ 95% credibility (15 tries)
Done in 0.11 min (cpu), 0.11 min (real)
Generate toy 18/250

 -- MarkovChainMC -- 
Limit: r < 0.546424 +/- 0.00425778 @ 95% credibility (15 tries)
Done in 0.12 min (cpu), 0.12 min (real)
Generate toy 19/250

 -- MarkovChainMC -- 
Limit: r < 0.951182 +/- 0.00933252 @ 95% credibility (15 tries)
Done in 0.11 min (cpu), 0.11 min (real)
Generate toy 20/250

 -- MarkovChainMC -- 
Limit: r < 0.798515 +/- 0.0118291 @ 95% credibility (15 tries)
Done in 0.13 min (cpu), 0.13 min (real)
Generate toy 21/250

 -- MarkovChainMC -- 
Limit: r < 1.1705 +/- 0.00951019 @ 95% credibility (15 tries)
Done in 0.14 min (cpu), 0.14 min (real)
Generate toy 22/250

 -- MarkovChainMC -- 
Limit: r < 0.76471 +/- 0.0106073 @ 95% credibility (15 tries)
Done in 0.13 min (cpu), 0.13 min (real)
Generate toy 23/250

 -- MarkovChainMC -- 
Limit: r < 0.755686 +/- 0.00752784 @ 95% credibility (15 tries)
Done in 0.12 min (cpu), 0.12 min (real)
Generate toy 24/250

 -- MarkovChainMC -- 
Limit: r < 1.68543 +/- 0.0119195 @ 95% credibility (15 tries)
Done in 0.11 min (cpu), 0.11 min (real)
Generate toy 25/250

 -- MarkovChainMC -- 
Limit: r < 0.486265 +/- 0.00761714 @ 95% credibility (15 tries)
Done in 0.10 min (cpu), 0.10 min (real)
Generate toy 26/250

 -- MarkovChainMC -- 
Limit: r < 1.33738 +/- 0.0161566 @ 95% credibility (15 tries)
Done in 0.12 min (cpu), 0.12 min (real)
Generate toy 27/250

 -- MarkovChainMC -- 
Limit: r < 0.709487 +/- 0.0129447 @ 95% credibility (15 tries)
Done in 0.13 min (cpu), 0.13 min (real)
Generate toy 28/250

 -- MarkovChainMC -- 
Limit: r < 1.01543 +/- 0.0069943 @ 95% credibility (15 tries)
Done in 0.13 min (cpu), 0.13 min (real)
Generate toy 29/250

 -- MarkovChainMC -- 
Limit: r < 0.771479 +/- 0.0109965 @ 95% credibility (15 tries)
Done in 0.11 min (cpu), 0.11 min (real)
Generate toy 30/250

 -- MarkovChainMC -- 
Limit: r < 1.99258 +/- 0.0112576 @ 95% credibility (15 tries)
Done in 0.12 min (cpu), 0.12 min (real)
Generate toy 31/250

 -- MarkovChainMC -- 
Limit: r < 0.521419 +/- 0.00621941 @ 95% credibility (15 tries)
Done in 0.13 min (cpu), 0.13 min (real)
Generate toy 32/250

 -- MarkovChainMC -- 
Limit: r < 0.685765 +/- 0.00759756 @ 95% credibility (15 tries)
Done in 0.11 min (cpu), 0.11 min (real)
Generate toy 33/250

 -- MarkovChainMC -- 
Limit: r < 1.04755 +/- 0.0102264 @ 95% credibility (15 tries)
Done in 0.10 min (cpu), 0.10 min (real)
Generate toy 34/250

 -- MarkovChainMC -- 
Limit: r < 0.751385 +/- 0.00790356 @ 95% credibility (15 tries)
Done in 0.12 min (cpu), 0.12 min (real)
Generate toy 35/250

 -- MarkovChainMC -- 
Limit: r < 0.68563 +/- 0.00897532 @ 95% credibility (15 tries)
Done in 0.14 min (cpu), 0.14 min (real)
Generate toy 36/250

 -- MarkovChainMC -- 
Limit: r < 1.26648 +/- 0.0150807 @ 95% credibility (15 tries)
Done in 0.15 min (cpu), 0.15 min (real)
Generate toy 37/250

 -- MarkovChainMC -- 
Limit: r < 0.955523 +/- 0.00478031 @ 95% credibility (15 tries)
Done in 0.14 min (cpu), 0.14 min (real)
Generate toy 38/250

 -- MarkovChainMC -- 
Limit: r < 0.739139 +/- 0.00882349 @ 95% credibility (15 tries)
Done in 0.13 min (cpu), 0.13 min (real)
Generate toy 39/250

 -- MarkovChainMC -- 
Limit: r < 0.935552 +/- 0.00578071 @ 95% credibility (15 tries)
Done in 0.12 min (cpu), 0.13 min (real)
Generate toy 40/250

 -- MarkovChainMC -- 
Limit: r < 1.01947 +/- 0.0105926 @ 95% credibility (15 tries)
Done in 0.12 min (cpu), 0.13 min (real)
Generate toy 41/250

 -- MarkovChainMC -- 
Limit: r < 1.43979 +/- 0.00959228 @ 95% credibility (15 tries)
Done in 0.14 min (cpu), 0.14 min (real)
Generate toy 42/250

 -- MarkovChainMC -- 
Limit: r < 0.655092 +/- 0.00470402 @ 95% credibility (15 tries)
Done in 0.08 min (cpu), 0.08 min (real)
Generate toy 43/250

 -- MarkovChainMC -- 
Limit: r < 0.922756 +/- 0.0064166 @ 95% credibility (15 tries)
Done in 0.14 min (cpu), 0.14 min (real)
Generate toy 44/250

 -- MarkovChainMC -- 
Limit: r < 0.625065 +/- 0.00962141 @ 95% credibility (15 tries)
Done in 0.12 min (cpu), 0.13 min (real)
Generate toy 45/250

 -- MarkovChainMC -- 
Limit: r < 1.68852 +/- 0.0126748 @ 95% credibility (15 tries)
Done in 0.15 min (cpu), 0.15 min (real)
Generate toy 46/250

 -- MarkovChainMC -- 
Limit: r < 0.660659 +/- 0.00368282 @ 95% credibility (15 tries)
Done in 0.13 min (cpu), 0.14 min (real)
Generate toy 47/250

 -- MarkovChainMC -- 
Limit: r < 0.727378 +/- 0.00935272 @ 95% credibility (15 tries)
Done in 0.13 min (cpu), 0.13 min (real)
Generate toy 48/250

 -- MarkovChainMC -- 
Limit: r < 0.567863 +/- 0.00808669 @ 95% credibility (15 tries)
Done in 0.13 min (cpu), 0.13 min (real)
Generate toy 49/250

 -- MarkovChainMC -- 
Limit: r < 0.869282 +/- 0.00942149 @ 95% credibility (15 tries)
Done in 0.11 min (cpu), 0.11 min (real)
Generate toy 50/250

 -- MarkovChainMC -- 
Limit: r < 0.682893 +/- 0.00704127 @ 95% credibility (15 tries)
Done in 0.13 min (cpu), 0.13 min (real)
Generate toy 51/250

 -- MarkovChainMC -- 
Limit: r < 0.551555 +/- 0.0054194 @ 95% credibility (15 tries)
Done in 0.13 min (cpu), 0.13 min (real)
Generate toy 52/250

 -- MarkovChainMC -- 
Limit: r < 1.5478 +/- 0.00975662 @ 95% credibility (15 tries)
Done in 0.14 min (cpu), 0.15 min (real)
Generate toy 53/250

 -- MarkovChainMC -- 
Limit: r < 0.828665 +/- 0.00486693 @ 95% credibility (15 tries)
Done in 0.13 min (cpu), 0.14 min (real)
Generate toy 54/250

 -- MarkovChainMC -- 
Limit: r < 1.11237 +/- 0.00859789 @ 95% credibility (15 tries)
Done in 0.14 min (cpu), 0.14 min (real)
Generate toy 55/250

 -- MarkovChainMC -- 
Limit: r < 1.27056 +/- 0.00910326 @ 95% credibility (15 tries)
Done in 0.13 min (cpu), 0.13 min (real)
Generate toy 56/250

 -- MarkovChainMC -- 
Limit: r < 1.42128 +/- 0.0130846 @ 95% credibility (15 tries)
Done in 0.15 min (cpu), 0.15 min (real)
Generate toy 57/250

 -- MarkovChainMC -- 
Limit: r < 0.797362 +/- 0.00535221 @ 95% credibility (15 tries)
Done in 0.14 min (cpu), 0.14 min (real)
Generate toy 58/250

 -- MarkovChainMC -- 
Limit: r < 1.88113 +/- 0.0153413 @ 95% credibility (15 tries)
Done in 0.12 min (cpu), 0.12 min (real)
Generate toy 59/250

 -- MarkovChainMC -- 
Limit: r < 0.852728 +/- 0.00709417 @ 95% credibility (15 tries)
Done in 0.11 min (cpu), 0.11 min (real)
Generate toy 60/250

 -- MarkovChainMC -- 
Limit: r < 0.852685 +/- 0.00615994 @ 95% credibility (15 tries)
Done in 0.12 min (cpu), 0.12 min (real)
Generate toy 61/250

 -- MarkovChainMC -- 
Limit: r < 0.812091 +/- 0.00851001 @ 95% credibility (15 tries)
Done in 0.13 min (cpu), 0.13 min (real)
Generate toy 62/250

 -- MarkovChainMC -- 
Limit: r < 0.933814 +/- 0.00524444 @ 95% credibility (15 tries)
Done in 0.14 min (cpu), 0.14 min (real)
Generate toy 63/250

 -- MarkovChainMC -- 
Limit: r < 1.26749 +/- 0.010757 @ 95% credibility (15 tries)
Done in 0.13 min (cpu), 0.13 min (real)
Generate toy 64/250

 -- MarkovChainMC -- 
Limit: r < 0.805621 +/- 0.00905195 @ 95% credibility (15 tries)
Done in 0.12 min (cpu), 0.12 min (real)
Generate toy 65/250

 -- MarkovChainMC -- 
Limit: r < 1.94518 +/- 0.0120559 @ 95% credibility (15 tries)
Done in 0.16 min (cpu), 0.16 min (real)
Generate toy 66/250

 -- MarkovChainMC -- 
Limit: r < 0.551289 +/- 0.00520814 @ 95% credibility (15 tries)
Done in 0.11 min (cpu), 0.11 min (real)
Generate toy 67/250

 -- MarkovChainMC -- 
Limit: r < 0.956329 +/- 0.0113375 @ 95% credibility (15 tries)
Done in 0.12 min (cpu), 0.12 min (real)
Generate toy 68/250

 -- MarkovChainMC -- 
Limit: r < 1.08022 +/- 0.0117499 @ 95% credibility (15 tries)
Done in 0.13 min (cpu), 0.13 min (real)
Generate toy 69/250

 -- MarkovChainMC -- 
Limit: r < 0.584479 +/- 0.00727078 @ 95% credibility (15 tries)
Done in 0.11 min (cpu), 0.12 min (real)
Generate toy 70/250

 -- MarkovChainMC -- 
Limit: r < 0.599367 +/- 0.00449887 @ 95% credibility (15 tries)
Done in 0.12 min (cpu), 0.12 min (real)
Generate toy 71/250

 -- MarkovChainMC -- 
Limit: r < 0.77005 +/- 0.0106387 @ 95% credibility (15 tries)
Done in 0.12 min (cpu), 0.12 min (real)
Generate toy 72/250

 -- MarkovChainMC -- 
Limit: r < 1.39465 +/- 0.00840846 @ 95% credibility (15 tries)
Done in 0.15 min (cpu), 0.15 min (real)
Generate toy 73/250

 -- MarkovChainMC -- 
Limit: r < 1.85222 +/- 0.00590953 @ 95% credibility (15 tries)
Done in 0.15 min (cpu), 0.15 min (real)
Generate toy 74/250

 -- MarkovChainMC -- 
Limit: r < 0.883828 +/- 0.00632436 @ 95% credibility (15 tries)
Done in 0.13 min (cpu), 0.13 min (real)
Generate toy 75/250

 -- MarkovChainMC -- 
Limit: r < 1.08069 +/- 0.014011 @ 95% credibility (15 tries)
Done in 0.12 min (cpu), 0.12 min (real)
Generate toy 76/250

 -- MarkovChainMC -- 
Limit: r < 0.567262 +/- 0.00533383 @ 95% credibility (15 tries)
Done in 0.12 min (cpu), 0.13 min (real)
Generate toy 77/250

 -- MarkovChainMC -- 
Limit: r < 1.28137 +/- 0.0128001 @ 95% credibility (15 tries)
Done in 0.12 min (cpu), 0.12 min (real)
Generate toy 78/250

 -- MarkovChainMC -- 
Limit: r < 0.982033 +/- 0.0131892 @ 95% credibility (15 tries)
Done in 0.13 min (cpu), 0.13 min (real)
Generate toy 79/250

 -- MarkovChainMC -- 
Limit: r < 0.614452 +/- 0.0074354 @ 95% credibility (15 tries)
Done in 0.13 min (cpu), 0.13 min (real)
Generate toy 80/250

 -- MarkovChainMC -- 
Limit: r < 1.39053 +/- 0.0096722 @ 95% credibility (15 tries)
Done in 0.13 min (cpu), 0.13 min (real)
Generate toy 81/250

 -- MarkovChainMC -- 
Limit: r < 0.949039 +/- 0.00923866 @ 95% credibility (15 tries)
Done in 0.12 min (cpu), 0.12 min (real)
Generate toy 82/250

 -- MarkovChainMC -- 
Limit: r < 1.38783 +/- 0.0153659 @ 95% credibility (15 tries)
Done in 0.14 min (cpu), 0.14 min (real)
Generate toy 83/250

 -- MarkovChainMC -- 
Limit: r < 0.681759 +/- 0.0065795 @ 95% credibility (15 tries)
Done in 0.11 min (cpu), 0.11 min (real)
Generate toy 84/250

 -- MarkovChainMC -- 
Limit: r < 0.590125 +/- 0.00484095 @ 95% credibility (15 tries)
Done in 0.12 min (cpu), 0.13 min (real)
Generate toy 85/250

 -- MarkovChainMC -- 
Limit: r < 0.806708 +/- 0.010524 @ 95% credibility (15 tries)
Done in 0.13 min (cpu), 0.13 min (real)
Generate toy 86/250

 -- MarkovChainMC -- 
Limit: r < 0.766549 +/- 0.00728834 @ 95% credibility (15 tries)
Done in 0.13 min (cpu), 0.13 min (real)
Generate toy 87/250

 -- MarkovChainMC -- 
Limit: r < 0.856669 +/- 0.00518576 @ 95% credibility (15 tries)
Done in 0.14 min (cpu), 0.14 min (real)
Generate toy 88/250

 -- MarkovChainMC -- 
Limit: r < 0.66912 +/- 0.00692255 @ 95% credibility (15 tries)
Done in 0.12 min (cpu), 0.13 min (real)
Generate toy 89/250

 -- MarkovChainMC -- 
Limit: r < 0.916318 +/- 0.0121575 @ 95% credibility (15 tries)
Done in 0.13 min (cpu), 0.13 min (real)
Generate toy 90/250

 -- MarkovChainMC -- 
Limit: r < 1.86501 +/- 0.00553935 @ 95% credibility (15 tries)
Done in 0.13 min (cpu), 0.14 min (real)
Generate toy 91/250

 -- MarkovChainMC -- 
Limit: r < 1.28501 +/- 0.00782647 @ 95% credibility (15 tries)
Done in 0.14 min (cpu), 0.15 min (real)
Generate toy 92/250

 -- MarkovChainMC -- 
Limit: r < 0.897455 +/- 0.00797112 @ 95% credibility (15 tries)
Done in 0.13 min (cpu), 0.13 min (real)
Generate toy 93/250

 -- MarkovChainMC -- 
Limit: r < 1.05449 +/- 0.0148105 @ 95% credibility (15 tries)
Done in 0.13 min (cpu), 0.13 min (real)
Generate toy 94/250

 -- MarkovChainMC -- 
Limit: r < 0.777733 +/- 0.010789 @ 95% credibility (15 tries)
Done in 0.14 min (cpu), 0.14 min (real)
Generate toy 95/250

 -- MarkovChainMC -- 
Limit: r < 0.711469 +/- 0.00738879 @ 95% credibility (15 tries)
Done in 0.12 min (cpu), 0.13 min (real)
Generate toy 96/250

 -- MarkovChainMC -- 
Limit: r < 0.839424 +/- 0.0136192 @ 95% credibility (15 tries)
Done in 0.12 min (cpu), 0.13 min (real)
Generate toy 97/250

 -- MarkovChainMC -- 
Limit: r < 1.08096 +/- 0.00911922 @ 95% credibility (15 tries)
Done in 0.13 min (cpu), 0.13 min (real)
Generate toy 98/250

 -- MarkovChainMC -- 
Limit: r < 0.656218 +/- 0.00971566 @ 95% credibility (15 tries)
Done in 0.12 min (cpu), 0.12 min (real)
Generate toy 99/250

 -- MarkovChainMC -- 
Limit: r < 1.39163 +/- 0.0108027 @ 95% credibility (15 tries)
Done in 0.14 min (cpu), 0.14 min (real)
Generate toy 100/250

 -- MarkovChainMC -- 
Limit: r < 0.612878 +/- 0.0055457 @ 95% credibility (15 tries)
Done in 0.13 min (cpu), 0.13 min (real)
Generate toy 101/250

 -- MarkovChainMC -- 
Limit: r < 0.770972 +/- 0.0102037 @ 95% credibility (15 tries)
Done in 0.14 min (cpu), 0.14 min (real)
Generate toy 102/250

 -- MarkovChainMC -- 
Limit: r < 1.3582 +/- 0.00899044 @ 95% credibility (15 tries)
Done in 0.14 min (cpu), 0.14 min (real)
Generate toy 103/250

 -- MarkovChainMC -- 
Limit: r < 0.540152 +/- 0.00665708 @ 95% credibility (15 tries)
Done in 0.13 min (cpu), 0.13 min (real)
Generate toy 104/250

 -- MarkovChainMC -- 
Limit: r < 0.508305 +/- 0.00984888 @ 95% credibility (15 tries)
Done in 0.13 min (cpu), 0.13 min (real)
Generate toy 105/250

 -- MarkovChainMC -- 
Limit: r < 0.754457 +/- 0.00871055 @ 95% credibility (15 tries)
Done in 0.12 min (cpu), 0.13 min (real)
Generate toy 106/250

 -- MarkovChainMC -- 
Limit: r < 1.2477 +/- 0.0121267 @ 95% credibility (15 tries)
Done in 0.13 min (cpu), 0.13 min (real)
Generate toy 107/250

 -- MarkovChainMC -- 
Limit: r < 0.921233 +/- 0.0109882 @ 95% credibility (15 tries)
Done in 0.13 min (cpu), 0.13 min (real)
Generate toy 108/250

 -- MarkovChainMC -- 
Limit: r < 1.65811 +/- 0.0131146 @ 95% credibility (15 tries)
Done in 0.14 min (cpu), 0.15 min (real)
Generate toy 109/250

 -- MarkovChainMC -- 
Limit: r < 0.661513 +/- 0.00487599 @ 95% credibility (15 tries)
Done in 0.13 min (cpu), 0.14 min (real)
Generate toy 110/250

 -- MarkovChainMC -- 
Limit: r < 0.642057 +/- 0.00437937 @ 95% credibility (15 tries)
Done in 0.13 min (cpu), 0.13 min (real)
Generate toy 111/250

 -- MarkovChainMC -- 
Limit: r < 1.6796 +/- 0.0130342 @ 95% credibility (15 tries)
Done in 0.14 min (cpu), 0.14 min (real)
Generate toy 112/250

 -- MarkovChainMC -- 
Limit: r < 1.12613 +/- 0.00726424 @ 95% credibility (15 tries)
Done in 0.14 min (cpu), 0.14 min (real)
Generate toy 113/250

 -- MarkovChainMC -- 
Limit: r < 0.9308 +/- 0.0113698 @ 95% credibility (15 tries)
Done in 0.13 min (cpu), 0.13 min (real)
Generate toy 114/250

 -- MarkovChainMC -- 
Limit: r < 1.09172 +/- 0.0144511 @ 95% credibility (15 tries)
Done in 0.13 min (cpu), 0.13 min (real)
Generate toy 115/250

 -- MarkovChainMC -- 
Limit: r < 1.31294 +/- 0.00459784 @ 95% credibility (15 tries)
Done in 0.15 min (cpu), 0.15 min (real)
Generate toy 116/250

 -- MarkovChainMC -- 
Limit: r < 0.839063 +/- 0.00797351 @ 95% credibility (15 tries)
Done in 0.14 min (cpu), 0.14 min (real)
Generate toy 117/250

 -- MarkovChainMC -- 
Limit: r < 0.535562 +/- 0.00534954 @ 95% credibility (15 tries)
Done in 0.13 min (cpu), 0.13 min (real)
Generate toy 118/250

 -- MarkovChainMC -- 
Limit: r < 1.49959 +/- 0.0129969 @ 95% credibility (15 tries)
Done in 0.14 min (cpu), 0.15 min (real)
Generate toy 119/250

 -- MarkovChainMC -- 
Limit: r < 0.71345 +/- 0.00827465 @ 95% credibility (15 tries)
Done in 0.12 min (cpu), 0.12 min (real)
Generate toy 120/250

 -- MarkovChainMC -- 
Limit: r < 1.21496 +/- 0.00788315 @ 95% credibility (15 tries)
Done in 0.14 min (cpu), 0.14 min (real)
Generate toy 121/250

 -- MarkovChainMC -- 
Limit: r < 1.21644 +/- 0.00909553 @ 95% credibility (15 tries)
Done in 0.12 min (cpu), 0.12 min (real)
Generate toy 122/250

 -- MarkovChainMC -- 
Limit: r < 0.711686 +/- 0.00400664 @ 95% credibility (15 tries)
Done in 0.13 min (cpu), 0.13 min (real)
Generate toy 123/250

 -- MarkovChainMC -- 
Limit: r < 1.38062 +/- 0.011746 @ 95% credibility (15 tries)
Done in 0.14 min (cpu), 0.14 min (real)
Generate toy 124/250

 -- MarkovChainMC -- 
Limit: r < 1.60431 +/- 0.0110676 @ 95% credibility (15 tries)
Done in 0.14 min (cpu), 0.14 min (real)
Generate toy 125/250

 -- MarkovChainMC -- 
Limit: r < 0.712576 +/- 0.00761379 @ 95% credibility (15 tries)
Done in 0.13 min (cpu), 0.13 min (real)
Generate toy 126/250

 -- MarkovChainMC -- 
Limit: r < 1.25528 +/- 0.0116333 @ 95% credibility (15 tries)
Done in 0.15 min (cpu), 0.16 min (real)
Generate toy 127/250

 -- MarkovChainMC -- 
Limit: r < 0.875777 +/- 0.00959509 @ 95% credibility (15 tries)
Done in 0.12 min (cpu), 0.12 min (real)
Generate toy 128/250

 -- MarkovChainMC -- 
Limit: r < 0.720693 +/- 0.00726216 @ 95% credibility (15 tries)
Done in 0.13 min (cpu), 0.13 min (real)
Generate toy 129/250

 -- MarkovChainMC -- 
Limit: r < 0.801213 +/- 0.00786029 @ 95% credibility (15 tries)
Done in 0.13 min (cpu), 0.14 min (real)
Generate toy 130/250

 -- MarkovChainMC -- 
Limit: r < 1.48612 +/- 0.0172026 @ 95% credibility (15 tries)
Done in 0.14 min (cpu), 0.14 min (real)
Generate toy 131/250

 -- MarkovChainMC -- 
Limit: r < 1.35224 +/- 0.00944719 @ 95% credibility (15 tries)
Done in 0.12 min (cpu), 0.12 min (real)
Generate toy 132/250

 -- MarkovChainMC -- 
Limit: r < 0.815782 +/- 0.00737734 @ 95% credibility (15 tries)
Done in 0.10 min (cpu), 0.10 min (real)
Generate toy 133/250

 -- MarkovChainMC -- 
Limit: r < 0.879743 +/- 0.00947275 @ 95% credibility (15 tries)
Done in 0.14 min (cpu), 0.14 min (real)
Generate toy 134/250

 -- MarkovChainMC -- 
Limit: r < 0.941647 +/- 0.00541839 @ 95% credibility (15 tries)
Done in 0.13 min (cpu), 0.13 min (real)
Generate toy 135/250

 -- MarkovChainMC -- 
Limit: r < 0.828381 +/- 0.00698153 @ 95% credibility (15 tries)
Done in 0.14 min (cpu), 0.14 min (real)
Generate toy 136/250

 -- MarkovChainMC -- 
Limit: r < 0.949917 +/- 0.012515 @ 95% credibility (15 tries)
Done in 0.14 min (cpu), 0.14 min (real)
Generate toy 137/250

 -- MarkovChainMC -- 
Limit: r < 0.831712 +/- 0.00954546 @ 95% credibility (15 tries)
Done in 0.13 min (cpu), 0.14 min (real)
Generate toy 138/250

 -- MarkovChainMC -- 
Limit: r < 0.537936 +/- 0.00806604 @ 95% credibility (15 tries)
Done in 0.13 min (cpu), 0.13 min (real)
Generate toy 139/250

 -- MarkovChainMC -- 
Limit: r < 0.96483 +/- 0.0101587 @ 95% credibility (15 tries)
Done in 0.14 min (cpu), 0.14 min (real)
Generate toy 140/250

 -- MarkovChainMC -- 
Limit: r < 1.12078 +/- 0.00417291 @ 95% credibility (15 tries)
Done in 0.14 min (cpu), 0.14 min (real)
Generate toy 141/250

 -- MarkovChainMC -- 
Limit: r < 1.28524 +/- 0.00602899 @ 95% credibility (15 tries)
Done in 0.13 min (cpu), 0.14 min (real)
Generate toy 142/250

 -- MarkovChainMC -- 
Limit: r < 1.33117 +/- 0.00761687 @ 95% credibility (15 tries)
Done in 0.14 min (cpu), 0.14 min (real)
Generate toy 143/250

 -- MarkovChainMC -- 
Limit: r < 0.613323 +/- 0.00648755 @ 95% credibility (15 tries)
Done in 0.13 min (cpu), 0.13 min (real)
Generate toy 144/250

 -- MarkovChainMC -- 
Limit: r < 0.987774 +/- 0.0111811 @ 95% credibility (15 tries)
Done in 0.15 min (cpu), 0.15 min (real)
Generate toy 145/250

 -- MarkovChainMC -- 
Limit: r < 1.02797 +/- 0.00799764 @ 95% credibility (15 tries)
Done in 0.15 min (cpu), 0.15 min (real)
Generate toy 146/250

 -- MarkovChainMC -- 
Limit: r < 0.804502 +/- 0.00574622 @ 95% credibility (15 tries)
Done in 0.15 min (cpu), 0.15 min (real)
Generate toy 147/250

 -- MarkovChainMC -- 
Limit: r < 0.813387 +/- 0.00660668 @ 95% credibility (15 tries)
Done in 0.15 min (cpu), 0.15 min (real)
Generate toy 148/250

 -- MarkovChainMC -- 
Limit: r < 1.14357 +/- 0.0153855 @ 95% credibility (15 tries)
Done in 0.12 min (cpu), 0.12 min (real)
Generate toy 149/250

 -- MarkovChainMC -- 
Limit: r < 0.891962 +/- 0.00821946 @ 95% credibility (15 tries)
Done in 0.13 min (cpu), 0.13 min (real)
Generate toy 150/250

 -- MarkovChainMC -- 
Limit: r < 0.540211 +/- 0.00527604 @ 95% credibility (15 tries)
Done in 0.11 min (cpu), 0.11 min (real)
Generate toy 151/250

 -- MarkovChainMC -- 
Limit: r < 1.44354 +/- 0.00738414 @ 95% credibility (15 tries)
Done in 0.11 min (cpu), 0.11 min (real)
Generate toy 152/250

 -- MarkovChainMC -- 
Limit: r < 0.608996 +/- 0.00248813 @ 95% credibility (15 tries)
Done in 0.09 min (cpu), 0.10 min (real)
Generate toy 153/250

 -- MarkovChainMC -- 
Limit: r < 1.12273 +/- 0.00973744 @ 95% credibility (15 tries)
Done in 0.12 min (cpu), 0.12 min (real)
Generate toy 154/250

 -- MarkovChainMC -- 
Limit: r < 1.03082 +/- 0.00553042 @ 95% credibility (15 tries)
Done in 0.11 min (cpu), 0.11 min (real)
Generate toy 155/250

 -- MarkovChainMC -- 
Limit: r < 0.778934 +/- 0.00710784 @ 95% credibility (15 tries)
Done in 0.09 min (cpu), 0.09 min (real)
Generate toy 156/250

 -- MarkovChainMC -- 
Limit: r < 0.914139 +/- 0.0118724 @ 95% credibility (15 tries)
Done in 0.10 min (cpu), 0.10 min (real)
Generate toy 157/250

 -- MarkovChainMC -- 
Limit: r < 0.973125 +/- 0.0119884 @ 95% credibility (15 tries)
Done in 0.10 min (cpu), 0.10 min (real)
Generate toy 158/250

 -- MarkovChainMC -- 
Limit: r < 1.03071 +/- 0.0111409 @ 95% credibility (15 tries)
Done in 0.13 min (cpu), 0.13 min (real)
Generate toy 159/250

 -- MarkovChainMC -- 
Limit: r < 0.800852 +/- 0.00885098 @ 95% credibility (15 tries)
Done in 0.10 min (cpu), 0.10 min (real)
Generate toy 160/250

 -- MarkovChainMC -- 
Limit: r < 0.908952 +/- 0.00813843 @ 95% credibility (15 tries)
Done in 0.09 min (cpu), 0.10 min (real)
Generate toy 161/250

 -- MarkovChainMC -- 
Limit: r < 0.948125 +/- 0.0080434 @ 95% credibility (15 tries)
Done in 0.11 min (cpu), 0.12 min (real)
Generate toy 162/250

 -- MarkovChainMC -- 
Limit: r < 1.6363 +/- 0.00740612 @ 95% credibility (15 tries)
Done in 0.13 min (cpu), 0.13 min (real)
Generate toy 163/250

 -- MarkovChainMC -- 
Limit: r < 0.976867 +/- 0.00981421 @ 95% credibility (15 tries)
Done in 0.14 min (cpu), 0.14 min (real)
Generate toy 164/250

 -- MarkovChainMC -- 
Limit: r < 0.786253 +/- 0.0072986 @ 95% credibility (15 tries)
Done in 0.13 min (cpu), 0.13 min (real)
Generate toy 165/250

 -- MarkovChainMC -- 
Limit: r < 0.928009 +/- 0.0100515 @ 95% credibility (15 tries)
Done in 0.13 min (cpu), 0.13 min (real)
Generate toy 166/250

 -- MarkovChainMC -- 
Limit: r < 1.02708 +/- 0.00888774 @ 95% credibility (15 tries)
Done in 0.14 min (cpu), 0.14 min (real)
Generate toy 167/250

 -- MarkovChainMC -- 
Limit: r < 0.499785 +/- 0.0061788 @ 95% credibility (15 tries)
Done in 0.11 min (cpu), 0.11 min (real)
Generate toy 168/250

 -- MarkovChainMC -- 
Limit: r < 0.52756 +/- 0.00645014 @ 95% credibility (15 tries)
Done in 0.09 min (cpu), 0.09 min (real)
Generate toy 169/250

 -- MarkovChainMC -- 
Limit: r < 0.806867 +/- 0.00973224 @ 95% credibility (15 tries)
Done in 0.11 min (cpu), 0.11 min (real)
Generate toy 170/250

 -- MarkovChainMC -- 
Limit: r < 0.99929 +/- 0.0108424 @ 95% credibility (15 tries)
Done in 0.13 min (cpu), 0.14 min (real)
Generate toy 171/250

 -- MarkovChainMC -- 
Limit: r < 1.28267 +/- 0.00822482 @ 95% credibility (15 tries)
Done in 0.11 min (cpu), 0.11 min (real)
Generate toy 172/250

 -- MarkovChainMC -- 
Limit: r < 0.797923 +/- 0.00978703 @ 95% credibility (15 tries)
Done in 0.12 min (cpu), 0.12 min (real)
Generate toy 173/250

 -- MarkovChainMC -- 
Limit: r < 0.717693 +/- 0.00780874 @ 95% credibility (15 tries)
Done in 0.11 min (cpu), 0.11 min (real)
Generate toy 174/250

 -- MarkovChainMC -- 
Limit: r < 0.483013 +/- 0.00819044 @ 95% credibility (15 tries)
Done in 0.10 min (cpu), 0.11 min (real)
Generate toy 175/250

 -- MarkovChainMC -- 
Limit: r < 0.985859 +/- 0.00663848 @ 95% credibility (15 tries)
Done in 0.13 min (cpu), 0.13 min (real)
Generate toy 176/250

 -- MarkovChainMC -- 
Limit: r < 0.809843 +/- 0.00691671 @ 95% credibility (15 tries)
Done in 0.12 min (cpu), 0.13 min (real)
Generate toy 177/250

 -- MarkovChainMC -- 
Limit: r < 1.07089 +/- 0.0100156 @ 95% credibility (15 tries)
Done in 0.10 min (cpu), 0.11 min (real)
Generate toy 178/250

 -- MarkovChainMC -- 
Limit: r < 0.647187 +/- 0.00606811 @ 95% credibility (15 tries)
Done in 0.11 min (cpu), 0.11 min (real)
Generate toy 179/250

 -- MarkovChainMC -- 
Limit: r < 0.928929 +/- 0.00643995 @ 95% credibility (15 tries)
Done in 0.11 min (cpu), 0.11 min (real)
Generate toy 180/250

 -- MarkovChainMC -- 
Limit: r < 1.36403 +/- 0.01425 @ 95% credibility (15 tries)
Done in 0.14 min (cpu), 0.14 min (real)
Generate toy 181/250

 -- MarkovChainMC -- 
Limit: r < 1.18641 +/- 0.00968553 @ 95% credibility (15 tries)
Done in 0.11 min (cpu), 0.11 min (real)
Generate toy 182/250

 -- MarkovChainMC -- 
Limit: r < 1.00262 +/- 0.00801985 @ 95% credibility (15 tries)
Done in 0.13 min (cpu), 0.13 min (real)
Generate toy 183/250

 -- MarkovChainMC -- 
Limit: r < 0.841106 +/- 0.00895513 @ 95% credibility (15 tries)
Done in 0.12 min (cpu), 0.12 min (real)
Generate toy 184/250

 -- MarkovChainMC -- 
Limit: r < 0.941698 +/- 0.0142641 @ 95% credibility (15 tries)
Done in 0.12 min (cpu), 0.12 min (real)
Generate toy 185/250

 -- MarkovChainMC -- 
Limit: r < 0.690614 +/- 0.00688847 @ 95% credibility (15 tries)
Done in 0.12 min (cpu), 0.12 min (real)
Generate toy 186/250

 -- MarkovChainMC -- 
Limit: r < 0.68875 +/- 0.00753519 @ 95% credibility (15 tries)
Done in 0.13 min (cpu), 0.13 min (real)
Generate toy 187/250

 -- MarkovChainMC -- 
Limit: r < 0.86184 +/- 0.00744353 @ 95% credibility (15 tries)
Done in 0.13 min (cpu), 0.13 min (real)
Generate toy 188/250

 -- MarkovChainMC -- 
Limit: r < 0.629009 +/- 0.00494736 @ 95% credibility (15 tries)
Done in 0.10 min (cpu), 0.10 min (real)
Generate toy 189/250

 -- MarkovChainMC -- 
Limit: r < 1.60217 +/- 0.0132873 @ 95% credibility (15 tries)
Done in 0.11 min (cpu), 0.11 min (real)
Generate toy 190/250

 -- MarkovChainMC -- 
Limit: r < 1.3537 +/- 0.00860095 @ 95% credibility (15 tries)
Done in 0.11 min (cpu), 0.11 min (real)
Generate toy 191/250

 -- MarkovChainMC -- 
Limit: r < 0.819108 +/- 0.00584079 @ 95% credibility (15 tries)
Done in 0.09 min (cpu), 0.09 min (real)
Generate toy 192/250

 -- MarkovChainMC -- 
Limit: r < 0.6099 +/- 0.00586309 @ 95% credibility (15 tries)
Done in 0.09 min (cpu), 0.09 min (real)
Generate toy 193/250

 -- MarkovChainMC -- 
Limit: r < 1.0612 +/- 0.0120545 @ 95% credibility (15 tries)
Done in 0.10 min (cpu), 0.10 min (real)
Generate toy 194/250

 -- MarkovChainMC -- 
Limit: r < 1.30947 +/- 0.0140575 @ 95% credibility (15 tries)
Done in 0.11 min (cpu), 0.11 min (real)
Generate toy 195/250

 -- MarkovChainMC -- 
Limit: r < 1.44202 +/- 0.00711886 @ 95% credibility (15 tries)
Done in 0.13 min (cpu), 0.13 min (real)
Generate toy 196/250

 -- MarkovChainMC -- 
Limit: r < 0.736777 +/- 0.00766415 @ 95% credibility (15 tries)
Done in 0.10 min (cpu), 0.10 min (real)
Generate toy 197/250

 -- MarkovChainMC -- 
Limit: r < 0.687864 +/- 0.00573474 @ 95% credibility (15 tries)
Done in 0.11 min (cpu), 0.11 min (real)
Generate toy 198/250

 -- MarkovChainMC -- 
Limit: r < 0.623832 +/- 0.00810734 @ 95% credibility (15 tries)
Done in 0.11 min (cpu), 0.12 min (real)
Generate toy 199/250

 -- MarkovChainMC -- 
Limit: r < 0.684691 +/- 0.00806489 @ 95% credibility (15 tries)
Done in 0.10 min (cpu), 0.11 min (real)
Generate toy 200/250

 -- MarkovChainMC -- 
Limit: r < 0.733519 +/- 0.00808575 @ 95% credibility (15 tries)
Done in 0.10 min (cpu), 0.11 min (real)
Generate toy 201/250

 -- MarkovChainMC -- 
Limit: r < 0.946421 +/- 0.00627555 @ 95% credibility (15 tries)
Done in 0.12 min (cpu), 0.12 min (real)
Generate toy 202/250

 -- MarkovChainMC -- 
Limit: r < 0.555364 +/- 0.00799584 @ 95% credibility (15 tries)
Done in 0.12 min (cpu), 0.12 min (real)
Generate toy 203/250

 -- MarkovChainMC -- 
Limit: r < 1.07917 +/- 0.0085686 @ 95% credibility (15 tries)
Done in 0.13 min (cpu), 0.14 min (real)
Generate toy 204/250

 -- MarkovChainMC -- 
Limit: r < 1.29843 +/- 0.00600977 @ 95% credibility (15 tries)
Done in 0.11 min (cpu), 0.11 min (real)
Generate toy 205/250

 -- MarkovChainMC -- 
Limit: r < 1.27238 +/- 0.00582864 @ 95% credibility (15 tries)
Done in 0.11 min (cpu), 0.11 min (real)
Generate toy 206/250

 -- MarkovChainMC -- 
Limit: r < 0.799607 +/- 0.0125777 @ 95% credibility (15 tries)
Done in 0.12 min (cpu), 0.12 min (real)
Generate toy 207/250

 -- MarkovChainMC -- 
Limit: r < 0.927792 +/- 0.0107804 @ 95% credibility (15 tries)
Done in 0.11 min (cpu), 0.11 min (real)
Generate toy 208/250

 -- MarkovChainMC -- 
Limit: r < 1.03498 +/- 0.00879146 @ 95% credibility (15 tries)
Done in 0.13 min (cpu), 0.13 min (real)
Generate toy 209/250

 -- MarkovChainMC -- 
Limit: r < 1.32368 +/- 0.0107464 @ 95% credibility (15 tries)
Done in 0.14 min (cpu), 0.14 min (real)
Generate toy 210/250

 -- MarkovChainMC -- 
Limit: r < 0.760887 +/- 0.00594106 @ 95% credibility (15 tries)
Done in 0.12 min (cpu), 0.12 min (real)
Generate toy 211/250

 -- MarkovChainMC -- 
Limit: r < 0.729259 +/- 0.00854605 @ 95% credibility (15 tries)
Done in 0.12 min (cpu), 0.12 min (real)
Generate toy 212/250

 -- MarkovChainMC -- 
Limit: r < 0.651655 +/- 0.00706585 @ 95% credibility (15 tries)
Done in 0.11 min (cpu), 0.11 min (real)
Generate toy 213/250

 -- MarkovChainMC -- 
Limit: r < 0.586317 +/- 0.00602881 @ 95% credibility (15 tries)
Done in 0.11 min (cpu), 0.12 min (real)
Generate toy 214/250

 -- MarkovChainMC -- 
Limit: r < 1.16204 +/- 0.00898567 @ 95% credibility (15 tries)
Done in 0.13 min (cpu), 0.13 min (real)
Generate toy 215/250

 -- MarkovChainMC -- 
Limit: r < 0.921751 +/- 0.00830344 @ 95% credibility (15 tries)
Done in 0.12 min (cpu), 0.12 min (real)
Generate toy 216/250

 -- MarkovChainMC -- 
Limit: r < 0.808839 +/- 0.0121808 @ 95% credibility (15 tries)
Done in 0.09 min (cpu), 0.09 min (real)
Generate toy 217/250

 -- MarkovChainMC -- 
Limit: r < 1.83289 +/- 0.00523591 @ 95% credibility (15 tries)
Done in 0.13 min (cpu), 0.13 min (real)
Generate toy 218/250

 -- MarkovChainMC -- 
Limit: r < 1.5498 +/- 0.00854819 @ 95% credibility (15 tries)
Done in 0.14 min (cpu), 0.14 min (real)
Generate toy 219/250

 -- MarkovChainMC -- 
Limit: r < 1.55763 +/- 0.00565783 @ 95% credibility (15 tries)
Done in 0.14 min (cpu), 0.14 min (real)
Generate toy 220/250

 -- MarkovChainMC -- 
Limit: r < 0.564241 +/- 0.00767913 @ 95% credibility (15 tries)
Done in 0.13 min (cpu), 0.13 min (real)
Generate toy 221/250

 -- MarkovChainMC -- 
Limit: r < 1.03781 +/- 0.0097956 @ 95% credibility (15 tries)
Done in 0.12 min (cpu), 0.12 min (real)
Generate toy 222/250

 -- MarkovChainMC -- 
Limit: r < 0.760468 +/- 0.00671901 @ 95% credibility (15 tries)
Done in 0.11 min (cpu), 0.11 min (real)
Generate toy 223/250

 -- MarkovChainMC -- 
Limit: r < 0.692929 +/- 0.00838202 @ 95% credibility (15 tries)
Done in 0.13 min (cpu), 0.13 min (real)
Generate toy 224/250

 -- MarkovChainMC -- 
Limit: r < 1.76373 +/- 0.00558392 @ 95% credibility (15 tries)
Done in 0.13 min (cpu), 0.13 min (real)
Generate toy 225/250

 -- MarkovChainMC -- 
Limit: r < 0.769839 +/- 0.00582512 @ 95% credibility (15 tries)
Done in 0.10 min (cpu), 0.10 min (real)
Generate toy 226/250

 -- MarkovChainMC -- 
Limit: r < 1.57179 +/- 0.00712492 @ 95% credibility (15 tries)
Done in 0.13 min (cpu), 0.13 min (real)
Generate toy 227/250

 -- MarkovChainMC -- 
Limit: r < 0.764802 +/- 0.00869363 @ 95% credibility (15 tries)
Done in 0.10 min (cpu), 0.10 min (real)
Generate toy 228/250

 -- MarkovChainMC -- 
Limit: r < 0.977502 +/- 0.0111624 @ 95% credibility (15 tries)
Done in 0.11 min (cpu), 0.11 min (real)
Generate toy 229/250

 -- MarkovChainMC -- 
Limit: r < 1.0501 +/- 0.0107443 @ 95% credibility (15 tries)
Done in 0.11 min (cpu), 0.11 min (real)
Generate toy 230/250

 -- MarkovChainMC -- 
Limit: r < 0.737251 +/- 0.00680252 @ 95% credibility (15 tries)
Done in 0.12 min (cpu), 0.12 min (real)
Generate toy 231/250

 -- MarkovChainMC -- 
Limit: r < 0.742156 +/- 0.00586882 @ 95% credibility (15 tries)
Done in 0.10 min (cpu), 0.10 min (real)
Generate toy 232/250

 -- MarkovChainMC -- 
Limit: r < 1.30022 +/- 0.012431 @ 95% credibility (15 tries)
Done in 0.14 min (cpu), 0.14 min (real)
Generate toy 233/250

 -- MarkovChainMC -- 
Limit: r < 1.16999 +/- 0.0113869 @ 95% credibility (15 tries)
Done in 0.14 min (cpu), 0.14 min (real)
Generate toy 234/250

 -- MarkovChainMC -- 
Limit: r < 0.639415 +/- 0.00424388 @ 95% credibility (15 tries)
Done in 0.11 min (cpu), 0.11 min (real)
Generate toy 235/250

 -- MarkovChainMC -- 
Limit: r < 0.97843 +/- 0.0066898 @ 95% credibility (15 tries)
Done in 0.13 min (cpu), 0.13 min (real)
Generate toy 236/250

 -- MarkovChainMC -- 
Limit: r < 1.82795 +/- 0.0127786 @ 95% credibility (15 tries)
Done in 0.12 min (cpu), 0.12 min (real)
Generate toy 237/250

 -- MarkovChainMC -- 
Limit: r < 0.626591 +/- 0.00644549 @ 95% credibility (15 tries)
Done in 0.10 min (cpu), 0.10 min (real)
Generate toy 238/250

 -- MarkovChainMC -- 
Limit: r < 1.3541 +/- 0.00999624 @ 95% credibility (15 tries)
Done in 0.12 min (cpu), 0.12 min (real)
Generate toy 239/250

 -- MarkovChainMC -- 
Limit: r < 1.20228 +/- 0.0106725 @ 95% credibility (15 tries)
Done in 0.15 min (cpu), 0.15 min (real)
Generate toy 240/250

 -- MarkovChainMC -- 
Limit: r < 0.567755 +/- 0.00754966 @ 95% credibility (15 tries)
Done in 0.13 min (cpu), 0.13 min (real)
Generate toy 241/250

 -- MarkovChainMC -- 
Limit: r < 1.11758 +/- 0.00901502 @ 95% credibility (15 tries)
Done in 0.14 min (cpu), 0.14 min (real)
Generate toy 242/250

 -- MarkovChainMC -- 
Limit: r < 0.834392 +/- 0.0078879 @ 95% credibility (15 tries)
Done in 0.13 min (cpu), 0.14 min (real)
Generate toy 243/250

 -- MarkovChainMC -- 
Limit: r < 0.819649 +/- 0.00558002 @ 95% credibility (15 tries)
Done in 0.14 min (cpu), 0.14 min (real)
Generate toy 244/250

 -- MarkovChainMC -- 
Limit: r < 0.531798 +/- 0.00639367 @ 95% credibility (15 tries)
Done in 0.13 min (cpu), 0.13 min (real)
Generate toy 245/250

 -- MarkovChainMC -- 
Limit: r < 1.03722 +/- 0.00949571 @ 95% credibility (15 tries)
Done in 0.14 min (cpu), 0.14 min (real)
Generate toy 246/250

 -- MarkovChainMC -- 
Limit: r < 1.03892 +/- 0.00772527 @ 95% credibility (15 tries)
Done in 0.14 min (cpu), 0.14 min (real)
Generate toy 247/250

 -- MarkovChainMC -- 
Limit: r < 0.675878 +/- 0.00525009 @ 95% credibility (15 tries)
Done in 0.12 min (cpu), 0.12 min (real)
Generate toy 248/250

 -- MarkovChainMC -- 
Limit: r < 0.759574 +/- 0.0045742 @ 95% credibility (15 tries)
Done in 0.12 min (cpu), 0.12 min (real)
Generate toy 249/250

 -- MarkovChainMC -- 
Limit: r < 0.98016 +/- 0.00831684 @ 95% credibility (15 tries)
Done in 0.12 min (cpu), 0.12 min (real)
Generate toy 250/250

 -- MarkovChainMC -- 
Limit: r < 0.788671 +/- 0.00915863 @ 95% credibility (15 tries)
Done in 0.12 min (cpu), 0.12 min (real)
mean   expected limit: r < 0.9587 +/- 0.0207154 @ 95%CL (250 toyMC)
median expected limit: r < 0.878768 @ 95%CL (250 toyMC)
   68% expected band : 0.65406 < r < 1.30947
   95% expected band : 0.531798 < r < 1.83289
