 <<< Combine >>> 
 <<< v10.0.2 >>>
>>> Used OpenSSL to get a truly random seed -1394945881
>>> Method used is MarkovChainMC
============================================================
Analyzing bin errors for: prop_binmuon_channel
Poisson cut-off: 10
Processes excluded for sums: Wprime6000_kR5
============================================================
Bin        Contents        Error           Notes                         
0          4247.145534     16.603234       total sum                     
0          4245.728997     16.603213       excluding marked processes    
0          65391.000000    255.716640      Unweighted events, alpha=0.064950
  => Total parameter prop_binmuon_channel_bin0[0.00,-7.00,7.00] to be Gaussian constrained
------------------------------------------------------------
1          1622.382661     7.828093        total sum                     
1          1621.101079     7.828053        excluding marked processes    
1          42886.000000    207.089353      Unweighted events, alpha=0.037830
  => Total parameter prop_binmuon_channel_bin1[0.00,-7.00,7.00] to be Gaussian constrained
------------------------------------------------------------
2          722.538689      4.795573        total sum                     
2          721.396648      4.795515        excluding marked processes    
2          22630.000000    150.432709      Unweighted events, alpha=0.031928
  => Total parameter prop_binmuon_channel_bin2[0.00,-7.00,7.00] to be Gaussian constrained
------------------------------------------------------------
3          360.287138      3.009437        total sum                     
3          359.285774      3.009355        excluding marked processes    
3          14254.000000    119.390117      Unweighted events, alpha=0.025276
  => Total parameter prop_binmuon_channel_bin3[0.00,-7.00,7.00] to be Gaussian constrained
------------------------------------------------------------
4          192.093075      3.360943        total sum                     
4          191.190097      3.360877        excluding marked processes    
4          3236.000000     56.885851       Unweighted events, alpha=0.059361
  => Total parameter prop_binmuon_channel_bin4[0.00,-7.00,7.00] to be Gaussian constrained
------------------------------------------------------------
5          112.963055      1.192264        total sum                     
5          112.217111      1.192110        excluding marked processes    
5          8861.000000     94.132885       Unweighted events, alpha=0.012748
  => Total parameter prop_binmuon_channel_bin5[0.00,-7.00,7.00] to be Gaussian constrained
------------------------------------------------------------
6          108.441288      1.524288        total sum                     
6          107.129583      1.524073        excluding marked processes    
6          4941.000000     70.292247       Unweighted events, alpha=0.021947
  => Total parameter prop_binmuon_channel_bin6[0.00,-7.00,7.00] to be Gaussian constrained
------------------------------------------------------------
7          42.116345       0.658304        total sum                     
7          41.104515       0.657922        excluding marked processes    
7          3903.000000     62.473995       Unweighted events, alpha=0.010791
  => Total parameter prop_binmuon_channel_bin7[0.00,-7.00,7.00] to be Gaussian constrained
------------------------------------------------------------
8          24.591970       0.587543        total sum                     
8          23.449391       0.587056        excluding marked processes    
8          1596.000000     39.949969       Unweighted events, alpha=0.015409
  => Total parameter prop_binmuon_channel_bin8[0.00,-7.00,7.00] to be Gaussian constrained
------------------------------------------------------------
9          9.102655        0.395022        total sum                     
9          8.355840        0.394559        excluding marked processes    
9          448.000000      21.166010       Unweighted events, alpha=0.020318
  => Total parameter prop_binmuon_channel_bin9[0.00,-7.00,7.00] to be Gaussian constrained
------------------------------------------------------------
10         4.181876        0.252557        total sum                     
10         3.506378        0.251887        excluding marked processes    
10         194.000000      13.928388       Unweighted events, alpha=0.021556
  => Total parameter prop_binmuon_channel_bin10[0.00,-7.00,7.00] to be Gaussian constrained
------------------------------------------------------------
11         1.887155        0.180891        total sum                     
11         1.363219        0.180174        excluding marked processes    
11         57.000000       7.549834        Unweighted events, alpha=0.033108
  => Total parameter prop_binmuon_channel_bin11[0.00,-7.00,7.00] to be Gaussian constrained
------------------------------------------------------------
12         0.800414        0.289300        total sum                     
12         0.530791        0.289065        excluding marked processes    
12         3.000000        1.732051        Unweighted events, alpha=0.266805
  => Number of weighted events is below Poisson threshold
    Wprime6000_kR5       0.269623        0.011652                                      
                         535.000000      23.130067       Unweighted events, alpha=0.000504
      => Parameter prop_binmuon_channel_bin12_Wprime6000_kR5[0.00,-7.00,7.00] to be Gaussian constrained
  ----------------------------------------------------------
    W_boson              0.216692        0.001181                                      
                         33653.000000    183.447540      Unweighted events, alpha=0.000006
      => Parameter prop_binmuon_channel_bin12_W_boson[0.00,-7.00,7.00] to be Gaussian constrained
  ----------------------------------------------------------
    Top                  0.000000        0.000000                                      
      => Error is zero, ignore      
  ----------------------------------------------------------
    Z_boson              0.004094        0.000500                                      
                         67.000000       8.185353        Unweighted events, alpha=0.000061
      => Parameter prop_binmuon_channel_bin12_Z_boson[0.00,-7.00,7.00] to be Gaussian constrained
  ----------------------------------------------------------
    DiBoson              0.288910        0.288561                                      
                         1.000000        1.000000        Unweighted events, alpha=0.288910
      => Product of prop_binmuon_channel_bin12_DiBoson[1.00,0.00,30.85] and const [1.0000] to be Poisson constrained
  ----------------------------------------------------------
    QCD                  0.021095        0.017013                                      
                         2.000000        1.414214        Unweighted events, alpha=0.010547
      => Product of prop_binmuon_channel_bin12_QCD[2.00,0.00,33.79] and const [0.5000] to be Poisson constrained
  ----------------------------------------------------------
------------------------------------------------------------
13         0.300313        0.010863        total sum                     
13         0.067145        0.000584        excluding marked processes    
13         13239.000000    115.060853      Unweighted events, alpha=0.000023
  => Total parameter prop_binmuon_channel_bin13[0.00,-7.00,7.00] to be Gaussian constrained
------------------------------------------------------------
14         0.055029        0.005028        total sum                     
14         0.003967        0.000043        excluding marked processes    
14         8482.000000     92.097774       Unweighted events, alpha=0.000006
  => Total parameter prop_binmuon_channel_bin14[0.00,-7.00,7.00] to be Gaussian constrained
------------------------------------------------------------
15         0.018802        0.004570        total sum                     
15         0.005625        0.003835        excluding marked processes    
15         2.000000        1.414214        Unweighted events, alpha=0.009401
  => Number of weighted events is below Poisson threshold
    Wprime6000_kR5       0.013177        0.002487                                      
                         28.000000       5.291503        Unweighted events, alpha=0.000471
      => Parameter prop_binmuon_channel_bin15_Wprime6000_kR5[0.00,-7.00,7.00] to be Gaussian constrained
  ----------------------------------------------------------
    W_boson              0.000849        0.000021                                      
                         1670.000000     40.865633       Unweighted events, alpha=0.000001
      => Parameter prop_binmuon_channel_bin15_W_boson[0.00,-7.00,7.00] to be Gaussian constrained
  ----------------------------------------------------------
    Top                  0.000000        0.000000                                      
      => Error is zero, ignore      
  ----------------------------------------------------------
    Z_boson              0.000011        0.000003                                      
                         16.000000       4.000000        Unweighted events, alpha=0.000001
      => Parameter prop_binmuon_channel_bin15_Z_boson[0.00,-7.00,7.00] to be Gaussian constrained
  ----------------------------------------------------------
    DiBoson              0.000000        0.000000                                      
      => Error is zero, ignore      
  ----------------------------------------------------------
    QCD                  0.004765        0.003834                                      
                         2.000000        1.414214        Unweighted events, alpha=0.002383
      => Product of prop_binmuon_channel_bin15_QCD[2.00,0.00,33.79] and const [0.5000] to be Poisson constrained
  ----------------------------------------------------------
------------------------------------------------------------
Channel muon_channel will use autoMCStats with settings: event-threshold=10, include-signal=0, hist-mode=1
Generate toy 1/250

 -- MarkovChainMC -- 
Limit: r < 3.62848 +/- 0.053089 @ 95% credibility (15 tries)
Done in 0.13 min (cpu), 0.14 min (real)
Generate toy 2/250

 -- MarkovChainMC -- 
Limit: r < 2.10493 +/- 0.042606 @ 95% credibility (15 tries)
Done in 0.12 min (cpu), 0.13 min (real)
Generate toy 3/250

 -- MarkovChainMC -- 
Limit: r < 6.06379 +/- 0.052109 @ 95% credibility (15 tries)
Done in 0.14 min (cpu), 0.14 min (real)
Generate toy 4/250

 -- MarkovChainMC -- 
Limit: r < 5.38292 +/- 0.0708462 @ 95% credibility (15 tries)
Done in 0.13 min (cpu), 0.13 min (real)
Generate toy 5/250

 -- MarkovChainMC -- 
Limit: r < 4.48305 +/- 0.0684506 @ 95% credibility (15 tries)
Done in 0.13 min (cpu), 0.14 min (real)
Generate toy 6/250

 -- MarkovChainMC -- 
Limit: r < 2.15262 +/- 0.0222163 @ 95% credibility (15 tries)
Done in 0.13 min (cpu), 0.13 min (real)
Generate toy 7/250

 -- MarkovChainMC -- 
Limit: r < 2.17219 +/- 0.045408 @ 95% credibility (15 tries)
Done in 0.13 min (cpu), 0.13 min (real)
Generate toy 8/250

 -- MarkovChainMC -- 
Limit: r < 3.95701 +/- 0.063774 @ 95% credibility (15 tries)
Done in 0.13 min (cpu), 0.14 min (real)
Generate toy 9/250

 -- MarkovChainMC -- 
Limit: r < 3.43311 +/- 0.0554308 @ 95% credibility (15 tries)
Done in 0.13 min (cpu), 0.13 min (real)
Generate toy 10/250

 -- MarkovChainMC -- 
Limit: r < 2.45335 +/- 0.0166377 @ 95% credibility (15 tries)
Done in 0.14 min (cpu), 0.14 min (real)
Generate toy 11/250

 -- MarkovChainMC -- 
Limit: r < 3.91923 +/- 0.0434262 @ 95% credibility (15 tries)
Done in 0.14 min (cpu), 0.14 min (real)
Generate toy 12/250

 -- MarkovChainMC -- 
Limit: r < 4.62637 +/- 0.0387855 @ 95% credibility (15 tries)
Done in 0.14 min (cpu), 0.14 min (real)
Generate toy 13/250

 -- MarkovChainMC -- 
Limit: r < 3.28488 +/- 0.0461697 @ 95% credibility (15 tries)
Done in 0.13 min (cpu), 0.13 min (real)
Generate toy 14/250

 -- MarkovChainMC -- 
Limit: r < 3.49917 +/- 0.0748524 @ 95% credibility (15 tries)
Done in 0.13 min (cpu), 0.13 min (real)
Generate toy 15/250

 -- MarkovChainMC -- 
Limit: r < 3.89161 +/- 0.0816237 @ 95% credibility (15 tries)
Done in 0.13 min (cpu), 0.14 min (real)
Generate toy 16/250

 -- MarkovChainMC -- 
Limit: r < 2.09955 +/- 0.035662 @ 95% credibility (15 tries)
Done in 0.13 min (cpu), 0.13 min (real)
Generate toy 17/250

 -- MarkovChainMC -- 
Limit: r < 3.73975 +/- 0.0500656 @ 95% credibility (15 tries)
Done in 0.13 min (cpu), 0.14 min (real)
Generate toy 18/250

 -- MarkovChainMC -- 
Limit: r < 4.04839 +/- 0.0363679 @ 95% credibility (15 tries)
Done in 0.14 min (cpu), 0.14 min (real)
Generate toy 19/250

 -- MarkovChainMC -- 
Limit: r < 3.68083 +/- 0.0407498 @ 95% credibility (15 tries)
Done in 0.13 min (cpu), 0.13 min (real)
Generate toy 20/250

 -- MarkovChainMC -- 
Limit: r < 4.87322 +/- 0.0674132 @ 95% credibility (15 tries)
Done in 0.13 min (cpu), 0.13 min (real)
Generate toy 21/250

 -- MarkovChainMC -- 
Limit: r < 3.97883 +/- 0.0399025 @ 95% credibility (15 tries)
Done in 0.14 min (cpu), 0.14 min (real)
Generate toy 22/250

 -- MarkovChainMC -- 
Limit: r < 2.99874 +/- 0.0415542 @ 95% credibility (15 tries)
Done in 0.13 min (cpu), 0.14 min (real)
Generate toy 23/250

 -- MarkovChainMC -- 
Limit: r < 6.07084 +/- 0.0946307 @ 95% credibility (15 tries)
Done in 0.14 min (cpu), 0.14 min (real)
Generate toy 24/250

 -- MarkovChainMC -- 
Limit: r < 2.03575 +/- 0.0388737 @ 95% credibility (15 tries)
Done in 0.13 min (cpu), 0.13 min (real)
Generate toy 25/250

 -- MarkovChainMC -- 
Limit: r < 4.91009 +/- 0.0593033 @ 95% credibility (15 tries)
Done in 0.14 min (cpu), 0.14 min (real)
Generate toy 26/250

 -- MarkovChainMC -- 
Limit: r < 2.42933 +/- 0.058902 @ 95% credibility (15 tries)
Done in 0.13 min (cpu), 0.13 min (real)
Generate toy 27/250

 -- MarkovChainMC -- 
Limit: r < 3.80902 +/- 0.0630509 @ 95% credibility (15 tries)
Done in 0.14 min (cpu), 0.14 min (real)
Generate toy 28/250

 -- MarkovChainMC -- 
Limit: r < 4.86045 +/- 0.078456 @ 95% credibility (15 tries)
Done in 0.14 min (cpu), 0.14 min (real)
Generate toy 29/250

 -- MarkovChainMC -- 
Limit: r < 5.80472 +/- 0.0283478 @ 95% credibility (15 tries)
Done in 0.14 min (cpu), 0.14 min (real)
Generate toy 30/250

 -- MarkovChainMC -- 
Limit: r < 3.04617 +/- 0.061034 @ 95% credibility (15 tries)
Done in 0.14 min (cpu), 0.14 min (real)
Generate toy 31/250

 -- MarkovChainMC -- 
Limit: r < 3.65425 +/- 0.0871033 @ 95% credibility (15 tries)
Done in 0.13 min (cpu), 0.13 min (real)
Generate toy 32/250

 -- MarkovChainMC -- 
Limit: r < 3.14835 +/- 0.0424135 @ 95% credibility (15 tries)
Done in 0.14 min (cpu), 0.14 min (real)
Generate toy 33/250

 -- MarkovChainMC -- 
Limit: r < 4.45159 +/- 0.046701 @ 95% credibility (15 tries)
Done in 0.14 min (cpu), 0.15 min (real)
Generate toy 34/250

 -- MarkovChainMC -- 
Limit: r < 4.573 +/- 0.0338402 @ 95% credibility (15 tries)
Done in 0.14 min (cpu), 0.14 min (real)
Generate toy 35/250

 -- MarkovChainMC -- 
Limit: r < 2.31789 +/- 0.0374895 @ 95% credibility (15 tries)
Done in 0.13 min (cpu), 0.13 min (real)
Generate toy 36/250

 -- MarkovChainMC -- 
Limit: r < 1.86084 +/- 0.0301039 @ 95% credibility (15 tries)
Done in 0.13 min (cpu), 0.13 min (real)
Generate toy 37/250

 -- MarkovChainMC -- 
Limit: r < 4.43231 +/- 0.0572154 @ 95% credibility (15 tries)
Done in 0.14 min (cpu), 0.14 min (real)
Generate toy 38/250

 -- MarkovChainMC -- 
Limit: r < 3.32219 +/- 0.0789195 @ 95% credibility (15 tries)
Done in 0.13 min (cpu), 0.14 min (real)
Generate toy 39/250

 -- MarkovChainMC -- 
Limit: r < 4.98119 +/- 0.0452908 @ 95% credibility (15 tries)
Done in 0.14 min (cpu), 0.14 min (real)
Generate toy 40/250

 -- MarkovChainMC -- 
Limit: r < 4.19619 +/- 0.0631145 @ 95% credibility (15 tries)
Done in 0.13 min (cpu), 0.13 min (real)
Generate toy 41/250

 -- MarkovChainMC -- 
Limit: r < 4.57321 +/- 0.0426196 @ 95% credibility (15 tries)
Done in 0.13 min (cpu), 0.13 min (real)
Generate toy 42/250

 -- MarkovChainMC -- 
Limit: r < 3.02761 +/- 0.0333896 @ 95% credibility (15 tries)
Done in 0.13 min (cpu), 0.13 min (real)
Generate toy 43/250

 -- MarkovChainMC -- 
Limit: r < 3.71925 +/- 0.0415221 @ 95% credibility (15 tries)
Done in 0.13 min (cpu), 0.13 min (real)
Generate toy 44/250

 -- MarkovChainMC -- 
Limit: r < 5.19495 +/- 0.0682532 @ 95% credibility (15 tries)
Done in 0.13 min (cpu), 0.14 min (real)
Generate toy 45/250

 -- MarkovChainMC -- 
Limit: r < 2.49686 +/- 0.0400031 @ 95% credibility (15 tries)
Done in 0.12 min (cpu), 0.12 min (real)
Generate toy 46/250

 -- MarkovChainMC -- 
Limit: r < 3.6913 +/- 0.0561725 @ 95% credibility (15 tries)
Done in 0.13 min (cpu), 0.13 min (real)
Generate toy 47/250

 -- MarkovChainMC -- 
Limit: r < 3.84201 +/- 0.06621 @ 95% credibility (15 tries)
Done in 0.13 min (cpu), 0.13 min (real)
Generate toy 48/250

 -- MarkovChainMC -- 
Limit: r < 3.44662 +/- 0.0291971 @ 95% credibility (15 tries)
Done in 0.13 min (cpu), 0.13 min (real)
Generate toy 49/250

 -- MarkovChainMC -- 
Limit: r < 3.05321 +/- 0.0283271 @ 95% credibility (15 tries)
Done in 0.13 min (cpu), 0.13 min (real)
Generate toy 50/250

 -- MarkovChainMC -- 
Limit: r < 3.35961 +/- 0.0624957 @ 95% credibility (15 tries)
Done in 0.13 min (cpu), 0.13 min (real)
Generate toy 51/250

 -- MarkovChainMC -- 
Limit: r < 5.55381 +/- 0.0627209 @ 95% credibility (15 tries)
Done in 0.13 min (cpu), 0.14 min (real)
Generate toy 52/250

 -- MarkovChainMC -- 
Limit: r < 3.56494 +/- 0.0497556 @ 95% credibility (15 tries)
Done in 0.13 min (cpu), 0.13 min (real)
Generate toy 53/250

 -- MarkovChainMC -- 
Limit: r < 4.03112 +/- 0.0480681 @ 95% credibility (15 tries)
Done in 0.13 min (cpu), 0.13 min (real)
Generate toy 54/250

 -- MarkovChainMC -- 
Limit: r < 1.58063 +/- 0.02553 @ 95% credibility (15 tries)
Done in 0.12 min (cpu), 0.12 min (real)
Generate toy 55/250

 -- MarkovChainMC -- 
Limit: r < 2.92497 +/- 0.041472 @ 95% credibility (15 tries)
Done in 0.12 min (cpu), 0.13 min (real)
Generate toy 56/250

 -- MarkovChainMC -- 
Limit: r < 9.23752 +/- 0.0603287 @ 95% credibility (15 tries)
Done in 0.14 min (cpu), 0.14 min (real)
Generate toy 57/250

 -- MarkovChainMC -- 
Limit: r < 5.36025 +/- 0.0331346 @ 95% credibility (15 tries)
Done in 0.13 min (cpu), 0.14 min (real)
Generate toy 58/250

 -- MarkovChainMC -- 
Limit: r < 3.57907 +/- 0.0684059 @ 95% credibility (15 tries)
Done in 0.13 min (cpu), 0.13 min (real)
Generate toy 59/250

 -- MarkovChainMC -- 
Limit: r < 3.39053 +/- 0.0508193 @ 95% credibility (15 tries)
Done in 0.13 min (cpu), 0.13 min (real)
Generate toy 60/250

 -- MarkovChainMC -- 
Limit: r < 5.07996 +/- 0.108171 @ 95% credibility (15 tries)
Done in 0.14 min (cpu), 0.14 min (real)
Generate toy 61/250

 -- MarkovChainMC -- 
Limit: r < 3.66185 +/- 0.0369896 @ 95% credibility (15 tries)
Done in 0.13 min (cpu), 0.13 min (real)
Generate toy 62/250

 -- MarkovChainMC -- 
Limit: r < 3.73107 +/- 0.0776816 @ 95% credibility (15 tries)
Done in 0.13 min (cpu), 0.13 min (real)
Generate toy 63/250

 -- MarkovChainMC -- 
Limit: r < 2.422 +/- 0.0286839 @ 95% credibility (15 tries)
Done in 0.13 min (cpu), 0.13 min (real)
Generate toy 64/250

 -- MarkovChainMC -- 
Limit: r < 2.9257 +/- 0.0387591 @ 95% credibility (15 tries)
Done in 0.13 min (cpu), 0.13 min (real)
Generate toy 65/250

 -- MarkovChainMC -- 
Limit: r < 2.09792 +/- 0.0483963 @ 95% credibility (15 tries)
Done in 0.13 min (cpu), 0.13 min (real)
Generate toy 66/250

 -- MarkovChainMC -- 
Limit: r < 7.69892 +/- 0.0542713 @ 95% credibility (15 tries)
Done in 0.14 min (cpu), 0.14 min (real)
Generate toy 67/250

 -- MarkovChainMC -- 
Limit: r < 4.42369 +/- 0.0528181 @ 95% credibility (15 tries)
Done in 0.13 min (cpu), 0.14 min (real)
Generate toy 68/250

 -- MarkovChainMC -- 
Limit: r < 4.45218 +/- 0.0892214 @ 95% credibility (15 tries)
Done in 0.14 min (cpu), 0.14 min (real)
Generate toy 69/250

 -- MarkovChainMC -- 
Limit: r < 2.57391 +/- 0.026049 @ 95% credibility (15 tries)
Done in 0.13 min (cpu), 0.13 min (real)
Generate toy 70/250

 -- MarkovChainMC -- 
Limit: r < 3.89575 +/- 0.0399043 @ 95% credibility (15 tries)
Done in 0.14 min (cpu), 0.14 min (real)
Generate toy 71/250

 -- MarkovChainMC -- 
Limit: r < 3.95143 +/- 0.0539132 @ 95% credibility (15 tries)
Done in 0.13 min (cpu), 0.13 min (real)
Generate toy 72/250

 -- MarkovChainMC -- 
Limit: r < 3.46435 +/- 0.0372178 @ 95% credibility (15 tries)
Done in 0.13 min (cpu), 0.13 min (real)
Generate toy 73/250

 -- MarkovChainMC -- 
Limit: r < 3.60013 +/- 0.0449705 @ 95% credibility (15 tries)
Done in 0.13 min (cpu), 0.13 min (real)
Generate toy 74/250

 -- MarkovChainMC -- 
Limit: r < 2.75404 +/- 0.01661 @ 95% credibility (15 tries)
Done in 0.13 min (cpu), 0.13 min (real)
Generate toy 75/250

 -- MarkovChainMC -- 
Limit: r < 4.79011 +/- 0.0356659 @ 95% credibility (15 tries)
Done in 0.13 min (cpu), 0.13 min (real)
Generate toy 76/250

 -- MarkovChainMC -- 
Limit: r < 2.8331 +/- 0.0258105 @ 95% credibility (15 tries)
Done in 0.13 min (cpu), 0.13 min (real)
Generate toy 77/250

 -- MarkovChainMC -- 
Limit: r < 3.01499 +/- 0.0616139 @ 95% credibility (15 tries)
Done in 0.13 min (cpu), 0.14 min (real)
Generate toy 78/250

 -- MarkovChainMC -- 
Limit: r < 1.61903 +/- 0.0413815 @ 95% credibility (15 tries)
Done in 0.12 min (cpu), 0.13 min (real)
Generate toy 79/250

 -- MarkovChainMC -- 
Limit: r < 6.35222 +/- 0.0382864 @ 95% credibility (15 tries)
Done in 0.14 min (cpu), 0.14 min (real)
Generate toy 80/250

 -- MarkovChainMC -- 
Limit: r < 2.45056 +/- 0.0242317 @ 95% credibility (15 tries)
Done in 0.13 min (cpu), 0.13 min (real)
Generate toy 81/250

 -- MarkovChainMC -- 
Limit: r < 2.18156 +/- 0.0446205 @ 95% credibility (15 tries)
Done in 0.13 min (cpu), 0.13 min (real)
Generate toy 82/250

 -- MarkovChainMC -- 
Limit: r < 2.53052 +/- 0.0205772 @ 95% credibility (15 tries)
Done in 0.13 min (cpu), 0.13 min (real)
Generate toy 83/250

 -- MarkovChainMC -- 
Limit: r < 2.90335 +/- 0.0589225 @ 95% credibility (15 tries)
Done in 0.12 min (cpu), 0.13 min (real)
Generate toy 84/250

 -- MarkovChainMC -- 
Limit: r < 1.97068 +/- 0.0301868 @ 95% credibility (15 tries)
Done in 0.12 min (cpu), 0.12 min (real)
Generate toy 85/250

 -- MarkovChainMC -- 
Limit: r < 3.1302 +/- 0.0260401 @ 95% credibility (15 tries)
Done in 0.13 min (cpu), 0.13 min (real)
Generate toy 86/250

 -- MarkovChainMC -- 
Limit: r < 2.58263 +/- 0.0375154 @ 95% credibility (15 tries)
Done in 0.12 min (cpu), 0.12 min (real)
Generate toy 87/250

 -- MarkovChainMC -- 
Limit: r < 2.80039 +/- 0.053176 @ 95% credibility (15 tries)
Done in 0.13 min (cpu), 0.13 min (real)
Generate toy 88/250

 -- MarkovChainMC -- 
Limit: r < 2.04922 +/- 0.0486608 @ 95% credibility (15 tries)
Done in 0.12 min (cpu), 0.12 min (real)
Generate toy 89/250

 -- MarkovChainMC -- 
Limit: r < 3.45529 +/- 0.046378 @ 95% credibility (15 tries)
Done in 0.13 min (cpu), 0.13 min (real)
Generate toy 90/250

 -- MarkovChainMC -- 
Limit: r < 4.10395 +/- 0.044604 @ 95% credibility (15 tries)
Done in 0.13 min (cpu), 0.13 min (real)
Generate toy 91/250

 -- MarkovChainMC -- 
Limit: r < 2.1563 +/- 0.0328777 @ 95% credibility (15 tries)
Done in 0.13 min (cpu), 0.13 min (real)
Generate toy 92/250

 -- MarkovChainMC -- 
Limit: r < 2.31605 +/- 0.0581635 @ 95% credibility (15 tries)
Done in 0.12 min (cpu), 0.12 min (real)
Generate toy 93/250

 -- MarkovChainMC -- 
Limit: r < 3.48355 +/- 0.0390943 @ 95% credibility (15 tries)
Done in 0.13 min (cpu), 0.13 min (real)
Generate toy 94/250

 -- MarkovChainMC -- 
Limit: r < 2.13368 +/- 0.0369904 @ 95% credibility (15 tries)
Done in 0.13 min (cpu), 0.13 min (real)
Generate toy 95/250

 -- MarkovChainMC -- 
Limit: r < 7.44692 +/- 0.114351 @ 95% credibility (15 tries)
Done in 0.14 min (cpu), 0.15 min (real)
Generate toy 96/250

 -- MarkovChainMC -- 
Limit: r < 3.01185 +/- 0.031269 @ 95% credibility (15 tries)
Done in 0.13 min (cpu), 0.13 min (real)
Generate toy 97/250

 -- MarkovChainMC -- 
Limit: r < 2.68659 +/- 0.078221 @ 95% credibility (15 tries)
Done in 0.13 min (cpu), 0.13 min (real)
Generate toy 98/250

 -- MarkovChainMC -- 
Limit: r < 4.44403 +/- 0.0683519 @ 95% credibility (15 tries)
Done in 0.13 min (cpu), 0.13 min (real)
Generate toy 99/250

 -- MarkovChainMC -- 
Limit: r < 2.70435 +/- 0.0463929 @ 95% credibility (15 tries)
Done in 0.13 min (cpu), 0.13 min (real)
Generate toy 100/250

 -- MarkovChainMC -- 
Limit: r < 5.56972 +/- 0.110115 @ 95% credibility (15 tries)
Done in 0.15 min (cpu), 0.15 min (real)
Generate toy 101/250

 -- MarkovChainMC -- 
Limit: r < 2.67293 +/- 0.0418295 @ 95% credibility (15 tries)
Done in 0.13 min (cpu), 0.13 min (real)
Generate toy 102/250

 -- MarkovChainMC -- 
Limit: r < 3.63489 +/- 0.0395559 @ 95% credibility (15 tries)
Done in 0.13 min (cpu), 0.14 min (real)
Generate toy 103/250

 -- MarkovChainMC -- 
Limit: r < 1.64122 +/- 0.023547 @ 95% credibility (15 tries)
Done in 0.13 min (cpu), 0.13 min (real)
Generate toy 104/250

 -- MarkovChainMC -- 
Limit: r < 1.8263 +/- 0.0198961 @ 95% credibility (15 tries)
Done in 0.12 min (cpu), 0.12 min (real)
Generate toy 105/250

 -- MarkovChainMC -- 
Limit: r < 3.48838 +/- 0.0650119 @ 95% credibility (15 tries)
Done in 0.13 min (cpu), 0.13 min (real)
Generate toy 106/250

 -- MarkovChainMC -- 
Limit: r < 5.29359 +/- 0.0508882 @ 95% credibility (15 tries)
Done in 0.14 min (cpu), 0.14 min (real)
Generate toy 107/250

 -- MarkovChainMC -- 
Limit: r < 3.49624 +/- 0.0329561 @ 95% credibility (15 tries)
Done in 0.13 min (cpu), 0.14 min (real)
Generate toy 108/250

 -- MarkovChainMC -- 
Limit: r < 2.34283 +/- 0.0464776 @ 95% credibility (15 tries)
Done in 0.13 min (cpu), 0.13 min (real)
Generate toy 109/250

 -- MarkovChainMC -- 
Limit: r < 4.03635 +/- 0.0631715 @ 95% credibility (15 tries)
Done in 0.13 min (cpu), 0.14 min (real)
Generate toy 110/250

 -- MarkovChainMC -- 
Limit: r < 2.88531 +/- 0.0301301 @ 95% credibility (15 tries)
Done in 0.13 min (cpu), 0.13 min (real)
Generate toy 111/250

 -- MarkovChainMC -- 
Limit: r < 2.61078 +/- 0.0313127 @ 95% credibility (15 tries)
Done in 0.13 min (cpu), 0.13 min (real)
Generate toy 112/250

 -- MarkovChainMC -- 
Limit: r < 3.8779 +/- 0.0417808 @ 95% credibility (15 tries)
Done in 0.13 min (cpu), 0.13 min (real)
Generate toy 113/250

 -- MarkovChainMC -- 
Limit: r < 2.54942 +/- 0.0498025 @ 95% credibility (15 tries)
Done in 0.13 min (cpu), 0.13 min (real)
Generate toy 114/250

 -- MarkovChainMC -- 
Limit: r < 1.84757 +/- 0.0331808 @ 95% credibility (15 tries)
Done in 0.12 min (cpu), 0.13 min (real)
Generate toy 115/250

 -- MarkovChainMC -- 
Limit: r < 1.60329 +/- 0.0369139 @ 95% credibility (15 tries)
Done in 0.12 min (cpu), 0.12 min (real)
Generate toy 116/250

 -- MarkovChainMC -- 
Limit: r < 4.27233 +/- 0.0522644 @ 95% credibility (15 tries)
Done in 0.13 min (cpu), 0.14 min (real)
Generate toy 117/250

 -- MarkovChainMC -- 
Limit: r < 5.03466 +/- 0.0577316 @ 95% credibility (15 tries)
Done in 0.14 min (cpu), 0.14 min (real)
Generate toy 118/250

 -- MarkovChainMC -- 
Limit: r < 2.74974 +/- 0.0631602 @ 95% credibility (15 tries)
Done in 0.12 min (cpu), 0.12 min (real)
Generate toy 119/250

 -- MarkovChainMC -- 
Limit: r < 1.62415 +/- 0.0315804 @ 95% credibility (15 tries)
Done in 0.12 min (cpu), 0.12 min (real)
Generate toy 120/250

 -- MarkovChainMC -- 
Limit: r < 4.79646 +/- 0.0319686 @ 95% credibility (15 tries)
Done in 0.14 min (cpu), 0.14 min (real)
Generate toy 121/250

 -- MarkovChainMC -- 
Limit: r < 3.3086 +/- 0.0678845 @ 95% credibility (15 tries)
Done in 0.14 min (cpu), 0.14 min (real)
Generate toy 122/250

 -- MarkovChainMC -- 
Limit: r < 1.83655 +/- 0.0201716 @ 95% credibility (15 tries)
Done in 0.13 min (cpu), 0.13 min (real)
Generate toy 123/250

 -- MarkovChainMC -- 
Limit: r < 2.90952 +/- 0.0570749 @ 95% credibility (15 tries)
Done in 0.13 min (cpu), 0.13 min (real)
Generate toy 124/250

 -- MarkovChainMC -- 
Limit: r < 1.60701 +/- 0.0345063 @ 95% credibility (15 tries)
Done in 0.13 min (cpu), 0.13 min (real)
Generate toy 125/250

 -- MarkovChainMC -- 
Limit: r < 2.78309 +/- 0.0384808 @ 95% credibility (15 tries)
Done in 0.12 min (cpu), 0.13 min (real)
Generate toy 126/250

 -- MarkovChainMC -- 
Limit: r < 1.96611 +/- 0.0477319 @ 95% credibility (15 tries)
Done in 0.12 min (cpu), 0.12 min (real)
Generate toy 127/250

 -- MarkovChainMC -- 
Limit: r < 3.36623 +/- 0.0496314 @ 95% credibility (15 tries)
Done in 0.13 min (cpu), 0.13 min (real)
Generate toy 128/250

 -- MarkovChainMC -- 
Limit: r < 3.40407 +/- 0.0446338 @ 95% credibility (15 tries)
Done in 0.13 min (cpu), 0.13 min (real)
Generate toy 129/250

 -- MarkovChainMC -- 
Limit: r < 3.15658 +/- 0.0602804 @ 95% credibility (15 tries)
Done in 0.13 min (cpu), 0.13 min (real)
Generate toy 130/250

 -- MarkovChainMC -- 
Limit: r < 1.97895 +/- 0.0286233 @ 95% credibility (15 tries)
Done in 0.12 min (cpu), 0.12 min (real)
Generate toy 131/250

 -- MarkovChainMC -- 
Limit: r < 1.92717 +/- 0.0258884 @ 95% credibility (15 tries)
Done in 0.13 min (cpu), 0.13 min (real)
Generate toy 132/250

 -- MarkovChainMC -- 
Limit: r < 3.41995 +/- 0.0682688 @ 95% credibility (15 tries)
Done in 0.13 min (cpu), 0.14 min (real)
Generate toy 133/250

 -- MarkovChainMC -- 
Limit: r < 3.14632 +/- 0.0445789 @ 95% credibility (15 tries)
Done in 0.14 min (cpu), 0.14 min (real)
Generate toy 134/250

 -- MarkovChainMC -- 
Limit: r < 2.78577 +/- 0.0607841 @ 95% credibility (15 tries)
Done in 0.13 min (cpu), 0.14 min (real)
Generate toy 135/250

 -- MarkovChainMC -- 
Limit: r < 4.17023 +/- 0.0581965 @ 95% credibility (15 tries)
Done in 0.13 min (cpu), 0.14 min (real)
Generate toy 136/250

 -- MarkovChainMC -- 
Limit: r < 3.59739 +/- 0.0623481 @ 95% credibility (15 tries)
Done in 0.13 min (cpu), 0.13 min (real)
Generate toy 137/250

 -- MarkovChainMC -- 
Limit: r < 3.43076 +/- 0.0503638 @ 95% credibility (15 tries)
Done in 0.13 min (cpu), 0.13 min (real)
Generate toy 138/250

 -- MarkovChainMC -- 
Limit: r < 4.67092 +/- 0.0423746 @ 95% credibility (15 tries)
Done in 0.13 min (cpu), 0.14 min (real)
Generate toy 139/250

 -- MarkovChainMC -- 
Limit: r < 4.504 +/- 0.0712827 @ 95% credibility (15 tries)
Done in 0.13 min (cpu), 0.14 min (real)
Generate toy 140/250

 -- MarkovChainMC -- 
Limit: r < 3.43856 +/- 0.0317189 @ 95% credibility (15 tries)
Done in 0.13 min (cpu), 0.13 min (real)
Generate toy 141/250

 -- MarkovChainMC -- 
Limit: r < 3.65088 +/- 0.0504016 @ 95% credibility (15 tries)
Done in 0.12 min (cpu), 0.13 min (real)
Generate toy 142/250

 -- MarkovChainMC -- 
Limit: r < 3.23825 +/- 0.0695085 @ 95% credibility (15 tries)
Done in 0.13 min (cpu), 0.13 min (real)
Generate toy 143/250

 -- MarkovChainMC -- 
Limit: r < 6.00212 +/- 0.0826587 @ 95% credibility (15 tries)
Done in 0.14 min (cpu), 0.14 min (real)
Generate toy 144/250

 -- MarkovChainMC -- 
Limit: r < 2.38304 +/- 0.0739211 @ 95% credibility (15 tries)
Done in 0.12 min (cpu), 0.12 min (real)
Generate toy 145/250

 -- MarkovChainMC -- 
Limit: r < 3.57881 +/- 0.0592604 @ 95% credibility (15 tries)
Done in 0.13 min (cpu), 0.13 min (real)
Generate toy 146/250

 -- MarkovChainMC -- 
Limit: r < 3.38361 +/- 0.0478584 @ 95% credibility (15 tries)
Done in 0.13 min (cpu), 0.13 min (real)
Generate toy 147/250

 -- MarkovChainMC -- 
Limit: r < 3.04748 +/- 0.0545331 @ 95% credibility (15 tries)
Done in 0.12 min (cpu), 0.13 min (real)
Generate toy 148/250

 -- MarkovChainMC -- 
Limit: r < 3.25311 +/- 0.0527697 @ 95% credibility (15 tries)
Done in 0.12 min (cpu), 0.13 min (real)
Generate toy 149/250

 -- MarkovChainMC -- 
Limit: r < 1.74955 +/- 0.0208773 @ 95% credibility (15 tries)
Done in 0.12 min (cpu), 0.13 min (real)
Generate toy 150/250

 -- MarkovChainMC -- 
Limit: r < 5.09611 +/- 0.0533471 @ 95% credibility (15 tries)
Done in 0.13 min (cpu), 0.14 min (real)
Generate toy 151/250

 -- MarkovChainMC -- 
Limit: r < 2.51047 +/- 0.0303409 @ 95% credibility (15 tries)
Done in 0.12 min (cpu), 0.12 min (real)
Generate toy 152/250

 -- MarkovChainMC -- 
Limit: r < 5.42462 +/- 0.0971002 @ 95% credibility (15 tries)
Done in 0.12 min (cpu), 0.13 min (real)
Generate toy 153/250

 -- MarkovChainMC -- 
Limit: r < 2.9444 +/- 0.0794856 @ 95% credibility (15 tries)
Done in 0.12 min (cpu), 0.12 min (real)
Generate toy 154/250

 -- MarkovChainMC -- 
Limit: r < 4.0928 +/- 0.0437052 @ 95% credibility (15 tries)
Done in 0.13 min (cpu), 0.13 min (real)
Generate toy 155/250

 -- MarkovChainMC -- 
Limit: r < 2.5991 +/- 0.0572556 @ 95% credibility (15 tries)
Done in 0.12 min (cpu), 0.12 min (real)
Generate toy 156/250

 -- MarkovChainMC -- 
Limit: r < 3.41904 +/- 0.0608799 @ 95% credibility (15 tries)
Done in 0.12 min (cpu), 0.13 min (real)
Generate toy 157/250

 -- MarkovChainMC -- 
Limit: r < 5.26146 +/- 0.0780248 @ 95% credibility (15 tries)
Done in 0.13 min (cpu), 0.13 min (real)
Generate toy 158/250

 -- MarkovChainMC -- 
Limit: r < 3.04369 +/- 0.0539978 @ 95% credibility (15 tries)
Done in 0.12 min (cpu), 0.12 min (real)
Generate toy 159/250

 -- MarkovChainMC -- 
Limit: r < 3.08526 +/- 0.0509091 @ 95% credibility (15 tries)
Done in 0.12 min (cpu), 0.12 min (real)
Generate toy 160/250

 -- MarkovChainMC -- 
Limit: r < 3.03168 +/- 0.0588438 @ 95% credibility (15 tries)
Done in 0.12 min (cpu), 0.12 min (real)
Generate toy 161/250

 -- MarkovChainMC -- 
Limit: r < 6.32791 +/- 0.0630311 @ 95% credibility (15 tries)
Done in 0.13 min (cpu), 0.13 min (real)
Generate toy 162/250

 -- MarkovChainMC -- 
Limit: r < 4.04696 +/- 0.0411248 @ 95% credibility (15 tries)
Done in 0.12 min (cpu), 0.13 min (real)
Generate toy 163/250

 -- MarkovChainMC -- 
Limit: r < 2.50089 +/- 0.0392044 @ 95% credibility (15 tries)
Done in 0.12 min (cpu), 0.12 min (real)
Generate toy 164/250

 -- MarkovChainMC -- 
Limit: r < 2.52339 +/- 0.030733 @ 95% credibility (15 tries)
Done in 0.12 min (cpu), 0.12 min (real)
Generate toy 165/250

 -- MarkovChainMC -- 
Limit: r < 2.94848 +/- 0.0669172 @ 95% credibility (15 tries)
Done in 0.12 min (cpu), 0.12 min (real)
Generate toy 166/250

 -- MarkovChainMC -- 
Limit: r < 1.80887 +/- 0.0265378 @ 95% credibility (15 tries)
Done in 0.12 min (cpu), 0.12 min (real)
Generate toy 167/250

 -- MarkovChainMC -- 
Limit: r < 3.23144 +/- 0.0566246 @ 95% credibility (15 tries)
Done in 0.12 min (cpu), 0.12 min (real)
Generate toy 168/250

 -- MarkovChainMC -- 
Limit: r < 2.75608 +/- 0.0351077 @ 95% credibility (15 tries)
Done in 0.12 min (cpu), 0.13 min (real)
Generate toy 169/250

 -- MarkovChainMC -- 
Limit: r < 2.49348 +/- 0.0367753 @ 95% credibility (15 tries)
Done in 0.12 min (cpu), 0.12 min (real)
Generate toy 170/250

 -- MarkovChainMC -- 
Limit: r < 6.33461 +/- 0.0744419 @ 95% credibility (15 tries)
Done in 0.13 min (cpu), 0.13 min (real)
Generate toy 171/250

 -- MarkovChainMC -- 
Limit: r < 5.15751 +/- 0.062987 @ 95% credibility (15 tries)
Done in 0.13 min (cpu), 0.13 min (real)
Generate toy 172/250

 -- MarkovChainMC -- 
Limit: r < 3.43745 +/- 0.0384596 @ 95% credibility (15 tries)
Done in 0.12 min (cpu), 0.13 min (real)
Generate toy 173/250

 -- MarkovChainMC -- 
Limit: r < 2.1144 +/- 0.0156544 @ 95% credibility (15 tries)
Done in 0.12 min (cpu), 0.12 min (real)
Generate toy 174/250

 -- MarkovChainMC -- 
Limit: r < 6.10969 +/- 0.0571398 @ 95% credibility (15 tries)
Done in 0.13 min (cpu), 0.13 min (real)
Generate toy 175/250

 -- MarkovChainMC -- 
Limit: r < 1.89738 +/- 0.0328554 @ 95% credibility (15 tries)
Done in 0.12 min (cpu), 0.12 min (real)
Generate toy 176/250

 -- MarkovChainMC -- 
Limit: r < 2.42216 +/- 0.0216173 @ 95% credibility (15 tries)
Done in 0.12 min (cpu), 0.12 min (real)
Generate toy 177/250

 -- MarkovChainMC -- 
Limit: r < 2.45944 +/- 0.0319694 @ 95% credibility (15 tries)
Done in 0.12 min (cpu), 0.12 min (real)
Generate toy 178/250

 -- MarkovChainMC -- 
Limit: r < 2.19387 +/- 0.0223699 @ 95% credibility (15 tries)
Done in 0.12 min (cpu), 0.12 min (real)
Generate toy 179/250

 -- MarkovChainMC -- 
Limit: r < 4.75858 +/- 0.0693983 @ 95% credibility (15 tries)
Done in 0.13 min (cpu), 0.13 min (real)
Generate toy 180/250

 -- MarkovChainMC -- 
Limit: r < 5.40198 +/- 0.0815467 @ 95% credibility (15 tries)
Done in 0.13 min (cpu), 0.13 min (real)
Generate toy 181/250

 -- MarkovChainMC -- 
Limit: r < 2.05356 +/- 0.0347578 @ 95% credibility (15 tries)
Done in 0.12 min (cpu), 0.12 min (real)
Generate toy 182/250

 -- MarkovChainMC -- 
Limit: r < 5.68301 +/- 0.0757086 @ 95% credibility (15 tries)
Done in 0.13 min (cpu), 0.13 min (real)
Generate toy 183/250

 -- MarkovChainMC -- 
Limit: r < 4.73115 +/- 0.0326684 @ 95% credibility (15 tries)
Done in 0.13 min (cpu), 0.13 min (real)
Generate toy 184/250

 -- MarkovChainMC -- 
Limit: r < 5.73706 +/- 0.0647334 @ 95% credibility (15 tries)
Done in 0.13 min (cpu), 0.13 min (real)
Generate toy 185/250

 -- MarkovChainMC -- 
Limit: r < 6.98781 +/- 0.0373195 @ 95% credibility (15 tries)
Done in 0.13 min (cpu), 0.13 min (real)
Generate toy 186/250

 -- MarkovChainMC -- 
Limit: r < 3.79158 +/- 0.0368717 @ 95% credibility (15 tries)
Done in 0.12 min (cpu), 0.12 min (real)
Generate toy 187/250

 -- MarkovChainMC -- 
Limit: r < 3.0655 +/- 0.0475564 @ 95% credibility (15 tries)
Done in 0.12 min (cpu), 0.12 min (real)
Generate toy 188/250

 -- MarkovChainMC -- 
Limit: r < 3.69285 +/- 0.0424138 @ 95% credibility (15 tries)
Done in 0.12 min (cpu), 0.12 min (real)
Generate toy 189/250

 -- MarkovChainMC -- 
Limit: r < 3.62446 +/- 0.0521561 @ 95% credibility (15 tries)
Done in 0.12 min (cpu), 0.12 min (real)
Generate toy 190/250

 -- MarkovChainMC -- 
Limit: r < 4.35981 +/- 0.0519633 @ 95% credibility (15 tries)
Done in 0.12 min (cpu), 0.12 min (real)
Generate toy 191/250

 -- MarkovChainMC -- 
Limit: r < 3.26355 +/- 0.051587 @ 95% credibility (15 tries)
Done in 0.12 min (cpu), 0.12 min (real)
Generate toy 192/250

 -- MarkovChainMC -- 
Limit: r < 2.41475 +/- 0.0589843 @ 95% credibility (15 tries)
Done in 0.11 min (cpu), 0.12 min (real)
Generate toy 193/250

 -- MarkovChainMC -- 
Limit: r < 2.89207 +/- 0.0394639 @ 95% credibility (15 tries)
Done in 0.12 min (cpu), 0.12 min (real)
Generate toy 194/250

 -- MarkovChainMC -- 
Limit: r < 2.23584 +/- 0.061382 @ 95% credibility (15 tries)
Done in 0.12 min (cpu), 0.12 min (real)
Generate toy 195/250

 -- MarkovChainMC -- 
Limit: r < 3.32131 +/- 0.0493186 @ 95% credibility (15 tries)
Done in 0.12 min (cpu), 0.13 min (real)
Generate toy 196/250

 -- MarkovChainMC -- 
Limit: r < 3.3575 +/- 0.0391154 @ 95% credibility (15 tries)
Done in 0.12 min (cpu), 0.12 min (real)
Generate toy 197/250

 -- MarkovChainMC -- 
Limit: r < 5.60162 +/- 0.0758336 @ 95% credibility (15 tries)
Done in 0.13 min (cpu), 0.13 min (real)
Generate toy 198/250

 -- MarkovChainMC -- 
Limit: r < 3.16842 +/- 0.071904 @ 95% credibility (15 tries)
Done in 0.12 min (cpu), 0.12 min (real)
Generate toy 199/250

 -- MarkovChainMC -- 
Limit: r < 2.49369 +/- 0.0328689 @ 95% credibility (15 tries)
Done in 0.12 min (cpu), 0.12 min (real)
Generate toy 200/250

 -- MarkovChainMC -- 
Limit: r < 2.74269 +/- 0.0428892 @ 95% credibility (15 tries)
Done in 0.12 min (cpu), 0.13 min (real)
Generate toy 201/250

 -- MarkovChainMC -- 
Limit: r < 4.83437 +/- 0.066641 @ 95% credibility (15 tries)
Done in 0.13 min (cpu), 0.13 min (real)
Generate toy 202/250

 -- MarkovChainMC -- 
Limit: r < 3.40377 +/- 0.042556 @ 95% credibility (15 tries)
Done in 0.12 min (cpu), 0.13 min (real)
Generate toy 203/250

 -- MarkovChainMC -- 
Limit: r < 3.47369 +/- 0.046279 @ 95% credibility (15 tries)
Done in 0.12 min (cpu), 0.13 min (real)
Generate toy 204/250

 -- MarkovChainMC -- 
Limit: r < 4.04963 +/- 0.0464116 @ 95% credibility (15 tries)
Done in 0.12 min (cpu), 0.12 min (real)
Generate toy 205/250

 -- MarkovChainMC -- 
Limit: r < 3.12747 +/- 0.0372814 @ 95% credibility (15 tries)
Done in 0.12 min (cpu), 0.12 min (real)
Generate toy 206/250

 -- MarkovChainMC -- 
Limit: r < 1.56057 +/- 0.0362244 @ 95% credibility (15 tries)
Done in 0.11 min (cpu), 0.11 min (real)
Generate toy 207/250

 -- MarkovChainMC -- 
Limit: r < 3.80166 +/- 0.0508988 @ 95% credibility (15 tries)
Done in 0.12 min (cpu), 0.13 min (real)
Generate toy 208/250

 -- MarkovChainMC -- 
Limit: r < 3.24376 +/- 0.0730974 @ 95% credibility (15 tries)
Done in 0.12 min (cpu), 0.12 min (real)
Generate toy 209/250

 -- MarkovChainMC -- 
Limit: r < 2.68431 +/- 0.0570501 @ 95% credibility (15 tries)
Done in 0.12 min (cpu), 0.12 min (real)
Generate toy 210/250

 -- MarkovChainMC -- 
Limit: r < 6.39209 +/- 0.0418524 @ 95% credibility (15 tries)
Done in 0.12 min (cpu), 0.13 min (real)
Generate toy 211/250

 -- MarkovChainMC -- 
Limit: r < 3.2744 +/- 0.02441 @ 95% credibility (15 tries)
Done in 0.12 min (cpu), 0.12 min (real)
Generate toy 212/250

 -- MarkovChainMC -- 
Limit: r < 6.90882 +/- 0.0510764 @ 95% credibility (15 tries)
Done in 0.13 min (cpu), 0.13 min (real)
Generate toy 213/250

 -- MarkovChainMC -- 
Limit: r < 4.70866 +/- 0.0922745 @ 95% credibility (15 tries)
Done in 0.12 min (cpu), 0.12 min (real)
Generate toy 214/250

 -- MarkovChainMC -- 
Limit: r < 2.13782 +/- 0.0346541 @ 95% credibility (15 tries)
Done in 0.11 min (cpu), 0.11 min (real)
Generate toy 215/250

 -- MarkovChainMC -- 
Limit: r < 2.24994 +/- 0.0522204 @ 95% credibility (15 tries)
Done in 0.11 min (cpu), 0.11 min (real)
Generate toy 216/250

 -- MarkovChainMC -- 
Limit: r < 3.64666 +/- 0.0575943 @ 95% credibility (15 tries)
Done in 0.12 min (cpu), 0.12 min (real)
Generate toy 217/250

 -- MarkovChainMC -- 
Limit: r < 4.16955 +/- 0.0674526 @ 95% credibility (15 tries)
Done in 0.12 min (cpu), 0.12 min (real)
Generate toy 218/250

 -- MarkovChainMC -- 
Limit: r < 4.21456 +/- 0.0362946 @ 95% credibility (15 tries)
Done in 0.12 min (cpu), 0.13 min (real)
Generate toy 219/250

 -- MarkovChainMC -- 
Limit: r < 5.90852 +/- 0.0715547 @ 95% credibility (15 tries)
Done in 0.12 min (cpu), 0.12 min (real)
Generate toy 220/250

 -- MarkovChainMC -- 
Limit: r < 4.63959 +/- 0.0405672 @ 95% credibility (15 tries)
Done in 0.13 min (cpu), 0.13 min (real)
Generate toy 221/250

 -- MarkovChainMC -- 
Limit: r < 3.69455 +/- 0.0401514 @ 95% credibility (15 tries)
Done in 0.11 min (cpu), 0.12 min (real)
Generate toy 222/250

 -- MarkovChainMC -- 
Limit: r < 4.82007 +/- 0.0588082 @ 95% credibility (15 tries)
Done in 0.12 min (cpu), 0.13 min (real)
Generate toy 223/250

 -- MarkovChainMC -- 
Limit: r < 3.04037 +/- 0.0506848 @ 95% credibility (15 tries)
Done in 0.11 min (cpu), 0.12 min (real)
Generate toy 224/250

 -- MarkovChainMC -- 
Limit: r < 3.22893 +/- 0.0577128 @ 95% credibility (15 tries)
Done in 0.11 min (cpu), 0.11 min (real)
Generate toy 225/250

 -- MarkovChainMC -- 
Limit: r < 6.66392 +/- 0.0608797 @ 95% credibility (15 tries)
Done in 0.13 min (cpu), 0.13 min (real)
Generate toy 226/250

 -- MarkovChainMC -- 
Limit: r < 3.56724 +/- 0.0515816 @ 95% credibility (15 tries)
Done in 0.11 min (cpu), 0.12 min (real)
Generate toy 227/250

 -- MarkovChainMC -- 
Limit: r < 1.84666 +/- 0.0332966 @ 95% credibility (15 tries)
Done in 0.11 min (cpu), 0.12 min (real)
Generate toy 228/250

 -- MarkovChainMC -- 
Limit: r < 1.82629 +/- 0.0230262 @ 95% credibility (15 tries)
Done in 0.11 min (cpu), 0.12 min (real)
Generate toy 229/250

 -- MarkovChainMC -- 
Limit: r < 2.12799 +/- 0.0411882 @ 95% credibility (15 tries)
Done in 0.11 min (cpu), 0.11 min (real)
Generate toy 230/250

 -- MarkovChainMC -- 
Limit: r < 2.45436 +/- 0.0373278 @ 95% credibility (15 tries)
Done in 0.12 min (cpu), 0.12 min (real)
Generate toy 231/250

 -- MarkovChainMC -- 
Limit: r < 3.4853 +/- 0.0602042 @ 95% credibility (15 tries)
Done in 0.12 min (cpu), 0.12 min (real)
Generate toy 232/250

 -- MarkovChainMC -- 
Limit: r < 2.56859 +/- 0.0351278 @ 95% credibility (15 tries)
Done in 0.12 min (cpu), 0.12 min (real)
Generate toy 233/250

 -- MarkovChainMC -- 
Limit: r < 2.26488 +/- 0.0496829 @ 95% credibility (15 tries)
Done in 0.12 min (cpu), 0.12 min (real)
Generate toy 234/250

 -- MarkovChainMC -- 
Limit: r < 5.53041 +/- 0.0506227 @ 95% credibility (15 tries)
Done in 0.13 min (cpu), 0.13 min (real)
Generate toy 235/250

 -- MarkovChainMC -- 
Limit: r < 3.68318 +/- 0.0518308 @ 95% credibility (15 tries)
Done in 0.13 min (cpu), 0.13 min (real)
Generate toy 236/250

 -- MarkovChainMC -- 
Limit: r < 2.18372 +/- 0.0320747 @ 95% credibility (15 tries)
Done in 0.11 min (cpu), 0.12 min (real)
Generate toy 237/250

 -- MarkovChainMC -- 
Limit: r < 1.88081 +/- 0.019889 @ 95% credibility (15 tries)
Done in 0.12 min (cpu), 0.12 min (real)
Generate toy 238/250

 -- MarkovChainMC -- 
Limit: r < 6.66781 +/- 0.120343 @ 95% credibility (15 tries)
Done in 0.12 min (cpu), 0.13 min (real)
Generate toy 239/250

 -- MarkovChainMC -- 
Limit: r < 2.46129 +/- 0.0527319 @ 95% credibility (15 tries)
Done in 0.12 min (cpu), 0.12 min (real)
Generate toy 240/250

 -- MarkovChainMC -- 
Limit: r < 3.3985 +/- 0.0669056 @ 95% credibility (15 tries)
Done in 0.13 min (cpu), 0.13 min (real)
Generate toy 241/250

 -- MarkovChainMC -- 
Limit: r < 4.73884 +/- 0.0538817 @ 95% credibility (15 tries)
Done in 0.12 min (cpu), 0.13 min (real)
Generate toy 242/250

 -- MarkovChainMC -- 
Limit: r < 7.34598 +/- 0.0324991 @ 95% credibility (15 tries)
Done in 0.13 min (cpu), 0.13 min (real)
Generate toy 243/250

 -- MarkovChainMC -- 
Limit: r < 2.55671 +/- 0.0585037 @ 95% credibility (15 tries)
Done in 0.12 min (cpu), 0.13 min (real)
Generate toy 244/250

 -- MarkovChainMC -- 
Limit: r < 3.59062 +/- 0.0420312 @ 95% credibility (15 tries)
Done in 0.12 min (cpu), 0.13 min (real)
Generate toy 245/250

 -- MarkovChainMC -- 
Limit: r < 3.71682 +/- 0.0825236 @ 95% credibility (15 tries)
Done in 0.12 min (cpu), 0.13 min (real)
Generate toy 246/250

 -- MarkovChainMC -- 
Limit: r < 2.24564 +/- 0.0391131 @ 95% credibility (15 tries)
Done in 0.11 min (cpu), 0.12 min (real)
Generate toy 247/250

 -- MarkovChainMC -- 
Limit: r < 2.91768 +/- 0.0364866 @ 95% credibility (15 tries)
Done in 0.12 min (cpu), 0.12 min (real)
Generate toy 248/250

 -- MarkovChainMC -- 
Limit: r < 5.47034 +/- 0.03776 @ 95% credibility (15 tries)
Done in 0.12 min (cpu), 0.12 min (real)
Generate toy 249/250

 -- MarkovChainMC -- 
Limit: r < 2.89685 +/- 0.0235124 @ 95% credibility (15 tries)
Done in 0.12 min (cpu), 0.12 min (real)
Generate toy 250/250

 -- MarkovChainMC -- 
Limit: r < 6.23034 +/- 0.0349833 @ 95% credibility (15 tries)
Done in 0.13 min (cpu), 0.13 min (real)
mean   expected limit: r < 3.58249 +/- 0.08478 @ 95%CL (250 toyMC)
median expected limit: r < 3.40114 @ 95%CL (250 toyMC)
   68% expected band : 2.26488 < r < 4.87322
   95% expected band : 1.64122 < r < 6.90882
