 <<< Combine >>> 
 <<< v10.0.2 >>>
>>> Used OpenSSL to get a truly random seed 714381341
>>> Method used is MarkovChainMC
============================================================
Analyzing bin errors for: prop_binmuon_channel
Poisson cut-off: 10
Processes excluded for sums: Wprime2600_kR0.1
============================================================
Bin        Contents        Error           Notes                         
0          4245.809180     16.603214       total sum                     
0          4245.728997     16.603213       excluding marked processes    
0          65391.000000    255.716640      Unweighted events, alpha=0.064930
  => Total parameter prop_binmuon_channel_bin0[0.00,-7.00,7.00] to be Gaussian constrained
------------------------------------------------------------
1          1621.236005     7.828058        total sum                     
1          1621.101079     7.828053        excluding marked processes    
1          42886.000000    207.089353      Unweighted events, alpha=0.037803
  => Total parameter prop_binmuon_channel_bin1[0.00,-7.00,7.00] to be Gaussian constrained
------------------------------------------------------------
2          721.607624      4.795526        total sum                     
2          721.396648      4.795515        excluding marked processes    
2          22630.000000    150.432709      Unweighted events, alpha=0.031887
  => Total parameter prop_binmuon_channel_bin2[0.00,-7.00,7.00] to be Gaussian constrained
------------------------------------------------------------
3          359.554568      3.009376        total sum                     
3          359.285774      3.009355        excluding marked processes    
3          14254.000000    119.390117      Unweighted events, alpha=0.025225
  => Total parameter prop_binmuon_channel_bin3[0.00,-7.00,7.00] to be Gaussian constrained
------------------------------------------------------------
4          191.506391      3.360900        total sum                     
4          191.190097      3.360877        excluding marked processes    
4          3236.000000     56.885851       Unweighted events, alpha=0.059180
  => Total parameter prop_binmuon_channel_bin4[0.00,-7.00,7.00] to be Gaussian constrained
------------------------------------------------------------
5          112.608782      1.192194        total sum                     
5          112.217111      1.192110        excluding marked processes    
5          8861.000000     94.132885       Unweighted events, alpha=0.012708
  => Total parameter prop_binmuon_channel_bin5[0.00,-7.00,7.00] to be Gaussian constrained
------------------------------------------------------------
6          108.157517      1.524246        total sum                     
6          107.129583      1.524073        excluding marked processes    
6          4941.000000     70.292247       Unweighted events, alpha=0.021890
  => Total parameter prop_binmuon_channel_bin6[0.00,-7.00,7.00] to be Gaussian constrained
------------------------------------------------------------
7          42.416983       0.658435        total sum                     
7          41.104515       0.657922        excluding marked processes    
7          3903.000000     62.473995       Unweighted events, alpha=0.010868
  => Total parameter prop_binmuon_channel_bin7[0.00,-7.00,7.00] to be Gaussian constrained
------------------------------------------------------------
8          25.838971       0.588072        total sum                     
8          23.449391       0.587056        excluding marked processes    
8          1596.000000     39.949969       Unweighted events, alpha=0.016190
  => Total parameter prop_binmuon_channel_bin8[0.00,-7.00,7.00] to be Gaussian constrained
------------------------------------------------------------
9          11.430756       0.396503        total sum                     
9          8.355840        0.394559        excluding marked processes    
9          448.000000      21.166010       Unweighted events, alpha=0.025515
  => Total parameter prop_binmuon_channel_bin9[0.00,-7.00,7.00] to be Gaussian constrained
------------------------------------------------------------
10         9.302386        0.257553        total sum                     
10         3.506378        0.251887        excluding marked processes    
10         194.000000      13.928388       Unweighted events, alpha=0.047950
  => Total parameter prop_binmuon_channel_bin10[0.00,-7.00,7.00] to be Gaussian constrained
------------------------------------------------------------
11         6.839589        0.187525        total sum                     
11         1.363219        0.180174        excluding marked processes    
11         57.000000       7.549834        Unweighted events, alpha=0.119993
  => Total parameter prop_binmuon_channel_bin11[0.00,-7.00,7.00] to be Gaussian constrained
------------------------------------------------------------
12         0.567629        0.289097        total sum                     
12         0.530791        0.289065        excluding marked processes    
12         3.000000        1.732051        Unweighted events, alpha=0.189210
  => Number of weighted events is below Poisson threshold
    Wprime2600_kR0.1     0.036838        0.004266                                      
                         75.000000       8.660254        Unweighted events, alpha=0.000491
      => Parameter prop_binmuon_channel_bin12_Wprime2600_kR0.1[0.00,-7.00,7.00] to be Gaussian constrained
  ----------------------------------------------------------
    W_boson              0.216692        0.001181                                      
                         33653.000000    183.447540      Unweighted events, alpha=0.000006
      => Parameter prop_binmuon_channel_bin12_W_boson[0.00,-7.00,7.00] to be Gaussian constrained
  ----------------------------------------------------------
    Top                  0.000000        0.000000                                      
      => Error is zero, ignore      
  ----------------------------------------------------------
    Z_boson              0.004094        0.000500                                      
                         67.000000       8.185353        Unweighted events, alpha=0.000061
      => Parameter prop_binmuon_channel_bin12_Z_boson[0.00,-7.00,7.00] to be Gaussian constrained
  ----------------------------------------------------------
    DiBoson              0.288910        0.288561                                      
                         1.000000        1.000000        Unweighted events, alpha=0.288910
      => Product of prop_binmuon_channel_bin12_DiBoson[1.00,0.00,30.85] and const [1.0000] to be Poisson constrained
  ----------------------------------------------------------
    QCD                  0.021095        0.017013                                      
                         2.000000        1.414214        Unweighted events, alpha=0.010547
      => Product of prop_binmuon_channel_bin12_QCD[2.00,0.00,33.79] and const [0.5000] to be Poisson constrained
  ----------------------------------------------------------
------------------------------------------------------------
13         0.074988        0.002075        total sum                     
13         0.067145        0.000584        excluding marked processes    
13         13239.000000    115.060853      Unweighted events, alpha=0.000006
  => Total parameter prop_binmuon_channel_bin13[0.00,-7.00,7.00] to be Gaussian constrained
------------------------------------------------------------
14         0.004568        0.000535        total sum                     
14         0.003967        0.000043        excluding marked processes    
14         8482.000000     92.097774       Unweighted events, alpha=0.000001
  => Total parameter prop_binmuon_channel_bin14[0.00,-7.00,7.00] to be Gaussian constrained
------------------------------------------------------------
15         0.005625        0.003835        total sum                     
15         0.005625        0.003835        excluding marked processes    
15         2.000000        1.414214        Unweighted events, alpha=0.002813
  => Number of weighted events is below Poisson threshold
    Wprime2600_kR0.1     0.000000        0.000000                                      
      => Error is zero, ignore      
  ----------------------------------------------------------
    W_boson              0.000849        0.000021                                      
                         1670.000000     40.865633       Unweighted events, alpha=0.000001
      => Parameter prop_binmuon_channel_bin15_W_boson[0.00,-7.00,7.00] to be Gaussian constrained
  ----------------------------------------------------------
    Top                  0.000000        0.000000                                      
      => Error is zero, ignore      
  ----------------------------------------------------------
    Z_boson              0.000011        0.000003                                      
                         16.000000       4.000000        Unweighted events, alpha=0.000001
      => Parameter prop_binmuon_channel_bin15_Z_boson[0.00,-7.00,7.00] to be Gaussian constrained
  ----------------------------------------------------------
    DiBoson              0.000000        0.000000                                      
      => Error is zero, ignore      
  ----------------------------------------------------------
    QCD                  0.004765        0.003834                                      
                         2.000000        1.414214        Unweighted events, alpha=0.002383
      => Product of prop_binmuon_channel_bin15_QCD[2.00,0.00,33.79] and const [0.5000] to be Poisson constrained
  ----------------------------------------------------------
------------------------------------------------------------
Channel muon_channel will use autoMCStats with settings: event-threshold=10, include-signal=0, hist-mode=1
Generate toy 1/250

 -- MarkovChainMC -- 
Limit: r < 0.453047 +/- 0.00354089 @ 95% credibility (15 tries)
Done in 0.14 min (cpu), 0.14 min (real)
Generate toy 2/250

 -- MarkovChainMC -- 
Limit: r < 1.10004 +/- 0.00978928 @ 95% credibility (15 tries)
Done in 0.13 min (cpu), 0.13 min (real)
Generate toy 3/250

 -- MarkovChainMC -- 
Limit: r < 0.752071 +/- 0.00607608 @ 95% credibility (15 tries)
Done in 0.09 min (cpu), 0.10 min (real)
Generate toy 4/250

 -- MarkovChainMC -- 
Limit: r < 0.688218 +/- 0.00341484 @ 95% credibility (15 tries)
Done in 0.09 min (cpu), 0.09 min (real)
Generate toy 5/250

 -- MarkovChainMC -- 
Limit: r < 0.466068 +/- 0.00577661 @ 95% credibility (15 tries)
Done in 0.08 min (cpu), 0.08 min (real)
Generate toy 6/250

 -- MarkovChainMC -- 
Limit: r < 0.416661 +/- 0.00472964 @ 95% credibility (15 tries)
Done in 0.09 min (cpu), 0.09 min (real)
Generate toy 7/250

 -- MarkovChainMC -- 
Limit: r < 0.43831 +/- 0.00350488 @ 95% credibility (15 tries)
Done in 0.09 min (cpu), 0.09 min (real)
Generate toy 8/250

 -- MarkovChainMC -- 
Limit: r < 0.454037 +/- 0.00208982 @ 95% credibility (15 tries)
Done in 0.10 min (cpu), 0.10 min (real)
Generate toy 9/250

 -- MarkovChainMC -- 
Limit: r < 0.72474 +/- 0.00898353 @ 95% credibility (15 tries)
Done in 0.09 min (cpu), 0.09 min (real)
Generate toy 10/250

 -- MarkovChainMC -- 
Limit: r < 0.703154 +/- 0.00311194 @ 95% credibility (15 tries)
Done in 0.09 min (cpu), 0.09 min (real)
Generate toy 11/250

 -- MarkovChainMC -- 
Limit: r < 0.662756 +/- 0.00301624 @ 95% credibility (15 tries)
Done in 0.09 min (cpu), 0.09 min (real)
Generate toy 12/250

 -- MarkovChainMC -- 
Limit: r < 0.461518 +/- 0.00289214 @ 95% credibility (15 tries)
Done in 0.09 min (cpu), 0.09 min (real)
Generate toy 13/250

 -- MarkovChainMC -- 
Limit: r < 0.317014 +/- 0.0026059 @ 95% credibility (15 tries)
Done in 0.09 min (cpu), 0.09 min (real)
Generate toy 14/250

 -- MarkovChainMC -- 
Limit: r < 0.87052 +/- 0.00407014 @ 95% credibility (15 tries)
Done in 0.13 min (cpu), 0.13 min (real)
Generate toy 15/250

 -- MarkovChainMC -- 
Limit: r < 0.636597 +/- 0.00624742 @ 95% credibility (15 tries)
Done in 0.15 min (cpu), 0.15 min (real)
Generate toy 16/250

 -- MarkovChainMC -- 
Limit: r < 0.464241 +/- 0.00332398 @ 95% credibility (15 tries)
Done in 0.10 min (cpu), 0.10 min (real)
Generate toy 17/250

 -- MarkovChainMC -- 
Limit: r < 0.339329 +/- 0.00297858 @ 95% credibility (15 tries)
Done in 0.08 min (cpu), 0.09 min (real)
Generate toy 18/250

 -- MarkovChainMC -- 
Limit: r < 0.614052 +/- 0.00361597 @ 95% credibility (15 tries)
Done in 0.09 min (cpu), 0.09 min (real)
Generate toy 19/250

 -- MarkovChainMC -- 
Limit: r < 0.964162 +/- 0.00714487 @ 95% credibility (15 tries)
Done in 0.10 min (cpu), 0.10 min (real)
Generate toy 20/250

 -- MarkovChainMC -- 
Limit: r < 1.15425 +/- 0.0064735 @ 95% credibility (15 tries)
Done in 0.11 min (cpu), 0.11 min (real)
Generate toy 21/250

 -- MarkovChainMC -- 
Limit: r < 0.493012 +/- 0.00387475 @ 95% credibility (15 tries)
Done in 0.09 min (cpu), 0.09 min (real)
Generate toy 22/250

 -- MarkovChainMC -- 
Limit: r < 0.528181 +/- 0.00379486 @ 95% credibility (15 tries)
Done in 0.09 min (cpu), 0.09 min (real)
Generate toy 23/250

 -- MarkovChainMC -- 
Limit: r < 0.623702 +/- 0.00110987 @ 95% credibility (15 tries)
Done in 0.12 min (cpu), 0.12 min (real)
Generate toy 24/250

 -- MarkovChainMC -- 
Limit: r < 0.470737 +/- 0.00580018 @ 95% credibility (15 tries)
Done in 0.10 min (cpu), 0.10 min (real)
Generate toy 25/250

 -- MarkovChainMC -- 
Limit: r < 0.531798 +/- 0.0021305 @ 95% credibility (15 tries)
Done in 0.10 min (cpu), 0.10 min (real)
Generate toy 26/250

 -- MarkovChainMC -- 
Limit: r < 1.02147 +/- 0.00763446 @ 95% credibility (15 tries)
Done in 0.12 min (cpu), 0.12 min (real)
Generate toy 27/250

 -- MarkovChainMC -- 
Limit: r < 0.350001 +/- 0.00517291 @ 95% credibility (15 tries)
Done in 0.13 min (cpu), 0.13 min (real)
Generate toy 28/250

 -- MarkovChainMC -- 
Limit: r < 0.412168 +/- 0.00308168 @ 95% credibility (15 tries)
Done in 0.11 min (cpu), 0.11 min (real)
Generate toy 29/250

 -- MarkovChainMC -- 
Limit: r < 0.40243 +/- 0.00352781 @ 95% credibility (15 tries)
Done in 0.10 min (cpu), 0.10 min (real)
Generate toy 30/250

 -- MarkovChainMC -- 
Limit: r < 0.396964 +/- 0.00518492 @ 95% credibility (15 tries)
Done in 0.10 min (cpu), 0.10 min (real)
Generate toy 31/250

 -- MarkovChainMC -- 
Limit: r < 0.461723 +/- 0.00273917 @ 95% credibility (15 tries)
Done in 0.10 min (cpu), 0.11 min (real)
Generate toy 32/250

 -- MarkovChainMC -- 
Limit: r < 0.665428 +/- 0.00343055 @ 95% credibility (15 tries)
Done in 0.13 min (cpu), 0.13 min (real)
Generate toy 33/250

 -- MarkovChainMC -- 
Limit: r < 0.756117 +/- 0.00523987 @ 95% credibility (15 tries)
Done in 0.11 min (cpu), 0.11 min (real)
Generate toy 34/250

 -- MarkovChainMC -- 
Limit: r < 0.821408 +/- 0.00570332 @ 95% credibility (15 tries)
Done in 0.12 min (cpu), 0.12 min (real)
Generate toy 35/250

 -- MarkovChainMC -- 
Limit: r < 0.759787 +/- 0.00469292 @ 95% credibility (15 tries)
Done in 0.13 min (cpu), 0.13 min (real)
Generate toy 36/250

 -- MarkovChainMC -- 
Limit: r < 0.568025 +/- 0.00555277 @ 95% credibility (15 tries)
Done in 0.12 min (cpu), 0.12 min (real)
Generate toy 37/250

 -- MarkovChainMC -- 
Limit: r < 0.520747 +/- 0.00480677 @ 95% credibility (15 tries)
Done in 0.12 min (cpu), 0.12 min (real)
Generate toy 38/250

 -- MarkovChainMC -- 
Limit: r < 0.702519 +/- 0.00487739 @ 95% credibility (15 tries)
Done in 0.14 min (cpu), 0.14 min (real)
Generate toy 39/250

 -- MarkovChainMC -- 
Limit: r < 0.757925 +/- 0.00291056 @ 95% credibility (15 tries)
Done in 0.14 min (cpu), 0.15 min (real)
Generate toy 40/250

 -- MarkovChainMC -- 
Limit: r < 0.86834 +/- 0.0111173 @ 95% credibility (15 tries)
Done in 0.13 min (cpu), 0.13 min (real)
Generate toy 41/250

 -- MarkovChainMC -- 
Limit: r < 0.620065 +/- 0.00697248 @ 95% credibility (15 tries)
Done in 0.12 min (cpu), 0.12 min (real)
Generate toy 42/250

 -- MarkovChainMC -- 
Limit: r < 1.0209 +/- 0.00809841 @ 95% credibility (15 tries)
Done in 0.11 min (cpu), 0.11 min (real)
Generate toy 43/250

 -- MarkovChainMC -- 
Limit: r < 0.459876 +/- 0.00453 @ 95% credibility (15 tries)
Done in 0.12 min (cpu), 0.12 min (real)
Generate toy 44/250

 -- MarkovChainMC -- 
Limit: r < 0.792833 +/- 0.00366844 @ 95% credibility (15 tries)
Done in 0.14 min (cpu), 0.14 min (real)
Generate toy 45/250

 -- MarkovChainMC -- 
Limit: r < 0.555427 +/- 0.00418867 @ 95% credibility (15 tries)
Done in 0.14 min (cpu), 0.14 min (real)
Generate toy 46/250

 -- MarkovChainMC -- 
Limit: r < 0.521038 +/- 0.0064498 @ 95% credibility (15 tries)
Done in 0.11 min (cpu), 0.11 min (real)
Generate toy 47/250

 -- MarkovChainMC -- 
Limit: r < 0.401727 +/- 0.0047822 @ 95% credibility (15 tries)
Done in 0.12 min (cpu), 0.12 min (real)
Generate toy 48/250

 -- MarkovChainMC -- 
Limit: r < 0.397243 +/- 0.00297345 @ 95% credibility (15 tries)
Done in 0.13 min (cpu), 0.13 min (real)
Generate toy 49/250

 -- MarkovChainMC -- 
Limit: r < 0.931969 +/- 0.00568119 @ 95% credibility (15 tries)
Done in 0.13 min (cpu), 0.14 min (real)
Generate toy 50/250

 -- MarkovChainMC -- 
Limit: r < 0.772551 +/- 0.00512661 @ 95% credibility (15 tries)
Done in 0.13 min (cpu), 0.13 min (real)
Generate toy 51/250

 -- MarkovChainMC -- 
Limit: r < 0.616321 +/- 0.00870975 @ 95% credibility (15 tries)
Done in 0.11 min (cpu), 0.11 min (real)
Generate toy 52/250

 -- MarkovChainMC -- 
Limit: r < 0.514742 +/- 0.00477037 @ 95% credibility (15 tries)
Done in 0.12 min (cpu), 0.12 min (real)
Generate toy 53/250

 -- MarkovChainMC -- 
Limit: r < 0.392182 +/- 0.00641953 @ 95% credibility (15 tries)
Done in 0.13 min (cpu), 0.13 min (real)
Generate toy 54/250

 -- MarkovChainMC -- 
Limit: r < 0.715168 +/- 0.00297834 @ 95% credibility (15 tries)
Done in 0.13 min (cpu), 0.13 min (real)
Generate toy 55/250

 -- MarkovChainMC -- 
Limit: r < 0.441731 +/- 0.00216796 @ 95% credibility (15 tries)
Done in 0.13 min (cpu), 0.13 min (real)
Generate toy 56/250

 -- MarkovChainMC -- 
Limit: r < 0.798072 +/- 0.00520947 @ 95% credibility (15 tries)
Done in 0.14 min (cpu), 0.14 min (real)
Generate toy 57/250

 -- MarkovChainMC -- 
Limit: r < 0.603867 +/- 0.00680656 @ 95% credibility (15 tries)
Done in 0.14 min (cpu), 0.14 min (real)
Generate toy 58/250

 -- MarkovChainMC -- 
Limit: r < 0.422185 +/- 0.0034444 @ 95% credibility (15 tries)
Done in 0.13 min (cpu), 0.13 min (real)
Generate toy 59/250

 -- MarkovChainMC -- 
Limit: r < 0.805825 +/- 0.00901014 @ 95% credibility (15 tries)
Done in 0.12 min (cpu), 0.12 min (real)
Generate toy 60/250

 -- MarkovChainMC -- 
Limit: r < 0.481819 +/- 0.00404691 @ 95% credibility (15 tries)
Done in 0.11 min (cpu), 0.11 min (real)
Generate toy 61/250

 -- MarkovChainMC -- 
Limit: r < 0.486752 +/- 0.00285836 @ 95% credibility (15 tries)
Done in 0.11 min (cpu), 0.11 min (real)
Generate toy 62/250

 -- MarkovChainMC -- 
Limit: r < 0.595561 +/- 0.00665038 @ 95% credibility (15 tries)
Done in 0.11 min (cpu), 0.11 min (real)
Generate toy 63/250

 -- MarkovChainMC -- 
Limit: r < 0.479546 +/- 0.00414782 @ 95% credibility (15 tries)
Done in 0.12 min (cpu), 0.12 min (real)
Generate toy 64/250

 -- MarkovChainMC -- 
Limit: r < 0.6539 +/- 0.00493706 @ 95% credibility (15 tries)
Done in 0.13 min (cpu), 0.13 min (real)
Generate toy 65/250

 -- MarkovChainMC -- 
Limit: r < 0.435422 +/- 0.00422279 @ 95% credibility (15 tries)
Done in 0.13 min (cpu), 0.13 min (real)
Generate toy 66/250

 -- MarkovChainMC -- 
Limit: r < 0.695892 +/- 0.00453353 @ 95% credibility (15 tries)
Done in 0.14 min (cpu), 0.14 min (real)
Generate toy 67/250

 -- MarkovChainMC -- 
Limit: r < 0.551634 +/- 0.00405436 @ 95% credibility (15 tries)
Done in 0.13 min (cpu), 0.13 min (real)
Generate toy 68/250

 -- MarkovChainMC -- 
Limit: r < 0.38629 +/- 0.00655785 @ 95% credibility (15 tries)
Done in 0.10 min (cpu), 0.10 min (real)
Generate toy 69/250

 -- MarkovChainMC -- 
Limit: r < 0.688651 +/- 0.00452853 @ 95% credibility (15 tries)
Done in 0.14 min (cpu), 0.14 min (real)
Generate toy 70/250

 -- MarkovChainMC -- 
Limit: r < 0.527876 +/- 0.00301515 @ 95% credibility (15 tries)
Done in 0.13 min (cpu), 0.14 min (real)
Generate toy 71/250

 -- MarkovChainMC -- 
Limit: r < 0.36116 +/- 0.00588535 @ 95% credibility (15 tries)
Done in 0.11 min (cpu), 0.11 min (real)
Generate toy 72/250

 -- MarkovChainMC -- 
Limit: r < 0.446762 +/- 0.00447713 @ 95% credibility (15 tries)
Done in 0.12 min (cpu), 0.12 min (real)
Generate toy 73/250

 -- MarkovChainMC -- 
Limit: r < 0.363413 +/- 0.00314159 @ 95% credibility (15 tries)
Done in 0.13 min (cpu), 0.13 min (real)
Generate toy 74/250

 -- MarkovChainMC -- 
Limit: r < 0.39981 +/- 0.00494492 @ 95% credibility (15 tries)
Done in 0.13 min (cpu), 0.13 min (real)
Generate toy 75/250

 -- MarkovChainMC -- 
Limit: r < 0.61375 +/- 0.00325748 @ 95% credibility (15 tries)
Done in 0.13 min (cpu), 0.13 min (real)
Generate toy 76/250

 -- MarkovChainMC -- 
Limit: r < 0.472183 +/- 0.00477056 @ 95% credibility (15 tries)
Done in 0.13 min (cpu), 0.13 min (real)
Generate toy 77/250

 -- MarkovChainMC -- 
Limit: r < 0.524043 +/- 0.00505448 @ 95% credibility (15 tries)
Done in 0.14 min (cpu), 0.14 min (real)
Generate toy 78/250

 -- MarkovChainMC -- 
Limit: r < 0.609496 +/- 0.00652207 @ 95% credibility (15 tries)
Done in 0.13 min (cpu), 0.13 min (real)
Generate toy 79/250

 -- MarkovChainMC -- 
Limit: r < 0.819752 +/- 0.00247473 @ 95% credibility (15 tries)
Done in 0.14 min (cpu), 0.14 min (real)
Generate toy 80/250

 -- MarkovChainMC -- 
Limit: r < 0.276455 +/- 0.00247641 @ 95% credibility (15 tries)
Done in 0.11 min (cpu), 0.11 min (real)
Generate toy 81/250

 -- MarkovChainMC -- 
Limit: r < 0.493801 +/- 0.006337 @ 95% credibility (15 tries)
Done in 0.12 min (cpu), 0.12 min (real)
Generate toy 82/250

 -- MarkovChainMC -- 
Limit: r < 0.605299 +/- 0.00422594 @ 95% credibility (15 tries)
Done in 0.13 min (cpu), 0.13 min (real)
Generate toy 83/250

 -- MarkovChainMC -- 
Limit: r < 0.621631 +/- 0.00688747 @ 95% credibility (15 tries)
Done in 0.13 min (cpu), 0.13 min (real)
Generate toy 84/250

 -- MarkovChainMC -- 
Limit: r < 0.619605 +/- 0.00528319 @ 95% credibility (15 tries)
Done in 0.14 min (cpu), 0.14 min (real)
Generate toy 85/250

 -- MarkovChainMC -- 
Limit: r < 0.369098 +/- 0.00424409 @ 95% credibility (15 tries)
Done in 0.13 min (cpu), 0.13 min (real)
Generate toy 86/250

 -- MarkovChainMC -- 
Limit: r < 0.711908 +/- 0.00820075 @ 95% credibility (15 tries)
Done in 0.14 min (cpu), 0.14 min (real)
Generate toy 87/250

 -- MarkovChainMC -- 
Limit: r < 0.518915 +/- 0.00560681 @ 95% credibility (15 tries)
Done in 0.13 min (cpu), 0.13 min (real)
Generate toy 88/250

 -- MarkovChainMC -- 
Limit: r < 0.314869 +/- 0.00561209 @ 95% credibility (15 tries)
Done in 0.11 min (cpu), 0.12 min (real)
Generate toy 89/250

 -- MarkovChainMC -- 
Limit: r < 0.364474 +/- 0.00232027 @ 95% credibility (15 tries)
Done in 0.13 min (cpu), 0.13 min (real)
Generate toy 90/250

 -- MarkovChainMC -- 
Limit: r < 0.889283 +/- 0.0052749 @ 95% credibility (15 tries)
Done in 0.14 min (cpu), 0.14 min (real)
Generate toy 91/250

 -- MarkovChainMC -- 
Limit: r < 1.17351 +/- 0.00599937 @ 95% credibility (15 tries)
Done in 0.14 min (cpu), 0.15 min (real)
Generate toy 92/250

 -- MarkovChainMC -- 
Limit: r < 1.17941 +/- 0.0042266 @ 95% credibility (15 tries)
Done in 0.16 min (cpu), 0.16 min (real)
Generate toy 93/250

 -- MarkovChainMC -- 
Limit: r < 0.5942 +/- 0.00373664 @ 95% credibility (15 tries)
Done in 0.13 min (cpu), 0.13 min (real)
Generate toy 94/250

 -- MarkovChainMC -- 
Limit: r < 0.415384 +/- 0.00171565 @ 95% credibility (15 tries)
Done in 0.13 min (cpu), 0.13 min (real)
Generate toy 95/250

 -- MarkovChainMC -- 
Limit: r < 0.425772 +/- 0.00429806 @ 95% credibility (15 tries)
Done in 0.10 min (cpu), 0.11 min (real)
Generate toy 96/250

 -- MarkovChainMC -- 
Limit: r < 0.407336 +/- 0.00363058 @ 95% credibility (15 tries)
Done in 0.10 min (cpu), 0.11 min (real)
Generate toy 97/250

 -- MarkovChainMC -- 
Limit: r < 0.439114 +/- 0.00535971 @ 95% credibility (15 tries)
Done in 0.11 min (cpu), 0.11 min (real)
Generate toy 98/250

 -- MarkovChainMC -- 
Limit: r < 0.423684 +/- 0.00254944 @ 95% credibility (15 tries)
Done in 0.11 min (cpu), 0.11 min (real)
Generate toy 99/250

 -- MarkovChainMC -- 
Limit: r < 0.679484 +/- 0.00529268 @ 95% credibility (15 tries)
Done in 0.13 min (cpu), 0.14 min (real)
Generate toy 100/250

 -- MarkovChainMC -- 
Limit: r < 0.380373 +/- 0.00754445 @ 95% credibility (15 tries)
Done in 0.11 min (cpu), 0.12 min (real)
Generate toy 101/250

 -- MarkovChainMC -- 
Limit: r < 0.509567 +/- 0.00399403 @ 95% credibility (15 tries)
Done in 0.12 min (cpu), 0.12 min (real)
Generate toy 102/250

 -- MarkovChainMC -- 
Limit: r < 0.361225 +/- 0.00496941 @ 95% credibility (15 tries)
Done in 0.11 min (cpu), 0.11 min (real)
Generate toy 103/250

 -- MarkovChainMC -- 
Limit: r < 0.783843 +/- 0.00683607 @ 95% credibility (15 tries)
Done in 0.11 min (cpu), 0.11 min (real)
Generate toy 104/250

 -- MarkovChainMC -- 
Limit: r < 0.710336 +/- 0.00516909 @ 95% credibility (15 tries)
Done in 0.12 min (cpu), 0.12 min (real)
Generate toy 105/250

 -- MarkovChainMC -- 
Limit: r < 0.523448 +/- 0.00681935 @ 95% credibility (15 tries)
Done in 0.10 min (cpu), 0.10 min (real)
Generate toy 106/250

 -- MarkovChainMC -- 
Limit: r < 0.351462 +/- 0.00348565 @ 95% credibility (15 tries)
Done in 0.10 min (cpu), 0.10 min (real)
Generate toy 107/250

 -- MarkovChainMC -- 
Limit: r < 0.651622 +/- 0.00441055 @ 95% credibility (15 tries)
Done in 0.10 min (cpu), 0.11 min (real)
Generate toy 108/250

 -- MarkovChainMC -- 
Limit: r < 0.507816 +/- 0.00510241 @ 95% credibility (15 tries)
Done in 0.13 min (cpu), 0.13 min (real)
Generate toy 109/250

 -- MarkovChainMC -- 
Limit: r < 0.726764 +/- 0.00503276 @ 95% credibility (15 tries)
Done in 0.13 min (cpu), 0.13 min (real)
Generate toy 110/250

 -- MarkovChainMC -- 
Limit: r < 0.907764 +/- 0.00740499 @ 95% credibility (15 tries)
Done in 0.11 min (cpu), 0.12 min (real)
Generate toy 111/250

 -- MarkovChainMC -- 
Limit: r < 0.328826 +/- 0.00294489 @ 95% credibility (15 tries)
Done in 0.10 min (cpu), 0.10 min (real)
Generate toy 112/250

 -- MarkovChainMC -- 
Limit: r < 0.965295 +/- 0.00439609 @ 95% credibility (15 tries)
Done in 0.13 min (cpu), 0.13 min (real)
Generate toy 113/250

 -- MarkovChainMC -- 
Limit: r < 0.499851 +/- 0.00687444 @ 95% credibility (15 tries)
Done in 0.14 min (cpu), 0.14 min (real)
Generate toy 114/250

 -- MarkovChainMC -- 
Limit: r < 0.526075 +/- 0.00555047 @ 95% credibility (15 tries)
Done in 0.11 min (cpu), 0.11 min (real)
Generate toy 115/250

 -- MarkovChainMC -- 
Limit: r < 0.622381 +/- 0.00296438 @ 95% credibility (15 tries)
Done in 0.10 min (cpu), 0.10 min (real)
Generate toy 116/250

 -- MarkovChainMC -- 
Limit: r < 0.390257 +/- 0.00340701 @ 95% credibility (15 tries)
Done in 0.11 min (cpu), 0.11 min (real)
Generate toy 117/250

 -- MarkovChainMC -- 
Limit: r < 0.85015 +/- 0.00412111 @ 95% credibility (15 tries)
Done in 0.12 min (cpu), 0.12 min (real)
Generate toy 118/250

 -- MarkovChainMC -- 
Limit: r < 0.505983 +/- 0.00204106 @ 95% credibility (15 tries)
Done in 0.12 min (cpu), 0.12 min (real)
Generate toy 119/250

 -- MarkovChainMC -- 
Limit: r < 0.364616 +/- 0.00424171 @ 95% credibility (15 tries)
Done in 0.10 min (cpu), 0.10 min (real)
Generate toy 120/250

 -- MarkovChainMC -- 
Limit: r < 0.607493 +/- 0.00450549 @ 95% credibility (15 tries)
Done in 0.10 min (cpu), 0.10 min (real)
Generate toy 121/250

 -- MarkovChainMC -- 
Limit: r < 0.720241 +/- 0.00578038 @ 95% credibility (15 tries)
Done in 0.13 min (cpu), 0.13 min (real)
Generate toy 122/250

 -- MarkovChainMC -- 
Limit: r < 0.711318 +/- 0.00446852 @ 95% credibility (15 tries)
Done in 0.12 min (cpu), 0.12 min (real)
Generate toy 123/250

 -- MarkovChainMC -- 
Limit: r < 0.737816 +/- 0.00487279 @ 95% credibility (15 tries)
Done in 0.12 min (cpu), 0.12 min (real)
Generate toy 124/250

 -- MarkovChainMC -- 
Limit: r < 0.405495 +/- 0.00528237 @ 95% credibility (15 tries)
Done in 0.10 min (cpu), 0.10 min (real)
Generate toy 125/250

 -- MarkovChainMC -- 
Limit: r < 0.543543 +/- 0.00285032 @ 95% credibility (15 tries)
Done in 0.11 min (cpu), 0.11 min (real)
Generate toy 126/250

 -- MarkovChainMC -- 
Limit: r < 0.597918 +/- 0.00315945 @ 95% credibility (15 tries)
Done in 0.11 min (cpu), 0.11 min (real)
Generate toy 127/250

 -- MarkovChainMC -- 
Limit: r < 0.556254 +/- 0.00465791 @ 95% credibility (15 tries)
Done in 0.12 min (cpu), 0.12 min (real)
Generate toy 128/250

 -- MarkovChainMC -- 
Limit: r < 0.429798 +/- 0.00532011 @ 95% credibility (15 tries)
Done in 0.11 min (cpu), 0.11 min (real)
Generate toy 129/250

 -- MarkovChainMC -- 
Limit: r < 0.312794 +/- 0.00281016 @ 95% credibility (15 tries)
Done in 0.12 min (cpu), 0.12 min (real)
Generate toy 130/250

 -- MarkovChainMC -- 
Limit: r < 0.722471 +/- 0.0033324 @ 95% credibility (15 tries)
Done in 0.13 min (cpu), 0.13 min (real)
Generate toy 131/250

 -- MarkovChainMC -- 
Limit: r < 0.646022 +/- 0.00838695 @ 95% credibility (15 tries)
Done in 0.12 min (cpu), 0.12 min (real)
Generate toy 132/250

 -- MarkovChainMC -- 
Limit: r < 0.54341 +/- 0.00535261 @ 95% credibility (15 tries)
Done in 0.14 min (cpu), 0.14 min (real)
Generate toy 133/250

 -- MarkovChainMC -- 
Limit: r < 0.354582 +/- 0.0051356 @ 95% credibility (15 tries)
Done in 0.14 min (cpu), 0.14 min (real)
Generate toy 134/250

 -- MarkovChainMC -- 
Limit: r < 0.542731 +/- 0.00434835 @ 95% credibility (15 tries)
Done in 0.14 min (cpu), 0.14 min (real)
Generate toy 135/250

 -- MarkovChainMC -- 
Limit: r < 0.837963 +/- 0.00343566 @ 95% credibility (15 tries)
Done in 0.12 min (cpu), 0.12 min (real)
Generate toy 136/250

 -- MarkovChainMC -- 
Limit: r < 0.642258 +/- 0.00556062 @ 95% credibility (15 tries)
Done in 0.12 min (cpu), 0.12 min (real)
Generate toy 137/250

 -- MarkovChainMC -- 
Limit: r < 0.697409 +/- 0.00646071 @ 95% credibility (15 tries)
Done in 0.12 min (cpu), 0.12 min (real)
Generate toy 138/250

 -- MarkovChainMC -- 
Limit: r < 0.537771 +/- 0.00307825 @ 95% credibility (15 tries)
Done in 0.12 min (cpu), 0.12 min (real)
Generate toy 139/250

 -- MarkovChainMC -- 
Limit: r < 0.407925 +/- 0.00334917 @ 95% credibility (15 tries)
Done in 0.10 min (cpu), 0.10 min (real)
Generate toy 140/250

 -- MarkovChainMC -- 
Limit: r < 0.300832 +/- 0.00280188 @ 95% credibility (15 tries)
Done in 0.08 min (cpu), 0.08 min (real)
Generate toy 141/250

 -- MarkovChainMC -- 
Limit: r < 0.610548 +/- 0.00680968 @ 95% credibility (15 tries)
Done in 0.10 min (cpu), 0.10 min (real)
Generate toy 142/250

 -- MarkovChainMC -- 
Limit: r < 0.969336 +/- 0.00901889 @ 95% credibility (15 tries)
Done in 0.10 min (cpu), 0.10 min (real)
Generate toy 143/250

 -- MarkovChainMC -- 
Limit: r < 1.27472 +/- 0.00669939 @ 95% credibility (15 tries)
Done in 0.10 min (cpu), 0.10 min (real)
Generate toy 144/250

 -- MarkovChainMC -- 
Limit: r < 0.711671 +/- 0.00627897 @ 95% credibility (15 tries)
Done in 0.10 min (cpu), 0.10 min (real)
Generate toy 145/250

 -- MarkovChainMC -- 
Limit: r < 0.579468 +/- 0.00392643 @ 95% credibility (15 tries)
Done in 0.09 min (cpu), 0.10 min (real)
Generate toy 146/250

 -- MarkovChainMC -- 
Limit: r < 0.477169 +/- 0.00516056 @ 95% credibility (15 tries)
Done in 0.09 min (cpu), 0.09 min (real)
Generate toy 147/250

 -- MarkovChainMC -- 
Limit: r < 0.47193 +/- 0.00522707 @ 95% credibility (15 tries)
Done in 0.10 min (cpu), 0.10 min (real)
Generate toy 148/250

 -- MarkovChainMC -- 
Limit: r < 0.380528 +/- 0.00460832 @ 95% credibility (15 tries)
Done in 0.09 min (cpu), 0.09 min (real)
Generate toy 149/250

 -- MarkovChainMC -- 
Limit: r < 0.485033 +/- 0.00580827 @ 95% credibility (15 tries)
Done in 0.12 min (cpu), 0.12 min (real)
Generate toy 150/250

 -- MarkovChainMC -- 
Limit: r < 0.291984 +/- 0.00545575 @ 95% credibility (15 tries)
Done in 0.09 min (cpu), 0.09 min (real)
Generate toy 151/250

 -- MarkovChainMC -- 
Limit: r < 1.07503 +/- 0.00358782 @ 95% credibility (15 tries)
Done in 0.10 min (cpu), 0.10 min (real)
Generate toy 152/250

 -- MarkovChainMC -- 
Limit: r < 1.03341 +/- 0.00470454 @ 95% credibility (15 tries)
Done in 0.11 min (cpu), 0.11 min (real)
Generate toy 153/250

 -- MarkovChainMC -- 
Limit: r < 0.394583 +/- 0.00406619 @ 95% credibility (15 tries)
Done in 0.11 min (cpu), 0.11 min (real)
Generate toy 154/250

 -- MarkovChainMC -- 
Limit: r < 0.715583 +/- 0.00652512 @ 95% credibility (15 tries)
Done in 0.13 min (cpu), 0.13 min (real)
Generate toy 155/250

 -- MarkovChainMC -- 
Limit: r < 0.550293 +/- 0.00455912 @ 95% credibility (15 tries)
Done in 0.10 min (cpu), 0.10 min (real)
Generate toy 156/250

 -- MarkovChainMC -- 
Limit: r < 0.560496 +/- 0.00461365 @ 95% credibility (15 tries)
Done in 0.10 min (cpu), 0.10 min (real)
Generate toy 157/250

 -- MarkovChainMC -- 
Limit: r < 0.572067 +/- 0.00378637 @ 95% credibility (15 tries)
Done in 0.10 min (cpu), 0.10 min (real)
Generate toy 158/250

 -- MarkovChainMC -- 
Limit: r < 0.523461 +/- 0.00496 @ 95% credibility (15 tries)
Done in 0.10 min (cpu), 0.10 min (real)
Generate toy 159/250

 -- MarkovChainMC -- 
Limit: r < 0.434642 +/- 0.00723757 @ 95% credibility (15 tries)
Done in 0.09 min (cpu), 0.09 min (real)
Generate toy 160/250

 -- MarkovChainMC -- 
Limit: r < 0.521019 +/- 0.00443741 @ 95% credibility (15 tries)
Done in 0.09 min (cpu), 0.09 min (real)
Generate toy 161/250

 -- MarkovChainMC -- 
Limit: r < 0.479417 +/- 0.00387624 @ 95% credibility (15 tries)
Done in 0.09 min (cpu), 0.10 min (real)
Generate toy 162/250

 -- MarkovChainMC -- 
Limit: r < 0.452311 +/- 0.00494651 @ 95% credibility (15 tries)
Done in 0.10 min (cpu), 0.10 min (real)
Generate toy 163/250

 -- MarkovChainMC -- 
Limit: r < 0.746853 +/- 0.00758963 @ 95% credibility (15 tries)
Done in 0.13 min (cpu), 0.13 min (real)
Generate toy 164/250

 -- MarkovChainMC -- 
Limit: r < 0.883014 +/- 0.00371292 @ 95% credibility (15 tries)
Done in 0.15 min (cpu), 0.15 min (real)
Generate toy 165/250

 -- MarkovChainMC -- 
Limit: r < 0.670553 +/- 0.00405989 @ 95% credibility (15 tries)
Done in 0.13 min (cpu), 0.13 min (real)
Generate toy 166/250

 -- MarkovChainMC -- 
Limit: r < 0.611143 +/- 0.00613891 @ 95% credibility (15 tries)
Done in 0.10 min (cpu), 0.10 min (real)
Generate toy 167/250

 -- MarkovChainMC -- 
Limit: r < 0.652062 +/- 0.00468988 @ 95% credibility (15 tries)
Done in 0.12 min (cpu), 0.12 min (real)
Generate toy 168/250

 -- MarkovChainMC -- 
Limit: r < 0.349408 +/- 0.00330666 @ 95% credibility (15 tries)
Done in 0.10 min (cpu), 0.10 min (real)
Generate toy 169/250

 -- MarkovChainMC -- 
Limit: r < 0.775288 +/- 0.00294708 @ 95% credibility (15 tries)
Done in 0.11 min (cpu), 0.11 min (real)
Generate toy 170/250

 -- MarkovChainMC -- 
Limit: r < 0.723798 +/- 0.00671058 @ 95% credibility (15 tries)
Done in 0.11 min (cpu), 0.11 min (real)
Generate toy 171/250

 -- MarkovChainMC -- 
Limit: r < 0.54171 +/- 0.00270536 @ 95% credibility (15 tries)
Done in 0.12 min (cpu), 0.12 min (real)
Generate toy 172/250

 -- MarkovChainMC -- 
Limit: r < 0.427137 +/- 0.00410951 @ 95% credibility (15 tries)
Done in 0.12 min (cpu), 0.12 min (real)
Generate toy 173/250

 -- MarkovChainMC -- 
Limit: r < 0.306326 +/- 0.0055826 @ 95% credibility (15 tries)
Done in 0.12 min (cpu), 0.12 min (real)
Generate toy 174/250

 -- MarkovChainMC -- 
Limit: r < 0.501015 +/- 0.00301531 @ 95% credibility (15 tries)
Done in 0.10 min (cpu), 0.11 min (real)
Generate toy 175/250

 -- MarkovChainMC -- 
Limit: r < 0.423795 +/- 0.00681025 @ 95% credibility (15 tries)
Done in 0.10 min (cpu), 0.10 min (real)
Generate toy 176/250

 -- MarkovChainMC -- 
Limit: r < 0.455118 +/- 0.00216403 @ 95% credibility (15 tries)
Done in 0.10 min (cpu), 0.10 min (real)
Generate toy 177/250

 -- MarkovChainMC -- 
Limit: r < 0.590499 +/- 0.00422897 @ 95% credibility (15 tries)
Done in 0.10 min (cpu), 0.10 min (real)
Generate toy 178/250

 -- MarkovChainMC -- 
Limit: r < 0.548336 +/- 0.00345685 @ 95% credibility (15 tries)
Done in 0.11 min (cpu), 0.11 min (real)
Generate toy 179/250

 -- MarkovChainMC -- 
Limit: r < 0.335532 +/- 0.00349061 @ 95% credibility (15 tries)
Done in 0.10 min (cpu), 0.10 min (real)
Generate toy 180/250

 -- MarkovChainMC -- 
Limit: r < 0.585983 +/- 0.00354656 @ 95% credibility (15 tries)
Done in 0.10 min (cpu), 0.10 min (real)
Generate toy 181/250

 -- MarkovChainMC -- 
Limit: r < 0.309178 +/- 0.00179569 @ 95% credibility (15 tries)
Done in 0.09 min (cpu), 0.09 min (real)
Generate toy 182/250

 -- MarkovChainMC -- 
Limit: r < 0.391567 +/- 0.00348674 @ 95% credibility (15 tries)
Done in 0.09 min (cpu), 0.09 min (real)
Generate toy 183/250

 -- MarkovChainMC -- 
Limit: r < 0.340561 +/- 0.00477086 @ 95% credibility (15 tries)
Done in 0.09 min (cpu), 0.09 min (real)
Generate toy 184/250

 -- MarkovChainMC -- 
Limit: r < 0.478322 +/- 0.00628393 @ 95% credibility (15 tries)
Done in 0.11 min (cpu), 0.11 min (real)
Generate toy 185/250

 -- MarkovChainMC -- 
Limit: r < 0.333779 +/- 0.00250072 @ 95% credibility (15 tries)
Done in 0.12 min (cpu), 0.12 min (real)
Generate toy 186/250

 -- MarkovChainMC -- 
Limit: r < 0.773164 +/- 0.00578128 @ 95% credibility (15 tries)
Done in 0.10 min (cpu), 0.10 min (real)
Generate toy 187/250

 -- MarkovChainMC -- 
Limit: r < 0.666411 +/- 0.00210333 @ 95% credibility (15 tries)
Done in 0.10 min (cpu), 0.10 min (real)
Generate toy 188/250

 -- MarkovChainMC -- 
Limit: r < 0.617703 +/- 0.00460194 @ 95% credibility (15 tries)
Done in 0.10 min (cpu), 0.10 min (real)
Generate toy 189/250

 -- MarkovChainMC -- 
Limit: r < 0.42695 +/- 0.00408227 @ 95% credibility (15 tries)
Done in 0.09 min (cpu), 0.09 min (real)
Generate toy 190/250

 -- MarkovChainMC -- 
Limit: r < 0.439978 +/- 0.00388941 @ 95% credibility (15 tries)
Done in 0.09 min (cpu), 0.09 min (real)
Generate toy 191/250

 -- MarkovChainMC -- 
Limit: r < 0.539876 +/- 0.0030088 @ 95% credibility (15 tries)
Done in 0.09 min (cpu), 0.09 min (real)
Generate toy 192/250

 -- MarkovChainMC -- 
Limit: r < 0.374009 +/- 0.00329874 @ 95% credibility (15 tries)
Done in 0.09 min (cpu), 0.09 min (real)
Generate toy 193/250

 -- MarkovChainMC -- 
Limit: r < 0.849517 +/- 0.00607938 @ 95% credibility (15 tries)
Done in 0.13 min (cpu), 0.13 min (real)
Generate toy 194/250

 -- MarkovChainMC -- 
Limit: r < 0.46953 +/- 0.0042386 @ 95% credibility (15 tries)
Done in 0.11 min (cpu), 0.11 min (real)
Generate toy 195/250

 -- MarkovChainMC -- 
Limit: r < 0.665147 +/- 0.00522019 @ 95% credibility (15 tries)
Done in 0.11 min (cpu), 0.11 min (real)
Generate toy 196/250

 -- MarkovChainMC -- 
Limit: r < 0.39349 +/- 0.00477582 @ 95% credibility (15 tries)
Done in 0.12 min (cpu), 0.12 min (real)
Generate toy 197/250

 -- MarkovChainMC -- 
Limit: r < 0.475205 +/- 0.00650323 @ 95% credibility (15 tries)
Done in 0.11 min (cpu), 0.11 min (real)
Generate toy 198/250

 -- MarkovChainMC -- 
Limit: r < 0.327848 +/- 0.00218098 @ 95% credibility (15 tries)
Done in 0.12 min (cpu), 0.12 min (real)
Generate toy 199/250

 -- MarkovChainMC -- 
Limit: r < 0.871679 +/- 0.00546175 @ 95% credibility (15 tries)
Done in 0.10 min (cpu), 0.11 min (real)
Generate toy 200/250

 -- MarkovChainMC -- 
Limit: r < 0.593627 +/- 0.0027216 @ 95% credibility (15 tries)
Done in 0.10 min (cpu), 0.10 min (real)
Generate toy 201/250

 -- MarkovChainMC -- 
Limit: r < 0.708445 +/- 0.00706696 @ 95% credibility (15 tries)
Done in 0.13 min (cpu), 0.13 min (real)
Generate toy 202/250

 -- MarkovChainMC -- 
Limit: r < 0.399471 +/- 0.00267528 @ 95% credibility (15 tries)
Done in 0.12 min (cpu), 0.12 min (real)
Generate toy 203/250

 -- MarkovChainMC -- 
Limit: r < 0.673202 +/- 0.00783129 @ 95% credibility (15 tries)
Done in 0.11 min (cpu), 0.11 min (real)
Generate toy 204/250

 -- MarkovChainMC -- 
Limit: r < 0.47475 +/- 0.00467072 @ 95% credibility (15 tries)
Done in 0.10 min (cpu), 0.10 min (real)
Generate toy 205/250

 -- MarkovChainMC -- 
Limit: r < 0.379447 +/- 0.00566146 @ 95% credibility (15 tries)
Done in 0.10 min (cpu), 0.10 min (real)
Generate toy 206/250

 -- MarkovChainMC -- 
Limit: r < 0.302494 +/- 0.00267642 @ 95% credibility (15 tries)
Done in 0.11 min (cpu), 0.11 min (real)
Generate toy 207/250

 -- MarkovChainMC -- 
Limit: r < 0.32252 +/- 0.00530067 @ 95% credibility (15 tries)
Done in 0.10 min (cpu), 0.10 min (real)
Generate toy 208/250

 -- MarkovChainMC -- 
Limit: r < 0.480046 +/- 0.00682397 @ 95% credibility (15 tries)
Done in 0.10 min (cpu), 0.10 min (real)
Generate toy 209/250

 -- MarkovChainMC -- 
Limit: r < 0.531177 +/- 0.00685735 @ 95% credibility (15 tries)
Done in 0.10 min (cpu), 0.10 min (real)
Generate toy 210/250

 -- MarkovChainMC -- 
Limit: r < 0.332756 +/- 0.00422431 @ 95% credibility (15 tries)
Done in 0.10 min (cpu), 0.10 min (real)
Generate toy 211/250

 -- MarkovChainMC -- 
Limit: r < 0.734873 +/- 0.00453492 @ 95% credibility (15 tries)
Done in 0.12 min (cpu), 0.12 min (real)
Generate toy 212/250

 -- MarkovChainMC -- 
Limit: r < 1.09184 +/- 0.00603688 @ 95% credibility (15 tries)
Done in 0.14 min (cpu), 0.14 min (real)
Generate toy 213/250

 -- MarkovChainMC -- 
Limit: r < 0.556218 +/- 0.00589739 @ 95% credibility (15 tries)
Done in 0.11 min (cpu), 0.11 min (real)
Generate toy 214/250

 -- MarkovChainMC -- 
Limit: r < 0.460836 +/- 0.00387367 @ 95% credibility (15 tries)
Done in 0.12 min (cpu), 0.12 min (real)
Generate toy 215/250

 -- MarkovChainMC -- 
Limit: r < 0.620408 +/- 0.00581364 @ 95% credibility (15 tries)
Done in 0.11 min (cpu), 0.11 min (real)
Generate toy 216/250

 -- MarkovChainMC -- 
Limit: r < 0.409494 +/- 0.00367569 @ 95% credibility (15 tries)
Done in 0.12 min (cpu), 0.12 min (real)
Generate toy 217/250

 -- MarkovChainMC -- 
Limit: r < 0.537747 +/- 0.00516396 @ 95% credibility (15 tries)
Done in 0.11 min (cpu), 0.11 min (real)
Generate toy 218/250

 -- MarkovChainMC -- 
Limit: r < 0.51991 +/- 0.0064941 @ 95% credibility (15 tries)
Done in 0.13 min (cpu), 0.13 min (real)
Generate toy 219/250

 -- MarkovChainMC -- 
Limit: r < 0.424117 +/- 0.0052207 @ 95% credibility (15 tries)
Done in 0.11 min (cpu), 0.11 min (real)
Generate toy 220/250

 -- MarkovChainMC -- 
Limit: r < 0.556958 +/- 0.00711393 @ 95% credibility (15 tries)
Done in 0.10 min (cpu), 0.11 min (real)
Generate toy 221/250

 -- MarkovChainMC -- 
Limit: r < 0.330363 +/- 0.00256912 @ 95% credibility (15 tries)
Done in 0.09 min (cpu), 0.09 min (real)
Generate toy 222/250

 -- MarkovChainMC -- 
Limit: r < 0.291312 +/- 0.00284275 @ 95% credibility (15 tries)
Done in 0.10 min (cpu), 0.10 min (real)
Generate toy 223/250

 -- MarkovChainMC -- 
Limit: r < 0.707633 +/- 0.00777592 @ 95% credibility (15 tries)
Done in 0.13 min (cpu), 0.13 min (real)
Generate toy 224/250

 -- MarkovChainMC -- 
Limit: r < 0.557609 +/- 0.00465578 @ 95% credibility (15 tries)
Done in 0.12 min (cpu), 0.12 min (real)
Generate toy 225/250

 -- MarkovChainMC -- 
Limit: r < 0.445228 +/- 0.00409395 @ 95% credibility (15 tries)
Done in 0.12 min (cpu), 0.12 min (real)
Generate toy 226/250

 -- MarkovChainMC -- 
Limit: r < 0.446803 +/- 0.00474682 @ 95% credibility (15 tries)
Done in 0.11 min (cpu), 0.11 min (real)
Generate toy 227/250

 -- MarkovChainMC -- 
Limit: r < 0.45686 +/- 0.00568808 @ 95% credibility (15 tries)
Done in 0.11 min (cpu), 0.11 min (real)
Generate toy 228/250

 -- MarkovChainMC -- 
Limit: r < 0.692589 +/- 0.00610867 @ 95% credibility (15 tries)
Done in 0.13 min (cpu), 0.13 min (real)
Generate toy 229/250

 -- MarkovChainMC -- 
Limit: r < 0.471093 +/- 0.00455002 @ 95% credibility (15 tries)
Done in 0.13 min (cpu), 0.13 min (real)
Generate toy 230/250

 -- MarkovChainMC -- 
Limit: r < 0.431164 +/- 0.00292389 @ 95% credibility (15 tries)
Done in 0.11 min (cpu), 0.11 min (real)
Generate toy 231/250

 -- MarkovChainMC -- 
Limit: r < 0.325608 +/- 0.00366016 @ 95% credibility (15 tries)
Done in 0.12 min (cpu), 0.12 min (real)
Generate toy 232/250

 -- MarkovChainMC -- 
Limit: r < 0.628687 +/- 0.00325433 @ 95% credibility (15 tries)
Done in 0.14 min (cpu), 0.14 min (real)
Generate toy 233/250

 -- MarkovChainMC -- 
Limit: r < 0.355375 +/- 0.00368537 @ 95% credibility (15 tries)
Done in 0.11 min (cpu), 0.11 min (real)
Generate toy 234/250

 -- MarkovChainMC -- 
Limit: r < 0.595296 +/- 0.0039911 @ 95% credibility (15 tries)
Done in 0.14 min (cpu), 0.14 min (real)
Generate toy 235/250

 -- MarkovChainMC -- 
Limit: r < 0.550046 +/- 0.00254661 @ 95% credibility (15 tries)
Done in 0.14 min (cpu), 0.14 min (real)
Generate toy 236/250

 -- MarkovChainMC -- 
Limit: r < 0.508813 +/- 0.00726457 @ 95% credibility (15 tries)
Done in 0.14 min (cpu), 0.14 min (real)
Generate toy 237/250

 -- MarkovChainMC -- 
Limit: r < 0.244883 +/- 0.0027913 @ 95% credibility (15 tries)
Done in 0.11 min (cpu), 0.11 min (real)
Generate toy 238/250

 -- MarkovChainMC -- 
Limit: r < 0.621039 +/- 0.00644839 @ 95% credibility (15 tries)
Done in 0.12 min (cpu), 0.12 min (real)
Generate toy 239/250

 -- MarkovChainMC -- 
Limit: r < 0.751618 +/- 0.00391702 @ 95% credibility (15 tries)
Done in 0.13 min (cpu), 0.13 min (real)
Generate toy 240/250

 -- MarkovChainMC -- 
Limit: r < 0.811965 +/- 0.00611822 @ 95% credibility (15 tries)
Done in 0.14 min (cpu), 0.14 min (real)
Generate toy 241/250

 -- MarkovChainMC -- 
Limit: r < 0.39018 +/- 0.00473099 @ 95% credibility (15 tries)
Done in 0.11 min (cpu), 0.11 min (real)
Generate toy 242/250

 -- MarkovChainMC -- 
Limit: r < 0.353074 +/- 0.0028212 @ 95% credibility (15 tries)
Done in 0.10 min (cpu), 0.10 min (real)
Generate toy 243/250

 -- MarkovChainMC -- 
Limit: r < 0.431621 +/- 0.00447673 @ 95% credibility (15 tries)
Done in 0.11 min (cpu), 0.11 min (real)
Generate toy 244/250

 -- MarkovChainMC -- 
Limit: r < 0.395025 +/- 0.00470927 @ 95% credibility (15 tries)
Done in 0.10 min (cpu), 0.10 min (real)
Generate toy 245/250

 -- MarkovChainMC -- 
Limit: r < 0.588322 +/- 0.00363406 @ 95% credibility (15 tries)
Done in 0.12 min (cpu), 0.12 min (real)
Generate toy 246/250

 -- MarkovChainMC -- 
Limit: r < 0.565057 +/- 0.00593696 @ 95% credibility (15 tries)
Done in 0.13 min (cpu), 0.13 min (real)
Generate toy 247/250

 -- MarkovChainMC -- 
Limit: r < 0.301269 +/- 0.00339944 @ 95% credibility (15 tries)
Done in 0.12 min (cpu), 0.12 min (real)
Generate toy 248/250

 -- MarkovChainMC -- 
Limit: r < 0.403963 +/- 0.00427404 @ 95% credibility (15 tries)
Done in 0.13 min (cpu), 0.13 min (real)
Generate toy 249/250

 -- MarkovChainMC -- 
Limit: r < 0.415745 +/- 0.00607753 @ 95% credibility (15 tries)
Done in 0.13 min (cpu), 0.13 min (real)
Generate toy 250/250

 -- MarkovChainMC -- 
Limit: r < 0.464008 +/- 0.00702428 @ 95% credibility (15 tries)
Done in 0.12 min (cpu), 0.12 min (real)
mean   expected limit: r < 0.564386 +/- 0.0121798 @ 95%CL (250 toyMC)
median expected limit: r < 0.526976 @ 95%CL (250 toyMC)
   68% expected band : 0.390257 < r < 0.737816
   95% expected band : 0.302494 < r < 1.09184
