 <<< Combine >>> 
 <<< v10.0.2 >>>
>>> Used OpenSSL to get a truly random seed -34379222
>>> Method used is MarkovChainMC
============================================================
Analyzing bin errors for: prop_binmuon_channel
Poisson cut-off: 10
Processes excluded for sums: Wprime4600_kR3
============================================================
Bin        Contents        Error           Notes                         
0          4246.906729     16.603230       total sum                     
0          4245.728997     16.603213       excluding marked processes    
0          65391.000000    255.716640      Unweighted events, alpha=0.064946
  => Total parameter prop_binmuon_channel_bin0[0.00,-7.00,7.00] to be Gaussian constrained
------------------------------------------------------------
1          1622.180141     7.828087        total sum                     
1          1621.101079     7.828053        excluding marked processes    
1          42886.000000    207.089353      Unweighted events, alpha=0.037825
  => Total parameter prop_binmuon_channel_bin1[0.00,-7.00,7.00] to be Gaussian constrained
------------------------------------------------------------
2          722.365660      4.795564        total sum                     
2          721.396648      4.795515        excluding marked processes    
2          22630.000000    150.432709      Unweighted events, alpha=0.031921
  => Total parameter prop_binmuon_channel_bin2[0.00,-7.00,7.00] to be Gaussian constrained
------------------------------------------------------------
3          360.153939      3.009425        total sum                     
3          359.285774      3.009355        excluding marked processes    
3          14254.000000    119.390117      Unweighted events, alpha=0.025267
  => Total parameter prop_binmuon_channel_bin3[0.00,-7.00,7.00] to be Gaussian constrained
------------------------------------------------------------
4          191.977563      3.360934        total sum                     
4          191.190097      3.360877        excluding marked processes    
4          3236.000000     56.885851       Unweighted events, alpha=0.059326
  => Total parameter prop_binmuon_channel_bin4[0.00,-7.00,7.00] to be Gaussian constrained
------------------------------------------------------------
5          112.944571      1.192262        total sum                     
5          112.217111      1.192110        excluding marked processes    
5          8861.000000     94.132885       Unweighted events, alpha=0.012746
  => Total parameter prop_binmuon_channel_bin5[0.00,-7.00,7.00] to be Gaussian constrained
------------------------------------------------------------
6          108.412304      1.524286        total sum                     
6          107.129583      1.524073        excluding marked processes    
6          4941.000000     70.292247       Unweighted events, alpha=0.021941
  => Total parameter prop_binmuon_channel_bin6[0.00,-7.00,7.00] to be Gaussian constrained
------------------------------------------------------------
7          42.173536       0.658334        total sum                     
7          41.104515       0.657922        excluding marked processes    
7          3903.000000     62.473995       Unweighted events, alpha=0.010805
  => Total parameter prop_binmuon_channel_bin7[0.00,-7.00,7.00] to be Gaussian constrained
------------------------------------------------------------
8          24.668925       0.587576        total sum                     
8          23.449391       0.587056        excluding marked processes    
8          1596.000000     39.949969       Unweighted events, alpha=0.015457
  => Total parameter prop_binmuon_channel_bin8[0.00,-7.00,7.00] to be Gaussian constrained
------------------------------------------------------------
9          9.304244        0.395158        total sum                     
9          8.355840        0.394559        excluding marked processes    
9          448.000000      21.166010       Unweighted events, alpha=0.020768
  => Total parameter prop_binmuon_channel_bin9[0.00,-7.00,7.00] to be Gaussian constrained
------------------------------------------------------------
10         4.473820        0.252833        total sum                     
10         3.506378        0.251887        excluding marked processes    
10         194.000000      13.928388       Unweighted events, alpha=0.023061
  => Total parameter prop_binmuon_channel_bin10[0.00,-7.00,7.00] to be Gaussian constrained
------------------------------------------------------------
11         2.349510        0.181514        total sum                     
11         1.363219        0.180174        excluding marked processes    
11         57.000000       7.549834        Unweighted events, alpha=0.041219
  => Total parameter prop_binmuon_channel_bin11[0.00,-7.00,7.00] to be Gaussian constrained
------------------------------------------------------------
12         1.239220        0.289683        total sum                     
12         0.530791        0.289065        excluding marked processes    
12         3.000000        1.732051        Unweighted events, alpha=0.413073
  => Number of weighted events is below Poisson threshold
    Wprime4600_kR3       0.708429        0.018910                                      
                         1403.000000     37.456642       Unweighted events, alpha=0.000505
      => Parameter prop_binmuon_channel_bin12_Wprime4600_kR3[0.00,-7.00,7.00] to be Gaussian constrained
  ----------------------------------------------------------
    W_boson              0.216692        0.001181                                      
                         33653.000000    183.447540      Unweighted events, alpha=0.000006
      => Parameter prop_binmuon_channel_bin12_W_boson[0.00,-7.00,7.00] to be Gaussian constrained
  ----------------------------------------------------------
    Top                  0.000000        0.000000                                      
      => Error is zero, ignore      
  ----------------------------------------------------------
    Z_boson              0.004094        0.000500                                      
                         67.000000       8.185353        Unweighted events, alpha=0.000061
      => Parameter prop_binmuon_channel_bin12_Z_boson[0.00,-7.00,7.00] to be Gaussian constrained
  ----------------------------------------------------------
    DiBoson              0.288910        0.288561                                      
                         1.000000        1.000000        Unweighted events, alpha=0.288910
      => Product of prop_binmuon_channel_bin12_DiBoson[1.00,0.00,30.85] and const [1.0000] to be Poisson constrained
  ----------------------------------------------------------
    QCD                  0.021095        0.017013                                      
                         2.000000        1.414214        Unweighted events, alpha=0.010547
      => Product of prop_binmuon_channel_bin12_QCD[2.00,0.00,33.79] and const [0.5000] to be Poisson constrained
  ----------------------------------------------------------
------------------------------------------------------------
13         0.794388        0.018997        total sum                     
13         0.067145        0.000584        excluding marked processes    
13         13239.000000    115.060853      Unweighted events, alpha=0.000060
  => Total parameter prop_binmuon_channel_bin13[0.00,-7.00,7.00] to be Gaussian constrained
------------------------------------------------------------
14         0.070258        0.005824        total sum                     
14         0.003967        0.000043        excluding marked processes    
14         8482.000000     92.097774       Unweighted events, alpha=0.000008
  => Total parameter prop_binmuon_channel_bin14[0.00,-7.00,7.00] to be Gaussian constrained
------------------------------------------------------------
15         0.017094        0.004557        total sum                     
15         0.005625        0.003835        excluding marked processes    
15         2.000000        1.414214        Unweighted events, alpha=0.008547
  => Number of weighted events is below Poisson threshold
    Wprime4600_kR3       0.011469        0.002463                                      
                         22.000000       4.690416        Unweighted events, alpha=0.000521
      => Parameter prop_binmuon_channel_bin15_Wprime4600_kR3[0.00,-7.00,7.00] to be Gaussian constrained
  ----------------------------------------------------------
    W_boson              0.000849        0.000021                                      
                         1670.000000     40.865633       Unweighted events, alpha=0.000001
      => Parameter prop_binmuon_channel_bin15_W_boson[0.00,-7.00,7.00] to be Gaussian constrained
  ----------------------------------------------------------
    Top                  0.000000        0.000000                                      
      => Error is zero, ignore      
  ----------------------------------------------------------
    Z_boson              0.000011        0.000003                                      
                         16.000000       4.000000        Unweighted events, alpha=0.000001
      => Parameter prop_binmuon_channel_bin15_Z_boson[0.00,-7.00,7.00] to be Gaussian constrained
  ----------------------------------------------------------
    DiBoson              0.000000        0.000000                                      
      => Error is zero, ignore      
  ----------------------------------------------------------
    QCD                  0.004765        0.003834                                      
                         2.000000        1.414214        Unweighted events, alpha=0.002383
      => Product of prop_binmuon_channel_bin15_QCD[2.00,0.00,33.79] and const [0.5000] to be Poisson constrained
  ----------------------------------------------------------
------------------------------------------------------------
Channel muon_channel will use autoMCStats with settings: event-threshold=10, include-signal=0, hist-mode=1
Generate toy 1/250

 -- MarkovChainMC -- 
Limit: r < 1.83265 +/- 0.0141093 @ 95% credibility (15 tries)
Done in 0.18 min (cpu), 0.19 min (real)
Generate toy 2/250

 -- MarkovChainMC -- 
Limit: r < 3.03061 +/- 0.0194282 @ 95% credibility (15 tries)
Done in 0.21 min (cpu), 0.21 min (real)
Generate toy 3/250

 -- MarkovChainMC -- 
Limit: r < 3.20776 +/- 0.02386 @ 95% credibility (15 tries)
Done in 0.19 min (cpu), 0.20 min (real)
Generate toy 4/250

 -- MarkovChainMC -- 
Limit: r < 1.09962 +/- 0.0176474 @ 95% credibility (15 tries)
Done in 0.18 min (cpu), 0.18 min (real)
Generate toy 5/250

 -- MarkovChainMC -- 
Limit: r < 1.73594 +/- 0.0149666 @ 95% credibility (15 tries)
Done in 0.19 min (cpu), 0.20 min (real)
Generate toy 6/250

 -- MarkovChainMC -- 
Limit: r < 2.06857 +/- 0.0202174 @ 95% credibility (15 tries)
Done in 0.16 min (cpu), 0.17 min (real)
Generate toy 7/250

 -- MarkovChainMC -- 
Limit: r < 2.15894 +/- 0.0195857 @ 95% credibility (15 tries)
Done in 0.19 min (cpu), 0.20 min (real)
Generate toy 8/250

 -- MarkovChainMC -- 
Limit: r < 1.16391 +/- 0.0119007 @ 95% credibility (15 tries)
Done in 0.18 min (cpu), 0.18 min (real)
Generate toy 9/250

 -- MarkovChainMC -- 
Limit: r < 1.3948 +/- 0.0177966 @ 95% credibility (15 tries)
Done in 0.19 min (cpu), 0.19 min (real)
Generate toy 10/250

 -- MarkovChainMC -- 
Limit: r < 0.892635 +/- 0.0154816 @ 95% credibility (15 tries)
Done in 0.16 min (cpu), 0.17 min (real)
Generate toy 11/250

 -- MarkovChainMC -- 
Limit: r < 2.50406 +/- 0.0220932 @ 95% credibility (15 tries)
Done in 0.21 min (cpu), 0.21 min (real)
Generate toy 12/250

 -- MarkovChainMC -- 
Limit: r < 1.79194 +/- 0.0231494 @ 95% credibility (15 tries)
Done in 0.17 min (cpu), 0.17 min (real)
Generate toy 13/250

 -- MarkovChainMC -- 
Limit: r < 1.01595 +/- 0.0150996 @ 95% credibility (15 tries)
Done in 0.18 min (cpu), 0.18 min (real)
Generate toy 14/250

 -- MarkovChainMC -- 
Limit: r < 1.19555 +/- 0.0113173 @ 95% credibility (15 tries)
Done in 0.18 min (cpu), 0.18 min (real)
Generate toy 15/250

 -- MarkovChainMC -- 
Limit: r < 2.0266 +/- 0.015032 @ 95% credibility (15 tries)
Done in 0.19 min (cpu), 0.19 min (real)
Generate toy 16/250

 -- MarkovChainMC -- 
Limit: r < 1.47846 +/- 0.014217 @ 95% credibility (15 tries)
Done in 0.18 min (cpu), 0.18 min (real)
Generate toy 17/250

 -- MarkovChainMC -- 
Limit: r < 1.64059 +/- 0.0215586 @ 95% credibility (15 tries)
Done in 0.20 min (cpu), 0.20 min (real)
Generate toy 18/250

 -- MarkovChainMC -- 
Limit: r < 0.984924 +/- 0.00850018 @ 95% credibility (15 tries)
Done in 0.18 min (cpu), 0.18 min (real)
Generate toy 19/250

 -- MarkovChainMC -- 
Limit: r < 2.41638 +/- 0.0226765 @ 95% credibility (15 tries)
Done in 0.19 min (cpu), 0.20 min (real)
Generate toy 20/250

 -- MarkovChainMC -- 
Limit: r < 1.59998 +/- 0.0205011 @ 95% credibility (15 tries)
Done in 0.19 min (cpu), 0.19 min (real)
Generate toy 21/250

 -- MarkovChainMC -- 
Limit: r < 1.08822 +/- 0.00428178 @ 95% credibility (15 tries)
Done in 0.17 min (cpu), 0.17 min (real)
Generate toy 22/250

 -- MarkovChainMC -- 
Limit: r < 1.42241 +/- 0.0155363 @ 95% credibility (15 tries)
Done in 0.17 min (cpu), 0.18 min (real)
Generate toy 23/250

 -- MarkovChainMC -- 
Limit: r < 1.51152 +/- 0.0113365 @ 95% credibility (15 tries)
Done in 0.22 min (cpu), 0.22 min (real)
Generate toy 24/250

 -- MarkovChainMC -- 
Limit: r < 1.75368 +/- 0.0284203 @ 95% credibility (15 tries)
Done in 0.19 min (cpu), 0.19 min (real)
Generate toy 25/250

 -- MarkovChainMC -- 
Limit: r < 1.7101 +/- 0.0198151 @ 95% credibility (15 tries)
Done in 0.18 min (cpu), 0.18 min (real)
Generate toy 26/250

 -- MarkovChainMC -- 
Limit: r < 1.70944 +/- 0.0149732 @ 95% credibility (15 tries)
Done in 0.19 min (cpu), 0.19 min (real)
Generate toy 27/250

 -- MarkovChainMC -- 
Limit: r < 0.994784 +/- 0.0106309 @ 95% credibility (15 tries)
Done in 0.16 min (cpu), 0.16 min (real)
Generate toy 28/250

 -- MarkovChainMC -- 
Limit: r < 1.67622 +/- 0.019352 @ 95% credibility (15 tries)
Done in 0.19 min (cpu), 0.20 min (real)
Generate toy 29/250

 -- MarkovChainMC -- 
Limit: r < 2.7533 +/- 0.0354205 @ 95% credibility (15 tries)
Done in 0.20 min (cpu), 0.20 min (real)
Generate toy 30/250

 -- MarkovChainMC -- 
Limit: r < 1.54135 +/- 0.0105272 @ 95% credibility (15 tries)
Done in 0.17 min (cpu), 0.18 min (real)
Generate toy 31/250

 -- MarkovChainMC -- 
Limit: r < 1.51334 +/- 0.0199907 @ 95% credibility (15 tries)
Done in 0.20 min (cpu), 0.20 min (real)
Generate toy 32/250

 -- MarkovChainMC -- 
Limit: r < 1.93372 +/- 0.0178714 @ 95% credibility (15 tries)
Done in 0.20 min (cpu), 0.21 min (real)
Generate toy 33/250

 -- MarkovChainMC -- 
Limit: r < 1.37998 +/- 0.0100237 @ 95% credibility (15 tries)
Done in 0.16 min (cpu), 0.16 min (real)
Generate toy 34/250

 -- MarkovChainMC -- 
Limit: r < 2.34607 +/- 0.0160848 @ 95% credibility (15 tries)
Done in 0.17 min (cpu), 0.17 min (real)
Generate toy 35/250

 -- MarkovChainMC -- 
Limit: r < 1.12652 +/- 0.0133282 @ 95% credibility (15 tries)
Done in 0.14 min (cpu), 0.14 min (real)
Generate toy 36/250

 -- MarkovChainMC -- 
Limit: r < 1.57756 +/- 0.0164031 @ 95% credibility (15 tries)
Done in 0.15 min (cpu), 0.15 min (real)
Generate toy 37/250

 -- MarkovChainMC -- 
Limit: r < 1.58612 +/- 0.015713 @ 95% credibility (15 tries)
Done in 0.17 min (cpu), 0.18 min (real)
Generate toy 38/250

 -- MarkovChainMC -- 
Limit: r < 1.30575 +/- 0.0111695 @ 95% credibility (15 tries)
Done in 0.19 min (cpu), 0.19 min (real)
Generate toy 39/250

 -- MarkovChainMC -- 
Limit: r < 2.19314 +/- 0.0194178 @ 95% credibility (15 tries)
Done in 0.17 min (cpu), 0.17 min (real)
Generate toy 40/250

 -- MarkovChainMC -- 
Limit: r < 2.05277 +/- 0.0286071 @ 95% credibility (15 tries)
Done in 0.19 min (cpu), 0.19 min (real)
Generate toy 41/250

 -- MarkovChainMC -- 
Limit: r < 1.9063 +/- 0.0139236 @ 95% credibility (15 tries)
Done in 0.19 min (cpu), 0.20 min (real)
Generate toy 42/250

 -- MarkovChainMC -- 
Limit: r < 2.10121 +/- 0.0255605 @ 95% credibility (15 tries)
Done in 0.20 min (cpu), 0.21 min (real)
Generate toy 43/250

 -- MarkovChainMC -- 
Limit: r < 1.43971 +/- 0.0167208 @ 95% credibility (15 tries)
Done in 0.18 min (cpu), 0.19 min (real)
Generate toy 44/250

 -- MarkovChainMC -- 
Limit: r < 1.09925 +/- 0.0147805 @ 95% credibility (15 tries)
Done in 0.17 min (cpu), 0.17 min (real)
Generate toy 45/250

 -- MarkovChainMC -- 
Limit: r < 1.27101 +/- 0.0108068 @ 95% credibility (15 tries)
Done in 0.20 min (cpu), 0.21 min (real)
Generate toy 46/250

 -- MarkovChainMC -- 
Limit: r < 1.83718 +/- 0.0159911 @ 95% credibility (15 tries)
Done in 0.23 min (cpu), 0.23 min (real)
Generate toy 47/250

 -- MarkovChainMC -- 
Limit: r < 1.82952 +/- 0.0148421 @ 95% credibility (15 tries)
Done in 0.19 min (cpu), 0.19 min (real)
Generate toy 48/250

 -- MarkovChainMC -- 
Limit: r < 2.11276 +/- 0.0159883 @ 95% credibility (15 tries)
Done in 0.15 min (cpu), 0.15 min (real)
Generate toy 49/250

 -- MarkovChainMC -- 
Limit: r < 2.05933 +/- 0.0168634 @ 95% credibility (15 tries)
Done in 0.15 min (cpu), 0.15 min (real)
Generate toy 50/250

 -- MarkovChainMC -- 
Limit: r < 1.82014 +/- 0.0330417 @ 95% credibility (15 tries)
Done in 0.19 min (cpu), 0.19 min (real)
Generate toy 51/250

 -- MarkovChainMC -- 
Limit: r < 1.61983 +/- 0.0200003 @ 95% credibility (15 tries)
Done in 0.19 min (cpu), 0.19 min (real)
Generate toy 52/250

 -- MarkovChainMC -- 
Limit: r < 1.55487 +/- 0.0184252 @ 95% credibility (15 tries)
Done in 0.18 min (cpu), 0.19 min (real)
Generate toy 53/250

 -- MarkovChainMC -- 
Limit: r < 1.64754 +/- 0.015422 @ 95% credibility (15 tries)
Done in 0.19 min (cpu), 0.20 min (real)
Generate toy 54/250

 -- MarkovChainMC -- 
Limit: r < 2.00205 +/- 0.0212406 @ 95% credibility (15 tries)
Done in 0.20 min (cpu), 0.20 min (real)
Generate toy 55/250

 -- MarkovChainMC -- 
Limit: r < 1.09833 +/- 0.00980137 @ 95% credibility (15 tries)
Done in 0.18 min (cpu), 0.18 min (real)
Generate toy 56/250

 -- MarkovChainMC -- 
Limit: r < 1.90358 +/- 0.0145516 @ 95% credibility (15 tries)
Done in 0.20 min (cpu), 0.21 min (real)
Generate toy 57/250

 -- MarkovChainMC -- 
Limit: r < 1.28101 +/- 0.0132855 @ 95% credibility (15 tries)
Done in 0.17 min (cpu), 0.17 min (real)
Generate toy 58/250

 -- MarkovChainMC -- 
Limit: r < 2.14578 +/- 0.0247572 @ 95% credibility (15 tries)
Done in 0.21 min (cpu), 0.21 min (real)
Generate toy 59/250

 -- MarkovChainMC -- 
Limit: r < 1.97991 +/- 0.0223674 @ 95% credibility (15 tries)
Done in 0.19 min (cpu), 0.20 min (real)
Generate toy 60/250

 -- MarkovChainMC -- 
Limit: r < 1.2111 +/- 0.0118215 @ 95% credibility (15 tries)
Done in 0.18 min (cpu), 0.18 min (real)
Generate toy 61/250

 -- MarkovChainMC -- 
Limit: r < 2.5649 +/- 0.0259888 @ 95% credibility (15 tries)
Done in 0.20 min (cpu), 0.21 min (real)
Generate toy 62/250

 -- MarkovChainMC -- 
Limit: r < 1.2915 +/- 0.0103103 @ 95% credibility (15 tries)
Done in 0.17 min (cpu), 0.18 min (real)
Generate toy 63/250

 -- MarkovChainMC -- 
Limit: r < 0.975702 +/- 0.0103327 @ 95% credibility (15 tries)
Done in 0.19 min (cpu), 0.20 min (real)
Generate toy 64/250

 -- MarkovChainMC -- 
Limit: r < 1.79287 +/- 0.0136121 @ 95% credibility (15 tries)
Done in 0.19 min (cpu), 0.20 min (real)
Generate toy 65/250

 -- MarkovChainMC -- 
Limit: r < 1.32693 +/- 0.0152561 @ 95% credibility (15 tries)
Done in 0.19 min (cpu), 0.19 min (real)
Generate toy 66/250

 -- MarkovChainMC -- 
Limit: r < 1.10048 +/- 0.0165381 @ 95% credibility (15 tries)
Done in 0.19 min (cpu), 0.20 min (real)
Generate toy 67/250

 -- MarkovChainMC -- 
Limit: r < 1.79932 +/- 0.0213546 @ 95% credibility (15 tries)
Done in 0.20 min (cpu), 0.20 min (real)
Generate toy 68/250

 -- MarkovChainMC -- 
Limit: r < 1.46413 +/- 0.010254 @ 95% credibility (15 tries)
Done in 0.18 min (cpu), 0.18 min (real)
Generate toy 69/250

 -- MarkovChainMC -- 
Limit: r < 1.1672 +/- 0.0139048 @ 95% credibility (15 tries)
Done in 0.18 min (cpu), 0.18 min (real)
Generate toy 70/250

 -- MarkovChainMC -- 
Limit: r < 1.4255 +/- 0.0183246 @ 95% credibility (15 tries)
Done in 0.19 min (cpu), 0.19 min (real)
Generate toy 71/250

 -- MarkovChainMC -- 
Limit: r < 1.2933 +/- 0.0119999 @ 95% credibility (15 tries)
Done in 0.18 min (cpu), 0.18 min (real)
Generate toy 72/250

 -- MarkovChainMC -- 
Limit: r < 1.18701 +/- 0.0144885 @ 95% credibility (15 tries)
Done in 0.18 min (cpu), 0.19 min (real)
Generate toy 73/250

 -- MarkovChainMC -- 
Limit: r < 0.979206 +/- 0.00988844 @ 95% credibility (15 tries)
Done in 0.16 min (cpu), 0.16 min (real)
Generate toy 74/250

 -- MarkovChainMC -- 
Limit: r < 1.11014 +/- 0.011846 @ 95% credibility (15 tries)
Done in 0.19 min (cpu), 0.19 min (real)
Generate toy 75/250

 -- MarkovChainMC -- 
Limit: r < 1.32113 +/- 0.0149576 @ 95% credibility (15 tries)
Done in 0.19 min (cpu), 0.19 min (real)
Generate toy 76/250

 -- MarkovChainMC -- 
Limit: r < 1.62602 +/- 0.0124653 @ 95% credibility (15 tries)
Done in 0.18 min (cpu), 0.19 min (real)
Generate toy 77/250

 -- MarkovChainMC -- 
Limit: r < 2.85719 +/- 0.0189642 @ 95% credibility (15 tries)
Done in 0.21 min (cpu), 0.22 min (real)
Generate toy 78/250

 -- MarkovChainMC -- 
Limit: r < 1.93118 +/- 0.0196274 @ 95% credibility (15 tries)
Done in 0.19 min (cpu), 0.19 min (real)
Generate toy 79/250

 -- MarkovChainMC -- 
Limit: r < 1.26963 +/- 0.00944169 @ 95% credibility (15 tries)
Done in 0.18 min (cpu), 0.19 min (real)
Generate toy 80/250

 -- MarkovChainMC -- 
Limit: r < 1.51044 +/- 0.015577 @ 95% credibility (15 tries)
Done in 0.19 min (cpu), 0.20 min (real)
Generate toy 81/250

 -- MarkovChainMC -- 
Limit: r < 2.00782 +/- 0.0106749 @ 95% credibility (15 tries)
Done in 0.20 min (cpu), 0.20 min (real)
Generate toy 82/250

 -- MarkovChainMC -- 
Limit: r < 3.04545 +/- 0.0165228 @ 95% credibility (15 tries)
Done in 0.21 min (cpu), 0.22 min (real)
Generate toy 83/250

 -- MarkovChainMC -- 
Limit: r < 1.06706 +/- 0.013825 @ 95% credibility (15 tries)
Done in 0.19 min (cpu), 0.19 min (real)
Generate toy 84/250

 -- MarkovChainMC -- 
Limit: r < 1.0528 +/- 0.0175069 @ 95% credibility (15 tries)
Done in 0.19 min (cpu), 0.19 min (real)
Generate toy 85/250

 -- MarkovChainMC -- 
Limit: r < 1.83308 +/- 0.0100155 @ 95% credibility (15 tries)
Done in 0.19 min (cpu), 0.20 min (real)
Generate toy 86/250

 -- MarkovChainMC -- 
Limit: r < 2.94151 +/- 0.0132758 @ 95% credibility (15 tries)
Done in 0.20 min (cpu), 0.20 min (real)
Generate toy 87/250

 -- MarkovChainMC -- 
Limit: r < 1.66251 +/- 0.0207311 @ 95% credibility (15 tries)
Done in 0.19 min (cpu), 0.20 min (real)
Generate toy 88/250

 -- MarkovChainMC -- 
Limit: r < 2.02577 +/- 0.0208385 @ 95% credibility (15 tries)
Done in 0.18 min (cpu), 0.19 min (real)
Generate toy 89/250

 -- MarkovChainMC -- 
Limit: r < 2.71715 +/- 0.0309661 @ 95% credibility (15 tries)
Done in 0.20 min (cpu), 0.20 min (real)
Generate toy 90/250

 -- MarkovChainMC -- 
Limit: r < 1.53914 +/- 0.0107686 @ 95% credibility (15 tries)
Done in 0.20 min (cpu), 0.21 min (real)
Generate toy 91/250

 -- MarkovChainMC -- 
Limit: r < 1.11622 +/- 0.0117977 @ 95% credibility (15 tries)
Done in 0.18 min (cpu), 0.19 min (real)
Generate toy 92/250

 -- MarkovChainMC -- 
Limit: r < 1.11105 +/- 0.0124615 @ 95% credibility (15 tries)
Done in 0.19 min (cpu), 0.19 min (real)
Generate toy 93/250

 -- MarkovChainMC -- 
Limit: r < 1.3412 +/- 0.0179499 @ 95% credibility (15 tries)
Done in 0.19 min (cpu), 0.20 min (real)
Generate toy 94/250

 -- MarkovChainMC -- 
Limit: r < 3.13554 +/- 0.0403009 @ 95% credibility (15 tries)
Done in 0.21 min (cpu), 0.21 min (real)
Generate toy 95/250

 -- MarkovChainMC -- 
Limit: r < 1.26061 +/- 0.00884602 @ 95% credibility (15 tries)
Done in 0.18 min (cpu), 0.19 min (real)
Generate toy 96/250

 -- MarkovChainMC -- 
Limit: r < 1.50446 +/- 0.018772 @ 95% credibility (15 tries)
Done in 0.20 min (cpu), 0.20 min (real)
Generate toy 97/250

 -- MarkovChainMC -- 
Limit: r < 1.60771 +/- 0.0177244 @ 95% credibility (15 tries)
Done in 0.19 min (cpu), 0.19 min (real)
Generate toy 98/250

 -- MarkovChainMC -- 
Limit: r < 1.45035 +/- 0.0143736 @ 95% credibility (15 tries)
Done in 0.20 min (cpu), 0.20 min (real)
Generate toy 99/250

 -- MarkovChainMC -- 
Limit: r < 1.81077 +/- 0.0226974 @ 95% credibility (15 tries)
Done in 0.19 min (cpu), 0.20 min (real)
Generate toy 100/250

 -- MarkovChainMC -- 
Limit: r < 0.994675 +/- 0.00614248 @ 95% credibility (15 tries)
Done in 0.17 min (cpu), 0.17 min (real)
Generate toy 101/250

 -- MarkovChainMC -- 
Limit: r < 1.35041 +/- 0.0120443 @ 95% credibility (15 tries)
Done in 0.19 min (cpu), 0.19 min (real)
Generate toy 102/250

 -- MarkovChainMC -- 
Limit: r < 1.66776 +/- 0.0164854 @ 95% credibility (15 tries)
Done in 0.19 min (cpu), 0.19 min (real)
Generate toy 103/250

 -- MarkovChainMC -- 
Limit: r < 1.52405 +/- 0.0144115 @ 95% credibility (15 tries)
Done in 0.19 min (cpu), 0.20 min (real)
Generate toy 104/250

 -- MarkovChainMC -- 
Limit: r < 2.84471 +/- 0.0133697 @ 95% credibility (15 tries)
Done in 0.19 min (cpu), 0.19 min (real)
Generate toy 105/250

 -- MarkovChainMC -- 
Limit: r < 2.05374 +/- 0.0231632 @ 95% credibility (15 tries)
Done in 0.20 min (cpu), 0.21 min (real)
Generate toy 106/250

 -- MarkovChainMC -- 
Limit: r < 1.20296 +/- 0.0143204 @ 95% credibility (15 tries)
Done in 0.19 min (cpu), 0.19 min (real)
Generate toy 107/250

 -- MarkovChainMC -- 
Limit: r < 1.56347 +/- 0.00832854 @ 95% credibility (15 tries)
Done in 0.19 min (cpu), 0.19 min (real)
Generate toy 108/250

 -- MarkovChainMC -- 
Limit: r < 2.22924 +/- 0.0221876 @ 95% credibility (15 tries)
Done in 0.19 min (cpu), 0.19 min (real)
Generate toy 109/250

 -- MarkovChainMC -- 
Limit: r < 2.05045 +/- 0.0218649 @ 95% credibility (15 tries)
Done in 0.20 min (cpu), 0.20 min (real)
Generate toy 110/250

 -- MarkovChainMC -- 
Limit: r < 3.49032 +/- 0.0353271 @ 95% credibility (15 tries)
Done in 0.20 min (cpu), 0.20 min (real)
Generate toy 111/250

 -- MarkovChainMC -- 
Limit: r < 3.2163 +/- 0.016332 @ 95% credibility (15 tries)
Done in 0.19 min (cpu), 0.19 min (real)
Generate toy 112/250

 -- MarkovChainMC -- 
Limit: r < 1.24408 +/- 0.0174309 @ 95% credibility (15 tries)
Done in 0.16 min (cpu), 0.16 min (real)
Generate toy 113/250

 -- MarkovChainMC -- 
Limit: r < 2.29537 +/- 0.0317937 @ 95% credibility (15 tries)
Done in 0.18 min (cpu), 0.18 min (real)
Generate toy 114/250

 -- MarkovChainMC -- 
Limit: r < 1.83907 +/- 0.0226846 @ 95% credibility (15 tries)
Done in 0.19 min (cpu), 0.20 min (real)
Generate toy 115/250

 -- MarkovChainMC -- 
Limit: r < 2.14607 +/- 0.0182935 @ 95% credibility (15 tries)
Done in 0.18 min (cpu), 0.18 min (real)
Generate toy 116/250

 -- MarkovChainMC -- 
Limit: r < 1.60538 +/- 0.0220486 @ 95% credibility (15 tries)
Done in 0.18 min (cpu), 0.18 min (real)
Generate toy 117/250

 -- MarkovChainMC -- 
Limit: r < 1.86783 +/- 0.0230289 @ 95% credibility (15 tries)
Done in 0.15 min (cpu), 0.16 min (real)
Generate toy 118/250

 -- MarkovChainMC -- 
Limit: r < 1.00903 +/- 0.0144772 @ 95% credibility (15 tries)
Done in 0.18 min (cpu), 0.18 min (real)
Generate toy 119/250

 -- MarkovChainMC -- 
Limit: r < 2.05355 +/- 0.0243499 @ 95% credibility (15 tries)
Done in 0.17 min (cpu), 0.18 min (real)
Generate toy 120/250

 -- MarkovChainMC -- 
Limit: r < 2.74012 +/- 0.029705 @ 95% credibility (15 tries)
Done in 0.21 min (cpu), 0.21 min (real)
Generate toy 121/250

 -- MarkovChainMC -- 
Limit: r < 1.13241 +/- 0.0201006 @ 95% credibility (15 tries)
Done in 0.18 min (cpu), 0.19 min (real)
Generate toy 122/250

 -- MarkovChainMC -- 
Limit: r < 3.17486 +/- 0.0237923 @ 95% credibility (15 tries)
Done in 0.20 min (cpu), 0.20 min (real)
Generate toy 123/250

 -- MarkovChainMC -- 
Limit: r < 1.08493 +/- 0.00374338 @ 95% credibility (15 tries)
Done in 0.18 min (cpu), 0.18 min (real)
Generate toy 124/250

 -- MarkovChainMC -- 
Limit: r < 1.34815 +/- 0.0147645 @ 95% credibility (15 tries)
Done in 0.18 min (cpu), 0.18 min (real)
Generate toy 125/250

 -- MarkovChainMC -- 
Limit: r < 1.36218 +/- 0.00982699 @ 95% credibility (15 tries)
Done in 0.19 min (cpu), 0.20 min (real)
Generate toy 126/250

 -- MarkovChainMC -- 
Limit: r < 2.60466 +/- 0.0199492 @ 95% credibility (15 tries)
Done in 0.21 min (cpu), 0.21 min (real)
Generate toy 127/250

 -- MarkovChainMC -- 
Limit: r < 3.39004 +/- 0.0303392 @ 95% credibility (15 tries)
Done in 0.21 min (cpu), 0.21 min (real)
Generate toy 128/250

 -- MarkovChainMC -- 
Limit: r < 2.45895 +/- 0.0178294 @ 95% credibility (15 tries)
Done in 0.21 min (cpu), 0.21 min (real)
Generate toy 129/250

 -- MarkovChainMC -- 
Limit: r < 1.29993 +/- 0.01032 @ 95% credibility (15 tries)
Done in 0.19 min (cpu), 0.19 min (real)
Generate toy 130/250

 -- MarkovChainMC -- 
Limit: r < 1.45259 +/- 0.0148678 @ 95% credibility (15 tries)
Done in 0.18 min (cpu), 0.18 min (real)
Generate toy 131/250

 -- MarkovChainMC -- 
Limit: r < 1.76349 +/- 0.0153478 @ 95% credibility (15 tries)
Done in 0.18 min (cpu), 0.18 min (real)
Generate toy 132/250

 -- MarkovChainMC -- 
Limit: r < 0.922421 +/- 0.00633389 @ 95% credibility (15 tries)
Done in 0.18 min (cpu), 0.19 min (real)
Generate toy 133/250

 -- MarkovChainMC -- 
Limit: r < 2.12537 +/- 0.0256916 @ 95% credibility (15 tries)
Done in 0.19 min (cpu), 0.19 min (real)
Generate toy 134/250

 -- MarkovChainMC -- 
Limit: r < 1.76652 +/- 0.0221342 @ 95% credibility (15 tries)
Done in 0.20 min (cpu), 0.20 min (real)
Generate toy 135/250

 -- MarkovChainMC -- 
Limit: r < 1.86808 +/- 0.0286131 @ 95% credibility (15 tries)
Done in 0.19 min (cpu), 0.19 min (real)
Generate toy 136/250

 -- MarkovChainMC -- 
Limit: r < 1.39143 +/- 0.00758115 @ 95% credibility (15 tries)
Done in 0.18 min (cpu), 0.18 min (real)
Generate toy 137/250

 -- MarkovChainMC -- 
Limit: r < 2.88646 +/- 0.0254389 @ 95% credibility (15 tries)
Done in 0.21 min (cpu), 0.21 min (real)
Generate toy 138/250

 -- MarkovChainMC -- 
Limit: r < 1.89279 +/- 0.0148768 @ 95% credibility (15 tries)
Done in 0.19 min (cpu), 0.20 min (real)
Generate toy 139/250

 -- MarkovChainMC -- 
Limit: r < 1.61418 +/- 0.0273466 @ 95% credibility (15 tries)
Done in 0.20 min (cpu), 0.20 min (real)
Generate toy 140/250

 -- MarkovChainMC -- 
Limit: r < 2.03361 +/- 0.0139752 @ 95% credibility (15 tries)
Done in 0.20 min (cpu), 0.20 min (real)
Generate toy 141/250

 -- MarkovChainMC -- 
Limit: r < 1.85477 +/- 0.0200784 @ 95% credibility (15 tries)
Done in 0.18 min (cpu), 0.19 min (real)
Generate toy 142/250

 -- MarkovChainMC -- 
Limit: r < 3.48713 +/- 0.0272317 @ 95% credibility (15 tries)
Done in 0.21 min (cpu), 0.21 min (real)
Generate toy 143/250

 -- MarkovChainMC -- 
Limit: r < 1.59978 +/- 0.0170245 @ 95% credibility (15 tries)
Done in 0.18 min (cpu), 0.18 min (real)
Generate toy 144/250

 -- MarkovChainMC -- 
Limit: r < 1.39503 +/- 0.0191654 @ 95% credibility (15 tries)
Done in 0.19 min (cpu), 0.20 min (real)
Generate toy 145/250

 -- MarkovChainMC -- 
Limit: r < 1.23455 +/- 0.0151748 @ 95% credibility (15 tries)
Done in 0.19 min (cpu), 0.19 min (real)
Generate toy 146/250

 -- MarkovChainMC -- 
Limit: r < 2.0163 +/- 0.0248851 @ 95% credibility (15 tries)
Done in 0.20 min (cpu), 0.21 min (real)
Generate toy 147/250

 -- MarkovChainMC -- 
Limit: r < 2.68378 +/- 0.0173058 @ 95% credibility (15 tries)
Done in 0.20 min (cpu), 0.20 min (real)
Generate toy 148/250

 -- MarkovChainMC -- 
Limit: r < 1.22867 +/- 0.0179404 @ 95% credibility (15 tries)
Done in 0.17 min (cpu), 0.17 min (real)
Generate toy 149/250

 -- MarkovChainMC -- 
Limit: r < 1.14602 +/- 0.00959821 @ 95% credibility (15 tries)
Done in 0.19 min (cpu), 0.20 min (real)
Generate toy 150/250

 -- MarkovChainMC -- 
Limit: r < 1.0306 +/- 0.0125448 @ 95% credibility (15 tries)
Done in 0.19 min (cpu), 0.19 min (real)
Generate toy 151/250

 -- MarkovChainMC -- 
Limit: r < 1.72377 +/- 0.0223582 @ 95% credibility (15 tries)
Done in 0.19 min (cpu), 0.20 min (real)
Generate toy 152/250

 -- MarkovChainMC -- 
Limit: r < 1.41517 +/- 0.0149005 @ 95% credibility (15 tries)
Done in 0.19 min (cpu), 0.19 min (real)
Generate toy 153/250

 -- MarkovChainMC -- 
Limit: r < 1.5127 +/- 0.0169095 @ 95% credibility (15 tries)
Done in 0.20 min (cpu), 0.20 min (real)
Generate toy 154/250

 -- MarkovChainMC -- 
Limit: r < 1.43083 +/- 0.0186085 @ 95% credibility (15 tries)
Done in 0.19 min (cpu), 0.19 min (real)
Generate toy 155/250

 -- MarkovChainMC -- 
Limit: r < 1.22537 +/- 0.013914 @ 95% credibility (15 tries)
Done in 0.19 min (cpu), 0.19 min (real)
Generate toy 156/250

 -- MarkovChainMC -- 
Limit: r < 1.76553 +/- 0.0285187 @ 95% credibility (15 tries)
Done in 0.19 min (cpu), 0.19 min (real)
Generate toy 157/250

 -- MarkovChainMC -- 
Limit: r < 1.68931 +/- 0.0161091 @ 95% credibility (15 tries)
Done in 0.20 min (cpu), 0.21 min (real)
Generate toy 158/250

 -- MarkovChainMC -- 
Limit: r < 2.84406 +/- 0.0222655 @ 95% credibility (15 tries)
Done in 0.21 min (cpu), 0.21 min (real)
Generate toy 159/250

 -- MarkovChainMC -- 
Limit: r < 1.76173 +/- 0.0181562 @ 95% credibility (15 tries)
Done in 0.19 min (cpu), 0.19 min (real)
Generate toy 160/250

 -- MarkovChainMC -- 
Limit: r < 1.7164 +/- 0.0158651 @ 95% credibility (15 tries)
Done in 0.21 min (cpu), 0.21 min (real)
Generate toy 161/250

 -- MarkovChainMC -- 
Limit: r < 1.29349 +/- 0.0167256 @ 95% credibility (15 tries)
Done in 0.17 min (cpu), 0.18 min (real)
Generate toy 162/250

 -- MarkovChainMC -- 
Limit: r < 2.42969 +/- 0.0266265 @ 95% credibility (15 tries)
Done in 0.18 min (cpu), 0.18 min (real)
Generate toy 163/250

 -- MarkovChainMC -- 
Limit: r < 1.79573 +/- 0.0214766 @ 95% credibility (15 tries)
Done in 0.19 min (cpu), 0.20 min (real)
Generate toy 164/250

 -- MarkovChainMC -- 
Limit: r < 0.889539 +/- 0.00968759 @ 95% credibility (15 tries)
Done in 0.19 min (cpu), 0.19 min (real)
Generate toy 165/250

 -- MarkovChainMC -- 
Limit: r < 2.9045 +/- 0.0234579 @ 95% credibility (15 tries)
Done in 0.20 min (cpu), 0.21 min (real)
Generate toy 166/250

 -- MarkovChainMC -- 
Limit: r < 2.67536 +/- 0.0244863 @ 95% credibility (15 tries)
Done in 0.20 min (cpu), 0.20 min (real)
Generate toy 167/250

 -- MarkovChainMC -- 
Limit: r < 2.33032 +/- 0.025717 @ 95% credibility (15 tries)
Done in 0.19 min (cpu), 0.20 min (real)
Generate toy 168/250

 -- MarkovChainMC -- 
Limit: r < 1.89717 +/- 0.0135004 @ 95% credibility (15 tries)
Done in 0.20 min (cpu), 0.21 min (real)
Generate toy 169/250

 -- MarkovChainMC -- 
Limit: r < 1.83367 +/- 0.0103704 @ 95% credibility (15 tries)
Done in 0.19 min (cpu), 0.20 min (real)
Generate toy 170/250

 -- MarkovChainMC -- 
Limit: r < 1.4424 +/- 0.0213471 @ 95% credibility (15 tries)
Done in 0.19 min (cpu), 0.19 min (real)
Generate toy 171/250

 -- MarkovChainMC -- 
Limit: r < 3.20692 +/- 0.0252628 @ 95% credibility (15 tries)
Done in 0.20 min (cpu), 0.21 min (real)
Generate toy 172/250

 -- MarkovChainMC -- 
Limit: r < 2.60316 +/- 0.0174289 @ 95% credibility (15 tries)
Done in 0.20 min (cpu), 0.20 min (real)
Generate toy 173/250

 -- MarkovChainMC -- 
Limit: r < 1.06884 +/- 0.0207111 @ 95% credibility (15 tries)
Done in 0.19 min (cpu), 0.19 min (real)
Generate toy 174/250

 -- MarkovChainMC -- 
Limit: r < 1.35375 +/- 0.01617 @ 95% credibility (15 tries)
Done in 0.20 min (cpu), 0.20 min (real)
Generate toy 175/250

 -- MarkovChainMC -- 
Limit: r < 1.84104 +/- 0.0145341 @ 95% credibility (15 tries)
Done in 0.20 min (cpu), 0.20 min (real)
Generate toy 176/250

 -- MarkovChainMC -- 
Limit: r < 1.40705 +/- 0.0166245 @ 95% credibility (15 tries)
Done in 0.19 min (cpu), 0.19 min (real)
Generate toy 177/250

 -- MarkovChainMC -- 
Limit: r < 1.4623 +/- 0.00977618 @ 95% credibility (15 tries)
Done in 0.18 min (cpu), 0.19 min (real)
Generate toy 178/250

 -- MarkovChainMC -- 
Limit: r < 1.55442 +/- 0.0206638 @ 95% credibility (15 tries)
Done in 0.18 min (cpu), 0.18 min (real)
Generate toy 179/250

 -- MarkovChainMC -- 
Limit: r < 2.01791 +/- 0.0198133 @ 95% credibility (15 tries)
Done in 0.21 min (cpu), 0.21 min (real)
Generate toy 180/250

 -- MarkovChainMC -- 
Limit: r < 1.68388 +/- 0.0251225 @ 95% credibility (15 tries)
Done in 0.18 min (cpu), 0.19 min (real)
Generate toy 181/250

 -- MarkovChainMC -- 
Limit: r < 1.3227 +/- 0.0181394 @ 95% credibility (15 tries)
Done in 0.17 min (cpu), 0.18 min (real)
Generate toy 182/250

 -- MarkovChainMC -- 
Limit: r < 1.38793 +/- 0.0274228 @ 95% credibility (15 tries)
Done in 0.19 min (cpu), 0.19 min (real)
Generate toy 183/250

 -- MarkovChainMC -- 
Limit: r < 1.69443 +/- 0.0135647 @ 95% credibility (15 tries)
Done in 0.15 min (cpu), 0.15 min (real)
Generate toy 184/250

 -- MarkovChainMC -- 
Limit: r < 0.890589 +/- 0.00732439 @ 95% credibility (15 tries)
Done in 0.19 min (cpu), 0.19 min (real)
Generate toy 185/250

 -- MarkovChainMC -- 
Limit: r < 1.56443 +/- 0.015055 @ 95% credibility (15 tries)
Done in 0.20 min (cpu), 0.20 min (real)
Generate toy 186/250

 -- MarkovChainMC -- 
Limit: r < 2.88199 +/- 0.0211223 @ 95% credibility (15 tries)
Done in 0.20 min (cpu), 0.20 min (real)
Generate toy 187/250

 -- MarkovChainMC -- 
Limit: r < 2.12443 +/- 0.0271613 @ 95% credibility (15 tries)
Done in 0.19 min (cpu), 0.19 min (real)
Generate toy 188/250

 -- MarkovChainMC -- 
Limit: r < 1.11666 +/- 0.00893967 @ 95% credibility (15 tries)
Done in 0.19 min (cpu), 0.19 min (real)
Generate toy 189/250

 -- MarkovChainMC -- 
Limit: r < 1.96388 +/- 0.0187789 @ 95% credibility (15 tries)
Done in 0.17 min (cpu), 0.18 min (real)
Generate toy 190/250

 -- MarkovChainMC -- 
Limit: r < 1.36069 +/- 0.0104619 @ 95% credibility (15 tries)
Done in 0.18 min (cpu), 0.18 min (real)
Generate toy 191/250

 -- MarkovChainMC -- 
Limit: r < 1.1541 +/- 0.0161966 @ 95% credibility (15 tries)
Done in 0.19 min (cpu), 0.19 min (real)
Generate toy 192/250

 -- MarkovChainMC -- 
Limit: r < 1.75831 +/- 0.0175078 @ 95% credibility (15 tries)
Done in 0.17 min (cpu), 0.17 min (real)
Generate toy 193/250

 -- MarkovChainMC -- 
Limit: r < 1.637 +/- 0.0200109 @ 95% credibility (15 tries)
Done in 0.18 min (cpu), 0.18 min (real)
Generate toy 194/250

 -- MarkovChainMC -- 
Limit: r < 0.992517 +/- 0.0102069 @ 95% credibility (15 tries)
Done in 0.20 min (cpu), 0.20 min (real)
Generate toy 195/250

 -- MarkovChainMC -- 
Limit: r < 0.981537 +/- 0.00689945 @ 95% credibility (15 tries)
Done in 0.16 min (cpu), 0.16 min (real)
Generate toy 196/250

 -- MarkovChainMC -- 
Limit: r < 1.93112 +/- 0.0184612 @ 95% credibility (15 tries)
Done in 0.17 min (cpu), 0.18 min (real)
Generate toy 197/250

 -- MarkovChainMC -- 
Limit: r < 2.18108 +/- 0.0361906 @ 95% credibility (15 tries)
Done in 0.19 min (cpu), 0.19 min (real)
Generate toy 198/250

 -- MarkovChainMC -- 
Limit: r < 1.28051 +/- 0.0123328 @ 95% credibility (15 tries)
Done in 0.20 min (cpu), 0.20 min (real)
Generate toy 199/250

 -- MarkovChainMC -- 
Limit: r < 1.1868 +/- 0.0107462 @ 95% credibility (15 tries)
Done in 0.19 min (cpu), 0.19 min (real)
Generate toy 200/250

 -- MarkovChainMC -- 
Limit: r < 1.81504 +/- 0.0253847 @ 95% credibility (15 tries)
Done in 0.17 min (cpu), 0.17 min (real)
Generate toy 201/250

 -- MarkovChainMC -- 
Limit: r < 1.75631 +/- 0.0143975 @ 95% credibility (15 tries)
Done in 0.20 min (cpu), 0.20 min (real)
Generate toy 202/250

 -- MarkovChainMC -- 
Limit: r < 2.2416 +/- 0.0205856 @ 95% credibility (15 tries)
Done in 0.21 min (cpu), 0.21 min (real)
Generate toy 203/250

 -- MarkovChainMC -- 
Limit: r < 1.28293 +/- 0.0207441 @ 95% credibility (15 tries)
Done in 0.16 min (cpu), 0.17 min (real)
Generate toy 204/250

 -- MarkovChainMC -- 
Limit: r < 1.81505 +/- 0.011576 @ 95% credibility (15 tries)
Done in 0.20 min (cpu), 0.20 min (real)
Generate toy 205/250

 -- MarkovChainMC -- 
Limit: r < 2.23628 +/- 0.020172 @ 95% credibility (15 tries)
Done in 0.18 min (cpu), 0.19 min (real)
Generate toy 206/250

 -- MarkovChainMC -- 
Limit: r < 1.68589 +/- 0.0233195 @ 95% credibility (15 tries)
Done in 0.20 min (cpu), 0.20 min (real)
Generate toy 207/250

 -- MarkovChainMC -- 
Limit: r < 2.32008 +/- 0.00900163 @ 95% credibility (15 tries)
Done in 0.19 min (cpu), 0.19 min (real)
Generate toy 208/250

 -- MarkovChainMC -- 
Limit: r < 1.89538 +/- 0.0190587 @ 95% credibility (15 tries)
Done in 0.20 min (cpu), 0.20 min (real)
Generate toy 209/250

 -- MarkovChainMC -- 
Limit: r < 2.32704 +/- 0.0134969 @ 95% credibility (15 tries)
Done in 0.21 min (cpu), 0.21 min (real)
Generate toy 210/250

 -- MarkovChainMC -- 
Limit: r < 1.62085 +/- 0.0134922 @ 95% credibility (15 tries)
Done in 0.20 min (cpu), 0.20 min (real)
Generate toy 211/250

 -- MarkovChainMC -- 
Limit: r < 1.93243 +/- 0.0128869 @ 95% credibility (15 tries)
Done in 0.19 min (cpu), 0.20 min (real)
Generate toy 212/250

 -- MarkovChainMC -- 
Limit: r < 2.07719 +/- 0.0234032 @ 95% credibility (15 tries)
Done in 0.19 min (cpu), 0.19 min (real)
Generate toy 213/250

 -- MarkovChainMC -- 
Limit: r < 1.20857 +/- 0.0176859 @ 95% credibility (15 tries)
Done in 0.19 min (cpu), 0.20 min (real)
Generate toy 214/250

 -- MarkovChainMC -- 
Limit: r < 1.68016 +/- 0.0097379 @ 95% credibility (15 tries)
Done in 0.19 min (cpu), 0.19 min (real)
Generate toy 215/250

 -- MarkovChainMC -- 
Limit: r < 1.15677 +/- 0.0090756 @ 95% credibility (15 tries)
Done in 0.18 min (cpu), 0.18 min (real)
Generate toy 216/250

 -- MarkovChainMC -- 
Limit: r < 1.36592 +/- 0.0197313 @ 95% credibility (15 tries)
Done in 0.20 min (cpu), 0.20 min (real)
Generate toy 217/250

 -- MarkovChainMC -- 
Limit: r < 1.06056 +/- 0.0120359 @ 95% credibility (15 tries)
Done in 0.17 min (cpu), 0.17 min (real)
Generate toy 218/250

 -- MarkovChainMC -- 
Limit: r < 2.08895 +/- 0.0167259 @ 95% credibility (15 tries)
Done in 0.20 min (cpu), 0.20 min (real)
Generate toy 219/250

 -- MarkovChainMC -- 
Limit: r < 2.6964 +/- 0.0218941 @ 95% credibility (15 tries)
Done in 0.19 min (cpu), 0.20 min (real)
Generate toy 220/250

 -- MarkovChainMC -- 
Limit: r < 1.6199 +/- 0.0232658 @ 95% credibility (15 tries)
Done in 0.17 min (cpu), 0.17 min (real)
Generate toy 221/250

 -- MarkovChainMC -- 
Limit: r < 1.47853 +/- 0.0207905 @ 95% credibility (15 tries)
Done in 0.17 min (cpu), 0.18 min (real)
Generate toy 222/250

 -- MarkovChainMC -- 
Limit: r < 1.81288 +/- 0.0140841 @ 95% credibility (15 tries)
Done in 0.19 min (cpu), 0.20 min (real)
Generate toy 223/250

 -- MarkovChainMC -- 
Limit: r < 2.93553 +/- 0.0326486 @ 95% credibility (15 tries)
Done in 0.18 min (cpu), 0.18 min (real)
Generate toy 224/250

 -- MarkovChainMC -- 
Limit: r < 2.07373 +/- 0.0156388 @ 95% credibility (15 tries)
Done in 0.20 min (cpu), 0.20 min (real)
Generate toy 225/250

 -- MarkovChainMC -- 
Limit: r < 1.37308 +/- 0.0132867 @ 95% credibility (15 tries)
Done in 0.17 min (cpu), 0.17 min (real)
Generate toy 226/250

 -- MarkovChainMC -- 
Limit: r < 2.11222 +/- 0.0140792 @ 95% credibility (15 tries)
Done in 0.20 min (cpu), 0.20 min (real)
Generate toy 227/250

 -- MarkovChainMC -- 
Limit: r < 1.96789 +/- 0.0104473 @ 95% credibility (15 tries)
Done in 0.20 min (cpu), 0.21 min (real)
Generate toy 228/250

 -- MarkovChainMC -- 
Limit: r < 2.40025 +/- 0.0122605 @ 95% credibility (15 tries)
Done in 0.21 min (cpu), 0.21 min (real)
Generate toy 229/250

 -- MarkovChainMC -- 
Limit: r < 1.99054 +/- 0.0236353 @ 95% credibility (15 tries)
Done in 0.18 min (cpu), 0.18 min (real)
Generate toy 230/250

 -- MarkovChainMC -- 
Limit: r < 1.18907 +/- 0.0140224 @ 95% credibility (15 tries)
Done in 0.16 min (cpu), 0.17 min (real)
Generate toy 231/250

 -- MarkovChainMC -- 
Limit: r < 1.54012 +/- 0.00968477 @ 95% credibility (15 tries)
Done in 0.16 min (cpu), 0.16 min (real)
Generate toy 232/250

 -- MarkovChainMC -- 
Limit: r < 1.4891 +/- 0.0163414 @ 95% credibility (15 tries)
Done in 0.18 min (cpu), 0.18 min (real)
Generate toy 233/250

 -- MarkovChainMC -- 
Limit: r < 2.74253 +/- 0.0223391 @ 95% credibility (15 tries)
Done in 0.17 min (cpu), 0.17 min (real)
Generate toy 234/250

 -- MarkovChainMC -- 
Limit: r < 1.59153 +/- 0.00789826 @ 95% credibility (15 tries)
Done in 0.16 min (cpu), 0.16 min (real)
Generate toy 235/250

 -- MarkovChainMC -- 
Limit: r < 1.53379 +/- 0.0236916 @ 95% credibility (15 tries)
Done in 0.19 min (cpu), 0.20 min (real)
Generate toy 236/250

 -- MarkovChainMC -- 
Limit: r < 1.38884 +/- 0.0119676 @ 95% credibility (15 tries)
Done in 0.19 min (cpu), 0.19 min (real)
Generate toy 237/250

 -- MarkovChainMC -- 
Limit: r < 2.46632 +/- 0.0225055 @ 95% credibility (15 tries)
Done in 0.17 min (cpu), 0.17 min (real)
Generate toy 238/250

 -- MarkovChainMC -- 
Limit: r < 2.46922 +/- 0.0279828 @ 95% credibility (15 tries)
Done in 0.19 min (cpu), 0.19 min (real)
Generate toy 239/250

 -- MarkovChainMC -- 
Limit: r < 2.16422 +/- 0.0281488 @ 95% credibility (15 tries)
Done in 0.17 min (cpu), 0.18 min (real)
Generate toy 240/250

 -- MarkovChainMC -- 
Limit: r < 2.06395 +/- 0.0149824 @ 95% credibility (15 tries)
Done in 0.20 min (cpu), 0.21 min (real)
Generate toy 241/250

 -- MarkovChainMC -- 
Limit: r < 2.1455 +/- 0.0175502 @ 95% credibility (15 tries)
Done in 0.19 min (cpu), 0.20 min (real)
Generate toy 242/250

 -- MarkovChainMC -- 
Limit: r < 1.18324 +/- 0.0115255 @ 95% credibility (15 tries)
Done in 0.16 min (cpu), 0.16 min (real)
Generate toy 243/250

 -- MarkovChainMC -- 
Limit: r < 2.28721 +/- 0.021673 @ 95% credibility (15 tries)
Done in 0.19 min (cpu), 0.19 min (real)
Generate toy 244/250

 -- MarkovChainMC -- 
Limit: r < 1.78323 +/- 0.0226432 @ 95% credibility (15 tries)
Done in 0.19 min (cpu), 0.19 min (real)
Generate toy 245/250

 -- MarkovChainMC -- 
Limit: r < 1.85461 +/- 0.0166958 @ 95% credibility (15 tries)
Done in 0.19 min (cpu), 0.19 min (real)
Generate toy 246/250

 -- MarkovChainMC -- 
Limit: r < 1.16918 +/- 0.0139836 @ 95% credibility (15 tries)
Done in 0.16 min (cpu), 0.16 min (real)
Generate toy 247/250

 -- MarkovChainMC -- 
Limit: r < 1.46235 +/- 0.0195587 @ 95% credibility (15 tries)
Done in 0.17 min (cpu), 0.18 min (real)
Generate toy 248/250

 -- MarkovChainMC -- 
Limit: r < 1.53577 +/- 0.0126812 @ 95% credibility (15 tries)
Done in 0.19 min (cpu), 0.20 min (real)
Generate toy 249/250

 -- MarkovChainMC -- 
Limit: r < 0.994763 +/- 0.00799137 @ 95% credibility (15 tries)
Done in 0.18 min (cpu), 0.18 min (real)
Generate toy 250/250

 -- MarkovChainMC -- 
Limit: r < 1.40165 +/- 0.0129948 @ 95% credibility (15 tries)
Done in 0.16 min (cpu), 0.17 min (real)
mean   expected limit: r < 1.75788 +/- 0.0359652 @ 95%CL (250 toyMC)
median expected limit: r < 1.67199 @ 95%CL (250 toyMC)
   68% expected band : 1.18907 < r < 2.29537
   95% expected band : 0.981537 < r < 3.20692
