 <<< Combine >>> 
 <<< v10.0.2 >>>
>>> Used OpenSSL to get a truly random seed -1944510476
>>> Method used is MarkovChainMC
============================================================
Analyzing bin errors for: prop_binmuon_channel
Poisson cut-off: 10
Processes excluded for sums: Wprime600_kR0.1
============================================================
Bin        Contents        Error           Notes                         
0          4249.915766     16.603274       total sum                     
0          4245.728997     16.603213       excluding marked processes    
0          65391.000000    255.716640      Unweighted events, alpha=0.064992
  => Total parameter prop_binmuon_channel_bin0[0.00,-7.00,7.00] to be Gaussian constrained
------------------------------------------------------------
1          1628.242588     7.828277        total sum                     
1          1621.101079     7.828053        excluding marked processes    
1          42886.000000    207.089353      Unweighted events, alpha=0.037967
  => Total parameter prop_binmuon_channel_bin1[0.00,-7.00,7.00] to be Gaussian constrained
------------------------------------------------------------
2          723.169887      4.795605        total sum                     
2          721.396648      4.795515        excluding marked processes    
2          22630.000000    150.432709      Unweighted events, alpha=0.031956
  => Total parameter prop_binmuon_channel_bin2[0.00,-7.00,7.00] to be Gaussian constrained
------------------------------------------------------------
3          359.291851      3.009355        total sum                     
3          359.285774      3.009355        excluding marked processes    
3          14254.000000    119.390117      Unweighted events, alpha=0.025206
  => Total parameter prop_binmuon_channel_bin3[0.00,-7.00,7.00] to be Gaussian constrained
------------------------------------------------------------
4          191.190136      3.360877        total sum                     
4          191.190097      3.360877        excluding marked processes    
4          3236.000000     56.885851       Unweighted events, alpha=0.059082
  => Total parameter prop_binmuon_channel_bin4[0.00,-7.00,7.00] to be Gaussian constrained
------------------------------------------------------------
5          112.217111      1.192110        total sum                     
5          112.217111      1.192110        excluding marked processes    
5          8861.000000     94.132885       Unweighted events, alpha=0.012664
  => Total parameter prop_binmuon_channel_bin5[0.00,-7.00,7.00] to be Gaussian constrained
------------------------------------------------------------
6          107.129583      1.524073        total sum                     
6          107.129583      1.524073        excluding marked processes    
6          4941.000000     70.292247       Unweighted events, alpha=0.021682
  => Total parameter prop_binmuon_channel_bin6[0.00,-7.00,7.00] to be Gaussian constrained
------------------------------------------------------------
7          41.104515       0.657922        total sum                     
7          41.104515       0.657922        excluding marked processes    
7          3903.000000     62.473995       Unweighted events, alpha=0.010532
  => Total parameter prop_binmuon_channel_bin7[0.00,-7.00,7.00] to be Gaussian constrained
------------------------------------------------------------
8          23.449391       0.587056        total sum                     
8          23.449391       0.587056        excluding marked processes    
8          1596.000000     39.949969       Unweighted events, alpha=0.014693
  => Total parameter prop_binmuon_channel_bin8[0.00,-7.00,7.00] to be Gaussian constrained
------------------------------------------------------------
9          8.355840        0.394559        total sum                     
9          8.355840        0.394559        excluding marked processes    
9          448.000000      21.166010       Unweighted events, alpha=0.018651
  => Total parameter prop_binmuon_channel_bin9[0.00,-7.00,7.00] to be Gaussian constrained
------------------------------------------------------------
10         3.506378        0.251887        total sum                     
10         3.506378        0.251887        excluding marked processes    
10         194.000000      13.928388       Unweighted events, alpha=0.018074
  => Total parameter prop_binmuon_channel_bin10[0.00,-7.00,7.00] to be Gaussian constrained
------------------------------------------------------------
11         1.363219        0.180174        total sum                     
11         1.363219        0.180174        excluding marked processes    
11         57.000000       7.549834        Unweighted events, alpha=0.023916
  => Total parameter prop_binmuon_channel_bin11[0.00,-7.00,7.00] to be Gaussian constrained
------------------------------------------------------------
12         0.530791        0.289065        total sum                     
12         0.530791        0.289065        excluding marked processes    
12         3.000000        1.732051        Unweighted events, alpha=0.176930
  => Number of weighted events is below Poisson threshold
    Wprime600_kR0.1      0.000000        0.000000                                      
      => Error is zero, ignore      
  ----------------------------------------------------------
    W_boson              0.216692        0.001181                                      
                         33653.000000    183.447540      Unweighted events, alpha=0.000006
      => Parameter prop_binmuon_channel_bin12_W_boson[0.00,-7.00,7.00] to be Gaussian constrained
  ----------------------------------------------------------
    Top                  0.000000        0.000000                                      
      => Error is zero, ignore      
  ----------------------------------------------------------
    Z_boson              0.004094        0.000500                                      
                         67.000000       8.185353        Unweighted events, alpha=0.000061
      => Parameter prop_binmuon_channel_bin12_Z_boson[0.00,-7.00,7.00] to be Gaussian constrained
  ----------------------------------------------------------
    DiBoson              0.288910        0.288561                                      
                         1.000000        1.000000        Unweighted events, alpha=0.288910
      => Product of prop_binmuon_channel_bin12_DiBoson[1.00,0.00,30.85] and const [1.0000] to be Poisson constrained
  ----------------------------------------------------------
    QCD                  0.021095        0.017013                                      
                         2.000000        1.414214        Unweighted events, alpha=0.010547
      => Product of prop_binmuon_channel_bin12_QCD[2.00,0.00,33.79] and const [0.5000] to be Poisson constrained
  ----------------------------------------------------------
------------------------------------------------------------
13         0.067145        0.000584        total sum                     
13         0.067145        0.000584        excluding marked processes    
13         13239.000000    115.060853      Unweighted events, alpha=0.000005
  => Total parameter prop_binmuon_channel_bin13[0.00,-7.00,7.00] to be Gaussian constrained
------------------------------------------------------------
14         0.003967        0.000043        total sum                     
14         0.003967        0.000043        excluding marked processes    
14         8482.000000     92.097774       Unweighted events, alpha=0.000000
  => Total parameter prop_binmuon_channel_bin14[0.00,-7.00,7.00] to be Gaussian constrained
------------------------------------------------------------
15         0.005625        0.003835        total sum                     
15         0.005625        0.003835        excluding marked processes    
15         2.000000        1.414214        Unweighted events, alpha=0.002813
  => Number of weighted events is below Poisson threshold
    Wprime600_kR0.1      0.000000        0.000000                                      
      => Error is zero, ignore      
  ----------------------------------------------------------
    W_boson              0.000849        0.000021                                      
                         1670.000000     40.865633       Unweighted events, alpha=0.000001
      => Parameter prop_binmuon_channel_bin15_W_boson[0.00,-7.00,7.00] to be Gaussian constrained
  ----------------------------------------------------------
    Top                  0.000000        0.000000                                      
      => Error is zero, ignore      
  ----------------------------------------------------------
    Z_boson              0.000011        0.000003                                      
                         16.000000       4.000000        Unweighted events, alpha=0.000001
      => Parameter prop_binmuon_channel_bin15_Z_boson[0.00,-7.00,7.00] to be Gaussian constrained
  ----------------------------------------------------------
    DiBoson              0.000000        0.000000                                      
      => Error is zero, ignore      
  ----------------------------------------------------------
    QCD                  0.004765        0.003834                                      
                         2.000000        1.414214        Unweighted events, alpha=0.002383
      => Product of prop_binmuon_channel_bin15_QCD[2.00,0.00,33.79] and const [0.5000] to be Poisson constrained
  ----------------------------------------------------------
------------------------------------------------------------
Channel muon_channel will use autoMCStats with settings: event-threshold=10, include-signal=0, hist-mode=1
Generate toy 1/250

 -- MarkovChainMC -- 
Limit: r < 15.7268 +/- 0.225187 @ 95% credibility (15 tries)
Done in 0.10 min (cpu), 0.10 min (real)
Generate toy 2/250

 -- MarkovChainMC -- 
Limit: r < 12.6284 +/- 0.125747 @ 95% credibility (15 tries)
Done in 0.10 min (cpu), 0.10 min (real)
Generate toy 3/250

 -- MarkovChainMC -- 
Limit: r < 15.6153 +/- 0.276278 @ 95% credibility (15 tries)
Done in 0.09 min (cpu), 0.10 min (real)
Generate toy 4/250

 -- MarkovChainMC -- 
Limit: r < 11.501 +/- 0.0770973 @ 95% credibility (15 tries)
Done in 0.10 min (cpu), 0.10 min (real)
Generate toy 5/250

 -- MarkovChainMC -- 
Limit: r < 12.9213 +/- 0.162534 @ 95% credibility (15 tries)
Done in 0.10 min (cpu), 0.10 min (real)
Generate toy 6/250

 -- MarkovChainMC -- 
Limit: r < 10.4726 +/- 0.125471 @ 95% credibility (15 tries)
Done in 0.09 min (cpu), 0.09 min (real)
Generate toy 7/250

 -- MarkovChainMC -- 
Limit: r < 15.7123 +/- 0.295466 @ 95% credibility (15 tries)
Done in 0.12 min (cpu), 0.13 min (real)
Generate toy 8/250

 -- MarkovChainMC -- 
Limit: r < 13.2521 +/- 0.0920737 @ 95% credibility (15 tries)
Done in 0.09 min (cpu), 0.09 min (real)
Generate toy 9/250

 -- MarkovChainMC -- 
Limit: r < 12.367 +/- 0.105083 @ 95% credibility (15 tries)
Done in 0.09 min (cpu), 0.09 min (real)
Generate toy 10/250

 -- MarkovChainMC -- 
Limit: r < 17.0103 +/- 0.170203 @ 95% credibility (15 tries)
Done in 0.10 min (cpu), 0.11 min (real)
Generate toy 11/250

 -- MarkovChainMC -- 
Limit: r < 15.2463 +/- 0.169223 @ 95% credibility (15 tries)
Done in 0.10 min (cpu), 0.11 min (real)
Generate toy 12/250

 -- MarkovChainMC -- 
Limit: r < 10.9278 +/- 0.17554 @ 95% credibility (15 tries)
Done in 0.10 min (cpu), 0.10 min (real)
Generate toy 13/250

 -- MarkovChainMC -- 
Limit: r < 12.9818 +/- 0.15321 @ 95% credibility (15 tries)
Done in 0.11 min (cpu), 0.11 min (real)
Generate toy 14/250

 -- MarkovChainMC -- 
Limit: r < 12.4931 +/- 0.247836 @ 95% credibility (15 tries)
Done in 0.10 min (cpu), 0.10 min (real)
Generate toy 15/250

 -- MarkovChainMC -- 
Limit: r < 9.42559 +/- 0.124271 @ 95% credibility (15 tries)
Done in 0.10 min (cpu), 0.10 min (real)
Generate toy 16/250

 -- MarkovChainMC -- 
Limit: r < 11.7522 +/- 0.234309 @ 95% credibility (15 tries)
Done in 0.09 min (cpu), 0.09 min (real)
Generate toy 17/250

 -- MarkovChainMC -- 
Limit: r < 7.24847 +/- 0.0830341 @ 95% credibility (15 tries)
Done in 0.08 min (cpu), 0.08 min (real)
Generate toy 18/250

 -- MarkovChainMC -- 
Limit: r < 17.0305 +/- 0.0838682 @ 95% credibility (15 tries)
Done in 0.11 min (cpu), 0.11 min (real)
Generate toy 19/250

 -- MarkovChainMC -- 
Limit: r < 16.78 +/- 0.233396 @ 95% credibility (15 tries)
Done in 0.09 min (cpu), 0.10 min (real)
Generate toy 20/250

 -- MarkovChainMC -- 
Limit: r < 12.8734 +/- 0.18925 @ 95% credibility (15 tries)
Done in 0.09 min (cpu), 0.09 min (real)
Generate toy 21/250

 -- MarkovChainMC -- 
Limit: r < 27.6126 +/- 0.257838 @ 95% credibility (15 tries)
Done in 0.11 min (cpu), 0.11 min (real)
Generate toy 22/250

 -- MarkovChainMC -- 
Limit: r < 10.7354 +/- 0.094414 @ 95% credibility (15 tries)
Done in 0.09 min (cpu), 0.09 min (real)
Generate toy 23/250

 -- MarkovChainMC -- 
Limit: r < 16.7634 +/- 0.187512 @ 95% credibility (15 tries)
Done in 0.09 min (cpu), 0.09 min (real)
Generate toy 24/250

 -- MarkovChainMC -- 
Limit: r < 8.43541 +/- 0.098192 @ 95% credibility (15 tries)
Done in 0.08 min (cpu), 0.08 min (real)
Generate toy 25/250

 -- MarkovChainMC -- 
Limit: r < 8.2553 +/- 0.127814 @ 95% credibility (15 tries)
Done in 0.08 min (cpu), 0.08 min (real)
Generate toy 26/250

 -- MarkovChainMC -- 
Limit: r < 20.0657 +/- 0.303116 @ 95% credibility (15 tries)
Done in 0.09 min (cpu), 0.09 min (real)
Generate toy 27/250

 -- MarkovChainMC -- 
Limit: r < 12.4923 +/- 0.15478 @ 95% credibility (15 tries)
Done in 0.09 min (cpu), 0.09 min (real)
Generate toy 28/250

 -- MarkovChainMC -- 
Limit: r < 11.4842 +/- 0.179556 @ 95% credibility (15 tries)
Done in 0.10 min (cpu), 0.10 min (real)
Generate toy 29/250

 -- MarkovChainMC -- 
Limit: r < 15.4303 +/- 0.204401 @ 95% credibility (15 tries)
Done in 0.10 min (cpu), 0.10 min (real)
Generate toy 30/250

 -- MarkovChainMC -- 
Limit: r < 17.9212 +/- 0.173579 @ 95% credibility (15 tries)
Done in 0.13 min (cpu), 0.13 min (real)
Generate toy 31/250

 -- MarkovChainMC -- 
Limit: r < 16.611 +/- 0.22161 @ 95% credibility (15 tries)
Done in 0.09 min (cpu), 0.09 min (real)
Generate toy 32/250

 -- MarkovChainMC -- 
Limit: r < 10.9138 +/- 0.12701 @ 95% credibility (15 tries)
Done in 0.08 min (cpu), 0.09 min (real)
Generate toy 33/250

 -- MarkovChainMC -- 
Limit: r < 15.7214 +/- 0.101923 @ 95% credibility (15 tries)
Done in 0.10 min (cpu), 0.10 min (real)
Generate toy 34/250

 -- MarkovChainMC -- 
Limit: r < 20.6003 +/- 0.221654 @ 95% credibility (15 tries)
Done in 0.12 min (cpu), 0.12 min (real)
Generate toy 35/250

 -- MarkovChainMC -- 
Limit: r < 9.46156 +/- 0.171743 @ 95% credibility (15 tries)
Done in 0.10 min (cpu), 0.10 min (real)
Generate toy 36/250

 -- MarkovChainMC -- 
Limit: r < 19.3299 +/- 0.149114 @ 95% credibility (15 tries)
Done in 0.10 min (cpu), 0.10 min (real)
Generate toy 37/250

 -- MarkovChainMC -- 
Limit: r < 26.9213 +/- 0.227172 @ 95% credibility (15 tries)
Done in 0.10 min (cpu), 0.10 min (real)
Generate toy 38/250

 -- MarkovChainMC -- 
Limit: r < 20.2832 +/- 0.142671 @ 95% credibility (15 tries)
Done in 0.10 min (cpu), 0.10 min (real)
Generate toy 39/250

 -- MarkovChainMC -- 
Limit: r < 10.4221 +/- 0.130375 @ 95% credibility (15 tries)
Done in 0.10 min (cpu), 0.10 min (real)
Generate toy 40/250

 -- MarkovChainMC -- 
Limit: r < 13.1109 +/- 0.190407 @ 95% credibility (15 tries)
Done in 0.09 min (cpu), 0.09 min (real)
Generate toy 41/250

 -- MarkovChainMC -- 
Limit: r < 12.6645 +/- 0.1816 @ 95% credibility (15 tries)
Done in 0.09 min (cpu), 0.09 min (real)
Generate toy 42/250

 -- MarkovChainMC -- 
Limit: r < 12.8885 +/- 0.252682 @ 95% credibility (15 tries)
Done in 0.11 min (cpu), 0.11 min (real)
Generate toy 43/250

 -- MarkovChainMC -- 
Limit: r < 15.8447 +/- 0.186112 @ 95% credibility (15 tries)
Done in 0.10 min (cpu), 0.10 min (real)
Generate toy 44/250

 -- MarkovChainMC -- 
Limit: r < 17.1754 +/- 0.22021 @ 95% credibility (15 tries)
Done in 0.09 min (cpu), 0.10 min (real)
Generate toy 45/250

 -- MarkovChainMC -- 
Limit: r < 14.0833 +/- 0.10993 @ 95% credibility (15 tries)
Done in 0.09 min (cpu), 0.09 min (real)
Generate toy 46/250

 -- MarkovChainMC -- 
Limit: r < 12.5304 +/- 0.136112 @ 95% credibility (15 tries)
Done in 0.09 min (cpu), 0.09 min (real)
Generate toy 47/250

 -- MarkovChainMC -- 
Limit: r < 17.8006 +/- 0.192873 @ 95% credibility (15 tries)
Done in 0.09 min (cpu), 0.09 min (real)
Generate toy 48/250

 -- MarkovChainMC -- 
Limit: r < 15.3742 +/- 0.183349 @ 95% credibility (15 tries)
Done in 0.09 min (cpu), 0.09 min (real)
Generate toy 49/250

 -- MarkovChainMC -- 
Limit: r < 12.2172 +/- 0.13833 @ 95% credibility (15 tries)
Done in 0.09 min (cpu), 0.10 min (real)
Generate toy 50/250

 -- MarkovChainMC -- 
Limit: r < 13.4773 +/- 0.114191 @ 95% credibility (15 tries)
Done in 0.10 min (cpu), 0.10 min (real)
Generate toy 51/250

 -- MarkovChainMC -- 
Limit: r < 11.6043 +/- 0.203403 @ 95% credibility (15 tries)
Done in 0.09 min (cpu), 0.09 min (real)
Generate toy 52/250

 -- MarkovChainMC -- 
Limit: r < 9.21714 +/- 0.110929 @ 95% credibility (15 tries)
Done in 0.09 min (cpu), 0.09 min (real)
Generate toy 53/250

 -- MarkovChainMC -- 
Limit: r < 21.5985 +/- 0.243514 @ 95% credibility (15 tries)
Done in 0.11 min (cpu), 0.11 min (real)
Generate toy 54/250

 -- MarkovChainMC -- 
Limit: r < 18.8524 +/- 0.233007 @ 95% credibility (15 tries)
Done in 0.10 min (cpu), 0.10 min (real)
Generate toy 55/250

 -- MarkovChainMC -- 
Limit: r < 12.1559 +/- 0.0966391 @ 95% credibility (15 tries)
Done in 0.09 min (cpu), 0.09 min (real)
Generate toy 56/250

 -- MarkovChainMC -- 
Limit: r < 15.1616 +/- 0.184883 @ 95% credibility (15 tries)
Done in 0.10 min (cpu), 0.10 min (real)
Generate toy 57/250

 -- MarkovChainMC -- 
Limit: r < 11.4424 +/- 0.105284 @ 95% credibility (15 tries)
Done in 0.10 min (cpu), 0.10 min (real)
Generate toy 58/250

 -- MarkovChainMC -- 
Limit: r < 15.9079 +/- 0.263575 @ 95% credibility (15 tries)
Done in 0.11 min (cpu), 0.11 min (real)
Generate toy 59/250

 -- MarkovChainMC -- 
Limit: r < 10.9574 +/- 0.158639 @ 95% credibility (15 tries)
Done in 0.09 min (cpu), 0.09 min (real)
Generate toy 60/250

 -- MarkovChainMC -- 
Limit: r < 21.8823 +/- 0.221796 @ 95% credibility (15 tries)
Done in 0.09 min (cpu), 0.09 min (real)
Generate toy 61/250

 -- MarkovChainMC -- 
Limit: r < 20.5885 +/- 0.143051 @ 95% credibility (15 tries)
Done in 0.10 min (cpu), 0.10 min (real)
Generate toy 62/250

 -- MarkovChainMC -- 
Limit: r < 8.85799 +/- 0.0627953 @ 95% credibility (15 tries)
Done in 0.09 min (cpu), 0.10 min (real)
Generate toy 63/250

 -- MarkovChainMC -- 
Limit: r < 21.1923 +/- 0.181431 @ 95% credibility (15 tries)
Done in 0.10 min (cpu), 0.10 min (real)
Generate toy 64/250

 -- MarkovChainMC -- 
Limit: r < 11.9872 +/- 0.120039 @ 95% credibility (15 tries)
Done in 0.10 min (cpu), 0.10 min (real)
Generate toy 65/250

 -- MarkovChainMC -- 
Limit: r < 6.32331 +/- 0.06142 @ 95% credibility (15 tries)
Done in 0.08 min (cpu), 0.08 min (real)
Generate toy 66/250

 -- MarkovChainMC -- 
Limit: r < 11.0127 +/- 0.160132 @ 95% credibility (15 tries)
Done in 0.09 min (cpu), 0.09 min (real)
Generate toy 67/250

 -- MarkovChainMC -- 
Limit: r < 12.4368 +/- 0.128668 @ 95% credibility (15 tries)
Done in 0.09 min (cpu), 0.09 min (real)
Generate toy 68/250

 -- MarkovChainMC -- 
Limit: r < 16.7593 +/- 0.114831 @ 95% credibility (15 tries)
Done in 0.11 min (cpu), 0.11 min (real)
Generate toy 69/250

 -- MarkovChainMC -- 
Limit: r < 12.4886 +/- 0.185381 @ 95% credibility (15 tries)
Done in 0.09 min (cpu), 0.09 min (real)
Generate toy 70/250

 -- MarkovChainMC -- 
Limit: r < 11.6127 +/- 0.17119 @ 95% credibility (15 tries)
Done in 0.11 min (cpu), 0.11 min (real)
Generate toy 71/250

 -- MarkovChainMC -- 
Limit: r < 10.0042 +/- 0.124353 @ 95% credibility (15 tries)
Done in 0.09 min (cpu), 0.09 min (real)
Generate toy 72/250

 -- MarkovChainMC -- 
Limit: r < 8.91591 +/- 0.0846709 @ 95% credibility (15 tries)
Done in 0.10 min (cpu), 0.10 min (real)
Generate toy 73/250

 -- MarkovChainMC -- 
Limit: r < 23.8609 +/- 0.191345 @ 95% credibility (15 tries)
Done in 0.10 min (cpu), 0.10 min (real)
Generate toy 74/250

 -- MarkovChainMC -- 
Limit: r < 21.419 +/- 0.194076 @ 95% credibility (15 tries)
Done in 0.09 min (cpu), 0.09 min (real)
Generate toy 75/250

 -- MarkovChainMC -- 
Limit: r < 18.1146 +/- 0.171035 @ 95% credibility (15 tries)
Done in 0.09 min (cpu), 0.09 min (real)
Generate toy 76/250

 -- MarkovChainMC -- 
Limit: r < 10.5673 +/- 0.155223 @ 95% credibility (15 tries)
Done in 0.09 min (cpu), 0.09 min (real)
Generate toy 77/250

 -- MarkovChainMC -- 
Limit: r < 28.5963 +/- 0.128649 @ 95% credibility (15 tries)
Done in 0.10 min (cpu), 0.10 min (real)
Generate toy 78/250

 -- MarkovChainMC -- 
Limit: r < 12.8203 +/- 0.0874719 @ 95% credibility (15 tries)
Done in 0.09 min (cpu), 0.09 min (real)
Generate toy 79/250

 -- MarkovChainMC -- 
Limit: r < 16.3932 +/- 0.249806 @ 95% credibility (15 tries)
Done in 0.10 min (cpu), 0.10 min (real)
Generate toy 80/250

 -- MarkovChainMC -- 
Limit: r < 11.2037 +/- 0.122993 @ 95% credibility (15 tries)
Done in 0.09 min (cpu), 0.09 min (real)
Generate toy 81/250

 -- MarkovChainMC -- 
Limit: r < 10.9253 +/- 0.181285 @ 95% credibility (15 tries)
Done in 0.09 min (cpu), 0.09 min (real)
Generate toy 82/250

 -- MarkovChainMC -- 
Limit: r < 18.2473 +/- 0.175701 @ 95% credibility (15 tries)
Done in 0.10 min (cpu), 0.10 min (real)
Generate toy 83/250

 -- MarkovChainMC -- 
Limit: r < 12.6582 +/- 0.0743294 @ 95% credibility (15 tries)
Done in 0.10 min (cpu), 0.11 min (real)
Generate toy 84/250

 -- MarkovChainMC -- 
Limit: r < 14.5476 +/- 0.246151 @ 95% credibility (15 tries)
Done in 0.10 min (cpu), 0.10 min (real)
Generate toy 85/250

 -- MarkovChainMC -- 
Limit: r < 16.071 +/- 0.137515 @ 95% credibility (15 tries)
Done in 0.10 min (cpu), 0.10 min (real)
Generate toy 86/250

 -- MarkovChainMC -- 
Limit: r < 22.6841 +/- 0.149756 @ 95% credibility (15 tries)
Done in 0.09 min (cpu), 0.09 min (real)
Generate toy 87/250

 -- MarkovChainMC -- 
Limit: r < 17.0647 +/- 0.202498 @ 95% credibility (15 tries)
Done in 0.09 min (cpu), 0.09 min (real)
Generate toy 88/250

 -- MarkovChainMC -- 
Limit: r < 11.9902 +/- 0.177238 @ 95% credibility (15 tries)
Done in 0.09 min (cpu), 0.09 min (real)
Generate toy 89/250

 -- MarkovChainMC -- 
Limit: r < 9.83592 +/- 0.176498 @ 95% credibility (15 tries)
Done in 0.09 min (cpu), 0.09 min (real)
Generate toy 90/250

 -- MarkovChainMC -- 
Limit: r < 14.5445 +/- 0.301161 @ 95% credibility (15 tries)
Done in 0.09 min (cpu), 0.09 min (real)
Generate toy 91/250

 -- MarkovChainMC -- 
Limit: r < 15.6597 +/- 0.24474 @ 95% credibility (15 tries)
Done in 0.09 min (cpu), 0.09 min (real)
Generate toy 92/250

 -- MarkovChainMC -- 
Limit: r < 15.6573 +/- 0.249705 @ 95% credibility (15 tries)
Done in 0.09 min (cpu), 0.09 min (real)
Generate toy 93/250

 -- MarkovChainMC -- 
Limit: r < 16.0465 +/- 0.201777 @ 95% credibility (15 tries)
Done in 0.09 min (cpu), 0.09 min (real)
Generate toy 94/250

 -- MarkovChainMC -- 
Limit: r < 15.7167 +/- 0.185045 @ 95% credibility (15 tries)
Done in 0.09 min (cpu), 0.09 min (real)
Generate toy 95/250

 -- MarkovChainMC -- 
Limit: r < 24.137 +/- 0.254038 @ 95% credibility (15 tries)
Done in 0.10 min (cpu), 0.10 min (real)
Generate toy 96/250

 -- MarkovChainMC -- 
Limit: r < 25.4215 +/- 0.14406 @ 95% credibility (15 tries)
Done in 0.10 min (cpu), 0.11 min (real)
Generate toy 97/250

 -- MarkovChainMC -- 
Limit: r < 8.68839 +/- 0.177356 @ 95% credibility (15 tries)
Done in 0.09 min (cpu), 0.10 min (real)
Generate toy 98/250

 -- MarkovChainMC -- 
Limit: r < 16.4082 +/- 0.311291 @ 95% credibility (15 tries)
Done in 0.09 min (cpu), 0.09 min (real)
Generate toy 99/250

 -- MarkovChainMC -- 
Limit: r < 18.6436 +/- 0.215673 @ 95% credibility (15 tries)
Done in 0.09 min (cpu), 0.09 min (real)
Generate toy 100/250

 -- MarkovChainMC -- 
Limit: r < 7.47312 +/- 0.124988 @ 95% credibility (15 tries)
Done in 0.08 min (cpu), 0.09 min (real)
Generate toy 101/250

 -- MarkovChainMC -- 
Limit: r < 8.72134 +/- 0.0629785 @ 95% credibility (15 tries)
Done in 0.09 min (cpu), 0.09 min (real)
Generate toy 102/250

 -- MarkovChainMC -- 
Limit: r < 13.4201 +/- 0.102095 @ 95% credibility (15 tries)
Done in 0.10 min (cpu), 0.10 min (real)
Generate toy 103/250

 -- MarkovChainMC -- 
Limit: r < 15.6826 +/- 0.201133 @ 95% credibility (15 tries)
Done in 0.09 min (cpu), 0.09 min (real)
Generate toy 104/250

 -- MarkovChainMC -- 
Limit: r < 11.0461 +/- 0.148058 @ 95% credibility (15 tries)
Done in 0.10 min (cpu), 0.10 min (real)
Generate toy 105/250

 -- MarkovChainMC -- 
Limit: r < 14.3137 +/- 0.144536 @ 95% credibility (15 tries)
Done in 0.09 min (cpu), 0.09 min (real)
Generate toy 106/250

 -- MarkovChainMC -- 
Limit: r < 16.6235 +/- 0.172799 @ 95% credibility (15 tries)
Done in 0.09 min (cpu), 0.09 min (real)
Generate toy 107/250

 -- MarkovChainMC -- 
Limit: r < 11.1986 +/- 0.154264 @ 95% credibility (15 tries)
Done in 0.09 min (cpu), 0.09 min (real)
Generate toy 108/250

 -- MarkovChainMC -- 
Limit: r < 7.95957 +/- 0.0423308 @ 95% credibility (15 tries)
Done in 0.08 min (cpu), 0.08 min (real)
Generate toy 109/250

 -- MarkovChainMC -- 
Limit: r < 14.4348 +/- 0.178614 @ 95% credibility (15 tries)
Done in 0.09 min (cpu), 0.09 min (real)
Generate toy 110/250

 -- MarkovChainMC -- 
Limit: r < 13.7748 +/- 0.154751 @ 95% credibility (15 tries)
Done in 0.09 min (cpu), 0.10 min (real)
Generate toy 111/250

 -- MarkovChainMC -- 
Limit: r < 12.2726 +/- 0.12864 @ 95% credibility (15 tries)
Done in 0.09 min (cpu), 0.09 min (real)
Generate toy 112/250

 -- MarkovChainMC -- 
Limit: r < 17.0509 +/- 0.207318 @ 95% credibility (15 tries)
Done in 0.09 min (cpu), 0.09 min (real)
Generate toy 113/250

 -- MarkovChainMC -- 
Limit: r < 27.7849 +/- 0.164804 @ 95% credibility (15 tries)
Done in 0.10 min (cpu), 0.10 min (real)
Generate toy 114/250

 -- MarkovChainMC -- 
Limit: r < 6.19009 +/- 0.126625 @ 95% credibility (15 tries)
Done in 0.08 min (cpu), 0.08 min (real)
Generate toy 115/250

 -- MarkovChainMC -- 
Limit: r < 11.9573 +/- 0.0994619 @ 95% credibility (15 tries)
Done in 0.08 min (cpu), 0.08 min (real)
Generate toy 116/250

 -- MarkovChainMC -- 
Limit: r < 24.6524 +/- 0.207354 @ 95% credibility (15 tries)
Done in 0.09 min (cpu), 0.09 min (real)
Generate toy 117/250

 -- MarkovChainMC -- 
Limit: r < 12.1675 +/- 0.122253 @ 95% credibility (15 tries)
Done in 0.09 min (cpu), 0.09 min (real)
Generate toy 118/250

 -- MarkovChainMC -- 
Limit: r < 9.44013 +/- 0.152272 @ 95% credibility (15 tries)
Done in 0.08 min (cpu), 0.08 min (real)
Generate toy 119/250

 -- MarkovChainMC -- 
Limit: r < 12.4103 +/- 0.208707 @ 95% credibility (15 tries)
Done in 0.09 min (cpu), 0.09 min (real)
Generate toy 120/250

 -- MarkovChainMC -- 
Limit: r < 10.8618 +/- 0.119509 @ 95% credibility (15 tries)
Done in 0.09 min (cpu), 0.09 min (real)
Generate toy 121/250

 -- MarkovChainMC -- 
Limit: r < 22.976 +/- 0.22411 @ 95% credibility (15 tries)
Done in 0.11 min (cpu), 0.11 min (real)
Generate toy 122/250

 -- MarkovChainMC -- 
Limit: r < 19.0963 +/- 0.168923 @ 95% credibility (15 tries)
Done in 0.10 min (cpu), 0.10 min (real)
Generate toy 123/250

 -- MarkovChainMC -- 
Limit: r < 13.1368 +/- 0.155839 @ 95% credibility (15 tries)
Done in 0.10 min (cpu), 0.10 min (real)
Generate toy 124/250

 -- MarkovChainMC -- 
Limit: r < 11.4222 +/- 0.198262 @ 95% credibility (15 tries)
Done in 0.09 min (cpu), 0.09 min (real)
Generate toy 125/250

 -- MarkovChainMC -- 
Limit: r < 14.6239 +/- 0.248066 @ 95% credibility (15 tries)
Done in 0.09 min (cpu), 0.09 min (real)
Generate toy 126/250

 -- MarkovChainMC -- 
Limit: r < 26.8543 +/- 0.271901 @ 95% credibility (15 tries)
Done in 0.11 min (cpu), 0.11 min (real)
Generate toy 127/250

 -- MarkovChainMC -- 
Limit: r < 13.1503 +/- 0.135941 @ 95% credibility (15 tries)
Done in 0.10 min (cpu), 0.10 min (real)
Generate toy 128/250

 -- MarkovChainMC -- 
Limit: r < 23.1003 +/- 0.181955 @ 95% credibility (15 tries)
Done in 0.10 min (cpu), 0.10 min (real)
Generate toy 129/250

 -- MarkovChainMC -- 
Limit: r < 14.1527 +/- 0.144871 @ 95% credibility (15 tries)
Done in 0.09 min (cpu), 0.10 min (real)
Generate toy 130/250

 -- MarkovChainMC -- 
Limit: r < 12.3385 +/- 0.0786063 @ 95% credibility (15 tries)
Done in 0.09 min (cpu), 0.09 min (real)
Generate toy 131/250

 -- MarkovChainMC -- 
Limit: r < 14.3082 +/- 0.102766 @ 95% credibility (15 tries)
Done in 0.10 min (cpu), 0.10 min (real)
Generate toy 132/250

 -- MarkovChainMC -- 
Limit: r < 8.98636 +/- 0.0846994 @ 95% credibility (15 tries)
Done in 0.10 min (cpu), 0.10 min (real)
Generate toy 133/250

 -- MarkovChainMC -- 
Limit: r < 13.6731 +/- 0.131938 @ 95% credibility (15 tries)
Done in 0.13 min (cpu), 0.13 min (real)
Generate toy 134/250

 -- MarkovChainMC -- 
Limit: r < 12.2889 +/- 0.124103 @ 95% credibility (15 tries)
Done in 0.10 min (cpu), 0.10 min (real)
Generate toy 135/250

 -- MarkovChainMC -- 
Limit: r < 9.79528 +/- 0.0898923 @ 95% credibility (15 tries)
Done in 0.08 min (cpu), 0.08 min (real)
Generate toy 136/250

 -- MarkovChainMC -- 
Limit: r < 11.7136 +/- 0.141996 @ 95% credibility (15 tries)
Done in 0.09 min (cpu), 0.09 min (real)
Generate toy 137/250

 -- MarkovChainMC -- 
Limit: r < 14.5977 +/- 0.109621 @ 95% credibility (15 tries)
Done in 0.09 min (cpu), 0.09 min (real)
Generate toy 138/250

 -- MarkovChainMC -- 
Limit: r < 12.2487 +/- 0.126123 @ 95% credibility (15 tries)
Done in 0.09 min (cpu), 0.09 min (real)
Generate toy 139/250

 -- MarkovChainMC -- 
Limit: r < 10.0766 +/- 0.127532 @ 95% credibility (15 tries)
Done in 0.09 min (cpu), 0.09 min (real)
Generate toy 140/250

 -- MarkovChainMC -- 
Limit: r < 12.3313 +/- 0.135789 @ 95% credibility (15 tries)
Done in 0.09 min (cpu), 0.09 min (real)
Generate toy 141/250

 -- MarkovChainMC -- 
Limit: r < 9.94795 +/- 0.111149 @ 95% credibility (15 tries)
Done in 0.11 min (cpu), 0.11 min (real)
Generate toy 142/250

 -- MarkovChainMC -- 
Limit: r < 12.7386 +/- 0.10731 @ 95% credibility (15 tries)
Done in 0.09 min (cpu), 0.09 min (real)
Generate toy 143/250

 -- MarkovChainMC -- 
Limit: r < 18.6077 +/- 0.21861 @ 95% credibility (15 tries)
Done in 0.09 min (cpu), 0.09 min (real)
Generate toy 144/250

 -- MarkovChainMC -- 
Limit: r < 16.0023 +/- 0.219313 @ 95% credibility (15 tries)
Done in 0.09 min (cpu), 0.09 min (real)
Generate toy 145/250

 -- MarkovChainMC -- 
Limit: r < 18.5915 +/- 0.104387 @ 95% credibility (15 tries)
Done in 0.11 min (cpu), 0.11 min (real)
Generate toy 146/250

 -- MarkovChainMC -- 
Limit: r < 17.6743 +/- 0.244838 @ 95% credibility (15 tries)
Done in 0.11 min (cpu), 0.11 min (real)
Generate toy 147/250

 -- MarkovChainMC -- 
Limit: r < 15.6285 +/- 0.224287 @ 95% credibility (15 tries)
Done in 0.09 min (cpu), 0.09 min (real)
Generate toy 148/250

 -- MarkovChainMC -- 
Limit: r < 18.9864 +/- 0.176582 @ 95% credibility (15 tries)
Done in 0.09 min (cpu), 0.09 min (real)
Generate toy 149/250

 -- MarkovChainMC -- 
Limit: r < 12.3956 +/- 0.12594 @ 95% credibility (15 tries)
Done in 0.10 min (cpu), 0.10 min (real)
Generate toy 150/250

 -- MarkovChainMC -- 
Limit: r < 12.8344 +/- 0.171656 @ 95% credibility (15 tries)
Done in 0.09 min (cpu), 0.09 min (real)
Generate toy 151/250

 -- MarkovChainMC -- 
Limit: r < 22.6013 +/- 0.134097 @ 95% credibility (15 tries)
Done in 0.10 min (cpu), 0.10 min (real)
Generate toy 152/250

 -- MarkovChainMC -- 
Limit: r < 11.7704 +/- 0.164513 @ 95% credibility (15 tries)
Done in 0.10 min (cpu), 0.10 min (real)
Generate toy 153/250

 -- MarkovChainMC -- 
Limit: r < 22.8225 +/- 0.186257 @ 95% credibility (15 tries)
Done in 0.11 min (cpu), 0.11 min (real)
Generate toy 154/250

 -- MarkovChainMC -- 
Limit: r < 15.4437 +/- 0.129928 @ 95% credibility (15 tries)
Done in 0.14 min (cpu), 0.14 min (real)
Generate toy 155/250

 -- MarkovChainMC -- 
Limit: r < 13.3234 +/- 0.205691 @ 95% credibility (15 tries)
Done in 0.11 min (cpu), 0.11 min (real)
Generate toy 156/250

 -- MarkovChainMC -- 
Limit: r < 10.7341 +/- 0.1608 @ 95% credibility (15 tries)
Done in 0.09 min (cpu), 0.09 min (real)
Generate toy 157/250

 -- MarkovChainMC -- 
Limit: r < 9.27732 +/- 0.0659062 @ 95% credibility (15 tries)
Done in 0.10 min (cpu), 0.10 min (real)
Generate toy 158/250

 -- MarkovChainMC -- 
Limit: r < 14.7229 +/- 0.165431 @ 95% credibility (15 tries)
Done in 0.12 min (cpu), 0.12 min (real)
Generate toy 159/250

 -- MarkovChainMC -- 
Limit: r < 21.9144 +/- 0.233541 @ 95% credibility (15 tries)
Done in 0.11 min (cpu), 0.11 min (real)
Generate toy 160/250

 -- MarkovChainMC -- 
Limit: r < 18.5511 +/- 0.102516 @ 95% credibility (15 tries)
Done in 0.10 min (cpu), 0.10 min (real)
Generate toy 161/250

 -- MarkovChainMC -- 
Limit: r < 15.4401 +/- 0.162886 @ 95% credibility (15 tries)
Done in 0.10 min (cpu), 0.10 min (real)
Generate toy 162/250

 -- MarkovChainMC -- 
Limit: r < 16.2849 +/- 0.252952 @ 95% credibility (15 tries)
Done in 0.10 min (cpu), 0.10 min (real)
Generate toy 163/250

 -- MarkovChainMC -- 
Limit: r < 8.32524 +/- 0.0738572 @ 95% credibility (15 tries)
Done in 0.09 min (cpu), 0.09 min (real)
Generate toy 164/250

 -- MarkovChainMC -- 
Limit: r < 18.3825 +/- 0.128595 @ 95% credibility (15 tries)
Done in 0.11 min (cpu), 0.11 min (real)
Generate toy 165/250

 -- MarkovChainMC -- 
Limit: r < 8.13536 +/- 0.136113 @ 95% credibility (15 tries)
Done in 0.09 min (cpu), 0.09 min (real)
Generate toy 166/250

 -- MarkovChainMC -- 
Limit: r < 26.3584 +/- 0.176398 @ 95% credibility (15 tries)
Done in 0.10 min (cpu), 0.10 min (real)
Generate toy 167/250

 -- MarkovChainMC -- 
Limit: r < 16.2602 +/- 0.258075 @ 95% credibility (15 tries)
Done in 0.09 min (cpu), 0.09 min (real)
Generate toy 168/250

 -- MarkovChainMC -- 
Limit: r < 12.0253 +/- 0.115638 @ 95% credibility (15 tries)
Done in 0.11 min (cpu), 0.11 min (real)
Generate toy 169/250

 -- MarkovChainMC -- 
Limit: r < 18.6689 +/- 0.0868152 @ 95% credibility (15 tries)
Done in 0.11 min (cpu), 0.11 min (real)
Generate toy 170/250

 -- MarkovChainMC -- 
Limit: r < 22.4914 +/- 0.145709 @ 95% credibility (15 tries)
Done in 0.09 min (cpu), 0.09 min (real)
Generate toy 171/250

 -- MarkovChainMC -- 
Limit: r < 16.5537 +/- 0.246498 @ 95% credibility (15 tries)
Done in 0.10 min (cpu), 0.10 min (real)
Generate toy 172/250

 -- MarkovChainMC -- 
Limit: r < 10.6594 +/- 0.110319 @ 95% credibility (15 tries)
Done in 0.11 min (cpu), 0.11 min (real)
Generate toy 173/250

 -- MarkovChainMC -- 
Limit: r < 10.3436 +/- 0.101165 @ 95% credibility (15 tries)
Done in 0.09 min (cpu), 0.09 min (real)
Generate toy 174/250

 -- MarkovChainMC -- 
Limit: r < 17.1721 +/- 0.265001 @ 95% credibility (15 tries)
Done in 0.10 min (cpu), 0.10 min (real)
Generate toy 175/250

 -- MarkovChainMC -- 
Limit: r < 25.4365 +/- 0.239909 @ 95% credibility (15 tries)
Done in 0.09 min (cpu), 0.09 min (real)
Generate toy 176/250

 -- MarkovChainMC -- 
Limit: r < 17.7358 +/- 0.167206 @ 95% credibility (15 tries)
Done in 0.12 min (cpu), 0.12 min (real)
Generate toy 177/250

 -- MarkovChainMC -- 
Limit: r < 14.1967 +/- 0.130479 @ 95% credibility (15 tries)
Done in 0.09 min (cpu), 0.09 min (real)
Generate toy 178/250

 -- MarkovChainMC -- 
Limit: r < 7.00775 +/- 0.0984278 @ 95% credibility (15 tries)
Done in 0.08 min (cpu), 0.08 min (real)
Generate toy 179/250

 -- MarkovChainMC -- 
Limit: r < 7.68018 +/- 0.13111 @ 95% credibility (15 tries)
Done in 0.09 min (cpu), 0.09 min (real)
Generate toy 180/250

 -- MarkovChainMC -- 
Limit: r < 15.7142 +/- 0.259033 @ 95% credibility (15 tries)
Done in 0.09 min (cpu), 0.09 min (real)
Generate toy 181/250

 -- MarkovChainMC -- 
Limit: r < 23.5739 +/- 0.251135 @ 95% credibility (15 tries)
Done in 0.11 min (cpu), 0.11 min (real)
Generate toy 182/250

 -- MarkovChainMC -- 
Limit: r < 11.718 +/- 0.103435 @ 95% credibility (15 tries)
Done in 0.11 min (cpu), 0.11 min (real)
Generate toy 183/250

 -- MarkovChainMC -- 
Limit: r < 13.2413 +/- 0.127747 @ 95% credibility (15 tries)
Done in 0.11 min (cpu), 0.11 min (real)
Generate toy 184/250

 -- MarkovChainMC -- 
Limit: r < 20.9513 +/- 0.187431 @ 95% credibility (15 tries)
Done in 0.09 min (cpu), 0.10 min (real)
Generate toy 185/250

 -- MarkovChainMC -- 
Limit: r < 13.8907 +/- 0.154276 @ 95% credibility (15 tries)
Done in 0.10 min (cpu), 0.10 min (real)
Generate toy 186/250

 -- MarkovChainMC -- 
Limit: r < 13.1824 +/- 0.19433 @ 95% credibility (15 tries)
Done in 0.09 min (cpu), 0.09 min (real)
Generate toy 187/250

 -- MarkovChainMC -- 
Limit: r < 24.2138 +/- 0.154571 @ 95% credibility (15 tries)
Done in 0.09 min (cpu), 0.09 min (real)
Generate toy 188/250

 -- MarkovChainMC -- 
Limit: r < 21.2299 +/- 0.08875 @ 95% credibility (15 tries)
Done in 0.09 min (cpu), 0.10 min (real)
Generate toy 189/250

 -- MarkovChainMC -- 
Limit: r < 11.5448 +/- 0.117054 @ 95% credibility (15 tries)
Done in 0.09 min (cpu), 0.09 min (real)
Generate toy 190/250

 -- MarkovChainMC -- 
Limit: r < 14.1937 +/- 0.171881 @ 95% credibility (15 tries)
Done in 0.10 min (cpu), 0.11 min (real)
Generate toy 191/250

 -- MarkovChainMC -- 
Limit: r < 8.92526 +/- 0.0630771 @ 95% credibility (15 tries)
Done in 0.08 min (cpu), 0.08 min (real)
Generate toy 192/250

 -- MarkovChainMC -- 
Limit: r < 14.7912 +/- 0.12752 @ 95% credibility (15 tries)
Done in 0.11 min (cpu), 0.11 min (real)
Generate toy 193/250

 -- MarkovChainMC -- 
Limit: r < 21.4595 +/- 0.174786 @ 95% credibility (15 tries)
Done in 0.10 min (cpu), 0.10 min (real)
Generate toy 194/250

 -- MarkovChainMC -- 
Limit: r < 12.8743 +/- 0.12909 @ 95% credibility (15 tries)
Done in 0.11 min (cpu), 0.11 min (real)
Generate toy 195/250

 -- MarkovChainMC -- 
Limit: r < 10.5447 +/- 0.115109 @ 95% credibility (15 tries)
Done in 0.10 min (cpu), 0.10 min (real)
Generate toy 196/250

 -- MarkovChainMC -- 
Limit: r < 14.1244 +/- 0.278175 @ 95% credibility (15 tries)
Done in 0.11 min (cpu), 0.11 min (real)
Generate toy 197/250

 -- MarkovChainMC -- 
Limit: r < 10.0475 +/- 0.0617 @ 95% credibility (15 tries)
Done in 0.09 min (cpu), 0.09 min (real)
Generate toy 198/250

 -- MarkovChainMC -- 
Limit: r < 15.6617 +/- 0.245936 @ 95% credibility (15 tries)
Done in 0.09 min (cpu), 0.09 min (real)
Generate toy 199/250

 -- MarkovChainMC -- 
Limit: r < 14.8927 +/- 0.27134 @ 95% credibility (15 tries)
Done in 0.09 min (cpu), 0.09 min (real)
Generate toy 200/250

 -- MarkovChainMC -- 
Limit: r < 27.5186 +/- 0.291359 @ 95% credibility (15 tries)
Done in 0.09 min (cpu), 0.09 min (real)
Generate toy 201/250

 -- MarkovChainMC -- 
Limit: r < 9.27569 +/- 0.0717821 @ 95% credibility (15 tries)
Done in 0.10 min (cpu), 0.10 min (real)
Generate toy 202/250

 -- MarkovChainMC -- 
Limit: r < 23.5576 +/- 0.274915 @ 95% credibility (15 tries)
Done in 0.09 min (cpu), 0.09 min (real)
Generate toy 203/250

 -- MarkovChainMC -- 
Limit: r < 15.3703 +/- 0.134063 @ 95% credibility (15 tries)
Done in 0.09 min (cpu), 0.09 min (real)
Generate toy 204/250

 -- MarkovChainMC -- 
Limit: r < 9.67732 +/- 0.0909156 @ 95% credibility (15 tries)
Done in 0.09 min (cpu), 0.09 min (real)
Generate toy 205/250

 -- MarkovChainMC -- 
Limit: r < 17.8966 +/- 0.152749 @ 95% credibility (15 tries)
Done in 0.11 min (cpu), 0.11 min (real)
Generate toy 206/250

 -- MarkovChainMC -- 
Limit: r < 13.1709 +/- 0.171993 @ 95% credibility (15 tries)
Done in 0.13 min (cpu), 0.13 min (real)
Generate toy 207/250

 -- MarkovChainMC -- 
Limit: r < 19.1463 +/- 0.10435 @ 95% credibility (15 tries)
Done in 0.12 min (cpu), 0.12 min (real)
Generate toy 208/250

 -- MarkovChainMC -- 
Limit: r < 22.6453 +/- 0.277484 @ 95% credibility (15 tries)
Done in 0.11 min (cpu), 0.11 min (real)
Generate toy 209/250

 -- MarkovChainMC -- 
Limit: r < 11.8431 +/- 0.213994 @ 95% credibility (15 tries)
Done in 0.11 min (cpu), 0.11 min (real)
Generate toy 210/250

 -- MarkovChainMC -- 
Limit: r < 13.3975 +/- 0.197307 @ 95% credibility (15 tries)
Done in 0.08 min (cpu), 0.08 min (real)
Generate toy 211/250

 -- MarkovChainMC -- 
Limit: r < 14.0372 +/- 0.277233 @ 95% credibility (15 tries)
Done in 0.10 min (cpu), 0.10 min (real)
Generate toy 212/250

 -- MarkovChainMC -- 
Limit: r < 16.8022 +/- 0.254724 @ 95% credibility (15 tries)
Done in 0.09 min (cpu), 0.09 min (real)
Generate toy 213/250

 -- MarkovChainMC -- 
Limit: r < 25.9188 +/- 0.201721 @ 95% credibility (15 tries)
Done in 0.09 min (cpu), 0.09 min (real)
Generate toy 214/250

 -- MarkovChainMC -- 
Limit: r < 17.0875 +/- 0.192874 @ 95% credibility (15 tries)
Done in 0.09 min (cpu), 0.09 min (real)
Generate toy 215/250

 -- MarkovChainMC -- 
Limit: r < 29.8549 +/- 0.254115 @ 95% credibility (15 tries)
Done in 0.10 min (cpu), 0.10 min (real)
Generate toy 216/250

 -- MarkovChainMC -- 
Limit: r < 14.0686 +/- 0.240247 @ 95% credibility (15 tries)
Done in 0.08 min (cpu), 0.09 min (real)
Generate toy 217/250

 -- MarkovChainMC -- 
Limit: r < 11.5581 +/- 0.181865 @ 95% credibility (15 tries)
Done in 0.08 min (cpu), 0.09 min (real)
Generate toy 218/250

 -- MarkovChainMC -- 
Limit: r < 13.9605 +/- 0.259448 @ 95% credibility (15 tries)
Done in 0.09 min (cpu), 0.09 min (real)
Generate toy 219/250

 -- MarkovChainMC -- 
Limit: r < 22.9647 +/- 0.143966 @ 95% credibility (15 tries)
Done in 0.10 min (cpu), 0.10 min (real)
Generate toy 220/250

 -- MarkovChainMC -- 
Limit: r < 10.2676 +/- 0.164546 @ 95% credibility (15 tries)
Done in 0.08 min (cpu), 0.08 min (real)
Generate toy 221/250

 -- MarkovChainMC -- 
Limit: r < 27.826 +/- 0.194241 @ 95% credibility (15 tries)
Done in 0.10 min (cpu), 0.10 min (real)
Generate toy 222/250

 -- MarkovChainMC -- 
Limit: r < 14.3209 +/- 0.222591 @ 95% credibility (15 tries)
Done in 0.09 min (cpu), 0.09 min (real)
Generate toy 223/250

 -- MarkovChainMC -- 
Limit: r < 12.5614 +/- 0.13431 @ 95% credibility (15 tries)
Done in 0.09 min (cpu), 0.09 min (real)
Generate toy 224/250

 -- MarkovChainMC -- 
Limit: r < 15.9128 +/- 0.124526 @ 95% credibility (15 tries)
Done in 0.10 min (cpu), 0.10 min (real)
Generate toy 225/250

 -- MarkovChainMC -- 
Limit: r < 16.6098 +/- 0.182832 @ 95% credibility (15 tries)
Done in 0.10 min (cpu), 0.10 min (real)
Generate toy 226/250

 -- MarkovChainMC -- 
Limit: r < 23.2578 +/- 0.274164 @ 95% credibility (15 tries)
Done in 0.09 min (cpu), 0.09 min (real)
Generate toy 227/250

 -- MarkovChainMC -- 
Limit: r < 11.6424 +/- 0.132591 @ 95% credibility (15 tries)
Done in 0.11 min (cpu), 0.12 min (real)
Generate toy 228/250

 -- MarkovChainMC -- 
Limit: r < 11.3653 +/- 0.101452 @ 95% credibility (15 tries)
Done in 0.09 min (cpu), 0.10 min (real)
Generate toy 229/250

 -- MarkovChainMC -- 
Limit: r < 18.5303 +/- 0.180054 @ 95% credibility (15 tries)
Done in 0.09 min (cpu), 0.09 min (real)
Generate toy 230/250

 -- MarkovChainMC -- 
Limit: r < 16.9733 +/- 0.0758584 @ 95% credibility (15 tries)
Done in 0.09 min (cpu), 0.09 min (real)
Generate toy 231/250

 -- MarkovChainMC -- 
Limit: r < 10.7203 +/- 0.213786 @ 95% credibility (15 tries)
Done in 0.08 min (cpu), 0.08 min (real)
Generate toy 232/250

 -- MarkovChainMC -- 
Limit: r < 8.28099 +/- 0.14391 @ 95% credibility (15 tries)
Done in 0.09 min (cpu), 0.09 min (real)
Generate toy 233/250

 -- MarkovChainMC -- 
Limit: r < 13.5558 +/- 0.182979 @ 95% credibility (15 tries)
Done in 0.10 min (cpu), 0.10 min (real)
Generate toy 234/250

 -- MarkovChainMC -- 
Limit: r < 14.0302 +/- 0.0601051 @ 95% credibility (15 tries)
Done in 0.09 min (cpu), 0.09 min (real)
Generate toy 235/250

 -- MarkovChainMC -- 
Limit: r < 8.62208 +/- 0.118194 @ 95% credibility (15 tries)
Done in 0.10 min (cpu), 0.10 min (real)
Generate toy 236/250

 -- MarkovChainMC -- 
Limit: r < 16.1127 +/- 0.151235 @ 95% credibility (15 tries)
Done in 0.11 min (cpu), 0.11 min (real)
Generate toy 237/250

 -- MarkovChainMC -- 
Limit: r < 19.5577 +/- 0.167175 @ 95% credibility (15 tries)
Done in 0.09 min (cpu), 0.09 min (real)
Generate toy 238/250

 -- MarkovChainMC -- 
Limit: r < 14.1195 +/- 0.182436 @ 95% credibility (15 tries)
Done in 0.08 min (cpu), 0.08 min (real)
Generate toy 239/250

 -- MarkovChainMC -- 
Limit: r < 24.6691 +/- 0.209018 @ 95% credibility (15 tries)
Done in 0.09 min (cpu), 0.09 min (real)
Generate toy 240/250

 -- MarkovChainMC -- 
Limit: r < 12.7608 +/- 0.189241 @ 95% credibility (15 tries)
Done in 0.10 min (cpu), 0.10 min (real)
Generate toy 241/250

 -- MarkovChainMC -- 
Limit: r < 9.36083 +/- 0.125846 @ 95% credibility (15 tries)
Done in 0.09 min (cpu), 0.10 min (real)
Generate toy 242/250

 -- MarkovChainMC -- 
Limit: r < 11.5739 +/- 0.131616 @ 95% credibility (15 tries)
Done in 0.08 min (cpu), 0.08 min (real)
Generate toy 243/250

 -- MarkovChainMC -- 
Limit: r < 13.6415 +/- 0.281349 @ 95% credibility (15 tries)
Done in 0.09 min (cpu), 0.09 min (real)
Generate toy 244/250

 -- MarkovChainMC -- 
Limit: r < 19.4211 +/- 0.187667 @ 95% credibility (15 tries)
Done in 0.09 min (cpu), 0.09 min (real)
Generate toy 245/250

 -- MarkovChainMC -- 
Limit: r < 8.60465 +/- 0.0824608 @ 95% credibility (15 tries)
Done in 0.12 min (cpu), 0.12 min (real)
Generate toy 246/250

 -- MarkovChainMC -- 
Limit: r < 9.8696 +/- 0.09359 @ 95% credibility (15 tries)
Done in 0.10 min (cpu), 0.10 min (real)
Generate toy 247/250

 -- MarkovChainMC -- 
Limit: r < 28.8991 +/- 0.274649 @ 95% credibility (15 tries)
Done in 0.12 min (cpu), 0.12 min (real)
Generate toy 248/250

 -- MarkovChainMC -- 
Limit: r < 9.48871 +/- 0.116137 @ 95% credibility (15 tries)
Done in 0.09 min (cpu), 0.09 min (real)
Generate toy 249/250

 -- MarkovChainMC -- 
Limit: r < 15.6483 +/- 0.415979 @ 95% credibility (15 tries)
Done in 0.09 min (cpu), 0.09 min (real)
Generate toy 250/250

 -- MarkovChainMC -- 
Limit: r < 10.7437 +/- 0.152137 @ 95% credibility (15 tries)
Done in 0.08 min (cpu), 0.08 min (real)
mean   expected limit: r < 15.0359 +/- 0.314787 @ 95%CL (250 toyMC)
median expected limit: r < 14.076 @ 95%CL (250 toyMC)
   68% expected band : 10.5447 < r < 20.2832
   95% expected band : 7.95957 < r < 27.6126
