 <<< Combine >>> 
 <<< v10.0.2 >>>
>>> Used OpenSSL to get a truly random seed 144867323
>>> Method used is MarkovChainMC
============================================================
Analyzing bin errors for: prop_binmuon_channel
Poisson cut-off: 10
Processes excluded for sums: Wprime5000
============================================================
Bin        Contents        Error           Notes                         
0          4246.437044     16.603223       total sum                     
0          4245.728997     16.603213       excluding marked processes    
0          65391.000000    255.716640      Unweighted events, alpha=0.064939
  => Total parameter prop_binmuon_channel_bin0[0.00,-7.00,7.00] to be Gaussian constrained
------------------------------------------------------------
1          1621.759273     7.828074        total sum                     
1          1621.101079     7.828053        excluding marked processes    
1          42886.000000    207.089353      Unweighted events, alpha=0.037816
  => Total parameter prop_binmuon_channel_bin1[0.00,-7.00,7.00] to be Gaussian constrained
------------------------------------------------------------
2          721.990817      4.795545        total sum                     
2          721.396648      4.795515        excluding marked processes    
2          22630.000000    150.432709      Unweighted events, alpha=0.031904
  => Total parameter prop_binmuon_channel_bin2[0.00,-7.00,7.00] to be Gaussian constrained
------------------------------------------------------------
3          359.836870      3.009399        total sum                     
3          359.285774      3.009355        excluding marked processes    
3          14254.000000    119.390117      Unweighted events, alpha=0.025245
  => Total parameter prop_binmuon_channel_bin3[0.00,-7.00,7.00] to be Gaussian constrained
------------------------------------------------------------
4          191.678959      3.360912        total sum                     
4          191.190097      3.360877        excluding marked processes    
4          3236.000000     56.885851       Unweighted events, alpha=0.059233
  => Total parameter prop_binmuon_channel_bin4[0.00,-7.00,7.00] to be Gaussian constrained
------------------------------------------------------------
5          112.664856      1.192204        total sum                     
5          112.217111      1.192110        excluding marked processes    
5          8861.000000     94.132885       Unweighted events, alpha=0.012715
  => Total parameter prop_binmuon_channel_bin5[0.00,-7.00,7.00] to be Gaussian constrained
------------------------------------------------------------
6          107.953987      1.524210        total sum                     
6          107.129583      1.524073        excluding marked processes    
6          4941.000000     70.292247       Unweighted events, alpha=0.021849
  => Total parameter prop_binmuon_channel_bin6[0.00,-7.00,7.00] to be Gaussian constrained
------------------------------------------------------------
7          41.843712       0.658207        total sum                     
7          41.104515       0.657922        excluding marked processes    
7          3903.000000     62.473995       Unweighted events, alpha=0.010721
  => Total parameter prop_binmuon_channel_bin7[0.00,-7.00,7.00] to be Gaussian constrained
------------------------------------------------------------
8          24.309444       0.587421        total sum                     
8          23.449391       0.587056        excluding marked processes    
8          1596.000000     39.949969       Unweighted events, alpha=0.015231
  => Total parameter prop_binmuon_channel_bin8[0.00,-7.00,7.00] to be Gaussian constrained
------------------------------------------------------------
9          9.099691        0.395033        total sum                     
9          8.355840        0.394559        excluding marked processes    
9          448.000000      21.166010       Unweighted events, alpha=0.020312
  => Total parameter prop_binmuon_channel_bin9[0.00,-7.00,7.00] to be Gaussian constrained
------------------------------------------------------------
10         4.478183        0.252865        total sum                     
10         3.506378        0.251887        excluding marked processes    
10         194.000000      13.928388       Unweighted events, alpha=0.023083
  => Total parameter prop_binmuon_channel_bin10[0.00,-7.00,7.00] to be Gaussian constrained
------------------------------------------------------------
11         2.850905        0.182263        total sum                     
11         1.363219        0.180174        excluding marked processes    
11         57.000000       7.549834        Unweighted events, alpha=0.050016
  => Total parameter prop_binmuon_channel_bin11[0.00,-7.00,7.00] to be Gaussian constrained
------------------------------------------------------------
12         2.042344        0.290383        total sum                     
12         0.530791        0.289065        excluding marked processes    
12         3.000000        1.732051        Unweighted events, alpha=0.680781
  => Number of weighted events is below Poisson threshold
    Wprime5000           1.511552        0.027629                                      
                         2993.000000     54.708317       Unweighted events, alpha=0.000505
      => Parameter prop_binmuon_channel_bin12_Wprime5000[0.00,-7.00,7.00] to be Gaussian constrained
  ----------------------------------------------------------
    W_boson              0.216692        0.001181                                      
                         33653.000000    183.447540      Unweighted events, alpha=0.000006
      => Parameter prop_binmuon_channel_bin12_W_boson[0.00,-7.00,7.00] to be Gaussian constrained
  ----------------------------------------------------------
    Top                  0.000000        0.000000                                      
      => Error is zero, ignore      
  ----------------------------------------------------------
    Z_boson              0.004094        0.000500                                      
                         67.000000       8.185353        Unweighted events, alpha=0.000061
      => Parameter prop_binmuon_channel_bin12_Z_boson[0.00,-7.00,7.00] to be Gaussian constrained
  ----------------------------------------------------------
    DiBoson              0.288910        0.288561                                      
                         1.000000        1.000000        Unweighted events, alpha=0.288910
      => Product of prop_binmuon_channel_bin12_DiBoson[1.00,0.00,30.85] and const [1.0000] to be Poisson constrained
  ----------------------------------------------------------
    QCD                  0.021095        0.017013                                      
                         2.000000        1.414214        Unweighted events, alpha=0.010547
      => Product of prop_binmuon_channel_bin12_QCD[2.00,0.00,33.79] and const [0.5000] to be Poisson constrained
  ----------------------------------------------------------
------------------------------------------------------------
13         4.378947        0.046373        total sum                     
13         0.067145        0.000584        excluding marked processes    
13         13239.000000    115.060853      Unweighted events, alpha=0.000331
  => Total parameter prop_binmuon_channel_bin13[0.00,-7.00,7.00] to be Gaussian constrained
------------------------------------------------------------
14         0.789390        0.019726        total sum                     
14         0.003967        0.000043        excluding marked processes    
14         8482.000000     92.097774       Unweighted events, alpha=0.000093
  => Total parameter prop_binmuon_channel_bin14[0.00,-7.00,7.00] to be Gaussian constrained
------------------------------------------------------------
15         0.028566        0.005221        total sum                     
15         0.005625        0.003835        excluding marked processes    
15         2.000000        1.414214        Unweighted events, alpha=0.014283
  => Number of weighted events is below Poisson threshold
    Wprime5000           0.022941        0.003544                                      
                         42.000000       6.480741        Unweighted events, alpha=0.000546
      => Parameter prop_binmuon_channel_bin15_Wprime5000[0.00,-7.00,7.00] to be Gaussian constrained
  ----------------------------------------------------------
    W_boson              0.000849        0.000021                                      
                         1670.000000     40.865633       Unweighted events, alpha=0.000001
      => Parameter prop_binmuon_channel_bin15_W_boson[0.00,-7.00,7.00] to be Gaussian constrained
  ----------------------------------------------------------
    Top                  0.000000        0.000000                                      
      => Error is zero, ignore      
  ----------------------------------------------------------
    Z_boson              0.000011        0.000003                                      
                         16.000000       4.000000        Unweighted events, alpha=0.000001
      => Parameter prop_binmuon_channel_bin15_Z_boson[0.00,-7.00,7.00] to be Gaussian constrained
  ----------------------------------------------------------
    DiBoson              0.000000        0.000000                                      
      => Error is zero, ignore      
  ----------------------------------------------------------
    QCD                  0.004765        0.003834                                      
                         2.000000        1.414214        Unweighted events, alpha=0.002383
      => Product of prop_binmuon_channel_bin15_QCD[2.00,0.00,33.79] and const [0.5000] to be Poisson constrained
  ----------------------------------------------------------
------------------------------------------------------------
Channel muon_channel will use autoMCStats with settings: event-threshold=10, include-signal=0, hist-mode=1
Generate toy 1/250

 -- MarkovChainMC -- 
Limit: r < 0.397862 +/- 0.00326408 @ 95% credibility (15 tries)
Done in 0.14 min (cpu), 0.17 min (real)
Generate toy 2/250

 -- MarkovChainMC -- 
Limit: r < 0.43972 +/- 0.00656826 @ 95% credibility (15 tries)
Done in 0.14 min (cpu), 0.15 min (real)
Generate toy 3/250

 -- MarkovChainMC -- 
Limit: r < 0.662331 +/- 0.00656135 @ 95% credibility (15 tries)
Done in 0.14 min (cpu), 0.16 min (real)
Generate toy 4/250

 -- MarkovChainMC -- 
Limit: r < 0.44274 +/- 0.00519366 @ 95% credibility (15 tries)
Done in 0.14 min (cpu), 0.14 min (real)
Generate toy 5/250

 -- MarkovChainMC -- 
Limit: r < 0.477515 +/- 0.00509779 @ 95% credibility (15 tries)
Done in 0.14 min (cpu), 0.15 min (real)
Generate toy 6/250

 -- MarkovChainMC -- 
Limit: r < 0.369525 +/- 0.00410278 @ 95% credibility (15 tries)
Done in 0.14 min (cpu), 0.15 min (real)
Generate toy 7/250

 -- MarkovChainMC -- 
Limit: r < 0.818508 +/- 0.0101228 @ 95% credibility (15 tries)
Done in 0.15 min (cpu), 0.16 min (real)
Generate toy 8/250

 -- MarkovChainMC -- 
Limit: r < 0.718461 +/- 0.00719612 @ 95% credibility (15 tries)
Done in 0.14 min (cpu), 0.15 min (real)
Generate toy 9/250

 -- MarkovChainMC -- 
Limit: r < 0.496816 +/- 0.00531102 @ 95% credibility (15 tries)
Done in 0.13 min (cpu), 0.14 min (real)
Generate toy 10/250

 -- MarkovChainMC -- 
Limit: r < 0.443511 +/- 0.00341004 @ 95% credibility (15 tries)
Done in 0.14 min (cpu), 0.14 min (real)
Generate toy 11/250

 -- MarkovChainMC -- 
Limit: r < 0.423762 +/- 0.00407443 @ 95% credibility (15 tries)
Done in 0.13 min (cpu), 0.15 min (real)
Generate toy 12/250

 -- MarkovChainMC -- 
Limit: r < 0.51879 +/- 0.00839917 @ 95% credibility (15 tries)
Done in 0.14 min (cpu), 0.14 min (real)
Generate toy 13/250

 -- MarkovChainMC -- 
Limit: r < 0.501834 +/- 0.00528042 @ 95% credibility (15 tries)
Done in 0.14 min (cpu), 0.15 min (real)
Generate toy 14/250

 -- MarkovChainMC -- 
Limit: r < 0.347246 +/- 0.00284718 @ 95% credibility (15 tries)
Done in 0.13 min (cpu), 0.15 min (real)
Generate toy 15/250

 -- MarkovChainMC -- 
Limit: r < 0.496782 +/- 0.00613486 @ 95% credibility (15 tries)
Done in 0.14 min (cpu), 0.15 min (real)
Generate toy 16/250

 -- MarkovChainMC -- 
Limit: r < 0.387055 +/- 0.0053072 @ 95% credibility (15 tries)
Done in 0.14 min (cpu), 0.15 min (real)
Generate toy 17/250

 -- MarkovChainMC -- 
Limit: r < 0.63751 +/- 0.00529459 @ 95% credibility (15 tries)
Done in 0.14 min (cpu), 0.15 min (real)
Generate toy 18/250

 -- MarkovChainMC -- 
Limit: r < 0.401714 +/- 0.00573816 @ 95% credibility (15 tries)
Done in 0.14 min (cpu), 0.15 min (real)
Generate toy 19/250

 -- MarkovChainMC -- 
Limit: r < 0.544566 +/- 0.00675364 @ 95% credibility (15 tries)
Done in 0.14 min (cpu), 0.15 min (real)
Generate toy 20/250

 -- MarkovChainMC -- 
Limit: r < 0.63212 +/- 0.00834275 @ 95% credibility (15 tries)
Done in 0.15 min (cpu), 0.16 min (real)
Generate toy 21/250

 -- MarkovChainMC -- 
Limit: r < 0.365175 +/- 0.00516133 @ 95% credibility (15 tries)
Done in 0.13 min (cpu), 0.14 min (real)
Generate toy 22/250

 -- MarkovChainMC -- 
Limit: r < 0.477963 +/- 0.00250145 @ 95% credibility (15 tries)
Done in 0.14 min (cpu), 0.14 min (real)
Generate toy 23/250

 -- MarkovChainMC -- 
Limit: r < 0.363266 +/- 0.00581792 @ 95% credibility (15 tries)
Done in 0.13 min (cpu), 0.15 min (real)
Generate toy 24/250

 -- MarkovChainMC -- 
Limit: r < 0.43623 +/- 0.00403313 @ 95% credibility (15 tries)
Done in 0.13 min (cpu), 0.14 min (real)
Generate toy 25/250

 -- MarkovChainMC -- 
Limit: r < 0.733018 +/- 0.0075804 @ 95% credibility (15 tries)
Done in 0.15 min (cpu), 0.15 min (real)
Generate toy 26/250

 -- MarkovChainMC -- 
Limit: r < 0.64473 +/- 0.00523153 @ 95% credibility (15 tries)
Done in 0.14 min (cpu), 0.16 min (real)
Generate toy 27/250

 -- MarkovChainMC -- 
Limit: r < 0.903887 +/- 0.00508011 @ 95% credibility (15 tries)
Done in 0.16 min (cpu), 0.17 min (real)
Generate toy 28/250

 -- MarkovChainMC -- 
Limit: r < 0.449569 +/- 0.00624039 @ 95% credibility (15 tries)
Done in 0.14 min (cpu), 0.15 min (real)
Generate toy 29/250

 -- MarkovChainMC -- 
Limit: r < 0.845816 +/- 0.0119168 @ 95% credibility (15 tries)
Done in 0.15 min (cpu), 0.15 min (real)
Generate toy 30/250

 -- MarkovChainMC -- 
Limit: r < 0.343579 +/- 0.00589008 @ 95% credibility (15 tries)
Done in 0.13 min (cpu), 0.14 min (real)
Generate toy 31/250

 -- MarkovChainMC -- 
Limit: r < 0.484271 +/- 0.00531311 @ 95% credibility (15 tries)
Done in 0.14 min (cpu), 0.15 min (real)
Generate toy 32/250

 -- MarkovChainMC -- 
Limit: r < 0.41422 +/- 0.00352439 @ 95% credibility (15 tries)
Done in 0.13 min (cpu), 0.14 min (real)
Generate toy 33/250

 -- MarkovChainMC -- 
Limit: r < 0.469763 +/- 0.00521367 @ 95% credibility (15 tries)
Done in 0.14 min (cpu), 0.15 min (real)
Generate toy 34/250

 -- MarkovChainMC -- 
Limit: r < 0.581427 +/- 0.00643484 @ 95% credibility (15 tries)
Done in 0.14 min (cpu), 0.15 min (real)
Generate toy 35/250

 -- MarkovChainMC -- 
Limit: r < 0.739263 +/- 0.00758623 @ 95% credibility (15 tries)
Done in 0.15 min (cpu), 0.15 min (real)
Generate toy 36/250

 -- MarkovChainMC -- 
Limit: r < 0.506241 +/- 0.00918345 @ 95% credibility (15 tries)
Done in 0.14 min (cpu), 0.16 min (real)
Generate toy 37/250

 -- MarkovChainMC -- 
Limit: r < 0.525773 +/- 0.00470289 @ 95% credibility (15 tries)
Done in 0.14 min (cpu), 0.15 min (real)
Generate toy 38/250

 -- MarkovChainMC -- 
Limit: r < 0.510768 +/- 0.00599124 @ 95% credibility (15 tries)
Done in 0.14 min (cpu), 0.15 min (real)
Generate toy 39/250

 -- MarkovChainMC -- 
Limit: r < 0.794065 +/- 0.00595342 @ 95% credibility (15 tries)
Done in 0.15 min (cpu), 0.17 min (real)
Generate toy 40/250

 -- MarkovChainMC -- 
Limit: r < 0.441408 +/- 0.0024924 @ 95% credibility (15 tries)
Done in 0.14 min (cpu), 0.15 min (real)
Generate toy 41/250

 -- MarkovChainMC -- 
Limit: r < 0.470742 +/- 0.00559756 @ 95% credibility (15 tries)
Done in 0.13 min (cpu), 0.14 min (real)
Generate toy 42/250

 -- MarkovChainMC -- 
Limit: r < 0.414953 +/- 0.00512375 @ 95% credibility (15 tries)
Done in 0.14 min (cpu), 0.15 min (real)
Generate toy 43/250

 -- MarkovChainMC -- 
Limit: r < 0.35023 +/- 0.00340896 @ 95% credibility (15 tries)
Done in 0.13 min (cpu), 0.14 min (real)
Generate toy 44/250

 -- MarkovChainMC -- 
Limit: r < 0.403779 +/- 0.00345599 @ 95% credibility (15 tries)
Done in 0.14 min (cpu), 0.14 min (real)
Generate toy 45/250

 -- MarkovChainMC -- 
Limit: r < 0.362354 +/- 0.00230106 @ 95% credibility (15 tries)
Done in 0.13 min (cpu), 0.14 min (real)
Generate toy 46/250

 -- MarkovChainMC -- 
Limit: r < 0.8448 +/- 0.00738895 @ 95% credibility (15 tries)
Done in 0.15 min (cpu), 0.15 min (real)
Generate toy 47/250

 -- MarkovChainMC -- 
Limit: r < 0.40688 +/- 0.00417395 @ 95% credibility (15 tries)
Done in 0.14 min (cpu), 0.14 min (real)
Generate toy 48/250

 -- MarkovChainMC -- 
Limit: r < 0.490884 +/- 0.00522613 @ 95% credibility (15 tries)
Done in 0.14 min (cpu), 0.15 min (real)
Generate toy 49/250

 -- MarkovChainMC -- 
Limit: r < 0.462382 +/- 0.00434932 @ 95% credibility (15 tries)
Done in 0.14 min (cpu), 0.14 min (real)
Generate toy 50/250

 -- MarkovChainMC -- 
Limit: r < 0.403881 +/- 0.00401515 @ 95% credibility (15 tries)
Done in 0.13 min (cpu), 0.14 min (real)
Generate toy 51/250

 -- MarkovChainMC -- 
Limit: r < 0.400486 +/- 0.0060709 @ 95% credibility (15 tries)
Done in 0.13 min (cpu), 0.14 min (real)
Generate toy 52/250

 -- MarkovChainMC -- 
Limit: r < 0.561506 +/- 0.00649412 @ 95% credibility (15 tries)
Done in 0.14 min (cpu), 0.15 min (real)
Generate toy 53/250

 -- MarkovChainMC -- 
Limit: r < 0.4005 +/- 0.0026202 @ 95% credibility (15 tries)
Done in 0.14 min (cpu), 0.15 min (real)
Generate toy 54/250

 -- MarkovChainMC -- 
Limit: r < 0.705762 +/- 0.00504968 @ 95% credibility (15 tries)
Done in 0.15 min (cpu), 0.15 min (real)
Generate toy 55/250

 -- MarkovChainMC -- 
Limit: r < 0.43793 +/- 0.00317498 @ 95% credibility (15 tries)
Done in 0.13 min (cpu), 0.14 min (real)
Generate toy 56/250

 -- MarkovChainMC -- 
Limit: r < 0.47865 +/- 0.00411982 @ 95% credibility (15 tries)
Done in 0.14 min (cpu), 0.15 min (real)
Generate toy 57/250

 -- MarkovChainMC -- 
Limit: r < 0.691179 +/- 0.00788283 @ 95% credibility (15 tries)
Done in 0.14 min (cpu), 0.15 min (real)
Generate toy 58/250

 -- MarkovChainMC -- 
Limit: r < 0.558514 +/- 0.00649001 @ 95% credibility (15 tries)
Done in 0.14 min (cpu), 0.15 min (real)
Generate toy 59/250

 -- MarkovChainMC -- 
Limit: r < 0.632424 +/- 0.00494765 @ 95% credibility (15 tries)
Done in 0.14 min (cpu), 0.15 min (real)
Generate toy 60/250

 -- MarkovChainMC -- 
Limit: r < 0.469596 +/- 0.00584705 @ 95% credibility (15 tries)
Done in 0.14 min (cpu), 0.15 min (real)
Generate toy 61/250

 -- MarkovChainMC -- 
Limit: r < 0.546237 +/- 0.00517224 @ 95% credibility (15 tries)
Done in 0.14 min (cpu), 0.16 min (real)
Generate toy 62/250

 -- MarkovChainMC -- 
Limit: r < 0.507444 +/- 0.00627341 @ 95% credibility (15 tries)
Done in 0.14 min (cpu), 0.15 min (real)
Generate toy 63/250

 -- MarkovChainMC -- 
Limit: r < 0.660128 +/- 0.00813337 @ 95% credibility (15 tries)
Done in 0.14 min (cpu), 0.16 min (real)
Generate toy 64/250

 -- MarkovChainMC -- 
Limit: r < 0.544405 +/- 0.00424556 @ 95% credibility (15 tries)
Done in 0.14 min (cpu), 0.15 min (real)
Generate toy 65/250

 -- MarkovChainMC -- 
Limit: r < 0.442976 +/- 0.00475037 @ 95% credibility (15 tries)
Done in 0.13 min (cpu), 0.15 min (real)
Generate toy 66/250

 -- MarkovChainMC -- 
Limit: r < 0.372978 +/- 0.00576763 @ 95% credibility (15 tries)
Done in 0.13 min (cpu), 0.14 min (real)
Generate toy 67/250

 -- MarkovChainMC -- 
Limit: r < 0.432068 +/- 0.00465342 @ 95% credibility (15 tries)
Done in 0.13 min (cpu), 0.15 min (real)
Generate toy 68/250

 -- MarkovChainMC -- 
Limit: r < 0.564469 +/- 0.00778324 @ 95% credibility (15 tries)
Done in 0.14 min (cpu), 0.15 min (real)
Generate toy 69/250

 -- MarkovChainMC -- 
Limit: r < 0.482995 +/- 0.00483567 @ 95% credibility (15 tries)
Done in 0.14 min (cpu), 0.16 min (real)
Generate toy 70/250

 -- MarkovChainMC -- 
Limit: r < 0.483313 +/- 0.00584389 @ 95% credibility (15 tries)
Done in 0.13 min (cpu), 0.15 min (real)
Generate toy 71/250

 -- MarkovChainMC -- 
Limit: r < 0.609677 +/- 0.00438178 @ 95% credibility (15 tries)
Done in 0.14 min (cpu), 0.15 min (real)
Generate toy 72/250

 -- MarkovChainMC -- 
Limit: r < 0.451369 +/- 0.00631142 @ 95% credibility (15 tries)
Done in 0.14 min (cpu), 0.15 min (real)
Generate toy 73/250

 -- MarkovChainMC -- 
Limit: r < 0.509091 +/- 0.00566639 @ 95% credibility (15 tries)
Done in 0.14 min (cpu), 0.15 min (real)
Generate toy 74/250

 -- MarkovChainMC -- 
Limit: r < 0.419001 +/- 0.00428191 @ 95% credibility (15 tries)
Done in 0.14 min (cpu), 0.15 min (real)
Generate toy 75/250

 -- MarkovChainMC -- 
Limit: r < 0.440991 +/- 0.00510582 @ 95% credibility (15 tries)
Done in 0.14 min (cpu), 0.14 min (real)
Generate toy 76/250

 -- MarkovChainMC -- 
Limit: r < 0.444931 +/- 0.00486005 @ 95% credibility (15 tries)
Done in 0.14 min (cpu), 0.14 min (real)
Generate toy 77/250

 -- MarkovChainMC -- 
Limit: r < 0.571216 +/- 0.00463014 @ 95% credibility (15 tries)
Done in 0.14 min (cpu), 0.15 min (real)
Generate toy 78/250

 -- MarkovChainMC -- 
Limit: r < 0.374954 +/- 0.00337413 @ 95% credibility (15 tries)
Done in 0.13 min (cpu), 0.14 min (real)
Generate toy 79/250

 -- MarkovChainMC -- 
Limit: r < 0.615259 +/- 0.00696118 @ 95% credibility (15 tries)
Done in 0.14 min (cpu), 0.15 min (real)
Generate toy 80/250

 -- MarkovChainMC -- 
Limit: r < 0.846603 +/- 0.00580536 @ 95% credibility (15 tries)
Done in 0.15 min (cpu), 0.16 min (real)
Generate toy 81/250

 -- MarkovChainMC -- 
Limit: r < 0.53544 +/- 0.00682229 @ 95% credibility (15 tries)
Done in 0.14 min (cpu), 0.15 min (real)
Generate toy 82/250

 -- MarkovChainMC -- 
Limit: r < 0.452617 +/- 0.00591115 @ 95% credibility (15 tries)
Done in 0.14 min (cpu), 0.15 min (real)
Generate toy 83/250

 -- MarkovChainMC -- 
Limit: r < 0.611635 +/- 0.00850164 @ 95% credibility (15 tries)
Done in 0.14 min (cpu), 0.15 min (real)
Generate toy 84/250

 -- MarkovChainMC -- 
Limit: r < 0.520072 +/- 0.00615984 @ 95% credibility (15 tries)
Done in 0.14 min (cpu), 0.15 min (real)
Generate toy 85/250

 -- MarkovChainMC -- 
Limit: r < 0.653184 +/- 0.00900092 @ 95% credibility (15 tries)
Done in 0.14 min (cpu), 0.17 min (real)
Generate toy 86/250

 -- MarkovChainMC -- 
Limit: r < 0.447732 +/- 0.00429459 @ 95% credibility (15 tries)
Done in 0.14 min (cpu), 0.15 min (real)
Generate toy 87/250

 -- MarkovChainMC -- 
Limit: r < 0.354268 +/- 0.00380586 @ 95% credibility (15 tries)
Done in 0.13 min (cpu), 0.14 min (real)
Generate toy 88/250

 -- MarkovChainMC -- 
Limit: r < 0.790589 +/- 0.00638583 @ 95% credibility (15 tries)
Done in 0.15 min (cpu), 0.16 min (real)
Generate toy 89/250

 -- MarkovChainMC -- 
Limit: r < 0.512005 +/- 0.00585847 @ 95% credibility (15 tries)
Done in 0.14 min (cpu), 0.15 min (real)
Generate toy 90/250

 -- MarkovChainMC -- 
Limit: r < 0.420179 +/- 0.00554539 @ 95% credibility (15 tries)
Done in 0.13 min (cpu), 0.15 min (real)
Generate toy 91/250

 -- MarkovChainMC -- 
Limit: r < 0.447938 +/- 0.00644051 @ 95% credibility (15 tries)
Done in 0.14 min (cpu), 0.15 min (real)
Generate toy 92/250

 -- MarkovChainMC -- 
Limit: r < 0.562588 +/- 0.00580987 @ 95% credibility (15 tries)
Done in 0.14 min (cpu), 0.16 min (real)
Generate toy 93/250

 -- MarkovChainMC -- 
Limit: r < 0.488892 +/- 0.00337737 @ 95% credibility (15 tries)
Done in 0.14 min (cpu), 0.15 min (real)
Generate toy 94/250

 -- MarkovChainMC -- 
Limit: r < 0.490903 +/- 0.00626352 @ 95% credibility (15 tries)
Done in 0.14 min (cpu), 0.14 min (real)
Generate toy 95/250

 -- MarkovChainMC -- 
Limit: r < 0.51705 +/- 0.00744167 @ 95% credibility (15 tries)
Done in 0.14 min (cpu), 0.15 min (real)
Generate toy 96/250

 -- MarkovChainMC -- 
Limit: r < 0.581971 +/- 0.00699946 @ 95% credibility (15 tries)
Done in 0.14 min (cpu), 0.15 min (real)
Generate toy 97/250

 -- MarkovChainMC -- 
Limit: r < 0.61677 +/- 0.00726651 @ 95% credibility (15 tries)
Done in 0.14 min (cpu), 0.16 min (real)
Generate toy 98/250

 -- MarkovChainMC -- 
Limit: r < 0.574586 +/- 0.0105493 @ 95% credibility (15 tries)
Done in 0.14 min (cpu), 0.15 min (real)
Generate toy 99/250

 -- MarkovChainMC -- 
Limit: r < 0.599306 +/- 0.00641738 @ 95% credibility (15 tries)
Done in 0.14 min (cpu), 0.16 min (real)
Generate toy 100/250

 -- MarkovChainMC -- 
Limit: r < 0.584938 +/- 0.00647143 @ 95% credibility (15 tries)
Done in 0.13 min (cpu), 0.13 min (real)
Generate toy 101/250

 -- MarkovChainMC -- 
Limit: r < 0.668164 +/- 0.00416388 @ 95% credibility (15 tries)
Done in 0.14 min (cpu), 0.15 min (real)
Generate toy 102/250

 -- MarkovChainMC -- 
Limit: r < 0.389023 +/- 0.00521073 @ 95% credibility (15 tries)
Done in 0.13 min (cpu), 0.15 min (real)
Generate toy 103/250

 -- MarkovChainMC -- 
Limit: r < 0.780091 +/- 0.00921742 @ 95% credibility (15 tries)
Done in 0.15 min (cpu), 0.15 min (real)
Generate toy 104/250

 -- MarkovChainMC -- 
Limit: r < 0.503599 +/- 0.00572446 @ 95% credibility (15 tries)
Done in 0.14 min (cpu), 0.16 min (real)
Generate toy 105/250

 -- MarkovChainMC -- 
Limit: r < 0.592449 +/- 0.00798721 @ 95% credibility (15 tries)
Done in 0.14 min (cpu), 0.15 min (real)
Generate toy 106/250

 -- MarkovChainMC -- 
Limit: r < 0.43957 +/- 0.00210787 @ 95% credibility (15 tries)
Done in 0.13 min (cpu), 0.14 min (real)
Generate toy 107/250

 -- MarkovChainMC -- 
Limit: r < 0.572911 +/- 0.00353596 @ 95% credibility (15 tries)
Done in 0.14 min (cpu), 0.16 min (real)
Generate toy 108/250

 -- MarkovChainMC -- 
Limit: r < 0.381304 +/- 0.00532132 @ 95% credibility (15 tries)
Done in 0.13 min (cpu), 0.14 min (real)
Generate toy 109/250

 -- MarkovChainMC -- 
Limit: r < 0.452736 +/- 0.00692098 @ 95% credibility (15 tries)
Done in 0.13 min (cpu), 0.14 min (real)
Generate toy 110/250

 -- MarkovChainMC -- 
Limit: r < 0.457219 +/- 0.00442153 @ 95% credibility (15 tries)
Done in 0.14 min (cpu), 0.16 min (real)
Generate toy 111/250

 -- MarkovChainMC -- 
Limit: r < 0.428717 +/- 0.00832411 @ 95% credibility (15 tries)
Done in 0.14 min (cpu), 0.14 min (real)
Generate toy 112/250

 -- MarkovChainMC -- 
Limit: r < 0.428864 +/- 0.00415297 @ 95% credibility (15 tries)
Done in 0.13 min (cpu), 0.15 min (real)
Generate toy 113/250

 -- MarkovChainMC -- 
Limit: r < 0.625121 +/- 0.00449838 @ 95% credibility (15 tries)
Done in 0.14 min (cpu), 0.16 min (real)
Generate toy 114/250

 -- MarkovChainMC -- 
Limit: r < 0.410005 +/- 0.00459282 @ 95% credibility (15 tries)
Done in 0.13 min (cpu), 0.15 min (real)
Generate toy 115/250

 -- MarkovChainMC -- 
Limit: r < 0.630466 +/- 0.00483779 @ 95% credibility (15 tries)
Done in 0.15 min (cpu), 0.16 min (real)
Generate toy 116/250

 -- MarkovChainMC -- 
Limit: r < 0.773233 +/- 0.00618675 @ 95% credibility (15 tries)
Done in 0.15 min (cpu), 0.16 min (real)
Generate toy 117/250

 -- MarkovChainMC -- 
Limit: r < 0.666438 +/- 0.00716568 @ 95% credibility (15 tries)
Done in 0.14 min (cpu), 0.15 min (real)
Generate toy 118/250

 -- MarkovChainMC -- 
Limit: r < 0.617831 +/- 0.00746357 @ 95% credibility (15 tries)
Done in 0.14 min (cpu), 0.15 min (real)
Generate toy 119/250

 -- MarkovChainMC -- 
Limit: r < 0.491059 +/- 0.00433278 @ 95% credibility (15 tries)
Done in 0.14 min (cpu), 0.15 min (real)
Generate toy 120/250

 -- MarkovChainMC -- 
Limit: r < 0.513999 +/- 0.00475161 @ 95% credibility (15 tries)
Done in 0.14 min (cpu), 0.15 min (real)
Generate toy 121/250

 -- MarkovChainMC -- 
Limit: r < 0.369051 +/- 0.00302205 @ 95% credibility (15 tries)
Done in 0.13 min (cpu), 0.15 min (real)
Generate toy 122/250

 -- MarkovChainMC -- 
Limit: r < 0.446278 +/- 0.00750239 @ 95% credibility (15 tries)
Done in 0.14 min (cpu), 0.15 min (real)
Generate toy 123/250

 -- MarkovChainMC -- 
Limit: r < 0.843963 +/- 0.00655431 @ 95% credibility (15 tries)
Done in 0.15 min (cpu), 0.16 min (real)
Generate toy 124/250

 -- MarkovChainMC -- 
Limit: r < 0.560081 +/- 0.00801661 @ 95% credibility (15 tries)
Done in 0.14 min (cpu), 0.15 min (real)
Generate toy 125/250

 -- MarkovChainMC -- 
Limit: r < 0.798197 +/- 0.00813858 @ 95% credibility (15 tries)
Done in 0.14 min (cpu), 0.15 min (real)
Generate toy 126/250

 -- MarkovChainMC -- 
Limit: r < 0.400624 +/- 0.00448719 @ 95% credibility (15 tries)
Done in 0.13 min (cpu), 0.14 min (real)
Generate toy 127/250

 -- MarkovChainMC -- 
Limit: r < 0.399946 +/- 0.00386332 @ 95% credibility (15 tries)
Done in 0.13 min (cpu), 0.14 min (real)
Generate toy 128/250

 -- MarkovChainMC -- 
Limit: r < 0.4844 +/- 0.00212181 @ 95% credibility (15 tries)
Done in 0.14 min (cpu), 0.16 min (real)
Generate toy 129/250

 -- MarkovChainMC -- 
Limit: r < 0.54799 +/- 0.00548741 @ 95% credibility (15 tries)
Done in 0.14 min (cpu), 0.15 min (real)
Generate toy 130/250

 -- MarkovChainMC -- 
Limit: r < 0.485254 +/- 0.00562601 @ 95% credibility (15 tries)
Done in 0.13 min (cpu), 0.15 min (real)
Generate toy 131/250

 -- MarkovChainMC -- 
Limit: r < 0.336204 +/- 0.00457653 @ 95% credibility (15 tries)
Done in 0.14 min (cpu), 0.16 min (real)
Generate toy 132/250

 -- MarkovChainMC -- 
Limit: r < 0.472584 +/- 0.00288968 @ 95% credibility (15 tries)
Done in 0.14 min (cpu), 0.15 min (real)
Generate toy 133/250

 -- MarkovChainMC -- 
Limit: r < 0.517743 +/- 0.00556193 @ 95% credibility (15 tries)
Done in 0.14 min (cpu), 0.15 min (real)
Generate toy 134/250

 -- MarkovChainMC -- 
Limit: r < 0.38508 +/- 0.00313338 @ 95% credibility (15 tries)
Done in 0.13 min (cpu), 0.14 min (real)
Generate toy 135/250

 -- MarkovChainMC -- 
Limit: r < 0.643606 +/- 0.00627726 @ 95% credibility (15 tries)
Done in 0.15 min (cpu), 0.15 min (real)
Generate toy 136/250

 -- MarkovChainMC -- 
Limit: r < 0.46828 +/- 0.00599599 @ 95% credibility (15 tries)
Done in 0.14 min (cpu), 0.15 min (real)
Generate toy 137/250

 -- MarkovChainMC -- 
Limit: r < 0.415588 +/- 0.0046046 @ 95% credibility (15 tries)
Done in 0.13 min (cpu), 0.16 min (real)
Generate toy 138/250

 -- MarkovChainMC -- 
Limit: r < 0.408113 +/- 0.00353757 @ 95% credibility (15 tries)
Done in 0.14 min (cpu), 0.15 min (real)
Generate toy 139/250

 -- MarkovChainMC -- 
Limit: r < 0.425107 +/- 0.00508899 @ 95% credibility (15 tries)
Done in 0.14 min (cpu), 0.16 min (real)
Generate toy 140/250

 -- MarkovChainMC -- 
Limit: r < 0.655313 +/- 0.00560335 @ 95% credibility (15 tries)
Done in 0.14 min (cpu), 0.15 min (real)
Generate toy 141/250

 -- MarkovChainMC -- 
Limit: r < 0.440156 +/- 0.00244662 @ 95% credibility (15 tries)
Done in 0.14 min (cpu), 0.15 min (real)
Generate toy 142/250

 -- MarkovChainMC -- 
Limit: r < 0.672936 +/- 0.00522298 @ 95% credibility (15 tries)
Done in 0.14 min (cpu), 0.15 min (real)
Generate toy 143/250

 -- MarkovChainMC -- 
Limit: r < 0.51711 +/- 0.00617061 @ 95% credibility (15 tries)
Done in 0.14 min (cpu), 0.15 min (real)
Generate toy 144/250

 -- MarkovChainMC -- 
Limit: r < 0.52379 +/- 0.00535297 @ 95% credibility (15 tries)
Done in 0.14 min (cpu), 0.15 min (real)
Generate toy 145/250

 -- MarkovChainMC -- 
Limit: r < 0.48428 +/- 0.00821036 @ 95% credibility (15 tries)
Done in 0.14 min (cpu), 0.14 min (real)
Generate toy 146/250

 -- MarkovChainMC -- 
Limit: r < 0.348482 +/- 0.00601876 @ 95% credibility (15 tries)
Done in 0.14 min (cpu), 0.15 min (real)
Generate toy 147/250

 -- MarkovChainMC -- 
Limit: r < 0.44009 +/- 0.00542564 @ 95% credibility (15 tries)
Done in 0.14 min (cpu), 0.14 min (real)
Generate toy 148/250

 -- MarkovChainMC -- 
Limit: r < 0.85235 +/- 0.00527185 @ 95% credibility (15 tries)
Done in 0.15 min (cpu), 0.16 min (real)
Generate toy 149/250

 -- MarkovChainMC -- 
Limit: r < 0.592697 +/- 0.00806522 @ 95% credibility (15 tries)
Done in 0.14 min (cpu), 0.16 min (real)
Generate toy 150/250

 -- MarkovChainMC -- 
Limit: r < 0.651895 +/- 0.00870892 @ 95% credibility (15 tries)
Done in 0.14 min (cpu), 0.15 min (real)
Generate toy 151/250

 -- MarkovChainMC -- 
Limit: r < 0.407214 +/- 0.00612207 @ 95% credibility (15 tries)
Done in 0.13 min (cpu), 0.14 min (real)
Generate toy 152/250

 -- MarkovChainMC -- 
Limit: r < 0.703963 +/- 0.00950347 @ 95% credibility (15 tries)
Done in 0.14 min (cpu), 0.15 min (real)
Generate toy 153/250

 -- MarkovChainMC -- 
Limit: r < 0.408667 +/- 0.00300153 @ 95% credibility (15 tries)
Done in 0.14 min (cpu), 0.16 min (real)
Generate toy 154/250

 -- MarkovChainMC -- 
Limit: r < 0.64974 +/- 0.00798255 @ 95% credibility (15 tries)
Done in 0.14 min (cpu), 0.15 min (real)
Generate toy 155/250

 -- MarkovChainMC -- 
Limit: r < 0.862654 +/- 0.0119218 @ 95% credibility (15 tries)
Done in 0.14 min (cpu), 0.15 min (real)
Generate toy 156/250

 -- MarkovChainMC -- 
Limit: r < 0.657532 +/- 0.00762589 @ 95% credibility (15 tries)
Done in 0.14 min (cpu), 0.15 min (real)
Generate toy 157/250

 -- MarkovChainMC -- 
Limit: r < 0.553513 +/- 0.00758905 @ 95% credibility (15 tries)
Done in 0.14 min (cpu), 0.16 min (real)
Generate toy 158/250

 -- MarkovChainMC -- 
Limit: r < 0.476788 +/- 0.00395801 @ 95% credibility (15 tries)
Done in 0.14 min (cpu), 0.15 min (real)
Generate toy 159/250

 -- MarkovChainMC -- 
Limit: r < 0.613952 +/- 0.00849351 @ 95% credibility (15 tries)
Done in 0.14 min (cpu), 0.16 min (real)
Generate toy 160/250

 -- MarkovChainMC -- 
Limit: r < 0.486408 +/- 0.0064906 @ 95% credibility (15 tries)
Done in 0.14 min (cpu), 0.15 min (real)
Generate toy 161/250

 -- MarkovChainMC -- 
Limit: r < 0.365283 +/- 0.00396608 @ 95% credibility (15 tries)
Done in 0.13 min (cpu), 0.15 min (real)
Generate toy 162/250

 -- MarkovChainMC -- 
Limit: r < 0.545891 +/- 0.00804436 @ 95% credibility (15 tries)
Done in 0.14 min (cpu), 0.15 min (real)
Generate toy 163/250

 -- MarkovChainMC -- 
Limit: r < 0.491819 +/- 0.00624472 @ 95% credibility (15 tries)
Done in 0.14 min (cpu), 0.15 min (real)
Generate toy 164/250

 -- MarkovChainMC -- 
Limit: r < 0.628252 +/- 0.00607291 @ 95% credibility (15 tries)
Done in 0.14 min (cpu), 0.15 min (real)
Generate toy 165/250

 -- MarkovChainMC -- 
Limit: r < 1.23134 +/- 0.00675496 @ 95% credibility (15 tries)
Done in 0.15 min (cpu), 0.17 min (real)
Generate toy 166/250

 -- MarkovChainMC -- 
Limit: r < 0.377248 +/- 0.00343123 @ 95% credibility (15 tries)
Done in 0.13 min (cpu), 0.15 min (real)
Generate toy 167/250

 -- MarkovChainMC -- 
Limit: r < 0.579722 +/- 0.00668017 @ 95% credibility (15 tries)
Done in 0.15 min (cpu), 0.16 min (real)
Generate toy 168/250

 -- MarkovChainMC -- 
Limit: r < 0.449934 +/- 0.00647157 @ 95% credibility (15 tries)
Done in 0.15 min (cpu), 0.17 min (real)
Generate toy 169/250

 -- MarkovChainMC -- 
Limit: r < 0.58821 +/- 0.00867117 @ 95% credibility (15 tries)
Done in 0.14 min (cpu), 0.15 min (real)
Generate toy 170/250

 -- MarkovChainMC -- 
Limit: r < 0.411349 +/- 0.00501567 @ 95% credibility (15 tries)
Done in 0.14 min (cpu), 0.14 min (real)
Generate toy 171/250

 -- MarkovChainMC -- 
Limit: r < 0.430035 +/- 0.00328111 @ 95% credibility (15 tries)
Done in 0.14 min (cpu), 0.15 min (real)
Generate toy 172/250

 -- MarkovChainMC -- 
Limit: r < 0.357785 +/- 0.00233052 @ 95% credibility (15 tries)
Done in 0.13 min (cpu), 0.14 min (real)
Generate toy 173/250

 -- MarkovChainMC -- 
Limit: r < 0.566212 +/- 0.0072556 @ 95% credibility (15 tries)
Done in 0.14 min (cpu), 0.16 min (real)
Generate toy 174/250

 -- MarkovChainMC -- 
Limit: r < 0.530342 +/- 0.00754679 @ 95% credibility (15 tries)
Done in 0.14 min (cpu), 0.15 min (real)
Generate toy 175/250

 -- MarkovChainMC -- 
Limit: r < 0.404469 +/- 0.00601979 @ 95% credibility (15 tries)
Done in 0.13 min (cpu), 0.15 min (real)
Generate toy 176/250

 -- MarkovChainMC -- 
Limit: r < 0.402564 +/- 0.00463619 @ 95% credibility (15 tries)
Done in 0.14 min (cpu), 0.15 min (real)
Generate toy 177/250

 -- MarkovChainMC -- 
Limit: r < 0.338643 +/- 0.0021153 @ 95% credibility (15 tries)
Done in 0.14 min (cpu), 0.15 min (real)
Generate toy 178/250

 -- MarkovChainMC -- 
Limit: r < 0.475846 +/- 0.00428587 @ 95% credibility (15 tries)
Done in 0.14 min (cpu), 0.16 min (real)
Generate toy 179/250

 -- MarkovChainMC -- 
Limit: r < 0.700366 +/- 0.00463768 @ 95% credibility (15 tries)
Done in 0.15 min (cpu), 0.17 min (real)
Generate toy 180/250

 -- MarkovChainMC -- 
Limit: r < 0.37957 +/- 0.00494103 @ 95% credibility (15 tries)
Done in 0.14 min (cpu), 0.15 min (real)
Generate toy 181/250

 -- MarkovChainMC -- 
Limit: r < 0.474671 +/- 0.00417636 @ 95% credibility (15 tries)
Done in 0.14 min (cpu), 0.15 min (real)
Generate toy 182/250

 -- MarkovChainMC -- 
Limit: r < 0.378042 +/- 0.00461658 @ 95% credibility (15 tries)
Done in 0.13 min (cpu), 0.15 min (real)
Generate toy 183/250

 -- MarkovChainMC -- 
Limit: r < 0.387096 +/- 0.00332919 @ 95% credibility (15 tries)
Done in 0.14 min (cpu), 0.14 min (real)
Generate toy 184/250

 -- MarkovChainMC -- 
Limit: r < 0.468966 +/- 0.00666114 @ 95% credibility (15 tries)
Done in 0.15 min (cpu), 0.16 min (real)
Generate toy 185/250

 -- MarkovChainMC -- 
Limit: r < 0.516074 +/- 0.00662883 @ 95% credibility (15 tries)
Done in 0.14 min (cpu), 0.15 min (real)
Generate toy 186/250

 -- MarkovChainMC -- 
Limit: r < 0.598428 +/- 0.00798343 @ 95% credibility (15 tries)
Done in 0.14 min (cpu), 0.15 min (real)
Generate toy 187/250

 -- MarkovChainMC -- 
Limit: r < 0.477682 +/- 0.00475149 @ 95% credibility (15 tries)
Done in 0.14 min (cpu), 0.15 min (real)
Generate toy 188/250

 -- MarkovChainMC -- 
Limit: r < 0.616732 +/- 0.00356708 @ 95% credibility (15 tries)
Done in 0.15 min (cpu), 0.16 min (real)
Generate toy 189/250

 -- MarkovChainMC -- 
Limit: r < 0.516004 +/- 0.00855701 @ 95% credibility (15 tries)
Done in 0.15 min (cpu), 0.16 min (real)
Generate toy 190/250

 -- MarkovChainMC -- 
Limit: r < 0.55135 +/- 0.00374475 @ 95% credibility (15 tries)
Done in 0.14 min (cpu), 0.15 min (real)
Generate toy 191/250

 -- MarkovChainMC -- 
Limit: r < 0.515529 +/- 0.00138919 @ 95% credibility (15 tries)
Done in 0.14 min (cpu), 0.14 min (real)
Generate toy 192/250

 -- MarkovChainMC -- 
Limit: r < 0.459502 +/- 0.00538965 @ 95% credibility (15 tries)
Done in 0.14 min (cpu), 0.15 min (real)
Generate toy 193/250

 -- MarkovChainMC -- 
Limit: r < 0.403674 +/- 0.00580501 @ 95% credibility (15 tries)
Done in 0.14 min (cpu), 0.15 min (real)
Generate toy 194/250

 -- MarkovChainMC -- 
Limit: r < 0.461903 +/- 0.00514309 @ 95% credibility (15 tries)
Done in 0.14 min (cpu), 0.15 min (real)
Generate toy 195/250

 -- MarkovChainMC -- 
Limit: r < 0.404258 +/- 0.00332397 @ 95% credibility (15 tries)
Done in 0.14 min (cpu), 0.15 min (real)
Generate toy 196/250

 -- MarkovChainMC -- 
Limit: r < 0.537353 +/- 0.0073524 @ 95% credibility (15 tries)
Done in 0.14 min (cpu), 0.15 min (real)
Generate toy 197/250

 -- MarkovChainMC -- 
Limit: r < 0.411904 +/- 0.00395157 @ 95% credibility (15 tries)
Done in 0.13 min (cpu), 0.15 min (real)
Generate toy 198/250

 -- MarkovChainMC -- 
Limit: r < 0.679322 +/- 0.0077379 @ 95% credibility (15 tries)
Done in 0.15 min (cpu), 0.16 min (real)
Generate toy 199/250

 -- MarkovChainMC -- 
Limit: r < 0.415245 +/- 0.0071652 @ 95% credibility (15 tries)
Done in 0.13 min (cpu), 0.14 min (real)
Generate toy 200/250

 -- MarkovChainMC -- 
Limit: r < 0.518171 +/- 0.00612187 @ 95% credibility (15 tries)
Done in 0.14 min (cpu), 0.15 min (real)
Generate toy 201/250

 -- MarkovChainMC -- 
Limit: r < 0.766309 +/- 0.004536 @ 95% credibility (15 tries)
Done in 0.14 min (cpu), 0.16 min (real)
Generate toy 202/250

 -- MarkovChainMC -- 
Limit: r < 0.537882 +/- 0.00661532 @ 95% credibility (15 tries)
Done in 0.14 min (cpu), 0.15 min (real)
Generate toy 203/250

 -- MarkovChainMC -- 
Limit: r < 0.426596 +/- 0.00566938 @ 95% credibility (15 tries)
Done in 0.13 min (cpu), 0.14 min (real)
Generate toy 204/250

 -- MarkovChainMC -- 
Limit: r < 0.695583 +/- 0.00624774 @ 95% credibility (15 tries)
Done in 0.15 min (cpu), 0.15 min (real)
Generate toy 205/250

 -- MarkovChainMC -- 
Limit: r < 0.38603 +/- 0.00398532 @ 95% credibility (15 tries)
Done in 0.12 min (cpu), 0.13 min (real)
Generate toy 206/250

 -- MarkovChainMC -- 
Limit: r < 0.458062 +/- 0.00340377 @ 95% credibility (15 tries)
Done in 0.14 min (cpu), 0.15 min (real)
Generate toy 207/250

 -- MarkovChainMC -- 
Limit: r < 0.503999 +/- 0.00577084 @ 95% credibility (15 tries)
Done in 0.14 min (cpu), 0.15 min (real)
Generate toy 208/250

 -- MarkovChainMC -- 
Limit: r < 0.452244 +/- 0.00361433 @ 95% credibility (15 tries)
Done in 0.14 min (cpu), 0.15 min (real)
Generate toy 209/250

 -- MarkovChainMC -- 
Limit: r < 0.38765 +/- 0.00371211 @ 95% credibility (15 tries)
Done in 0.14 min (cpu), 0.15 min (real)
Generate toy 210/250

 -- MarkovChainMC -- 
Limit: r < 0.46308 +/- 0.00196573 @ 95% credibility (15 tries)
Done in 0.14 min (cpu), 0.15 min (real)
Generate toy 211/250

 -- MarkovChainMC -- 
Limit: r < 0.63417 +/- 0.00692881 @ 95% credibility (15 tries)
Done in 0.15 min (cpu), 0.16 min (real)
Generate toy 212/250

 -- MarkovChainMC -- 
Limit: r < 0.48974 +/- 0.00674985 @ 95% credibility (15 tries)
Done in 0.13 min (cpu), 0.15 min (real)
Generate toy 213/250

 -- MarkovChainMC -- 
Limit: r < 0.582182 +/- 0.00647997 @ 95% credibility (15 tries)
Done in 0.14 min (cpu), 0.15 min (real)
Generate toy 214/250

 -- MarkovChainMC -- 
Limit: r < 0.379711 +/- 0.00412447 @ 95% credibility (15 tries)
Done in 0.14 min (cpu), 0.15 min (real)
Generate toy 215/250

 -- MarkovChainMC -- 
Limit: r < 0.437584 +/- 0.00428001 @ 95% credibility (15 tries)
Done in 0.14 min (cpu), 0.16 min (real)
Generate toy 216/250

 -- MarkovChainMC -- 
Limit: r < 0.567301 +/- 0.00577993 @ 95% credibility (15 tries)
Done in 0.14 min (cpu), 0.15 min (real)
Generate toy 217/250

 -- MarkovChainMC -- 
Limit: r < 0.467806 +/- 0.00505632 @ 95% credibility (15 tries)
Done in 0.14 min (cpu), 0.15 min (real)
Generate toy 218/250

 -- MarkovChainMC -- 
Limit: r < 0.571494 +/- 0.00600951 @ 95% credibility (15 tries)
Done in 0.14 min (cpu), 0.16 min (real)
Generate toy 219/250

 -- MarkovChainMC -- 
Limit: r < 0.493751 +/- 0.005144 @ 95% credibility (15 tries)
Done in 0.13 min (cpu), 0.14 min (real)
Generate toy 220/250

 -- MarkovChainMC -- 
Limit: r < 0.755834 +/- 0.00823743 @ 95% credibility (15 tries)
Done in 0.14 min (cpu), 0.16 min (real)
Generate toy 221/250

 -- MarkovChainMC -- 
Limit: r < 0.347093 +/- 0.0043587 @ 95% credibility (15 tries)
Done in 0.13 min (cpu), 0.14 min (real)
Generate toy 222/250

 -- MarkovChainMC -- 
Limit: r < 0.599675 +/- 0.00968341 @ 95% credibility (15 tries)
Done in 0.13 min (cpu), 0.14 min (real)
Generate toy 223/250

 -- MarkovChainMC -- 
Limit: r < 0.478998 +/- 0.00497061 @ 95% credibility (15 tries)
Done in 0.14 min (cpu), 0.16 min (real)
Generate toy 224/250

 -- MarkovChainMC -- 
Limit: r < 0.468855 +/- 0.00284614 @ 95% credibility (15 tries)
Done in 0.14 min (cpu), 0.15 min (real)
Generate toy 225/250

 -- MarkovChainMC -- 
Limit: r < 1.04651 +/- 0.00821429 @ 95% credibility (15 tries)
Done in 0.15 min (cpu), 0.17 min (real)
Generate toy 226/250

 -- MarkovChainMC -- 
Limit: r < 0.65098 +/- 0.00263983 @ 95% credibility (15 tries)
Done in 0.14 min (cpu), 0.15 min (real)
Generate toy 227/250

 -- MarkovChainMC -- 
Limit: r < 0.452347 +/- 0.00605855 @ 95% credibility (15 tries)
Done in 0.14 min (cpu), 0.15 min (real)
Generate toy 228/250

 -- MarkovChainMC -- 
Limit: r < 0.448473 +/- 0.00360117 @ 95% credibility (15 tries)
Done in 0.14 min (cpu), 0.15 min (real)
Generate toy 229/250

 -- MarkovChainMC -- 
Limit: r < 0.342406 +/- 0.00408214 @ 95% credibility (15 tries)
Done in 0.13 min (cpu), 0.14 min (real)
Generate toy 230/250

 -- MarkovChainMC -- 
Limit: r < 0.788182 +/- 0.00686579 @ 95% credibility (15 tries)
Done in 0.15 min (cpu), 0.16 min (real)
Generate toy 231/250

 -- MarkovChainMC -- 
Limit: r < 0.549756 +/- 0.00436312 @ 95% credibility (15 tries)
Done in 0.14 min (cpu), 0.15 min (real)
Generate toy 232/250

 -- MarkovChainMC -- 
Limit: r < 0.847046 +/- 0.00640401 @ 95% credibility (15 tries)
Done in 0.15 min (cpu), 0.16 min (real)
Generate toy 233/250

 -- MarkovChainMC -- 
Limit: r < 0.501269 +/- 0.00612689 @ 95% credibility (15 tries)
Done in 0.14 min (cpu), 0.15 min (real)
Generate toy 234/250

 -- MarkovChainMC -- 
Limit: r < 0.400429 +/- 0.00434609 @ 95% credibility (15 tries)
Done in 0.14 min (cpu), 0.15 min (real)
Generate toy 235/250

 -- MarkovChainMC -- 
Limit: r < 0.466082 +/- 0.00450479 @ 95% credibility (15 tries)
Done in 0.14 min (cpu), 0.16 min (real)
Generate toy 236/250

 -- MarkovChainMC -- 
Limit: r < 0.448797 +/- 0.00454479 @ 95% credibility (15 tries)
Done in 0.14 min (cpu), 0.15 min (real)
Generate toy 237/250

 -- MarkovChainMC -- 
Limit: r < 0.355072 +/- 0.00440393 @ 95% credibility (15 tries)
Done in 0.13 min (cpu), 0.14 min (real)
Generate toy 238/250

 -- MarkovChainMC -- 
Limit: r < 0.788907 +/- 0.00488824 @ 95% credibility (15 tries)
Done in 0.14 min (cpu), 0.15 min (real)
Generate toy 239/250

 -- MarkovChainMC -- 
Limit: r < 0.564067 +/- 0.00524102 @ 95% credibility (15 tries)
Done in 0.14 min (cpu), 0.16 min (real)
Generate toy 240/250

 -- MarkovChainMC -- 
Limit: r < 0.770822 +/- 0.00791467 @ 95% credibility (15 tries)
Done in 0.15 min (cpu), 0.17 min (real)
Generate toy 241/250

 -- MarkovChainMC -- 
Limit: r < 0.583222 +/- 0.00283068 @ 95% credibility (15 tries)
Done in 0.14 min (cpu), 0.15 min (real)
Generate toy 242/250

 -- MarkovChainMC -- 
Limit: r < 0.515453 +/- 0.00721166 @ 95% credibility (15 tries)
Done in 0.14 min (cpu), 0.15 min (real)
Generate toy 243/250

 -- MarkovChainMC -- 
Limit: r < 0.444567 +/- 0.00143464 @ 95% credibility (15 tries)
Done in 0.14 min (cpu), 0.15 min (real)
Generate toy 244/250

 -- MarkovChainMC -- 
Limit: r < 0.987492 +/- 0.00765304 @ 95% credibility (15 tries)
Done in 0.15 min (cpu), 0.16 min (real)
Generate toy 245/250

 -- MarkovChainMC -- 
Limit: r < 0.620598 +/- 0.00719608 @ 95% credibility (15 tries)
Done in 0.15 min (cpu), 0.15 min (real)
Generate toy 246/250

 -- MarkovChainMC -- 
Limit: r < 0.470004 +/- 0.00332862 @ 95% credibility (15 tries)
Done in 0.14 min (cpu), 0.15 min (real)
Generate toy 247/250

 -- MarkovChainMC -- 
Limit: r < 0.8276 +/- 0.00268521 @ 95% credibility (15 tries)
Done in 0.15 min (cpu), 0.16 min (real)
Generate toy 248/250

 -- MarkovChainMC -- 
Limit: r < 0.385074 +/- 0.00584362 @ 95% credibility (15 tries)
Done in 0.14 min (cpu), 0.15 min (real)
Generate toy 249/250

 -- MarkovChainMC -- 
Limit: r < 0.479861 +/- 0.00334594 @ 95% credibility (15 tries)
Done in 0.14 min (cpu), 0.15 min (real)
Generate toy 250/250

 -- MarkovChainMC -- 
Limit: r < 0.516753 +/- 0.00644273 @ 95% credibility (15 tries)
Done in 0.14 min (cpu), 0.15 min (real)
mean   expected limit: r < 0.528398 +/- 0.00889377 @ 95%CL (250 toyMC)
median expected limit: r < 0.490893 @ 95%CL (250 toyMC)
   68% expected band : 0.403779 < r < 0.653184
   95% expected band : 0.348482 < r < 0.85235
