000 (11058499.000.000) 07/01 18:24:44 Job submitted from host: <188.185.121.235:9618?addrs=188.185.121.235-9618+[2001-1458-d00-49--100-36e]-9618&alias=bigbird22.cern.ch&noUDP&sock=schedd_1385224_0644>
...
040 (11058499.000.000) 07/01 18:26:33 Started transferring input files
	Transferring to host: <188.185.213.159:9618?addrs=188.185.213.159-9618+[2001-1458-303-1b--100-1b]-9618&alias=b9p28p6942.cern.ch&noUDP&sock=slot1_24_8359_6bed_32197>
...
040 (11058499.000.000) 07/01 18:26:33 Finished transferring input files
...
001 (11058499.000.000) 07/01 18:26:34 Job executing on host: <188.185.213.159:9618?addrs=188.185.213.159-9618+[2001-1458-303-1b--100-1b]-9618&alias=b9p28p6942.cern.ch&noUDP&sock=startd_7842_89c7>
	SlotName: slot1_24@b9p28p6942.cern.ch
	CondorScratchDir = "/pool/condor/dir_4031826"
	Cpus = 1
	Disk = 3793
	GPUs = 0
	Memory = 3000
...
006 (11058499.000.000) 07/01 18:26:42 Image size of job updated: 316780
	310  -  MemoryUsage of job (MB)
	316780  -  ResidentSetSize of job (KB)
...
040 (11058499.000.000) 07/01 18:28:54 Started transferring output files
...
040 (11058499.000.000) 07/01 18:28:54 Finished transferring output files
...
005 (11058499.000.000) 07/01 18:28:54 Job terminated.
	(1) Normal termination (return value 0)
		Usr 0 00:02:13, Sys 0 00:00:03  -  Run Remote Usage
		Usr 0 00:00:00, Sys 0 00:00:00  -  Run Local Usage
		Usr 0 00:02:13, Sys 0 00:00:03  -  Total Remote Usage
		Usr 0 00:00:00, Sys 0 00:00:00  -  Total Local Usage
	17994  -  Run Bytes Sent By Job
	484  -  Run Bytes Received By Job
	17994  -  Total Bytes Sent By Job
	484  -  Total Bytes Received By Job
	Partitionable Resources :    Usage  Request Allocated 
	   Cpus                 :        0        1         1 
	   Disk (KB)            :       42        1      3793 
	   GPUs                 :                           0 
	   Memory (MB)          :      310     3000      3000 
	   TimeExecute (s)      :      140                    
	   TimeSlotBusy (s)     :      141                    

	Job terminated of its own accord at 2025-07-01T16:28:54Z with exit-code 0.
...
