000 (11058503.000.000) 07/01 18:26:07 Job submitted from host: <188.185.121.235:9618?addrs=188.185.121.235-9618+[2001-1458-d00-49--100-36e]-9618&alias=bigbird22.cern.ch&noUDP&sock=schedd_1385224_0644>
...
040 (11058503.000.000) 07/01 18:27:32 Started transferring input files
	Transferring to host: <188.185.211.58:9618?addrs=188.185.211.58-9618+[2001-1458-303-16--100-36]-9618&alias=b9p23p3468.cern.ch&noUDP&sock=slot1_27_7907_f25b_33229>
...
040 (11058503.000.000) 07/01 18:27:32 Finished transferring input files
...
001 (11058503.000.000) 07/01 18:27:33 Job executing on host: <188.185.211.58:9618?addrs=188.185.211.58-9618+[2001-1458-303-16--100-36]-9618&alias=b9p23p3468.cern.ch&noUDP&sock=startd_7233_d09a>
	SlotName: slot1_27@b9p23p3468.cern.ch
	CondorScratchDir = "/pool/condor/dir_3064180"
	Cpus = 1
	Disk = 3844
	GPUs = 0
	Memory = 3000
...
006 (11058503.000.000) 07/01 18:27:42 Image size of job updated: 246748
	241  -  MemoryUsage of job (MB)
	246748  -  ResidentSetSize of job (KB)
...
040 (11058503.000.000) 07/01 18:30:05 Started transferring output files
...
040 (11058503.000.000) 07/01 18:30:05 Finished transferring output files
...
005 (11058503.000.000) 07/01 18:30:05 Job terminated.
	(1) Normal termination (return value 0)
		Usr 0 00:02:16, Sys 0 00:00:03  -  Run Remote Usage
		Usr 0 00:00:00, Sys 0 00:00:00  -  Run Local Usage
		Usr 0 00:02:16, Sys 0 00:00:03  -  Total Remote Usage
		Usr 0 00:00:00, Sys 0 00:00:00  -  Total Local Usage
	18151  -  Run Bytes Sent By Job
	484  -  Run Bytes Received By Job
	18151  -  Total Bytes Sent By Job
	484  -  Total Bytes Received By Job
	Partitionable Resources :    Usage  Request Allocated 
	   Cpus                 :        0        1         1 
	   Disk (KB)            :       41        1      3844 
	   GPUs                 :                           0 
	   Memory (MB)          :      241     3000      3000 
	   TimeExecute (s)      :      152                    
	   TimeSlotBusy (s)     :      154                    

	Job terminated of its own accord at 2025-07-01T16:30:05Z with exit-code 0.
...
