000 (11058486.000.000) 07/01 18:16:40 Job submitted from host: <188.185.121.235:9618?addrs=188.185.121.235-9618+[2001-1458-d00-49--100-36e]-9618&alias=bigbird22.cern.ch&noUDP&sock=schedd_1385224_0644>
...
040 (11058486.000.000) 07/01 18:20:32 Started transferring input files
	Transferring to host: <188.185.212.55:9618?addrs=188.185.212.55-9618+[2001-1458-303-18--100-33]-9618&alias=b9p25p3812.cern.ch&noUDP&sock=slot1_4_8420_66cf_35100>
...
040 (11058486.000.000) 07/01 18:20:32 Finished transferring input files
...
001 (11058486.000.000) 07/01 18:20:33 Job executing on host: <188.185.212.55:9618?addrs=188.185.212.55-9618+[2001-1458-303-18--100-33]-9618&alias=b9p25p3812.cern.ch&noUDP&sock=startd_8364_9637>
	SlotName: slot1_4@b9p25p3812.cern.ch
	CondorScratchDir = "/pool/condor/dir_359898"
	Cpus = 1
	Disk = 3863
	GPUs = 0
	Memory = 3000
...
006 (11058486.000.000) 07/01 18:20:47 Image size of job updated: 212596
	208  -  MemoryUsage of job (MB)
	212596  -  ResidentSetSize of job (KB)
...
006 (11058486.000.000) 07/01 18:25:48 Image size of job updated: 292384
	208  -  MemoryUsage of job (MB)
	212596  -  ResidentSetSize of job (KB)
...
040 (11058486.000.000) 07/01 18:48:37 Started transferring output files
...
040 (11058486.000.000) 07/01 18:48:37 Finished transferring output files
...
005 (11058486.000.000) 07/01 18:48:37 Job terminated.
	(1) Normal termination (return value 0)
		Usr 0 00:27:27, Sys 0 00:00:06  -  Run Remote Usage
		Usr 0 00:00:00, Sys 0 00:00:00  -  Run Local Usage
		Usr 0 00:27:27, Sys 0 00:00:06  -  Total Remote Usage
		Usr 0 00:00:00, Sys 0 00:00:00  -  Total Local Usage
	55010  -  Run Bytes Sent By Job
	491  -  Run Bytes Received By Job
	55010  -  Total Bytes Sent By Job
	491  -  Total Bytes Received By Job
	Partitionable Resources :    Usage  Request Allocated 
	   Cpus                 :     0.99        1         1 
	   Disk (KB)            :    77           1      3863 
	   GPUs                 :                           0 
	   Memory (MB)          :   208        3000      3000 
	   TimeExecute (s)      :  1684                       
	   TimeSlotBusy (s)     :  1686                       

	Job terminated of its own accord at 2025-07-01T16:48:37Z with exit-code 0.
...
