 <<< Combine >>> 
 <<< v10.0.2 >>>
>>> Used OpenSSL to get a truly random seed 2114975487
>>> Method used is MarkovChainMC
============================================================
Analyzing bin errors for: prop_binmuon_channel
Poisson cut-off: 10
Processes excluded for sums: Wprime400
============================================================
Bin        Contents        Error           Notes                         
0          1920.582129     10.678731       total sum                     
0          1919.906728     10.678704       excluding marked processes    
0          32324.000000    179.788765      Unweighted events, alpha=0.059417
  => Total parameter prop_binmuon_channel_bin0[0.00,-7.00,7.00] to be Gaussian constrained
------------------------------------------------------------
1          746.196572      5.319397        total sum                     
1          746.176294      5.319396        excluding marked processes    
1          19677.000000    140.274730      Unweighted events, alpha=0.037922
  => Total parameter prop_binmuon_channel_bin1[0.00,-7.00,7.00] to be Gaussian constrained
------------------------------------------------------------
2          349.368420      4.779347        total sum                     
2          349.364724      4.779346        excluding marked processes    
2          5343.000000     73.095828       Unweighted events, alpha=0.065388
  => Total parameter prop_binmuon_channel_bin2[0.00,-7.00,7.00] to be Gaussian constrained
------------------------------------------------------------
3          177.667449      2.665991        total sum                     
3          177.666972      2.665991        excluding marked processes    
3          4441.000000     66.640828       Unweighted events, alpha=0.040006
  => Total parameter prop_binmuon_channel_bin3[0.00,-7.00,7.00] to be Gaussian constrained
------------------------------------------------------------
4          92.131385       1.100632        total sum                     
4          92.130830       1.100632        excluding marked processes    
4          7007.000000     83.707825       Unweighted events, alpha=0.013148
  => Total parameter prop_binmuon_channel_bin4[0.00,-7.00,7.00] to be Gaussian constrained
------------------------------------------------------------
5          57.133028       1.629429        total sum                     
5          57.133028       1.629429        excluding marked processes    
5          1229.000000     35.057096       Unweighted events, alpha=0.046487
  => Total parameter prop_binmuon_channel_bin5[0.00,-7.00,7.00] to be Gaussian constrained
------------------------------------------------------------
6          54.666978       0.702022        total sum                     
6          54.664368       0.702021        excluding marked processes    
6          6063.000000     77.865268       Unweighted events, alpha=0.009016
  => Total parameter prop_binmuon_channel_bin6[0.00,-7.00,7.00] to be Gaussian constrained
------------------------------------------------------------
7          22.472699       0.486024        total sum                     
7          22.472699       0.486024        excluding marked processes    
7          2138.000000     46.238512       Unweighted events, alpha=0.010511
  => Total parameter prop_binmuon_channel_bin7[0.00,-7.00,7.00] to be Gaussian constrained
------------------------------------------------------------
8          13.525714       0.429528        total sum                     
8          13.525714       0.429528        excluding marked processes    
8          992.000000      31.496031       Unweighted events, alpha=0.013635
  => Total parameter prop_binmuon_channel_bin8[0.00,-7.00,7.00] to be Gaussian constrained
------------------------------------------------------------
9          4.810380        0.329804        total sum                     
9          4.810380        0.329804        excluding marked processes    
9          213.000000      14.594520       Unweighted events, alpha=0.022584
  => Total parameter prop_binmuon_channel_bin9[0.00,-7.00,7.00] to be Gaussian constrained
------------------------------------------------------------
10         1.911535        0.071461        total sum                     
10         1.911535        0.071461        excluding marked processes    
10         716.000000      26.758176       Unweighted events, alpha=0.002670
  => Total parameter prop_binmuon_channel_bin10[0.00,-7.00,7.00] to be Gaussian constrained
------------------------------------------------------------
11         0.972493        0.214250        total sum                     
11         0.972493        0.214250        excluding marked processes    
11         21.000000       4.582576        Unweighted events, alpha=0.046309
  => Total parameter prop_binmuon_channel_bin11[0.00,-7.00,7.00] to be Gaussian constrained
------------------------------------------------------------
12         0.136521        0.001560        total sum                     
12         0.136521        0.001560        excluding marked processes    
12         7656.000000     87.498571       Unweighted events, alpha=0.000018
  => Total parameter prop_binmuon_channel_bin12[0.00,-7.00,7.00] to be Gaussian constrained
------------------------------------------------------------
13         0.045037        0.001164        total sum                     
13         0.045037        0.001164        excluding marked processes    
13         1498.000000     38.704005       Unweighted events, alpha=0.000030
  => Total parameter prop_binmuon_channel_bin13[0.00,-7.00,7.00] to be Gaussian constrained
------------------------------------------------------------
14         0.004204        0.001396        total sum                     
14         0.004204        0.001396        excluding marked processes    
14         9.000000        3.000000        Unweighted events, alpha=0.000467
  => Number of weighted events is below Poisson threshold
    Wprime400            0.000000        0.000000                                      
      => Error is zero, ignore      
  ----------------------------------------------------------
    W_boson              0.002767        0.000109                                      
                         649.000000      25.475478       Unweighted events, alpha=0.000004
      => Parameter prop_binmuon_channel_bin14_W_boson[0.00,-7.00,7.00] to be Gaussian constrained
  ----------------------------------------------------------
    Top                  0.000000        0.000000                                      
      => Error is zero, ignore      
  ----------------------------------------------------------
    Z_boson              0.000046        0.000003                                      
                         230.000000      15.165751       Unweighted events, alpha=0.000000
      => Parameter prop_binmuon_channel_bin14_Z_boson[0.00,-7.00,7.00] to be Gaussian constrained
  ----------------------------------------------------------
    DiBoson              0.000000        0.000000                                      
      => Error is zero, ignore      
  ----------------------------------------------------------
    QCD                  0.001392        0.001392                                      
                         1.000000        1.000000        Unweighted events, alpha=0.001392
      => Product of prop_binmuon_channel_bin14_QCD[1.00,0.00,30.85] and const [1.0000] to be Poisson constrained
  ----------------------------------------------------------
------------------------------------------------------------
15         0.000569        0.000009        total sum                     
15         0.000569        0.000009        excluding marked processes    
15         3709.000000     60.901560       Unweighted events, alpha=0.000000
  => Total parameter prop_binmuon_channel_bin15[0.00,-7.00,7.00] to be Gaussian constrained
------------------------------------------------------------
Channel muon_channel will use autoMCStats with settings: event-threshold=10, include-signal=0, hist-mode=1

 -- MarkovChainMC -- 
Limit: r < 317.425 +/- 0.831326 @ 95% credibility (300 tries)
Done in 2.25 min (cpu), 2.26 min (real)
