 <<< Combine >>> 
 <<< v10.0.2 >>>
>>> Used OpenSSL to get a truly random seed 1628314760
>>> Method used is MarkovChainMC
============================================================
Analyzing bin errors for: prop_binmuon_channel
Poisson cut-off: 10
Processes excluded for sums: Wprime5600
============================================================
Bin        Contents        Error           Notes                         
0          1920.197220     10.678716       total sum                     
0          1919.906728     10.678704       excluding marked processes    
0          32324.000000    179.788765      Unweighted events, alpha=0.059405
  => Total parameter prop_binmuon_channel_bin0[0.00,-7.00,7.00] to be Gaussian constrained
------------------------------------------------------------
1          746.489258      5.319420        total sum                     
1          746.176294      5.319396        excluding marked processes    
1          19677.000000    140.274730      Unweighted events, alpha=0.037937
  => Total parameter prop_binmuon_channel_bin1[0.00,-7.00,7.00] to be Gaussian constrained
------------------------------------------------------------
2          349.675140      4.779374        total sum                     
2          349.364724      4.779346        excluding marked processes    
2          5343.000000     73.095828       Unweighted events, alpha=0.065445
  => Total parameter prop_binmuon_channel_bin2[0.00,-7.00,7.00] to be Gaussian constrained
------------------------------------------------------------
3          177.975853      2.666042        total sum                     
3          177.666972      2.665991        excluding marked processes    
3          4441.000000     66.640828       Unweighted events, alpha=0.040076
  => Total parameter prop_binmuon_channel_bin3[0.00,-7.00,7.00] to be Gaussian constrained
------------------------------------------------------------
4          92.401179       1.100741        total sum                     
4          92.130830       1.100632        excluding marked processes    
4          7007.000000     83.707825       Unweighted events, alpha=0.013187
  => Total parameter prop_binmuon_channel_bin4[0.00,-7.00,7.00] to be Gaussian constrained
------------------------------------------------------------
5          57.417446       1.629501        total sum                     
5          57.133028       1.629429        excluding marked processes    
5          1229.000000     35.057096       Unweighted events, alpha=0.046719
  => Total parameter prop_binmuon_channel_bin5[0.00,-7.00,7.00] to be Gaussian constrained
------------------------------------------------------------
6          55.127772       0.702306        total sum                     
6          54.664368       0.702021        excluding marked processes    
6          6063.000000     77.865268       Unweighted events, alpha=0.009092
  => Total parameter prop_binmuon_channel_bin6[0.00,-7.00,7.00] to be Gaussian constrained
------------------------------------------------------------
7          22.825728       0.486328        total sum                     
7          22.472699       0.486024        excluding marked processes    
7          2138.000000     46.238512       Unweighted events, alpha=0.010676
  => Total parameter prop_binmuon_channel_bin7[0.00,-7.00,7.00] to be Gaussian constrained
------------------------------------------------------------
8          13.978506       0.429964        total sum                     
8          13.525714       0.429528        excluding marked processes    
8          992.000000      31.496031       Unweighted events, alpha=0.014091
  => Total parameter prop_binmuon_channel_bin8[0.00,-7.00,7.00] to be Gaussian constrained
------------------------------------------------------------
9          5.197644        0.330307        total sum                     
9          4.810380        0.329804        excluding marked processes    
9          213.000000      14.594520       Unweighted events, alpha=0.024402
  => Total parameter prop_binmuon_channel_bin9[0.00,-7.00,7.00] to be Gaussian constrained
------------------------------------------------------------
10         2.363627        0.074103        total sum                     
10         1.911535        0.071461        excluding marked processes    
10         716.000000      26.758176       Unweighted events, alpha=0.003301
  => Total parameter prop_binmuon_channel_bin10[0.00,-7.00,7.00] to be Gaussian constrained
------------------------------------------------------------
11         1.652842        0.215576        total sum                     
11         0.972493        0.214250        excluding marked processes    
11         21.000000       4.582576        Unweighted events, alpha=0.078707
  => Total parameter prop_binmuon_channel_bin11[0.00,-7.00,7.00] to be Gaussian constrained
------------------------------------------------------------
12         0.788527        0.023591        total sum                     
12         0.136521        0.001560        excluding marked processes    
12         7656.000000     87.498571       Unweighted events, alpha=0.000103
  => Total parameter prop_binmuon_channel_bin12[0.00,-7.00,7.00] to be Gaussian constrained
------------------------------------------------------------
13         1.887050        0.039935        total sum                     
13         0.045037        0.001164        excluding marked processes    
13         1498.000000     38.704005       Unweighted events, alpha=0.001260
  => Total parameter prop_binmuon_channel_bin13[0.00,-7.00,7.00] to be Gaussian constrained
------------------------------------------------------------
14         1.224638        0.032390        total sum                     
14         0.004204        0.001396        excluding marked processes    
14         9.000000        3.000000        Unweighted events, alpha=0.136071
  => Number of weighted events is below Poisson threshold
    Wprime5600           1.220434        0.032360                                      
                         1422.000000     37.709415       Unweighted events, alpha=0.000858
      => Parameter prop_binmuon_channel_bin14_Wprime5600[0.00,-7.00,7.00] to be Gaussian constrained
  ----------------------------------------------------------
    W_boson              0.002767        0.000109                                      
                         649.000000      25.475478       Unweighted events, alpha=0.000004
      => Parameter prop_binmuon_channel_bin14_W_boson[0.00,-7.00,7.00] to be Gaussian constrained
  ----------------------------------------------------------
    Top                  0.000000        0.000000                                      
      => Error is zero, ignore      
  ----------------------------------------------------------
    Z_boson              0.000046        0.000003                                      
                         230.000000      15.165751       Unweighted events, alpha=0.000000
      => Parameter prop_binmuon_channel_bin14_Z_boson[0.00,-7.00,7.00] to be Gaussian constrained
  ----------------------------------------------------------
    DiBoson              0.000000        0.000000                                      
      => Error is zero, ignore      
  ----------------------------------------------------------
    QCD                  0.001392        0.001392                                      
                         1.000000        1.000000        Unweighted events, alpha=0.001392
      => Product of prop_binmuon_channel_bin14_QCD[1.00,0.00,30.85] and const [1.0000] to be Poisson constrained
  ----------------------------------------------------------
------------------------------------------------------------
15         0.127967        0.010495        total sum                     
15         0.000569        0.000009        excluding marked processes    
15         3709.000000     60.901560       Unweighted events, alpha=0.000035
  => Total parameter prop_binmuon_channel_bin15[0.00,-7.00,7.00] to be Gaussian constrained
------------------------------------------------------------
Channel muon_channel will use autoMCStats with settings: event-threshold=10, include-signal=0, hist-mode=1
Generate toy 1/250

 -- MarkovChainMC -- 
Limit: r < 1.38257 +/- 0.0106239 @ 95% credibility (15 tries)
Done in 0.14 min (cpu), 0.14 min (real)
Generate toy 2/250

 -- MarkovChainMC -- 
Limit: r < 0.652585 +/- 0.00610796 @ 95% credibility (15 tries)
Done in 0.12 min (cpu), 0.12 min (real)
Generate toy 3/250

 -- MarkovChainMC -- 
Limit: r < 0.71967 +/- 0.016504 @ 95% credibility (15 tries)
Done in 0.11 min (cpu), 0.11 min (real)
Generate toy 4/250

 -- MarkovChainMC -- 
Limit: r < 0.979648 +/- 0.0158834 @ 95% credibility (15 tries)
Done in 0.10 min (cpu), 0.10 min (real)
Generate toy 5/250

 -- MarkovChainMC -- 
Limit: r < 0.792913 +/- 0.00678319 @ 95% credibility (15 tries)
Done in 0.11 min (cpu), 0.11 min (real)
Generate toy 6/250

 -- MarkovChainMC -- 
Limit: r < 0.616661 +/- 0.0125988 @ 95% credibility (15 tries)
Done in 0.12 min (cpu), 0.12 min (real)
Generate toy 7/250

 -- MarkovChainMC -- 
Limit: r < 0.642213 +/- 0.0104992 @ 95% credibility (15 tries)
Done in 0.10 min (cpu), 0.10 min (real)
Generate toy 8/250

 -- MarkovChainMC -- 
Limit: r < 0.779267 +/- 0.00721075 @ 95% credibility (15 tries)
Done in 0.10 min (cpu), 0.10 min (real)
Generate toy 9/250

 -- MarkovChainMC -- 
Limit: r < 0.702253 +/- 0.00769052 @ 95% credibility (15 tries)
Done in 0.10 min (cpu), 0.10 min (real)
Generate toy 10/250

 -- MarkovChainMC -- 
Limit: r < 1.14937 +/- 0.0114403 @ 95% credibility (15 tries)
Done in 0.11 min (cpu), 0.11 min (real)
Generate toy 11/250

 -- MarkovChainMC -- 
Limit: r < 1.12349 +/- 0.0167497 @ 95% credibility (15 tries)
Done in 0.10 min (cpu), 0.10 min (real)
Generate toy 12/250

 -- MarkovChainMC -- 
Limit: r < 0.679659 +/- 0.0124356 @ 95% credibility (15 tries)
Done in 0.12 min (cpu), 0.12 min (real)
Generate toy 13/250

 -- MarkovChainMC -- 
Limit: r < 0.720456 +/- 0.00713443 @ 95% credibility (15 tries)
Done in 0.11 min (cpu), 0.12 min (real)
Generate toy 14/250

 -- MarkovChainMC -- 
Limit: r < 0.985016 +/- 0.0137978 @ 95% credibility (15 tries)
Done in 0.09 min (cpu), 0.10 min (real)
Generate toy 15/250

 -- MarkovChainMC -- 
Limit: r < 0.919242 +/- 0.0109086 @ 95% credibility (15 tries)
Done in 0.11 min (cpu), 0.11 min (real)
Generate toy 16/250

 -- MarkovChainMC -- 
Limit: r < 0.758094 +/- 0.0135753 @ 95% credibility (15 tries)
Done in 0.11 min (cpu), 0.11 min (real)
Generate toy 17/250

 -- MarkovChainMC -- 
Limit: r < 0.719296 +/- 0.00703644 @ 95% credibility (15 tries)
Done in 0.11 min (cpu), 0.12 min (real)
Generate toy 18/250

 -- MarkovChainMC -- 
Limit: r < 0.833748 +/- 0.00996967 @ 95% credibility (15 tries)
Done in 0.13 min (cpu), 0.14 min (real)
Generate toy 19/250

 -- MarkovChainMC -- 
Limit: r < 0.874359 +/- 0.0189453 @ 95% credibility (15 tries)
Done in 0.12 min (cpu), 0.12 min (real)
Generate toy 20/250

 -- MarkovChainMC -- 
Limit: r < 0.616207 +/- 0.00718164 @ 95% credibility (15 tries)
Done in 0.12 min (cpu), 0.12 min (real)
Generate toy 21/250

 -- MarkovChainMC -- 
Limit: r < 0.671201 +/- 0.0176202 @ 95% credibility (15 tries)
Done in 0.12 min (cpu), 0.13 min (real)
Generate toy 22/250

 -- MarkovChainMC -- 
Limit: r < 0.907132 +/- 0.00500565 @ 95% credibility (15 tries)
Done in 0.09 min (cpu), 0.09 min (real)
Generate toy 23/250

 -- MarkovChainMC -- 
Limit: r < 0.695248 +/- 0.00901762 @ 95% credibility (15 tries)
Done in 0.09 min (cpu), 0.10 min (real)
Generate toy 24/250

 -- MarkovChainMC -- 
Limit: r < 0.920755 +/- 0.0155304 @ 95% credibility (15 tries)
Done in 0.09 min (cpu), 0.09 min (real)
Generate toy 25/250

 -- MarkovChainMC -- 
Limit: r < 0.691258 +/- 0.00926498 @ 95% credibility (15 tries)
Done in 0.09 min (cpu), 0.09 min (real)
Generate toy 26/250

 -- MarkovChainMC -- 
Limit: r < 0.64816 +/- 0.00786962 @ 95% credibility (15 tries)
Done in 0.08 min (cpu), 0.08 min (real)
Generate toy 27/250

 -- MarkovChainMC -- 
Limit: r < 0.738312 +/- 0.00986777 @ 95% credibility (15 tries)
Done in 0.08 min (cpu), 0.09 min (real)
Generate toy 28/250

 -- MarkovChainMC -- 
Limit: r < 0.819638 +/- 0.0133468 @ 95% credibility (15 tries)
Done in 0.09 min (cpu), 0.09 min (real)
Generate toy 29/250

 -- MarkovChainMC -- 
Limit: r < 0.762143 +/- 0.0115328 @ 95% credibility (15 tries)
Done in 0.09 min (cpu), 0.09 min (real)
Generate toy 30/250

 -- MarkovChainMC -- 
Limit: r < 0.785308 +/- 0.00903719 @ 95% credibility (15 tries)
Done in 0.09 min (cpu), 0.09 min (real)
Generate toy 31/250

 -- MarkovChainMC -- 
Limit: r < 1.1121 +/- 0.0084554 @ 95% credibility (15 tries)
Done in 0.10 min (cpu), 0.10 min (real)
Generate toy 32/250

 -- MarkovChainMC -- 
Limit: r < 0.728204 +/- 0.00961576 @ 95% credibility (15 tries)
Done in 0.09 min (cpu), 0.09 min (real)
Generate toy 33/250

 -- MarkovChainMC -- 
Limit: r < 1.22992 +/- 0.0140442 @ 95% credibility (15 tries)
Done in 0.13 min (cpu), 0.13 min (real)
Generate toy 34/250

 -- MarkovChainMC -- 
Limit: r < 0.774357 +/- 0.0102141 @ 95% credibility (15 tries)
Done in 0.12 min (cpu), 0.13 min (real)
Generate toy 35/250

 -- MarkovChainMC -- 
Limit: r < 0.862936 +/- 0.0120175 @ 95% credibility (15 tries)
Done in 0.12 min (cpu), 0.13 min (real)
Generate toy 36/250

 -- MarkovChainMC -- 
Limit: r < 0.694492 +/- 0.0101126 @ 95% credibility (15 tries)
Done in 0.13 min (cpu), 0.13 min (real)
Generate toy 37/250

 -- MarkovChainMC -- 
Limit: r < 0.633214 +/- 0.0101433 @ 95% credibility (15 tries)
Done in 0.10 min (cpu), 0.10 min (real)
Generate toy 38/250

 -- MarkovChainMC -- 
Limit: r < 0.643715 +/- 0.00682076 @ 95% credibility (15 tries)
Done in 0.10 min (cpu), 0.11 min (real)
Generate toy 39/250

 -- MarkovChainMC -- 
Limit: r < 0.986914 +/- 0.00528363 @ 95% credibility (15 tries)
Done in 0.09 min (cpu), 0.09 min (real)
Generate toy 40/250

 -- MarkovChainMC -- 
Limit: r < 0.731774 +/- 0.0104833 @ 95% credibility (15 tries)
Done in 0.11 min (cpu), 0.11 min (real)
Generate toy 41/250

 -- MarkovChainMC -- 
Limit: r < 0.940529 +/- 0.0147029 @ 95% credibility (15 tries)
Done in 0.13 min (cpu), 0.13 min (real)
Generate toy 42/250

 -- MarkovChainMC -- 
Limit: r < 0.756777 +/- 0.00952229 @ 95% credibility (15 tries)
Done in 0.12 min (cpu), 0.13 min (real)
Generate toy 43/250

 -- MarkovChainMC -- 
Limit: r < 0.779227 +/- 0.0108694 @ 95% credibility (15 tries)
Done in 0.10 min (cpu), 0.10 min (real)
Generate toy 44/250

 -- MarkovChainMC -- 
Limit: r < 1.00582 +/- 0.0183225 @ 95% credibility (15 tries)
Done in 0.11 min (cpu), 0.11 min (real)
Generate toy 45/250

 -- MarkovChainMC -- 
Limit: r < 1.35408 +/- 0.0140887 @ 95% credibility (15 tries)
Done in 0.13 min (cpu), 0.13 min (real)
Generate toy 46/250

 -- MarkovChainMC -- 
Limit: r < 0.890579 +/- 0.0109726 @ 95% credibility (15 tries)
Done in 0.13 min (cpu), 0.13 min (real)
Generate toy 47/250

 -- MarkovChainMC -- 
Limit: r < 0.901082 +/- 0.0103467 @ 95% credibility (15 tries)
Done in 0.11 min (cpu), 0.11 min (real)
Generate toy 48/250

 -- MarkovChainMC -- 
Limit: r < 0.709745 +/- 0.0121578 @ 95% credibility (15 tries)
Done in 0.10 min (cpu), 0.11 min (real)
Generate toy 49/250

 -- MarkovChainMC -- 
Limit: r < 0.769219 +/- 0.0130177 @ 95% credibility (15 tries)
Done in 0.13 min (cpu), 0.13 min (real)
Generate toy 50/250

 -- MarkovChainMC -- 
Limit: r < 0.921705 +/- 0.0130121 @ 95% credibility (15 tries)
Done in 0.14 min (cpu), 0.14 min (real)
Generate toy 51/250

 -- MarkovChainMC -- 
Limit: r < 0.765341 +/- 0.0125079 @ 95% credibility (15 tries)
Done in 0.12 min (cpu), 0.12 min (real)
Generate toy 52/250

 -- MarkovChainMC -- 
Limit: r < 0.862924 +/- 0.0146748 @ 95% credibility (15 tries)
Done in 0.12 min (cpu), 0.12 min (real)
Generate toy 53/250

 -- MarkovChainMC -- 
Limit: r < 0.797791 +/- 0.0103688 @ 95% credibility (15 tries)
Done in 0.11 min (cpu), 0.11 min (real)
Generate toy 54/250

 -- MarkovChainMC -- 
Limit: r < 0.967726 +/- 0.00790855 @ 95% credibility (15 tries)
Done in 0.09 min (cpu), 0.09 min (real)
Generate toy 55/250

 -- MarkovChainMC -- 
Limit: r < 0.810687 +/- 0.0135887 @ 95% credibility (15 tries)
Done in 0.09 min (cpu), 0.09 min (real)
Generate toy 56/250

 -- MarkovChainMC -- 
Limit: r < 1.05024 +/- 0.0169659 @ 95% credibility (15 tries)
Done in 0.10 min (cpu), 0.10 min (real)
Generate toy 57/250

 -- MarkovChainMC -- 
Limit: r < 0.697836 +/- 0.00993492 @ 95% credibility (15 tries)
Done in 0.13 min (cpu), 0.13 min (real)
Generate toy 58/250

 -- MarkovChainMC -- 
Limit: r < 0.775185 +/- 0.0130595 @ 95% credibility (15 tries)
Done in 0.11 min (cpu), 0.11 min (real)
Generate toy 59/250

 -- MarkovChainMC -- 
Limit: r < 0.651475 +/- 0.0161382 @ 95% credibility (15 tries)
Done in 0.12 min (cpu), 0.12 min (real)
Generate toy 60/250

 -- MarkovChainMC -- 
Limit: r < 0.718393 +/- 0.00666164 @ 95% credibility (15 tries)
Done in 0.08 min (cpu), 0.08 min (real)
Generate toy 61/250

 -- MarkovChainMC -- 
Limit: r < 0.761796 +/- 0.012547 @ 95% credibility (15 tries)
Done in 0.10 min (cpu), 0.10 min (real)
Generate toy 62/250

 -- MarkovChainMC -- 
Limit: r < 0.713391 +/- 0.00965563 @ 95% credibility (15 tries)
Done in 0.11 min (cpu), 0.11 min (real)
Generate toy 63/250

 -- MarkovChainMC -- 
Limit: r < 1.10316 +/- 0.0209864 @ 95% credibility (15 tries)
Done in 0.13 min (cpu), 0.13 min (real)
Generate toy 64/250

 -- MarkovChainMC -- 
Limit: r < 0.620118 +/- 0.007284 @ 95% credibility (15 tries)
Done in 0.11 min (cpu), 0.11 min (real)
Generate toy 65/250

 -- MarkovChainMC -- 
Limit: r < 0.772913 +/- 0.00780345 @ 95% credibility (15 tries)
Done in 0.11 min (cpu), 0.11 min (real)
Generate toy 66/250

 -- MarkovChainMC -- 
Limit: r < 0.836072 +/- 0.0116501 @ 95% credibility (15 tries)
Done in 0.11 min (cpu), 0.12 min (real)
Generate toy 67/250

 -- MarkovChainMC -- 
Limit: r < 0.774028 +/- 0.00722215 @ 95% credibility (15 tries)
Done in 0.10 min (cpu), 0.10 min (real)
Generate toy 68/250

 -- MarkovChainMC -- 
Limit: r < 0.828912 +/- 0.00844294 @ 95% credibility (15 tries)
Done in 0.10 min (cpu), 0.11 min (real)
Generate toy 69/250

 -- MarkovChainMC -- 
Limit: r < 1.20976 +/- 0.0207584 @ 95% credibility (15 tries)
Done in 0.13 min (cpu), 0.13 min (real)
Generate toy 70/250

 -- MarkovChainMC -- 
Limit: r < 0.702473 +/- 0.008374 @ 95% credibility (15 tries)
Done in 0.11 min (cpu), 0.11 min (real)
Generate toy 71/250

 -- MarkovChainMC -- 
Limit: r < 0.976506 +/- 0.0130944 @ 95% credibility (15 tries)
Done in 0.09 min (cpu), 0.09 min (real)
Generate toy 72/250

 -- MarkovChainMC -- 
Limit: r < 0.755856 +/- 0.008896 @ 95% credibility (15 tries)
Done in 0.10 min (cpu), 0.10 min (real)
Generate toy 73/250

 -- MarkovChainMC -- 
Limit: r < 0.940585 +/- 0.0138929 @ 95% credibility (15 tries)
Done in 0.09 min (cpu), 0.09 min (real)
Generate toy 74/250

 -- MarkovChainMC -- 
Limit: r < 0.688789 +/- 0.00877024 @ 95% credibility (15 tries)
Done in 0.11 min (cpu), 0.11 min (real)
Generate toy 75/250

 -- MarkovChainMC -- 
Limit: r < 0.922592 +/- 0.00832167 @ 95% credibility (15 tries)
Done in 0.13 min (cpu), 0.13 min (real)
Generate toy 76/250

 -- MarkovChainMC -- 
Limit: r < 0.804795 +/- 0.0153577 @ 95% credibility (15 tries)
Done in 0.13 min (cpu), 0.14 min (real)
Generate toy 77/250

 -- MarkovChainMC -- 
Limit: r < 0.778959 +/- 0.0149633 @ 95% credibility (15 tries)
Done in 0.12 min (cpu), 0.12 min (real)
Generate toy 78/250

 -- MarkovChainMC -- 
Limit: r < 0.867445 +/- 0.0131089 @ 95% credibility (15 tries)
Done in 0.10 min (cpu), 0.10 min (real)
Generate toy 79/250

 -- MarkovChainMC -- 
Limit: r < 1.08137 +/- 0.0133981 @ 95% credibility (15 tries)
Done in 0.10 min (cpu), 0.10 min (real)
Generate toy 80/250

 -- MarkovChainMC -- 
Limit: r < 0.777451 +/- 0.0114006 @ 95% credibility (15 tries)
Done in 0.10 min (cpu), 0.10 min (real)
Generate toy 81/250

 -- MarkovChainMC -- 
Limit: r < 1.69854 +/- 0.00878225 @ 95% credibility (15 tries)
Done in 0.10 min (cpu), 0.11 min (real)
Generate toy 82/250

 -- MarkovChainMC -- 
Limit: r < 0.915686 +/- 0.0093821 @ 95% credibility (15 tries)
Done in 0.13 min (cpu), 0.13 min (real)
Generate toy 83/250

 -- MarkovChainMC -- 
Limit: r < 0.967906 +/- 0.00632131 @ 95% credibility (15 tries)
Done in 0.12 min (cpu), 0.12 min (real)
Generate toy 84/250

 -- MarkovChainMC -- 
Limit: r < 0.691966 +/- 0.0143728 @ 95% credibility (15 tries)
Done in 0.10 min (cpu), 0.10 min (real)
Generate toy 85/250

 -- MarkovChainMC -- 
Limit: r < 0.856144 +/- 0.0108364 @ 95% credibility (15 tries)
Done in 0.09 min (cpu), 0.09 min (real)
Generate toy 86/250

 -- MarkovChainMC -- 
Limit: r < 0.812278 +/- 0.0102875 @ 95% credibility (15 tries)
Done in 0.09 min (cpu), 0.09 min (real)
Generate toy 87/250

 -- MarkovChainMC -- 
Limit: r < 0.689619 +/- 0.008226 @ 95% credibility (15 tries)
Done in 0.11 min (cpu), 0.11 min (real)
Generate toy 88/250

 -- MarkovChainMC -- 
Limit: r < 0.860782 +/- 0.0102854 @ 95% credibility (15 tries)
Done in 0.10 min (cpu), 0.10 min (real)
Generate toy 89/250

 -- MarkovChainMC -- 
Limit: r < 0.730292 +/- 0.0148288 @ 95% credibility (15 tries)
Done in 0.13 min (cpu), 0.13 min (real)
Generate toy 90/250

 -- MarkovChainMC -- 
Limit: r < 0.797613 +/- 0.0142862 @ 95% credibility (15 tries)
Done in 0.12 min (cpu), 0.12 min (real)
Generate toy 91/250

 -- MarkovChainMC -- 
Limit: r < 0.698974 +/- 0.00884463 @ 95% credibility (15 tries)
Done in 0.11 min (cpu), 0.11 min (real)
Generate toy 92/250

 -- MarkovChainMC -- 
Limit: r < 0.732478 +/- 0.00979782 @ 95% credibility (15 tries)
Done in 0.08 min (cpu), 0.08 min (real)
Generate toy 93/250

 -- MarkovChainMC -- 
Limit: r < 0.726784 +/- 0.00785598 @ 95% credibility (15 tries)
Done in 0.08 min (cpu), 0.09 min (real)
Generate toy 94/250

 -- MarkovChainMC -- 
Limit: r < 0.839399 +/- 0.0111091 @ 95% credibility (15 tries)
Done in 0.09 min (cpu), 0.09 min (real)
Generate toy 95/250

 -- MarkovChainMC -- 
Limit: r < 1.01187 +/- 0.0109865 @ 95% credibility (15 tries)
Done in 0.10 min (cpu), 0.10 min (real)
Generate toy 96/250

 -- MarkovChainMC -- 
Limit: r < 0.685313 +/- 0.0129442 @ 95% credibility (15 tries)
Done in 0.08 min (cpu), 0.08 min (real)
Generate toy 97/250

 -- MarkovChainMC -- 
Limit: r < 1.16086 +/- 0.0177264 @ 95% credibility (15 tries)
Done in 0.13 min (cpu), 0.13 min (real)
Generate toy 98/250

 -- MarkovChainMC -- 
Limit: r < 0.825185 +/- 0.0187993 @ 95% credibility (15 tries)
Done in 0.09 min (cpu), 0.10 min (real)
Generate toy 99/250

 -- MarkovChainMC -- 
Limit: r < 1.14578 +/- 0.0160566 @ 95% credibility (15 tries)
Done in 0.13 min (cpu), 0.13 min (real)
Generate toy 100/250

 -- MarkovChainMC -- 
Limit: r < 0.788905 +/- 0.0187763 @ 95% credibility (15 tries)
Done in 0.13 min (cpu), 0.13 min (real)
Generate toy 101/250

 -- MarkovChainMC -- 
Limit: r < 0.915997 +/- 0.00670519 @ 95% credibility (15 tries)
Done in 0.10 min (cpu), 0.10 min (real)
Generate toy 102/250

 -- MarkovChainMC -- 
Limit: r < 1.2636 +/- 0.0144632 @ 95% credibility (15 tries)
Done in 0.11 min (cpu), 0.12 min (real)
Generate toy 103/250

 -- MarkovChainMC -- 
Limit: r < 1.19206 +/- 0.0147051 @ 95% credibility (15 tries)
Done in 0.12 min (cpu), 0.13 min (real)
Generate toy 104/250

 -- MarkovChainMC -- 
Limit: r < 0.953721 +/- 0.00911182 @ 95% credibility (15 tries)
Done in 0.11 min (cpu), 0.11 min (real)
Generate toy 105/250

 -- MarkovChainMC -- 
Limit: r < 1.20231 +/- 0.0227282 @ 95% credibility (15 tries)
Done in 0.12 min (cpu), 0.12 min (real)
Generate toy 106/250

 -- MarkovChainMC -- 
Limit: r < 0.715421 +/- 0.0125586 @ 95% credibility (15 tries)
Done in 0.10 min (cpu), 0.10 min (real)
Generate toy 107/250

 -- MarkovChainMC -- 
Limit: r < 0.727311 +/- 0.0141353 @ 95% credibility (15 tries)
Done in 0.10 min (cpu), 0.10 min (real)
Generate toy 108/250

 -- MarkovChainMC -- 
Limit: r < 0.755879 +/- 0.0142496 @ 95% credibility (15 tries)
Done in 0.10 min (cpu), 0.10 min (real)
Generate toy 109/250

 -- MarkovChainMC -- 
Limit: r < 0.693595 +/- 0.00759852 @ 95% credibility (15 tries)
Done in 0.09 min (cpu), 0.09 min (real)
Generate toy 110/250

 -- MarkovChainMC -- 
Limit: r < 0.735282 +/- 0.00953721 @ 95% credibility (15 tries)
Done in 0.12 min (cpu), 0.13 min (real)
Generate toy 111/250

 -- MarkovChainMC -- 
Limit: r < 0.771107 +/- 0.00646306 @ 95% credibility (15 tries)
Done in 0.12 min (cpu), 0.12 min (real)
Generate toy 112/250

 -- MarkovChainMC -- 
Limit: r < 0.877785 +/- 0.0123221 @ 95% credibility (15 tries)
Done in 0.09 min (cpu), 0.09 min (real)
Generate toy 113/250

 -- MarkovChainMC -- 
Limit: r < 0.686564 +/- 0.0147134 @ 95% credibility (15 tries)
Done in 0.08 min (cpu), 0.09 min (real)
Generate toy 114/250

 -- MarkovChainMC -- 
Limit: r < 0.676829 +/- 0.00847982 @ 95% credibility (15 tries)
Done in 0.10 min (cpu), 0.10 min (real)
Generate toy 115/250

 -- MarkovChainMC -- 
Limit: r < 0.775429 +/- 0.00436811 @ 95% credibility (15 tries)
Done in 0.10 min (cpu), 0.11 min (real)
Generate toy 116/250

 -- MarkovChainMC -- 
Limit: r < 1.08412 +/- 0.0123056 @ 95% credibility (15 tries)
Done in 0.09 min (cpu), 0.09 min (real)
Generate toy 117/250

 -- MarkovChainMC -- 
Limit: r < 1.42025 +/- 0.0142017 @ 95% credibility (15 tries)
Done in 0.11 min (cpu), 0.11 min (real)
Generate toy 118/250

 -- MarkovChainMC -- 
Limit: r < 0.797647 +/- 0.0160758 @ 95% credibility (15 tries)
Done in 0.10 min (cpu), 0.10 min (real)
Generate toy 119/250

 -- MarkovChainMC -- 
Limit: r < 0.749022 +/- 0.0147484 @ 95% credibility (15 tries)
Done in 0.11 min (cpu), 0.11 min (real)
Generate toy 120/250

 -- MarkovChainMC -- 
Limit: r < 0.761679 +/- 0.0111576 @ 95% credibility (15 tries)
Done in 0.12 min (cpu), 0.12 min (real)
Generate toy 121/250

 -- MarkovChainMC -- 
Limit: r < 0.979329 +/- 0.0140653 @ 95% credibility (15 tries)
Done in 0.13 min (cpu), 0.13 min (real)
Generate toy 122/250

 -- MarkovChainMC -- 
Limit: r < 0.707726 +/- 0.0103693 @ 95% credibility (15 tries)
Done in 0.11 min (cpu), 0.11 min (real)
Generate toy 123/250

 -- MarkovChainMC -- 
Limit: r < 0.703661 +/- 0.0101444 @ 95% credibility (15 tries)
Done in 0.11 min (cpu), 0.11 min (real)
Generate toy 124/250

 -- MarkovChainMC -- 
Limit: r < 0.797853 +/- 0.0133562 @ 95% credibility (15 tries)
Done in 0.10 min (cpu), 0.10 min (real)
Generate toy 125/250

 -- MarkovChainMC -- 
Limit: r < 0.71235 +/- 0.0120495 @ 95% credibility (15 tries)
Done in 0.12 min (cpu), 0.12 min (real)
Generate toy 126/250

 -- MarkovChainMC -- 
Limit: r < 0.893698 +/- 0.0118315 @ 95% credibility (15 tries)
Done in 0.11 min (cpu), 0.11 min (real)
Generate toy 127/250

 -- MarkovChainMC -- 
Limit: r < 0.604548 +/- 0.00838325 @ 95% credibility (15 tries)
Done in 0.10 min (cpu), 0.10 min (real)
Generate toy 128/250

 -- MarkovChainMC -- 
Limit: r < 0.743422 +/- 0.0114242 @ 95% credibility (15 tries)
Done in 0.11 min (cpu), 0.11 min (real)
Generate toy 129/250

 -- MarkovChainMC -- 
Limit: r < 0.761105 +/- 0.0119803 @ 95% credibility (15 tries)
Done in 0.11 min (cpu), 0.12 min (real)
Generate toy 130/250

 -- MarkovChainMC -- 
Limit: r < 0.770482 +/- 0.0144646 @ 95% credibility (15 tries)
Done in 0.10 min (cpu), 0.10 min (real)
Generate toy 131/250

 -- MarkovChainMC -- 
Limit: r < 0.781655 +/- 0.00800765 @ 95% credibility (15 tries)
Done in 0.12 min (cpu), 0.12 min (real)
Generate toy 132/250

 -- MarkovChainMC -- 
Limit: r < 1.18359 +/- 0.0180843 @ 95% credibility (15 tries)
Done in 0.13 min (cpu), 0.13 min (real)
Generate toy 133/250

 -- MarkovChainMC -- 
Limit: r < 0.744452 +/- 0.00631808 @ 95% credibility (15 tries)
Done in 0.11 min (cpu), 0.11 min (real)
Generate toy 134/250

 -- MarkovChainMC -- 
Limit: r < 1.03241 +/- 0.0122094 @ 95% credibility (15 tries)
Done in 0.13 min (cpu), 0.13 min (real)
Generate toy 135/250

 -- MarkovChainMC -- 
Limit: r < 0.827981 +/- 0.0122463 @ 95% credibility (15 tries)
Done in 0.13 min (cpu), 0.14 min (real)
Generate toy 136/250

 -- MarkovChainMC -- 
Limit: r < 0.68268 +/- 0.0131148 @ 95% credibility (15 tries)
Done in 0.12 min (cpu), 0.13 min (real)
Generate toy 137/250

 -- MarkovChainMC -- 
Limit: r < 0.790349 +/- 0.0106935 @ 95% credibility (15 tries)
Done in 0.13 min (cpu), 0.13 min (real)
Generate toy 138/250

 -- MarkovChainMC -- 
Limit: r < 0.655614 +/- 0.00779071 @ 95% credibility (15 tries)
Done in 0.09 min (cpu), 0.09 min (real)
Generate toy 139/250

 -- MarkovChainMC -- 
Limit: r < 0.792465 +/- 0.00955995 @ 95% credibility (15 tries)
Done in 0.10 min (cpu), 0.10 min (real)
Generate toy 140/250

 -- MarkovChainMC -- 
Limit: r < 0.724509 +/- 0.0145517 @ 95% credibility (15 tries)
Done in 0.11 min (cpu), 0.11 min (real)
Generate toy 141/250

 -- MarkovChainMC -- 
Limit: r < 0.739767 +/- 0.0146944 @ 95% credibility (15 tries)
Done in 0.11 min (cpu), 0.12 min (real)
Generate toy 142/250

 -- MarkovChainMC -- 
Limit: r < 1.09546 +/- 0.0179084 @ 95% credibility (15 tries)
Done in 0.12 min (cpu), 0.12 min (real)
Generate toy 143/250

 -- MarkovChainMC -- 
Limit: r < 0.949918 +/- 0.0199616 @ 95% credibility (15 tries)
Done in 0.11 min (cpu), 0.11 min (real)
Generate toy 144/250

 -- MarkovChainMC -- 
Limit: r < 0.722852 +/- 0.0105574 @ 95% credibility (15 tries)
Done in 0.11 min (cpu), 0.11 min (real)
Generate toy 145/250

 -- MarkovChainMC -- 
Limit: r < 0.723906 +/- 0.00873409 @ 95% credibility (15 tries)
Done in 0.12 min (cpu), 0.12 min (real)
Generate toy 146/250

 -- MarkovChainMC -- 
Limit: r < 0.730676 +/- 0.0166418 @ 95% credibility (15 tries)
Done in 0.13 min (cpu), 0.13 min (real)
Generate toy 147/250

 -- MarkovChainMC -- 
Limit: r < 1.08812 +/- 0.0204783 @ 95% credibility (15 tries)
Done in 0.14 min (cpu), 0.14 min (real)
Generate toy 148/250

 -- MarkovChainMC -- 
Limit: r < 0.730412 +/- 0.00754406 @ 95% credibility (15 tries)
Done in 0.12 min (cpu), 0.13 min (real)
Generate toy 149/250

 -- MarkovChainMC -- 
Limit: r < 1.12353 +/- 0.013451 @ 95% credibility (15 tries)
Done in 0.11 min (cpu), 0.11 min (real)
Generate toy 150/250

 -- MarkovChainMC -- 
Limit: r < 0.863189 +/- 0.0123301 @ 95% credibility (15 tries)
Done in 0.11 min (cpu), 0.11 min (real)
Generate toy 151/250

 -- MarkovChainMC -- 
Limit: r < 0.758549 +/- 0.00841613 @ 95% credibility (15 tries)
Done in 0.12 min (cpu), 0.12 min (real)
Generate toy 152/250

 -- MarkovChainMC -- 
Limit: r < 1.0149 +/- 0.00823159 @ 95% credibility (15 tries)
Done in 0.10 min (cpu), 0.11 min (real)
Generate toy 153/250

 -- MarkovChainMC -- 
Limit: r < 1.46774 +/- 0.0174107 @ 95% credibility (15 tries)
Done in 0.12 min (cpu), 0.12 min (real)
Generate toy 154/250

 -- MarkovChainMC -- 
Limit: r < 0.830671 +/- 0.00879489 @ 95% credibility (15 tries)
Done in 0.10 min (cpu), 0.10 min (real)
Generate toy 155/250

 -- MarkovChainMC -- 
Limit: r < 0.731595 +/- 0.00817452 @ 95% credibility (15 tries)
Done in 0.13 min (cpu), 0.13 min (real)
Generate toy 156/250

 -- MarkovChainMC -- 
Limit: r < 0.684395 +/- 0.0081305 @ 95% credibility (15 tries)
Done in 0.10 min (cpu), 0.11 min (real)
Generate toy 157/250

 -- MarkovChainMC -- 
Limit: r < 0.699725 +/- 0.0118238 @ 95% credibility (15 tries)
Done in 0.11 min (cpu), 0.11 min (real)
Generate toy 158/250

 -- MarkovChainMC -- 
Limit: r < 1.34828 +/- 0.0203085 @ 95% credibility (15 tries)
Done in 0.11 min (cpu), 0.11 min (real)
Generate toy 159/250

 -- MarkovChainMC -- 
Limit: r < 0.992349 +/- 0.00865944 @ 95% credibility (15 tries)
Done in 0.12 min (cpu), 0.13 min (real)
Generate toy 160/250

 -- MarkovChainMC -- 
Limit: r < 0.773006 +/- 0.00832763 @ 95% credibility (15 tries)
Done in 0.11 min (cpu), 0.12 min (real)
Generate toy 161/250

 -- MarkovChainMC -- 
Limit: r < 1.27766 +/- 0.0187408 @ 95% credibility (15 tries)
Done in 0.12 min (cpu), 0.12 min (real)
Generate toy 162/250

 -- MarkovChainMC -- 
Limit: r < 0.749716 +/- 0.00809888 @ 95% credibility (15 tries)
Done in 0.11 min (cpu), 0.12 min (real)
Generate toy 163/250

 -- MarkovChainMC -- 
Limit: r < 1.20119 +/- 0.0119106 @ 95% credibility (15 tries)
Done in 0.12 min (cpu), 0.12 min (real)
Generate toy 164/250

 -- MarkovChainMC -- 
Limit: r < 1.19204 +/- 0.0168143 @ 95% credibility (15 tries)
Done in 0.12 min (cpu), 0.13 min (real)
Generate toy 165/250

 -- MarkovChainMC -- 
Limit: r < 0.716253 +/- 0.0108321 @ 95% credibility (15 tries)
Done in 0.11 min (cpu), 0.12 min (real)
Generate toy 166/250

 -- MarkovChainMC -- 
Limit: r < 0.633139 +/- 0.00827043 @ 95% credibility (15 tries)
Done in 0.12 min (cpu), 0.12 min (real)
Generate toy 167/250

 -- MarkovChainMC -- 
Limit: r < 0.717794 +/- 0.0135027 @ 95% credibility (15 tries)
Done in 0.10 min (cpu), 0.10 min (real)
Generate toy 168/250

 -- MarkovChainMC -- 
Limit: r < 0.66873 +/- 0.0115037 @ 95% credibility (15 tries)
Done in 0.10 min (cpu), 0.10 min (real)
Generate toy 169/250

 -- MarkovChainMC -- 
Limit: r < 0.736019 +/- 0.00742108 @ 95% credibility (15 tries)
Done in 0.12 min (cpu), 0.12 min (real)
Generate toy 170/250

 -- MarkovChainMC -- 
Limit: r < 0.720016 +/- 0.0106728 @ 95% credibility (15 tries)
Done in 0.10 min (cpu), 0.10 min (real)
Generate toy 171/250

 -- MarkovChainMC -- 
Limit: r < 1.11291 +/- 0.0153282 @ 95% credibility (15 tries)
Done in 0.12 min (cpu), 0.12 min (real)
Generate toy 172/250

 -- MarkovChainMC -- 
Limit: r < 0.856265 +/- 0.00892948 @ 95% credibility (15 tries)
Done in 0.10 min (cpu), 0.10 min (real)
Generate toy 173/250

 -- MarkovChainMC -- 
Limit: r < 1.102 +/- 0.0124393 @ 95% credibility (15 tries)
Done in 0.12 min (cpu), 0.13 min (real)
Generate toy 174/250

 -- MarkovChainMC -- 
Limit: r < 1.29897 +/- 0.0114044 @ 95% credibility (15 tries)
Done in 0.12 min (cpu), 0.12 min (real)
Generate toy 175/250

 -- MarkovChainMC -- 
Limit: r < 0.811068 +/- 0.0116669 @ 95% credibility (15 tries)
Done in 0.13 min (cpu), 0.13 min (real)
Generate toy 176/250

 -- MarkovChainMC -- 
Limit: r < 1.12765 +/- 0.0149807 @ 95% credibility (15 tries)
Done in 0.12 min (cpu), 0.12 min (real)
Generate toy 177/250

 -- MarkovChainMC -- 
Limit: r < 0.744189 +/- 0.00961826 @ 95% credibility (15 tries)
Done in 0.12 min (cpu), 0.12 min (real)
Generate toy 178/250

 -- MarkovChainMC -- 
Limit: r < 0.792323 +/- 0.0168835 @ 95% credibility (15 tries)
Done in 0.12 min (cpu), 0.13 min (real)
Generate toy 179/250

 -- MarkovChainMC -- 
Limit: r < 1.05363 +/- 0.0159802 @ 95% credibility (15 tries)
Done in 0.12 min (cpu), 0.12 min (real)
Generate toy 180/250

 -- MarkovChainMC -- 
Limit: r < 0.825384 +/- 0.0134183 @ 95% credibility (15 tries)
Done in 0.10 min (cpu), 0.10 min (real)
Generate toy 181/250

 -- MarkovChainMC -- 
Limit: r < 0.75813 +/- 0.01605 @ 95% credibility (15 tries)
Done in 0.09 min (cpu), 0.09 min (real)
Generate toy 182/250

 -- MarkovChainMC -- 
Limit: r < 0.677288 +/- 0.00738652 @ 95% credibility (15 tries)
Done in 0.13 min (cpu), 0.13 min (real)
Generate toy 183/250

 -- MarkovChainMC -- 
Limit: r < 0.931246 +/- 0.015063 @ 95% credibility (15 tries)
Done in 0.12 min (cpu), 0.12 min (real)
Generate toy 184/250

 -- MarkovChainMC -- 
Limit: r < 0.799919 +/- 0.0143098 @ 95% credibility (15 tries)
Done in 0.12 min (cpu), 0.12 min (real)
Generate toy 185/250

 -- MarkovChainMC -- 
Limit: r < 1.16244 +/- 0.0207195 @ 95% credibility (15 tries)
Done in 0.13 min (cpu), 0.13 min (real)
Generate toy 186/250

 -- MarkovChainMC -- 
Limit: r < 0.834306 +/- 0.00492033 @ 95% credibility (15 tries)
Done in 0.12 min (cpu), 0.12 min (real)
Generate toy 187/250

 -- MarkovChainMC -- 
Limit: r < 1.04961 +/- 0.0151322 @ 95% credibility (15 tries)
Done in 0.10 min (cpu), 0.10 min (real)
Generate toy 188/250

 -- MarkovChainMC -- 
Limit: r < 0.929172 +/- 0.0147894 @ 95% credibility (15 tries)
Done in 0.10 min (cpu), 0.10 min (real)
Generate toy 189/250

 -- MarkovChainMC -- 
Limit: r < 1.17271 +/- 0.0112722 @ 95% credibility (15 tries)
Done in 0.13 min (cpu), 0.13 min (real)
Generate toy 190/250

 -- MarkovChainMC -- 
Limit: r < 0.681807 +/- 0.0142522 @ 95% credibility (15 tries)
Done in 0.09 min (cpu), 0.09 min (real)
Generate toy 191/250

 -- MarkovChainMC -- 
Limit: r < 0.629013 +/- 0.00649517 @ 95% credibility (15 tries)
Done in 0.09 min (cpu), 0.10 min (real)
Generate toy 192/250

 -- MarkovChainMC -- 
Limit: r < 0.984056 +/- 0.0133309 @ 95% credibility (15 tries)
Done in 0.11 min (cpu), 0.11 min (real)
Generate toy 193/250

 -- MarkovChainMC -- 
Limit: r < 0.731274 +/- 0.0102105 @ 95% credibility (15 tries)
Done in 0.13 min (cpu), 0.14 min (real)
Generate toy 194/250

 -- MarkovChainMC -- 
Limit: r < 1.14077 +/- 0.0181066 @ 95% credibility (15 tries)
Done in 0.14 min (cpu), 0.14 min (real)
Generate toy 195/250

 -- MarkovChainMC -- 
Limit: r < 0.96167 +/- 0.0206756 @ 95% credibility (15 tries)
Done in 0.13 min (cpu), 0.14 min (real)
Generate toy 196/250

 -- MarkovChainMC -- 
Limit: r < 0.870214 +/- 0.019904 @ 95% credibility (15 tries)
Done in 0.13 min (cpu), 0.13 min (real)
Generate toy 197/250

 -- MarkovChainMC -- 
Limit: r < 0.710159 +/- 0.0121013 @ 95% credibility (15 tries)
Done in 0.12 min (cpu), 0.12 min (real)
Generate toy 198/250

 -- MarkovChainMC -- 
Limit: r < 0.937267 +/- 0.0140548 @ 95% credibility (15 tries)
Done in 0.12 min (cpu), 0.12 min (real)
Generate toy 199/250

 -- MarkovChainMC -- 
Limit: r < 0.877502 +/- 0.0135399 @ 95% credibility (15 tries)
Done in 0.11 min (cpu), 0.12 min (real)
Generate toy 200/250

 -- MarkovChainMC -- 
Limit: r < 0.62816 +/- 0.00788437 @ 95% credibility (15 tries)
Done in 0.12 min (cpu), 0.12 min (real)
Generate toy 201/250

 -- MarkovChainMC -- 
Limit: r < 0.83238 +/- 0.012258 @ 95% credibility (15 tries)
Done in 0.10 min (cpu), 0.10 min (real)
Generate toy 202/250

 -- MarkovChainMC -- 
Limit: r < 0.704047 +/- 0.0109602 @ 95% credibility (15 tries)
Done in 0.10 min (cpu), 0.10 min (real)
Generate toy 203/250

 -- MarkovChainMC -- 
Limit: r < 1.16564 +/- 0.0115482 @ 95% credibility (15 tries)
Done in 0.11 min (cpu), 0.11 min (real)
Generate toy 204/250

 -- MarkovChainMC -- 
Limit: r < 0.628167 +/- 0.00921471 @ 95% credibility (15 tries)
Done in 0.12 min (cpu), 0.12 min (real)
Generate toy 205/250

 -- MarkovChainMC -- 
Limit: r < 0.866732 +/- 0.00724676 @ 95% credibility (15 tries)
Done in 0.09 min (cpu), 0.09 min (real)
Generate toy 206/250

 -- MarkovChainMC -- 
Limit: r < 0.796879 +/- 0.008371 @ 95% credibility (15 tries)
Done in 0.09 min (cpu), 0.09 min (real)
Generate toy 207/250

 -- MarkovChainMC -- 
Limit: r < 0.826378 +/- 0.00780876 @ 95% credibility (15 tries)
Done in 0.10 min (cpu), 0.10 min (real)
Generate toy 208/250

 -- MarkovChainMC -- 
Limit: r < 0.677299 +/- 0.0108835 @ 95% credibility (15 tries)
Done in 0.11 min (cpu), 0.12 min (real)
Generate toy 209/250

 -- MarkovChainMC -- 
Limit: r < 0.786739 +/- 0.00958861 @ 95% credibility (15 tries)
Done in 0.12 min (cpu), 0.13 min (real)
Generate toy 210/250

 -- MarkovChainMC -- 
Limit: r < 0.680141 +/- 0.00519148 @ 95% credibility (15 tries)
Done in 0.10 min (cpu), 0.10 min (real)
Generate toy 211/250

 -- MarkovChainMC -- 
Limit: r < 0.673371 +/- 0.00446211 @ 95% credibility (15 tries)
Done in 0.10 min (cpu), 0.10 min (real)
Generate toy 212/250

 -- MarkovChainMC -- 
Limit: r < 0.743739 +/- 0.013838 @ 95% credibility (15 tries)
Done in 0.12 min (cpu), 0.12 min (real)
Generate toy 213/250

 -- MarkovChainMC -- 
Limit: r < 0.655265 +/- 0.012106 @ 95% credibility (15 tries)
Done in 0.10 min (cpu), 0.10 min (real)
Generate toy 214/250

 -- MarkovChainMC -- 
Limit: r < 0.878046 +/- 0.0143547 @ 95% credibility (15 tries)
Done in 0.12 min (cpu), 0.12 min (real)
Generate toy 215/250

 -- MarkovChainMC -- 
Limit: r < 0.843253 +/- 0.0136361 @ 95% credibility (15 tries)
Done in 0.13 min (cpu), 0.13 min (real)
Generate toy 216/250

 -- MarkovChainMC -- 
Limit: r < 1.13267 +/- 0.0144262 @ 95% credibility (15 tries)
Done in 0.12 min (cpu), 0.12 min (real)
Generate toy 217/250

 -- MarkovChainMC -- 
Limit: r < 0.703164 +/- 0.010321 @ 95% credibility (15 tries)
Done in 0.12 min (cpu), 0.12 min (real)
Generate toy 218/250

 -- MarkovChainMC -- 
Limit: r < 1.23875 +/- 0.0145242 @ 95% credibility (15 tries)
Done in 0.13 min (cpu), 0.13 min (real)
Generate toy 219/250

 -- MarkovChainMC -- 
Limit: r < 0.610939 +/- 0.0142276 @ 95% credibility (15 tries)
Done in 0.11 min (cpu), 0.11 min (real)
Generate toy 220/250

 -- MarkovChainMC -- 
Limit: r < 0.731126 +/- 0.0135778 @ 95% credibility (15 tries)
Done in 0.11 min (cpu), 0.11 min (real)
Generate toy 221/250

 -- MarkovChainMC -- 
Limit: r < 1.34724 +/- 0.0152343 @ 95% credibility (15 tries)
Done in 0.12 min (cpu), 0.12 min (real)
Generate toy 222/250

 -- MarkovChainMC -- 
Limit: r < 1.0566 +/- 0.0103466 @ 95% credibility (15 tries)
Done in 0.12 min (cpu), 0.12 min (real)
Generate toy 223/250

 -- MarkovChainMC -- 
Limit: r < 0.725809 +/- 0.00948121 @ 95% credibility (15 tries)
Done in 0.12 min (cpu), 0.13 min (real)
Generate toy 224/250

 -- MarkovChainMC -- 
Limit: r < 1.16986 +/- 0.0067717 @ 95% credibility (15 tries)
Done in 0.12 min (cpu), 0.12 min (real)
Generate toy 225/250

 -- MarkovChainMC -- 
Limit: r < 0.794485 +/- 0.0125404 @ 95% credibility (15 tries)
Done in 0.10 min (cpu), 0.10 min (real)
Generate toy 226/250

 -- MarkovChainMC -- 
Limit: r < 0.644532 +/- 0.00596906 @ 95% credibility (15 tries)
Done in 0.12 min (cpu), 0.12 min (real)
Generate toy 227/250

 -- MarkovChainMC -- 
Limit: r < 0.709994 +/- 0.012332 @ 95% credibility (15 tries)
Done in 0.10 min (cpu), 0.10 min (real)
Generate toy 228/250

 -- MarkovChainMC -- 
Limit: r < 1.00541 +/- 0.0153881 @ 95% credibility (15 tries)
Done in 0.14 min (cpu), 0.14 min (real)
Generate toy 229/250

 -- MarkovChainMC -- 
Limit: r < 0.827181 +/- 0.0131368 @ 95% credibility (15 tries)
Done in 0.14 min (cpu), 0.14 min (real)
Generate toy 230/250

 -- MarkovChainMC -- 
Limit: r < 1.01973 +/- 0.0117671 @ 95% credibility (15 tries)
Done in 0.14 min (cpu), 0.14 min (real)
Generate toy 231/250

 -- MarkovChainMC -- 
Limit: r < 0.805528 +/- 0.00699993 @ 95% credibility (15 tries)
Done in 0.14 min (cpu), 0.14 min (real)
Generate toy 232/250

 -- MarkovChainMC -- 
Limit: r < 0.972145 +/- 0.00738694 @ 95% credibility (15 tries)
Done in 0.12 min (cpu), 0.12 min (real)
Generate toy 233/250

 -- MarkovChainMC -- 
Limit: r < 0.776617 +/- 0.0138544 @ 95% credibility (15 tries)
Done in 0.12 min (cpu), 0.13 min (real)
Generate toy 234/250

 -- MarkovChainMC -- 
Limit: r < 0.895604 +/- 0.0140089 @ 95% credibility (15 tries)
Done in 0.11 min (cpu), 0.11 min (real)
Generate toy 235/250

 -- MarkovChainMC -- 
Limit: r < 0.771809 +/- 0.00993495 @ 95% credibility (15 tries)
Done in 0.11 min (cpu), 0.11 min (real)
Generate toy 236/250

 -- MarkovChainMC -- 
Limit: r < 0.710417 +/- 0.0114865 @ 95% credibility (15 tries)
Done in 0.12 min (cpu), 0.13 min (real)
Generate toy 237/250

 -- MarkovChainMC -- 
Limit: r < 0.723914 +/- 0.0103757 @ 95% credibility (15 tries)
Done in 0.10 min (cpu), 0.11 min (real)
Generate toy 238/250

 -- MarkovChainMC -- 
Limit: r < 0.725293 +/- 0.0104247 @ 95% credibility (15 tries)
Done in 0.10 min (cpu), 0.10 min (real)
Generate toy 239/250

 -- MarkovChainMC -- 
Limit: r < 1.12196 +/- 0.00606099 @ 95% credibility (15 tries)
Done in 0.11 min (cpu), 0.11 min (real)
Generate toy 240/250

 -- MarkovChainMC -- 
Limit: r < 0.868861 +/- 0.00785672 @ 95% credibility (15 tries)
Done in 0.11 min (cpu), 0.11 min (real)
Generate toy 241/250

 -- MarkovChainMC -- 
Limit: r < 0.60892 +/- 0.00810089 @ 95% credibility (15 tries)
Done in 0.11 min (cpu), 0.11 min (real)
Generate toy 242/250

 -- MarkovChainMC -- 
Limit: r < 1.02585 +/- 0.0117733 @ 95% credibility (15 tries)
Done in 0.10 min (cpu), 0.10 min (real)
Generate toy 243/250

 -- MarkovChainMC -- 
Limit: r < 0.78052 +/- 0.0110374 @ 95% credibility (15 tries)
Done in 0.11 min (cpu), 0.11 min (real)
Generate toy 244/250

 -- MarkovChainMC -- 
Limit: r < 0.843158 +/- 0.00590601 @ 95% credibility (15 tries)
Done in 0.10 min (cpu), 0.10 min (real)
Generate toy 245/250

 -- MarkovChainMC -- 
Limit: r < 0.892831 +/- 0.00828701 @ 95% credibility (15 tries)
Done in 0.12 min (cpu), 0.12 min (real)
Generate toy 246/250

 -- MarkovChainMC -- 
Limit: r < 0.765165 +/- 0.0102101 @ 95% credibility (15 tries)
Done in 0.12 min (cpu), 0.12 min (real)
Generate toy 247/250

 -- MarkovChainMC -- 
Limit: r < 0.759743 +/- 0.0113813 @ 95% credibility (15 tries)
Done in 0.10 min (cpu), 0.10 min (real)
Generate toy 248/250

 -- MarkovChainMC -- 
Limit: r < 0.883973 +/- 0.0149086 @ 95% credibility (15 tries)
Done in 0.10 min (cpu), 0.10 min (real)
Generate toy 249/250

 -- MarkovChainMC -- 
Limit: r < 1.31837 +/- 0.0096101 @ 95% credibility (15 tries)
Done in 0.10 min (cpu), 0.10 min (real)
Generate toy 250/250

 -- MarkovChainMC -- 
Limit: r < 1.08418 +/- 0.0132214 @ 95% credibility (15 tries)
Done in 0.11 min (cpu), 0.11 min (real)
mean   expected limit: r < 0.858767 +/- 0.0120923 @ 95%CL (250 toyMC)
median expected limit: r < 0.792689 @ 95%CL (250 toyMC)
   68% expected band : 0.698974 < r < 1.08412
   95% expected band : 0.62816 < r < 1.34828
