 <<< Combine >>> 
 <<< v10.0.2 >>>
>>> Used OpenSSL to get a truly random seed -1479944088
>>> Method used is MarkovChainMC
============================================================
Analyzing bin errors for: prop_binmuon_channel
Poisson cut-off: 10
Processes excluded for sums: Wprime6000
============================================================
Bin        Contents        Error           Notes                         
0          6052.902158     20.262827       total sum                     
0          6051.639763     20.262801       excluding marked processes    
0          89196.000000    298.656994      Unweighted events, alpha=0.067861
  => Total parameter prop_binmuon_channel_bin0[0.00,-7.00,7.00] to be Gaussian constrained
------------------------------------------------------------
1          2272.366094     14.934774       total sum                     
1          2271.162556     14.934734       excluding marked processes    
1          23126.000000    152.072351      Unweighted events, alpha=0.098260
  => Total parameter prop_binmuon_channel_bin1[0.00,-7.00,7.00] to be Gaussian constrained
------------------------------------------------------------
2          980.798388      6.845993        total sum                     
2          979.756424      6.845929        excluding marked processes    
2          20482.000000    143.115338      Unweighted events, alpha=0.047886
  => Total parameter prop_binmuon_channel_bin2[0.00,-7.00,7.00] to be Gaussian constrained
------------------------------------------------------------
3          483.894269      3.368630        total sum                     
3          482.954290      3.368514        excluding marked processes    
3          20556.000000    143.373638      Unweighted events, alpha=0.023540
  => Total parameter prop_binmuon_channel_bin3[0.00,-7.00,7.00] to be Gaussian constrained
------------------------------------------------------------
4          256.797939      2.727693        total sum                     
4          255.983423      2.727570        excluding marked processes    
4          8808.000000     93.850946       Unweighted events, alpha=0.029155
  => Total parameter prop_binmuon_channel_bin4[0.00,-7.00,7.00] to be Gaussian constrained
------------------------------------------------------------
5          147.789888      2.387546        total sum                     
5          147.033703      2.387412        excluding marked processes    
5          3793.000000     61.587336       Unweighted events, alpha=0.038964
  => Total parameter prop_binmuon_channel_bin5[0.00,-7.00,7.00] to be Gaussian constrained
------------------------------------------------------------
6          85.988471       1.618022        total sum                     
6          85.336694       1.617855        excluding marked processes    
6          2782.000000     52.744668       Unweighted events, alpha=0.030909
  => Total parameter prop_binmuon_channel_bin6[0.00,-7.00,7.00] to be Gaussian constrained
------------------------------------------------------------
7          53.436221       0.789758        total sum                     
7          52.886014       0.789469        excluding marked processes    
7          4488.000000     66.992537       Unweighted events, alpha=0.011906
  => Total parameter prop_binmuon_channel_bin7[0.00,-7.00,7.00] to be Gaussian constrained
------------------------------------------------------------
8          32.035223       0.469133        total sum                     
8          31.532851       0.468687        excluding marked processes    
8          4526.000000     67.275553       Unweighted events, alpha=0.007078
  => Total parameter prop_binmuon_channel_bin8[0.00,-7.00,7.00] to be Gaussian constrained
------------------------------------------------------------
9          21.860354       0.551193        total sum                     
9          21.394647       0.550833        excluding marked processes    
9          1509.000000     38.845849       Unweighted events, alpha=0.014487
  => Total parameter prop_binmuon_channel_bin9[0.00,-7.00,7.00] to be Gaussian constrained
------------------------------------------------------------
10         14.220392       0.231795        total sum                     
10         13.816021       0.231032        excluding marked processes    
10         3576.000000     59.799666       Unweighted events, alpha=0.003977
  => Total parameter prop_binmuon_channel_bin10[0.00,-7.00,7.00] to be Gaussian constrained
------------------------------------------------------------
11         9.905673        0.295369        total sum                     
11         9.533747        0.294858        excluding marked processes    
11         1045.000000     32.326460       Unweighted events, alpha=0.009479
  => Total parameter prop_binmuon_channel_bin11[0.00,-7.00,7.00] to be Gaussian constrained
------------------------------------------------------------
12         7.382472        0.340186        total sum                     
12         7.027652        0.339748        excluding marked processes    
12         428.000000      20.688161       Unweighted events, alpha=0.017249
  => Total parameter prop_binmuon_channel_bin12[0.00,-7.00,7.00] to be Gaussian constrained
------------------------------------------------------------
13         4.953219        0.254210        total sum                     
13         4.633595        0.253659        excluding marked processes    
13         334.000000      18.275667       Unweighted events, alpha=0.014830
  => Total parameter prop_binmuon_channel_bin13[0.00,-7.00,7.00] to be Gaussian constrained
------------------------------------------------------------
14         3.732464        0.257011        total sum                     
14         3.457839        0.256568        excluding marked processes    
14         182.000000      13.490738       Unweighted events, alpha=0.020508
  => Total parameter prop_binmuon_channel_bin14[0.00,-7.00,7.00] to be Gaussian constrained
------------------------------------------------------------
15         2.826597        0.155281        total sum                     
15         2.547554        0.154485        excluding marked processes    
15         272.000000      16.492423       Unweighted events, alpha=0.010392
  => Total parameter prop_binmuon_channel_bin15[0.00,-7.00,7.00] to be Gaussian constrained
------------------------------------------------------------
16         1.849743        0.056535        total sum                     
16         1.610533        0.054796        excluding marked processes    
16         864.000000      29.393877       Unweighted events, alpha=0.002141
  => Total parameter prop_binmuon_channel_bin16[0.00,-7.00,7.00] to be Gaussian constrained
------------------------------------------------------------
17         1.571547        0.096632        total sum                     
17         1.294096        0.092621        excluding marked processes    
17         195.000000      13.964240       Unweighted events, alpha=0.008059
  => Total parameter prop_binmuon_channel_bin17[0.00,-7.00,7.00] to be Gaussian constrained
------------------------------------------------------------
18         1.070138        0.053777        total sum                     
18         0.856872        0.052094        excluding marked processes    
18         271.000000      16.462078       Unweighted events, alpha=0.003949
  => Total parameter prop_binmuon_channel_bin18[0.00,-7.00,7.00] to be Gaussian constrained
------------------------------------------------------------
19         0.880027        0.050271        total sum                     
19         0.663224        0.048455        excluding marked processes    
19         187.000000      13.674794       Unweighted events, alpha=0.004706
  => Total parameter prop_binmuon_channel_bin19[0.00,-7.00,7.00] to be Gaussian constrained
------------------------------------------------------------
20         0.864653        0.209616        total sum                     
20         0.673479        0.209229        excluding marked processes    
20         10.000000       3.162278        Unweighted events, alpha=0.086465
  => Number of weighted events is below Poisson threshold
    Wprime6000           0.191175        0.012730                                      
                         226.000000      15.033296       Unweighted events, alpha=0.000846
      => Parameter prop_binmuon_channel_bin20_Wprime6000[0.00,-7.00,7.00] to be Gaussian constrained
  ----------------------------------------------------------
    W_boson              0.424475        0.003723                                      
                         12996.000000    114.000000      Unweighted events, alpha=0.000033
      => Parameter prop_binmuon_channel_bin20_W_boson[0.00,-7.00,7.00] to be Gaussian constrained
  ----------------------------------------------------------
    Top                  0.000000        0.000000                                      
      => Error is zero, ignore      
  ----------------------------------------------------------
    Z_boson              0.006212        0.000206                                      
                         911.000000      30.182777       Unweighted events, alpha=0.000007
      => Parameter prop_binmuon_channel_bin20_Z_boson[0.00,-7.00,7.00] to be Gaussian constrained
  ----------------------------------------------------------
    DiBoson              0.233194        0.209022                                      
                         1.000000        1.000000        Unweighted events, alpha=0.233194
      => Product of prop_binmuon_channel_bin20_DiBoson[1.00,0.00,30.85] and const [1.0000] to be Poisson constrained
  ----------------------------------------------------------
    QCD                  0.009599        0.008527                                      
                         1.000000        1.000000        Unweighted events, alpha=0.009599
      => Product of prop_binmuon_channel_bin20_QCD[1.00,0.00,30.85] and const [1.0000] to be Poisson constrained
  ----------------------------------------------------------
------------------------------------------------------------
21         0.508296        0.017074        total sum                     
21         0.324178        0.011904        excluding marked processes    
21         742.000000      27.239677       Unweighted events, alpha=0.000685
  => Total parameter prop_binmuon_channel_bin21[0.00,-7.00,7.00] to be Gaussian constrained
------------------------------------------------------------
22         0.896229        0.471783        total sum                     
22         0.724947        0.471633        excluding marked processes    
22         2.000000        1.414214        Unweighted events, alpha=0.448114
  => Number of weighted events is below Poisson threshold
    Wprime6000           0.171281        0.011910                                      
                         207.000000      14.387495       Unweighted events, alpha=0.000827
      => Parameter prop_binmuon_channel_bin22_Wprime6000[0.00,-7.00,7.00] to be Gaussian constrained
  ----------------------------------------------------------
    W_boson              0.238042        0.001642                                      
                         21029.000000    145.013792      Unweighted events, alpha=0.000011
      => Parameter prop_binmuon_channel_bin22_W_boson[0.00,-7.00,7.00] to be Gaussian constrained
  ----------------------------------------------------------
    Top                  0.000000        0.000000                                      
      => Error is zero, ignore      
  ----------------------------------------------------------
    Z_boson              0.003914        0.000121                                      
                         1048.000000     32.372828       Unweighted events, alpha=0.000004
      => Parameter prop_binmuon_channel_bin22_Z_boson[0.00,-7.00,7.00] to be Gaussian constrained
  ----------------------------------------------------------
    DiBoson              0.000000        0.000644                                      
      => Poisson not viable, prop_binmuon_channel_bin22_DiBoson[0.00,-7.00,7.00] to be Gaussian constrained
  ----------------------------------------------------------
    QCD                  0.482992        0.471629                                      
                         1.000000        1.000000        Unweighted events, alpha=0.482992
      => Product of prop_binmuon_channel_bin22_QCD[1.00,0.00,30.85] and const [1.0000] to be Poisson constrained
  ----------------------------------------------------------
------------------------------------------------------------
23         0.346777        0.011687        total sum                     
23         0.182734        0.001752        excluding marked processes    
23         10872.000000    104.268883      Unweighted events, alpha=0.000032
  => Total parameter prop_binmuon_channel_bin23[0.00,-7.00,7.00] to be Gaussian constrained
------------------------------------------------------------
24         0.335256        0.015377        total sum                     
24         0.154191        0.008867        excluding marked processes    
24         302.000000      17.378147       Unweighted events, alpha=0.001110
  => Total parameter prop_binmuon_channel_bin24[0.00,-7.00,7.00] to be Gaussian constrained
------------------------------------------------------------
25         0.310223        0.028889        total sum                     
25         0.135887        0.026090        excluding marked processes    
25         27.000000       5.196152        Unweighted events, alpha=0.011490
  => Total parameter prop_binmuon_channel_bin25[0.00,-7.00,7.00] to be Gaussian constrained
------------------------------------------------------------
26         0.256111        0.012100        total sum                     
26         0.081986        0.001151        excluding marked processes    
26         5074.000000     71.232015       Unweighted events, alpha=0.000050
  => Total parameter prop_binmuon_channel_bin26[0.00,-7.00,7.00] to be Gaussian constrained
------------------------------------------------------------
27         0.305301        0.042288        total sum                     
27         0.121625        0.040472        excluding marked processes    
27         9.000000        3.000000        Unweighted events, alpha=0.033922
  => Number of weighted events is below Poisson threshold
    Wprime6000           0.183676        0.012260                                      
                         224.000000      14.966630       Unweighted events, alpha=0.000820
      => Parameter prop_binmuon_channel_bin27_Wprime6000[0.00,-7.00,7.00] to be Gaussian constrained
  ----------------------------------------------------------
    W_boson              0.061373        0.000570                                      
                         11603.000000    107.717222      Unweighted events, alpha=0.000005
      => Parameter prop_binmuon_channel_bin27_W_boson[0.00,-7.00,7.00] to be Gaussian constrained
  ----------------------------------------------------------
    Top                  0.000000        0.000000                                      
      => Error is zero, ignore      
  ----------------------------------------------------------
    Z_boson              0.001091        0.000044                                      
                         604.000000      24.576411       Unweighted events, alpha=0.000002
      => Parameter prop_binmuon_channel_bin27_Z_boson[0.00,-7.00,7.00] to be Gaussian constrained
  ----------------------------------------------------------
    DiBoson              0.000000        0.000442                                      
      => Poisson not viable, prop_binmuon_channel_bin27_DiBoson[0.00,-7.00,7.00] to be Gaussian constrained
  ----------------------------------------------------------
    QCD                  0.059162        0.040465                                      
                         2.000000        1.414214        Unweighted events, alpha=0.029581
      => Product of prop_binmuon_channel_bin27_QCD[2.00,0.00,33.79] and const [0.5000] to be Poisson constrained
  ----------------------------------------------------------
------------------------------------------------------------
28         0.224426        0.017753        total sum                     
28         0.062427        0.013268        excluding marked processes    
28         22.000000       4.690416        Unweighted events, alpha=0.010201
  => Total parameter prop_binmuon_channel_bin28[0.00,-7.00,7.00] to be Gaussian constrained
------------------------------------------------------------
29         0.205017        0.012293        total sum                     
29         0.036998        0.000788        excluding marked processes    
29         2207.000000     46.978719       Unweighted events, alpha=0.000093
  => Total parameter prop_binmuon_channel_bin29[0.00,-7.00,7.00] to be Gaussian constrained
------------------------------------------------------------
30         0.205808        0.012343        total sum                     
30         0.031262        0.001618        excluding marked processes    
30         373.000000      19.313208       Unweighted events, alpha=0.000552
  => Total parameter prop_binmuon_channel_bin30[0.00,-7.00,7.00] to be Gaussian constrained
------------------------------------------------------------
31         0.192832        0.011891        total sum                     
31         0.022955        0.000698        excluding marked processes    
31         1082.000000     32.893768       Unweighted events, alpha=0.000178
  => Total parameter prop_binmuon_channel_bin31[0.00,-7.00,7.00] to be Gaussian constrained
------------------------------------------------------------
32         0.192199        0.016590        total sum                     
32         0.029522        0.011768        excluding marked processes    
32         6.000000        2.449490        Unweighted events, alpha=0.032033
  => Number of weighted events is below Poisson threshold
    Wprime6000           0.162677        0.011694                                      
                         194.000000      13.928388       Unweighted events, alpha=0.000839
      => Parameter prop_binmuon_channel_bin32_Wprime6000[0.00,-7.00,7.00] to be Gaussian constrained
  ----------------------------------------------------------
    W_boson              0.017442        0.000289                                      
                         3645.000000     60.373835       Unweighted events, alpha=0.000005
      => Parameter prop_binmuon_channel_bin32_W_boson[0.00,-7.00,7.00] to be Gaussian constrained
  ----------------------------------------------------------
    Top                  0.000000        0.000000                                      
      => Error is zero, ignore      
  ----------------------------------------------------------
    Z_boson              0.000316        0.000020                                      
                         238.000000      15.427249       Unweighted events, alpha=0.000001
      => Parameter prop_binmuon_channel_bin32_Z_boson[0.00,-7.00,7.00] to be Gaussian constrained
  ----------------------------------------------------------
    DiBoson              0.000000        0.000000                                      
      => Error is zero, ignore      
  ----------------------------------------------------------
    QCD                  0.011765        0.011765                                      
                         1.000000        1.000000        Unweighted events, alpha=0.011765
      => Product of prop_binmuon_channel_bin32_QCD[1.00,0.00,30.85] and const [1.0000] to be Poisson constrained
  ----------------------------------------------------------
------------------------------------------------------------
33         0.192549        0.012342        total sum                     
33         0.013975        0.000299        excluding marked processes    
33         2190.000000     46.797436       Unweighted events, alpha=0.000088
  => Total parameter prop_binmuon_channel_bin33[0.00,-7.00,7.00] to be Gaussian constrained
------------------------------------------------------------
34         0.179253        0.012343        total sum                     
34         0.013202        0.002041        excluding marked processes    
34         42.000000       6.480741        Unweighted events, alpha=0.004268
  => Total parameter prop_binmuon_channel_bin34[0.00,-7.00,7.00] to be Gaussian constrained
------------------------------------------------------------
35         0.167869        0.011426        total sum                     
35         0.008705        0.000168        excluding marked processes    
35         2682.000000     51.788030       Unweighted events, alpha=0.000063
  => Total parameter prop_binmuon_channel_bin35[0.00,-7.00,7.00] to be Gaussian constrained
------------------------------------------------------------
36         0.181565        0.012295        total sum                     
36         0.007064        0.000136        excluding marked processes    
36         2709.000000     52.048055       Unweighted events, alpha=0.000067
  => Total parameter prop_binmuon_channel_bin36[0.00,-7.00,7.00] to be Gaussian constrained
------------------------------------------------------------
37         0.177884        0.012292        total sum                     
37         0.005703        0.000089        excluding marked processes    
37         4134.000000     64.296190       Unweighted events, alpha=0.000043
  => Total parameter prop_binmuon_channel_bin37[0.00,-7.00,7.00] to be Gaussian constrained
------------------------------------------------------------
38         0.200521        0.012894        total sum                     
38         0.005241        0.000543        excluding marked processes    
38         93.000000       9.643651        Unweighted events, alpha=0.002156
  => Total parameter prop_binmuon_channel_bin38[0.00,-7.00,7.00] to be Gaussian constrained
------------------------------------------------------------
39         0.164472        0.011626        total sum                     
39         0.003630        0.000045        excluding marked processes    
39         6407.000000     80.043738       Unweighted events, alpha=0.000026
  => Total parameter prop_binmuon_channel_bin39[0.00,-7.00,7.00] to be Gaussian constrained
------------------------------------------------------------
40         0.197686        0.012921        total sum                     
40         0.002983        0.000036        excluding marked processes    
40         6761.000000     82.225300       Unweighted events, alpha=0.000029
  => Total parameter prop_binmuon_channel_bin40[0.00,-7.00,7.00] to be Gaussian constrained
------------------------------------------------------------
41         0.183086        0.012412        total sum                     
41         0.002760        0.000254        excluding marked processes    
41         118.000000      10.862780       Unweighted events, alpha=0.001552
  => Total parameter prop_binmuon_channel_bin41[0.00,-7.00,7.00] to be Gaussian constrained
------------------------------------------------------------
42         0.187730        0.012420        total sum                     
42         0.002025        0.000028        excluding marked processes    
42         5328.000000     72.993150       Unweighted events, alpha=0.000035
  => Total parameter prop_binmuon_channel_bin42[0.00,-7.00,7.00] to be Gaussian constrained
------------------------------------------------------------
43         0.221055        0.013902        total sum                     
43         0.002234        0.000586        excluding marked processes    
43         15.000000       3.872983        Unweighted events, alpha=0.014737
  => Total parameter prop_binmuon_channel_bin43[0.00,-7.00,7.00] to be Gaussian constrained
------------------------------------------------------------
44         0.220898        0.013724        total sum                     
44         0.001390        0.000022        excluding marked processes    
44         3986.000000     63.134776       Unweighted events, alpha=0.000055
  => Total parameter prop_binmuon_channel_bin44[0.00,-7.00,7.00] to be Gaussian constrained
------------------------------------------------------------
45         0.231035        0.014227        total sum                     
45         0.001165        0.000024        excluding marked processes    
45         2306.000000     48.020829       Unweighted events, alpha=0.000100
  => Total parameter prop_binmuon_channel_bin45[0.00,-7.00,7.00] to be Gaussian constrained
------------------------------------------------------------
46         0.207582        0.013407        total sum                     
46         0.000985        0.000018        excluding marked processes    
46         3138.000000     56.017854       Unweighted events, alpha=0.000066
  => Total parameter prop_binmuon_channel_bin46[0.00,-7.00,7.00] to be Gaussian constrained
------------------------------------------------------------
47         0.209243        0.013398        total sum                     
47         0.001255        0.000468        excluding marked processes    
47         7.000000        2.645751        Unweighted events, alpha=0.029892
  => Number of weighted events is below Poisson threshold
    Wprime6000           0.207988        0.013389                                      
                         241.000000      15.524175       Unweighted events, alpha=0.000863
      => Parameter prop_binmuon_channel_bin47_Wprime6000[0.00,-7.00,7.00] to be Gaussian constrained
  ----------------------------------------------------------
    W_boson              0.000777        0.000014                                      
                         3218.000000     56.727418       Unweighted events, alpha=0.000000
      => Parameter prop_binmuon_channel_bin47_W_boson[0.00,-7.00,7.00] to be Gaussian constrained
  ----------------------------------------------------------
    Top                  0.000000        0.000000                                      
      => Error is zero, ignore      
  ----------------------------------------------------------
    Z_boson              0.000011        0.000001                                      
                         70.000000       8.366600        Unweighted events, alpha=0.000000
      => Parameter prop_binmuon_channel_bin47_Z_boson[0.00,-7.00,7.00] to be Gaussian constrained
  ----------------------------------------------------------
    DiBoson              0.000000        0.000000                                      
      => Error is zero, ignore      
  ----------------------------------------------------------
    QCD                  0.000468        0.000468                                      
                         1.000000        1.000000        Unweighted events, alpha=0.000468
      => Product of prop_binmuon_channel_bin47_QCD[1.00,0.00,30.85] and const [1.0000] to be Poisson constrained
  ----------------------------------------------------------
------------------------------------------------------------
48         0.242303        0.014610        total sum                     
48         0.000665        0.000013        excluding marked processes    
48         2617.000000     51.156622       Unweighted events, alpha=0.000093
  => Total parameter prop_binmuon_channel_bin48[0.00,-7.00,7.00] to be Gaussian constrained
------------------------------------------------------------
49         0.259713        0.014854        total sum                     
49         0.003061        0.001592        excluding marked processes    
49         4.000000        2.000000        Unweighted events, alpha=0.064928
  => Number of weighted events is below Poisson threshold
    Wprime6000           0.256652        0.014768                                      
                         302.000000      17.378147       Unweighted events, alpha=0.000850
      => Parameter prop_binmuon_channel_bin49_Wprime6000[0.00,-7.00,7.00] to be Gaussian constrained
  ----------------------------------------------------------
    W_boson              0.000569        0.000011                                      
                         2832.000000     53.216539       Unweighted events, alpha=0.000000
      => Parameter prop_binmuon_channel_bin49_W_boson[0.00,-7.00,7.00] to be Gaussian constrained
  ----------------------------------------------------------
    Top                  0.000000        0.000000                                      
      => Error is zero, ignore      
  ----------------------------------------------------------
    Z_boson              0.000008        0.000001                                      
                         38.000000       6.164414        Unweighted events, alpha=0.000000
      => Parameter prop_binmuon_channel_bin49_Z_boson[0.00,-7.00,7.00] to be Gaussian constrained
  ----------------------------------------------------------
    DiBoson              0.000000        0.000000                                      
      => Error is zero, ignore      
  ----------------------------------------------------------
    QCD                  0.002484        0.001592                                      
                         2.000000        1.414214        Unweighted events, alpha=0.001242
      => Product of prop_binmuon_channel_bin49_QCD[2.00,0.00,33.79] and const [0.5000] to be Poisson constrained
  ----------------------------------------------------------
------------------------------------------------------------
50         0.232437        0.013955        total sum                     
50         0.001033        0.000571        excluding marked processes    
50         3.000000        1.732051        Unweighted events, alpha=0.077479
  => Number of weighted events is below Poisson threshold
    Wprime6000           0.231404        0.013943                                      
                         275.000000      16.583124       Unweighted events, alpha=0.000841
      => Parameter prop_binmuon_channel_bin50_Wprime6000[0.00,-7.00,7.00] to be Gaussian constrained
  ----------------------------------------------------------
    W_boson              0.000456        0.000008                                      
                         3212.000000     56.674509       Unweighted events, alpha=0.000000
      => Parameter prop_binmuon_channel_bin50_W_boson[0.00,-7.00,7.00] to be Gaussian constrained
  ----------------------------------------------------------
    Top                  0.000000        0.000000                                      
      => Error is zero, ignore      
  ----------------------------------------------------------
    Z_boson              0.000006        0.000000                                      
                         140.000000      11.832160       Unweighted events, alpha=0.000000
      => Parameter prop_binmuon_channel_bin50_Z_boson[0.00,-7.00,7.00] to be Gaussian constrained
  ----------------------------------------------------------
    DiBoson              0.000000        0.000000                                      
      => Error is zero, ignore      
  ----------------------------------------------------------
    QCD                  0.000571        0.000571                                      
                         1.000000        1.000000        Unweighted events, alpha=0.000571
      => Product of prop_binmuon_channel_bin50_QCD[1.00,0.00,30.85] and const [1.0000] to be Poisson constrained
  ----------------------------------------------------------
------------------------------------------------------------
51         0.227039        0.013507        total sum                     
51         0.000412        0.000011        excluding marked processes    
51         1511.000000     38.871583       Unweighted events, alpha=0.000150
  => Total parameter prop_binmuon_channel_bin51[0.00,-7.00,7.00] to be Gaussian constrained
------------------------------------------------------------
52         0.235010        0.014233        total sum                     
52         0.000373        0.000028        excluding marked processes    
52         182.000000      13.490738       Unweighted events, alpha=0.001291
  => Total parameter prop_binmuon_channel_bin52[0.00,-7.00,7.00] to be Gaussian constrained
------------------------------------------------------------
53         0.215290        0.013269        total sum                     
53         0.001099        0.000814        excluding marked processes    
53         2.000000        1.414214        Unweighted events, alpha=0.107645
  => Number of weighted events is below Poisson threshold
    Wprime6000           0.214191        0.013245                                      
                         262.000000      16.186414       Unweighted events, alpha=0.000818
      => Parameter prop_binmuon_channel_bin53_Wprime6000[0.00,-7.00,7.00] to be Gaussian constrained
  ----------------------------------------------------------
    W_boson              0.000282        0.000005                                      
                         3353.000000     57.905095       Unweighted events, alpha=0.000000
      => Parameter prop_binmuon_channel_bin53_W_boson[0.00,-7.00,7.00] to be Gaussian constrained
  ----------------------------------------------------------
    Top                  0.000000        0.000000                                      
      => Error is zero, ignore      
  ----------------------------------------------------------
    Z_boson              0.000004        0.000000                                      
                         108.000000      10.392305       Unweighted events, alpha=0.000000
      => Parameter prop_binmuon_channel_bin53_Z_boson[0.00,-7.00,7.00] to be Gaussian constrained
  ----------------------------------------------------------
    DiBoson              0.000000        0.000000                                      
      => Error is zero, ignore      
  ----------------------------------------------------------
    QCD                  0.000814        0.000814                                      
                         1.000000        1.000000        Unweighted events, alpha=0.000814
      => Product of prop_binmuon_channel_bin53_QCD[1.00,0.00,30.85] and const [1.0000] to be Poisson constrained
  ----------------------------------------------------------
------------------------------------------------------------
54         0.222208        0.016642        total sum                     
54         0.009945        0.009697        excluding marked processes    
54         1.000000        1.000000        Unweighted events, alpha=0.222208
  => Number of weighted events is below Poisson threshold
    Wprime6000           0.212263        0.013525                                      
                         246.000000      15.684387       Unweighted events, alpha=0.000863
      => Parameter prop_binmuon_channel_bin54_Wprime6000[0.00,-7.00,7.00] to be Gaussian constrained
  ----------------------------------------------------------
    W_boson              0.000244        0.000007                                      
                         1129.000000     33.600595       Unweighted events, alpha=0.000000
      => Parameter prop_binmuon_channel_bin54_W_boson[0.00,-7.00,7.00] to be Gaussian constrained
  ----------------------------------------------------------
    Top                  0.000000        0.000000                                      
      => Error is zero, ignore      
  ----------------------------------------------------------
    Z_boson              0.000003        0.000000                                      
                         114.000000      10.677078       Unweighted events, alpha=0.000000
      => Parameter prop_binmuon_channel_bin54_Z_boson[0.00,-7.00,7.00] to be Gaussian constrained
  ----------------------------------------------------------
    DiBoson              0.000000        0.000000                                      
      => Error is zero, ignore      
  ----------------------------------------------------------
    QCD                  0.009697        0.009697                                      
                         1.000000        1.000000        Unweighted events, alpha=0.009697
      => Product of prop_binmuon_channel_bin54_QCD[1.00,0.00,30.85] and const [1.0000] to be Poisson constrained
  ----------------------------------------------------------
------------------------------------------------------------
55         0.173436        0.011945        total sum                     
55         0.000203        0.000004        excluding marked processes    
55         2633.000000     51.312766       Unweighted events, alpha=0.000066
  => Total parameter prop_binmuon_channel_bin55[0.00,-7.00,7.00] to be Gaussian constrained
------------------------------------------------------------
56         0.152406        0.011171        total sum                     
56         0.001355        0.001173        excluding marked processes    
56         1.000000        1.000000        Unweighted events, alpha=0.152406
  => Number of weighted events is below Poisson threshold
    Wprime6000           0.151050        0.011109                                      
                         185.000000      13.601471       Unweighted events, alpha=0.000816
      => Parameter prop_binmuon_channel_bin56_Wprime6000[0.00,-7.00,7.00] to be Gaussian constrained
  ----------------------------------------------------------
    W_boson              0.000181        0.000006                                      
                         943.000000      30.708305       Unweighted events, alpha=0.000000
      => Parameter prop_binmuon_channel_bin56_W_boson[0.00,-7.00,7.00] to be Gaussian constrained
  ----------------------------------------------------------
    Top                  0.000000        0.000000                                      
      => Error is zero, ignore      
  ----------------------------------------------------------
    Z_boson              0.000002        0.000000                                      
                         85.000000       9.219544        Unweighted events, alpha=0.000000
      => Parameter prop_binmuon_channel_bin56_Z_boson[0.00,-7.00,7.00] to be Gaussian constrained
  ----------------------------------------------------------
    DiBoson              0.000000        0.000000                                      
      => Error is zero, ignore      
  ----------------------------------------------------------
    QCD                  0.001173        0.001173                                      
                         1.000000        1.000000        Unweighted events, alpha=0.001173
      => Product of prop_binmuon_channel_bin56_QCD[1.00,0.00,30.85] and const [1.0000] to be Poisson constrained
  ----------------------------------------------------------
------------------------------------------------------------
57         0.136092        0.010736        total sum                     
57         0.000152        0.000005        excluding marked processes    
57         935.000000      30.577770       Unweighted events, alpha=0.000146
  => Total parameter prop_binmuon_channel_bin57[0.00,-7.00,7.00] to be Gaussian constrained
------------------------------------------------------------
58         0.111800        0.018936        total sum                     
58         0.016837        0.016698        excluding marked processes    
58         1.000000        1.000000        Unweighted events, alpha=0.111800
  => Number of weighted events is below Poisson threshold
    Wprime6000           0.094963        0.008931                                      
                         113.000000      10.630146       Unweighted events, alpha=0.000840
      => Parameter prop_binmuon_channel_bin58_Wprime6000[0.00,-7.00,7.00] to be Gaussian constrained
  ----------------------------------------------------------
    W_boson              0.000137        0.000004                                      
                         1248.000000     35.327043       Unweighted events, alpha=0.000000
      => Parameter prop_binmuon_channel_bin58_W_boson[0.00,-7.00,7.00] to be Gaussian constrained
  ----------------------------------------------------------
    Top                  0.000000        0.000000                                      
      => Error is zero, ignore      
  ----------------------------------------------------------
    Z_boson              0.000002        0.000000                                      
                         67.000000       8.185353        Unweighted events, alpha=0.000000
      => Parameter prop_binmuon_channel_bin58_Z_boson[0.00,-7.00,7.00] to be Gaussian constrained
  ----------------------------------------------------------
    DiBoson              0.000000        0.000000                                      
      => Error is zero, ignore      
  ----------------------------------------------------------
    QCD                  0.016698        0.016698                                      
                         1.000000        1.000000        Unweighted events, alpha=0.016698
      => Product of prop_binmuon_channel_bin58_QCD[1.00,0.00,30.85] and const [1.0000] to be Poisson constrained
  ----------------------------------------------------------
------------------------------------------------------------
59         0.074190        0.007895        total sum                     
59         0.000116        0.000004        excluding marked processes    
59         891.000000      29.849623       Unweighted events, alpha=0.000083
  => Total parameter prop_binmuon_channel_bin59[0.00,-7.00,7.00] to be Gaussian constrained
------------------------------------------------------------
60         0.051392        0.006431        total sum                     
60         0.000097        0.000002        excluding marked processes    
60         4042.000000     63.576725       Unweighted events, alpha=0.000013
  => Total parameter prop_binmuon_channel_bin60[0.00,-7.00,7.00] to be Gaussian constrained
------------------------------------------------------------
61         0.040426        0.005880        total sum                     
61         0.000091        0.000005        excluding marked processes    
61         287.000000      16.941074       Unweighted events, alpha=0.000141
  => Total parameter prop_binmuon_channel_bin61[0.00,-7.00,7.00] to be Gaussian constrained
------------------------------------------------------------
62         0.032329        0.004988        total sum                     
62         0.000074        0.000002        excluding marked processes    
62         2052.000000     45.299007       Unweighted events, alpha=0.000016
  => Total parameter prop_binmuon_channel_bin62[0.00,-7.00,7.00] to be Gaussian constrained
------------------------------------------------------------
63         0.027422        0.004911        total sum                     
63         0.002103        0.001539        excluding marked processes    
63         2.000000        1.414214        Unweighted events, alpha=0.013711
  => Number of weighted events is below Poisson threshold
    Wprime6000           0.025319        0.004664                                      
                         29.000000       5.385165        Unweighted events, alpha=0.000873
      => Parameter prop_binmuon_channel_bin63_Wprime6000[0.00,-7.00,7.00] to be Gaussian constrained
  ----------------------------------------------------------
    W_boson              0.000061        0.000001                                      
                         4043.000000     63.584589       Unweighted events, alpha=0.000000
      => Parameter prop_binmuon_channel_bin63_W_boson[0.00,-7.00,7.00] to be Gaussian constrained
  ----------------------------------------------------------
    Top                  0.000000        0.000000                                      
      => Error is zero, ignore      
  ----------------------------------------------------------
    Z_boson              0.000001        0.000000                                      
                         60.000000       7.745967        Unweighted events, alpha=0.000000
      => Parameter prop_binmuon_channel_bin63_Z_boson[0.00,-7.00,7.00] to be Gaussian constrained
  ----------------------------------------------------------
    DiBoson              0.000000        0.000000                                      
      => Error is zero, ignore      
  ----------------------------------------------------------
    QCD                  0.002042        0.001539                                      
                         2.000000        1.414214        Unweighted events, alpha=0.001021
      => Product of prop_binmuon_channel_bin63_QCD[2.00,0.00,33.79] and const [0.5000] to be Poisson constrained
  ----------------------------------------------------------
------------------------------------------------------------
64         0.018119        0.004181        total sum                     
64         0.000055        0.000002        excluding marked processes    
64         630.000000      25.099801       Unweighted events, alpha=0.000029
  => Total parameter prop_binmuon_channel_bin64[0.00,-7.00,7.00] to be Gaussian constrained
------------------------------------------------------------
65         0.013449        0.003458        total sum                     
65         0.001550        0.001235        excluding marked processes    
65         2.000000        1.414214        Unweighted events, alpha=0.006725
  => Number of weighted events is below Poisson threshold
    Wprime6000           0.011899        0.003230                                      
                         14.000000       3.741657        Unweighted events, alpha=0.000850
      => Parameter prop_binmuon_channel_bin65_Wprime6000[0.00,-7.00,7.00] to be Gaussian constrained
  ----------------------------------------------------------
    W_boson              0.000098        0.000052                                      
                         4.000000        2.000000        Unweighted events, alpha=0.000025
      => Product of prop_binmuon_channel_bin65_W_boson[4.00,0.00,38.96] and const [0.2500] to be Poisson constrained
  ----------------------------------------------------------
    Top                  0.000000        0.000000                                      
      => Error is zero, ignore      
  ----------------------------------------------------------
    Z_boson              0.000000        0.000000                                      
                         169.000000      13.000000       Unweighted events, alpha=0.000000
      => Parameter prop_binmuon_channel_bin65_Z_boson[0.00,-7.00,7.00] to be Gaussian constrained
  ----------------------------------------------------------
    DiBoson              0.000000        0.000000                                      
      => Error is zero, ignore      
  ----------------------------------------------------------
    QCD                  0.001452        0.001234                                      
                         1.000000        1.000000        Unweighted events, alpha=0.001452
      => Product of prop_binmuon_channel_bin65_QCD[1.00,0.00,30.85] and const [1.0000] to be Poisson constrained
  ----------------------------------------------------------
------------------------------------------------------------
66         0.008936        0.002935        total sum                     
66         0.001402        0.001363        excluding marked processes    
66         1.000000        1.000000        Unweighted events, alpha=0.008936
  => Number of weighted events is below Poisson threshold
    Wprime6000           0.007534        0.002599                                      
                         8.000000        2.828427        Unweighted events, alpha=0.000942
      => Product of prop_binmuon_channel_bin66_Wprime6000[8.00,0.12,47.91] and const [0.1250] to be Poisson constrained
  ----------------------------------------------------------
    W_boson              0.000039        0.000001                                      
                         3218.000000     56.727418       Unweighted events, alpha=0.000000
      => Parameter prop_binmuon_channel_bin66_W_boson[0.00,-7.00,7.00] to be Gaussian constrained
  ----------------------------------------------------------
    Top                  0.000000        0.000000                                      
      => Error is zero, ignore      
  ----------------------------------------------------------
    Z_boson              0.000000        0.000000                                      
                         140.000000      11.832160       Unweighted events, alpha=0.000000
      => Parameter prop_binmuon_channel_bin66_Z_boson[0.00,-7.00,7.00] to be Gaussian constrained
  ----------------------------------------------------------
    DiBoson              0.000000        0.000000                                      
      => Error is zero, ignore      
  ----------------------------------------------------------
    QCD                  0.001363        0.001363                                      
                         1.000000        1.000000        Unweighted events, alpha=0.001363
      => Product of prop_binmuon_channel_bin66_QCD[1.00,0.00,30.85] and const [1.0000] to be Poisson constrained
  ----------------------------------------------------------
------------------------------------------------------------
67         0.005915        0.002331        total sum                     
67         0.000033        0.000001        excluding marked processes    
67         3236.000000     56.885851       Unweighted events, alpha=0.000002
  => Total parameter prop_binmuon_channel_bin67[0.00,-7.00,7.00] to be Gaussian constrained
------------------------------------------------------------
68         0.012222        0.003346        total sum                     
68         0.001447        0.001416        excluding marked processes    
68         1.000000        1.000000        Unweighted events, alpha=0.012222
  => Number of weighted events is below Poisson threshold
    Wprime6000           0.010774        0.003031                                      
                         13.000000       3.605551        Unweighted events, alpha=0.000829
      => Parameter prop_binmuon_channel_bin68_Wprime6000[0.00,-7.00,7.00] to be Gaussian constrained
  ----------------------------------------------------------
    W_boson              0.000031        0.000002                                      
                         238.000000      15.427249       Unweighted events, alpha=0.000000
      => Parameter prop_binmuon_channel_bin68_W_boson[0.00,-7.00,7.00] to be Gaussian constrained
  ----------------------------------------------------------
    Top                  0.000000        0.000000                                      
      => Error is zero, ignore      
  ----------------------------------------------------------
    Z_boson              0.000000        0.000000                                      
                         112.000000      10.583005       Unweighted events, alpha=0.000000
      => Parameter prop_binmuon_channel_bin68_Z_boson[0.00,-7.00,7.00] to be Gaussian constrained
  ----------------------------------------------------------
    DiBoson              0.000000        0.000000                                      
      => Error is zero, ignore      
  ----------------------------------------------------------
    QCD                  0.001416        0.001416                                      
                         1.000000        1.000000        Unweighted events, alpha=0.001416
      => Product of prop_binmuon_channel_bin68_QCD[1.00,0.00,30.85] and const [1.0000] to be Poisson constrained
  ----------------------------------------------------------
------------------------------------------------------------
69         0.001612        0.001191        total sum                     
69         0.000025        0.000001        excluding marked processes    
69         2050.000000     45.276926       Unweighted events, alpha=0.000001
  => Total parameter prop_binmuon_channel_bin69[0.00,-7.00,7.00] to be Gaussian constrained
------------------------------------------------------------
70         0.002148        0.001538        total sum                     
70         0.000026        0.000005        excluding marked processes    
70         27.000000       5.196152        Unweighted events, alpha=0.000080
  => Total parameter prop_binmuon_channel_bin70[0.00,-7.00,7.00] to be Gaussian constrained
------------------------------------------------------------
71         0.002599        0.001698        total sum                     
71         0.000226        0.000202        excluding marked processes    
71         1.000000        1.000000        Unweighted events, alpha=0.002599
  => Number of weighted events is below Poisson threshold
    Wprime6000           0.002373        0.001686                                      
                         2.000000        1.414214        Unweighted events, alpha=0.001186
      => Product of prop_binmuon_channel_bin71_Wprime6000[2.00,0.00,33.79] and const [0.5000] to be Poisson constrained
  ----------------------------------------------------------
    W_boson              0.000019        0.000001                                      
                         1164.000000     34.117444       Unweighted events, alpha=0.000000
      => Parameter prop_binmuon_channel_bin71_W_boson[0.00,-7.00,7.00] to be Gaussian constrained
  ----------------------------------------------------------
    Top                  0.000000        0.000000                                      
      => Error is zero, ignore      
  ----------------------------------------------------------
    Z_boson              0.000005        0.000004                                      
                         1.000000        1.000000        Unweighted events, alpha=0.000005
      => Product of prop_binmuon_channel_bin71_Z_boson[1.00,0.00,30.85] and const [1.0000] to be Poisson constrained
  ----------------------------------------------------------
    DiBoson              0.000000        0.000000                                      
      => Error is zero, ignore      
  ----------------------------------------------------------
    QCD                  0.000202        0.000202                                      
                         1.000000        1.000000        Unweighted events, alpha=0.000202
      => Product of prop_binmuon_channel_bin71_QCD[1.00,0.00,30.85] and const [1.0000] to be Poisson constrained
  ----------------------------------------------------------
------------------------------------------------------------
72         0.016322        0.013036        total sum                     
72         0.012949        0.012933        excluding marked processes    
72         1.000000        1.000000        Unweighted events, alpha=0.016322
  => Number of weighted events is below Poisson threshold
    Wprime6000           0.003373        0.001639                                      
                         4.000000        2.000000        Unweighted events, alpha=0.000843
      => Product of prop_binmuon_channel_bin72_Wprime6000[4.00,0.00,38.96] and const [0.2500] to be Poisson constrained
  ----------------------------------------------------------
    W_boson              0.000017        0.000000                                      
                         1290.000000     35.916570       Unweighted events, alpha=0.000000
      => Parameter prop_binmuon_channel_bin72_W_boson[0.00,-7.00,7.00] to be Gaussian constrained
  ----------------------------------------------------------
    Top                  0.000000        0.000000                                      
      => Error is zero, ignore      
  ----------------------------------------------------------
    Z_boson              0.000000        0.000000                                      
                         68.000000       8.246211        Unweighted events, alpha=0.000000
      => Parameter prop_binmuon_channel_bin72_Z_boson[0.00,-7.00,7.00] to be Gaussian constrained
  ----------------------------------------------------------
    DiBoson              0.000000        0.000000                                      
      => Error is zero, ignore      
  ----------------------------------------------------------
    QCD                  0.012933        0.012933                                      
                         1.000000        1.000000        Unweighted events, alpha=0.012933
      => Product of prop_binmuon_channel_bin72_QCD[1.00,0.00,30.85] and const [1.0000] to be Poisson constrained
  ----------------------------------------------------------
------------------------------------------------------------
73         0.001024        0.000841        total sum                     
73         0.000014        0.000000        excluding marked processes    
73         1149.000000     33.896903       Unweighted events, alpha=0.000001
  => Total parameter prop_binmuon_channel_bin73[0.00,-7.00,7.00] to be Gaussian constrained
------------------------------------------------------------
74         0.004205        0.001991        total sum                     
74         0.000012        0.000000        excluding marked processes    
74         634.000000      25.179357       Unweighted events, alpha=0.000007
  => Total parameter prop_binmuon_channel_bin74[0.00,-7.00,7.00] to be Gaussian constrained
------------------------------------------------------------
75         0.000010        0.000000        total sum                     
75         0.000010        0.000000        excluding marked processes    
75         1008.000000     31.749016       Unweighted events, alpha=0.000000
  => Total parameter prop_binmuon_channel_bin75[0.00,-7.00,7.00] to be Gaussian constrained
------------------------------------------------------------
76         0.002347        0.001654        total sum                     
76         0.000009        0.000000        excluding marked processes    
76         632.000000      25.139610       Unweighted events, alpha=0.000004
  => Total parameter prop_binmuon_channel_bin76[0.00,-7.00,7.00] to be Gaussian constrained
------------------------------------------------------------
77         0.001267        0.001259        total sum                     
77         0.000008        0.000000        excluding marked processes    
77         761.000000      27.586228       Unweighted events, alpha=0.000002
  => Total parameter prop_binmuon_channel_bin77[0.00,-7.00,7.00] to be Gaussian constrained
------------------------------------------------------------
78         0.000006        0.000000        total sum                     
78         0.000006        0.000000        excluding marked processes    
78         520.000000      22.803509       Unweighted events, alpha=0.000000
  => Total parameter prop_binmuon_channel_bin78[0.00,-7.00,7.00] to be Gaussian constrained
------------------------------------------------------------
79         0.000815        0.000608        total sum                     
79         0.000555        0.000550        excluding marked processes    
79         1.000000        1.000000        Unweighted events, alpha=0.000815
  => Number of weighted events is below Poisson threshold
    Wprime6000           0.000259        0.000259                                      
                         1.000000        1.000000        Unweighted events, alpha=0.000259
      => Product of prop_binmuon_channel_bin79_Wprime6000[1.00,0.00,30.85] and const [1.0000] to be Poisson constrained
  ----------------------------------------------------------
    W_boson              0.000006        0.000000                                      
                         405.000000      20.124612       Unweighted events, alpha=0.000000
      => Parameter prop_binmuon_channel_bin79_W_boson[0.00,-7.00,7.00] to be Gaussian constrained
  ----------------------------------------------------------
    Top                  0.000000        0.000000                                      
      => Error is zero, ignore      
  ----------------------------------------------------------
    Z_boson              0.000000        0.000000                                      
                         22.000000       4.690416        Unweighted events, alpha=0.000000
      => Parameter prop_binmuon_channel_bin79_Z_boson[0.00,-7.00,7.00] to be Gaussian constrained
  ----------------------------------------------------------
    DiBoson              0.000000        0.000000                                      
      => Error is zero, ignore      
  ----------------------------------------------------------
    QCD                  0.000550        0.000550                                      
                         1.000000        1.000000        Unweighted events, alpha=0.000550
      => Product of prop_binmuon_channel_bin79_QCD[1.00,0.00,30.85] and const [1.0000] to be Poisson constrained
  ----------------------------------------------------------
------------------------------------------------------------
80         0.000006        0.000000        total sum                     
80         0.000006        0.000000        excluding marked processes    
80         126.000000      11.224972       Unweighted events, alpha=0.000000
  => Total parameter prop_binmuon_channel_bin80[0.00,-7.00,7.00] to be Gaussian constrained
------------------------------------------------------------
81         0.000005        0.000000        total sum                     
81         0.000005        0.000000        excluding marked processes    
81         209.000000      14.456832       Unweighted events, alpha=0.000000
  => Total parameter prop_binmuon_channel_bin81[0.00,-7.00,7.00] to be Gaussian constrained
------------------------------------------------------------
82         0.000007        0.000003        total sum                     
82         0.000007        0.000003        excluding marked processes    
82         8.000000        2.828427        Unweighted events, alpha=0.000001
  => Number of weighted events is below Poisson threshold
    Wprime6000           0.000000        0.000000                                      
      => Error is zero, ignore      
  ----------------------------------------------------------
    W_boson              0.000007        0.000003                                      
                         8.000000        2.828427        Unweighted events, alpha=0.000001
      => Product of prop_binmuon_channel_bin82_W_boson[8.00,0.12,47.91] and const [0.1250] to be Poisson constrained
  ----------------------------------------------------------
    Top                  0.000000        0.000000                                      
      => Error is zero, ignore      
  ----------------------------------------------------------
    Z_boson              0.000000        0.000000                                      
                         15.000000       3.872983        Unweighted events, alpha=0.000000
      => Parameter prop_binmuon_channel_bin82_Z_boson[0.00,-7.00,7.00] to be Gaussian constrained
  ----------------------------------------------------------
    DiBoson              0.000000        0.000000                                      
      => Error is zero, ignore      
  ----------------------------------------------------------
    QCD                  0.000000        0.000000                                      
      => Error is zero, ignore      
  ----------------------------------------------------------
------------------------------------------------------------
83         0.000467        0.000464        total sum                     
83         0.000003        0.000000        excluding marked processes    
83         200.000000      14.142136       Unweighted events, alpha=0.000002
  => Total parameter prop_binmuon_channel_bin83[0.00,-7.00,7.00] to be Gaussian constrained
------------------------------------------------------------
84         0.000005        0.000003        total sum                     
84         0.000005        0.000003        excluding marked processes    
84         4.000000        2.000000        Unweighted events, alpha=0.000001
  => Number of weighted events is below Poisson threshold
    Wprime6000           0.000000        0.000000                                      
      => Error is zero, ignore      
  ----------------------------------------------------------
    W_boson              0.000005        0.000003                                      
                         4.000000        2.000000        Unweighted events, alpha=0.000001
      => Product of prop_binmuon_channel_bin84_W_boson[4.00,0.00,38.96] and const [0.2500] to be Poisson constrained
  ----------------------------------------------------------
    Top                  0.000000        0.000000                                      
      => Error is zero, ignore      
  ----------------------------------------------------------
    Z_boson              0.000000        0.000000                                      
                         11.000000       3.316625        Unweighted events, alpha=0.000000
      => Parameter prop_binmuon_channel_bin84_Z_boson[0.00,-7.00,7.00] to be Gaussian constrained
  ----------------------------------------------------------
    DiBoson              0.000000        0.000000                                      
      => Error is zero, ignore      
  ----------------------------------------------------------
    QCD                  0.000000        0.000000                                      
      => Error is zero, ignore      
  ----------------------------------------------------------
------------------------------------------------------------
85         0.002242        0.002240        total sum                     
85         0.002242        0.002240        excluding marked processes    
85         1.000000        1.000000        Unweighted events, alpha=0.002242
  => Number of weighted events is below Poisson threshold
    Wprime6000           0.000000        0.000000                                      
      => Error is zero, ignore      
  ----------------------------------------------------------
    W_boson              0.000002        0.000000                                      
                         110.000000      10.488088       Unweighted events, alpha=0.000000
      => Parameter prop_binmuon_channel_bin85_W_boson[0.00,-7.00,7.00] to be Gaussian constrained
  ----------------------------------------------------------
    Top                  0.000000        0.000000                                      
      => Error is zero, ignore      
  ----------------------------------------------------------
    Z_boson              0.000000        0.000000                                      
                         9.000000        3.000000        Unweighted events, alpha=0.000000
      => Product of prop_binmuon_channel_bin85_Z_boson[9.00,0.20,49.98] and const [0.1111] to be Poisson constrained
  ----------------------------------------------------------
    DiBoson              0.000000        0.000000                                      
      => Error is zero, ignore      
  ----------------------------------------------------------
    QCD                  0.002240        0.002240                                      
                         1.000000        1.000000        Unweighted events, alpha=0.002240
      => Product of prop_binmuon_channel_bin85_QCD[1.00,0.00,30.85] and const [1.0000] to be Poisson constrained
  ----------------------------------------------------------
------------------------------------------------------------
Channel muon_channel will use autoMCStats with settings: event-threshold=10, include-signal=0, hist-mode=1

 -- MarkovChainMC -- 
Limit: r < 1.19618 +/- 0.00657394 @ 95% credibility (300 tries)
Done in 7.75 min (cpu), 7.93 min (real)
