 <<< Combine >>> 
 <<< v10.0.2 >>>
>>> Used OpenSSL to get a truly random seed 1039145793
>>> Method used is MarkovChainMC
============================================================
Analyzing bin errors for: prop_binmuon_channel
Poisson cut-off: 10
Processes excluded for sums: Wprime2600
============================================================
Bin        Contents        Error           Notes                         
0          6052.006841     20.262809       total sum                     
0          6051.639763     20.262801       excluding marked processes    
0          89196.000000    298.656994      Unweighted events, alpha=0.067851
  => Total parameter prop_binmuon_channel_bin0[0.00,-7.00,7.00] to be Gaussian constrained
------------------------------------------------------------
1          2271.608107     14.934746       total sum                     
1          2271.162556     14.934734       excluding marked processes    
1          23126.000000    152.072351      Unweighted events, alpha=0.098227
  => Total parameter prop_binmuon_channel_bin1[0.00,-7.00,7.00] to be Gaussian constrained
------------------------------------------------------------
2          980.222275      6.845956        total sum                     
2          979.756424      6.845929        excluding marked processes    
2          20482.000000    143.115338      Unweighted events, alpha=0.047858
  => Total parameter prop_binmuon_channel_bin2[0.00,-7.00,7.00] to be Gaussian constrained
------------------------------------------------------------
3          483.539978      3.368587        total sum                     
3          482.954290      3.368514        excluding marked processes    
3          20556.000000    143.373638      Unweighted events, alpha=0.023523
  => Total parameter prop_binmuon_channel_bin3[0.00,-7.00,7.00] to be Gaussian constrained
------------------------------------------------------------
4          256.557380      2.727659        total sum                     
4          255.983423      2.727570        excluding marked processes    
4          8808.000000     93.850946       Unweighted events, alpha=0.029128
  => Total parameter prop_binmuon_channel_bin4[0.00,-7.00,7.00] to be Gaussian constrained
------------------------------------------------------------
5          147.702787      2.387529        total sum                     
5          147.033703      2.387412        excluding marked processes    
5          3793.000000     61.587336       Unweighted events, alpha=0.038941
  => Total parameter prop_binmuon_channel_bin5[0.00,-7.00,7.00] to be Gaussian constrained
------------------------------------------------------------
6          86.086029       1.618045        total sum                     
6          85.336694       1.617855        excluding marked processes    
6          2782.000000     52.744668       Unweighted events, alpha=0.030944
  => Total parameter prop_binmuon_channel_bin6[0.00,-7.00,7.00] to be Gaussian constrained
------------------------------------------------------------
7          53.674762       0.789883        total sum                     
7          52.886014       0.789469        excluding marked processes    
7          4488.000000     66.992537       Unweighted events, alpha=0.011960
  => Total parameter prop_binmuon_channel_bin7[0.00,-7.00,7.00] to be Gaussian constrained
------------------------------------------------------------
8          32.411384       0.469448        total sum                     
8          31.532851       0.468687        excluding marked processes    
8          4526.000000     67.275553       Unweighted events, alpha=0.007161
  => Total parameter prop_binmuon_channel_bin8[0.00,-7.00,7.00] to be Gaussian constrained
------------------------------------------------------------
9          22.315047       0.551526        total sum                     
9          21.394647       0.550833        excluding marked processes    
9          1509.000000     38.845849       Unweighted events, alpha=0.014788
  => Total parameter prop_binmuon_channel_bin9[0.00,-7.00,7.00] to be Gaussian constrained
------------------------------------------------------------
10         14.722037       0.232629        total sum                     
10         13.816021       0.231032        excluding marked processes    
10         3576.000000     59.799666       Unweighted events, alpha=0.004117
  => Total parameter prop_binmuon_channel_bin10[0.00,-7.00,7.00] to be Gaussian constrained
------------------------------------------------------------
11         10.556352       0.296298        total sum                     
11         9.533747        0.294858        excluding marked processes    
11         1045.000000     32.326460       Unweighted events, alpha=0.010102
  => Total parameter prop_binmuon_channel_bin11[0.00,-7.00,7.00] to be Gaussian constrained
------------------------------------------------------------
12         8.106772        0.341054        total sum                     
12         7.027652        0.339748        excluding marked processes    
12         428.000000      20.688161       Unweighted events, alpha=0.018941
  => Total parameter prop_binmuon_channel_bin12[0.00,-7.00,7.00] to be Gaussian constrained
------------------------------------------------------------
13         5.801818        0.255579        total sum                     
13         4.633595        0.253659        excluding marked processes    
13         334.000000      18.275667       Unweighted events, alpha=0.017371
  => Total parameter prop_binmuon_channel_bin13[0.00,-7.00,7.00] to be Gaussian constrained
------------------------------------------------------------
14         4.687092        0.258523        total sum                     
14         3.457839        0.256568        excluding marked processes    
14         182.000000      13.490738       Unweighted events, alpha=0.025753
  => Total parameter prop_binmuon_channel_bin14[0.00,-7.00,7.00] to be Gaussian constrained
------------------------------------------------------------
15         3.837643        0.157871        total sum                     
15         2.547554        0.154485        excluding marked processes    
15         272.000000      16.492423       Unweighted events, alpha=0.014109
  => Total parameter prop_binmuon_channel_bin15[0.00,-7.00,7.00] to be Gaussian constrained
------------------------------------------------------------
16         2.964722        0.064159        total sum                     
16         1.610533        0.054796        excluding marked processes    
16         864.000000      29.393877       Unweighted events, alpha=0.003431
  => Total parameter prop_binmuon_channel_bin16[0.00,-7.00,7.00] to be Gaussian constrained
------------------------------------------------------------
17         2.768266        0.098981        total sum                     
17         1.294096        0.092621        excluding marked processes    
17         195.000000      13.964240       Unweighted events, alpha=0.014196
  => Total parameter prop_binmuon_channel_bin17[0.00,-7.00,7.00] to be Gaussian constrained
------------------------------------------------------------
18         2.434578        0.063783        total sum                     
18         0.856872        0.052094        excluding marked processes    
18         271.000000      16.462078       Unweighted events, alpha=0.008984
  => Total parameter prop_binmuon_channel_bin18[0.00,-7.00,7.00] to be Gaussian constrained
------------------------------------------------------------
19         2.428607        0.061640        total sum                     
19         0.663224        0.048455        excluding marked processes    
19         187.000000      13.674794       Unweighted events, alpha=0.012987
  => Total parameter prop_binmuon_channel_bin19[0.00,-7.00,7.00] to be Gaussian constrained
------------------------------------------------------------
20         2.591938        0.212987        total sum                     
20         0.673479        0.209229        excluding marked processes    
20         10.000000       3.162278        Unweighted events, alpha=0.259194
  => Number of weighted events is below Poisson threshold
    Wprime2600           1.918459        0.039834                                      
                         2320.000000     48.166378       Unweighted events, alpha=0.000827
      => Parameter prop_binmuon_channel_bin20_Wprime2600[0.00,-7.00,7.00] to be Gaussian constrained
  ----------------------------------------------------------
    W_boson              0.424475        0.003723                                      
                         12996.000000    114.000000      Unweighted events, alpha=0.000033
      => Parameter prop_binmuon_channel_bin20_W_boson[0.00,-7.00,7.00] to be Gaussian constrained
  ----------------------------------------------------------
    Top                  0.000000        0.000000                                      
      => Error is zero, ignore      
  ----------------------------------------------------------
    Z_boson              0.006212        0.000206                                      
                         911.000000      30.182777       Unweighted events, alpha=0.000007
      => Parameter prop_binmuon_channel_bin20_Z_boson[0.00,-7.00,7.00] to be Gaussian constrained
  ----------------------------------------------------------
    DiBoson              0.233194        0.209022                                      
                         1.000000        1.000000        Unweighted events, alpha=0.233194
      => Product of prop_binmuon_channel_bin20_DiBoson[1.00,0.00,30.85] and const [1.0000] to be Poisson constrained
  ----------------------------------------------------------
    QCD                  0.009599        0.008527                                      
                         1.000000        1.000000        Unweighted events, alpha=0.009599
      => Product of prop_binmuon_channel_bin20_QCD[1.00,0.00,30.85] and const [1.0000] to be Poisson constrained
  ----------------------------------------------------------
------------------------------------------------------------
21         1.930689        0.038309        total sum                     
21         0.324178        0.011904        excluding marked processes    
21         742.000000      27.239677       Unweighted events, alpha=0.002602
  => Total parameter prop_binmuon_channel_bin21[0.00,-7.00,7.00] to be Gaussian constrained
------------------------------------------------------------
22         1.809708        0.472646        total sum                     
22         0.724947        0.471633        excluding marked processes    
22         2.000000        1.414214        Unweighted events, alpha=0.904854
  => Number of weighted events is below Poisson threshold
    Wprime2600           1.084761        0.030937                                      
                         1229.000000     35.057096       Unweighted events, alpha=0.000883
      => Parameter prop_binmuon_channel_bin22_Wprime2600[0.00,-7.00,7.00] to be Gaussian constrained
  ----------------------------------------------------------
    W_boson              0.238042        0.001642                                      
                         21029.000000    145.013792      Unweighted events, alpha=0.000011
      => Parameter prop_binmuon_channel_bin22_W_boson[0.00,-7.00,7.00] to be Gaussian constrained
  ----------------------------------------------------------
    Top                  0.000000        0.000000                                      
      => Error is zero, ignore      
  ----------------------------------------------------------
    Z_boson              0.003914        0.000121                                      
                         1048.000000     32.372828       Unweighted events, alpha=0.000004
      => Parameter prop_binmuon_channel_bin22_Z_boson[0.00,-7.00,7.00] to be Gaussian constrained
  ----------------------------------------------------------
    DiBoson              0.000000        0.000644                                      
      => Poisson not viable, prop_binmuon_channel_bin22_DiBoson[0.00,-7.00,7.00] to be Gaussian constrained
  ----------------------------------------------------------
    QCD                  0.482992        0.471629                                      
                         1.000000        1.000000        Unweighted events, alpha=0.482992
      => Product of prop_binmuon_channel_bin22_QCD[1.00,0.00,30.85] and const [1.0000] to be Poisson constrained
  ----------------------------------------------------------
------------------------------------------------------------
23         0.707234        0.020714        total sum                     
23         0.182734        0.001752        excluding marked processes    
23         10872.000000    104.268883      Unweighted events, alpha=0.000065
  => Total parameter prop_binmuon_channel_bin23[0.00,-7.00,7.00] to be Gaussian constrained
------------------------------------------------------------
24         0.388292        0.016477        total sum                     
24         0.154191        0.008867        excluding marked processes    
24         302.000000      17.378147       Unweighted events, alpha=0.001286
  => Total parameter prop_binmuon_channel_bin24[0.00,-7.00,7.00] to be Gaussian constrained
------------------------------------------------------------
25         0.238376        0.027607        total sum                     
25         0.135887        0.026090        excluding marked processes    
25         27.000000       5.196152        Unweighted events, alpha=0.008829
  => Total parameter prop_binmuon_channel_bin25[0.00,-7.00,7.00] to be Gaussian constrained
------------------------------------------------------------
26         0.131522        0.006551        total sum                     
26         0.081986        0.001151        excluding marked processes    
26         5074.000000     71.232015       Unweighted events, alpha=0.000026
  => Total parameter prop_binmuon_channel_bin26[0.00,-7.00,7.00] to be Gaussian constrained
------------------------------------------------------------
27         0.141915        0.040665        total sum                     
27         0.121625        0.040472        excluding marked processes    
27         9.000000        3.000000        Unweighted events, alpha=0.015768
  => Number of weighted events is below Poisson threshold
    Wprime2600           0.020290        0.003963                                      
                         26.000000       5.099020        Unweighted events, alpha=0.000780
      => Parameter prop_binmuon_channel_bin27_Wprime2600[0.00,-7.00,7.00] to be Gaussian constrained
  ----------------------------------------------------------
    W_boson              0.061373        0.000570                                      
                         11603.000000    107.717222      Unweighted events, alpha=0.000005
      => Parameter prop_binmuon_channel_bin27_W_boson[0.00,-7.00,7.00] to be Gaussian constrained
  ----------------------------------------------------------
    Top                  0.000000        0.000000                                      
      => Error is zero, ignore      
  ----------------------------------------------------------
    Z_boson              0.001091        0.000044                                      
                         604.000000      24.576411       Unweighted events, alpha=0.000002
      => Parameter prop_binmuon_channel_bin27_Z_boson[0.00,-7.00,7.00] to be Gaussian constrained
  ----------------------------------------------------------
    DiBoson              0.000000        0.000442                                      
      => Poisson not viable, prop_binmuon_channel_bin27_DiBoson[0.00,-7.00,7.00] to be Gaussian constrained
  ----------------------------------------------------------
    QCD                  0.059162        0.040465                                      
                         2.000000        1.414214        Unweighted events, alpha=0.029581
      => Product of prop_binmuon_channel_bin27_QCD[2.00,0.00,33.79] and const [0.5000] to be Poisson constrained
  ----------------------------------------------------------
------------------------------------------------------------
28         0.070491        0.013502        total sum                     
28         0.062427        0.013268        excluding marked processes    
28         22.000000       4.690416        Unweighted events, alpha=0.003204
  => Total parameter prop_binmuon_channel_bin28[0.00,-7.00,7.00] to be Gaussian constrained
------------------------------------------------------------
29         0.048773        0.003269        total sum                     
29         0.036998        0.000788        excluding marked processes    
29         2207.000000     46.978719       Unweighted events, alpha=0.000022
  => Total parameter prop_binmuon_channel_bin29[0.00,-7.00,7.00] to be Gaussian constrained
------------------------------------------------------------
30         0.035568        0.002401        total sum                     
30         0.031262        0.001618        excluding marked processes    
30         373.000000      19.313208       Unweighted events, alpha=0.000095
  => Total parameter prop_binmuon_channel_bin30[0.00,-7.00,7.00] to be Gaussian constrained
------------------------------------------------------------
31         0.027718        0.002074        total sum                     
31         0.022955        0.000698        excluding marked processes    
31         1082.000000     32.893768       Unweighted events, alpha=0.000026
  => Total parameter prop_binmuon_channel_bin31[0.00,-7.00,7.00] to be Gaussian constrained
------------------------------------------------------------
32         0.032709        0.011868        total sum                     
32         0.029522        0.011768        excluding marked processes    
32         6.000000        2.449490        Unweighted events, alpha=0.005451
  => Number of weighted events is below Poisson threshold
    Wprime2600           0.003186        0.001534                                      
                         4.000000        2.000000        Unweighted events, alpha=0.000797
      => Product of prop_binmuon_channel_bin32_Wprime2600[4.00,0.00,38.96] and const [0.2500] to be Poisson constrained
  ----------------------------------------------------------
    W_boson              0.017442        0.000289                                      
                         3645.000000     60.373835       Unweighted events, alpha=0.000005
      => Parameter prop_binmuon_channel_bin32_W_boson[0.00,-7.00,7.00] to be Gaussian constrained
  ----------------------------------------------------------
    Top                  0.000000        0.000000                                      
      => Error is zero, ignore      
  ----------------------------------------------------------
    Z_boson              0.000316        0.000020                                      
                         238.000000      15.427249       Unweighted events, alpha=0.000001
      => Parameter prop_binmuon_channel_bin32_Z_boson[0.00,-7.00,7.00] to be Gaussian constrained
  ----------------------------------------------------------
    DiBoson              0.000000        0.000000                                      
      => Error is zero, ignore      
  ----------------------------------------------------------
    QCD                  0.011765        0.011765                                      
                         1.000000        1.000000        Unweighted events, alpha=0.011765
      => Product of prop_binmuon_channel_bin32_QCD[1.00,0.00,30.85] and const [1.0000] to be Poisson constrained
  ----------------------------------------------------------
------------------------------------------------------------
33         0.014243        0.000401        total sum                     
33         0.013975        0.000299        excluding marked processes    
33         2190.000000     46.797436       Unweighted events, alpha=0.000007
  => Total parameter prop_binmuon_channel_bin33[0.00,-7.00,7.00] to be Gaussian constrained
------------------------------------------------------------
34         0.013202        0.002041        total sum                     
34         0.013202        0.002041        excluding marked processes    
34         42.000000       6.480741        Unweighted events, alpha=0.000314
  => Total parameter prop_binmuon_channel_bin34[0.00,-7.00,7.00] to be Gaussian constrained
------------------------------------------------------------
35         0.010938        0.001347        total sum                     
35         0.008705        0.000168        excluding marked processes    
35         2682.000000     51.788030       Unweighted events, alpha=0.000004
  => Total parameter prop_binmuon_channel_bin35[0.00,-7.00,7.00] to be Gaussian constrained
------------------------------------------------------------
36         0.008257        0.001201        total sum                     
36         0.007064        0.000136        excluding marked processes    
36         2709.000000     52.048055       Unweighted events, alpha=0.000003
  => Total parameter prop_binmuon_channel_bin36[0.00,-7.00,7.00] to be Gaussian constrained
------------------------------------------------------------
37         0.005703        0.000089        total sum                     
37         0.005703        0.000089        excluding marked processes    
37         4134.000000     64.296190       Unweighted events, alpha=0.000001
  => Total parameter prop_binmuon_channel_bin37[0.00,-7.00,7.00] to be Gaussian constrained
------------------------------------------------------------
38         0.005241        0.000543        total sum                     
38         0.005241        0.000543        excluding marked processes    
38         93.000000       9.643651        Unweighted events, alpha=0.000056
  => Total parameter prop_binmuon_channel_bin38[0.00,-7.00,7.00] to be Gaussian constrained
------------------------------------------------------------
39         0.004377        0.000749        total sum                     
39         0.003630        0.000045        excluding marked processes    
39         6407.000000     80.043738       Unweighted events, alpha=0.000001
  => Total parameter prop_binmuon_channel_bin39[0.00,-7.00,7.00] to be Gaussian constrained
------------------------------------------------------------
40         0.002983        0.000036        total sum                     
40         0.002983        0.000036        excluding marked processes    
40         6761.000000     82.225300       Unweighted events, alpha=0.000000
  => Total parameter prop_binmuon_channel_bin40[0.00,-7.00,7.00] to be Gaussian constrained
------------------------------------------------------------
41         0.004134        0.001080        total sum                     
41         0.002760        0.000254        excluding marked processes    
41         118.000000      10.862780       Unweighted events, alpha=0.000035
  => Total parameter prop_binmuon_channel_bin41[0.00,-7.00,7.00] to be Gaussian constrained
------------------------------------------------------------
42         0.002025        0.000028        total sum                     
42         0.002025        0.000028        excluding marked processes    
42         5328.000000     72.993150       Unweighted events, alpha=0.000000
  => Total parameter prop_binmuon_channel_bin42[0.00,-7.00,7.00] to be Gaussian constrained
------------------------------------------------------------
43         0.002234        0.000586        total sum                     
43         0.002234        0.000586        excluding marked processes    
43         15.000000       3.872983        Unweighted events, alpha=0.000149
  => Total parameter prop_binmuon_channel_bin43[0.00,-7.00,7.00] to be Gaussian constrained
------------------------------------------------------------
44         0.001592        0.000204        total sum                     
44         0.001390        0.000022        excluding marked processes    
44         3986.000000     63.134776       Unweighted events, alpha=0.000000
  => Total parameter prop_binmuon_channel_bin44[0.00,-7.00,7.00] to be Gaussian constrained
------------------------------------------------------------
45         0.001620        0.000456        total sum                     
45         0.001165        0.000024        excluding marked processes    
45         2306.000000     48.020829       Unweighted events, alpha=0.000001
  => Total parameter prop_binmuon_channel_bin45[0.00,-7.00,7.00] to be Gaussian constrained
------------------------------------------------------------
46         0.000985        0.000018        total sum                     
46         0.000985        0.000018        excluding marked processes    
46         3138.000000     56.017854       Unweighted events, alpha=0.000000
  => Total parameter prop_binmuon_channel_bin46[0.00,-7.00,7.00] to be Gaussian constrained
------------------------------------------------------------
47         0.001255        0.000468        total sum                     
47         0.001255        0.000468        excluding marked processes    
47         7.000000        2.645751        Unweighted events, alpha=0.000179
  => Number of weighted events is below Poisson threshold
    Wprime2600           0.000000        0.000000                                      
      => Error is zero, ignore      
  ----------------------------------------------------------
    W_boson              0.000777        0.000014                                      
                         3218.000000     56.727418       Unweighted events, alpha=0.000000
      => Parameter prop_binmuon_channel_bin47_W_boson[0.00,-7.00,7.00] to be Gaussian constrained
  ----------------------------------------------------------
    Top                  0.000000        0.000000                                      
      => Error is zero, ignore      
  ----------------------------------------------------------
    Z_boson              0.000011        0.000001                                      
                         70.000000       8.366600        Unweighted events, alpha=0.000000
      => Parameter prop_binmuon_channel_bin47_Z_boson[0.00,-7.00,7.00] to be Gaussian constrained
  ----------------------------------------------------------
    DiBoson              0.000000        0.000000                                      
      => Error is zero, ignore      
  ----------------------------------------------------------
    QCD                  0.000468        0.000468                                      
                         1.000000        1.000000        Unweighted events, alpha=0.000468
      => Product of prop_binmuon_channel_bin47_QCD[1.00,0.00,30.85] and const [1.0000] to be Poisson constrained
  ----------------------------------------------------------
------------------------------------------------------------
48         0.000665        0.000013        total sum                     
48         0.000665        0.000013        excluding marked processes    
48         2617.000000     51.156622       Unweighted events, alpha=0.000000
  => Total parameter prop_binmuon_channel_bin48[0.00,-7.00,7.00] to be Gaussian constrained
------------------------------------------------------------
49         0.003061        0.001592        total sum                     
49         0.003061        0.001592        excluding marked processes    
49         4.000000        2.000000        Unweighted events, alpha=0.000765
  => Number of weighted events is below Poisson threshold
    Wprime2600           0.000000        0.000000                                      
      => Error is zero, ignore      
  ----------------------------------------------------------
    W_boson              0.000569        0.000011                                      
                         2832.000000     53.216539       Unweighted events, alpha=0.000000
      => Parameter prop_binmuon_channel_bin49_W_boson[0.00,-7.00,7.00] to be Gaussian constrained
  ----------------------------------------------------------
    Top                  0.000000        0.000000                                      
      => Error is zero, ignore      
  ----------------------------------------------------------
    Z_boson              0.000008        0.000001                                      
                         38.000000       6.164414        Unweighted events, alpha=0.000000
      => Parameter prop_binmuon_channel_bin49_Z_boson[0.00,-7.00,7.00] to be Gaussian constrained
  ----------------------------------------------------------
    DiBoson              0.000000        0.000000                                      
      => Error is zero, ignore      
  ----------------------------------------------------------
    QCD                  0.002484        0.001592                                      
                         2.000000        1.414214        Unweighted events, alpha=0.001242
      => Product of prop_binmuon_channel_bin49_QCD[2.00,0.00,33.79] and const [0.5000] to be Poisson constrained
  ----------------------------------------------------------
------------------------------------------------------------
50         0.001033        0.000571        total sum                     
50         0.001033        0.000571        excluding marked processes    
50         3.000000        1.732051        Unweighted events, alpha=0.000344
  => Number of weighted events is below Poisson threshold
    Wprime2600           0.000000        0.000000                                      
      => Error is zero, ignore      
  ----------------------------------------------------------
    W_boson              0.000456        0.000008                                      
                         3212.000000     56.674509       Unweighted events, alpha=0.000000
      => Parameter prop_binmuon_channel_bin50_W_boson[0.00,-7.00,7.00] to be Gaussian constrained
  ----------------------------------------------------------
    Top                  0.000000        0.000000                                      
      => Error is zero, ignore      
  ----------------------------------------------------------
    Z_boson              0.000006        0.000000                                      
                         140.000000      11.832160       Unweighted events, alpha=0.000000
      => Parameter prop_binmuon_channel_bin50_Z_boson[0.00,-7.00,7.00] to be Gaussian constrained
  ----------------------------------------------------------
    DiBoson              0.000000        0.000000                                      
      => Error is zero, ignore      
  ----------------------------------------------------------
    QCD                  0.000571        0.000571                                      
                         1.000000        1.000000        Unweighted events, alpha=0.000571
      => Product of prop_binmuon_channel_bin50_QCD[1.00,0.00,30.85] and const [1.0000] to be Poisson constrained
  ----------------------------------------------------------
------------------------------------------------------------
51         0.000412        0.000011        total sum                     
51         0.000412        0.000011        excluding marked processes    
51         1511.000000     38.871583       Unweighted events, alpha=0.000000
  => Total parameter prop_binmuon_channel_bin51[0.00,-7.00,7.00] to be Gaussian constrained
------------------------------------------------------------
52         0.000373        0.000028        total sum                     
52         0.000373        0.000028        excluding marked processes    
52         182.000000      13.490738       Unweighted events, alpha=0.000002
  => Total parameter prop_binmuon_channel_bin52[0.00,-7.00,7.00] to be Gaussian constrained
------------------------------------------------------------
53         0.001099        0.000814        total sum                     
53         0.001099        0.000814        excluding marked processes    
53         2.000000        1.414214        Unweighted events, alpha=0.000550
  => Number of weighted events is below Poisson threshold
    Wprime2600           0.000000        0.000000                                      
      => Error is zero, ignore      
  ----------------------------------------------------------
    W_boson              0.000282        0.000005                                      
                         3353.000000     57.905095       Unweighted events, alpha=0.000000
      => Parameter prop_binmuon_channel_bin53_W_boson[0.00,-7.00,7.00] to be Gaussian constrained
  ----------------------------------------------------------
    Top                  0.000000        0.000000                                      
      => Error is zero, ignore      
  ----------------------------------------------------------
    Z_boson              0.000004        0.000000                                      
                         108.000000      10.392305       Unweighted events, alpha=0.000000
      => Parameter prop_binmuon_channel_bin53_Z_boson[0.00,-7.00,7.00] to be Gaussian constrained
  ----------------------------------------------------------
    DiBoson              0.000000        0.000000                                      
      => Error is zero, ignore      
  ----------------------------------------------------------
    QCD                  0.000814        0.000814                                      
                         1.000000        1.000000        Unweighted events, alpha=0.000814
      => Product of prop_binmuon_channel_bin53_QCD[1.00,0.00,30.85] and const [1.0000] to be Poisson constrained
  ----------------------------------------------------------
------------------------------------------------------------
54         0.009945        0.009697        total sum                     
54         0.009945        0.009697        excluding marked processes    
54         1.000000        1.000000        Unweighted events, alpha=0.009945
  => Number of weighted events is below Poisson threshold
    Wprime2600           0.000000        0.000000                                      
      => Error is zero, ignore      
  ----------------------------------------------------------
    W_boson              0.000244        0.000007                                      
                         1129.000000     33.600595       Unweighted events, alpha=0.000000
      => Parameter prop_binmuon_channel_bin54_W_boson[0.00,-7.00,7.00] to be Gaussian constrained
  ----------------------------------------------------------
    Top                  0.000000        0.000000                                      
      => Error is zero, ignore      
  ----------------------------------------------------------
    Z_boson              0.000003        0.000000                                      
                         114.000000      10.677078       Unweighted events, alpha=0.000000
      => Parameter prop_binmuon_channel_bin54_Z_boson[0.00,-7.00,7.00] to be Gaussian constrained
  ----------------------------------------------------------
    DiBoson              0.000000        0.000000                                      
      => Error is zero, ignore      
  ----------------------------------------------------------
    QCD                  0.009697        0.009697                                      
                         1.000000        1.000000        Unweighted events, alpha=0.009697
      => Product of prop_binmuon_channel_bin54_QCD[1.00,0.00,30.85] and const [1.0000] to be Poisson constrained
  ----------------------------------------------------------
------------------------------------------------------------
55         0.000203        0.000004        total sum                     
55         0.000203        0.000004        excluding marked processes    
55         2633.000000     51.312766       Unweighted events, alpha=0.000000
  => Total parameter prop_binmuon_channel_bin55[0.00,-7.00,7.00] to be Gaussian constrained
------------------------------------------------------------
56         0.001355        0.001173        total sum                     
56         0.001355        0.001173        excluding marked processes    
56         1.000000        1.000000        Unweighted events, alpha=0.001355
  => Number of weighted events is below Poisson threshold
    Wprime2600           0.000000        0.000000                                      
      => Error is zero, ignore      
  ----------------------------------------------------------
    W_boson              0.000181        0.000006                                      
                         943.000000      30.708305       Unweighted events, alpha=0.000000
      => Parameter prop_binmuon_channel_bin56_W_boson[0.00,-7.00,7.00] to be Gaussian constrained
  ----------------------------------------------------------
    Top                  0.000000        0.000000                                      
      => Error is zero, ignore      
  ----------------------------------------------------------
    Z_boson              0.000002        0.000000                                      
                         85.000000       9.219544        Unweighted events, alpha=0.000000
      => Parameter prop_binmuon_channel_bin56_Z_boson[0.00,-7.00,7.00] to be Gaussian constrained
  ----------------------------------------------------------
    DiBoson              0.000000        0.000000                                      
      => Error is zero, ignore      
  ----------------------------------------------------------
    QCD                  0.001173        0.001173                                      
                         1.000000        1.000000        Unweighted events, alpha=0.001173
      => Product of prop_binmuon_channel_bin56_QCD[1.00,0.00,30.85] and const [1.0000] to be Poisson constrained
  ----------------------------------------------------------
------------------------------------------------------------
57         0.000152        0.000005        total sum                     
57         0.000152        0.000005        excluding marked processes    
57         935.000000      30.577770       Unweighted events, alpha=0.000000
  => Total parameter prop_binmuon_channel_bin57[0.00,-7.00,7.00] to be Gaussian constrained
------------------------------------------------------------
58         0.016837        0.016698        total sum                     
58         0.016837        0.016698        excluding marked processes    
58         1.000000        1.000000        Unweighted events, alpha=0.016837
  => Number of weighted events is below Poisson threshold
    Wprime2600           0.000000        0.000000                                      
      => Error is zero, ignore      
  ----------------------------------------------------------
    W_boson              0.000137        0.000004                                      
                         1248.000000     35.327043       Unweighted events, alpha=0.000000
      => Parameter prop_binmuon_channel_bin58_W_boson[0.00,-7.00,7.00] to be Gaussian constrained
  ----------------------------------------------------------
    Top                  0.000000        0.000000                                      
      => Error is zero, ignore      
  ----------------------------------------------------------
    Z_boson              0.000002        0.000000                                      
                         67.000000       8.185353        Unweighted events, alpha=0.000000
      => Parameter prop_binmuon_channel_bin58_Z_boson[0.00,-7.00,7.00] to be Gaussian constrained
  ----------------------------------------------------------
    DiBoson              0.000000        0.000000                                      
      => Error is zero, ignore      
  ----------------------------------------------------------
    QCD                  0.016698        0.016698                                      
                         1.000000        1.000000        Unweighted events, alpha=0.016698
      => Product of prop_binmuon_channel_bin58_QCD[1.00,0.00,30.85] and const [1.0000] to be Poisson constrained
  ----------------------------------------------------------
------------------------------------------------------------
59         0.000116        0.000004        total sum                     
59         0.000116        0.000004        excluding marked processes    
59         891.000000      29.849623       Unweighted events, alpha=0.000000
  => Total parameter prop_binmuon_channel_bin59[0.00,-7.00,7.00] to be Gaussian constrained
------------------------------------------------------------
60         0.000097        0.000002        total sum                     
60         0.000097        0.000002        excluding marked processes    
60         4042.000000     63.576725       Unweighted events, alpha=0.000000
  => Total parameter prop_binmuon_channel_bin60[0.00,-7.00,7.00] to be Gaussian constrained
------------------------------------------------------------
61         0.000091        0.000005        total sum                     
61         0.000091        0.000005        excluding marked processes    
61         287.000000      16.941074       Unweighted events, alpha=0.000000
  => Total parameter prop_binmuon_channel_bin61[0.00,-7.00,7.00] to be Gaussian constrained
------------------------------------------------------------
62         0.000074        0.000002        total sum                     
62         0.000074        0.000002        excluding marked processes    
62         2052.000000     45.299007       Unweighted events, alpha=0.000000
  => Total parameter prop_binmuon_channel_bin62[0.00,-7.00,7.00] to be Gaussian constrained
------------------------------------------------------------
63         0.002103        0.001539        total sum                     
63         0.002103        0.001539        excluding marked processes    
63         2.000000        1.414214        Unweighted events, alpha=0.001052
  => Number of weighted events is below Poisson threshold
    Wprime2600           0.000000        0.000000                                      
      => Error is zero, ignore      
  ----------------------------------------------------------
    W_boson              0.000061        0.000001                                      
                         4043.000000     63.584589       Unweighted events, alpha=0.000000
      => Parameter prop_binmuon_channel_bin63_W_boson[0.00,-7.00,7.00] to be Gaussian constrained
  ----------------------------------------------------------
    Top                  0.000000        0.000000                                      
      => Error is zero, ignore      
  ----------------------------------------------------------
    Z_boson              0.000001        0.000000                                      
                         60.000000       7.745967        Unweighted events, alpha=0.000000
      => Parameter prop_binmuon_channel_bin63_Z_boson[0.00,-7.00,7.00] to be Gaussian constrained
  ----------------------------------------------------------
    DiBoson              0.000000        0.000000                                      
      => Error is zero, ignore      
  ----------------------------------------------------------
    QCD                  0.002042        0.001539                                      
                         2.000000        1.414214        Unweighted events, alpha=0.001021
      => Product of prop_binmuon_channel_bin63_QCD[2.00,0.00,33.79] and const [0.5000] to be Poisson constrained
  ----------------------------------------------------------
------------------------------------------------------------
64         0.000055        0.000002        total sum                     
64         0.000055        0.000002        excluding marked processes    
64         630.000000      25.099801       Unweighted events, alpha=0.000000
  => Total parameter prop_binmuon_channel_bin64[0.00,-7.00,7.00] to be Gaussian constrained
------------------------------------------------------------
65         0.001550        0.001235        total sum                     
65         0.001550        0.001235        excluding marked processes    
65         2.000000        1.414214        Unweighted events, alpha=0.000775
  => Number of weighted events is below Poisson threshold
    Wprime2600           0.000000        0.000000                                      
      => Error is zero, ignore      
  ----------------------------------------------------------
    W_boson              0.000098        0.000052                                      
                         4.000000        2.000000        Unweighted events, alpha=0.000025
      => Product of prop_binmuon_channel_bin65_W_boson[4.00,0.00,38.96] and const [0.2500] to be Poisson constrained
  ----------------------------------------------------------
    Top                  0.000000        0.000000                                      
      => Error is zero, ignore      
  ----------------------------------------------------------
    Z_boson              0.000000        0.000000                                      
                         169.000000      13.000000       Unweighted events, alpha=0.000000
      => Parameter prop_binmuon_channel_bin65_Z_boson[0.00,-7.00,7.00] to be Gaussian constrained
  ----------------------------------------------------------
    DiBoson              0.000000        0.000000                                      
      => Error is zero, ignore      
  ----------------------------------------------------------
    QCD                  0.001452        0.001234                                      
                         1.000000        1.000000        Unweighted events, alpha=0.001452
      => Product of prop_binmuon_channel_bin65_QCD[1.00,0.00,30.85] and const [1.0000] to be Poisson constrained
  ----------------------------------------------------------
------------------------------------------------------------
Channel muon_channel will use autoMCStats with settings: event-threshold=10, include-signal=0, hist-mode=1
Generate toy 1/250

 -- MarkovChainMC -- 
Limit: r < 0.683657 +/- 0.00821094 @ 95% credibility (15 tries)
Done in 0.52 min (cpu), 0.62 min (real)
Generate toy 2/250

 -- MarkovChainMC -- 
Limit: r < 0.657234 +/- 0.00794647 @ 95% credibility (15 tries)
Done in 0.53 min (cpu), 0.62 min (real)
Generate toy 3/250

 -- MarkovChainMC -- 
Limit: r < 0.612869 +/- 0.00433005 @ 95% credibility (15 tries)
Done in 0.52 min (cpu), 0.57 min (real)
Generate toy 4/250

 -- MarkovChainMC -- 
Limit: r < 0.823127 +/- 0.0093305 @ 95% credibility (15 tries)
Done in 0.54 min (cpu), 0.57 min (real)
Generate toy 5/250

 -- MarkovChainMC -- 
Limit: r < 0.45512 +/- 0.00708482 @ 95% credibility (15 tries)
Done in 0.51 min (cpu), 0.54 min (real)
Generate toy 6/250

 -- MarkovChainMC -- 
Limit: r < 0.648339 +/- 0.00656783 @ 95% credibility (15 tries)
Done in 0.54 min (cpu), 0.57 min (real)
Generate toy 7/250

 -- MarkovChainMC -- 
Limit: r < 0.643363 +/- 0.00988595 @ 95% credibility (15 tries)
Done in 0.54 min (cpu), 0.56 min (real)
Generate toy 8/250

 -- MarkovChainMC -- 
Limit: r < 0.424451 +/- 0.00421905 @ 95% credibility (15 tries)
Done in 0.51 min (cpu), 0.54 min (real)
Generate toy 9/250

 -- MarkovChainMC -- 
Limit: r < 0.553557 +/- 0.00783997 @ 95% credibility (15 tries)
Done in 0.52 min (cpu), 0.54 min (real)
Generate toy 10/250

 -- MarkovChainMC -- 
Limit: r < 0.374896 +/- 0.00544377 @ 95% credibility (15 tries)
Done in 0.50 min (cpu), 0.52 min (real)
Generate toy 11/250

 -- MarkovChainMC -- 
Limit: r < 0.508475 +/- 0.00371428 @ 95% credibility (15 tries)
Done in 0.51 min (cpu), 0.53 min (real)
Generate toy 12/250

 -- MarkovChainMC -- 
Limit: r < 0.596996 +/- 0.0046158 @ 95% credibility (15 tries)
Done in 0.50 min (cpu), 0.51 min (real)
Generate toy 13/250

 -- MarkovChainMC -- 
Limit: r < 0.448438 +/- 0.00695959 @ 95% credibility (15 tries)
Done in 0.49 min (cpu), 0.51 min (real)
Generate toy 14/250

 -- MarkovChainMC -- 
Limit: r < 1.21333 +/- 0.00891678 @ 95% credibility (15 tries)
Done in 0.55 min (cpu), 0.56 min (real)
Generate toy 15/250

 -- MarkovChainMC -- 
Limit: r < 0.775714 +/- 0.00906902 @ 95% credibility (15 tries)
Done in 0.54 min (cpu), 0.56 min (real)
Generate toy 16/250

 -- MarkovChainMC -- 
Limit: r < 0.657021 +/- 0.00994776 @ 95% credibility (15 tries)
Done in 0.54 min (cpu), 0.58 min (real)
Generate toy 17/250

 -- MarkovChainMC -- 
Limit: r < 0.4841 +/- 0.00580125 @ 95% credibility (15 tries)
Done in 0.51 min (cpu), 0.52 min (real)
Generate toy 18/250

 -- MarkovChainMC -- 
Limit: r < 0.379763 +/- 0.00366847 @ 95% credibility (15 tries)
Done in 0.50 min (cpu), 0.54 min (real)
Generate toy 19/250

 -- MarkovChainMC -- 
Limit: r < 0.339724 +/- 0.00530034 @ 95% credibility (15 tries)
Done in 0.50 min (cpu), 0.52 min (real)
Generate toy 20/250

 -- MarkovChainMC -- 
Limit: r < 0.451176 +/- 0.00808026 @ 95% credibility (15 tries)
Done in 0.52 min (cpu), 0.55 min (real)
Generate toy 21/250

 -- MarkovChainMC -- 
Limit: r < 0.694265 +/- 0.00946417 @ 95% credibility (15 tries)
Done in 0.55 min (cpu), 0.57 min (real)
Generate toy 22/250

 -- MarkovChainMC -- 
Limit: r < 0.539083 +/- 0.00675989 @ 95% credibility (15 tries)
Done in 0.53 min (cpu), 0.58 min (real)
Generate toy 23/250

 -- MarkovChainMC -- 
Limit: r < 0.900698 +/- 0.0094827 @ 95% credibility (15 tries)
Done in 0.57 min (cpu), 0.61 min (real)
Generate toy 24/250

 -- MarkovChainMC -- 
Limit: r < 0.603556 +/- 0.00966929 @ 95% credibility (15 tries)
Done in 0.54 min (cpu), 0.58 min (real)
Generate toy 25/250

 -- MarkovChainMC -- 
Limit: r < 0.77406 +/- 0.00742303 @ 95% credibility (15 tries)
Done in 0.56 min (cpu), 0.61 min (real)
Generate toy 26/250

 -- MarkovChainMC -- 
Limit: r < 0.691027 +/- 0.0102104 @ 95% credibility (15 tries)
Done in 0.51 min (cpu), 0.53 min (real)
Generate toy 27/250

 -- MarkovChainMC -- 
Limit: r < 0.631552 +/- 0.00919372 @ 95% credibility (15 tries)
Done in 0.51 min (cpu), 0.54 min (real)
Generate toy 28/250

 -- MarkovChainMC -- 
Limit: r < 0.43319 +/- 0.00635651 @ 95% credibility (15 tries)
Done in 0.50 min (cpu), 0.52 min (real)
Generate toy 29/250

 -- MarkovChainMC -- 
Limit: r < 0.464418 +/- 0.00897456 @ 95% credibility (15 tries)
Done in 0.50 min (cpu), 0.52 min (real)
Generate toy 30/250

 -- MarkovChainMC -- 
Limit: r < 0.509587 +/- 0.00506038 @ 95% credibility (15 tries)
Done in 0.48 min (cpu), 0.49 min (real)
Generate toy 31/250

 -- MarkovChainMC -- 
Limit: r < 0.654474 +/- 0.0086899 @ 95% credibility (15 tries)
Done in 0.52 min (cpu), 0.55 min (real)
Generate toy 32/250

 -- MarkovChainMC -- 
Limit: r < 0.63165 +/- 0.0085169 @ 95% credibility (15 tries)
Done in 0.46 min (cpu), 0.48 min (real)
Generate toy 33/250

 -- MarkovChainMC -- 
Limit: r < 0.516683 +/- 0.00478778 @ 95% credibility (15 tries)
Done in 0.48 min (cpu), 0.50 min (real)
Generate toy 34/250

 -- MarkovChainMC -- 
Limit: r < 0.459585 +/- 0.00766506 @ 95% credibility (15 tries)
Done in 0.46 min (cpu), 0.48 min (real)
Generate toy 35/250

 -- MarkovChainMC -- 
Limit: r < 0.576364 +/- 0.0122696 @ 95% credibility (15 tries)
Done in 0.47 min (cpu), 0.49 min (real)
Generate toy 36/250

 -- MarkovChainMC -- 
Limit: r < 0.331819 +/- 0.00664609 @ 95% credibility (15 tries)
Done in 0.48 min (cpu), 0.48 min (real)
Generate toy 37/250

 -- MarkovChainMC -- 
Limit: r < 0.756091 +/- 0.00849367 @ 95% credibility (15 tries)
Done in 0.47 min (cpu), 0.48 min (real)
Generate toy 38/250

 -- MarkovChainMC -- 
Limit: r < 0.937963 +/- 0.00803957 @ 95% credibility (15 tries)
Done in 0.52 min (cpu), 0.53 min (real)
Generate toy 39/250

 -- MarkovChainMC -- 
Limit: r < 0.654482 +/- 0.00997131 @ 95% credibility (15 tries)
Done in 0.50 min (cpu), 0.52 min (real)
Generate toy 40/250

 -- MarkovChainMC -- 
Limit: r < 1.09666 +/- 0.0104811 @ 95% credibility (15 tries)
Done in 0.56 min (cpu), 0.57 min (real)
Generate toy 41/250

 -- MarkovChainMC -- 
Limit: r < 0.5869 +/- 0.00747852 @ 95% credibility (15 tries)
Done in 0.51 min (cpu), 0.52 min (real)
Generate toy 42/250

 -- MarkovChainMC -- 
Limit: r < 0.520864 +/- 0.00653649 @ 95% credibility (15 tries)
Done in 0.48 min (cpu), 0.49 min (real)
Generate toy 43/250

 -- MarkovChainMC -- 
Limit: r < 0.906202 +/- 0.00736688 @ 95% credibility (15 tries)
Done in 0.54 min (cpu), 0.55 min (real)
Generate toy 44/250

 -- MarkovChainMC -- 
Limit: r < 0.438163 +/- 0.00686191 @ 95% credibility (15 tries)
Done in 0.46 min (cpu), 0.46 min (real)
Generate toy 45/250

 -- MarkovChainMC -- 
Limit: r < 0.480662 +/- 0.00771231 @ 95% credibility (15 tries)
Done in 0.49 min (cpu), 0.50 min (real)
Generate toy 46/250

 -- MarkovChainMC -- 
Limit: r < 0.369308 +/- 0.00405215 @ 95% credibility (15 tries)
Done in 0.50 min (cpu), 0.51 min (real)
Generate toy 47/250

 -- MarkovChainMC -- 
Limit: r < 0.517893 +/- 0.00973438 @ 95% credibility (15 tries)
Done in 0.52 min (cpu), 0.53 min (real)
Generate toy 48/250

 -- MarkovChainMC -- 
Limit: r < 0.794465 +/- 0.00909232 @ 95% credibility (15 tries)
Done in 0.56 min (cpu), 0.58 min (real)
Generate toy 49/250

 -- MarkovChainMC -- 
Limit: r < 0.43473 +/- 0.00840865 @ 95% credibility (15 tries)
Done in 0.52 min (cpu), 0.54 min (real)
Generate toy 50/250

 -- MarkovChainMC -- 
Limit: r < 0.614147 +/- 0.00569817 @ 95% credibility (15 tries)
Done in 0.56 min (cpu), 0.58 min (real)
Generate toy 51/250

 -- MarkovChainMC -- 
Limit: r < 0.547834 +/- 0.00738227 @ 95% credibility (15 tries)
Done in 0.54 min (cpu), 0.58 min (real)
Generate toy 52/250

 -- MarkovChainMC -- 
Limit: r < 0.34429 +/- 0.00745813 @ 95% credibility (15 tries)
Done in 0.52 min (cpu), 0.56 min (real)
Generate toy 53/250

 -- MarkovChainMC -- 
Limit: r < 0.522496 +/- 0.00341902 @ 95% credibility (15 tries)
Done in 0.54 min (cpu), 0.57 min (real)
Generate toy 54/250

 -- MarkovChainMC -- 
Limit: r < 0.531605 +/- 0.00556083 @ 95% credibility (15 tries)
Done in 0.54 min (cpu), 0.57 min (real)
Generate toy 55/250

 -- MarkovChainMC -- 
Limit: r < 0.666633 +/- 0.00506654 @ 95% credibility (15 tries)
Done in 0.57 min (cpu), 0.62 min (real)
Generate toy 56/250

 -- MarkovChainMC -- 
Limit: r < 0.680307 +/- 0.00802003 @ 95% credibility (15 tries)
Done in 0.57 min (cpu), 0.60 min (real)
Generate toy 57/250

 -- MarkovChainMC -- 
Limit: r < 0.677165 +/- 0.0040116 @ 95% credibility (15 tries)
Done in 0.57 min (cpu), 0.60 min (real)
Generate toy 58/250

 -- MarkovChainMC -- 
Limit: r < 0.362737 +/- 0.00559891 @ 95% credibility (15 tries)
Done in 0.52 min (cpu), 0.54 min (real)
Generate toy 59/250

 -- MarkovChainMC -- 
Limit: r < 0.512423 +/- 0.00683551 @ 95% credibility (15 tries)
Done in 0.55 min (cpu), 0.57 min (real)
Generate toy 60/250

 -- MarkovChainMC -- 
Limit: r < 0.680678 +/- 0.0125005 @ 95% credibility (15 tries)
Done in 0.56 min (cpu), 0.59 min (real)
Generate toy 61/250

 -- MarkovChainMC -- 
Limit: r < 0.582287 +/- 0.00661655 @ 95% credibility (15 tries)
Done in 0.56 min (cpu), 0.59 min (real)
Generate toy 62/250

 -- MarkovChainMC -- 
Limit: r < 0.621593 +/- 0.00829445 @ 95% credibility (15 tries)
Done in 0.57 min (cpu), 0.60 min (real)
Generate toy 63/250

 -- MarkovChainMC -- 
Limit: r < 0.404593 +/- 0.00673857 @ 95% credibility (15 tries)
Done in 0.54 min (cpu), 0.57 min (real)
Generate toy 64/250

 -- MarkovChainMC -- 
Limit: r < 0.422941 +/- 0.00571426 @ 95% credibility (15 tries)
Done in 0.53 min (cpu), 0.55 min (real)
Generate toy 65/250

 -- MarkovChainMC -- 
Limit: r < 0.597656 +/- 0.00640287 @ 95% credibility (15 tries)
Done in 0.53 min (cpu), 0.56 min (real)
Generate toy 66/250

 -- MarkovChainMC -- 
Limit: r < 0.411137 +/- 0.00918807 @ 95% credibility (15 tries)
Done in 0.51 min (cpu), 0.54 min (real)
Generate toy 67/250

 -- MarkovChainMC -- 
Limit: r < 0.574347 +/- 0.00764996 @ 95% credibility (15 tries)
Done in 0.53 min (cpu), 0.55 min (real)
Generate toy 68/250

 -- MarkovChainMC -- 
Limit: r < 0.577825 +/- 0.00782836 @ 95% credibility (15 tries)
Done in 0.53 min (cpu), 0.55 min (real)
Generate toy 69/250

 -- MarkovChainMC -- 
Limit: r < 1.03061 +/- 0.0179724 @ 95% credibility (15 tries)
Done in 0.57 min (cpu), 0.61 min (real)
Generate toy 70/250

 -- MarkovChainMC -- 
Limit: r < 0.66682 +/- 0.00471072 @ 95% credibility (15 tries)
Done in 0.54 min (cpu), 0.56 min (real)
Generate toy 71/250

 -- MarkovChainMC -- 
Limit: r < 0.582087 +/- 0.00742611 @ 95% credibility (15 tries)
Done in 0.53 min (cpu), 0.58 min (real)
Generate toy 72/250

 -- MarkovChainMC -- 
Limit: r < 0.695921 +/- 0.0103336 @ 95% credibility (15 tries)
Done in 0.54 min (cpu), 0.59 min (real)
Generate toy 73/250

 -- MarkovChainMC -- 
Limit: r < 0.360061 +/- 0.00830847 @ 95% credibility (15 tries)
Done in 0.50 min (cpu), 0.53 min (real)
Generate toy 74/250

 -- MarkovChainMC -- 
Limit: r < 0.508899 +/- 0.00526508 @ 95% credibility (15 tries)
Done in 0.52 min (cpu), 0.58 min (real)
Generate toy 75/250

 -- MarkovChainMC -- 
Limit: r < 0.724462 +/- 0.0112493 @ 95% credibility (15 tries)
Done in 0.55 min (cpu), 0.58 min (real)
Generate toy 76/250

 -- MarkovChainMC -- 
Limit: r < 0.465023 +/- 0.0105543 @ 95% credibility (15 tries)
Done in 0.51 min (cpu), 0.53 min (real)
Generate toy 77/250

 -- MarkovChainMC -- 
Limit: r < 0.924526 +/- 0.00589587 @ 95% credibility (15 tries)
Done in 0.56 min (cpu), 0.59 min (real)
Generate toy 78/250

 -- MarkovChainMC -- 
Limit: r < 0.517069 +/- 0.00559432 @ 95% credibility (15 tries)
Done in 0.51 min (cpu), 0.52 min (real)
Generate toy 79/250

 -- MarkovChainMC -- 
Limit: r < 0.746673 +/- 0.00655429 @ 95% credibility (15 tries)
Done in 0.54 min (cpu), 0.59 min (real)
Generate toy 80/250

 -- MarkovChainMC -- 
Limit: r < 0.704702 +/- 0.00467829 @ 95% credibility (15 tries)
Done in 0.53 min (cpu), 0.58 min (real)
Generate toy 81/250

 -- MarkovChainMC -- 
Limit: r < 0.586086 +/- 0.00539795 @ 95% credibility (15 tries)
Done in 0.51 min (cpu), 0.55 min (real)
Generate toy 82/250

 -- MarkovChainMC -- 
Limit: r < 0.584994 +/- 0.00834694 @ 95% credibility (15 tries)
Done in 0.52 min (cpu), 0.54 min (real)
Generate toy 83/250

 -- MarkovChainMC -- 
Limit: r < 0.593979 +/- 0.00934937 @ 95% credibility (15 tries)
Done in 0.51 min (cpu), 0.52 min (real)
Generate toy 84/250

 -- MarkovChainMC -- 
Limit: r < 0.306104 +/- 0.00390559 @ 95% credibility (15 tries)
Done in 0.48 min (cpu), 0.49 min (real)
Generate toy 85/250

 -- MarkovChainMC -- 
Limit: r < 0.572268 +/- 0.00454418 @ 95% credibility (15 tries)
Done in 0.51 min (cpu), 0.51 min (real)
Generate toy 86/250

 -- MarkovChainMC -- 
Limit: r < 0.947722 +/- 0.00862022 @ 95% credibility (15 tries)
Done in 0.54 min (cpu), 0.55 min (real)
Generate toy 87/250

 -- MarkovChainMC -- 
Limit: r < 0.581016 +/- 0.00659931 @ 95% credibility (15 tries)
Done in 0.49 min (cpu), 0.49 min (real)
Generate toy 88/250

 -- MarkovChainMC -- 
Limit: r < 0.74564 +/- 0.00697697 @ 95% credibility (15 tries)
Done in 0.55 min (cpu), 0.59 min (real)
Generate toy 89/250

 -- MarkovChainMC -- 
Limit: r < 0.499018 +/- 0.00959349 @ 95% credibility (15 tries)
Done in 0.53 min (cpu), 0.55 min (real)
Generate toy 90/250

 -- MarkovChainMC -- 
Limit: r < 0.882982 +/- 0.00735092 @ 95% credibility (15 tries)
Done in 0.57 min (cpu), 0.60 min (real)
Generate toy 91/250

 -- MarkovChainMC -- 
Limit: r < 0.351041 +/- 0.00531883 @ 95% credibility (15 tries)
Done in 0.50 min (cpu), 0.53 min (real)
Generate toy 92/250

 -- MarkovChainMC -- 
Limit: r < 0.59402 +/- 0.00972514 @ 95% credibility (15 tries)
Done in 0.53 min (cpu), 0.56 min (real)
Generate toy 93/250

 -- MarkovChainMC -- 
Limit: r < 0.61866 +/- 0.0116205 @ 95% credibility (15 tries)
Done in 0.54 min (cpu), 0.56 min (real)
Generate toy 94/250

 -- MarkovChainMC -- 
Limit: r < 1.12208 +/- 0.0133444 @ 95% credibility (15 tries)
Done in 0.58 min (cpu), 0.60 min (real)
Generate toy 95/250

 -- MarkovChainMC -- 
Limit: r < 0.895471 +/- 0.00880658 @ 95% credibility (15 tries)
Done in 0.57 min (cpu), 0.58 min (real)
Generate toy 96/250

 -- MarkovChainMC -- 
Limit: r < 0.459465 +/- 0.00748075 @ 95% credibility (15 tries)
Done in 0.53 min (cpu), 0.62 min (real)
Generate toy 97/250

 -- MarkovChainMC -- 
Limit: r < 1.21859 +/- 0.00639946 @ 95% credibility (15 tries)
Done in 0.59 min (cpu), 0.77 min (real)
Generate toy 98/250

 -- MarkovChainMC -- 
Limit: r < 0.819449 +/- 0.0174601 @ 95% credibility (15 tries)
Done in 0.56 min (cpu), 0.61 min (real)
Generate toy 99/250

 -- MarkovChainMC -- 
Limit: r < 0.706688 +/- 0.00819639 @ 95% credibility (15 tries)
Done in 0.54 min (cpu), 0.59 min (real)
Generate toy 100/250

 -- MarkovChainMC -- 
Limit: r < 0.522691 +/- 0.0081067 @ 95% credibility (15 tries)
Done in 0.53 min (cpu), 0.63 min (real)
Generate toy 101/250

 -- MarkovChainMC -- 
Limit: r < 0.678935 +/- 0.00589775 @ 95% credibility (15 tries)
Done in 0.55 min (cpu), 0.66 min (real)
Generate toy 102/250

 -- MarkovChainMC -- 
Limit: r < 0.528779 +/- 0.00844178 @ 95% credibility (15 tries)
Done in 0.54 min (cpu), 0.65 min (real)
Generate toy 103/250

 -- MarkovChainMC -- 
Limit: r < 0.668155 +/- 0.00535047 @ 95% credibility (15 tries)
Done in 0.55 min (cpu), 0.65 min (real)
Generate toy 104/250

 -- MarkovChainMC -- 
Limit: r < 0.699683 +/- 0.00798154 @ 95% credibility (15 tries)
Done in 0.55 min (cpu), 0.63 min (real)
Generate toy 105/250

 -- MarkovChainMC -- 
Limit: r < 0.631593 +/- 0.00673917 @ 95% credibility (15 tries)
Done in 0.55 min (cpu), 0.67 min (real)
Generate toy 106/250

 -- MarkovChainMC -- 
Limit: r < 0.593377 +/- 0.00793874 @ 95% credibility (15 tries)
Done in 0.54 min (cpu), 0.70 min (real)
Generate toy 107/250

 -- MarkovChainMC -- 
Limit: r < 1.14346 +/- 0.00863863 @ 95% credibility (15 tries)
Done in 0.59 min (cpu), 0.72 min (real)
Generate toy 108/250

 -- MarkovChainMC -- 
Limit: r < 0.817269 +/- 0.0126082 @ 95% credibility (15 tries)
Done in 0.57 min (cpu), 0.62 min (real)
Generate toy 109/250

 -- MarkovChainMC -- 
Limit: r < 0.745484 +/- 0.00924086 @ 95% credibility (15 tries)
Done in 0.56 min (cpu), 0.71 min (real)
Generate toy 110/250

 -- MarkovChainMC -- 
Limit: r < 1.1562 +/- 0.0112452 @ 95% credibility (15 tries)
Done in 0.58 min (cpu), 0.68 min (real)
Generate toy 111/250

 -- MarkovChainMC -- 
Limit: r < 0.673632 +/- 0.00552787 @ 95% credibility (15 tries)
Done in 0.55 min (cpu), 0.67 min (real)
Generate toy 112/250

 -- MarkovChainMC -- 
Limit: r < 0.716307 +/- 0.00872613 @ 95% credibility (15 tries)
Done in 0.55 min (cpu), 0.62 min (real)
Generate toy 113/250

 -- MarkovChainMC -- 
Limit: r < 0.590722 +/- 0.0108213 @ 95% credibility (15 tries)
Done in 0.55 min (cpu), 0.63 min (real)
Generate toy 114/250

 -- MarkovChainMC -- 
Limit: r < 0.553438 +/- 0.00437483 @ 95% credibility (15 tries)
Done in 0.53 min (cpu), 0.59 min (real)
Generate toy 115/250

 -- MarkovChainMC -- 
Limit: r < 0.887238 +/- 0.00767135 @ 95% credibility (15 tries)
Done in 0.58 min (cpu), 0.62 min (real)
Generate toy 116/250

 -- MarkovChainMC -- 
Limit: r < 0.5801 +/- 0.00731221 @ 95% credibility (15 tries)
Done in 0.54 min (cpu), 0.58 min (real)
Generate toy 117/250

 -- MarkovChainMC -- 
Limit: r < 0.838002 +/- 0.00948166 @ 95% credibility (15 tries)
Done in 0.56 min (cpu), 0.60 min (real)
Generate toy 118/250

 -- MarkovChainMC -- 
Limit: r < 0.65504 +/- 0.0128863 @ 95% credibility (15 tries)
Done in 0.54 min (cpu), 0.58 min (real)
Generate toy 119/250

 -- MarkovChainMC -- 
Limit: r < 0.67052 +/- 0.0101624 @ 95% credibility (15 tries)
Done in 0.55 min (cpu), 0.60 min (real)
Generate toy 120/250

 -- MarkovChainMC -- 
Limit: r < 0.419977 +/- 0.00470001 @ 95% credibility (15 tries)
Done in 0.51 min (cpu), 0.55 min (real)
Generate toy 121/250

 -- MarkovChainMC -- 
Limit: r < 0.668108 +/- 0.00718428 @ 95% credibility (15 tries)
Done in 0.54 min (cpu), 0.59 min (real)
Generate toy 122/250

 -- MarkovChainMC -- 
Limit: r < 0.638593 +/- 0.0076171 @ 95% credibility (15 tries)
Done in 0.52 min (cpu), 0.56 min (real)
Generate toy 123/250

 -- MarkovChainMC -- 
Limit: r < 0.579456 +/- 0.0122189 @ 95% credibility (15 tries)
Done in 0.51 min (cpu), 0.56 min (real)
Generate toy 124/250

 -- MarkovChainMC -- 
Limit: r < 0.453685 +/- 0.00674672 @ 95% credibility (15 tries)
Done in 0.51 min (cpu), 0.55 min (real)
Generate toy 125/250

 -- MarkovChainMC -- 
Limit: r < 0.342352 +/- 0.00237344 @ 95% credibility (15 tries)
Done in 0.49 min (cpu), 0.51 min (real)
Generate toy 126/250

 -- MarkovChainMC -- 
Limit: r < 0.647939 +/- 0.00741174 @ 95% credibility (15 tries)
Done in 0.53 min (cpu), 0.55 min (real)
Generate toy 127/250

 -- MarkovChainMC -- 
Limit: r < 0.411596 +/- 0.00684998 @ 95% credibility (15 tries)
Done in 0.50 min (cpu), 0.51 min (real)
Generate toy 128/250

 -- MarkovChainMC -- 
Limit: r < 0.888706 +/- 0.0139884 @ 95% credibility (15 tries)
Done in 0.54 min (cpu), 0.57 min (real)
Generate toy 129/250

 -- MarkovChainMC -- 
Limit: r < 0.393129 +/- 0.0090818 @ 95% credibility (15 tries)
Done in 0.49 min (cpu), 0.51 min (real)
Generate toy 130/250

 -- MarkovChainMC -- 
Limit: r < 0.810993 +/- 0.00782309 @ 95% credibility (15 tries)
Done in 0.54 min (cpu), 0.58 min (real)
Generate toy 131/250

 -- MarkovChainMC -- 
Limit: r < 0.572692 +/- 0.00790264 @ 95% credibility (15 tries)
Done in 0.51 min (cpu), 0.53 min (real)
Generate toy 132/250

 -- MarkovChainMC -- 
Limit: r < 0.430383 +/- 0.00897138 @ 95% credibility (15 tries)
Done in 0.45 min (cpu), 0.46 min (real)
Generate toy 133/250

 -- MarkovChainMC -- 
Limit: r < 0.404049 +/- 0.00193831 @ 95% credibility (15 tries)
Done in 0.50 min (cpu), 0.51 min (real)
Generate toy 134/250

 -- MarkovChainMC -- 
Limit: r < 0.64709 +/- 0.0104877 @ 95% credibility (15 tries)
Done in 0.49 min (cpu), 0.50 min (real)
Generate toy 135/250

 -- MarkovChainMC -- 
Limit: r < 0.56832 +/- 0.0050273 @ 95% credibility (15 tries)
Done in 0.50 min (cpu), 0.51 min (real)
Generate toy 136/250

 -- MarkovChainMC -- 
Limit: r < 0.856716 +/- 0.0169914 @ 95% credibility (15 tries)
Done in 0.55 min (cpu), 0.58 min (real)
Generate toy 137/250

 -- MarkovChainMC -- 
Limit: r < 0.593194 +/- 0.0107437 @ 95% credibility (15 tries)
Done in 0.52 min (cpu), 0.53 min (real)
Generate toy 138/250

 -- MarkovChainMC -- 
Limit: r < 0.46877 +/- 0.0106341 @ 95% credibility (15 tries)
Done in 0.49 min (cpu), 0.50 min (real)
Generate toy 139/250

 -- MarkovChainMC -- 
Limit: r < 0.336555 +/- 0.00700834 @ 95% credibility (15 tries)
Done in 0.48 min (cpu), 0.49 min (real)
Generate toy 140/250

 -- MarkovChainMC -- 
Limit: r < 0.804091 +/- 0.00944364 @ 95% credibility (15 tries)
Done in 0.53 min (cpu), 0.54 min (real)
Generate toy 141/250

 -- MarkovChainMC -- 
Limit: r < 0.349123 +/- 0.00486524 @ 95% credibility (15 tries)
Done in 0.49 min (cpu), 0.50 min (real)
Generate toy 142/250

 -- MarkovChainMC -- 
Limit: r < 0.464131 +/- 0.00543229 @ 95% credibility (15 tries)
Done in 0.49 min (cpu), 0.49 min (real)
Generate toy 143/250

 -- MarkovChainMC -- 
Limit: r < 0.525298 +/- 0.00887078 @ 95% credibility (15 tries)
Done in 0.51 min (cpu), 0.52 min (real)
Generate toy 144/250

 -- MarkovChainMC -- 
Limit: r < 0.379188 +/- 0.00410408 @ 95% credibility (15 tries)
Done in 0.47 min (cpu), 0.47 min (real)
Generate toy 145/250

 -- MarkovChainMC -- 
Limit: r < 0.6148 +/- 0.00828082 @ 95% credibility (15 tries)
Done in 0.53 min (cpu), 0.54 min (real)
Generate toy 146/250

 -- MarkovChainMC -- 
Limit: r < 0.931279 +/- 0.00876127 @ 95% credibility (15 tries)
Done in 0.54 min (cpu), 0.54 min (real)
Generate toy 147/250

 -- MarkovChainMC -- 
Limit: r < 0.695192 +/- 0.0139872 @ 95% credibility (15 tries)
Done in 0.52 min (cpu), 0.52 min (real)
Generate toy 148/250

 -- MarkovChainMC -- 
Limit: r < 0.38628 +/- 0.0064038 @ 95% credibility (15 tries)
Done in 0.45 min (cpu), 0.45 min (real)
Generate toy 149/250

 -- MarkovChainMC -- 
Limit: r < 0.462776 +/- 0.00969304 @ 95% credibility (15 tries)
Done in 0.50 min (cpu), 0.50 min (real)
Generate toy 150/250

 -- MarkovChainMC -- 
Limit: r < 0.418387 +/- 0.00634325 @ 95% credibility (15 tries)
Done in 0.50 min (cpu), 0.51 min (real)
Generate toy 151/250

 -- MarkovChainMC -- 
Limit: r < 0.497281 +/- 0.00698114 @ 95% credibility (15 tries)
Done in 0.52 min (cpu), 0.52 min (real)
Generate toy 152/250

 -- MarkovChainMC -- 
Limit: r < 0.530329 +/- 0.00809604 @ 95% credibility (15 tries)
Done in 0.53 min (cpu), 0.54 min (real)
Generate toy 153/250

 -- MarkovChainMC -- 
Limit: r < 0.471087 +/- 0.00589046 @ 95% credibility (15 tries)
Done in 0.50 min (cpu), 0.50 min (real)
Generate toy 154/250

 -- MarkovChainMC -- 
Limit: r < 0.575731 +/- 0.00549937 @ 95% credibility (15 tries)
Done in 0.49 min (cpu), 0.50 min (real)
Generate toy 155/250

 -- MarkovChainMC -- 
Limit: r < 0.532986 +/- 0.00335317 @ 95% credibility (15 tries)
Done in 0.50 min (cpu), 0.50 min (real)
Generate toy 156/250

 -- MarkovChainMC -- 
Limit: r < 0.417544 +/- 0.00501563 @ 95% credibility (15 tries)
Done in 0.47 min (cpu), 0.48 min (real)
Generate toy 157/250

 -- MarkovChainMC -- 
Limit: r < 0.952317 +/- 0.0130068 @ 95% credibility (15 tries)
Done in 0.57 min (cpu), 0.59 min (real)
Generate toy 158/250

 -- MarkovChainMC -- 
Limit: r < 0.803811 +/- 0.0158232 @ 95% credibility (15 tries)
Done in 0.56 min (cpu), 0.58 min (real)
Generate toy 159/250

 -- MarkovChainMC -- 
Limit: r < 0.719095 +/- 0.00748475 @ 95% credibility (15 tries)
Done in 0.56 min (cpu), 0.58 min (real)
Generate toy 160/250

 -- MarkovChainMC -- 
Limit: r < 0.594609 +/- 0.00721351 @ 95% credibility (15 tries)
Done in 0.54 min (cpu), 0.56 min (real)
Generate toy 161/250

 -- MarkovChainMC -- 
Limit: r < 0.362094 +/- 0.00309141 @ 95% credibility (15 tries)
Done in 0.51 min (cpu), 0.53 min (real)
Generate toy 162/250

 -- MarkovChainMC -- 
Limit: r < 0.476157 +/- 0.00744008 @ 95% credibility (15 tries)
Done in 0.52 min (cpu), 0.55 min (real)
Generate toy 163/250

 -- MarkovChainMC -- 
Limit: r < 0.519902 +/- 0.00400854 @ 95% credibility (15 tries)
Done in 0.52 min (cpu), 0.55 min (real)
Generate toy 164/250

 -- MarkovChainMC -- 
Limit: r < 0.515996 +/- 0.0096149 @ 95% credibility (15 tries)
Done in 0.52 min (cpu), 0.55 min (real)
Generate toy 165/250

 -- MarkovChainMC -- 
Limit: r < 0.786443 +/- 0.00849007 @ 95% credibility (15 tries)
Done in 0.55 min (cpu), 0.55 min (real)
Generate toy 166/250

 -- MarkovChainMC -- 
Limit: r < 0.415817 +/- 0.00673245 @ 95% credibility (15 tries)
Done in 0.51 min (cpu), 0.53 min (real)
Generate toy 167/250

 -- MarkovChainMC -- 
Limit: r < 0.600445 +/- 0.00980059 @ 95% credibility (15 tries)
Done in 0.53 min (cpu), 0.57 min (real)
Generate toy 168/250

 -- MarkovChainMC -- 
Limit: r < 0.40014 +/- 0.00501805 @ 95% credibility (15 tries)
Done in 0.51 min (cpu), 0.53 min (real)
Generate toy 169/250

 -- MarkovChainMC -- 
Limit: r < 0.501869 +/- 0.00839026 @ 95% credibility (15 tries)
Done in 0.52 min (cpu), 0.54 min (real)
Generate toy 170/250

 -- MarkovChainMC -- 
Limit: r < 1.0178 +/- 0.0136723 @ 95% credibility (15 tries)
Done in 0.57 min (cpu), 0.62 min (real)
Generate toy 171/250

 -- MarkovChainMC -- 
Limit: r < 0.689852 +/- 0.00532098 @ 95% credibility (15 tries)
Done in 0.55 min (cpu), 0.61 min (real)
Generate toy 172/250

 -- MarkovChainMC -- 
Limit: r < 0.513841 +/- 0.00719602 @ 95% credibility (15 tries)
Done in 0.52 min (cpu), 0.56 min (real)
Generate toy 173/250

 -- MarkovChainMC -- 
Limit: r < 0.817312 +/- 0.00564782 @ 95% credibility (15 tries)
Done in 0.55 min (cpu), 0.60 min (real)
Generate toy 174/250

 -- MarkovChainMC -- 
Limit: r < 0.775514 +/- 0.00969927 @ 95% credibility (15 tries)
Done in 0.54 min (cpu), 0.58 min (real)
Generate toy 175/250

 -- MarkovChainMC -- 
Limit: r < 0.59801 +/- 0.0073161 @ 95% credibility (15 tries)
Done in 0.53 min (cpu), 0.56 min (real)
Generate toy 176/250

 -- MarkovChainMC -- 
Limit: r < 0.772339 +/- 0.0109809 @ 95% credibility (15 tries)
Done in 0.55 min (cpu), 0.56 min (real)
Generate toy 177/250

 -- MarkovChainMC -- 
Limit: r < 0.399323 +/- 0.00583136 @ 95% credibility (15 tries)
Done in 0.51 min (cpu), 0.53 min (real)
Generate toy 178/250

 -- MarkovChainMC -- 
Limit: r < 0.381778 +/- 0.0034829 @ 95% credibility (15 tries)
Done in 0.51 min (cpu), 0.52 min (real)
Generate toy 179/250

 -- MarkovChainMC -- 
Limit: r < 0.445357 +/- 0.00738254 @ 95% credibility (15 tries)
Done in 0.53 min (cpu), 0.57 min (real)
Generate toy 180/250

 -- MarkovChainMC -- 
Limit: r < 0.5844 +/- 0.0068776 @ 95% credibility (15 tries)
Done in 0.55 min (cpu), 0.61 min (real)
Generate toy 181/250

 -- MarkovChainMC -- 
Limit: r < 0.409561 +/- 0.00664183 @ 95% credibility (15 tries)
Done in 0.52 min (cpu), 0.56 min (real)
Generate toy 182/250

 -- MarkovChainMC -- 
Limit: r < 1.0177 +/- 0.0101413 @ 95% credibility (15 tries)
Done in 0.59 min (cpu), 0.62 min (real)
Generate toy 183/250

 -- MarkovChainMC -- 
Limit: r < 0.559242 +/- 0.00729489 @ 95% credibility (15 tries)
Done in 0.54 min (cpu), 0.57 min (real)
Generate toy 184/250

 -- MarkovChainMC -- 
Limit: r < 0.541441 +/- 0.00902107 @ 95% credibility (15 tries)
Done in 0.53 min (cpu), 0.57 min (real)
Generate toy 185/250

 -- MarkovChainMC -- 
Limit: r < 0.818147 +/- 0.00708306 @ 95% credibility (15 tries)
Done in 0.57 min (cpu), 0.62 min (real)
Generate toy 186/250

 -- MarkovChainMC -- 
Limit: r < 0.55276 +/- 0.0094422 @ 95% credibility (15 tries)
Done in 0.54 min (cpu), 0.56 min (real)
Generate toy 187/250

 -- MarkovChainMC -- 
Limit: r < 0.646623 +/- 0.00854434 @ 95% credibility (15 tries)
Done in 0.55 min (cpu), 0.58 min (real)
Generate toy 188/250

 -- MarkovChainMC -- 
Limit: r < 1.15978 +/- 0.0197031 @ 95% credibility (15 tries)
Done in 0.58 min (cpu), 0.60 min (real)
Generate toy 189/250

 -- MarkovChainMC -- 
Limit: r < 0.524721 +/- 0.00483797 @ 95% credibility (15 tries)
Done in 0.54 min (cpu), 0.58 min (real)
Generate toy 190/250

 -- MarkovChainMC -- 
Limit: r < 0.563655 +/- 0.00871987 @ 95% credibility (15 tries)
Done in 0.54 min (cpu), 0.57 min (real)
Generate toy 191/250

 -- MarkovChainMC -- 
Limit: r < 0.512009 +/- 0.00574246 @ 95% credibility (15 tries)
Done in 0.54 min (cpu), 0.57 min (real)
Generate toy 192/250

 -- MarkovChainMC -- 
Limit: r < 0.325035 +/- 0.00554547 @ 95% credibility (15 tries)
Done in 0.51 min (cpu), 0.55 min (real)
Generate toy 193/250

 -- MarkovChainMC -- 
Limit: r < 0.807361 +/- 0.0116983 @ 95% credibility (15 tries)
Done in 0.56 min (cpu), 0.61 min (real)
Generate toy 194/250

 -- MarkovChainMC -- 
Limit: r < 0.681166 +/- 0.00757371 @ 95% credibility (15 tries)
Done in 0.55 min (cpu), 0.57 min (real)
Generate toy 195/250

 -- MarkovChainMC -- 
Limit: r < 0.484833 +/- 0.0115424 @ 95% credibility (15 tries)
Done in 0.53 min (cpu), 0.55 min (real)
Generate toy 196/250

 -- MarkovChainMC -- 
Limit: r < 0.528791 +/- 0.00838888 @ 95% credibility (15 tries)
Done in 0.54 min (cpu), 0.56 min (real)
Generate toy 197/250

 -- MarkovChainMC -- 
Limit: r < 0.606405 +/- 0.010314 @ 95% credibility (15 tries)
Done in 0.54 min (cpu), 0.55 min (real)
Generate toy 198/250

 -- MarkovChainMC -- 
Limit: r < 0.567649 +/- 0.0093262 @ 95% credibility (15 tries)
Done in 0.54 min (cpu), 0.56 min (real)
Generate toy 199/250

 -- MarkovChainMC -- 
Limit: r < 0.551235 +/- 0.00793012 @ 95% credibility (15 tries)
Done in 0.53 min (cpu), 0.56 min (real)
Generate toy 200/250

 -- MarkovChainMC -- 
Limit: r < 0.434742 +/- 0.00622775 @ 95% credibility (15 tries)
Done in 0.53 min (cpu), 0.56 min (real)
Generate toy 201/250

 -- MarkovChainMC -- 
Limit: r < 0.342544 +/- 0.00611466 @ 95% credibility (15 tries)
Done in 0.52 min (cpu), 0.53 min (real)
Generate toy 202/250

 -- MarkovChainMC -- 
Limit: r < 0.757641 +/- 0.00587669 @ 95% credibility (15 tries)
Done in 0.56 min (cpu), 0.58 min (real)
Generate toy 203/250

 -- MarkovChainMC -- 
Limit: r < 0.574241 +/- 0.00599452 @ 95% credibility (15 tries)
Done in 0.55 min (cpu), 0.58 min (real)
Generate toy 204/250

 -- MarkovChainMC -- 
Limit: r < 0.615713 +/- 0.00691205 @ 95% credibility (15 tries)
Done in 0.55 min (cpu), 0.57 min (real)
Generate toy 205/250

 -- MarkovChainMC -- 
Limit: r < 0.570793 +/- 0.0107756 @ 95% credibility (15 tries)
Done in 0.54 min (cpu), 0.57 min (real)
Generate toy 206/250

 -- MarkovChainMC -- 
Limit: r < 0.462765 +/- 0.00743442 @ 95% credibility (15 tries)
Done in 0.52 min (cpu), 0.54 min (real)
Generate toy 207/250

 -- MarkovChainMC -- 
Limit: r < 0.531158 +/- 0.00665955 @ 95% credibility (15 tries)
Done in 0.52 min (cpu), 0.54 min (real)
Generate toy 208/250

 -- MarkovChainMC -- 
Limit: r < 0.37554 +/- 0.00641464 @ 95% credibility (15 tries)
Done in 0.51 min (cpu), 0.54 min (real)
Generate toy 209/250

 -- MarkovChainMC -- 
Limit: r < 0.544203 +/- 0.0098564 @ 95% credibility (15 tries)
Done in 0.53 min (cpu), 0.56 min (real)
Generate toy 210/250

 -- MarkovChainMC -- 
Limit: r < 0.619141 +/- 0.0060132 @ 95% credibility (15 tries)
Done in 0.53 min (cpu), 0.55 min (real)
Generate toy 211/250

 -- MarkovChainMC -- 
Limit: r < 0.455111 +/- 0.00734264 @ 95% credibility (15 tries)
Done in 0.50 min (cpu), 0.53 min (real)
Generate toy 212/250

 -- MarkovChainMC -- 
Limit: r < 0.411217 +/- 0.00739792 @ 95% credibility (15 tries)
Done in 0.51 min (cpu), 0.53 min (real)
Generate toy 213/250

 -- MarkovChainMC -- 
Limit: r < 0.871941 +/- 0.00962244 @ 95% credibility (15 tries)
Done in 0.56 min (cpu), 0.62 min (real)
Generate toy 214/250

 -- MarkovChainMC -- 
Limit: r < 0.936717 +/- 0.00984783 @ 95% credibility (15 tries)
Done in 0.56 min (cpu), 0.58 min (real)
Generate toy 215/250

 -- MarkovChainMC -- 
Limit: r < 1.09844 +/- 0.00912684 @ 95% credibility (15 tries)
Done in 0.57 min (cpu), 0.58 min (real)
Generate toy 216/250

 -- MarkovChainMC -- 
Limit: r < 0.497533 +/- 0.00478405 @ 95% credibility (15 tries)
Done in 0.52 min (cpu), 0.54 min (real)
Generate toy 217/250

 -- MarkovChainMC -- 
Limit: r < 0.418674 +/- 0.00701088 @ 95% credibility (15 tries)
Done in 0.52 min (cpu), 0.54 min (real)
Generate toy 218/250

 -- MarkovChainMC -- 
Limit: r < 0.750061 +/- 0.0141047 @ 95% credibility (15 tries)
Done in 0.55 min (cpu), 0.56 min (real)
Generate toy 219/250

 -- MarkovChainMC -- 
Limit: r < 0.762697 +/- 0.00607149 @ 95% credibility (15 tries)
Done in 0.56 min (cpu), 0.59 min (real)
Generate toy 220/250

 -- MarkovChainMC -- 
Limit: r < 0.489414 +/- 0.00440319 @ 95% credibility (15 tries)
Done in 0.53 min (cpu), 0.57 min (real)
Generate toy 221/250

 -- MarkovChainMC -- 
Limit: r < 0.481822 +/- 0.00573392 @ 95% credibility (15 tries)
Done in 0.53 min (cpu), 0.56 min (real)
Generate toy 222/250

 -- MarkovChainMC -- 
Limit: r < 0.480996 +/- 0.0065415 @ 95% credibility (15 tries)
Done in 0.53 min (cpu), 0.55 min (real)
Generate toy 223/250

 -- MarkovChainMC -- 
Limit: r < 0.644221 +/- 0.0069698 @ 95% credibility (15 tries)
Done in 0.56 min (cpu), 0.59 min (real)
Generate toy 224/250

 -- MarkovChainMC -- 
Limit: r < 0.594781 +/- 0.00823376 @ 95% credibility (15 tries)
Done in 0.54 min (cpu), 0.56 min (real)
Generate toy 225/250

 -- MarkovChainMC -- 
Limit: r < 0.606158 +/- 0.0125115 @ 95% credibility (15 tries)
Done in 0.55 min (cpu), 0.58 min (real)
Generate toy 226/250

 -- MarkovChainMC -- 
Limit: r < 0.497058 +/- 0.00489874 @ 95% credibility (15 tries)
Done in 0.53 min (cpu), 0.55 min (real)
Generate toy 227/250

 -- MarkovChainMC -- 
Limit: r < 0.800311 +/- 0.013182 @ 95% credibility (15 tries)
Done in 0.56 min (cpu), 0.58 min (real)
Generate toy 228/250

 -- MarkovChainMC -- 
Limit: r < 0.460328 +/- 0.00586439 @ 95% credibility (15 tries)
Done in 0.52 min (cpu), 0.54 min (real)
Generate toy 229/250

 -- MarkovChainMC -- 
Limit: r < 0.562214 +/- 0.00458043 @ 95% credibility (15 tries)
Done in 0.54 min (cpu), 0.55 min (real)
Generate toy 230/250

 -- MarkovChainMC -- 
Limit: r < 0.461871 +/- 0.00375532 @ 95% credibility (15 tries)
Done in 0.52 min (cpu), 0.54 min (real)
Generate toy 231/250

 -- MarkovChainMC -- 
Limit: r < 0.826994 +/- 0.0100873 @ 95% credibility (15 tries)
Done in 0.50 min (cpu), 0.51 min (real)
Generate toy 232/250

 -- MarkovChainMC -- 
Limit: r < 0.636257 +/- 0.00650295 @ 95% credibility (15 tries)
Done in 0.52 min (cpu), 0.53 min (real)
Generate toy 233/250

 -- MarkovChainMC -- 
Limit: r < 0.620473 +/- 0.0102712 @ 95% credibility (15 tries)
Done in 0.49 min (cpu), 0.50 min (real)
Generate toy 234/250

 -- MarkovChainMC -- 
Limit: r < 0.471972 +/- 0.00578296 @ 95% credibility (15 tries)
Done in 0.50 min (cpu), 0.51 min (real)
Generate toy 235/250

 -- MarkovChainMC -- 
Limit: r < 0.516368 +/- 0.00592187 @ 95% credibility (15 tries)
Done in 0.51 min (cpu), 0.53 min (real)
Generate toy 236/250

 -- MarkovChainMC -- 
Limit: r < 0.482433 +/- 0.00570182 @ 95% credibility (15 tries)
Done in 0.52 min (cpu), 0.55 min (real)
Generate toy 237/250

 -- MarkovChainMC -- 
Limit: r < 0.795692 +/- 0.0116611 @ 95% credibility (15 tries)
Done in 0.55 min (cpu), 0.56 min (real)
Generate toy 238/250

 -- MarkovChainMC -- 
Limit: r < 0.322953 +/- 0.00771947 @ 95% credibility (15 tries)
Done in 0.48 min (cpu), 0.49 min (real)
Generate toy 239/250

 -- MarkovChainMC -- 
Limit: r < 0.843108 +/- 0.00850245 @ 95% credibility (15 tries)
Done in 0.55 min (cpu), 0.57 min (real)
Generate toy 240/250

 -- MarkovChainMC -- 
Limit: r < 0.705109 +/- 0.00706653 @ 95% credibility (15 tries)
Done in 0.55 min (cpu), 0.57 min (real)
Generate toy 241/250

 -- MarkovChainMC -- 
Limit: r < 0.532112 +/- 0.00812434 @ 95% credibility (15 tries)
Done in 0.52 min (cpu), 0.56 min (real)
Generate toy 242/250

 -- MarkovChainMC -- 
Limit: r < 0.843164 +/- 0.0104263 @ 95% credibility (15 tries)
Done in 0.56 min (cpu), 0.57 min (real)
Generate toy 243/250

 -- MarkovChainMC -- 
Limit: r < 0.445397 +/- 0.00813307 @ 95% credibility (15 tries)
Done in 0.52 min (cpu), 0.53 min (real)
Generate toy 244/250

 -- MarkovChainMC -- 
Limit: r < 0.534386 +/- 0.0071002 @ 95% credibility (15 tries)
Done in 0.53 min (cpu), 0.56 min (real)
Generate toy 245/250

 -- MarkovChainMC -- 
Limit: r < 0.522001 +/- 0.0133139 @ 95% credibility (15 tries)
Done in 0.53 min (cpu), 0.55 min (real)
Generate toy 246/250

 -- MarkovChainMC -- 
Limit: r < 0.40729 +/- 0.00679776 @ 95% credibility (15 tries)
Done in 0.52 min (cpu), 0.53 min (real)
Generate toy 247/250

 -- MarkovChainMC -- 
Limit: r < 0.315936 +/- 0.00444305 @ 95% credibility (15 tries)
Done in 0.50 min (cpu), 0.51 min (real)
Generate toy 248/250

 -- MarkovChainMC -- 
Limit: r < 0.746011 +/- 0.0127692 @ 95% credibility (15 tries)
Done in 0.55 min (cpu), 0.58 min (real)
Generate toy 249/250

 -- MarkovChainMC -- 
Limit: r < 0.809714 +/- 0.0102292 @ 95% credibility (15 tries)
Done in 0.54 min (cpu), 0.57 min (real)
Generate toy 250/250

 -- MarkovChainMC -- 
Limit: r < 0.714687 +/- 0.0129215 @ 95% credibility (15 tries)
Done in 0.54 min (cpu), 0.58 min (real)
mean   expected limit: r < 0.608902 +/- 0.0117115 @ 95%CL (250 toyMC)
median expected limit: r < 0.580558 @ 95%CL (250 toyMC)
   68% expected band : 0.43319 < r < 0.800311
   95% expected band : 0.339724 < r < 1.12208
