 <<< Combine >>> 
 <<< v10.0.2 >>>
>>> Used OpenSSL to get a truly random seed 222741313
>>> Method used is MarkovChainMC
============================================================
Analyzing bin errors for: prop_binmuon_channel
Poisson cut-off: 10
Processes excluded for sums: Wprime6000
============================================================
Bin        Contents        Error           Notes                         
0          5421.491725     21.235047       total sum                     
0          5420.327591     21.235030       excluding marked processes    
0          65155.000000    255.254775      Unweighted events, alpha=0.083209
  => Total parameter prop_binmuon_channel_bin0[0.00,-7.00,7.00] to be Gaussian constrained
------------------------------------------------------------
1          2070.983978     10.020760       total sum                     
1          2069.897282     10.020726       excluding marked processes    
1          42668.000000    206.562339      Unweighted events, alpha=0.048537
  => Total parameter prop_binmuon_channel_bin1[0.00,-7.00,7.00] to be Gaussian constrained
------------------------------------------------------------
2          922.202747      6.155893        total sum                     
2          921.238234      6.155845        excluding marked processes    
2          22396.000000    149.652932      Unweighted events, alpha=0.041177
  => Total parameter prop_binmuon_channel_bin2[0.00,-7.00,7.00] to be Gaussian constrained
------------------------------------------------------------
3          458.952791      3.852423        total sum                     
3          458.076917      3.852351        excluding marked processes    
3          14139.000000    118.907527      Unweighted events, alpha=0.032460
  => Total parameter prop_binmuon_channel_bin3[0.00,-7.00,7.00] to be Gaussian constrained
------------------------------------------------------------
4          244.809719      4.288818        total sum                     
4          244.007730      4.288760        excluding marked processes    
4          3237.000000     56.894639       Unweighted events, alpha=0.075629
  => Total parameter prop_binmuon_channel_bin4[0.00,-7.00,7.00] to be Gaussian constrained
------------------------------------------------------------
5          144.140712      1.533123        total sum                     
5          143.420392      1.532972        excluding marked processes    
5          8753.000000     93.557469       Unweighted events, alpha=0.016468
  => Total parameter prop_binmuon_channel_bin5[0.00,-7.00,7.00] to be Gaussian constrained
------------------------------------------------------------
6          137.450303      1.989551        total sum                     
6          136.278251      1.989363        excluding marked processes    
6          4693.000000     68.505474       Unweighted events, alpha=0.029288
  => Total parameter prop_binmuon_channel_bin6[0.00,-7.00,7.00] to be Gaussian constrained
------------------------------------------------------------
7          53.442052       0.839886        total sum                     
7          52.449360       0.839508        excluding marked processes    
7          3903.000000     62.473995       Unweighted events, alpha=0.013693
  => Total parameter prop_binmuon_channel_bin7[0.00,-7.00,7.00] to be Gaussian constrained
------------------------------------------------------------
8          31.040187       0.749557        total sum                     
8          29.921422       0.749083        excluding marked processes    
8          1596.000000     39.949969       Unweighted events, alpha=0.019449
  => Total parameter prop_binmuon_channel_bin8[0.00,-7.00,7.00] to be Gaussian constrained
------------------------------------------------------------
9          11.544422       0.504028        total sum                     
9          10.662052       0.503457        excluding marked processes    
9          448.000000      21.166010       Unweighted events, alpha=0.025769
  => Total parameter prop_binmuon_channel_bin9[0.00,-7.00,7.00] to be Gaussian constrained
------------------------------------------------------------
10         5.372521        0.322292        total sum                     
10         4.474138        0.321407        excluding marked processes    
10         194.000000      13.928388       Unweighted events, alpha=0.027693
  => Total parameter prop_binmuon_channel_bin10[0.00,-7.00,7.00] to be Gaussian constrained
------------------------------------------------------------
11         2.548237        0.442910        total sum                     
11         1.361913        0.442043        excluding marked processes    
11         9.000000        3.000000        Unweighted events, alpha=0.283137
  => Number of weighted events is below Poisson threshold
    Wprime6000           1.186325        0.027697                                      
                         1835.000000     42.836900       Unweighted events, alpha=0.000646
      => Parameter prop_binmuon_channel_bin11_Wprime6000[0.00,-7.00,7.00] to be Gaussian constrained
  ----------------------------------------------------------
    W_boson              1.016405        0.377637                                      
                         7.000000        2.645751        Unweighted events, alpha=0.145201
      => Product of prop_binmuon_channel_bin11_W_boson[7.00,0.07,45.79] and const [0.1429] to be Poisson constrained
  ----------------------------------------------------------
    Top                  0.000000        0.000000                                      
      => Error is zero, ignore      
  ----------------------------------------------------------
    Z_boson              0.022875        0.000419                                      
                         2976.000000     54.552727       Unweighted events, alpha=0.000008
      => Parameter prop_binmuon_channel_bin11_Z_boson[0.00,-7.00,7.00] to be Gaussian constrained
  ----------------------------------------------------------
    DiBoson              0.318254        0.229756                                      
                         2.000000        1.414214        Unweighted events, alpha=0.159127
      => Product of prop_binmuon_channel_bin11_DiBoson[2.00,0.00,33.79] and const [0.5000] to be Poisson constrained
  ----------------------------------------------------------
    QCD                  0.004378        0.002221                                      
                         4.000000        2.000000        Unweighted events, alpha=0.001095
      => Product of prop_binmuon_channel_bin11_QCD[4.00,0.00,38.96] and const [0.2500] to be Poisson constrained
  ----------------------------------------------------------
------------------------------------------------------------
12         1.781475        0.369821        total sum                     
12         0.677290        0.368847        excluding marked processes    
12         3.000000        1.732051        Unweighted events, alpha=0.593825
  => Number of weighted events is below Poisson threshold
    Wprime6000           1.104186        0.026826                                      
                         1694.000000     41.158231       Unweighted events, alpha=0.000652
      => Parameter prop_binmuon_channel_bin12_Wprime6000[0.00,-7.00,7.00] to be Gaussian constrained
  ----------------------------------------------------------
    W_boson              0.276499        0.001507                                      
                         33653.000000    183.447540      Unweighted events, alpha=0.000008
      => Parameter prop_binmuon_channel_bin12_W_boson[0.00,-7.00,7.00] to be Gaussian constrained
  ----------------------------------------------------------
    Top                  0.000000        0.000000                                      
      => Error is zero, ignore      
  ----------------------------------------------------------
    Z_boson              0.005224        0.000638                                      
                         67.000000       8.185353        Unweighted events, alpha=0.000078
      => Parameter prop_binmuon_channel_bin12_Z_boson[0.00,-7.00,7.00] to be Gaussian constrained
  ----------------------------------------------------------
    DiBoson              0.368649        0.368204                                      
                         1.000000        1.000000        Unweighted events, alpha=0.368649
      => Product of prop_binmuon_channel_bin12_DiBoson[1.00,0.00,30.85] and const [1.0000] to be Poisson constrained
  ----------------------------------------------------------
    QCD                  0.026917        0.021709                                      
                         2.000000        1.414214        Unweighted events, alpha=0.013458
      => Product of prop_binmuon_channel_bin12_QCD[2.00,0.00,33.79] and const [0.5000] to be Poisson constrained
  ----------------------------------------------------------
------------------------------------------------------------
13         2.705782        0.041259        total sum                     
13         0.085677        0.000745        excluding marked processes    
13         13239.000000    115.060853      Unweighted events, alpha=0.000204
  => Total parameter prop_binmuon_channel_bin13[0.00,-7.00,7.00] to be Gaussian constrained
------------------------------------------------------------
14         2.225008        0.037356        total sum                     
14         0.005062        0.000055        excluding marked processes    
14         8482.000000     92.097774       Unweighted events, alpha=0.000262
  => Total parameter prop_binmuon_channel_bin14[0.00,-7.00,7.00] to be Gaussian constrained
------------------------------------------------------------
15         0.651943        0.020641        total sum                     
15         0.007178        0.004893        excluding marked processes    
15         2.000000        1.414214        Unweighted events, alpha=0.325971
  => Number of weighted events is below Poisson threshold
    Wprime6000           0.644765        0.020053                                      
                         1034.000000     32.155870       Unweighted events, alpha=0.000624
      => Parameter prop_binmuon_channel_bin15_Wprime6000[0.00,-7.00,7.00] to be Gaussian constrained
  ----------------------------------------------------------
    W_boson              0.001084        0.000027                                      
                         1670.000000     40.865633       Unweighted events, alpha=0.000001
      => Parameter prop_binmuon_channel_bin15_W_boson[0.00,-7.00,7.00] to be Gaussian constrained
  ----------------------------------------------------------
    Top                  0.000000        0.000000                                      
      => Error is zero, ignore      
  ----------------------------------------------------------
    Z_boson              0.000013        0.000003                                      
                         16.000000       4.000000        Unweighted events, alpha=0.000001
      => Parameter prop_binmuon_channel_bin15_Z_boson[0.00,-7.00,7.00] to be Gaussian constrained
  ----------------------------------------------------------
    DiBoson              0.000000        0.000000                                      
      => Error is zero, ignore      
  ----------------------------------------------------------
    QCD                  0.006081        0.004893                                      
                         2.000000        1.414214        Unweighted events, alpha=0.003040
      => Product of prop_binmuon_channel_bin15_QCD[2.00,0.00,33.79] and const [0.5000] to be Poisson constrained
  ----------------------------------------------------------
------------------------------------------------------------
Channel muon_channel will use autoMCStats with settings: event-threshold=10, include-signal=0, hist-mode=1
Generate toy 1/250

 -- MarkovChainMC -- 
Limit: r < 0.423701 +/- 0.00721378 @ 95% credibility (15 tries)
Done in 0.20 min (cpu), 0.20 min (real)
Generate toy 2/250

 -- MarkovChainMC -- 
Limit: r < 0.444701 +/- 0.00503143 @ 95% credibility (15 tries)
Done in 0.23 min (cpu), 0.23 min (real)
Generate toy 3/250

 -- MarkovChainMC -- 
Limit: r < 0.576063 +/- 0.00515979 @ 95% credibility (15 tries)
Done in 0.18 min (cpu), 0.18 min (real)
Generate toy 4/250

 -- MarkovChainMC -- 
Limit: r < 0.605639 +/- 0.00927378 @ 95% credibility (15 tries)
Done in 0.15 min (cpu), 0.15 min (real)
Generate toy 5/250

 -- MarkovChainMC -- 
Limit: r < 0.50263 +/- 0.00746745 @ 95% credibility (15 tries)
Done in 0.17 min (cpu), 0.17 min (real)
Generate toy 6/250

 -- MarkovChainMC -- 
Limit: r < 0.455207 +/- 0.00728933 @ 95% credibility (15 tries)
Done in 0.15 min (cpu), 0.15 min (real)
Generate toy 7/250

 -- MarkovChainMC -- 
Limit: r < 0.447865 +/- 0.00466267 @ 95% credibility (15 tries)
Done in 0.15 min (cpu), 0.15 min (real)
Generate toy 8/250

 -- MarkovChainMC -- 
Limit: r < 0.500663 +/- 0.00652848 @ 95% credibility (15 tries)
Done in 0.18 min (cpu), 0.18 min (real)
Generate toy 9/250

 -- MarkovChainMC -- 
Limit: r < 0.520392 +/- 0.00870048 @ 95% credibility (15 tries)
Done in 0.20 min (cpu), 0.21 min (real)
Generate toy 10/250

 -- MarkovChainMC -- 
Limit: r < 0.659132 +/- 0.00739115 @ 95% credibility (15 tries)
Done in 0.22 min (cpu), 0.22 min (real)
Generate toy 11/250

 -- MarkovChainMC -- 
Limit: r < 0.550836 +/- 0.0058347 @ 95% credibility (15 tries)
Done in 0.20 min (cpu), 0.20 min (real)
Generate toy 12/250

 -- MarkovChainMC -- 
Limit: r < 1.18009 +/- 0.00780792 @ 95% credibility (15 tries)
Done in 0.14 min (cpu), 0.14 min (real)
Generate toy 13/250

 -- MarkovChainMC -- 
Limit: r < 0.688204 +/- 0.0044091 @ 95% credibility (15 tries)
Done in 0.14 min (cpu), 0.14 min (real)
Generate toy 14/250

 -- MarkovChainMC -- 
Limit: r < 0.612555 +/- 0.0140584 @ 95% credibility (15 tries)
Done in 0.16 min (cpu), 0.16 min (real)
Generate toy 15/250

 -- MarkovChainMC -- 
Limit: r < 0.48985 +/- 0.00874565 @ 95% credibility (15 tries)
Done in 0.17 min (cpu), 0.17 min (real)
Generate toy 16/250

 -- MarkovChainMC -- 
Limit: r < 0.621025 +/- 0.00729346 @ 95% credibility (15 tries)
Done in 0.19 min (cpu), 0.19 min (real)
Generate toy 17/250

 -- MarkovChainMC -- 
Limit: r < 0.44442 +/- 0.006739 @ 95% credibility (15 tries)
Done in 0.13 min (cpu), 0.13 min (real)
Generate toy 18/250

 -- MarkovChainMC -- 
Limit: r < 0.772591 +/- 0.0211469 @ 95% credibility (15 tries)
Done in 0.17 min (cpu), 0.17 min (real)
Generate toy 19/250

 -- MarkovChainMC -- 
Limit: r < 0.627731 +/- 0.0076422 @ 95% credibility (15 tries)
Done in 0.19 min (cpu), 0.19 min (real)
Generate toy 20/250

 -- MarkovChainMC -- 
Limit: r < 0.692522 +/- 0.00528946 @ 95% credibility (15 tries)
Done in 0.15 min (cpu), 0.15 min (real)
Generate toy 21/250

 -- MarkovChainMC -- 
Limit: r < 0.747971 +/- 0.00808504 @ 95% credibility (15 tries)
Done in 0.19 min (cpu), 0.19 min (real)
Generate toy 22/250

 -- MarkovChainMC -- 
Limit: r < 0.625565 +/- 0.00792588 @ 95% credibility (15 tries)
Done in 0.13 min (cpu), 0.13 min (real)
Generate toy 23/250

 -- MarkovChainMC -- 
Limit: r < 0.468857 +/- 0.00523297 @ 95% credibility (15 tries)
Done in 0.14 min (cpu), 0.14 min (real)
Generate toy 24/250

 -- MarkovChainMC -- 
Limit: r < 0.457637 +/- 0.00980782 @ 95% credibility (15 tries)
Done in 0.17 min (cpu), 0.17 min (real)
Generate toy 25/250

 -- MarkovChainMC -- 
Limit: r < 0.589308 +/- 0.00955286 @ 95% credibility (15 tries)
Done in 0.20 min (cpu), 0.20 min (real)
Generate toy 26/250

 -- MarkovChainMC -- 
Limit: r < 0.769458 +/- 0.013562 @ 95% credibility (15 tries)
Done in 0.21 min (cpu), 0.22 min (real)
Generate toy 27/250

 -- MarkovChainMC -- 
Limit: r < 0.523455 +/- 0.00340239 @ 95% credibility (15 tries)
Done in 0.19 min (cpu), 0.19 min (real)
Generate toy 28/250

 -- MarkovChainMC -- 
Limit: r < 0.41929 +/- 0.00827451 @ 95% credibility (15 tries)
Done in 0.19 min (cpu), 0.19 min (real)
Generate toy 29/250

 -- MarkovChainMC -- 
Limit: r < 0.626454 +/- 0.00969936 @ 95% credibility (15 tries)
Done in 0.14 min (cpu), 0.14 min (real)
Generate toy 30/250

 -- MarkovChainMC -- 
Limit: r < 0.429935 +/- 0.00615831 @ 95% credibility (15 tries)
Done in 0.14 min (cpu), 0.14 min (real)
Generate toy 31/250

 -- MarkovChainMC -- 
Limit: r < 0.503927 +/- 0.00944716 @ 95% credibility (15 tries)
Done in 0.14 min (cpu), 0.14 min (real)
Generate toy 32/250

 -- MarkovChainMC -- 
Limit: r < 0.561499 +/- 0.00599317 @ 95% credibility (15 tries)
Done in 0.15 min (cpu), 0.15 min (real)
Generate toy 33/250

 -- MarkovChainMC -- 
Limit: r < 0.423244 +/- 0.00777464 @ 95% credibility (15 tries)
Done in 0.13 min (cpu), 0.13 min (real)
Generate toy 34/250

 -- MarkovChainMC -- 
Limit: r < 0.417985 +/- 0.00575312 @ 95% credibility (15 tries)
Done in 0.14 min (cpu), 0.14 min (real)
Generate toy 35/250

 -- MarkovChainMC -- 
Limit: r < 0.514768 +/- 0.00702308 @ 95% credibility (15 tries)
Done in 0.16 min (cpu), 0.16 min (real)
Generate toy 36/250

 -- MarkovChainMC -- 
Limit: r < 0.855833 +/- 0.0090936 @ 95% credibility (15 tries)
Done in 0.19 min (cpu), 0.20 min (real)
Generate toy 37/250

 -- MarkovChainMC -- 
Limit: r < 0.657908 +/- 0.00817058 @ 95% credibility (15 tries)
Done in 0.13 min (cpu), 0.13 min (real)
Generate toy 38/250

 -- MarkovChainMC -- 
Limit: r < 0.471122 +/- 0.00723677 @ 95% credibility (15 tries)
Done in 0.16 min (cpu), 0.16 min (real)
Generate toy 39/250

 -- MarkovChainMC -- 
Limit: r < 0.509964 +/- 0.00902156 @ 95% credibility (15 tries)
Done in 0.16 min (cpu), 0.16 min (real)
Generate toy 40/250

 -- MarkovChainMC -- 
Limit: r < 0.563857 +/- 0.00627113 @ 95% credibility (15 tries)
Done in 0.13 min (cpu), 0.13 min (real)
Generate toy 41/250

 -- MarkovChainMC -- 
Limit: r < 0.499045 +/- 0.00754259 @ 95% credibility (15 tries)
Done in 0.13 min (cpu), 0.13 min (real)
Generate toy 42/250

 -- MarkovChainMC -- 
Limit: r < 0.645361 +/- 0.00667899 @ 95% credibility (15 tries)
Done in 0.13 min (cpu), 0.13 min (real)
Generate toy 43/250

 -- MarkovChainMC -- 
Limit: r < 0.640952 +/- 0.0114117 @ 95% credibility (15 tries)
Done in 0.14 min (cpu), 0.14 min (real)
Generate toy 44/250

 -- MarkovChainMC -- 
Limit: r < 0.609961 +/- 0.00582693 @ 95% credibility (15 tries)
Done in 0.15 min (cpu), 0.15 min (real)
Generate toy 45/250

 -- MarkovChainMC -- 
Limit: r < 0.408088 +/- 0.00847589 @ 95% credibility (15 tries)
Done in 0.13 min (cpu), 0.13 min (real)
Generate toy 46/250

 -- MarkovChainMC -- 
Limit: r < 0.90733 +/- 0.0102936 @ 95% credibility (15 tries)
Done in 0.14 min (cpu), 0.14 min (real)
Generate toy 47/250

 -- MarkovChainMC -- 
Limit: r < 0.491304 +/- 0.00806021 @ 95% credibility (15 tries)
Done in 0.14 min (cpu), 0.14 min (real)
Generate toy 48/250

 -- MarkovChainMC -- 
Limit: r < 0.855038 +/- 0.0125802 @ 95% credibility (15 tries)
Done in 0.19 min (cpu), 0.19 min (real)
Generate toy 49/250

 -- MarkovChainMC -- 
Limit: r < 0.483887 +/- 0.00622724 @ 95% credibility (15 tries)
Done in 0.19 min (cpu), 0.19 min (real)
Generate toy 50/250

 -- MarkovChainMC -- 
Limit: r < 0.431612 +/- 0.00501546 @ 95% credibility (15 tries)
Done in 0.17 min (cpu), 0.17 min (real)
Generate toy 51/250

 -- MarkovChainMC -- 
Limit: r < 0.518996 +/- 0.00665461 @ 95% credibility (15 tries)
Done in 0.17 min (cpu), 0.17 min (real)
Generate toy 52/250

 -- MarkovChainMC -- 
Limit: r < 0.546442 +/- 0.0115545 @ 95% credibility (15 tries)
Done in 0.13 min (cpu), 0.13 min (real)
Generate toy 53/250

 -- MarkovChainMC -- 
Limit: r < 0.580509 +/- 0.0124242 @ 95% credibility (15 tries)
Done in 0.14 min (cpu), 0.14 min (real)
Generate toy 54/250

 -- MarkovChainMC -- 
Limit: r < 0.459864 +/- 0.0049002 @ 95% credibility (15 tries)
Done in 0.15 min (cpu), 0.15 min (real)
Generate toy 55/250

 -- MarkovChainMC -- 
Limit: r < 0.408249 +/- 0.00646074 @ 95% credibility (15 tries)
Done in 0.17 min (cpu), 0.18 min (real)
Generate toy 56/250

 -- MarkovChainMC -- 
Limit: r < 0.732191 +/- 0.00972517 @ 95% credibility (15 tries)
Done in 0.21 min (cpu), 0.21 min (real)
Generate toy 57/250

 -- MarkovChainMC -- 
Limit: r < 0.370585 +/- 0.00594433 @ 95% credibility (15 tries)
Done in 0.15 min (cpu), 0.15 min (real)
Generate toy 58/250

 -- MarkovChainMC -- 
Limit: r < 0.582118 +/- 0.0103806 @ 95% credibility (15 tries)
Done in 0.13 min (cpu), 0.13 min (real)
Generate toy 59/250

 -- MarkovChainMC -- 
Limit: r < 0.533378 +/- 0.0104404 @ 95% credibility (15 tries)
Done in 0.16 min (cpu), 0.16 min (real)
Generate toy 60/250

 -- MarkovChainMC -- 
Limit: r < 0.538912 +/- 0.00915366 @ 95% credibility (15 tries)
Done in 0.16 min (cpu), 0.16 min (real)
Generate toy 61/250

 -- MarkovChainMC -- 
Limit: r < 0.358676 +/- 0.00523341 @ 95% credibility (15 tries)
Done in 0.16 min (cpu), 0.16 min (real)
Generate toy 62/250

 -- MarkovChainMC -- 
Limit: r < 0.759109 +/- 0.00932788 @ 95% credibility (15 tries)
Done in 0.16 min (cpu), 0.16 min (real)
Generate toy 63/250

 -- MarkovChainMC -- 
Limit: r < 0.767933 +/- 0.00697778 @ 95% credibility (15 tries)
Done in 0.16 min (cpu), 0.16 min (real)
Generate toy 64/250

 -- MarkovChainMC -- 
Limit: r < 0.712527 +/- 0.0162416 @ 95% credibility (15 tries)
Done in 0.16 min (cpu), 0.16 min (real)
Generate toy 65/250

 -- MarkovChainMC -- 
Limit: r < 0.551247 +/- 0.00439416 @ 95% credibility (15 tries)
Done in 0.14 min (cpu), 0.14 min (real)
Generate toy 66/250

 -- MarkovChainMC -- 
Limit: r < 0.587066 +/- 0.0115014 @ 95% credibility (15 tries)
Done in 0.14 min (cpu), 0.14 min (real)
Generate toy 67/250

 -- MarkovChainMC -- 
Limit: r < 0.495351 +/- 0.00710505 @ 95% credibility (15 tries)
Done in 0.21 min (cpu), 0.21 min (real)
Generate toy 68/250

 -- MarkovChainMC -- 
Limit: r < 0.510475 +/- 0.012327 @ 95% credibility (15 tries)
Done in 0.20 min (cpu), 0.20 min (real)
Generate toy 69/250

 -- MarkovChainMC -- 
Limit: r < 0.528633 +/- 0.0126778 @ 95% credibility (15 tries)
Done in 0.17 min (cpu), 0.17 min (real)
Generate toy 70/250

 -- MarkovChainMC -- 
Limit: r < 0.506774 +/- 0.00847139 @ 95% credibility (15 tries)
Done in 0.13 min (cpu), 0.13 min (real)
Generate toy 71/250

 -- MarkovChainMC -- 
Limit: r < 0.850135 +/- 0.0123837 @ 95% credibility (15 tries)
Done in 0.16 min (cpu), 0.16 min (real)
Generate toy 72/250

 -- MarkovChainMC -- 
Limit: r < 0.612263 +/- 0.00538463 @ 95% credibility (15 tries)
Done in 0.14 min (cpu), 0.14 min (real)
Generate toy 73/250

 -- MarkovChainMC -- 
Limit: r < 0.695336 +/- 0.0137728 @ 95% credibility (15 tries)
Done in 0.14 min (cpu), 0.14 min (real)
Generate toy 74/250

 -- MarkovChainMC -- 
Limit: r < 0.541787 +/- 0.00545532 @ 95% credibility (15 tries)
Done in 0.18 min (cpu), 0.18 min (real)
Generate toy 75/250

 -- MarkovChainMC -- 
Limit: r < 0.499775 +/- 0.00770456 @ 95% credibility (15 tries)
Done in 0.18 min (cpu), 0.18 min (real)
Generate toy 76/250

 -- MarkovChainMC -- 
Limit: r < 0.408506 +/- 0.00669804 @ 95% credibility (15 tries)
Done in 0.14 min (cpu), 0.15 min (real)
Generate toy 77/250

 -- MarkovChainMC -- 
Limit: r < 0.482983 +/- 0.00916669 @ 95% credibility (15 tries)
Done in 0.17 min (cpu), 0.17 min (real)
Generate toy 78/250

 -- MarkovChainMC -- 
Limit: r < 0.651375 +/- 0.0107825 @ 95% credibility (15 tries)
Done in 0.15 min (cpu), 0.15 min (real)
Generate toy 79/250

 -- MarkovChainMC -- 
Limit: r < 0.593561 +/- 0.0142088 @ 95% credibility (15 tries)
Done in 0.15 min (cpu), 0.15 min (real)
Generate toy 80/250

 -- MarkovChainMC -- 
Limit: r < 0.565033 +/- 0.00936261 @ 95% credibility (15 tries)
Done in 0.15 min (cpu), 0.15 min (real)
Generate toy 81/250

 -- MarkovChainMC -- 
Limit: r < 0.683631 +/- 0.00624553 @ 95% credibility (15 tries)
Done in 0.14 min (cpu), 0.14 min (real)
Generate toy 82/250

 -- MarkovChainMC -- 
Limit: r < 0.72423 +/- 0.0127064 @ 95% credibility (15 tries)
Done in 0.16 min (cpu), 0.16 min (real)
Generate toy 83/250

 -- MarkovChainMC -- 
Limit: r < 0.800035 +/- 0.0135128 @ 95% credibility (15 tries)
Done in 0.19 min (cpu), 0.19 min (real)
Generate toy 84/250

 -- MarkovChainMC -- 
Limit: r < 0.562387 +/- 0.00932244 @ 95% credibility (15 tries)
Done in 0.17 min (cpu), 0.17 min (real)
Generate toy 85/250

 -- MarkovChainMC -- 
Limit: r < 0.528528 +/- 0.00767737 @ 95% credibility (15 tries)
Done in 0.17 min (cpu), 0.17 min (real)
Generate toy 86/250

 -- MarkovChainMC -- 
Limit: r < 0.647126 +/- 0.00627532 @ 95% credibility (15 tries)
Done in 0.16 min (cpu), 0.16 min (real)
Generate toy 87/250

 -- MarkovChainMC -- 
Limit: r < 0.589548 +/- 0.0084882 @ 95% credibility (15 tries)
Done in 0.16 min (cpu), 0.16 min (real)
Generate toy 88/250

 -- MarkovChainMC -- 
Limit: r < 0.539267 +/- 0.00917203 @ 95% credibility (15 tries)
Done in 0.14 min (cpu), 0.14 min (real)
Generate toy 89/250

 -- MarkovChainMC -- 
Limit: r < 0.623533 +/- 0.00292067 @ 95% credibility (15 tries)
Done in 0.15 min (cpu), 0.15 min (real)
Generate toy 90/250

 -- MarkovChainMC -- 
Limit: r < 0.449247 +/- 0.0040098 @ 95% credibility (15 tries)
Done in 0.18 min (cpu), 0.18 min (real)
Generate toy 91/250

 -- MarkovChainMC -- 
Limit: r < 0.432283 +/- 0.00556569 @ 95% credibility (15 tries)
Done in 0.15 min (cpu), 0.15 min (real)
Generate toy 92/250

 -- MarkovChainMC -- 
Limit: r < 0.426307 +/- 0.0071012 @ 95% credibility (15 tries)
Done in 0.13 min (cpu), 0.13 min (real)
Generate toy 93/250

 -- MarkovChainMC -- 
Limit: r < 0.647784 +/- 0.0102215 @ 95% credibility (15 tries)
Done in 0.16 min (cpu), 0.16 min (real)
Generate toy 94/250

 -- MarkovChainMC -- 
Limit: r < 0.522797 +/- 0.0100675 @ 95% credibility (15 tries)
Done in 0.15 min (cpu), 0.15 min (real)
Generate toy 95/250

 -- MarkovChainMC -- 
Limit: r < 0.483025 +/- 0.00426451 @ 95% credibility (15 tries)
Done in 0.19 min (cpu), 0.19 min (real)
Generate toy 96/250

 -- MarkovChainMC -- 
Limit: r < 0.924651 +/- 0.0109096 @ 95% credibility (15 tries)
Done in 0.22 min (cpu), 0.23 min (real)
Generate toy 97/250

 -- MarkovChainMC -- 
Limit: r < 0.647058 +/- 0.00912089 @ 95% credibility (15 tries)
Done in 0.22 min (cpu), 0.22 min (real)
Generate toy 98/250

 -- MarkovChainMC -- 
Limit: r < 0.45327 +/- 0.00880064 @ 95% credibility (15 tries)
Done in 0.21 min (cpu), 0.21 min (real)
Generate toy 99/250

 -- MarkovChainMC -- 
Limit: r < 0.408797 +/- 0.00577909 @ 95% credibility (15 tries)
Done in 0.13 min (cpu), 0.13 min (real)
Generate toy 100/250

 -- MarkovChainMC -- 
Limit: r < 0.489535 +/- 0.0131891 @ 95% credibility (15 tries)
Done in 0.15 min (cpu), 0.16 min (real)
Generate toy 101/250

 -- MarkovChainMC -- 
Limit: r < 0.628558 +/- 0.00964729 @ 95% credibility (15 tries)
Done in 0.15 min (cpu), 0.15 min (real)
Generate toy 102/250

 -- MarkovChainMC -- 
Limit: r < 0.419104 +/- 0.00661729 @ 95% credibility (15 tries)
Done in 0.17 min (cpu), 0.17 min (real)
Generate toy 103/250

 -- MarkovChainMC -- 
Limit: r < 0.797958 +/- 0.00770019 @ 95% credibility (15 tries)
Done in 0.19 min (cpu), 0.20 min (real)
Generate toy 104/250

 -- MarkovChainMC -- 
Limit: r < 0.528852 +/- 0.00967509 @ 95% credibility (15 tries)
Done in 0.13 min (cpu), 0.13 min (real)
Generate toy 105/250

 -- MarkovChainMC -- 
Limit: r < 0.486534 +/- 0.00740842 @ 95% credibility (15 tries)
Done in 0.15 min (cpu), 0.15 min (real)
Generate toy 106/250

 -- MarkovChainMC -- 
Limit: r < 0.489956 +/- 0.0041121 @ 95% credibility (15 tries)
Done in 0.16 min (cpu), 0.16 min (real)
Generate toy 107/250

 -- MarkovChainMC -- 
Limit: r < 0.454949 +/- 0.00920354 @ 95% credibility (15 tries)
Done in 0.14 min (cpu), 0.14 min (real)
Generate toy 108/250

 -- MarkovChainMC -- 
Limit: r < 0.453117 +/- 0.00523709 @ 95% credibility (15 tries)
Done in 0.14 min (cpu), 0.15 min (real)
Generate toy 109/250

 -- MarkovChainMC -- 
Limit: r < 0.604439 +/- 0.00883986 @ 95% credibility (15 tries)
Done in 0.17 min (cpu), 0.17 min (real)
Generate toy 110/250

 -- MarkovChainMC -- 
Limit: r < 0.459575 +/- 0.00598365 @ 95% credibility (15 tries)
Done in 0.14 min (cpu), 0.14 min (real)
Generate toy 111/250

 -- MarkovChainMC -- 
Limit: r < 0.518605 +/- 0.00880915 @ 95% credibility (15 tries)
Done in 0.17 min (cpu), 0.17 min (real)
Generate toy 112/250

 -- MarkovChainMC -- 
Limit: r < 0.40668 +/- 0.00912716 @ 95% credibility (15 tries)
Done in 0.16 min (cpu), 0.16 min (real)
Generate toy 113/250

 -- MarkovChainMC -- 
Limit: r < 0.654863 +/- 0.010743 @ 95% credibility (15 tries)
Done in 0.15 min (cpu), 0.16 min (real)
Generate toy 114/250

 -- MarkovChainMC -- 
Limit: r < 0.452536 +/- 0.0105862 @ 95% credibility (15 tries)
Done in 0.18 min (cpu), 0.18 min (real)
Generate toy 115/250

 -- MarkovChainMC -- 
Limit: r < 0.639017 +/- 0.0069533 @ 95% credibility (15 tries)
Done in 0.19 min (cpu), 0.19 min (real)
Generate toy 116/250

 -- MarkovChainMC -- 
Limit: r < 0.567887 +/- 0.0081277 @ 95% credibility (15 tries)
Done in 0.15 min (cpu), 0.15 min (real)
Generate toy 117/250

 -- MarkovChainMC -- 
Limit: r < 0.574238 +/- 0.0107352 @ 95% credibility (15 tries)
Done in 0.13 min (cpu), 0.13 min (real)
Generate toy 118/250

 -- MarkovChainMC -- 
Limit: r < 0.398104 +/- 0.00762434 @ 95% credibility (15 tries)
Done in 0.14 min (cpu), 0.14 min (real)
Generate toy 119/250

 -- MarkovChainMC -- 
Limit: r < 0.545369 +/- 0.00323127 @ 95% credibility (15 tries)
Done in 0.14 min (cpu), 0.14 min (real)
Generate toy 120/250

 -- MarkovChainMC -- 
Limit: r < 0.45281 +/- 0.00595922 @ 95% credibility (15 tries)
Done in 0.17 min (cpu), 0.17 min (real)
Generate toy 121/250

 -- MarkovChainMC -- 
Limit: r < 0.45144 +/- 0.00639004 @ 95% credibility (15 tries)
Done in 0.15 min (cpu), 0.15 min (real)
Generate toy 122/250

 -- MarkovChainMC -- 
Limit: r < 0.689193 +/- 0.00780004 @ 95% credibility (15 tries)
Done in 0.14 min (cpu), 0.14 min (real)
Generate toy 123/250

 -- MarkovChainMC -- 
Limit: r < 0.360158 +/- 0.00705102 @ 95% credibility (15 tries)
Done in 0.16 min (cpu), 0.16 min (real)
Generate toy 124/250

 -- MarkovChainMC -- 
Limit: r < 0.763233 +/- 0.0117681 @ 95% credibility (15 tries)
Done in 0.15 min (cpu), 0.15 min (real)
Generate toy 125/250

 -- MarkovChainMC -- 
Limit: r < 0.621902 +/- 0.0116554 @ 95% credibility (15 tries)
Done in 0.16 min (cpu), 0.16 min (real)
Generate toy 126/250

 -- MarkovChainMC -- 
Limit: r < 0.426774 +/- 0.00552605 @ 95% credibility (15 tries)
Done in 0.15 min (cpu), 0.15 min (real)
Generate toy 127/250

 -- MarkovChainMC -- 
Limit: r < 0.413134 +/- 0.00473189 @ 95% credibility (15 tries)
Done in 0.15 min (cpu), 0.15 min (real)
Generate toy 128/250

 -- MarkovChainMC -- 
Limit: r < 0.635023 +/- 0.00842426 @ 95% credibility (15 tries)
Done in 0.16 min (cpu), 0.16 min (real)
Generate toy 129/250

 -- MarkovChainMC -- 
Limit: r < 0.55141 +/- 0.00835347 @ 95% credibility (15 tries)
Done in 0.14 min (cpu), 0.14 min (real)
Generate toy 130/250

 -- MarkovChainMC -- 
Limit: r < 0.736846 +/- 0.00874515 @ 95% credibility (15 tries)
Done in 0.19 min (cpu), 0.19 min (real)
Generate toy 131/250

 -- MarkovChainMC -- 
Limit: r < 0.781132 +/- 0.0126716 @ 95% credibility (15 tries)
Done in 0.18 min (cpu), 0.18 min (real)
Generate toy 132/250

 -- MarkovChainMC -- 
Limit: r < 0.567273 +/- 0.00711389 @ 95% credibility (15 tries)
Done in 0.14 min (cpu), 0.14 min (real)
Generate toy 133/250

 -- MarkovChainMC -- 
Limit: r < 0.805172 +/- 0.0127472 @ 95% credibility (15 tries)
Done in 0.17 min (cpu), 0.17 min (real)
Generate toy 134/250

 -- MarkovChainMC -- 
Limit: r < 0.578986 +/- 0.00950403 @ 95% credibility (15 tries)
Done in 0.14 min (cpu), 0.14 min (real)
Generate toy 135/250

 -- MarkovChainMC -- 
Limit: r < 0.679661 +/- 0.00683171 @ 95% credibility (15 tries)
Done in 0.17 min (cpu), 0.18 min (real)
Generate toy 136/250

 -- MarkovChainMC -- 
Limit: r < 0.801782 +/- 0.0090956 @ 95% credibility (15 tries)
Done in 0.19 min (cpu), 0.19 min (real)
Generate toy 137/250

 -- MarkovChainMC -- 
Limit: r < 0.46869 +/- 0.00735724 @ 95% credibility (15 tries)
Done in 0.15 min (cpu), 0.15 min (real)
Generate toy 138/250

 -- MarkovChainMC -- 
Limit: r < 0.518152 +/- 0.00848189 @ 95% credibility (15 tries)
Done in 0.16 min (cpu), 0.16 min (real)
Generate toy 139/250

 -- MarkovChainMC -- 
Limit: r < 0.750044 +/- 0.0125967 @ 95% credibility (15 tries)
Done in 0.17 min (cpu), 0.17 min (real)
Generate toy 140/250

 -- MarkovChainMC -- 
Limit: r < 0.497181 +/- 0.00556404 @ 95% credibility (15 tries)
Done in 0.14 min (cpu), 0.14 min (real)
Generate toy 141/250

 -- MarkovChainMC -- 
Limit: r < 0.542256 +/- 0.00703265 @ 95% credibility (15 tries)
Done in 0.19 min (cpu), 0.19 min (real)
Generate toy 142/250

 -- MarkovChainMC -- 
Limit: r < 0.714441 +/- 0.0139552 @ 95% credibility (15 tries)
Done in 0.16 min (cpu), 0.16 min (real)
Generate toy 143/250

 -- MarkovChainMC -- 
Limit: r < 0.675994 +/- 0.0133374 @ 95% credibility (15 tries)
Done in 0.14 min (cpu), 0.14 min (real)
Generate toy 144/250

 -- MarkovChainMC -- 
Limit: r < 1.06367 +/- 0.0148566 @ 95% credibility (15 tries)
Done in 0.15 min (cpu), 0.15 min (real)
Generate toy 145/250

 -- MarkovChainMC -- 
Limit: r < 0.733826 +/- 0.0148824 @ 95% credibility (15 tries)
Done in 0.19 min (cpu), 0.19 min (real)
Generate toy 146/250

 -- MarkovChainMC -- 
Limit: r < 0.868586 +/- 0.0133549 @ 95% credibility (15 tries)
Done in 0.18 min (cpu), 0.18 min (real)
Generate toy 147/250

 -- MarkovChainMC -- 
Limit: r < 0.716117 +/- 0.0134192 @ 95% credibility (15 tries)
Done in 0.19 min (cpu), 0.19 min (real)
Generate toy 148/250

 -- MarkovChainMC -- 
Limit: r < 0.398473 +/- 0.0061302 @ 95% credibility (15 tries)
Done in 0.15 min (cpu), 0.16 min (real)
Generate toy 149/250

 -- MarkovChainMC -- 
Limit: r < 0.762307 +/- 0.00938989 @ 95% credibility (15 tries)
Done in 0.16 min (cpu), 0.16 min (real)
Generate toy 150/250

 -- MarkovChainMC -- 
Limit: r < 0.524939 +/- 0.00676956 @ 95% credibility (15 tries)
Done in 0.15 min (cpu), 0.15 min (real)
Generate toy 151/250

 -- MarkovChainMC -- 
Limit: r < 0.562014 +/- 0.00468226 @ 95% credibility (15 tries)
Done in 0.14 min (cpu), 0.14 min (real)
Generate toy 152/250

 -- MarkovChainMC -- 
Limit: r < 0.607374 +/- 0.015056 @ 95% credibility (15 tries)
Done in 0.20 min (cpu), 0.20 min (real)
Generate toy 153/250

 -- MarkovChainMC -- 
Limit: r < 0.488964 +/- 0.0150471 @ 95% credibility (15 tries)
Done in 0.16 min (cpu), 0.16 min (real)
Generate toy 154/250

 -- MarkovChainMC -- 
Limit: r < 0.657026 +/- 0.00990305 @ 95% credibility (15 tries)
Done in 0.15 min (cpu), 0.15 min (real)
Generate toy 155/250

 -- MarkovChainMC -- 
Limit: r < 0.487896 +/- 0.00366593 @ 95% credibility (15 tries)
Done in 0.15 min (cpu), 0.15 min (real)
Generate toy 156/250

 -- MarkovChainMC -- 
Limit: r < 0.776121 +/- 0.0187351 @ 95% credibility (15 tries)
Done in 0.13 min (cpu), 0.14 min (real)
Generate toy 157/250

 -- MarkovChainMC -- 
Limit: r < 0.415752 +/- 0.00358572 @ 95% credibility (15 tries)
Done in 0.13 min (cpu), 0.13 min (real)
Generate toy 158/250

 -- MarkovChainMC -- 
Limit: r < 0.374102 +/- 0.00263704 @ 95% credibility (15 tries)
Done in 0.16 min (cpu), 0.16 min (real)
Generate toy 159/250

 -- MarkovChainMC -- 
Limit: r < 0.475362 +/- 0.00811088 @ 95% credibility (15 tries)
Done in 0.14 min (cpu), 0.14 min (real)
Generate toy 160/250

 -- MarkovChainMC -- 
Limit: r < 0.575456 +/- 0.0102031 @ 95% credibility (15 tries)
Done in 0.15 min (cpu), 0.15 min (real)
Generate toy 161/250

 -- MarkovChainMC -- 
Limit: r < 0.384082 +/- 0.00933256 @ 95% credibility (15 tries)
Done in 0.15 min (cpu), 0.15 min (real)
Generate toy 162/250

 -- MarkovChainMC -- 
Limit: r < 0.549724 +/- 0.00626086 @ 95% credibility (15 tries)
Done in 0.17 min (cpu), 0.17 min (real)
Generate toy 163/250

 -- MarkovChainMC -- 
Limit: r < 0.515968 +/- 0.0110314 @ 95% credibility (15 tries)
Done in 0.16 min (cpu), 0.16 min (real)
Generate toy 164/250

 -- MarkovChainMC -- 
Limit: r < 0.578106 +/- 0.0105061 @ 95% credibility (15 tries)
Done in 0.15 min (cpu), 0.15 min (real)
Generate toy 165/250

 -- MarkovChainMC -- 
Limit: r < 0.563327 +/- 0.00748367 @ 95% credibility (15 tries)
Done in 0.14 min (cpu), 0.14 min (real)
Generate toy 166/250

 -- MarkovChainMC -- 
Limit: r < 0.8252 +/- 0.0123644 @ 95% credibility (15 tries)
Done in 0.17 min (cpu), 0.17 min (real)
Generate toy 167/250

 -- MarkovChainMC -- 
Limit: r < 0.683522 +/- 0.0128605 @ 95% credibility (15 tries)
Done in 0.19 min (cpu), 0.19 min (real)
Generate toy 168/250

 -- MarkovChainMC -- 
Limit: r < 0.486319 +/- 0.00795706 @ 95% credibility (15 tries)
Done in 0.17 min (cpu), 0.17 min (real)
Generate toy 169/250

 -- MarkovChainMC -- 
Limit: r < 0.729832 +/- 0.00479272 @ 95% credibility (15 tries)
Done in 0.18 min (cpu), 0.18 min (real)
Generate toy 170/250

 -- MarkovChainMC -- 
Limit: r < 0.745571 +/- 0.0111134 @ 95% credibility (15 tries)
Done in 0.14 min (cpu), 0.14 min (real)
Generate toy 171/250

 -- MarkovChainMC -- 
Limit: r < 0.429167 +/- 0.0044406 @ 95% credibility (15 tries)
Done in 0.16 min (cpu), 0.16 min (real)
Generate toy 172/250

 -- MarkovChainMC -- 
Limit: r < 0.63095 +/- 0.0144398 @ 95% credibility (15 tries)
Done in 0.15 min (cpu), 0.15 min (real)
Generate toy 173/250

 -- MarkovChainMC -- 
Limit: r < 0.497328 +/- 0.00712362 @ 95% credibility (15 tries)
Done in 0.17 min (cpu), 0.17 min (real)
Generate toy 174/250

 -- MarkovChainMC -- 
Limit: r < 0.424822 +/- 0.00784456 @ 95% credibility (15 tries)
Done in 0.14 min (cpu), 0.14 min (real)
Generate toy 175/250

 -- MarkovChainMC -- 
Limit: r < 0.680611 +/- 0.00711728 @ 95% credibility (15 tries)
Done in 0.16 min (cpu), 0.16 min (real)
Generate toy 176/250

 -- MarkovChainMC -- 
Limit: r < 0.511447 +/- 0.0102177 @ 95% credibility (15 tries)
Done in 0.16 min (cpu), 0.16 min (real)
Generate toy 177/250

 -- MarkovChainMC -- 
Limit: r < 0.516704 +/- 0.0112715 @ 95% credibility (15 tries)
Done in 0.16 min (cpu), 0.16 min (real)
Generate toy 178/250

 -- MarkovChainMC -- 
Limit: r < 0.544047 +/- 0.00528883 @ 95% credibility (15 tries)
Done in 0.20 min (cpu), 0.20 min (real)
Generate toy 179/250

 -- MarkovChainMC -- 
Limit: r < 0.854993 +/- 0.0130175 @ 95% credibility (15 tries)
Done in 0.15 min (cpu), 0.15 min (real)
Generate toy 180/250

 -- MarkovChainMC -- 
Limit: r < 0.584647 +/- 0.010535 @ 95% credibility (15 tries)
Done in 0.20 min (cpu), 0.20 min (real)
Generate toy 181/250

 -- MarkovChainMC -- 
Limit: r < 0.47425 +/- 0.0122113 @ 95% credibility (15 tries)
Done in 0.20 min (cpu), 0.20 min (real)
Generate toy 182/250

 -- MarkovChainMC -- 
Limit: r < 0.464525 +/- 0.00710715 @ 95% credibility (15 tries)
Done in 0.16 min (cpu), 0.16 min (real)
Generate toy 183/250

 -- MarkovChainMC -- 
Limit: r < 0.604939 +/- 0.00964267 @ 95% credibility (15 tries)
Done in 0.13 min (cpu), 0.13 min (real)
Generate toy 184/250

 -- MarkovChainMC -- 
Limit: r < 0.746601 +/- 0.00435288 @ 95% credibility (15 tries)
Done in 0.16 min (cpu), 0.16 min (real)
Generate toy 185/250

 -- MarkovChainMC -- 
Limit: r < 0.409034 +/- 0.00862057 @ 95% credibility (15 tries)
Done in 0.16 min (cpu), 0.16 min (real)
Generate toy 186/250

 -- MarkovChainMC -- 
Limit: r < 0.504906 +/- 0.00878563 @ 95% credibility (15 tries)
Done in 0.14 min (cpu), 0.14 min (real)
Generate toy 187/250

 -- MarkovChainMC -- 
Limit: r < 1.19089 +/- 0.0134826 @ 95% credibility (15 tries)
Done in 0.18 min (cpu), 0.18 min (real)
Generate toy 188/250

 -- MarkovChainMC -- 
Limit: r < 0.450463 +/- 0.00813768 @ 95% credibility (15 tries)
Done in 0.16 min (cpu), 0.16 min (real)
Generate toy 189/250

 -- MarkovChainMC -- 
Limit: r < 0.56019 +/- 0.00822537 @ 95% credibility (15 tries)
Done in 0.17 min (cpu), 0.17 min (real)
Generate toy 190/250

 -- MarkovChainMC -- 
Limit: r < 0.649103 +/- 0.00946563 @ 95% credibility (15 tries)
Done in 0.20 min (cpu), 0.20 min (real)
Generate toy 191/250

 -- MarkovChainMC -- 
Limit: r < 0.593656 +/- 0.00850198 @ 95% credibility (15 tries)
Done in 0.17 min (cpu), 0.17 min (real)
Generate toy 192/250

 -- MarkovChainMC -- 
Limit: r < 0.434242 +/- 0.0050924 @ 95% credibility (15 tries)
Done in 0.15 min (cpu), 0.15 min (real)
Generate toy 193/250

 -- MarkovChainMC -- 
Limit: r < 0.386456 +/- 0.00488233 @ 95% credibility (15 tries)
Done in 0.15 min (cpu), 0.15 min (real)
Generate toy 194/250

 -- MarkovChainMC -- 
Limit: r < 0.739833 +/- 0.0120363 @ 95% credibility (15 tries)
Done in 0.18 min (cpu), 0.18 min (real)
Generate toy 195/250

 -- MarkovChainMC -- 
Limit: r < 0.627592 +/- 0.00932243 @ 95% credibility (15 tries)
Done in 0.16 min (cpu), 0.16 min (real)
Generate toy 196/250

 -- MarkovChainMC -- 
Limit: r < 0.613674 +/- 0.0119418 @ 95% credibility (15 tries)
Done in 0.15 min (cpu), 0.15 min (real)
Generate toy 197/250

 -- MarkovChainMC -- 
Limit: r < 0.486612 +/- 0.00347148 @ 95% credibility (15 tries)
Done in 0.17 min (cpu), 0.17 min (real)
Generate toy 198/250

 -- MarkovChainMC -- 
Limit: r < 0.526989 +/- 0.00739589 @ 95% credibility (15 tries)
Done in 0.17 min (cpu), 0.17 min (real)
Generate toy 199/250

 -- MarkovChainMC -- 
Limit: r < 0.718876 +/- 0.0123187 @ 95% credibility (15 tries)
Done in 0.21 min (cpu), 0.21 min (real)
Generate toy 200/250

 -- MarkovChainMC -- 
Limit: r < 0.369441 +/- 0.00337558 @ 95% credibility (15 tries)
Done in 0.17 min (cpu), 0.17 min (real)
Generate toy 201/250

 -- MarkovChainMC -- 
Limit: r < 0.702359 +/- 0.011765 @ 95% credibility (15 tries)
Done in 0.22 min (cpu), 0.22 min (real)
Generate toy 202/250

 -- MarkovChainMC -- 
Limit: r < 0.440504 +/- 0.00609392 @ 95% credibility (15 tries)
Done in 0.19 min (cpu), 0.20 min (real)
Generate toy 203/250

 -- MarkovChainMC -- 
Limit: r < 0.61182 +/- 0.00411873 @ 95% credibility (15 tries)
Done in 0.18 min (cpu), 0.19 min (real)
Generate toy 204/250

 -- MarkovChainMC -- 
Limit: r < 0.428156 +/- 0.00740653 @ 95% credibility (15 tries)
Done in 0.17 min (cpu), 0.17 min (real)
Generate toy 205/250

 -- MarkovChainMC -- 
Limit: r < 0.44919 +/- 0.00555747 @ 95% credibility (15 tries)
Done in 0.18 min (cpu), 0.18 min (real)
Generate toy 206/250

 -- MarkovChainMC -- 
Limit: r < 0.638617 +/- 0.0131476 @ 95% credibility (15 tries)
Done in 0.19 min (cpu), 0.19 min (real)
Generate toy 207/250

 -- MarkovChainMC -- 
Limit: r < 0.37967 +/- 0.00880465 @ 95% credibility (15 tries)
Done in 0.20 min (cpu), 0.20 min (real)
Generate toy 208/250

 -- MarkovChainMC -- 
Limit: r < 0.417639 +/- 0.0078443 @ 95% credibility (15 tries)
Done in 0.15 min (cpu), 0.15 min (real)
Generate toy 209/250

 -- MarkovChainMC -- 
Limit: r < 0.448253 +/- 0.00914599 @ 95% credibility (15 tries)
Done in 0.17 min (cpu), 0.18 min (real)
Generate toy 210/250

 -- MarkovChainMC -- 
Limit: r < 0.478489 +/- 0.00591104 @ 95% credibility (15 tries)
Done in 0.18 min (cpu), 0.18 min (real)
Generate toy 211/250

 -- MarkovChainMC -- 
Limit: r < 0.532527 +/- 0.00535592 @ 95% credibility (15 tries)
Done in 0.17 min (cpu), 0.17 min (real)
Generate toy 212/250

 -- MarkovChainMC -- 
Limit: r < 0.465498 +/- 0.00699719 @ 95% credibility (15 tries)
Done in 0.15 min (cpu), 0.15 min (real)
Generate toy 213/250

 -- MarkovChainMC -- 
Limit: r < 0.50339 +/- 0.00890403 @ 95% credibility (15 tries)
Done in 0.17 min (cpu), 0.17 min (real)
Generate toy 214/250

 -- MarkovChainMC -- 
Limit: r < 0.655519 +/- 0.00862014 @ 95% credibility (15 tries)
Done in 0.22 min (cpu), 0.22 min (real)
Generate toy 215/250

 -- MarkovChainMC -- 
Limit: r < 0.569405 +/- 0.00850681 @ 95% credibility (15 tries)
Done in 0.21 min (cpu), 0.21 min (real)
Generate toy 216/250

 -- MarkovChainMC -- 
Limit: r < 0.63441 +/- 0.0115857 @ 95% credibility (15 tries)
Done in 0.16 min (cpu), 0.16 min (real)
Generate toy 217/250

 -- MarkovChainMC -- 
Limit: r < 0.479374 +/- 0.00499096 @ 95% credibility (15 tries)
Done in 0.22 min (cpu), 0.22 min (real)
Generate toy 218/250

 -- MarkovChainMC -- 
Limit: r < 1.04156 +/- 0.0146562 @ 95% credibility (15 tries)
Done in 0.19 min (cpu), 0.19 min (real)
Generate toy 219/250

 -- MarkovChainMC -- 
Limit: r < 0.589135 +/- 0.0113089 @ 95% credibility (15 tries)
Done in 0.14 min (cpu), 0.14 min (real)
Generate toy 220/250

 -- MarkovChainMC -- 
Limit: r < 0.632308 +/- 0.00446371 @ 95% credibility (15 tries)
Done in 0.18 min (cpu), 0.18 min (real)
Generate toy 221/250

 -- MarkovChainMC -- 
Limit: r < 0.582292 +/- 0.00885407 @ 95% credibility (15 tries)
Done in 0.16 min (cpu), 0.16 min (real)
Generate toy 222/250

 -- MarkovChainMC -- 
Limit: r < 0.750342 +/- 0.0061607 @ 95% credibility (15 tries)
Done in 0.17 min (cpu), 0.17 min (real)
Generate toy 223/250

 -- MarkovChainMC -- 
Limit: r < 0.48286 +/- 0.00837874 @ 95% credibility (15 tries)
Done in 0.16 min (cpu), 0.16 min (real)
Generate toy 224/250

 -- MarkovChainMC -- 
Limit: r < 0.591582 +/- 0.0114554 @ 95% credibility (15 tries)
Done in 0.20 min (cpu), 0.20 min (real)
Generate toy 225/250

 -- MarkovChainMC -- 
Limit: r < 0.49828 +/- 0.00748412 @ 95% credibility (15 tries)
Done in 0.20 min (cpu), 0.20 min (real)
Generate toy 226/250

 -- MarkovChainMC -- 
Limit: r < 0.541487 +/- 0.0099052 @ 95% credibility (15 tries)
Done in 0.20 min (cpu), 0.20 min (real)
Generate toy 227/250

 -- MarkovChainMC -- 
Limit: r < 0.615816 +/- 0.00624707 @ 95% credibility (15 tries)
Done in 0.18 min (cpu), 0.18 min (real)
Generate toy 228/250

 -- MarkovChainMC -- 
Limit: r < 0.720304 +/- 0.00720147 @ 95% credibility (15 tries)
Done in 0.21 min (cpu), 0.21 min (real)
Generate toy 229/250

 -- MarkovChainMC -- 
Limit: r < 0.481457 +/- 0.0064634 @ 95% credibility (15 tries)
Done in 0.18 min (cpu), 0.18 min (real)
Generate toy 230/250

 -- MarkovChainMC -- 
Limit: r < 0.505096 +/- 0.00988142 @ 95% credibility (15 tries)
Done in 0.17 min (cpu), 0.17 min (real)
Generate toy 231/250

 -- MarkovChainMC -- 
Limit: r < 0.650258 +/- 0.0071689 @ 95% credibility (15 tries)
Done in 0.16 min (cpu), 0.16 min (real)
Generate toy 232/250

 -- MarkovChainMC -- 
Limit: r < 0.736912 +/- 0.00825007 @ 95% credibility (15 tries)
Done in 0.16 min (cpu), 0.16 min (real)
Generate toy 233/250

 -- MarkovChainMC -- 
Limit: r < 0.768454 +/- 0.00704924 @ 95% credibility (15 tries)
Done in 0.18 min (cpu), 0.18 min (real)
Generate toy 234/250

 -- MarkovChainMC -- 
Limit: r < 0.409102 +/- 0.00405755 @ 95% credibility (15 tries)
Done in 0.16 min (cpu), 0.16 min (real)
Generate toy 235/250

 -- MarkovChainMC -- 
Limit: r < 0.683589 +/- 0.0090634 @ 95% credibility (15 tries)
Done in 0.18 min (cpu), 0.18 min (real)
Generate toy 236/250

 -- MarkovChainMC -- 
Limit: r < 0.626097 +/- 0.0103529 @ 95% credibility (15 tries)
Done in 0.26 min (cpu), 0.26 min (real)
Generate toy 237/250

 -- MarkovChainMC -- 
Limit: r < 0.669329 +/- 0.00625875 @ 95% credibility (15 tries)
Done in 0.18 min (cpu), 0.18 min (real)
Generate toy 238/250

 -- MarkovChainMC -- 
Limit: r < 0.791999 +/- 0.00809581 @ 95% credibility (15 tries)
Done in 0.15 min (cpu), 0.15 min (real)
Generate toy 239/250

 -- MarkovChainMC -- 
Limit: r < 0.572614 +/- 0.00622957 @ 95% credibility (15 tries)
Done in 0.14 min (cpu), 0.14 min (real)
Generate toy 240/250

 -- MarkovChainMC -- 
Limit: r < 0.568678 +/- 0.00710534 @ 95% credibility (15 tries)
Done in 0.19 min (cpu), 0.19 min (real)
Generate toy 241/250

 -- MarkovChainMC -- 
Limit: r < 0.481217 +/- 0.00593218 @ 95% credibility (15 tries)
Done in 0.17 min (cpu), 0.17 min (real)
Generate toy 242/250

 -- MarkovChainMC -- 
Limit: r < 0.575753 +/- 0.00824923 @ 95% credibility (15 tries)
Done in 0.15 min (cpu), 0.15 min (real)
Generate toy 243/250

 -- MarkovChainMC -- 
Limit: r < 0.76402 +/- 0.013907 @ 95% credibility (15 tries)
Done in 0.16 min (cpu), 0.16 min (real)
Generate toy 244/250

 -- MarkovChainMC -- 
Limit: r < 0.650165 +/- 0.00974447 @ 95% credibility (15 tries)
Done in 0.20 min (cpu), 0.20 min (real)
Generate toy 245/250

 -- MarkovChainMC -- 
Limit: r < 0.517292 +/- 0.00546641 @ 95% credibility (15 tries)
Done in 0.17 min (cpu), 0.17 min (real)
Generate toy 246/250

 -- MarkovChainMC -- 
Limit: r < 0.521125 +/- 0.0100192 @ 95% credibility (15 tries)
Done in 0.17 min (cpu), 0.17 min (real)
Generate toy 247/250

 -- MarkovChainMC -- 
Limit: r < 0.562092 +/- 0.0093098 @ 95% credibility (15 tries)
Done in 0.14 min (cpu), 0.14 min (real)
Generate toy 248/250

 -- MarkovChainMC -- 
Limit: r < 0.419807 +/- 0.00520687 @ 95% credibility (15 tries)
Done in 0.13 min (cpu), 0.14 min (real)
Generate toy 249/250

 -- MarkovChainMC -- 
Limit: r < 0.606211 +/- 0.00802623 @ 95% credibility (15 tries)
Done in 0.14 min (cpu), 0.14 min (real)
Generate toy 250/250

 -- MarkovChainMC -- 
Limit: r < 0.478397 +/- 0.00935655 @ 95% credibility (15 tries)
Done in 0.16 min (cpu), 0.16 min (real)
mean   expected limit: r < 0.578877 +/- 0.0088459 @ 95%CL (250 toyMC)
median expected limit: r < 0.560845 @ 95%CL (250 toyMC)
   68% expected band : 0.44919 < r < 0.720304
   95% expected band : 0.384082 < r < 0.90733
