 <<< Combine >>> 
 <<< v10.0.2 >>>
>>> Used OpenSSL to get a truly random seed 1932353016
>>> Method used is MarkovChainMC
============================================================
Analyzing bin errors for: prop_binmuon_channel
Poisson cut-off: 10
Processes excluded for sums: Wprime4000
============================================================
Bin        Contents        Error           Notes                         
0          14565.297738    35.324358       total sum                     
0          14564.823891    35.324354       excluding marked processes    
0          170005.000000   412.316626      Unweighted events, alpha=0.085676
  => Total parameter prop_binmuon_channel_bin0[0.00,-7.00,7.00] to be Gaussian constrained
------------------------------------------------------------
1          4255.276168     12.427091       total sum                     
1          4254.818350     12.427082       excluding marked processes    
1          117226.000000   342.382827      Unweighted events, alpha=0.036300
  => Total parameter prop_binmuon_channel_bin1[0.00,-7.00,7.00] to be Gaussian constrained
------------------------------------------------------------
2          1623.805233     7.200919        total sum                     
2          1623.383539     7.200905        excluding marked processes    
2          50824.000000    225.441788      Unweighted events, alpha=0.031950
  => Total parameter prop_binmuon_channel_bin2[0.00,-7.00,7.00] to be Gaussian constrained
------------------------------------------------------------
3          721.655048      4.402369        total sum                     
3          721.273291      4.402347        excluding marked processes    
3          26843.000000    163.838335      Unweighted events, alpha=0.026884
  => Total parameter prop_binmuon_channel_bin3[0.00,-7.00,7.00] to be Gaussian constrained
------------------------------------------------------------
4          361.587436      2.939055        total sum                     
4          361.202758      2.939021        excluding marked processes    
4          15104.000000    122.898332      Unweighted events, alpha=0.023940
  => Total parameter prop_binmuon_channel_bin4[0.00,-7.00,7.00] to be Gaussian constrained
------------------------------------------------------------
5          192.714770      3.264343        total sum                     
5          192.335782      3.264313        excluding marked processes    
5          3472.000000     58.923679       Unweighted events, alpha=0.055505
  => Total parameter prop_binmuon_channel_bin5[0.00,-7.00,7.00] to be Gaussian constrained
------------------------------------------------------------
6          117.095514      3.814427        total sum                     
6          116.720936      3.814401        excluding marked processes    
6          936.000000      30.594117       Unweighted events, alpha=0.125102
  => Total parameter prop_binmuon_channel_bin6[0.00,-7.00,7.00] to be Gaussian constrained
------------------------------------------------------------
7          69.669293       1.840434        total sum                     
7          69.309991       1.840384        excluding marked processes    
7          1418.000000     37.656341       Unweighted events, alpha=0.049132
  => Total parameter prop_binmuon_channel_bin7[0.00,-7.00,7.00] to be Gaussian constrained
------------------------------------------------------------
8          40.837296       0.709212        total sum                     
8          40.455903       0.709072        excluding marked processes    
8          3255.000000     57.052607       Unweighted events, alpha=0.012546
  => Total parameter prop_binmuon_channel_bin8[0.00,-7.00,7.00] to be Gaussian constrained
------------------------------------------------------------
9          25.063348       0.370369        total sum                     
9          24.708428       0.370123        excluding marked processes    
9          4457.000000     66.760767       Unweighted events, alpha=0.005623
  => Total parameter prop_binmuon_channel_bin9[0.00,-7.00,7.00] to be Gaussian constrained
------------------------------------------------------------
10         17.311413       0.553517        total sum                     
10         16.949874       0.553344        excluding marked processes    
10         938.000000      30.626786       Unweighted events, alpha=0.018456
  => Total parameter prop_binmuon_channel_bin10[0.00,-7.00,7.00] to be Gaussian constrained
------------------------------------------------------------
11         11.707676       0.411275        total sum                     
11         11.345670       0.411039        excluding marked processes    
11         762.000000      27.604347       Unweighted events, alpha=0.015364
  => Total parameter prop_binmuon_channel_bin11[0.00,-7.00,7.00] to be Gaussian constrained
------------------------------------------------------------
12         7.922839        0.258885        total sum                     
12         7.571085        0.258536        excluding marked processes    
12         858.000000      29.291637       Unweighted events, alpha=0.009234
  => Total parameter prop_binmuon_channel_bin12[0.00,-7.00,7.00] to be Gaussian constrained
------------------------------------------------------------
13         5.597120        0.303451        total sum                     
13         5.234147        0.303136        excluding marked processes    
13         298.000000      17.262677       Unweighted events, alpha=0.018782
  => Total parameter prop_binmuon_channel_bin13[0.00,-7.00,7.00] to be Gaussian constrained
------------------------------------------------------------
14         4.323502        0.343315        total sum                     
14         3.962020        0.343037        excluding marked processes    
14         133.000000      11.532563       Unweighted events, alpha=0.032508
  => Total parameter prop_binmuon_channel_bin14[0.00,-7.00,7.00] to be Gaussian constrained
------------------------------------------------------------
15         2.897951        0.076638        total sum                     
15         2.512879        0.075307        excluding marked processes    
15         1113.000000     33.361655       Unweighted events, alpha=0.002604
  => Total parameter prop_binmuon_channel_bin15[0.00,-7.00,7.00] to be Gaussian constrained
------------------------------------------------------------
16         2.751045        0.375986        total sum                     
16         2.374412        0.375733        excluding marked processes    
16         40.000000       6.324555        Unweighted events, alpha=0.068776
  => Total parameter prop_binmuon_channel_bin16[0.00,-7.00,7.00] to be Gaussian constrained
------------------------------------------------------------
17         1.912180        0.246896        total sum                     
17         1.498693        0.246453        excluding marked processes    
17         37.000000       6.082763        Unweighted events, alpha=0.051681
  => Total parameter prop_binmuon_channel_bin17[0.00,-7.00,7.00] to be Gaussian constrained
------------------------------------------------------------
18         1.348504        0.036991        total sum                     
18         0.911363        0.033708        excluding marked processes    
18         731.000000      27.037012       Unweighted events, alpha=0.001845
  => Total parameter prop_binmuon_channel_bin18[0.00,-7.00,7.00] to be Gaussian constrained
------------------------------------------------------------
19         1.094491        0.038308        total sum                     
19         0.695322        0.035535        excluding marked processes    
19         383.000000      19.570386       Unweighted events, alpha=0.002858
  => Total parameter prop_binmuon_channel_bin19[0.00,-7.00,7.00] to be Gaussian constrained
------------------------------------------------------------
20         0.958770        0.043350        total sum                     
20         0.524754        0.040700        excluding marked processes    
20         166.000000      12.884099       Unweighted events, alpha=0.005776
  => Total parameter prop_binmuon_channel_bin20[0.00,-7.00,7.00] to be Gaussian constrained
------------------------------------------------------------
21         0.821058        0.036184        total sum                     
21         0.390895        0.033000        excluding marked processes    
21         140.000000      11.832160       Unweighted events, alpha=0.005865
  => Total parameter prop_binmuon_channel_bin21[0.00,-7.00,7.00] to be Gaussian constrained
------------------------------------------------------------
22         0.716630        0.016061        total sum                     
22         0.263872        0.004647        excluding marked processes    
22         3225.000000     56.789083       Unweighted events, alpha=0.000222
  => Total parameter prop_binmuon_channel_bin22[0.00,-7.00,7.00] to be Gaussian constrained
------------------------------------------------------------
23         0.859834        0.179185        total sum                     
23         0.405319        0.178525        excluding marked processes    
23         5.000000        2.236068        Unweighted events, alpha=0.171967
  => Number of weighted events is below Poisson threshold
    Wprime4000           0.454515        0.015364                                      
                         875.000000      29.580399       Unweighted events, alpha=0.000519
      => Parameter prop_binmuon_channel_bin23_Wprime4000[0.00,-7.00,7.00] to be Gaussian constrained
  ----------------------------------------------------------
    W_boson              0.185093        0.001594                                      
                         13488.000000    116.137849      Unweighted events, alpha=0.000014
      => Parameter prop_binmuon_channel_bin23_W_boson[0.00,-7.00,7.00] to be Gaussian constrained
  ----------------------------------------------------------
    Top                  0.000000        0.000000                                      
      => Error is zero, ignore      
  ----------------------------------------------------------
    Z_boson              0.003231        0.000111                                      
                         842.000000      29.017236       Unweighted events, alpha=0.000004
      => Parameter prop_binmuon_channel_bin23_Z_boson[0.00,-7.00,7.00] to be Gaussian constrained
  ----------------------------------------------------------
    DiBoson              0.211769        0.178497                                      
                         1.000000        1.000000        Unweighted events, alpha=0.211769
      => Product of prop_binmuon_channel_bin23_DiBoson[1.00,0.00,30.85] and const [1.0000] to be Poisson constrained
  ----------------------------------------------------------
    QCD                  0.005226        0.002726                                      
                         4.000000        2.000000        Unweighted events, alpha=0.001306
      => Product of prop_binmuon_channel_bin23_QCD[4.00,0.00,38.96] and const [0.2500] to be Poisson constrained
  ----------------------------------------------------------
------------------------------------------------------------
24         0.625767        0.015913        total sum                     
24         0.145616        0.001746        excluding marked processes    
24         6953.000000     83.384651       Unweighted events, alpha=0.000090
  => Total parameter prop_binmuon_channel_bin24[0.00,-7.00,7.00] to be Gaussian constrained
------------------------------------------------------------
25         0.569620        0.015315        total sum                     
25         0.112343        0.001815        excluding marked processes    
25         3832.000000     61.903150       Unweighted events, alpha=0.000149
  => Total parameter prop_binmuon_channel_bin25[0.00,-7.00,7.00] to be Gaussian constrained
------------------------------------------------------------
26         0.609276        0.023585        total sum                     
26         0.103035        0.017093        excluding marked processes    
26         36.000000       6.000000        Unweighted events, alpha=0.016924
  => Total parameter prop_binmuon_channel_bin26[0.00,-7.00,7.00] to be Gaussian constrained
------------------------------------------------------------
27         0.597404        0.024154        total sum                     
27         0.089553        0.017983        excluding marked processes    
27         25.000000       5.000000        Unweighted events, alpha=0.023896
  => Total parameter prop_binmuon_channel_bin27[0.00,-7.00,7.00] to be Gaussian constrained
------------------------------------------------------------
28         0.874911        0.289320        total sum                     
28         0.351378        0.288860        excluding marked processes    
28         1.000000        1.000000        Unweighted events, alpha=0.874911
  => Number of weighted events is below Poisson threshold
    Wprime4000           0.523533        0.016325                                      
                         1029.000000     32.078030       Unweighted events, alpha=0.000509
      => Parameter prop_binmuon_channel_bin28_Wprime4000[0.00,-7.00,7.00] to be Gaussian constrained
  ----------------------------------------------------------
    W_boson              0.048227        0.000513                                      
                         8851.000000     94.079753       Unweighted events, alpha=0.000005
      => Parameter prop_binmuon_channel_bin28_W_boson[0.00,-7.00,7.00] to be Gaussian constrained
  ----------------------------------------------------------
    Top                  0.000000        0.000000                                      
      => Error is zero, ignore      
  ----------------------------------------------------------
    Z_boson              0.000763        0.000042                                      
                         326.000000      18.055470       Unweighted events, alpha=0.000002
      => Parameter prop_binmuon_channel_bin28_Z_boson[0.00,-7.00,7.00] to be Gaussian constrained
  ----------------------------------------------------------
    DiBoson              0.288561        0.288561                                      
                         1.000000        1.000000        Unweighted events, alpha=0.288561
      => Product of prop_binmuon_channel_bin28_DiBoson[1.00,0.00,30.85] and const [1.0000] to be Poisson constrained
  ----------------------------------------------------------
    QCD                  0.013827        0.013120                                      
                         1.000000        1.000000        Unweighted events, alpha=0.013827
      => Product of prop_binmuon_channel_bin28_QCD[1.00,0.00,30.85] and const [1.0000] to be Poisson constrained
  ----------------------------------------------------------
------------------------------------------------------------
29         0.611006        0.020777        total sum                     
29         0.049812        0.012097        excluding marked processes    
29         17.000000       4.123106        Unweighted events, alpha=0.035942
  => Total parameter prop_binmuon_channel_bin29[0.00,-7.00,7.00] to be Gaussian constrained
------------------------------------------------------------
30         0.632824        0.017631        total sum                     
30         0.030812        0.000486        excluding marked processes    
30         4018.000000     63.387696       Unweighted events, alpha=0.000157
  => Total parameter prop_binmuon_channel_bin30[0.00,-7.00,7.00] to be Gaussian constrained
------------------------------------------------------------
31         0.669798        0.018252        total sum                     
31         0.024473        0.000771        excluding marked processes    
31         1008.000000     31.749016       Unweighted events, alpha=0.000664
  => Total parameter prop_binmuon_channel_bin31[0.00,-7.00,7.00] to be Gaussian constrained
------------------------------------------------------------
32         0.674362        0.018245        total sum                     
32         0.019380        0.001268        excluding marked processes    
32         234.000000      15.297059       Unweighted events, alpha=0.002882
  => Total parameter prop_binmuon_channel_bin32[0.00,-7.00,7.00] to be Gaussian constrained
------------------------------------------------------------
33         0.696935        0.018651        total sum                     
33         0.014035        0.000234        excluding marked processes    
33         3582.000000     59.849812       Unweighted events, alpha=0.000195
  => Total parameter prop_binmuon_channel_bin33[0.00,-7.00,7.00] to be Gaussian constrained
------------------------------------------------------------
34         0.692017        0.018582        total sum                     
34         0.011460        0.000300        excluding marked processes    
34         1462.000000     38.236109       Unweighted events, alpha=0.000473
  => Total parameter prop_binmuon_channel_bin34[0.00,-7.00,7.00] to be Gaussian constrained
------------------------------------------------------------
35         0.642831        0.017914        total sum                     
35         0.011657        0.001953        excluding marked processes    
35         36.000000       6.000000        Unweighted events, alpha=0.017856
  => Total parameter prop_binmuon_channel_bin35[0.00,-7.00,7.00] to be Gaussian constrained
------------------------------------------------------------
36         0.543078        0.016391        total sum                     
36         0.007062        0.000164        excluding marked processes    
36         1857.000000     43.092923       Unweighted events, alpha=0.000292
  => Total parameter prop_binmuon_channel_bin36[0.00,-7.00,7.00] to be Gaussian constrained
------------------------------------------------------------
37         0.455145        0.015112        total sum                     
37         0.005735        0.000149        excluding marked processes    
37         1477.000000     38.431758       Unweighted events, alpha=0.000308
  => Total parameter prop_binmuon_channel_bin37[0.00,-7.00,7.00] to be Gaussian constrained
------------------------------------------------------------
38         0.325263        0.013674        total sum                     
38         0.011105        0.005324        excluding marked processes    
38         4.000000        2.000000        Unweighted events, alpha=0.081316
  => Number of weighted events is below Poisson threshold
    Wprime4000           0.314158        0.012595                                      
                         622.000000      24.939928       Unweighted events, alpha=0.000505
      => Parameter prop_binmuon_channel_bin38_Wprime4000[0.00,-7.00,7.00] to be Gaussian constrained
  ----------------------------------------------------------
    W_boson              0.004340        0.000076                                      
                         3262.000000     57.113921       Unweighted events, alpha=0.000001
      => Parameter prop_binmuon_channel_bin38_W_boson[0.00,-7.00,7.00] to be Gaussian constrained
  ----------------------------------------------------------
    Top                  0.000000        0.000000                                      
      => Error is zero, ignore      
  ----------------------------------------------------------
    Z_boson              0.000258        0.000185                                      
                         2.000000        1.414214        Unweighted events, alpha=0.000129
      => Product of prop_binmuon_channel_bin38_Z_boson[2.00,0.00,33.79] and const [0.5000] to be Poisson constrained
  ----------------------------------------------------------
    DiBoson              0.000000        0.000000                                      
      => Error is zero, ignore      
  ----------------------------------------------------------
    QCD                  0.006507        0.005321                                      
                         1.000000        1.000000        Unweighted events, alpha=0.006507
      => Product of prop_binmuon_channel_bin38_QCD[1.00,0.00,30.85] and const [1.0000] to be Poisson constrained
  ----------------------------------------------------------
------------------------------------------------------------
39         0.205686        0.010123        total sum                     
39         0.003655        0.000062        excluding marked processes    
39         3482.000000     59.008474       Unweighted events, alpha=0.000059
  => Total parameter prop_binmuon_channel_bin39[0.00,-7.00,7.00] to be Gaussian constrained
------------------------------------------------------------
40         0.123632        0.007731        total sum                     
40         0.002865        0.000044        excluding marked processes    
40         4280.000000     65.421709       Unweighted events, alpha=0.000029
  => Total parameter prop_binmuon_channel_bin40[0.00,-7.00,7.00] to be Gaussian constrained
------------------------------------------------------------
41         0.066179        0.005695        total sum                     
41         0.003499        0.001151        excluding marked processes    
41         9.000000        3.000000        Unweighted events, alpha=0.007353
  => Number of weighted events is below Poisson threshold
    Wprime4000           0.062680        0.005577                                      
                         126.000000      11.224972       Unweighted events, alpha=0.000497
      => Parameter prop_binmuon_channel_bin41_Wprime4000[0.00,-7.00,7.00] to be Gaussian constrained
  ----------------------------------------------------------
    W_boson              0.002309        0.000036                                      
                         4166.000000     64.544558       Unweighted events, alpha=0.000001
      => Parameter prop_binmuon_channel_bin41_W_boson[0.00,-7.00,7.00] to be Gaussian constrained
  ----------------------------------------------------------
    Top                  0.000000        0.000000                                      
      => Error is zero, ignore      
  ----------------------------------------------------------
    Z_boson              0.000040        0.000003                                      
                         197.000000      14.035669       Unweighted events, alpha=0.000000
      => Parameter prop_binmuon_channel_bin41_Z_boson[0.00,-7.00,7.00] to be Gaussian constrained
  ----------------------------------------------------------
    DiBoson              0.000000        0.000000                                      
      => Error is zero, ignore      
  ----------------------------------------------------------
    QCD                  0.001150        0.001150                                      
                         1.000000        1.000000        Unweighted events, alpha=0.001150
      => Product of prop_binmuon_channel_bin41_QCD[1.00,0.00,30.85] and const [1.0000] to be Poisson constrained
  ----------------------------------------------------------
------------------------------------------------------------
42         0.047606        0.005017        total sum                     
42         0.004232        0.001609        excluding marked processes    
42         7.000000        2.645751        Unweighted events, alpha=0.006801
  => Number of weighted events is below Poisson threshold
    Wprime4000           0.043374        0.004752                                      
                         83.000000       9.110434        Unweighted events, alpha=0.000523
      => Parameter prop_binmuon_channel_bin42_Wprime4000[0.00,-7.00,7.00] to be Gaussian constrained
  ----------------------------------------------------------
    W_boson              0.001874        0.000028                                      
                         4440.000000     66.633325       Unweighted events, alpha=0.000000
      => Parameter prop_binmuon_channel_bin42_W_boson[0.00,-7.00,7.00] to be Gaussian constrained
  ----------------------------------------------------------
    Top                  0.000000        0.000000                                      
      => Error is zero, ignore      
  ----------------------------------------------------------
    Z_boson              0.000027        0.000001                                      
                         424.000000      20.591260       Unweighted events, alpha=0.000000
      => Parameter prop_binmuon_channel_bin42_Z_boson[0.00,-7.00,7.00] to be Gaussian constrained
  ----------------------------------------------------------
    DiBoson              0.000000        0.000000                                      
      => Error is zero, ignore      
  ----------------------------------------------------------
    QCD                  0.002331        0.001609                                      
                         2.000000        1.414214        Unweighted events, alpha=0.001165
      => Product of prop_binmuon_channel_bin42_QCD[2.00,0.00,33.79] and const [0.5000] to be Poisson constrained
  ----------------------------------------------------------
------------------------------------------------------------
43         0.029396        0.003719        total sum                     
43         0.001657        0.000102        excluding marked processes    
43         264.000000      16.248077       Unweighted events, alpha=0.000111
  => Total parameter prop_binmuon_channel_bin43[0.00,-7.00,7.00] to be Gaussian constrained
------------------------------------------------------------
44         0.012098        0.002273        total sum                     
44         0.001298        0.000020        excluding marked processes    
44         4240.000000     65.115282       Unweighted events, alpha=0.000003
  => Total parameter prop_binmuon_channel_bin44[0.00,-7.00,7.00] to be Gaussian constrained
------------------------------------------------------------
45         0.009175        0.002319        total sum                     
45         0.003541        0.001684        excluding marked processes    
45         4.000000        2.000000        Unweighted events, alpha=0.002294
  => Number of weighted events is below Poisson threshold
    Wprime4000           0.005634        0.001595                                      
                         12.000000       3.464102        Unweighted events, alpha=0.000470
      => Parameter prop_binmuon_channel_bin45_Wprime4000[0.00,-7.00,7.00] to be Gaussian constrained
  ----------------------------------------------------------
    W_boson              0.001182        0.000101                                      
                         138.000000      11.747340       Unweighted events, alpha=0.000009
      => Parameter prop_binmuon_channel_bin45_W_boson[0.00,-7.00,7.00] to be Gaussian constrained
  ----------------------------------------------------------
    Top                  0.000000        0.000000                                      
      => Error is zero, ignore      
  ----------------------------------------------------------
    Z_boson              0.000013        0.000001                                      
                         218.000000      14.764823       Unweighted events, alpha=0.000000
      => Parameter prop_binmuon_channel_bin45_Z_boson[0.00,-7.00,7.00] to be Gaussian constrained
  ----------------------------------------------------------
    DiBoson              0.000000        0.000000                                      
      => Error is zero, ignore      
  ----------------------------------------------------------
    QCD                  0.002345        0.001681                                      
                         2.000000        1.414214        Unweighted events, alpha=0.001173
      => Product of prop_binmuon_channel_bin45_QCD[2.00,0.00,33.79] and const [0.5000] to be Poisson constrained
  ----------------------------------------------------------
------------------------------------------------------------
46         0.006546        0.001937        total sum                     
46         0.002012        0.001105        excluding marked processes    
46         3.000000        1.732051        Unweighted events, alpha=0.002182
  => Number of weighted events is below Poisson threshold
    Wprime4000           0.004533        0.001591                                      
                         8.000000        2.828427        Unweighted events, alpha=0.000567
      => Product of prop_binmuon_channel_bin46_Wprime4000[8.00,0.12,47.91] and const [0.1250] to be Poisson constrained
  ----------------------------------------------------------
    W_boson              0.000891        0.000016                                      
                         3227.000000     56.806690       Unweighted events, alpha=0.000000
      => Parameter prop_binmuon_channel_bin46_W_boson[0.00,-7.00,7.00] to be Gaussian constrained
  ----------------------------------------------------------
    Top                  0.000000        0.000000                                      
      => Error is zero, ignore      
  ----------------------------------------------------------
    Z_boson              0.000017        0.000004                                      
                         19.000000       4.358899        Unweighted events, alpha=0.000001
      => Parameter prop_binmuon_channel_bin46_Z_boson[0.00,-7.00,7.00] to be Gaussian constrained
  ----------------------------------------------------------
    DiBoson              0.000000        0.000000                                      
      => Error is zero, ignore      
  ----------------------------------------------------------
    QCD                  0.001105        0.001105                                      
                         1.000000        1.000000        Unweighted events, alpha=0.001105
      => Product of prop_binmuon_channel_bin46_QCD[1.00,0.00,30.85] and const [1.0000] to be Poisson constrained
  ----------------------------------------------------------
------------------------------------------------------------
47         0.003071        0.001075        total sum                     
47         0.000772        0.000014        excluding marked processes    
47         2886.000000     53.721504       Unweighted events, alpha=0.000001
  => Total parameter prop_binmuon_channel_bin47[0.00,-7.00,7.00] to be Gaussian constrained
------------------------------------------------------------
48         0.004016        0.001299        total sum                     
48         0.000630        0.000014        excluding marked processes    
48         2064.000000     45.431267       Unweighted events, alpha=0.000002
  => Total parameter prop_binmuon_channel_bin48[0.00,-7.00,7.00] to be Gaussian constrained
------------------------------------------------------------
49         0.001174        0.000580        total sum                     
49         0.000506        0.000012        excluding marked processes    
49         1899.000000     43.577517       Unweighted events, alpha=0.000001
  => Total parameter prop_binmuon_channel_bin49[0.00,-7.00,7.00] to be Gaussian constrained
------------------------------------------------------------
50         0.002309        0.000912        total sum                     
50         0.000484        0.000023        excluding marked processes    
50         451.000000      21.236761       Unweighted events, alpha=0.000005
  => Total parameter prop_binmuon_channel_bin50[0.00,-7.00,7.00] to be Gaussian constrained
------------------------------------------------------------
51         0.002089        0.000866        total sum                     
51         0.000398        0.000016        excluding marked processes    
51         630.000000      25.099801       Unweighted events, alpha=0.000003
  => Total parameter prop_binmuon_channel_bin51[0.00,-7.00,7.00] to be Gaussian constrained
------------------------------------------------------------
52         0.001987        0.000816        total sum                     
52         0.000329        0.000010        excluding marked processes    
52         1155.000000     33.985291       Unweighted events, alpha=0.000002
  => Total parameter prop_binmuon_channel_bin52[0.00,-7.00,7.00] to be Gaussian constrained
------------------------------------------------------------
53         0.001413        0.001131        total sum                     
53         0.001413        0.001131        excluding marked processes    
53         2.000000        1.414214        Unweighted events, alpha=0.000707
  => Number of weighted events is below Poisson threshold
    Wprime4000           0.000000        0.000000                                      
      => Error is zero, ignore      
  ----------------------------------------------------------
    W_boson              0.000278        0.000010                                      
                         767.000000      27.694765       Unweighted events, alpha=0.000000
      => Parameter prop_binmuon_channel_bin53_W_boson[0.00,-7.00,7.00] to be Gaussian constrained
  ----------------------------------------------------------
    Top                  0.000000        0.000000                                      
      => Error is zero, ignore      
  ----------------------------------------------------------
    Z_boson              0.000004        0.000001                                      
                         11.000000       3.316625        Unweighted events, alpha=0.000000
      => Parameter prop_binmuon_channel_bin53_Z_boson[0.00,-7.00,7.00] to be Gaussian constrained
  ----------------------------------------------------------
    DiBoson              0.000000        0.000000                                      
      => Error is zero, ignore      
  ----------------------------------------------------------
    QCD                  0.001131        0.001131                                      
                         1.000000        1.000000        Unweighted events, alpha=0.001131
      => Product of prop_binmuon_channel_bin53_QCD[1.00,0.00,30.85] and const [1.0000] to be Poisson constrained
  ----------------------------------------------------------
------------------------------------------------------------
54         0.000618        0.000386        total sum                     
54         0.000232        0.000007        excluding marked processes    
54         1089.000000     33.000000       Unweighted events, alpha=0.000001
  => Total parameter prop_binmuon_channel_bin54[0.00,-7.00,7.00] to be Gaussian constrained
------------------------------------------------------------
55         0.000545        0.000219        total sum                     
55         0.000191        0.000004        excluding marked processes    
55         2009.000000     44.821870       Unweighted events, alpha=0.000000
  => Total parameter prop_binmuon_channel_bin55[0.00,-7.00,7.00] to be Gaussian constrained
------------------------------------------------------------
56         0.000699        0.000535        total sum                     
56         0.000164        0.000006        excluding marked processes    
56         674.000000      25.961510       Unweighted events, alpha=0.000001
  => Total parameter prop_binmuon_channel_bin56[0.00,-7.00,7.00] to be Gaussian constrained
------------------------------------------------------------
57         0.000959        0.000580        total sum                     
57         0.000152        0.000008        excluding marked processes    
57         347.000000      18.627936       Unweighted events, alpha=0.000003
  => Total parameter prop_binmuon_channel_bin57[0.00,-7.00,7.00] to be Gaussian constrained
------------------------------------------------------------
58         0.000122        0.000003        total sum                     
58         0.000122        0.000003        excluding marked processes    
58         2127.000000     46.119410       Unweighted events, alpha=0.000000
  => Total parameter prop_binmuon_channel_bin58[0.00,-7.00,7.00] to be Gaussian constrained
------------------------------------------------------------
59         0.000630        0.000524        total sum                     
59         0.000106        0.000003        excluding marked processes    
59         1483.000000     38.509739       Unweighted events, alpha=0.000000
  => Total parameter prop_binmuon_channel_bin59[0.00,-7.00,7.00] to be Gaussian constrained
------------------------------------------------------------
60         0.001976        0.001141        total sum                     
60         0.000093        0.000004        excluding marked processes    
60         707.000000      26.589472       Unweighted events, alpha=0.000003
  => Total parameter prop_binmuon_channel_bin60[0.00,-7.00,7.00] to be Gaussian constrained
------------------------------------------------------------
61         0.000084        0.000006        total sum                     
61         0.000084        0.000006        excluding marked processes    
61         184.000000      13.564660       Unweighted events, alpha=0.000000
  => Total parameter prop_binmuon_channel_bin61[0.00,-7.00,7.00] to be Gaussian constrained
------------------------------------------------------------
62         0.000306        0.000226        total sum                     
62         0.000080        0.000010        excluding marked processes    
62         70.000000       8.366600        Unweighted events, alpha=0.000004
  => Total parameter prop_binmuon_channel_bin62[0.00,-7.00,7.00] to be Gaussian constrained
------------------------------------------------------------
63         0.000065        0.000005        total sum                     
63         0.000065        0.000005        excluding marked processes    
63         157.000000      12.529964       Unweighted events, alpha=0.000000
  => Total parameter prop_binmuon_channel_bin63[0.00,-7.00,7.00] to be Gaussian constrained
------------------------------------------------------------
64         0.000056        0.000007        total sum                     
64         0.000056        0.000007        excluding marked processes    
64         60.000000       7.745967        Unweighted events, alpha=0.000001
  => Total parameter prop_binmuon_channel_bin64[0.00,-7.00,7.00] to be Gaussian constrained
------------------------------------------------------------
65         0.000643        0.000600        total sum                     
65         0.000043        0.000001        excluding marked processes    
65         2504.000000     50.039984       Unweighted events, alpha=0.000000
  => Total parameter prop_binmuon_channel_bin65[0.00,-7.00,7.00] to be Gaussian constrained
------------------------------------------------------------
66         0.000037        0.000001        total sum                     
66         0.000037        0.000001        excluding marked processes    
66         2289.000000     47.843495       Unweighted events, alpha=0.000000
  => Total parameter prop_binmuon_channel_bin66[0.00,-7.00,7.00] to be Gaussian constrained
------------------------------------------------------------
Channel muon_channel will use autoMCStats with settings: event-threshold=10, include-signal=0, hist-mode=1
Generate toy 1/100

 -- MarkovChainMC -- 
Limit: r < 0.642926 +/- 0.00829863 @ 95% credibility (15 tries)
Done in 0.31 min (cpu), 0.31 min (real)
Generate toy 2/100

 -- MarkovChainMC -- 
Limit: r < 0.325413 +/- 0.00795975 @ 95% credibility (15 tries)
Done in 0.27 min (cpu), 0.28 min (real)
Generate toy 3/100

 -- MarkovChainMC -- 
Limit: r < 0.428952 +/- 0.00560291 @ 95% credibility (15 tries)
Done in 0.22 min (cpu), 0.23 min (real)
Generate toy 4/100

 -- MarkovChainMC -- 
Limit: r < 0.6639 +/- 0.0124465 @ 95% credibility (15 tries)
Done in 0.31 min (cpu), 0.32 min (real)
Generate toy 5/100

 -- MarkovChainMC -- 
Limit: r < 0.419504 +/- 0.0109121 @ 95% credibility (15 tries)
Done in 0.27 min (cpu), 0.28 min (real)
Generate toy 6/100

 -- MarkovChainMC -- 
Limit: r < 0.583914 +/- 0.0119162 @ 95% credibility (15 tries)
Done in 0.22 min (cpu), 0.22 min (real)
Generate toy 7/100

 -- MarkovChainMC -- 
Limit: r < 0.608162 +/- 0.00407028 @ 95% credibility (15 tries)
Done in 0.22 min (cpu), 0.23 min (real)
Generate toy 8/100

 -- MarkovChainMC -- 
Limit: r < 0.369314 +/- 0.0086736 @ 95% credibility (15 tries)
Done in 0.20 min (cpu), 0.21 min (real)
Generate toy 9/100

 -- MarkovChainMC -- 
Limit: r < 0.787632 +/- 0.0110608 @ 95% credibility (15 tries)
Done in 0.26 min (cpu), 0.27 min (real)
Generate toy 10/100

 -- MarkovChainMC -- 
Limit: r < 0.41743 +/- 0.00700611 @ 95% credibility (15 tries)
Done in 0.27 min (cpu), 0.27 min (real)
Generate toy 11/100

 -- MarkovChainMC -- 
Limit: r < 0.48863 +/- 0.00679337 @ 95% credibility (15 tries)
Done in 0.31 min (cpu), 0.31 min (real)
Generate toy 12/100

 -- MarkovChainMC -- 
Limit: r < 0.793198 +/- 0.0148236 @ 95% credibility (15 tries)
Done in 0.24 min (cpu), 0.25 min (real)
Generate toy 13/100

 -- MarkovChainMC -- 
Limit: r < 0.436253 +/- 0.00560174 @ 95% credibility (15 tries)
Done in 0.26 min (cpu), 0.26 min (real)
Generate toy 14/100

 -- MarkovChainMC -- 
Limit: r < 0.608417 +/- 0.00782343 @ 95% credibility (15 tries)
Done in 0.28 min (cpu), 0.28 min (real)
Generate toy 15/100

 -- MarkovChainMC -- 
Limit: r < 0.338258 +/- 0.00714503 @ 95% credibility (15 tries)
Done in 0.26 min (cpu), 0.26 min (real)
Generate toy 16/100

 -- MarkovChainMC -- 
Limit: r < 0.555801 +/- 0.0104979 @ 95% credibility (15 tries)
Done in 0.32 min (cpu), 0.32 min (real)
Generate toy 17/100

 -- MarkovChainMC -- 
Limit: r < 0.457446 +/- 0.0134868 @ 95% credibility (15 tries)
Done in 0.30 min (cpu), 0.31 min (real)
Generate toy 18/100

 -- MarkovChainMC -- 
Limit: r < 0.369157 +/- 0.00443306 @ 95% credibility (15 tries)
Done in 0.29 min (cpu), 0.30 min (real)
Generate toy 19/100

 -- MarkovChainMC -- 
Limit: r < 0.411108 +/- 0.0043285 @ 95% credibility (15 tries)
Done in 0.25 min (cpu), 0.26 min (real)
Generate toy 20/100

 -- MarkovChainMC -- 
Limit: r < 1.02703 +/- 0.0125478 @ 95% credibility (15 tries)
Done in 0.27 min (cpu), 0.27 min (real)
Generate toy 21/100

 -- MarkovChainMC -- 
Limit: r < 0.394787 +/- 0.00504729 @ 95% credibility (15 tries)
Done in 0.24 min (cpu), 0.24 min (real)
Generate toy 22/100

 -- MarkovChainMC -- 
Limit: r < 0.444444 +/- 0.00756101 @ 95% credibility (15 tries)
Done in 0.21 min (cpu), 0.21 min (real)
Generate toy 23/100

 -- MarkovChainMC -- 
Limit: r < 0.438047 +/- 0.00533185 @ 95% credibility (15 tries)
Done in 0.24 min (cpu), 0.24 min (real)
Generate toy 24/100

 -- MarkovChainMC -- 
Limit: r < 0.57578 +/- 0.0111523 @ 95% credibility (15 tries)
Done in 0.32 min (cpu), 0.32 min (real)
Generate toy 25/100

 -- MarkovChainMC -- 
Limit: r < 0.453586 +/- 0.0079525 @ 95% credibility (15 tries)
Done in 0.30 min (cpu), 0.31 min (real)
Generate toy 26/100

 -- MarkovChainMC -- 
Limit: r < 0.595645 +/- 0.0114589 @ 95% credibility (15 tries)
Done in 0.32 min (cpu), 0.32 min (real)
Generate toy 27/100

 -- MarkovChainMC -- 
Limit: r < 0.503631 +/- 0.00732135 @ 95% credibility (15 tries)
Done in 0.31 min (cpu), 0.31 min (real)
Generate toy 28/100

 -- MarkovChainMC -- 
Limit: r < 0.437318 +/- 0.00682228 @ 95% credibility (15 tries)
Done in 0.30 min (cpu), 0.31 min (real)
Generate toy 29/100

 -- MarkovChainMC -- 
Limit: r < 0.453362 +/- 0.00999654 @ 95% credibility (15 tries)
Done in 0.27 min (cpu), 0.27 min (real)
Generate toy 30/100

 -- MarkovChainMC -- 
Limit: r < 0.50419 +/- 0.00833439 @ 95% credibility (15 tries)
Done in 0.27 min (cpu), 0.28 min (real)
Generate toy 31/100

 -- MarkovChainMC -- 
Limit: r < 0.429337 +/- 0.00628823 @ 95% credibility (15 tries)
Done in 0.24 min (cpu), 0.24 min (real)
Generate toy 32/100

 -- MarkovChainMC -- 
Limit: r < 0.532681 +/- 0.00644379 @ 95% credibility (15 tries)
Done in 0.29 min (cpu), 0.29 min (real)
Generate toy 33/100

 -- MarkovChainMC -- 
Limit: r < 0.624255 +/- 0.00271111 @ 95% credibility (15 tries)
Done in 0.30 min (cpu), 0.30 min (real)
Generate toy 34/100

 -- MarkovChainMC -- 
Limit: r < 0.339037 +/- 0.0052662 @ 95% credibility (15 tries)
Done in 0.23 min (cpu), 0.23 min (real)
Generate toy 35/100

 -- MarkovChainMC -- 
Limit: r < 0.730772 +/- 0.00662762 @ 95% credibility (15 tries)
Done in 0.27 min (cpu), 0.27 min (real)
Generate toy 36/100

 -- MarkovChainMC -- 
Limit: r < 0.3573 +/- 0.00694148 @ 95% credibility (15 tries)
Done in 0.23 min (cpu), 0.23 min (real)
Generate toy 37/100

 -- MarkovChainMC -- 
Limit: r < 0.487927 +/- 0.00414034 @ 95% credibility (15 tries)
Done in 0.27 min (cpu), 0.27 min (real)
Generate toy 38/100

 -- MarkovChainMC -- 
Limit: r < 0.290071 +/- 0.00368979 @ 95% credibility (15 tries)
Done in 0.25 min (cpu), 0.25 min (real)
Generate toy 39/100

 -- MarkovChainMC -- 
Limit: r < 0.39311 +/- 0.00594927 @ 95% credibility (15 tries)
Done in 0.30 min (cpu), 0.30 min (real)
Generate toy 40/100

 -- MarkovChainMC -- 
Limit: r < 0.864806 +/- 0.0110165 @ 95% credibility (15 tries)
Done in 0.33 min (cpu), 0.33 min (real)
Generate toy 41/100

 -- MarkovChainMC -- 
Limit: r < 0.313945 +/- 0.00996964 @ 95% credibility (15 tries)
Done in 0.30 min (cpu), 0.30 min (real)
Generate toy 42/100

 -- MarkovChainMC -- 
Limit: r < 0.449641 +/- 0.00402976 @ 95% credibility (15 tries)
Done in 0.31 min (cpu), 0.32 min (real)
Generate toy 43/100

 -- MarkovChainMC -- 
Limit: r < 0.303635 +/- 0.00933819 @ 95% credibility (15 tries)
Done in 0.30 min (cpu), 0.30 min (real)
Generate toy 44/100

 -- MarkovChainMC -- 
Limit: r < 0.459451 +/- 0.00745091 @ 95% credibility (15 tries)
Done in 0.29 min (cpu), 0.29 min (real)
Generate toy 45/100

 -- MarkovChainMC -- 
Limit: r < 0.694811 +/- 0.0156441 @ 95% credibility (15 tries)
Done in 0.29 min (cpu), 0.30 min (real)
Generate toy 46/100

 -- MarkovChainMC -- 
Limit: r < 0.792021 +/- 0.0167717 @ 95% credibility (15 tries)
Done in 0.32 min (cpu), 0.33 min (real)
Generate toy 47/100

 -- MarkovChainMC -- 
Limit: r < 0.347022 +/- 0.00883781 @ 95% credibility (15 tries)
Done in 0.29 min (cpu), 0.29 min (real)
Generate toy 48/100

 -- MarkovChainMC -- 
Limit: r < 0.608788 +/- 0.0050221 @ 95% credibility (15 tries)
Done in 0.32 min (cpu), 0.32 min (real)
Generate toy 49/100

 -- MarkovChainMC -- 
Limit: r < 0.369785 +/- 0.00494269 @ 95% credibility (15 tries)
Done in 0.29 min (cpu), 0.29 min (real)
Generate toy 50/100

 -- MarkovChainMC -- 
Limit: r < 0.396705 +/- 0.0062874 @ 95% credibility (15 tries)
Done in 0.30 min (cpu), 0.30 min (real)
Generate toy 51/100

 -- MarkovChainMC -- 
Limit: r < 0.421607 +/- 0.0092932 @ 95% credibility (15 tries)
Done in 0.30 min (cpu), 0.30 min (real)
Generate toy 52/100

 -- MarkovChainMC -- 
Limit: r < 0.44861 +/- 0.0073287 @ 95% credibility (15 tries)
Done in 0.30 min (cpu), 0.31 min (real)
Generate toy 53/100

 -- MarkovChainMC -- 
Limit: r < 0.339548 +/- 0.00748381 @ 95% credibility (15 tries)
Done in 0.24 min (cpu), 0.25 min (real)
Generate toy 54/100

 -- MarkovChainMC -- 
Limit: r < 0.396866 +/- 0.00824301 @ 95% credibility (15 tries)
Done in 0.21 min (cpu), 0.21 min (real)
Generate toy 55/100

 -- MarkovChainMC -- 
Limit: r < 0.375365 +/- 0.00920047 @ 95% credibility (15 tries)
Done in 0.25 min (cpu), 0.25 min (real)
Generate toy 56/100

 -- MarkovChainMC -- 
Limit: r < 0.369052 +/- 0.0104717 @ 95% credibility (15 tries)
Done in 0.30 min (cpu), 0.30 min (real)
Generate toy 57/100

 -- MarkovChainMC -- 
Limit: r < 0.4945 +/- 0.00767123 @ 95% credibility (15 tries)
Done in 0.30 min (cpu), 0.31 min (real)
Generate toy 58/100

 -- MarkovChainMC -- 
Limit: r < 0.353883 +/- 0.00988549 @ 95% credibility (15 tries)
Done in 0.31 min (cpu), 0.31 min (real)
Generate toy 59/100

 -- MarkovChainMC -- 
Limit: r < 0.422854 +/- 0.00834516 @ 95% credibility (15 tries)
Done in 0.26 min (cpu), 0.26 min (real)
Generate toy 60/100

 -- MarkovChainMC -- 
Limit: r < 0.391765 +/- 0.00866556 @ 95% credibility (15 tries)
Done in 0.23 min (cpu), 0.23 min (real)
Generate toy 61/100

 -- MarkovChainMC -- 
Limit: r < 0.330004 +/- 0.0081404 @ 95% credibility (15 tries)
Done in 0.22 min (cpu), 0.22 min (real)
Generate toy 62/100

 -- MarkovChainMC -- 
Limit: r < 0.464921 +/- 0.00598524 @ 95% credibility (15 tries)
Done in 0.21 min (cpu), 0.21 min (real)
Generate toy 63/100

 -- MarkovChainMC -- 
Limit: r < 0.343944 +/- 0.00851413 @ 95% credibility (15 tries)
Done in 0.23 min (cpu), 0.23 min (real)
Generate toy 64/100

 -- MarkovChainMC -- 
Limit: r < 0.450307 +/- 0.00887553 @ 95% credibility (15 tries)
Done in 0.22 min (cpu), 0.22 min (real)
Generate toy 65/100

 -- MarkovChainMC -- 
Limit: r < 0.560645 +/- 0.0155681 @ 95% credibility (15 tries)
Done in 0.23 min (cpu), 0.23 min (real)
Generate toy 66/100

 -- MarkovChainMC -- 
Limit: r < 0.75071 +/- 0.0131046 @ 95% credibility (15 tries)
Done in 0.25 min (cpu), 0.25 min (real)
Generate toy 67/100

 -- MarkovChainMC -- 
Limit: r < 0.539192 +/- 0.00896752 @ 95% credibility (15 tries)
Done in 0.32 min (cpu), 0.32 min (real)
Generate toy 68/100

 -- MarkovChainMC -- 
Limit: r < 0.428613 +/- 0.00929591 @ 95% credibility (15 tries)
Done in 0.31 min (cpu), 0.31 min (real)
Generate toy 69/100

 -- MarkovChainMC -- 
Limit: r < 0.55627 +/- 0.0135173 @ 95% credibility (15 tries)
Done in 0.32 min (cpu), 0.33 min (real)
Generate toy 70/100

 -- MarkovChainMC -- 
Limit: r < 0.431413 +/- 0.00275922 @ 95% credibility (15 tries)
Done in 0.27 min (cpu), 0.27 min (real)
Generate toy 71/100

 -- MarkovChainMC -- 
Limit: r < 0.387666 +/- 0.00208101 @ 95% credibility (15 tries)
Done in 0.30 min (cpu), 0.31 min (real)
Generate toy 72/100

 -- MarkovChainMC -- 
Limit: r < 0.380361 +/- 0.00975826 @ 95% credibility (15 tries)
Done in 0.29 min (cpu), 0.29 min (real)
Generate toy 73/100

 -- MarkovChainMC -- 
Limit: r < 0.46907 +/- 0.0094492 @ 95% credibility (15 tries)
Done in 0.31 min (cpu), 0.31 min (real)
Generate toy 74/100

 -- MarkovChainMC -- 
Limit: r < 0.502784 +/- 0.012588 @ 95% credibility (15 tries)
Done in 0.30 min (cpu), 0.31 min (real)
Generate toy 75/100

 -- MarkovChainMC -- 
Limit: r < 0.360343 +/- 0.00355511 @ 95% credibility (15 tries)
Done in 0.20 min (cpu), 0.21 min (real)
Generate toy 76/100

 -- MarkovChainMC -- 
Limit: r < 0.32801 +/- 0.00375627 @ 95% credibility (15 tries)
Done in 0.23 min (cpu), 0.23 min (real)
Generate toy 77/100

 -- MarkovChainMC -- 
Limit: r < 0.405632 +/- 0.00856921 @ 95% credibility (15 tries)
Done in 0.21 min (cpu), 0.22 min (real)
Generate toy 78/100

 -- MarkovChainMC -- 
Limit: r < 0.623372 +/- 0.0102308 @ 95% credibility (15 tries)
Done in 0.26 min (cpu), 0.26 min (real)
Generate toy 79/100

 -- MarkovChainMC -- 
Limit: r < 0.418452 +/- 0.00719557 @ 95% credibility (15 tries)
Done in 0.29 min (cpu), 0.29 min (real)
Generate toy 80/100

 -- MarkovChainMC -- 
Limit: r < 0.621698 +/- 0.00798648 @ 95% credibility (15 tries)
Done in 0.26 min (cpu), 0.26 min (real)
Generate toy 81/100

 -- MarkovChainMC -- 
Limit: r < 0.400092 +/- 0.00911252 @ 95% credibility (15 tries)
Done in 0.28 min (cpu), 0.28 min (real)
Generate toy 82/100

 -- MarkovChainMC -- 
Limit: r < 0.515135 +/- 0.00843727 @ 95% credibility (15 tries)
Done in 0.22 min (cpu), 0.23 min (real)
Generate toy 83/100

 -- MarkovChainMC -- 
Limit: r < 0.402966 +/- 0.00450353 @ 95% credibility (15 tries)
Done in 0.23 min (cpu), 0.23 min (real)
Generate toy 84/100

 -- MarkovChainMC -- 
Limit: r < 0.472148 +/- 0.00940722 @ 95% credibility (15 tries)
Done in 0.24 min (cpu), 0.25 min (real)
Generate toy 85/100

 -- MarkovChainMC -- 
Limit: r < 0.416126 +/- 0.00513184 @ 95% credibility (15 tries)
Done in 0.22 min (cpu), 0.23 min (real)
Generate toy 86/100

 -- MarkovChainMC -- 
Limit: r < 0.459931 +/- 0.0130591 @ 95% credibility (15 tries)
Done in 0.30 min (cpu), 0.30 min (real)
Generate toy 87/100

 -- MarkovChainMC -- 
Limit: r < 0.466082 +/- 0.00859489 @ 95% credibility (15 tries)
Done in 0.30 min (cpu), 0.30 min (real)
Generate toy 88/100

 -- MarkovChainMC -- 
Limit: r < 0.394722 +/- 0.0103523 @ 95% credibility (15 tries)
Done in 0.30 min (cpu), 0.30 min (real)
Generate toy 89/100

 -- MarkovChainMC -- 
Limit: r < 0.562139 +/- 0.00502998 @ 95% credibility (15 tries)
Done in 0.31 min (cpu), 0.32 min (real)
Generate toy 90/100

 -- MarkovChainMC -- 
Limit: r < 0.526411 +/- 0.0066743 @ 95% credibility (15 tries)
Done in 0.30 min (cpu), 0.30 min (real)
Generate toy 91/100

 -- MarkovChainMC -- 
Limit: r < 0.451127 +/- 0.0100303 @ 95% credibility (15 tries)
Done in 0.28 min (cpu), 0.28 min (real)
Generate toy 92/100

 -- MarkovChainMC -- 
Limit: r < 0.390245 +/- 0.00841411 @ 95% credibility (15 tries)
Done in 0.30 min (cpu), 0.30 min (real)
Generate toy 93/100

 -- MarkovChainMC -- 
Limit: r < 0.417726 +/- 0.00837399 @ 95% credibility (15 tries)
Done in 0.30 min (cpu), 0.30 min (real)
Generate toy 94/100

 -- MarkovChainMC -- 
Limit: r < 0.352558 +/- 0.00611789 @ 95% credibility (15 tries)
Done in 0.28 min (cpu), 0.29 min (real)
Generate toy 95/100

 -- MarkovChainMC -- 
Limit: r < 0.618401 +/- 0.00967371 @ 95% credibility (15 tries)
Done in 0.32 min (cpu), 0.32 min (real)
Generate toy 96/100

 -- MarkovChainMC -- 
Limit: r < 0.341718 +/- 0.0063407 @ 95% credibility (15 tries)
Done in 0.27 min (cpu), 0.28 min (real)
Generate toy 97/100

 -- MarkovChainMC -- 
Limit: r < 0.505293 +/- 0.0125566 @ 95% credibility (15 tries)
Done in 0.32 min (cpu), 0.32 min (real)
Generate toy 98/100

 -- MarkovChainMC -- 
Limit: r < 0.39349 +/- 0.00740394 @ 95% credibility (15 tries)
Done in 0.26 min (cpu), 0.26 min (real)
Generate toy 99/100

 -- MarkovChainMC -- 
Limit: r < 0.341335 +/- 0.0052903 @ 95% credibility (15 tries)
Done in 0.29 min (cpu), 0.29 min (real)
Generate toy 100/100

 -- MarkovChainMC -- 
Limit: r < 0.889761 +/- 0.00849366 @ 95% credibility (15 tries)
Done in 0.34 min (cpu), 0.35 min (real)
mean   expected limit: r < 0.480032 +/- 0.0139216 @ 95%CL (100 toyMC)
median expected limit: r < 0.441246 @ 95%CL (100 toyMC)
   68% expected band : 0.360343 < r < 0.608788
   95% expected band : 0.313945 < r < 0.889761
