 <<< Combine >>> 
 <<< v10.0.2 >>>
>>> Used OpenSSL to get a truly random seed -51102853
>>> Method used is MarkovChainMC
============================================================
Analyzing bin errors for: prop_binmuon_channel
Poisson cut-off: 10
Processes excluded for sums: Wprime5000
============================================================
Bin        Contents        Error           Notes                         
0          97928.158562    143.452449      total sum                     
0          97927.088379    143.452446      excluding marked processes    
0          466004.000000   682.644856      Unweighted events, alpha=0.210144
  => Total parameter prop_binmuon_channel_bin0[0.00,-7.00,7.00] to be Gaussian constrained
------------------------------------------------------------
1          18599.415059    43.287004       total sum                     
1          18598.441742    43.286995       excluding marked processes    
1          184603.000000   429.654512      Unweighted events, alpha=0.100754
  => Total parameter prop_binmuon_channel_bin1[0.00,-7.00,7.00] to be Gaussian constrained
------------------------------------------------------------
2          5510.135368     14.282162       total sum                     
2          5509.226654     14.282136       excluding marked processes    
2          148797.000000   385.742142      Unweighted events, alpha=0.037031
  => Total parameter prop_binmuon_channel_bin2[0.00,-7.00,7.00] to be Gaussian constrained
------------------------------------------------------------
3          2098.491597     7.598938        total sum                     
3          2097.630645     7.598890        excluding marked processes    
3          76200.000000    276.043475      Unweighted events, alpha=0.027539
  => Total parameter prop_binmuon_channel_bin3[0.00,-7.00,7.00] to be Gaussian constrained
------------------------------------------------------------
4          925.655376      4.385995        total sum                     
4          924.879395      4.385865        excluding marked processes    
4          44469.000000    210.876741      Unweighted events, alpha=0.020816
  => Total parameter prop_binmuon_channel_bin4[0.00,-7.00,7.00] to be Gaussian constrained
------------------------------------------------------------
5          462.771693      3.203179        total sum                     
5          462.072406      3.203089        excluding marked processes    
5          20810.000000    144.256716      Unweighted events, alpha=0.022238
  => Total parameter prop_binmuon_channel_bin5[0.00,-7.00,7.00] to be Gaussian constrained
------------------------------------------------------------
6          246.139095      2.241600        total sum                     
6          245.522577      2.241485        excluding marked processes    
6          11998.000000    109.535382      Unweighted events, alpha=0.020515
  => Total parameter prop_binmuon_channel_bin6[0.00,-7.00,7.00] to be Gaussian constrained
------------------------------------------------------------
7          140.896348      1.752879        total sum                     
7          140.272143      1.752732        excluding marked processes    
7          6405.000000     80.031244       Unweighted events, alpha=0.021998
  => Total parameter prop_binmuon_channel_bin7[0.00,-7.00,7.00] to be Gaussian constrained
------------------------------------------------------------
8          83.998805       1.563546        total sum                     
8          83.503330       1.563419        excluding marked processes    
8          2853.000000     53.413481       Unweighted events, alpha=0.029442
  => Total parameter prop_binmuon_channel_bin8[0.00,-7.00,7.00] to be Gaussian constrained
------------------------------------------------------------
9          52.359889       0.794919        total sum                     
9          51.894250       0.794687        excluding marked processes    
9          4264.000000     65.299311       Unweighted events, alpha=0.012280
  => Total parameter prop_binmuon_channel_bin9[0.00,-7.00,7.00] to be Gaussian constrained
------------------------------------------------------------
10         31.611314       0.466618        total sum                     
10         31.175586       0.466234        excluding marked processes    
10         4471.000000     66.865537       Unweighted events, alpha=0.007070
  => Total parameter prop_binmuon_channel_bin10[0.00,-7.00,7.00] to be Gaussian constrained
------------------------------------------------------------
11         21.776682       0.554194        total sum                     
11         21.386719       0.553915        excluding marked processes    
11         1491.000000     38.613469       Unweighted events, alpha=0.014605
  => Total parameter prop_binmuon_channel_bin11[0.00,-7.00,7.00] to be Gaussian constrained
------------------------------------------------------------
12         14.106897       0.234673        total sum                     
12         13.733996       0.234017        excluding marked processes    
12         3444.000000     58.685603       Unweighted events, alpha=0.004096
  => Total parameter prop_binmuon_channel_bin12[0.00,-7.00,7.00] to be Gaussian constrained
------------------------------------------------------------
13         9.831555        0.295012        total sum                     
13         9.453906        0.294480        excluding marked processes    
13         1031.000000     32.109189       Unweighted events, alpha=0.009536
  => Total parameter prop_binmuon_channel_bin13[0.00,-7.00,7.00] to be Gaussian constrained
------------------------------------------------------------
14         7.352348        0.340402        total sum                     
14         6.995942        0.339959        excluding marked processes    
14         423.000000      20.566964       Unweighted events, alpha=0.017381
  => Total parameter prop_binmuon_channel_bin14[0.00,-7.00,7.00] to be Gaussian constrained
------------------------------------------------------------
15         4.944119        0.253527        total sum                     
15         4.638036        0.253018        excluding marked processes    
15         336.000000      18.330303       Unweighted events, alpha=0.014715
  => Total parameter prop_binmuon_channel_bin15[0.00,-7.00,7.00] to be Gaussian constrained
------------------------------------------------------------
16         3.744803        0.257555        total sum                     
16         3.426361        0.257057        excluding marked processes    
16         178.000000      13.341664       Unweighted events, alpha=0.021038
  => Total parameter prop_binmuon_channel_bin16[0.00,-7.00,7.00] to be Gaussian constrained
------------------------------------------------------------
17         2.836370        0.154233        total sum                     
17         2.519276        0.153400        excluding marked processes    
17         270.000000      16.431677       Unweighted events, alpha=0.010505
  => Total parameter prop_binmuon_channel_bin17[0.00,-7.00,7.00] to be Gaussian constrained
------------------------------------------------------------
18         1.864306        0.050165        total sum                     
18         1.565059        0.047566        excluding marked processes    
18         1083.000000     32.908965       Unweighted events, alpha=0.001721
  => Total parameter prop_binmuon_channel_bin18[0.00,-7.00,7.00] to be Gaussian constrained
------------------------------------------------------------
19         1.571851        0.095018        total sum                     
19         1.306537        0.093879        excluding marked processes    
19         194.000000      13.928388       Unweighted events, alpha=0.008102
  => Total parameter prop_binmuon_channel_bin19[0.00,-7.00,7.00] to be Gaussian constrained
------------------------------------------------------------
20         1.144782        0.043554        total sum                     
20         0.820368        0.040194        excluding marked processes    
20         417.000000      20.420578       Unweighted events, alpha=0.002745
  => Total parameter prop_binmuon_channel_bin20[0.00,-7.00,7.00] to be Gaussian constrained
------------------------------------------------------------
21         0.951934        0.048078        total sum                     
21         0.659491        0.045577        excluding marked processes    
21         209.000000      14.456832       Unweighted events, alpha=0.004555
  => Total parameter prop_binmuon_channel_bin21[0.00,-7.00,7.00] to be Gaussian constrained
------------------------------------------------------------
22         0.996373        0.213026        total sum                     
22         0.709608        0.212472        excluding marked processes    
22         11.000000       3.316625        Unweighted events, alpha=0.090579
  => Total parameter prop_binmuon_channel_bin22[0.00,-7.00,7.00] to be Gaussian constrained
------------------------------------------------------------
23         0.581569        0.018697        total sum                     
23         0.323697        0.011903        excluding marked processes    
23         740.000000      27.202941       Unweighted events, alpha=0.000786
  => Total parameter prop_binmuon_channel_bin23[0.00,-7.00,7.00] to be Gaussian constrained
------------------------------------------------------------
24         1.018155        0.471887        total sum                     
24         0.724312        0.471632        excluding marked processes    
24         2.000000        1.414214        Unweighted events, alpha=0.509078
  => Number of weighted events is below Poisson threshold
    Wprime5000           0.293843        0.015486                                      
                         360.000000      18.973666       Unweighted events, alpha=0.000816
      => Parameter prop_binmuon_channel_bin24_Wprime5000[0.00,-7.00,7.00] to be Gaussian constrained
  ----------------------------------------------------------
    W_boson              0.237965        0.001645                                      
                         20918.000000    144.630564      Unweighted events, alpha=0.000011
      => Parameter prop_binmuon_channel_bin24_W_boson[0.00,-7.00,7.00] to be Gaussian constrained
  ----------------------------------------------------------
    Top                  0.000000        0.000000                                      
      => Error is zero, ignore      
  ----------------------------------------------------------
    Z_boson              0.003903        0.000121                                      
                         1043.000000     32.295511       Unweighted events, alpha=0.000004
      => Parameter prop_binmuon_channel_bin24_Z_boson[0.00,-7.00,7.00] to be Gaussian constrained
  ----------------------------------------------------------
    DiBoson              0.000000        0.000644                                      
      => Poisson not viable, prop_binmuon_channel_bin24_DiBoson[0.00,-7.00,7.00] to be Gaussian constrained
  ----------------------------------------------------------
    QCD                  0.482445        0.471629                                      
                         1.000000        1.000000        Unweighted events, alpha=0.482445
      => Product of prop_binmuon_channel_bin24_QCD[1.00,0.00,30.85] and const [1.0000] to be Poisson constrained
  ----------------------------------------------------------
------------------------------------------------------------
25         0.449360        0.014748        total sum                     
25         0.182565        0.001750        excluding marked processes    
25         10888.000000    104.345580      Unweighted events, alpha=0.000041
  => Total parameter prop_binmuon_channel_bin25[0.00,-7.00,7.00] to be Gaussian constrained
------------------------------------------------------------
26         0.412745        0.016947        total sum                     
26         0.153973        0.008863        excluding marked processes    
26         302.000000      17.378147       Unweighted events, alpha=0.001367
  => Total parameter prop_binmuon_channel_bin26[0.00,-7.00,7.00] to be Gaussian constrained
------------------------------------------------------------
27         0.454867        0.030656        total sum                     
27         0.136377        0.026096        excluding marked processes    
27         27.000000       5.196152        Unweighted events, alpha=0.016847
  => Total parameter prop_binmuon_channel_bin27[0.00,-7.00,7.00] to be Gaussian constrained
------------------------------------------------------------
28         0.406109        0.016492        total sum                     
28         0.081851        0.001145        excluding marked processes    
28         5106.000000     71.456280       Unweighted events, alpha=0.000080
  => Total parameter prop_binmuon_channel_bin28[0.00,-7.00,7.00] to be Gaussian constrained
------------------------------------------------------------
29         0.361410        0.023191        total sum                     
29         0.081216        0.017618        excluding marked processes    
29         21.000000       4.582576        Unweighted events, alpha=0.017210
  => Total parameter prop_binmuon_channel_bin29[0.00,-7.00,7.00] to be Gaussian constrained
------------------------------------------------------------
30         0.375071        0.021164        total sum                     
30         0.066199        0.013911        excluding marked processes    
30         23.000000       4.795832        Unweighted events, alpha=0.016307
  => Total parameter prop_binmuon_channel_bin30[0.00,-7.00,7.00] to be Gaussian constrained
------------------------------------------------------------
31         0.375880        0.016760        total sum                     
31         0.037251        0.000838        excluding marked processes    
31         1976.000000     44.452222       Unweighted events, alpha=0.000190
  => Total parameter prop_binmuon_channel_bin31[0.00,-7.00,7.00] to be Gaussian constrained
------------------------------------------------------------
32         0.355499        0.016415        total sum                     
32         0.030622        0.001494        excluding marked processes    
32         420.000000      20.493902       Unweighted events, alpha=0.000846
  => Total parameter prop_binmuon_channel_bin32[0.00,-7.00,7.00] to be Gaussian constrained
------------------------------------------------------------
33         0.330599        0.016101        total sum                     
33         0.023589        0.000934        excluding marked processes    
33         639.000000      25.278449       Unweighted events, alpha=0.000517
  => Total parameter prop_binmuon_channel_bin33[0.00,-7.00,7.00] to be Gaussian constrained
------------------------------------------------------------
34         0.370762        0.020430        total sum                     
34         0.029499        0.011768        excluding marked processes    
34         6.000000        2.449490        Unweighted events, alpha=0.061794
  => Number of weighted events is below Poisson threshold
    Wprime5000           0.341263        0.016701                                      
                         418.000000      20.445048       Unweighted events, alpha=0.000816
      => Parameter prop_binmuon_channel_bin34_Wprime5000[0.00,-7.00,7.00] to be Gaussian constrained
  ----------------------------------------------------------
    W_boson              0.017420        0.000289                                      
                         3636.000000     60.299254       Unweighted events, alpha=0.000005
      => Parameter prop_binmuon_channel_bin34_W_boson[0.00,-7.00,7.00] to be Gaussian constrained
  ----------------------------------------------------------
    Top                  0.000000        0.000000                                      
      => Error is zero, ignore      
  ----------------------------------------------------------
    Z_boson              0.000314        0.000020                                      
                         236.000000      15.362291       Unweighted events, alpha=0.000001
      => Parameter prop_binmuon_channel_bin34_Z_boson[0.00,-7.00,7.00] to be Gaussian constrained
  ----------------------------------------------------------
    DiBoson              0.000000        0.000000                                      
      => Error is zero, ignore      
  ----------------------------------------------------------
    QCD                  0.011765        0.011765                                      
                         1.000000        1.000000        Unweighted events, alpha=0.011765
      => Product of prop_binmuon_channel_bin34_QCD[1.00,0.00,30.85] and const [1.0000] to be Poisson constrained
  ----------------------------------------------------------
------------------------------------------------------------
35         0.358426        0.016912        total sum                     
35         0.013748        0.000223        excluding marked processes    
35         3805.000000     61.684682       Unweighted events, alpha=0.000094
  => Total parameter prop_binmuon_channel_bin35[0.00,-7.00,7.00] to be Gaussian constrained
------------------------------------------------------------
36         0.373276        0.017682        total sum                     
36         0.013223        0.002041        excluding marked processes    
36         42.000000       6.480741        Unweighted events, alpha=0.008888
  => Total parameter prop_binmuon_channel_bin36[0.00,-7.00,7.00] to be Gaussian constrained
------------------------------------------------------------
37         0.371104        0.017543        total sum                     
37         0.008720        0.000168        excluding marked processes    
37         2683.000000     51.797683       Unweighted events, alpha=0.000138
  => Total parameter prop_binmuon_channel_bin37[0.00,-7.00,7.00] to be Gaussian constrained
------------------------------------------------------------
38         0.380178        0.017400        total sum                     
38         0.007065        0.000136        excluding marked processes    
38         2716.000000     52.115257       Unweighted events, alpha=0.000140
  => Total parameter prop_binmuon_channel_bin38[0.00,-7.00,7.00] to be Gaussian constrained
------------------------------------------------------------
39         0.393379        0.017890        total sum                     
39         0.005722        0.000089        excluding marked processes    
39         4121.000000     64.195015       Unweighted events, alpha=0.000095
  => Total parameter prop_binmuon_channel_bin39[0.00,-7.00,7.00] to be Gaussian constrained
------------------------------------------------------------
40         0.389338        0.018006        total sum                     
40         0.005243        0.000543        excluding marked processes    
40         93.000000       9.643651        Unweighted events, alpha=0.004186
  => Total parameter prop_binmuon_channel_bin40[0.00,-7.00,7.00] to be Gaussian constrained
------------------------------------------------------------
41         0.435517        0.019004        total sum                     
41         0.004021        0.000382        excluding marked processes    
41         111.000000      10.535654       Unweighted events, alpha=0.003924
  => Total parameter prop_binmuon_channel_bin41[0.00,-7.00,7.00] to be Gaussian constrained
------------------------------------------------------------
42         0.415753        0.018540        total sum                     
42         0.002983        0.000036        excluding marked processes    
42         6771.000000     82.286086       Unweighted events, alpha=0.000061
  => Total parameter prop_binmuon_channel_bin42[0.00,-7.00,7.00] to be Gaussian constrained
------------------------------------------------------------
43         0.483442        0.020082        total sum                     
43         0.002698        0.000245        excluding marked processes    
43         121.000000      11.000000       Unweighted events, alpha=0.003995
  => Total parameter prop_binmuon_channel_bin43[0.00,-7.00,7.00] to be Gaussian constrained
------------------------------------------------------------
44         0.445166        0.019254        total sum                     
44         0.002089        0.000073        excluding marked processes    
44         821.000000      28.653098       Unweighted events, alpha=0.000542
  => Total parameter prop_binmuon_channel_bin44[0.00,-7.00,7.00] to be Gaussian constrained
------------------------------------------------------------
45         0.401079        0.017920        total sum                     
45         0.002238        0.000586        excluding marked processes    
45         15.000000       3.872983        Unweighted events, alpha=0.026739
  => Total parameter prop_binmuon_channel_bin45[0.00,-7.00,7.00] to be Gaussian constrained
------------------------------------------------------------
46         0.389894        0.017814        total sum                     
46         0.001392        0.000022        excluding marked processes    
46         3954.000000     62.880840       Unweighted events, alpha=0.000099
  => Total parameter prop_binmuon_channel_bin46[0.00,-7.00,7.00] to be Gaussian constrained
------------------------------------------------------------
47         0.346619        0.016706        total sum                     
47         0.001162        0.000024        excluding marked processes    
47         2430.000000     49.295030       Unweighted events, alpha=0.000143
  => Total parameter prop_binmuon_channel_bin47[0.00,-7.00,7.00] to be Gaussian constrained
------------------------------------------------------------
48         0.264923        0.014976        total sum                     
48         0.000986        0.000018        excluding marked processes    
48         3016.000000     54.918121       Unweighted events, alpha=0.000088
  => Total parameter prop_binmuon_channel_bin48[0.00,-7.00,7.00] to be Gaussian constrained
------------------------------------------------------------
49         0.241759        0.014052        total sum                     
49         0.001258        0.000468        excluding marked processes    
49         7.000000        2.645751        Unweighted events, alpha=0.034537
  => Number of weighted events is below Poisson threshold
    Wprime5000           0.240501        0.014044                                      
                         293.000000      17.117243       Unweighted events, alpha=0.000821
      => Parameter prop_binmuon_channel_bin49_Wprime5000[0.00,-7.00,7.00] to be Gaussian constrained
  ----------------------------------------------------------
    W_boson              0.000780        0.000014                                      
                         3004.000000     54.808758       Unweighted events, alpha=0.000000
      => Parameter prop_binmuon_channel_bin49_W_boson[0.00,-7.00,7.00] to be Gaussian constrained
  ----------------------------------------------------------
    Top                  0.000000        0.000000                                      
      => Error is zero, ignore      
  ----------------------------------------------------------
    Z_boson              0.000011        0.000001                                      
                         71.000000       8.426150        Unweighted events, alpha=0.000000
      => Parameter prop_binmuon_channel_bin49_Z_boson[0.00,-7.00,7.00] to be Gaussian constrained
  ----------------------------------------------------------
    DiBoson              0.000000        0.000000                                      
      => Error is zero, ignore      
  ----------------------------------------------------------
    QCD                  0.000468        0.000468                                      
                         1.000000        1.000000        Unweighted events, alpha=0.000468
      => Product of prop_binmuon_channel_bin49_QCD[1.00,0.00,30.85] and const [1.0000] to be Poisson constrained
  ----------------------------------------------------------
------------------------------------------------------------
50         0.167656        0.011838        total sum                     
50         0.000668        0.000013        excluding marked processes    
50         2580.000000     50.793700       Unweighted events, alpha=0.000065
  => Total parameter prop_binmuon_channel_bin50[0.00,-7.00,7.00] to be Gaussian constrained
------------------------------------------------------------
51         0.115527        0.009619        total sum                     
51         0.002536        0.001503        excluding marked processes    
51         3.000000        1.732051        Unweighted events, alpha=0.038509
  => Number of weighted events is below Poisson threshold
    Wprime5000           0.112991        0.009501                                      
                         141.000000      11.874342       Unweighted events, alpha=0.000801
      => Parameter prop_binmuon_channel_bin51_Wprime5000[0.00,-7.00,7.00] to be Gaussian constrained
  ----------------------------------------------------------
    W_boson              0.000570        0.000011                                      
                         2840.000000     53.291650       Unweighted events, alpha=0.000000
      => Parameter prop_binmuon_channel_bin51_W_boson[0.00,-7.00,7.00] to be Gaussian constrained
  ----------------------------------------------------------
    Top                  0.000000        0.000000                                      
      => Error is zero, ignore      
  ----------------------------------------------------------
    Z_boson              0.000008        0.000001                                      
                         39.000000       6.244998        Unweighted events, alpha=0.000000
      => Parameter prop_binmuon_channel_bin51_Z_boson[0.00,-7.00,7.00] to be Gaussian constrained
  ----------------------------------------------------------
    DiBoson              0.000000        0.000000                                      
      => Error is zero, ignore      
  ----------------------------------------------------------
    QCD                  0.001958        0.001503                                      
                         2.000000        1.414214        Unweighted events, alpha=0.000979
      => Product of prop_binmuon_channel_bin51_QCD[2.00,0.00,33.79] and const [0.5000] to be Poisson constrained
  ----------------------------------------------------------
------------------------------------------------------------
52         0.081523        0.007992        total sum                     
52         0.001559        0.000776        excluding marked processes    
52         4.000000        2.000000        Unweighted events, alpha=0.020381
  => Number of weighted events is below Poisson threshold
    Wprime5000           0.079964        0.007955                                      
                         101.000000      10.049876       Unweighted events, alpha=0.000792
      => Parameter prop_binmuon_channel_bin52_Wprime5000[0.00,-7.00,7.00] to be Gaussian constrained
  ----------------------------------------------------------
    W_boson              0.000456        0.000008                                      
                         3213.000000     56.683331       Unweighted events, alpha=0.000000
      => Parameter prop_binmuon_channel_bin52_W_boson[0.00,-7.00,7.00] to be Gaussian constrained
  ----------------------------------------------------------
    Top                  0.000000        0.000000                                      
      => Error is zero, ignore      
  ----------------------------------------------------------
    Z_boson              0.000006        0.000000                                      
                         139.000000      11.789826       Unweighted events, alpha=0.000000
      => Parameter prop_binmuon_channel_bin52_Z_boson[0.00,-7.00,7.00] to be Gaussian constrained
  ----------------------------------------------------------
    DiBoson              0.000000        0.000000                                      
      => Error is zero, ignore      
  ----------------------------------------------------------
    QCD                  0.001097        0.000776                                      
                         2.000000        1.414214        Unweighted events, alpha=0.000548
      => Product of prop_binmuon_channel_bin52_QCD[2.00,0.00,33.79] and const [0.5000] to be Poisson constrained
  ----------------------------------------------------------
------------------------------------------------------------
53         0.054780        0.006775        total sum                     
53         0.000412        0.000011        excluding marked processes    
53         1528.000000     39.089641       Unweighted events, alpha=0.000036
  => Total parameter prop_binmuon_channel_bin53[0.00,-7.00,7.00] to be Gaussian constrained
------------------------------------------------------------
54         0.042374        0.006069        total sum                     
54         0.000373        0.000028        excluding marked processes    
54         182.000000      13.490738       Unweighted events, alpha=0.000233
  => Total parameter prop_binmuon_channel_bin54[0.00,-7.00,7.00] to be Gaussian constrained
------------------------------------------------------------
55         0.027851        0.004812        total sum                     
55         0.001100        0.000814        excluding marked processes    
55         2.000000        1.414214        Unweighted events, alpha=0.013926
  => Number of weighted events is below Poisson threshold
    Wprime5000           0.026751        0.004743                                      
                         32.000000       5.656854        Unweighted events, alpha=0.000836
      => Parameter prop_binmuon_channel_bin55_Wprime5000[0.00,-7.00,7.00] to be Gaussian constrained
  ----------------------------------------------------------
    W_boson              0.000283        0.000005                                      
                         3360.000000     57.965507       Unweighted events, alpha=0.000000
      => Parameter prop_binmuon_channel_bin55_W_boson[0.00,-7.00,7.00] to be Gaussian constrained
  ----------------------------------------------------------
    Top                  0.000000        0.000000                                      
      => Error is zero, ignore      
  ----------------------------------------------------------
    Z_boson              0.000004        0.000000                                      
                         108.000000      10.392305       Unweighted events, alpha=0.000000
      => Parameter prop_binmuon_channel_bin55_Z_boson[0.00,-7.00,7.00] to be Gaussian constrained
  ----------------------------------------------------------
    DiBoson              0.000000        0.000000                                      
      => Error is zero, ignore      
  ----------------------------------------------------------
    QCD                  0.000814        0.000814                                      
                         1.000000        1.000000        Unweighted events, alpha=0.000814
      => Product of prop_binmuon_channel_bin55_QCD[1.00,0.00,30.85] and const [1.0000] to be Poisson constrained
  ----------------------------------------------------------
------------------------------------------------------------
56         0.023546        0.010174        total sum                     
56         0.009945        0.009697        excluding marked processes    
56         1.000000        1.000000        Unweighted events, alpha=0.023546
  => Number of weighted events is below Poisson threshold
    Wprime5000           0.013600        0.003076                                      
                         20.000000       4.472136        Unweighted events, alpha=0.000680
      => Parameter prop_binmuon_channel_bin56_Wprime5000[0.00,-7.00,7.00] to be Gaussian constrained
  ----------------------------------------------------------
    W_boson              0.000245        0.000007                                      
                         1131.000000     33.630343       Unweighted events, alpha=0.000000
      => Parameter prop_binmuon_channel_bin56_W_boson[0.00,-7.00,7.00] to be Gaussian constrained
  ----------------------------------------------------------
    Top                  0.000000        0.000000                                      
      => Error is zero, ignore      
  ----------------------------------------------------------
    Z_boson              0.000003        0.000000                                      
                         114.000000      10.677078       Unweighted events, alpha=0.000000
      => Parameter prop_binmuon_channel_bin56_Z_boson[0.00,-7.00,7.00] to be Gaussian constrained
  ----------------------------------------------------------
    DiBoson              0.000000        0.000000                                      
      => Error is zero, ignore      
  ----------------------------------------------------------
    QCD                  0.009697        0.009697                                      
                         1.000000        1.000000        Unweighted events, alpha=0.009697
      => Product of prop_binmuon_channel_bin56_QCD[1.00,0.00,30.85] and const [1.0000] to be Poisson constrained
  ----------------------------------------------------------
------------------------------------------------------------
57         0.004453        0.001602        total sum                     
57         0.000203        0.000004        excluding marked processes    
57         2635.000000     51.332251       Unweighted events, alpha=0.000002
  => Total parameter prop_binmuon_channel_bin57[0.00,-7.00,7.00] to be Gaussian constrained
------------------------------------------------------------
58         0.005420        0.002030        total sum                     
58         0.001356        0.001173        excluding marked processes    
58         1.000000        1.000000        Unweighted events, alpha=0.005420
  => Number of weighted events is below Poisson threshold
    Wprime5000           0.004064        0.001657                                      
                         6.000000        2.449490        Unweighted events, alpha=0.000677
      => Product of prop_binmuon_channel_bin58_Wprime5000[6.00,0.03,43.60] and const [0.1667] to be Poisson constrained
  ----------------------------------------------------------
    W_boson              0.000181        0.000006                                      
                         946.000000      30.757113       Unweighted events, alpha=0.000000
      => Parameter prop_binmuon_channel_bin58_W_boson[0.00,-7.00,7.00] to be Gaussian constrained
  ----------------------------------------------------------
    Top                  0.000000        0.000000                                      
      => Error is zero, ignore      
  ----------------------------------------------------------
    Z_boson              0.000002        0.000000                                      
                         87.000000       9.327379        Unweighted events, alpha=0.000000
      => Parameter prop_binmuon_channel_bin58_Z_boson[0.00,-7.00,7.00] to be Gaussian constrained
  ----------------------------------------------------------
    DiBoson              0.000000        0.000000                                      
      => Error is zero, ignore      
  ----------------------------------------------------------
    QCD                  0.001173        0.001173                                      
                         1.000000        1.000000        Unweighted events, alpha=0.001173
      => Product of prop_binmuon_channel_bin58_QCD[1.00,0.00,30.85] and const [1.0000] to be Poisson constrained
  ----------------------------------------------------------
------------------------------------------------------------
59         0.009632        0.003007        total sum                     
59         0.000152        0.000005        excluding marked processes    
59         937.000000      30.610456       Unweighted events, alpha=0.000010
  => Total parameter prop_binmuon_channel_bin59[0.00,-7.00,7.00] to be Gaussian constrained
------------------------------------------------------------
60         0.023657        0.016888        total sum                     
60         0.016837        0.016698        excluding marked processes    
60         1.000000        1.000000        Unweighted events, alpha=0.023657
  => Number of weighted events is below Poisson threshold
    Wprime5000           0.006820        0.002524                                      
                         7.000000        2.645751        Unweighted events, alpha=0.000974
      => Product of prop_binmuon_channel_bin60_Wprime5000[7.00,0.07,45.79] and const [0.1429] to be Poisson constrained
  ----------------------------------------------------------
    W_boson              0.000137        0.000004                                      
                         1248.000000     35.327043       Unweighted events, alpha=0.000000
      => Parameter prop_binmuon_channel_bin60_W_boson[0.00,-7.00,7.00] to be Gaussian constrained
  ----------------------------------------------------------
    Top                  0.000000        0.000000                                      
      => Error is zero, ignore      
  ----------------------------------------------------------
    Z_boson              0.000002        0.000000                                      
                         66.000000       8.124038        Unweighted events, alpha=0.000000
      => Parameter prop_binmuon_channel_bin60_Z_boson[0.00,-7.00,7.00] to be Gaussian constrained
  ----------------------------------------------------------
    DiBoson              0.000000        0.000000                                      
      => Error is zero, ignore      
  ----------------------------------------------------------
    QCD                  0.016698        0.016698                                      
                         1.000000        1.000000        Unweighted events, alpha=0.016698
      => Product of prop_binmuon_channel_bin60_QCD[1.00,0.00,30.85] and const [1.0000] to be Poisson constrained
  ----------------------------------------------------------
------------------------------------------------------------
61         0.001545        0.001289        total sum                     
61         0.000116        0.000004        excluding marked processes    
61         893.000000      29.883106       Unweighted events, alpha=0.000002
  => Total parameter prop_binmuon_channel_bin61[0.00,-7.00,7.00] to be Gaussian constrained
------------------------------------------------------------
62         0.002067        0.001235        total sum                     
62         0.000097        0.000002        excluding marked processes    
62         4092.000000     63.968742       Unweighted events, alpha=0.000001
  => Total parameter prop_binmuon_channel_bin62[0.00,-7.00,7.00] to be Gaussian constrained
------------------------------------------------------------
63         0.001953        0.001180        total sum                     
63         0.000091        0.000005        excluding marked processes    
63         287.000000      16.941074       Unweighted events, alpha=0.000007
  => Total parameter prop_binmuon_channel_bin63[0.00,-7.00,7.00] to be Gaussian constrained
------------------------------------------------------------
64         0.001088        0.000719        total sum                     
64         0.000074        0.000002        excluding marked processes    
64         2058.000000     45.365185       Unweighted events, alpha=0.000001
  => Total parameter prop_binmuon_channel_bin64[0.00,-7.00,7.00] to be Gaussian constrained
------------------------------------------------------------
65         0.002769        0.001677        total sum                     
65         0.002103        0.001539        excluding marked processes    
65         2.000000        1.414214        Unweighted events, alpha=0.001384
  => Number of weighted events is below Poisson threshold
    Wprime5000           0.000666        0.000666                                      
                         1.000000        1.000000        Unweighted events, alpha=0.000666
      => Product of prop_binmuon_channel_bin65_Wprime5000[1.00,0.00,30.85] and const [1.0000] to be Poisson constrained
  ----------------------------------------------------------
    W_boson              0.000061        0.000001                                      
                         4081.000000     63.882705       Unweighted events, alpha=0.000000
      => Parameter prop_binmuon_channel_bin65_W_boson[0.00,-7.00,7.00] to be Gaussian constrained
  ----------------------------------------------------------
    Top                  0.000000        0.000000                                      
      => Error is zero, ignore      
  ----------------------------------------------------------
    Z_boson              0.000001        0.000000                                      
                         60.000000       7.745967        Unweighted events, alpha=0.000000
      => Parameter prop_binmuon_channel_bin65_Z_boson[0.00,-7.00,7.00] to be Gaussian constrained
  ----------------------------------------------------------
    DiBoson              0.000000        0.000000                                      
      => Error is zero, ignore      
  ----------------------------------------------------------
    QCD                  0.002042        0.001539                                      
                         2.000000        1.414214        Unweighted events, alpha=0.001021
      => Product of prop_binmuon_channel_bin65_QCD[2.00,0.00,33.79] and const [0.5000] to be Poisson constrained
  ----------------------------------------------------------
------------------------------------------------------------
66         0.000511        0.000455        total sum                     
66         0.000055        0.000002        excluding marked processes    
66         633.000000      25.159491       Unweighted events, alpha=0.000001
  => Total parameter prop_binmuon_channel_bin66[0.00,-7.00,7.00] to be Gaussian constrained
------------------------------------------------------------
67         0.001308        0.001211        total sum                     
67         0.001308        0.001211        excluding marked processes    
67         1.000000        1.000000        Unweighted events, alpha=0.001308
  => Number of weighted events is below Poisson threshold
    Wprime5000           0.000000        0.000000                                      
      => Error is zero, ignore      
  ----------------------------------------------------------
    W_boson              0.000098        0.000052                                      
                         4.000000        2.000000        Unweighted events, alpha=0.000025
      => Product of prop_binmuon_channel_bin67_W_boson[4.00,0.00,38.96] and const [0.2500] to be Poisson constrained
  ----------------------------------------------------------
    Top                  0.000000        0.000000                                      
      => Error is zero, ignore      
  ----------------------------------------------------------
    Z_boson              0.000000        0.000000                                      
                         170.000000      13.038405       Unweighted events, alpha=0.000000
      => Parameter prop_binmuon_channel_bin67_Z_boson[0.00,-7.00,7.00] to be Gaussian constrained
  ----------------------------------------------------------
    DiBoson              0.000000        0.000000                                      
      => Error is zero, ignore      
  ----------------------------------------------------------
    QCD                  0.001210        0.001210                                      
                         1.000000        1.000000        Unweighted events, alpha=0.001210
      => Product of prop_binmuon_channel_bin67_QCD[1.00,0.00,30.85] and const [1.0000] to be Poisson constrained
  ----------------------------------------------------------
------------------------------------------------------------
Channel muon_channel will use autoMCStats with settings: event-threshold=10, include-signal=0, hist-mode=1
Generate toy 1/100

 -- MarkovChainMC -- 
Limit: r < 0.516181 +/- 0.00759446 @ 95% credibility (15 tries)
Done in 0.32 min (cpu), 0.33 min (real)
Generate toy 2/100

 -- MarkovChainMC -- 
Limit: r < 0.415797 +/- 0.0171747 @ 95% credibility (15 tries)
Done in 0.28 min (cpu), 0.28 min (real)
Generate toy 3/100

 -- MarkovChainMC -- 
Limit: r < 0.383436 +/- 0.0112907 @ 95% credibility (15 tries)
Done in 0.29 min (cpu), 0.30 min (real)
Generate toy 4/100

 -- MarkovChainMC -- 
Limit: r < 0.49728 +/- 0.0164311 @ 95% credibility (15 tries)
Done in 0.27 min (cpu), 0.27 min (real)
Generate toy 5/100

 -- MarkovChainMC -- 
Limit: r < 0.382676 +/- 0.00794282 @ 95% credibility (15 tries)
Done in 0.29 min (cpu), 0.29 min (real)
Generate toy 6/100

 -- MarkovChainMC -- 
Limit: r < 0.496242 +/- 0.0125522 @ 95% credibility (15 tries)
Done in 0.31 min (cpu), 0.31 min (real)
Generate toy 7/100

 -- MarkovChainMC -- 
Limit: r < 0.452768 +/- 0.0137523 @ 95% credibility (15 tries)
Done in 0.28 min (cpu), 0.28 min (real)
Generate toy 8/100

 -- MarkovChainMC -- 
Limit: r < 0.747988 +/- 0.0126088 @ 95% credibility (15 tries)
Done in 0.33 min (cpu), 0.33 min (real)
Generate toy 9/100

 -- MarkovChainMC -- 
Limit: r < 0.575629 +/- 0.0114903 @ 95% credibility (15 tries)
Done in 0.29 min (cpu), 0.29 min (real)
Generate toy 10/100

 -- MarkovChainMC -- 
Limit: r < 0.426326 +/- 0.0111758 @ 95% credibility (15 tries)
Done in 0.29 min (cpu), 0.29 min (real)
Generate toy 11/100

 -- MarkovChainMC -- 
Limit: r < 0.486682 +/- 0.0129973 @ 95% credibility (15 tries)
Done in 0.28 min (cpu), 0.28 min (real)
Generate toy 12/100

 -- MarkovChainMC -- 
Limit: r < 0.383053 +/- 0.0153038 @ 95% credibility (15 tries)
Done in 0.33 min (cpu), 0.34 min (real)
Generate toy 13/100

 -- MarkovChainMC -- 
Limit: r < 0.710754 +/- 0.012247 @ 95% credibility (15 tries)
Done in 0.31 min (cpu), 0.31 min (real)
Generate toy 14/100

 -- MarkovChainMC -- 
Limit: r < 0.418641 +/- 0.0154209 @ 95% credibility (15 tries)
Done in 0.32 min (cpu), 0.32 min (real)
Generate toy 15/100

 -- MarkovChainMC -- 
Limit: r < 0.299982 +/- 0.0103105 @ 95% credibility (15 tries)
Done in 0.28 min (cpu), 0.28 min (real)
Generate toy 16/100

 -- MarkovChainMC -- 
Limit: r < 0.366315 +/- 0.00680099 @ 95% credibility (15 tries)
Done in 0.28 min (cpu), 0.28 min (real)
Generate toy 17/100

 -- MarkovChainMC -- 
Limit: r < 0.368067 +/- 0.0124722 @ 95% credibility (15 tries)
Done in 0.32 min (cpu), 0.32 min (real)
Generate toy 18/100

 -- MarkovChainMC -- 
Limit: r < 0.454806 +/- 0.0125805 @ 95% credibility (15 tries)
Done in 0.32 min (cpu), 0.32 min (real)
Generate toy 19/100

 -- MarkovChainMC -- 
Limit: r < 0.390752 +/- 0.00986701 @ 95% credibility (15 tries)
Done in 0.33 min (cpu), 0.33 min (real)
Generate toy 20/100

 -- MarkovChainMC -- 
Limit: r < 0.430851 +/- 0.0058756 @ 95% credibility (15 tries)
Done in 0.35 min (cpu), 0.35 min (real)
Generate toy 21/100

 -- MarkovChainMC -- 
Limit: r < 0.696555 +/- 0.0179495 @ 95% credibility (15 tries)
Done in 0.36 min (cpu), 0.36 min (real)
Generate toy 22/100

 -- MarkovChainMC -- 
Limit: r < 0.304753 +/- 0.0077103 @ 95% credibility (15 tries)
Done in 0.26 min (cpu), 0.27 min (real)
Generate toy 23/100

 -- MarkovChainMC -- 
Limit: r < 0.350931 +/- 0.00574233 @ 95% credibility (15 tries)
Done in 0.28 min (cpu), 0.28 min (real)
Generate toy 24/100

 -- MarkovChainMC -- 
Limit: r < 0.385073 +/- 0.00498376 @ 95% credibility (15 tries)
Done in 0.27 min (cpu), 0.27 min (real)
Generate toy 25/100

 -- MarkovChainMC -- 
Limit: r < 0.318525 +/- 0.00843951 @ 95% credibility (15 tries)
Done in 0.27 min (cpu), 0.27 min (real)
Generate toy 26/100

 -- MarkovChainMC -- 
Limit: r < 0.495998 +/- 0.0114933 @ 95% credibility (15 tries)
Done in 0.30 min (cpu), 0.30 min (real)
Generate toy 27/100

 -- MarkovChainMC -- 
Limit: r < 0.421962 +/- 0.00887624 @ 95% credibility (15 tries)
Done in 0.27 min (cpu), 0.28 min (real)
Generate toy 28/100

 -- MarkovChainMC -- 
Limit: r < 0.530571 +/- 0.00856502 @ 95% credibility (15 tries)
Done in 0.28 min (cpu), 0.28 min (real)
Generate toy 29/100

 -- MarkovChainMC -- 
Limit: r < 0.405323 +/- 0.00964362 @ 95% credibility (15 tries)
Done in 0.31 min (cpu), 0.32 min (real)
Generate toy 30/100

 -- MarkovChainMC -- 
Limit: r < 0.444736 +/- 0.0113873 @ 95% credibility (15 tries)
Done in 0.26 min (cpu), 0.27 min (real)
Generate toy 31/100

 -- MarkovChainMC -- 
Limit: r < 0.504702 +/- 0.0135868 @ 95% credibility (15 tries)
Done in 0.28 min (cpu), 0.29 min (real)
Generate toy 32/100

 -- MarkovChainMC -- 
Limit: r < 0.391302 +/- 0.00731274 @ 95% credibility (15 tries)
Done in 0.31 min (cpu), 0.31 min (real)
Generate toy 33/100

 -- MarkovChainMC -- 
Limit: r < 0.397509 +/- 0.0139594 @ 95% credibility (15 tries)
Done in 0.33 min (cpu), 0.33 min (real)
Generate toy 34/100

 -- MarkovChainMC -- 
Limit: r < 0.481579 +/- 0.026529 @ 95% credibility (15 tries)
Done in 0.30 min (cpu), 0.30 min (real)
Generate toy 35/100

 -- MarkovChainMC -- 
Limit: r < 0.791858 +/- 0.0271171 @ 95% credibility (15 tries)
Done in 0.30 min (cpu), 0.30 min (real)
Generate toy 36/100

 -- MarkovChainMC -- 
Limit: r < 0.487547 +/- 0.0153368 @ 95% credibility (15 tries)
Done in 0.29 min (cpu), 0.30 min (real)
Generate toy 37/100

 -- MarkovChainMC -- 
Limit: r < 0.568709 +/- 0.0189431 @ 95% credibility (15 tries)
Done in 0.30 min (cpu), 0.30 min (real)
Generate toy 38/100

 -- MarkovChainMC -- 
Limit: r < 0.415546 +/- 0.0114117 @ 95% credibility (15 tries)
Done in 0.26 min (cpu), 0.26 min (real)
Generate toy 39/100

 -- MarkovChainMC -- 
Limit: r < 0.382002 +/- 0.00632625 @ 95% credibility (15 tries)
Done in 0.29 min (cpu), 0.29 min (real)
Generate toy 40/100

 -- MarkovChainMC -- 
Limit: r < 0.402372 +/- 0.00943316 @ 95% credibility (15 tries)
Done in 0.27 min (cpu), 0.27 min (real)
Generate toy 41/100

 -- MarkovChainMC -- 
Limit: r < 0.413225 +/- 0.00825874 @ 95% credibility (15 tries)
Done in 0.27 min (cpu), 0.27 min (real)
Generate toy 42/100

 -- MarkovChainMC -- 
Limit: r < 0.474459 +/- 0.008703 @ 95% credibility (15 tries)
Done in 0.33 min (cpu), 0.33 min (real)
Generate toy 43/100

 -- MarkovChainMC -- 
Limit: r < 0.449661 +/- 0.00541448 @ 95% credibility (15 tries)
Done in 0.36 min (cpu), 0.36 min (real)
Generate toy 44/100

 -- MarkovChainMC -- 
Limit: r < 0.696889 +/- 0.00796634 @ 95% credibility (15 tries)
Done in 0.29 min (cpu), 0.30 min (real)
Generate toy 45/100

 -- MarkovChainMC -- 
Limit: r < 0.379773 +/- 0.00808215 @ 95% credibility (15 tries)
Done in 0.27 min (cpu), 0.27 min (real)
Generate toy 46/100

 -- MarkovChainMC -- 
Limit: r < 0.39164 +/- 0.00833054 @ 95% credibility (15 tries)
Done in 0.33 min (cpu), 0.33 min (real)
Generate toy 47/100

 -- MarkovChainMC -- 
Limit: r < 0.425745 +/- 0.0137522 @ 95% credibility (15 tries)
Done in 0.34 min (cpu), 0.35 min (real)
Generate toy 48/100

 -- MarkovChainMC -- 
Limit: r < 0.429121 +/- 0.0193738 @ 95% credibility (15 tries)
Done in 0.43 min (cpu), 0.44 min (real)
Generate toy 49/100

 -- MarkovChainMC -- 
Limit: r < 0.329598 +/- 0.0107523 @ 95% credibility (15 tries)
Done in 0.42 min (cpu), 0.43 min (real)
Generate toy 50/100

 -- MarkovChainMC -- 
Limit: r < 0.45944 +/- 0.0139069 @ 95% credibility (15 tries)
Done in 0.35 min (cpu), 0.35 min (real)
Generate toy 51/100

 -- MarkovChainMC -- 
Limit: r < 0.358971 +/- 0.0084014 @ 95% credibility (15 tries)
Done in 0.36 min (cpu), 0.37 min (real)
Generate toy 52/100

 -- MarkovChainMC -- 
Limit: r < 0.502353 +/- 0.00438967 @ 95% credibility (15 tries)
Done in 0.30 min (cpu), 0.31 min (real)
Generate toy 53/100

 -- MarkovChainMC -- 
Limit: r < 0.72734 +/- 0.0088409 @ 95% credibility (15 tries)
Done in 0.37 min (cpu), 0.37 min (real)
Generate toy 54/100

 -- MarkovChainMC -- 
Limit: r < 0.395265 +/- 0.00736033 @ 95% credibility (15 tries)
Done in 0.38 min (cpu), 0.38 min (real)
Generate toy 55/100

 -- MarkovChainMC -- 
Limit: r < 0.410652 +/- 0.00826876 @ 95% credibility (15 tries)
Done in 0.35 min (cpu), 0.35 min (real)
Generate toy 56/100

 -- MarkovChainMC -- 
Limit: r < 0.445261 +/- 0.0155662 @ 95% credibility (15 tries)
Done in 0.42 min (cpu), 0.42 min (real)
Generate toy 57/100

 -- MarkovChainMC -- 
Limit: r < 0.856222 +/- 0.0259199 @ 95% credibility (15 tries)
Done in 0.42 min (cpu), 0.42 min (real)
Generate toy 58/100

 -- MarkovChainMC -- 
Limit: r < 0.372795 +/- 0.00970852 @ 95% credibility (15 tries)
Done in 0.31 min (cpu), 0.32 min (real)
Generate toy 59/100

 -- MarkovChainMC -- 
Limit: r < 0.438099 +/- 0.010697 @ 95% credibility (15 tries)
Done in 0.40 min (cpu), 0.40 min (real)
Generate toy 60/100

 -- MarkovChainMC -- 
Limit: r < 0.362156 +/- 0.00670059 @ 95% credibility (15 tries)
Done in 0.41 min (cpu), 0.41 min (real)
Generate toy 61/100

 -- MarkovChainMC -- 
Limit: r < 0.56843 +/- 0.0122996 @ 95% credibility (15 tries)
Done in 0.44 min (cpu), 0.44 min (real)
Generate toy 62/100

 -- MarkovChainMC -- 
Limit: r < 0.66559 +/- 0.0130176 @ 95% credibility (15 tries)
Done in 0.46 min (cpu), 0.46 min (real)
Generate toy 63/100

 -- MarkovChainMC -- 
Limit: r < 0.393056 +/- 0.00644873 @ 95% credibility (15 tries)
Done in 0.41 min (cpu), 0.42 min (real)
Generate toy 64/100

 -- MarkovChainMC -- 
Limit: r < 0.357415 +/- 0.00629687 @ 95% credibility (15 tries)
Done in 0.43 min (cpu), 0.45 min (real)
Generate toy 65/100

 -- MarkovChainMC -- 
Limit: r < 0.646329 +/- 0.0137524 @ 95% credibility (15 tries)
Done in 0.52 min (cpu), 0.53 min (real)
Generate toy 66/100

 -- MarkovChainMC -- 
Limit: r < 0.711186 +/- 0.0120986 @ 95% credibility (15 tries)
Done in 0.48 min (cpu), 0.50 min (real)
Generate toy 67/100

 -- MarkovChainMC -- 
Limit: r < 0.469037 +/- 0.0125474 @ 95% credibility (15 tries)
Done in 0.44 min (cpu), 0.45 min (real)
Generate toy 68/100

 -- MarkovChainMC -- 
Limit: r < 0.425622 +/- 0.0117962 @ 95% credibility (15 tries)
Done in 0.43 min (cpu), 0.44 min (real)
Generate toy 69/100

 -- MarkovChainMC -- 
Limit: r < 0.525795 +/- 0.0127248 @ 95% credibility (15 tries)
Done in 0.45 min (cpu), 0.48 min (real)
Generate toy 70/100

 -- MarkovChainMC -- 
Limit: r < 0.365955 +/- 0.00998286 @ 95% credibility (15 tries)
Done in 0.46 min (cpu), 0.48 min (real)
Generate toy 71/100

 -- MarkovChainMC -- 
Limit: r < 0.371731 +/- 0.00409801 @ 95% credibility (15 tries)
Done in 0.45 min (cpu), 0.45 min (real)
Generate toy 72/100

 -- MarkovChainMC -- 
Limit: r < 0.515496 +/- 0.0105305 @ 95% credibility (15 tries)
Done in 0.45 min (cpu), 0.47 min (real)
Generate toy 73/100

 -- MarkovChainMC -- 
Limit: r < 0.350082 +/- 0.0127171 @ 95% credibility (15 tries)
Done in 0.43 min (cpu), 0.43 min (real)
Generate toy 74/100

 -- MarkovChainMC -- 
Limit: r < 0.590111 +/- 0.0190247 @ 95% credibility (15 tries)
Done in 0.45 min (cpu), 0.46 min (real)
Generate toy 75/100

 -- MarkovChainMC -- 
Limit: r < 0.369656 +/- 0.0126287 @ 95% credibility (15 tries)
Done in 0.43 min (cpu), 0.45 min (real)
Generate toy 76/100

 -- MarkovChainMC -- 
Limit: r < 0.413453 +/- 0.00694337 @ 95% credibility (15 tries)
Done in 0.43 min (cpu), 0.44 min (real)
Generate toy 77/100

 -- MarkovChainMC -- 
Limit: r < 0.619868 +/- 0.0112177 @ 95% credibility (15 tries)
Done in 0.46 min (cpu), 0.49 min (real)
Generate toy 78/100

 -- MarkovChainMC -- 
Limit: r < 0.403963 +/- 0.0107065 @ 95% credibility (15 tries)
Done in 0.43 min (cpu), 0.44 min (real)
Generate toy 79/100

 -- MarkovChainMC -- 
Limit: r < 0.614838 +/- 0.0184936 @ 95% credibility (15 tries)
Done in 0.45 min (cpu), 0.46 min (real)
Generate toy 80/100

 -- MarkovChainMC -- 
Limit: r < 0.358337 +/- 0.00672271 @ 95% credibility (15 tries)
Done in 0.43 min (cpu), 0.44 min (real)
Generate toy 81/100

 -- MarkovChainMC -- 
Limit: r < 0.510394 +/- 0.0196645 @ 95% credibility (15 tries)
Done in 0.45 min (cpu), 0.47 min (real)
Generate toy 82/100

 -- MarkovChainMC -- 
Limit: r < 0.384492 +/- 0.0148902 @ 95% credibility (15 tries)
Done in 0.42 min (cpu), 0.43 min (real)
Generate toy 83/100

 -- MarkovChainMC -- 
Limit: r < 0.371669 +/- 0.00662986 @ 95% credibility (15 tries)
Done in 0.43 min (cpu), 0.46 min (real)
Generate toy 84/100

 -- MarkovChainMC -- 
Limit: r < 0.450665 +/- 0.0122995 @ 95% credibility (15 tries)
Done in 0.43 min (cpu), 0.46 min (real)
Generate toy 85/100

 -- MarkovChainMC -- 
Limit: r < 0.74262 +/- 0.0133079 @ 95% credibility (15 tries)
Done in 0.47 min (cpu), 0.50 min (real)
Generate toy 86/100

 -- MarkovChainMC -- 
Limit: r < 0.444422 +/- 0.00826306 @ 95% credibility (15 tries)
Done in 0.43 min (cpu), 0.45 min (real)
Generate toy 87/100

 -- MarkovChainMC -- 
Limit: r < 0.397664 +/- 0.013002 @ 95% credibility (15 tries)
Done in 0.42 min (cpu), 0.44 min (real)
Generate toy 88/100

 -- MarkovChainMC -- 
Limit: r < 0.807901 +/- 0.0186492 @ 95% credibility (15 tries)
Done in 0.52 min (cpu), 0.54 min (real)
Generate toy 89/100

 -- MarkovChainMC -- 
Limit: r < 0.427406 +/- 0.00941341 @ 95% credibility (15 tries)
Done in 0.48 min (cpu), 0.49 min (real)
Generate toy 90/100

 -- MarkovChainMC -- 
Limit: r < 0.331435 +/- 0.00934049 @ 95% credibility (15 tries)
Done in 0.40 min (cpu), 0.41 min (real)
Generate toy 91/100

 -- MarkovChainMC -- 
Limit: r < 0.545976 +/- 0.00701519 @ 95% credibility (15 tries)
Done in 0.46 min (cpu), 0.48 min (real)
Generate toy 92/100

 -- MarkovChainMC -- 
Limit: r < 0.52972 +/- 0.0149176 @ 95% credibility (15 tries)
Done in 0.44 min (cpu), 0.45 min (real)
Generate toy 93/100

 -- MarkovChainMC -- 
Limit: r < 0.395809 +/- 0.011577 @ 95% credibility (15 tries)
Done in 0.43 min (cpu), 0.44 min (real)
Generate toy 94/100

 -- MarkovChainMC -- 
Limit: r < 0.491845 +/- 0.0303598 @ 95% credibility (15 tries)
Done in 0.45 min (cpu), 0.49 min (real)
Generate toy 95/100

 -- MarkovChainMC -- 
Limit: r < 0.503716 +/- 0.0142895 @ 95% credibility (15 tries)
Done in 0.45 min (cpu), 0.46 min (real)
Generate toy 96/100

 -- MarkovChainMC -- 
Limit: r < 0.411792 +/- 0.010077 @ 95% credibility (15 tries)
Done in 0.43 min (cpu), 0.45 min (real)
Generate toy 97/100

 -- MarkovChainMC -- 
Limit: r < 0.944347 +/- 0.0128518 @ 95% credibility (15 tries)
Done in 0.48 min (cpu), 0.50 min (real)
Generate toy 98/100

 -- MarkovChainMC -- 
Limit: r < 0.447292 +/- 0.00891328 @ 95% credibility (15 tries)
Done in 0.45 min (cpu), 0.46 min (real)
Generate toy 99/100

 -- MarkovChainMC -- 
Limit: r < 0.441484 +/- 0.0103435 @ 95% credibility (15 tries)
Done in 0.45 min (cpu), 0.47 min (real)
Generate toy 100/100

 -- MarkovChainMC -- 
Limit: r < 0.4938 +/- 0.0143743 @ 95% credibility (15 tries)
Done in 0.48 min (cpu), 0.51 min (real)
mean   expected limit: r < 0.475108 +/- 0.0128421 @ 95%CL (100 toyMC)
median expected limit: r < 0.434475 @ 95%CL (100 toyMC)
   68% expected band : 0.371731 < r < 0.590111
   95% expected band : 0.318525 < r < 0.856222
