 <<< Combine >>> 
 <<< v10.0.2 >>>
>>> Used OpenSSL to get a truly random seed 1438517508
>>> Method used is MarkovChainMC
============================================================
Analyzing bin errors for: prop_binmuon_channel
Poisson cut-off: 10
Processes excluded for sums: Wprime6000
============================================================
Bin        Contents        Error           Notes                         
0          97928.463078    143.452450      total sum                     
0          97927.088379    143.452446      excluding marked processes    
0          466004.000000   682.644856      Unweighted events, alpha=0.210145
  => Total parameter prop_binmuon_channel_bin0[0.00,-7.00,7.00] to be Gaussian constrained
------------------------------------------------------------
1          18599.740176    43.287007       total sum                     
1          18598.441742    43.286995       excluding marked processes    
1          184603.000000   429.654512      Unweighted events, alpha=0.100755
  => Total parameter prop_binmuon_channel_bin1[0.00,-7.00,7.00] to be Gaussian constrained
------------------------------------------------------------
2          5510.394056     14.282169       total sum                     
2          5509.226654     14.282136       excluding marked processes    
2          148797.000000   385.742142      Unweighted events, alpha=0.037033
  => Total parameter prop_binmuon_channel_bin2[0.00,-7.00,7.00] to be Gaussian constrained
------------------------------------------------------------
3          2098.764475     7.598966        total sum                     
3          2097.630645     7.598890        excluding marked processes    
3          76200.000000    276.043475      Unweighted events, alpha=0.027543
  => Total parameter prop_binmuon_channel_bin3[0.00,-7.00,7.00] to be Gaussian constrained
------------------------------------------------------------
4          925.862483      4.385960        total sum                     
4          924.879395      4.385865        excluding marked processes    
4          44469.000000    210.876741      Unweighted events, alpha=0.020820
  => Total parameter prop_binmuon_channel_bin4[0.00,-7.00,7.00] to be Gaussian constrained
------------------------------------------------------------
5          462.970362      3.203205        total sum                     
5          462.072406      3.203089        excluding marked processes    
5          20810.000000    144.256716      Unweighted events, alpha=0.022247
  => Total parameter prop_binmuon_channel_bin5[0.00,-7.00,7.00] to be Gaussian constrained
------------------------------------------------------------
6          246.310040      2.241630        total sum                     
6          245.522577      2.241485        excluding marked processes    
6          11998.000000    109.535382      Unweighted events, alpha=0.020529
  => Total parameter prop_binmuon_channel_bin6[0.00,-7.00,7.00] to be Gaussian constrained
------------------------------------------------------------
7          141.000493      1.752908        total sum                     
7          140.272143      1.752732        excluding marked processes    
7          6405.000000     80.031244       Unweighted events, alpha=0.022014
  => Total parameter prop_binmuon_channel_bin7[0.00,-7.00,7.00] to be Gaussian constrained
------------------------------------------------------------
8          84.141942       1.563590        total sum                     
8          83.503330       1.563419        excluding marked processes    
8          2853.000000     53.413481       Unweighted events, alpha=0.029492
  => Total parameter prop_binmuon_channel_bin8[0.00,-7.00,7.00] to be Gaussian constrained
------------------------------------------------------------
9          52.421313       0.794962        total sum                     
9          51.894250       0.794687        excluding marked processes    
9          4264.000000     65.299311       Unweighted events, alpha=0.012294
  => Total parameter prop_binmuon_channel_bin9[0.00,-7.00,7.00] to be Gaussian constrained
------------------------------------------------------------
10         31.657377       0.466664        total sum                     
10         31.175586       0.466234        excluding marked processes    
10         4471.000000     66.865537       Unweighted events, alpha=0.007081
  => Total parameter prop_binmuon_channel_bin10[0.00,-7.00,7.00] to be Gaussian constrained
------------------------------------------------------------
11         21.837867       0.554264        total sum                     
11         21.386719       0.553915        excluding marked processes    
11         1491.000000     38.613469       Unweighted events, alpha=0.014646
  => Total parameter prop_binmuon_channel_bin11[0.00,-7.00,7.00] to be Gaussian constrained
------------------------------------------------------------
12         14.119563       0.234738        total sum                     
12         13.733996       0.234017        excluding marked processes    
12         3444.000000     58.685603       Unweighted events, alpha=0.004100
  => Total parameter prop_binmuon_channel_bin12[0.00,-7.00,7.00] to be Gaussian constrained
------------------------------------------------------------
13         9.803121        0.294963        total sum                     
13         9.453906        0.294480        excluding marked processes    
13         1031.000000     32.109189       Unweighted events, alpha=0.009508
  => Total parameter prop_binmuon_channel_bin13[0.00,-7.00,7.00] to be Gaussian constrained
------------------------------------------------------------
14         7.337452        0.340384        total sum                     
14         6.995942        0.339959        excluding marked processes    
14         423.000000      20.566964       Unweighted events, alpha=0.017346
  => Total parameter prop_binmuon_channel_bin14[0.00,-7.00,7.00] to be Gaussian constrained
------------------------------------------------------------
15         4.936351        0.253535        total sum                     
15         4.638036        0.253018        excluding marked processes    
15         336.000000      18.330303       Unweighted events, alpha=0.014692
  => Total parameter prop_binmuon_channel_bin15[0.00,-7.00,7.00] to be Gaussian constrained
------------------------------------------------------------
16         3.686280        0.257481        total sum                     
16         3.426361        0.257057        excluding marked processes    
16         178.000000      13.341664       Unweighted events, alpha=0.020709
  => Total parameter prop_binmuon_channel_bin16[0.00,-7.00,7.00] to be Gaussian constrained
------------------------------------------------------------
17         2.781671        0.154157        total sum                     
17         2.519276        0.153400        excluding marked processes    
17         270.000000      16.431677       Unweighted events, alpha=0.010302
  => Total parameter prop_binmuon_channel_bin17[0.00,-7.00,7.00] to be Gaussian constrained
------------------------------------------------------------
18         1.794192        0.049485        total sum                     
18         1.565059        0.047566        excluding marked processes    
18         1083.000000     32.908965       Unweighted events, alpha=0.001657
  => Total parameter prop_binmuon_channel_bin18[0.00,-7.00,7.00] to be Gaussian constrained
------------------------------------------------------------
19         1.566167        0.097765        total sum                     
19         1.306537        0.093879        excluding marked processes    
19         194.000000      13.928388       Unweighted events, alpha=0.008073
  => Total parameter prop_binmuon_channel_bin19[0.00,-7.00,7.00] to be Gaussian constrained
------------------------------------------------------------
20         1.021051        0.042220        total sum                     
20         0.820368        0.040194        excluding marked processes    
20         417.000000      20.420578       Unweighted events, alpha=0.002449
  => Total parameter prop_binmuon_channel_bin20[0.00,-7.00,7.00] to be Gaussian constrained
------------------------------------------------------------
21         0.868708        0.047457        total sum                     
21         0.659491        0.045577        excluding marked processes    
21         209.000000      14.456832       Unweighted events, alpha=0.004156
  => Total parameter prop_binmuon_channel_bin21[0.00,-7.00,7.00] to be Gaussian constrained
------------------------------------------------------------
22         0.892360        0.212837        total sum                     
22         0.709608        0.212472        excluding marked processes    
22         11.000000       3.316625        Unweighted events, alpha=0.081124
  => Total parameter prop_binmuon_channel_bin22[0.00,-7.00,7.00] to be Gaussian constrained
------------------------------------------------------------
23         0.497961        0.016827        total sum                     
23         0.323697        0.011903        excluding marked processes    
23         740.000000      27.202941       Unweighted events, alpha=0.000673
  => Total parameter prop_binmuon_channel_bin23[0.00,-7.00,7.00] to be Gaussian constrained
------------------------------------------------------------
24         0.891367        0.471780        total sum                     
24         0.724312        0.471632        excluding marked processes    
24         2.000000        1.414214        Unweighted events, alpha=0.445683
  => Number of weighted events is below Poisson threshold
    Wprime6000           0.167055        0.011801                                      
                         200.000000      14.142136       Unweighted events, alpha=0.000835
      => Parameter prop_binmuon_channel_bin24_Wprime6000[0.00,-7.00,7.00] to be Gaussian constrained
  ----------------------------------------------------------
    W_boson              0.237965        0.001645                                      
                         20918.000000    144.630564      Unweighted events, alpha=0.000011
      => Parameter prop_binmuon_channel_bin24_W_boson[0.00,-7.00,7.00] to be Gaussian constrained
  ----------------------------------------------------------
    Top                  0.000000        0.000000                                      
      => Error is zero, ignore      
  ----------------------------------------------------------
    Z_boson              0.003903        0.000121                                      
                         1043.000000     32.295511       Unweighted events, alpha=0.000004
      => Parameter prop_binmuon_channel_bin24_Z_boson[0.00,-7.00,7.00] to be Gaussian constrained
  ----------------------------------------------------------
    DiBoson              0.000000        0.000644                                      
      => Poisson not viable, prop_binmuon_channel_bin24_DiBoson[0.00,-7.00,7.00] to be Gaussian constrained
  ----------------------------------------------------------
    QCD                  0.482445        0.471629                                      
                         1.000000        1.000000        Unweighted events, alpha=0.482445
      => Product of prop_binmuon_channel_bin24_QCD[1.00,0.00,30.85] and const [1.0000] to be Poisson constrained
  ----------------------------------------------------------
------------------------------------------------------------
25         0.342251        0.011606        total sum                     
25         0.182565        0.001750        excluding marked processes    
25         10888.000000    104.345580      Unweighted events, alpha=0.000031
  => Total parameter prop_binmuon_channel_bin25[0.00,-7.00,7.00] to be Gaussian constrained
------------------------------------------------------------
26         0.326420        0.015145        total sum                     
26         0.153973        0.008863        excluding marked processes    
26         302.000000      17.378147       Unweighted events, alpha=0.001081
  => Total parameter prop_binmuon_channel_bin26[0.00,-7.00,7.00] to be Gaussian constrained
------------------------------------------------------------
27         0.309316        0.028882        total sum                     
27         0.136377        0.026096        excluding marked processes    
27         27.000000       5.196152        Unweighted events, alpha=0.011456
  => Total parameter prop_binmuon_channel_bin27[0.00,-7.00,7.00] to be Gaussian constrained
------------------------------------------------------------
28         0.253810        0.012047        total sum                     
28         0.081851        0.001145        excluding marked processes    
28         5106.000000     71.456280       Unweighted events, alpha=0.000050
  => Total parameter prop_binmuon_channel_bin28[0.00,-7.00,7.00] to be Gaussian constrained
------------------------------------------------------------
29         0.260014        0.021393        total sum                     
29         0.081216        0.017618        excluding marked processes    
29         21.000000       4.582576        Unweighted events, alpha=0.012382
  => Total parameter prop_binmuon_channel_bin29[0.00,-7.00,7.00] to be Gaussian constrained
------------------------------------------------------------
30         0.229056        0.018255        total sum                     
30         0.066199        0.013911        excluding marked processes    
30         23.000000       4.795832        Unweighted events, alpha=0.009959
  => Total parameter prop_binmuon_channel_bin30[0.00,-7.00,7.00] to be Gaussian constrained
------------------------------------------------------------
31         0.202851        0.012207        total sum                     
31         0.037251        0.000838        excluding marked processes    
31         1976.000000     44.452222       Unweighted events, alpha=0.000103
  => Total parameter prop_binmuon_channel_bin31[0.00,-7.00,7.00] to be Gaussian constrained
------------------------------------------------------------
32         0.205650        0.012356        total sum                     
32         0.030622        0.001494        excluding marked processes    
32         420.000000      20.493902       Unweighted events, alpha=0.000490
  => Total parameter prop_binmuon_channel_bin32[0.00,-7.00,7.00] to be Gaussian constrained
------------------------------------------------------------
33         0.191593        0.011831        total sum                     
33         0.023589        0.000934        excluding marked processes    
33         639.000000      25.278449       Unweighted events, alpha=0.000300
  => Total parameter prop_binmuon_channel_bin33[0.00,-7.00,7.00] to be Gaussian constrained
------------------------------------------------------------
34         0.189791        0.016529        total sum                     
34         0.029499        0.011768        excluding marked processes    
34         6.000000        2.449490        Unweighted events, alpha=0.031632
  => Number of weighted events is below Poisson threshold
    Wprime6000           0.160293        0.011607                                      
                         191.000000      13.820275       Unweighted events, alpha=0.000839
      => Parameter prop_binmuon_channel_bin34_Wprime6000[0.00,-7.00,7.00] to be Gaussian constrained
  ----------------------------------------------------------
    W_boson              0.017420        0.000289                                      
                         3636.000000     60.299254       Unweighted events, alpha=0.000005
      => Parameter prop_binmuon_channel_bin34_W_boson[0.00,-7.00,7.00] to be Gaussian constrained
  ----------------------------------------------------------
    Top                  0.000000        0.000000                                      
      => Error is zero, ignore      
  ----------------------------------------------------------
    Z_boson              0.000314        0.000020                                      
                         236.000000      15.362291       Unweighted events, alpha=0.000001
      => Parameter prop_binmuon_channel_bin34_Z_boson[0.00,-7.00,7.00] to be Gaussian constrained
  ----------------------------------------------------------
    DiBoson              0.000000        0.000000                                      
      => Error is zero, ignore      
  ----------------------------------------------------------
    QCD                  0.011765        0.011765                                      
                         1.000000        1.000000        Unweighted events, alpha=0.011765
      => Product of prop_binmuon_channel_bin34_QCD[1.00,0.00,30.85] and const [1.0000] to be Poisson constrained
  ----------------------------------------------------------
------------------------------------------------------------
35         0.191738        0.012306        total sum                     
35         0.013748        0.000223        excluding marked processes    
35         3805.000000     61.684682       Unweighted events, alpha=0.000050
  => Total parameter prop_binmuon_channel_bin35[0.00,-7.00,7.00] to be Gaussian constrained
------------------------------------------------------------
36         0.176864        0.012268        total sum                     
36         0.013223        0.002041        excluding marked processes    
36         42.000000       6.480741        Unweighted events, alpha=0.004211
  => Total parameter prop_binmuon_channel_bin36[0.00,-7.00,7.00] to be Gaussian constrained
------------------------------------------------------------
37         0.170264        0.011504        total sum                     
37         0.008720        0.000168        excluding marked processes    
37         2683.000000     51.797683       Unweighted events, alpha=0.000063
  => Total parameter prop_binmuon_channel_bin37[0.00,-7.00,7.00] to be Gaussian constrained
------------------------------------------------------------
38         0.181885        0.012305        total sum                     
38         0.007065        0.000136        excluding marked processes    
38         2716.000000     52.115257       Unweighted events, alpha=0.000067
  => Total parameter prop_binmuon_channel_bin38[0.00,-7.00,7.00] to be Gaussian constrained
------------------------------------------------------------
39         0.176295        0.012211        total sum                     
39         0.005722        0.000089        excluding marked processes    
39         4121.000000     64.195015       Unweighted events, alpha=0.000043
  => Total parameter prop_binmuon_channel_bin39[0.00,-7.00,7.00] to be Gaussian constrained
------------------------------------------------------------
40         0.200877        0.012944        total sum                     
40         0.005243        0.000543        excluding marked processes    
40         93.000000       9.643651        Unweighted events, alpha=0.002160
  => Total parameter prop_binmuon_channel_bin40[0.00,-7.00,7.00] to be Gaussian constrained
------------------------------------------------------------
41         0.164836        0.011631        total sum                     
41         0.004021        0.000382        excluding marked processes    
41         111.000000      10.535654       Unweighted events, alpha=0.001485
  => Total parameter prop_binmuon_channel_bin41[0.00,-7.00,7.00] to be Gaussian constrained
------------------------------------------------------------
42         0.197475        0.012920        total sum                     
42         0.002983        0.000036        excluding marked processes    
42         6771.000000     82.286086       Unweighted events, alpha=0.000029
  => Total parameter prop_binmuon_channel_bin42[0.00,-7.00,7.00] to be Gaussian constrained
------------------------------------------------------------
43         0.182666        0.012356        total sum                     
43         0.002698        0.000245        excluding marked processes    
43         121.000000      11.000000       Unweighted events, alpha=0.001510
  => Total parameter prop_binmuon_channel_bin43[0.00,-7.00,7.00] to be Gaussian constrained
------------------------------------------------------------
44         0.187165        0.012396        total sum                     
44         0.002089        0.000073        excluding marked processes    
44         821.000000      28.653098       Unweighted events, alpha=0.000228
  => Total parameter prop_binmuon_channel_bin44[0.00,-7.00,7.00] to be Gaussian constrained
------------------------------------------------------------
45         0.220826        0.013907        total sum                     
45         0.002238        0.000586        excluding marked processes    
45         15.000000       3.872983        Unweighted events, alpha=0.014722
  => Total parameter prop_binmuon_channel_bin45[0.00,-7.00,7.00] to be Gaussian constrained
------------------------------------------------------------
46         0.217411        0.013587        total sum                     
46         0.001392        0.000022        excluding marked processes    
46         3954.000000     62.880840       Unweighted events, alpha=0.000055
  => Total parameter prop_binmuon_channel_bin46[0.00,-7.00,7.00] to be Gaussian constrained
------------------------------------------------------------
47         0.233060        0.014302        total sum                     
47         0.001162        0.000024        excluding marked processes    
47         2430.000000     49.295030       Unweighted events, alpha=0.000096
  => Total parameter prop_binmuon_channel_bin47[0.00,-7.00,7.00] to be Gaussian constrained
------------------------------------------------------------
48         0.210818        0.013547        total sum                     
48         0.000986        0.000018        excluding marked processes    
48         3016.000000     54.918121       Unweighted events, alpha=0.000070
  => Total parameter prop_binmuon_channel_bin48[0.00,-7.00,7.00] to be Gaussian constrained
------------------------------------------------------------
49         0.207762        0.013332        total sum                     
49         0.001258        0.000468        excluding marked processes    
49         7.000000        2.645751        Unweighted events, alpha=0.029680
  => Number of weighted events is below Poisson threshold
    Wprime6000           0.206504        0.013324                                      
                         240.000000      15.491933       Unweighted events, alpha=0.000860
      => Parameter prop_binmuon_channel_bin49_Wprime6000[0.00,-7.00,7.00] to be Gaussian constrained
  ----------------------------------------------------------
    W_boson              0.000780        0.000014                                      
                         3004.000000     54.808758       Unweighted events, alpha=0.000000
      => Parameter prop_binmuon_channel_bin49_W_boson[0.00,-7.00,7.00] to be Gaussian constrained
  ----------------------------------------------------------
    Top                  0.000000        0.000000                                      
      => Error is zero, ignore      
  ----------------------------------------------------------
    Z_boson              0.000011        0.000001                                      
                         71.000000       8.426150        Unweighted events, alpha=0.000000
      => Parameter prop_binmuon_channel_bin49_Z_boson[0.00,-7.00,7.00] to be Gaussian constrained
  ----------------------------------------------------------
    DiBoson              0.000000        0.000000                                      
      => Error is zero, ignore      
  ----------------------------------------------------------
    QCD                  0.000468        0.000468                                      
                         1.000000        1.000000        Unweighted events, alpha=0.000468
      => Product of prop_binmuon_channel_bin49_QCD[1.00,0.00,30.85] and const [1.0000] to be Poisson constrained
  ----------------------------------------------------------
------------------------------------------------------------
50         0.239767        0.014512        total sum                     
50         0.000668        0.000013        excluding marked processes    
50         2580.000000     50.793700       Unweighted events, alpha=0.000093
  => Total parameter prop_binmuon_channel_bin50[0.00,-7.00,7.00] to be Gaussian constrained
------------------------------------------------------------
51         0.260938        0.014900        total sum                     
51         0.002536        0.001503        excluding marked processes    
51         3.000000        1.732051        Unweighted events, alpha=0.086979
  => Number of weighted events is below Poisson threshold
    Wprime6000           0.258402        0.014824                                      
                         304.000000      17.435596       Unweighted events, alpha=0.000850
      => Parameter prop_binmuon_channel_bin51_Wprime6000[0.00,-7.00,7.00] to be Gaussian constrained
  ----------------------------------------------------------
    W_boson              0.000570        0.000011                                      
                         2840.000000     53.291650       Unweighted events, alpha=0.000000
      => Parameter prop_binmuon_channel_bin51_W_boson[0.00,-7.00,7.00] to be Gaussian constrained
  ----------------------------------------------------------
    Top                  0.000000        0.000000                                      
      => Error is zero, ignore      
  ----------------------------------------------------------
    Z_boson              0.000008        0.000001                                      
                         39.000000       6.244998        Unweighted events, alpha=0.000000
      => Parameter prop_binmuon_channel_bin51_Z_boson[0.00,-7.00,7.00] to be Gaussian constrained
  ----------------------------------------------------------
    DiBoson              0.000000        0.000000                                      
      => Error is zero, ignore      
  ----------------------------------------------------------
    QCD                  0.001958        0.001503                                      
                         2.000000        1.414214        Unweighted events, alpha=0.000979
      => Product of prop_binmuon_channel_bin51_QCD[2.00,0.00,33.79] and const [0.5000] to be Poisson constrained
  ----------------------------------------------------------
------------------------------------------------------------
52         0.235485        0.014071        total sum                     
52         0.001559        0.000776        excluding marked processes    
52         4.000000        2.000000        Unweighted events, alpha=0.058871
  => Number of weighted events is below Poisson threshold
    Wprime6000           0.233926        0.014049                                      
                         277.000000      16.643317       Unweighted events, alpha=0.000844
      => Parameter prop_binmuon_channel_bin52_Wprime6000[0.00,-7.00,7.00] to be Gaussian constrained
  ----------------------------------------------------------
    W_boson              0.000456        0.000008                                      
                         3213.000000     56.683331       Unweighted events, alpha=0.000000
      => Parameter prop_binmuon_channel_bin52_W_boson[0.00,-7.00,7.00] to be Gaussian constrained
  ----------------------------------------------------------
    Top                  0.000000        0.000000                                      
      => Error is zero, ignore      
  ----------------------------------------------------------
    Z_boson              0.000006        0.000000                                      
                         139.000000      11.789826       Unweighted events, alpha=0.000000
      => Parameter prop_binmuon_channel_bin52_Z_boson[0.00,-7.00,7.00] to be Gaussian constrained
  ----------------------------------------------------------
    DiBoson              0.000000        0.000000                                      
      => Error is zero, ignore      
  ----------------------------------------------------------
    QCD                  0.001097        0.000776                                      
                         2.000000        1.414214        Unweighted events, alpha=0.000548
      => Product of prop_binmuon_channel_bin52_QCD[2.00,0.00,33.79] and const [0.5000] to be Poisson constrained
  ----------------------------------------------------------
------------------------------------------------------------
53         0.227405        0.013512        total sum                     
53         0.000412        0.000011        excluding marked processes    
53         1528.000000     39.089641       Unweighted events, alpha=0.000149
  => Total parameter prop_binmuon_channel_bin53[0.00,-7.00,7.00] to be Gaussian constrained
------------------------------------------------------------
54         0.234213        0.014221        total sum                     
54         0.000373        0.000028        excluding marked processes    
54         182.000000      13.490738       Unweighted events, alpha=0.001287
  => Total parameter prop_binmuon_channel_bin54[0.00,-7.00,7.00] to be Gaussian constrained
------------------------------------------------------------
55         0.215243        0.013256        total sum                     
55         0.001100        0.000814        excluding marked processes    
55         2.000000        1.414214        Unweighted events, alpha=0.107621
  => Number of weighted events is below Poisson threshold
    Wprime6000           0.214142        0.013231                                      
                         262.000000      16.186414       Unweighted events, alpha=0.000817
      => Parameter prop_binmuon_channel_bin55_Wprime6000[0.00,-7.00,7.00] to be Gaussian constrained
  ----------------------------------------------------------
    W_boson              0.000283        0.000005                                      
                         3360.000000     57.965507       Unweighted events, alpha=0.000000
      => Parameter prop_binmuon_channel_bin55_W_boson[0.00,-7.00,7.00] to be Gaussian constrained
  ----------------------------------------------------------
    Top                  0.000000        0.000000                                      
      => Error is zero, ignore      
  ----------------------------------------------------------
    Z_boson              0.000004        0.000000                                      
                         108.000000      10.392305       Unweighted events, alpha=0.000000
      => Parameter prop_binmuon_channel_bin55_Z_boson[0.00,-7.00,7.00] to be Gaussian constrained
  ----------------------------------------------------------
    DiBoson              0.000000        0.000000                                      
      => Error is zero, ignore      
  ----------------------------------------------------------
    QCD                  0.000814        0.000814                                      
                         1.000000        1.000000        Unweighted events, alpha=0.000814
      => Product of prop_binmuon_channel_bin55_QCD[1.00,0.00,30.85] and const [1.0000] to be Poisson constrained
  ----------------------------------------------------------
------------------------------------------------------------
56         0.223169        0.016666        total sum                     
56         0.009945        0.009697        excluding marked processes    
56         1.000000        1.000000        Unweighted events, alpha=0.223169
  => Number of weighted events is below Poisson threshold
    Wprime6000           0.213223        0.013554                                      
                         247.000000      15.716234       Unweighted events, alpha=0.000863
      => Parameter prop_binmuon_channel_bin56_Wprime6000[0.00,-7.00,7.00] to be Gaussian constrained
  ----------------------------------------------------------
    W_boson              0.000245        0.000007                                      
                         1131.000000     33.630343       Unweighted events, alpha=0.000000
      => Parameter prop_binmuon_channel_bin56_W_boson[0.00,-7.00,7.00] to be Gaussian constrained
  ----------------------------------------------------------
    Top                  0.000000        0.000000                                      
      => Error is zero, ignore      
  ----------------------------------------------------------
    Z_boson              0.000003        0.000000                                      
                         114.000000      10.677078       Unweighted events, alpha=0.000000
      => Parameter prop_binmuon_channel_bin56_Z_boson[0.00,-7.00,7.00] to be Gaussian constrained
  ----------------------------------------------------------
    DiBoson              0.000000        0.000000                                      
      => Error is zero, ignore      
  ----------------------------------------------------------
    QCD                  0.009697        0.009697                                      
                         1.000000        1.000000        Unweighted events, alpha=0.009697
      => Product of prop_binmuon_channel_bin56_QCD[1.00,0.00,30.85] and const [1.0000] to be Poisson constrained
  ----------------------------------------------------------
------------------------------------------------------------
57         0.173866        0.011953        total sum                     
57         0.000203        0.000004        excluding marked processes    
57         2635.000000     51.332251       Unweighted events, alpha=0.000066
  => Total parameter prop_binmuon_channel_bin57[0.00,-7.00,7.00] to be Gaussian constrained
------------------------------------------------------------
58         0.152406        0.011171        total sum                     
58         0.001356        0.001173        excluding marked processes    
58         1.000000        1.000000        Unweighted events, alpha=0.152406
  => Number of weighted events is below Poisson threshold
    Wprime6000           0.151050        0.011109                                      
                         185.000000      13.601471       Unweighted events, alpha=0.000816
      => Parameter prop_binmuon_channel_bin58_Wprime6000[0.00,-7.00,7.00] to be Gaussian constrained
  ----------------------------------------------------------
    W_boson              0.000181        0.000006                                      
                         946.000000      30.757113       Unweighted events, alpha=0.000000
      => Parameter prop_binmuon_channel_bin58_W_boson[0.00,-7.00,7.00] to be Gaussian constrained
  ----------------------------------------------------------
    Top                  0.000000        0.000000                                      
      => Error is zero, ignore      
  ----------------------------------------------------------
    Z_boson              0.000002        0.000000                                      
                         87.000000       9.327379        Unweighted events, alpha=0.000000
      => Parameter prop_binmuon_channel_bin58_Z_boson[0.00,-7.00,7.00] to be Gaussian constrained
  ----------------------------------------------------------
    DiBoson              0.000000        0.000000                                      
      => Error is zero, ignore      
  ----------------------------------------------------------
    QCD                  0.001173        0.001173                                      
                         1.000000        1.000000        Unweighted events, alpha=0.001173
      => Product of prop_binmuon_channel_bin58_QCD[1.00,0.00,30.85] and const [1.0000] to be Poisson constrained
  ----------------------------------------------------------
------------------------------------------------------------
59         0.135417        0.010724        total sum                     
59         0.000152        0.000005        excluding marked processes    
59         937.000000      30.610456       Unweighted events, alpha=0.000145
  => Total parameter prop_binmuon_channel_bin59[0.00,-7.00,7.00] to be Gaussian constrained
------------------------------------------------------------
60         0.112475        0.018943        total sum                     
60         0.016837        0.016698        excluding marked processes    
60         1.000000        1.000000        Unweighted events, alpha=0.112475
  => Number of weighted events is below Poisson threshold
    Wprime6000           0.095639        0.008945                                      
                         114.000000      10.677078       Unweighted events, alpha=0.000839
      => Parameter prop_binmuon_channel_bin60_Wprime6000[0.00,-7.00,7.00] to be Gaussian constrained
  ----------------------------------------------------------
    W_boson              0.000137        0.000004                                      
                         1248.000000     35.327043       Unweighted events, alpha=0.000000
      => Parameter prop_binmuon_channel_bin60_W_boson[0.00,-7.00,7.00] to be Gaussian constrained
  ----------------------------------------------------------
    Top                  0.000000        0.000000                                      
      => Error is zero, ignore      
  ----------------------------------------------------------
    Z_boson              0.000002        0.000000                                      
                         66.000000       8.124038        Unweighted events, alpha=0.000000
      => Parameter prop_binmuon_channel_bin60_Z_boson[0.00,-7.00,7.00] to be Gaussian constrained
  ----------------------------------------------------------
    DiBoson              0.000000        0.000000                                      
      => Error is zero, ignore      
  ----------------------------------------------------------
    QCD                  0.016698        0.016698                                      
                         1.000000        1.000000        Unweighted events, alpha=0.016698
      => Product of prop_binmuon_channel_bin60_QCD[1.00,0.00,30.85] and const [1.0000] to be Poisson constrained
  ----------------------------------------------------------
------------------------------------------------------------
61         0.072539        0.007784        total sum                     
61         0.000116        0.000004        excluding marked processes    
61         893.000000      29.883106       Unweighted events, alpha=0.000081
  => Total parameter prop_binmuon_channel_bin61[0.00,-7.00,7.00] to be Gaussian constrained
------------------------------------------------------------
62         0.053043        0.006565        total sum                     
62         0.000097        0.000002        excluding marked processes    
62         4092.000000     63.968742       Unweighted events, alpha=0.000013
  => Total parameter prop_binmuon_channel_bin62[0.00,-7.00,7.00] to be Gaussian constrained
------------------------------------------------------------
63         0.040426        0.005880        total sum                     
63         0.000091        0.000005        excluding marked processes    
63         287.000000      16.941074       Unweighted events, alpha=0.000141
  => Total parameter prop_binmuon_channel_bin63[0.00,-7.00,7.00] to be Gaussian constrained
------------------------------------------------------------
64         0.031812        0.004961        total sum                     
64         0.000074        0.000002        excluding marked processes    
64         2058.000000     45.365185       Unweighted events, alpha=0.000015
  => Total parameter prop_binmuon_channel_bin64[0.00,-7.00,7.00] to be Gaussian constrained
------------------------------------------------------------
65         0.027940        0.004938        total sum                     
65         0.002103        0.001539        excluding marked processes    
65         2.000000        1.414214        Unweighted events, alpha=0.013970
  => Number of weighted events is below Poisson threshold
    Wprime6000           0.025836        0.004692                                      
                         30.000000       5.477226        Unweighted events, alpha=0.000861
      => Parameter prop_binmuon_channel_bin65_Wprime6000[0.00,-7.00,7.00] to be Gaussian constrained
  ----------------------------------------------------------
    W_boson              0.000061        0.000001                                      
                         4081.000000     63.882705       Unweighted events, alpha=0.000000
      => Parameter prop_binmuon_channel_bin65_W_boson[0.00,-7.00,7.00] to be Gaussian constrained
  ----------------------------------------------------------
    Top                  0.000000        0.000000                                      
      => Error is zero, ignore      
  ----------------------------------------------------------
    Z_boson              0.000001        0.000000                                      
                         60.000000       7.745967        Unweighted events, alpha=0.000000
      => Parameter prop_binmuon_channel_bin65_Z_boson[0.00,-7.00,7.00] to be Gaussian constrained
  ----------------------------------------------------------
    DiBoson              0.000000        0.000000                                      
      => Error is zero, ignore      
  ----------------------------------------------------------
    QCD                  0.002042        0.001539                                      
                         2.000000        1.414214        Unweighted events, alpha=0.001021
      => Product of prop_binmuon_channel_bin65_QCD[2.00,0.00,33.79] and const [0.5000] to be Poisson constrained
  ----------------------------------------------------------
------------------------------------------------------------
66         0.018119        0.004181        total sum                     
66         0.000055        0.000002        excluding marked processes    
66         633.000000      25.159491       Unweighted events, alpha=0.000029
  => Total parameter prop_binmuon_channel_bin66[0.00,-7.00,7.00] to be Gaussian constrained
------------------------------------------------------------
67         0.013207        0.003450        total sum                     
67         0.001308        0.001211        excluding marked processes    
67         1.000000        1.000000        Unweighted events, alpha=0.013207
  => Number of weighted events is below Poisson threshold
    Wprime6000           0.011899        0.003230                                      
                         14.000000       3.741657        Unweighted events, alpha=0.000850
      => Parameter prop_binmuon_channel_bin67_Wprime6000[0.00,-7.00,7.00] to be Gaussian constrained
  ----------------------------------------------------------
    W_boson              0.000098        0.000052                                      
                         4.000000        2.000000        Unweighted events, alpha=0.000025
      => Product of prop_binmuon_channel_bin67_W_boson[4.00,0.00,38.96] and const [0.2500] to be Poisson constrained
  ----------------------------------------------------------
    Top                  0.000000        0.000000                                      
      => Error is zero, ignore      
  ----------------------------------------------------------
    Z_boson              0.000000        0.000000                                      
                         170.000000      13.038405       Unweighted events, alpha=0.000000
      => Parameter prop_binmuon_channel_bin67_Z_boson[0.00,-7.00,7.00] to be Gaussian constrained
  ----------------------------------------------------------
    DiBoson              0.000000        0.000000                                      
      => Error is zero, ignore      
  ----------------------------------------------------------
    QCD                  0.001210        0.001210                                      
                         1.000000        1.000000        Unweighted events, alpha=0.001210
      => Product of prop_binmuon_channel_bin67_QCD[1.00,0.00,30.85] and const [1.0000] to be Poisson constrained
  ----------------------------------------------------------
------------------------------------------------------------
Channel muon_channel will use autoMCStats with settings: event-threshold=10, include-signal=0, hist-mode=1
Generate toy 1/100

 -- MarkovChainMC -- 
Limit: r < 0.494167 +/- 0.00932104 @ 95% credibility (15 tries)
Done in 0.30 min (cpu), 0.30 min (real)
Generate toy 2/100

 -- MarkovChainMC -- 
Limit: r < 0.487176 +/- 0.0165903 @ 95% credibility (15 tries)
Done in 0.28 min (cpu), 0.28 min (real)
Generate toy 3/100

 -- MarkovChainMC -- 
Limit: r < 0.684102 +/- 0.0176197 @ 95% credibility (15 tries)
Done in 0.32 min (cpu), 0.32 min (real)
Generate toy 4/100

 -- MarkovChainMC -- 
Limit: r < 0.594344 +/- 0.0206344 @ 95% credibility (15 tries)
Done in 0.31 min (cpu), 0.31 min (real)
Generate toy 5/100

 -- MarkovChainMC -- 
Limit: r < 0.577645 +/- 0.0153276 @ 95% credibility (15 tries)
Done in 0.27 min (cpu), 0.27 min (real)
Generate toy 6/100

 -- MarkovChainMC -- 
Limit: r < 0.896334 +/- 0.0196006 @ 95% credibility (15 tries)
Done in 0.29 min (cpu), 0.29 min (real)
Generate toy 7/100

 -- MarkovChainMC -- 
Limit: r < 0.59919 +/- 0.0230795 @ 95% credibility (15 tries)
Done in 0.27 min (cpu), 0.27 min (real)
Generate toy 8/100

 -- MarkovChainMC -- 
Limit: r < 0.683707 +/- 0.0233194 @ 95% credibility (15 tries)
Done in 0.31 min (cpu), 0.31 min (real)
Generate toy 9/100

 -- MarkovChainMC -- 
Limit: r < 0.458218 +/- 0.00742226 @ 95% credibility (15 tries)
Done in 0.27 min (cpu), 0.28 min (real)
Generate toy 10/100

 -- MarkovChainMC -- 
Limit: r < 0.564494 +/- 0.00987951 @ 95% credibility (15 tries)
Done in 0.33 min (cpu), 0.34 min (real)
Generate toy 11/100

 -- MarkovChainMC -- 
Limit: r < 0.556058 +/- 0.0167269 @ 95% credibility (15 tries)
Done in 0.33 min (cpu), 0.33 min (real)
Generate toy 12/100

 -- MarkovChainMC -- 
Limit: r < 1.10508 +/- 0.0320897 @ 95% credibility (15 tries)
Done in 0.32 min (cpu), 0.32 min (real)
Generate toy 13/100

 -- MarkovChainMC -- 
Limit: r < 0.567203 +/- 0.0126552 @ 95% credibility (15 tries)
Done in 0.29 min (cpu), 0.29 min (real)
Generate toy 14/100

 -- MarkovChainMC -- 
Limit: r < 0.466207 +/- 0.0148271 @ 95% credibility (15 tries)
Done in 0.32 min (cpu), 0.32 min (real)
Generate toy 15/100

 -- MarkovChainMC -- 
Limit: r < 0.58233 +/- 0.0215386 @ 95% credibility (15 tries)
Done in 0.33 min (cpu), 0.33 min (real)
Generate toy 16/100

 -- MarkovChainMC -- 
Limit: r < 0.908795 +/- 0.00819139 @ 95% credibility (15 tries)
Done in 0.36 min (cpu), 0.36 min (real)
Generate toy 17/100

 -- MarkovChainMC -- 
Limit: r < 0.551768 +/- 0.0116812 @ 95% credibility (15 tries)
Done in 0.35 min (cpu), 0.35 min (real)
Generate toy 18/100

 -- MarkovChainMC -- 
Limit: r < 0.573634 +/- 0.0150986 @ 95% credibility (15 tries)
Done in 0.33 min (cpu), 0.33 min (real)
Generate toy 19/100

 -- MarkovChainMC -- 
Limit: r < 0.509108 +/- 0.0178307 @ 95% credibility (15 tries)
Done in 0.35 min (cpu), 0.35 min (real)
Generate toy 20/100

 -- MarkovChainMC -- 
Limit: r < 0.795546 +/- 0.00921848 @ 95% credibility (15 tries)
Done in 0.38 min (cpu), 0.38 min (real)
Generate toy 21/100

 -- MarkovChainMC -- 
Limit: r < 0.81924 +/- 0.0256036 @ 95% credibility (15 tries)
Done in 0.38 min (cpu), 0.39 min (real)
Generate toy 22/100

 -- MarkovChainMC -- 
Limit: r < 0.516937 +/- 0.0075859 @ 95% credibility (15 tries)
Done in 0.35 min (cpu), 0.35 min (real)
Generate toy 23/100

 -- MarkovChainMC -- 
Limit: r < 0.759799 +/- 0.0180064 @ 95% credibility (15 tries)
Done in 0.40 min (cpu), 0.41 min (real)
Generate toy 24/100

 -- MarkovChainMC -- 
Limit: r < 0.584885 +/- 0.0113535 @ 95% credibility (15 tries)
Done in 0.34 min (cpu), 0.34 min (real)
Generate toy 25/100

 -- MarkovChainMC -- 
Limit: r < 0.57528 +/- 0.00961912 @ 95% credibility (15 tries)
Done in 0.29 min (cpu), 0.29 min (real)
Generate toy 26/100

 -- MarkovChainMC -- 
Limit: r < 0.548448 +/- 0.0200983 @ 95% credibility (15 tries)
Done in 0.34 min (cpu), 0.34 min (real)
Generate toy 27/100

 -- MarkovChainMC -- 
Limit: r < 0.524164 +/- 0.0194828 @ 95% credibility (15 tries)
Done in 0.36 min (cpu), 0.36 min (real)
Generate toy 28/100

 -- MarkovChainMC -- 
Limit: r < 0.590827 +/- 0.0132594 @ 95% credibility (15 tries)
Done in 0.38 min (cpu), 0.38 min (real)
Generate toy 29/100

 -- MarkovChainMC -- 
Limit: r < 0.517331 +/- 0.0153572 @ 95% credibility (15 tries)
Done in 0.36 min (cpu), 0.37 min (real)
Generate toy 30/100

 -- MarkovChainMC -- 
Limit: r < 0.760955 +/- 0.0251252 @ 95% credibility (15 tries)
Done in 0.34 min (cpu), 0.34 min (real)
Generate toy 31/100

 -- MarkovChainMC -- 
Limit: r < 0.556655 +/- 0.0124965 @ 95% credibility (15 tries)
Done in 0.33 min (cpu), 0.33 min (real)
Generate toy 32/100

 -- MarkovChainMC -- 
Limit: r < 0.562983 +/- 0.0166942 @ 95% credibility (15 tries)
Done in 0.33 min (cpu), 0.34 min (real)
Generate toy 33/100

 -- MarkovChainMC -- 
Limit: r < 0.460724 +/- 0.0179147 @ 95% credibility (15 tries)
Done in 0.30 min (cpu), 0.30 min (real)
Generate toy 34/100

 -- MarkovChainMC -- 
Limit: r < 0.711429 +/- 0.0186384 @ 95% credibility (15 tries)
Done in 0.37 min (cpu), 0.37 min (real)
Generate toy 35/100

 -- MarkovChainMC -- 
Limit: r < 0.539833 +/- 0.0182787 @ 95% credibility (15 tries)
Done in 0.35 min (cpu), 0.35 min (real)
Generate toy 36/100

 -- MarkovChainMC -- 
Limit: r < 0.486988 +/- 0.0148944 @ 95% credibility (15 tries)
Done in 0.33 min (cpu), 0.33 min (real)
Generate toy 37/100

 -- MarkovChainMC -- 
Limit: r < 0.536331 +/- 0.0167035 @ 95% credibility (15 tries)
Done in 0.36 min (cpu), 0.36 min (real)
Generate toy 38/100

 -- MarkovChainMC -- 
Limit: r < 0.542664 +/- 0.0131456 @ 95% credibility (15 tries)
Done in 0.33 min (cpu), 0.33 min (real)
Generate toy 39/100

 -- MarkovChainMC -- 
Limit: r < 0.545677 +/- 0.0132018 @ 95% credibility (15 tries)
Done in 0.36 min (cpu), 0.36 min (real)
Generate toy 40/100

 -- MarkovChainMC -- 
Limit: r < 0.721323 +/- 0.0218728 @ 95% credibility (15 tries)
Done in 0.41 min (cpu), 0.41 min (real)
Generate toy 41/100

 -- MarkovChainMC -- 
Limit: r < 0.619997 +/- 0.0165803 @ 95% credibility (15 tries)
Done in 0.37 min (cpu), 0.38 min (real)
Generate toy 42/100

 -- MarkovChainMC -- 
Limit: r < 0.899829 +/- 0.024275 @ 95% credibility (15 tries)
Done in 0.35 min (cpu), 0.35 min (real)
Generate toy 43/100

 -- MarkovChainMC -- 
Limit: r < 0.54367 +/- 0.0219869 @ 95% credibility (15 tries)
Done in 0.35 min (cpu), 0.35 min (real)
Generate toy 44/100

 -- MarkovChainMC -- 
Limit: r < 0.504676 +/- 0.0155256 @ 95% credibility (15 tries)
Done in 0.31 min (cpu), 0.31 min (real)
Generate toy 45/100

 -- MarkovChainMC -- 
Limit: r < 0.513662 +/- 0.0180255 @ 95% credibility (15 tries)
Done in 0.38 min (cpu), 0.39 min (real)
Generate toy 46/100

 -- MarkovChainMC -- 
Limit: r < 0.911763 +/- 0.0173626 @ 95% credibility (15 tries)
Done in 0.47 min (cpu), 0.47 min (real)
Generate toy 47/100

 -- MarkovChainMC -- 
Limit: r < 0.465921 +/- 0.00923636 @ 95% credibility (15 tries)
Done in 0.43 min (cpu), 0.43 min (real)
Generate toy 48/100

 -- MarkovChainMC -- 
Limit: r < 0.568522 +/- 0.0171241 @ 95% credibility (15 tries)
Done in 0.31 min (cpu), 0.31 min (real)
Generate toy 49/100

 -- MarkovChainMC -- 
Limit: r < 0.437961 +/- 0.0130482 @ 95% credibility (15 tries)
Done in 0.27 min (cpu), 0.27 min (real)
Generate toy 50/100

 -- MarkovChainMC -- 
Limit: r < 0.772604 +/- 0.0223527 @ 95% credibility (15 tries)
Done in 0.30 min (cpu), 0.30 min (real)
Generate toy 51/100

 -- MarkovChainMC -- 
Limit: r < 0.565346 +/- 0.0123262 @ 95% credibility (15 tries)
Done in 0.28 min (cpu), 0.28 min (real)
Generate toy 52/100

 -- MarkovChainMC -- 
Limit: r < 0.478955 +/- 0.00917119 @ 95% credibility (15 tries)
Done in 0.47 min (cpu), 0.47 min (real)
Generate toy 53/100

 -- MarkovChainMC -- 
Limit: r < 0.442664 +/- 0.0120287 @ 95% credibility (15 tries)
Done in 0.37 min (cpu), 0.37 min (real)
Generate toy 54/100

 -- MarkovChainMC -- 
Limit: r < 0.637507 +/- 0.0131179 @ 95% credibility (15 tries)
Done in 0.45 min (cpu), 0.45 min (real)
Generate toy 55/100

 -- MarkovChainMC -- 
Limit: r < 0.596254 +/- 0.0197586 @ 95% credibility (15 tries)
Done in 0.44 min (cpu), 0.44 min (real)
Generate toy 56/100

 -- MarkovChainMC -- 
Limit: r < 0.542842 +/- 0.00902102 @ 95% credibility (15 tries)
Done in 0.44 min (cpu), 0.44 min (real)
Generate toy 57/100

 -- MarkovChainMC -- 
Limit: r < 0.495618 +/- 0.0152211 @ 95% credibility (15 tries)
Done in 0.45 min (cpu), 0.45 min (real)
Generate toy 58/100

 -- MarkovChainMC -- 
Limit: r < 0.543922 +/- 0.01541 @ 95% credibility (15 tries)
Done in 0.47 min (cpu), 0.47 min (real)
Generate toy 59/100

 -- MarkovChainMC -- 
Limit: r < 0.593301 +/- 0.0157835 @ 95% credibility (15 tries)
Done in 0.46 min (cpu), 0.47 min (real)
Generate toy 60/100

 -- MarkovChainMC -- 
Limit: r < 0.69604 +/- 0.0112343 @ 95% credibility (15 tries)
Done in 0.48 min (cpu), 0.48 min (real)
Generate toy 61/100

 -- MarkovChainMC -- 
Limit: r < 0.687036 +/- 0.0105456 @ 95% credibility (15 tries)
Done in 0.46 min (cpu), 0.46 min (real)
Generate toy 62/100

 -- MarkovChainMC -- 
Limit: r < 0.513728 +/- 0.0108683 @ 95% credibility (15 tries)
Done in 0.44 min (cpu), 0.45 min (real)
Generate toy 63/100

 -- MarkovChainMC -- 
Limit: r < 0.889412 +/- 0.0211435 @ 95% credibility (15 tries)
Done in 0.48 min (cpu), 0.49 min (real)
Generate toy 64/100

 -- MarkovChainMC -- 
Limit: r < 0.521335 +/- 0.00588164 @ 95% credibility (15 tries)
Done in 0.44 min (cpu), 0.44 min (real)
Generate toy 65/100

 -- MarkovChainMC -- 
Limit: r < 0.519701 +/- 0.0126055 @ 95% credibility (15 tries)
Done in 0.44 min (cpu), 0.45 min (real)
Generate toy 66/100

 -- MarkovChainMC -- 
Limit: r < 0.427449 +/- 0.00765439 @ 95% credibility (15 tries)
Done in 0.43 min (cpu), 0.45 min (real)
Generate toy 67/100

 -- MarkovChainMC -- 
Limit: r < 0.714785 +/- 0.0212528 @ 95% credibility (15 tries)
Done in 0.47 min (cpu), 0.51 min (real)
Generate toy 68/100

 -- MarkovChainMC -- 
Limit: r < 0.656946 +/- 0.0161443 @ 95% credibility (15 tries)
Done in 0.48 min (cpu), 0.49 min (real)
Generate toy 69/100

 -- MarkovChainMC -- 
Limit: r < 0.481172 +/- 0.0116527 @ 95% credibility (15 tries)
Done in 0.47 min (cpu), 0.51 min (real)
Generate toy 70/100

 -- MarkovChainMC -- 
Limit: r < 0.62889 +/- 0.0120732 @ 95% credibility (15 tries)
Done in 0.46 min (cpu), 0.49 min (real)
Generate toy 71/100

 -- MarkovChainMC -- 
Limit: r < 0.709807 +/- 0.0183239 @ 95% credibility (15 tries)
Done in 0.46 min (cpu), 0.50 min (real)
Generate toy 72/100

 -- MarkovChainMC -- 
Limit: r < 0.576539 +/- 0.0147868 @ 95% credibility (15 tries)
Done in 0.43 min (cpu), 0.44 min (real)
Generate toy 73/100

 -- MarkovChainMC -- 
Limit: r < 0.60921 +/- 0.0122 @ 95% credibility (15 tries)
Done in 0.44 min (cpu), 0.48 min (real)
Generate toy 74/100

 -- MarkovChainMC -- 
Limit: r < 0.479054 +/- 0.0169192 @ 95% credibility (15 tries)
Done in 0.43 min (cpu), 0.49 min (real)
Generate toy 75/100

 -- MarkovChainMC -- 
Limit: r < 0.526149 +/- 0.0157035 @ 95% credibility (15 tries)
Done in 0.42 min (cpu), 0.47 min (real)
Generate toy 76/100

 -- MarkovChainMC -- 
Limit: r < 0.674579 +/- 0.0210316 @ 95% credibility (15 tries)
Done in 0.44 min (cpu), 0.47 min (real)
Generate toy 77/100

 -- MarkovChainMC -- 
Limit: r < 0.945763 +/- 0.0257867 @ 95% credibility (15 tries)
Done in 0.50 min (cpu), 0.58 min (real)
Generate toy 78/100

 -- MarkovChainMC -- 
Limit: r < 0.555061 +/- 0.00840696 @ 95% credibility (15 tries)
Done in 0.46 min (cpu), 0.52 min (real)
Generate toy 79/100

 -- MarkovChainMC -- 
Limit: r < 0.714615 +/- 0.0200657 @ 95% credibility (15 tries)
Done in 0.46 min (cpu), 0.52 min (real)
Generate toy 80/100

 -- MarkovChainMC -- 
Limit: r < 0.540278 +/- 0.0133218 @ 95% credibility (15 tries)
Done in 0.44 min (cpu), 0.50 min (real)
Generate toy 81/100

 -- MarkovChainMC -- 
Limit: r < 0.977138 +/- 0.0193681 @ 95% credibility (15 tries)
Done in 0.48 min (cpu), 0.52 min (real)
Generate toy 82/100

 -- MarkovChainMC -- 
Limit: r < 0.555956 +/- 0.0124274 @ 95% credibility (15 tries)
Done in 0.43 min (cpu), 0.47 min (real)
Generate toy 83/100

 -- MarkovChainMC -- 
Limit: r < 0.685249 +/- 0.0180022 @ 95% credibility (15 tries)
Done in 0.45 min (cpu), 0.50 min (real)
Generate toy 84/100

 -- MarkovChainMC -- 
Limit: r < 0.497516 +/- 0.0197615 @ 95% credibility (15 tries)
Done in 0.44 min (cpu), 0.50 min (real)
Generate toy 85/100

 -- MarkovChainMC -- 
Limit: r < 0.590879 +/- 0.0221577 @ 95% credibility (15 tries)
Done in 0.44 min (cpu), 0.51 min (real)
Generate toy 86/100

 -- MarkovChainMC -- 
Limit: r < 0.994713 +/- 0.0233612 @ 95% credibility (15 tries)
Done in 0.50 min (cpu), 0.59 min (real)
Generate toy 87/100

 -- MarkovChainMC -- 
Limit: r < 0.670043 +/- 0.00882613 @ 95% credibility (15 tries)
Done in 0.47 min (cpu), 0.54 min (real)
Generate toy 88/100

 -- MarkovChainMC -- 
Limit: r < 0.479348 +/- 0.0130811 @ 95% credibility (15 tries)
Done in 0.44 min (cpu), 0.54 min (real)
Generate toy 89/100

 -- MarkovChainMC -- 
Limit: r < 0.679603 +/- 0.0182438 @ 95% credibility (15 tries)
Done in 0.45 min (cpu), 0.53 min (real)
Generate toy 90/100

 -- MarkovChainMC -- 
Limit: r < 0.596968 +/- 0.0170917 @ 95% credibility (15 tries)
Done in 0.44 min (cpu), 0.50 min (real)
Generate toy 91/100

 -- MarkovChainMC -- 
Limit: r < 0.481781 +/- 0.00823874 @ 95% credibility (15 tries)
Done in 0.43 min (cpu), 0.47 min (real)
Generate toy 92/100

 -- MarkovChainMC -- 
Limit: r < 0.563364 +/- 0.00962472 @ 95% credibility (15 tries)
Done in 0.45 min (cpu), 0.51 min (real)
Generate toy 93/100

 -- MarkovChainMC -- 
Limit: r < 0.718826 +/- 0.0341675 @ 95% credibility (15 tries)
Done in 0.45 min (cpu), 0.62 min (real)
Generate toy 94/100

 -- MarkovChainMC -- 
Limit: r < 0.457218 +/- 0.011773 @ 95% credibility (15 tries)
Done in 0.43 min (cpu), 0.50 min (real)
Generate toy 95/100

 -- MarkovChainMC -- 
Limit: r < 0.479158 +/- 0.00652193 @ 95% credibility (15 tries)
Done in 0.43 min (cpu), 0.51 min (real)
Generate toy 96/100

 -- MarkovChainMC -- 
Limit: r < 0.621448 +/- 0.0107063 @ 95% credibility (15 tries)
Done in 0.43 min (cpu), 0.46 min (real)
Generate toy 97/100

 -- MarkovChainMC -- 
Limit: r < 0.587952 +/- 0.0177232 @ 95% credibility (15 tries)
Done in 0.45 min (cpu), 0.47 min (real)
Generate toy 98/100

 -- MarkovChainMC -- 
Limit: r < 0.867506 +/- 0.0303132 @ 95% credibility (15 tries)
Done in 0.50 min (cpu), 0.66 min (real)
Generate toy 99/100

 -- MarkovChainMC -- 
Limit: r < 0.762444 +/- 0.0118808 @ 95% credibility (15 tries)
Done in 0.46 min (cpu), 0.51 min (real)
Generate toy 100/100

 -- MarkovChainMC -- 
Limit: r < 0.473413 +/- 0.0144054 @ 95% credibility (15 tries)
Done in 0.44 min (cpu), 0.47 min (real)
mean   expected limit: r < 0.614607 +/- 0.0141037 @ 95%CL (100 toyMC)
median expected limit: r < 0.571078 @ 95%CL (100 toyMC)
   68% expected band : 0.487176 < r < 0.759799
   95% expected band : 0.442664 < r < 0.994713
