 <<< Combine >>> 
 <<< v10.0.2 >>>
>>> Used OpenSSL to get a truly random seed -1194232862
>>> Method used is MarkovChainMC
============================================================
Analyzing bin errors for: prop_binmuon_channel
Poisson cut-off: 10
Processes excluded for sums: Wprime6600
============================================================
Bin        Contents        Error           Notes                         
0          5510.567334     14.282175       total sum                     
0          5509.226654     14.282136       excluding marked processes    
0          148797.000000   385.742142      Unweighted events, alpha=0.037034
  => Total parameter prop_binmuon_channel_bin0[0.00,-7.00,7.00] to be Gaussian constrained
------------------------------------------------------------
1          2098.825200     7.598958        total sum                     
1          2097.630645     7.598890        excluding marked processes    
1          76200.000000    276.043475      Unweighted events, alpha=0.027544
  => Total parameter prop_binmuon_channel_bin1[0.00,-7.00,7.00] to be Gaussian constrained
------------------------------------------------------------
2          925.968406      4.385967        total sum                     
2          924.879395      4.385865        excluding marked processes    
2          44469.000000    210.876741      Unweighted events, alpha=0.020823
  => Total parameter prop_binmuon_channel_bin2[0.00,-7.00,7.00] to be Gaussian constrained
------------------------------------------------------------
3          463.037279      3.203213        total sum                     
3          462.072406      3.203089        excluding marked processes    
3          20810.000000    144.256716      Unweighted events, alpha=0.022251
  => Total parameter prop_binmuon_channel_bin3[0.00,-7.00,7.00] to be Gaussian constrained
------------------------------------------------------------
4          246.395931      2.241650        total sum                     
4          245.522577      2.241485        excluding marked processes    
4          11998.000000    109.535382      Unweighted events, alpha=0.020536
  => Total parameter prop_binmuon_channel_bin4[0.00,-7.00,7.00] to be Gaussian constrained
------------------------------------------------------------
5          140.996175      1.752908        total sum                     
5          140.272143      1.752732        excluding marked processes    
5          6405.000000     80.031244       Unweighted events, alpha=0.022013
  => Total parameter prop_binmuon_channel_bin5[0.00,-7.00,7.00] to be Gaussian constrained
------------------------------------------------------------
6          84.185717       1.563604        total sum                     
6          83.503330       1.563419        excluding marked processes    
6          2853.000000     53.413481       Unweighted events, alpha=0.029508
  => Total parameter prop_binmuon_channel_bin6[0.00,-7.00,7.00] to be Gaussian constrained
------------------------------------------------------------
7          52.486109       0.794999        total sum                     
7          51.894250       0.794687        excluding marked processes    
7          4264.000000     65.299311       Unweighted events, alpha=0.012309
  => Total parameter prop_binmuon_channel_bin7[0.00,-7.00,7.00] to be Gaussian constrained
------------------------------------------------------------
8          31.702994       0.466702        total sum                     
8          31.175586       0.466234        excluding marked processes    
8          4471.000000     66.865537       Unweighted events, alpha=0.007091
  => Total parameter prop_binmuon_channel_bin8[0.00,-7.00,7.00] to be Gaussian constrained
------------------------------------------------------------
9          21.863447       0.554274        total sum                     
9          21.386719       0.553915        excluding marked processes    
9          1491.000000     38.613469       Unweighted events, alpha=0.014664
  => Total parameter prop_binmuon_channel_bin9[0.00,-7.00,7.00] to be Gaussian constrained
------------------------------------------------------------
10         14.195080       0.234847        total sum                     
10         13.733996       0.234017        excluding marked processes    
10         3444.000000     58.685603       Unweighted events, alpha=0.004122
  => Total parameter prop_binmuon_channel_bin10[0.00,-7.00,7.00] to be Gaussian constrained
------------------------------------------------------------
11         9.844187        0.295031        total sum                     
11         9.453906        0.294480        excluding marked processes    
11         1031.000000     32.109189       Unweighted events, alpha=0.009548
  => Total parameter prop_binmuon_channel_bin11[0.00,-7.00,7.00] to be Gaussian constrained
------------------------------------------------------------
12         7.338126        0.340379        total sum                     
12         6.995942        0.339959        excluding marked processes    
12         423.000000      20.566964       Unweighted events, alpha=0.017348
  => Total parameter prop_binmuon_channel_bin12[0.00,-7.00,7.00] to be Gaussian constrained
------------------------------------------------------------
13         4.913691        0.253468        total sum                     
13         4.638036        0.253018        excluding marked processes    
13         336.000000      18.330303       Unweighted events, alpha=0.014624
  => Total parameter prop_binmuon_channel_bin13[0.00,-7.00,7.00] to be Gaussian constrained
------------------------------------------------------------
14         3.699481        0.257497        total sum                     
14         3.426361        0.257057        excluding marked processes    
14         178.000000      13.341664       Unweighted events, alpha=0.020784
  => Total parameter prop_binmuon_channel_bin14[0.00,-7.00,7.00] to be Gaussian constrained
------------------------------------------------------------
15         2.777276        0.154107        total sum                     
15         2.519276        0.153400        excluding marked processes    
15         270.000000      16.431677       Unweighted events, alpha=0.010286
  => Total parameter prop_binmuon_channel_bin15[0.00,-7.00,7.00] to be Gaussian constrained
------------------------------------------------------------
16         1.786186        0.049522        total sum                     
16         1.565059        0.047566        excluding marked processes    
16         1083.000000     32.908965       Unweighted events, alpha=0.001649
  => Total parameter prop_binmuon_channel_bin16[0.00,-7.00,7.00] to be Gaussian constrained
------------------------------------------------------------
17         1.520917        0.094790        total sum                     
17         1.306537        0.093879        excluding marked processes    
17         194.000000      13.928388       Unweighted events, alpha=0.007840
  => Total parameter prop_binmuon_channel_bin17[0.00,-7.00,7.00] to be Gaussian constrained
------------------------------------------------------------
18         1.015977        0.042193        total sum                     
18         0.820368        0.040194        excluding marked processes    
18         417.000000      20.420578       Unweighted events, alpha=0.002436
  => Total parameter prop_binmuon_channel_bin18[0.00,-7.00,7.00] to be Gaussian constrained
------------------------------------------------------------
19         0.856313        0.047407        total sum                     
19         0.659491        0.045577        excluding marked processes    
19         209.000000      14.456832       Unweighted events, alpha=0.004097
  => Total parameter prop_binmuon_channel_bin19[0.00,-7.00,7.00] to be Gaussian constrained
------------------------------------------------------------
20         0.872469        0.212794        total sum                     
20         0.709608        0.212472        excluding marked processes    
20         11.000000       3.316625        Unweighted events, alpha=0.079315
  => Total parameter prop_binmuon_channel_bin20[0.00,-7.00,7.00] to be Gaussian constrained
------------------------------------------------------------
21         0.476715        0.016496        total sum                     
21         0.323697        0.011903        excluding marked processes    
21         740.000000      27.202941       Unweighted events, alpha=0.000644
  => Total parameter prop_binmuon_channel_bin21[0.00,-7.00,7.00] to be Gaussian constrained
------------------------------------------------------------
22         0.860667        0.471751        total sum                     
22         0.724312        0.471632        excluding marked processes    
22         2.000000        1.414214        Unweighted events, alpha=0.430333
  => Number of weighted events is below Poisson threshold
    Wprime6600           0.136355        0.010583                                      
                         166.000000      12.884099       Unweighted events, alpha=0.000821
      => Parameter prop_binmuon_channel_bin22_Wprime6600[0.00,-7.00,7.00] to be Gaussian constrained
  ----------------------------------------------------------
    W_boson              0.237965        0.001645                                      
                         20918.000000    144.630564      Unweighted events, alpha=0.000011
      => Parameter prop_binmuon_channel_bin22_W_boson[0.00,-7.00,7.00] to be Gaussian constrained
  ----------------------------------------------------------
    Top                  0.000000        0.000000                                      
      => Error is zero, ignore      
  ----------------------------------------------------------
    Z_boson              0.003903        0.000121                                      
                         1043.000000     32.295511       Unweighted events, alpha=0.000004
      => Parameter prop_binmuon_channel_bin22_Z_boson[0.00,-7.00,7.00] to be Gaussian constrained
  ----------------------------------------------------------
    DiBoson              0.000000        0.000644                                      
      => Poisson not viable, prop_binmuon_channel_bin22_DiBoson[0.00,-7.00,7.00] to be Gaussian constrained
  ----------------------------------------------------------
    QCD                  0.482445        0.471629                                      
                         1.000000        1.000000        Unweighted events, alpha=0.482445
      => Product of prop_binmuon_channel_bin22_QCD[1.00,0.00,30.85] and const [1.0000] to be Poisson constrained
  ----------------------------------------------------------
------------------------------------------------------------
23         0.323952        0.010965        total sum                     
23         0.182565        0.001750        excluding marked processes    
23         10888.000000    104.345580      Unweighted events, alpha=0.000030
  => Total parameter prop_binmuon_channel_bin23[0.00,-7.00,7.00] to be Gaussian constrained
------------------------------------------------------------
24         0.286663        0.013834        total sum                     
24         0.153973        0.008863        excluding marked processes    
24         302.000000      17.378147       Unweighted events, alpha=0.000949
  => Total parameter prop_binmuon_channel_bin24[0.00,-7.00,7.00] to be Gaussian constrained
------------------------------------------------------------
25         0.268326        0.028153        total sum                     
25         0.136377        0.026096        excluding marked processes    
25         27.000000       5.196152        Unweighted events, alpha=0.009938
  => Total parameter prop_binmuon_channel_bin25[0.00,-7.00,7.00] to be Gaussian constrained
------------------------------------------------------------
26         0.211525        0.010365        total sum                     
26         0.081851        0.001145        excluding marked processes    
26         5106.000000     71.456280       Unweighted events, alpha=0.000041
  => Total parameter prop_binmuon_channel_bin26[0.00,-7.00,7.00] to be Gaussian constrained
------------------------------------------------------------
27         0.227792        0.020934        total sum                     
27         0.081216        0.017618        excluding marked processes    
27         21.000000       4.582576        Unweighted events, alpha=0.010847
  => Total parameter prop_binmuon_channel_bin27[0.00,-7.00,7.00] to be Gaussian constrained
------------------------------------------------------------
28         0.185522        0.017015        total sum                     
28         0.066199        0.013911        excluding marked processes    
28         23.000000       4.795832        Unweighted events, alpha=0.008066
  => Total parameter prop_binmuon_channel_bin28[0.00,-7.00,7.00] to be Gaussian constrained
------------------------------------------------------------
29         0.143836        0.009163        total sum                     
29         0.037251        0.000838        excluding marked processes    
29         1976.000000     44.452222       Unweighted events, alpha=0.000073
  => Total parameter prop_binmuon_channel_bin29[0.00,-7.00,7.00] to be Gaussian constrained
------------------------------------------------------------
30         0.155782        0.010452        total sum                     
30         0.030622        0.001494        excluding marked processes    
30         420.000000      20.493902       Unweighted events, alpha=0.000371
  => Total parameter prop_binmuon_channel_bin30[0.00,-7.00,7.00] to be Gaussian constrained
------------------------------------------------------------
31         0.145497        0.010415        total sum                     
31         0.023589        0.000934        excluding marked processes    
31         639.000000      25.278449       Unweighted events, alpha=0.000228
  => Total parameter prop_binmuon_channel_bin31[0.00,-7.00,7.00] to be Gaussian constrained
------------------------------------------------------------
32         0.155972        0.015613        total sum                     
32         0.029499        0.011768        excluding marked processes    
32         6.000000        2.449490        Unweighted events, alpha=0.025995
  => Number of weighted events is below Poisson threshold
    Wprime6600           0.126473        0.010260                                      
                         152.000000      12.328828       Unweighted events, alpha=0.000832
      => Parameter prop_binmuon_channel_bin32_Wprime6600[0.00,-7.00,7.00] to be Gaussian constrained
  ----------------------------------------------------------
    W_boson              0.017420        0.000289                                      
                         3636.000000     60.299254       Unweighted events, alpha=0.000005
      => Parameter prop_binmuon_channel_bin32_W_boson[0.00,-7.00,7.00] to be Gaussian constrained
  ----------------------------------------------------------
    Top                  0.000000        0.000000                                      
      => Error is zero, ignore      
  ----------------------------------------------------------
    Z_boson              0.000314        0.000020                                      
                         236.000000      15.362291       Unweighted events, alpha=0.000001
      => Parameter prop_binmuon_channel_bin32_Z_boson[0.00,-7.00,7.00] to be Gaussian constrained
  ----------------------------------------------------------
    DiBoson              0.000000        0.000000                                      
      => Error is zero, ignore      
  ----------------------------------------------------------
    QCD                  0.011765        0.011765                                      
                         1.000000        1.000000        Unweighted events, alpha=0.011765
      => Product of prop_binmuon_channel_bin32_QCD[1.00,0.00,30.85] and const [1.0000] to be Poisson constrained
  ----------------------------------------------------------
------------------------------------------------------------
33         0.128616        0.009869        total sum                     
33         0.013748        0.000223        excluding marked processes    
33         3805.000000     61.684682       Unweighted events, alpha=0.000034
  => Total parameter prop_binmuon_channel_bin33[0.00,-7.00,7.00] to be Gaussian constrained
------------------------------------------------------------
34         0.139442        0.010599        total sum                     
34         0.013223        0.002041        excluding marked processes    
34         42.000000       6.480741        Unweighted events, alpha=0.003320
  => Total parameter prop_binmuon_channel_bin34[0.00,-7.00,7.00] to be Gaussian constrained
------------------------------------------------------------
35         0.134683        0.010212        total sum                     
35         0.008720        0.000168        excluding marked processes    
35         2683.000000     51.797683       Unweighted events, alpha=0.000050
  => Total parameter prop_binmuon_channel_bin35[0.00,-7.00,7.00] to be Gaussian constrained
------------------------------------------------------------
36         0.126798        0.009956        total sum                     
36         0.007065        0.000136        excluding marked processes    
36         2716.000000     52.115257       Unweighted events, alpha=0.000047
  => Total parameter prop_binmuon_channel_bin36[0.00,-7.00,7.00] to be Gaussian constrained
------------------------------------------------------------
37         0.114933        0.009696        total sum                     
37         0.005722        0.000089        excluding marked processes    
37         4121.000000     64.195015       Unweighted events, alpha=0.000028
  => Total parameter prop_binmuon_channel_bin37[0.00,-7.00,7.00] to be Gaussian constrained
------------------------------------------------------------
38         0.118319        0.009975        total sum                     
38         0.005243        0.000543        excluding marked processes    
38         93.000000       9.643651        Unweighted events, alpha=0.001272
  => Total parameter prop_binmuon_channel_bin38[0.00,-7.00,7.00] to be Gaussian constrained
------------------------------------------------------------
39         0.147818        0.011215        total sum                     
39         0.004021        0.000382        excluding marked processes    
39         111.000000      10.535654       Unweighted events, alpha=0.001332
  => Total parameter prop_binmuon_channel_bin39[0.00,-7.00,7.00] to be Gaussian constrained
------------------------------------------------------------
40         0.123503        0.010465        total sum                     
40         0.002983        0.000036        excluding marked processes    
40         6771.000000     82.286086       Unweighted events, alpha=0.000018
  => Total parameter prop_binmuon_channel_bin40[0.00,-7.00,7.00] to be Gaussian constrained
------------------------------------------------------------
41         0.120924        0.010119        total sum                     
41         0.002698        0.000245        excluding marked processes    
41         121.000000      11.000000       Unweighted events, alpha=0.000999
  => Total parameter prop_binmuon_channel_bin41[0.00,-7.00,7.00] to be Gaussian constrained
------------------------------------------------------------
42         0.123053        0.010281        total sum                     
42         0.002089        0.000073        excluding marked processes    
42         821.000000      28.653098       Unweighted events, alpha=0.000150
  => Total parameter prop_binmuon_channel_bin42[0.00,-7.00,7.00] to be Gaussian constrained
------------------------------------------------------------
43         0.123651        0.010019        total sum                     
43         0.002238        0.000586        excluding marked processes    
43         15.000000       3.872983        Unweighted events, alpha=0.008243
  => Total parameter prop_binmuon_channel_bin43[0.00,-7.00,7.00] to be Gaussian constrained
------------------------------------------------------------
44         0.113816        0.009595        total sum                     
44         0.001392        0.000022        excluding marked processes    
44         3954.000000     62.880840       Unweighted events, alpha=0.000029
  => Total parameter prop_binmuon_channel_bin44[0.00,-7.00,7.00] to be Gaussian constrained
------------------------------------------------------------
45         0.105817        0.009395        total sum                     
45         0.001162        0.000024        excluding marked processes    
45         2430.000000     49.295030       Unweighted events, alpha=0.000044
  => Total parameter prop_binmuon_channel_bin45[0.00,-7.00,7.00] to be Gaussian constrained
------------------------------------------------------------
46         0.107728        0.009653        total sum                     
46         0.000986        0.000018        excluding marked processes    
46         3016.000000     54.918121       Unweighted events, alpha=0.000036
  => Total parameter prop_binmuon_channel_bin46[0.00,-7.00,7.00] to be Gaussian constrained
------------------------------------------------------------
47         0.128117        0.010287        total sum                     
47         0.001258        0.000468        excluding marked processes    
47         7.000000        2.645751        Unweighted events, alpha=0.018302
  => Number of weighted events is below Poisson threshold
    Wprime6600           0.126859        0.010277                                      
                         152.000000      12.328828       Unweighted events, alpha=0.000835
      => Parameter prop_binmuon_channel_bin47_Wprime6600[0.00,-7.00,7.00] to be Gaussian constrained
  ----------------------------------------------------------
    W_boson              0.000780        0.000014                                      
                         3004.000000     54.808758       Unweighted events, alpha=0.000000
      => Parameter prop_binmuon_channel_bin47_W_boson[0.00,-7.00,7.00] to be Gaussian constrained
  ----------------------------------------------------------
    Top                  0.000000        0.000000                                      
      => Error is zero, ignore      
  ----------------------------------------------------------
    Z_boson              0.000011        0.000001                                      
                         71.000000       8.426150        Unweighted events, alpha=0.000000
      => Parameter prop_binmuon_channel_bin47_Z_boson[0.00,-7.00,7.00] to be Gaussian constrained
  ----------------------------------------------------------
    DiBoson              0.000000        0.000000                                      
      => Error is zero, ignore      
  ----------------------------------------------------------
    QCD                  0.000468        0.000468                                      
                         1.000000        1.000000        Unweighted events, alpha=0.000468
      => Product of prop_binmuon_channel_bin47_QCD[1.00,0.00,30.85] and const [1.0000] to be Poisson constrained
  ----------------------------------------------------------
------------------------------------------------------------
48         0.122078        0.010267        total sum                     
48         0.000668        0.000013        excluding marked processes    
48         2580.000000     50.793700       Unweighted events, alpha=0.000047
  => Total parameter prop_binmuon_channel_bin48[0.00,-7.00,7.00] to be Gaussian constrained
------------------------------------------------------------
49         0.135351        0.010826        total sum                     
49         0.002536        0.001503        excluding marked processes    
49         3.000000        1.732051        Unweighted events, alpha=0.045117
  => Number of weighted events is below Poisson threshold
    Wprime6600           0.132815        0.010721                                      
                         153.000000      12.369317       Unweighted events, alpha=0.000868
      => Parameter prop_binmuon_channel_bin49_Wprime6600[0.00,-7.00,7.00] to be Gaussian constrained
  ----------------------------------------------------------
    W_boson              0.000570        0.000011                                      
                         2840.000000     53.291650       Unweighted events, alpha=0.000000
      => Parameter prop_binmuon_channel_bin49_W_boson[0.00,-7.00,7.00] to be Gaussian constrained
  ----------------------------------------------------------
    Top                  0.000000        0.000000                                      
      => Error is zero, ignore      
  ----------------------------------------------------------
    Z_boson              0.000008        0.000001                                      
                         39.000000       6.244998        Unweighted events, alpha=0.000000
      => Parameter prop_binmuon_channel_bin49_Z_boson[0.00,-7.00,7.00] to be Gaussian constrained
  ----------------------------------------------------------
    DiBoson              0.000000        0.000000                                      
      => Error is zero, ignore      
  ----------------------------------------------------------
    QCD                  0.001958        0.001503                                      
                         2.000000        1.414214        Unweighted events, alpha=0.000979
      => Product of prop_binmuon_channel_bin49_QCD[2.00,0.00,33.79] and const [0.5000] to be Poisson constrained
  ----------------------------------------------------------
------------------------------------------------------------
50         0.124631        0.010069        total sum                     
50         0.001559        0.000776        excluding marked processes    
50         4.000000        2.000000        Unweighted events, alpha=0.031158
  => Number of weighted events is below Poisson threshold
    Wprime6600           0.123073        0.010039                                      
                         150.000000      12.247449       Unweighted events, alpha=0.000820
      => Parameter prop_binmuon_channel_bin50_Wprime6600[0.00,-7.00,7.00] to be Gaussian constrained
  ----------------------------------------------------------
    W_boson              0.000456        0.000008                                      
                         3213.000000     56.683331       Unweighted events, alpha=0.000000
      => Parameter prop_binmuon_channel_bin50_W_boson[0.00,-7.00,7.00] to be Gaussian constrained
  ----------------------------------------------------------
    Top                  0.000000        0.000000                                      
      => Error is zero, ignore      
  ----------------------------------------------------------
    Z_boson              0.000006        0.000000                                      
                         139.000000      11.789826       Unweighted events, alpha=0.000000
      => Parameter prop_binmuon_channel_bin50_Z_boson[0.00,-7.00,7.00] to be Gaussian constrained
  ----------------------------------------------------------
    DiBoson              0.000000        0.000000                                      
      => Error is zero, ignore      
  ----------------------------------------------------------
    QCD                  0.001097        0.000776                                      
                         2.000000        1.414214        Unweighted events, alpha=0.000548
      => Product of prop_binmuon_channel_bin50_QCD[2.00,0.00,33.79] and const [0.5000] to be Poisson constrained
  ----------------------------------------------------------
------------------------------------------------------------
51         0.135521        0.010339        total sum                     
51         0.000412        0.000011        excluding marked processes    
51         1528.000000     39.089641       Unweighted events, alpha=0.000089
  => Total parameter prop_binmuon_channel_bin51[0.00,-7.00,7.00] to be Gaussian constrained
------------------------------------------------------------
52         0.151225        0.011530        total sum                     
52         0.000373        0.000028        excluding marked processes    
52         182.000000      13.490738       Unweighted events, alpha=0.000831
  => Total parameter prop_binmuon_channel_bin52[0.00,-7.00,7.00] to be Gaussian constrained
------------------------------------------------------------
53         0.166098        0.012176        total sum                     
53         0.001100        0.000814        excluding marked processes    
53         2.000000        1.414214        Unweighted events, alpha=0.083049
  => Number of weighted events is below Poisson threshold
    Wprime6600           0.164997        0.012149                                      
                         184.000000      13.564660       Unweighted events, alpha=0.000897
      => Parameter prop_binmuon_channel_bin53_Wprime6600[0.00,-7.00,7.00] to be Gaussian constrained
  ----------------------------------------------------------
    W_boson              0.000283        0.000005                                      
                         3360.000000     57.965507       Unweighted events, alpha=0.000000
      => Parameter prop_binmuon_channel_bin53_W_boson[0.00,-7.00,7.00] to be Gaussian constrained
  ----------------------------------------------------------
    Top                  0.000000        0.000000                                      
      => Error is zero, ignore      
  ----------------------------------------------------------
    Z_boson              0.000004        0.000000                                      
                         108.000000      10.392305       Unweighted events, alpha=0.000000
      => Parameter prop_binmuon_channel_bin53_Z_boson[0.00,-7.00,7.00] to be Gaussian constrained
  ----------------------------------------------------------
    DiBoson              0.000000        0.000000                                      
      => Error is zero, ignore      
  ----------------------------------------------------------
    QCD                  0.000814        0.000814                                      
                         1.000000        1.000000        Unweighted events, alpha=0.000814
      => Product of prop_binmuon_channel_bin53_QCD[1.00,0.00,30.85] and const [1.0000] to be Poisson constrained
  ----------------------------------------------------------
------------------------------------------------------------
54         0.150885        0.014584        total sum                     
54         0.009945        0.009697        excluding marked processes    
54         1.000000        1.000000        Unweighted events, alpha=0.150885
  => Number of weighted events is below Poisson threshold
    Wprime6600           0.140940        0.010892                                      
                         167.000000      12.922848       Unweighted events, alpha=0.000844
      => Parameter prop_binmuon_channel_bin54_Wprime6600[0.00,-7.00,7.00] to be Gaussian constrained
  ----------------------------------------------------------
    W_boson              0.000245        0.000007                                      
                         1131.000000     33.630343       Unweighted events, alpha=0.000000
      => Parameter prop_binmuon_channel_bin54_W_boson[0.00,-7.00,7.00] to be Gaussian constrained
  ----------------------------------------------------------
    Top                  0.000000        0.000000                                      
      => Error is zero, ignore      
  ----------------------------------------------------------
    Z_boson              0.000003        0.000000                                      
                         114.000000      10.677078       Unweighted events, alpha=0.000000
      => Parameter prop_binmuon_channel_bin54_Z_boson[0.00,-7.00,7.00] to be Gaussian constrained
  ----------------------------------------------------------
    DiBoson              0.000000        0.000000                                      
      => Error is zero, ignore      
  ----------------------------------------------------------
    QCD                  0.009697        0.009697                                      
                         1.000000        1.000000        Unweighted events, alpha=0.009697
      => Product of prop_binmuon_channel_bin54_QCD[1.00,0.00,30.85] and const [1.0000] to be Poisson constrained
  ----------------------------------------------------------
------------------------------------------------------------
55         0.154901        0.011303        total sum                     
55         0.000203        0.000004        excluding marked processes    
55         2635.000000     51.332251       Unweighted events, alpha=0.000059
  => Total parameter prop_binmuon_channel_bin55[0.00,-7.00,7.00] to be Gaussian constrained
------------------------------------------------------------
56         0.171575        0.012168        total sum                     
56         0.001356        0.001173        excluding marked processes    
56         1.000000        1.000000        Unweighted events, alpha=0.171575
  => Number of weighted events is below Poisson threshold
    Wprime6600           0.170219        0.012112                                      
                         198.000000      14.071247       Unweighted events, alpha=0.000860
      => Parameter prop_binmuon_channel_bin56_Wprime6600[0.00,-7.00,7.00] to be Gaussian constrained
  ----------------------------------------------------------
    W_boson              0.000181        0.000006                                      
                         946.000000      30.757113       Unweighted events, alpha=0.000000
      => Parameter prop_binmuon_channel_bin56_W_boson[0.00,-7.00,7.00] to be Gaussian constrained
  ----------------------------------------------------------
    Top                  0.000000        0.000000                                      
      => Error is zero, ignore      
  ----------------------------------------------------------
    Z_boson              0.000002        0.000000                                      
                         87.000000       9.327379        Unweighted events, alpha=0.000000
      => Parameter prop_binmuon_channel_bin56_Z_boson[0.00,-7.00,7.00] to be Gaussian constrained
  ----------------------------------------------------------
    DiBoson              0.000000        0.000000                                      
      => Error is zero, ignore      
  ----------------------------------------------------------
    QCD                  0.001173        0.001173                                      
                         1.000000        1.000000        Unweighted events, alpha=0.001173
      => Product of prop_binmuon_channel_bin56_QCD[1.00,0.00,30.85] and const [1.0000] to be Poisson constrained
  ----------------------------------------------------------
------------------------------------------------------------
57         0.160636        0.011581        total sum                     
57         0.000152        0.000005        excluding marked processes    
57         937.000000      30.610456       Unweighted events, alpha=0.000171
  => Total parameter prop_binmuon_channel_bin57[0.00,-7.00,7.00] to be Gaussian constrained
------------------------------------------------------------
58         0.154197        0.019744        total sum                     
58         0.016837        0.016698        excluding marked processes    
58         1.000000        1.000000        Unweighted events, alpha=0.154197
  => Number of weighted events is below Poisson threshold
    Wprime6600           0.137360        0.010535                                      
                         170.000000      13.038405       Unweighted events, alpha=0.000808
      => Parameter prop_binmuon_channel_bin58_Wprime6600[0.00,-7.00,7.00] to be Gaussian constrained
  ----------------------------------------------------------
    W_boson              0.000137        0.000004                                      
                         1248.000000     35.327043       Unweighted events, alpha=0.000000
      => Parameter prop_binmuon_channel_bin58_W_boson[0.00,-7.00,7.00] to be Gaussian constrained
  ----------------------------------------------------------
    Top                  0.000000        0.000000                                      
      => Error is zero, ignore      
  ----------------------------------------------------------
    Z_boson              0.000002        0.000000                                      
                         66.000000       8.124038        Unweighted events, alpha=0.000000
      => Parameter prop_binmuon_channel_bin58_Z_boson[0.00,-7.00,7.00] to be Gaussian constrained
  ----------------------------------------------------------
    DiBoson              0.000000        0.000000                                      
      => Error is zero, ignore      
  ----------------------------------------------------------
    QCD                  0.016698        0.016698                                      
                         1.000000        1.000000        Unweighted events, alpha=0.016698
      => Product of prop_binmuon_channel_bin58_QCD[1.00,0.00,30.85] and const [1.0000] to be Poisson constrained
  ----------------------------------------------------------
------------------------------------------------------------
59         0.137474        0.010700        total sum                     
59         0.000116        0.000004        excluding marked processes    
59         893.000000      29.883106       Unweighted events, alpha=0.000154
  => Total parameter prop_binmuon_channel_bin59[0.00,-7.00,7.00] to be Gaussian constrained
------------------------------------------------------------
60         0.123020        0.010104        total sum                     
60         0.000097        0.000002        excluding marked processes    
60         4092.000000     63.968742       Unweighted events, alpha=0.000030
  => Total parameter prop_binmuon_channel_bin60[0.00,-7.00,7.00] to be Gaussian constrained
------------------------------------------------------------
61         0.111484        0.009615        total sum                     
61         0.000091        0.000005        excluding marked processes    
61         287.000000      16.941074       Unweighted events, alpha=0.000388
  => Total parameter prop_binmuon_channel_bin61[0.00,-7.00,7.00] to be Gaussian constrained
------------------------------------------------------------
62         0.091749        0.008761        total sum                     
62         0.000074        0.000002        excluding marked processes    
62         2058.000000     45.365185       Unweighted events, alpha=0.000045
  => Total parameter prop_binmuon_channel_bin62[0.00,-7.00,7.00] to be Gaussian constrained
------------------------------------------------------------
63         0.086546        0.008534        total sum                     
63         0.002103        0.001539        excluding marked processes    
63         2.000000        1.414214        Unweighted events, alpha=0.043273
  => Number of weighted events is below Poisson threshold
    Wprime6600           0.084442        0.008394                                      
                         101.000000      10.049876       Unweighted events, alpha=0.000836
      => Parameter prop_binmuon_channel_bin63_Wprime6600[0.00,-7.00,7.00] to be Gaussian constrained
  ----------------------------------------------------------
    W_boson              0.000061        0.000001                                      
                         4081.000000     63.882705       Unweighted events, alpha=0.000000
      => Parameter prop_binmuon_channel_bin63_W_boson[0.00,-7.00,7.00] to be Gaussian constrained
  ----------------------------------------------------------
    Top                  0.000000        0.000000                                      
      => Error is zero, ignore      
  ----------------------------------------------------------
    Z_boson              0.000001        0.000000                                      
                         60.000000       7.745967        Unweighted events, alpha=0.000000
      => Parameter prop_binmuon_channel_bin63_Z_boson[0.00,-7.00,7.00] to be Gaussian constrained
  ----------------------------------------------------------
    DiBoson              0.000000        0.000000                                      
      => Error is zero, ignore      
  ----------------------------------------------------------
    QCD                  0.002042        0.001539                                      
                         2.000000        1.414214        Unweighted events, alpha=0.001021
      => Product of prop_binmuon_channel_bin63_QCD[2.00,0.00,33.79] and const [0.5000] to be Poisson constrained
  ----------------------------------------------------------
------------------------------------------------------------
64         0.053391        0.006376        total sum                     
64         0.000055        0.000002        excluding marked processes    
64         633.000000      25.159491       Unweighted events, alpha=0.000084
  => Total parameter prop_binmuon_channel_bin64[0.00,-7.00,7.00] to be Gaussian constrained
------------------------------------------------------------
65         0.061118        0.007319        total sum                     
65         0.001308        0.001211        excluding marked processes    
65         1.000000        1.000000        Unweighted events, alpha=0.061118
  => Number of weighted events is below Poisson threshold
    Wprime6600           0.059810        0.007219                                      
                         69.000000       8.306624        Unweighted events, alpha=0.000867
      => Parameter prop_binmuon_channel_bin65_Wprime6600[0.00,-7.00,7.00] to be Gaussian constrained
  ----------------------------------------------------------
    W_boson              0.000098        0.000052                                      
                         4.000000        2.000000        Unweighted events, alpha=0.000025
      => Product of prop_binmuon_channel_bin65_W_boson[4.00,0.00,38.96] and const [0.2500] to be Poisson constrained
  ----------------------------------------------------------
    Top                  0.000000        0.000000                                      
      => Error is zero, ignore      
  ----------------------------------------------------------
    Z_boson              0.000000        0.000000                                      
                         170.000000      13.038405       Unweighted events, alpha=0.000000
      => Parameter prop_binmuon_channel_bin65_Z_boson[0.00,-7.00,7.00] to be Gaussian constrained
  ----------------------------------------------------------
    DiBoson              0.000000        0.000000                                      
      => Error is zero, ignore      
  ----------------------------------------------------------
    QCD                  0.001210        0.001210                                      
                         1.000000        1.000000        Unweighted events, alpha=0.001210
      => Product of prop_binmuon_channel_bin65_QCD[1.00,0.00,30.85] and const [1.0000] to be Poisson constrained
  ----------------------------------------------------------
------------------------------------------------------------
Channel muon_channel will use autoMCStats with settings: event-threshold=10, include-signal=0, hist-mode=1
Generate toy 1/100

 -- MarkovChainMC -- 
Limit: r < 0.562385 +/- 0.0140518 @ 95% credibility (15 tries)
Done in 0.38 min (cpu), 0.40 min (real)
Generate toy 2/100

 -- MarkovChainMC -- 
Limit: r < 0.745896 +/- 0.0153653 @ 95% credibility (15 tries)
Done in 0.39 min (cpu), 0.40 min (real)
Generate toy 3/100

 -- MarkovChainMC -- 
Limit: r < 0.676349 +/- 0.0131414 @ 95% credibility (15 tries)
Done in 0.40 min (cpu), 0.42 min (real)
Generate toy 4/100

 -- MarkovChainMC -- 
Limit: r < 0.928733 +/- 0.019327 @ 95% credibility (15 tries)
Done in 0.41 min (cpu), 0.42 min (real)
Generate toy 5/100

 -- MarkovChainMC -- 
Limit: r < 0.966349 +/- 0.0131484 @ 95% credibility (15 tries)
Done in 0.44 min (cpu), 0.47 min (real)
Generate toy 6/100

 -- MarkovChainMC -- 
Limit: r < 1.03771 +/- 0.0234 @ 95% credibility (15 tries)
Done in 0.43 min (cpu), 0.44 min (real)
Generate toy 7/100

 -- MarkovChainMC -- 
Limit: r < 0.604869 +/- 0.0103327 @ 95% credibility (15 tries)
Done in 0.41 min (cpu), 0.43 min (real)
Generate toy 8/100

 -- MarkovChainMC -- 
Limit: r < 0.959077 +/- 0.018639 @ 95% credibility (15 tries)
Done in 0.42 min (cpu), 0.46 min (real)
Generate toy 9/100

 -- MarkovChainMC -- 
Limit: r < 1.10794 +/- 0.0184493 @ 95% credibility (15 tries)
Done in 0.44 min (cpu), 0.48 min (real)
Generate toy 10/100

 -- MarkovChainMC -- 
Limit: r < 0.683716 +/- 0.0202252 @ 95% credibility (15 tries)
Done in 0.42 min (cpu), 0.44 min (real)
Generate toy 11/100

 -- MarkovChainMC -- 
Limit: r < 0.73387 +/- 0.020017 @ 95% credibility (15 tries)
Done in 0.43 min (cpu), 0.48 min (real)
Generate toy 12/100

 -- MarkovChainMC -- 
Limit: r < 0.652877 +/- 0.0184232 @ 95% credibility (15 tries)
Done in 0.42 min (cpu), 0.45 min (real)
Generate toy 13/100

 -- MarkovChainMC -- 
Limit: r < 0.921294 +/- 0.0235557 @ 95% credibility (15 tries)
Done in 0.43 min (cpu), 0.45 min (real)
Generate toy 14/100

 -- MarkovChainMC -- 
Limit: r < 0.810528 +/- 0.0171068 @ 95% credibility (15 tries)
Done in 0.43 min (cpu), 0.45 min (real)
Generate toy 15/100

 -- MarkovChainMC -- 
Limit: r < 0.808654 +/- 0.0209315 @ 95% credibility (15 tries)
Done in 0.43 min (cpu), 0.45 min (real)
Generate toy 16/100

 -- MarkovChainMC -- 
Limit: r < 0.744876 +/- 0.0250912 @ 95% credibility (15 tries)
Done in 0.42 min (cpu), 0.45 min (real)
Generate toy 17/100

 -- MarkovChainMC -- 
Limit: r < 0.696052 +/- 0.00953537 @ 95% credibility (15 tries)
Done in 0.42 min (cpu), 0.44 min (real)
Generate toy 18/100

 -- MarkovChainMC -- 
Limit: r < 0.617268 +/- 0.0137699 @ 95% credibility (15 tries)
Done in 0.42 min (cpu), 0.45 min (real)
Generate toy 19/100

 -- MarkovChainMC -- 
Limit: r < 1.05135 +/- 0.0192429 @ 95% credibility (15 tries)
Done in 0.45 min (cpu), 0.46 min (real)
Generate toy 20/100

 -- MarkovChainMC -- 
Limit: r < 0.785244 +/- 0.0175996 @ 95% credibility (15 tries)
Done in 0.43 min (cpu), 0.45 min (real)
Generate toy 21/100

 -- MarkovChainMC -- 
Limit: r < 0.588146 +/- 0.00621993 @ 95% credibility (15 tries)
Done in 0.42 min (cpu), 0.43 min (real)
Generate toy 22/100

 -- MarkovChainMC -- 
Limit: r < 1.02296 +/- 0.0146506 @ 95% credibility (15 tries)
Done in 0.44 min (cpu), 0.45 min (real)
Generate toy 23/100

 -- MarkovChainMC -- 
Limit: r < 0.639466 +/- 0.0196303 @ 95% credibility (15 tries)
Done in 0.41 min (cpu), 0.43 min (real)
Generate toy 24/100

 -- MarkovChainMC -- 
Limit: r < 1.16446 +/- 0.0266574 @ 95% credibility (15 tries)
Done in 0.45 min (cpu), 0.47 min (real)
Generate toy 25/100

 -- MarkovChainMC -- 
Limit: r < 0.714337 +/- 0.0300095 @ 95% credibility (15 tries)
Done in 0.43 min (cpu), 0.45 min (real)
Generate toy 26/100

 -- MarkovChainMC -- 
Limit: r < 0.77522 +/- 0.0227402 @ 95% credibility (15 tries)
Done in 0.43 min (cpu), 0.45 min (real)
Generate toy 27/100

 -- MarkovChainMC -- 
Limit: r < 0.705691 +/- 0.0207056 @ 95% credibility (15 tries)
Done in 0.42 min (cpu), 0.44 min (real)
Generate toy 28/100

 -- MarkovChainMC -- 
Limit: r < 0.799375 +/- 0.017328 @ 95% credibility (15 tries)
Done in 0.43 min (cpu), 0.45 min (real)
Generate toy 29/100

 -- MarkovChainMC -- 
Limit: r < 0.670487 +/- 0.0201109 @ 95% credibility (15 tries)
Done in 0.43 min (cpu), 0.45 min (real)
Generate toy 30/100

 -- MarkovChainMC -- 
Limit: r < 0.978648 +/- 0.021886 @ 95% credibility (15 tries)
Done in 0.44 min (cpu), 0.46 min (real)
Generate toy 31/100

 -- MarkovChainMC -- 
Limit: r < 0.603046 +/- 0.0131095 @ 95% credibility (15 tries)
Done in 0.42 min (cpu), 0.44 min (real)
Generate toy 32/100

 -- MarkovChainMC -- 
Limit: r < 0.786272 +/- 0.0192835 @ 95% credibility (15 tries)
Done in 0.44 min (cpu), 0.46 min (real)
Generate toy 33/100

 -- MarkovChainMC -- 
Limit: r < 0.886525 +/- 0.0178686 @ 95% credibility (15 tries)
Done in 0.43 min (cpu), 0.46 min (real)
Generate toy 34/100

 -- MarkovChainMC -- 
Limit: r < 0.6819 +/- 0.0174644 @ 95% credibility (15 tries)
Done in 0.42 min (cpu), 0.44 min (real)
Generate toy 35/100

 -- MarkovChainMC -- 
Limit: r < 0.838075 +/- 0.0193617 @ 95% credibility (15 tries)
Done in 0.42 min (cpu), 0.44 min (real)
Generate toy 36/100

 -- MarkovChainMC -- 
Limit: r < 1.05725 +/- 0.0230361 @ 95% credibility (15 tries)
Done in 0.45 min (cpu), 0.47 min (real)
Generate toy 37/100

 -- MarkovChainMC -- 
Limit: r < 1.07229 +/- 0.0174305 @ 95% credibility (15 tries)
Done in 0.46 min (cpu), 0.47 min (real)
Generate toy 38/100

 -- MarkovChainMC -- 
Limit: r < 1.20819 +/- 0.0186281 @ 95% credibility (15 tries)
Done in 0.46 min (cpu), 0.47 min (real)
Generate toy 39/100

 -- MarkovChainMC -- 
Limit: r < 0.735922 +/- 0.0185846 @ 95% credibility (15 tries)
Done in 0.43 min (cpu), 0.44 min (real)
Generate toy 40/100

 -- MarkovChainMC -- 
Limit: r < 0.56933 +/- 0.00982315 @ 95% credibility (15 tries)
Done in 0.43 min (cpu), 0.45 min (real)
Generate toy 41/100

 -- MarkovChainMC -- 
Limit: r < 0.790952 +/- 0.0126877 @ 95% credibility (15 tries)
Done in 0.44 min (cpu), 0.45 min (real)
Generate toy 42/100

 -- MarkovChainMC -- 
Limit: r < 0.583846 +/- 0.00939777 @ 95% credibility (15 tries)
Done in 0.42 min (cpu), 0.43 min (real)
Generate toy 43/100

 -- MarkovChainMC -- 
Limit: r < 0.786135 +/- 0.0179321 @ 95% credibility (15 tries)
Done in 0.43 min (cpu), 0.45 min (real)
Generate toy 44/100

 -- MarkovChainMC -- 
Limit: r < 0.598767 +/- 0.0135846 @ 95% credibility (15 tries)
Done in 0.42 min (cpu), 0.43 min (real)
Generate toy 45/100

 -- MarkovChainMC -- 
Limit: r < 1.15248 +/- 0.0130126 @ 95% credibility (15 tries)
Done in 0.45 min (cpu), 0.46 min (real)
Generate toy 46/100

 -- MarkovChainMC -- 
Limit: r < 0.734834 +/- 0.0208545 @ 95% credibility (15 tries)
Done in 0.44 min (cpu), 0.46 min (real)
Generate toy 47/100

 -- MarkovChainMC -- 
Limit: r < 0.72535 +/- 0.0162551 @ 95% credibility (15 tries)
Done in 0.43 min (cpu), 0.46 min (real)
Generate toy 48/100

 -- MarkovChainMC -- 
Limit: r < 0.650929 +/- 0.0196373 @ 95% credibility (15 tries)
Done in 0.41 min (cpu), 0.44 min (real)
Generate toy 49/100

 -- MarkovChainMC -- 
Limit: r < 0.663043 +/- 0.017178 @ 95% credibility (15 tries)
Done in 0.43 min (cpu), 0.44 min (real)
Generate toy 50/100

 -- MarkovChainMC -- 
Limit: r < 0.89309 +/- 0.0207911 @ 95% credibility (15 tries)
Done in 0.45 min (cpu), 0.46 min (real)
Generate toy 51/100

 -- MarkovChainMC -- 
Limit: r < 1.24636 +/- 0.0257521 @ 95% credibility (15 tries)
Done in 0.46 min (cpu), 0.47 min (real)
Generate toy 52/100

 -- MarkovChainMC -- 
Limit: r < 1.28808 +/- 0.0199275 @ 95% credibility (15 tries)
Done in 0.46 min (cpu), 0.48 min (real)
Generate toy 53/100

 -- MarkovChainMC -- 
Limit: r < 0.721057 +/- 0.0177482 @ 95% credibility (15 tries)
Done in 0.44 min (cpu), 0.46 min (real)
Generate toy 54/100

 -- MarkovChainMC -- 
Limit: r < 0.715562 +/- 0.0177732 @ 95% credibility (15 tries)
Done in 0.44 min (cpu), 0.47 min (real)
Generate toy 55/100

 -- MarkovChainMC -- 
Limit: r < 1.3902 +/- 0.0310299 @ 95% credibility (15 tries)
Done in 0.47 min (cpu), 0.49 min (real)
Generate toy 56/100

 -- MarkovChainMC -- 
Limit: r < 0.776602 +/- 0.0188272 @ 95% credibility (15 tries)
Done in 0.43 min (cpu), 0.45 min (real)
Generate toy 57/100

 -- MarkovChainMC -- 
Limit: r < 0.824314 +/- 0.0168265 @ 95% credibility (15 tries)
Done in 0.44 min (cpu), 0.47 min (real)
Generate toy 58/100

 -- MarkovChainMC -- 
Limit: r < 0.737674 +/- 0.00904874 @ 95% credibility (15 tries)
Done in 0.45 min (cpu), 0.47 min (real)
Generate toy 59/100

 -- MarkovChainMC -- 
Limit: r < 0.666419 +/- 0.0130122 @ 95% credibility (15 tries)
Done in 0.42 min (cpu), 0.44 min (real)
Generate toy 60/100

 -- MarkovChainMC -- 
Limit: r < 0.668315 +/- 0.0115735 @ 95% credibility (15 tries)
Done in 0.43 min (cpu), 0.45 min (real)
Generate toy 61/100

 -- MarkovChainMC -- 
Limit: r < 0.566518 +/- 0.010914 @ 95% credibility (15 tries)
Done in 0.42 min (cpu), 0.44 min (real)
Generate toy 62/100

 -- MarkovChainMC -- 
Limit: r < 0.972867 +/- 0.016271 @ 95% credibility (15 tries)
Done in 0.45 min (cpu), 0.46 min (real)
Generate toy 63/100

 -- MarkovChainMC -- 
Limit: r < 0.725362 +/- 0.00982113 @ 95% credibility (15 tries)
Done in 0.43 min (cpu), 0.44 min (real)
Generate toy 64/100

 -- MarkovChainMC -- 
Limit: r < 0.795412 +/- 0.0166495 @ 95% credibility (15 tries)
Done in 0.44 min (cpu), 0.45 min (real)
Generate toy 65/100

 -- MarkovChainMC -- 
Limit: r < 0.63716 +/- 0.00912034 @ 95% credibility (15 tries)
Done in 0.43 min (cpu), 0.45 min (real)
Generate toy 66/100

 -- MarkovChainMC -- 
Limit: r < 0.759004 +/- 0.0278823 @ 95% credibility (15 tries)
Done in 0.45 min (cpu), 0.47 min (real)
Generate toy 67/100

 -- MarkovChainMC -- 
Limit: r < 0.701642 +/- 0.0107143 @ 95% credibility (15 tries)
Done in 0.43 min (cpu), 0.44 min (real)
Generate toy 68/100

 -- MarkovChainMC -- 
Limit: r < 0.754772 +/- 0.0107615 @ 95% credibility (15 tries)
Done in 0.44 min (cpu), 0.45 min (real)
Generate toy 69/100

 -- MarkovChainMC -- 
Limit: r < 0.65038 +/- 0.016064 @ 95% credibility (15 tries)
Done in 0.42 min (cpu), 0.44 min (real)
Generate toy 70/100

 -- MarkovChainMC -- 
Limit: r < 0.865626 +/- 0.0172462 @ 95% credibility (15 tries)
Done in 0.45 min (cpu), 0.47 min (real)
Generate toy 71/100

 -- MarkovChainMC -- 
Limit: r < 0.741631 +/- 0.0127117 @ 95% credibility (15 tries)
Done in 0.44 min (cpu), 0.46 min (real)
Generate toy 72/100

 -- MarkovChainMC -- 
Limit: r < 0.732881 +/- 0.017025 @ 95% credibility (15 tries)
Done in 0.43 min (cpu), 0.44 min (real)
Generate toy 73/100

 -- MarkovChainMC -- 
Limit: r < 0.64394 +/- 0.0205237 @ 95% credibility (15 tries)
Done in 0.43 min (cpu), 0.45 min (real)
Generate toy 74/100

 -- MarkovChainMC -- 
Limit: r < 0.638655 +/- 0.00771845 @ 95% credibility (15 tries)
Done in 0.43 min (cpu), 0.45 min (real)
Generate toy 75/100

 -- MarkovChainMC -- 
Limit: r < 0.936135 +/- 0.0138404 @ 95% credibility (15 tries)
Done in 0.44 min (cpu), 0.45 min (real)
Generate toy 76/100

 -- MarkovChainMC -- 
Limit: r < 0.674955 +/- 0.0159185 @ 95% credibility (15 tries)
Done in 0.43 min (cpu), 0.45 min (real)
Generate toy 77/100

 -- MarkovChainMC -- 
Limit: r < 0.905945 +/- 0.0252994 @ 95% credibility (15 tries)
Done in 0.45 min (cpu), 0.47 min (real)
Generate toy 78/100

 -- MarkovChainMC -- 
Limit: r < 0.842636 +/- 0.0153459 @ 95% credibility (15 tries)
Done in 0.44 min (cpu), 0.46 min (real)
Generate toy 79/100

 -- MarkovChainMC -- 
Limit: r < 0.724185 +/- 0.0086555 @ 95% credibility (15 tries)
Done in 0.44 min (cpu), 0.46 min (real)
Generate toy 80/100

 -- MarkovChainMC -- 
Limit: r < 0.697582 +/- 0.00931618 @ 95% credibility (15 tries)
Done in 0.43 min (cpu), 0.46 min (real)
Generate toy 81/100

 -- MarkovChainMC -- 
Limit: r < 0.752547 +/- 0.0193429 @ 95% credibility (15 tries)
Done in 0.44 min (cpu), 0.45 min (real)
Generate toy 82/100

 -- MarkovChainMC -- 
Limit: r < 0.895374 +/- 0.0122043 @ 95% credibility (15 tries)
Done in 0.45 min (cpu), 0.47 min (real)
Generate toy 83/100

 -- MarkovChainMC -- 
Limit: r < 0.910936 +/- 0.029826 @ 95% credibility (15 tries)
Done in 0.44 min (cpu), 0.46 min (real)
Generate toy 84/100

 -- MarkovChainMC -- 
Limit: r < 0.654685 +/- 0.0155559 @ 95% credibility (15 tries)
Done in 0.43 min (cpu), 0.44 min (real)
Generate toy 85/100

 -- MarkovChainMC -- 
Limit: r < 0.919208 +/- 0.0261182 @ 95% credibility (15 tries)
Done in 0.45 min (cpu), 0.47 min (real)
Generate toy 86/100

 -- MarkovChainMC -- 
Limit: r < 0.681632 +/- 0.0245791 @ 95% credibility (15 tries)
Done in 0.44 min (cpu), 0.46 min (real)
Generate toy 87/100

 -- MarkovChainMC -- 
Limit: r < 0.928491 +/- 0.0155541 @ 95% credibility (15 tries)
Done in 0.46 min (cpu), 0.48 min (real)
Generate toy 88/100

 -- MarkovChainMC -- 
Limit: r < 0.688111 +/- 0.0205305 @ 95% credibility (15 tries)
Done in 0.43 min (cpu), 0.45 min (real)
Generate toy 89/100

 -- MarkovChainMC -- 
Limit: r < 1.35993 +/- 0.0262163 @ 95% credibility (15 tries)
Done in 0.49 min (cpu), 0.50 min (real)
Generate toy 90/100

 -- MarkovChainMC -- 
Limit: r < 0.719454 +/- 0.0312017 @ 95% credibility (15 tries)
Done in 0.44 min (cpu), 0.45 min (real)
Generate toy 91/100

 -- MarkovChainMC -- 
Limit: r < 0.659504 +/- 0.0278889 @ 95% credibility (15 tries)
Done in 0.43 min (cpu), 0.45 min (real)
Generate toy 92/100

 -- MarkovChainMC -- 
Limit: r < 0.712605 +/- 0.0133538 @ 95% credibility (15 tries)
Done in 0.44 min (cpu), 0.46 min (real)
Generate toy 93/100

 -- MarkovChainMC -- 
Limit: r < 1.10496 +/- 0.013904 @ 95% credibility (15 tries)
Done in 0.46 min (cpu), 0.48 min (real)
Generate toy 94/100

 -- MarkovChainMC -- 
Limit: r < 0.904819 +/- 0.0155102 @ 95% credibility (15 tries)
Done in 0.45 min (cpu), 0.47 min (real)
Generate toy 95/100

 -- MarkovChainMC -- 
Limit: r < 0.737057 +/- 0.0123646 @ 95% credibility (15 tries)
Done in 0.44 min (cpu), 0.46 min (real)
Generate toy 96/100

 -- MarkovChainMC -- 
Limit: r < 0.831704 +/- 0.0126953 @ 95% credibility (15 tries)
Done in 0.45 min (cpu), 0.46 min (real)
Generate toy 97/100

 -- MarkovChainMC -- 
Limit: r < 0.834654 +/- 0.0208581 @ 95% credibility (15 tries)
Done in 0.45 min (cpu), 0.46 min (real)
Generate toy 98/100

 -- MarkovChainMC -- 
Limit: r < 0.967346 +/- 0.0184806 @ 95% credibility (15 tries)
Done in 0.45 min (cpu), 0.47 min (real)
Generate toy 99/100

 -- MarkovChainMC -- 
Limit: r < 0.885169 +/- 0.0214477 @ 95% credibility (15 tries)
Done in 0.45 min (cpu), 0.46 min (real)
Generate toy 100/100

 -- MarkovChainMC -- 
Limit: r < 0.677545 +/- 0.0200849 @ 95% credibility (15 tries)
Done in 0.39 min (cpu), 0.40 min (real)
mean   expected limit: r < 0.809997 +/- 0.0180691 @ 95%CL (100 toyMC)
median expected limit: r < 0.749222 @ 95%CL (100 toyMC)
   68% expected band : 0.654685 < r < 0.972867
   95% expected band : 0.56933 < r < 1.35993
