000 (9247732.000.000) 02/11 16:16:14 Job submitted from host: <188.185.121.235:9618?addrs=188.185.121.235-9618+[2001-1458-d00-49--100-36e]-9618&alias=bigbird22.cern.ch&noUDP&sock=schedd_5086_26c4>
...
040 (9247732.000.000) 02/11 16:40:02 Started transferring input files
	Transferring to host: <188.185.198.150:9618?addrs=188.185.198.150-9618+[2001-1458-303-25--100-92]-9618&alias=b9p15p5811.cern.ch&noUDP&sock=slot1_14_1012147_dfe0_20366>
...
001 (9247732.000.000) 02/11 16:40:45 Job executing on host: <188.185.198.150:9618?addrs=188.185.198.150-9618+[2001-1458-303-25--100-92]-9618&alias=b9p15p5811.cern.ch&noUDP&sock=startd_8838_b61b>
	SlotName: slot1_14@b9p15p5811.cern.ch
	CondorScratchDir = "/pool/condor/dir_1598871"
	Cpus = 1
	Disk = 3063337
	Memory = 3000
...
040 (9247732.000.000) 02/11 16:40:45 Finished transferring input files
...
006 (9247732.000.000) 02/11 16:41:05 Image size of job updated: 575260
	562  -  MemoryUsage of job (MB)
	575184  -  ResidentSetSize of job (KB)
...
006 (9247732.000.000) 02/11 16:45:53 Image size of job updated: 791700
	562  -  MemoryUsage of job (MB)
	575184  -  ResidentSetSize of job (KB)
...
040 (9247732.000.000) 02/11 17:14:11 Started transferring output files
...
040 (9247732.000.000) 02/11 17:14:11 Finished transferring output files
...
005 (9247732.000.000) 02/11 17:14:11 Job terminated.
	(1) Normal termination (return value 0)
		Usr 0 00:32:58, Sys 0 00:00:05  -  Run Remote Usage
		Usr 0 00:00:00, Sys 0 00:00:00  -  Run Local Usage
		Usr 0 00:32:58, Sys 0 00:00:05  -  Total Remote Usage
		Usr 0 00:00:00, Sys 0 00:00:00  -  Total Local Usage
	63802  -  Run Bytes Sent By Job
	494  -  Run Bytes Received By Job
	63802  -  Total Bytes Sent By Job
	494  -  Total Bytes Received By Job
	Partitionable Resources :    Usage  Request Allocated 
	   Cpus                 :     0.99        1         1 
	   Disk (KB)            :    84           1   3063337 
	   Memory (MB)          :   562        3000      3000 

	Job terminated of its own accord at 2025-02-11T16:14:11Z with exit-code 0.
...
