 <<< Combine >>> 
 <<< v10.0.2 >>>
>>> Used OpenSSL to get a truly random seed 1836277891
>>> Method used is MarkovChainMC
============================================================
Analyzing bin errors for: prop_binmuon_channel
Poisson cut-off: 10
Processes excluded for sums: Wprime5600
============================================================
Bin        Contents        Error           Notes                         
0          5510.308744     14.282167       total sum                     
0          5509.226654     14.282136       excluding marked processes    
0          148797.000000   385.742142      Unweighted events, alpha=0.037032
  => Total parameter prop_binmuon_channel_bin0[0.00,-7.00,7.00] to be Gaussian constrained
------------------------------------------------------------
1          2098.620443     7.598945        total sum                     
1          2097.630645     7.598890        excluding marked processes    
1          76200.000000    276.043475      Unweighted events, alpha=0.027541
  => Total parameter prop_binmuon_channel_bin1[0.00,-7.00,7.00] to be Gaussian constrained
------------------------------------------------------------
2          925.801309      4.385953        total sum                     
2          924.879395      4.385865        excluding marked processes    
2          44469.000000    210.876741      Unweighted events, alpha=0.020819
  => Total parameter prop_binmuon_channel_bin2[0.00,-7.00,7.00] to be Gaussian constrained
------------------------------------------------------------
3          462.907570      3.203202        total sum                     
3          462.072406      3.203089        excluding marked processes    
3          20810.000000    144.256716      Unweighted events, alpha=0.022244
  => Total parameter prop_binmuon_channel_bin3[0.00,-7.00,7.00] to be Gaussian constrained
------------------------------------------------------------
4          246.212608      2.241619        total sum                     
4          245.522577      2.241485        excluding marked processes    
4          11998.000000    109.535382      Unweighted events, alpha=0.020521
  => Total parameter prop_binmuon_channel_bin4[0.00,-7.00,7.00] to be Gaussian constrained
------------------------------------------------------------
5          140.928082      1.752889        total sum                     
5          140.272143      1.752732        excluding marked processes    
5          6405.000000     80.031244       Unweighted events, alpha=0.022003
  => Total parameter prop_binmuon_channel_bin5[0.00,-7.00,7.00] to be Gaussian constrained
------------------------------------------------------------
6          84.100454       1.563583        total sum                     
6          83.503330       1.563419        excluding marked processes    
6          2853.000000     53.413481       Unweighted events, alpha=0.029478
  => Total parameter prop_binmuon_channel_bin6[0.00,-7.00,7.00] to be Gaussian constrained
------------------------------------------------------------
7          52.404099       0.794956        total sum                     
7          51.894250       0.794687        excluding marked processes    
7          4264.000000     65.299311       Unweighted events, alpha=0.012290
  => Total parameter prop_binmuon_channel_bin7[0.00,-7.00,7.00] to be Gaussian constrained
------------------------------------------------------------
8          31.643965       0.466657        total sum                     
8          31.175586       0.466234        excluding marked processes    
8          4471.000000     66.865537       Unweighted events, alpha=0.007078
  => Total parameter prop_binmuon_channel_bin8[0.00,-7.00,7.00] to be Gaussian constrained
------------------------------------------------------------
9          21.815850       0.554245        total sum                     
9          21.386719       0.553915        excluding marked processes    
9          1491.000000     38.613469       Unweighted events, alpha=0.014632
  => Total parameter prop_binmuon_channel_bin9[0.00,-7.00,7.00] to be Gaussian constrained
------------------------------------------------------------
10         14.116009       0.234713        total sum                     
10         13.733996       0.234017        excluding marked processes    
10         3444.000000     58.685603       Unweighted events, alpha=0.004099
  => Total parameter prop_binmuon_channel_bin10[0.00,-7.00,7.00] to be Gaussian constrained
------------------------------------------------------------
11         9.816660        0.295017        total sum                     
11         9.453906        0.294480        excluding marked processes    
11         1031.000000     32.109189       Unweighted events, alpha=0.009521
  => Total parameter prop_binmuon_channel_bin11[0.00,-7.00,7.00] to be Gaussian constrained
------------------------------------------------------------
12         7.306609        0.340331        total sum                     
12         6.995942        0.339959        excluding marked processes    
12         423.000000      20.566964       Unweighted events, alpha=0.017273
  => Total parameter prop_binmuon_channel_bin12[0.00,-7.00,7.00] to be Gaussian constrained
------------------------------------------------------------
13         4.964708        0.253571        total sum                     
13         4.638036        0.253018        excluding marked processes    
13         336.000000      18.330303       Unweighted events, alpha=0.014776
  => Total parameter prop_binmuon_channel_bin13[0.00,-7.00,7.00] to be Gaussian constrained
------------------------------------------------------------
14         3.718758        0.257553        total sum                     
14         3.426361        0.257057        excluding marked processes    
14         178.000000      13.341664       Unweighted events, alpha=0.020892
  => Total parameter prop_binmuon_channel_bin14[0.00,-7.00,7.00] to be Gaussian constrained
------------------------------------------------------------
15         2.789022        0.154177        total sum                     
15         2.519276        0.153400        excluding marked processes    
15         270.000000      16.431677       Unweighted events, alpha=0.010330
  => Total parameter prop_binmuon_channel_bin15[0.00,-7.00,7.00] to be Gaussian constrained
------------------------------------------------------------
16         1.823270        0.049841        total sum                     
16         1.565059        0.047566        excluding marked processes    
16         1083.000000     32.908965       Unweighted events, alpha=0.001684
  => Total parameter prop_binmuon_channel_bin16[0.00,-7.00,7.00] to be Gaussian constrained
------------------------------------------------------------
17         1.522147        0.094881        total sum                     
17         1.306537        0.093879        excluding marked processes    
17         194.000000      13.928388       Unweighted events, alpha=0.007846
  => Total parameter prop_binmuon_channel_bin17[0.00,-7.00,7.00] to be Gaussian constrained
------------------------------------------------------------
18         1.038718        0.042366        total sum                     
18         0.820368        0.040194        excluding marked processes    
18         417.000000      20.420578       Unweighted events, alpha=0.002491
  => Total parameter prop_binmuon_channel_bin18[0.00,-7.00,7.00] to be Gaussian constrained
------------------------------------------------------------
19         0.896407        0.047696        total sum                     
19         0.659491        0.045577        excluding marked processes    
19         209.000000      14.456832       Unweighted events, alpha=0.004289
  => Total parameter prop_binmuon_channel_bin19[0.00,-7.00,7.00] to be Gaussian constrained
------------------------------------------------------------
20         0.904850        0.212841        total sum                     
20         0.709608        0.212472        excluding marked processes    
20         11.000000       3.316625        Unweighted events, alpha=0.082259
  => Total parameter prop_binmuon_channel_bin20[0.00,-7.00,7.00] to be Gaussian constrained
------------------------------------------------------------
21         0.542550        0.018130        total sum                     
21         0.323697        0.011903        excluding marked processes    
21         740.000000      27.202941       Unweighted events, alpha=0.000733
  => Total parameter prop_binmuon_channel_bin21[0.00,-7.00,7.00] to be Gaussian constrained
------------------------------------------------------------
22         0.928873        0.471807        total sum                     
22         0.724312        0.471632        excluding marked processes    
22         2.000000        1.414214        Unweighted events, alpha=0.464436
  => Number of weighted events is below Poisson threshold
    Wprime5600           0.204561        0.012850                                      
                         253.000000      15.905974       Unweighted events, alpha=0.000809
      => Parameter prop_binmuon_channel_bin22_Wprime5600[0.00,-7.00,7.00] to be Gaussian constrained
  ----------------------------------------------------------
    W_boson              0.237965        0.001645                                      
                         20918.000000    144.630564      Unweighted events, alpha=0.000011
      => Parameter prop_binmuon_channel_bin22_W_boson[0.00,-7.00,7.00] to be Gaussian constrained
  ----------------------------------------------------------
    Top                  0.000000        0.000000                                      
      => Error is zero, ignore      
  ----------------------------------------------------------
    Z_boson              0.003903        0.000121                                      
                         1043.000000     32.295511       Unweighted events, alpha=0.000004
      => Parameter prop_binmuon_channel_bin22_Z_boson[0.00,-7.00,7.00] to be Gaussian constrained
  ----------------------------------------------------------
    DiBoson              0.000000        0.000644                                      
      => Poisson not viable, prop_binmuon_channel_bin22_DiBoson[0.00,-7.00,7.00] to be Gaussian constrained
  ----------------------------------------------------------
    QCD                  0.482445        0.471629                                      
                         1.000000        1.000000        Unweighted events, alpha=0.482445
      => Product of prop_binmuon_channel_bin22_QCD[1.00,0.00,30.85] and const [1.0000] to be Poisson constrained
  ----------------------------------------------------------
------------------------------------------------------------
23         0.384235        0.012999        total sum                     
23         0.182565        0.001750        excluding marked processes    
23         10888.000000    104.345580      Unweighted events, alpha=0.000035
  => Total parameter prop_binmuon_channel_bin23[0.00,-7.00,7.00] to be Gaussian constrained
------------------------------------------------------------
24         0.364644        0.015847        total sum                     
24         0.153973        0.008863        excluding marked processes    
24         302.000000      17.378147       Unweighted events, alpha=0.001207
  => Total parameter prop_binmuon_channel_bin24[0.00,-7.00,7.00] to be Gaussian constrained
------------------------------------------------------------
25         0.385602        0.029907        total sum                     
25         0.136377        0.026096        excluding marked processes    
25         27.000000       5.196152        Unweighted events, alpha=0.014282
  => Total parameter prop_binmuon_channel_bin25[0.00,-7.00,7.00] to be Gaussian constrained
------------------------------------------------------------
26         0.292830        0.013251        total sum                     
26         0.081851        0.001145        excluding marked processes    
26         5106.000000     71.456280       Unweighted events, alpha=0.000057
  => Total parameter prop_binmuon_channel_bin26[0.00,-7.00,7.00] to be Gaussian constrained
------------------------------------------------------------
27         0.315482        0.022703        total sum                     
27         0.081216        0.017618        excluding marked processes    
27         21.000000       4.582576        Unweighted events, alpha=0.015023
  => Total parameter prop_binmuon_channel_bin27[0.00,-7.00,7.00] to be Gaussian constrained
------------------------------------------------------------
28         0.282433        0.019438        total sum                     
28         0.066199        0.013911        excluding marked processes    
28         23.000000       4.795832        Unweighted events, alpha=0.012280
  => Total parameter prop_binmuon_channel_bin28[0.00,-7.00,7.00] to be Gaussian constrained
------------------------------------------------------------
29         0.233301        0.012800        total sum                     
29         0.037251        0.000838        excluding marked processes    
29         1976.000000     44.452222       Unweighted events, alpha=0.000118
  => Total parameter prop_binmuon_channel_bin29[0.00,-7.00,7.00] to be Gaussian constrained
------------------------------------------------------------
30         0.234626        0.013093        total sum                     
30         0.030622        0.001494        excluding marked processes    
30         420.000000      20.493902       Unweighted events, alpha=0.000559
  => Total parameter prop_binmuon_channel_bin30[0.00,-7.00,7.00] to be Gaussian constrained
------------------------------------------------------------
31         0.248719        0.013992        total sum                     
31         0.023589        0.000934        excluding marked processes    
31         639.000000      25.278449       Unweighted events, alpha=0.000389
  => Total parameter prop_binmuon_channel_bin31[0.00,-7.00,7.00] to be Gaussian constrained
------------------------------------------------------------
32         0.254570        0.018208        total sum                     
32         0.029499        0.011768        excluding marked processes    
32         6.000000        2.449490        Unweighted events, alpha=0.042428
  => Number of weighted events is below Poisson threshold
    Wprime5600           0.225071        0.013894                                      
                         262.000000      16.186414       Unweighted events, alpha=0.000859
      => Parameter prop_binmuon_channel_bin32_Wprime5600[0.00,-7.00,7.00] to be Gaussian constrained
  ----------------------------------------------------------
    W_boson              0.017420        0.000289                                      
                         3636.000000     60.299254       Unweighted events, alpha=0.000005
      => Parameter prop_binmuon_channel_bin32_W_boson[0.00,-7.00,7.00] to be Gaussian constrained
  ----------------------------------------------------------
    Top                  0.000000        0.000000                                      
      => Error is zero, ignore      
  ----------------------------------------------------------
    Z_boson              0.000314        0.000020                                      
                         236.000000      15.362291       Unweighted events, alpha=0.000001
      => Parameter prop_binmuon_channel_bin32_Z_boson[0.00,-7.00,7.00] to be Gaussian constrained
  ----------------------------------------------------------
    DiBoson              0.000000        0.000000                                      
      => Error is zero, ignore      
  ----------------------------------------------------------
    QCD                  0.011765        0.011765                                      
                         1.000000        1.000000        Unweighted events, alpha=0.011765
      => Product of prop_binmuon_channel_bin32_QCD[1.00,0.00,30.85] and const [1.0000] to be Poisson constrained
  ----------------------------------------------------------
------------------------------------------------------------
33         0.225384        0.013432        total sum                     
33         0.013748        0.000223        excluding marked processes    
33         3805.000000     61.684682       Unweighted events, alpha=0.000059
  => Total parameter prop_binmuon_channel_bin33[0.00,-7.00,7.00] to be Gaussian constrained
------------------------------------------------------------
34         0.249647        0.014438        total sum                     
34         0.013223        0.002041        excluding marked processes    
34         42.000000       6.480741        Unweighted events, alpha=0.005944
  => Total parameter prop_binmuon_channel_bin34[0.00,-7.00,7.00] to be Gaussian constrained
------------------------------------------------------------
35         0.243391        0.014550        total sum                     
35         0.008720        0.000168        excluding marked processes    
35         2683.000000     51.797683       Unweighted events, alpha=0.000091
  => Total parameter prop_binmuon_channel_bin35[0.00,-7.00,7.00] to be Gaussian constrained
------------------------------------------------------------
36         0.238743        0.014461        total sum                     
36         0.007065        0.000136        excluding marked processes    
36         2716.000000     52.115257       Unweighted events, alpha=0.000088
  => Total parameter prop_binmuon_channel_bin36[0.00,-7.00,7.00] to be Gaussian constrained
------------------------------------------------------------
37         0.240800        0.014095        total sum                     
37         0.005722        0.000089        excluding marked processes    
37         4121.000000     64.195015       Unweighted events, alpha=0.000058
  => Total parameter prop_binmuon_channel_bin37[0.00,-7.00,7.00] to be Gaussian constrained
------------------------------------------------------------
38         0.249379        0.014406        total sum                     
38         0.005243        0.000543        excluding marked processes    
38         93.000000       9.643651        Unweighted events, alpha=0.002681
  => Total parameter prop_binmuon_channel_bin38[0.00,-7.00,7.00] to be Gaussian constrained
------------------------------------------------------------
39         0.233520        0.013972        total sum                     
39         0.004021        0.000382        excluding marked processes    
39         111.000000      10.535654       Unweighted events, alpha=0.002104
  => Total parameter prop_binmuon_channel_bin39[0.00,-7.00,7.00] to be Gaussian constrained
------------------------------------------------------------
40         0.227536        0.013692        total sum                     
40         0.002983        0.000036        excluding marked processes    
40         6771.000000     82.286086       Unweighted events, alpha=0.000034
  => Total parameter prop_binmuon_channel_bin40[0.00,-7.00,7.00] to be Gaussian constrained
------------------------------------------------------------
41         0.251140        0.014642        total sum                     
41         0.002698        0.000245        excluding marked processes    
41         121.000000      11.000000       Unweighted events, alpha=0.002076
  => Total parameter prop_binmuon_channel_bin41[0.00,-7.00,7.00] to be Gaussian constrained
------------------------------------------------------------
42         0.283868        0.015832        total sum                     
42         0.002089        0.000073        excluding marked processes    
42         821.000000      28.653098       Unweighted events, alpha=0.000346
  => Total parameter prop_binmuon_channel_bin42[0.00,-7.00,7.00] to be Gaussian constrained
------------------------------------------------------------
43         0.252116        0.014636        total sum                     
43         0.002238        0.000586        excluding marked processes    
43         15.000000       3.872983        Unweighted events, alpha=0.016808
  => Total parameter prop_binmuon_channel_bin43[0.00,-7.00,7.00] to be Gaussian constrained
------------------------------------------------------------
44         0.292646        0.015856        total sum                     
44         0.001392        0.000022        excluding marked processes    
44         3954.000000     62.880840       Unweighted events, alpha=0.000074
  => Total parameter prop_binmuon_channel_bin44[0.00,-7.00,7.00] to be Gaussian constrained
------------------------------------------------------------
45         0.308425        0.016135        total sum                     
45         0.001162        0.000024        excluding marked processes    
45         2430.000000     49.295030       Unweighted events, alpha=0.000127
  => Total parameter prop_binmuon_channel_bin45[0.00,-7.00,7.00] to be Gaussian constrained
------------------------------------------------------------
46         0.290001        0.015906        total sum                     
46         0.000986        0.000018        excluding marked processes    
46         3016.000000     54.918121       Unweighted events, alpha=0.000096
  => Total parameter prop_binmuon_channel_bin46[0.00,-7.00,7.00] to be Gaussian constrained
------------------------------------------------------------
47         0.291084        0.015656        total sum                     
47         0.001258        0.000468        excluding marked processes    
47         7.000000        2.645751        Unweighted events, alpha=0.041583
  => Number of weighted events is below Poisson threshold
    Wprime5600           0.289825        0.015649                                      
                         343.000000      18.520259       Unweighted events, alpha=0.000845
      => Parameter prop_binmuon_channel_bin47_Wprime5600[0.00,-7.00,7.00] to be Gaussian constrained
  ----------------------------------------------------------
    W_boson              0.000780        0.000014                                      
                         3004.000000     54.808758       Unweighted events, alpha=0.000000
      => Parameter prop_binmuon_channel_bin47_W_boson[0.00,-7.00,7.00] to be Gaussian constrained
  ----------------------------------------------------------
    Top                  0.000000        0.000000                                      
      => Error is zero, ignore      
  ----------------------------------------------------------
    Z_boson              0.000011        0.000001                                      
                         71.000000       8.426150        Unweighted events, alpha=0.000000
      => Parameter prop_binmuon_channel_bin47_Z_boson[0.00,-7.00,7.00] to be Gaussian constrained
  ----------------------------------------------------------
    DiBoson              0.000000        0.000000                                      
      => Error is zero, ignore      
  ----------------------------------------------------------
    QCD                  0.000468        0.000468                                      
                         1.000000        1.000000        Unweighted events, alpha=0.000468
      => Product of prop_binmuon_channel_bin47_QCD[1.00,0.00,30.85] and const [1.0000] to be Poisson constrained
  ----------------------------------------------------------
------------------------------------------------------------
48         0.275962        0.015309        total sum                     
48         0.000668        0.000013        excluding marked processes    
48         2580.000000     50.793700       Unweighted events, alpha=0.000107
  => Total parameter prop_binmuon_channel_bin48[0.00,-7.00,7.00] to be Gaussian constrained
------------------------------------------------------------
49         0.315660        0.016099        total sum                     
49         0.002536        0.001503        excluding marked processes    
49         3.000000        1.732051        Unweighted events, alpha=0.105220
  => Number of weighted events is below Poisson threshold
    Wprime5600           0.313123        0.016028                                      
                         382.000000      19.544820       Unweighted events, alpha=0.000820
      => Parameter prop_binmuon_channel_bin49_Wprime5600[0.00,-7.00,7.00] to be Gaussian constrained
  ----------------------------------------------------------
    W_boson              0.000570        0.000011                                      
                         2840.000000     53.291650       Unweighted events, alpha=0.000000
      => Parameter prop_binmuon_channel_bin49_W_boson[0.00,-7.00,7.00] to be Gaussian constrained
  ----------------------------------------------------------
    Top                  0.000000        0.000000                                      
      => Error is zero, ignore      
  ----------------------------------------------------------
    Z_boson              0.000008        0.000001                                      
                         39.000000       6.244998        Unweighted events, alpha=0.000000
      => Parameter prop_binmuon_channel_bin49_Z_boson[0.00,-7.00,7.00] to be Gaussian constrained
  ----------------------------------------------------------
    DiBoson              0.000000        0.000000                                      
      => Error is zero, ignore      
  ----------------------------------------------------------
    QCD                  0.001958        0.001503                                      
                         2.000000        1.414214        Unweighted events, alpha=0.000979
      => Product of prop_binmuon_channel_bin49_QCD[2.00,0.00,33.79] and const [0.5000] to be Poisson constrained
  ----------------------------------------------------------
------------------------------------------------------------
50         0.249196        0.014434        total sum                     
50         0.001559        0.000776        excluding marked processes    
50         4.000000        2.000000        Unweighted events, alpha=0.062299
  => Number of weighted events is below Poisson threshold
    Wprime5600           0.247637        0.014413                                      
                         295.000000      17.175564       Unweighted events, alpha=0.000839
      => Parameter prop_binmuon_channel_bin50_Wprime5600[0.00,-7.00,7.00] to be Gaussian constrained
  ----------------------------------------------------------
    W_boson              0.000456        0.000008                                      
                         3213.000000     56.683331       Unweighted events, alpha=0.000000
      => Parameter prop_binmuon_channel_bin50_W_boson[0.00,-7.00,7.00] to be Gaussian constrained
  ----------------------------------------------------------
    Top                  0.000000        0.000000                                      
      => Error is zero, ignore      
  ----------------------------------------------------------
    Z_boson              0.000006        0.000000                                      
                         139.000000      11.789826       Unweighted events, alpha=0.000000
      => Parameter prop_binmuon_channel_bin50_Z_boson[0.00,-7.00,7.00] to be Gaussian constrained
  ----------------------------------------------------------
    DiBoson              0.000000        0.000000                                      
      => Error is zero, ignore      
  ----------------------------------------------------------
    QCD                  0.001097        0.000776                                      
                         2.000000        1.414214        Unweighted events, alpha=0.000548
      => Product of prop_binmuon_channel_bin50_QCD[2.00,0.00,33.79] and const [0.5000] to be Poisson constrained
  ----------------------------------------------------------
------------------------------------------------------------
51         0.227487        0.013887        total sum                     
51         0.000412        0.000011        excluding marked processes    
51         1528.000000     39.089641       Unweighted events, alpha=0.000149
  => Total parameter prop_binmuon_channel_bin51[0.00,-7.00,7.00] to be Gaussian constrained
------------------------------------------------------------
52         0.203785        0.013215        total sum                     
52         0.000373        0.000028        excluding marked processes    
52         182.000000      13.490738       Unweighted events, alpha=0.001120
  => Total parameter prop_binmuon_channel_bin52[0.00,-7.00,7.00] to be Gaussian constrained
------------------------------------------------------------
53         0.160778        0.011729        total sum                     
53         0.001100        0.000814        excluding marked processes    
53         2.000000        1.414214        Unweighted events, alpha=0.080389
  => Number of weighted events is below Poisson threshold
    Wprime5600           0.159677        0.011701                                      
                         186.000000      13.638182       Unweighted events, alpha=0.000858
      => Parameter prop_binmuon_channel_bin53_Wprime5600[0.00,-7.00,7.00] to be Gaussian constrained
  ----------------------------------------------------------
    W_boson              0.000283        0.000005                                      
                         3360.000000     57.965507       Unweighted events, alpha=0.000000
      => Parameter prop_binmuon_channel_bin53_W_boson[0.00,-7.00,7.00] to be Gaussian constrained
  ----------------------------------------------------------
    Top                  0.000000        0.000000                                      
      => Error is zero, ignore      
  ----------------------------------------------------------
    Z_boson              0.000004        0.000000                                      
                         108.000000      10.392305       Unweighted events, alpha=0.000000
      => Parameter prop_binmuon_channel_bin53_Z_boson[0.00,-7.00,7.00] to be Gaussian constrained
  ----------------------------------------------------------
    DiBoson              0.000000        0.000000                                      
      => Error is zero, ignore      
  ----------------------------------------------------------
    QCD                  0.000814        0.000814                                      
                         1.000000        1.000000        Unweighted events, alpha=0.000814
      => Product of prop_binmuon_channel_bin53_QCD[1.00,0.00,30.85] and const [1.0000] to be Poisson constrained
  ----------------------------------------------------------
------------------------------------------------------------
54         0.126560        0.014023        total sum                     
54         0.009945        0.009697        excluding marked processes    
54         1.000000        1.000000        Unweighted events, alpha=0.126560
  => Number of weighted events is below Poisson threshold
    Wprime5600           0.116615        0.010129                                      
                         133.000000      11.532563       Unweighted events, alpha=0.000877
      => Parameter prop_binmuon_channel_bin54_Wprime5600[0.00,-7.00,7.00] to be Gaussian constrained
  ----------------------------------------------------------
    W_boson              0.000245        0.000007                                      
                         1131.000000     33.630343       Unweighted events, alpha=0.000000
      => Parameter prop_binmuon_channel_bin54_W_boson[0.00,-7.00,7.00] to be Gaussian constrained
  ----------------------------------------------------------
    Top                  0.000000        0.000000                                      
      => Error is zero, ignore      
  ----------------------------------------------------------
    Z_boson              0.000003        0.000000                                      
                         114.000000      10.677078       Unweighted events, alpha=0.000000
      => Parameter prop_binmuon_channel_bin54_Z_boson[0.00,-7.00,7.00] to be Gaussian constrained
  ----------------------------------------------------------
    DiBoson              0.000000        0.000000                                      
      => Error is zero, ignore      
  ----------------------------------------------------------
    QCD                  0.009697        0.009697                                      
                         1.000000        1.000000        Unweighted events, alpha=0.009697
      => Product of prop_binmuon_channel_bin54_QCD[1.00,0.00,30.85] and const [1.0000] to be Poisson constrained
  ----------------------------------------------------------
------------------------------------------------------------
55         0.096128        0.008795        total sum                     
55         0.000203        0.000004        excluding marked processes    
55         2635.000000     51.332251       Unweighted events, alpha=0.000036
  => Total parameter prop_binmuon_channel_bin55[0.00,-7.00,7.00] to be Gaussian constrained
------------------------------------------------------------
56         0.076203        0.007970        total sum                     
56         0.001356        0.001173        excluding marked processes    
56         1.000000        1.000000        Unweighted events, alpha=0.076203
  => Number of weighted events is below Poisson threshold
    Wprime5600           0.074847        0.007883                                      
                         90.000000       9.486833        Unweighted events, alpha=0.000832
      => Parameter prop_binmuon_channel_bin56_Wprime5600[0.00,-7.00,7.00] to be Gaussian constrained
  ----------------------------------------------------------
    W_boson              0.000181        0.000006                                      
                         946.000000      30.757113       Unweighted events, alpha=0.000000
      => Parameter prop_binmuon_channel_bin56_W_boson[0.00,-7.00,7.00] to be Gaussian constrained
  ----------------------------------------------------------
    Top                  0.000000        0.000000                                      
      => Error is zero, ignore      
  ----------------------------------------------------------
    Z_boson              0.000002        0.000000                                      
                         87.000000       9.327379        Unweighted events, alpha=0.000000
      => Parameter prop_binmuon_channel_bin56_Z_boson[0.00,-7.00,7.00] to be Gaussian constrained
  ----------------------------------------------------------
    DiBoson              0.000000        0.000000                                      
      => Error is zero, ignore      
  ----------------------------------------------------------
    QCD                  0.001173        0.001173                                      
                         1.000000        1.000000        Unweighted events, alpha=0.001173
      => Product of prop_binmuon_channel_bin56_QCD[1.00,0.00,30.85] and const [1.0000] to be Poisson constrained
  ----------------------------------------------------------
------------------------------------------------------------
57         0.058542        0.007212        total sum                     
57         0.000152        0.000005        excluding marked processes    
57         937.000000      30.610456       Unweighted events, alpha=0.000062
  => Total parameter prop_binmuon_channel_bin57[0.00,-7.00,7.00] to be Gaussian constrained
------------------------------------------------------------
58         0.050721        0.017504        total sum                     
58         0.016837        0.016698        excluding marked processes    
58         1.000000        1.000000        Unweighted events, alpha=0.050721
  => Number of weighted events is below Poisson threshold
    Wprime5600           0.033884        0.005251                                      
                         42.000000       6.480741        Unweighted events, alpha=0.000807
      => Parameter prop_binmuon_channel_bin58_Wprime5600[0.00,-7.00,7.00] to be Gaussian constrained
  ----------------------------------------------------------
    W_boson              0.000137        0.000004                                      
                         1248.000000     35.327043       Unweighted events, alpha=0.000000
      => Parameter prop_binmuon_channel_bin58_W_boson[0.00,-7.00,7.00] to be Gaussian constrained
  ----------------------------------------------------------
    Top                  0.000000        0.000000                                      
      => Error is zero, ignore      
  ----------------------------------------------------------
    Z_boson              0.000002        0.000000                                      
                         66.000000       8.124038        Unweighted events, alpha=0.000000
      => Parameter prop_binmuon_channel_bin58_Z_boson[0.00,-7.00,7.00] to be Gaussian constrained
  ----------------------------------------------------------
    DiBoson              0.000000        0.000000                                      
      => Error is zero, ignore      
  ----------------------------------------------------------
    QCD                  0.016698        0.016698                                      
                         1.000000        1.000000        Unweighted events, alpha=0.016698
      => Product of prop_binmuon_channel_bin58_QCD[1.00,0.00,30.85] and const [1.0000] to be Poisson constrained
  ----------------------------------------------------------
------------------------------------------------------------
59         0.029985        0.005170        total sum                     
59         0.000116        0.000004        excluding marked processes    
59         893.000000      29.883106       Unweighted events, alpha=0.000034
  => Total parameter prop_binmuon_channel_bin59[0.00,-7.00,7.00] to be Gaussian constrained
------------------------------------------------------------
60         0.012745        0.003146        total sum                     
60         0.000097        0.000002        excluding marked processes    
60         4092.000000     63.968742       Unweighted events, alpha=0.000003
  => Total parameter prop_binmuon_channel_bin60[0.00,-7.00,7.00] to be Gaussian constrained
------------------------------------------------------------
61         0.012659        0.003384        total sum                     
61         0.000091        0.000005        excluding marked processes    
61         287.000000      16.941074       Unweighted events, alpha=0.000044
  => Total parameter prop_binmuon_channel_bin61[0.00,-7.00,7.00] to be Gaussian constrained
------------------------------------------------------------
62         0.004856        0.001831        total sum                     
62         0.000074        0.000002        excluding marked processes    
62         2058.000000     45.365185       Unweighted events, alpha=0.000002
  => Total parameter prop_binmuon_channel_bin62[0.00,-7.00,7.00] to be Gaussian constrained
------------------------------------------------------------
63         0.010137        0.003160        total sum                     
63         0.002103        0.001539        excluding marked processes    
63         2.000000        1.414214        Unweighted events, alpha=0.005068
  => Number of weighted events is below Poisson threshold
    Wprime5600           0.008033        0.002760                                      
                         8.000000        2.828427        Unweighted events, alpha=0.001004
      => Product of prop_binmuon_channel_bin63_Wprime5600[8.00,0.12,47.91] and const [0.1250] to be Poisson constrained
  ----------------------------------------------------------
    W_boson              0.000061        0.000001                                      
                         4081.000000     63.882705       Unweighted events, alpha=0.000000
      => Parameter prop_binmuon_channel_bin63_W_boson[0.00,-7.00,7.00] to be Gaussian constrained
  ----------------------------------------------------------
    Top                  0.000000        0.000000                                      
      => Error is zero, ignore      
  ----------------------------------------------------------
    Z_boson              0.000001        0.000000                                      
                         60.000000       7.745967        Unweighted events, alpha=0.000000
      => Parameter prop_binmuon_channel_bin63_Z_boson[0.00,-7.00,7.00] to be Gaussian constrained
  ----------------------------------------------------------
    DiBoson              0.000000        0.000000                                      
      => Error is zero, ignore      
  ----------------------------------------------------------
    QCD                  0.002042        0.001539                                      
                         2.000000        1.414214        Unweighted events, alpha=0.001021
      => Product of prop_binmuon_channel_bin63_QCD[2.00,0.00,33.79] and const [0.5000] to be Poisson constrained
  ----------------------------------------------------------
------------------------------------------------------------
64         0.004791        0.001750        total sum                     
64         0.000055        0.000002        excluding marked processes    
64         633.000000      25.159491       Unweighted events, alpha=0.000008
  => Total parameter prop_binmuon_channel_bin64[0.00,-7.00,7.00] to be Gaussian constrained
------------------------------------------------------------
65         0.004970        0.002105        total sum                     
65         0.001308        0.001211        excluding marked processes    
65         1.000000        1.000000        Unweighted events, alpha=0.004970
  => Number of weighted events is below Poisson threshold
    Wprime5600           0.003662        0.001721                                      
                         5.000000        2.236068        Unweighted events, alpha=0.000732
      => Product of prop_binmuon_channel_bin65_Wprime5600[5.00,0.01,41.33] and const [0.2000] to be Poisson constrained
  ----------------------------------------------------------
    W_boson              0.000098        0.000052                                      
                         4.000000        2.000000        Unweighted events, alpha=0.000025
      => Product of prop_binmuon_channel_bin65_W_boson[4.00,0.00,38.96] and const [0.2500] to be Poisson constrained
  ----------------------------------------------------------
    Top                  0.000000        0.000000                                      
      => Error is zero, ignore      
  ----------------------------------------------------------
    Z_boson              0.000000        0.000000                                      
                         170.000000      13.038405       Unweighted events, alpha=0.000000
      => Parameter prop_binmuon_channel_bin65_Z_boson[0.00,-7.00,7.00] to be Gaussian constrained
  ----------------------------------------------------------
    DiBoson              0.000000        0.000000                                      
      => Error is zero, ignore      
  ----------------------------------------------------------
    QCD                  0.001210        0.001210                                      
                         1.000000        1.000000        Unweighted events, alpha=0.001210
      => Product of prop_binmuon_channel_bin65_QCD[1.00,0.00,30.85] and const [1.0000] to be Poisson constrained
  ----------------------------------------------------------
------------------------------------------------------------
Channel muon_channel will use autoMCStats with settings: event-threshold=10, include-signal=0, hist-mode=1
Generate toy 1/100

 -- MarkovChainMC -- 
Limit: r < 0.598694 +/- 0.00925841 @ 95% credibility (15 tries)
Done in 0.39 min (cpu), 0.39 min (real)
Generate toy 2/100

 -- MarkovChainMC -- 
Limit: r < 0.716987 +/- 0.00987128 @ 95% credibility (15 tries)
Done in 0.40 min (cpu), 0.40 min (real)
Generate toy 3/100

 -- MarkovChainMC -- 
Limit: r < 0.558379 +/- 0.0140499 @ 95% credibility (15 tries)
Done in 0.41 min (cpu), 0.42 min (real)
Generate toy 4/100

 -- MarkovChainMC -- 
Limit: r < 0.512963 +/- 0.0103395 @ 95% credibility (15 tries)
Done in 0.38 min (cpu), 0.38 min (real)
Generate toy 5/100

 -- MarkovChainMC -- 
Limit: r < 0.550232 +/- 0.0098018 @ 95% credibility (15 tries)
Done in 0.41 min (cpu), 0.42 min (real)
Generate toy 6/100

 -- MarkovChainMC -- 
Limit: r < 0.430054 +/- 0.00965421 @ 95% credibility (15 tries)
Done in 0.41 min (cpu), 0.41 min (real)
Generate toy 7/100

 -- MarkovChainMC -- 
Limit: r < 0.427246 +/- 0.00769247 @ 95% credibility (15 tries)
Done in 0.39 min (cpu), 0.40 min (real)
Generate toy 8/100

 -- MarkovChainMC -- 
Limit: r < 0.455059 +/- 0.00726462 @ 95% credibility (15 tries)
Done in 0.41 min (cpu), 0.41 min (real)
Generate toy 9/100

 -- MarkovChainMC -- 
Limit: r < 0.489494 +/- 0.00919567 @ 95% credibility (15 tries)
Done in 0.44 min (cpu), 0.44 min (real)
Generate toy 10/100

 -- MarkovChainMC -- 
Limit: r < 0.836084 +/- 0.0078408 @ 95% credibility (15 tries)
Done in 0.45 min (cpu), 0.45 min (real)
Generate toy 11/100

 -- MarkovChainMC -- 
Limit: r < 0.415536 +/- 0.00871997 @ 95% credibility (15 tries)
Done in 0.40 min (cpu), 0.40 min (real)
Generate toy 12/100

 -- MarkovChainMC -- 
Limit: r < 0.421365 +/- 0.00899316 @ 95% credibility (15 tries)
Done in 0.40 min (cpu), 0.41 min (real)
Generate toy 13/100

 -- MarkovChainMC -- 
Limit: r < 0.760236 +/- 0.0122905 @ 95% credibility (15 tries)
Done in 0.47 min (cpu), 0.47 min (real)
Generate toy 14/100

 -- MarkovChainMC -- 
Limit: r < 0.432146 +/- 0.00937481 @ 95% credibility (15 tries)
Done in 0.40 min (cpu), 0.41 min (real)
Generate toy 15/100

 -- MarkovChainMC -- 
Limit: r < 0.920583 +/- 0.00842149 @ 95% credibility (15 tries)
Done in 0.47 min (cpu), 0.47 min (real)
Generate toy 16/100

 -- MarkovChainMC -- 
Limit: r < 0.46594 +/- 0.0121589 @ 95% credibility (15 tries)
Done in 0.38 min (cpu), 0.38 min (real)
Generate toy 17/100

 -- MarkovChainMC -- 
Limit: r < 0.40532 +/- 0.0131782 @ 95% credibility (15 tries)
Done in 0.41 min (cpu), 0.42 min (real)
Generate toy 18/100

 -- MarkovChainMC -- 
Limit: r < 0.488339 +/- 0.0135335 @ 95% credibility (15 tries)
Done in 0.43 min (cpu), 0.43 min (real)
Generate toy 19/100

 -- MarkovChainMC -- 
Limit: r < 0.604821 +/- 0.0134545 @ 95% credibility (15 tries)
Done in 0.40 min (cpu), 0.41 min (real)
Generate toy 20/100

 -- MarkovChainMC -- 
Limit: r < 0.547494 +/- 0.0121948 @ 95% credibility (15 tries)
Done in 0.42 min (cpu), 0.43 min (real)
Generate toy 21/100

 -- MarkovChainMC -- 
Limit: r < 0.663795 +/- 0.00829027 @ 95% credibility (15 tries)
Done in 0.43 min (cpu), 0.44 min (real)
Generate toy 22/100

 -- MarkovChainMC -- 
Limit: r < 0.434167 +/- 0.00582958 @ 95% credibility (15 tries)
Done in 0.44 min (cpu), 0.44 min (real)
Generate toy 23/100

 -- MarkovChainMC -- 
Limit: r < 0.41693 +/- 0.00840234 @ 95% credibility (15 tries)
Done in 0.44 min (cpu), 0.44 min (real)
Generate toy 24/100

 -- MarkovChainMC -- 
Limit: r < 0.379598 +/- 0.00859495 @ 95% credibility (15 tries)
Done in 0.45 min (cpu), 0.46 min (real)
Generate toy 25/100

 -- MarkovChainMC -- 
Limit: r < 0.547671 +/- 0.0125198 @ 95% credibility (15 tries)
Done in 0.46 min (cpu), 0.46 min (real)
Generate toy 26/100

 -- MarkovChainMC -- 
Limit: r < 0.511399 +/- 0.0124541 @ 95% credibility (15 tries)
Done in 0.43 min (cpu), 0.43 min (real)
Generate toy 27/100

 -- MarkovChainMC -- 
Limit: r < 0.440944 +/- 0.00595837 @ 95% credibility (15 tries)
Done in 0.43 min (cpu), 0.44 min (real)
Generate toy 28/100

 -- MarkovChainMC -- 
Limit: r < 0.427423 +/- 0.0130145 @ 95% credibility (15 tries)
Done in 0.39 min (cpu), 0.40 min (real)
Generate toy 29/100

 -- MarkovChainMC -- 
Limit: r < 0.381384 +/- 0.00671866 @ 95% credibility (15 tries)
Done in 0.38 min (cpu), 0.39 min (real)
Generate toy 30/100

 -- MarkovChainMC -- 
Limit: r < 0.663238 +/- 0.0165154 @ 95% credibility (15 tries)
Done in 0.45 min (cpu), 0.45 min (real)
Generate toy 31/100

 -- MarkovChainMC -- 
Limit: r < 0.50475 +/- 0.00967081 @ 95% credibility (15 tries)
Done in 0.41 min (cpu), 0.42 min (real)
Generate toy 32/100

 -- MarkovChainMC -- 
Limit: r < 0.564025 +/- 0.00730882 @ 95% credibility (15 tries)
Done in 0.43 min (cpu), 0.44 min (real)
Generate toy 33/100

 -- MarkovChainMC -- 
Limit: r < 0.675393 +/- 0.0132957 @ 95% credibility (15 tries)
Done in 0.44 min (cpu), 0.45 min (real)
Generate toy 34/100

 -- MarkovChainMC -- 
Limit: r < 0.54615 +/- 0.012778 @ 95% credibility (15 tries)
Done in 0.43 min (cpu), 0.43 min (real)
Generate toy 35/100

 -- MarkovChainMC -- 
Limit: r < 0.403614 +/- 0.00705572 @ 95% credibility (15 tries)
Done in 0.43 min (cpu), 0.43 min (real)
Generate toy 36/100

 -- MarkovChainMC -- 
Limit: r < 0.503732 +/- 0.01055 @ 95% credibility (15 tries)
Done in 0.42 min (cpu), 0.43 min (real)
Generate toy 37/100

 -- MarkovChainMC -- 
Limit: r < 0.441478 +/- 0.00626546 @ 95% credibility (15 tries)
Done in 0.44 min (cpu), 0.45 min (real)
Generate toy 38/100

 -- MarkovChainMC -- 
Limit: r < 0.532989 +/- 0.0169249 @ 95% credibility (15 tries)
Done in 0.43 min (cpu), 0.44 min (real)
Generate toy 39/100

 -- MarkovChainMC -- 
Limit: r < 0.647289 +/- 0.00699647 @ 95% credibility (15 tries)
Done in 0.43 min (cpu), 0.44 min (real)
Generate toy 40/100

 -- MarkovChainMC -- 
Limit: r < 0.469659 +/- 0.00700736 @ 95% credibility (15 tries)
Done in 0.39 min (cpu), 0.39 min (real)
Generate toy 41/100

 -- MarkovChainMC -- 
Limit: r < 0.389413 +/- 0.00851248 @ 95% credibility (15 tries)
Done in 0.42 min (cpu), 0.43 min (real)
Generate toy 42/100

 -- MarkovChainMC -- 
Limit: r < 0.790695 +/- 0.00880092 @ 95% credibility (15 tries)
Done in 0.43 min (cpu), 0.44 min (real)
Generate toy 43/100

 -- MarkovChainMC -- 
Limit: r < 0.502099 +/- 0.0100487 @ 95% credibility (15 tries)
Done in 0.42 min (cpu), 0.42 min (real)
Generate toy 44/100

 -- MarkovChainMC -- 
Limit: r < 0.565273 +/- 0.0100896 @ 95% credibility (15 tries)
Done in 0.44 min (cpu), 0.45 min (real)
Generate toy 45/100

 -- MarkovChainMC -- 
Limit: r < 0.483801 +/- 0.00746141 @ 95% credibility (15 tries)
Done in 0.44 min (cpu), 0.45 min (real)
Generate toy 46/100

 -- MarkovChainMC -- 
Limit: r < 0.462674 +/- 0.0111926 @ 95% credibility (15 tries)
Done in 0.44 min (cpu), 0.45 min (real)
Generate toy 47/100

 -- MarkovChainMC -- 
Limit: r < 0.517183 +/- 0.0103304 @ 95% credibility (15 tries)
Done in 0.48 min (cpu), 0.49 min (real)
Generate toy 48/100

 -- MarkovChainMC -- 
Limit: r < 0.627566 +/- 0.0132145 @ 95% credibility (15 tries)
Done in 0.49 min (cpu), 0.49 min (real)
Generate toy 49/100

 -- MarkovChainMC -- 
Limit: r < 0.469951 +/- 0.0117865 @ 95% credibility (15 tries)
Done in 0.43 min (cpu), 0.43 min (real)
Generate toy 50/100

 -- MarkovChainMC -- 
Limit: r < 0.511606 +/- 0.0105386 @ 95% credibility (15 tries)
Done in 0.45 min (cpu), 0.45 min (real)
Generate toy 51/100

 -- MarkovChainMC -- 
Limit: r < 0.439664 +/- 0.00937504 @ 95% credibility (15 tries)
Done in 0.45 min (cpu), 0.45 min (real)
Generate toy 52/100

 -- MarkovChainMC -- 
Limit: r < 0.72513 +/- 0.014599 @ 95% credibility (15 tries)
Done in 0.48 min (cpu), 0.49 min (real)
Generate toy 53/100

 -- MarkovChainMC -- 
Limit: r < 0.729922 +/- 0.0169217 @ 95% credibility (15 tries)
Done in 0.48 min (cpu), 0.49 min (real)
Generate toy 54/100

 -- MarkovChainMC -- 
Limit: r < 0.362961 +/- 0.00801754 @ 95% credibility (15 tries)
Done in 0.41 min (cpu), 0.42 min (real)
Generate toy 55/100

 -- MarkovChainMC -- 
Limit: r < 0.452661 +/- 0.0120767 @ 95% credibility (15 tries)
Done in 0.42 min (cpu), 0.43 min (real)
Generate toy 56/100

 -- MarkovChainMC -- 
Limit: r < 0.461866 +/- 0.0100153 @ 95% credibility (15 tries)
Done in 0.45 min (cpu), 0.46 min (real)
Generate toy 57/100

 -- MarkovChainMC -- 
Limit: r < 0.429025 +/- 0.011822 @ 95% credibility (15 tries)
Done in 0.43 min (cpu), 0.44 min (real)
Generate toy 58/100

 -- MarkovChainMC -- 
Limit: r < 0.528402 +/- 0.00747956 @ 95% credibility (15 tries)
Done in 0.45 min (cpu), 0.46 min (real)
Generate toy 59/100

 -- MarkovChainMC -- 
Limit: r < 0.417114 +/- 0.00882636 @ 95% credibility (15 tries)
Done in 0.43 min (cpu), 0.44 min (real)
Generate toy 60/100

 -- MarkovChainMC -- 
Limit: r < 0.574318 +/- 0.0154719 @ 95% credibility (15 tries)
Done in 0.44 min (cpu), 0.44 min (real)
Generate toy 61/100

 -- MarkovChainMC -- 
Limit: r < 0.630313 +/- 0.0118239 @ 95% credibility (15 tries)
Done in 0.46 min (cpu), 0.47 min (real)
Generate toy 62/100

 -- MarkovChainMC -- 
Limit: r < 0.459723 +/- 0.00736274 @ 95% credibility (15 tries)
Done in 0.45 min (cpu), 0.46 min (real)
Generate toy 63/100

 -- MarkovChainMC -- 
Limit: r < 0.4596 +/- 0.00666885 @ 95% credibility (15 tries)
Done in 0.44 min (cpu), 0.45 min (real)
Generate toy 64/100

 -- MarkovChainMC -- 
Limit: r < 0.449052 +/- 0.00692085 @ 95% credibility (15 tries)
Done in 0.42 min (cpu), 0.42 min (real)
Generate toy 65/100

 -- MarkovChainMC -- 
Limit: r < 0.581911 +/- 0.00509186 @ 95% credibility (15 tries)
Done in 0.43 min (cpu), 0.44 min (real)
Generate toy 66/100

 -- MarkovChainMC -- 
Limit: r < 0.936713 +/- 0.0111224 @ 95% credibility (15 tries)
Done in 0.45 min (cpu), 0.45 min (real)
Generate toy 67/100

 -- MarkovChainMC -- 
Limit: r < 0.5536 +/- 0.0101577 @ 95% credibility (15 tries)
Done in 0.40 min (cpu), 0.40 min (real)
Generate toy 68/100

 -- MarkovChainMC -- 
Limit: r < 0.446521 +/- 0.0078597 @ 95% credibility (15 tries)
Done in 0.40 min (cpu), 0.41 min (real)
Generate toy 69/100

 -- MarkovChainMC -- 
Limit: r < 0.42528 +/- 0.00407572 @ 95% credibility (15 tries)
Done in 0.41 min (cpu), 0.41 min (real)
Generate toy 70/100

 -- MarkovChainMC -- 
Limit: r < 0.500393 +/- 0.00943412 @ 95% credibility (15 tries)
Done in 0.42 min (cpu), 0.43 min (real)
Generate toy 71/100

 -- MarkovChainMC -- 
Limit: r < 0.506511 +/- 0.0130997 @ 95% credibility (15 tries)
Done in 0.38 min (cpu), 0.39 min (real)
Generate toy 72/100

 -- MarkovChainMC -- 
Limit: r < 0.731528 +/- 0.0155782 @ 95% credibility (15 tries)
Done in 0.47 min (cpu), 0.48 min (real)
Generate toy 73/100

 -- MarkovChainMC -- 
Limit: r < 0.646132 +/- 0.00995593 @ 95% credibility (15 tries)
Done in 0.44 min (cpu), 0.45 min (real)
Generate toy 74/100

 -- MarkovChainMC -- 
Limit: r < 0.484905 +/- 0.00861484 @ 95% credibility (15 tries)
Done in 0.44 min (cpu), 0.45 min (real)
Generate toy 75/100

 -- MarkovChainMC -- 
Limit: r < 0.49421 +/- 0.0128948 @ 95% credibility (15 tries)
Done in 0.41 min (cpu), 0.41 min (real)
Generate toy 76/100

 -- MarkovChainMC -- 
Limit: r < 0.826115 +/- 0.0199808 @ 95% credibility (15 tries)
Done in 0.45 min (cpu), 0.46 min (real)
Generate toy 77/100

 -- MarkovChainMC -- 
Limit: r < 0.66843 +/- 0.0102404 @ 95% credibility (15 tries)
Done in 0.43 min (cpu), 0.44 min (real)
Generate toy 78/100

 -- MarkovChainMC -- 
Limit: r < 0.493882 +/- 0.00993748 @ 95% credibility (15 tries)
Done in 0.41 min (cpu), 0.42 min (real)
Generate toy 79/100

 -- MarkovChainMC -- 
Limit: r < 0.48549 +/- 0.00872983 @ 95% credibility (15 tries)
Done in 0.43 min (cpu), 0.43 min (real)
Generate toy 80/100

 -- MarkovChainMC -- 
Limit: r < 0.430836 +/- 0.00217727 @ 95% credibility (15 tries)
Done in 0.40 min (cpu), 0.41 min (real)
Generate toy 81/100

 -- MarkovChainMC -- 
Limit: r < 0.473958 +/- 0.00516962 @ 95% credibility (15 tries)
Done in 0.43 min (cpu), 0.44 min (real)
Generate toy 82/100

 -- MarkovChainMC -- 
Limit: r < 0.456641 +/- 0.00890078 @ 95% credibility (15 tries)
Done in 0.42 min (cpu), 0.42 min (real)
Generate toy 83/100

 -- MarkovChainMC -- 
Limit: r < 0.414056 +/- 0.0072267 @ 95% credibility (15 tries)
Done in 0.44 min (cpu), 0.45 min (real)
Generate toy 84/100

 -- MarkovChainMC -- 
Limit: r < 0.439498 +/- 0.00794121 @ 95% credibility (15 tries)
Done in 0.44 min (cpu), 0.44 min (real)
Generate toy 85/100

 -- MarkovChainMC -- 
Limit: r < 0.578164 +/- 0.0121343 @ 95% credibility (15 tries)
Done in 0.50 min (cpu), 0.51 min (real)
Generate toy 86/100

 -- MarkovChainMC -- 
Limit: r < 0.468283 +/- 0.00895823 @ 95% credibility (15 tries)
Done in 0.47 min (cpu), 0.48 min (real)
Generate toy 87/100

 -- MarkovChainMC -- 
Limit: r < 0.678469 +/- 0.0108489 @ 95% credibility (15 tries)
Done in 0.40 min (cpu), 0.41 min (real)
Generate toy 88/100

 -- MarkovChainMC -- 
Limit: r < 0.577413 +/- 0.014842 @ 95% credibility (15 tries)
Done in 0.43 min (cpu), 0.44 min (real)
Generate toy 89/100

 -- MarkovChainMC -- 
Limit: r < 0.777158 +/- 0.0112454 @ 95% credibility (15 tries)
Done in 0.50 min (cpu), 0.51 min (real)
Generate toy 90/100

 -- MarkovChainMC -- 
Limit: r < 0.644167 +/- 0.0142989 @ 95% credibility (15 tries)
Done in 0.47 min (cpu), 0.48 min (real)
Generate toy 91/100

 -- MarkovChainMC -- 
Limit: r < 0.537953 +/- 0.0187569 @ 95% credibility (15 tries)
Done in 0.43 min (cpu), 0.43 min (real)
Generate toy 92/100

 -- MarkovChainMC -- 
Limit: r < 0.462857 +/- 0.00845779 @ 95% credibility (15 tries)
Done in 0.43 min (cpu), 0.44 min (real)
Generate toy 93/100

 -- MarkovChainMC -- 
Limit: r < 0.521271 +/- 0.00896833 @ 95% credibility (15 tries)
Done in 0.41 min (cpu), 0.41 min (real)
Generate toy 94/100

 -- MarkovChainMC -- 
Limit: r < 0.473588 +/- 0.0114379 @ 95% credibility (15 tries)
Done in 0.48 min (cpu), 0.48 min (real)
Generate toy 95/100

 -- MarkovChainMC -- 
Limit: r < 0.610303 +/- 0.016554 @ 95% credibility (15 tries)
Done in 0.45 min (cpu), 0.45 min (real)
Generate toy 96/100

 -- MarkovChainMC -- 
Limit: r < 0.409301 +/- 0.00853252 @ 95% credibility (15 tries)
Done in 0.47 min (cpu), 0.48 min (real)
Generate toy 97/100

 -- MarkovChainMC -- 
Limit: r < 0.549353 +/- 0.0067967 @ 95% credibility (15 tries)
Done in 0.49 min (cpu), 0.49 min (real)
Generate toy 98/100

 -- MarkovChainMC -- 
Limit: r < 0.47998 +/- 0.0149584 @ 95% credibility (15 tries)
Done in 0.47 min (cpu), 0.47 min (real)
Generate toy 99/100

 -- MarkovChainMC -- 
Limit: r < 0.500252 +/- 0.00492893 @ 95% credibility (15 tries)
Done in 0.43 min (cpu), 0.44 min (real)
Generate toy 100/100

 -- MarkovChainMC -- 
Limit: r < 0.50628 +/- 0.0112787 @ 95% credibility (15 tries)
Done in 0.45 min (cpu), 0.46 min (real)
mean   expected limit: r < 0.53404 +/- 0.0120369 @ 95%CL (100 toyMC)
median expected limit: r < 0.501246 @ 95%CL (100 toyMC)
   68% expected band : 0.430054 < r < 0.663238
   95% expected band : 0.381384 < r < 0.920583
