000 (10030543.000.000) 03/20 09:26:58 Job submitted from host: <188.185.121.235:9618?addrs=188.185.121.235-9618+[2001-1458-d00-49--100-36e]-9618&alias=bigbird22.cern.ch&noUDP&sock=schedd_5086_26c4>
...
040 (10030543.000.000) 03/20 09:28:05 Started transferring input files
	Transferring to host: <188.185.194.171:9618?addrs=188.185.194.171-9618+[2001-1458-303-21--100-a7]-9618&alias=b9p20p2583.cern.ch&noUDP&sock=slot1_27_826305_5f9a_8931>
...
040 (10030543.000.000) 03/20 09:28:05 Finished transferring input files
...
001 (10030543.000.000) 03/20 09:28:06 Job executing on host: <188.185.194.171:9618?addrs=188.185.194.171-9618+[2001-1458-303-21--100-a7]-9618&alias=b9p20p2583.cern.ch&noUDP&sock=startd_4832_edb6>
	SlotName: slot1_27@b9p20p2583.cern.ch
	CondorScratchDir = "/pool/condor/dir_2965306"
	Cpus = 1
	Disk = 3775
	GPUs = 0
	Memory = 3000
...
006 (10030543.000.000) 03/20 09:28:15 Image size of job updated: 347836
	340  -  MemoryUsage of job (MB)
	347836  -  ResidentSetSize of job (KB)
...
006 (10030543.000.000) 03/20 09:32:00 Image size of job updated: 430200
	421  -  MemoryUsage of job (MB)
	430200  -  ResidentSetSize of job (KB)
...
040 (10030543.000.000) 03/20 09:32:00 Started transferring output files
...
040 (10030543.000.000) 03/20 09:32:00 Finished transferring output files
...
005 (10030543.000.000) 03/20 09:32:00 Job terminated.
	(1) Normal termination (return value 0)
		Usr 0 00:03:37, Sys 0 00:00:03  -  Run Remote Usage
		Usr 0 00:00:00, Sys 0 00:00:00  -  Run Local Usage
		Usr 0 00:03:37, Sys 0 00:00:03  -  Total Remote Usage
		Usr 0 00:00:00, Sys 0 00:00:00  -  Total Local Usage
	14396  -  Run Bytes Sent By Job
	492  -  Run Bytes Received By Job
	14396  -  Total Bytes Sent By Job
	492  -  Total Bytes Received By Job
	Partitionable Resources :    Usage  Request Allocated 
	   Cpus                 :     0.98        1         1 
	   Disk (KB)            :    37           1      3775 
	   GPUs                 :                           0 
	   Memory (MB)          :   421        3000      3000 

	Job terminated of its own accord at 2025-03-20T08:32:00Z with exit-code 0.
...
