000 (11058525.000.000) 07/01 18:43:37 Job submitted from host: <188.185.121.235:9618?addrs=188.185.121.235-9618+[2001-1458-d00-49--100-36e]-9618&alias=bigbird22.cern.ch&noUDP&sock=schedd_1385224_0644>
...
040 (11058525.000.000) 07/01 18:44:56 Started transferring input files
	Transferring to host: <188.185.198.39:9618?addrs=188.185.198.39-9618+[2001-1458-303-25--100-23]-9618&alias=b9p15p8654.cern.ch&noUDP&sock=slot1_34_5242_368e_30830>
...
040 (11058525.000.000) 07/01 18:44:56 Finished transferring input files
...
001 (11058525.000.000) 07/01 18:44:57 Job executing on host: <188.185.198.39:9618?addrs=188.185.198.39-9618+[2001-1458-303-25--100-23]-9618&alias=b9p15p8654.cern.ch&noUDP&sock=startd_4059_b701>
	SlotName: slot1_34@b9p15p8654.cern.ch
	CondorScratchDir = "/pool/condor/dir_422129"
	Cpus = 1
	Disk = 3788
	GPUs = 0
	Memory = 3000
...
006 (11058525.000.000) 07/01 18:45:06 Image size of job updated: 341868
	334  -  MemoryUsage of job (MB)
	341868  -  ResidentSetSize of job (KB)
...
006 (11058525.000.000) 07/01 18:50:07 Image size of job updated: 578164
	565  -  MemoryUsage of job (MB)
	578164  -  ResidentSetSize of job (KB)
...
040 (11058525.000.000) 07/01 18:52:40 Started transferring output files
...
040 (11058525.000.000) 07/01 18:52:40 Finished transferring output files
...
005 (11058525.000.000) 07/01 18:52:40 Job terminated.
	(1) Normal termination (return value 0)
		Usr 0 00:07:18, Sys 0 00:00:05  -  Run Remote Usage
		Usr 0 00:00:00, Sys 0 00:00:00  -  Run Local Usage
		Usr 0 00:07:18, Sys 0 00:00:05  -  Total Remote Usage
		Usr 0 00:00:00, Sys 0 00:00:00  -  Total Local Usage
	23846  -  Run Bytes Sent By Job
	492  -  Run Bytes Received By Job
	23846  -  Total Bytes Sent By Job
	492  -  Total Bytes Received By Job
	Partitionable Resources :    Usage  Request Allocated 
	   Cpus                 :        0        1         1 
	   Disk (KB)            :       47        1      3788 
	   GPUs                 :                           0 
	   Memory (MB)          :      565     3000      3000 
	   TimeExecute (s)      :      463                    
	   TimeSlotBusy (s)     :      465                    

	Job terminated of its own accord at 2025-07-01T16:52:40Z with exit-code 0.
...
