 <<< Combine >>> 
 <<< v10.0.2 >>>
>>> Used OpenSSL to get a truly random seed -1655514644
>>> Method used is MarkovChainMC
============================================================
Analyzing bin errors for: prop_binmuon_channel
Poisson cut-off: 10
Processes excluded for sums: Wprime6600
============================================================
Bin        Contents        Error           Notes                         
0          4673.598741     26.906408       total sum                     
0          4672.429169     26.906397       excluding marked processes    
0          30156.000000    173.654830      Unweighted events, alpha=0.154981
  => Total parameter prop_binmuon_channel_bin0[0.00,-7.00,7.00] to be Gaussian constrained
------------------------------------------------------------
1          1752.244428     9.712313        total sum                     
1          1751.198881     9.712286        excluding marked processes    
1          32511.000000    180.308070      Unweighted events, alpha=0.053897
  => Total parameter prop_binmuon_channel_bin1[0.00,-7.00,7.00] to be Gaussian constrained
------------------------------------------------------------
2          767.418543      6.436062        total sum                     
2          766.500740      6.436027        excluding marked processes    
2          14184.000000    119.096599      Unweighted events, alpha=0.054105
  => Total parameter prop_binmuon_channel_bin2[0.00,-7.00,7.00] to be Gaussian constrained
------------------------------------------------------------
3          385.468173      5.590735        total sum                     
3          384.648848      5.590699        excluding marked processes    
3          4734.000000     68.804070       Unweighted events, alpha=0.081425
  => Total parameter prop_binmuon_channel_bin3[0.00,-7.00,7.00] to be Gaussian constrained
------------------------------------------------------------
4          203.635510      4.566086        total sum                     
4          202.927435      4.566047        excluding marked processes    
4          1975.000000     44.440972       Unweighted events, alpha=0.103107
  => Total parameter prop_binmuon_channel_bin4[0.00,-7.00,7.00] to be Gaussian constrained
------------------------------------------------------------
5          120.371164      3.823784        total sum                     
5          119.742389      3.823743        excluding marked processes    
5          981.000000      31.320920       Unweighted events, alpha=0.122703
  => Total parameter prop_binmuon_channel_bin5[0.00,-7.00,7.00] to be Gaussian constrained
------------------------------------------------------------
6          116.021301      3.918747        total sum                     
6          114.988932      3.918681        excluding marked processes    
6          861.000000      29.342802       Unweighted events, alpha=0.134752
  => Total parameter prop_binmuon_channel_bin6[0.00,-7.00,7.00] to be Gaussian constrained
------------------------------------------------------------
7          42.942850       0.688741        total sum                     
7          42.109119       0.688437        excluding marked processes    
7          3741.000000     61.163715       Unweighted events, alpha=0.011479
  => Total parameter prop_binmuon_channel_bin7[0.00,-7.00,7.00] to be Gaussian constrained
------------------------------------------------------------
8          25.636227       0.660567        total sum                     
8          24.668616       0.660199        excluding marked processes    
8          1396.000000     37.363083       Unweighted events, alpha=0.018364
  => Total parameter prop_binmuon_channel_bin8[0.00,-7.00,7.00] to be Gaussian constrained
------------------------------------------------------------
9          9.264251        0.398143        total sum                     
9          8.555325        0.397692        excluding marked processes    
9          463.000000      21.517435       Unweighted events, alpha=0.020009
  => Total parameter prop_binmuon_channel_bin9[0.00,-7.00,7.00] to be Gaussian constrained
------------------------------------------------------------
10         4.367258        0.258201        total sum                     
10         3.676615        0.257530        excluding marked processes    
10         204.000000      14.282857       Unweighted events, alpha=0.021408
  => Total parameter prop_binmuon_channel_bin10[0.00,-7.00,7.00] to be Gaussian constrained
------------------------------------------------------------
11         2.152146        0.181264        total sum                     
11         1.392961        0.180214        excluding marked processes    
11         60.000000       7.745967        Unweighted events, alpha=0.035869
  => Total parameter prop_binmuon_channel_bin11[0.00,-7.00,7.00] to be Gaussian constrained
------------------------------------------------------------
12         1.182174        0.290208        total sum                     
12         0.562776        0.289671        excluding marked processes    
12         4.000000        2.000000        Unweighted events, alpha=0.295544
  => Number of weighted events is below Poisson threshold
    Wprime6600           0.619398        0.017648                                      
                         1232.000000     35.099858       Unweighted events, alpha=0.000503
      => Parameter prop_binmuon_channel_bin12_Wprime6600[0.00,-7.00,7.00] to be Gaussian constrained
  ----------------------------------------------------------
    W_boson              0.219114        0.001133                                      
                         37380.000000    193.339080      Unweighted events, alpha=0.000006
      => Parameter prop_binmuon_channel_bin12_W_boson[0.00,-7.00,7.00] to be Gaussian constrained
  ----------------------------------------------------------
    Top                  0.000000        0.000000                                      
      => Error is zero, ignore      
  ----------------------------------------------------------
    Z_boson              0.003818        0.000093                                      
                         1695.000000     41.170378       Unweighted events, alpha=0.000002
      => Parameter prop_binmuon_channel_bin12_Z_boson[0.00,-7.00,7.00] to be Gaussian constrained
  ----------------------------------------------------------
    DiBoson              0.288910        0.288561                                      
                         1.000000        1.000000        Unweighted events, alpha=0.288910
      => Product of prop_binmuon_channel_bin12_DiBoson[1.00,0.00,30.85] and const [1.0000] to be Poisson constrained
  ----------------------------------------------------------
    QCD                  0.050935        0.025308                                      
                         4.000000        2.000000        Unweighted events, alpha=0.012734
      => Product of prop_binmuon_channel_bin12_QCD[4.00,0.00,38.96] and const [0.2500] to be Poisson constrained
  ----------------------------------------------------------
------------------------------------------------------------
13         1.452341        0.027033        total sum                     
13         0.083727        0.006353        excluding marked processes    
13         174.000000      13.190906       Unweighted events, alpha=0.008347
  => Total parameter prop_binmuon_channel_bin13[0.00,-7.00,7.00] to be Gaussian constrained
------------------------------------------------------------
14         1.156703        0.023949        total sum                     
14         0.005107        0.001132        excluding marked processes    
14         20.000000       4.472136        Unweighted events, alpha=0.057835
  => Total parameter prop_binmuon_channel_bin14[0.00,-7.00,7.00] to be Gaussian constrained
------------------------------------------------------------
15         0.883748        0.020811        total sum                     
15         0.000837        0.000017        excluding marked processes    
15         2307.000000     48.031240       Unweighted events, alpha=0.000383
  => Total parameter prop_binmuon_channel_bin15[0.00,-7.00,7.00] to be Gaussian constrained
------------------------------------------------------------
Channel muon_channel will use autoMCStats with settings: event-threshold=10, include-signal=0, hist-mode=1

 -- MarkovChainMC -- 
Limit: r < 1.09658 +/- 0.0028056 @ 95% credibility (300 tries)
Done in 3.69 min (cpu), 3.80 min (real)
