 <<< Combine >>> 
 <<< v10.0.2 >>>
>>> Used OpenSSL to get a truly random seed 1635648309
>>> Method used is MarkovChainMC
============================================================
Analyzing bin errors for: prop_binmuon_channel
Poisson cut-off: 10
Processes excluded for sums: Wprime600
============================================================
Bin        Contents        Error           Notes                         
0          4676.943208     26.906438       total sum                     
0          4672.429169     26.906397       excluding marked processes    
0          30156.000000    173.654830      Unweighted events, alpha=0.155092
  => Total parameter prop_binmuon_channel_bin0[0.00,-7.00,7.00] to be Gaussian constrained
------------------------------------------------------------
1          1758.009063     9.712458        total sum                     
1          1751.198881     9.712286        excluding marked processes    
1          32511.000000    180.308070      Unweighted events, alpha=0.054074
  => Total parameter prop_binmuon_channel_bin1[0.00,-7.00,7.00] to be Gaussian constrained
------------------------------------------------------------
2          768.490585      6.436102        total sum                     
2          766.500740      6.436027        excluding marked processes    
2          14184.000000    119.096599      Unweighted events, alpha=0.054180
  => Total parameter prop_binmuon_channel_bin2[0.00,-7.00,7.00] to be Gaussian constrained
------------------------------------------------------------
3          384.761225      5.590703        total sum                     
3          384.648848      5.590699        excluding marked processes    
3          4734.000000     68.804070       Unweighted events, alpha=0.081276
  => Total parameter prop_binmuon_channel_bin3[0.00,-7.00,7.00] to be Gaussian constrained
------------------------------------------------------------
4          202.955455      4.566049        total sum                     
4          202.927435      4.566047        excluding marked processes    
4          1975.000000     44.440972       Unweighted events, alpha=0.102762
  => Total parameter prop_binmuon_channel_bin4[0.00,-7.00,7.00] to be Gaussian constrained
------------------------------------------------------------
5          119.751020      3.823744        total sum                     
5          119.742389      3.823743        excluding marked processes    
5          981.000000      31.320920       Unweighted events, alpha=0.122070
  => Total parameter prop_binmuon_channel_bin5[0.00,-7.00,7.00] to be Gaussian constrained
------------------------------------------------------------
6          73.734092       3.853822        total sum                     
6          73.731027       3.853822        excluding marked processes    
6          366.000000      19.131126       Unweighted events, alpha=0.201459
  => Total parameter prop_binmuon_channel_bin6[0.00,-7.00,7.00] to be Gaussian constrained
------------------------------------------------------------
7          41.259577       0.710013        total sum                     
7          41.257905       0.710012        excluding marked processes    
7          3377.000000     58.111961       Unweighted events, alpha=0.012218
  => Total parameter prop_binmuon_channel_bin7[0.00,-7.00,7.00] to be Gaussian constrained
------------------------------------------------------------
8          25.216946       0.460767        total sum                     
8          25.214623       0.460766        excluding marked processes    
8          2995.000000     54.726593       Unweighted events, alpha=0.008420
  => Total parameter prop_binmuon_channel_bin8[0.00,-7.00,7.00] to be Gaussian constrained
------------------------------------------------------------
9          16.896627       0.511509        total sum                     
9          16.894497       0.511508        excluding marked processes    
9          1091.000000     33.030289       Unweighted events, alpha=0.015487
  => Total parameter prop_binmuon_channel_bin9[0.00,-7.00,7.00] to be Gaussian constrained
------------------------------------------------------------
10         11.427516       0.406894        total sum                     
10         11.426462       0.406894        excluding marked processes    
10         789.000000      28.089144       Unweighted events, alpha=0.014484
  => Total parameter prop_binmuon_channel_bin10[0.00,-7.00,7.00] to be Gaussian constrained
------------------------------------------------------------
11         7.650738        0.268175        total sum                     
11         7.650738        0.268175        excluding marked processes    
11         814.000000      28.530685       Unweighted events, alpha=0.009399
  => Total parameter prop_binmuon_channel_bin11[0.00,-7.00,7.00] to be Gaussian constrained
------------------------------------------------------------
12         5.591415        0.445402        total sum                     
12         5.591415        0.445402        excluding marked processes    
12         158.000000      12.569805       Unweighted events, alpha=0.035389
  => Total parameter prop_binmuon_channel_bin12[0.00,-7.00,7.00] to be Gaussian constrained
------------------------------------------------------------
13         3.647121        0.105821        total sum                     
13         3.647121        0.105821        excluding marked processes    
13         1188.000000     34.467376       Unweighted events, alpha=0.003070
  => Total parameter prop_binmuon_channel_bin13[0.00,-7.00,7.00] to be Gaussian constrained
------------------------------------------------------------
14         2.513977        0.075287        total sum                     
14         2.513977        0.075287        excluding marked processes    
14         1115.000000     33.391616       Unweighted events, alpha=0.002255
  => Total parameter prop_binmuon_channel_bin14[0.00,-7.00,7.00] to be Gaussian constrained
------------------------------------------------------------
15         2.394228        0.375889        total sum                     
15         2.394228        0.375889        excluding marked processes    
15         41.000000       6.403124        Unweighted events, alpha=0.058396
  => Total parameter prop_binmuon_channel_bin15[0.00,-7.00,7.00] to be Gaussian constrained
------------------------------------------------------------
16         1.517118        0.247939        total sum                     
16         1.517118        0.247939        excluding marked processes    
16         37.000000       6.082763        Unweighted events, alpha=0.041003
  => Total parameter prop_binmuon_channel_bin16[0.00,-7.00,7.00] to be Gaussian constrained
------------------------------------------------------------
17         0.911156        0.033567        total sum                     
17         0.911156        0.033567        excluding marked processes    
17         737.000000      27.147744       Unweighted events, alpha=0.001236
  => Total parameter prop_binmuon_channel_bin17[0.00,-7.00,7.00] to be Gaussian constrained
------------------------------------------------------------
18         0.695681        0.035517        total sum                     
18         0.695681        0.035517        excluding marked processes    
18         384.000000      19.595918       Unweighted events, alpha=0.001812
  => Total parameter prop_binmuon_channel_bin18[0.00,-7.00,7.00] to be Gaussian constrained
------------------------------------------------------------
19         0.552660        0.049595        total sum                     
19         0.552660        0.049595        excluding marked processes    
19         124.000000      11.135529       Unweighted events, alpha=0.004457
  => Total parameter prop_binmuon_channel_bin19[0.00,-7.00,7.00] to be Gaussian constrained
------------------------------------------------------------
20         0.365331        0.017005        total sum                     
20         0.365331        0.017005        excluding marked processes    
20         462.000000      21.494185       Unweighted events, alpha=0.000791
  => Total parameter prop_binmuon_channel_bin20[0.00,-7.00,7.00] to be Gaussian constrained
------------------------------------------------------------
21         0.261239        0.004265        total sum                     
21         0.261239        0.004265        excluding marked processes    
21         3751.000000     61.245408       Unweighted events, alpha=0.000070
  => Total parameter prop_binmuon_channel_bin21[0.00,-7.00,7.00] to be Gaussian constrained
------------------------------------------------------------
22         0.404376        0.178522        total sum                     
22         0.404376        0.178522        excluding marked processes    
22         5.000000        2.236068        Unweighted events, alpha=0.080875
  => Number of weighted events is below Poisson threshold
    Wprime600            0.000000        0.000000                                      
      => Error is zero, ignore      
  ----------------------------------------------------------
    W_boson              0.185205        0.001593                                      
                         13521.000000    116.279835      Unweighted events, alpha=0.000014
      => Parameter prop_binmuon_channel_bin22_W_boson[0.00,-7.00,7.00] to be Gaussian constrained
  ----------------------------------------------------------
    Top                  0.000000        0.000000                                      
      => Error is zero, ignore      
  ----------------------------------------------------------
    Z_boson              0.003229        0.000111                                      
                         841.000000      29.000000       Unweighted events, alpha=0.000004
      => Parameter prop_binmuon_channel_bin22_Z_boson[0.00,-7.00,7.00] to be Gaussian constrained
  ----------------------------------------------------------
    DiBoson              0.211769        0.178497                                      
                         1.000000        1.000000        Unweighted events, alpha=0.211769
      => Product of prop_binmuon_channel_bin22_DiBoson[1.00,0.00,30.85] and const [1.0000] to be Poisson constrained
  ----------------------------------------------------------
    QCD                  0.004173        0.002515                                      
                         3.000000        1.732051        Unweighted events, alpha=0.001391
      => Product of prop_binmuon_channel_bin22_QCD[3.00,0.00,36.46] and const [0.3333] to be Poisson constrained
  ----------------------------------------------------------
------------------------------------------------------------
23         0.147341        0.002253        total sum                     
23         0.147341        0.002253        excluding marked processes    
23         4279.000000     65.414066       Unweighted events, alpha=0.000034
  => Total parameter prop_binmuon_channel_bin23[0.00,-7.00,7.00] to be Gaussian constrained
------------------------------------------------------------
24         0.111899        0.001711        total sum                     
24         0.111899        0.001711        excluding marked processes    
24         4275.000000     65.383484       Unweighted events, alpha=0.000026
  => Total parameter prop_binmuon_channel_bin24[0.00,-7.00,7.00] to be Gaussian constrained
------------------------------------------------------------
25         0.102774        0.017073        total sum                     
25         0.102774        0.017073        excluding marked processes    
25         36.000000       6.000000        Unweighted events, alpha=0.002855
  => Total parameter prop_binmuon_channel_bin25[0.00,-7.00,7.00] to be Gaussian constrained
------------------------------------------------------------
26         0.086804        0.017909        total sum                     
26         0.086804        0.017909        excluding marked processes    
26         23.000000       4.795832        Unweighted events, alpha=0.003774
  => Total parameter prop_binmuon_channel_bin26[0.00,-7.00,7.00] to be Gaussian constrained
------------------------------------------------------------
27         0.351664        0.288860        total sum                     
27         0.351664        0.288860        excluding marked processes    
27         1.000000        1.000000        Unweighted events, alpha=0.351664
  => Number of weighted events is below Poisson threshold
    Wprime600            0.000000        0.000000                                      
      => Error is zero, ignore      
  ----------------------------------------------------------
    W_boson              0.048326        0.000513                                      
                         8870.000000     94.180677       Unweighted events, alpha=0.000005
      => Parameter prop_binmuon_channel_bin27_W_boson[0.00,-7.00,7.00] to be Gaussian constrained
  ----------------------------------------------------------
    Top                  0.000000        0.000000                                      
      => Error is zero, ignore      
  ----------------------------------------------------------
    Z_boson              0.000759        0.000042                                      
                         324.000000      18.000000       Unweighted events, alpha=0.000002
      => Parameter prop_binmuon_channel_bin27_Z_boson[0.00,-7.00,7.00] to be Gaussian constrained
  ----------------------------------------------------------
    DiBoson              0.288753        0.288561                                      
                         1.000000        1.000000        Unweighted events, alpha=0.288753
      => Product of prop_binmuon_channel_bin27_DiBoson[1.00,0.00,30.85] and const [1.0000] to be Poisson constrained
  ----------------------------------------------------------
    QCD                  0.013827        0.013120                                      
                         1.000000        1.000000        Unweighted events, alpha=0.013827
      => Product of prop_binmuon_channel_bin27_QCD[1.00,0.00,30.85] and const [1.0000] to be Poisson constrained
  ----------------------------------------------------------
------------------------------------------------------------
28         0.049559        0.012095        total sum                     
28         0.049559        0.012095        excluding marked processes    
28         17.000000       4.123106        Unweighted events, alpha=0.002915
  => Total parameter prop_binmuon_channel_bin28[0.00,-7.00,7.00] to be Gaussian constrained
------------------------------------------------------------
29         0.030842        0.000486        total sum                     
29         0.030842        0.000486        excluding marked processes    
29         4024.000000     63.435006       Unweighted events, alpha=0.000008
  => Total parameter prop_binmuon_channel_bin29[0.00,-7.00,7.00] to be Gaussian constrained
------------------------------------------------------------
30         0.024446        0.000771        total sum                     
30         0.024446        0.000771        excluding marked processes    
30         1006.000000     31.717503       Unweighted events, alpha=0.000024
  => Total parameter prop_binmuon_channel_bin30[0.00,-7.00,7.00] to be Gaussian constrained
------------------------------------------------------------
31         0.019534        0.001268        total sum                     
31         0.019534        0.001268        excluding marked processes    
31         237.000000      15.394804       Unweighted events, alpha=0.000082
  => Total parameter prop_binmuon_channel_bin31[0.00,-7.00,7.00] to be Gaussian constrained
------------------------------------------------------------
32         0.014322        0.000330        total sum                     
32         0.014322        0.000330        excluding marked processes    
32         1878.000000     43.335897       Unweighted events, alpha=0.000008
  => Total parameter prop_binmuon_channel_bin32[0.00,-7.00,7.00] to be Gaussian constrained
------------------------------------------------------------
33         0.012498        0.001282        total sum                     
33         0.012498        0.001282        excluding marked processes    
33         95.000000       9.746794        Unweighted events, alpha=0.000132
  => Total parameter prop_binmuon_channel_bin33[0.00,-7.00,7.00] to be Gaussian constrained
------------------------------------------------------------
34         0.010318        0.001491        total sum                     
34         0.010318        0.001491        excluding marked processes    
34         48.000000       6.928203        Unweighted events, alpha=0.000215
  => Total parameter prop_binmuon_channel_bin34[0.00,-7.00,7.00] to be Gaussian constrained
------------------------------------------------------------
35         0.007060        0.000164        total sum                     
35         0.007060        0.000164        excluding marked processes    
35         1855.000000     43.069711       Unweighted events, alpha=0.000004
  => Total parameter prop_binmuon_channel_bin35[0.00,-7.00,7.00] to be Gaussian constrained
------------------------------------------------------------
36         0.007259        0.001385        total sum                     
36         0.007259        0.001385        excluding marked processes    
36         27.000000       5.196152        Unweighted events, alpha=0.000269
  => Total parameter prop_binmuon_channel_bin36[0.00,-7.00,7.00] to be Gaussian constrained
------------------------------------------------------------
37         0.009566        0.005143        total sum                     
37         0.009566        0.005143        excluding marked processes    
37         3.000000        1.732051        Unweighted events, alpha=0.003189
  => Number of weighted events is below Poisson threshold
    Wprime600            0.000000        0.000000                                      
      => Error is zero, ignore      
  ----------------------------------------------------------
    W_boson              0.004353        0.000076                                      
                         3267.000000     57.157677       Unweighted events, alpha=0.000001
      => Parameter prop_binmuon_channel_bin37_W_boson[0.00,-7.00,7.00] to be Gaussian constrained
  ----------------------------------------------------------
    Top                  0.000000        0.000000                                      
      => Error is zero, ignore      
  ----------------------------------------------------------
    Z_boson              0.000070        0.000006                                      
                         126.000000      11.224972       Unweighted events, alpha=0.000001
      => Parameter prop_binmuon_channel_bin37_Z_boson[0.00,-7.00,7.00] to be Gaussian constrained
  ----------------------------------------------------------
    DiBoson              0.000000        0.000000                                      
      => Error is zero, ignore      
  ----------------------------------------------------------
    QCD                  0.005143        0.005143                                      
                         1.000000        1.000000        Unweighted events, alpha=0.005143
      => Product of prop_binmuon_channel_bin37_QCD[1.00,0.00,30.85] and const [1.0000] to be Poisson constrained
  ----------------------------------------------------------
------------------------------------------------------------
38         0.003665        0.000063        total sum                     
38         0.003665        0.000063        excluding marked processes    
38         3379.000000     58.129167       Unweighted events, alpha=0.000001
  => Total parameter prop_binmuon_channel_bin38[0.00,-7.00,7.00] to be Gaussian constrained
------------------------------------------------------------
39         0.002834        0.000042        total sum                     
39         0.002834        0.000042        excluding marked processes    
39         4599.000000     67.815927       Unweighted events, alpha=0.000001
  => Total parameter prop_binmuon_channel_bin39[0.00,-7.00,7.00] to be Gaussian constrained
------------------------------------------------------------
40         0.003489        0.001151        total sum                     
40         0.003489        0.001151        excluding marked processes    
40         9.000000        3.000000        Unweighted events, alpha=0.000388
  => Number of weighted events is below Poisson threshold
    Wprime600            0.000000        0.000000                                      
      => Error is zero, ignore      
  ----------------------------------------------------------
    W_boson              0.002300        0.000035                                      
                         4255.000000     65.230361       Unweighted events, alpha=0.000001
      => Parameter prop_binmuon_channel_bin40_W_boson[0.00,-7.00,7.00] to be Gaussian constrained
  ----------------------------------------------------------
    Top                  0.000000        0.000000                                      
      => Error is zero, ignore      
  ----------------------------------------------------------
    Z_boson              0.000039        0.000003                                      
                         194.000000      13.928388       Unweighted events, alpha=0.000000
      => Parameter prop_binmuon_channel_bin40_Z_boson[0.00,-7.00,7.00] to be Gaussian constrained
  ----------------------------------------------------------
    DiBoson              0.000000        0.000000                                      
      => Error is zero, ignore      
  ----------------------------------------------------------
    QCD                  0.001150        0.001150                                      
                         1.000000        1.000000        Unweighted events, alpha=0.001150
      => Product of prop_binmuon_channel_bin40_QCD[1.00,0.00,30.85] and const [1.0000] to be Poisson constrained
  ----------------------------------------------------------
------------------------------------------------------------
41         0.004231        0.001609        total sum                     
41         0.004231        0.001609        excluding marked processes    
41         7.000000        2.645751        Unweighted events, alpha=0.000604
  => Number of weighted events is below Poisson threshold
    Wprime600            0.000000        0.000000                                      
      => Error is zero, ignore      
  ----------------------------------------------------------
    W_boson              0.001873        0.000029                                      
                         4281.000000     65.429351       Unweighted events, alpha=0.000000
      => Parameter prop_binmuon_channel_bin41_W_boson[0.00,-7.00,7.00] to be Gaussian constrained
  ----------------------------------------------------------
    Top                  0.000000        0.000000                                      
      => Error is zero, ignore      
  ----------------------------------------------------------
    Z_boson              0.000027        0.000001                                      
                         424.000000      20.591260       Unweighted events, alpha=0.000000
      => Parameter prop_binmuon_channel_bin41_Z_boson[0.00,-7.00,7.00] to be Gaussian constrained
  ----------------------------------------------------------
    DiBoson              0.000000        0.000000                                      
      => Error is zero, ignore      
  ----------------------------------------------------------
    QCD                  0.002331        0.001609                                      
                         2.000000        1.414214        Unweighted events, alpha=0.001165
      => Product of prop_binmuon_channel_bin41_QCD[2.00,0.00,33.79] and const [0.5000] to be Poisson constrained
  ----------------------------------------------------------
------------------------------------------------------------
42         0.001643        0.000102        total sum                     
42         0.001643        0.000102        excluding marked processes    
42         261.000000      16.155494       Unweighted events, alpha=0.000006
  => Total parameter prop_binmuon_channel_bin42[0.00,-7.00,7.00] to be Gaussian constrained
------------------------------------------------------------
43         0.002273        0.000977        total sum                     
43         0.002273        0.000977        excluding marked processes    
43         5.000000        2.236068        Unweighted events, alpha=0.000455
  => Number of weighted events is below Poisson threshold
    Wprime600            0.000000        0.000000                                      
      => Error is zero, ignore      
  ----------------------------------------------------------
    W_boson              0.001274        0.000020                                      
                         4165.000000     64.536811       Unweighted events, alpha=0.000000
      => Parameter prop_binmuon_channel_bin43_W_boson[0.00,-7.00,7.00] to be Gaussian constrained
  ----------------------------------------------------------
    Top                  0.000000        0.000000                                      
      => Error is zero, ignore      
  ----------------------------------------------------------
    Z_boson              0.000022        0.000003                                      
                         67.000000       8.185353        Unweighted events, alpha=0.000000
      => Parameter prop_binmuon_channel_bin43_Z_boson[0.00,-7.00,7.00] to be Gaussian constrained
  ----------------------------------------------------------
    DiBoson              0.000000        0.000000                                      
      => Error is zero, ignore      
  ----------------------------------------------------------
    QCD                  0.000977        0.000977                                      
                         1.000000        1.000000        Unweighted events, alpha=0.000977
      => Product of prop_binmuon_channel_bin43_QCD[1.00,0.00,30.85] and const [1.0000] to be Poisson constrained
  ----------------------------------------------------------
------------------------------------------------------------
44         0.003662        0.001762        total sum                     
44         0.003662        0.001762        excluding marked processes    
44         4.000000        2.000000        Unweighted events, alpha=0.000916
  => Number of weighted events is below Poisson threshold
    Wprime600            0.000000        0.000000                                      
      => Error is zero, ignore      
  ----------------------------------------------------------
    W_boson              0.001176        0.000101                                      
                         136.000000      11.661904       Unweighted events, alpha=0.000009
      => Parameter prop_binmuon_channel_bin44_W_boson[0.00,-7.00,7.00] to be Gaussian constrained
  ----------------------------------------------------------
    Top                  0.000000        0.000000                                      
      => Error is zero, ignore      
  ----------------------------------------------------------
    Z_boson              0.000013        0.000001                                      
                         217.000000      14.730920       Unweighted events, alpha=0.000000
      => Parameter prop_binmuon_channel_bin44_Z_boson[0.00,-7.00,7.00] to be Gaussian constrained
  ----------------------------------------------------------
    DiBoson              0.000000        0.000000                                      
      => Error is zero, ignore      
  ----------------------------------------------------------
    QCD                  0.002473        0.001759                                      
                         2.000000        1.414214        Unweighted events, alpha=0.001237
      => Product of prop_binmuon_channel_bin44_QCD[2.00,0.00,33.79] and const [0.5000] to be Poisson constrained
  ----------------------------------------------------------
------------------------------------------------------------
45         0.000907        0.000016        total sum                     
45         0.000907        0.000016        excluding marked processes    
45         3160.000000     56.213877       Unweighted events, alpha=0.000000
  => Total parameter prop_binmuon_channel_bin45[0.00,-7.00,7.00] to be Gaussian constrained
------------------------------------------------------------
46         0.000767        0.000014        total sum                     
46         0.000767        0.000014        excluding marked processes    
46         2859.000000     53.469618       Unweighted events, alpha=0.000000
  => Total parameter prop_binmuon_channel_bin46[0.00,-7.00,7.00] to be Gaussian constrained
------------------------------------------------------------
47         0.000632        0.000014        total sum                     
47         0.000632        0.000014        excluding marked processes    
47         2076.000000     45.563143       Unweighted events, alpha=0.000000
  => Total parameter prop_binmuon_channel_bin47[0.00,-7.00,7.00] to be Gaussian constrained
------------------------------------------------------------
48         0.000503        0.000012        total sum                     
48         0.000503        0.000012        excluding marked processes    
48         1883.000000     43.393548       Unweighted events, alpha=0.000000
  => Total parameter prop_binmuon_channel_bin48[0.00,-7.00,7.00] to be Gaussian constrained
------------------------------------------------------------
49         0.000481        0.000023        total sum                     
49         0.000481        0.000023        excluding marked processes    
49         447.000000      21.142375       Unweighted events, alpha=0.000001
  => Total parameter prop_binmuon_channel_bin49[0.00,-7.00,7.00] to be Gaussian constrained
------------------------------------------------------------
50         0.000398        0.000016        total sum                     
50         0.000398        0.000016        excluding marked processes    
50         630.000000      25.099801       Unweighted events, alpha=0.000001
  => Total parameter prop_binmuon_channel_bin50[0.00,-7.00,7.00] to be Gaussian constrained
------------------------------------------------------------
51         0.001459        0.001131        total sum                     
51         0.001459        0.001131        excluding marked processes    
51         2.000000        1.414214        Unweighted events, alpha=0.000729
  => Number of weighted events is below Poisson threshold
    Wprime600            0.000000        0.000000                                      
      => Error is zero, ignore      
  ----------------------------------------------------------
    W_boson              0.000324        0.000010                                      
                         1123.000000     33.511192       Unweighted events, alpha=0.000000
      => Parameter prop_binmuon_channel_bin51_W_boson[0.00,-7.00,7.00] to be Gaussian constrained
  ----------------------------------------------------------
    Top                  0.000000        0.000000                                      
      => Error is zero, ignore      
  ----------------------------------------------------------
    Z_boson              0.000004        0.000000                                      
                         77.000000       8.774964        Unweighted events, alpha=0.000000
      => Parameter prop_binmuon_channel_bin51_Z_boson[0.00,-7.00,7.00] to be Gaussian constrained
  ----------------------------------------------------------
    DiBoson              0.000000        0.000000                                      
      => Error is zero, ignore      
  ----------------------------------------------------------
    QCD                  0.001131        0.001131                                      
                         1.000000        1.000000        Unweighted events, alpha=0.001131
      => Product of prop_binmuon_channel_bin51_QCD[1.00,0.00,30.85] and const [1.0000] to be Poisson constrained
  ----------------------------------------------------------
------------------------------------------------------------
52         0.000282        0.000010        total sum                     
52         0.000282        0.000010        excluding marked processes    
52         776.000000      27.856777       Unweighted events, alpha=0.000000
  => Total parameter prop_binmuon_channel_bin52[0.00,-7.00,7.00] to be Gaussian constrained
------------------------------------------------------------
53         0.000231        0.000007        total sum                     
53         0.000231        0.000007        excluding marked processes    
53         1082.000000     32.893768       Unweighted events, alpha=0.000000
  => Total parameter prop_binmuon_channel_bin53[0.00,-7.00,7.00] to be Gaussian constrained
------------------------------------------------------------
54         0.000190        0.000004        total sum                     
54         0.000190        0.000004        excluding marked processes    
54         2001.000000     44.732538       Unweighted events, alpha=0.000000
  => Total parameter prop_binmuon_channel_bin54[0.00,-7.00,7.00] to be Gaussian constrained
------------------------------------------------------------
55         0.000164        0.000006        total sum                     
55         0.000164        0.000006        excluding marked processes    
55         673.000000      25.942244       Unweighted events, alpha=0.000000
  => Total parameter prop_binmuon_channel_bin55[0.00,-7.00,7.00] to be Gaussian constrained
------------------------------------------------------------
56         0.000152        0.000008        total sum                     
56         0.000152        0.000008        excluding marked processes    
56         348.000000      18.654758       Unweighted events, alpha=0.000000
  => Total parameter prop_binmuon_channel_bin56[0.00,-7.00,7.00] to be Gaussian constrained
------------------------------------------------------------
57         0.000121        0.000003        total sum                     
57         0.000121        0.000003        excluding marked processes    
57         2135.000000     46.206060       Unweighted events, alpha=0.000000
  => Total parameter prop_binmuon_channel_bin57[0.00,-7.00,7.00] to be Gaussian constrained
------------------------------------------------------------
58         0.000106        0.000003        total sum                     
58         0.000106        0.000003        excluding marked processes    
58         1480.000000     38.470768       Unweighted events, alpha=0.000000
  => Total parameter prop_binmuon_channel_bin58[0.00,-7.00,7.00] to be Gaussian constrained
------------------------------------------------------------
59         0.000093        0.000004        total sum                     
59         0.000093        0.000004        excluding marked processes    
59         703.000000      26.514147       Unweighted events, alpha=0.000000
  => Total parameter prop_binmuon_channel_bin59[0.00,-7.00,7.00] to be Gaussian constrained
------------------------------------------------------------
60         0.000083        0.000006        total sum                     
60         0.000083        0.000006        excluding marked processes    
60         184.000000      13.564660       Unweighted events, alpha=0.000000
  => Total parameter prop_binmuon_channel_bin60[0.00,-7.00,7.00] to be Gaussian constrained
------------------------------------------------------------
61         0.000080        0.000010        total sum                     
61         0.000080        0.000010        excluding marked processes    
61         69.000000       8.306624        Unweighted events, alpha=0.000001
  => Total parameter prop_binmuon_channel_bin61[0.00,-7.00,7.00] to be Gaussian constrained
------------------------------------------------------------
62         0.000065        0.000005        total sum                     
62         0.000065        0.000005        excluding marked processes    
62         156.000000      12.489996       Unweighted events, alpha=0.000000
  => Total parameter prop_binmuon_channel_bin62[0.00,-7.00,7.00] to be Gaussian constrained
------------------------------------------------------------
63         0.000056        0.000007        total sum                     
63         0.000056        0.000007        excluding marked processes    
63         61.000000       7.810250        Unweighted events, alpha=0.000001
  => Total parameter prop_binmuon_channel_bin63[0.00,-7.00,7.00] to be Gaussian constrained
------------------------------------------------------------
64         0.000043        0.000001        total sum                     
64         0.000043        0.000001        excluding marked processes    
64         2474.000000     49.739320       Unweighted events, alpha=0.000000
  => Total parameter prop_binmuon_channel_bin64[0.00,-7.00,7.00] to be Gaussian constrained
------------------------------------------------------------
65         0.000037        0.000001        total sum                     
65         0.000037        0.000001        excluding marked processes    
65         2219.000000     47.106263       Unweighted events, alpha=0.000000
  => Total parameter prop_binmuon_channel_bin65[0.00,-7.00,7.00] to be Gaussian constrained
------------------------------------------------------------
Channel muon_channel will use autoMCStats with settings: event-threshold=10, include-signal=0, hist-mode=1
Generate toy 1/250

 -- MarkovChainMC -- 
Limit: r < 13.0371 +/- 0.228059 @ 95% credibility (15 tries)
Done in 0.26 min (cpu), 0.28 min (real)
Generate toy 2/250

 -- MarkovChainMC -- 
Limit: r < 14.3365 +/- 0.125996 @ 95% credibility (15 tries)
Done in 0.27 min (cpu), 0.29 min (real)
Generate toy 3/250

 -- MarkovChainMC -- 
Limit: r < 16.9661 +/- 0.363814 @ 95% credibility (15 tries)
Done in 0.27 min (cpu), 0.29 min (real)
Generate toy 4/250

 -- MarkovChainMC -- 
Limit: r < 8.04467 +/- 0.166568 @ 95% credibility (15 tries)
Done in 0.26 min (cpu), 0.27 min (real)
Generate toy 5/250

 -- MarkovChainMC -- 
Limit: r < 20.3601 +/- 0.350597 @ 95% credibility (15 tries)
Done in 0.28 min (cpu), 0.34 min (real)
Generate toy 6/250

 -- MarkovChainMC -- 
Limit: r < 17.5376 +/- 0.235749 @ 95% credibility (15 tries)
Done in 0.28 min (cpu), 0.29 min (real)
Generate toy 7/250

 -- MarkovChainMC -- 
Limit: r < 26.1236 +/- 0.25858 @ 95% credibility (15 tries)
Done in 0.30 min (cpu), 0.32 min (real)
Generate toy 8/250

 -- MarkovChainMC -- 
Limit: r < 13.8702 +/- 0.364574 @ 95% credibility (15 tries)
Done in 0.29 min (cpu), 0.30 min (real)
Generate toy 9/250

 -- MarkovChainMC -- 
Limit: r < 12.1978 +/- 0.110885 @ 95% credibility (15 tries)
Done in 0.28 min (cpu), 0.29 min (real)
Generate toy 10/250

 -- MarkovChainMC -- 
Limit: r < 19.6926 +/- 0.396417 @ 95% credibility (15 tries)
Done in 0.29 min (cpu), 0.31 min (real)
Generate toy 11/250

 -- MarkovChainMC -- 
Limit: r < 11.1232 +/- 0.290638 @ 95% credibility (15 tries)
Done in 0.27 min (cpu), 0.28 min (real)
Generate toy 12/250

 -- MarkovChainMC -- 
Limit: r < 26.781 +/- 0.303603 @ 95% credibility (15 tries)
Done in 0.29 min (cpu), 0.31 min (real)
Generate toy 13/250

 -- MarkovChainMC -- 
Limit: r < 20.1347 +/- 0.398078 @ 95% credibility (15 tries)
Done in 0.29 min (cpu), 0.30 min (real)
Generate toy 14/250

 -- MarkovChainMC -- 
Limit: r < 11.8108 +/- 0.180325 @ 95% credibility (15 tries)
Done in 0.27 min (cpu), 0.30 min (real)
Generate toy 15/250

 -- MarkovChainMC -- 
Limit: r < 20.3779 +/- 0.327412 @ 95% credibility (15 tries)
Done in 0.29 min (cpu), 0.34 min (real)
Generate toy 16/250

 -- MarkovChainMC -- 
Limit: r < 24.6128 +/- 0.481425 @ 95% credibility (15 tries)
Done in 0.30 min (cpu), 0.36 min (real)
Generate toy 17/250

 -- MarkovChainMC -- 
Limit: r < 15.8119 +/- 0.367093 @ 95% credibility (15 tries)
Done in 0.30 min (cpu), 0.31 min (real)
Generate toy 18/250

 -- MarkovChainMC -- 
Limit: r < 13.1516 +/- 0.123829 @ 95% credibility (15 tries)
Done in 0.29 min (cpu), 0.31 min (real)
Generate toy 19/250

 -- MarkovChainMC -- 
Limit: r < 14.9083 +/- 0.170935 @ 95% credibility (15 tries)
Done in 0.28 min (cpu), 0.31 min (real)
Generate toy 20/250

 -- MarkovChainMC -- 
Limit: r < 15.3364 +/- 0.25358 @ 95% credibility (15 tries)
Done in 0.29 min (cpu), 0.30 min (real)
Generate toy 21/250

 -- MarkovChainMC -- 
Limit: r < 12.5957 +/- 0.160541 @ 95% credibility (15 tries)
Done in 0.28 min (cpu), 0.30 min (real)
Generate toy 22/250

 -- MarkovChainMC -- 
Limit: r < 22.4879 +/- 0.399732 @ 95% credibility (15 tries)
Done in 0.29 min (cpu), 0.30 min (real)
Generate toy 23/250

 -- MarkovChainMC -- 
Limit: r < 11.9583 +/- 0.167687 @ 95% credibility (15 tries)
Done in 0.27 min (cpu), 0.29 min (real)
Generate toy 24/250

 -- MarkovChainMC -- 
Limit: r < 10.3517 +/- 0.2074 @ 95% credibility (15 tries)
Done in 0.27 min (cpu), 0.29 min (real)
Generate toy 25/250

 -- MarkovChainMC -- 
Limit: r < 13.5569 +/- 0.323159 @ 95% credibility (15 tries)
Done in 0.28 min (cpu), 0.32 min (real)
Generate toy 26/250

 -- MarkovChainMC -- 
Limit: r < 24.0224 +/- 0.194513 @ 95% credibility (15 tries)
Done in 0.30 min (cpu), 0.32 min (real)
Generate toy 27/250

 -- MarkovChainMC -- 
Limit: r < 17.0387 +/- 0.278083 @ 95% credibility (15 tries)
Done in 0.29 min (cpu), 0.32 min (real)
Generate toy 28/250

 -- MarkovChainMC -- 
Limit: r < 17.1266 +/- 0.234883 @ 95% credibility (15 tries)
Done in 0.28 min (cpu), 0.30 min (real)
Generate toy 29/250

 -- MarkovChainMC -- 
Limit: r < 15.6455 +/- 0.223352 @ 95% credibility (15 tries)
Done in 0.29 min (cpu), 0.32 min (real)
Generate toy 30/250

 -- MarkovChainMC -- 
Limit: r < 13.1493 +/- 0.101888 @ 95% credibility (15 tries)
Done in 0.29 min (cpu), 0.30 min (real)
Generate toy 31/250

 -- MarkovChainMC -- 
Limit: r < 9.94178 +/- 0.258005 @ 95% credibility (15 tries)
Done in 0.27 min (cpu), 0.28 min (real)
Generate toy 32/250

 -- MarkovChainMC -- 
Limit: r < 9.29253 +/- 0.197317 @ 95% credibility (15 tries)
Done in 0.27 min (cpu), 0.29 min (real)
Generate toy 33/250

 -- MarkovChainMC -- 
Limit: r < 22.0949 +/- 0.20978 @ 95% credibility (15 tries)
Done in 0.29 min (cpu), 0.30 min (real)
Generate toy 34/250

 -- MarkovChainMC -- 
Limit: r < 10.0145 +/- 0.256435 @ 95% credibility (15 tries)
Done in 0.27 min (cpu), 0.32 min (real)
Generate toy 35/250

 -- MarkovChainMC -- 
Limit: r < 15.9359 +/- 0.3821 @ 95% credibility (15 tries)
Done in 0.28 min (cpu), 0.29 min (real)
Generate toy 36/250

 -- MarkovChainMC -- 
Limit: r < 21.5046 +/- 0.374978 @ 95% credibility (15 tries)
Done in 0.29 min (cpu), 0.29 min (real)
Generate toy 37/250

 -- MarkovChainMC -- 
Limit: r < 19.0758 +/- 0.33895 @ 95% credibility (15 tries)
Done in 0.29 min (cpu), 0.32 min (real)
Generate toy 38/250

 -- MarkovChainMC -- 
Limit: r < 14.0581 +/- 0.21711 @ 95% credibility (15 tries)
Done in 0.28 min (cpu), 0.30 min (real)
Generate toy 39/250

 -- MarkovChainMC -- 
Limit: r < 13.8347 +/- 0.222528 @ 95% credibility (15 tries)
Done in 0.27 min (cpu), 0.30 min (real)
Generate toy 40/250

 -- MarkovChainMC -- 
Limit: r < 23.2986 +/- 0.32376 @ 95% credibility (15 tries)
Done in 0.29 min (cpu), 0.35 min (real)
Generate toy 41/250

 -- MarkovChainMC -- 
Limit: r < 15.4689 +/- 0.366557 @ 95% credibility (15 tries)
Done in 0.29 min (cpu), 0.30 min (real)
Generate toy 42/250

 -- MarkovChainMC -- 
Limit: r < 16.4508 +/- 0.346852 @ 95% credibility (15 tries)
Done in 0.28 min (cpu), 0.30 min (real)
Generate toy 43/250

 -- MarkovChainMC -- 
Limit: r < 13.642 +/- 0.358383 @ 95% credibility (15 tries)
Done in 0.28 min (cpu), 0.31 min (real)
Generate toy 44/250

 -- MarkovChainMC -- 
Limit: r < 14.3102 +/- 0.356002 @ 95% credibility (15 tries)
Done in 0.28 min (cpu), 0.33 min (real)
Generate toy 45/250

 -- MarkovChainMC -- 
Limit: r < 9.92246 +/- 0.255677 @ 95% credibility (15 tries)
Done in 0.27 min (cpu), 0.28 min (real)
Generate toy 46/250

 -- MarkovChainMC -- 
Limit: r < 8.04865 +/- 0.176771 @ 95% credibility (15 tries)
Done in 0.27 min (cpu), 0.33 min (real)
Generate toy 47/250

 -- MarkovChainMC -- 
Limit: r < 10.9931 +/- 0.243463 @ 95% credibility (15 tries)
Done in 0.28 min (cpu), 0.31 min (real)
Generate toy 48/250

 -- MarkovChainMC -- 
Limit: r < 11.9435 +/- 0.374539 @ 95% credibility (15 tries)
Done in 0.28 min (cpu), 0.32 min (real)
Generate toy 49/250

 -- MarkovChainMC -- 
Limit: r < 16.2647 +/- 0.284441 @ 95% credibility (15 tries)
Done in 0.30 min (cpu), 0.36 min (real)
Generate toy 50/250

 -- MarkovChainMC -- 
Limit: r < 23.1137 +/- 0.349461 @ 95% credibility (15 tries)
Done in 0.30 min (cpu), 0.35 min (real)
Generate toy 51/250

 -- MarkovChainMC -- 
Limit: r < 8.20962 +/- 0.0894824 @ 95% credibility (15 tries)
Done in 0.27 min (cpu), 0.28 min (real)
Generate toy 52/250

 -- MarkovChainMC -- 
Limit: r < 17.6922 +/- 0.227251 @ 95% credibility (15 tries)
Done in 0.30 min (cpu), 0.31 min (real)
Generate toy 53/250

 -- MarkovChainMC -- 
Limit: r < 22.4869 +/- 0.430254 @ 95% credibility (15 tries)
Done in 0.30 min (cpu), 0.34 min (real)
Generate toy 54/250

 -- MarkovChainMC -- 
Limit: r < 19.0635 +/- 0.443073 @ 95% credibility (15 tries)
Done in 0.30 min (cpu), 0.33 min (real)
Generate toy 55/250

 -- MarkovChainMC -- 
Limit: r < 17.6463 +/- 0.301831 @ 95% credibility (15 tries)
Done in 0.30 min (cpu), 0.33 min (real)
Generate toy 56/250

 -- MarkovChainMC -- 
Limit: r < 17.4937 +/- 0.396646 @ 95% credibility (15 tries)
Done in 0.29 min (cpu), 0.32 min (real)
Generate toy 57/250

 -- MarkovChainMC -- 
Limit: r < 18.8436 +/- 0.256313 @ 95% credibility (15 tries)
Done in 0.30 min (cpu), 0.34 min (real)
Generate toy 58/250

 -- MarkovChainMC -- 
Limit: r < 10.5534 +/- 0.215446 @ 95% credibility (15 tries)
Done in 0.27 min (cpu), 0.27 min (real)
Generate toy 59/250

 -- MarkovChainMC -- 
Limit: r < 29.9824 +/- 0.461799 @ 95% credibility (15 tries)
Done in 0.30 min (cpu), 0.31 min (real)
Generate toy 60/250

 -- MarkovChainMC -- 
Limit: r < 19.8196 +/- 0.346516 @ 95% credibility (15 tries)
Done in 0.30 min (cpu), 0.31 min (real)
Generate toy 61/250

 -- MarkovChainMC -- 
Limit: r < 21.4553 +/- 0.259079 @ 95% credibility (15 tries)
Done in 0.30 min (cpu), 0.31 min (real)
Generate toy 62/250

 -- MarkovChainMC -- 
Limit: r < 10.5519 +/- 0.280555 @ 95% credibility (15 tries)
Done in 0.28 min (cpu), 0.29 min (real)
Generate toy 63/250

 -- MarkovChainMC -- 
Limit: r < 12.8692 +/- 0.292038 @ 95% credibility (15 tries)
Done in 0.28 min (cpu), 0.29 min (real)
Generate toy 64/250

 -- MarkovChainMC -- 
Limit: r < 17.6547 +/- 0.355348 @ 95% credibility (15 tries)
Done in 0.29 min (cpu), 0.30 min (real)
Generate toy 65/250

 -- MarkovChainMC -- 
Limit: r < 15.6998 +/- 0.1863 @ 95% credibility (15 tries)
Done in 0.29 min (cpu), 0.34 min (real)
Generate toy 66/250

 -- MarkovChainMC -- 
Limit: r < 19.4384 +/- 0.279653 @ 95% credibility (15 tries)
Done in 0.30 min (cpu), 0.33 min (real)
Generate toy 67/250

 -- MarkovChainMC -- 
Limit: r < 19.5377 +/- 0.24595 @ 95% credibility (15 tries)
Done in 0.30 min (cpu), 0.31 min (real)
Generate toy 68/250

 -- MarkovChainMC -- 
Limit: r < 17.4377 +/- 0.245041 @ 95% credibility (15 tries)
Done in 0.30 min (cpu), 0.35 min (real)
Generate toy 69/250

 -- MarkovChainMC -- 
Limit: r < 16.4844 +/- 0.515157 @ 95% credibility (15 tries)
Done in 0.29 min (cpu), 0.33 min (real)
Generate toy 70/250

 -- MarkovChainMC -- 
Limit: r < 13.0405 +/- 0.215568 @ 95% credibility (15 tries)
Done in 0.28 min (cpu), 0.29 min (real)
Generate toy 71/250

 -- MarkovChainMC -- 
Limit: r < 24.2182 +/- 0.561502 @ 95% credibility (15 tries)
Done in 0.30 min (cpu), 0.32 min (real)
Generate toy 72/250

 -- MarkovChainMC -- 
Limit: r < 13.554 +/- 0.265308 @ 95% credibility (15 tries)
Done in 0.28 min (cpu), 0.30 min (real)
Generate toy 73/250

 -- MarkovChainMC -- 
Limit: r < 11.9565 +/- 0.162025 @ 95% credibility (15 tries)
Done in 0.28 min (cpu), 0.30 min (real)
Generate toy 74/250

 -- MarkovChainMC -- 
Limit: r < 16.1735 +/- 0.115078 @ 95% credibility (15 tries)
Done in 0.30 min (cpu), 0.32 min (real)
Generate toy 75/250

 -- MarkovChainMC -- 
Limit: r < 22.5538 +/- 0.283871 @ 95% credibility (15 tries)
Done in 0.30 min (cpu), 0.30 min (real)
Generate toy 76/250

 -- MarkovChainMC -- 
Limit: r < 17.2704 +/- 0.185217 @ 95% credibility (15 tries)
Done in 0.30 min (cpu), 0.34 min (real)
Generate toy 77/250

 -- MarkovChainMC -- 
Limit: r < 18.5503 +/- 0.327388 @ 95% credibility (15 tries)
Done in 0.29 min (cpu), 0.32 min (real)
Generate toy 78/250

 -- MarkovChainMC -- 
Limit: r < 19.9266 +/- 0.368062 @ 95% credibility (15 tries)
Done in 0.29 min (cpu), 0.40 min (real)
Generate toy 79/250

 -- MarkovChainMC -- 
Limit: r < 12.1923 +/- 0.279766 @ 95% credibility (15 tries)
Done in 0.29 min (cpu), 0.36 min (real)
Generate toy 80/250

 -- MarkovChainMC -- 
Limit: r < 19.3257 +/- 0.267697 @ 95% credibility (15 tries)
Done in 0.29 min (cpu), 0.34 min (real)
Generate toy 81/250

 -- MarkovChainMC -- 
Limit: r < 22.7201 +/- 0.396836 @ 95% credibility (15 tries)
Done in 0.31 min (cpu), 0.33 min (real)
Generate toy 82/250

 -- MarkovChainMC -- 
Limit: r < 12.5009 +/- 0.218598 @ 95% credibility (15 tries)
Done in 0.28 min (cpu), 0.31 min (real)
Generate toy 83/250

 -- MarkovChainMC -- 
Limit: r < 22.5713 +/- 0.257873 @ 95% credibility (15 tries)
Done in 0.31 min (cpu), 0.36 min (real)
Generate toy 84/250

 -- MarkovChainMC -- 
Limit: r < 10.6169 +/- 0.209048 @ 95% credibility (15 tries)
Done in 0.28 min (cpu), 0.31 min (real)
Generate toy 85/250

 -- MarkovChainMC -- 
Limit: r < 17.4564 +/- 0.278974 @ 95% credibility (15 tries)
Done in 0.30 min (cpu), 0.32 min (real)
Generate toy 86/250

 -- MarkovChainMC -- 
Limit: r < 18.6259 +/- 0.445953 @ 95% credibility (15 tries)
Done in 0.29 min (cpu), 0.30 min (real)
Generate toy 87/250

 -- MarkovChainMC -- 
Limit: r < 14.7143 +/- 0.11251 @ 95% credibility (15 tries)
Done in 0.28 min (cpu), 0.30 min (real)
Generate toy 88/250

 -- MarkovChainMC -- 
Limit: r < 16.1977 +/- 0.252181 @ 95% credibility (15 tries)
Done in 0.29 min (cpu), 0.38 min (real)
Generate toy 89/250

 -- MarkovChainMC -- 
Limit: r < 9.0233 +/- 0.203017 @ 95% credibility (15 tries)
Done in 0.27 min (cpu), 0.38 min (real)
Generate toy 90/250

 -- MarkovChainMC -- 
Limit: r < 15.9116 +/- 0.492241 @ 95% credibility (15 tries)
Done in 0.29 min (cpu), 0.36 min (real)
Generate toy 91/250

 -- MarkovChainMC -- 
Limit: r < 28.6399 +/- 0.52188 @ 95% credibility (15 tries)
Done in 0.31 min (cpu), 0.39 min (real)
Generate toy 92/250

 -- MarkovChainMC -- 
Limit: r < 14.1959 +/- 0.213909 @ 95% credibility (15 tries)
Done in 0.29 min (cpu), 0.40 min (real)
Generate toy 93/250

 -- MarkovChainMC -- 
Limit: r < 17.9577 +/- 0.313492 @ 95% credibility (15 tries)
Done in 0.29 min (cpu), 0.33 min (real)
Generate toy 94/250

 -- MarkovChainMC -- 
Limit: r < 16.3007 +/- 0.164808 @ 95% credibility (15 tries)
Done in 0.29 min (cpu), 0.33 min (real)
Generate toy 95/250

 -- MarkovChainMC -- 
Limit: r < 16.9352 +/- 0.430699 @ 95% credibility (15 tries)
Done in 0.29 min (cpu), 0.30 min (real)
Generate toy 96/250

 -- MarkovChainMC -- 
Limit: r < 19.3577 +/- 0.339468 @ 95% credibility (15 tries)
Done in 0.29 min (cpu), 0.31 min (real)
Generate toy 97/250

 -- MarkovChainMC -- 
Limit: r < 24.4391 +/- 0.352157 @ 95% credibility (15 tries)
Done in 0.30 min (cpu), 0.32 min (real)
Generate toy 98/250

 -- MarkovChainMC -- 
Limit: r < 17.993 +/- 0.338896 @ 95% credibility (15 tries)
Done in 0.29 min (cpu), 0.32 min (real)
Generate toy 99/250

 -- MarkovChainMC -- 
Limit: r < 15.421 +/- 0.131479 @ 95% credibility (15 tries)
Done in 0.29 min (cpu), 0.31 min (real)
Generate toy 100/250

 -- MarkovChainMC -- 
Limit: r < 13.4983 +/- 0.288344 @ 95% credibility (15 tries)
Done in 0.30 min (cpu), 0.32 min (real)
Generate toy 101/250

 -- MarkovChainMC -- 
Limit: r < 14.6588 +/- 0.404029 @ 95% credibility (15 tries)
Done in 0.29 min (cpu), 0.32 min (real)
Generate toy 102/250

 -- MarkovChainMC -- 
Limit: r < 14.9612 +/- 0.204305 @ 95% credibility (15 tries)
Done in 0.29 min (cpu), 0.32 min (real)
Generate toy 103/250

 -- MarkovChainMC -- 
Limit: r < 17.7624 +/- 0.297569 @ 95% credibility (15 tries)
Done in 0.30 min (cpu), 0.32 min (real)
Generate toy 104/250

 -- MarkovChainMC -- 
Limit: r < 16.4853 +/- 0.53785 @ 95% credibility (15 tries)
Done in 0.30 min (cpu), 0.36 min (real)
Generate toy 105/250

 -- MarkovChainMC -- 
Limit: r < 13.0362 +/- 0.15484 @ 95% credibility (15 tries)
Done in 0.29 min (cpu), 0.31 min (real)
Generate toy 106/250

 -- MarkovChainMC -- 
Limit: r < 23.6929 +/- 0.321327 @ 95% credibility (15 tries)
Done in 0.30 min (cpu), 0.32 min (real)
Generate toy 107/250

 -- MarkovChainMC -- 
Limit: r < 16.7375 +/- 0.238308 @ 95% credibility (15 tries)
Done in 0.31 min (cpu), 0.34 min (real)
Generate toy 108/250

 -- MarkovChainMC -- 
Limit: r < 16.6439 +/- 0.282597 @ 95% credibility (15 tries)
Done in 0.30 min (cpu), 0.32 min (real)
Generate toy 109/250

 -- MarkovChainMC -- 
Limit: r < 15.7672 +/- 0.193682 @ 95% credibility (15 tries)
Done in 0.29 min (cpu), 0.31 min (real)
Generate toy 110/250

 -- MarkovChainMC -- 
Limit: r < 18.4739 +/- 0.18983 @ 95% credibility (15 tries)
Done in 0.30 min (cpu), 0.34 min (real)
Generate toy 111/250

 -- MarkovChainMC -- 
Limit: r < 17.7895 +/- 0.256817 @ 95% credibility (15 tries)
Done in 0.31 min (cpu), 0.34 min (real)
Generate toy 112/250

 -- MarkovChainMC -- 
Limit: r < 18.1565 +/- 0.407384 @ 95% credibility (15 tries)
Done in 0.31 min (cpu), 0.34 min (real)
Generate toy 113/250

 -- MarkovChainMC -- 
Limit: r < 9.54252 +/- 0.147909 @ 95% credibility (15 tries)
Done in 0.29 min (cpu), 0.33 min (real)
Generate toy 114/250

 -- MarkovChainMC -- 
Limit: r < 15.6407 +/- 0.195331 @ 95% credibility (15 tries)
Done in 0.30 min (cpu), 0.33 min (real)
Generate toy 115/250

 -- MarkovChainMC -- 
Limit: r < 13.7409 +/- 0.25556 @ 95% credibility (15 tries)
Done in 0.30 min (cpu), 0.36 min (real)
Generate toy 116/250

 -- MarkovChainMC -- 
Limit: r < 25.6111 +/- 0.608273 @ 95% credibility (15 tries)
Done in 0.31 min (cpu), 0.34 min (real)
Generate toy 117/250

 -- MarkovChainMC -- 
Limit: r < 21.8223 +/- 0.422427 @ 95% credibility (15 tries)
Done in 0.32 min (cpu), 0.36 min (real)
Generate toy 118/250

 -- MarkovChainMC -- 
Limit: r < 22.0926 +/- 0.378282 @ 95% credibility (15 tries)
Done in 0.31 min (cpu), 0.34 min (real)
Generate toy 119/250

 -- MarkovChainMC -- 
Limit: r < 23.8824 +/- 0.35804 @ 95% credibility (15 tries)
Done in 0.32 min (cpu), 0.35 min (real)
Generate toy 120/250

 -- MarkovChainMC -- 
Limit: r < 18.348 +/- 0.342592 @ 95% credibility (15 tries)
Done in 0.31 min (cpu), 0.35 min (real)
Generate toy 121/250

 -- MarkovChainMC -- 
Limit: r < 12.8588 +/- 0.11019 @ 95% credibility (15 tries)
Done in 0.29 min (cpu), 0.31 min (real)
Generate toy 122/250

 -- MarkovChainMC -- 
Limit: r < 30.2061 +/- 0.299444 @ 95% credibility (15 tries)
Done in 0.32 min (cpu), 0.34 min (real)
Generate toy 123/250

 -- MarkovChainMC -- 
Limit: r < 11.0339 +/- 0.251175 @ 95% credibility (15 tries)
Done in 0.31 min (cpu), 0.34 min (real)
Generate toy 124/250

 -- MarkovChainMC -- 
Limit: r < 17.4425 +/- 0.367268 @ 95% credibility (15 tries)
Done in 0.30 min (cpu), 0.34 min (real)
Generate toy 125/250

 -- MarkovChainMC -- 
Limit: r < 19.2772 +/- 0.498504 @ 95% credibility (15 tries)
Done in 0.30 min (cpu), 0.34 min (real)
Generate toy 126/250

 -- MarkovChainMC -- 
Limit: r < 19.2231 +/- 0.331281 @ 95% credibility (15 tries)
Done in 0.32 min (cpu), 0.36 min (real)
Generate toy 127/250

 -- MarkovChainMC -- 
Limit: r < 25.0391 +/- 0.392263 @ 95% credibility (15 tries)
Done in 0.31 min (cpu), 0.35 min (real)
Generate toy 128/250

 -- MarkovChainMC -- 
Limit: r < 12.0639 +/- 0.191911 @ 95% credibility (15 tries)
Done in 0.30 min (cpu), 0.33 min (real)
Generate toy 129/250

 -- MarkovChainMC -- 
Limit: r < 15.7061 +/- 0.339646 @ 95% credibility (15 tries)
Done in 0.30 min (cpu), 0.32 min (real)
Generate toy 130/250

 -- MarkovChainMC -- 
Limit: r < 12.8736 +/- 0.315012 @ 95% credibility (15 tries)
Done in 0.30 min (cpu), 0.34 min (real)
Generate toy 131/250

 -- MarkovChainMC -- 
Limit: r < 16.6169 +/- 0.253655 @ 95% credibility (15 tries)
Done in 0.30 min (cpu), 0.33 min (real)
Generate toy 132/250

 -- MarkovChainMC -- 
Limit: r < 30.2261 +/- 0.506583 @ 95% credibility (15 tries)
Done in 0.33 min (cpu), 0.36 min (real)
Generate toy 133/250

 -- MarkovChainMC -- 
Limit: r < 15.1138 +/- 0.29872 @ 95% credibility (15 tries)
Done in 0.30 min (cpu), 0.35 min (real)
Generate toy 134/250

 -- MarkovChainMC -- 
Limit: r < 23.9308 +/- 0.479627 @ 95% credibility (15 tries)
Done in 0.32 min (cpu), 0.37 min (real)
Generate toy 135/250

 -- MarkovChainMC -- 
Limit: r < 11.1987 +/- 0.197696 @ 95% credibility (15 tries)
Done in 0.29 min (cpu), 0.32 min (real)
Generate toy 136/250

 -- MarkovChainMC -- 
Limit: r < 16.7129 +/- 0.144696 @ 95% credibility (15 tries)
Done in 0.32 min (cpu), 0.45 min (real)
Generate toy 137/250

 -- MarkovChainMC -- 
Limit: r < 10.7044 +/- 0.287419 @ 95% credibility (15 tries)
Done in 0.30 min (cpu), 0.38 min (real)
Generate toy 138/250

 -- MarkovChainMC -- 
Limit: r < 11.3275 +/- 0.186025 @ 95% credibility (15 tries)
Done in 0.29 min (cpu), 0.32 min (real)
Generate toy 139/250

 -- MarkovChainMC -- 
Limit: r < 16.0523 +/- 0.512717 @ 95% credibility (15 tries)
Done in 0.31 min (cpu), 0.39 min (real)
Generate toy 140/250

 -- MarkovChainMC -- 
Limit: r < 15.371 +/- 0.213925 @ 95% credibility (15 tries)
Done in 0.31 min (cpu), 0.35 min (real)
Generate toy 141/250

 -- MarkovChainMC -- 
Limit: r < 20.507 +/- 0.362786 @ 95% credibility (15 tries)
Done in 0.32 min (cpu), 0.39 min (real)
Generate toy 142/250

 -- MarkovChainMC -- 
Limit: r < 16.3787 +/- 0.399267 @ 95% credibility (15 tries)
Done in 0.31 min (cpu), 0.35 min (real)
Generate toy 143/250

 -- MarkovChainMC -- 
Limit: r < 18.3726 +/- 0.326221 @ 95% credibility (15 tries)
Done in 0.30 min (cpu), 0.36 min (real)
Generate toy 144/250

 -- MarkovChainMC -- 
Limit: r < 18.1532 +/- 0.452131 @ 95% credibility (15 tries)
Done in 0.32 min (cpu), 0.35 min (real)
Generate toy 145/250

 -- MarkovChainMC -- 
Limit: r < 13.8814 +/- 0.368765 @ 95% credibility (15 tries)
Done in 0.30 min (cpu), 0.34 min (real)
Generate toy 146/250

 -- MarkovChainMC -- 
Limit: r < 9.5131 +/- 0.244083 @ 95% credibility (15 tries)
Done in 0.28 min (cpu), 0.30 min (real)
Generate toy 147/250

 -- MarkovChainMC -- 
Limit: r < 17.3087 +/- 0.428803 @ 95% credibility (15 tries)
Done in 0.30 min (cpu), 0.32 min (real)
Generate toy 148/250

 -- MarkovChainMC -- 
Limit: r < 22.6575 +/- 0.539133 @ 95% credibility (15 tries)
Done in 0.31 min (cpu), 0.39 min (real)
Generate toy 149/250

 -- MarkovChainMC -- 
Limit: r < 10.5832 +/- 0.233117 @ 95% credibility (15 tries)
Done in 0.31 min (cpu), 0.38 min (real)
Generate toy 150/250

 -- MarkovChainMC -- 
Limit: r < 16.4825 +/- 0.247194 @ 95% credibility (15 tries)
Done in 0.31 min (cpu), 0.34 min (real)
Generate toy 151/250

 -- MarkovChainMC -- 
Limit: r < 14.6275 +/- 0.248499 @ 95% credibility (15 tries)
Done in 0.30 min (cpu), 0.36 min (real)
Generate toy 152/250

 -- MarkovChainMC -- 
Limit: r < 8.62327 +/- 0.150685 @ 95% credibility (15 tries)
Done in 0.29 min (cpu), 0.32 min (real)
Generate toy 153/250

 -- MarkovChainMC -- 
Limit: r < 16.8733 +/- 0.34734 @ 95% credibility (15 tries)
Done in 0.32 min (cpu), 0.39 min (real)
Generate toy 154/250

 -- MarkovChainMC -- 
Limit: r < 9.03557 +/- 0.244483 @ 95% credibility (15 tries)
Done in 0.30 min (cpu), 0.34 min (real)
Generate toy 155/250

 -- MarkovChainMC -- 
Limit: r < 18.8402 +/- 0.260191 @ 95% credibility (15 tries)
Done in 0.31 min (cpu), 0.36 min (real)
Generate toy 156/250

 -- MarkovChainMC -- 
Limit: r < 10.7594 +/- 0.158063 @ 95% credibility (15 tries)
Done in 0.28 min (cpu), 0.31 min (real)
Generate toy 157/250

 -- MarkovChainMC -- 
Limit: r < 17.5125 +/- 0.28605 @ 95% credibility (15 tries)
Done in 0.30 min (cpu), 0.32 min (real)
Generate toy 158/250

 -- MarkovChainMC -- 
Limit: r < 20.1884 +/- 0.343265 @ 95% credibility (15 tries)
Done in 0.31 min (cpu), 0.35 min (real)
Generate toy 159/250

 -- MarkovChainMC -- 
Limit: r < 12.1023 +/- 0.153574 @ 95% credibility (15 tries)
Done in 0.30 min (cpu), 0.34 min (real)
Generate toy 160/250

 -- MarkovChainMC -- 
Limit: r < 17.9273 +/- 0.393486 @ 95% credibility (15 tries)
Done in 0.31 min (cpu), 0.36 min (real)
Generate toy 161/250

 -- MarkovChainMC -- 
Limit: r < 13.836 +/- 0.155917 @ 95% credibility (15 tries)
Done in 0.29 min (cpu), 0.34 min (real)
Generate toy 162/250

 -- MarkovChainMC -- 
Limit: r < 16.6674 +/- 0.212762 @ 95% credibility (15 tries)
Done in 0.30 min (cpu), 0.35 min (real)
Generate toy 163/250

 -- MarkovChainMC -- 
Limit: r < 11.5964 +/- 0.238822 @ 95% credibility (15 tries)
Done in 0.30 min (cpu), 0.38 min (real)
Generate toy 164/250

 -- MarkovChainMC -- 
Limit: r < 14.573 +/- 0.329169 @ 95% credibility (15 tries)
Done in 0.30 min (cpu), 0.38 min (real)
Generate toy 165/250

 -- MarkovChainMC -- 
Limit: r < 15.3557 +/- 0.484779 @ 95% credibility (15 tries)
Done in 0.31 min (cpu), 0.37 min (real)
Generate toy 166/250

 -- MarkovChainMC -- 
Limit: r < 12.5081 +/- 0.15191 @ 95% credibility (15 tries)
Done in 0.29 min (cpu), 0.32 min (real)
Generate toy 167/250

 -- MarkovChainMC -- 
Limit: r < 11.9397 +/- 0.265872 @ 95% credibility (15 tries)
Done in 0.29 min (cpu), 0.33 min (real)
Generate toy 168/250

 -- MarkovChainMC -- 
Limit: r < 11.1956 +/- 0.192208 @ 95% credibility (15 tries)
Done in 0.31 min (cpu), 0.33 min (real)
Generate toy 169/250

 -- MarkovChainMC -- 
Limit: r < 11.1379 +/- 0.240586 @ 95% credibility (15 tries)
Done in 0.30 min (cpu), 0.35 min (real)
Generate toy 170/250

 -- MarkovChainMC -- 
Limit: r < 7.97539 +/- 0.136994 @ 95% credibility (15 tries)
Done in 0.30 min (cpu), 0.36 min (real)
Generate toy 171/250

 -- MarkovChainMC -- 
Limit: r < 16.7201 +/- 0.275721 @ 95% credibility (15 tries)
Done in 0.32 min (cpu), 0.35 min (real)
Generate toy 172/250

 -- MarkovChainMC -- 
Limit: r < 11.8523 +/- 0.230308 @ 95% credibility (15 tries)
Done in 0.30 min (cpu), 0.33 min (real)
Generate toy 173/250

 -- MarkovChainMC -- 
Limit: r < 16.4356 +/- 0.232598 @ 95% credibility (15 tries)
Done in 0.31 min (cpu), 0.42 min (real)
Generate toy 174/250

 -- MarkovChainMC -- 
Limit: r < 23.4964 +/- 0.181261 @ 95% credibility (15 tries)
Done in 0.31 min (cpu), 0.36 min (real)
Generate toy 175/250

 -- MarkovChainMC -- 
Limit: r < 11.7086 +/- 0.222704 @ 95% credibility (15 tries)
Done in 0.30 min (cpu), 0.33 min (real)
Generate toy 176/250

 -- MarkovChainMC -- 
Limit: r < 13.8906 +/- 0.237385 @ 95% credibility (15 tries)
Done in 0.31 min (cpu), 0.34 min (real)
Generate toy 177/250

 -- MarkovChainMC -- 
Limit: r < 31.2191 +/- 0.429146 @ 95% credibility (15 tries)
Done in 0.32 min (cpu), 0.44 min (real)
Generate toy 178/250

 -- MarkovChainMC -- 
Limit: r < 12.7776 +/- 0.2816 @ 95% credibility (15 tries)
Done in 0.30 min (cpu), 0.35 min (real)
Generate toy 179/250

 -- MarkovChainMC -- 
Limit: r < 8.82294 +/- 0.154436 @ 95% credibility (15 tries)
Done in 0.29 min (cpu), 0.35 min (real)
Generate toy 180/250

 -- MarkovChainMC -- 
Limit: r < 15.0826 +/- 0.36167 @ 95% credibility (15 tries)
Done in 0.32 min (cpu), 0.42 min (real)
Generate toy 181/250

 -- MarkovChainMC -- 
Limit: r < 14.8427 +/- 0.230851 @ 95% credibility (15 tries)
Done in 0.31 min (cpu), 0.40 min (real)
Generate toy 182/250

 -- MarkovChainMC -- 
Limit: r < 13.5041 +/- 0.313413 @ 95% credibility (15 tries)
Done in 0.30 min (cpu), 0.36 min (real)
Generate toy 183/250

 -- MarkovChainMC -- 
Limit: r < 21.9141 +/- 0.182527 @ 95% credibility (15 tries)
Done in 0.34 min (cpu), 0.40 min (real)
Generate toy 184/250

 -- MarkovChainMC -- 
Limit: r < 15.3952 +/- 0.199164 @ 95% credibility (15 tries)
Done in 0.30 min (cpu), 0.34 min (real)
Generate toy 185/250

 -- MarkovChainMC -- 
Limit: r < 12.2522 +/- 0.254773 @ 95% credibility (15 tries)
Done in 0.30 min (cpu), 0.34 min (real)
Generate toy 186/250

 -- MarkovChainMC -- 
Limit: r < 12.7047 +/- 0.280666 @ 95% credibility (15 tries)
Done in 0.30 min (cpu), 0.32 min (real)
Generate toy 187/250

 -- MarkovChainMC -- 
Limit: r < 14.5366 +/- 0.201505 @ 95% credibility (15 tries)
Done in 0.32 min (cpu), 0.37 min (real)
Generate toy 188/250

 -- MarkovChainMC -- 
Limit: r < 13.6389 +/- 0.290595 @ 95% credibility (15 tries)
Done in 0.31 min (cpu), 0.36 min (real)
Generate toy 189/250

 -- MarkovChainMC -- 
Limit: r < 14.161 +/- 0.160228 @ 95% credibility (15 tries)
Done in 0.30 min (cpu), 0.33 min (real)
Generate toy 190/250

 -- MarkovChainMC -- 
Limit: r < 11.6046 +/- 0.143666 @ 95% credibility (15 tries)
Done in 0.30 min (cpu), 0.36 min (real)
Generate toy 191/250

 -- MarkovChainMC -- 
Limit: r < 21.1588 +/- 0.369198 @ 95% credibility (15 tries)
Done in 0.32 min (cpu), 0.38 min (real)
Generate toy 192/250

 -- MarkovChainMC -- 
Limit: r < 16.4503 +/- 0.382949 @ 95% credibility (15 tries)
Done in 0.31 min (cpu), 0.34 min (real)
Generate toy 193/250

 -- MarkovChainMC -- 
Limit: r < 10.0315 +/- 0.127662 @ 95% credibility (15 tries)
Done in 0.29 min (cpu), 0.31 min (real)
Generate toy 194/250

 -- MarkovChainMC -- 
Limit: r < 15.465 +/- 0.257092 @ 95% credibility (15 tries)
Done in 0.30 min (cpu), 0.33 min (real)
Generate toy 195/250

 -- MarkovChainMC -- 
Limit: r < 19.9741 +/- 0.508985 @ 95% credibility (15 tries)
Done in 0.31 min (cpu), 0.35 min (real)
Generate toy 196/250

 -- MarkovChainMC -- 
Limit: r < 12.9827 +/- 0.33747 @ 95% credibility (15 tries)
Done in 0.31 min (cpu), 0.36 min (real)
Generate toy 197/250

 -- MarkovChainMC -- 
Limit: r < 26.4619 +/- 0.357583 @ 95% credibility (15 tries)
Done in 0.32 min (cpu), 0.37 min (real)
Generate toy 198/250

 -- MarkovChainMC -- 
Limit: r < 10.7987 +/- 0.186503 @ 95% credibility (15 tries)
Done in 0.29 min (cpu), 0.32 min (real)
Generate toy 199/250

 -- MarkovChainMC -- 
Limit: r < 23.3191 +/- 0.588378 @ 95% credibility (15 tries)
Done in 0.32 min (cpu), 0.35 min (real)
Generate toy 200/250

 -- MarkovChainMC -- 
Limit: r < 11.6592 +/- 0.262916 @ 95% credibility (15 tries)
Done in 0.29 min (cpu), 0.31 min (real)
Generate toy 201/250

 -- MarkovChainMC -- 
Limit: r < 15.2222 +/- 0.332364 @ 95% credibility (15 tries)
Done in 0.31 min (cpu), 0.32 min (real)
Generate toy 202/250

 -- MarkovChainMC -- 
Limit: r < 26.7512 +/- 0.324985 @ 95% credibility (15 tries)
Done in 0.31 min (cpu), 0.34 min (real)
Generate toy 203/250

 -- MarkovChainMC -- 
Limit: r < 18.0389 +/- 0.265083 @ 95% credibility (15 tries)
Done in 0.31 min (cpu), 0.34 min (real)
Generate toy 204/250

 -- MarkovChainMC -- 
Limit: r < 20.0188 +/- 0.344408 @ 95% credibility (15 tries)
Done in 0.32 min (cpu), 0.35 min (real)
Generate toy 205/250

 -- MarkovChainMC -- 
Limit: r < 27.2057 +/- 0.302978 @ 95% credibility (15 tries)
Done in 0.32 min (cpu), 0.35 min (real)
Generate toy 206/250

 -- MarkovChainMC -- 
Limit: r < 16.8063 +/- 0.332649 @ 95% credibility (15 tries)
Done in 0.31 min (cpu), 0.36 min (real)
Generate toy 207/250

 -- MarkovChainMC -- 
Limit: r < 16.0253 +/- 0.270388 @ 95% credibility (15 tries)
Done in 0.29 min (cpu), 0.32 min (real)
Generate toy 208/250

 -- MarkovChainMC -- 
Limit: r < 16.9134 +/- 0.376938 @ 95% credibility (15 tries)
Done in 0.30 min (cpu), 0.34 min (real)
Generate toy 209/250

 -- MarkovChainMC -- 
Limit: r < 12.4313 +/- 0.302914 @ 95% credibility (15 tries)
Done in 0.29 min (cpu), 0.34 min (real)
Generate toy 210/250

 -- MarkovChainMC -- 
Limit: r < 14.5055 +/- 0.209897 @ 95% credibility (15 tries)
Done in 0.31 min (cpu), 0.35 min (real)
Generate toy 211/250

 -- MarkovChainMC -- 
Limit: r < 16.536 +/- 0.434269 @ 95% credibility (15 tries)
Done in 0.30 min (cpu), 0.36 min (real)
Generate toy 212/250

 -- MarkovChainMC -- 
Limit: r < 23.5089 +/- 0.510971 @ 95% credibility (15 tries)
Done in 0.31 min (cpu), 0.33 min (real)
Generate toy 213/250

 -- MarkovChainMC -- 
Limit: r < 21.5967 +/- 0.396726 @ 95% credibility (15 tries)
Done in 0.31 min (cpu), 0.34 min (real)
Generate toy 214/250

 -- MarkovChainMC -- 
Limit: r < 13.4579 +/- 0.404393 @ 95% credibility (15 tries)
Done in 0.29 min (cpu), 0.32 min (real)
Generate toy 215/250

 -- MarkovChainMC -- 
Limit: r < 11.4828 +/- 0.21655 @ 95% credibility (15 tries)
Done in 0.29 min (cpu), 0.32 min (real)
Generate toy 216/250

 -- MarkovChainMC -- 
Limit: r < 11.1937 +/- 0.186135 @ 95% credibility (15 tries)
Done in 0.29 min (cpu), 0.32 min (real)
Generate toy 217/250

 -- MarkovChainMC -- 
Limit: r < 16.5286 +/- 0.326184 @ 95% credibility (15 tries)
Done in 0.31 min (cpu), 0.37 min (real)
Generate toy 218/250

 -- MarkovChainMC -- 
Limit: r < 25.004 +/- 0.253079 @ 95% credibility (15 tries)
Done in 0.31 min (cpu), 0.34 min (real)
Generate toy 219/250

 -- MarkovChainMC -- 
Limit: r < 15.6684 +/- 0.296408 @ 95% credibility (15 tries)
Done in 0.30 min (cpu), 0.33 min (real)
Generate toy 220/250

 -- MarkovChainMC -- 
Limit: r < 20.6087 +/- 0.236261 @ 95% credibility (15 tries)
Done in 0.31 min (cpu), 0.33 min (real)
Generate toy 221/250

 -- MarkovChainMC -- 
Limit: r < 14.0675 +/- 0.319899 @ 95% credibility (15 tries)
Done in 0.29 min (cpu), 0.33 min (real)
Generate toy 222/250

 -- MarkovChainMC -- 
Limit: r < 18.0223 +/- 0.423385 @ 95% credibility (15 tries)
Done in 0.30 min (cpu), 0.32 min (real)
Generate toy 223/250

 -- MarkovChainMC -- 
Limit: r < 16.0567 +/- 0.287698 @ 95% credibility (15 tries)
Done in 0.31 min (cpu), 0.34 min (real)
Generate toy 224/250

 -- MarkovChainMC -- 
Limit: r < 13.7713 +/- 0.203821 @ 95% credibility (15 tries)
Done in 0.29 min (cpu), 0.32 min (real)
Generate toy 225/250

 -- MarkovChainMC -- 
Limit: r < 9.68953 +/- 0.10988 @ 95% credibility (15 tries)
Done in 0.29 min (cpu), 0.32 min (real)
Generate toy 226/250

 -- MarkovChainMC -- 
Limit: r < 12.4678 +/- 0.249358 @ 95% credibility (15 tries)
Done in 0.28 min (cpu), 0.30 min (real)
Generate toy 227/250

 -- MarkovChainMC -- 
Limit: r < 13.7795 +/- 0.34284 @ 95% credibility (15 tries)
Done in 0.30 min (cpu), 0.33 min (real)
Generate toy 228/250

 -- MarkovChainMC -- 
Limit: r < 25.213 +/- 0.293938 @ 95% credibility (15 tries)
Done in 0.32 min (cpu), 0.36 min (real)
Generate toy 229/250

 -- MarkovChainMC -- 
Limit: r < 11.5589 +/- 0.296504 @ 95% credibility (15 tries)
Done in 0.29 min (cpu), 0.32 min (real)
Generate toy 230/250

 -- MarkovChainMC -- 
Limit: r < 21.0172 +/- 0.415586 @ 95% credibility (15 tries)
Done in 0.32 min (cpu), 0.35 min (real)
Generate toy 231/250

 -- MarkovChainMC -- 
Limit: r < 19.0428 +/- 0.291866 @ 95% credibility (15 tries)
Done in 0.31 min (cpu), 0.35 min (real)
Generate toy 232/250

 -- MarkovChainMC -- 
Limit: r < 11.741 +/- 0.189005 @ 95% credibility (15 tries)
Done in 0.30 min (cpu), 0.34 min (real)
Generate toy 233/250

 -- MarkovChainMC -- 
Limit: r < 12.8273 +/- 0.291108 @ 95% credibility (15 tries)
Done in 0.30 min (cpu), 0.33 min (real)
Generate toy 234/250

 -- MarkovChainMC -- 
Limit: r < 18.6012 +/- 0.305229 @ 95% credibility (15 tries)
Done in 0.30 min (cpu), 0.33 min (real)
Generate toy 235/250

 -- MarkovChainMC -- 
Limit: r < 20.9207 +/- 0.398466 @ 95% credibility (15 tries)
Done in 0.30 min (cpu), 0.33 min (real)
Generate toy 236/250

 -- MarkovChainMC -- 
Limit: r < 11.7282 +/- 0.198645 @ 95% credibility (15 tries)
Done in 0.30 min (cpu), 0.33 min (real)
Generate toy 237/250

 -- MarkovChainMC -- 
Limit: r < 9.17032 +/- 0.206057 @ 95% credibility (15 tries)
Done in 0.29 min (cpu), 0.32 min (real)
Generate toy 238/250

 -- MarkovChainMC -- 
Limit: r < 12.0946 +/- 0.306439 @ 95% credibility (15 tries)
Done in 0.29 min (cpu), 0.31 min (real)
Generate toy 239/250

 -- MarkovChainMC -- 
Limit: r < 22.9938 +/- 0.617549 @ 95% credibility (15 tries)
Done in 0.34 min (cpu), 0.36 min (real)
Generate toy 240/250

 -- MarkovChainMC -- 
Limit: r < 9.62866 +/- 0.174127 @ 95% credibility (15 tries)
Done in 0.29 min (cpu), 0.33 min (real)
Generate toy 241/250

 -- MarkovChainMC -- 
Limit: r < 16.8681 +/- 0.243566 @ 95% credibility (15 tries)
Done in 0.30 min (cpu), 0.34 min (real)
Generate toy 242/250

 -- MarkovChainMC -- 
Limit: r < 13.4339 +/- 0.257762 @ 95% credibility (15 tries)
Done in 0.30 min (cpu), 0.33 min (real)
Generate toy 243/250

 -- MarkovChainMC -- 
Limit: r < 16.131 +/- 0.253923 @ 95% credibility (15 tries)
Done in 0.30 min (cpu), 0.32 min (real)
Generate toy 244/250

 -- MarkovChainMC -- 
Limit: r < 13.0394 +/- 0.367274 @ 95% credibility (15 tries)
Done in 0.29 min (cpu), 0.32 min (real)
Generate toy 245/250

 -- MarkovChainMC -- 
Limit: r < 13.6864 +/- 0.247896 @ 95% credibility (15 tries)
Done in 0.29 min (cpu), 0.32 min (real)
Generate toy 246/250

 -- MarkovChainMC -- 
Limit: r < 14.9598 +/- 0.223784 @ 95% credibility (15 tries)
Done in 0.30 min (cpu), 0.32 min (real)
Generate toy 247/250

 -- MarkovChainMC -- 
Limit: r < 10.0448 +/- 0.208888 @ 95% credibility (15 tries)
Done in 0.28 min (cpu), 0.32 min (real)
Generate toy 248/250

 -- MarkovChainMC -- 
Limit: r < 23.388 +/- 0.28109 @ 95% credibility (15 tries)
Done in 0.31 min (cpu), 0.35 min (real)
Generate toy 249/250

 -- MarkovChainMC -- 
Limit: r < 13.3112 +/- 0.239051 @ 95% credibility (15 tries)
Done in 0.29 min (cpu), 0.32 min (real)
Generate toy 250/250

 -- MarkovChainMC -- 
Limit: r < 14.3553 +/- 0.279538 @ 95% credibility (15 tries)
Done in 0.29 min (cpu), 0.31 min (real)
mean   expected limit: r < 16.3321 +/- 0.301776 @ 95%CL (250 toyMC)
median expected limit: r < 15.8617 @ 95%CL (250 toyMC)
   68% expected band : 11.7086 < r < 21.5046
   95% expected band : 9.0233 < r < 27.2057
