 <<< Combine >>> 
 <<< v10.0.2 >>>
>>> Used OpenSSL to get a truly random seed 239264368
>>> Method used is MarkovChainMC
============================================================
Analyzing bin errors for: prop_binmuon_channel
Poisson cut-off: 10
Processes excluded for sums: Wprime1000
============================================================
Bin        Contents        Error           Notes                         
0          4673.810957     26.906409       total sum                     
0          4672.429169     26.906397       excluding marked processes    
0          30156.000000    173.654830      Unweighted events, alpha=0.154988
  => Total parameter prop_binmuon_channel_bin0[0.00,-7.00,7.00] to be Gaussian constrained
------------------------------------------------------------
1          1752.993056     9.712331        total sum                     
1          1751.198881     9.712286        excluding marked processes    
1          32511.000000    180.308070      Unweighted events, alpha=0.053920
  => Total parameter prop_binmuon_channel_bin1[0.00,-7.00,7.00] to be Gaussian constrained
------------------------------------------------------------
2          768.786062      6.436114        total sum                     
2          766.500740      6.436027        excluding marked processes    
2          14184.000000    119.096599      Unweighted events, alpha=0.054201
  => Total parameter prop_binmuon_channel_bin2[0.00,-7.00,7.00] to be Gaussian constrained
------------------------------------------------------------
3          387.372493      5.590817        total sum                     
3          384.648848      5.590699        excluding marked processes    
3          4734.000000     68.804070       Unweighted events, alpha=0.081828
  => Total parameter prop_binmuon_channel_bin3[0.00,-7.00,7.00] to be Gaussian constrained
------------------------------------------------------------
4          206.540441      4.566241        total sum                     
4          202.927435      4.566047        excluding marked processes    
4          1975.000000     44.440972       Unweighted events, alpha=0.104577
  => Total parameter prop_binmuon_channel_bin4[0.00,-7.00,7.00] to be Gaussian constrained
------------------------------------------------------------
5          124.176870      3.824033        total sum                     
5          119.742389      3.823743        excluding marked processes    
5          981.000000      31.320920       Unweighted events, alpha=0.126582
  => Total parameter prop_binmuon_channel_bin5[0.00,-7.00,7.00] to be Gaussian constrained
------------------------------------------------------------
6          75.544834       3.853940        total sum                     
6          73.731027       3.853822        excluding marked processes    
6          366.000000      19.131126       Unweighted events, alpha=0.206407
  => Total parameter prop_binmuon_channel_bin6[0.00,-7.00,7.00] to be Gaussian constrained
------------------------------------------------------------
7          41.474310       0.710087        total sum                     
7          41.257905       0.710012        excluding marked processes    
7          3377.000000     58.111961       Unweighted events, alpha=0.012281
  => Total parameter prop_binmuon_channel_bin7[0.00,-7.00,7.00] to be Gaussian constrained
------------------------------------------------------------
8          25.266032       0.460794        total sum                     
8          25.214623       0.460766        excluding marked processes    
8          2995.000000     54.726593       Unweighted events, alpha=0.008436
  => Total parameter prop_binmuon_channel_bin8[0.00,-7.00,7.00] to be Gaussian constrained
------------------------------------------------------------
9          16.912445       0.511517        total sum                     
9          16.894497       0.511508        excluding marked processes    
9          1091.000000     33.030289       Unweighted events, alpha=0.015502
  => Total parameter prop_binmuon_channel_bin9[0.00,-7.00,7.00] to be Gaussian constrained
------------------------------------------------------------
10         11.435955       0.406900        total sum                     
10         11.426462       0.406894        excluding marked processes    
10         789.000000      28.089144       Unweighted events, alpha=0.014494
  => Total parameter prop_binmuon_channel_bin10[0.00,-7.00,7.00] to be Gaussian constrained
------------------------------------------------------------
11         7.656031        0.268179        total sum                     
11         7.650738        0.268175        excluding marked processes    
11         814.000000      28.530685       Unweighted events, alpha=0.009405
  => Total parameter prop_binmuon_channel_bin11[0.00,-7.00,7.00] to be Gaussian constrained
------------------------------------------------------------
12         5.593209        0.445403        total sum                     
12         5.591415        0.445402        excluding marked processes    
12         158.000000      12.569805       Unweighted events, alpha=0.035400
  => Total parameter prop_binmuon_channel_bin12[0.00,-7.00,7.00] to be Gaussian constrained
------------------------------------------------------------
13         3.649053        0.105824        total sum                     
13         3.647121        0.105821        excluding marked processes    
13         1188.000000     34.467376       Unweighted events, alpha=0.003072
  => Total parameter prop_binmuon_channel_bin13[0.00,-7.00,7.00] to be Gaussian constrained
------------------------------------------------------------
14         2.515347        0.075293        total sum                     
14         2.513977        0.075287        excluding marked processes    
14         1115.000000     33.391616       Unweighted events, alpha=0.002256
  => Total parameter prop_binmuon_channel_bin14[0.00,-7.00,7.00] to be Gaussian constrained
------------------------------------------------------------
15         2.395908        0.375890        total sum                     
15         2.394228        0.375889        excluding marked processes    
15         41.000000       6.403124        Unweighted events, alpha=0.058437
  => Total parameter prop_binmuon_channel_bin15[0.00,-7.00,7.00] to be Gaussian constrained
------------------------------------------------------------
16         1.517118        0.247939        total sum                     
16         1.517118        0.247939        excluding marked processes    
16         37.000000       6.082763        Unweighted events, alpha=0.041003
  => Total parameter prop_binmuon_channel_bin16[0.00,-7.00,7.00] to be Gaussian constrained
------------------------------------------------------------
17         0.911675        0.033571        total sum                     
17         0.911156        0.033567        excluding marked processes    
17         737.000000      27.147744       Unweighted events, alpha=0.001237
  => Total parameter prop_binmuon_channel_bin17[0.00,-7.00,7.00] to be Gaussian constrained
------------------------------------------------------------
18         0.695681        0.035517        total sum                     
18         0.695681        0.035517        excluding marked processes    
18         384.000000      19.595918       Unweighted events, alpha=0.001812
  => Total parameter prop_binmuon_channel_bin18[0.00,-7.00,7.00] to be Gaussian constrained
------------------------------------------------------------
19         0.552660        0.049595        total sum                     
19         0.552660        0.049595        excluding marked processes    
19         124.000000      11.135529       Unweighted events, alpha=0.004457
  => Total parameter prop_binmuon_channel_bin19[0.00,-7.00,7.00] to be Gaussian constrained
------------------------------------------------------------
20         0.365331        0.017005        total sum                     
20         0.365331        0.017005        excluding marked processes    
20         462.000000      21.494185       Unweighted events, alpha=0.000791
  => Total parameter prop_binmuon_channel_bin20[0.00,-7.00,7.00] to be Gaussian constrained
------------------------------------------------------------
21         0.261239        0.004265        total sum                     
21         0.261239        0.004265        excluding marked processes    
21         3751.000000     61.245408       Unweighted events, alpha=0.000070
  => Total parameter prop_binmuon_channel_bin21[0.00,-7.00,7.00] to be Gaussian constrained
------------------------------------------------------------
22         0.404473        0.178522        total sum                     
22         0.404376        0.178522        excluding marked processes    
22         5.000000        2.236068        Unweighted events, alpha=0.080895
  => Number of weighted events is below Poisson threshold
    Wprime1000           0.000098        0.000098                                      
                         1.000000        1.000000        Unweighted events, alpha=0.000098
      => Product of prop_binmuon_channel_bin22_Wprime1000[1.00,0.00,30.85] and const [1.0000] to be Poisson constrained
  ----------------------------------------------------------
    W_boson              0.185205        0.001593                                      
                         13521.000000    116.279835      Unweighted events, alpha=0.000014
      => Parameter prop_binmuon_channel_bin22_W_boson[0.00,-7.00,7.00] to be Gaussian constrained
  ----------------------------------------------------------
    Top                  0.000000        0.000000                                      
      => Error is zero, ignore      
  ----------------------------------------------------------
    Z_boson              0.003229        0.000111                                      
                         841.000000      29.000000       Unweighted events, alpha=0.000004
      => Parameter prop_binmuon_channel_bin22_Z_boson[0.00,-7.00,7.00] to be Gaussian constrained
  ----------------------------------------------------------
    DiBoson              0.211769        0.178497                                      
                         1.000000        1.000000        Unweighted events, alpha=0.211769
      => Product of prop_binmuon_channel_bin22_DiBoson[1.00,0.00,30.85] and const [1.0000] to be Poisson constrained
  ----------------------------------------------------------
    QCD                  0.004173        0.002515                                      
                         3.000000        1.732051        Unweighted events, alpha=0.001391
      => Product of prop_binmuon_channel_bin22_QCD[3.00,0.00,36.46] and const [0.3333] to be Poisson constrained
  ----------------------------------------------------------
------------------------------------------------------------
23         0.147341        0.002253        total sum                     
23         0.147341        0.002253        excluding marked processes    
23         4279.000000     65.414066       Unweighted events, alpha=0.000034
  => Total parameter prop_binmuon_channel_bin23[0.00,-7.00,7.00] to be Gaussian constrained
------------------------------------------------------------
24         0.111899        0.001711        total sum                     
24         0.111899        0.001711        excluding marked processes    
24         4275.000000     65.383484       Unweighted events, alpha=0.000026
  => Total parameter prop_binmuon_channel_bin24[0.00,-7.00,7.00] to be Gaussian constrained
------------------------------------------------------------
25         0.102774        0.017073        total sum                     
25         0.102774        0.017073        excluding marked processes    
25         36.000000       6.000000        Unweighted events, alpha=0.002855
  => Total parameter prop_binmuon_channel_bin25[0.00,-7.00,7.00] to be Gaussian constrained
------------------------------------------------------------
26         0.086804        0.017909        total sum                     
26         0.086804        0.017909        excluding marked processes    
26         23.000000       4.795832        Unweighted events, alpha=0.003774
  => Total parameter prop_binmuon_channel_bin26[0.00,-7.00,7.00] to be Gaussian constrained
------------------------------------------------------------
27         0.351664        0.288860        total sum                     
27         0.351664        0.288860        excluding marked processes    
27         1.000000        1.000000        Unweighted events, alpha=0.351664
  => Number of weighted events is below Poisson threshold
    Wprime1000           0.000000        0.000000                                      
      => Error is zero, ignore      
  ----------------------------------------------------------
    W_boson              0.048326        0.000513                                      
                         8870.000000     94.180677       Unweighted events, alpha=0.000005
      => Parameter prop_binmuon_channel_bin27_W_boson[0.00,-7.00,7.00] to be Gaussian constrained
  ----------------------------------------------------------
    Top                  0.000000        0.000000                                      
      => Error is zero, ignore      
  ----------------------------------------------------------
    Z_boson              0.000759        0.000042                                      
                         324.000000      18.000000       Unweighted events, alpha=0.000002
      => Parameter prop_binmuon_channel_bin27_Z_boson[0.00,-7.00,7.00] to be Gaussian constrained
  ----------------------------------------------------------
    DiBoson              0.288753        0.288561                                      
                         1.000000        1.000000        Unweighted events, alpha=0.288753
      => Product of prop_binmuon_channel_bin27_DiBoson[1.00,0.00,30.85] and const [1.0000] to be Poisson constrained
  ----------------------------------------------------------
    QCD                  0.013827        0.013120                                      
                         1.000000        1.000000        Unweighted events, alpha=0.013827
      => Product of prop_binmuon_channel_bin27_QCD[1.00,0.00,30.85] and const [1.0000] to be Poisson constrained
  ----------------------------------------------------------
------------------------------------------------------------
28         0.049559        0.012095        total sum                     
28         0.049559        0.012095        excluding marked processes    
28         17.000000       4.123106        Unweighted events, alpha=0.002915
  => Total parameter prop_binmuon_channel_bin28[0.00,-7.00,7.00] to be Gaussian constrained
------------------------------------------------------------
29         0.030842        0.000486        total sum                     
29         0.030842        0.000486        excluding marked processes    
29         4024.000000     63.435006       Unweighted events, alpha=0.000008
  => Total parameter prop_binmuon_channel_bin29[0.00,-7.00,7.00] to be Gaussian constrained
------------------------------------------------------------
30         0.024446        0.000771        total sum                     
30         0.024446        0.000771        excluding marked processes    
30         1006.000000     31.717503       Unweighted events, alpha=0.000024
  => Total parameter prop_binmuon_channel_bin30[0.00,-7.00,7.00] to be Gaussian constrained
------------------------------------------------------------
31         0.019534        0.001268        total sum                     
31         0.019534        0.001268        excluding marked processes    
31         237.000000      15.394804       Unweighted events, alpha=0.000082
  => Total parameter prop_binmuon_channel_bin31[0.00,-7.00,7.00] to be Gaussian constrained
------------------------------------------------------------
32         0.014322        0.000330        total sum                     
32         0.014322        0.000330        excluding marked processes    
32         1878.000000     43.335897       Unweighted events, alpha=0.000008
  => Total parameter prop_binmuon_channel_bin32[0.00,-7.00,7.00] to be Gaussian constrained
------------------------------------------------------------
33         0.012498        0.001282        total sum                     
33         0.012498        0.001282        excluding marked processes    
33         95.000000       9.746794        Unweighted events, alpha=0.000132
  => Total parameter prop_binmuon_channel_bin33[0.00,-7.00,7.00] to be Gaussian constrained
------------------------------------------------------------
34         0.010318        0.001491        total sum                     
34         0.010318        0.001491        excluding marked processes    
34         48.000000       6.928203        Unweighted events, alpha=0.000215
  => Total parameter prop_binmuon_channel_bin34[0.00,-7.00,7.00] to be Gaussian constrained
------------------------------------------------------------
35         0.007060        0.000164        total sum                     
35         0.007060        0.000164        excluding marked processes    
35         1855.000000     43.069711       Unweighted events, alpha=0.000004
  => Total parameter prop_binmuon_channel_bin35[0.00,-7.00,7.00] to be Gaussian constrained
------------------------------------------------------------
36         0.007259        0.001385        total sum                     
36         0.007259        0.001385        excluding marked processes    
36         27.000000       5.196152        Unweighted events, alpha=0.000269
  => Total parameter prop_binmuon_channel_bin36[0.00,-7.00,7.00] to be Gaussian constrained
------------------------------------------------------------
37         0.009566        0.005143        total sum                     
37         0.009566        0.005143        excluding marked processes    
37         3.000000        1.732051        Unweighted events, alpha=0.003189
  => Number of weighted events is below Poisson threshold
    Wprime1000           0.000000        0.000000                                      
      => Error is zero, ignore      
  ----------------------------------------------------------
    W_boson              0.004353        0.000076                                      
                         3267.000000     57.157677       Unweighted events, alpha=0.000001
      => Parameter prop_binmuon_channel_bin37_W_boson[0.00,-7.00,7.00] to be Gaussian constrained
  ----------------------------------------------------------
    Top                  0.000000        0.000000                                      
      => Error is zero, ignore      
  ----------------------------------------------------------
    Z_boson              0.000070        0.000006                                      
                         126.000000      11.224972       Unweighted events, alpha=0.000001
      => Parameter prop_binmuon_channel_bin37_Z_boson[0.00,-7.00,7.00] to be Gaussian constrained
  ----------------------------------------------------------
    DiBoson              0.000000        0.000000                                      
      => Error is zero, ignore      
  ----------------------------------------------------------
    QCD                  0.005143        0.005143                                      
                         1.000000        1.000000        Unweighted events, alpha=0.005143
      => Product of prop_binmuon_channel_bin37_QCD[1.00,0.00,30.85] and const [1.0000] to be Poisson constrained
  ----------------------------------------------------------
------------------------------------------------------------
38         0.003665        0.000063        total sum                     
38         0.003665        0.000063        excluding marked processes    
38         3379.000000     58.129167       Unweighted events, alpha=0.000001
  => Total parameter prop_binmuon_channel_bin38[0.00,-7.00,7.00] to be Gaussian constrained
------------------------------------------------------------
39         0.002834        0.000042        total sum                     
39         0.002834        0.000042        excluding marked processes    
39         4599.000000     67.815927       Unweighted events, alpha=0.000001
  => Total parameter prop_binmuon_channel_bin39[0.00,-7.00,7.00] to be Gaussian constrained
------------------------------------------------------------
40         0.003489        0.001151        total sum                     
40         0.003489        0.001151        excluding marked processes    
40         9.000000        3.000000        Unweighted events, alpha=0.000388
  => Number of weighted events is below Poisson threshold
    Wprime1000           0.000000        0.000000                                      
      => Error is zero, ignore      
  ----------------------------------------------------------
    W_boson              0.002300        0.000035                                      
                         4255.000000     65.230361       Unweighted events, alpha=0.000001
      => Parameter prop_binmuon_channel_bin40_W_boson[0.00,-7.00,7.00] to be Gaussian constrained
  ----------------------------------------------------------
    Top                  0.000000        0.000000                                      
      => Error is zero, ignore      
  ----------------------------------------------------------
    Z_boson              0.000039        0.000003                                      
                         194.000000      13.928388       Unweighted events, alpha=0.000000
      => Parameter prop_binmuon_channel_bin40_Z_boson[0.00,-7.00,7.00] to be Gaussian constrained
  ----------------------------------------------------------
    DiBoson              0.000000        0.000000                                      
      => Error is zero, ignore      
  ----------------------------------------------------------
    QCD                  0.001150        0.001150                                      
                         1.000000        1.000000        Unweighted events, alpha=0.001150
      => Product of prop_binmuon_channel_bin40_QCD[1.00,0.00,30.85] and const [1.0000] to be Poisson constrained
  ----------------------------------------------------------
------------------------------------------------------------
41         0.004231        0.001609        total sum                     
41         0.004231        0.001609        excluding marked processes    
41         7.000000        2.645751        Unweighted events, alpha=0.000604
  => Number of weighted events is below Poisson threshold
    Wprime1000           0.000000        0.000000                                      
      => Error is zero, ignore      
  ----------------------------------------------------------
    W_boson              0.001873        0.000029                                      
                         4281.000000     65.429351       Unweighted events, alpha=0.000000
      => Parameter prop_binmuon_channel_bin41_W_boson[0.00,-7.00,7.00] to be Gaussian constrained
  ----------------------------------------------------------
    Top                  0.000000        0.000000                                      
      => Error is zero, ignore      
  ----------------------------------------------------------
    Z_boson              0.000027        0.000001                                      
                         424.000000      20.591260       Unweighted events, alpha=0.000000
      => Parameter prop_binmuon_channel_bin41_Z_boson[0.00,-7.00,7.00] to be Gaussian constrained
  ----------------------------------------------------------
    DiBoson              0.000000        0.000000                                      
      => Error is zero, ignore      
  ----------------------------------------------------------
    QCD                  0.002331        0.001609                                      
                         2.000000        1.414214        Unweighted events, alpha=0.001165
      => Product of prop_binmuon_channel_bin41_QCD[2.00,0.00,33.79] and const [0.5000] to be Poisson constrained
  ----------------------------------------------------------
------------------------------------------------------------
42         0.001643        0.000102        total sum                     
42         0.001643        0.000102        excluding marked processes    
42         261.000000      16.155494       Unweighted events, alpha=0.000006
  => Total parameter prop_binmuon_channel_bin42[0.00,-7.00,7.00] to be Gaussian constrained
------------------------------------------------------------
43         0.002273        0.000977        total sum                     
43         0.002273        0.000977        excluding marked processes    
43         5.000000        2.236068        Unweighted events, alpha=0.000455
  => Number of weighted events is below Poisson threshold
    Wprime1000           0.000000        0.000000                                      
      => Error is zero, ignore      
  ----------------------------------------------------------
    W_boson              0.001274        0.000020                                      
                         4165.000000     64.536811       Unweighted events, alpha=0.000000
      => Parameter prop_binmuon_channel_bin43_W_boson[0.00,-7.00,7.00] to be Gaussian constrained
  ----------------------------------------------------------
    Top                  0.000000        0.000000                                      
      => Error is zero, ignore      
  ----------------------------------------------------------
    Z_boson              0.000022        0.000003                                      
                         67.000000       8.185353        Unweighted events, alpha=0.000000
      => Parameter prop_binmuon_channel_bin43_Z_boson[0.00,-7.00,7.00] to be Gaussian constrained
  ----------------------------------------------------------
    DiBoson              0.000000        0.000000                                      
      => Error is zero, ignore      
  ----------------------------------------------------------
    QCD                  0.000977        0.000977                                      
                         1.000000        1.000000        Unweighted events, alpha=0.000977
      => Product of prop_binmuon_channel_bin43_QCD[1.00,0.00,30.85] and const [1.0000] to be Poisson constrained
  ----------------------------------------------------------
------------------------------------------------------------
44         0.003662        0.001762        total sum                     
44         0.003662        0.001762        excluding marked processes    
44         4.000000        2.000000        Unweighted events, alpha=0.000916
  => Number of weighted events is below Poisson threshold
    Wprime1000           0.000000        0.000000                                      
      => Error is zero, ignore      
  ----------------------------------------------------------
    W_boson              0.001176        0.000101                                      
                         136.000000      11.661904       Unweighted events, alpha=0.000009
      => Parameter prop_binmuon_channel_bin44_W_boson[0.00,-7.00,7.00] to be Gaussian constrained
  ----------------------------------------------------------
    Top                  0.000000        0.000000                                      
      => Error is zero, ignore      
  ----------------------------------------------------------
    Z_boson              0.000013        0.000001                                      
                         217.000000      14.730920       Unweighted events, alpha=0.000000
      => Parameter prop_binmuon_channel_bin44_Z_boson[0.00,-7.00,7.00] to be Gaussian constrained
  ----------------------------------------------------------
    DiBoson              0.000000        0.000000                                      
      => Error is zero, ignore      
  ----------------------------------------------------------
    QCD                  0.002473        0.001759                                      
                         2.000000        1.414214        Unweighted events, alpha=0.001237
      => Product of prop_binmuon_channel_bin44_QCD[2.00,0.00,33.79] and const [0.5000] to be Poisson constrained
  ----------------------------------------------------------
------------------------------------------------------------
45         0.000907        0.000016        total sum                     
45         0.000907        0.000016        excluding marked processes    
45         3160.000000     56.213877       Unweighted events, alpha=0.000000
  => Total parameter prop_binmuon_channel_bin45[0.00,-7.00,7.00] to be Gaussian constrained
------------------------------------------------------------
46         0.000767        0.000014        total sum                     
46         0.000767        0.000014        excluding marked processes    
46         2859.000000     53.469618       Unweighted events, alpha=0.000000
  => Total parameter prop_binmuon_channel_bin46[0.00,-7.00,7.00] to be Gaussian constrained
------------------------------------------------------------
47         0.000632        0.000014        total sum                     
47         0.000632        0.000014        excluding marked processes    
47         2076.000000     45.563143       Unweighted events, alpha=0.000000
  => Total parameter prop_binmuon_channel_bin47[0.00,-7.00,7.00] to be Gaussian constrained
------------------------------------------------------------
48         0.000503        0.000012        total sum                     
48         0.000503        0.000012        excluding marked processes    
48         1883.000000     43.393548       Unweighted events, alpha=0.000000
  => Total parameter prop_binmuon_channel_bin48[0.00,-7.00,7.00] to be Gaussian constrained
------------------------------------------------------------
49         0.000481        0.000023        total sum                     
49         0.000481        0.000023        excluding marked processes    
49         447.000000      21.142375       Unweighted events, alpha=0.000001
  => Total parameter prop_binmuon_channel_bin49[0.00,-7.00,7.00] to be Gaussian constrained
------------------------------------------------------------
50         0.000398        0.000016        total sum                     
50         0.000398        0.000016        excluding marked processes    
50         630.000000      25.099801       Unweighted events, alpha=0.000001
  => Total parameter prop_binmuon_channel_bin50[0.00,-7.00,7.00] to be Gaussian constrained
------------------------------------------------------------
51         0.001459        0.001131        total sum                     
51         0.001459        0.001131        excluding marked processes    
51         2.000000        1.414214        Unweighted events, alpha=0.000729
  => Number of weighted events is below Poisson threshold
    Wprime1000           0.000000        0.000000                                      
      => Error is zero, ignore      
  ----------------------------------------------------------
    W_boson              0.000324        0.000010                                      
                         1123.000000     33.511192       Unweighted events, alpha=0.000000
      => Parameter prop_binmuon_channel_bin51_W_boson[0.00,-7.00,7.00] to be Gaussian constrained
  ----------------------------------------------------------
    Top                  0.000000        0.000000                                      
      => Error is zero, ignore      
  ----------------------------------------------------------
    Z_boson              0.000004        0.000000                                      
                         77.000000       8.774964        Unweighted events, alpha=0.000000
      => Parameter prop_binmuon_channel_bin51_Z_boson[0.00,-7.00,7.00] to be Gaussian constrained
  ----------------------------------------------------------
    DiBoson              0.000000        0.000000                                      
      => Error is zero, ignore      
  ----------------------------------------------------------
    QCD                  0.001131        0.001131                                      
                         1.000000        1.000000        Unweighted events, alpha=0.001131
      => Product of prop_binmuon_channel_bin51_QCD[1.00,0.00,30.85] and const [1.0000] to be Poisson constrained
  ----------------------------------------------------------
------------------------------------------------------------
52         0.000282        0.000010        total sum                     
52         0.000282        0.000010        excluding marked processes    
52         776.000000      27.856777       Unweighted events, alpha=0.000000
  => Total parameter prop_binmuon_channel_bin52[0.00,-7.00,7.00] to be Gaussian constrained
------------------------------------------------------------
53         0.000231        0.000007        total sum                     
53         0.000231        0.000007        excluding marked processes    
53         1082.000000     32.893768       Unweighted events, alpha=0.000000
  => Total parameter prop_binmuon_channel_bin53[0.00,-7.00,7.00] to be Gaussian constrained
------------------------------------------------------------
54         0.000190        0.000004        total sum                     
54         0.000190        0.000004        excluding marked processes    
54         2001.000000     44.732538       Unweighted events, alpha=0.000000
  => Total parameter prop_binmuon_channel_bin54[0.00,-7.00,7.00] to be Gaussian constrained
------------------------------------------------------------
55         0.000164        0.000006        total sum                     
55         0.000164        0.000006        excluding marked processes    
55         673.000000      25.942244       Unweighted events, alpha=0.000000
  => Total parameter prop_binmuon_channel_bin55[0.00,-7.00,7.00] to be Gaussian constrained
------------------------------------------------------------
56         0.000152        0.000008        total sum                     
56         0.000152        0.000008        excluding marked processes    
56         348.000000      18.654758       Unweighted events, alpha=0.000000
  => Total parameter prop_binmuon_channel_bin56[0.00,-7.00,7.00] to be Gaussian constrained
------------------------------------------------------------
57         0.000121        0.000003        total sum                     
57         0.000121        0.000003        excluding marked processes    
57         2135.000000     46.206060       Unweighted events, alpha=0.000000
  => Total parameter prop_binmuon_channel_bin57[0.00,-7.00,7.00] to be Gaussian constrained
------------------------------------------------------------
58         0.000106        0.000003        total sum                     
58         0.000106        0.000003        excluding marked processes    
58         1480.000000     38.470768       Unweighted events, alpha=0.000000
  => Total parameter prop_binmuon_channel_bin58[0.00,-7.00,7.00] to be Gaussian constrained
------------------------------------------------------------
59         0.000093        0.000004        total sum                     
59         0.000093        0.000004        excluding marked processes    
59         703.000000      26.514147       Unweighted events, alpha=0.000000
  => Total parameter prop_binmuon_channel_bin59[0.00,-7.00,7.00] to be Gaussian constrained
------------------------------------------------------------
60         0.000083        0.000006        total sum                     
60         0.000083        0.000006        excluding marked processes    
60         184.000000      13.564660       Unweighted events, alpha=0.000000
  => Total parameter prop_binmuon_channel_bin60[0.00,-7.00,7.00] to be Gaussian constrained
------------------------------------------------------------
61         0.000080        0.000010        total sum                     
61         0.000080        0.000010        excluding marked processes    
61         69.000000       8.306624        Unweighted events, alpha=0.000001
  => Total parameter prop_binmuon_channel_bin61[0.00,-7.00,7.00] to be Gaussian constrained
------------------------------------------------------------
62         0.000065        0.000005        total sum                     
62         0.000065        0.000005        excluding marked processes    
62         156.000000      12.489996       Unweighted events, alpha=0.000000
  => Total parameter prop_binmuon_channel_bin62[0.00,-7.00,7.00] to be Gaussian constrained
------------------------------------------------------------
63         0.000056        0.000007        total sum                     
63         0.000056        0.000007        excluding marked processes    
63         61.000000       7.810250        Unweighted events, alpha=0.000001
  => Total parameter prop_binmuon_channel_bin63[0.00,-7.00,7.00] to be Gaussian constrained
------------------------------------------------------------
64         0.000043        0.000001        total sum                     
64         0.000043        0.000001        excluding marked processes    
64         2474.000000     49.739320       Unweighted events, alpha=0.000000
  => Total parameter prop_binmuon_channel_bin64[0.00,-7.00,7.00] to be Gaussian constrained
------------------------------------------------------------
65         0.000037        0.000001        total sum                     
65         0.000037        0.000001        excluding marked processes    
65         2219.000000     47.106263       Unweighted events, alpha=0.000000
  => Total parameter prop_binmuon_channel_bin65[0.00,-7.00,7.00] to be Gaussian constrained
------------------------------------------------------------
Channel muon_channel will use autoMCStats with settings: event-threshold=10, include-signal=0, hist-mode=1
Generate toy 1/250

 -- MarkovChainMC -- 
Limit: r < 4.06136 +/- 0.0514627 @ 95% credibility (15 tries)
Done in 0.28 min (cpu), 0.33 min (real)
Generate toy 2/250

 -- MarkovChainMC -- 
Limit: r < 4.27061 +/- 0.0495966 @ 95% credibility (15 tries)
Done in 0.28 min (cpu), 0.35 min (real)
Generate toy 3/250

 -- MarkovChainMC -- 
Limit: r < 4.10859 +/- 0.0619835 @ 95% credibility (15 tries)
Done in 0.30 min (cpu), 0.38 min (real)
Generate toy 4/250

 -- MarkovChainMC -- 
Limit: r < 3.94881 +/- 0.0651735 @ 95% credibility (15 tries)
Done in 0.29 min (cpu), 0.48 min (real)
Generate toy 5/250

 -- MarkovChainMC -- 
Limit: r < 2.70141 +/- 0.0272271 @ 95% credibility (15 tries)
Done in 0.28 min (cpu), 0.29 min (real)
Generate toy 6/250

 -- MarkovChainMC -- 
Limit: r < 6.48723 +/- 0.140356 @ 95% credibility (15 tries)
Done in 0.30 min (cpu), 0.30 min (real)
Generate toy 7/250

 -- MarkovChainMC -- 
Limit: r < 6.69589 +/- 0.130081 @ 95% credibility (15 tries)
Done in 0.30 min (cpu), 0.31 min (real)
Generate toy 8/250

 -- MarkovChainMC -- 
Limit: r < 3.26105 +/- 0.0922116 @ 95% credibility (15 tries)
Done in 0.27 min (cpu), 0.30 min (real)
Generate toy 9/250

 -- MarkovChainMC -- 
Limit: r < 7.19142 +/- 0.0643338 @ 95% credibility (15 tries)
Done in 0.30 min (cpu), 0.32 min (real)
Generate toy 10/250

 -- MarkovChainMC -- 
Limit: r < 5.02485 +/- 0.119246 @ 95% credibility (15 tries)
Done in 0.30 min (cpu), 0.41 min (real)
Generate toy 11/250

 -- MarkovChainMC -- 
Limit: r < 3.87989 +/- 0.067508 @ 95% credibility (15 tries)
Done in 0.28 min (cpu), 0.31 min (real)
Generate toy 12/250

 -- MarkovChainMC -- 
Limit: r < 10.5714 +/- 0.134319 @ 95% credibility (15 tries)
Done in 0.32 min (cpu), 0.41 min (real)
Generate toy 13/250

 -- MarkovChainMC -- 
Limit: r < 6.3602 +/- 0.094717 @ 95% credibility (15 tries)
Done in 0.31 min (cpu), 0.46 min (real)
Generate toy 14/250

 -- MarkovChainMC -- 
Limit: r < 8.42888 +/- 0.117985 @ 95% credibility (15 tries)
Done in 0.32 min (cpu), 0.38 min (real)
Generate toy 15/250

 -- MarkovChainMC -- 
Limit: r < 4.68643 +/- 0.0667044 @ 95% credibility (15 tries)
Done in 0.29 min (cpu), 0.33 min (real)
Generate toy 16/250

 -- MarkovChainMC -- 
Limit: r < 4.62861 +/- 0.11213 @ 95% credibility (15 tries)
Done in 0.29 min (cpu), 0.31 min (real)
Generate toy 17/250

 -- MarkovChainMC -- 
Limit: r < 11.4455 +/- 0.0388647 @ 95% credibility (15 tries)
Done in 0.32 min (cpu), 0.38 min (real)
Generate toy 18/250

 -- MarkovChainMC -- 
Limit: r < 3.43488 +/- 0.0652046 @ 95% credibility (15 tries)
Done in 0.29 min (cpu), 0.32 min (real)
Generate toy 19/250

 -- MarkovChainMC -- 
Limit: r < 9.41149 +/- 0.0809735 @ 95% credibility (15 tries)
Done in 0.32 min (cpu), 0.41 min (real)
Generate toy 20/250

 -- MarkovChainMC -- 
Limit: r < 3.5387 +/- 0.0529801 @ 95% credibility (15 tries)
Done in 0.29 min (cpu), 0.41 min (real)
Generate toy 21/250

 -- MarkovChainMC -- 
Limit: r < 5.73753 +/- 0.0661687 @ 95% credibility (15 tries)
Done in 0.30 min (cpu), 0.35 min (real)
Generate toy 22/250

 -- MarkovChainMC -- 
Limit: r < 3.10334 +/- 0.0583445 @ 95% credibility (15 tries)
Done in 0.28 min (cpu), 0.40 min (real)
Generate toy 23/250

 -- MarkovChainMC -- 
Limit: r < 6.2245 +/- 0.0666675 @ 95% credibility (15 tries)
Done in 0.31 min (cpu), 0.55 min (real)
Generate toy 24/250

 -- MarkovChainMC -- 
Limit: r < 9.16662 +/- 0.136646 @ 95% credibility (15 tries)
Done in 0.32 min (cpu), 0.43 min (real)
Generate toy 25/250

 -- MarkovChainMC -- 
Limit: r < 4.95207 +/- 0.0353869 @ 95% credibility (15 tries)
Done in 0.30 min (cpu), 0.32 min (real)
Generate toy 26/250

 -- MarkovChainMC -- 
Limit: r < 10.4021 +/- 0.101847 @ 95% credibility (15 tries)
Done in 0.34 min (cpu), 0.38 min (real)
Generate toy 27/250

 -- MarkovChainMC -- 
Limit: r < 2.47512 +/- 0.0455372 @ 95% credibility (15 tries)
Done in 0.29 min (cpu), 0.42 min (real)
Generate toy 28/250

 -- MarkovChainMC -- 
Limit: r < 3.6583 +/- 0.0398425 @ 95% credibility (15 tries)
Done in 0.29 min (cpu), 0.44 min (real)
Generate toy 29/250

 -- MarkovChainMC -- 
Limit: r < 4.21723 +/- 0.0691675 @ 95% credibility (15 tries)
Done in 0.30 min (cpu), 0.39 min (real)
Generate toy 30/250

 -- MarkovChainMC -- 
Limit: r < 2.77257 +/- 0.0201018 @ 95% credibility (15 tries)
Done in 0.29 min (cpu), 0.38 min (real)
Generate toy 31/250

 -- MarkovChainMC -- 
Limit: r < 4.58447 +/- 0.0870641 @ 95% credibility (15 tries)
Done in 0.29 min (cpu), 0.37 min (real)
Generate toy 32/250

 -- MarkovChainMC -- 
Limit: r < 5.1484 +/- 0.0843492 @ 95% credibility (15 tries)
Done in 0.31 min (cpu), 0.40 min (real)
Generate toy 33/250

 -- MarkovChainMC -- 
Limit: r < 3.65244 +/- 0.0783355 @ 95% credibility (15 tries)
Done in 0.30 min (cpu), 0.44 min (real)
Generate toy 34/250

 -- MarkovChainMC -- 
Limit: r < 5.94514 +/- 0.0901105 @ 95% credibility (15 tries)
Done in 0.32 min (cpu), 0.43 min (real)
Generate toy 35/250

 -- MarkovChainMC -- 
Limit: r < 8.20746 +/- 0.0226707 @ 95% credibility (15 tries)
Done in 0.33 min (cpu), 0.45 min (real)
Generate toy 36/250

 -- MarkovChainMC -- 
Limit: r < 6.32431 +/- 0.0440697 @ 95% credibility (15 tries)
Done in 0.34 min (cpu), 0.36 min (real)
Generate toy 37/250

 -- MarkovChainMC -- 
Limit: r < 4.29088 +/- 0.0557429 @ 95% credibility (15 tries)
Done in 0.32 min (cpu), 0.34 min (real)
Generate toy 38/250

 -- MarkovChainMC -- 
Limit: r < 7.13423 +/- 0.101768 @ 95% credibility (15 tries)
Done in 0.32 min (cpu), 0.38 min (real)
Generate toy 39/250

 -- MarkovChainMC -- 
Limit: r < 3.51139 +/- 0.0539265 @ 95% credibility (15 tries)
Done in 0.29 min (cpu), 0.34 min (real)
Generate toy 40/250

 -- MarkovChainMC -- 
Limit: r < 5.18176 +/- 0.074358 @ 95% credibility (15 tries)
Done in 0.30 min (cpu), 0.32 min (real)
Generate toy 41/250

 -- MarkovChainMC -- 
Limit: r < 4.4346 +/- 0.0756236 @ 95% credibility (15 tries)
Done in 0.30 min (cpu), 0.40 min (real)
Generate toy 42/250

 -- MarkovChainMC -- 
Limit: r < 3.13066 +/- 0.0347935 @ 95% credibility (15 tries)
Done in 0.28 min (cpu), 0.29 min (real)
Generate toy 43/250

 -- MarkovChainMC -- 
Limit: r < 3.78759 +/- 0.0590763 @ 95% credibility (15 tries)
Done in 0.28 min (cpu), 0.30 min (real)
Generate toy 44/250

 -- MarkovChainMC -- 
Limit: r < 7.31229 +/- 0.0904172 @ 95% credibility (15 tries)
Done in 0.31 min (cpu), 0.33 min (real)
Generate toy 45/250

 -- MarkovChainMC -- 
Limit: r < 5.89548 +/- 0.0960758 @ 95% credibility (15 tries)
Done in 0.30 min (cpu), 0.32 min (real)
Generate toy 46/250

 -- MarkovChainMC -- 
Limit: r < 5.04114 +/- 0.0524627 @ 95% credibility (15 tries)
Done in 0.30 min (cpu), 0.36 min (real)
Generate toy 47/250

 -- MarkovChainMC -- 
Limit: r < 3.18995 +/- 0.044728 @ 95% credibility (15 tries)
Done in 0.28 min (cpu), 0.37 min (real)
Generate toy 48/250

 -- MarkovChainMC -- 
Limit: r < 3.10656 +/- 0.0590308 @ 95% credibility (15 tries)
Done in 0.28 min (cpu), 0.29 min (real)
Generate toy 49/250

 -- MarkovChainMC -- 
Limit: r < 7.25164 +/- 0.124504 @ 95% credibility (15 tries)
Done in 0.31 min (cpu), 0.42 min (real)
Generate toy 50/250

 -- MarkovChainMC -- 
Limit: r < 6.94098 +/- 0.0964265 @ 95% credibility (15 tries)
Done in 0.31 min (cpu), 0.32 min (real)
Generate toy 51/250

 -- MarkovChainMC -- 
Limit: r < 7.65407 +/- 0.12909 @ 95% credibility (15 tries)
Done in 0.32 min (cpu), 0.42 min (real)
Generate toy 52/250

 -- MarkovChainMC -- 
Limit: r < 6.24135 +/- 0.123948 @ 95% credibility (15 tries)
Done in 0.34 min (cpu), 0.49 min (real)
Generate toy 53/250

 -- MarkovChainMC -- 
Limit: r < 11.9509 +/- 0.0891683 @ 95% credibility (15 tries)
Done in 0.34 min (cpu), 0.48 min (real)
Generate toy 54/250

 -- MarkovChainMC -- 
Limit: r < 3.54126 +/- 0.0331635 @ 95% credibility (15 tries)
Done in 0.31 min (cpu), 0.33 min (real)
Generate toy 55/250

 -- MarkovChainMC -- 
Limit: r < 4.14319 +/- 0.0636911 @ 95% credibility (15 tries)
Done in 0.31 min (cpu), 0.34 min (real)
Generate toy 56/250

 -- MarkovChainMC -- 
Limit: r < 4.84817 +/- 0.0761664 @ 95% credibility (15 tries)
Done in 0.31 min (cpu), 0.39 min (real)
Generate toy 57/250

 -- MarkovChainMC -- 
Limit: r < 4.98177 +/- 0.0507816 @ 95% credibility (15 tries)
Done in 0.34 min (cpu), 0.38 min (real)
Generate toy 58/250

 -- MarkovChainMC -- 
Limit: r < 3.85043 +/- 0.0886579 @ 95% credibility (15 tries)
Done in 0.30 min (cpu), 0.34 min (real)
Generate toy 59/250

 -- MarkovChainMC -- 
Limit: r < 6.30378 +/- 0.0834098 @ 95% credibility (15 tries)
Done in 0.32 min (cpu), 0.40 min (real)
Generate toy 60/250

 -- MarkovChainMC -- 
Limit: r < 4.16763 +/- 0.0409379 @ 95% credibility (15 tries)
Done in 0.30 min (cpu), 0.38 min (real)
Generate toy 61/250

 -- MarkovChainMC -- 
Limit: r < 5.01053 +/- 0.110609 @ 95% credibility (15 tries)
Done in 0.30 min (cpu), 0.34 min (real)
Generate toy 62/250

 -- MarkovChainMC -- 
Limit: r < 2.40436 +/- 0.0365658 @ 95% credibility (15 tries)
Done in 0.28 min (cpu), 0.36 min (real)
Generate toy 63/250

 -- MarkovChainMC -- 
Limit: r < 3.51314 +/- 0.0762212 @ 95% credibility (15 tries)
Done in 0.29 min (cpu), 0.31 min (real)
Generate toy 64/250

 -- MarkovChainMC -- 
Limit: r < 3.5554 +/- 0.0816618 @ 95% credibility (15 tries)
Done in 0.28 min (cpu), 0.31 min (real)
Generate toy 65/250

 -- MarkovChainMC -- 
Limit: r < 4.47297 +/- 0.0905456 @ 95% credibility (15 tries)
Done in 0.29 min (cpu), 0.30 min (real)
Generate toy 66/250

 -- MarkovChainMC -- 
Limit: r < 5.43977 +/- 0.0207493 @ 95% credibility (15 tries)
Done in 0.30 min (cpu), 0.31 min (real)
Generate toy 67/250

 -- MarkovChainMC -- 
Limit: r < 8.17995 +/- 0.0764759 @ 95% credibility (15 tries)
Done in 0.32 min (cpu), 0.35 min (real)
Generate toy 68/250

 -- MarkovChainMC -- 
Limit: r < 2.60399 +/- 0.0542972 @ 95% credibility (15 tries)
Done in 0.28 min (cpu), 0.31 min (real)
Generate toy 69/250

 -- MarkovChainMC -- 
Limit: r < 5.72897 +/- 0.143023 @ 95% credibility (15 tries)
Done in 0.33 min (cpu), 0.41 min (real)
Generate toy 70/250

 -- MarkovChainMC -- 
Limit: r < 3.80256 +/- 0.0505879 @ 95% credibility (15 tries)
Done in 0.30 min (cpu), 0.40 min (real)
Generate toy 71/250

 -- MarkovChainMC -- 
Limit: r < 5.13729 +/- 0.0927459 @ 95% credibility (15 tries)
Done in 0.31 min (cpu), 0.33 min (real)
Generate toy 72/250

 -- MarkovChainMC -- 
Limit: r < 4.12829 +/- 0.0564874 @ 95% credibility (15 tries)
Done in 0.30 min (cpu), 0.33 min (real)
Generate toy 73/250

 -- MarkovChainMC -- 
Limit: r < 4.56852 +/- 0.0349182 @ 95% credibility (15 tries)
Done in 0.30 min (cpu), 0.32 min (real)
Generate toy 74/250

 -- MarkovChainMC -- 
Limit: r < 4.698 +/- 0.0909257 @ 95% credibility (15 tries)
Done in 0.31 min (cpu), 0.38 min (real)
Generate toy 75/250

 -- MarkovChainMC -- 
Limit: r < 5.96313 +/- 0.0760329 @ 95% credibility (15 tries)
Done in 0.32 min (cpu), 0.37 min (real)
Generate toy 76/250

 -- MarkovChainMC -- 
Limit: r < 7.76694 +/- 0.0996347 @ 95% credibility (15 tries)
Done in 0.34 min (cpu), 0.36 min (real)
Generate toy 77/250

 -- MarkovChainMC -- 
Limit: r < 3.19966 +/- 0.0633731 @ 95% credibility (15 tries)
Done in 0.29 min (cpu), 0.31 min (real)
Generate toy 78/250

 -- MarkovChainMC -- 
Limit: r < 3.19901 +/- 0.0694452 @ 95% credibility (15 tries)
Done in 0.31 min (cpu), 0.44 min (real)
Generate toy 79/250

 -- MarkovChainMC -- 
Limit: r < 4.13877 +/- 0.070061 @ 95% credibility (15 tries)
Done in 0.30 min (cpu), 0.38 min (real)
Generate toy 80/250

 -- MarkovChainMC -- 
Limit: r < 7.47459 +/- 0.121472 @ 95% credibility (15 tries)
Done in 0.32 min (cpu), 0.35 min (real)
Generate toy 81/250

 -- MarkovChainMC -- 
Limit: r < 5.2982 +/- 0.110042 @ 95% credibility (15 tries)
Done in 0.30 min (cpu), 0.36 min (real)
Generate toy 82/250

 -- MarkovChainMC -- 
Limit: r < 4.42336 +/- 0.0804013 @ 95% credibility (15 tries)
Done in 0.30 min (cpu), 0.37 min (real)
Generate toy 83/250

 -- MarkovChainMC -- 
Limit: r < 2.97845 +/- 0.0289118 @ 95% credibility (15 tries)
Done in 0.29 min (cpu), 0.38 min (real)
Generate toy 84/250

 -- MarkovChainMC -- 
Limit: r < 7.22933 +/- 0.126427 @ 95% credibility (15 tries)
Done in 0.32 min (cpu), 0.35 min (real)
Generate toy 85/250

 -- MarkovChainMC -- 
Limit: r < 11.8766 +/- 0.0736098 @ 95% credibility (15 tries)
Done in 0.33 min (cpu), 0.39 min (real)
Generate toy 86/250

 -- MarkovChainMC -- 
Limit: r < 5.02262 +/- 0.098873 @ 95% credibility (15 tries)
Done in 0.30 min (cpu), 0.33 min (real)
Generate toy 87/250

 -- MarkovChainMC -- 
Limit: r < 5.19145 +/- 0.0638651 @ 95% credibility (15 tries)
Done in 0.31 min (cpu), 0.34 min (real)
Generate toy 88/250

 -- MarkovChainMC -- 
Limit: r < 6.5568 +/- 0.0832455 @ 95% credibility (15 tries)
Done in 0.31 min (cpu), 0.32 min (real)
Generate toy 89/250

 -- MarkovChainMC -- 
Limit: r < 5.18063 +/- 0.0502046 @ 95% credibility (15 tries)
Done in 0.31 min (cpu), 0.32 min (real)
Generate toy 90/250

 -- MarkovChainMC -- 
Limit: r < 6.1744 +/- 0.0736385 @ 95% credibility (15 tries)
Done in 0.33 min (cpu), 0.34 min (real)
Generate toy 91/250

 -- MarkovChainMC -- 
Limit: r < 6.67587 +/- 0.09188 @ 95% credibility (15 tries)
Done in 0.31 min (cpu), 0.34 min (real)
Generate toy 92/250

 -- MarkovChainMC -- 
Limit: r < 4.73765 +/- 0.0949845 @ 95% credibility (15 tries)
Done in 0.29 min (cpu), 0.31 min (real)
Generate toy 93/250

 -- MarkovChainMC -- 
Limit: r < 8.28711 +/- 0.0803637 @ 95% credibility (15 tries)
Done in 0.32 min (cpu), 0.36 min (real)
Generate toy 94/250

 -- MarkovChainMC -- 
Limit: r < 2.62694 +/- 0.0288685 @ 95% credibility (15 tries)
Done in 0.29 min (cpu), 0.32 min (real)
Generate toy 95/250

 -- MarkovChainMC -- 
Limit: r < 3.70677 +/- 0.076983 @ 95% credibility (15 tries)
Done in 0.31 min (cpu), 0.38 min (real)
Generate toy 96/250

 -- MarkovChainMC -- 
Limit: r < 4.03949 +/- 0.0663034 @ 95% credibility (15 tries)
Done in 0.30 min (cpu), 0.32 min (real)
Generate toy 97/250

 -- MarkovChainMC -- 
Limit: r < 8.10709 +/- 0.123641 @ 95% credibility (15 tries)
Done in 0.31 min (cpu), 0.33 min (real)
Generate toy 98/250

 -- MarkovChainMC -- 
Limit: r < 4.96684 +/- 0.0888119 @ 95% credibility (15 tries)
Done in 0.29 min (cpu), 0.31 min (real)
Generate toy 99/250

 -- MarkovChainMC -- 
Limit: r < 6.84213 +/- 0.078968 @ 95% credibility (15 tries)
Done in 0.30 min (cpu), 0.31 min (real)
Generate toy 100/250

 -- MarkovChainMC -- 
Limit: r < 4.0986 +/- 0.0948577 @ 95% credibility (15 tries)
Done in 0.29 min (cpu), 0.30 min (real)
Generate toy 101/250

 -- MarkovChainMC -- 
Limit: r < 4.30538 +/- 0.0995287 @ 95% credibility (15 tries)
Done in 0.30 min (cpu), 0.34 min (real)
Generate toy 102/250

 -- MarkovChainMC -- 
Limit: r < 6.12939 +/- 0.0465331 @ 95% credibility (15 tries)
Done in 0.34 min (cpu), 0.37 min (real)
Generate toy 103/250

 -- MarkovChainMC -- 
Limit: r < 4.73233 +/- 0.0949348 @ 95% credibility (15 tries)
Done in 0.30 min (cpu), 0.32 min (real)
Generate toy 104/250

 -- MarkovChainMC -- 
Limit: r < 4.49336 +/- 0.0354869 @ 95% credibility (15 tries)
Done in 0.32 min (cpu), 0.38 min (real)
Generate toy 105/250

 -- MarkovChainMC -- 
Limit: r < 7.2667 +/- 0.0429614 @ 95% credibility (15 tries)
Done in 0.33 min (cpu), 0.41 min (real)
Generate toy 106/250

 -- MarkovChainMC -- 
Limit: r < 4.14324 +/- 0.0440959 @ 95% credibility (15 tries)
Done in 0.30 min (cpu), 0.32 min (real)
Generate toy 107/250

 -- MarkovChainMC -- 
Limit: r < 5.6467 +/- 0.0831866 @ 95% credibility (15 tries)
Done in 0.31 min (cpu), 0.33 min (real)
Generate toy 108/250

 -- MarkovChainMC -- 
Limit: r < 8.11468 +/- 0.0601678 @ 95% credibility (15 tries)
Done in 0.31 min (cpu), 0.33 min (real)
Generate toy 109/250

 -- MarkovChainMC -- 
Limit: r < 4.91247 +/- 0.0700439 @ 95% credibility (15 tries)
Done in 0.30 min (cpu), 0.32 min (real)
Generate toy 110/250

 -- MarkovChainMC -- 
Limit: r < 4.53425 +/- 0.0507682 @ 95% credibility (15 tries)
Done in 0.31 min (cpu), 0.33 min (real)
Generate toy 111/250

 -- MarkovChainMC -- 
Limit: r < 3.51995 +/- 0.0448903 @ 95% credibility (15 tries)
Done in 0.28 min (cpu), 0.29 min (real)
Generate toy 112/250

 -- MarkovChainMC -- 
Limit: r < 3.50611 +/- 0.121405 @ 95% credibility (15 tries)
Done in 0.31 min (cpu), 0.33 min (real)
Generate toy 113/250

 -- MarkovChainMC -- 
Limit: r < 3.73737 +/- 0.0702472 @ 95% credibility (15 tries)
Done in 0.32 min (cpu), 0.33 min (real)
Generate toy 114/250

 -- MarkovChainMC -- 
Limit: r < 11.1331 +/- 0.106149 @ 95% credibility (15 tries)
Done in 0.34 min (cpu), 0.36 min (real)
Generate toy 115/250

 -- MarkovChainMC -- 
Limit: r < 7.11509 +/- 0.166697 @ 95% credibility (15 tries)
Done in 0.32 min (cpu), 0.33 min (real)
Generate toy 116/250

 -- MarkovChainMC -- 
Limit: r < 2.67117 +/- 0.0545522 @ 95% credibility (15 tries)
Done in 0.29 min (cpu), 0.35 min (real)
Generate toy 117/250

 -- MarkovChainMC -- 
Limit: r < 4.34443 +/- 0.101388 @ 95% credibility (15 tries)
Done in 0.31 min (cpu), 0.34 min (real)
Generate toy 118/250

 -- MarkovChainMC -- 
Limit: r < 4.45909 +/- 0.0741636 @ 95% credibility (15 tries)
Done in 0.31 min (cpu), 0.34 min (real)
Generate toy 119/250

 -- MarkovChainMC -- 
Limit: r < 4.12452 +/- 0.0623234 @ 95% credibility (15 tries)
Done in 0.30 min (cpu), 0.31 min (real)
Generate toy 120/250

 -- MarkovChainMC -- 
Limit: r < 6.65576 +/- 0.154045 @ 95% credibility (15 tries)
Done in 0.32 min (cpu), 0.32 min (real)
Generate toy 121/250

 -- MarkovChainMC -- 
Limit: r < 5.52646 +/- 0.0706699 @ 95% credibility (15 tries)
Done in 0.34 min (cpu), 0.37 min (real)
Generate toy 122/250

 -- MarkovChainMC -- 
Limit: r < 7.85279 +/- 0.0667642 @ 95% credibility (15 tries)
Done in 0.33 min (cpu), 0.34 min (real)
Generate toy 123/250

 -- MarkovChainMC -- 
Limit: r < 6.8692 +/- 0.119029 @ 95% credibility (15 tries)
Done in 0.32 min (cpu), 0.35 min (real)
Generate toy 124/250

 -- MarkovChainMC -- 
Limit: r < 4.17308 +/- 0.0606962 @ 95% credibility (15 tries)
Done in 0.30 min (cpu), 0.31 min (real)
Generate toy 125/250

 -- MarkovChainMC -- 
Limit: r < 4.05969 +/- 0.05186 @ 95% credibility (15 tries)
Done in 0.31 min (cpu), 0.32 min (real)
Generate toy 126/250

 -- MarkovChainMC -- 
Limit: r < 6.276 +/- 0.080733 @ 95% credibility (15 tries)
Done in 0.33 min (cpu), 0.36 min (real)
Generate toy 127/250

 -- MarkovChainMC -- 
Limit: r < 9.20432 +/- 0.0879001 @ 95% credibility (15 tries)
Done in 0.33 min (cpu), 0.34 min (real)
Generate toy 128/250

 -- MarkovChainMC -- 
Limit: r < 6.90406 +/- 0.113457 @ 95% credibility (15 tries)
Done in 0.34 min (cpu), 0.38 min (real)
Generate toy 129/250

 -- MarkovChainMC -- 
Limit: r < 4.80704 +/- 0.0898899 @ 95% credibility (15 tries)
Done in 0.30 min (cpu), 0.33 min (real)
Generate toy 130/250

 -- MarkovChainMC -- 
Limit: r < 5.08032 +/- 0.0736666 @ 95% credibility (15 tries)
Done in 0.30 min (cpu), 0.31 min (real)
Generate toy 131/250

 -- MarkovChainMC -- 
Limit: r < 2.5716 +/- 0.0412628 @ 95% credibility (15 tries)
Done in 0.29 min (cpu), 0.31 min (real)
Generate toy 132/250

 -- MarkovChainMC -- 
Limit: r < 5.65297 +/- 0.0811729 @ 95% credibility (15 tries)
Done in 0.32 min (cpu), 0.39 min (real)
Generate toy 133/250

 -- MarkovChainMC -- 
Limit: r < 4.66549 +/- 0.0464312 @ 95% credibility (15 tries)
Done in 0.33 min (cpu), 0.36 min (real)
Generate toy 134/250

 -- MarkovChainMC -- 
Limit: r < 4.14221 +/- 0.0769703 @ 95% credibility (15 tries)
Done in 0.30 min (cpu), 0.32 min (real)
Generate toy 135/250

 -- MarkovChainMC -- 
Limit: r < 4.52617 +/- 0.108656 @ 95% credibility (15 tries)
Done in 0.31 min (cpu), 0.34 min (real)
Generate toy 136/250

 -- MarkovChainMC -- 
Limit: r < 4.63456 +/- 0.0400523 @ 95% credibility (15 tries)
Done in 0.32 min (cpu), 0.34 min (real)
Generate toy 137/250

 -- MarkovChainMC -- 
Limit: r < 3.54623 +/- 0.0948011 @ 95% credibility (15 tries)
Done in 0.33 min (cpu), 0.34 min (real)
Generate toy 138/250

 -- MarkovChainMC -- 
Limit: r < 8.66803 +/- 0.0605895 @ 95% credibility (15 tries)
Done in 0.35 min (cpu), 0.38 min (real)
Generate toy 139/250

 -- MarkovChainMC -- 
Limit: r < 4.1996 +/- 0.0510981 @ 95% credibility (15 tries)
Done in 0.31 min (cpu), 0.33 min (real)
Generate toy 140/250

 -- MarkovChainMC -- 
Limit: r < 6.84909 +/- 0.14557 @ 95% credibility (15 tries)
Done in 0.32 min (cpu), 0.35 min (real)
Generate toy 141/250

 -- MarkovChainMC -- 
Limit: r < 5.32258 +/- 0.0340115 @ 95% credibility (15 tries)
Done in 0.33 min (cpu), 0.35 min (real)
Generate toy 142/250

 -- MarkovChainMC -- 
Limit: r < 10.6743 +/- 0.110341 @ 95% credibility (15 tries)
Done in 0.36 min (cpu), 0.40 min (real)
Generate toy 143/250

 -- MarkovChainMC -- 
Limit: r < 4.98684 +/- 0.0833896 @ 95% credibility (15 tries)
Done in 0.32 min (cpu), 0.34 min (real)
Generate toy 144/250

 -- MarkovChainMC -- 
Limit: r < 8.95142 +/- 0.123669 @ 95% credibility (15 tries)
Done in 0.33 min (cpu), 0.36 min (real)
Generate toy 145/250

 -- MarkovChainMC -- 
Limit: r < 5.38183 +/- 0.073029 @ 95% credibility (15 tries)
Done in 0.32 min (cpu), 0.33 min (real)
Generate toy 146/250

 -- MarkovChainMC -- 
Limit: r < 5.46838 +/- 0.0571682 @ 95% credibility (15 tries)
Done in 0.31 min (cpu), 0.32 min (real)
Generate toy 147/250

 -- MarkovChainMC -- 
Limit: r < 6.89541 +/- 0.124377 @ 95% credibility (15 tries)
Done in 0.31 min (cpu), 0.33 min (real)
Generate toy 148/250

 -- MarkovChainMC -- 
Limit: r < 6.13019 +/- 0.0684333 @ 95% credibility (15 tries)
Done in 0.30 min (cpu), 0.32 min (real)
Generate toy 149/250

 -- MarkovChainMC -- 
Limit: r < 5.96093 +/- 0.0820489 @ 95% credibility (15 tries)
Done in 0.33 min (cpu), 0.34 min (real)
Generate toy 150/250

 -- MarkovChainMC -- 
Limit: r < 3.29864 +/- 0.0752944 @ 95% credibility (15 tries)
Done in 0.33 min (cpu), 0.34 min (real)
Generate toy 151/250

 -- MarkovChainMC -- 
Limit: r < 5.92236 +/- 0.0549626 @ 95% credibility (15 tries)
Done in 0.32 min (cpu), 0.33 min (real)
Generate toy 152/250

 -- MarkovChainMC -- 
Limit: r < 5.02278 +/- 0.0853823 @ 95% credibility (15 tries)
Done in 0.31 min (cpu), 0.31 min (real)
Generate toy 153/250

 -- MarkovChainMC -- 
Limit: r < 7.26261 +/- 0.0767464 @ 95% credibility (15 tries)
Done in 0.32 min (cpu), 0.33 min (real)
Generate toy 154/250

 -- MarkovChainMC -- 
Limit: r < 5.2775 +/- 0.0216234 @ 95% credibility (15 tries)
Done in 0.31 min (cpu), 0.33 min (real)
Generate toy 155/250

 -- MarkovChainMC -- 
Limit: r < 4.30084 +/- 0.0724806 @ 95% credibility (15 tries)
Done in 0.31 min (cpu), 0.39 min (real)
Generate toy 156/250

 -- MarkovChainMC -- 
Limit: r < 6.61625 +/- 0.0857787 @ 95% credibility (15 tries)
Done in 0.33 min (cpu), 0.38 min (real)
Generate toy 157/250

 -- MarkovChainMC -- 
Limit: r < 5.53975 +/- 0.0879329 @ 95% credibility (15 tries)
Done in 0.31 min (cpu), 0.35 min (real)
Generate toy 158/250

 -- MarkovChainMC -- 
Limit: r < 7.30694 +/- 0.0354397 @ 95% credibility (15 tries)
Done in 0.30 min (cpu), 0.31 min (real)
Generate toy 159/250

 -- MarkovChainMC -- 
Limit: r < 6.81633 +/- 0.102205 @ 95% credibility (15 tries)
Done in 0.30 min (cpu), 0.30 min (real)
Generate toy 160/250

 -- MarkovChainMC -- 
Limit: r < 4.7703 +/- 0.0590489 @ 95% credibility (15 tries)
Done in 0.29 min (cpu), 0.30 min (real)
Generate toy 161/250

 -- MarkovChainMC -- 
Limit: r < 7.40464 +/- 0.133103 @ 95% credibility (15 tries)
Done in 0.31 min (cpu), 0.32 min (real)
Generate toy 162/250

 -- MarkovChainMC -- 
Limit: r < 4.26468 +/- 0.0820897 @ 95% credibility (15 tries)
Done in 0.31 min (cpu), 0.37 min (real)
Generate toy 163/250

 -- MarkovChainMC -- 
Limit: r < 4.90846 +/- 0.0804149 @ 95% credibility (15 tries)
Done in 0.32 min (cpu), 0.36 min (real)
Generate toy 164/250

 -- MarkovChainMC -- 
Limit: r < 4.05045 +/- 0.0913475 @ 95% credibility (15 tries)
Done in 0.32 min (cpu), 0.39 min (real)
Generate toy 165/250

 -- MarkovChainMC -- 
Limit: r < 4.96774 +/- 0.0936204 @ 95% credibility (15 tries)
Done in 0.32 min (cpu), 0.41 min (real)
Generate toy 166/250

 -- MarkovChainMC -- 
Limit: r < 3.93651 +/- 0.0953113 @ 95% credibility (15 tries)
Done in 0.31 min (cpu), 0.38 min (real)
Generate toy 167/250

 -- MarkovChainMC -- 
Limit: r < 5.9922 +/- 0.113597 @ 95% credibility (15 tries)
Done in 0.32 min (cpu), 0.38 min (real)
Generate toy 168/250

 -- MarkovChainMC -- 
Limit: r < 4.6143 +/- 0.0537161 @ 95% credibility (15 tries)
Done in 0.32 min (cpu), 0.41 min (real)
Generate toy 169/250

 -- MarkovChainMC -- 
Limit: r < 8.27931 +/- 0.107507 @ 95% credibility (15 tries)
Done in 0.37 min (cpu), 0.40 min (real)
Generate toy 170/250

 -- MarkovChainMC -- 
Limit: r < 6.53474 +/- 0.151068 @ 95% credibility (15 tries)
Done in 0.34 min (cpu), 0.52 min (real)
Generate toy 171/250

 -- MarkovChainMC -- 
Limit: r < 4.14761 +/- 0.0981847 @ 95% credibility (15 tries)
Done in 0.31 min (cpu), 0.40 min (real)
Generate toy 172/250

 -- MarkovChainMC -- 
Limit: r < 3.43329 +/- 0.0620658 @ 95% credibility (15 tries)
Done in 0.31 min (cpu), 0.34 min (real)
Generate toy 173/250

 -- MarkovChainMC -- 
Limit: r < 5.40272 +/- 0.0794053 @ 95% credibility (15 tries)
Done in 0.31 min (cpu), 0.33 min (real)
Generate toy 174/250

 -- MarkovChainMC -- 
Limit: r < 3.96674 +/- 0.0645641 @ 95% credibility (15 tries)
Done in 0.31 min (cpu), 0.41 min (real)
Generate toy 175/250

 -- MarkovChainMC -- 
Limit: r < 4.84615 +/- 0.0905427 @ 95% credibility (15 tries)
Done in 0.32 min (cpu), 0.38 min (real)
Generate toy 176/250

 -- MarkovChainMC -- 
Limit: r < 3.89813 +/- 0.0414102 @ 95% credibility (15 tries)
Done in 0.32 min (cpu), 0.44 min (real)
Generate toy 177/250

 -- MarkovChainMC -- 
Limit: r < 8.39372 +/- 0.128824 @ 95% credibility (15 tries)
Done in 0.34 min (cpu), 0.38 min (real)
Generate toy 178/250

 -- MarkovChainMC -- 
Limit: r < 5.37448 +/- 0.0600548 @ 95% credibility (15 tries)
Done in 0.31 min (cpu), 0.39 min (real)
Generate toy 179/250

 -- MarkovChainMC -- 
Limit: r < 4.67102 +/- 0.0518529 @ 95% credibility (15 tries)
Done in 0.31 min (cpu), 0.38 min (real)
Generate toy 180/250

 -- MarkovChainMC -- 
Limit: r < 5.73305 +/- 0.0867361 @ 95% credibility (15 tries)
Done in 0.33 min (cpu), 0.42 min (real)
Generate toy 181/250

 -- MarkovChainMC -- 
Limit: r < 5.13422 +/- 0.0588917 @ 95% credibility (15 tries)
Done in 0.33 min (cpu), 0.47 min (real)
Generate toy 182/250

 -- MarkovChainMC -- 
Limit: r < 4.46613 +/- 0.0759062 @ 95% credibility (15 tries)
Done in 0.31 min (cpu), 0.46 min (real)
Generate toy 183/250

 -- MarkovChainMC -- 
Limit: r < 2.59579 +/- 0.0396203 @ 95% credibility (15 tries)
Done in 0.31 min (cpu), 0.40 min (real)
Generate toy 184/250

 -- MarkovChainMC -- 
Limit: r < 7.88554 +/- 0.0843687 @ 95% credibility (15 tries)
Done in 0.32 min (cpu), 0.38 min (real)
Generate toy 185/250

 -- MarkovChainMC -- 
Limit: r < 6.50641 +/- 0.0793698 @ 95% credibility (15 tries)
Done in 0.32 min (cpu), 0.41 min (real)
Generate toy 186/250

 -- MarkovChainMC -- 
Limit: r < 11.8886 +/- 0.0901196 @ 95% credibility (15 tries)
Done in 0.34 min (cpu), 0.56 min (real)
Generate toy 187/250

 -- MarkovChainMC -- 
Limit: r < 6.12216 +/- 0.0462825 @ 95% credibility (15 tries)
Done in 0.32 min (cpu), 0.39 min (real)
Generate toy 188/250

 -- MarkovChainMC -- 
Limit: r < 10.0551 +/- 0.0377707 @ 95% credibility (15 tries)
Done in 0.33 min (cpu), 0.53 min (real)
Generate toy 189/250

 -- MarkovChainMC -- 
Limit: r < 5.71541 +/- 0.141346 @ 95% credibility (15 tries)
Done in 0.31 min (cpu), 0.56 min (real)
Generate toy 190/250

 -- MarkovChainMC -- 
Limit: r < 6.35992 +/- 0.0806389 @ 95% credibility (15 tries)
Done in 0.32 min (cpu), 0.41 min (real)
Generate toy 191/250

 -- MarkovChainMC -- 
Limit: r < 5.3527 +/- 0.0608901 @ 95% credibility (15 tries)
Done in 0.32 min (cpu), 0.37 min (real)
Generate toy 192/250

 -- MarkovChainMC -- 
Limit: r < 4.46113 +/- 0.0490387 @ 95% credibility (15 tries)
Done in 0.31 min (cpu), 0.48 min (real)
Generate toy 193/250

 -- MarkovChainMC -- 
Limit: r < 4.08246 +/- 0.101637 @ 95% credibility (15 tries)
Done in 0.29 min (cpu), 0.32 min (real)
Generate toy 194/250

 -- MarkovChainMC -- 
Limit: r < 8.4544 +/- 0.0927265 @ 95% credibility (15 tries)
Done in 0.33 min (cpu), 0.39 min (real)
Generate toy 195/250

 -- MarkovChainMC -- 
Limit: r < 9.61503 +/- 0.102085 @ 95% credibility (15 tries)
Done in 0.34 min (cpu), 0.40 min (real)
Generate toy 196/250

 -- MarkovChainMC -- 
Limit: r < 4.52929 +/- 0.0620201 @ 95% credibility (15 tries)
Done in 0.32 min (cpu), 0.37 min (real)
Generate toy 197/250

 -- MarkovChainMC -- 
Limit: r < 5.67563 +/- 0.0597007 @ 95% credibility (15 tries)
Done in 0.32 min (cpu), 0.35 min (real)
Generate toy 198/250

 -- MarkovChainMC -- 
Limit: r < 5.1816 +/- 0.0399266 @ 95% credibility (15 tries)
Done in 0.29 min (cpu), 0.34 min (real)
Generate toy 199/250

 -- MarkovChainMC -- 
Limit: r < 4.82107 +/- 0.0742435 @ 95% credibility (15 tries)
Done in 0.31 min (cpu), 0.36 min (real)
Generate toy 200/250

 -- MarkovChainMC -- 
Limit: r < 6.32045 +/- 0.0694153 @ 95% credibility (15 tries)
Done in 0.33 min (cpu), 0.59 min (real)
Generate toy 201/250

 -- MarkovChainMC -- 
Limit: r < 6.18233 +/- 0.0969472 @ 95% credibility (15 tries)
Done in 0.33 min (cpu), 0.40 min (real)
Generate toy 202/250

 -- MarkovChainMC -- 
Limit: r < 4.34209 +/- 0.066017 @ 95% credibility (15 tries)
Done in 0.30 min (cpu), 0.39 min (real)
Generate toy 203/250

 -- MarkovChainMC -- 
Limit: r < 4.48811 +/- 0.0849008 @ 95% credibility (15 tries)
Done in 0.30 min (cpu), 0.33 min (real)
Generate toy 204/250

 -- MarkovChainMC -- 
Limit: r < 5.5806 +/- 0.0597561 @ 95% credibility (15 tries)
Done in 0.32 min (cpu), 0.44 min (real)
Generate toy 205/250

 -- MarkovChainMC -- 
Limit: r < 4.53727 +/- 0.09677 @ 95% credibility (15 tries)
Done in 0.31 min (cpu), 0.44 min (real)
Generate toy 206/250

 -- MarkovChainMC -- 
Limit: r < 4.06408 +/- 0.0550004 @ 95% credibility (15 tries)
Done in 0.30 min (cpu), 0.33 min (real)
Generate toy 207/250

 -- MarkovChainMC -- 
Limit: r < 6.0814 +/- 0.0498501 @ 95% credibility (15 tries)
Done in 0.32 min (cpu), 0.35 min (real)
Generate toy 208/250

 -- MarkovChainMC -- 
Limit: r < 4.50792 +/- 0.0372547 @ 95% credibility (15 tries)
Done in 0.30 min (cpu), 0.41 min (real)
Generate toy 209/250

 -- MarkovChainMC -- 
Limit: r < 6.95596 +/- 0.0632253 @ 95% credibility (15 tries)
Done in 0.32 min (cpu), 0.36 min (real)
Generate toy 210/250

 -- MarkovChainMC -- 
Limit: r < 4.63053 +/- 0.102423 @ 95% credibility (15 tries)
Done in 0.30 min (cpu), 0.32 min (real)
Generate toy 211/250

 -- MarkovChainMC -- 
Limit: r < 7.42484 +/- 0.111376 @ 95% credibility (15 tries)
Done in 0.33 min (cpu), 0.38 min (real)
Generate toy 212/250

 -- MarkovChainMC -- 
Limit: r < 3.20678 +/- 0.0758728 @ 95% credibility (15 tries)
Done in 0.29 min (cpu), 0.31 min (real)
Generate toy 213/250

 -- MarkovChainMC -- 
Limit: r < 5.45583 +/- 0.0732962 @ 95% credibility (15 tries)
Done in 0.31 min (cpu), 0.32 min (real)
Generate toy 214/250

 -- MarkovChainMC -- 
Limit: r < 5.4388 +/- 0.085312 @ 95% credibility (15 tries)
Done in 0.32 min (cpu), 0.37 min (real)
Generate toy 215/250

 -- MarkovChainMC -- 
Limit: r < 5.15435 +/- 0.0905304 @ 95% credibility (15 tries)
Done in 0.32 min (cpu), 0.34 min (real)
Generate toy 216/250

 -- MarkovChainMC -- 
Limit: r < 5.59652 +/- 0.081626 @ 95% credibility (15 tries)
Done in 0.32 min (cpu), 0.40 min (real)
Generate toy 217/250

 -- MarkovChainMC -- 
Limit: r < 4.96946 +/- 0.104642 @ 95% credibility (15 tries)
Done in 0.31 min (cpu), 0.39 min (real)
Generate toy 218/250

 -- MarkovChainMC -- 
Limit: r < 4.93938 +/- 0.0668511 @ 95% credibility (15 tries)
Done in 0.33 min (cpu), 0.37 min (real)
Generate toy 219/250

 -- MarkovChainMC -- 
Limit: r < 4.76206 +/- 0.101003 @ 95% credibility (15 tries)
Done in 0.31 min (cpu), 0.44 min (real)
Generate toy 220/250

 -- MarkovChainMC -- 
Limit: r < 7.24448 +/- 0.0872424 @ 95% credibility (15 tries)
Done in 0.33 min (cpu), 0.41 min (real)
Generate toy 221/250

 -- MarkovChainMC -- 
Limit: r < 4.77945 +/- 0.0696863 @ 95% credibility (15 tries)
Done in 0.31 min (cpu), 0.36 min (real)
Generate toy 222/250

 -- MarkovChainMC -- 
Limit: r < 5.70863 +/- 0.0398235 @ 95% credibility (15 tries)
Done in 0.33 min (cpu), 0.38 min (real)
Generate toy 223/250

 -- MarkovChainMC -- 
Limit: r < 3.44329 +/- 0.0521769 @ 95% credibility (15 tries)
Done in 0.29 min (cpu), 0.39 min (real)
Generate toy 224/250

 -- MarkovChainMC -- 
Limit: r < 3.21147 +/- 0.046918 @ 95% credibility (15 tries)
Done in 0.29 min (cpu), 0.38 min (real)
Generate toy 225/250

 -- MarkovChainMC -- 
Limit: r < 4.36848 +/- 0.0485959 @ 95% credibility (15 tries)
Done in 0.30 min (cpu), 0.33 min (real)
Generate toy 226/250

 -- MarkovChainMC -- 
Limit: r < 6.62572 +/- 0.0780015 @ 95% credibility (15 tries)
Done in 0.32 min (cpu), 0.35 min (real)
Generate toy 227/250

 -- MarkovChainMC -- 
Limit: r < 4.96573 +/- 0.081971 @ 95% credibility (15 tries)
Done in 0.31 min (cpu), 0.41 min (real)
Generate toy 228/250

 -- MarkovChainMC -- 
Limit: r < 6.08765 +/- 0.0595922 @ 95% credibility (15 tries)
Done in 0.32 min (cpu), 0.36 min (real)
Generate toy 229/250

 -- MarkovChainMC -- 
Limit: r < 4.10551 +/- 0.0761889 @ 95% credibility (15 tries)
Done in 0.31 min (cpu), 0.34 min (real)
Generate toy 230/250

 -- MarkovChainMC -- 
Limit: r < 7.25448 +/- 0.136694 @ 95% credibility (15 tries)
Done in 0.33 min (cpu), 0.46 min (real)
Generate toy 231/250

 -- MarkovChainMC -- 
Limit: r < 3.36278 +/- 0.0360846 @ 95% credibility (15 tries)
Done in 0.31 min (cpu), 0.42 min (real)
Generate toy 232/250

 -- MarkovChainMC -- 
Limit: r < 8.73198 +/- 0.0846554 @ 95% credibility (15 tries)
Done in 0.33 min (cpu), 0.36 min (real)
Generate toy 233/250

 -- MarkovChainMC -- 
Limit: r < 5.53183 +/- 0.0645909 @ 95% credibility (15 tries)
Done in 0.31 min (cpu), 0.33 min (real)
Generate toy 234/250

 -- MarkovChainMC -- 
Limit: r < 8.19568 +/- 0.0776034 @ 95% credibility (15 tries)
Done in 0.33 min (cpu), 0.42 min (real)
Generate toy 235/250

 -- MarkovChainMC -- 
Limit: r < 4.58988 +/- 0.0810632 @ 95% credibility (15 tries)
Done in 0.32 min (cpu), 0.40 min (real)
Generate toy 236/250

 -- MarkovChainMC -- 
Limit: r < 7.71906 +/- 0.0951266 @ 95% credibility (15 tries)
Done in 0.32 min (cpu), 0.34 min (real)
Generate toy 237/250

 -- MarkovChainMC -- 
Limit: r < 6.32168 +/- 0.112573 @ 95% credibility (15 tries)
Done in 0.32 min (cpu), 0.35 min (real)
Generate toy 238/250

 -- MarkovChainMC -- 
Limit: r < 6.1177 +/- 0.10351 @ 95% credibility (15 tries)
Done in 0.32 min (cpu), 0.36 min (real)
Generate toy 239/250

 -- MarkovChainMC -- 
Limit: r < 3.11188 +/- 0.0439299 @ 95% credibility (15 tries)
Done in 0.29 min (cpu), 0.32 min (real)
Generate toy 240/250

 -- MarkovChainMC -- 
Limit: r < 5.73041 +/- 0.0993358 @ 95% credibility (15 tries)
Done in 0.32 min (cpu), 0.34 min (real)
Generate toy 241/250

 -- MarkovChainMC -- 
Limit: r < 3.27883 +/- 0.0302053 @ 95% credibility (15 tries)
Done in 0.29 min (cpu), 0.31 min (real)
Generate toy 242/250

 -- MarkovChainMC -- 
Limit: r < 6.25857 +/- 0.0481164 @ 95% credibility (15 tries)
Done in 0.32 min (cpu), 0.33 min (real)
Generate toy 243/250

 -- MarkovChainMC -- 
Limit: r < 4.74116 +/- 0.0588714 @ 95% credibility (15 tries)
Done in 0.31 min (cpu), 0.32 min (real)
Generate toy 244/250

 -- MarkovChainMC -- 
Limit: r < 3.088 +/- 0.0630868 @ 95% credibility (15 tries)
Done in 0.32 min (cpu), 0.33 min (real)
Generate toy 245/250

 -- MarkovChainMC -- 
Limit: r < 4.10035 +/- 0.071526 @ 95% credibility (15 tries)
Done in 0.29 min (cpu), 0.31 min (real)
Generate toy 246/250

 -- MarkovChainMC -- 
Limit: r < 4.77376 +/- 0.0507782 @ 95% credibility (15 tries)
Done in 0.30 min (cpu), 0.32 min (real)
Generate toy 247/250

 -- MarkovChainMC -- 
Limit: r < 4.21944 +/- 0.0778178 @ 95% credibility (15 tries)
Done in 0.30 min (cpu), 0.39 min (real)
Generate toy 248/250

 -- MarkovChainMC -- 
Limit: r < 5.06639 +/- 0.0816119 @ 95% credibility (15 tries)
Done in 0.32 min (cpu), 0.56 min (real)
Generate toy 249/250

 -- MarkovChainMC -- 
Limit: r < 4.19838 +/- 0.0627277 @ 95% credibility (15 tries)
Done in 0.31 min (cpu), 0.39 min (real)
Generate toy 250/250

 -- MarkovChainMC -- 
Limit: r < 6.11016 +/- 0.105599 @ 95% credibility (15 tries)
Done in 0.31 min (cpu), 0.39 min (real)
mean   expected limit: r < 5.46668 +/- 0.119265 @ 95%CL (250 toyMC)
median expected limit: r < 5.0227 @ 95%CL (250 toyMC)
   68% expected band : 3.80256 < r < 7.25164
   95% expected band : 2.67117 < r < 10.6743
