 <<< Combine >>> 
 <<< v10.0.2 >>>
>>> Used OpenSSL to get a truly random seed -815106592
>>> Method used is MarkovChainMC
============================================================
Analyzing bin errors for: prop_binmuon_channel
Poisson cut-off: 10
Processes excluded for sums: Wprime6000
============================================================
Bin        Contents        Error           Notes                         
0          4246.641328     16.603226       total sum                     
0          4245.728997     16.603213       excluding marked processes    
0          65391.000000    255.716640      Unweighted events, alpha=0.064942
  => Total parameter prop_binmuon_channel_bin0[0.00,-7.00,7.00] to be Gaussian constrained
------------------------------------------------------------
1          1621.952722     7.828080        total sum                     
1          1621.101079     7.828053        excluding marked processes    
1          42886.000000    207.089353      Unweighted events, alpha=0.037820
  => Total parameter prop_binmuon_channel_bin1[0.00,-7.00,7.00] to be Gaussian constrained
------------------------------------------------------------
2          722.152536      4.795553        total sum                     
2          721.396648      4.795515        excluding marked processes    
2          22630.000000    150.432709      Unweighted events, alpha=0.031911
  => Total parameter prop_binmuon_channel_bin2[0.00,-7.00,7.00] to be Gaussian constrained
------------------------------------------------------------
3          359.972196      3.009411        total sum                     
3          359.285774      3.009355        excluding marked processes    
3          14254.000000    119.390117      Unweighted events, alpha=0.025254
  => Total parameter prop_binmuon_channel_bin3[0.00,-7.00,7.00] to be Gaussian constrained
------------------------------------------------------------
4          191.818615      3.360922        total sum                     
4          191.190097      3.360877        excluding marked processes    
4          3236.000000     56.885851       Unweighted events, alpha=0.059276
  => Total parameter prop_binmuon_channel_bin4[0.00,-7.00,7.00] to be Gaussian constrained
------------------------------------------------------------
5          112.781625      1.192229        total sum                     
5          112.217111      1.192110        excluding marked processes    
5          8861.000000     94.132885       Unweighted events, alpha=0.012728
  => Total parameter prop_binmuon_channel_bin5[0.00,-7.00,7.00] to be Gaussian constrained
------------------------------------------------------------
6          108.048119      1.524224        total sum                     
6          107.129583      1.524073        excluding marked processes    
6          4941.000000     70.292247       Unweighted events, alpha=0.021868
  => Total parameter prop_binmuon_channel_bin6[0.00,-7.00,7.00] to be Gaussian constrained
------------------------------------------------------------
7          41.882487       0.658218        total sum                     
7          41.104515       0.657922        excluding marked processes    
7          3903.000000     62.473995       Unweighted events, alpha=0.010731
  => Total parameter prop_binmuon_channel_bin7[0.00,-7.00,7.00] to be Gaussian constrained
------------------------------------------------------------
8          24.326166       0.587427        total sum                     
8          23.449391       0.587056        excluding marked processes    
8          1596.000000     39.949969       Unweighted events, alpha=0.015242
  => Total parameter prop_binmuon_channel_bin8[0.00,-7.00,7.00] to be Gaussian constrained
------------------------------------------------------------
9          9.047352        0.395006        total sum                     
9          8.355840        0.394559        excluding marked processes    
9          448.000000      21.166010       Unweighted events, alpha=0.020195
  => Total parameter prop_binmuon_channel_bin9[0.00,-7.00,7.00] to be Gaussian constrained
------------------------------------------------------------
10         4.210439        0.252580        total sum                     
10         3.506378        0.251887        excluding marked processes    
10         194.000000      13.928388       Unweighted events, alpha=0.021703
  => Total parameter prop_binmuon_channel_bin10[0.00,-7.00,7.00] to be Gaussian constrained
------------------------------------------------------------
11         2.292940        0.181477        total sum                     
11         1.363219        0.180174        excluding marked processes    
11         57.000000       7.549834        Unweighted events, alpha=0.040227
  => Total parameter prop_binmuon_channel_bin11[0.00,-7.00,7.00] to be Gaussian constrained
------------------------------------------------------------
12         1.396141        0.289829        total sum                     
12         0.530791        0.289065        excluding marked processes    
12         3.000000        1.732051        Unweighted events, alpha=0.465380
  => Number of weighted events is below Poisson threshold
    Wprime6000           0.865349        0.021024                                      
                         1694.000000     41.158231       Unweighted events, alpha=0.000511
      => Parameter prop_binmuon_channel_bin12_Wprime6000[0.00,-7.00,7.00] to be Gaussian constrained
  ----------------------------------------------------------
    W_boson              0.216692        0.001181                                      
                         33653.000000    183.447540      Unweighted events, alpha=0.000006
      => Parameter prop_binmuon_channel_bin12_W_boson[0.00,-7.00,7.00] to be Gaussian constrained
  ----------------------------------------------------------
    Top                  0.000000        0.000000                                      
      => Error is zero, ignore      
  ----------------------------------------------------------
    Z_boson              0.004094        0.000500                                      
                         67.000000       8.185353        Unweighted events, alpha=0.000061
      => Parameter prop_binmuon_channel_bin12_Z_boson[0.00,-7.00,7.00] to be Gaussian constrained
  ----------------------------------------------------------
    DiBoson              0.288910        0.288561                                      
                         1.000000        1.000000        Unweighted events, alpha=0.288910
      => Product of prop_binmuon_channel_bin12_DiBoson[1.00,0.00,30.85] and const [1.0000] to be Poisson constrained
  ----------------------------------------------------------
    QCD                  0.021095        0.017013                                      
                         2.000000        1.414214        Unweighted events, alpha=0.010547
      => Product of prop_binmuon_channel_bin12_QCD[2.00,0.00,33.79] and const [0.5000] to be Poisson constrained
  ----------------------------------------------------------
------------------------------------------------------------
13         2.120519        0.032334        total sum                     
13         0.067145        0.000584        excluding marked processes    
13         13239.000000    115.060853      Unweighted events, alpha=0.000160
  => Total parameter prop_binmuon_channel_bin13[0.00,-7.00,7.00] to be Gaussian constrained
------------------------------------------------------------
14         1.743737        0.029276        total sum                     
14         0.003967        0.000043        excluding marked processes    
14         8482.000000     92.097774       Unweighted events, alpha=0.000206
  => Total parameter prop_binmuon_channel_bin14[0.00,-7.00,7.00] to be Gaussian constrained
------------------------------------------------------------
15         0.510927        0.016177        total sum                     
15         0.005625        0.003835        excluding marked processes    
15         2.000000        1.414214        Unweighted events, alpha=0.255463
  => Number of weighted events is below Poisson threshold
    Wprime6000           0.505302        0.015716                                      
                         1034.000000     32.155870       Unweighted events, alpha=0.000489
      => Parameter prop_binmuon_channel_bin15_Wprime6000[0.00,-7.00,7.00] to be Gaussian constrained
  ----------------------------------------------------------
    W_boson              0.000849        0.000021                                      
                         1670.000000     40.865633       Unweighted events, alpha=0.000001
      => Parameter prop_binmuon_channel_bin15_W_boson[0.00,-7.00,7.00] to be Gaussian constrained
  ----------------------------------------------------------
    Top                  0.000000        0.000000                                      
      => Error is zero, ignore      
  ----------------------------------------------------------
    Z_boson              0.000011        0.000003                                      
                         16.000000       4.000000        Unweighted events, alpha=0.000001
      => Parameter prop_binmuon_channel_bin15_Z_boson[0.00,-7.00,7.00] to be Gaussian constrained
  ----------------------------------------------------------
    DiBoson              0.000000        0.000000                                      
      => Error is zero, ignore      
  ----------------------------------------------------------
    QCD                  0.004765        0.003834                                      
                         2.000000        1.414214        Unweighted events, alpha=0.002383
      => Product of prop_binmuon_channel_bin15_QCD[2.00,0.00,33.79] and const [0.5000] to be Poisson constrained
  ----------------------------------------------------------
------------------------------------------------------------
Channel muon_channel will use autoMCStats with settings: event-threshold=10, include-signal=0, hist-mode=1
Generate toy 1/250

 -- MarkovChainMC -- 
Limit: r < 0.510031 +/- 0.00798433 @ 95% credibility (15 tries)
Done in 0.13 min (cpu), 0.13 min (real)
Generate toy 2/250

 -- MarkovChainMC -- 
Limit: r < 0.638852 +/- 0.00375564 @ 95% credibility (15 tries)
Done in 0.14 min (cpu), 0.14 min (real)
Generate toy 3/250

 -- MarkovChainMC -- 
Limit: r < 0.70621 +/- 0.00732476 @ 95% credibility (15 tries)
Done in 0.16 min (cpu), 0.17 min (real)
Generate toy 4/250

 -- MarkovChainMC -- 
Limit: r < 0.658911 +/- 0.00872301 @ 95% credibility (15 tries)
Done in 0.14 min (cpu), 0.14 min (real)
Generate toy 5/250

 -- MarkovChainMC -- 
Limit: r < 0.525079 +/- 0.0127611 @ 95% credibility (15 tries)
Done in 0.15 min (cpu), 0.15 min (real)
Generate toy 6/250

 -- MarkovChainMC -- 
Limit: r < 0.602879 +/- 0.00800498 @ 95% credibility (15 tries)
Done in 0.13 min (cpu), 0.13 min (real)
Generate toy 7/250

 -- MarkovChainMC -- 
Limit: r < 0.562542 +/- 0.00575639 @ 95% credibility (15 tries)
Done in 0.18 min (cpu), 0.18 min (real)
Generate toy 8/250

 -- MarkovChainMC -- 
Limit: r < 0.611707 +/- 0.00909157 @ 95% credibility (15 tries)
Done in 0.17 min (cpu), 0.17 min (real)
Generate toy 9/250

 -- MarkovChainMC -- 
Limit: r < 0.713866 +/- 0.0169352 @ 95% credibility (15 tries)
Done in 0.18 min (cpu), 0.18 min (real)
Generate toy 10/250

 -- MarkovChainMC -- 
Limit: r < 0.657191 +/- 0.00737625 @ 95% credibility (15 tries)
Done in 0.17 min (cpu), 0.17 min (real)
Generate toy 11/250

 -- MarkovChainMC -- 
Limit: r < 0.482045 +/- 0.0113551 @ 95% credibility (15 tries)
Done in 0.17 min (cpu), 0.17 min (real)
Generate toy 12/250

 -- MarkovChainMC -- 
Limit: r < 0.703059 +/- 0.0124951 @ 95% credibility (15 tries)
Done in 0.17 min (cpu), 0.17 min (real)
Generate toy 13/250

 -- MarkovChainMC -- 
Limit: r < 0.548121 +/- 0.00831763 @ 95% credibility (15 tries)
Done in 0.17 min (cpu), 0.17 min (real)
Generate toy 14/250

 -- MarkovChainMC -- 
Limit: r < 0.530898 +/- 0.0108009 @ 95% credibility (15 tries)
Done in 0.14 min (cpu), 0.14 min (real)
Generate toy 15/250

 -- MarkovChainMC -- 
Limit: r < 1.59232 +/- 0.0266456 @ 95% credibility (15 tries)
Done in 0.14 min (cpu), 0.14 min (real)
Generate toy 16/250

 -- MarkovChainMC -- 
Limit: r < 0.628816 +/- 0.00892558 @ 95% credibility (15 tries)
Done in 0.14 min (cpu), 0.14 min (real)
Generate toy 17/250

 -- MarkovChainMC -- 
Limit: r < 0.599537 +/- 0.0103997 @ 95% credibility (15 tries)
Done in 0.18 min (cpu), 0.18 min (real)
Generate toy 18/250

 -- MarkovChainMC -- 
Limit: r < 1.65468 +/- 0.0307655 @ 95% credibility (15 tries)
Done in 0.20 min (cpu), 0.20 min (real)
Generate toy 19/250

 -- MarkovChainMC -- 
Limit: r < 0.490238 +/- 0.00683047 @ 95% credibility (15 tries)
Done in 0.18 min (cpu), 0.18 min (real)
Generate toy 20/250

 -- MarkovChainMC -- 
Limit: r < 0.982034 +/- 0.0118479 @ 95% credibility (15 tries)
Done in 0.19 min (cpu), 0.19 min (real)
Generate toy 21/250

 -- MarkovChainMC -- 
Limit: r < 0.507498 +/- 0.00517577 @ 95% credibility (15 tries)
Done in 0.18 min (cpu), 0.18 min (real)
Generate toy 22/250

 -- MarkovChainMC -- 
Limit: r < 0.768754 +/- 0.0178079 @ 95% credibility (15 tries)
Done in 0.16 min (cpu), 0.16 min (real)
Generate toy 23/250

 -- MarkovChainMC -- 
Limit: r < 0.57306 +/- 0.00728124 @ 95% credibility (15 tries)
Done in 0.16 min (cpu), 0.16 min (real)
Generate toy 24/250

 -- MarkovChainMC -- 
Limit: r < 0.84829 +/- 0.014353 @ 95% credibility (15 tries)
Done in 0.16 min (cpu), 0.16 min (real)
Generate toy 25/250

 -- MarkovChainMC -- 
Limit: r < 0.613379 +/- 0.0081517 @ 95% credibility (15 tries)
Done in 0.18 min (cpu), 0.18 min (real)
Generate toy 26/250

 -- MarkovChainMC -- 
Limit: r < 0.777278 +/- 0.0147194 @ 95% credibility (15 tries)
Done in 0.15 min (cpu), 0.15 min (real)
Generate toy 27/250

 -- MarkovChainMC -- 
Limit: r < 0.635625 +/- 0.0142303 @ 95% credibility (15 tries)
Done in 0.15 min (cpu), 0.15 min (real)
Generate toy 28/250

 -- MarkovChainMC -- 
Limit: r < 0.75779 +/- 0.0132271 @ 95% credibility (15 tries)
Done in 0.13 min (cpu), 0.13 min (real)
Generate toy 29/250

 -- MarkovChainMC -- 
Limit: r < 0.653685 +/- 0.0110295 @ 95% credibility (15 tries)
Done in 0.15 min (cpu), 0.15 min (real)
Generate toy 30/250

 -- MarkovChainMC -- 
Limit: r < 0.995514 +/- 0.0153834 @ 95% credibility (15 tries)
Done in 0.19 min (cpu), 0.19 min (real)
Generate toy 31/250

 -- MarkovChainMC -- 
Limit: r < 0.540839 +/- 0.00957751 @ 95% credibility (15 tries)
Done in 0.17 min (cpu), 0.17 min (real)
Generate toy 32/250

 -- MarkovChainMC -- 
Limit: r < 0.881882 +/- 0.00816982 @ 95% credibility (15 tries)
Done in 0.18 min (cpu), 0.18 min (real)
Generate toy 33/250

 -- MarkovChainMC -- 
Limit: r < 0.73833 +/- 0.0131968 @ 95% credibility (15 tries)
Done in 0.14 min (cpu), 0.14 min (real)
Generate toy 34/250

 -- MarkovChainMC -- 
Limit: r < 0.583585 +/- 0.00534867 @ 95% credibility (15 tries)
Done in 0.18 min (cpu), 0.18 min (real)
Generate toy 35/250

 -- MarkovChainMC -- 
Limit: r < 0.82119 +/- 0.014098 @ 95% credibility (15 tries)
Done in 0.18 min (cpu), 0.18 min (real)
Generate toy 36/250

 -- MarkovChainMC -- 
Limit: r < 0.648471 +/- 0.0100441 @ 95% credibility (15 tries)
Done in 0.15 min (cpu), 0.15 min (real)
Generate toy 37/250

 -- MarkovChainMC -- 
Limit: r < 0.71233 +/- 0.0111411 @ 95% credibility (15 tries)
Done in 0.16 min (cpu), 0.17 min (real)
Generate toy 38/250

 -- MarkovChainMC -- 
Limit: r < 1.14469 +/- 0.0120309 @ 95% credibility (15 tries)
Done in 0.15 min (cpu), 0.15 min (real)
Generate toy 39/250

 -- MarkovChainMC -- 
Limit: r < 0.555498 +/- 0.00745764 @ 95% credibility (15 tries)
Done in 0.15 min (cpu), 0.15 min (real)
Generate toy 40/250

 -- MarkovChainMC -- 
Limit: r < 0.782582 +/- 0.0167143 @ 95% credibility (15 tries)
Done in 0.13 min (cpu), 0.13 min (real)
Generate toy 41/250

 -- MarkovChainMC -- 
Limit: r < 1.02536 +/- 0.017862 @ 95% credibility (15 tries)
Done in 0.19 min (cpu), 0.19 min (real)
Generate toy 42/250

 -- MarkovChainMC -- 
Limit: r < 1.12213 +/- 0.0170116 @ 95% credibility (15 tries)
Done in 0.19 min (cpu), 0.19 min (real)
Generate toy 43/250

 -- MarkovChainMC -- 
Limit: r < 0.566732 +/- 0.0139542 @ 95% credibility (15 tries)
Done in 0.13 min (cpu), 0.13 min (real)
Generate toy 44/250

 -- MarkovChainMC -- 
Limit: r < 0.750295 +/- 0.0121253 @ 95% credibility (15 tries)
Done in 0.15 min (cpu), 0.15 min (real)
Generate toy 45/250

 -- MarkovChainMC -- 
Limit: r < 0.681513 +/- 0.0120529 @ 95% credibility (15 tries)
Done in 0.16 min (cpu), 0.16 min (real)
Generate toy 46/250

 -- MarkovChainMC -- 
Limit: r < 0.533623 +/- 0.00727054 @ 95% credibility (15 tries)
Done in 0.15 min (cpu), 0.15 min (real)
Generate toy 47/250

 -- MarkovChainMC -- 
Limit: r < 0.581458 +/- 0.00718396 @ 95% credibility (15 tries)
Done in 0.18 min (cpu), 0.18 min (real)
Generate toy 48/250

 -- MarkovChainMC -- 
Limit: r < 0.653363 +/- 0.0126865 @ 95% credibility (15 tries)
Done in 0.16 min (cpu), 0.16 min (real)
Generate toy 49/250

 -- MarkovChainMC -- 
Limit: r < 0.774144 +/- 0.0105899 @ 95% credibility (15 tries)
Done in 0.18 min (cpu), 0.18 min (real)
Generate toy 50/250

 -- MarkovChainMC -- 
Limit: r < 0.560779 +/- 0.0103418 @ 95% credibility (15 tries)
Done in 0.15 min (cpu), 0.15 min (real)
Generate toy 51/250

 -- MarkovChainMC -- 
Limit: r < 0.635996 +/- 0.00824949 @ 95% credibility (15 tries)
Done in 0.14 min (cpu), 0.14 min (real)
Generate toy 52/250

 -- MarkovChainMC -- 
Limit: r < 0.932741 +/- 0.00618188 @ 95% credibility (15 tries)
Done in 0.16 min (cpu), 0.16 min (real)
Generate toy 53/250

 -- MarkovChainMC -- 
Limit: r < 0.556985 +/- 0.0094679 @ 95% credibility (15 tries)
Done in 0.17 min (cpu), 0.18 min (real)
Generate toy 54/250

 -- MarkovChainMC -- 
Limit: r < 0.555194 +/- 0.0065268 @ 95% credibility (15 tries)
Done in 0.16 min (cpu), 0.16 min (real)
Generate toy 55/250

 -- MarkovChainMC -- 
Limit: r < 0.681877 +/- 0.0100783 @ 95% credibility (15 tries)
Done in 0.16 min (cpu), 0.16 min (real)
Generate toy 56/250

 -- MarkovChainMC -- 
Limit: r < 0.90046 +/- 0.0102683 @ 95% credibility (15 tries)
Done in 0.15 min (cpu), 0.15 min (real)
Generate toy 57/250

 -- MarkovChainMC -- 
Limit: r < 0.667585 +/- 0.0105762 @ 95% credibility (15 tries)
Done in 0.19 min (cpu), 0.19 min (real)
Generate toy 58/250

 -- MarkovChainMC -- 
Limit: r < 0.781467 +/- 0.0123182 @ 95% credibility (15 tries)
Done in 0.19 min (cpu), 0.19 min (real)
Generate toy 59/250

 -- MarkovChainMC -- 
Limit: r < 0.8997 +/- 0.0122123 @ 95% credibility (15 tries)
Done in 0.15 min (cpu), 0.16 min (real)
Generate toy 60/250

 -- MarkovChainMC -- 
Limit: r < 0.695256 +/- 0.010609 @ 95% credibility (15 tries)
Done in 0.14 min (cpu), 0.14 min (real)
Generate toy 61/250

 -- MarkovChainMC -- 
Limit: r < 0.574551 +/- 0.0113024 @ 95% credibility (15 tries)
Done in 0.15 min (cpu), 0.15 min (real)
Generate toy 62/250

 -- MarkovChainMC -- 
Limit: r < 0.809311 +/- 0.0076402 @ 95% credibility (15 tries)
Done in 0.16 min (cpu), 0.16 min (real)
Generate toy 63/250

 -- MarkovChainMC -- 
Limit: r < 0.969763 +/- 0.0235306 @ 95% credibility (15 tries)
Done in 0.16 min (cpu), 0.16 min (real)
Generate toy 64/250

 -- MarkovChainMC -- 
Limit: r < 0.782715 +/- 0.00797157 @ 95% credibility (15 tries)
Done in 0.14 min (cpu), 0.14 min (real)
Generate toy 65/250

 -- MarkovChainMC -- 
Limit: r < 0.631282 +/- 0.0152389 @ 95% credibility (15 tries)
Done in 0.13 min (cpu), 0.13 min (real)
Generate toy 66/250

 -- MarkovChainMC -- 
Limit: r < 0.782724 +/- 0.00886084 @ 95% credibility (15 tries)
Done in 0.18 min (cpu), 0.18 min (real)
Generate toy 67/250

 -- MarkovChainMC -- 
Limit: r < 0.602664 +/- 0.009735 @ 95% credibility (15 tries)
Done in 0.12 min (cpu), 0.12 min (real)
Generate toy 68/250

 -- MarkovChainMC -- 
Limit: r < 0.556768 +/- 0.0105088 @ 95% credibility (15 tries)
Done in 0.14 min (cpu), 0.15 min (real)
Generate toy 69/250

 -- MarkovChainMC -- 
Limit: r < 0.73924 +/- 0.0156731 @ 95% credibility (15 tries)
Done in 0.17 min (cpu), 0.17 min (real)
Generate toy 70/250

 -- MarkovChainMC -- 
Limit: r < 0.692513 +/- 0.0208039 @ 95% credibility (15 tries)
Done in 0.17 min (cpu), 0.17 min (real)
Generate toy 71/250

 -- MarkovChainMC -- 
Limit: r < 0.710102 +/- 0.0162237 @ 95% credibility (15 tries)
Done in 0.17 min (cpu), 0.17 min (real)
Generate toy 72/250

 -- MarkovChainMC -- 
Limit: r < 1.10146 +/- 0.011838 @ 95% credibility (15 tries)
Done in 0.16 min (cpu), 0.17 min (real)
Generate toy 73/250

 -- MarkovChainMC -- 
Limit: r < 0.633468 +/- 0.00957752 @ 95% credibility (15 tries)
Done in 0.16 min (cpu), 0.17 min (real)
Generate toy 74/250

 -- MarkovChainMC -- 
Limit: r < 0.646862 +/- 0.0126742 @ 95% credibility (15 tries)
Done in 0.13 min (cpu), 0.13 min (real)
Generate toy 75/250

 -- MarkovChainMC -- 
Limit: r < 0.65526 +/- 0.0104586 @ 95% credibility (15 tries)
Done in 0.14 min (cpu), 0.14 min (real)
Generate toy 76/250

 -- MarkovChainMC -- 
Limit: r < 0.588311 +/- 0.00368267 @ 95% credibility (15 tries)
Done in 0.12 min (cpu), 0.12 min (real)
Generate toy 77/250

 -- MarkovChainMC -- 
Limit: r < 0.578194 +/- 0.0121613 @ 95% credibility (15 tries)
Done in 0.12 min (cpu), 0.12 min (real)
Generate toy 78/250

 -- MarkovChainMC -- 
Limit: r < 0.544969 +/- 0.00667361 @ 95% credibility (15 tries)
Done in 0.12 min (cpu), 0.12 min (real)
Generate toy 79/250

 -- MarkovChainMC -- 
Limit: r < 0.786752 +/- 0.0104794 @ 95% credibility (15 tries)
Done in 0.16 min (cpu), 0.16 min (real)
Generate toy 80/250

 -- MarkovChainMC -- 
Limit: r < 0.494809 +/- 0.0109999 @ 95% credibility (15 tries)
Done in 0.16 min (cpu), 0.16 min (real)
Generate toy 81/250

 -- MarkovChainMC -- 
Limit: r < 0.496383 +/- 0.00724723 @ 95% credibility (15 tries)
Done in 0.14 min (cpu), 0.14 min (real)
Generate toy 82/250

 -- MarkovChainMC -- 
Limit: r < 0.652722 +/- 0.00725472 @ 95% credibility (15 tries)
Done in 0.14 min (cpu), 0.14 min (real)
Generate toy 83/250

 -- MarkovChainMC -- 
Limit: r < 0.69516 +/- 0.0124879 @ 95% credibility (15 tries)
Done in 0.13 min (cpu), 0.13 min (real)
Generate toy 84/250

 -- MarkovChainMC -- 
Limit: r < 0.574142 +/- 0.00698733 @ 95% credibility (15 tries)
Done in 0.12 min (cpu), 0.12 min (real)
Generate toy 85/250

 -- MarkovChainMC -- 
Limit: r < 0.601527 +/- 0.00853836 @ 95% credibility (15 tries)
Done in 0.12 min (cpu), 0.12 min (real)
Generate toy 86/250

 -- MarkovChainMC -- 
Limit: r < 0.562709 +/- 0.00925248 @ 95% credibility (15 tries)
Done in 0.12 min (cpu), 0.12 min (real)
Generate toy 87/250

 -- MarkovChainMC -- 
Limit: r < 0.625717 +/- 0.0164993 @ 95% credibility (15 tries)
Done in 0.12 min (cpu), 0.12 min (real)
Generate toy 88/250

 -- MarkovChainMC -- 
Limit: r < 0.661555 +/- 0.0102094 @ 95% credibility (15 tries)
Done in 0.12 min (cpu), 0.12 min (real)
Generate toy 89/250

 -- MarkovChainMC -- 
Limit: r < 0.626412 +/- 0.00897852 @ 95% credibility (15 tries)
Done in 0.12 min (cpu), 0.12 min (real)
Generate toy 90/250

 -- MarkovChainMC -- 
Limit: r < 0.577418 +/- 0.00280058 @ 95% credibility (15 tries)
Done in 0.14 min (cpu), 0.14 min (real)
Generate toy 91/250

 -- MarkovChainMC -- 
Limit: r < 0.530224 +/- 0.00497614 @ 95% credibility (15 tries)
Done in 0.15 min (cpu), 0.15 min (real)
Generate toy 92/250

 -- MarkovChainMC -- 
Limit: r < 0.762483 +/- 0.00991035 @ 95% credibility (15 tries)
Done in 0.13 min (cpu), 0.13 min (real)
Generate toy 93/250

 -- MarkovChainMC -- 
Limit: r < 1.27668 +/- 0.00502907 @ 95% credibility (15 tries)
Done in 0.15 min (cpu), 0.15 min (real)
Generate toy 94/250

 -- MarkovChainMC -- 
Limit: r < 0.528292 +/- 0.00837188 @ 95% credibility (15 tries)
Done in 0.14 min (cpu), 0.14 min (real)
Generate toy 95/250

 -- MarkovChainMC -- 
Limit: r < 0.769479 +/- 0.0152322 @ 95% credibility (15 tries)
Done in 0.14 min (cpu), 0.14 min (real)
Generate toy 96/250

 -- MarkovChainMC -- 
Limit: r < 0.650073 +/- 0.0120916 @ 95% credibility (15 tries)
Done in 0.16 min (cpu), 0.16 min (real)
Generate toy 97/250

 -- MarkovChainMC -- 
Limit: r < 0.827551 +/- 0.0159528 @ 95% credibility (15 tries)
Done in 0.16 min (cpu), 0.16 min (real)
Generate toy 98/250

 -- MarkovChainMC -- 
Limit: r < 0.57605 +/- 0.00873829 @ 95% credibility (15 tries)
Done in 0.16 min (cpu), 0.16 min (real)
Generate toy 99/250

 -- MarkovChainMC -- 
Limit: r < 0.778898 +/- 0.0137197 @ 95% credibility (15 tries)
Done in 0.15 min (cpu), 0.15 min (real)
Generate toy 100/250

 -- MarkovChainMC -- 
Limit: r < 0.769508 +/- 0.00779606 @ 95% credibility (15 tries)
Done in 0.16 min (cpu), 0.16 min (real)
Generate toy 101/250

 -- MarkovChainMC -- 
Limit: r < 0.608859 +/- 0.00971178 @ 95% credibility (15 tries)
Done in 0.12 min (cpu), 0.13 min (real)
Generate toy 102/250

 -- MarkovChainMC -- 
Limit: r < 1.17644 +/- 0.0285918 @ 95% credibility (15 tries)
Done in 0.12 min (cpu), 0.12 min (real)
Generate toy 103/250

 -- MarkovChainMC -- 
Limit: r < 0.824502 +/- 0.0168435 @ 95% credibility (15 tries)
Done in 0.15 min (cpu), 0.16 min (real)
Generate toy 104/250

 -- MarkovChainMC -- 
Limit: r < 0.485014 +/- 0.00939929 @ 95% credibility (15 tries)
Done in 0.13 min (cpu), 0.13 min (real)
Generate toy 105/250

 -- MarkovChainMC -- 
Limit: r < 0.659339 +/- 0.0100306 @ 95% credibility (15 tries)
Done in 0.16 min (cpu), 0.16 min (real)
Generate toy 106/250

 -- MarkovChainMC -- 
Limit: r < 0.604396 +/- 0.0170062 @ 95% credibility (15 tries)
Done in 0.16 min (cpu), 0.16 min (real)
Generate toy 107/250

 -- MarkovChainMC -- 
Limit: r < 0.484054 +/- 0.00919911 @ 95% credibility (15 tries)
Done in 0.15 min (cpu), 0.16 min (real)
Generate toy 108/250

 -- MarkovChainMC -- 
Limit: r < 0.594675 +/- 0.0113777 @ 95% credibility (15 tries)
Done in 0.14 min (cpu), 0.14 min (real)
Generate toy 109/250

 -- MarkovChainMC -- 
Limit: r < 0.676712 +/- 0.00832203 @ 95% credibility (15 tries)
Done in 0.14 min (cpu), 0.14 min (real)
Generate toy 110/250

 -- MarkovChainMC -- 
Limit: r < 0.550514 +/- 0.00958515 @ 95% credibility (15 tries)
Done in 0.15 min (cpu), 0.15 min (real)
Generate toy 111/250

 -- MarkovChainMC -- 
Limit: r < 0.773868 +/- 0.010755 @ 95% credibility (15 tries)
Done in 0.18 min (cpu), 0.18 min (real)
Generate toy 112/250

 -- MarkovChainMC -- 
Limit: r < 0.794562 +/- 0.0127437 @ 95% credibility (15 tries)
Done in 0.19 min (cpu), 0.19 min (real)
Generate toy 113/250

 -- MarkovChainMC -- 
Limit: r < 0.641192 +/- 0.00418759 @ 95% credibility (15 tries)
Done in 0.19 min (cpu), 0.19 min (real)
Generate toy 114/250

 -- MarkovChainMC -- 
Limit: r < 0.725549 +/- 0.0180081 @ 95% credibility (15 tries)
Done in 0.17 min (cpu), 0.17 min (real)
Generate toy 115/250

 -- MarkovChainMC -- 
Limit: r < 0.558702 +/- 0.00936315 @ 95% credibility (15 tries)
Done in 0.14 min (cpu), 0.14 min (real)
Generate toy 116/250

 -- MarkovChainMC -- 
Limit: r < 0.537768 +/- 0.00713032 @ 95% credibility (15 tries)
Done in 0.19 min (cpu), 0.19 min (real)
Generate toy 117/250

 -- MarkovChainMC -- 
Limit: r < 0.526159 +/- 0.00779422 @ 95% credibility (15 tries)
Done in 0.19 min (cpu), 0.19 min (real)
Generate toy 118/250

 -- MarkovChainMC -- 
Limit: r < 0.570872 +/- 0.00605247 @ 95% credibility (15 tries)
Done in 0.12 min (cpu), 0.12 min (real)
Generate toy 119/250

 -- MarkovChainMC -- 
Limit: r < 0.599668 +/- 0.00922777 @ 95% credibility (15 tries)
Done in 0.11 min (cpu), 0.11 min (real)
Generate toy 120/250

 -- MarkovChainMC -- 
Limit: r < 0.696142 +/- 0.0127867 @ 95% credibility (15 tries)
Done in 0.13 min (cpu), 0.13 min (real)
Generate toy 121/250

 -- MarkovChainMC -- 
Limit: r < 0.774084 +/- 0.01057 @ 95% credibility (15 tries)
Done in 0.13 min (cpu), 0.13 min (real)
Generate toy 122/250

 -- MarkovChainMC -- 
Limit: r < 1.0552 +/- 0.0204652 @ 95% credibility (15 tries)
Done in 0.14 min (cpu), 0.14 min (real)
Generate toy 123/250

 -- MarkovChainMC -- 
Limit: r < 0.705199 +/- 0.0107467 @ 95% credibility (15 tries)
Done in 0.17 min (cpu), 0.17 min (real)
Generate toy 124/250

 -- MarkovChainMC -- 
Limit: r < 0.649709 +/- 0.0104619 @ 95% credibility (15 tries)
Done in 0.15 min (cpu), 0.15 min (real)
Generate toy 125/250

 -- MarkovChainMC -- 
Limit: r < 0.914764 +/- 0.00759422 @ 95% credibility (15 tries)
Done in 0.15 min (cpu), 0.15 min (real)
Generate toy 126/250

 -- MarkovChainMC -- 
Limit: r < 0.848961 +/- 0.0114089 @ 95% credibility (15 tries)
Done in 0.15 min (cpu), 0.15 min (real)
Generate toy 127/250

 -- MarkovChainMC -- 
Limit: r < 0.791536 +/- 0.00773737 @ 95% credibility (15 tries)
Done in 0.19 min (cpu), 0.20 min (real)
Generate toy 128/250

 -- MarkovChainMC -- 
Limit: r < 0.63138 +/- 0.0119634 @ 95% credibility (15 tries)
Done in 0.19 min (cpu), 0.19 min (real)
Generate toy 129/250

 -- MarkovChainMC -- 
Limit: r < 0.762628 +/- 0.0171057 @ 95% credibility (15 tries)
Done in 0.13 min (cpu), 0.13 min (real)
Generate toy 130/250

 -- MarkovChainMC -- 
Limit: r < 0.54846 +/- 0.0107217 @ 95% credibility (15 tries)
Done in 0.12 min (cpu), 0.12 min (real)
Generate toy 131/250

 -- MarkovChainMC -- 
Limit: r < 0.707296 +/- 0.011364 @ 95% credibility (15 tries)
Done in 0.16 min (cpu), 0.16 min (real)
Generate toy 132/250

 -- MarkovChainMC -- 
Limit: r < 0.842599 +/- 0.0093027 @ 95% credibility (15 tries)
Done in 0.19 min (cpu), 0.19 min (real)
Generate toy 133/250

 -- MarkovChainMC -- 
Limit: r < 0.595274 +/- 0.00873888 @ 95% credibility (15 tries)
Done in 0.17 min (cpu), 0.18 min (real)
Generate toy 134/250

 -- MarkovChainMC -- 
Limit: r < 1.19554 +/- 0.0204858 @ 95% credibility (15 tries)
Done in 0.20 min (cpu), 0.20 min (real)
Generate toy 135/250

 -- MarkovChainMC -- 
Limit: r < 0.542501 +/- 0.00877931 @ 95% credibility (15 tries)
Done in 0.18 min (cpu), 0.18 min (real)
Generate toy 136/250

 -- MarkovChainMC -- 
Limit: r < 0.853194 +/- 0.00954361 @ 95% credibility (15 tries)
Done in 0.19 min (cpu), 0.19 min (real)
Generate toy 137/250

 -- MarkovChainMC -- 
Limit: r < 0.524662 +/- 0.00749959 @ 95% credibility (15 tries)
Done in 0.18 min (cpu), 0.18 min (real)
Generate toy 138/250

 -- MarkovChainMC -- 
Limit: r < 0.74197 +/- 0.0199521 @ 95% credibility (15 tries)
Done in 0.18 min (cpu), 0.19 min (real)
Generate toy 139/250

 -- MarkovChainMC -- 
Limit: r < 0.653028 +/- 0.0101638 @ 95% credibility (15 tries)
Done in 0.18 min (cpu), 0.18 min (real)
Generate toy 140/250

 -- MarkovChainMC -- 
Limit: r < 0.612821 +/- 0.0119764 @ 95% credibility (15 tries)
Done in 0.16 min (cpu), 0.16 min (real)
Generate toy 141/250

 -- MarkovChainMC -- 
Limit: r < 1.242 +/- 0.0381282 @ 95% credibility (15 tries)
Done in 0.15 min (cpu), 0.15 min (real)
Generate toy 142/250

 -- MarkovChainMC -- 
Limit: r < 0.680363 +/- 0.0127746 @ 95% credibility (15 tries)
Done in 0.12 min (cpu), 0.12 min (real)
Generate toy 143/250

 -- MarkovChainMC -- 
Limit: r < 0.568739 +/- 0.0131946 @ 95% credibility (15 tries)
Done in 0.13 min (cpu), 0.14 min (real)
Generate toy 144/250

 -- MarkovChainMC -- 
Limit: r < 1.12072 +/- 0.0178216 @ 95% credibility (15 tries)
Done in 0.12 min (cpu), 0.12 min (real)
Generate toy 145/250

 -- MarkovChainMC -- 
Limit: r < 0.65614 +/- 0.0142504 @ 95% credibility (15 tries)
Done in 0.12 min (cpu), 0.12 min (real)
Generate toy 146/250

 -- MarkovChainMC -- 
Limit: r < 0.667237 +/- 0.0081664 @ 95% credibility (15 tries)
Done in 0.12 min (cpu), 0.12 min (real)
Generate toy 147/250

 -- MarkovChainMC -- 
Limit: r < 0.571221 +/- 0.00625463 @ 95% credibility (15 tries)
Done in 0.12 min (cpu), 0.12 min (real)
Generate toy 148/250

 -- MarkovChainMC -- 
Limit: r < 0.58183 +/- 0.0108745 @ 95% credibility (15 tries)
Done in 0.11 min (cpu), 0.11 min (real)
Generate toy 149/250

 -- MarkovChainMC -- 
Limit: r < 0.87892 +/- 0.0240881 @ 95% credibility (15 tries)
Done in 0.12 min (cpu), 0.12 min (real)
Generate toy 150/250

 -- MarkovChainMC -- 
Limit: r < 0.634241 +/- 0.0114765 @ 95% credibility (15 tries)
Done in 0.16 min (cpu), 0.16 min (real)
Generate toy 151/250

 -- MarkovChainMC -- 
Limit: r < 0.49947 +/- 0.00651828 @ 95% credibility (15 tries)
Done in 0.12 min (cpu), 0.12 min (real)
Generate toy 152/250

 -- MarkovChainMC -- 
Limit: r < 0.624917 +/- 0.00856686 @ 95% credibility (15 tries)
Done in 0.11 min (cpu), 0.11 min (real)
Generate toy 153/250

 -- MarkovChainMC -- 
Limit: r < 0.577338 +/- 0.00743869 @ 95% credibility (15 tries)
Done in 0.14 min (cpu), 0.14 min (real)
Generate toy 154/250

 -- MarkovChainMC -- 
Limit: r < 0.733642 +/- 0.00865472 @ 95% credibility (15 tries)
Done in 0.13 min (cpu), 0.13 min (real)
Generate toy 155/250

 -- MarkovChainMC -- 
Limit: r < 0.552226 +/- 0.00947612 @ 95% credibility (15 tries)
Done in 0.12 min (cpu), 0.12 min (real)
Generate toy 156/250

 -- MarkovChainMC -- 
Limit: r < 0.711644 +/- 0.0119442 @ 95% credibility (15 tries)
Done in 0.12 min (cpu), 0.13 min (real)
Generate toy 157/250

 -- MarkovChainMC -- 
Limit: r < 0.867233 +/- 0.0154428 @ 95% credibility (15 tries)
Done in 0.14 min (cpu), 0.14 min (real)
Generate toy 158/250

 -- MarkovChainMC -- 
Limit: r < 1.15968 +/- 0.017484 @ 95% credibility (15 tries)
Done in 0.12 min (cpu), 0.12 min (real)
Generate toy 159/250

 -- MarkovChainMC -- 
Limit: r < 0.917007 +/- 0.0116619 @ 95% credibility (15 tries)
Done in 0.12 min (cpu), 0.12 min (real)
Generate toy 160/250

 -- MarkovChainMC -- 
Limit: r < 1.06116 +/- 0.0101645 @ 95% credibility (15 tries)
Done in 0.17 min (cpu), 0.17 min (real)
Generate toy 161/250

 -- MarkovChainMC -- 
Limit: r < 1.40202 +/- 0.0072732 @ 95% credibility (15 tries)
Done in 0.18 min (cpu), 0.18 min (real)
Generate toy 162/250

 -- MarkovChainMC -- 
Limit: r < 0.633917 +/- 0.0182494 @ 95% credibility (15 tries)
Done in 0.19 min (cpu), 0.19 min (real)
Generate toy 163/250

 -- MarkovChainMC -- 
Limit: r < 0.694733 +/- 0.0142704 @ 95% credibility (15 tries)
Done in 0.19 min (cpu), 0.19 min (real)
Generate toy 164/250

 -- MarkovChainMC -- 
Limit: r < 0.674163 +/- 0.00864571 @ 95% credibility (15 tries)
Done in 0.18 min (cpu), 0.18 min (real)
Generate toy 165/250

 -- MarkovChainMC -- 
Limit: r < 0.698674 +/- 0.0096163 @ 95% credibility (15 tries)
Done in 0.17 min (cpu), 0.17 min (real)
Generate toy 166/250

 -- MarkovChainMC -- 
Limit: r < 1.00674 +/- 0.0134019 @ 95% credibility (15 tries)
Done in 0.17 min (cpu), 0.17 min (real)
Generate toy 167/250

 -- MarkovChainMC -- 
Limit: r < 0.606683 +/- 0.00841935 @ 95% credibility (15 tries)
Done in 0.16 min (cpu), 0.17 min (real)
Generate toy 168/250

 -- MarkovChainMC -- 
Limit: r < 0.711558 +/- 0.00811941 @ 95% credibility (15 tries)
Done in 0.17 min (cpu), 0.17 min (real)
Generate toy 169/250

 -- MarkovChainMC -- 
Limit: r < 0.757464 +/- 0.01681 @ 95% credibility (15 tries)
Done in 0.17 min (cpu), 0.17 min (real)
Generate toy 170/250

 -- MarkovChainMC -- 
Limit: r < 0.699293 +/- 0.00644092 @ 95% credibility (15 tries)
Done in 0.17 min (cpu), 0.17 min (real)
Generate toy 171/250

 -- MarkovChainMC -- 
Limit: r < 0.534068 +/- 0.0109137 @ 95% credibility (15 tries)
Done in 0.16 min (cpu), 0.16 min (real)
Generate toy 172/250

 -- MarkovChainMC -- 
Limit: r < 0.932083 +/- 0.0142835 @ 95% credibility (15 tries)
Done in 0.17 min (cpu), 0.17 min (real)
Generate toy 173/250

 -- MarkovChainMC -- 
Limit: r < 0.599103 +/- 0.0129284 @ 95% credibility (15 tries)
Done in 0.16 min (cpu), 0.16 min (real)
Generate toy 174/250

 -- MarkovChainMC -- 
Limit: r < 0.631096 +/- 0.0183275 @ 95% credibility (15 tries)
Done in 0.13 min (cpu), 0.13 min (real)
Generate toy 175/250

 -- MarkovChainMC -- 
Limit: r < 0.772976 +/- 0.0142856 @ 95% credibility (15 tries)
Done in 0.12 min (cpu), 0.12 min (real)
Generate toy 176/250

 -- MarkovChainMC -- 
Limit: r < 0.490019 +/- 0.0129793 @ 95% credibility (15 tries)
Done in 0.12 min (cpu), 0.12 min (real)
Generate toy 177/250

 -- MarkovChainMC -- 
Limit: r < 0.621256 +/- 0.0166203 @ 95% credibility (15 tries)
Done in 0.15 min (cpu), 0.15 min (real)
Generate toy 178/250

 -- MarkovChainMC -- 
Limit: r < 0.989987 +/- 0.0080691 @ 95% credibility (15 tries)
Done in 0.15 min (cpu), 0.15 min (real)
Generate toy 179/250

 -- MarkovChainMC -- 
Limit: r < 0.765634 +/- 0.0149628 @ 95% credibility (15 tries)
Done in 0.17 min (cpu), 0.17 min (real)
Generate toy 180/250

 -- MarkovChainMC -- 
Limit: r < 0.987793 +/- 0.0150107 @ 95% credibility (15 tries)
Done in 0.17 min (cpu), 0.17 min (real)
Generate toy 181/250

 -- MarkovChainMC -- 
Limit: r < 0.733154 +/- 0.0134289 @ 95% credibility (15 tries)
Done in 0.16 min (cpu), 0.17 min (real)
Generate toy 182/250

 -- MarkovChainMC -- 
Limit: r < 0.663682 +/- 0.0100152 @ 95% credibility (15 tries)
Done in 0.13 min (cpu), 0.13 min (real)
Generate toy 183/250

 -- MarkovChainMC -- 
Limit: r < 0.582626 +/- 0.00891028 @ 95% credibility (15 tries)
Done in 0.16 min (cpu), 0.16 min (real)
Generate toy 184/250

 -- MarkovChainMC -- 
Limit: r < 0.71413 +/- 0.0162201 @ 95% credibility (15 tries)
Done in 0.16 min (cpu), 0.16 min (real)
Generate toy 185/250

 -- MarkovChainMC -- 
Limit: r < 0.57509 +/- 0.00969086 @ 95% credibility (15 tries)
Done in 0.16 min (cpu), 0.16 min (real)
Generate toy 186/250

 -- MarkovChainMC -- 
Limit: r < 0.513905 +/- 0.00744257 @ 95% credibility (15 tries)
Done in 0.16 min (cpu), 0.16 min (real)
Generate toy 187/250

 -- MarkovChainMC -- 
Limit: r < 0.667621 +/- 0.00898625 @ 95% credibility (15 tries)
Done in 0.16 min (cpu), 0.16 min (real)
Generate toy 188/250

 -- MarkovChainMC -- 
Limit: r < 0.628474 +/- 0.0130103 @ 95% credibility (15 tries)
Done in 0.16 min (cpu), 0.16 min (real)
Generate toy 189/250

 -- MarkovChainMC -- 
Limit: r < 0.841247 +/- 0.0136293 @ 95% credibility (15 tries)
Done in 0.17 min (cpu), 0.17 min (real)
Generate toy 190/250

 -- MarkovChainMC -- 
Limit: r < 0.617883 +/- 0.0134053 @ 95% credibility (15 tries)
Done in 0.13 min (cpu), 0.13 min (real)
Generate toy 191/250

 -- MarkovChainMC -- 
Limit: r < 0.765938 +/- 0.0142344 @ 95% credibility (15 tries)
Done in 0.12 min (cpu), 0.12 min (real)
Generate toy 192/250

 -- MarkovChainMC -- 
Limit: r < 0.620749 +/- 0.00856512 @ 95% credibility (15 tries)
Done in 0.13 min (cpu), 0.13 min (real)
Generate toy 193/250

 -- MarkovChainMC -- 
Limit: r < 0.924118 +/- 0.00874297 @ 95% credibility (15 tries)
Done in 0.14 min (cpu), 0.14 min (real)
Generate toy 194/250

 -- MarkovChainMC -- 
Limit: r < 0.569888 +/- 0.00900736 @ 95% credibility (15 tries)
Done in 0.13 min (cpu), 0.13 min (real)
Generate toy 195/250

 -- MarkovChainMC -- 
Limit: r < 0.925905 +/- 0.0169299 @ 95% credibility (15 tries)
Done in 0.13 min (cpu), 0.13 min (real)
Generate toy 196/250

 -- MarkovChainMC -- 
Limit: r < 0.662284 +/- 0.0125382 @ 95% credibility (15 tries)
Done in 0.11 min (cpu), 0.11 min (real)
Generate toy 197/250

 -- MarkovChainMC -- 
Limit: r < 0.647843 +/- 0.0100739 @ 95% credibility (15 tries)
Done in 0.11 min (cpu), 0.11 min (real)
Generate toy 198/250

 -- MarkovChainMC -- 
Limit: r < 0.538691 +/- 0.0089892 @ 95% credibility (15 tries)
Done in 0.18 min (cpu), 0.18 min (real)
Generate toy 199/250

 -- MarkovChainMC -- 
Limit: r < 0.680441 +/- 0.00901057 @ 95% credibility (15 tries)
Done in 0.19 min (cpu), 0.19 min (real)
Generate toy 200/250

 -- MarkovChainMC -- 
Limit: r < 0.75613 +/- 0.00806502 @ 95% credibility (15 tries)
Done in 0.18 min (cpu), 0.19 min (real)
Generate toy 201/250

 -- MarkovChainMC -- 
Limit: r < 0.856285 +/- 0.0157832 @ 95% credibility (15 tries)
Done in 0.19 min (cpu), 0.19 min (real)
Generate toy 202/250

 -- MarkovChainMC -- 
Limit: r < 0.901045 +/- 0.00908474 @ 95% credibility (15 tries)
Done in 0.19 min (cpu), 0.19 min (real)
Generate toy 203/250

 -- MarkovChainMC -- 
Limit: r < 0.704391 +/- 0.0136846 @ 95% credibility (15 tries)
Done in 0.12 min (cpu), 0.12 min (real)
Generate toy 204/250

 -- MarkovChainMC -- 
Limit: r < 0.640128 +/- 0.0148301 @ 95% credibility (15 tries)
Done in 0.13 min (cpu), 0.13 min (real)
Generate toy 205/250

 -- MarkovChainMC -- 
Limit: r < 0.488794 +/- 0.0103053 @ 95% credibility (15 tries)
Done in 0.12 min (cpu), 0.12 min (real)
Generate toy 206/250

 -- MarkovChainMC -- 
Limit: r < 0.618679 +/- 0.014895 @ 95% credibility (15 tries)
Done in 0.14 min (cpu), 0.14 min (real)
Generate toy 207/250

 -- MarkovChainMC -- 
Limit: r < 0.626488 +/- 0.0120598 @ 95% credibility (15 tries)
Done in 0.14 min (cpu), 0.14 min (real)
Generate toy 208/250

 -- MarkovChainMC -- 
Limit: r < 0.915678 +/- 0.0153739 @ 95% credibility (15 tries)
Done in 0.13 min (cpu), 0.13 min (real)
Generate toy 209/250

 -- MarkovChainMC -- 
Limit: r < 0.656575 +/- 0.00711975 @ 95% credibility (15 tries)
Done in 0.12 min (cpu), 0.12 min (real)
Generate toy 210/250

 -- MarkovChainMC -- 
Limit: r < 0.651351 +/- 0.00879054 @ 95% credibility (15 tries)
Done in 0.13 min (cpu), 0.13 min (real)
Generate toy 211/250

 -- MarkovChainMC -- 
Limit: r < 1.02887 +/- 0.0240253 @ 95% credibility (15 tries)
Done in 0.13 min (cpu), 0.14 min (real)
Generate toy 212/250

 -- MarkovChainMC -- 
Limit: r < 0.622684 +/- 0.0137201 @ 95% credibility (15 tries)
Done in 0.14 min (cpu), 0.15 min (real)
Generate toy 213/250

 -- MarkovChainMC -- 
Limit: r < 1.10982 +/- 0.0115047 @ 95% credibility (15 tries)
Done in 0.14 min (cpu), 0.14 min (real)
Generate toy 214/250

 -- MarkovChainMC -- 
Limit: r < 0.790761 +/- 0.011394 @ 95% credibility (15 tries)
Done in 0.12 min (cpu), 0.12 min (real)
Generate toy 215/250

 -- MarkovChainMC -- 
Limit: r < 0.655601 +/- 0.0113247 @ 95% credibility (15 tries)
Done in 0.13 min (cpu), 0.13 min (real)
Generate toy 216/250

 -- MarkovChainMC -- 
Limit: r < 0.666551 +/- 0.0141515 @ 95% credibility (15 tries)
Done in 0.16 min (cpu), 0.16 min (real)
Generate toy 217/250

 -- MarkovChainMC -- 
Limit: r < 0.559827 +/- 0.00906405 @ 95% credibility (15 tries)
Done in 0.16 min (cpu), 0.16 min (real)
Generate toy 218/250

 -- MarkovChainMC -- 
Limit: r < 0.829074 +/- 0.0147579 @ 95% credibility (15 tries)
Done in 0.13 min (cpu), 0.13 min (real)
Generate toy 219/250

 -- MarkovChainMC -- 
Limit: r < 0.67154 +/- 0.0119503 @ 95% credibility (15 tries)
Done in 0.12 min (cpu), 0.12 min (real)
Generate toy 220/250

 -- MarkovChainMC -- 
Limit: r < 0.596372 +/- 0.0100071 @ 95% credibility (15 tries)
Done in 0.14 min (cpu), 0.14 min (real)
Generate toy 221/250

 -- MarkovChainMC -- 
Limit: r < 0.559432 +/- 0.00777751 @ 95% credibility (15 tries)
Done in 0.16 min (cpu), 0.16 min (real)
Generate toy 222/250

 -- MarkovChainMC -- 
Limit: r < 0.758439 +/- 0.0128766 @ 95% credibility (15 tries)
Done in 0.19 min (cpu), 0.19 min (real)
Generate toy 223/250

 -- MarkovChainMC -- 
Limit: r < 0.579919 +/- 0.00698339 @ 95% credibility (15 tries)
Done in 0.19 min (cpu), 0.19 min (real)
Generate toy 224/250

 -- MarkovChainMC -- 
Limit: r < 0.56873 +/- 0.0127157 @ 95% credibility (15 tries)
Done in 0.19 min (cpu), 0.19 min (real)
Generate toy 225/250

 -- MarkovChainMC -- 
Limit: r < 0.736078 +/- 0.00972819 @ 95% credibility (15 tries)
Done in 0.18 min (cpu), 0.19 min (real)
Generate toy 226/250

 -- MarkovChainMC -- 
Limit: r < 0.926474 +/- 0.0107087 @ 95% credibility (15 tries)
Done in 0.20 min (cpu), 0.20 min (real)
Generate toy 227/250

 -- MarkovChainMC -- 
Limit: r < 0.726438 +/- 0.0174683 @ 95% credibility (15 tries)
Done in 0.19 min (cpu), 0.19 min (real)
Generate toy 228/250

 -- MarkovChainMC -- 
Limit: r < 0.630871 +/- 0.0124316 @ 95% credibility (15 tries)
Done in 0.16 min (cpu), 0.16 min (real)
Generate toy 229/250

 -- MarkovChainMC -- 
Limit: r < 0.766114 +/- 0.0155644 @ 95% credibility (15 tries)
Done in 0.15 min (cpu), 0.15 min (real)
Generate toy 230/250

 -- MarkovChainMC -- 
Limit: r < 0.601989 +/- 0.0136789 @ 95% credibility (15 tries)
Done in 0.14 min (cpu), 0.14 min (real)
Generate toy 231/250

 -- MarkovChainMC -- 
Limit: r < 0.579738 +/- 0.0122609 @ 95% credibility (15 tries)
Done in 0.13 min (cpu), 0.13 min (real)
Generate toy 232/250

 -- MarkovChainMC -- 
Limit: r < 0.673047 +/- 0.013102 @ 95% credibility (15 tries)
Done in 0.12 min (cpu), 0.12 min (real)
Generate toy 233/250

 -- MarkovChainMC -- 
Limit: r < 0.683205 +/- 0.0069192 @ 95% credibility (15 tries)
Done in 0.16 min (cpu), 0.16 min (real)
Generate toy 234/250

 -- MarkovChainMC -- 
Limit: r < 0.661818 +/- 0.0107806 @ 95% credibility (15 tries)
Done in 0.18 min (cpu), 0.18 min (real)
Generate toy 235/250

 -- MarkovChainMC -- 
Limit: r < 0.870191 +/- 0.0227935 @ 95% credibility (15 tries)
Done in 0.17 min (cpu), 0.17 min (real)
Generate toy 236/250

 -- MarkovChainMC -- 
Limit: r < 0.649103 +/- 0.0106859 @ 95% credibility (15 tries)
Done in 0.15 min (cpu), 0.15 min (real)
Generate toy 237/250

 -- MarkovChainMC -- 
Limit: r < 0.601656 +/- 0.0124211 @ 95% credibility (15 tries)
Done in 0.12 min (cpu), 0.12 min (real)
Generate toy 238/250

 -- MarkovChainMC -- 
Limit: r < 0.571553 +/- 0.0174406 @ 95% credibility (15 tries)
Done in 0.11 min (cpu), 0.11 min (real)
Generate toy 239/250

 -- MarkovChainMC -- 
Limit: r < 0.678802 +/- 0.00507705 @ 95% credibility (15 tries)
Done in 0.11 min (cpu), 0.12 min (real)
Generate toy 240/250

 -- MarkovChainMC -- 
Limit: r < 0.815094 +/- 0.0149435 @ 95% credibility (15 tries)
Done in 0.15 min (cpu), 0.15 min (real)
Generate toy 241/250

 -- MarkovChainMC -- 
Limit: r < 0.579377 +/- 0.0073647 @ 95% credibility (15 tries)
Done in 0.13 min (cpu), 0.13 min (real)
Generate toy 242/250

 -- MarkovChainMC -- 
Limit: r < 0.688177 +/- 0.0130214 @ 95% credibility (15 tries)
Done in 0.12 min (cpu), 0.12 min (real)
Generate toy 243/250

 -- MarkovChainMC -- 
Limit: r < 0.797751 +/- 0.00983423 @ 95% credibility (15 tries)
Done in 0.12 min (cpu), 0.12 min (real)
Generate toy 244/250

 -- MarkovChainMC -- 
Limit: r < 0.722014 +/- 0.0154272 @ 95% credibility (15 tries)
Done in 0.12 min (cpu), 0.12 min (real)
Generate toy 245/250

 -- MarkovChainMC -- 
Limit: r < 0.577314 +/- 0.0103439 @ 95% credibility (15 tries)
Done in 0.12 min (cpu), 0.12 min (real)
Generate toy 246/250

 -- MarkovChainMC -- 
Limit: r < 0.584109 +/- 0.0120219 @ 95% credibility (15 tries)
Done in 0.16 min (cpu), 0.16 min (real)
Generate toy 247/250

 -- MarkovChainMC -- 
Limit: r < 0.615158 +/- 0.00703318 @ 95% credibility (15 tries)
Done in 0.16 min (cpu), 0.16 min (real)
Generate toy 248/250

 -- MarkovChainMC -- 
Limit: r < 0.888498 +/- 0.00830983 @ 95% credibility (15 tries)
Done in 0.14 min (cpu), 0.14 min (real)
Generate toy 249/250

 -- MarkovChainMC -- 
Limit: r < 0.871951 +/- 0.0160859 @ 95% credibility (15 tries)
Done in 0.14 min (cpu), 0.14 min (real)
Generate toy 250/250

 -- MarkovChainMC -- 
Limit: r < 0.746097 +/- 0.0208437 @ 95% credibility (15 tries)
Done in 0.12 min (cpu), 0.12 min (real)
mean   expected limit: r < 0.713619 +/- 0.0115388 @ 95%CL (250 toyMC)
median expected limit: r < 0.662051 @ 95%CL (250 toyMC)
   68% expected band : 0.56873 < r < 0.867233
   95% expected band : 0.494809 < r < 1.19554
