 <<< Combine >>> 
 <<< v10.0.2 >>>
>>> Used OpenSSL to get a truly random seed -698991102
>>> Method used is MarkovChainMC
============================================================
Analyzing bin errors for: prop_binmuon_channel
Poisson cut-off: 10
Processes excluded for sums: Signal
============================================================
Bin        Contents        Error           Notes                         
0          27.254132       5.205862        total sum                     
0          0.153133        0.001896        excluding marked processes    
0          6525.000000     80.777472       Unweighted events, alpha=0.004177
  => Total parameter prop_binmuon_channel_bin0[0.00,-7.00,7.00] to be Gaussian constrained
------------------------------------------------------------
Channel muon_channel will use autoMCStats with settings: event-threshold=10, include-signal=0, hist-mode=1
Generate toy 1/250

 -- MarkovChainMC -- 
Limit: r < 0.385409 +/- 0.00115679 @ 95% credibility (15 tries)
Done in 0.08 min (cpu), 0.08 min (real)
Generate toy 2/250

 -- MarkovChainMC -- 
Limit: r < 0.192016 +/- 0.00281213 @ 95% credibility (15 tries)
Done in 0.07 min (cpu), 0.07 min (real)
Generate toy 3/250

 -- MarkovChainMC -- 
Limit: r < 0.193236 +/- 0.014256 @ 95% credibility (15 tries)
Done in 0.06 min (cpu), 0.06 min (real)
Generate toy 4/250

 -- MarkovChainMC -- 
Limit: r < 0.185087 +/- 0.00909053 @ 95% credibility (15 tries)
Done in 0.06 min (cpu), 0.06 min (real)
Generate toy 5/250

 -- MarkovChainMC -- 
Limit: r < 0.202795 +/- 0.0124526 @ 95% credibility (15 tries)
Done in 0.06 min (cpu), 0.06 min (real)
Generate toy 6/250

 -- MarkovChainMC -- 
Limit: r < 0.170424 +/- 0.00677109 @ 95% credibility (15 tries)
Done in 0.06 min (cpu), 0.06 min (real)
Generate toy 7/250

 -- MarkovChainMC -- 
Limit: r < 0.187442 +/- 0.0104713 @ 95% credibility (15 tries)
Done in 0.07 min (cpu), 0.07 min (real)
Generate toy 8/250

 -- MarkovChainMC -- 
Limit: r < 0.240918 +/- 0.0121367 @ 95% credibility (15 tries)
Done in 0.06 min (cpu), 0.06 min (real)
Generate toy 9/250

 -- MarkovChainMC -- 
Limit: r < 0.203962 +/- 0.0086502 @ 95% credibility (15 tries)
Done in 0.06 min (cpu), 0.06 min (real)
Generate toy 10/250

 -- MarkovChainMC -- 
Limit: r < 0.198979 +/- 0.00146574 @ 95% credibility (15 tries)
Done in 0.06 min (cpu), 0.06 min (real)
Generate toy 11/250

 -- MarkovChainMC -- 
Limit: r < 0.166294 +/- 0.0102316 @ 95% credibility (15 tries)
Done in 0.06 min (cpu), 0.06 min (real)
Generate toy 12/250

 -- MarkovChainMC -- 
Limit: r < 0.18071 +/- 0.00877638 @ 95% credibility (15 tries)
Done in 0.07 min (cpu), 0.07 min (real)
Generate toy 13/250

 -- MarkovChainMC -- 
Limit: r < 0.173009 +/- 0.00748562 @ 95% credibility (15 tries)
Done in 0.06 min (cpu), 0.06 min (real)
Generate toy 14/250

 -- MarkovChainMC -- 
Limit: r < 0.197689 +/- 0.00460677 @ 95% credibility (15 tries)
Done in 0.06 min (cpu), 0.07 min (real)
Generate toy 15/250

 -- MarkovChainMC -- 
Limit: r < 0.181184 +/- 0.0101623 @ 95% credibility (15 tries)
Done in 0.07 min (cpu), 0.07 min (real)
Generate toy 16/250

 -- MarkovChainMC -- 
Limit: r < 0.181957 +/- 0.0110922 @ 95% credibility (15 tries)
Done in 0.06 min (cpu), 0.06 min (real)
Generate toy 17/250

 -- MarkovChainMC -- 
Limit: r < 0.178529 +/- 0.012197 @ 95% credibility (15 tries)
Done in 0.07 min (cpu), 0.07 min (real)
Generate toy 18/250

 -- MarkovChainMC -- 
Limit: r < 0.172041 +/- 0.00604816 @ 95% credibility (15 tries)
Done in 0.07 min (cpu), 0.07 min (real)
Generate toy 19/250

 -- MarkovChainMC -- 
Limit: r < 0.189105 +/- 0.00247429 @ 95% credibility (15 tries)
Done in 0.06 min (cpu), 0.06 min (real)
Generate toy 20/250

 -- MarkovChainMC -- 
Limit: r < 0.197102 +/- 0.00242228 @ 95% credibility (15 tries)
Done in 0.07 min (cpu), 0.07 min (real)
Generate toy 21/250

 -- MarkovChainMC -- 
Limit: r < 0.154134 +/- 0.0041224 @ 95% credibility (15 tries)
Done in 0.06 min (cpu), 0.06 min (real)
Generate toy 22/250

 -- MarkovChainMC -- 
Limit: r < 0.33698 +/- 0.000849245 @ 95% credibility (15 tries)
Done in 0.08 min (cpu), 0.08 min (real)
Generate toy 23/250

 -- MarkovChainMC -- 
Limit: r < 0.189647 +/- 0.0116536 @ 95% credibility (15 tries)
Done in 0.06 min (cpu), 0.06 min (real)
Generate toy 24/250

 -- MarkovChainMC -- 
Limit: r < 0.180983 +/- 0.0115859 @ 95% credibility (15 tries)
Done in 0.06 min (cpu), 0.06 min (real)
Generate toy 25/250

 -- MarkovChainMC -- 
Limit: r < 0.387362 +/- 0.000462565 @ 95% credibility (15 tries)
Done in 0.07 min (cpu), 0.07 min (real)
Generate toy 26/250

 -- MarkovChainMC -- 
Limit: r < 0.192616 +/- 0.00162947 @ 95% credibility (15 tries)
Done in 0.06 min (cpu), 0.06 min (real)
Generate toy 27/250

 -- MarkovChainMC -- 
Limit: r < 0.201132 +/- 0.0091832 @ 95% credibility (15 tries)
Done in 0.06 min (cpu), 0.06 min (real)
Generate toy 28/250

 -- MarkovChainMC -- 
Limit: r < 0.198695 +/- 0.0110099 @ 95% credibility (15 tries)
Done in 0.06 min (cpu), 0.06 min (real)
Generate toy 29/250

 -- MarkovChainMC -- 
Limit: r < 0.191594 +/- 0.00176035 @ 95% credibility (15 tries)
Done in 0.07 min (cpu), 0.07 min (real)
Generate toy 30/250

 -- MarkovChainMC -- 
Limit: r < 0.171402 +/- 0.00798812 @ 95% credibility (15 tries)
Done in 0.06 min (cpu), 0.06 min (real)
Generate toy 31/250

 -- MarkovChainMC -- 
Limit: r < 0.214928 +/- 0.0141256 @ 95% credibility (15 tries)
Done in 0.06 min (cpu), 0.06 min (real)
Generate toy 32/250

 -- MarkovChainMC -- 
Limit: r < 0.205648 +/- 0.0108964 @ 95% credibility (15 tries)
Done in 0.06 min (cpu), 0.06 min (real)
Generate toy 33/250

 -- MarkovChainMC -- 
Limit: r < 0.185477 +/- 0.00721168 @ 95% credibility (15 tries)
Done in 0.07 min (cpu), 0.07 min (real)
Generate toy 34/250

 -- MarkovChainMC -- 
Limit: r < 0.393441 +/- 0.000612198 @ 95% credibility (15 tries)
Done in 0.07 min (cpu), 0.07 min (real)
Generate toy 35/250

 -- MarkovChainMC -- 
Limit: r < 0.209645 +/- 0.0119869 @ 95% credibility (15 tries)
Done in 0.06 min (cpu), 0.06 min (real)
Generate toy 36/250

 -- MarkovChainMC -- 
Limit: r < 0.210199 +/- 0.00937333 @ 95% credibility (15 tries)
Done in 0.06 min (cpu), 0.06 min (real)
Generate toy 37/250

 -- MarkovChainMC -- 
Limit: r < 0.191455 +/- 0.00164831 @ 95% credibility (15 tries)
Done in 0.08 min (cpu), 0.08 min (real)
Generate toy 38/250

 -- MarkovChainMC -- 
Limit: r < 0.217406 +/- 0.00313122 @ 95% credibility (15 tries)
Done in 0.07 min (cpu), 0.07 min (real)
Generate toy 39/250

 -- MarkovChainMC -- 
Limit: r < 0.193185 +/- 0.00157367 @ 95% credibility (15 tries)
Done in 0.07 min (cpu), 0.07 min (real)
Generate toy 40/250

 -- MarkovChainMC -- 
Limit: r < 0.212673 +/- 0.0106956 @ 95% credibility (15 tries)
Done in 0.06 min (cpu), 0.06 min (real)
Generate toy 41/250

 -- MarkovChainMC -- 
Limit: r < 0.201595 +/- 0.0111743 @ 95% credibility (15 tries)
Done in 0.06 min (cpu), 0.06 min (real)
Generate toy 42/250

 -- MarkovChainMC -- 
Limit: r < 0.187791 +/- 0.00771692 @ 95% credibility (15 tries)
Done in 0.06 min (cpu), 0.06 min (real)
Generate toy 43/250

 -- MarkovChainMC -- 
Limit: r < 0.190464 +/- 0.0115053 @ 95% credibility (15 tries)
Done in 0.07 min (cpu), 0.07 min (real)
Generate toy 44/250

 -- MarkovChainMC -- 
Limit: r < 0.194835 +/- 0.00151451 @ 95% credibility (15 tries)
Done in 0.07 min (cpu), 0.07 min (real)
Generate toy 45/250

 -- MarkovChainMC -- 
Limit: r < 0.188174 +/- 0.00187234 @ 95% credibility (15 tries)
Done in 0.07 min (cpu), 0.07 min (real)
Generate toy 46/250

 -- MarkovChainMC -- 
Limit: r < 0.218848 +/- 0.0107899 @ 95% credibility (15 tries)
Done in 0.06 min (cpu), 0.06 min (real)
Generate toy 47/250

 -- MarkovChainMC -- 
Limit: r < 0.216725 +/- 0.0113842 @ 95% credibility (15 tries)
Done in 0.06 min (cpu), 0.06 min (real)
Generate toy 48/250

 -- MarkovChainMC -- 
Limit: r < 0.177728 +/- 0.0112477 @ 95% credibility (15 tries)
Done in 0.06 min (cpu), 0.06 min (real)
Generate toy 49/250

 -- MarkovChainMC -- 
Limit: r < 0.178531 +/- 0.00788725 @ 95% credibility (15 tries)
Done in 0.06 min (cpu), 0.06 min (real)
Generate toy 50/250

 -- MarkovChainMC -- 
Limit: r < 0.187151 +/- 0.0116952 @ 95% credibility (15 tries)
Done in 0.06 min (cpu), 0.06 min (real)
Generate toy 51/250

 -- MarkovChainMC -- 
Limit: r < 0.162997 +/- 0.00599975 @ 95% credibility (15 tries)
Done in 0.06 min (cpu), 0.06 min (real)
Generate toy 52/250

 -- MarkovChainMC -- 
Limit: r < 0.189574 +/- 0.0141154 @ 95% credibility (15 tries)
Done in 0.06 min (cpu), 0.06 min (real)
Generate toy 53/250

 -- MarkovChainMC -- 
Limit: r < 0.194511 +/- 0.0129103 @ 95% credibility (15 tries)
Done in 0.06 min (cpu), 0.06 min (real)
Generate toy 54/250

 -- MarkovChainMC -- 
Limit: r < 0.202282 +/- 0.0155657 @ 95% credibility (15 tries)
Done in 0.06 min (cpu), 0.06 min (real)
Generate toy 55/250

 -- MarkovChainMC -- 
Limit: r < 0.214591 +/- 0.00739996 @ 95% credibility (15 tries)
Done in 0.06 min (cpu), 0.06 min (real)
Generate toy 56/250

 -- MarkovChainMC -- 
Limit: r < 0.211531 +/- 0.0139698 @ 95% credibility (15 tries)
Done in 0.06 min (cpu), 0.06 min (real)
Generate toy 57/250

 -- MarkovChainMC -- 
Limit: r < 0.2083 +/- 0.017135 @ 95% credibility (15 tries)
Done in 0.06 min (cpu), 0.06 min (real)
Generate toy 58/250

 -- MarkovChainMC -- 
Limit: r < 0.196501 +/- 0.00170229 @ 95% credibility (15 tries)
Done in 0.06 min (cpu), 0.06 min (real)
Generate toy 59/250

 -- MarkovChainMC -- 
Limit: r < 0.173588 +/- 0.0100228 @ 95% credibility (15 tries)
Done in 0.07 min (cpu), 0.07 min (real)
Generate toy 60/250

 -- MarkovChainMC -- 
Limit: r < 0.193415 +/- 0.00233971 @ 95% credibility (15 tries)
Done in 0.07 min (cpu), 0.07 min (real)
Generate toy 61/250

 -- MarkovChainMC -- 
Limit: r < 0.173518 +/- 0.0078839 @ 95% credibility (15 tries)
Done in 0.07 min (cpu), 0.07 min (real)
Generate toy 62/250

 -- MarkovChainMC -- 
Limit: r < 0.197592 +/- 0.0113225 @ 95% credibility (15 tries)
Done in 0.08 min (cpu), 0.08 min (real)
Generate toy 63/250

 -- MarkovChainMC -- 
Limit: r < 0.195137 +/- 0.00873829 @ 95% credibility (15 tries)
Done in 0.07 min (cpu), 0.07 min (real)
Generate toy 64/250

 -- MarkovChainMC -- 
Limit: r < 0.194696 +/- 0.013925 @ 95% credibility (15 tries)
Done in 0.07 min (cpu), 0.07 min (real)
Generate toy 65/250

 -- MarkovChainMC -- 
Limit: r < 0.188236 +/- 0.0120409 @ 95% credibility (15 tries)
Done in 0.06 min (cpu), 0.06 min (real)
Generate toy 66/250

 -- MarkovChainMC -- 
Limit: r < 0.193283 +/- 0.00218702 @ 95% credibility (15 tries)
Done in 0.07 min (cpu), 0.07 min (real)
Generate toy 67/250

 -- MarkovChainMC -- 
Limit: r < 0.194466 +/- 0.01352 @ 95% credibility (15 tries)
Done in 0.06 min (cpu), 0.07 min (real)
Generate toy 68/250

 -- MarkovChainMC -- 
Limit: r < 0.385088 +/- 0.00070026 @ 95% credibility (15 tries)
Done in 0.07 min (cpu), 0.07 min (real)
Generate toy 69/250

 -- MarkovChainMC -- 
Limit: r < 0.170601 +/- 0.0039568 @ 95% credibility (15 tries)
Done in 0.06 min (cpu), 0.06 min (real)
Generate toy 70/250

 -- MarkovChainMC -- 
Limit: r < 0.196889 +/- 0.00227939 @ 95% credibility (15 tries)
Done in 0.06 min (cpu), 0.06 min (real)
Generate toy 71/250

 -- MarkovChainMC -- 
Limit: r < 0.160839 +/- 0.00836039 @ 95% credibility (15 tries)
Done in 0.06 min (cpu), 0.06 min (real)
Generate toy 72/250

 -- MarkovChainMC -- 
Limit: r < 0.392105 +/- 0.000969677 @ 95% credibility (15 tries)
Done in 0.07 min (cpu), 0.07 min (real)
Generate toy 73/250

 -- MarkovChainMC -- 
Limit: r < 0.196476 +/- 0.0159681 @ 95% credibility (15 tries)
Done in 0.06 min (cpu), 0.06 min (real)
Generate toy 74/250

 -- MarkovChainMC -- 
Limit: r < 0.382622 +/- 0.000874382 @ 95% credibility (15 tries)
Done in 0.06 min (cpu), 0.06 min (real)
Generate toy 75/250

 -- MarkovChainMC -- 
Limit: r < 0.207299 +/- 0.0138328 @ 95% credibility (15 tries)
Done in 0.06 min (cpu), 0.06 min (real)
Generate toy 76/250

 -- MarkovChainMC -- 
Limit: r < 0.226331 +/- 0.0111571 @ 95% credibility (15 tries)
Done in 0.06 min (cpu), 0.06 min (real)
Generate toy 77/250

 -- MarkovChainMC -- 
Limit: r < 0.201336 +/- 0.00867955 @ 95% credibility (15 tries)
Done in 0.06 min (cpu), 0.06 min (real)
Generate toy 78/250

 -- MarkovChainMC -- 
Limit: r < 0.144941 +/- 0.00666203 @ 95% credibility (15 tries)
Done in 0.06 min (cpu), 0.06 min (real)
Generate toy 79/250

 -- MarkovChainMC -- 
Limit: r < 0.175585 +/- 0.00894896 @ 95% credibility (15 tries)
Done in 0.07 min (cpu), 0.07 min (real)
Generate toy 80/250

 -- MarkovChainMC -- 
Limit: r < 0.203571 +/- 0.00942644 @ 95% credibility (15 tries)
Done in 0.06 min (cpu), 0.06 min (real)
Generate toy 81/250

 -- MarkovChainMC -- 
Limit: r < 0.213526 +/- 0.012448 @ 95% credibility (15 tries)
Done in 0.06 min (cpu), 0.06 min (real)
Generate toy 82/250

 -- MarkovChainMC -- 
Limit: r < 0.218492 +/- 0.0110728 @ 95% credibility (15 tries)
Done in 0.06 min (cpu), 0.06 min (real)
Generate toy 83/250

 -- MarkovChainMC -- 
Limit: r < 0.20552 +/- 0.00764966 @ 95% credibility (15 tries)
Done in 0.06 min (cpu), 0.06 min (real)
Generate toy 84/250

 -- MarkovChainMC -- 
Limit: r < 0.169402 +/- 0.0108569 @ 95% credibility (15 tries)
Done in 0.07 min (cpu), 0.07 min (real)
Generate toy 85/250

 -- MarkovChainMC -- 
Limit: r < 0.20983 +/- 0.012455 @ 95% credibility (15 tries)
Done in 0.06 min (cpu), 0.06 min (real)
Generate toy 86/250

 -- MarkovChainMC -- 
Limit: r < 0.193426 +/- 0.0100331 @ 95% credibility (15 tries)
Done in 0.06 min (cpu), 0.06 min (real)
Generate toy 87/250

 -- MarkovChainMC -- 
Limit: r < 0.180773 +/- 0.0114132 @ 95% credibility (15 tries)
Done in 0.06 min (cpu), 0.06 min (real)
Generate toy 88/250

 -- MarkovChainMC -- 
Limit: r < 0.218641 +/- 0.01636 @ 95% credibility (15 tries)
Done in 0.07 min (cpu), 0.07 min (real)
Generate toy 89/250

 -- MarkovChainMC -- 
Limit: r < 0.215663 +/- 0.0129721 @ 95% credibility (15 tries)
Done in 0.07 min (cpu), 0.07 min (real)
Generate toy 90/250

 -- MarkovChainMC -- 
Limit: r < 0.187461 +/- 0.0014142 @ 95% credibility (15 tries)
Done in 0.06 min (cpu), 0.06 min (real)
Generate toy 91/250

 -- MarkovChainMC -- 
Limit: r < 0.19816 +/- 0.0103045 @ 95% credibility (15 tries)
Done in 0.07 min (cpu), 0.07 min (real)
Generate toy 92/250

 -- MarkovChainMC -- 
Limit: r < 0.159597 +/- 0.0087925 @ 95% credibility (15 tries)
Done in 0.06 min (cpu), 0.06 min (real)
Generate toy 93/250

 -- MarkovChainMC -- 
Limit: r < 0.196097 +/- 0.00125157 @ 95% credibility (15 tries)
Done in 0.08 min (cpu), 0.09 min (real)
Generate toy 94/250

 -- MarkovChainMC -- 
Limit: r < 0.245042 +/- 0.0102296 @ 95% credibility (15 tries)
Done in 0.07 min (cpu), 0.07 min (real)
Generate toy 95/250

 -- MarkovChainMC -- 
Limit: r < 0.170664 +/- 0.00924268 @ 95% credibility (15 tries)
Done in 0.06 min (cpu), 0.07 min (real)
Generate toy 96/250

 -- MarkovChainMC -- 
Limit: r < 0.18761 +/- 0.00298844 @ 95% credibility (15 tries)
Done in 0.06 min (cpu), 0.06 min (real)
Generate toy 97/250

 -- MarkovChainMC -- 
Limit: r < 0.205367 +/- 0.00519356 @ 95% credibility (15 tries)
Done in 0.08 min (cpu), 0.08 min (real)
Generate toy 98/250

 -- MarkovChainMC -- 
Limit: r < 0.246919 +/- 0.00204099 @ 95% credibility (15 tries)
Done in 0.07 min (cpu), 0.07 min (real)
Generate toy 99/250

 -- MarkovChainMC -- 
Limit: r < 0.189063 +/- 0.00132141 @ 95% credibility (15 tries)
Done in 0.07 min (cpu), 0.07 min (real)
Generate toy 100/250

 -- MarkovChainMC -- 
Limit: r < 0.180002 +/- 0.0120878 @ 95% credibility (15 tries)
Done in 0.08 min (cpu), 0.08 min (real)
Generate toy 101/250

 -- MarkovChainMC -- 
Limit: r < 0.182303 +/- 0.00955295 @ 95% credibility (15 tries)
Done in 0.08 min (cpu), 0.08 min (real)
Generate toy 102/250

 -- MarkovChainMC -- 
Limit: r < 0.167175 +/- 0.00988977 @ 95% credibility (15 tries)
Done in 0.08 min (cpu), 0.08 min (real)
Generate toy 103/250

 -- MarkovChainMC -- 
Limit: r < 0.181256 +/- 0.010532 @ 95% credibility (15 tries)
Done in 0.06 min (cpu), 0.06 min (real)
Generate toy 104/250

 -- MarkovChainMC -- 
Limit: r < 0.203635 +/- 0.0102806 @ 95% credibility (15 tries)
Done in 0.07 min (cpu), 0.07 min (real)
Generate toy 105/250

 -- MarkovChainMC -- 
Limit: r < 0.195897 +/- 0.00697744 @ 95% credibility (15 tries)
Done in 0.06 min (cpu), 0.06 min (real)
Generate toy 106/250

 -- MarkovChainMC -- 
Limit: r < 0.180655 +/- 0.0130684 @ 95% credibility (15 tries)
Done in 0.06 min (cpu), 0.06 min (real)
Generate toy 107/250

 -- MarkovChainMC -- 
Limit: r < 0.183938 +/- 0.00740261 @ 95% credibility (15 tries)
Done in 0.06 min (cpu), 0.06 min (real)
Generate toy 108/250

 -- MarkovChainMC -- 
Limit: r < 0.386068 +/- 0.000852948 @ 95% credibility (15 tries)
Done in 0.07 min (cpu), 0.07 min (real)
Generate toy 109/250

 -- MarkovChainMC -- 
Limit: r < 0.156783 +/- 0.00573709 @ 95% credibility (15 tries)
Done in 0.06 min (cpu), 0.06 min (real)
Generate toy 110/250

 -- MarkovChainMC -- 
Limit: r < 0.248134 +/- 0.00162451 @ 95% credibility (15 tries)
Done in 0.06 min (cpu), 0.06 min (real)
Generate toy 111/250

 -- MarkovChainMC -- 
Limit: r < 0.208763 +/- 0.0107057 @ 95% credibility (15 tries)
Done in 0.06 min (cpu), 0.06 min (real)
Generate toy 112/250

 -- MarkovChainMC -- 
Limit: r < 0.199176 +/- 0.00937606 @ 95% credibility (15 tries)
Done in 0.07 min (cpu), 0.07 min (real)
Generate toy 113/250

 -- MarkovChainMC -- 
Limit: r < 0.297615 +/- 0.0013518 @ 95% credibility (15 tries)
Done in 0.07 min (cpu), 0.07 min (real)
Generate toy 114/250

 -- MarkovChainMC -- 
Limit: r < 0.248885 +/- 0.00278712 @ 95% credibility (15 tries)
Done in 0.06 min (cpu), 0.06 min (real)
Generate toy 115/250

 -- MarkovChainMC -- 
Limit: r < 0.170651 +/- 0.0098187 @ 95% credibility (15 tries)
Done in 0.06 min (cpu), 0.06 min (real)
Generate toy 116/250

 -- MarkovChainMC -- 
Limit: r < 0.171996 +/- 0.00880735 @ 95% credibility (15 tries)
Done in 0.06 min (cpu), 0.06 min (real)
Generate toy 117/250

 -- MarkovChainMC -- 
Limit: r < 0.165861 +/- 0.0067773 @ 95% credibility (15 tries)
Done in 0.06 min (cpu), 0.06 min (real)
Generate toy 118/250

 -- MarkovChainMC -- 
Limit: r < 0.213486 +/- 0.0164605 @ 95% credibility (15 tries)
Done in 0.06 min (cpu), 0.06 min (real)
Generate toy 119/250

 -- MarkovChainMC -- 
Limit: r < 0.178107 +/- 0.0105163 @ 95% credibility (15 tries)
Done in 0.06 min (cpu), 0.07 min (real)
Generate toy 120/250

 -- MarkovChainMC -- 
Limit: r < 0.193792 +/- 0.00949374 @ 95% credibility (15 tries)
Done in 0.06 min (cpu), 0.06 min (real)
Generate toy 121/250

 -- MarkovChainMC -- 
Limit: r < 0.302625 +/- 0.000887362 @ 95% credibility (15 tries)
Done in 0.07 min (cpu), 0.07 min (real)
Generate toy 122/250

 -- MarkovChainMC -- 
Limit: r < 0.186828 +/- 0.0102028 @ 95% credibility (15 tries)
Done in 0.06 min (cpu), 0.06 min (real)
Generate toy 123/250

 -- MarkovChainMC -- 
Limit: r < 0.206799 +/- 0.01029 @ 95% credibility (15 tries)
Done in 0.06 min (cpu), 0.06 min (real)
Generate toy 124/250

 -- MarkovChainMC -- 
Limit: r < 0.192339 +/- 0.00232111 @ 95% credibility (15 tries)
Done in 0.07 min (cpu), 0.07 min (real)
Generate toy 125/250

 -- MarkovChainMC -- 
Limit: r < 0.191765 +/- 0.0156856 @ 95% credibility (15 tries)
Done in 0.06 min (cpu), 0.06 min (real)
Generate toy 126/250

 -- MarkovChainMC -- 
Limit: r < 0.221344 +/- 0.0112573 @ 95% credibility (15 tries)
Done in 0.06 min (cpu), 0.06 min (real)
Generate toy 127/250

 -- MarkovChainMC -- 
Limit: r < 0.202178 +/- 0.0139517 @ 95% credibility (15 tries)
Done in 0.06 min (cpu), 0.06 min (real)
Generate toy 128/250

 -- MarkovChainMC -- 
Limit: r < 0.370906 +/- 0.00051159 @ 95% credibility (15 tries)
Done in 0.07 min (cpu), 0.07 min (real)
Generate toy 129/250

 -- MarkovChainMC -- 
Limit: r < 0.19307 +/- 0.0111918 @ 95% credibility (15 tries)
Done in 0.07 min (cpu), 0.07 min (real)
Generate toy 130/250

 -- MarkovChainMC -- 
Limit: r < 0.186271 +/- 0.00813624 @ 95% credibility (15 tries)
Done in 0.06 min (cpu), 0.06 min (real)
Generate toy 131/250

 -- MarkovChainMC -- 
Limit: r < 0.166666 +/- 0.0108001 @ 95% credibility (15 tries)
Done in 0.06 min (cpu), 0.06 min (real)
Generate toy 132/250

 -- MarkovChainMC -- 
Limit: r < 0.179439 +/- 0.00217265 @ 95% credibility (15 tries)
Done in 0.06 min (cpu), 0.06 min (real)
Generate toy 133/250

 -- MarkovChainMC -- 
Limit: r < 0.209223 +/- 0.010394 @ 95% credibility (15 tries)
Done in 0.06 min (cpu), 0.06 min (real)
Generate toy 134/250

 -- MarkovChainMC -- 
Limit: r < 0.210699 +/- 0.00925007 @ 95% credibility (15 tries)
Done in 0.06 min (cpu), 0.06 min (real)
Generate toy 135/250

 -- MarkovChainMC -- 
Limit: r < 0.178855 +/- 0.00907229 @ 95% credibility (15 tries)
Done in 0.06 min (cpu), 0.06 min (real)
Generate toy 136/250

 -- MarkovChainMC -- 
Limit: r < 0.198278 +/- 0.00152673 @ 95% credibility (15 tries)
Done in 0.07 min (cpu), 0.07 min (real)
Generate toy 137/250

 -- MarkovChainMC -- 
Limit: r < 0.190911 +/- 0.00159249 @ 95% credibility (15 tries)
Done in 0.06 min (cpu), 0.07 min (real)
Generate toy 138/250

 -- MarkovChainMC -- 
Limit: r < 0.167552 +/- 0.00659705 @ 95% credibility (15 tries)
Done in 0.06 min (cpu), 0.06 min (real)
Generate toy 139/250

 -- MarkovChainMC -- 
Limit: r < 0.185148 +/- 0.00952935 @ 95% credibility (15 tries)
Done in 0.06 min (cpu), 0.06 min (real)
Generate toy 140/250

 -- MarkovChainMC -- 
Limit: r < 0.186119 +/- 0.00215504 @ 95% credibility (15 tries)
Done in 0.07 min (cpu), 0.07 min (real)
Generate toy 141/250

 -- MarkovChainMC -- 
Limit: r < 0.185984 +/- 0.00887208 @ 95% credibility (15 tries)
Done in 0.06 min (cpu), 0.06 min (real)
Generate toy 142/250

 -- MarkovChainMC -- 
Limit: r < 0.217739 +/- 0.00536095 @ 95% credibility (15 tries)
Done in 0.06 min (cpu), 0.07 min (real)
Generate toy 143/250

 -- MarkovChainMC -- 
Limit: r < 0.200738 +/- 0.0124246 @ 95% credibility (15 tries)
Done in 0.09 min (cpu), 0.09 min (real)
Generate toy 144/250

 -- MarkovChainMC -- 
Limit: r < 0.212588 +/- 0.0101058 @ 95% credibility (15 tries)
Done in 0.07 min (cpu), 0.07 min (real)
Generate toy 145/250

 -- MarkovChainMC -- 
Limit: r < 0.220789 +/- 0.00767167 @ 95% credibility (15 tries)
Done in 0.07 min (cpu), 0.07 min (real)
Generate toy 146/250

 -- MarkovChainMC -- 
Limit: r < 0.393085 +/- 0.000842787 @ 95% credibility (15 tries)
Done in 0.08 min (cpu), 0.08 min (real)
Generate toy 147/250

 -- MarkovChainMC -- 
Limit: r < 0.204339 +/- 0.0105002 @ 95% credibility (15 tries)
Done in 0.06 min (cpu), 0.06 min (real)
Generate toy 148/250

 -- MarkovChainMC -- 
Limit: r < 0.181551 +/- 0.00713999 @ 95% credibility (15 tries)
Done in 0.06 min (cpu), 0.06 min (real)
Generate toy 149/250

 -- MarkovChainMC -- 
Limit: r < 0.209198 +/- 0.0122638 @ 95% credibility (15 tries)
Done in 0.06 min (cpu), 0.06 min (real)
Generate toy 150/250

 -- MarkovChainMC -- 
Limit: r < 0.188727 +/- 0.0026083 @ 95% credibility (15 tries)
Done in 0.06 min (cpu), 0.06 min (real)
Generate toy 151/250

 -- MarkovChainMC -- 
Limit: r < 0.197929 +/- 0.011654 @ 95% credibility (15 tries)
Done in 0.06 min (cpu), 0.06 min (real)
Generate toy 152/250

 -- MarkovChainMC -- 
Limit: r < 0.215567 +/- 0.0126962 @ 95% credibility (15 tries)
Done in 0.06 min (cpu), 0.06 min (real)
Generate toy 153/250

 -- MarkovChainMC -- 
Limit: r < 0.187428 +/- 0.0116482 @ 95% credibility (15 tries)
Done in 0.06 min (cpu), 0.06 min (real)
Generate toy 154/250

 -- MarkovChainMC -- 
Limit: r < 0.189943 +/- 0.00759955 @ 95% credibility (15 tries)
Done in 0.07 min (cpu), 0.07 min (real)
Generate toy 155/250

 -- MarkovChainMC -- 
Limit: r < 0.212429 +/- 0.0116526 @ 95% credibility (15 tries)
Done in 0.06 min (cpu), 0.06 min (real)
Generate toy 156/250

 -- MarkovChainMC -- 
Limit: r < 0.208093 +/- 0.00946799 @ 95% credibility (15 tries)
Done in 0.06 min (cpu), 0.06 min (real)
Generate toy 157/250

 -- MarkovChainMC -- 
Limit: r < 0.174792 +/- 0.00737024 @ 95% credibility (15 tries)
Done in 0.06 min (cpu), 0.06 min (real)
Generate toy 158/250

 -- MarkovChainMC -- 
Limit: r < 0.178838 +/- 0.00999565 @ 95% credibility (15 tries)
Done in 0.06 min (cpu), 0.06 min (real)
Generate toy 159/250

 -- MarkovChainMC -- 
Limit: r < 0.178378 +/- 0.0128519 @ 95% credibility (15 tries)
Done in 0.07 min (cpu), 0.07 min (real)
Generate toy 160/250

 -- MarkovChainMC -- 
Limit: r < 0.203674 +/- 0.0102447 @ 95% credibility (15 tries)
Done in 0.06 min (cpu), 0.07 min (real)
Generate toy 161/250

 -- MarkovChainMC -- 
Limit: r < 0.188724 +/- 0.00223245 @ 95% credibility (15 tries)
Done in 0.06 min (cpu), 0.06 min (real)
Generate toy 162/250

 -- MarkovChainMC -- 
Limit: r < 0.176501 +/- 0.0095079 @ 95% credibility (15 tries)
Done in 0.06 min (cpu), 0.06 min (real)
Generate toy 163/250

 -- MarkovChainMC -- 
Limit: r < 0.180416 +/- 0.0106131 @ 95% credibility (15 tries)
Done in 0.06 min (cpu), 0.06 min (real)
Generate toy 164/250

 -- MarkovChainMC -- 
Limit: r < 0.199786 +/- 0.00990976 @ 95% credibility (15 tries)
Done in 0.06 min (cpu), 0.06 min (real)
Generate toy 165/250

 -- MarkovChainMC -- 
Limit: r < 0.202593 +/- 0.00432531 @ 95% credibility (15 tries)
Done in 0.08 min (cpu), 0.08 min (real)
Generate toy 166/250

 -- MarkovChainMC -- 
Limit: r < 0.227508 +/- 0.0116613 @ 95% credibility (15 tries)
Done in 0.06 min (cpu), 0.06 min (real)
Generate toy 167/250

 -- MarkovChainMC -- 
Limit: r < 0.185151 +/- 0.0114447 @ 95% credibility (15 tries)
Done in 0.07 min (cpu), 0.07 min (real)
Generate toy 168/250

 -- MarkovChainMC -- 
Limit: r < 0.168608 +/- 0.00968424 @ 95% credibility (15 tries)
Done in 0.07 min (cpu), 0.07 min (real)
Generate toy 169/250

 -- MarkovChainMC -- 
Limit: r < 0.194756 +/- 0.00214122 @ 95% credibility (15 tries)
Done in 0.07 min (cpu), 0.07 min (real)
Generate toy 170/250

 -- MarkovChainMC -- 
Limit: r < 0.16834 +/- 0.00469979 @ 95% credibility (15 tries)
Done in 0.07 min (cpu), 0.07 min (real)
Generate toy 171/250

 -- MarkovChainMC -- 
Limit: r < 0.219873 +/- 0.0133827 @ 95% credibility (15 tries)
Done in 0.06 min (cpu), 0.06 min (real)
Generate toy 172/250

 -- MarkovChainMC -- 
Limit: r < 0.193161 +/- 0.0143881 @ 95% credibility (15 tries)
Done in 0.07 min (cpu), 0.07 min (real)
Generate toy 173/250

 -- MarkovChainMC -- 
Limit: r < 0.198855 +/- 0.00924849 @ 95% credibility (15 tries)
Done in 0.08 min (cpu), 0.08 min (real)
Generate toy 174/250

 -- MarkovChainMC -- 
Limit: r < 0.204766 +/- 0.0133536 @ 95% credibility (15 tries)
Done in 0.07 min (cpu), 0.07 min (real)
Generate toy 175/250

 -- MarkovChainMC -- 
Limit: r < 0.202588 +/- 0.0116115 @ 95% credibility (15 tries)
Done in 0.07 min (cpu), 0.07 min (real)
Generate toy 176/250

 -- MarkovChainMC -- 
Limit: r < 0.209062 +/- 0.0138352 @ 95% credibility (15 tries)
Done in 0.07 min (cpu), 0.07 min (real)
Generate toy 177/250

 -- MarkovChainMC -- 
Limit: r < 0.195014 +/- 0.00252805 @ 95% credibility (15 tries)
Done in 0.09 min (cpu), 0.09 min (real)
Generate toy 178/250

 -- MarkovChainMC -- 
Limit: r < 0.173698 +/- 0.0114725 @ 95% credibility (15 tries)
Done in 0.07 min (cpu), 0.07 min (real)
Generate toy 179/250

 -- MarkovChainMC -- 
Limit: r < 0.386462 +/- 0.000828665 @ 95% credibility (15 tries)
Done in 0.08 min (cpu), 0.08 min (real)
Generate toy 180/250

 -- MarkovChainMC -- 
Limit: r < 0.196525 +/- 0.00737328 @ 95% credibility (15 tries)
Done in 0.06 min (cpu), 0.06 min (real)
Generate toy 181/250

 -- MarkovChainMC -- 
Limit: r < 0.179154 +/- 0.00809154 @ 95% credibility (15 tries)
Done in 0.07 min (cpu), 0.07 min (real)
Generate toy 182/250

 -- MarkovChainMC -- 
Limit: r < 0.193242 +/- 0.00153035 @ 95% credibility (15 tries)
Done in 0.07 min (cpu), 0.07 min (real)
Generate toy 183/250

 -- MarkovChainMC -- 
Limit: r < 0.190658 +/- 0.0109974 @ 95% credibility (15 tries)
Done in 0.07 min (cpu), 0.07 min (real)
Generate toy 184/250

 -- MarkovChainMC -- 
Limit: r < 0.189073 +/- 0.01334 @ 95% credibility (15 tries)
Done in 0.06 min (cpu), 0.06 min (real)
Generate toy 185/250

 -- MarkovChainMC -- 
Limit: r < 0.379309 +/- 0.000506933 @ 95% credibility (15 tries)
Done in 0.09 min (cpu), 0.09 min (real)
Generate toy 186/250

 -- MarkovChainMC -- 
Limit: r < 0.183874 +/- 0.0122673 @ 95% credibility (15 tries)
Done in 0.08 min (cpu), 0.08 min (real)
Generate toy 187/250

 -- MarkovChainMC -- 
Limit: r < 0.178109 +/- 0.00965036 @ 95% credibility (15 tries)
Done in 0.06 min (cpu), 0.06 min (real)
Generate toy 188/250

 -- MarkovChainMC -- 
Limit: r < 0.197659 +/- 0.0142314 @ 95% credibility (15 tries)
Done in 0.06 min (cpu), 0.06 min (real)
Generate toy 189/250

 -- MarkovChainMC -- 
Limit: r < 0.187186 +/- 0.00963319 @ 95% credibility (15 tries)
Done in 0.06 min (cpu), 0.06 min (real)
Generate toy 190/250

 -- MarkovChainMC -- 
Limit: r < 0.160071 +/- 0.0103964 @ 95% credibility (15 tries)
Done in 0.06 min (cpu), 0.06 min (real)
Generate toy 191/250

 -- MarkovChainMC -- 
Limit: r < 0.181616 +/- 0.0044766 @ 95% credibility (15 tries)
Done in 0.06 min (cpu), 0.06 min (real)
Generate toy 192/250

 -- MarkovChainMC -- 
Limit: r < 0.172007 +/- 0.00696564 @ 95% credibility (15 tries)
Done in 0.08 min (cpu), 0.08 min (real)
Generate toy 193/250

 -- MarkovChainMC -- 
Limit: r < 0.370236 +/- 0.000291986 @ 95% credibility (15 tries)
Done in 0.07 min (cpu), 0.07 min (real)
Generate toy 194/250

 -- MarkovChainMC -- 
Limit: r < 0.173285 +/- 0.00731353 @ 95% credibility (15 tries)
Done in 0.06 min (cpu), 0.06 min (real)
Generate toy 195/250

 -- MarkovChainMC -- 
Limit: r < 0.209256 +/- 0.0100568 @ 95% credibility (15 tries)
Done in 0.06 min (cpu), 0.06 min (real)
Generate toy 196/250

 -- MarkovChainMC -- 
Limit: r < 0.205728 +/- 0.0079397 @ 95% credibility (15 tries)
Done in 0.07 min (cpu), 0.07 min (real)
Generate toy 197/250

 -- MarkovChainMC -- 
Limit: r < 0.333655 +/- 0.00130718 @ 95% credibility (15 tries)
Done in 0.07 min (cpu), 0.07 min (real)
Generate toy 198/250

 -- MarkovChainMC -- 
Limit: r < 0.189565 +/- 0.00189783 @ 95% credibility (15 tries)
Done in 0.07 min (cpu), 0.07 min (real)
Generate toy 199/250

 -- MarkovChainMC -- 
Limit: r < 0.185321 +/- 0.0155776 @ 95% credibility (15 tries)
Done in 0.06 min (cpu), 0.06 min (real)
Generate toy 200/250

 -- MarkovChainMC -- 
Limit: r < 0.216703 +/- 0.0135939 @ 95% credibility (15 tries)
Done in 0.07 min (cpu), 0.07 min (real)
Generate toy 201/250

 -- MarkovChainMC -- 
Limit: r < 0.182626 +/- 0.0082187 @ 95% credibility (15 tries)
Done in 0.07 min (cpu), 0.07 min (real)
Generate toy 202/250

 -- MarkovChainMC -- 
Limit: r < 0.380922 +/- 0.000683579 @ 95% credibility (15 tries)
Done in 0.08 min (cpu), 0.08 min (real)
Generate toy 203/250

 -- MarkovChainMC -- 
Limit: r < 0.172193 +/- 0.00890922 @ 95% credibility (15 tries)
Done in 0.07 min (cpu), 0.07 min (real)
Generate toy 204/250

 -- MarkovChainMC -- 
Limit: r < 0.201593 +/- 0.00493373 @ 95% credibility (15 tries)
Done in 0.09 min (cpu), 0.09 min (real)
Generate toy 205/250

 -- MarkovChainMC -- 
Limit: r < 0.219327 +/- 0.0121624 @ 95% credibility (15 tries)
Done in 0.07 min (cpu), 0.07 min (real)
Generate toy 206/250

 -- MarkovChainMC -- 
Limit: r < 0.19222 +/- 0.00218602 @ 95% credibility (15 tries)
Done in 0.08 min (cpu), 0.08 min (real)
Generate toy 207/250

 -- MarkovChainMC -- 
Limit: r < 0.20773 +/- 0.00502276 @ 95% credibility (15 tries)
Done in 0.07 min (cpu), 0.07 min (real)
Generate toy 208/250

 -- MarkovChainMC -- 
Limit: r < 0.193258 +/- 0.0098737 @ 95% credibility (15 tries)
Done in 0.07 min (cpu), 0.07 min (real)
Generate toy 209/250

 -- MarkovChainMC -- 
Limit: r < 0.19202 +/- 0.00224696 @ 95% credibility (15 tries)
Done in 0.07 min (cpu), 0.07 min (real)
Generate toy 210/250

 -- MarkovChainMC -- 
Limit: r < 0.202038 +/- 0.010417 @ 95% credibility (15 tries)
Done in 0.07 min (cpu), 0.07 min (real)
Generate toy 211/250

 -- MarkovChainMC -- 
Limit: r < 0.20472 +/- 0.0110865 @ 95% credibility (15 tries)
Done in 0.08 min (cpu), 0.08 min (real)
Generate toy 212/250

 -- MarkovChainMC -- 
Limit: r < 0.238939 +/- 0.00577816 @ 95% credibility (15 tries)
Done in 0.06 min (cpu), 0.06 min (real)
Generate toy 213/250

 -- MarkovChainMC -- 
Limit: r < 0.184614 +/- 0.0077174 @ 95% credibility (15 tries)
Done in 0.07 min (cpu), 0.07 min (real)
Generate toy 214/250

 -- MarkovChainMC -- 
Limit: r < 0.193037 +/- 0.0117632 @ 95% credibility (15 tries)
Done in 0.07 min (cpu), 0.07 min (real)
Generate toy 215/250

 -- MarkovChainMC -- 
Limit: r < 0.196947 +/- 0.0145153 @ 95% credibility (15 tries)
Done in 0.06 min (cpu), 0.06 min (real)
Generate toy 216/250

 -- MarkovChainMC -- 
Limit: r < 0.195809 +/- 0.00146096 @ 95% credibility (15 tries)
Done in 0.06 min (cpu), 0.07 min (real)
Generate toy 217/250

 -- MarkovChainMC -- 
Limit: r < 0.184328 +/- 0.0103865 @ 95% credibility (15 tries)
Done in 0.07 min (cpu), 0.07 min (real)
Generate toy 218/250

 -- MarkovChainMC -- 
Limit: r < 0.179495 +/- 0.00662542 @ 95% credibility (15 tries)
Done in 0.07 min (cpu), 0.07 min (real)
Generate toy 219/250

 -- MarkovChainMC -- 
Limit: r < 0.20562 +/- 0.00899789 @ 95% credibility (15 tries)
Done in 0.08 min (cpu), 0.08 min (real)
Generate toy 220/250

 -- MarkovChainMC -- 
Limit: r < 0.223717 +/- 0.00953091 @ 95% credibility (15 tries)
Done in 0.07 min (cpu), 0.07 min (real)
Generate toy 221/250

 -- MarkovChainMC -- 
Limit: r < 0.383191 +/- 0.000722266 @ 95% credibility (15 tries)
Done in 0.10 min (cpu), 0.11 min (real)
Generate toy 222/250

 -- MarkovChainMC -- 
Limit: r < 0.192654 +/- 0.00561141 @ 95% credibility (15 tries)
Done in 0.09 min (cpu), 0.09 min (real)
Generate toy 223/250

 -- MarkovChainMC -- 
Limit: r < 0.223514 +/- 0.00983512 @ 95% credibility (15 tries)
Done in 0.06 min (cpu), 0.06 min (real)
Generate toy 224/250

 -- MarkovChainMC -- 
Limit: r < 0.177233 +/- 0.00851041 @ 95% credibility (15 tries)
Done in 0.07 min (cpu), 0.07 min (real)
Generate toy 225/250

 -- MarkovChainMC -- 
Limit: r < 0.197907 +/- 0.0105811 @ 95% credibility (15 tries)
Done in 0.07 min (cpu), 0.07 min (real)
Generate toy 226/250

 -- MarkovChainMC -- 
Limit: r < 0.178811 +/- 0.0114515 @ 95% credibility (15 tries)
Done in 0.07 min (cpu), 0.07 min (real)
Generate toy 227/250

 -- MarkovChainMC -- 
Limit: r < 0.385052 +/- 0.00113977 @ 95% credibility (15 tries)
Done in 0.08 min (cpu), 0.08 min (real)
Generate toy 228/250

 -- MarkovChainMC -- 
Limit: r < 0.176305 +/- 0.00842419 @ 95% credibility (15 tries)
Done in 0.06 min (cpu), 0.06 min (real)
Generate toy 229/250

 -- MarkovChainMC -- 
Limit: r < 0.172437 +/- 0.0102096 @ 95% credibility (15 tries)
Done in 0.08 min (cpu), 0.08 min (real)
Generate toy 230/250

 -- MarkovChainMC -- 
Limit: r < 0.205711 +/- 0.00947647 @ 95% credibility (15 tries)
Done in 0.08 min (cpu), 0.08 min (real)
Generate toy 231/250

 -- MarkovChainMC -- 
Limit: r < 0.223507 +/- 0.0128476 @ 95% credibility (15 tries)
Done in 0.07 min (cpu), 0.07 min (real)
Generate toy 232/250

 -- MarkovChainMC -- 
Limit: r < 0.392743 +/- 0.000842623 @ 95% credibility (15 tries)
Done in 0.08 min (cpu), 0.08 min (real)
Generate toy 233/250

 -- MarkovChainMC -- 
Limit: r < 0.170031 +/- 0.0115183 @ 95% credibility (15 tries)
Done in 0.08 min (cpu), 0.08 min (real)
Generate toy 234/250

 -- MarkovChainMC -- 
Limit: r < 0.386082 +/- 0.000583385 @ 95% credibility (15 tries)
Done in 0.08 min (cpu), 0.08 min (real)
Generate toy 235/250

 -- MarkovChainMC -- 
Limit: r < 0.200548 +/- 0.0109823 @ 95% credibility (15 tries)
Done in 0.08 min (cpu), 0.08 min (real)
Generate toy 236/250

 -- MarkovChainMC -- 
Limit: r < 0.190303 +/- 0.00905126 @ 95% credibility (15 tries)
Done in 0.07 min (cpu), 0.07 min (real)
Generate toy 237/250

 -- MarkovChainMC -- 
Limit: r < 0.183931 +/- 0.00710496 @ 95% credibility (15 tries)
Done in 0.08 min (cpu), 0.08 min (real)
Generate toy 238/250

 -- MarkovChainMC -- 
Limit: r < 0.182894 +/- 0.00169002 @ 95% credibility (15 tries)
Done in 0.09 min (cpu), 0.09 min (real)
Generate toy 239/250

 -- MarkovChainMC -- 
Limit: r < 0.160533 +/- 0.00666025 @ 95% credibility (15 tries)
Done in 0.09 min (cpu), 0.09 min (real)
Generate toy 240/250

 -- MarkovChainMC -- 
Limit: r < 0.395046 +/- 0.000135599 @ 95% credibility (15 tries)
Done in 0.07 min (cpu), 0.07 min (real)
Generate toy 241/250

 -- MarkovChainMC -- 
Limit: r < 0.384662 +/- 0.000754758 @ 95% credibility (15 tries)
Done in 0.08 min (cpu), 0.08 min (real)
Generate toy 242/250

 -- MarkovChainMC -- 
Limit: r < 0.208033 +/- 0.0088455 @ 95% credibility (15 tries)
Done in 0.08 min (cpu), 0.08 min (real)
Generate toy 243/250

 -- MarkovChainMC -- 
Limit: r < 0.197672 +/- 0.0171126 @ 95% credibility (15 tries)
Done in 0.08 min (cpu), 0.08 min (real)
Generate toy 244/250

 -- MarkovChainMC -- 
Limit: r < 0.188467 +/- 0.00209044 @ 95% credibility (15 tries)
Done in 0.09 min (cpu), 0.09 min (real)
Generate toy 245/250

 -- MarkovChainMC -- 
Limit: r < 0.200281 +/- 0.0109357 @ 95% credibility (15 tries)
Done in 0.07 min (cpu), 0.07 min (real)
Generate toy 246/250

 -- MarkovChainMC -- 
Limit: r < 0.183893 +/- 0.00715675 @ 95% credibility (15 tries)
Done in 0.08 min (cpu), 0.08 min (real)
Generate toy 247/250

 -- MarkovChainMC -- 
Limit: r < 0.16642 +/- 0.0101659 @ 95% credibility (15 tries)
Done in 0.07 min (cpu), 0.08 min (real)
Generate toy 248/250

 -- MarkovChainMC -- 
Limit: r < 0.204281 +/- 0.0112534 @ 95% credibility (15 tries)
Done in 0.08 min (cpu), 0.08 min (real)
Generate toy 249/250

 -- MarkovChainMC -- 
Limit: r < 0.170232 +/- 0.00869586 @ 95% credibility (15 tries)
Done in 0.07 min (cpu), 0.07 min (real)
Generate toy 250/250

 -- MarkovChainMC -- 
Limit: r < 0.205715 +/- 0.0176133 @ 95% credibility (15 tries)
Done in 0.08 min (cpu), 0.08 min (real)
mean   expected limit: r < 0.209951 +/- 0.00350802 @ 95%CL (250 toyMC)
median expected limit: r < 0.194603 @ 95%CL (250 toyMC)
   68% expected band : 0.178107 < r < 0.218641
   95% expected band : 0.160839 < r < 0.387362
