 <<< Combine >>> 
 <<< v10.0.2 >>>
>>> Used OpenSSL to get a truly random seed -524564462
>>> Method used is MarkovChainMC
============================================================
Analyzing bin errors for: prop_binmuon_channel
Poisson cut-off: 10
Processes excluded for sums: Signal
============================================================
Bin        Contents        Error           Notes                         
0          27.672726       5.213881        total sum                     
0          0.571726        0.289066        excluding marked processes    
0          4.000000        2.000000        Unweighted events, alpha=6.918182
  => Number of weighted events is below Poisson threshold
    Signal               27.101000       5.205862                                      
                         27.000000       5.196152        Unweighted events, alpha=1.003741
      => Parameter prop_binmuon_channel_bin0_Signal[0.00,-7.00,7.00] to be Gaussian constrained
  ----------------------------------------------------------
    W_boson              0.256721        0.001257                                      
                         41687.000000    204.173945      Unweighted events, alpha=0.000006
      => Parameter prop_binmuon_channel_bin0_W_boson[0.00,-7.00,7.00] to be Gaussian constrained
  ----------------------------------------------------------
    Z_boson              0.004805        0.000501                                      
                         92.000000       9.591663        Unweighted events, alpha=0.000052
      => Parameter prop_binmuon_channel_bin0_Z_boson[0.00,-7.00,7.00] to be Gaussian constrained
  ----------------------------------------------------------
    DiBoson              0.289105        0.288561                                      
                         1.000000        1.000000        Unweighted events, alpha=0.289105
      => Product of prop_binmuon_channel_bin0_DiBoson[1.00,0.00,30.85] and const [1.0000] to be Poisson constrained
  ----------------------------------------------------------
    QCD                  0.021095        0.017013                                      
                         2.000000        1.414214        Unweighted events, alpha=0.010547
      => Product of prop_binmuon_channel_bin0_QCD[2.00,0.00,33.79] and const [0.5000] to be Poisson constrained
  ----------------------------------------------------------
------------------------------------------------------------
Channel muon_channel will use autoMCStats with settings: event-threshold=10, include-signal=0, hist-mode=1
Generate toy 1/250

 -- MarkovChainMC -- 
Limit: r < 0.301662 +/- 0.00193257 @ 95% credibility (15 tries)
Done in 0.10 min (cpu), 0.10 min (real)
Generate toy 2/250

 -- MarkovChainMC -- 
Limit: r < 0.239117 +/- 0.00111646 @ 95% credibility (15 tries)
Done in 0.09 min (cpu), 0.09 min (real)
Generate toy 3/250

 -- MarkovChainMC -- 
Limit: r < 0.182813 +/- 0.00249936 @ 95% credibility (15 tries)
Done in 0.10 min (cpu), 0.10 min (real)
Generate toy 4/250

 -- MarkovChainMC -- 
Limit: r < 0.120647 +/- 0.00211926 @ 95% credibility (15 tries)
Done in 0.09 min (cpu), 0.09 min (real)
Generate toy 5/250

 -- MarkovChainMC -- 
Limit: r < 0.241582 +/- 0.00194477 @ 95% credibility (15 tries)
Done in 0.10 min (cpu), 0.10 min (real)
Generate toy 6/250

 -- MarkovChainMC -- 
Limit: r < 0.122218 +/- 0.00261676 @ 95% credibility (15 tries)
Done in 0.09 min (cpu), 0.09 min (real)
Generate toy 7/250

 -- MarkovChainMC -- 
Limit: r < 0.183835 +/- 0.00176994 @ 95% credibility (15 tries)
Done in 0.09 min (cpu), 0.09 min (real)
Generate toy 8/250

 -- MarkovChainMC -- 
Limit: r < 0.24172 +/- 0.00194084 @ 95% credibility (15 tries)
Done in 0.08 min (cpu), 0.08 min (real)
Generate toy 9/250

 -- MarkovChainMC -- 
Limit: r < 0.303402 +/- 0.00289642 @ 95% credibility (15 tries)
Done in 0.11 min (cpu), 0.11 min (real)
Generate toy 10/250

 -- MarkovChainMC -- 
Limit: r < 0.241785 +/- 0.00175707 @ 95% credibility (15 tries)
Done in 0.09 min (cpu), 0.09 min (real)
Generate toy 11/250

 -- MarkovChainMC -- 
Limit: r < 0.237804 +/- 0.00250541 @ 95% credibility (15 tries)
Done in 0.10 min (cpu), 0.10 min (real)
Generate toy 12/250

 -- MarkovChainMC -- 
Limit: r < 0.121959 +/- 0.000893683 @ 95% credibility (15 tries)
Done in 0.09 min (cpu), 0.09 min (real)
Generate toy 13/250

 -- MarkovChainMC -- 
Limit: r < 0.123672 +/- 0.00185022 @ 95% credibility (15 tries)
Done in 0.10 min (cpu), 0.10 min (real)
Generate toy 14/250

 -- MarkovChainMC -- 
Limit: r < 0.12693 +/- 0.00232809 @ 95% credibility (15 tries)
Done in 0.10 min (cpu), 0.10 min (real)
Generate toy 15/250

 -- MarkovChainMC -- 
Limit: r < 0.303694 +/- 0.00252276 @ 95% credibility (15 tries)
Done in 0.09 min (cpu), 0.09 min (real)
Generate toy 16/250

 -- MarkovChainMC -- 
Limit: r < 0.181343 +/- 0.0023275 @ 95% credibility (15 tries)
Done in 0.10 min (cpu), 0.10 min (real)
Generate toy 17/250

 -- MarkovChainMC -- 
Limit: r < 0.124876 +/- 0.00125749 @ 95% credibility (15 tries)
Done in 0.09 min (cpu), 0.09 min (real)
Generate toy 18/250

 -- MarkovChainMC -- 
Limit: r < 0.236352 +/- 0.00330226 @ 95% credibility (15 tries)
Done in 0.11 min (cpu), 0.11 min (real)
Generate toy 19/250

 -- MarkovChainMC -- 
Limit: r < 0.122078 +/- 0.00178065 @ 95% credibility (15 tries)
Done in 0.09 min (cpu), 0.09 min (real)
Generate toy 20/250

 -- MarkovChainMC -- 
Limit: r < 0.246817 +/- 0.000959514 @ 95% credibility (15 tries)
Done in 0.09 min (cpu), 0.10 min (real)
Generate toy 21/250

 -- MarkovChainMC -- 
Limit: r < 0.125967 +/- 0.00129195 @ 95% credibility (15 tries)
Done in 0.09 min (cpu), 0.09 min (real)
Generate toy 22/250

 -- MarkovChainMC -- 
Limit: r < 0.295421 +/- 0.00272929 @ 95% credibility (15 tries)
Done in 0.10 min (cpu), 0.10 min (real)
Generate toy 23/250

 -- MarkovChainMC -- 
Limit: r < 0.176564 +/- 0.0018617 @ 95% credibility (15 tries)
Done in 0.09 min (cpu), 0.09 min (real)
Generate toy 24/250

 -- MarkovChainMC -- 
Limit: r < 0.177514 +/- 0.00129859 @ 95% credibility (15 tries)
Done in 0.08 min (cpu), 0.08 min (real)
Generate toy 25/250

 -- MarkovChainMC -- 
Limit: r < 0.241547 +/- 0.00232645 @ 95% credibility (15 tries)
Done in 0.10 min (cpu), 0.10 min (real)
Generate toy 26/250

 -- MarkovChainMC -- 
Limit: r < 0.183253 +/- 0.00120573 @ 95% credibility (15 tries)
Done in 0.09 min (cpu), 0.09 min (real)
Generate toy 27/250

 -- MarkovChainMC -- 
Limit: r < 0.242277 +/- 0.00294233 @ 95% credibility (15 tries)
Done in 0.11 min (cpu), 0.11 min (real)
Generate toy 28/250

 -- MarkovChainMC -- 
Limit: r < 0.120082 +/- 0.00100075 @ 95% credibility (15 tries)
Done in 0.10 min (cpu), 0.10 min (real)
Generate toy 29/250

 -- MarkovChainMC -- 
Limit: r < 0.119318 +/- 0.00155621 @ 95% credibility (15 tries)
Done in 0.10 min (cpu), 0.10 min (real)
Generate toy 30/250

 -- MarkovChainMC -- 
Limit: r < 0.178969 +/- 0.00185161 @ 95% credibility (15 tries)
Done in 0.08 min (cpu), 0.08 min (real)
Generate toy 31/250

 -- MarkovChainMC -- 
Limit: r < 0.177176 +/- 0.00260768 @ 95% credibility (15 tries)
Done in 0.09 min (cpu), 0.09 min (real)
Generate toy 32/250

 -- MarkovChainMC -- 
Limit: r < 0.183445 +/- 0.0025953 @ 95% credibility (15 tries)
Done in 0.10 min (cpu), 0.10 min (real)
Generate toy 33/250

 -- MarkovChainMC -- 
Limit: r < 0.125051 +/- 0.00186789 @ 95% credibility (15 tries)
Done in 0.08 min (cpu), 0.08 min (real)
Generate toy 34/250

 -- MarkovChainMC -- 
Limit: r < 0.17827 +/- 0.00210843 @ 95% credibility (15 tries)
Done in 0.11 min (cpu), 0.11 min (real)
Generate toy 35/250

 -- MarkovChainMC -- 
Limit: r < 0.121898 +/- 0.00188563 @ 95% credibility (15 tries)
Done in 0.08 min (cpu), 0.08 min (real)
Generate toy 36/250

 -- MarkovChainMC -- 
Limit: r < 0.123806 +/- 0.00230101 @ 95% credibility (15 tries)
Done in 0.07 min (cpu), 0.07 min (real)
Generate toy 37/250

 -- MarkovChainMC -- 
Limit: r < 0.243358 +/- 0.00191764 @ 95% credibility (15 tries)
Done in 0.08 min (cpu), 0.09 min (real)
Generate toy 38/250

 -- MarkovChainMC -- 
Limit: r < 0.24677 +/- 0.00297153 @ 95% credibility (15 tries)
Done in 0.10 min (cpu), 0.10 min (real)
Generate toy 39/250

 -- MarkovChainMC -- 
Limit: r < 0.301289 +/- 0.000962898 @ 95% credibility (15 tries)
Done in 0.12 min (cpu), 0.12 min (real)
Generate toy 40/250

 -- MarkovChainMC -- 
Limit: r < 0.121126 +/- 0.00129006 @ 95% credibility (15 tries)
Done in 0.10 min (cpu), 0.10 min (real)
Generate toy 41/250

 -- MarkovChainMC -- 
Limit: r < 0.123823 +/- 0.00246952 @ 95% credibility (15 tries)
Done in 0.10 min (cpu), 0.10 min (real)
Generate toy 42/250

 -- MarkovChainMC -- 
Limit: r < 0.298899 +/- 0.00286533 @ 95% credibility (15 tries)
Done in 0.12 min (cpu), 0.12 min (real)
Generate toy 43/250

 -- MarkovChainMC -- 
Limit: r < 0.394807 +/- 0.00284024 @ 95% credibility (15 tries)
Done in 0.12 min (cpu), 0.12 min (real)
Generate toy 44/250

 -- MarkovChainMC -- 
Limit: r < 0.181068 +/- 0.00223565 @ 95% credibility (15 tries)
Done in 0.08 min (cpu), 0.08 min (real)
Generate toy 45/250

 -- MarkovChainMC -- 
Limit: r < 0.123324 +/- 0.000917999 @ 95% credibility (15 tries)
Done in 0.09 min (cpu), 0.09 min (real)
Generate toy 46/250

 -- MarkovChainMC -- 
Limit: r < 0.125623 +/- 0.00201718 @ 95% credibility (15 tries)
Done in 0.09 min (cpu), 0.09 min (real)
Generate toy 47/250

 -- MarkovChainMC -- 
Limit: r < 0.125054 +/- 0.00179554 @ 95% credibility (15 tries)
Done in 0.09 min (cpu), 0.09 min (real)
Generate toy 48/250

 -- MarkovChainMC -- 
Limit: r < 0.24521 +/- 0.00280874 @ 95% credibility (15 tries)
Done in 0.09 min (cpu), 0.10 min (real)
Generate toy 49/250

 -- MarkovChainMC -- 
Limit: r < 0.185282 +/- 0.00254232 @ 95% credibility (15 tries)
Done in 0.09 min (cpu), 0.09 min (real)
Generate toy 50/250

 -- MarkovChainMC -- 
Limit: r < 0.127304 +/- 0.00195813 @ 95% credibility (15 tries)
Done in 0.07 min (cpu), 0.07 min (real)
Generate toy 51/250

 -- MarkovChainMC -- 
Limit: r < 0.123854 +/- 0.0020926 @ 95% credibility (15 tries)
Done in 0.07 min (cpu), 0.07 min (real)
Generate toy 52/250

 -- MarkovChainMC -- 
Limit: r < 0.12152 +/- 0.00164531 @ 95% credibility (15 tries)
Done in 0.08 min (cpu), 0.08 min (real)
Generate toy 53/250

 -- MarkovChainMC -- 
Limit: r < 0.179174 +/- 0.00177251 @ 95% credibility (15 tries)
Done in 0.09 min (cpu), 0.09 min (real)
Generate toy 54/250

 -- MarkovChainMC -- 
Limit: r < 0.119685 +/- 0.00211735 @ 95% credibility (15 tries)
Done in 0.09 min (cpu), 0.09 min (real)
Generate toy 55/250

 -- MarkovChainMC -- 
Limit: r < 0.184903 +/- 0.00156111 @ 95% credibility (15 tries)
Done in 0.08 min (cpu), 0.08 min (real)
Generate toy 56/250

 -- MarkovChainMC -- 
Limit: r < 0.124641 +/- 0.00182356 @ 95% credibility (15 tries)
Done in 0.09 min (cpu), 0.09 min (real)
Generate toy 57/250

 -- MarkovChainMC -- 
Limit: r < 0.180899 +/- 0.00184892 @ 95% credibility (15 tries)
Done in 0.08 min (cpu), 0.08 min (real)
Generate toy 58/250

 -- MarkovChainMC -- 
Limit: r < 0.120087 +/- 0.00129968 @ 95% credibility (15 tries)
Done in 0.07 min (cpu), 0.07 min (real)
Generate toy 59/250

 -- MarkovChainMC -- 
Limit: r < 0.178622 +/- 0.00180601 @ 95% credibility (15 tries)
Done in 0.09 min (cpu), 0.09 min (real)
Generate toy 60/250

 -- MarkovChainMC -- 
Limit: r < 0.126125 +/- 0.00154941 @ 95% credibility (15 tries)
Done in 0.08 min (cpu), 0.08 min (real)
Generate toy 61/250

 -- MarkovChainMC -- 
Limit: r < 0.127092 +/- 0.00197764 @ 95% credibility (15 tries)
Done in 0.07 min (cpu), 0.07 min (real)
Generate toy 62/250

 -- MarkovChainMC -- 
Limit: r < 0.244831 +/- 0.00280559 @ 95% credibility (15 tries)
Done in 0.09 min (cpu), 0.09 min (real)
Generate toy 63/250

 -- MarkovChainMC -- 
Limit: r < 0.123122 +/- 0.00160481 @ 95% credibility (15 tries)
Done in 0.09 min (cpu), 0.09 min (real)
Generate toy 64/250

 -- MarkovChainMC -- 
Limit: r < 0.188356 +/- 0.00129597 @ 95% credibility (15 tries)
Done in 0.08 min (cpu), 0.08 min (real)
Generate toy 65/250

 -- MarkovChainMC -- 
Limit: r < 0.182694 +/- 0.00203561 @ 95% credibility (15 tries)
Done in 0.08 min (cpu), 0.08 min (real)
Generate toy 66/250

 -- MarkovChainMC -- 
Limit: r < 0.124527 +/- 0.00147339 @ 95% credibility (15 tries)
Done in 0.07 min (cpu), 0.08 min (real)
Generate toy 67/250

 -- MarkovChainMC -- 
Limit: r < 0.185 +/- 0.00163956 @ 95% credibility (15 tries)
Done in 0.11 min (cpu), 0.11 min (real)
Generate toy 68/250

 -- MarkovChainMC -- 
Limit: r < 0.180105 +/- 0.00134589 @ 95% credibility (15 tries)
Done in 0.11 min (cpu), 0.11 min (real)
Generate toy 69/250

 -- MarkovChainMC -- 
Limit: r < 0.178656 +/- 0.00233095 @ 95% credibility (15 tries)
Done in 0.09 min (cpu), 0.10 min (real)
Generate toy 70/250

 -- MarkovChainMC -- 
Limit: r < 0.123894 +/- 0.00188555 @ 95% credibility (15 tries)
Done in 0.08 min (cpu), 0.08 min (real)
Generate toy 71/250

 -- MarkovChainMC -- 
Limit: r < 0.121839 +/- 0.00200794 @ 95% credibility (15 tries)
Done in 0.07 min (cpu), 0.07 min (real)
Generate toy 72/250

 -- MarkovChainMC -- 
Limit: r < 0.349815 +/- 0.00323209 @ 95% credibility (15 tries)
Done in 0.12 min (cpu), 0.12 min (real)
Generate toy 73/250

 -- MarkovChainMC -- 
Limit: r < 0.185467 +/- 0.00125312 @ 95% credibility (15 tries)
Done in 0.09 min (cpu), 0.09 min (real)
Generate toy 74/250

 -- MarkovChainMC -- 
Limit: r < 0.123875 +/- 0.00148575 @ 95% credibility (15 tries)
Done in 0.08 min (cpu), 0.08 min (real)
Generate toy 75/250

 -- MarkovChainMC -- 
Limit: r < 0.122628 +/- 0.00165144 @ 95% credibility (15 tries)
Done in 0.08 min (cpu), 0.08 min (real)
Generate toy 76/250

 -- MarkovChainMC -- 
Limit: r < 0.121426 +/- 0.00170734 @ 95% credibility (15 tries)
Done in 0.08 min (cpu), 0.08 min (real)
Generate toy 77/250

 -- MarkovChainMC -- 
Limit: r < 0.243703 +/- 0.00102631 @ 95% credibility (15 tries)
Done in 0.08 min (cpu), 0.08 min (real)
Generate toy 78/250

 -- MarkovChainMC -- 
Limit: r < 0.244906 +/- 0.00270963 @ 95% credibility (15 tries)
Done in 0.08 min (cpu), 0.08 min (real)
Generate toy 79/250

 -- MarkovChainMC -- 
Limit: r < 0.123973 +/- 0.00162763 @ 95% credibility (15 tries)
Done in 0.07 min (cpu), 0.07 min (real)
Generate toy 80/250

 -- MarkovChainMC -- 
Limit: r < 0.182724 +/- 0.00219096 @ 95% credibility (15 tries)
Done in 0.08 min (cpu), 0.08 min (real)
Generate toy 81/250

 -- MarkovChainMC -- 
Limit: r < 0.122907 +/- 0.0012319 @ 95% credibility (15 tries)
Done in 0.08 min (cpu), 0.08 min (real)
Generate toy 82/250

 -- MarkovChainMC -- 
Limit: r < 0.1798 +/- 0.00302596 @ 95% credibility (15 tries)
Done in 0.07 min (cpu), 0.07 min (real)
Generate toy 83/250

 -- MarkovChainMC -- 
Limit: r < 0.128798 +/- 0.00228068 @ 95% credibility (15 tries)
Done in 0.07 min (cpu), 0.07 min (real)
Generate toy 84/250

 -- MarkovChainMC -- 
Limit: r < 0.120435 +/- 0.00109745 @ 95% credibility (15 tries)
Done in 0.08 min (cpu), 0.08 min (real)
Generate toy 85/250

 -- MarkovChainMC -- 
Limit: r < 0.179383 +/- 0.00260298 @ 95% credibility (15 tries)
Done in 0.07 min (cpu), 0.07 min (real)
Generate toy 86/250

 -- MarkovChainMC -- 
Limit: r < 0.180107 +/- 0.00134941 @ 95% credibility (15 tries)
Done in 0.07 min (cpu), 0.08 min (real)
Generate toy 87/250

 -- MarkovChainMC -- 
Limit: r < 0.123313 +/- 0.00103047 @ 95% credibility (15 tries)
Done in 0.07 min (cpu), 0.07 min (real)
Generate toy 88/250

 -- MarkovChainMC -- 
Limit: r < 0.120277 +/- 0.00168435 @ 95% credibility (15 tries)
Done in 0.08 min (cpu), 0.08 min (real)
Generate toy 89/250

 -- MarkovChainMC -- 
Limit: r < 0.12478 +/- 0.0019741 @ 95% credibility (15 tries)
Done in 0.10 min (cpu), 0.10 min (real)
Generate toy 90/250

 -- MarkovChainMC -- 
Limit: r < 0.180813 +/- 0.00172852 @ 95% credibility (15 tries)
Done in 0.08 min (cpu), 0.08 min (real)
Generate toy 91/250

 -- MarkovChainMC -- 
Limit: r < 0.183442 +/- 0.00178149 @ 95% credibility (15 tries)
Done in 0.07 min (cpu), 0.07 min (real)
Generate toy 92/250

 -- MarkovChainMC -- 
Limit: r < 0.240145 +/- 0.00222505 @ 95% credibility (15 tries)
Done in 0.09 min (cpu), 0.09 min (real)
Generate toy 93/250

 -- MarkovChainMC -- 
Limit: r < 0.123523 +/- 0.00254299 @ 95% credibility (15 tries)
Done in 0.08 min (cpu), 0.08 min (real)
Generate toy 94/250

 -- MarkovChainMC -- 
Limit: r < 0.12241 +/- 0.0021893 @ 95% credibility (15 tries)
Done in 0.09 min (cpu), 0.09 min (real)
Generate toy 95/250

 -- MarkovChainMC -- 
Limit: r < 0.1235 +/- 0.00174669 @ 95% credibility (15 tries)
Done in 0.07 min (cpu), 0.07 min (real)
Generate toy 96/250

 -- MarkovChainMC -- 
Limit: r < 0.177485 +/- 0.00175644 @ 95% credibility (15 tries)
Done in 0.08 min (cpu), 0.08 min (real)
Generate toy 97/250

 -- MarkovChainMC -- 
Limit: r < 0.121986 +/- 0.00225753 @ 95% credibility (15 tries)
Done in 0.11 min (cpu), 0.11 min (real)
Generate toy 98/250

 -- MarkovChainMC -- 
Limit: r < 0.123476 +/- 0.000739547 @ 95% credibility (15 tries)
Done in 0.08 min (cpu), 0.08 min (real)
Generate toy 99/250

 -- MarkovChainMC -- 
Limit: r < 0.180896 +/- 0.0020244 @ 95% credibility (15 tries)
Done in 0.08 min (cpu), 0.08 min (real)
Generate toy 100/250

 -- MarkovChainMC -- 
Limit: r < 0.121514 +/- 0.0021048 @ 95% credibility (15 tries)
Done in 0.08 min (cpu), 0.08 min (real)
Generate toy 101/250

 -- MarkovChainMC -- 
Limit: r < 0.118299 +/- 0.00108877 @ 95% credibility (15 tries)
Done in 0.09 min (cpu), 0.09 min (real)
Generate toy 102/250

 -- MarkovChainMC -- 
Limit: r < 0.122307 +/- 0.00179101 @ 95% credibility (15 tries)
Done in 0.10 min (cpu), 0.10 min (real)
Generate toy 103/250

 -- MarkovChainMC -- 
Limit: r < 0.246256 +/- 0.00085911 @ 95% credibility (15 tries)
Done in 0.10 min (cpu), 0.10 min (real)
Generate toy 104/250

 -- MarkovChainMC -- 
Limit: r < 0.182953 +/- 0.00181668 @ 95% credibility (15 tries)
Done in 0.09 min (cpu), 0.09 min (real)
Generate toy 105/250

 -- MarkovChainMC -- 
Limit: r < 0.184796 +/- 0.00258002 @ 95% credibility (15 tries)
Done in 0.08 min (cpu), 0.08 min (real)
Generate toy 106/250

 -- MarkovChainMC -- 
Limit: r < 0.124082 +/- 0.00147379 @ 95% credibility (15 tries)
Done in 0.07 min (cpu), 0.07 min (real)
Generate toy 107/250

 -- MarkovChainMC -- 
Limit: r < 0.177246 +/- 0.00128892 @ 95% credibility (15 tries)
Done in 0.10 min (cpu), 0.10 min (real)
Generate toy 108/250

 -- MarkovChainMC -- 
Limit: r < 0.240453 +/- 0.00220434 @ 95% credibility (15 tries)
Done in 0.10 min (cpu), 0.11 min (real)
Generate toy 109/250

 -- MarkovChainMC -- 
Limit: r < 0.123612 +/- 0.00149166 @ 95% credibility (15 tries)
Done in 0.10 min (cpu), 0.10 min (real)
Generate toy 110/250

 -- MarkovChainMC -- 
Limit: r < 0.124565 +/- 0.00134815 @ 95% credibility (15 tries)
Done in 0.06 min (cpu), 0.06 min (real)
Generate toy 111/250

 -- MarkovChainMC -- 
Limit: r < 0.1781 +/- 0.00225955 @ 95% credibility (15 tries)
Done in 0.09 min (cpu), 0.09 min (real)
Generate toy 112/250

 -- MarkovChainMC -- 
Limit: r < 0.120332 +/- 0.00119764 @ 95% credibility (15 tries)
Done in 0.07 min (cpu), 0.07 min (real)
Generate toy 113/250

 -- MarkovChainMC -- 
Limit: r < 0.182505 +/- 0.00186173 @ 95% credibility (15 tries)
Done in 0.09 min (cpu), 0.09 min (real)
Generate toy 114/250

 -- MarkovChainMC -- 
Limit: r < 0.30272 +/- 0.00260317 @ 95% credibility (15 tries)
Done in 0.08 min (cpu), 0.08 min (real)
Generate toy 115/250

 -- MarkovChainMC -- 
Limit: r < 0.120212 +/- 0.00147002 @ 95% credibility (15 tries)
Done in 0.06 min (cpu), 0.06 min (real)
Generate toy 116/250

 -- MarkovChainMC -- 
Limit: r < 0.122001 +/- 0.00209134 @ 95% credibility (15 tries)
Done in 0.08 min (cpu), 0.08 min (real)
Generate toy 117/250

 -- MarkovChainMC -- 
Limit: r < 0.120283 +/- 0.00165489 @ 95% credibility (15 tries)
Done in 0.07 min (cpu), 0.07 min (real)
Generate toy 118/250

 -- MarkovChainMC -- 
Limit: r < 0.180879 +/- 0.00216017 @ 95% credibility (15 tries)
Done in 0.07 min (cpu), 0.07 min (real)
Generate toy 119/250

 -- MarkovChainMC -- 
Limit: r < 0.124778 +/- 0.00122824 @ 95% credibility (15 tries)
Done in 0.07 min (cpu), 0.07 min (real)
Generate toy 120/250

 -- MarkovChainMC -- 
Limit: r < 0.242293 +/- 0.00361279 @ 95% credibility (15 tries)
Done in 0.09 min (cpu), 0.09 min (real)
Generate toy 121/250

 -- MarkovChainMC -- 
Limit: r < 0.179025 +/- 0.00332462 @ 95% credibility (15 tries)
Done in 0.07 min (cpu), 0.07 min (real)
Generate toy 122/250

 -- MarkovChainMC -- 
Limit: r < 0.124083 +/- 0.00153587 @ 95% credibility (15 tries)
Done in 0.08 min (cpu), 0.08 min (real)
Generate toy 123/250

 -- MarkovChainMC -- 
Limit: r < 0.187009 +/- 0.00196274 @ 95% credibility (15 tries)
Done in 0.10 min (cpu), 0.10 min (real)
Generate toy 124/250

 -- MarkovChainMC -- 
Limit: r < 0.245528 +/- 0.00349384 @ 95% credibility (15 tries)
Done in 0.08 min (cpu), 0.08 min (real)
Generate toy 125/250

 -- MarkovChainMC -- 
Limit: r < 0.128527 +/- 0.0019681 @ 95% credibility (15 tries)
Done in 0.08 min (cpu), 0.08 min (real)
Generate toy 126/250

 -- MarkovChainMC -- 
Limit: r < 0.124357 +/- 0.00121282 @ 95% credibility (15 tries)
Done in 0.08 min (cpu), 0.09 min (real)
Generate toy 127/250

 -- MarkovChainMC -- 
Limit: r < 0.118597 +/- 0.00239254 @ 95% credibility (15 tries)
Done in 0.10 min (cpu), 0.10 min (real)
Generate toy 128/250

 -- MarkovChainMC -- 
Limit: r < 0.122356 +/- 0.00174778 @ 95% credibility (15 tries)
Done in 0.10 min (cpu), 0.10 min (real)
Generate toy 129/250

 -- MarkovChainMC -- 
Limit: r < 0.17708 +/- 0.00118995 @ 95% credibility (15 tries)
Done in 0.10 min (cpu), 0.11 min (real)
Generate toy 130/250

 -- MarkovChainMC -- 
Limit: r < 0.177164 +/- 0.00131593 @ 95% credibility (15 tries)
Done in 0.11 min (cpu), 0.11 min (real)
Generate toy 131/250

 -- MarkovChainMC -- 
Limit: r < 0.122429 +/- 0.0014947 @ 95% credibility (15 tries)
Done in 0.11 min (cpu), 0.11 min (real)
Generate toy 132/250

 -- MarkovChainMC -- 
Limit: r < 0.120449 +/- 0.00133078 @ 95% credibility (15 tries)
Done in 0.09 min (cpu), 0.09 min (real)
Generate toy 133/250

 -- MarkovChainMC -- 
Limit: r < 0.183974 +/- 0.00254435 @ 95% credibility (15 tries)
Done in 0.09 min (cpu), 0.09 min (real)
Generate toy 134/250

 -- MarkovChainMC -- 
Limit: r < 0.244823 +/- 0.00300702 @ 95% credibility (15 tries)
Done in 0.08 min (cpu), 0.08 min (real)
Generate toy 135/250

 -- MarkovChainMC -- 
Limit: r < 0.184562 +/- 0.00150067 @ 95% credibility (15 tries)
Done in 0.07 min (cpu), 0.07 min (real)
Generate toy 136/250

 -- MarkovChainMC -- 
Limit: r < 0.125572 +/- 0.00134301 @ 95% credibility (15 tries)
Done in 0.07 min (cpu), 0.07 min (real)
Generate toy 137/250

 -- MarkovChainMC -- 
Limit: r < 0.180708 +/- 0.00288484 @ 95% credibility (15 tries)
Done in 0.08 min (cpu), 0.08 min (real)
Generate toy 138/250

 -- MarkovChainMC -- 
Limit: r < 0.178908 +/- 0.00197568 @ 95% credibility (15 tries)
Done in 0.07 min (cpu), 0.07 min (real)
Generate toy 139/250

 -- MarkovChainMC -- 
Limit: r < 0.123233 +/- 0.00140082 @ 95% credibility (15 tries)
Done in 0.08 min (cpu), 0.08 min (real)
Generate toy 140/250

 -- MarkovChainMC -- 
Limit: r < 0.178462 +/- 0.0017918 @ 95% credibility (15 tries)
Done in 0.10 min (cpu), 0.10 min (real)
Generate toy 141/250

 -- MarkovChainMC -- 
Limit: r < 0.300386 +/- 0.00121965 @ 95% credibility (15 tries)
Done in 0.08 min (cpu), 0.08 min (real)
Generate toy 142/250

 -- MarkovChainMC -- 
Limit: r < 0.123047 +/- 0.000938994 @ 95% credibility (15 tries)
Done in 0.09 min (cpu), 0.09 min (real)
Generate toy 143/250

 -- MarkovChainMC -- 
Limit: r < 0.184216 +/- 0.0023656 @ 95% credibility (15 tries)
Done in 0.10 min (cpu), 0.10 min (real)
Generate toy 144/250

 -- MarkovChainMC -- 
Limit: r < 0.183239 +/- 0.00172161 @ 95% credibility (15 tries)
Done in 0.08 min (cpu), 0.08 min (real)
Generate toy 145/250

 -- MarkovChainMC -- 
Limit: r < 0.181235 +/- 0.00210605 @ 95% credibility (15 tries)
Done in 0.10 min (cpu), 0.10 min (real)
Generate toy 146/250

 -- MarkovChainMC -- 
Limit: r < 0.121155 +/- 0.00207972 @ 95% credibility (15 tries)
Done in 0.09 min (cpu), 0.09 min (real)
Generate toy 147/250

 -- MarkovChainMC -- 
Limit: r < 0.125339 +/- 0.00220878 @ 95% credibility (15 tries)
Done in 0.07 min (cpu), 0.07 min (real)
Generate toy 148/250

 -- MarkovChainMC -- 
Limit: r < 0.124666 +/- 0.00197368 @ 95% credibility (15 tries)
Done in 0.08 min (cpu), 0.08 min (real)
Generate toy 149/250

 -- MarkovChainMC -- 
Limit: r < 0.123356 +/- 0.00266885 @ 95% credibility (15 tries)
Done in 0.09 min (cpu), 0.09 min (real)
Generate toy 150/250

 -- MarkovChainMC -- 
Limit: r < 0.122982 +/- 0.0010106 @ 95% credibility (15 tries)
Done in 0.07 min (cpu), 0.07 min (real)
Generate toy 151/250

 -- MarkovChainMC -- 
Limit: r < 0.233613 +/- 0.00286876 @ 95% credibility (15 tries)
Done in 0.08 min (cpu), 0.08 min (real)
Generate toy 152/250

 -- MarkovChainMC -- 
Limit: r < 0.304991 +/- 0.00285425 @ 95% credibility (15 tries)
Done in 0.08 min (cpu), 0.08 min (real)
Generate toy 153/250

 -- MarkovChainMC -- 
Limit: r < 0.187239 +/- 0.00116622 @ 95% credibility (15 tries)
Done in 0.08 min (cpu), 0.08 min (real)
Generate toy 154/250

 -- MarkovChainMC -- 
Limit: r < 0.230196 +/- 0.00267793 @ 95% credibility (15 tries)
Done in 0.10 min (cpu), 0.10 min (real)
Generate toy 155/250

 -- MarkovChainMC -- 
Limit: r < 0.125888 +/- 0.00238005 @ 95% credibility (15 tries)
Done in 0.09 min (cpu), 0.09 min (real)
Generate toy 156/250

 -- MarkovChainMC -- 
Limit: r < 0.181922 +/- 0.00210653 @ 95% credibility (15 tries)
Done in 0.09 min (cpu), 0.09 min (real)
Generate toy 157/250

 -- MarkovChainMC -- 
Limit: r < 0.182618 +/- 0.00294056 @ 95% credibility (15 tries)
Done in 0.09 min (cpu), 0.09 min (real)
Generate toy 158/250

 -- MarkovChainMC -- 
Limit: r < 0.121005 +/- 0.000881517 @ 95% credibility (15 tries)
Done in 0.07 min (cpu), 0.07 min (real)
Generate toy 159/250

 -- MarkovChainMC -- 
Limit: r < 0.125181 +/- 0.0015059 @ 95% credibility (15 tries)
Done in 0.06 min (cpu), 0.06 min (real)
Generate toy 160/250

 -- MarkovChainMC -- 
Limit: r < 0.180871 +/- 0.00314483 @ 95% credibility (15 tries)
Done in 0.08 min (cpu), 0.08 min (real)
Generate toy 161/250

 -- MarkovChainMC -- 
Limit: r < 0.122845 +/- 0.00266236 @ 95% credibility (15 tries)
Done in 0.07 min (cpu), 0.07 min (real)
Generate toy 162/250

 -- MarkovChainMC -- 
Limit: r < 0.176433 +/- 0.00121588 @ 95% credibility (15 tries)
Done in 0.09 min (cpu), 0.09 min (real)
Generate toy 163/250

 -- MarkovChainMC -- 
Limit: r < 0.18046 +/- 0.00133208 @ 95% credibility (15 tries)
Done in 0.09 min (cpu), 0.09 min (real)
Generate toy 164/250

 -- MarkovChainMC -- 
Limit: r < 0.1782 +/- 0.00170619 @ 95% credibility (15 tries)
Done in 0.09 min (cpu), 0.09 min (real)
Generate toy 165/250

 -- MarkovChainMC -- 
Limit: r < 0.179084 +/- 0.00112014 @ 95% credibility (15 tries)
Done in 0.09 min (cpu), 0.09 min (real)
Generate toy 166/250

 -- MarkovChainMC -- 
Limit: r < 0.121391 +/- 0.00195376 @ 95% credibility (15 tries)
Done in 0.07 min (cpu), 0.07 min (real)
Generate toy 167/250

 -- MarkovChainMC -- 
Limit: r < 0.183837 +/- 0.00105442 @ 95% credibility (15 tries)
Done in 0.09 min (cpu), 0.09 min (real)
Generate toy 168/250

 -- MarkovChainMC -- 
Limit: r < 0.121748 +/- 0.00150225 @ 95% credibility (15 tries)
Done in 0.10 min (cpu), 0.10 min (real)
Generate toy 169/250

 -- MarkovChainMC -- 
Limit: r < 0.1824 +/- 0.00139205 @ 95% credibility (15 tries)
Done in 0.09 min (cpu), 0.09 min (real)
Generate toy 170/250

 -- MarkovChainMC -- 
Limit: r < 0.179104 +/- 0.00115228 @ 95% credibility (15 tries)
Done in 0.10 min (cpu), 0.10 min (real)
Generate toy 171/250

 -- MarkovChainMC -- 
Limit: r < 0.121424 +/- 0.00179042 @ 95% credibility (15 tries)
Done in 0.06 min (cpu), 0.06 min (real)
Generate toy 172/250

 -- MarkovChainMC -- 
Limit: r < 0.17868 +/- 0.00233165 @ 95% credibility (15 tries)
Done in 0.08 min (cpu), 0.08 min (real)
Generate toy 173/250

 -- MarkovChainMC -- 
Limit: r < 0.246259 +/- 0.00209678 @ 95% credibility (15 tries)
Done in 0.08 min (cpu), 0.08 min (real)
Generate toy 174/250

 -- MarkovChainMC -- 
Limit: r < 0.126498 +/- 0.00126574 @ 95% credibility (15 tries)
Done in 0.09 min (cpu), 0.09 min (real)
Generate toy 175/250

 -- MarkovChainMC -- 
Limit: r < 0.12529 +/- 0.00148059 @ 95% credibility (15 tries)
Done in 0.11 min (cpu), 0.11 min (real)
Generate toy 176/250

 -- MarkovChainMC -- 
Limit: r < 0.182306 +/- 0.00190749 @ 95% credibility (15 tries)
Done in 0.09 min (cpu), 0.09 min (real)
Generate toy 177/250

 -- MarkovChainMC -- 
Limit: r < 0.123082 +/- 0.00163271 @ 95% credibility (15 tries)
Done in 0.07 min (cpu), 0.07 min (real)
Generate toy 178/250

 -- MarkovChainMC -- 
Limit: r < 0.120259 +/- 0.00226017 @ 95% credibility (15 tries)
Done in 0.08 min (cpu), 0.08 min (real)
Generate toy 179/250

 -- MarkovChainMC -- 
Limit: r < 0.125365 +/- 0.000538721 @ 95% credibility (15 tries)
Done in 0.07 min (cpu), 0.07 min (real)
Generate toy 180/250

 -- MarkovChainMC -- 
Limit: r < 0.175627 +/- 0.00281154 @ 95% credibility (15 tries)
Done in 0.07 min (cpu), 0.07 min (real)
Generate toy 181/250

 -- MarkovChainMC -- 
Limit: r < 0.119485 +/- 0.0015377 @ 95% credibility (15 tries)
Done in 0.08 min (cpu), 0.08 min (real)
Generate toy 182/250

 -- MarkovChainMC -- 
Limit: r < 0.118646 +/- 0.00137161 @ 95% credibility (15 tries)
Done in 0.07 min (cpu), 0.07 min (real)
Generate toy 183/250

 -- MarkovChainMC -- 
Limit: r < 0.183515 +/- 0.00260195 @ 95% credibility (15 tries)
Done in 0.09 min (cpu), 0.09 min (real)
Generate toy 184/250

 -- MarkovChainMC -- 
Limit: r < 0.124121 +/- 0.00114436 @ 95% credibility (15 tries)
Done in 0.07 min (cpu), 0.07 min (real)
Generate toy 185/250

 -- MarkovChainMC -- 
Limit: r < 0.126615 +/- 0.0021179 @ 95% credibility (15 tries)
Done in 0.06 min (cpu), 0.06 min (real)
Generate toy 186/250

 -- MarkovChainMC -- 
Limit: r < 0.240022 +/- 0.00336555 @ 95% credibility (15 tries)
Done in 0.07 min (cpu), 0.07 min (real)
Generate toy 187/250

 -- MarkovChainMC -- 
Limit: r < 0.238613 +/- 0.00130969 @ 95% credibility (15 tries)
Done in 0.08 min (cpu), 0.08 min (real)
Generate toy 188/250

 -- MarkovChainMC -- 
Limit: r < 0.127287 +/- 0.00192494 @ 95% credibility (15 tries)
Done in 0.07 min (cpu), 0.07 min (real)
Generate toy 189/250

 -- MarkovChainMC -- 
Limit: r < 0.181006 +/- 0.00172692 @ 95% credibility (15 tries)
Done in 0.08 min (cpu), 0.08 min (real)
Generate toy 190/250

 -- MarkovChainMC -- 
Limit: r < 0.120124 +/- 0.00167543 @ 95% credibility (15 tries)
Done in 0.07 min (cpu), 0.07 min (real)
Generate toy 191/250

 -- MarkovChainMC -- 
Limit: r < 0.124318 +/- 0.00218273 @ 95% credibility (15 tries)
Done in 0.07 min (cpu), 0.07 min (real)
Generate toy 192/250

 -- MarkovChainMC -- 
Limit: r < 0.120305 +/- 0.00170755 @ 95% credibility (15 tries)
Done in 0.10 min (cpu), 0.10 min (real)
Generate toy 193/250

 -- MarkovChainMC -- 
Limit: r < 0.176119 +/- 0.00177584 @ 95% credibility (15 tries)
Done in 0.10 min (cpu), 0.11 min (real)
Generate toy 194/250

 -- MarkovChainMC -- 
Limit: r < 0.240056 +/- 0.000862038 @ 95% credibility (15 tries)
Done in 0.09 min (cpu), 0.09 min (real)
Generate toy 195/250

 -- MarkovChainMC -- 
Limit: r < 0.176892 +/- 0.00127079 @ 95% credibility (15 tries)
Done in 0.09 min (cpu), 0.09 min (real)
Generate toy 196/250

 -- MarkovChainMC -- 
Limit: r < 0.124759 +/- 0.00100498 @ 95% credibility (15 tries)
Done in 0.08 min (cpu), 0.08 min (real)
Generate toy 197/250

 -- MarkovChainMC -- 
Limit: r < 0.116262 +/- 0.00131402 @ 95% credibility (15 tries)
Done in 0.08 min (cpu), 0.08 min (real)
Generate toy 198/250

 -- MarkovChainMC -- 
Limit: r < 0.117847 +/- 0.00196772 @ 95% credibility (15 tries)
Done in 0.08 min (cpu), 0.08 min (real)
Generate toy 199/250

 -- MarkovChainMC -- 
Limit: r < 0.126814 +/- 0.00145261 @ 95% credibility (15 tries)
Done in 0.07 min (cpu), 0.07 min (real)
Generate toy 200/250

 -- MarkovChainMC -- 
Limit: r < 0.122821 +/- 0.00165094 @ 95% credibility (15 tries)
Done in 0.07 min (cpu), 0.07 min (real)
Generate toy 201/250

 -- MarkovChainMC -- 
Limit: r < 0.120417 +/- 0.00142646 @ 95% credibility (15 tries)
Done in 0.08 min (cpu), 0.08 min (real)
Generate toy 202/250

 -- MarkovChainMC -- 
Limit: r < 0.126663 +/- 0.000872748 @ 95% credibility (15 tries)
Done in 0.10 min (cpu), 0.10 min (real)
Generate toy 203/250

 -- MarkovChainMC -- 
Limit: r < 0.183274 +/- 0.00190944 @ 95% credibility (15 tries)
Done in 0.08 min (cpu), 0.08 min (real)
Generate toy 204/250

 -- MarkovChainMC -- 
Limit: r < 0.120944 +/- 0.00112876 @ 95% credibility (15 tries)
Done in 0.07 min (cpu), 0.07 min (real)
Generate toy 205/250

 -- MarkovChainMC -- 
Limit: r < 0.252228 +/- 0.00204113 @ 95% credibility (15 tries)
Done in 0.09 min (cpu), 0.09 min (real)
Generate toy 206/250

 -- MarkovChainMC -- 
Limit: r < 0.122896 +/- 0.00258563 @ 95% credibility (15 tries)
Done in 0.07 min (cpu), 0.07 min (real)
Generate toy 207/250

 -- MarkovChainMC -- 
Limit: r < 0.244454 +/- 0.00295239 @ 95% credibility (15 tries)
Done in 0.08 min (cpu), 0.09 min (real)
Generate toy 208/250

 -- MarkovChainMC -- 
Limit: r < 0.118245 +/- 0.00139595 @ 95% credibility (15 tries)
Done in 0.06 min (cpu), 0.06 min (real)
Generate toy 209/250

 -- MarkovChainMC -- 
Limit: r < 0.125623 +/- 0.000726714 @ 95% credibility (15 tries)
Done in 0.08 min (cpu), 0.08 min (real)
Generate toy 210/250

 -- MarkovChainMC -- 
Limit: r < 0.126996 +/- 0.00232066 @ 95% credibility (15 tries)
Done in 0.07 min (cpu), 0.07 min (real)
Generate toy 211/250

 -- MarkovChainMC -- 
Limit: r < 0.124757 +/- 0.00176061 @ 95% credibility (15 tries)
Done in 0.09 min (cpu), 0.09 min (real)
Generate toy 212/250

 -- MarkovChainMC -- 
Limit: r < 0.241017 +/- 0.00147694 @ 95% credibility (15 tries)
Done in 0.09 min (cpu), 0.09 min (real)
Generate toy 213/250

 -- MarkovChainMC -- 
Limit: r < 0.12975 +/- 0.00169882 @ 95% credibility (15 tries)
Done in 0.08 min (cpu), 0.08 min (real)
Generate toy 214/250

 -- MarkovChainMC -- 
Limit: r < 0.121205 +/- 0.000985515 @ 95% credibility (15 tries)
Done in 0.08 min (cpu), 0.08 min (real)
Generate toy 215/250

 -- MarkovChainMC -- 
Limit: r < 0.125937 +/- 0.00251126 @ 95% credibility (15 tries)
Done in 0.07 min (cpu), 0.07 min (real)
Generate toy 216/250

 -- MarkovChainMC -- 
Limit: r < 0.119939 +/- 0.00115293 @ 95% credibility (15 tries)
Done in 0.07 min (cpu), 0.07 min (real)
Generate toy 217/250

 -- MarkovChainMC -- 
Limit: r < 0.181844 +/- 0.00268649 @ 95% credibility (15 tries)
Done in 0.09 min (cpu), 0.09 min (real)
Generate toy 218/250

 -- MarkovChainMC -- 
Limit: r < 0.180703 +/- 0.00214877 @ 95% credibility (15 tries)
Done in 0.10 min (cpu), 0.10 min (real)
Generate toy 219/250

 -- MarkovChainMC -- 
Limit: r < 0.123443 +/- 0.000313313 @ 95% credibility (15 tries)
Done in 0.08 min (cpu), 0.08 min (real)
Generate toy 220/250

 -- MarkovChainMC -- 
Limit: r < 0.175541 +/- 0.00114792 @ 95% credibility (15 tries)
Done in 0.09 min (cpu), 0.09 min (real)
Generate toy 221/250

 -- MarkovChainMC -- 
Limit: r < 0.180204 +/- 0.00226213 @ 95% credibility (15 tries)
Done in 0.08 min (cpu), 0.08 min (real)
Generate toy 222/250

 -- MarkovChainMC -- 
Limit: r < 0.119401 +/- 0.00159276 @ 95% credibility (15 tries)
Done in 0.07 min (cpu), 0.07 min (real)
Generate toy 223/250

 -- MarkovChainMC -- 
Limit: r < 0.12399 +/- 0.00204597 @ 95% credibility (15 tries)
Done in 0.08 min (cpu), 0.08 min (real)
Generate toy 224/250

 -- MarkovChainMC -- 
Limit: r < 0.121198 +/- 0.00176953 @ 95% credibility (15 tries)
Done in 0.08 min (cpu), 0.08 min (real)
Generate toy 225/250

 -- MarkovChainMC -- 
Limit: r < 0.124555 +/- 0.00111543 @ 95% credibility (15 tries)
Done in 0.07 min (cpu), 0.07 min (real)
Generate toy 226/250

 -- MarkovChainMC -- 
Limit: r < 0.122928 +/- 0.0022414 @ 95% credibility (15 tries)
Done in 0.07 min (cpu), 0.07 min (real)
Generate toy 227/250

 -- MarkovChainMC -- 
Limit: r < 0.123039 +/- 0.0016229 @ 95% credibility (15 tries)
Done in 0.08 min (cpu), 0.08 min (real)
Generate toy 228/250

 -- MarkovChainMC -- 
Limit: r < 0.119452 +/- 0.00144731 @ 95% credibility (15 tries)
Done in 0.09 min (cpu), 0.09 min (real)
Generate toy 229/250

 -- MarkovChainMC -- 
Limit: r < 0.120407 +/- 0.00199397 @ 95% credibility (15 tries)
Done in 0.07 min (cpu), 0.07 min (real)
Generate toy 230/250

 -- MarkovChainMC -- 
Limit: r < 0.125487 +/- 0.00175045 @ 95% credibility (15 tries)
Done in 0.09 min (cpu), 0.09 min (real)
Generate toy 231/250

 -- MarkovChainMC -- 
Limit: r < 0.12365 +/- 0.00118573 @ 95% credibility (15 tries)
Done in 0.07 min (cpu), 0.07 min (real)
Generate toy 232/250

 -- MarkovChainMC -- 
Limit: r < 0.23625 +/- 0.00236144 @ 95% credibility (15 tries)
Done in 0.08 min (cpu), 0.08 min (real)
Generate toy 233/250

 -- MarkovChainMC -- 
Limit: r < 0.126973 +/- 0.00127871 @ 95% credibility (15 tries)
Done in 0.08 min (cpu), 0.08 min (real)
Generate toy 234/250

 -- MarkovChainMC -- 
Limit: r < 0.117703 +/- 0.00198775 @ 95% credibility (15 tries)
Done in 0.07 min (cpu), 0.07 min (real)
Generate toy 235/250

 -- MarkovChainMC -- 
Limit: r < 0.12406 +/- 0.00138699 @ 95% credibility (15 tries)
Done in 0.08 min (cpu), 0.08 min (real)
Generate toy 236/250

 -- MarkovChainMC -- 
Limit: r < 0.182702 +/- 0.00254672 @ 95% credibility (15 tries)
Done in 0.08 min (cpu), 0.08 min (real)
Generate toy 237/250

 -- MarkovChainMC -- 
Limit: r < 0.181006 +/- 0.00179548 @ 95% credibility (15 tries)
Done in 0.08 min (cpu), 0.08 min (real)
Generate toy 238/250

 -- MarkovChainMC -- 
Limit: r < 0.124065 +/- 0.00172495 @ 95% credibility (15 tries)
Done in 0.08 min (cpu), 0.08 min (real)
Generate toy 239/250

 -- MarkovChainMC -- 
Limit: r < 0.120626 +/- 0.00176461 @ 95% credibility (15 tries)
Done in 0.07 min (cpu), 0.07 min (real)
Generate toy 240/250

 -- MarkovChainMC -- 
Limit: r < 0.181671 +/- 0.00162811 @ 95% credibility (15 tries)
Done in 0.08 min (cpu), 0.08 min (real)
Generate toy 241/250

 -- MarkovChainMC -- 
Limit: r < 0.124088 +/- 0.00144689 @ 95% credibility (15 tries)
Done in 0.07 min (cpu), 0.07 min (real)
Generate toy 242/250

 -- MarkovChainMC -- 
Limit: r < 0.123846 +/- 0.00168787 @ 95% credibility (15 tries)
Done in 0.08 min (cpu), 0.08 min (real)
Generate toy 243/250

 -- MarkovChainMC -- 
Limit: r < 0.186889 +/- 0.00250959 @ 95% credibility (15 tries)
Done in 0.09 min (cpu), 0.09 min (real)
Generate toy 244/250

 -- MarkovChainMC -- 
Limit: r < 0.393179 +/- 0.00116889 @ 95% credibility (15 tries)
Done in 0.08 min (cpu), 0.08 min (real)
Generate toy 245/250

 -- MarkovChainMC -- 
Limit: r < 0.306376 +/- 0.0033293 @ 95% credibility (15 tries)
Done in 0.09 min (cpu), 0.09 min (real)
Generate toy 246/250

 -- MarkovChainMC -- 
Limit: r < 0.124974 +/- 0.00169974 @ 95% credibility (15 tries)
Done in 0.07 min (cpu), 0.07 min (real)
Generate toy 247/250

 -- MarkovChainMC -- 
Limit: r < 0.126085 +/- 0.00138646 @ 95% credibility (15 tries)
Done in 0.07 min (cpu), 0.07 min (real)
Generate toy 248/250

 -- MarkovChainMC -- 
Limit: r < 0.125576 +/- 0.00169901 @ 95% credibility (15 tries)
Done in 0.06 min (cpu), 0.06 min (real)
Generate toy 249/250

 -- MarkovChainMC -- 
Limit: r < 0.123538 +/- 0.0013415 @ 95% credibility (15 tries)
Done in 0.07 min (cpu), 0.07 min (real)
Generate toy 250/250

 -- MarkovChainMC -- 
Limit: r < 0.176417 +/- 0.00190768 @ 95% credibility (15 tries)
Done in 0.07 min (cpu), 0.07 min (real)
mean   expected limit: r < 0.165663 +/- 0.00349344 @ 95%CL (250 toyMC)
median expected limit: r < 0.12719 @ 95%CL (250 toyMC)
   68% expected band : 0.121839 < r < 0.237804
   95% expected band : 0.118646 < r < 0.303694
