 <<< Combine >>> 
 <<< v10.0.2 >>>
>>> Used OpenSSL to get a truly random seed 502109335
>>> Method used is MarkovChainMC
============================================================
Analyzing bin errors for: prop_binmuon_channel
Poisson cut-off: 10
Processes excluded for sums: Signal
============================================================
Bin        Contents        Error           Notes                         
0          324.798773      5.653102        total sum                     
0          297.697773      2.203762        excluding marked processes    
0          18248.000000    135.085158      Unweighted events, alpha=0.017799
  => Total parameter prop_binmuon_channel_bin0[0.00,-7.00,7.00] to be Gaussian constrained
------------------------------------------------------------
Channel muon_channel will use autoMCStats with settings: event-threshold=10, include-signal=0, hist-mode=1
Generate toy 1/250

 -- MarkovChainMC -- 
Limit: r < 2.24509 +/- 0.0233516 @ 95% credibility (15 tries)
Done in 0.06 min (cpu), 0.06 min (real)
Generate toy 2/250

 -- MarkovChainMC -- 
Limit: r < 3.44813 +/- 0.037323 @ 95% credibility (15 tries)
Done in 0.06 min (cpu), 0.06 min (real)
Generate toy 3/250

 -- MarkovChainMC -- 
Limit: r < 1.78477 +/- 0.0296883 @ 95% credibility (15 tries)
Done in 0.05 min (cpu), 0.05 min (real)
Generate toy 4/250

 -- MarkovChainMC -- 
Limit: r < 1.61557 +/- 0.0222901 @ 95% credibility (15 tries)
Done in 0.05 min (cpu), 0.05 min (real)
Generate toy 5/250

 -- MarkovChainMC -- 
Limit: r < 3.99242 +/- 0.0691508 @ 95% credibility (15 tries)
Done in 0.07 min (cpu), 0.07 min (real)
Generate toy 6/250

 -- MarkovChainMC -- 
Limit: r < 1.50503 +/- 0.0221589 @ 95% credibility (15 tries)
Done in 0.06 min (cpu), 0.06 min (real)
Generate toy 7/250

 -- MarkovChainMC -- 
Limit: r < 1.8312 +/- 0.0250899 @ 95% credibility (15 tries)
Done in 0.05 min (cpu), 0.05 min (real)
Generate toy 8/250

 -- MarkovChainMC -- 
Limit: r < 1.71398 +/- 0.0210044 @ 95% credibility (15 tries)
Done in 0.07 min (cpu), 0.07 min (real)
Generate toy 9/250

 -- MarkovChainMC -- 
Limit: r < 4.61 +/- 0.0613572 @ 95% credibility (15 tries)
Done in 0.06 min (cpu), 0.06 min (real)
Generate toy 10/250

 -- MarkovChainMC -- 
Limit: r < 1.21785 +/- 0.0215686 @ 95% credibility (15 tries)
Done in 0.05 min (cpu), 0.05 min (real)
Generate toy 11/250

 -- MarkovChainMC -- 
Limit: r < 1.92125 +/- 0.0212868 @ 95% credibility (15 tries)
Done in 0.05 min (cpu), 0.06 min (real)
Generate toy 12/250

 -- MarkovChainMC -- 
Limit: r < 1.51251 +/- 0.0287223 @ 95% credibility (15 tries)
Done in 0.05 min (cpu), 0.05 min (real)
Generate toy 13/250

 -- MarkovChainMC -- 
Limit: r < 2.53808 +/- 0.0391745 @ 95% credibility (15 tries)
Done in 0.06 min (cpu), 0.06 min (real)
Generate toy 14/250

 -- MarkovChainMC -- 
Limit: r < 1.993 +/- 0.0214726 @ 95% credibility (15 tries)
Done in 0.06 min (cpu), 0.06 min (real)
Generate toy 15/250

 -- MarkovChainMC -- 
Limit: r < 1.84828 +/- 0.0265538 @ 95% credibility (15 tries)
Done in 0.06 min (cpu), 0.06 min (real)
Generate toy 16/250

 -- MarkovChainMC -- 
Limit: r < 1.89453 +/- 0.0222203 @ 95% credibility (15 tries)
Done in 0.05 min (cpu), 0.05 min (real)
Generate toy 17/250

 -- MarkovChainMC -- 
Limit: r < 1.82723 +/- 0.0329612 @ 95% credibility (15 tries)
Done in 0.06 min (cpu), 0.06 min (real)
Generate toy 18/250

 -- MarkovChainMC -- 
Limit: r < 3.36782 +/- 0.0442301 @ 95% credibility (15 tries)
Done in 0.06 min (cpu), 0.06 min (real)
Generate toy 19/250

 -- MarkovChainMC -- 
Limit: r < 1.18383 +/- 0.0121661 @ 95% credibility (15 tries)
Done in 0.05 min (cpu), 0.05 min (real)
Generate toy 20/250

 -- MarkovChainMC -- 
Limit: r < 2.60215 +/- 0.0297057 @ 95% credibility (15 tries)
Done in 0.06 min (cpu), 0.06 min (real)
Generate toy 21/250

 -- MarkovChainMC -- 
Limit: r < 1.29761 +/- 0.0243079 @ 95% credibility (15 tries)
Done in 0.05 min (cpu), 0.05 min (real)
Generate toy 22/250

 -- MarkovChainMC -- 
Limit: r < 2.39591 +/- 0.0162506 @ 95% credibility (15 tries)
Done in 0.05 min (cpu), 0.06 min (real)
Generate toy 23/250

 -- MarkovChainMC -- 
Limit: r < 2.63493 +/- 0.0355289 @ 95% credibility (15 tries)
Done in 0.06 min (cpu), 0.06 min (real)
Generate toy 24/250

 -- MarkovChainMC -- 
Limit: r < 2.32901 +/- 0.0447008 @ 95% credibility (15 tries)
Done in 0.06 min (cpu), 0.06 min (real)
Generate toy 25/250

 -- MarkovChainMC -- 
Limit: r < 4.08081 +/- 0.0428131 @ 95% credibility (15 tries)
Done in 0.07 min (cpu), 0.07 min (real)
Generate toy 26/250

 -- MarkovChainMC -- 
Limit: r < 1.57215 +/- 0.024099 @ 95% credibility (15 tries)
Done in 0.06 min (cpu), 0.06 min (real)
Generate toy 27/250

 -- MarkovChainMC -- 
Limit: r < 4.1818 +/- 0.0454101 @ 95% credibility (15 tries)
Done in 0.06 min (cpu), 0.06 min (real)
Generate toy 28/250

 -- MarkovChainMC -- 
Limit: r < 3.72227 +/- 0.0615796 @ 95% credibility (15 tries)
Done in 0.06 min (cpu), 0.06 min (real)
Generate toy 29/250

 -- MarkovChainMC -- 
Limit: r < 1.79308 +/- 0.0167064 @ 95% credibility (15 tries)
Done in 0.05 min (cpu), 0.05 min (real)
Generate toy 30/250

 -- MarkovChainMC -- 
Limit: r < 1.83914 +/- 0.0266349 @ 95% credibility (15 tries)
Done in 0.05 min (cpu), 0.05 min (real)
Generate toy 31/250

 -- MarkovChainMC -- 
Limit: r < 1.34195 +/- 0.0221492 @ 95% credibility (15 tries)
Done in 0.06 min (cpu), 0.06 min (real)
Generate toy 32/250

 -- MarkovChainMC -- 
Limit: r < 2.61199 +/- 0.0314287 @ 95% credibility (15 tries)
Done in 0.06 min (cpu), 0.06 min (real)
Generate toy 33/250

 -- MarkovChainMC -- 
Limit: r < 2.24933 +/- 0.0342303 @ 95% credibility (15 tries)
Done in 0.06 min (cpu), 0.06 min (real)
Generate toy 34/250

 -- MarkovChainMC -- 
Limit: r < 1.69419 +/- 0.011338 @ 95% credibility (15 tries)
Done in 0.06 min (cpu), 0.06 min (real)
Generate toy 35/250

 -- MarkovChainMC -- 
Limit: r < 3.13584 +/- 0.051054 @ 95% credibility (15 tries)
Done in 0.06 min (cpu), 0.06 min (real)
Generate toy 36/250

 -- MarkovChainMC -- 
Limit: r < 1.61778 +/- 0.0214952 @ 95% credibility (15 tries)
Done in 0.06 min (cpu), 0.06 min (real)
Generate toy 37/250

 -- MarkovChainMC -- 
Limit: r < 3.27151 +/- 0.0424069 @ 95% credibility (15 tries)
Done in 0.06 min (cpu), 0.06 min (real)
Generate toy 38/250

 -- MarkovChainMC -- 
Limit: r < 2.09139 +/- 0.0317578 @ 95% credibility (15 tries)
Done in 0.06 min (cpu), 0.06 min (real)
Generate toy 39/250

 -- MarkovChainMC -- 
Limit: r < 3.93618 +/- 0.0650805 @ 95% credibility (15 tries)
Done in 0.06 min (cpu), 0.06 min (real)
Generate toy 40/250

 -- MarkovChainMC -- 
Limit: r < 1.7128 +/- 0.0211256 @ 95% credibility (15 tries)
Done in 0.05 min (cpu), 0.05 min (real)
Generate toy 41/250

 -- MarkovChainMC -- 
Limit: r < 3.61916 +/- 0.0494486 @ 95% credibility (15 tries)
Done in 0.06 min (cpu), 0.06 min (real)
Generate toy 42/250

 -- MarkovChainMC -- 
Limit: r < 1.5132 +/- 0.0177424 @ 95% credibility (15 tries)
Done in 0.06 min (cpu), 0.06 min (real)
Generate toy 43/250

 -- MarkovChainMC -- 
Limit: r < 1.74078 +/- 0.0309533 @ 95% credibility (15 tries)
Done in 0.05 min (cpu), 0.05 min (real)
Generate toy 44/250

 -- MarkovChainMC -- 
Limit: r < 2.49316 +/- 0.0277917 @ 95% credibility (15 tries)
Done in 0.06 min (cpu), 0.06 min (real)
Generate toy 45/250

 -- MarkovChainMC -- 
Limit: r < 5.06881 +/- 0.0542841 @ 95% credibility (15 tries)
Done in 0.08 min (cpu), 0.08 min (real)
Generate toy 46/250

 -- MarkovChainMC -- 
Limit: r < 1.29098 +/- 0.0177662 @ 95% credibility (15 tries)
Done in 0.05 min (cpu), 0.05 min (real)
Generate toy 47/250

 -- MarkovChainMC -- 
Limit: r < 2.978 +/- 0.0514882 @ 95% credibility (15 tries)
Done in 0.06 min (cpu), 0.06 min (real)
Generate toy 48/250

 -- MarkovChainMC -- 
Limit: r < 3.56244 +/- 0.0343011 @ 95% credibility (15 tries)
Done in 0.06 min (cpu), 0.06 min (real)
Generate toy 49/250

 -- MarkovChainMC -- 
Limit: r < 3.79341 +/- 0.0443127 @ 95% credibility (15 tries)
Done in 0.06 min (cpu), 0.06 min (real)
Generate toy 50/250

 -- MarkovChainMC -- 
Limit: r < 3.2834 +/- 0.0595103 @ 95% credibility (15 tries)
Done in 0.06 min (cpu), 0.06 min (real)
Generate toy 51/250

 -- MarkovChainMC -- 
Limit: r < 2.02442 +/- 0.0339773 @ 95% credibility (15 tries)
Done in 0.06 min (cpu), 0.06 min (real)
Generate toy 52/250

 -- MarkovChainMC -- 
Limit: r < 1.66832 +/- 0.0207292 @ 95% credibility (15 tries)
Done in 0.07 min (cpu), 0.07 min (real)
Generate toy 53/250

 -- MarkovChainMC -- 
Limit: r < 2.00978 +/- 0.0223627 @ 95% credibility (15 tries)
Done in 0.07 min (cpu), 0.07 min (real)
Generate toy 54/250

 -- MarkovChainMC -- 
Limit: r < 2.65382 +/- 0.0370921 @ 95% credibility (15 tries)
Done in 0.06 min (cpu), 0.06 min (real)
Generate toy 55/250

 -- MarkovChainMC -- 
Limit: r < 1.63353 +/- 0.0236145 @ 95% credibility (15 tries)
Done in 0.06 min (cpu), 0.06 min (real)
Generate toy 56/250

 -- MarkovChainMC -- 
Limit: r < 2.19053 +/- 0.0215996 @ 95% credibility (15 tries)
Done in 0.06 min (cpu), 0.06 min (real)
Generate toy 57/250

 -- MarkovChainMC -- 
Limit: r < 1.85723 +/- 0.0221045 @ 95% credibility (15 tries)
Done in 0.05 min (cpu), 0.05 min (real)
Generate toy 58/250

 -- MarkovChainMC -- 
Limit: r < 1.80006 +/- 0.024224 @ 95% credibility (15 tries)
Done in 0.05 min (cpu), 0.05 min (real)
Generate toy 59/250

 -- MarkovChainMC -- 
Limit: r < 1.53029 +/- 0.0233871 @ 95% credibility (15 tries)
Done in 0.06 min (cpu), 0.06 min (real)
Generate toy 60/250

 -- MarkovChainMC -- 
Limit: r < 3.65986 +/- 0.0492907 @ 95% credibility (15 tries)
Done in 0.06 min (cpu), 0.06 min (real)
Generate toy 61/250

 -- MarkovChainMC -- 
Limit: r < 3.14886 +/- 0.0346355 @ 95% credibility (15 tries)
Done in 0.06 min (cpu), 0.06 min (real)
Generate toy 62/250

 -- MarkovChainMC -- 
Limit: r < 1.12994 +/- 0.0140956 @ 95% credibility (15 tries)
Done in 0.05 min (cpu), 0.05 min (real)
Generate toy 63/250

 -- MarkovChainMC -- 
Limit: r < 2.15059 +/- 0.0368557 @ 95% credibility (15 tries)
Done in 0.05 min (cpu), 0.05 min (real)
Generate toy 64/250

 -- MarkovChainMC -- 
Limit: r < 2.12313 +/- 0.0316413 @ 95% credibility (15 tries)
Done in 0.05 min (cpu), 0.05 min (real)
Generate toy 65/250

 -- MarkovChainMC -- 
Limit: r < 3.20044 +/- 0.0532194 @ 95% credibility (15 tries)
Done in 0.08 min (cpu), 0.08 min (real)
Generate toy 66/250

 -- MarkovChainMC -- 
Limit: r < 3.50586 +/- 0.0523439 @ 95% credibility (15 tries)
Done in 0.06 min (cpu), 0.06 min (real)
Generate toy 67/250

 -- MarkovChainMC -- 
Limit: r < 2.92608 +/- 0.040621 @ 95% credibility (15 tries)
Done in 0.06 min (cpu), 0.06 min (real)
Generate toy 68/250

 -- MarkovChainMC -- 
Limit: r < 2.03075 +/- 0.0287883 @ 95% credibility (15 tries)
Done in 0.06 min (cpu), 0.06 min (real)
Generate toy 69/250

 -- MarkovChainMC -- 
Limit: r < 3.24469 +/- 0.0435841 @ 95% credibility (15 tries)
Done in 0.06 min (cpu), 0.06 min (real)
Generate toy 70/250

 -- MarkovChainMC -- 
Limit: r < 1.57247 +/- 0.0342871 @ 95% credibility (15 tries)
Done in 0.05 min (cpu), 0.05 min (real)
Generate toy 71/250

 -- MarkovChainMC -- 
Limit: r < 5.74319 +/- 0.0436927 @ 95% credibility (15 tries)
Done in 0.06 min (cpu), 0.06 min (real)
Generate toy 72/250

 -- MarkovChainMC -- 
Limit: r < 1.7117 +/- 0.0252609 @ 95% credibility (15 tries)
Done in 0.05 min (cpu), 0.05 min (real)
Generate toy 73/250

 -- MarkovChainMC -- 
Limit: r < 2.62793 +/- 0.0270755 @ 95% credibility (15 tries)
Done in 0.06 min (cpu), 0.06 min (real)
Generate toy 74/250

 -- MarkovChainMC -- 
Limit: r < 2.448 +/- 0.051931 @ 95% credibility (15 tries)
Done in 0.06 min (cpu), 0.06 min (real)
Generate toy 75/250

 -- MarkovChainMC -- 
Limit: r < 2.52541 +/- 0.0448263 @ 95% credibility (15 tries)
Done in 0.09 min (cpu), 0.09 min (real)
Generate toy 76/250

 -- MarkovChainMC -- 
Limit: r < 1.34531 +/- 0.0128462 @ 95% credibility (15 tries)
Done in 0.08 min (cpu), 0.08 min (real)
Generate toy 77/250

 -- MarkovChainMC -- 
Limit: r < 1.47707 +/- 0.0292001 @ 95% credibility (15 tries)
Done in 0.08 min (cpu), 0.08 min (real)
Generate toy 78/250

 -- MarkovChainMC -- 
Limit: r < 4.8329 +/- 0.0547384 @ 95% credibility (15 tries)
Done in 0.09 min (cpu), 0.09 min (real)
Generate toy 79/250

 -- MarkovChainMC -- 
Limit: r < 1.80095 +/- 0.0353889 @ 95% credibility (15 tries)
Done in 0.08 min (cpu), 0.08 min (real)
Generate toy 80/250

 -- MarkovChainMC -- 
Limit: r < 1.79261 +/- 0.0240349 @ 95% credibility (15 tries)
Done in 0.08 min (cpu), 0.08 min (real)
Generate toy 81/250

 -- MarkovChainMC -- 
Limit: r < 1.80367 +/- 0.0384941 @ 95% credibility (15 tries)
Done in 0.08 min (cpu), 0.08 min (real)
Generate toy 82/250

 -- MarkovChainMC -- 
Limit: r < 1.6159 +/- 0.0205033 @ 95% credibility (15 tries)
Done in 0.06 min (cpu), 0.06 min (real)
Generate toy 83/250

 -- MarkovChainMC -- 
Limit: r < 1.89251 +/- 0.0192007 @ 95% credibility (15 tries)
Done in 0.05 min (cpu), 0.05 min (real)
Generate toy 84/250

 -- MarkovChainMC -- 
Limit: r < 2.15411 +/- 0.032123 @ 95% credibility (15 tries)
Done in 0.06 min (cpu), 0.06 min (real)
Generate toy 85/250

 -- MarkovChainMC -- 
Limit: r < 1.9718 +/- 0.0214435 @ 95% credibility (15 tries)
Done in 0.05 min (cpu), 0.05 min (real)
Generate toy 86/250

 -- MarkovChainMC -- 
Limit: r < 3.04084 +/- 0.0424702 @ 95% credibility (15 tries)
Done in 0.06 min (cpu), 0.06 min (real)
Generate toy 87/250

 -- MarkovChainMC -- 
Limit: r < 2.6536 +/- 0.0258175 @ 95% credibility (15 tries)
Done in 0.06 min (cpu), 0.06 min (real)
Generate toy 88/250

 -- MarkovChainMC -- 
Limit: r < 2.30856 +/- 0.0389751 @ 95% credibility (15 tries)
Done in 0.05 min (cpu), 0.06 min (real)
Generate toy 89/250

 -- MarkovChainMC -- 
Limit: r < 1.48036 +/- 0.031273 @ 95% credibility (15 tries)
Done in 0.05 min (cpu), 0.05 min (real)
Generate toy 90/250

 -- MarkovChainMC -- 
Limit: r < 1.15114 +/- 0.0235682 @ 95% credibility (15 tries)
Done in 0.05 min (cpu), 0.05 min (real)
Generate toy 91/250

 -- MarkovChainMC -- 
Limit: r < 3.20315 +/- 0.022081 @ 95% credibility (15 tries)
Done in 0.06 min (cpu), 0.06 min (real)
Generate toy 92/250

 -- MarkovChainMC -- 
Limit: r < 1.62527 +/- 0.0166012 @ 95% credibility (15 tries)
Done in 0.05 min (cpu), 0.06 min (real)
Generate toy 93/250

 -- MarkovChainMC -- 
Limit: r < 2.84554 +/- 0.0383514 @ 95% credibility (15 tries)
Done in 0.06 min (cpu), 0.06 min (real)
Generate toy 94/250

 -- MarkovChainMC -- 
Limit: r < 5.46363 +/- 0.0581356 @ 95% credibility (15 tries)
Done in 0.07 min (cpu), 0.07 min (real)
Generate toy 95/250

 -- MarkovChainMC -- 
Limit: r < 1.95519 +/- 0.043868 @ 95% credibility (15 tries)
Done in 0.08 min (cpu), 0.08 min (real)
Generate toy 96/250

 -- MarkovChainMC -- 
Limit: r < 3.15734 +/- 0.0719408 @ 95% credibility (15 tries)
Done in 0.09 min (cpu), 0.09 min (real)
Generate toy 97/250

 -- MarkovChainMC -- 
Limit: r < 1.7838 +/- 0.0194959 @ 95% credibility (15 tries)
Done in 0.07 min (cpu), 0.07 min (real)
Generate toy 98/250

 -- MarkovChainMC -- 
Limit: r < 1.62378 +/- 0.0203994 @ 95% credibility (15 tries)
Done in 0.06 min (cpu), 0.06 min (real)
Generate toy 99/250

 -- MarkovChainMC -- 
Limit: r < 1.60745 +/- 0.0254563 @ 95% credibility (15 tries)
Done in 0.06 min (cpu), 0.06 min (real)
Generate toy 100/250

 -- MarkovChainMC -- 
Limit: r < 1.6102 +/- 0.0206996 @ 95% credibility (15 tries)
Done in 0.05 min (cpu), 0.05 min (real)
Generate toy 101/250

 -- MarkovChainMC -- 
Limit: r < 2.35329 +/- 0.0403711 @ 95% credibility (15 tries)
Done in 0.06 min (cpu), 0.06 min (real)
Generate toy 102/250

 -- MarkovChainMC -- 
Limit: r < 2.49463 +/- 0.027918 @ 95% credibility (15 tries)
Done in 0.06 min (cpu), 0.06 min (real)
Generate toy 103/250

 -- MarkovChainMC -- 
Limit: r < 1.28891 +/- 0.0236243 @ 95% credibility (15 tries)
Done in 0.05 min (cpu), 0.05 min (real)
Generate toy 104/250

 -- MarkovChainMC -- 
Limit: r < 1.43543 +/- 0.0169317 @ 95% credibility (15 tries)
Done in 0.05 min (cpu), 0.05 min (real)
Generate toy 105/250

 -- MarkovChainMC -- 
Limit: r < 1.8592 +/- 0.0307596 @ 95% credibility (15 tries)
Done in 0.05 min (cpu), 0.05 min (real)
Generate toy 106/250

 -- MarkovChainMC -- 
Limit: r < 1.62327 +/- 0.037676 @ 95% credibility (15 tries)
Done in 0.05 min (cpu), 0.05 min (real)
Generate toy 107/250

 -- MarkovChainMC -- 
Limit: r < 3.50793 +/- 0.0543527 @ 95% credibility (15 tries)
Done in 0.07 min (cpu), 0.07 min (real)
Generate toy 108/250

 -- MarkovChainMC -- 
Limit: r < 1.25126 +/- 0.0170543 @ 95% credibility (15 tries)
Done in 0.05 min (cpu), 0.06 min (real)
Generate toy 109/250

 -- MarkovChainMC -- 
Limit: r < 3.0152 +/- 0.0535623 @ 95% credibility (15 tries)
Done in 0.06 min (cpu), 0.06 min (real)
Generate toy 110/250

 -- MarkovChainMC -- 
Limit: r < 1.23029 +/- 0.0164012 @ 95% credibility (15 tries)
Done in 0.05 min (cpu), 0.05 min (real)
Generate toy 111/250

 -- MarkovChainMC -- 
Limit: r < 1.47575 +/- 0.0281895 @ 95% credibility (15 tries)
Done in 0.05 min (cpu), 0.05 min (real)
Generate toy 112/250

 -- MarkovChainMC -- 
Limit: r < 1.37515 +/- 0.00865762 @ 95% credibility (15 tries)
Done in 0.07 min (cpu), 0.07 min (real)
Generate toy 113/250

 -- MarkovChainMC -- 
Limit: r < 1.92733 +/- 0.0219714 @ 95% credibility (15 tries)
Done in 0.07 min (cpu), 0.07 min (real)
Generate toy 114/250

 -- MarkovChainMC -- 
Limit: r < 2.50885 +/- 0.0372597 @ 95% credibility (15 tries)
Done in 0.06 min (cpu), 0.06 min (real)
Generate toy 115/250

 -- MarkovChainMC -- 
Limit: r < 1.42455 +/- 0.018413 @ 95% credibility (15 tries)
Done in 0.05 min (cpu), 0.05 min (real)
Generate toy 116/250

 -- MarkovChainMC -- 
Limit: r < 2.2938 +/- 0.0164907 @ 95% credibility (15 tries)
Done in 0.06 min (cpu), 0.06 min (real)
Generate toy 117/250

 -- MarkovChainMC -- 
Limit: r < 3.37973 +/- 0.0430965 @ 95% credibility (15 tries)
Done in 0.06 min (cpu), 0.06 min (real)
Generate toy 118/250

 -- MarkovChainMC -- 
Limit: r < 3.3317 +/- 0.036331 @ 95% credibility (15 tries)
Done in 0.06 min (cpu), 0.06 min (real)
Generate toy 119/250

 -- MarkovChainMC -- 
Limit: r < 1.113 +/- 0.0126051 @ 95% credibility (15 tries)
Done in 0.08 min (cpu), 0.08 min (real)
Generate toy 120/250

 -- MarkovChainMC -- 
Limit: r < 2.41378 +/- 0.0280672 @ 95% credibility (15 tries)
Done in 0.07 min (cpu), 0.07 min (real)
Generate toy 121/250

 -- MarkovChainMC -- 
Limit: r < 4.08922 +/- 0.0235079 @ 95% credibility (15 tries)
Done in 0.07 min (cpu), 0.07 min (real)
Generate toy 122/250

 -- MarkovChainMC -- 
Limit: r < 2.28252 +/- 0.0266803 @ 95% credibility (15 tries)
Done in 0.05 min (cpu), 0.06 min (real)
Generate toy 123/250

 -- MarkovChainMC -- 
Limit: r < 2.01797 +/- 0.0254709 @ 95% credibility (15 tries)
Done in 0.05 min (cpu), 0.05 min (real)
Generate toy 124/250

 -- MarkovChainMC -- 
Limit: r < 2.64763 +/- 0.0370257 @ 95% credibility (15 tries)
Done in 0.06 min (cpu), 0.06 min (real)
Generate toy 125/250

 -- MarkovChainMC -- 
Limit: r < 2.35873 +/- 0.0336578 @ 95% credibility (15 tries)
Done in 0.06 min (cpu), 0.06 min (real)
Generate toy 126/250

 -- MarkovChainMC -- 
Limit: r < 2.62742 +/- 0.034973 @ 95% credibility (15 tries)
Done in 0.06 min (cpu), 0.06 min (real)
Generate toy 127/250

 -- MarkovChainMC -- 
Limit: r < 3.41363 +/- 0.0251855 @ 95% credibility (15 tries)
Done in 0.06 min (cpu), 0.06 min (real)
Generate toy 128/250

 -- MarkovChainMC -- 
Limit: r < 1.96859 +/- 0.020388 @ 95% credibility (15 tries)
Done in 0.05 min (cpu), 0.05 min (real)
Generate toy 129/250

 -- MarkovChainMC -- 
Limit: r < 3.29828 +/- 0.0351647 @ 95% credibility (15 tries)
Done in 0.06 min (cpu), 0.06 min (real)
Generate toy 130/250

 -- MarkovChainMC -- 
Limit: r < 3.49144 +/- 0.0704212 @ 95% credibility (15 tries)
Done in 0.06 min (cpu), 0.06 min (real)
Generate toy 131/250

 -- MarkovChainMC -- 
Limit: r < 5.34344 +/- 0.035173 @ 95% credibility (15 tries)
Done in 0.06 min (cpu), 0.06 min (real)
Generate toy 132/250

 -- MarkovChainMC -- 
Limit: r < 1.29207 +/- 0.0220636 @ 95% credibility (15 tries)
Done in 0.05 min (cpu), 0.05 min (real)
Generate toy 133/250

 -- MarkovChainMC -- 
Limit: r < 4.63714 +/- 0.0550914 @ 95% credibility (15 tries)
Done in 0.09 min (cpu), 0.09 min (real)
Generate toy 134/250

 -- MarkovChainMC -- 
Limit: r < 1.94422 +/- 0.0326962 @ 95% credibility (15 tries)
Done in 0.08 min (cpu), 0.08 min (real)
Generate toy 135/250

 -- MarkovChainMC -- 
Limit: r < 1.83891 +/- 0.0260309 @ 95% credibility (15 tries)
Done in 0.06 min (cpu), 0.06 min (real)
Generate toy 136/250

 -- MarkovChainMC -- 
Limit: r < 3.79583 +/- 0.0695873 @ 95% credibility (15 tries)
Done in 0.06 min (cpu), 0.06 min (real)
Generate toy 137/250

 -- MarkovChainMC -- 
Limit: r < 3.29681 +/- 0.0527461 @ 95% credibility (15 tries)
Done in 0.06 min (cpu), 0.07 min (real)
Generate toy 138/250

 -- MarkovChainMC -- 
Limit: r < 5.04428 +/- 0.0392383 @ 95% credibility (15 tries)
Done in 0.06 min (cpu), 0.06 min (real)
Generate toy 139/250

 -- MarkovChainMC -- 
Limit: r < 4.33034 +/- 0.0650548 @ 95% credibility (15 tries)
Done in 0.07 min (cpu), 0.07 min (real)
Generate toy 140/250

 -- MarkovChainMC -- 
Limit: r < 3.49286 +/- 0.0462752 @ 95% credibility (15 tries)
Done in 0.06 min (cpu), 0.06 min (real)
Generate toy 141/250

 -- MarkovChainMC -- 
Limit: r < 1.65924 +/- 0.0187235 @ 95% credibility (15 tries)
Done in 0.06 min (cpu), 0.06 min (real)
Generate toy 142/250

 -- MarkovChainMC -- 
Limit: r < 1.34276 +/- 0.0203147 @ 95% credibility (15 tries)
Done in 0.05 min (cpu), 0.05 min (real)
Generate toy 143/250

 -- MarkovChainMC -- 
Limit: r < 4.7281 +/- 0.0731014 @ 95% credibility (15 tries)
Done in 0.06 min (cpu), 0.06 min (real)
Generate toy 144/250

 -- MarkovChainMC -- 
Limit: r < 2.19055 +/- 0.0359241 @ 95% credibility (15 tries)
Done in 0.07 min (cpu), 0.07 min (real)
Generate toy 145/250

 -- MarkovChainMC -- 
Limit: r < 1.86657 +/- 0.0264948 @ 95% credibility (15 tries)
Done in 0.06 min (cpu), 0.06 min (real)
Generate toy 146/250

 -- MarkovChainMC -- 
Limit: r < 1.83159 +/- 0.0417168 @ 95% credibility (15 tries)
Done in 0.05 min (cpu), 0.05 min (real)
Generate toy 147/250

 -- MarkovChainMC -- 
Limit: r < 2.15333 +/- 0.0341135 @ 95% credibility (15 tries)
Done in 0.06 min (cpu), 0.06 min (real)
Generate toy 148/250

 -- MarkovChainMC -- 
Limit: r < 3.31691 +/- 0.0382501 @ 95% credibility (15 tries)
Done in 0.06 min (cpu), 0.06 min (real)
Generate toy 149/250

 -- MarkovChainMC -- 
Limit: r < 1.47366 +/- 0.0253054 @ 95% credibility (15 tries)
Done in 0.05 min (cpu), 0.05 min (real)
Generate toy 150/250

 -- MarkovChainMC -- 
Limit: r < 3.20064 +/- 0.0573897 @ 95% credibility (15 tries)
Done in 0.09 min (cpu), 0.09 min (real)
Generate toy 151/250

 -- MarkovChainMC -- 
Limit: r < 2.1215 +/- 0.0382516 @ 95% credibility (15 tries)
Done in 0.09 min (cpu), 0.09 min (real)
Generate toy 152/250

 -- MarkovChainMC -- 
Limit: r < 4.17185 +/- 0.0469114 @ 95% credibility (15 tries)
Done in 0.09 min (cpu), 0.09 min (real)
Generate toy 153/250

 -- MarkovChainMC -- 
Limit: r < 1.37491 +/- 0.0284261 @ 95% credibility (15 tries)
Done in 0.08 min (cpu), 0.08 min (real)
Generate toy 154/250

 -- MarkovChainMC -- 
Limit: r < 1.28252 +/- 0.0296647 @ 95% credibility (15 tries)
Done in 0.06 min (cpu), 0.06 min (real)
Generate toy 155/250

 -- MarkovChainMC -- 
Limit: r < 2.39765 +/- 0.0382922 @ 95% credibility (15 tries)
Done in 0.06 min (cpu), 0.06 min (real)
Generate toy 156/250

 -- MarkovChainMC -- 
Limit: r < 1.45367 +/- 0.0218396 @ 95% credibility (15 tries)
Done in 0.05 min (cpu), 0.05 min (real)
Generate toy 157/250

 -- MarkovChainMC -- 
Limit: r < 3.38797 +/- 0.0355511 @ 95% credibility (15 tries)
Done in 0.06 min (cpu), 0.06 min (real)
Generate toy 158/250

 -- MarkovChainMC -- 
Limit: r < 3.63305 +/- 0.0347242 @ 95% credibility (15 tries)
Done in 0.06 min (cpu), 0.06 min (real)
Generate toy 159/250

 -- MarkovChainMC -- 
Limit: r < 1.37264 +/- 0.0293983 @ 95% credibility (15 tries)
Done in 0.07 min (cpu), 0.07 min (real)
Generate toy 160/250

 -- MarkovChainMC -- 
Limit: r < 2.30123 +/- 0.0306105 @ 95% credibility (15 tries)
Done in 0.08 min (cpu), 0.08 min (real)
Generate toy 161/250

 -- MarkovChainMC -- 
Limit: r < 2.96466 +/- 0.0181669 @ 95% credibility (15 tries)
Done in 0.07 min (cpu), 0.07 min (real)
Generate toy 162/250

 -- MarkovChainMC -- 
Limit: r < 1.78684 +/- 0.0400473 @ 95% credibility (15 tries)
Done in 0.05 min (cpu), 0.06 min (real)
Generate toy 163/250

 -- MarkovChainMC -- 
Limit: r < 1.34519 +/- 0.0220993 @ 95% credibility (15 tries)
Done in 0.06 min (cpu), 0.06 min (real)
Generate toy 164/250

 -- MarkovChainMC -- 
Limit: r < 2.24396 +/- 0.0276373 @ 95% credibility (15 tries)
Done in 0.06 min (cpu), 0.06 min (real)
Generate toy 165/250

 -- MarkovChainMC -- 
Limit: r < 3.36731 +/- 0.0380313 @ 95% credibility (15 tries)
Done in 0.07 min (cpu), 0.07 min (real)
Generate toy 166/250

 -- MarkovChainMC -- 
Limit: r < 2.33154 +/- 0.0368753 @ 95% credibility (15 tries)
Done in 0.08 min (cpu), 0.08 min (real)
Generate toy 167/250

 -- MarkovChainMC -- 
Limit: r < 2.4207 +/- 0.0195659 @ 95% credibility (15 tries)
Done in 0.08 min (cpu), 0.08 min (real)
Generate toy 168/250

 -- MarkovChainMC -- 
Limit: r < 1.29157 +/- 0.0172011 @ 95% credibility (15 tries)
Done in 0.06 min (cpu), 0.06 min (real)
Generate toy 169/250

 -- MarkovChainMC -- 
Limit: r < 2.83512 +/- 0.0523608 @ 95% credibility (15 tries)
Done in 0.06 min (cpu), 0.06 min (real)
Generate toy 170/250

 -- MarkovChainMC -- 
Limit: r < 2.17689 +/- 0.0394158 @ 95% credibility (15 tries)
Done in 0.06 min (cpu), 0.06 min (real)
Generate toy 171/250

 -- MarkovChainMC -- 
Limit: r < 2.05461 +/- 0.0288663 @ 95% credibility (15 tries)
Done in 0.06 min (cpu), 0.06 min (real)
Generate toy 172/250

 -- MarkovChainMC -- 
Limit: r < 2.49817 +/- 0.0257544 @ 95% credibility (15 tries)
Done in 0.06 min (cpu), 0.06 min (real)
Generate toy 173/250

 -- MarkovChainMC -- 
Limit: r < 1.34517 +/- 0.0140507 @ 95% credibility (15 tries)
Done in 0.06 min (cpu), 0.06 min (real)
Generate toy 174/250

 -- MarkovChainMC -- 
Limit: r < 2.06159 +/- 0.0151099 @ 95% credibility (15 tries)
Done in 0.06 min (cpu), 0.06 min (real)
Generate toy 175/250

 -- MarkovChainMC -- 
Limit: r < 3.10443 +/- 0.0407331 @ 95% credibility (15 tries)
Done in 0.06 min (cpu), 0.06 min (real)
Generate toy 176/250

 -- MarkovChainMC -- 
Limit: r < 1.63326 +/- 0.0227038 @ 95% credibility (15 tries)
Done in 0.06 min (cpu), 0.06 min (real)
Generate toy 177/250

 -- MarkovChainMC -- 
Limit: r < 4.0696 +/- 0.0652738 @ 95% credibility (15 tries)
Done in 0.06 min (cpu), 0.06 min (real)
Generate toy 178/250

 -- MarkovChainMC -- 
Limit: r < 2.12635 +/- 0.0342774 @ 95% credibility (15 tries)
Done in 0.06 min (cpu), 0.06 min (real)
Generate toy 179/250

 -- MarkovChainMC -- 
Limit: r < 2.08817 +/- 0.0228307 @ 95% credibility (15 tries)
Done in 0.05 min (cpu), 0.06 min (real)
Generate toy 180/250

 -- MarkovChainMC -- 
Limit: r < 1.44978 +/- 0.0178674 @ 95% credibility (15 tries)
Done in 0.05 min (cpu), 0.05 min (real)
Generate toy 181/250

 -- MarkovChainMC -- 
Limit: r < 2.17936 +/- 0.0222929 @ 95% credibility (15 tries)
Done in 0.06 min (cpu), 0.06 min (real)
Generate toy 182/250

 -- MarkovChainMC -- 
Limit: r < 1.9171 +/- 0.0284387 @ 95% credibility (15 tries)
Done in 0.05 min (cpu), 0.05 min (real)
Generate toy 183/250

 -- MarkovChainMC -- 
Limit: r < 3.67848 +/- 0.0465293 @ 95% credibility (15 tries)
Done in 0.06 min (cpu), 0.06 min (real)
Generate toy 184/250

 -- MarkovChainMC -- 
Limit: r < 2.66624 +/- 0.045533 @ 95% credibility (15 tries)
Done in 0.06 min (cpu), 0.06 min (real)
Generate toy 185/250

 -- MarkovChainMC -- 
Limit: r < 2.23935 +/- 0.0370684 @ 95% credibility (15 tries)
Done in 0.06 min (cpu), 0.06 min (real)
Generate toy 186/250

 -- MarkovChainMC -- 
Limit: r < 4.36418 +/- 0.0681076 @ 95% credibility (15 tries)
Done in 0.06 min (cpu), 0.06 min (real)
Generate toy 187/250

 -- MarkovChainMC -- 
Limit: r < 2.47839 +/- 0.0457593 @ 95% credibility (15 tries)
Done in 0.06 min (cpu), 0.06 min (real)
Generate toy 188/250

 -- MarkovChainMC -- 
Limit: r < 2.10564 +/- 0.0167669 @ 95% credibility (15 tries)
Done in 0.06 min (cpu), 0.06 min (real)
Generate toy 189/250

 -- MarkovChainMC -- 
Limit: r < 3.55024 +/- 0.0333718 @ 95% credibility (15 tries)
Done in 0.06 min (cpu), 0.06 min (real)
Generate toy 190/250

 -- MarkovChainMC -- 
Limit: r < 4.71912 +/- 0.0667111 @ 95% credibility (15 tries)
Done in 0.06 min (cpu), 0.07 min (real)
Generate toy 191/250

 -- MarkovChainMC -- 
Limit: r < 2.02801 +/- 0.0293668 @ 95% credibility (15 tries)
Done in 0.06 min (cpu), 0.06 min (real)
Generate toy 192/250

 -- MarkovChainMC -- 
Limit: r < 3.78912 +/- 0.0373244 @ 95% credibility (15 tries)
Done in 0.06 min (cpu), 0.06 min (real)
Generate toy 193/250

 -- MarkovChainMC -- 
Limit: r < 1.41063 +/- 0.0341606 @ 95% credibility (15 tries)
Done in 0.05 min (cpu), 0.05 min (real)
Generate toy 194/250

 -- MarkovChainMC -- 
Limit: r < 2.40589 +/- 0.0296007 @ 95% credibility (15 tries)
Done in 0.06 min (cpu), 0.06 min (real)
Generate toy 195/250

 -- MarkovChainMC -- 
Limit: r < 1.68284 +/- 0.0240156 @ 95% credibility (15 tries)
Done in 0.05 min (cpu), 0.05 min (real)
Generate toy 196/250

 -- MarkovChainMC -- 
Limit: r < 4.42365 +/- 0.0562486 @ 95% credibility (15 tries)
Done in 0.06 min (cpu), 0.06 min (real)
Generate toy 197/250

 -- MarkovChainMC -- 
Limit: r < 3.04032 +/- 0.0284859 @ 95% credibility (15 tries)
Done in 0.07 min (cpu), 0.07 min (real)
Generate toy 198/250

 -- MarkovChainMC -- 
Limit: r < 3.28096 +/- 0.0322894 @ 95% credibility (15 tries)
Done in 0.06 min (cpu), 0.06 min (real)
Generate toy 199/250

 -- MarkovChainMC -- 
Limit: r < 1.0593 +/- 0.0223902 @ 95% credibility (15 tries)
Done in 0.05 min (cpu), 0.05 min (real)
Generate toy 200/250

 -- MarkovChainMC -- 
Limit: r < 1.65785 +/- 0.0340126 @ 95% credibility (15 tries)
Done in 0.06 min (cpu), 0.06 min (real)
Generate toy 201/250

 -- MarkovChainMC -- 
Limit: r < 2.08574 +/- 0.0263144 @ 95% credibility (15 tries)
Done in 0.06 min (cpu), 0.06 min (real)
Generate toy 202/250

 -- MarkovChainMC -- 
Limit: r < 3.06845 +/- 0.0770546 @ 95% credibility (15 tries)
Done in 0.07 min (cpu), 0.07 min (real)
Generate toy 203/250

 -- MarkovChainMC -- 
Limit: r < 2.3693 +/- 0.0385136 @ 95% credibility (15 tries)
Done in 0.06 min (cpu), 0.06 min (real)
Generate toy 204/250

 -- MarkovChainMC -- 
Limit: r < 1.84327 +/- 0.0199909 @ 95% credibility (15 tries)
Done in 0.06 min (cpu), 0.06 min (real)
Generate toy 205/250

 -- MarkovChainMC -- 
Limit: r < 2.2625 +/- 0.0212422 @ 95% credibility (15 tries)
Done in 0.06 min (cpu), 0.06 min (real)
Generate toy 206/250

 -- MarkovChainMC -- 
Limit: r < 2.15642 +/- 0.0442959 @ 95% credibility (15 tries)
Done in 0.06 min (cpu), 0.06 min (real)
Generate toy 207/250

 -- MarkovChainMC -- 
Limit: r < 1.11797 +/- 0.0215164 @ 95% credibility (15 tries)
Done in 0.05 min (cpu), 0.05 min (real)
Generate toy 208/250

 -- MarkovChainMC -- 
Limit: r < 2.32426 +/- 0.047036 @ 95% credibility (15 tries)
Done in 0.06 min (cpu), 0.06 min (real)
Generate toy 209/250

 -- MarkovChainMC -- 
Limit: r < 1.59479 +/- 0.0284099 @ 95% credibility (15 tries)
Done in 0.06 min (cpu), 0.06 min (real)
Generate toy 210/250

 -- MarkovChainMC -- 
Limit: r < 1.49399 +/- 0.0221111 @ 95% credibility (15 tries)
Done in 0.06 min (cpu), 0.06 min (real)
Generate toy 211/250

 -- MarkovChainMC -- 
Limit: r < 3.10958 +/- 0.0431748 @ 95% credibility (15 tries)
Done in 0.06 min (cpu), 0.06 min (real)
Generate toy 212/250

 -- MarkovChainMC -- 
Limit: r < 1.22473 +/- 0.0269076 @ 95% credibility (15 tries)
Done in 0.05 min (cpu), 0.05 min (real)
Generate toy 213/250

 -- MarkovChainMC -- 
Limit: r < 1.52597 +/- 0.0195435 @ 95% credibility (15 tries)
Done in 0.05 min (cpu), 0.05 min (real)
Generate toy 214/250

 -- MarkovChainMC -- 
Limit: r < 2.75219 +/- 0.0287091 @ 95% credibility (15 tries)
Done in 0.06 min (cpu), 0.06 min (real)
Generate toy 215/250

 -- MarkovChainMC -- 
Limit: r < 1.94149 +/- 0.0173409 @ 95% credibility (15 tries)
Done in 0.06 min (cpu), 0.06 min (real)
Generate toy 216/250

 -- MarkovChainMC -- 
Limit: r < 1.17749 +/- 0.0192293 @ 95% credibility (15 tries)
Done in 0.05 min (cpu), 0.05 min (real)
Generate toy 217/250

 -- MarkovChainMC -- 
Limit: r < 1.70541 +/- 0.0227531 @ 95% credibility (15 tries)
Done in 0.07 min (cpu), 0.07 min (real)
Generate toy 218/250

 -- MarkovChainMC -- 
Limit: r < 3.62927 +/- 0.0520593 @ 95% credibility (15 tries)
Done in 0.06 min (cpu), 0.06 min (real)
Generate toy 219/250

 -- MarkovChainMC -- 
Limit: r < 2.02145 +/- 0.0292536 @ 95% credibility (15 tries)
Done in 0.06 min (cpu), 0.06 min (real)
Generate toy 220/250

 -- MarkovChainMC -- 
Limit: r < 5.22976 +/- 0.0622135 @ 95% credibility (15 tries)
Done in 0.06 min (cpu), 0.06 min (real)
Generate toy 221/250

 -- MarkovChainMC -- 
Limit: r < 2.31895 +/- 0.0350165 @ 95% credibility (15 tries)
Done in 0.06 min (cpu), 0.06 min (real)
Generate toy 222/250

 -- MarkovChainMC -- 
Limit: r < 2.16224 +/- 0.0229278 @ 95% credibility (15 tries)
Done in 0.06 min (cpu), 0.06 min (real)
Generate toy 223/250

 -- MarkovChainMC -- 
Limit: r < 1.59457 +/- 0.0316015 @ 95% credibility (15 tries)
Done in 0.05 min (cpu), 0.05 min (real)
Generate toy 224/250

 -- MarkovChainMC -- 
Limit: r < 3.90584 +/- 0.0420228 @ 95% credibility (15 tries)
Done in 0.06 min (cpu), 0.06 min (real)
Generate toy 225/250

 -- MarkovChainMC -- 
Limit: r < 1.73823 +/- 0.0176236 @ 95% credibility (15 tries)
Done in 0.06 min (cpu), 0.06 min (real)
Generate toy 226/250

 -- MarkovChainMC -- 
Limit: r < 3.25269 +/- 0.0354589 @ 95% credibility (15 tries)
Done in 0.06 min (cpu), 0.06 min (real)
Generate toy 227/250

 -- MarkovChainMC -- 
Limit: r < 1.65168 +/- 0.0204781 @ 95% credibility (15 tries)
Done in 0.05 min (cpu), 0.05 min (real)
Generate toy 228/250

 -- MarkovChainMC -- 
Limit: r < 2.8429 +/- 0.0289409 @ 95% credibility (15 tries)
Done in 0.06 min (cpu), 0.06 min (real)
Generate toy 229/250

 -- MarkovChainMC -- 
Limit: r < 2.57831 +/- 0.0281378 @ 95% credibility (15 tries)
Done in 0.06 min (cpu), 0.06 min (real)
Generate toy 230/250

 -- MarkovChainMC -- 
Limit: r < 1.14317 +/- 0.0177817 @ 95% credibility (15 tries)
Done in 0.06 min (cpu), 0.06 min (real)
Generate toy 231/250

 -- MarkovChainMC -- 
Limit: r < 1.24032 +/- 0.0209389 @ 95% credibility (15 tries)
Done in 0.05 min (cpu), 0.05 min (real)
Generate toy 232/250

 -- MarkovChainMC -- 
Limit: r < 2.72538 +/- 0.0341992 @ 95% credibility (15 tries)
Done in 0.06 min (cpu), 0.06 min (real)
Generate toy 233/250

 -- MarkovChainMC -- 
Limit: r < 3.00909 +/- 0.0462033 @ 95% credibility (15 tries)
Done in 0.06 min (cpu), 0.06 min (real)
Generate toy 234/250

 -- MarkovChainMC -- 
Limit: r < 2.83779 +/- 0.0403548 @ 95% credibility (15 tries)
Done in 0.06 min (cpu), 0.06 min (real)
Generate toy 235/250

 -- MarkovChainMC -- 
Limit: r < 2.24661 +/- 0.0208201 @ 95% credibility (15 tries)
Done in 0.06 min (cpu), 0.06 min (real)
Generate toy 236/250

 -- MarkovChainMC -- 
Limit: r < 2.00838 +/- 0.028347 @ 95% credibility (15 tries)
Done in 0.06 min (cpu), 0.06 min (real)
Generate toy 237/250

 -- MarkovChainMC -- 
Limit: r < 3.43118 +/- 0.0341249 @ 95% credibility (15 tries)
Done in 0.06 min (cpu), 0.06 min (real)
Generate toy 238/250

 -- MarkovChainMC -- 
Limit: r < 1.93073 +/- 0.0328788 @ 95% credibility (15 tries)
Done in 0.06 min (cpu), 0.06 min (real)
Generate toy 239/250

 -- MarkovChainMC -- 
Limit: r < 3.37007 +/- 0.0451523 @ 95% credibility (15 tries)
Done in 0.06 min (cpu), 0.06 min (real)
Generate toy 240/250

 -- MarkovChainMC -- 
Limit: r < 1.75678 +/- 0.00893769 @ 95% credibility (15 tries)
Done in 0.06 min (cpu), 0.06 min (real)
Generate toy 241/250

 -- MarkovChainMC -- 
Limit: r < 2.52344 +/- 0.055424 @ 95% credibility (15 tries)
Done in 0.06 min (cpu), 0.06 min (real)
Generate toy 242/250

 -- MarkovChainMC -- 
Limit: r < 1.26569 +/- 0.0221313 @ 95% credibility (15 tries)
Done in 0.05 min (cpu), 0.05 min (real)
Generate toy 243/250

 -- MarkovChainMC -- 
Limit: r < 4.11229 +/- 0.0581062 @ 95% credibility (15 tries)
Done in 0.06 min (cpu), 0.06 min (real)
Generate toy 244/250

 -- MarkovChainMC -- 
Limit: r < 2.01407 +/- 0.0329205 @ 95% credibility (15 tries)
Done in 0.06 min (cpu), 0.06 min (real)
Generate toy 245/250

 -- MarkovChainMC -- 
Limit: r < 3.60447 +/- 0.0551818 @ 95% credibility (15 tries)
Done in 0.07 min (cpu), 0.07 min (real)
Generate toy 246/250

 -- MarkovChainMC -- 
Limit: r < 1.10845 +/- 0.0205953 @ 95% credibility (15 tries)
Done in 0.05 min (cpu), 0.06 min (real)
Generate toy 247/250

 -- MarkovChainMC -- 
Limit: r < 3.24925 +/- 0.060679 @ 95% credibility (15 tries)
Done in 0.06 min (cpu), 0.06 min (real)
Generate toy 248/250

 -- MarkovChainMC -- 
Limit: r < 1.27931 +/- 0.0272105 @ 95% credibility (15 tries)
Done in 0.06 min (cpu), 0.06 min (real)
Generate toy 249/250

 -- MarkovChainMC -- 
Limit: r < 5.0181 +/- 0.0594061 @ 95% credibility (15 tries)
Done in 0.06 min (cpu), 0.06 min (real)
Generate toy 250/250

 -- MarkovChainMC -- 
Limit: r < 3.60048 +/- 0.0531361 @ 95% credibility (15 tries)
Done in 0.06 min (cpu), 0.06 min (real)
mean   expected limit: r < 2.45048 +/- 0.0634418 @ 95%CL (250 toyMC)
median expected limit: r < 2.17812 @ 95%CL (250 toyMC)
   68% expected band : 1.50503 < r < 3.49286
   95% expected band : 1.15114 < r < 5.04428
