 <<< Combine >>> 
 <<< v10.0.2 >>>
>>> Used OpenSSL to get a truly random seed -919782016
>>> Method used is MarkovChainMC
============================================================
Analyzing bin errors for: prop_binmuon_channel
Poisson cut-off: 10
Processes excluded for sums: Signal
============================================================
Bin        Contents        Error           Notes                         
0          212.581647      5.525979        total sum                     
0          185.480647      1.853494        excluding marked processes    
0          10014.000000    100.069976      Unweighted events, alpha=0.021228
  => Total parameter prop_binmuon_channel_bin0[0.00,-7.00,7.00] to be Gaussian constrained
------------------------------------------------------------
Channel muon_channel will use autoMCStats with settings: event-threshold=10, include-signal=0, hist-mode=1
Generate toy 1/250

 -- MarkovChainMC -- 
Limit: r < 1.2686 +/- 0.0297037 @ 95% credibility (15 tries)
Done in 0.08 min (cpu), 0.08 min (real)
Generate toy 2/250

 -- MarkovChainMC -- 
Limit: r < 0.870674 +/- 0.0087363 @ 95% credibility (15 tries)
Done in 0.07 min (cpu), 0.07 min (real)
Generate toy 3/250

 -- MarkovChainMC -- 
Limit: r < 1.67594 +/- 0.0250644 @ 95% credibility (15 tries)
Done in 0.08 min (cpu), 0.08 min (real)
Generate toy 4/250

 -- MarkovChainMC -- 
Limit: r < 1.39959 +/- 0.0242176 @ 95% credibility (15 tries)
Done in 0.09 min (cpu), 0.09 min (real)
Generate toy 5/250

 -- MarkovChainMC -- 
Limit: r < 2.6734 +/- 0.0346307 @ 95% credibility (15 tries)
Done in 0.08 min (cpu), 0.08 min (real)
Generate toy 6/250

 -- MarkovChainMC -- 
Limit: r < 2.47667 +/- 0.0378934 @ 95% credibility (15 tries)
Done in 0.09 min (cpu), 0.09 min (real)
Generate toy 7/250

 -- MarkovChainMC -- 
Limit: r < 1.60075 +/- 0.0221143 @ 95% credibility (15 tries)
Done in 0.07 min (cpu), 0.07 min (real)
Generate toy 8/250

 -- MarkovChainMC -- 
Limit: r < 1.94195 +/- 0.0313621 @ 95% credibility (15 tries)
Done in 0.07 min (cpu), 0.07 min (real)
Generate toy 9/250

 -- MarkovChainMC -- 
Limit: r < 2.20659 +/- 0.0216499 @ 95% credibility (15 tries)
Done in 0.08 min (cpu), 0.08 min (real)
Generate toy 10/250

 -- MarkovChainMC -- 
Limit: r < 3.37092 +/- 0.0429247 @ 95% credibility (15 tries)
Done in 0.09 min (cpu), 0.10 min (real)
Generate toy 11/250

 -- MarkovChainMC -- 
Limit: r < 1.81732 +/- 0.0213306 @ 95% credibility (15 tries)
Done in 0.09 min (cpu), 0.09 min (real)
Generate toy 12/250

 -- MarkovChainMC -- 
Limit: r < 2.43411 +/- 0.0327363 @ 95% credibility (15 tries)
Done in 0.09 min (cpu), 0.09 min (real)
Generate toy 13/250

 -- MarkovChainMC -- 
Limit: r < 2.15652 +/- 0.0404031 @ 95% credibility (15 tries)
Done in 0.08 min (cpu), 0.08 min (real)
Generate toy 14/250

 -- MarkovChainMC -- 
Limit: r < 2.26442 +/- 0.0316766 @ 95% credibility (15 tries)
Done in 0.09 min (cpu), 0.09 min (real)
Generate toy 15/250

 -- MarkovChainMC -- 
Limit: r < 1.58255 +/- 0.0271035 @ 95% credibility (15 tries)
Done in 0.07 min (cpu), 0.07 min (real)
Generate toy 16/250

 -- MarkovChainMC -- 
Limit: r < 1.64206 +/- 0.0229982 @ 95% credibility (15 tries)
Done in 0.07 min (cpu), 0.07 min (real)
Generate toy 17/250

 -- MarkovChainMC -- 
Limit: r < 2.92753 +/- 0.0362696 @ 95% credibility (15 tries)
Done in 0.07 min (cpu), 0.07 min (real)
Generate toy 18/250

 -- MarkovChainMC -- 
Limit: r < 1.73676 +/- 0.0350541 @ 95% credibility (15 tries)
Done in 0.08 min (cpu), 0.08 min (real)
Generate toy 19/250

 -- MarkovChainMC -- 
Limit: r < 2.10643 +/- 0.0177685 @ 95% credibility (15 tries)
Done in 0.08 min (cpu), 0.08 min (real)
Generate toy 20/250

 -- MarkovChainMC -- 
Limit: r < 2.11006 +/- 0.0331988 @ 95% credibility (15 tries)
Done in 0.08 min (cpu), 0.09 min (real)
Generate toy 21/250

 -- MarkovChainMC -- 
Limit: r < 2.13833 +/- 0.0268079 @ 95% credibility (15 tries)
Done in 0.08 min (cpu), 0.08 min (real)
Generate toy 22/250

 -- MarkovChainMC -- 
Limit: r < 1.34042 +/- 0.0124091 @ 95% credibility (15 tries)
Done in 0.07 min (cpu), 0.07 min (real)
Generate toy 23/250

 -- MarkovChainMC -- 
Limit: r < 1.53654 +/- 0.0206248 @ 95% credibility (15 tries)
Done in 0.07 min (cpu), 0.07 min (real)
Generate toy 24/250

 -- MarkovChainMC -- 
Limit: r < 0.960915 +/- 0.0103518 @ 95% credibility (15 tries)
Done in 0.08 min (cpu), 0.08 min (real)
Generate toy 25/250

 -- MarkovChainMC -- 
Limit: r < 1.68682 +/- 0.0193 @ 95% credibility (15 tries)
Done in 0.08 min (cpu), 0.08 min (real)
Generate toy 26/250

 -- MarkovChainMC -- 
Limit: r < 2.34672 +/- 0.0231792 @ 95% credibility (15 tries)
Done in 0.09 min (cpu), 0.09 min (real)
Generate toy 27/250

 -- MarkovChainMC -- 
Limit: r < 1.26942 +/- 0.0172332 @ 95% credibility (15 tries)
Done in 0.08 min (cpu), 0.08 min (real)
Generate toy 28/250

 -- MarkovChainMC -- 
Limit: r < 3.13531 +/- 0.0177932 @ 95% credibility (15 tries)
Done in 0.08 min (cpu), 0.08 min (real)
Generate toy 29/250

 -- MarkovChainMC -- 
Limit: r < 1.67447 +/- 0.016026 @ 95% credibility (15 tries)
Done in 0.08 min (cpu), 0.08 min (real)
Generate toy 30/250

 -- MarkovChainMC -- 
Limit: r < 1.30387 +/- 0.0148849 @ 95% credibility (15 tries)
Done in 0.09 min (cpu), 0.09 min (real)
Generate toy 31/250

 -- MarkovChainMC -- 
Limit: r < 1.20401 +/- 0.0199337 @ 95% credibility (15 tries)
Done in 0.07 min (cpu), 0.07 min (real)
Generate toy 32/250

 -- MarkovChainMC -- 
Limit: r < 1.82531 +/- 0.0266283 @ 95% credibility (15 tries)
Done in 0.09 min (cpu), 0.09 min (real)
Generate toy 33/250

 -- MarkovChainMC -- 
Limit: r < 1.27167 +/- 0.0249342 @ 95% credibility (15 tries)
Done in 0.08 min (cpu), 0.08 min (real)
Generate toy 34/250

 -- MarkovChainMC -- 
Limit: r < 0.902909 +/- 0.0103649 @ 95% credibility (15 tries)
Done in 0.06 min (cpu), 0.07 min (real)
Generate toy 35/250

 -- MarkovChainMC -- 
Limit: r < 0.82189 +/- 0.0128564 @ 95% credibility (15 tries)
Done in 0.08 min (cpu), 0.08 min (real)
Generate toy 36/250

 -- MarkovChainMC -- 
Limit: r < 1.88589 +/- 0.0258066 @ 95% credibility (15 tries)
Done in 0.07 min (cpu), 0.07 min (real)
Generate toy 37/250

 -- MarkovChainMC -- 
Limit: r < 1.42052 +/- 0.023039 @ 95% credibility (15 tries)
Done in 0.07 min (cpu), 0.07 min (real)
Generate toy 38/250

 -- MarkovChainMC -- 
Limit: r < 1.63407 +/- 0.0240418 @ 95% credibility (15 tries)
Done in 0.07 min (cpu), 0.07 min (real)
Generate toy 39/250

 -- MarkovChainMC -- 
Limit: r < 1.20415 +/- 0.0229181 @ 95% credibility (15 tries)
Done in 0.07 min (cpu), 0.07 min (real)
Generate toy 40/250

 -- MarkovChainMC -- 
Limit: r < 1.63935 +/- 0.0285483 @ 95% credibility (15 tries)
Done in 0.08 min (cpu), 0.08 min (real)
Generate toy 41/250

 -- MarkovChainMC -- 
Limit: r < 2.26314 +/- 0.0254735 @ 95% credibility (15 tries)
Done in 0.08 min (cpu), 0.08 min (real)
Generate toy 42/250

 -- MarkovChainMC -- 
Limit: r < 4.01761 +/- 0.0446269 @ 95% credibility (15 tries)
Done in 0.07 min (cpu), 0.07 min (real)
Generate toy 43/250

 -- MarkovChainMC -- 
Limit: r < 1.38881 +/- 0.0324428 @ 95% credibility (15 tries)
Done in 0.07 min (cpu), 0.07 min (real)
Generate toy 44/250

 -- MarkovChainMC -- 
Limit: r < 0.932972 +/- 0.0195352 @ 95% credibility (15 tries)
Done in 0.07 min (cpu), 0.07 min (real)
Generate toy 45/250

 -- MarkovChainMC -- 
Limit: r < 2.22515 +/- 0.0405038 @ 95% credibility (15 tries)
Done in 0.08 min (cpu), 0.08 min (real)
Generate toy 46/250

 -- MarkovChainMC -- 
Limit: r < 1.45362 +/- 0.0248038 @ 95% credibility (15 tries)
Done in 0.07 min (cpu), 0.07 min (real)
Generate toy 47/250

 -- MarkovChainMC -- 
Limit: r < 2.19175 +/- 0.0397665 @ 95% credibility (15 tries)
Done in 0.07 min (cpu), 0.07 min (real)
Generate toy 48/250

 -- MarkovChainMC -- 
Limit: r < 2.55744 +/- 0.0276854 @ 95% credibility (15 tries)
Done in 0.08 min (cpu), 0.08 min (real)
Generate toy 49/250

 -- MarkovChainMC -- 
Limit: r < 1.57197 +/- 0.0228005 @ 95% credibility (15 tries)
Done in 0.08 min (cpu), 0.08 min (real)
Generate toy 50/250

 -- MarkovChainMC -- 
Limit: r < 1.14497 +/- 0.0129336 @ 95% credibility (15 tries)
Done in 0.08 min (cpu), 0.08 min (real)
Generate toy 51/250

 -- MarkovChainMC -- 
Limit: r < 1.2643 +/- 0.0163927 @ 95% credibility (15 tries)
Done in 0.07 min (cpu), 0.07 min (real)
Generate toy 52/250

 -- MarkovChainMC -- 
Limit: r < 1.82485 +/- 0.0291322 @ 95% credibility (15 tries)
Done in 0.07 min (cpu), 0.07 min (real)
Generate toy 53/250

 -- MarkovChainMC -- 
Limit: r < 1.18744 +/- 0.026053 @ 95% credibility (15 tries)
Done in 0.09 min (cpu), 0.09 min (real)
Generate toy 54/250

 -- MarkovChainMC -- 
Limit: r < 1.39513 +/- 0.0180021 @ 95% credibility (15 tries)
Done in 0.08 min (cpu), 0.08 min (real)
Generate toy 55/250

 -- MarkovChainMC -- 
Limit: r < 1.43693 +/- 0.0262518 @ 95% credibility (15 tries)
Done in 0.07 min (cpu), 0.07 min (real)
Generate toy 56/250

 -- MarkovChainMC -- 
Limit: r < 1.56475 +/- 0.0235747 @ 95% credibility (15 tries)
Done in 0.07 min (cpu), 0.07 min (real)
Generate toy 57/250

 -- MarkovChainMC -- 
Limit: r < 2.34438 +/- 0.0270911 @ 95% credibility (15 tries)
Done in 0.08 min (cpu), 0.08 min (real)
Generate toy 58/250

 -- MarkovChainMC -- 
Limit: r < 1.86493 +/- 0.0243562 @ 95% credibility (15 tries)
Done in 0.07 min (cpu), 0.07 min (real)
Generate toy 59/250

 -- MarkovChainMC -- 
Limit: r < 0.742302 +/- 0.0129262 @ 95% credibility (15 tries)
Done in 0.07 min (cpu), 0.07 min (real)
Generate toy 60/250

 -- MarkovChainMC -- 
Limit: r < 2.38559 +/- 0.030224 @ 95% credibility (15 tries)
Done in 0.08 min (cpu), 0.08 min (real)
Generate toy 61/250

 -- MarkovChainMC -- 
Limit: r < 0.918373 +/- 0.0110771 @ 95% credibility (15 tries)
Done in 0.07 min (cpu), 0.07 min (real)
Generate toy 62/250

 -- MarkovChainMC -- 
Limit: r < 1.04678 +/- 0.0198048 @ 95% credibility (15 tries)
Done in 0.07 min (cpu), 0.07 min (real)
Generate toy 63/250

 -- MarkovChainMC -- 
Limit: r < 0.946266 +/- 0.0112369 @ 95% credibility (15 tries)
Done in 0.06 min (cpu), 0.07 min (real)
Generate toy 64/250

 -- MarkovChainMC -- 
Limit: r < 1.44223 +/- 0.0180265 @ 95% credibility (15 tries)
Done in 0.07 min (cpu), 0.07 min (real)
Generate toy 65/250

 -- MarkovChainMC -- 
Limit: r < 2.94511 +/- 0.0459377 @ 95% credibility (15 tries)
Done in 0.07 min (cpu), 0.07 min (real)
Generate toy 66/250

 -- MarkovChainMC -- 
Limit: r < 1.38171 +/- 0.0209579 @ 95% credibility (15 tries)
Done in 0.07 min (cpu), 0.07 min (real)
Generate toy 67/250

 -- MarkovChainMC -- 
Limit: r < 0.828928 +/- 0.0110986 @ 95% credibility (15 tries)
Done in 0.07 min (cpu), 0.07 min (real)
Generate toy 68/250

 -- MarkovChainMC -- 
Limit: r < 3.97271 +/- 0.024006 @ 95% credibility (15 tries)
Done in 0.08 min (cpu), 0.08 min (real)
Generate toy 69/250

 -- MarkovChainMC -- 
Limit: r < 1.97165 +/- 0.0256146 @ 95% credibility (15 tries)
Done in 0.09 min (cpu), 0.09 min (real)
Generate toy 70/250

 -- MarkovChainMC -- 
Limit: r < 1.33574 +/- 0.0126469 @ 95% credibility (15 tries)
Done in 0.07 min (cpu), 0.07 min (real)
Generate toy 71/250

 -- MarkovChainMC -- 
Limit: r < 3.11819 +/- 0.0277228 @ 95% credibility (15 tries)
Done in 0.07 min (cpu), 0.07 min (real)
Generate toy 72/250

 -- MarkovChainMC -- 
Limit: r < 1.50731 +/- 0.0182352 @ 95% credibility (15 tries)
Done in 0.07 min (cpu), 0.07 min (real)
Generate toy 73/250

 -- MarkovChainMC -- 
Limit: r < 1.18822 +/- 0.0128625 @ 95% credibility (15 tries)
Done in 0.07 min (cpu), 0.07 min (real)
Generate toy 74/250

 -- MarkovChainMC -- 
Limit: r < 1.4902 +/- 0.0271492 @ 95% credibility (15 tries)
Done in 0.07 min (cpu), 0.07 min (real)
Generate toy 75/250

 -- MarkovChainMC -- 
Limit: r < 1.95359 +/- 0.0113178 @ 95% credibility (15 tries)
Done in 0.07 min (cpu), 0.07 min (real)
Generate toy 76/250

 -- MarkovChainMC -- 
Limit: r < 1.94984 +/- 0.0190478 @ 95% credibility (15 tries)
Done in 0.07 min (cpu), 0.07 min (real)
Generate toy 77/250

 -- MarkovChainMC -- 
Limit: r < 1.44505 +/- 0.0165293 @ 95% credibility (15 tries)
Done in 0.07 min (cpu), 0.07 min (real)
Generate toy 78/250

 -- MarkovChainMC -- 
Limit: r < 1.25453 +/- 0.0221824 @ 95% credibility (15 tries)
Done in 0.07 min (cpu), 0.07 min (real)
Generate toy 79/250

 -- MarkovChainMC -- 
Limit: r < 3.1463 +/- 0.0194154 @ 95% credibility (15 tries)
Done in 0.08 min (cpu), 0.08 min (real)
Generate toy 80/250

 -- MarkovChainMC -- 
Limit: r < 3.44885 +/- 0.0231403 @ 95% credibility (15 tries)
Done in 0.09 min (cpu), 0.09 min (real)
Generate toy 81/250

 -- MarkovChainMC -- 
Limit: r < 1.11629 +/- 0.0198097 @ 95% credibility (15 tries)
Done in 0.07 min (cpu), 0.07 min (real)
Generate toy 82/250

 -- MarkovChainMC -- 
Limit: r < 1.19997 +/- 0.0246427 @ 95% credibility (15 tries)
Done in 0.07 min (cpu), 0.07 min (real)
Generate toy 83/250

 -- MarkovChainMC -- 
Limit: r < 1.22716 +/- 0.0316042 @ 95% credibility (15 tries)
Done in 0.08 min (cpu), 0.08 min (real)
Generate toy 84/250

 -- MarkovChainMC -- 
Limit: r < 1.07315 +/- 0.0200183 @ 95% credibility (15 tries)
Done in 0.07 min (cpu), 0.07 min (real)
Generate toy 85/250

 -- MarkovChainMC -- 
Limit: r < 1.55777 +/- 0.0184881 @ 95% credibility (15 tries)
Done in 0.07 min (cpu), 0.07 min (real)
Generate toy 86/250

 -- MarkovChainMC -- 
Limit: r < 2.05444 +/- 0.0121144 @ 95% credibility (15 tries)
Done in 0.07 min (cpu), 0.07 min (real)
Generate toy 87/250

 -- MarkovChainMC -- 
Limit: r < 1.51808 +/- 0.0224963 @ 95% credibility (15 tries)
Done in 0.08 min (cpu), 0.08 min (real)
Generate toy 88/250

 -- MarkovChainMC -- 
Limit: r < 0.866245 +/- 0.0125556 @ 95% credibility (15 tries)
Done in 0.07 min (cpu), 0.07 min (real)
Generate toy 89/250

 -- MarkovChainMC -- 
Limit: r < 1.79308 +/- 0.0174031 @ 95% credibility (15 tries)
Done in 0.07 min (cpu), 0.07 min (real)
Generate toy 90/250

 -- MarkovChainMC -- 
Limit: r < 2.40937 +/- 0.0182924 @ 95% credibility (15 tries)
Done in 0.07 min (cpu), 0.07 min (real)
Generate toy 91/250

 -- MarkovChainMC -- 
Limit: r < 2.16099 +/- 0.0313308 @ 95% credibility (15 tries)
Done in 0.07 min (cpu), 0.07 min (real)
Generate toy 92/250

 -- MarkovChainMC -- 
Limit: r < 1.88674 +/- 0.0232242 @ 95% credibility (15 tries)
Done in 0.09 min (cpu), 0.09 min (real)
Generate toy 93/250

 -- MarkovChainMC -- 
Limit: r < 0.920576 +/- 0.0167348 @ 95% credibility (15 tries)
Done in 0.07 min (cpu), 0.07 min (real)
Generate toy 94/250

 -- MarkovChainMC -- 
Limit: r < 1.21471 +/- 0.0257314 @ 95% credibility (15 tries)
Done in 0.07 min (cpu), 0.07 min (real)
Generate toy 95/250

 -- MarkovChainMC -- 
Limit: r < 1.29773 +/- 0.0118503 @ 95% credibility (15 tries)
Done in 0.07 min (cpu), 0.07 min (real)
Generate toy 96/250

 -- MarkovChainMC -- 
Limit: r < 0.915206 +/- 0.0145093 @ 95% credibility (15 tries)
Done in 0.07 min (cpu), 0.07 min (real)
Generate toy 97/250

 -- MarkovChainMC -- 
Limit: r < 1.17213 +/- 0.0147463 @ 95% credibility (15 tries)
Done in 0.07 min (cpu), 0.07 min (real)
Generate toy 98/250

 -- MarkovChainMC -- 
Limit: r < 1.14796 +/- 0.0103375 @ 95% credibility (15 tries)
Done in 0.07 min (cpu), 0.07 min (real)
Generate toy 99/250

 -- MarkovChainMC -- 
Limit: r < 1.09158 +/- 0.0155974 @ 95% credibility (15 tries)
Done in 0.07 min (cpu), 0.07 min (real)
Generate toy 100/250

 -- MarkovChainMC -- 
Limit: r < 1.55461 +/- 0.0154314 @ 95% credibility (15 tries)
Done in 0.08 min (cpu), 0.08 min (real)
Generate toy 101/250

 -- MarkovChainMC -- 
Limit: r < 1.31855 +/- 0.0197546 @ 95% credibility (15 tries)
Done in 0.07 min (cpu), 0.07 min (real)
Generate toy 102/250

 -- MarkovChainMC -- 
Limit: r < 1.07846 +/- 0.0076139 @ 95% credibility (15 tries)
Done in 0.07 min (cpu), 0.07 min (real)
Generate toy 103/250

 -- MarkovChainMC -- 
Limit: r < 1.43431 +/- 0.0176966 @ 95% credibility (15 tries)
Done in 0.10 min (cpu), 0.10 min (real)
Generate toy 104/250

 -- MarkovChainMC -- 
Limit: r < 1.10087 +/- 0.01194 @ 95% credibility (15 tries)
Done in 0.07 min (cpu), 0.07 min (real)
Generate toy 105/250

 -- MarkovChainMC -- 
Limit: r < 1.94534 +/- 0.0243878 @ 95% credibility (15 tries)
Done in 0.07 min (cpu), 0.07 min (real)
Generate toy 106/250

 -- MarkovChainMC -- 
Limit: r < 1.28759 +/- 0.0126511 @ 95% credibility (15 tries)
Done in 0.09 min (cpu), 0.09 min (real)
Generate toy 107/250

 -- MarkovChainMC -- 
Limit: r < 2.06497 +/- 0.0169281 @ 95% credibility (15 tries)
Done in 0.09 min (cpu), 0.09 min (real)
Generate toy 108/250

 -- MarkovChainMC -- 
Limit: r < 1.37077 +/- 0.0193301 @ 95% credibility (15 tries)
Done in 0.09 min (cpu), 0.09 min (real)
Generate toy 109/250

 -- MarkovChainMC -- 
Limit: r < 1.1397 +/- 0.0173359 @ 95% credibility (15 tries)
Done in 0.07 min (cpu), 0.07 min (real)
Generate toy 110/250

 -- MarkovChainMC -- 
Limit: r < 1.61046 +/- 0.0214958 @ 95% credibility (15 tries)
Done in 0.08 min (cpu), 0.08 min (real)
Generate toy 111/250

 -- MarkovChainMC -- 
Limit: r < 1.27282 +/- 0.0147147 @ 95% credibility (15 tries)
Done in 0.07 min (cpu), 0.07 min (real)
Generate toy 112/250

 -- MarkovChainMC -- 
Limit: r < 1.86901 +/- 0.0234336 @ 95% credibility (15 tries)
Done in 0.07 min (cpu), 0.07 min (real)
Generate toy 113/250

 -- MarkovChainMC -- 
Limit: r < 1.76846 +/- 0.0210538 @ 95% credibility (15 tries)
Done in 0.08 min (cpu), 0.08 min (real)
Generate toy 114/250

 -- MarkovChainMC -- 
Limit: r < 2.15302 +/- 0.0307253 @ 95% credibility (15 tries)
Done in 0.08 min (cpu), 0.08 min (real)
Generate toy 115/250

 -- MarkovChainMC -- 
Limit: r < 1.04011 +/- 0.0117504 @ 95% credibility (15 tries)
Done in 0.07 min (cpu), 0.07 min (real)
Generate toy 116/250

 -- MarkovChainMC -- 
Limit: r < 1.47155 +/- 0.0265383 @ 95% credibility (15 tries)
Done in 0.09 min (cpu), 0.09 min (real)
Generate toy 117/250

 -- MarkovChainMC -- 
Limit: r < 1.92589 +/- 0.0189748 @ 95% credibility (15 tries)
Done in 0.08 min (cpu), 0.08 min (real)
Generate toy 118/250

 -- MarkovChainMC -- 
Limit: r < 0.80909 +/- 0.0117344 @ 95% credibility (15 tries)
Done in 0.08 min (cpu), 0.08 min (real)
Generate toy 119/250

 -- MarkovChainMC -- 
Limit: r < 1.54904 +/- 0.0139792 @ 95% credibility (15 tries)
Done in 0.08 min (cpu), 0.08 min (real)
Generate toy 120/250

 -- MarkovChainMC -- 
Limit: r < 0.728636 +/- 0.00814783 @ 95% credibility (15 tries)
Done in 0.07 min (cpu), 0.07 min (real)
Generate toy 121/250

 -- MarkovChainMC -- 
Limit: r < 2.51521 +/- 0.0239879 @ 95% credibility (15 tries)
Done in 0.08 min (cpu), 0.08 min (real)
Generate toy 122/250

 -- MarkovChainMC -- 
Limit: r < 1.68023 +/- 0.0288037 @ 95% credibility (15 tries)
Done in 0.11 min (cpu), 0.11 min (real)
Generate toy 123/250

 -- MarkovChainMC -- 
Limit: r < 1.67188 +/- 0.0363005 @ 95% credibility (15 tries)
Done in 0.08 min (cpu), 0.08 min (real)
Generate toy 124/250

 -- MarkovChainMC -- 
Limit: r < 2.23772 +/- 0.0391219 @ 95% credibility (15 tries)
Done in 0.07 min (cpu), 0.07 min (real)
Generate toy 125/250

 -- MarkovChainMC -- 
Limit: r < 2.46607 +/- 0.0507617 @ 95% credibility (15 tries)
Done in 0.07 min (cpu), 0.07 min (real)
Generate toy 126/250

 -- MarkovChainMC -- 
Limit: r < 1.66095 +/- 0.0229478 @ 95% credibility (15 tries)
Done in 0.07 min (cpu), 0.07 min (real)
Generate toy 127/250

 -- MarkovChainMC -- 
Limit: r < 1.51233 +/- 0.0153267 @ 95% credibility (15 tries)
Done in 0.07 min (cpu), 0.07 min (real)
Generate toy 128/250

 -- MarkovChainMC -- 
Limit: r < 1.9493 +/- 0.017045 @ 95% credibility (15 tries)
Done in 0.07 min (cpu), 0.07 min (real)
Generate toy 129/250

 -- MarkovChainMC -- 
Limit: r < 2.073 +/- 0.0371632 @ 95% credibility (15 tries)
Done in 0.07 min (cpu), 0.07 min (real)
Generate toy 130/250

 -- MarkovChainMC -- 
Limit: r < 2.18095 +/- 0.0173171 @ 95% credibility (15 tries)
Done in 0.08 min (cpu), 0.08 min (real)
Generate toy 131/250

 -- MarkovChainMC -- 
Limit: r < 2.03012 +/- 0.0274396 @ 95% credibility (15 tries)
Done in 0.07 min (cpu), 0.07 min (real)
Generate toy 132/250

 -- MarkovChainMC -- 
Limit: r < 1.50419 +/- 0.0120557 @ 95% credibility (15 tries)
Done in 0.07 min (cpu), 0.07 min (real)
Generate toy 133/250

 -- MarkovChainMC -- 
Limit: r < 1.11931 +/- 0.0174779 @ 95% credibility (15 tries)
Done in 0.07 min (cpu), 0.07 min (real)
Generate toy 134/250

 -- MarkovChainMC -- 
Limit: r < 2.36873 +/- 0.0214731 @ 95% credibility (15 tries)
Done in 0.08 min (cpu), 0.08 min (real)
Generate toy 135/250

 -- MarkovChainMC -- 
Limit: r < 2.27799 +/- 0.0281176 @ 95% credibility (15 tries)
Done in 0.07 min (cpu), 0.07 min (real)
Generate toy 136/250

 -- MarkovChainMC -- 
Limit: r < 1.89953 +/- 0.0269307 @ 95% credibility (15 tries)
Done in 0.07 min (cpu), 0.07 min (real)
Generate toy 137/250

 -- MarkovChainMC -- 
Limit: r < 1.9742 +/- 0.0255852 @ 95% credibility (15 tries)
Done in 0.07 min (cpu), 0.07 min (real)
Generate toy 138/250

 -- MarkovChainMC -- 
Limit: r < 1.50274 +/- 0.0284304 @ 95% credibility (15 tries)
Done in 0.07 min (cpu), 0.07 min (real)
Generate toy 139/250

 -- MarkovChainMC -- 
Limit: r < 1.07896 +/- 0.0163254 @ 95% credibility (15 tries)
Done in 0.07 min (cpu), 0.07 min (real)
Generate toy 140/250

 -- MarkovChainMC -- 
Limit: r < 2.19004 +/- 0.0371685 @ 95% credibility (15 tries)
Done in 0.08 min (cpu), 0.08 min (real)
Generate toy 141/250

 -- MarkovChainMC -- 
Limit: r < 1.15212 +/- 0.0211388 @ 95% credibility (15 tries)
Done in 0.08 min (cpu), 0.08 min (real)
Generate toy 142/250

 -- MarkovChainMC -- 
Limit: r < 0.622192 +/- 0.00796311 @ 95% credibility (15 tries)
Done in 0.08 min (cpu), 0.08 min (real)
Generate toy 143/250

 -- MarkovChainMC -- 
Limit: r < 3.11606 +/- 0.0221514 @ 95% credibility (15 tries)
Done in 0.08 min (cpu), 0.08 min (real)
Generate toy 144/250

 -- MarkovChainMC -- 
Limit: r < 1.91172 +/- 0.0299542 @ 95% credibility (15 tries)
Done in 0.07 min (cpu), 0.07 min (real)
Generate toy 145/250

 -- MarkovChainMC -- 
Limit: r < 1.7482 +/- 0.0228744 @ 95% credibility (15 tries)
Done in 0.08 min (cpu), 0.08 min (real)
Generate toy 146/250

 -- MarkovChainMC -- 
Limit: r < 0.930424 +/- 0.0172025 @ 95% credibility (15 tries)
Done in 0.07 min (cpu), 0.07 min (real)
Generate toy 147/250

 -- MarkovChainMC -- 
Limit: r < 1.11344 +/- 0.0216724 @ 95% credibility (15 tries)
Done in 0.07 min (cpu), 0.07 min (real)
Generate toy 148/250

 -- MarkovChainMC -- 
Limit: r < 2.75598 +/- 0.0233601 @ 95% credibility (15 tries)
Done in 0.08 min (cpu), 0.08 min (real)
Generate toy 149/250

 -- MarkovChainMC -- 
Limit: r < 1.24643 +/- 0.0118497 @ 95% credibility (15 tries)
Done in 0.08 min (cpu), 0.08 min (real)
Generate toy 150/250

 -- MarkovChainMC -- 
Limit: r < 1.41638 +/- 0.0219887 @ 95% credibility (15 tries)
Done in 0.07 min (cpu), 0.07 min (real)
Generate toy 151/250

 -- MarkovChainMC -- 
Limit: r < 1.90028 +/- 0.0264318 @ 95% credibility (15 tries)
Done in 0.08 min (cpu), 0.08 min (real)
Generate toy 152/250

 -- MarkovChainMC -- 
Limit: r < 2.1451 +/- 0.0191362 @ 95% credibility (15 tries)
Done in 0.07 min (cpu), 0.07 min (real)
Generate toy 153/250

 -- MarkovChainMC -- 
Limit: r < 2.46984 +/- 0.040431 @ 95% credibility (15 tries)
Done in 0.08 min (cpu), 0.08 min (real)
Generate toy 154/250

 -- MarkovChainMC -- 
Limit: r < 1.61454 +/- 0.0284754 @ 95% credibility (15 tries)
Done in 0.07 min (cpu), 0.07 min (real)
Generate toy 155/250

 -- MarkovChainMC -- 
Limit: r < 2.40943 +/- 0.0233003 @ 95% credibility (15 tries)
Done in 0.08 min (cpu), 0.08 min (real)
Generate toy 156/250

 -- MarkovChainMC -- 
Limit: r < 1.22537 +/- 0.0170828 @ 95% credibility (15 tries)
Done in 0.07 min (cpu), 0.07 min (real)
Generate toy 157/250

 -- MarkovChainMC -- 
Limit: r < 1.14611 +/- 0.0201776 @ 95% credibility (15 tries)
Done in 0.08 min (cpu), 0.08 min (real)
Generate toy 158/250

 -- MarkovChainMC -- 
Limit: r < 1.64018 +/- 0.00901582 @ 95% credibility (15 tries)
Done in 0.10 min (cpu), 0.10 min (real)
Generate toy 159/250

 -- MarkovChainMC -- 
Limit: r < 2.03232 +/- 0.050098 @ 95% credibility (15 tries)
Done in 0.08 min (cpu), 0.08 min (real)
Generate toy 160/250

 -- MarkovChainMC -- 
Limit: r < 0.693664 +/- 0.0143522 @ 95% credibility (15 tries)
Done in 0.07 min (cpu), 0.07 min (real)
Generate toy 161/250

 -- MarkovChainMC -- 
Limit: r < 2.5164 +/- 0.0316362 @ 95% credibility (15 tries)
Done in 0.07 min (cpu), 0.07 min (real)
Generate toy 162/250

 -- MarkovChainMC -- 
Limit: r < 1.07533 +/- 0.0166208 @ 95% credibility (15 tries)
Done in 0.08 min (cpu), 0.08 min (real)
Generate toy 163/250

 -- MarkovChainMC -- 
Limit: r < 1.26074 +/- 0.014076 @ 95% credibility (15 tries)
Done in 0.07 min (cpu), 0.07 min (real)
Generate toy 164/250

 -- MarkovChainMC -- 
Limit: r < 1.84355 +/- 0.0253375 @ 95% credibility (15 tries)
Done in 0.08 min (cpu), 0.08 min (real)
Generate toy 165/250

 -- MarkovChainMC -- 
Limit: r < 1.27096 +/- 0.00732713 @ 95% credibility (15 tries)
Done in 0.08 min (cpu), 0.08 min (real)
Generate toy 166/250

 -- MarkovChainMC -- 
Limit: r < 1.68503 +/- 0.0136008 @ 95% credibility (15 tries)
Done in 0.07 min (cpu), 0.07 min (real)
Generate toy 167/250

 -- MarkovChainMC -- 
Limit: r < 1.69505 +/- 0.0206502 @ 95% credibility (15 tries)
Done in 0.07 min (cpu), 0.07 min (real)
Generate toy 168/250

 -- MarkovChainMC -- 
Limit: r < 1.55008 +/- 0.0190806 @ 95% credibility (15 tries)
Done in 0.08 min (cpu), 0.08 min (real)
Generate toy 169/250

 -- MarkovChainMC -- 
Limit: r < 2.06904 +/- 0.0364977 @ 95% credibility (15 tries)
Done in 0.08 min (cpu), 0.08 min (real)
Generate toy 170/250

 -- MarkovChainMC -- 
Limit: r < 2.66689 +/- 0.0225898 @ 95% credibility (15 tries)
Done in 0.07 min (cpu), 0.07 min (real)
Generate toy 171/250

 -- MarkovChainMC -- 
Limit: r < 1.79102 +/- 0.0215434 @ 95% credibility (15 tries)
Done in 0.07 min (cpu), 0.07 min (real)
Generate toy 172/250

 -- MarkovChainMC -- 
Limit: r < 1.30516 +/- 0.0162426 @ 95% credibility (15 tries)
Done in 0.07 min (cpu), 0.07 min (real)
Generate toy 173/250

 -- MarkovChainMC -- 
Limit: r < 1.24697 +/- 0.0147506 @ 95% credibility (15 tries)
Done in 0.07 min (cpu), 0.07 min (real)
Generate toy 174/250

 -- MarkovChainMC -- 
Limit: r < 2.73712 +/- 0.0243134 @ 95% credibility (15 tries)
Done in 0.07 min (cpu), 0.07 min (real)
Generate toy 175/250

 -- MarkovChainMC -- 
Limit: r < 2.45488 +/- 0.0354302 @ 95% credibility (15 tries)
Done in 0.08 min (cpu), 0.08 min (real)
Generate toy 176/250

 -- MarkovChainMC -- 
Limit: r < 1.56315 +/- 0.0193482 @ 95% credibility (15 tries)
Done in 0.07 min (cpu), 0.07 min (real)
Generate toy 177/250

 -- MarkovChainMC -- 
Limit: r < 2.19763 +/- 0.0238728 @ 95% credibility (15 tries)
Done in 0.08 min (cpu), 0.08 min (real)
Generate toy 178/250

 -- MarkovChainMC -- 
Limit: r < 1.76544 +/- 0.0195766 @ 95% credibility (15 tries)
Done in 0.07 min (cpu), 0.07 min (real)
Generate toy 179/250

 -- MarkovChainMC -- 
Limit: r < 1.50135 +/- 0.0205345 @ 95% credibility (15 tries)
Done in 0.08 min (cpu), 0.08 min (real)
Generate toy 180/250

 -- MarkovChainMC -- 
Limit: r < 3.34736 +/- 0.0350118 @ 95% credibility (15 tries)
Done in 0.08 min (cpu), 0.08 min (real)
Generate toy 181/250

 -- MarkovChainMC -- 
Limit: r < 2.34296 +/- 0.0315208 @ 95% credibility (15 tries)
Done in 0.10 min (cpu), 0.10 min (real)
Generate toy 182/250

 -- MarkovChainMC -- 
Limit: r < 2.85118 +/- 0.0223571 @ 95% credibility (15 tries)
Done in 0.07 min (cpu), 0.07 min (real)
Generate toy 183/250

 -- MarkovChainMC -- 
Limit: r < 1.6388 +/- 0.0165136 @ 95% credibility (15 tries)
Done in 0.09 min (cpu), 0.09 min (real)
Generate toy 184/250

 -- MarkovChainMC -- 
Limit: r < 1.7356 +/- 0.0325742 @ 95% credibility (15 tries)
Done in 0.08 min (cpu), 0.08 min (real)
Generate toy 185/250

 -- MarkovChainMC -- 
Limit: r < 1.42388 +/- 0.0200751 @ 95% credibility (15 tries)
Done in 0.08 min (cpu), 0.08 min (real)
Generate toy 186/250

 -- MarkovChainMC -- 
Limit: r < 1.82285 +/- 0.0320143 @ 95% credibility (15 tries)
Done in 0.08 min (cpu), 0.08 min (real)
Generate toy 187/250

 -- MarkovChainMC -- 
Limit: r < 2.87343 +/- 0.0361998 @ 95% credibility (15 tries)
Done in 0.09 min (cpu), 0.09 min (real)
Generate toy 188/250

 -- MarkovChainMC -- 
Limit: r < 2.63641 +/- 0.0121594 @ 95% credibility (15 tries)
Done in 0.10 min (cpu), 0.10 min (real)
Generate toy 189/250

 -- MarkovChainMC -- 
Limit: r < 1.82354 +/- 0.0407789 @ 95% credibility (15 tries)
Done in 0.09 min (cpu), 0.09 min (real)
Generate toy 190/250

 -- MarkovChainMC -- 
Limit: r < 1.6468 +/- 0.0214226 @ 95% credibility (15 tries)
Done in 0.08 min (cpu), 0.08 min (real)
Generate toy 191/250

 -- MarkovChainMC -- 
Limit: r < 1.65865 +/- 0.0174854 @ 95% credibility (15 tries)
Done in 0.07 min (cpu), 0.07 min (real)
Generate toy 192/250

 -- MarkovChainMC -- 
Limit: r < 1.61434 +/- 0.0269643 @ 95% credibility (15 tries)
Done in 0.08 min (cpu), 0.08 min (real)
Generate toy 193/250

 -- MarkovChainMC -- 
Limit: r < 1.37988 +/- 0.0228687 @ 95% credibility (15 tries)
Done in 0.09 min (cpu), 0.09 min (real)
Generate toy 194/250

 -- MarkovChainMC -- 
Limit: r < 0.919124 +/- 0.0121138 @ 95% credibility (15 tries)
Done in 0.07 min (cpu), 0.07 min (real)
Generate toy 195/250

 -- MarkovChainMC -- 
Limit: r < 2.32113 +/- 0.0420665 @ 95% credibility (15 tries)
Done in 0.07 min (cpu), 0.07 min (real)
Generate toy 196/250

 -- MarkovChainMC -- 
Limit: r < 3.63233 +/- 0.0442975 @ 95% credibility (15 tries)
Done in 0.08 min (cpu), 0.08 min (real)
Generate toy 197/250

 -- MarkovChainMC -- 
Limit: r < 0.871273 +/- 0.00885674 @ 95% credibility (15 tries)
Done in 0.07 min (cpu), 0.07 min (real)
Generate toy 198/250

 -- MarkovChainMC -- 
Limit: r < 1.26317 +/- 0.0197602 @ 95% credibility (15 tries)
Done in 0.08 min (cpu), 0.08 min (real)
Generate toy 199/250

 -- MarkovChainMC -- 
Limit: r < 1.55566 +/- 0.0241659 @ 95% credibility (15 tries)
Done in 0.09 min (cpu), 0.09 min (real)
Generate toy 200/250

 -- MarkovChainMC -- 
Limit: r < 1.80464 +/- 0.00874192 @ 95% credibility (15 tries)
Done in 0.08 min (cpu), 0.08 min (real)
Generate toy 201/250

 -- MarkovChainMC -- 
Limit: r < 2.90424 +/- 0.0519138 @ 95% credibility (15 tries)
Done in 0.09 min (cpu), 0.09 min (real)
Generate toy 202/250

 -- MarkovChainMC -- 
Limit: r < 2.38433 +/- 0.0190913 @ 95% credibility (15 tries)
Done in 0.09 min (cpu), 0.09 min (real)
Generate toy 203/250

 -- MarkovChainMC -- 
Limit: r < 2.27481 +/- 0.0311518 @ 95% credibility (15 tries)
Done in 0.09 min (cpu), 0.09 min (real)
Generate toy 204/250

 -- MarkovChainMC -- 
Limit: r < 1.72883 +/- 0.0255236 @ 95% credibility (15 tries)
Done in 0.08 min (cpu), 0.08 min (real)
Generate toy 205/250

 -- MarkovChainMC -- 
Limit: r < 1.03481 +/- 0.0161334 @ 95% credibility (15 tries)
Done in 0.08 min (cpu), 0.08 min (real)
Generate toy 206/250

 -- MarkovChainMC -- 
Limit: r < 1.11712 +/- 0.021104 @ 95% credibility (15 tries)
Done in 0.09 min (cpu), 0.09 min (real)
Generate toy 207/250

 -- MarkovChainMC -- 
Limit: r < 1.42662 +/- 0.0304283 @ 95% credibility (15 tries)
Done in 0.09 min (cpu), 0.09 min (real)
Generate toy 208/250

 -- MarkovChainMC -- 
Limit: r < 1.66415 +/- 0.0165419 @ 95% credibility (15 tries)
Done in 0.07 min (cpu), 0.07 min (real)
Generate toy 209/250

 -- MarkovChainMC -- 
Limit: r < 1.85266 +/- 0.0304155 @ 95% credibility (15 tries)
Done in 0.07 min (cpu), 0.07 min (real)
Generate toy 210/250

 -- MarkovChainMC -- 
Limit: r < 2.03041 +/- 0.0220676 @ 95% credibility (15 tries)
Done in 0.08 min (cpu), 0.08 min (real)
Generate toy 211/250

 -- MarkovChainMC -- 
Limit: r < 1.27864 +/- 0.0175354 @ 95% credibility (15 tries)
Done in 0.08 min (cpu), 0.08 min (real)
Generate toy 212/250

 -- MarkovChainMC -- 
Limit: r < 1.21972 +/- 0.0113312 @ 95% credibility (15 tries)
Done in 0.07 min (cpu), 0.08 min (real)
Generate toy 213/250

 -- MarkovChainMC -- 
Limit: r < 1.51405 +/- 0.00952441 @ 95% credibility (15 tries)
Done in 0.08 min (cpu), 0.08 min (real)
Generate toy 214/250

 -- MarkovChainMC -- 
Limit: r < 1.26688 +/- 0.015849 @ 95% credibility (15 tries)
Done in 0.08 min (cpu), 0.08 min (real)
Generate toy 215/250

 -- MarkovChainMC -- 
Limit: r < 1.61283 +/- 0.0227454 @ 95% credibility (15 tries)
Done in 0.08 min (cpu), 0.08 min (real)
Generate toy 216/250

 -- MarkovChainMC -- 
Limit: r < 1.41635 +/- 0.0156437 @ 95% credibility (15 tries)
Done in 0.08 min (cpu), 0.08 min (real)
Generate toy 217/250

 -- MarkovChainMC -- 
Limit: r < 1.34304 +/- 0.0174599 @ 95% credibility (15 tries)
Done in 0.10 min (cpu), 0.10 min (real)
Generate toy 218/250

 -- MarkovChainMC -- 
Limit: r < 1.3902 +/- 0.0140563 @ 95% credibility (15 tries)
Done in 0.08 min (cpu), 0.08 min (real)
Generate toy 219/250

 -- MarkovChainMC -- 
Limit: r < 1.39309 +/- 0.0193293 @ 95% credibility (15 tries)
Done in 0.07 min (cpu), 0.07 min (real)
Generate toy 220/250

 -- MarkovChainMC -- 
Limit: r < 1.61798 +/- 0.0215082 @ 95% credibility (15 tries)
Done in 0.08 min (cpu), 0.08 min (real)
Generate toy 221/250

 -- MarkovChainMC -- 
Limit: r < 1.20325 +/- 0.0168967 @ 95% credibility (15 tries)
Done in 0.10 min (cpu), 0.10 min (real)
Generate toy 222/250

 -- MarkovChainMC -- 
Limit: r < 1.28157 +/- 0.00997231 @ 95% credibility (15 tries)
Done in 0.11 min (cpu), 0.11 min (real)
Generate toy 223/250

 -- MarkovChainMC -- 
Limit: r < 2.0228 +/- 0.0417832 @ 95% credibility (15 tries)
Done in 0.09 min (cpu), 0.09 min (real)
Generate toy 224/250

 -- MarkovChainMC -- 
Limit: r < 1.50512 +/- 0.0247497 @ 95% credibility (15 tries)
Done in 0.08 min (cpu), 0.08 min (real)
Generate toy 225/250

 -- MarkovChainMC -- 
Limit: r < 2.34311 +/- 0.0272111 @ 95% credibility (15 tries)
Done in 0.10 min (cpu), 0.10 min (real)
Generate toy 226/250

 -- MarkovChainMC -- 
Limit: r < 2.44189 +/- 0.0254316 @ 95% credibility (15 tries)
Done in 0.09 min (cpu), 0.09 min (real)
Generate toy 227/250

 -- MarkovChainMC -- 
Limit: r < 2.18005 +/- 0.0275716 @ 95% credibility (15 tries)
Done in 0.07 min (cpu), 0.07 min (real)
Generate toy 228/250

 -- MarkovChainMC -- 
Limit: r < 1.03787 +/- 0.0153025 @ 95% credibility (15 tries)
Done in 0.08 min (cpu), 0.08 min (real)
Generate toy 229/250

 -- MarkovChainMC -- 
Limit: r < 1.22363 +/- 0.019027 @ 95% credibility (15 tries)
Done in 0.08 min (cpu), 0.08 min (real)
Generate toy 230/250

 -- MarkovChainMC -- 
Limit: r < 2.39454 +/- 0.0193619 @ 95% credibility (15 tries)
Done in 0.09 min (cpu), 0.09 min (real)
Generate toy 231/250

 -- MarkovChainMC -- 
Limit: r < 1.74834 +/- 0.0287443 @ 95% credibility (15 tries)
Done in 0.08 min (cpu), 0.08 min (real)
Generate toy 232/250

 -- MarkovChainMC -- 
Limit: r < 1.85889 +/- 0.0230797 @ 95% credibility (15 tries)
Done in 0.09 min (cpu), 0.09 min (real)
Generate toy 233/250

 -- MarkovChainMC -- 
Limit: r < 1.7781 +/- 0.0271035 @ 95% credibility (15 tries)
Done in 0.08 min (cpu), 0.08 min (real)
Generate toy 234/250

 -- MarkovChainMC -- 
Limit: r < 1.75465 +/- 0.0285404 @ 95% credibility (15 tries)
Done in 0.08 min (cpu), 0.08 min (real)
Generate toy 235/250

 -- MarkovChainMC -- 
Limit: r < 1.14577 +/- 0.0211399 @ 95% credibility (15 tries)
Done in 0.08 min (cpu), 0.08 min (real)
Generate toy 236/250

 -- MarkovChainMC -- 
Limit: r < 1.12475 +/- 0.0159194 @ 95% credibility (15 tries)
Done in 0.08 min (cpu), 0.08 min (real)
Generate toy 237/250

 -- MarkovChainMC -- 
Limit: r < 1.54547 +/- 0.0297586 @ 95% credibility (15 tries)
Done in 0.09 min (cpu), 0.09 min (real)
Generate toy 238/250

 -- MarkovChainMC -- 
Limit: r < 1.84727 +/- 0.0193938 @ 95% credibility (15 tries)
Done in 0.09 min (cpu), 0.10 min (real)
Generate toy 239/250

 -- MarkovChainMC -- 
Limit: r < 1.26172 +/- 0.0226009 @ 95% credibility (15 tries)
Done in 0.09 min (cpu), 0.09 min (real)
Generate toy 240/250

 -- MarkovChainMC -- 
Limit: r < 1.21517 +/- 0.0180501 @ 95% credibility (15 tries)
Done in 0.08 min (cpu), 0.08 min (real)
Generate toy 241/250

 -- MarkovChainMC -- 
Limit: r < 1.57276 +/- 0.0278544 @ 95% credibility (15 tries)
Done in 0.07 min (cpu), 0.08 min (real)
Generate toy 242/250

 -- MarkovChainMC -- 
Limit: r < 0.897165 +/- 0.0169705 @ 95% credibility (15 tries)
Done in 0.07 min (cpu), 0.07 min (real)
Generate toy 243/250

 -- MarkovChainMC -- 
Limit: r < 0.990966 +/- 0.0161338 @ 95% credibility (15 tries)
Done in 0.07 min (cpu), 0.07 min (real)
Generate toy 244/250

 -- MarkovChainMC -- 
Limit: r < 3.73946 +/- 0.0277792 @ 95% credibility (15 tries)
Done in 0.08 min (cpu), 0.08 min (real)
Generate toy 245/250

 -- MarkovChainMC -- 
Limit: r < 2.44809 +/- 0.0372961 @ 95% credibility (15 tries)
Done in 0.08 min (cpu), 0.08 min (real)
Generate toy 246/250

 -- MarkovChainMC -- 
Limit: r < 1.70529 +/- 0.0142317 @ 95% credibility (15 tries)
Done in 0.08 min (cpu), 0.08 min (real)
Generate toy 247/250

 -- MarkovChainMC -- 
Limit: r < 1.86032 +/- 0.0254012 @ 95% credibility (15 tries)
Done in 0.10 min (cpu), 0.10 min (real)
Generate toy 248/250

 -- MarkovChainMC -- 
Limit: r < 2.12382 +/- 0.0263572 @ 95% credibility (15 tries)
Done in 0.11 min (cpu), 0.11 min (real)
Generate toy 249/250

 -- MarkovChainMC -- 
Limit: r < 2.35587 +/- 0.0310289 @ 95% credibility (15 tries)
Done in 0.09 min (cpu), 0.09 min (real)
Generate toy 250/250

 -- MarkovChainMC -- 
Limit: r < 1.56173 +/- 0.0287564 @ 95% credibility (15 tries)
Done in 0.07 min (cpu), 0.07 min (real)
mean   expected limit: r < 1.73125 +/- 0.0395227 @ 95%CL (250 toyMC)
median expected limit: r < 1.62602 @ 95%CL (250 toyMC)
   68% expected band : 1.14796 < r < 2.34438
   95% expected band : 0.828928 < r < 3.37092
