 <<< Combine >>> 
 <<< v10.0.2 >>>
>>> Used OpenSSL to get a truly random seed 1755702982
>>> Method used is MarkovChainMC
============================================================
Analyzing bin errors for: prop_binmuon_channel
Poisson cut-off: 10
Processes excluded for sums: Signal
============================================================
Bin        Contents        Error           Notes                         
0          27.216342       5.205862        total sum                     
0          0.115342        0.001790        excluding marked processes    
0          4151.000000     64.428255       Unweighted events, alpha=0.006557
  => Total parameter prop_binmuon_channel_bin0[0.00,-7.00,7.00] to be Gaussian constrained
------------------------------------------------------------
Channel muon_channel will use autoMCStats with settings: event-threshold=10, include-signal=0, hist-mode=1
Generate toy 1/250

 -- MarkovChainMC -- 
Limit: r < 0.130088 +/- 0.00211855 @ 95% credibility (15 tries)
Done in 0.06 min (cpu), 0.06 min (real)
Generate toy 2/250

 -- MarkovChainMC -- 
Limit: r < 0.196174 +/- 0.0016251 @ 95% credibility (15 tries)
Done in 0.07 min (cpu), 0.07 min (real)
Generate toy 3/250

 -- MarkovChainMC -- 
Limit: r < 0.120949 +/- 0.00114591 @ 95% credibility (15 tries)
Done in 0.06 min (cpu), 0.06 min (real)
Generate toy 4/250

 -- MarkovChainMC -- 
Limit: r < 0.193686 +/- 0.00161767 @ 95% credibility (15 tries)
Done in 0.06 min (cpu), 0.06 min (real)
Generate toy 5/250

 -- MarkovChainMC -- 
Limit: r < 0.121367 +/- 0.00148501 @ 95% credibility (15 tries)
Done in 0.06 min (cpu), 0.06 min (real)
Generate toy 6/250

 -- MarkovChainMC -- 
Limit: r < 0.124126 +/- 0.00130838 @ 95% credibility (15 tries)
Done in 0.06 min (cpu), 0.06 min (real)
Generate toy 7/250

 -- MarkovChainMC -- 
Limit: r < 0.124885 +/- 0.00222158 @ 95% credibility (15 tries)
Done in 0.06 min (cpu), 0.06 min (real)
Generate toy 8/250

 -- MarkovChainMC -- 
Limit: r < 0.123417 +/- 0.00242261 @ 95% credibility (15 tries)
Done in 0.06 min (cpu), 0.06 min (real)
Generate toy 9/250

 -- MarkovChainMC -- 
Limit: r < 0.125368 +/- 0.00152998 @ 95% credibility (15 tries)
Done in 0.06 min (cpu), 0.06 min (real)
Generate toy 10/250

 -- MarkovChainMC -- 
Limit: r < 0.122075 +/- 0.00222671 @ 95% credibility (15 tries)
Done in 0.06 min (cpu), 0.06 min (real)
Generate toy 11/250

 -- MarkovChainMC -- 
Limit: r < 0.119879 +/- 0.00165815 @ 95% credibility (15 tries)
Done in 0.06 min (cpu), 0.06 min (real)
Generate toy 12/250

 -- MarkovChainMC -- 
Limit: r < 0.126995 +/- 0.00165254 @ 95% credibility (15 tries)
Done in 0.06 min (cpu), 0.06 min (real)
Generate toy 13/250

 -- MarkovChainMC -- 
Limit: r < 0.127322 +/- 0.000919514 @ 95% credibility (15 tries)
Done in 0.06 min (cpu), 0.06 min (real)
Generate toy 14/250

 -- MarkovChainMC -- 
Limit: r < 0.125302 +/- 0.0015603 @ 95% credibility (15 tries)
Done in 0.06 min (cpu), 0.06 min (real)
Generate toy 15/250

 -- MarkovChainMC -- 
Limit: r < 0.190002 +/- 0.00175757 @ 95% credibility (15 tries)
Done in 0.06 min (cpu), 0.06 min (real)
Generate toy 16/250

 -- MarkovChainMC -- 
Limit: r < 0.120997 +/- 0.00168387 @ 95% credibility (15 tries)
Done in 0.06 min (cpu), 0.06 min (real)
Generate toy 17/250

 -- MarkovChainMC -- 
Limit: r < 0.126652 +/- 0.00190979 @ 95% credibility (15 tries)
Done in 0.06 min (cpu), 0.06 min (real)
Generate toy 18/250

 -- MarkovChainMC -- 
Limit: r < 0.123125 +/- 0.00170263 @ 95% credibility (15 tries)
Done in 0.06 min (cpu), 0.06 min (real)
Generate toy 19/250

 -- MarkovChainMC -- 
Limit: r < 0.124972 +/- 0.0013458 @ 95% credibility (15 tries)
Done in 0.06 min (cpu), 0.06 min (real)
Generate toy 20/250

 -- MarkovChainMC -- 
Limit: r < 0.119323 +/- 0.000593009 @ 95% credibility (15 tries)
Done in 0.06 min (cpu), 0.06 min (real)
Generate toy 21/250

 -- MarkovChainMC -- 
Limit: r < 0.193807 +/- 0.00157177 @ 95% credibility (15 tries)
Done in 0.06 min (cpu), 0.06 min (real)
Generate toy 22/250

 -- MarkovChainMC -- 
Limit: r < 0.121485 +/- 0.00168236 @ 95% credibility (15 tries)
Done in 0.06 min (cpu), 0.06 min (real)
Generate toy 23/250

 -- MarkovChainMC -- 
Limit: r < 0.18519 +/- 0.000956947 @ 95% credibility (15 tries)
Done in 0.06 min (cpu), 0.06 min (real)
Generate toy 24/250

 -- MarkovChainMC -- 
Limit: r < 0.121623 +/- 0.00132464 @ 95% credibility (15 tries)
Done in 0.06 min (cpu), 0.06 min (real)
Generate toy 25/250

 -- MarkovChainMC -- 
Limit: r < 0.126064 +/- 0.00215497 @ 95% credibility (15 tries)
Done in 0.06 min (cpu), 0.06 min (real)
Generate toy 26/250

 -- MarkovChainMC -- 
Limit: r < 0.12317 +/- 0.00241454 @ 95% credibility (15 tries)
Done in 0.06 min (cpu), 0.06 min (real)
Generate toy 27/250

 -- MarkovChainMC -- 
Limit: r < 0.124635 +/- 0.00104111 @ 95% credibility (15 tries)
Done in 0.06 min (cpu), 0.06 min (real)
Generate toy 28/250

 -- MarkovChainMC -- 
Limit: r < 0.124245 +/- 0.00256614 @ 95% credibility (15 tries)
Done in 0.06 min (cpu), 0.06 min (real)
Generate toy 29/250

 -- MarkovChainMC -- 
Limit: r < 0.120609 +/- 0.00212302 @ 95% credibility (15 tries)
Done in 0.06 min (cpu), 0.06 min (real)
Generate toy 30/250

 -- MarkovChainMC -- 
Limit: r < 0.123128 +/- 0.00143065 @ 95% credibility (15 tries)
Done in 0.07 min (cpu), 0.07 min (real)
Generate toy 31/250

 -- MarkovChainMC -- 
Limit: r < 0.121908 +/- 0.00189862 @ 95% credibility (15 tries)
Done in 0.06 min (cpu), 0.06 min (real)
Generate toy 32/250

 -- MarkovChainMC -- 
Limit: r < 0.126328 +/- 0.00222959 @ 95% credibility (15 tries)
Done in 0.06 min (cpu), 0.06 min (real)
Generate toy 33/250

 -- MarkovChainMC -- 
Limit: r < 0.191564 +/- 0.00166782 @ 95% credibility (15 tries)
Done in 0.06 min (cpu), 0.06 min (real)
Generate toy 34/250

 -- MarkovChainMC -- 
Limit: r < 0.12515 +/- 0.00152716 @ 95% credibility (15 tries)
Done in 0.06 min (cpu), 0.06 min (real)
Generate toy 35/250

 -- MarkovChainMC -- 
Limit: r < 0.192321 +/- 0.0018015 @ 95% credibility (15 tries)
Done in 0.06 min (cpu), 0.06 min (real)
Generate toy 36/250

 -- MarkovChainMC -- 
Limit: r < 0.11971 +/- 0.000918711 @ 95% credibility (15 tries)
Done in 0.06 min (cpu), 0.06 min (real)
Generate toy 37/250

 -- MarkovChainMC -- 
Limit: r < 0.123602 +/- 0.00133779 @ 95% credibility (15 tries)
Done in 0.06 min (cpu), 0.06 min (real)
Generate toy 38/250

 -- MarkovChainMC -- 
Limit: r < 0.118405 +/- 0.000755815 @ 95% credibility (15 tries)
Done in 0.06 min (cpu), 0.06 min (real)
Generate toy 39/250

 -- MarkovChainMC -- 
Limit: r < 0.118951 +/- 0.0015627 @ 95% credibility (15 tries)
Done in 0.06 min (cpu), 0.06 min (real)
Generate toy 40/250

 -- MarkovChainMC -- 
Limit: r < 0.125107 +/- 0.00129633 @ 95% credibility (15 tries)
Done in 0.06 min (cpu), 0.06 min (real)
Generate toy 41/250

 -- MarkovChainMC -- 
Limit: r < 0.123827 +/- 0.00166334 @ 95% credibility (15 tries)
Done in 0.06 min (cpu), 0.06 min (real)
Generate toy 42/250

 -- MarkovChainMC -- 
Limit: r < 0.123667 +/- 0.00212983 @ 95% credibility (15 tries)
Done in 0.06 min (cpu), 0.06 min (real)
Generate toy 43/250

 -- MarkovChainMC -- 
Limit: r < 0.123457 +/- 0.000781784 @ 95% credibility (15 tries)
Done in 0.06 min (cpu), 0.06 min (real)
Generate toy 44/250

 -- MarkovChainMC -- 
Limit: r < 0.123067 +/- 0.0010814 @ 95% credibility (15 tries)
Done in 0.06 min (cpu), 0.06 min (real)
Generate toy 45/250

 -- MarkovChainMC -- 
Limit: r < 0.191774 +/- 0.00143402 @ 95% credibility (15 tries)
Done in 0.06 min (cpu), 0.06 min (real)
Generate toy 46/250

 -- MarkovChainMC -- 
Limit: r < 0.12403 +/- 0.00113242 @ 95% credibility (15 tries)
Done in 0.06 min (cpu), 0.06 min (real)
Generate toy 47/250

 -- MarkovChainMC -- 
Limit: r < 0.122771 +/- 0.00184507 @ 95% credibility (15 tries)
Done in 0.07 min (cpu), 0.07 min (real)
Generate toy 48/250

 -- MarkovChainMC -- 
Limit: r < 0.120628 +/- 0.00116186 @ 95% credibility (15 tries)
Done in 0.06 min (cpu), 0.06 min (real)
Generate toy 49/250

 -- MarkovChainMC -- 
Limit: r < 0.123325 +/- 0.00134302 @ 95% credibility (15 tries)
Done in 0.06 min (cpu), 0.06 min (real)
Generate toy 50/250

 -- MarkovChainMC -- 
Limit: r < 0.122147 +/- 0.00180152 @ 95% credibility (15 tries)
Done in 0.05 min (cpu), 0.06 min (real)
Generate toy 51/250

 -- MarkovChainMC -- 
Limit: r < 0.194553 +/- 0.00156728 @ 95% credibility (15 tries)
Done in 0.06 min (cpu), 0.06 min (real)
Generate toy 52/250

 -- MarkovChainMC -- 
Limit: r < 0.122821 +/- 0.00164046 @ 95% credibility (15 tries)
Done in 0.06 min (cpu), 0.06 min (real)
Generate toy 53/250

 -- MarkovChainMC -- 
Limit: r < 0.123754 +/- 0.0012035 @ 95% credibility (15 tries)
Done in 0.06 min (cpu), 0.06 min (real)
Generate toy 54/250

 -- MarkovChainMC -- 
Limit: r < 0.191524 +/- 0.00213848 @ 95% credibility (15 tries)
Done in 0.06 min (cpu), 0.06 min (real)
Generate toy 55/250

 -- MarkovChainMC -- 
Limit: r < 0.122925 +/- 0.00128931 @ 95% credibility (15 tries)
Done in 0.06 min (cpu), 0.06 min (real)
Generate toy 56/250

 -- MarkovChainMC -- 
Limit: r < 0.122724 +/- 0.00192899 @ 95% credibility (15 tries)
Done in 0.06 min (cpu), 0.06 min (real)
Generate toy 57/250

 -- MarkovChainMC -- 
Limit: r < 0.121511 +/- 0.00127965 @ 95% credibility (15 tries)
Done in 0.05 min (cpu), 0.06 min (real)
Generate toy 58/250

 -- MarkovChainMC -- 
Limit: r < 0.12693 +/- 0.00133429 @ 95% credibility (15 tries)
Done in 0.05 min (cpu), 0.06 min (real)
Generate toy 59/250

 -- MarkovChainMC -- 
Limit: r < 0.1246 +/- 0.00208458 @ 95% credibility (15 tries)
Done in 0.06 min (cpu), 0.06 min (real)
Generate toy 60/250

 -- MarkovChainMC -- 
Limit: r < 0.125398 +/- 0.00199205 @ 95% credibility (15 tries)
Done in 0.06 min (cpu), 0.06 min (real)
Generate toy 61/250

 -- MarkovChainMC -- 
Limit: r < 0.121302 +/- 0.00132913 @ 95% credibility (15 tries)
Done in 0.06 min (cpu), 0.06 min (real)
Generate toy 62/250

 -- MarkovChainMC -- 
Limit: r < 0.125421 +/- 0.00173668 @ 95% credibility (15 tries)
Done in 0.06 min (cpu), 0.06 min (real)
Generate toy 63/250

 -- MarkovChainMC -- 
Limit: r < 0.121375 +/- 0.00126209 @ 95% credibility (15 tries)
Done in 0.05 min (cpu), 0.06 min (real)
Generate toy 64/250

 -- MarkovChainMC -- 
Limit: r < 0.13028 +/- 0.0012164 @ 95% credibility (15 tries)
Done in 0.06 min (cpu), 0.06 min (real)
Generate toy 65/250

 -- MarkovChainMC -- 
Limit: r < 0.125885 +/- 0.00127951 @ 95% credibility (15 tries)
Done in 0.05 min (cpu), 0.06 min (real)
Generate toy 66/250

 -- MarkovChainMC -- 
Limit: r < 0.124254 +/- 0.00185265 @ 95% credibility (15 tries)
Done in 0.06 min (cpu), 0.06 min (real)
Generate toy 67/250

 -- MarkovChainMC -- 
Limit: r < 0.121321 +/- 0.000855735 @ 95% credibility (15 tries)
Done in 0.06 min (cpu), 0.06 min (real)
Generate toy 68/250

 -- MarkovChainMC -- 
Limit: r < 0.121841 +/- 0.00146659 @ 95% credibility (15 tries)
Done in 0.06 min (cpu), 0.06 min (real)
Generate toy 69/250

 -- MarkovChainMC -- 
Limit: r < 0.123331 +/- 0.00189111 @ 95% credibility (15 tries)
Done in 0.06 min (cpu), 0.06 min (real)
Generate toy 70/250

 -- MarkovChainMC -- 
Limit: r < 0.119779 +/- 0.000905242 @ 95% credibility (15 tries)
Done in 0.05 min (cpu), 0.05 min (real)
Generate toy 71/250

 -- MarkovChainMC -- 
Limit: r < 0.116728 +/- 0.00108687 @ 95% credibility (15 tries)
Done in 0.06 min (cpu), 0.06 min (real)
Generate toy 72/250

 -- MarkovChainMC -- 
Limit: r < 0.194696 +/- 0.00125148 @ 95% credibility (15 tries)
Done in 0.07 min (cpu), 0.07 min (real)
Generate toy 73/250

 -- MarkovChainMC -- 
Limit: r < 0.120029 +/- 0.000718921 @ 95% credibility (15 tries)
Done in 0.06 min (cpu), 0.06 min (real)
Generate toy 74/250

 -- MarkovChainMC -- 
Limit: r < 0.119771 +/- 0.00139178 @ 95% credibility (15 tries)
Done in 0.06 min (cpu), 0.06 min (real)
Generate toy 75/250

 -- MarkovChainMC -- 
Limit: r < 0.123065 +/- 0.00193249 @ 95% credibility (15 tries)
Done in 0.06 min (cpu), 0.06 min (real)
Generate toy 76/250

 -- MarkovChainMC -- 
Limit: r < 0.124771 +/- 0.00194827 @ 95% credibility (15 tries)
Done in 0.06 min (cpu), 0.06 min (real)
Generate toy 77/250

 -- MarkovChainMC -- 
Limit: r < 0.12036 +/- 0.00231587 @ 95% credibility (15 tries)
Done in 0.06 min (cpu), 0.06 min (real)
Generate toy 78/250

 -- MarkovChainMC -- 
Limit: r < 0.125978 +/- 0.000884239 @ 95% credibility (15 tries)
Done in 0.06 min (cpu), 0.06 min (real)
Generate toy 79/250

 -- MarkovChainMC -- 
Limit: r < 0.121355 +/- 0.00169675 @ 95% credibility (15 tries)
Done in 0.06 min (cpu), 0.06 min (real)
Generate toy 80/250

 -- MarkovChainMC -- 
Limit: r < 0.121134 +/- 0.00139716 @ 95% credibility (15 tries)
Done in 0.06 min (cpu), 0.06 min (real)
Generate toy 81/250

 -- MarkovChainMC -- 
Limit: r < 0.123851 +/- 0.00103811 @ 95% credibility (15 tries)
Done in 0.06 min (cpu), 0.06 min (real)
Generate toy 82/250

 -- MarkovChainMC -- 
Limit: r < 0.120974 +/- 0.00171065 @ 95% credibility (15 tries)
Done in 0.06 min (cpu), 0.06 min (real)
Generate toy 83/250

 -- MarkovChainMC -- 
Limit: r < 0.128985 +/- 0.00182316 @ 95% credibility (15 tries)
Done in 0.06 min (cpu), 0.06 min (real)
Generate toy 84/250

 -- MarkovChainMC -- 
Limit: r < 0.122351 +/- 0.00113789 @ 95% credibility (15 tries)
Done in 0.06 min (cpu), 0.06 min (real)
Generate toy 85/250

 -- MarkovChainMC -- 
Limit: r < 0.121375 +/- 0.00101997 @ 95% credibility (15 tries)
Done in 0.06 min (cpu), 0.06 min (real)
Generate toy 86/250

 -- MarkovChainMC -- 
Limit: r < 0.123021 +/- 0.00195919 @ 95% credibility (15 tries)
Done in 0.06 min (cpu), 0.06 min (real)
Generate toy 87/250

 -- MarkovChainMC -- 
Limit: r < 0.123567 +/- 0.000983303 @ 95% credibility (15 tries)
Done in 0.06 min (cpu), 0.06 min (real)
Generate toy 88/250

 -- MarkovChainMC -- 
Limit: r < 0.125419 +/- 0.00170666 @ 95% credibility (15 tries)
Done in 0.06 min (cpu), 0.06 min (real)
Generate toy 89/250

 -- MarkovChainMC -- 
Limit: r < 0.121851 +/- 0.000934125 @ 95% credibility (15 tries)
Done in 0.05 min (cpu), 0.06 min (real)
Generate toy 90/250

 -- MarkovChainMC -- 
Limit: r < 0.12191 +/- 0.00156146 @ 95% credibility (15 tries)
Done in 0.06 min (cpu), 0.06 min (real)
Generate toy 91/250

 -- MarkovChainMC -- 
Limit: r < 0.124911 +/- 0.00111271 @ 95% credibility (15 tries)
Done in 0.06 min (cpu), 0.06 min (real)
Generate toy 92/250

 -- MarkovChainMC -- 
Limit: r < 0.195818 +/- 0.00206659 @ 95% credibility (15 tries)
Done in 0.06 min (cpu), 0.06 min (real)
Generate toy 93/250

 -- MarkovChainMC -- 
Limit: r < 0.122896 +/- 0.00185916 @ 95% credibility (15 tries)
Done in 0.06 min (cpu), 0.06 min (real)
Generate toy 94/250

 -- MarkovChainMC -- 
Limit: r < 0.125669 +/- 0.00168508 @ 95% credibility (15 tries)
Done in 0.06 min (cpu), 0.06 min (real)
Generate toy 95/250

 -- MarkovChainMC -- 
Limit: r < 0.125945 +/- 0.00166071 @ 95% credibility (15 tries)
Done in 0.06 min (cpu), 0.06 min (real)
Generate toy 96/250

 -- MarkovChainMC -- 
Limit: r < 0.121777 +/- 0.00123246 @ 95% credibility (15 tries)
Done in 0.06 min (cpu), 0.06 min (real)
Generate toy 97/250

 -- MarkovChainMC -- 
Limit: r < 0.119494 +/- 0.000716363 @ 95% credibility (15 tries)
Done in 0.05 min (cpu), 0.06 min (real)
Generate toy 98/250

 -- MarkovChainMC -- 
Limit: r < 0.120639 +/- 0.00174282 @ 95% credibility (15 tries)
Done in 0.06 min (cpu), 0.06 min (real)
Generate toy 99/250

 -- MarkovChainMC -- 
Limit: r < 0.119077 +/- 0.00222605 @ 95% credibility (15 tries)
Done in 0.05 min (cpu), 0.06 min (real)
Generate toy 100/250

 -- MarkovChainMC -- 
Limit: r < 0.120347 +/- 0.00225966 @ 95% credibility (15 tries)
Done in 0.05 min (cpu), 0.06 min (real)
Generate toy 101/250

 -- MarkovChainMC -- 
Limit: r < 0.122801 +/- 0.00233165 @ 95% credibility (15 tries)
Done in 0.05 min (cpu), 0.05 min (real)
Generate toy 102/250

 -- MarkovChainMC -- 
Limit: r < 0.124964 +/- 0.00148431 @ 95% credibility (15 tries)
Done in 0.06 min (cpu), 0.06 min (real)
Generate toy 103/250

 -- MarkovChainMC -- 
Limit: r < 0.125795 +/- 0.00081866 @ 95% credibility (15 tries)
Done in 0.06 min (cpu), 0.06 min (real)
Generate toy 104/250

 -- MarkovChainMC -- 
Limit: r < 0.125231 +/- 0.000882479 @ 95% credibility (15 tries)
Done in 0.06 min (cpu), 0.06 min (real)
Generate toy 105/250

 -- MarkovChainMC -- 
Limit: r < 0.12989 +/- 0.00195787 @ 95% credibility (15 tries)
Done in 0.06 min (cpu), 0.06 min (real)
Generate toy 106/250

 -- MarkovChainMC -- 
Limit: r < 0.12252 +/- 0.00140415 @ 95% credibility (15 tries)
Done in 0.06 min (cpu), 0.06 min (real)
Generate toy 107/250

 -- MarkovChainMC -- 
Limit: r < 0.12045 +/- 0.00103333 @ 95% credibility (15 tries)
Done in 0.06 min (cpu), 0.06 min (real)
Generate toy 108/250

 -- MarkovChainMC -- 
Limit: r < 0.127742 +/- 0.00135539 @ 95% credibility (15 tries)
Done in 0.06 min (cpu), 0.06 min (real)
Generate toy 109/250

 -- MarkovChainMC -- 
Limit: r < 0.124718 +/- 0.00174765 @ 95% credibility (15 tries)
Done in 0.06 min (cpu), 0.06 min (real)
Generate toy 110/250

 -- MarkovChainMC -- 
Limit: r < 0.124554 +/- 0.00210575 @ 95% credibility (15 tries)
Done in 0.05 min (cpu), 0.06 min (real)
Generate toy 111/250

 -- MarkovChainMC -- 
Limit: r < 0.120371 +/- 0.00228446 @ 95% credibility (15 tries)
Done in 0.05 min (cpu), 0.06 min (real)
Generate toy 112/250

 -- MarkovChainMC -- 
Limit: r < 0.190284 +/- 0.00155579 @ 95% credibility (15 tries)
Done in 0.06 min (cpu), 0.06 min (real)
Generate toy 113/250

 -- MarkovChainMC -- 
Limit: r < 0.124411 +/- 0.00138254 @ 95% credibility (15 tries)
Done in 0.06 min (cpu), 0.06 min (real)
Generate toy 114/250

 -- MarkovChainMC -- 
Limit: r < 0.1227 +/- 0.00186554 @ 95% credibility (15 tries)
Done in 0.06 min (cpu), 0.06 min (real)
Generate toy 115/250

 -- MarkovChainMC -- 
Limit: r < 0.1232 +/- 0.00110077 @ 95% credibility (15 tries)
Done in 0.06 min (cpu), 0.06 min (real)
Generate toy 116/250

 -- MarkovChainMC -- 
Limit: r < 0.127178 +/- 0.00217284 @ 95% credibility (15 tries)
Done in 0.06 min (cpu), 0.06 min (real)
Generate toy 117/250

 -- MarkovChainMC -- 
Limit: r < 0.1211 +/- 0.00137058 @ 95% credibility (15 tries)
Done in 0.06 min (cpu), 0.06 min (real)
Generate toy 118/250

 -- MarkovChainMC -- 
Limit: r < 0.119165 +/- 0.00136112 @ 95% credibility (15 tries)
Done in 0.05 min (cpu), 0.06 min (real)
Generate toy 119/250

 -- MarkovChainMC -- 
Limit: r < 0.125291 +/- 0.00178528 @ 95% credibility (15 tries)
Done in 0.05 min (cpu), 0.06 min (real)
Generate toy 120/250

 -- MarkovChainMC -- 
Limit: r < 0.123433 +/- 0.000878242 @ 95% credibility (15 tries)
Done in 0.06 min (cpu), 0.06 min (real)
Generate toy 121/250

 -- MarkovChainMC -- 
Limit: r < 0.123416 +/- 0.000805366 @ 95% credibility (15 tries)
Done in 0.07 min (cpu), 0.07 min (real)
Generate toy 122/250

 -- MarkovChainMC -- 
Limit: r < 0.119908 +/- 0.00100204 @ 95% credibility (15 tries)
Done in 0.06 min (cpu), 0.06 min (real)
Generate toy 123/250

 -- MarkovChainMC -- 
Limit: r < 0.124674 +/- 0.00188788 @ 95% credibility (15 tries)
Done in 0.05 min (cpu), 0.06 min (real)
Generate toy 124/250

 -- MarkovChainMC -- 
Limit: r < 0.118656 +/- 0.00191649 @ 95% credibility (15 tries)
Done in 0.05 min (cpu), 0.06 min (real)
Generate toy 125/250

 -- MarkovChainMC -- 
Limit: r < 0.124811 +/- 0.00149649 @ 95% credibility (15 tries)
Done in 0.06 min (cpu), 0.06 min (real)
Generate toy 126/250

 -- MarkovChainMC -- 
Limit: r < 0.254453 +/- 0.00178939 @ 95% credibility (15 tries)
Done in 0.06 min (cpu), 0.06 min (real)
Generate toy 127/250

 -- MarkovChainMC -- 
Limit: r < 0.123492 +/- 0.00149274 @ 95% credibility (15 tries)
Done in 0.05 min (cpu), 0.05 min (real)
Generate toy 128/250

 -- MarkovChainMC -- 
Limit: r < 0.124196 +/- 0.00129724 @ 95% credibility (15 tries)
Done in 0.05 min (cpu), 0.06 min (real)
Generate toy 129/250

 -- MarkovChainMC -- 
Limit: r < 0.191863 +/- 0.00192616 @ 95% credibility (15 tries)
Done in 0.06 min (cpu), 0.06 min (real)
Generate toy 130/250

 -- MarkovChainMC -- 
Limit: r < 0.122802 +/- 0.00179197 @ 95% credibility (15 tries)
Done in 0.06 min (cpu), 0.06 min (real)
Generate toy 131/250

 -- MarkovChainMC -- 
Limit: r < 0.191363 +/- 0.00224235 @ 95% credibility (15 tries)
Done in 0.06 min (cpu), 0.06 min (real)
Generate toy 132/250

 -- MarkovChainMC -- 
Limit: r < 0.121288 +/- 0.000972328 @ 95% credibility (15 tries)
Done in 0.06 min (cpu), 0.06 min (real)
Generate toy 133/250

 -- MarkovChainMC -- 
Limit: r < 0.193931 +/- 0.00174228 @ 95% credibility (15 tries)
Done in 0.08 min (cpu), 0.08 min (real)
Generate toy 134/250

 -- MarkovChainMC -- 
Limit: r < 0.124136 +/- 0.00153227 @ 95% credibility (15 tries)
Done in 0.08 min (cpu), 0.08 min (real)
Generate toy 135/250

 -- MarkovChainMC -- 
Limit: r < 0.128431 +/- 0.0012822 @ 95% credibility (15 tries)
Done in 0.06 min (cpu), 0.06 min (real)
Generate toy 136/250

 -- MarkovChainMC -- 
Limit: r < 0.121942 +/- 0.00141997 @ 95% credibility (15 tries)
Done in 0.06 min (cpu), 0.06 min (real)
Generate toy 137/250

 -- MarkovChainMC -- 
Limit: r < 0.12503 +/- 0.00206332 @ 95% credibility (15 tries)
Done in 0.07 min (cpu), 0.07 min (real)
Generate toy 138/250

 -- MarkovChainMC -- 
Limit: r < 0.129314 +/- 0.00196346 @ 95% credibility (15 tries)
Done in 0.09 min (cpu), 0.09 min (real)
Generate toy 139/250

 -- MarkovChainMC -- 
Limit: r < 0.191764 +/- 0.00210423 @ 95% credibility (15 tries)
Done in 0.10 min (cpu), 0.10 min (real)
Generate toy 140/250

 -- MarkovChainMC -- 
Limit: r < 0.126458 +/- 0.00147142 @ 95% credibility (15 tries)
Done in 0.09 min (cpu), 0.09 min (real)
Generate toy 141/250

 -- MarkovChainMC -- 
Limit: r < 0.121147 +/- 0.00122776 @ 95% credibility (15 tries)
Done in 0.07 min (cpu), 0.07 min (real)
Generate toy 142/250

 -- MarkovChainMC -- 
Limit: r < 0.123547 +/- 0.00149717 @ 95% credibility (15 tries)
Done in 0.06 min (cpu), 0.06 min (real)
Generate toy 143/250

 -- MarkovChainMC -- 
Limit: r < 0.127958 +/- 0.00194229 @ 95% credibility (15 tries)
Done in 0.08 min (cpu), 0.08 min (real)
Generate toy 144/250

 -- MarkovChainMC -- 
Limit: r < 0.123623 +/- 0.00171266 @ 95% credibility (15 tries)
Done in 0.09 min (cpu), 0.09 min (real)
Generate toy 145/250

 -- MarkovChainMC -- 
Limit: r < 0.121755 +/- 0.00135309 @ 95% credibility (15 tries)
Done in 0.09 min (cpu), 0.09 min (real)
Generate toy 146/250

 -- MarkovChainMC -- 
Limit: r < 0.125609 +/- 0.00143874 @ 95% credibility (15 tries)
Done in 0.09 min (cpu), 0.09 min (real)
Generate toy 147/250

 -- MarkovChainMC -- 
Limit: r < 0.124892 +/- 0.00120565 @ 95% credibility (15 tries)
Done in 0.07 min (cpu), 0.07 min (real)
Generate toy 148/250

 -- MarkovChainMC -- 
Limit: r < 0.119316 +/- 0.00133335 @ 95% credibility (15 tries)
Done in 0.06 min (cpu), 0.07 min (real)
Generate toy 149/250

 -- MarkovChainMC -- 
Limit: r < 0.192377 +/- 0.00232416 @ 95% credibility (15 tries)
Done in 0.07 min (cpu), 0.07 min (real)
Generate toy 150/250

 -- MarkovChainMC -- 
Limit: r < 0.120692 +/- 0.00179283 @ 95% credibility (15 tries)
Done in 0.06 min (cpu), 0.06 min (real)
Generate toy 151/250

 -- MarkovChainMC -- 
Limit: r < 0.128732 +/- 0.00186277 @ 95% credibility (15 tries)
Done in 0.06 min (cpu), 0.06 min (real)
Generate toy 152/250

 -- MarkovChainMC -- 
Limit: r < 0.123658 +/- 0.00120123 @ 95% credibility (15 tries)
Done in 0.07 min (cpu), 0.07 min (real)
Generate toy 153/250

 -- MarkovChainMC -- 
Limit: r < 0.126855 +/- 0.00115386 @ 95% credibility (15 tries)
Done in 0.06 min (cpu), 0.06 min (real)
Generate toy 154/250

 -- MarkovChainMC -- 
Limit: r < 0.121614 +/- 0.00154938 @ 95% credibility (15 tries)
Done in 0.06 min (cpu), 0.06 min (real)
Generate toy 155/250

 -- MarkovChainMC -- 
Limit: r < 0.123491 +/- 0.00169752 @ 95% credibility (15 tries)
Done in 0.11 min (cpu), 0.11 min (real)
Generate toy 156/250

 -- MarkovChainMC -- 
Limit: r < 0.192518 +/- 0.0012864 @ 95% credibility (15 tries)
Done in 0.12 min (cpu), 0.12 min (real)
Generate toy 157/250

 -- MarkovChainMC -- 
Limit: r < 0.122429 +/- 0.00145251 @ 95% credibility (15 tries)
Done in 0.10 min (cpu), 0.10 min (real)
Generate toy 158/250

 -- MarkovChainMC -- 
Limit: r < 0.122487 +/- 0.000886505 @ 95% credibility (15 tries)
Done in 0.07 min (cpu), 0.07 min (real)
Generate toy 159/250

 -- MarkovChainMC -- 
Limit: r < 0.124827 +/- 0.00161356 @ 95% credibility (15 tries)
Done in 0.07 min (cpu), 0.07 min (real)
Generate toy 160/250

 -- MarkovChainMC -- 
Limit: r < 0.124821 +/- 0.00199972 @ 95% credibility (15 tries)
Done in 0.07 min (cpu), 0.07 min (real)
Generate toy 161/250

 -- MarkovChainMC -- 
Limit: r < 0.125281 +/- 0.00194645 @ 95% credibility (15 tries)
Done in 0.06 min (cpu), 0.06 min (real)
Generate toy 162/250

 -- MarkovChainMC -- 
Limit: r < 0.19332 +/- 0.0026103 @ 95% credibility (15 tries)
Done in 0.06 min (cpu), 0.06 min (real)
Generate toy 163/250

 -- MarkovChainMC -- 
Limit: r < 0.126323 +/- 0.00177496 @ 95% credibility (15 tries)
Done in 0.06 min (cpu), 0.06 min (real)
Generate toy 164/250

 -- MarkovChainMC -- 
Limit: r < 0.189749 +/- 0.000751647 @ 95% credibility (15 tries)
Done in 0.08 min (cpu), 0.08 min (real)
Generate toy 165/250

 -- MarkovChainMC -- 
Limit: r < 0.124273 +/- 0.00240122 @ 95% credibility (15 tries)
Done in 0.06 min (cpu), 0.06 min (real)
Generate toy 166/250

 -- MarkovChainMC -- 
Limit: r < 0.121464 +/- 0.00109867 @ 95% credibility (15 tries)
Done in 0.06 min (cpu), 0.06 min (real)
Generate toy 167/250

 -- MarkovChainMC -- 
Limit: r < 0.122454 +/- 0.00147702 @ 95% credibility (15 tries)
Done in 0.06 min (cpu), 0.07 min (real)
Generate toy 168/250

 -- MarkovChainMC -- 
Limit: r < 0.125844 +/- 0.00161132 @ 95% credibility (15 tries)
Done in 0.06 min (cpu), 0.06 min (real)
Generate toy 169/250

 -- MarkovChainMC -- 
Limit: r < 0.119349 +/- 0.0014178 @ 95% credibility (15 tries)
Done in 0.07 min (cpu), 0.07 min (real)
Generate toy 170/250

 -- MarkovChainMC -- 
Limit: r < 0.122095 +/- 0.00147275 @ 95% credibility (15 tries)
Done in 0.06 min (cpu), 0.07 min (real)
Generate toy 171/250

 -- MarkovChainMC -- 
Limit: r < 0.126847 +/- 0.001262 @ 95% credibility (15 tries)
Done in 0.06 min (cpu), 0.06 min (real)
Generate toy 172/250

 -- MarkovChainMC -- 
Limit: r < 0.12631 +/- 0.00188609 @ 95% credibility (15 tries)
Done in 0.06 min (cpu), 0.06 min (real)
Generate toy 173/250

 -- MarkovChainMC -- 
Limit: r < 0.188955 +/- 0.00135395 @ 95% credibility (15 tries)
Done in 0.06 min (cpu), 0.06 min (real)
Generate toy 174/250

 -- MarkovChainMC -- 
Limit: r < 0.122315 +/- 0.00122785 @ 95% credibility (15 tries)
Done in 0.06 min (cpu), 0.06 min (real)
Generate toy 175/250

 -- MarkovChainMC -- 
Limit: r < 0.122477 +/- 0.00196762 @ 95% credibility (15 tries)
Done in 0.06 min (cpu), 0.06 min (real)
Generate toy 176/250

 -- MarkovChainMC -- 
Limit: r < 0.125004 +/- 0.0010852 @ 95% credibility (15 tries)
Done in 0.06 min (cpu), 0.06 min (real)
Generate toy 177/250

 -- MarkovChainMC -- 
Limit: r < 0.12014 +/- 0.0014222 @ 95% credibility (15 tries)
Done in 0.06 min (cpu), 0.06 min (real)
Generate toy 178/250

 -- MarkovChainMC -- 
Limit: r < 0.122565 +/- 0.00241233 @ 95% credibility (15 tries)
Done in 0.06 min (cpu), 0.06 min (real)
Generate toy 179/250

 -- MarkovChainMC -- 
Limit: r < 0.121721 +/- 0.00148246 @ 95% credibility (15 tries)
Done in 0.06 min (cpu), 0.06 min (real)
Generate toy 180/250

 -- MarkovChainMC -- 
Limit: r < 0.121537 +/- 0.00120694 @ 95% credibility (15 tries)
Done in 0.06 min (cpu), 0.07 min (real)
Generate toy 181/250

 -- MarkovChainMC -- 
Limit: r < 0.123971 +/- 0.00142771 @ 95% credibility (15 tries)
Done in 0.05 min (cpu), 0.06 min (real)
Generate toy 182/250

 -- MarkovChainMC -- 
Limit: r < 0.125347 +/- 0.00132522 @ 95% credibility (15 tries)
Done in 0.05 min (cpu), 0.06 min (real)
Generate toy 183/250

 -- MarkovChainMC -- 
Limit: r < 0.128127 +/- 0.00182011 @ 95% credibility (15 tries)
Done in 0.06 min (cpu), 0.06 min (real)
Generate toy 184/250

 -- MarkovChainMC -- 
Limit: r < 0.120916 +/- 0.0012667 @ 95% credibility (15 tries)
Done in 0.06 min (cpu), 0.06 min (real)
Generate toy 185/250

 -- MarkovChainMC -- 
Limit: r < 0.122935 +/- 0.00142603 @ 95% credibility (15 tries)
Done in 0.06 min (cpu), 0.06 min (real)
Generate toy 186/250

 -- MarkovChainMC -- 
Limit: r < 0.190267 +/- 0.00280821 @ 95% credibility (15 tries)
Done in 0.06 min (cpu), 0.06 min (real)
Generate toy 187/250

 -- MarkovChainMC -- 
Limit: r < 0.122236 +/- 0.00175623 @ 95% credibility (15 tries)
Done in 0.05 min (cpu), 0.06 min (real)
Generate toy 188/250

 -- MarkovChainMC -- 
Limit: r < 0.121938 +/- 0.00137745 @ 95% credibility (15 tries)
Done in 0.06 min (cpu), 0.06 min (real)
Generate toy 189/250

 -- MarkovChainMC -- 
Limit: r < 0.12735 +/- 0.0017237 @ 95% credibility (15 tries)
Done in 0.06 min (cpu), 0.06 min (real)
Generate toy 190/250

 -- MarkovChainMC -- 
Limit: r < 0.120789 +/- 0.00124076 @ 95% credibility (15 tries)
Done in 0.06 min (cpu), 0.06 min (real)
Generate toy 191/250

 -- MarkovChainMC -- 
Limit: r < 0.192207 +/- 0.00111821 @ 95% credibility (15 tries)
Done in 0.07 min (cpu), 0.07 min (real)
Generate toy 192/250

 -- MarkovChainMC -- 
Limit: r < 0.121083 +/- 0.00119267 @ 95% credibility (15 tries)
Done in 0.06 min (cpu), 0.06 min (real)
Generate toy 193/250

 -- MarkovChainMC -- 
Limit: r < 0.123487 +/- 0.000896764 @ 95% credibility (15 tries)
Done in 0.05 min (cpu), 0.06 min (real)
Generate toy 194/250

 -- MarkovChainMC -- 
Limit: r < 0.119723 +/- 0.000853805 @ 95% credibility (15 tries)
Done in 0.06 min (cpu), 0.06 min (real)
Generate toy 195/250

 -- MarkovChainMC -- 
Limit: r < 0.187963 +/- 0.00175807 @ 95% credibility (15 tries)
Done in 0.06 min (cpu), 0.06 min (real)
Generate toy 196/250

 -- MarkovChainMC -- 
Limit: r < 0.120944 +/- 0.000940029 @ 95% credibility (15 tries)
Done in 0.06 min (cpu), 0.06 min (real)
Generate toy 197/250

 -- MarkovChainMC -- 
Limit: r < 0.118836 +/- 0.00168223 @ 95% credibility (15 tries)
Done in 0.06 min (cpu), 0.06 min (real)
Generate toy 198/250

 -- MarkovChainMC -- 
Limit: r < 0.121558 +/- 0.00121265 @ 95% credibility (15 tries)
Done in 0.06 min (cpu), 0.06 min (real)
Generate toy 199/250

 -- MarkovChainMC -- 
Limit: r < 0.125098 +/- 0.00237478 @ 95% credibility (15 tries)
Done in 0.06 min (cpu), 0.06 min (real)
Generate toy 200/250

 -- MarkovChainMC -- 
Limit: r < 0.19927 +/- 0.00135317 @ 95% credibility (15 tries)
Done in 0.06 min (cpu), 0.06 min (real)
Generate toy 201/250

 -- MarkovChainMC -- 
Limit: r < 0.122857 +/- 0.00155745 @ 95% credibility (15 tries)
Done in 0.06 min (cpu), 0.06 min (real)
Generate toy 202/250

 -- MarkovChainMC -- 
Limit: r < 0.122401 +/- 0.00137198 @ 95% credibility (15 tries)
Done in 0.06 min (cpu), 0.06 min (real)
Generate toy 203/250

 -- MarkovChainMC -- 
Limit: r < 0.126294 +/- 0.00128053 @ 95% credibility (15 tries)
Done in 0.06 min (cpu), 0.06 min (real)
Generate toy 204/250

 -- MarkovChainMC -- 
Limit: r < 0.198961 +/- 0.00241094 @ 95% credibility (15 tries)
Done in 0.06 min (cpu), 0.06 min (real)
Generate toy 205/250

 -- MarkovChainMC -- 
Limit: r < 0.117166 +/- 0.00124941 @ 95% credibility (15 tries)
Done in 0.05 min (cpu), 0.05 min (real)
Generate toy 206/250

 -- MarkovChainMC -- 
Limit: r < 0.121662 +/- 0.00113743 @ 95% credibility (15 tries)
Done in 0.06 min (cpu), 0.06 min (real)
Generate toy 207/250

 -- MarkovChainMC -- 
Limit: r < 0.122359 +/- 0.00117885 @ 95% credibility (15 tries)
Done in 0.06 min (cpu), 0.06 min (real)
Generate toy 208/250

 -- MarkovChainMC -- 
Limit: r < 0.119982 +/- 0.000824256 @ 95% credibility (15 tries)
Done in 0.06 min (cpu), 0.06 min (real)
Generate toy 209/250

 -- MarkovChainMC -- 
Limit: r < 0.121963 +/- 0.000863943 @ 95% credibility (15 tries)
Done in 0.06 min (cpu), 0.06 min (real)
Generate toy 210/250

 -- MarkovChainMC -- 
Limit: r < 0.121192 +/- 0.000923687 @ 95% credibility (15 tries)
Done in 0.06 min (cpu), 0.06 min (real)
Generate toy 211/250

 -- MarkovChainMC -- 
Limit: r < 0.122846 +/- 0.00171864 @ 95% credibility (15 tries)
Done in 0.06 min (cpu), 0.06 min (real)
Generate toy 212/250

 -- MarkovChainMC -- 
Limit: r < 0.121224 +/- 0.00134458 @ 95% credibility (15 tries)
Done in 0.06 min (cpu), 0.06 min (real)
Generate toy 213/250

 -- MarkovChainMC -- 
Limit: r < 0.122401 +/- 0.00100257 @ 95% credibility (15 tries)
Done in 0.05 min (cpu), 0.05 min (real)
Generate toy 214/250

 -- MarkovChainMC -- 
Limit: r < 0.123346 +/- 0.00147981 @ 95% credibility (15 tries)
Done in 0.05 min (cpu), 0.06 min (real)
Generate toy 215/250

 -- MarkovChainMC -- 
Limit: r < 0.122277 +/- 0.00189615 @ 95% credibility (15 tries)
Done in 0.06 min (cpu), 0.06 min (real)
Generate toy 216/250

 -- MarkovChainMC -- 
Limit: r < 0.119711 +/- 0.00190357 @ 95% credibility (15 tries)
Done in 0.05 min (cpu), 0.06 min (real)
Generate toy 217/250

 -- MarkovChainMC -- 
Limit: r < 0.123959 +/- 0.00137475 @ 95% credibility (15 tries)
Done in 0.06 min (cpu), 0.06 min (real)
Generate toy 218/250

 -- MarkovChainMC -- 
Limit: r < 0.123011 +/- 0.00137669 @ 95% credibility (15 tries)
Done in 0.06 min (cpu), 0.06 min (real)
Generate toy 219/250

 -- MarkovChainMC -- 
Limit: r < 0.124795 +/- 0.00193197 @ 95% credibility (15 tries)
Done in 0.06 min (cpu), 0.06 min (real)
Generate toy 220/250

 -- MarkovChainMC -- 
Limit: r < 0.122 +/- 0.000966174 @ 95% credibility (15 tries)
Done in 0.06 min (cpu), 0.06 min (real)
Generate toy 221/250

 -- MarkovChainMC -- 
Limit: r < 0.128875 +/- 0.00128392 @ 95% credibility (15 tries)
Done in 0.06 min (cpu), 0.06 min (real)
Generate toy 222/250

 -- MarkovChainMC -- 
Limit: r < 0.125386 +/- 0.00189176 @ 95% credibility (15 tries)
Done in 0.06 min (cpu), 0.06 min (real)
Generate toy 223/250

 -- MarkovChainMC -- 
Limit: r < 0.124384 +/- 0.00220655 @ 95% credibility (15 tries)
Done in 0.06 min (cpu), 0.06 min (real)
Generate toy 224/250

 -- MarkovChainMC -- 
Limit: r < 0.124033 +/- 0.00131104 @ 95% credibility (15 tries)
Done in 0.06 min (cpu), 0.06 min (real)
Generate toy 225/250

 -- MarkovChainMC -- 
Limit: r < 0.122569 +/- 0.00131298 @ 95% credibility (15 tries)
Done in 0.06 min (cpu), 0.06 min (real)
Generate toy 226/250

 -- MarkovChainMC -- 
Limit: r < 0.126165 +/- 0.000789836 @ 95% credibility (15 tries)
Done in 0.06 min (cpu), 0.06 min (real)
Generate toy 227/250

 -- MarkovChainMC -- 
Limit: r < 0.12272 +/- 0.00136248 @ 95% credibility (15 tries)
Done in 0.06 min (cpu), 0.06 min (real)
Generate toy 228/250

 -- MarkovChainMC -- 
Limit: r < 0.124767 +/- 0.0014312 @ 95% credibility (15 tries)
Done in 0.06 min (cpu), 0.06 min (real)
Generate toy 229/250

 -- MarkovChainMC -- 
Limit: r < 0.127511 +/- 0.0010746 @ 95% credibility (15 tries)
Done in 0.06 min (cpu), 0.06 min (real)
Generate toy 230/250

 -- MarkovChainMC -- 
Limit: r < 0.123704 +/- 0.00112406 @ 95% credibility (15 tries)
Done in 0.06 min (cpu), 0.06 min (real)
Generate toy 231/250

 -- MarkovChainMC -- 
Limit: r < 0.192974 +/- 0.00248449 @ 95% credibility (15 tries)
Done in 0.06 min (cpu), 0.06 min (real)
Generate toy 232/250

 -- MarkovChainMC -- 
Limit: r < 0.124309 +/- 0.0017129 @ 95% credibility (15 tries)
Done in 0.06 min (cpu), 0.06 min (real)
Generate toy 233/250

 -- MarkovChainMC -- 
Limit: r < 0.123367 +/- 0.00169116 @ 95% credibility (15 tries)
Done in 0.06 min (cpu), 0.06 min (real)
Generate toy 234/250

 -- MarkovChainMC -- 
Limit: r < 0.123921 +/- 0.00184611 @ 95% credibility (15 tries)
Done in 0.06 min (cpu), 0.06 min (real)
Generate toy 235/250

 -- MarkovChainMC -- 
Limit: r < 0.125131 +/- 0.00158123 @ 95% credibility (15 tries)
Done in 0.06 min (cpu), 0.06 min (real)
Generate toy 236/250

 -- MarkovChainMC -- 
Limit: r < 0.124485 +/- 0.00130328 @ 95% credibility (15 tries)
Done in 0.06 min (cpu), 0.06 min (real)
Generate toy 237/250

 -- MarkovChainMC -- 
Limit: r < 0.187505 +/- 0.00110217 @ 95% credibility (15 tries)
Done in 0.06 min (cpu), 0.06 min (real)
Generate toy 238/250

 -- MarkovChainMC -- 
Limit: r < 0.124809 +/- 0.00176485 @ 95% credibility (15 tries)
Done in 0.06 min (cpu), 0.06 min (real)
Generate toy 239/250

 -- MarkovChainMC -- 
Limit: r < 0.126952 +/- 0.00132837 @ 95% credibility (15 tries)
Done in 0.06 min (cpu), 0.06 min (real)
Generate toy 240/250

 -- MarkovChainMC -- 
Limit: r < 0.127092 +/- 0.00120946 @ 95% credibility (15 tries)
Done in 0.06 min (cpu), 0.06 min (real)
Generate toy 241/250

 -- MarkovChainMC -- 
Limit: r < 0.124727 +/- 0.000898903 @ 95% credibility (15 tries)
Done in 0.06 min (cpu), 0.06 min (real)
Generate toy 242/250

 -- MarkovChainMC -- 
Limit: r < 0.126143 +/- 0.00142118 @ 95% credibility (15 tries)
Done in 0.06 min (cpu), 0.06 min (real)
Generate toy 243/250

 -- MarkovChainMC -- 
Limit: r < 0.125552 +/- 0.00117747 @ 95% credibility (15 tries)
Done in 0.06 min (cpu), 0.06 min (real)
Generate toy 244/250

 -- MarkovChainMC -- 
Limit: r < 0.125302 +/- 0.00195414 @ 95% credibility (15 tries)
Done in 0.06 min (cpu), 0.06 min (real)
Generate toy 245/250

 -- MarkovChainMC -- 
Limit: r < 0.120327 +/- 0.00102489 @ 95% credibility (15 tries)
Done in 0.06 min (cpu), 0.06 min (real)
Generate toy 246/250

 -- MarkovChainMC -- 
Limit: r < 0.124797 +/- 0.00120852 @ 95% credibility (15 tries)
Done in 0.06 min (cpu), 0.06 min (real)
Generate toy 247/250

 -- MarkovChainMC -- 
Limit: r < 0.121045 +/- 0.001463 @ 95% credibility (15 tries)
Done in 0.06 min (cpu), 0.06 min (real)
Generate toy 248/250

 -- MarkovChainMC -- 
Limit: r < 0.122553 +/- 0.000472416 @ 95% credibility (15 tries)
Done in 0.07 min (cpu), 0.07 min (real)
Generate toy 249/250

 -- MarkovChainMC -- 
Limit: r < 0.122018 +/- 0.00183161 @ 95% credibility (15 tries)
Done in 0.06 min (cpu), 0.06 min (real)
Generate toy 250/250

 -- MarkovChainMC -- 
Limit: r < 0.124222 +/- 0.00224276 @ 95% credibility (15 tries)
Done in 0.06 min (cpu), 0.06 min (real)
mean   expected limit: r < 0.131886 +/- 0.00149123 @ 95%CL (250 toyMC)
median expected limit: r < 0.123663 @ 95%CL (250 toyMC)
   68% expected band : 0.121134 < r < 0.127958
   95% expected band : 0.119077 < r < 0.194696
