 <<< Combine >>> 
 <<< v10.0.2 >>>
>>> Used OpenSSL to get a truly random seed 1395972108
>>> Method used is MarkovChainMC
============================================================
Analyzing bin errors for: prop_binmuon_channel
Poisson cut-off: 10
Processes excluded for sums: Signal
============================================================
Bin        Contents        Error           Notes                         
0          515.988855      6.576706        total sum                     
0          488.887856      4.018962        excluding marked processes    
0          14798.000000    121.647030      Unweighted events, alpha=0.034869
  => Total parameter prop_binmuon_channel_bin0[0.00,-7.00,7.00] to be Gaussian constrained
------------------------------------------------------------
Channel muon_channel will use autoMCStats with settings: event-threshold=10, include-signal=0, hist-mode=1
Generate toy 1/250

 -- MarkovChainMC -- 
Limit: r < 1.99279 +/- 0.028912 @ 95% credibility (15 tries)
Done in 0.07 min (cpu), 0.07 min (real)
Generate toy 2/250

 -- MarkovChainMC -- 
Limit: r < 1.78133 +/- 0.0420805 @ 95% credibility (15 tries)
Done in 0.07 min (cpu), 0.07 min (real)
Generate toy 3/250

 -- MarkovChainMC -- 
Limit: r < 2.74714 +/- 0.0504279 @ 95% credibility (15 tries)
Done in 0.07 min (cpu), 0.07 min (real)
Generate toy 4/250

 -- MarkovChainMC -- 
Limit: r < 2.49551 +/- 0.0407754 @ 95% credibility (15 tries)
Done in 0.06 min (cpu), 0.06 min (real)
Generate toy 5/250

 -- MarkovChainMC -- 
Limit: r < 5.29625 +/- 0.0885585 @ 95% credibility (15 tries)
Done in 0.07 min (cpu), 0.07 min (real)
Generate toy 6/250

 -- MarkovChainMC -- 
Limit: r < 1.66219 +/- 0.0209128 @ 95% credibility (15 tries)
Done in 0.06 min (cpu), 0.06 min (real)
Generate toy 7/250

 -- MarkovChainMC -- 
Limit: r < 2.05585 +/- 0.0414239 @ 95% credibility (15 tries)
Done in 0.07 min (cpu), 0.07 min (real)
Generate toy 8/250

 -- MarkovChainMC -- 
Limit: r < 3.51163 +/- 0.0355598 @ 95% credibility (15 tries)
Done in 0.07 min (cpu), 0.07 min (real)
Generate toy 9/250

 -- MarkovChainMC -- 
Limit: r < 2.28805 +/- 0.0372647 @ 95% credibility (15 tries)
Done in 0.07 min (cpu), 0.07 min (real)
Generate toy 10/250

 -- MarkovChainMC -- 
Limit: r < 1.80883 +/- 0.0306031 @ 95% credibility (15 tries)
Done in 0.06 min (cpu), 0.06 min (real)
Generate toy 11/250

 -- MarkovChainMC -- 
Limit: r < 3.85521 +/- 0.0575374 @ 95% credibility (15 tries)
Done in 0.07 min (cpu), 0.07 min (real)
Generate toy 12/250

 -- MarkovChainMC -- 
Limit: r < 2.0138 +/- 0.0308022 @ 95% credibility (15 tries)
Done in 0.08 min (cpu), 0.08 min (real)
Generate toy 13/250

 -- MarkovChainMC -- 
Limit: r < 2.34461 +/- 0.0252318 @ 95% credibility (15 tries)
Done in 0.07 min (cpu), 0.07 min (real)
Generate toy 14/250

 -- MarkovChainMC -- 
Limit: r < 1.20383 +/- 0.0183396 @ 95% credibility (15 tries)
Done in 0.08 min (cpu), 0.08 min (real)
Generate toy 15/250

 -- MarkovChainMC -- 
Limit: r < 5.31335 +/- 0.0486744 @ 95% credibility (15 tries)
Done in 0.08 min (cpu), 0.08 min (real)
Generate toy 16/250

 -- MarkovChainMC -- 
Limit: r < 3.71522 +/- 0.0305895 @ 95% credibility (15 tries)
Done in 0.08 min (cpu), 0.08 min (real)
Generate toy 17/250

 -- MarkovChainMC -- 
Limit: r < 1.92498 +/- 0.0205258 @ 95% credibility (15 tries)
Done in 0.06 min (cpu), 0.06 min (real)
Generate toy 18/250

 -- MarkovChainMC -- 
Limit: r < 4.48826 +/- 0.0686573 @ 95% credibility (15 tries)
Done in 0.07 min (cpu), 0.07 min (real)
Generate toy 19/250

 -- MarkovChainMC -- 
Limit: r < 2.28648 +/- 0.0345073 @ 95% credibility (15 tries)
Done in 0.07 min (cpu), 0.07 min (real)
Generate toy 20/250

 -- MarkovChainMC -- 
Limit: r < 6.6185 +/- 0.118024 @ 95% credibility (15 tries)
Done in 0.07 min (cpu), 0.07 min (real)
Generate toy 21/250

 -- MarkovChainMC -- 
Limit: r < 2.47193 +/- 0.0158967 @ 95% credibility (15 tries)
Done in 0.10 min (cpu), 0.10 min (real)
Generate toy 22/250

 -- MarkovChainMC -- 
Limit: r < 5.29545 +/- 0.0924441 @ 95% credibility (15 tries)
Done in 0.08 min (cpu), 0.08 min (real)
Generate toy 23/250

 -- MarkovChainMC -- 
Limit: r < 3.08355 +/- 0.0136151 @ 95% credibility (15 tries)
Done in 0.07 min (cpu), 0.07 min (real)
Generate toy 24/250

 -- MarkovChainMC -- 
Limit: r < 3.3591 +/- 0.0462078 @ 95% credibility (15 tries)
Done in 0.07 min (cpu), 0.07 min (real)
Generate toy 25/250

 -- MarkovChainMC -- 
Limit: r < 2.72057 +/- 0.0385874 @ 95% credibility (15 tries)
Done in 0.07 min (cpu), 0.07 min (real)
Generate toy 26/250

 -- MarkovChainMC -- 
Limit: r < 4.10367 +/- 0.0644505 @ 95% credibility (15 tries)
Done in 0.07 min (cpu), 0.07 min (real)
Generate toy 27/250

 -- MarkovChainMC -- 
Limit: r < 1.77962 +/- 0.0261612 @ 95% credibility (15 tries)
Done in 0.07 min (cpu), 0.07 min (real)
Generate toy 28/250

 -- MarkovChainMC -- 
Limit: r < 2.73409 +/- 0.0323851 @ 95% credibility (15 tries)
Done in 0.11 min (cpu), 0.11 min (real)
Generate toy 29/250

 -- MarkovChainMC -- 
Limit: r < 4.59539 +/- 0.0590817 @ 95% credibility (15 tries)
Done in 0.07 min (cpu), 0.07 min (real)
Generate toy 30/250

 -- MarkovChainMC -- 
Limit: r < 7.8676 +/- 0.0710026 @ 95% credibility (15 tries)
Done in 0.08 min (cpu), 0.08 min (real)
Generate toy 31/250

 -- MarkovChainMC -- 
Limit: r < 1.37352 +/- 0.0246173 @ 95% credibility (15 tries)
Done in 0.06 min (cpu), 0.06 min (real)
Generate toy 32/250

 -- MarkovChainMC -- 
Limit: r < 2.78057 +/- 0.0330308 @ 95% credibility (15 tries)
Done in 0.07 min (cpu), 0.07 min (real)
Generate toy 33/250

 -- MarkovChainMC -- 
Limit: r < 6.27941 +/- 0.0702438 @ 95% credibility (15 tries)
Done in 0.07 min (cpu), 0.07 min (real)
Generate toy 34/250

 -- MarkovChainMC -- 
Limit: r < 2.8318 +/- 0.0306985 @ 95% credibility (15 tries)
Done in 0.07 min (cpu), 0.07 min (real)
Generate toy 35/250

 -- MarkovChainMC -- 
Limit: r < 2.86977 +/- 0.0481959 @ 95% credibility (15 tries)
Done in 0.08 min (cpu), 0.08 min (real)
Generate toy 36/250

 -- MarkovChainMC -- 
Limit: r < 3.94675 +/- 0.0598398 @ 95% credibility (15 tries)
Done in 0.07 min (cpu), 0.07 min (real)
Generate toy 37/250

 -- MarkovChainMC -- 
Limit: r < 3.6535 +/- 0.063382 @ 95% credibility (15 tries)
Done in 0.07 min (cpu), 0.07 min (real)
Generate toy 38/250

 -- MarkovChainMC -- 
Limit: r < 5.74376 +/- 0.0905449 @ 95% credibility (15 tries)
Done in 0.07 min (cpu), 0.07 min (real)
Generate toy 39/250

 -- MarkovChainMC -- 
Limit: r < 4.29147 +/- 0.0346753 @ 95% credibility (15 tries)
Done in 0.07 min (cpu), 0.07 min (real)
Generate toy 40/250

 -- MarkovChainMC -- 
Limit: r < 2.33664 +/- 0.0339204 @ 95% credibility (15 tries)
Done in 0.06 min (cpu), 0.06 min (real)
Generate toy 41/250

 -- MarkovChainMC -- 
Limit: r < 2.3444 +/- 0.0238555 @ 95% credibility (15 tries)
Done in 0.07 min (cpu), 0.07 min (real)
Generate toy 42/250

 -- MarkovChainMC -- 
Limit: r < 3.12952 +/- 0.0377744 @ 95% credibility (15 tries)
Done in 0.07 min (cpu), 0.07 min (real)
Generate toy 43/250

 -- MarkovChainMC -- 
Limit: r < 4.32555 +/- 0.0558216 @ 95% credibility (15 tries)
Done in 0.08 min (cpu), 0.08 min (real)
Generate toy 44/250

 -- MarkovChainMC -- 
Limit: r < 2.70821 +/- 0.0223479 @ 95% credibility (15 tries)
Done in 0.07 min (cpu), 0.07 min (real)
Generate toy 45/250

 -- MarkovChainMC -- 
Limit: r < 2.16155 +/- 0.0414974 @ 95% credibility (15 tries)
Done in 0.08 min (cpu), 0.08 min (real)
Generate toy 46/250

 -- MarkovChainMC -- 
Limit: r < 1.89109 +/- 0.0365713 @ 95% credibility (15 tries)
Done in 0.07 min (cpu), 0.07 min (real)
Generate toy 47/250

 -- MarkovChainMC -- 
Limit: r < 3.94978 +/- 0.0539549 @ 95% credibility (15 tries)
Done in 0.07 min (cpu), 0.07 min (real)
Generate toy 48/250

 -- MarkovChainMC -- 
Limit: r < 3.0703 +/- 0.0390424 @ 95% credibility (15 tries)
Done in 0.07 min (cpu), 0.07 min (real)
Generate toy 49/250

 -- MarkovChainMC -- 
Limit: r < 3.89282 +/- 0.0552012 @ 95% credibility (15 tries)
Done in 0.08 min (cpu), 0.08 min (real)
Generate toy 50/250

 -- MarkovChainMC -- 
Limit: r < 3.64791 +/- 0.0338263 @ 95% credibility (15 tries)
Done in 0.08 min (cpu), 0.08 min (real)
Generate toy 51/250

 -- MarkovChainMC -- 
Limit: r < 2.33084 +/- 0.0162853 @ 95% credibility (15 tries)
Done in 0.08 min (cpu), 0.08 min (real)
Generate toy 52/250

 -- MarkovChainMC -- 
Limit: r < 2.68615 +/- 0.0248114 @ 95% credibility (15 tries)
Done in 0.08 min (cpu), 0.08 min (real)
Generate toy 53/250

 -- MarkovChainMC -- 
Limit: r < 4.27834 +/- 0.0509435 @ 95% credibility (15 tries)
Done in 0.07 min (cpu), 0.07 min (real)
Generate toy 54/250

 -- MarkovChainMC -- 
Limit: r < 3.60961 +/- 0.0639275 @ 95% credibility (15 tries)
Done in 0.07 min (cpu), 0.07 min (real)
Generate toy 55/250

 -- MarkovChainMC -- 
Limit: r < 2.3776 +/- 0.0413667 @ 95% credibility (15 tries)
Done in 0.07 min (cpu), 0.07 min (real)
Generate toy 56/250

 -- MarkovChainMC -- 
Limit: r < 4.18355 +/- 0.0566292 @ 95% credibility (15 tries)
Done in 0.08 min (cpu), 0.08 min (real)
Generate toy 57/250

 -- MarkovChainMC -- 
Limit: r < 4.73352 +/- 0.0560989 @ 95% credibility (15 tries)
Done in 0.07 min (cpu), 0.07 min (real)
Generate toy 58/250

 -- MarkovChainMC -- 
Limit: r < 2.8325 +/- 0.0675513 @ 95% credibility (15 tries)
Done in 0.09 min (cpu), 0.09 min (real)
Generate toy 59/250

 -- MarkovChainMC -- 
Limit: r < 2.99039 +/- 0.0466256 @ 95% credibility (15 tries)
Done in 0.08 min (cpu), 0.08 min (real)
Generate toy 60/250

 -- MarkovChainMC -- 
Limit: r < 5.41808 +/- 0.0664084 @ 95% credibility (15 tries)
Done in 0.07 min (cpu), 0.07 min (real)
Generate toy 61/250

 -- MarkovChainMC -- 
Limit: r < 1.63422 +/- 0.0210392 @ 95% credibility (15 tries)
Done in 0.09 min (cpu), 0.09 min (real)
Generate toy 62/250

 -- MarkovChainMC -- 
Limit: r < 1.40337 +/- 0.0118991 @ 95% credibility (15 tries)
Done in 0.08 min (cpu), 0.08 min (real)
Generate toy 63/250

 -- MarkovChainMC -- 
Limit: r < 5.04244 +/- 0.0806762 @ 95% credibility (15 tries)
Done in 0.08 min (cpu), 0.08 min (real)
Generate toy 64/250

 -- MarkovChainMC -- 
Limit: r < 6.66851 +/- 0.084754 @ 95% credibility (15 tries)
Done in 0.07 min (cpu), 0.07 min (real)
Generate toy 65/250

 -- MarkovChainMC -- 
Limit: r < 2.38694 +/- 0.0498354 @ 95% credibility (15 tries)
Done in 0.07 min (cpu), 0.07 min (real)
Generate toy 66/250

 -- MarkovChainMC -- 
Limit: r < 1.27183 +/- 0.0310256 @ 95% credibility (15 tries)
Done in 0.07 min (cpu), 0.07 min (real)
Generate toy 67/250

 -- MarkovChainMC -- 
Limit: r < 4.36261 +/- 0.0298703 @ 95% credibility (15 tries)
Done in 0.07 min (cpu), 0.07 min (real)
Generate toy 68/250

 -- MarkovChainMC -- 
Limit: r < 4.2379 +/- 0.0688728 @ 95% credibility (15 tries)
Done in 0.07 min (cpu), 0.07 min (real)
Generate toy 69/250

 -- MarkovChainMC -- 
Limit: r < 3.39018 +/- 0.0390638 @ 95% credibility (15 tries)
Done in 0.08 min (cpu), 0.08 min (real)
Generate toy 70/250

 -- MarkovChainMC -- 
Limit: r < 3.11575 +/- 0.051527 @ 95% credibility (15 tries)
Done in 0.07 min (cpu), 0.07 min (real)
Generate toy 71/250

 -- MarkovChainMC -- 
Limit: r < 2.15095 +/- 0.0459808 @ 95% credibility (15 tries)
Done in 0.08 min (cpu), 0.08 min (real)
Generate toy 72/250

 -- MarkovChainMC -- 
Limit: r < 1.837 +/- 0.0269968 @ 95% credibility (15 tries)
Done in 0.08 min (cpu), 0.08 min (real)
Generate toy 73/250

 -- MarkovChainMC -- 
Limit: r < 6.44736 +/- 0.0715784 @ 95% credibility (15 tries)
Done in 0.07 min (cpu), 0.07 min (real)
Generate toy 74/250

 -- MarkovChainMC -- 
Limit: r < 4.77475 +/- 0.0624352 @ 95% credibility (15 tries)
Done in 0.07 min (cpu), 0.07 min (real)
Generate toy 75/250

 -- MarkovChainMC -- 
Limit: r < 4.11781 +/- 0.0417199 @ 95% credibility (15 tries)
Done in 0.07 min (cpu), 0.07 min (real)
Generate toy 76/250

 -- MarkovChainMC -- 
Limit: r < 6.41332 +/- 0.117653 @ 95% credibility (15 tries)
Done in 0.07 min (cpu), 0.07 min (real)
Generate toy 77/250

 -- MarkovChainMC -- 
Limit: r < 2.82989 +/- 0.0345005 @ 95% credibility (15 tries)
Done in 0.07 min (cpu), 0.07 min (real)
Generate toy 78/250

 -- MarkovChainMC -- 
Limit: r < 4.86758 +/- 0.0808856 @ 95% credibility (15 tries)
Done in 0.07 min (cpu), 0.07 min (real)
Generate toy 79/250

 -- MarkovChainMC -- 
Limit: r < 3.46748 +/- 0.0629656 @ 95% credibility (15 tries)
Done in 0.07 min (cpu), 0.07 min (real)
Generate toy 80/250

 -- MarkovChainMC -- 
Limit: r < 2.37892 +/- 0.0302553 @ 95% credibility (15 tries)
Done in 0.07 min (cpu), 0.07 min (real)
Generate toy 81/250

 -- MarkovChainMC -- 
Limit: r < 3.20687 +/- 0.0667453 @ 95% credibility (15 tries)
Done in 0.08 min (cpu), 0.08 min (real)
Generate toy 82/250

 -- MarkovChainMC -- 
Limit: r < 2.59544 +/- 0.0271681 @ 95% credibility (15 tries)
Done in 0.07 min (cpu), 0.07 min (real)
Generate toy 83/250

 -- MarkovChainMC -- 
Limit: r < 3.71402 +/- 0.0397759 @ 95% credibility (15 tries)
Done in 0.07 min (cpu), 0.07 min (real)
Generate toy 84/250

 -- MarkovChainMC -- 
Limit: r < 3.34713 +/- 0.0633096 @ 95% credibility (15 tries)
Done in 0.07 min (cpu), 0.07 min (real)
Generate toy 85/250

 -- MarkovChainMC -- 
Limit: r < 5.42886 +/- 0.0840222 @ 95% credibility (15 tries)
Done in 0.07 min (cpu), 0.07 min (real)
Generate toy 86/250

 -- MarkovChainMC -- 
Limit: r < 2.85787 +/- 0.063115 @ 95% credibility (15 tries)
Done in 0.07 min (cpu), 0.07 min (real)
Generate toy 87/250

 -- MarkovChainMC -- 
Limit: r < 3.88726 +/- 0.0534264 @ 95% credibility (15 tries)
Done in 0.08 min (cpu), 0.08 min (real)
Generate toy 88/250

 -- MarkovChainMC -- 
Limit: r < 3.9464 +/- 0.079935 @ 95% credibility (15 tries)
Done in 0.07 min (cpu), 0.07 min (real)
Generate toy 89/250

 -- MarkovChainMC -- 
Limit: r < 4.89612 +/- 0.0931601 @ 95% credibility (15 tries)
Done in 0.07 min (cpu), 0.07 min (real)
Generate toy 90/250

 -- MarkovChainMC -- 
Limit: r < 2.56022 +/- 0.0272793 @ 95% credibility (15 tries)
Done in 0.08 min (cpu), 0.08 min (real)
Generate toy 91/250

 -- MarkovChainMC -- 
Limit: r < 3.96523 +/- 0.0600532 @ 95% credibility (15 tries)
Done in 0.07 min (cpu), 0.07 min (real)
Generate toy 92/250

 -- MarkovChainMC -- 
Limit: r < 2.51871 +/- 0.0346864 @ 95% credibility (15 tries)
Done in 0.07 min (cpu), 0.07 min (real)
Generate toy 93/250

 -- MarkovChainMC -- 
Limit: r < 2.68083 +/- 0.0414335 @ 95% credibility (15 tries)
Done in 0.07 min (cpu), 0.07 min (real)
Generate toy 94/250

 -- MarkovChainMC -- 
Limit: r < 3.22017 +/- 0.0424021 @ 95% credibility (15 tries)
Done in 0.08 min (cpu), 0.08 min (real)
Generate toy 95/250

 -- MarkovChainMC -- 
Limit: r < 1.7216 +/- 0.0311116 @ 95% credibility (15 tries)
Done in 0.07 min (cpu), 0.07 min (real)
Generate toy 96/250

 -- MarkovChainMC -- 
Limit: r < 2.87177 +/- 0.0735018 @ 95% credibility (15 tries)
Done in 0.07 min (cpu), 0.07 min (real)
Generate toy 97/250

 -- MarkovChainMC -- 
Limit: r < 5.96439 +/- 0.0751692 @ 95% credibility (15 tries)
Done in 0.08 min (cpu), 0.08 min (real)
Generate toy 98/250

 -- MarkovChainMC -- 
Limit: r < 3.68373 +/- 0.0546848 @ 95% credibility (15 tries)
Done in 0.08 min (cpu), 0.08 min (real)
Generate toy 99/250

 -- MarkovChainMC -- 
Limit: r < 2.03604 +/- 0.020495 @ 95% credibility (15 tries)
Done in 0.06 min (cpu), 0.06 min (real)
Generate toy 100/250

 -- MarkovChainMC -- 
Limit: r < 2.05957 +/- 0.0351829 @ 95% credibility (15 tries)
Done in 0.07 min (cpu), 0.07 min (real)
Generate toy 101/250

 -- MarkovChainMC -- 
Limit: r < 3.9398 +/- 0.0377341 @ 95% credibility (15 tries)
Done in 0.07 min (cpu), 0.07 min (real)
Generate toy 102/250

 -- MarkovChainMC -- 
Limit: r < 3.77947 +/- 0.0317257 @ 95% credibility (15 tries)
Done in 0.11 min (cpu), 0.11 min (real)
Generate toy 103/250

 -- MarkovChainMC -- 
Limit: r < 4.25983 +/- 0.0620114 @ 95% credibility (15 tries)
Done in 0.09 min (cpu), 0.09 min (real)
Generate toy 104/250

 -- MarkovChainMC -- 
Limit: r < 3.42964 +/- 0.0432407 @ 95% credibility (15 tries)
Done in 0.07 min (cpu), 0.07 min (real)
Generate toy 105/250

 -- MarkovChainMC -- 
Limit: r < 2.29538 +/- 0.0344367 @ 95% credibility (15 tries)
Done in 0.08 min (cpu), 0.08 min (real)
Generate toy 106/250

 -- MarkovChainMC -- 
Limit: r < 4.46581 +/- 0.070465 @ 95% credibility (15 tries)
Done in 0.09 min (cpu), 0.09 min (real)
Generate toy 107/250

 -- MarkovChainMC -- 
Limit: r < 3.02173 +/- 0.0474883 @ 95% credibility (15 tries)
Done in 0.07 min (cpu), 0.07 min (real)
Generate toy 108/250

 -- MarkovChainMC -- 
Limit: r < 3.39867 +/- 0.050566 @ 95% credibility (15 tries)
Done in 0.08 min (cpu), 0.08 min (real)
Generate toy 109/250

 -- MarkovChainMC -- 
Limit: r < 3.55276 +/- 0.0502169 @ 95% credibility (15 tries)
Done in 0.09 min (cpu), 0.09 min (real)
Generate toy 110/250

 -- MarkovChainMC -- 
Limit: r < 5.78364 +/- 0.105625 @ 95% credibility (15 tries)
Done in 0.07 min (cpu), 0.07 min (real)
Generate toy 111/250

 -- MarkovChainMC -- 
Limit: r < 2.32402 +/- 0.039462 @ 95% credibility (15 tries)
Done in 0.07 min (cpu), 0.07 min (real)
Generate toy 112/250

 -- MarkovChainMC -- 
Limit: r < 3.0098 +/- 0.0497883 @ 95% credibility (15 tries)
Done in 0.07 min (cpu), 0.07 min (real)
Generate toy 113/250

 -- MarkovChainMC -- 
Limit: r < 1.95618 +/- 0.0198871 @ 95% credibility (15 tries)
Done in 0.08 min (cpu), 0.08 min (real)
Generate toy 114/250

 -- MarkovChainMC -- 
Limit: r < 1.69638 +/- 0.0354167 @ 95% credibility (15 tries)
Done in 0.07 min (cpu), 0.07 min (real)
Generate toy 115/250

 -- MarkovChainMC -- 
Limit: r < 3.60263 +/- 0.0683075 @ 95% credibility (15 tries)
Done in 0.07 min (cpu), 0.07 min (real)
Generate toy 116/250

 -- MarkovChainMC -- 
Limit: r < 4.0768 +/- 0.0310603 @ 95% credibility (15 tries)
Done in 0.08 min (cpu), 0.08 min (real)
Generate toy 117/250

 -- MarkovChainMC -- 
Limit: r < 5.54461 +/- 0.0671469 @ 95% credibility (15 tries)
Done in 0.10 min (cpu), 0.10 min (real)
Generate toy 118/250

 -- MarkovChainMC -- 
Limit: r < 1.19074 +/- 0.0237295 @ 95% credibility (15 tries)
Done in 0.07 min (cpu), 0.07 min (real)
Generate toy 119/250

 -- MarkovChainMC -- 
Limit: r < 5.89923 +/- 0.0614048 @ 95% credibility (15 tries)
Done in 0.10 min (cpu), 0.10 min (real)
Generate toy 120/250

 -- MarkovChainMC -- 
Limit: r < 2.97649 +/- 0.0302059 @ 95% credibility (15 tries)
Done in 0.07 min (cpu), 0.07 min (real)
Generate toy 121/250

 -- MarkovChainMC -- 
Limit: r < 2.08139 +/- 0.0329005 @ 95% credibility (15 tries)
Done in 0.07 min (cpu), 0.07 min (real)
Generate toy 122/250

 -- MarkovChainMC -- 
Limit: r < 4.12779 +/- 0.069407 @ 95% credibility (15 tries)
Done in 0.08 min (cpu), 0.08 min (real)
Generate toy 123/250

 -- MarkovChainMC -- 
Limit: r < 1.18133 +/- 0.0166242 @ 95% credibility (15 tries)
Done in 0.07 min (cpu), 0.07 min (real)
Generate toy 124/250

 -- MarkovChainMC -- 
Limit: r < 2.49395 +/- 0.0640961 @ 95% credibility (15 tries)
Done in 0.08 min (cpu), 0.08 min (real)
Generate toy 125/250

 -- MarkovChainMC -- 
Limit: r < 3.15999 +/- 0.0623341 @ 95% credibility (15 tries)
Done in 0.07 min (cpu), 0.07 min (real)
Generate toy 126/250

 -- MarkovChainMC -- 
Limit: r < 4.13672 +/- 0.0832061 @ 95% credibility (15 tries)
Done in 0.09 min (cpu), 0.09 min (real)
Generate toy 127/250

 -- MarkovChainMC -- 
Limit: r < 5.37027 +/- 0.0509365 @ 95% credibility (15 tries)
Done in 0.08 min (cpu), 0.08 min (real)
Generate toy 128/250

 -- MarkovChainMC -- 
Limit: r < 1.49073 +/- 0.0142889 @ 95% credibility (15 tries)
Done in 0.08 min (cpu), 0.08 min (real)
Generate toy 129/250

 -- MarkovChainMC -- 
Limit: r < 4.59173 +/- 0.0497247 @ 95% credibility (15 tries)
Done in 0.08 min (cpu), 0.08 min (real)
Generate toy 130/250

 -- MarkovChainMC -- 
Limit: r < 1.88604 +/- 0.0292682 @ 95% credibility (15 tries)
Done in 0.07 min (cpu), 0.07 min (real)
Generate toy 131/250

 -- MarkovChainMC -- 
Limit: r < 2.51535 +/- 0.0489098 @ 95% credibility (15 tries)
Done in 0.07 min (cpu), 0.07 min (real)
Generate toy 132/250

 -- MarkovChainMC -- 
Limit: r < 3.88116 +/- 0.0262686 @ 95% credibility (15 tries)
Done in 0.09 min (cpu), 0.09 min (real)
Generate toy 133/250

 -- MarkovChainMC -- 
Limit: r < 2.49697 +/- 0.0257349 @ 95% credibility (15 tries)
Done in 0.07 min (cpu), 0.07 min (real)
Generate toy 134/250

 -- MarkovChainMC -- 
Limit: r < 2.8065 +/- 0.0275319 @ 95% credibility (15 tries)
Done in 0.08 min (cpu), 0.08 min (real)
Generate toy 135/250

 -- MarkovChainMC -- 
Limit: r < 1.80609 +/- 0.0366436 @ 95% credibility (15 tries)
Done in 0.07 min (cpu), 0.07 min (real)
Generate toy 136/250

 -- MarkovChainMC -- 
Limit: r < 3.35457 +/- 0.0300919 @ 95% credibility (15 tries)
Done in 0.07 min (cpu), 0.07 min (real)
Generate toy 137/250

 -- MarkovChainMC -- 
Limit: r < 2.44721 +/- 0.0347829 @ 95% credibility (15 tries)
Done in 0.10 min (cpu), 0.10 min (real)
Generate toy 138/250

 -- MarkovChainMC -- 
Limit: r < 7.34625 +/- 0.0695074 @ 95% credibility (15 tries)
Done in 0.09 min (cpu), 0.09 min (real)
Generate toy 139/250

 -- MarkovChainMC -- 
Limit: r < 2.40455 +/- 0.0324847 @ 95% credibility (15 tries)
Done in 0.11 min (cpu), 0.11 min (real)
Generate toy 140/250

 -- MarkovChainMC -- 
Limit: r < 3.81672 +/- 0.0522989 @ 95% credibility (15 tries)
Done in 0.13 min (cpu), 0.13 min (real)
Generate toy 141/250

 -- MarkovChainMC -- 
Limit: r < 4.12111 +/- 0.0440698 @ 95% credibility (15 tries)
Done in 0.13 min (cpu), 0.13 min (real)
Generate toy 142/250

 -- MarkovChainMC -- 
Limit: r < 2.6049 +/- 0.0490511 @ 95% credibility (15 tries)
Done in 0.12 min (cpu), 0.13 min (real)
Generate toy 143/250

 -- MarkovChainMC -- 
Limit: r < 1.93735 +/- 0.0220699 @ 95% credibility (15 tries)
Done in 0.11 min (cpu), 0.11 min (real)
Generate toy 144/250

 -- MarkovChainMC -- 
Limit: r < 4.29319 +/- 0.0446187 @ 95% credibility (15 tries)
Done in 0.11 min (cpu), 0.11 min (real)
Generate toy 145/250

 -- MarkovChainMC -- 
Limit: r < 2.44797 +/- 0.0282954 @ 95% credibility (15 tries)
Done in 0.09 min (cpu), 0.10 min (real)
Generate toy 146/250

 -- MarkovChainMC -- 
Limit: r < 1.43427 +/- 0.016289 @ 95% credibility (15 tries)
Done in 0.09 min (cpu), 0.09 min (real)
Generate toy 147/250

 -- MarkovChainMC -- 
Limit: r < 2.93595 +/- 0.0467451 @ 95% credibility (15 tries)
Done in 0.13 min (cpu), 0.13 min (real)
Generate toy 148/250

 -- MarkovChainMC -- 
Limit: r < 4.02563 +/- 0.0832376 @ 95% credibility (15 tries)
Done in 0.13 min (cpu), 0.13 min (real)
Generate toy 149/250

 -- MarkovChainMC -- 
Limit: r < 3.60575 +/- 0.0473042 @ 95% credibility (15 tries)
Done in 0.13 min (cpu), 0.13 min (real)
Generate toy 150/250

 -- MarkovChainMC -- 
Limit: r < 2.4604 +/- 0.03138 @ 95% credibility (15 tries)
Done in 0.13 min (cpu), 0.13 min (real)
Generate toy 151/250

 -- MarkovChainMC -- 
Limit: r < 2.50266 +/- 0.039212 @ 95% credibility (15 tries)
Done in 0.13 min (cpu), 0.13 min (real)
Generate toy 152/250

 -- MarkovChainMC -- 
Limit: r < 2.37035 +/- 0.0440005 @ 95% credibility (15 tries)
Done in 0.13 min (cpu), 0.13 min (real)
Generate toy 153/250

 -- MarkovChainMC -- 
Limit: r < 3.94908 +/- 0.081199 @ 95% credibility (15 tries)
Done in 0.13 min (cpu), 0.13 min (real)
Generate toy 154/250

 -- MarkovChainMC -- 
Limit: r < 2.29162 +/- 0.0361265 @ 95% credibility (15 tries)
Done in 0.13 min (cpu), 0.13 min (real)
Generate toy 155/250

 -- MarkovChainMC -- 
Limit: r < 2.69981 +/- 0.0118685 @ 95% credibility (15 tries)
Done in 0.13 min (cpu), 0.13 min (real)
Generate toy 156/250

 -- MarkovChainMC -- 
Limit: r < 2.73859 +/- 0.0408832 @ 95% credibility (15 tries)
Done in 0.13 min (cpu), 0.13 min (real)
Generate toy 157/250

 -- MarkovChainMC -- 
Limit: r < 2.69444 +/- 0.0453088 @ 95% credibility (15 tries)
Done in 0.13 min (cpu), 0.13 min (real)
Generate toy 158/250

 -- MarkovChainMC -- 
Limit: r < 1.54681 +/- 0.0265868 @ 95% credibility (15 tries)
Done in 0.08 min (cpu), 0.08 min (real)
Generate toy 159/250

 -- MarkovChainMC -- 
Limit: r < 3.16321 +/- 0.070796 @ 95% credibility (15 tries)
Done in 0.11 min (cpu), 0.11 min (real)
Generate toy 160/250

 -- MarkovChainMC -- 
Limit: r < 3.58578 +/- 0.0873126 @ 95% credibility (15 tries)
Done in 0.12 min (cpu), 0.12 min (real)
Generate toy 161/250

 -- MarkovChainMC -- 
Limit: r < 3.43393 +/- 0.023437 @ 95% credibility (15 tries)
Done in 0.12 min (cpu), 0.12 min (real)
Generate toy 162/250

 -- MarkovChainMC -- 
Limit: r < 2.6358 +/- 0.0485639 @ 95% credibility (15 tries)
Done in 0.12 min (cpu), 0.12 min (real)
Generate toy 163/250

 -- MarkovChainMC -- 
Limit: r < 5.91007 +/- 0.0795765 @ 95% credibility (15 tries)
Done in 0.12 min (cpu), 0.12 min (real)
Generate toy 164/250

 -- MarkovChainMC -- 
Limit: r < 1.85415 +/- 0.0307123 @ 95% credibility (15 tries)
Done in 0.09 min (cpu), 0.10 min (real)
Generate toy 165/250

 -- MarkovChainMC -- 
Limit: r < 1.18247 +/- 0.013491 @ 95% credibility (15 tries)
Done in 0.09 min (cpu), 0.09 min (real)
Generate toy 166/250

 -- MarkovChainMC -- 
Limit: r < 2.69088 +/- 0.0415421 @ 95% credibility (15 tries)
Done in 0.08 min (cpu), 0.08 min (real)
Generate toy 167/250

 -- MarkovChainMC -- 
Limit: r < 1.17986 +/- 0.0226996 @ 95% credibility (15 tries)
Done in 0.11 min (cpu), 0.11 min (real)
Generate toy 168/250

 -- MarkovChainMC -- 
Limit: r < 2.23053 +/- 0.030754 @ 95% credibility (15 tries)
Done in 0.12 min (cpu), 0.12 min (real)
Generate toy 169/250

 -- MarkovChainMC -- 
Limit: r < 3.0278 +/- 0.0322388 @ 95% credibility (15 tries)
Done in 0.12 min (cpu), 0.12 min (real)
Generate toy 170/250

 -- MarkovChainMC -- 
Limit: r < 3.08029 +/- 0.0486869 @ 95% credibility (15 tries)
Done in 0.12 min (cpu), 0.12 min (real)
Generate toy 171/250

 -- MarkovChainMC -- 
Limit: r < 2.8972 +/- 0.0532588 @ 95% credibility (15 tries)
Done in 0.12 min (cpu), 0.12 min (real)
Generate toy 172/250

 -- MarkovChainMC -- 
Limit: r < 4.64569 +/- 0.0933985 @ 95% credibility (15 tries)
Done in 0.11 min (cpu), 0.11 min (real)
Generate toy 173/250

 -- MarkovChainMC -- 
Limit: r < 2.70019 +/- 0.0348688 @ 95% credibility (15 tries)
Done in 0.08 min (cpu), 0.08 min (real)
Generate toy 174/250

 -- MarkovChainMC -- 
Limit: r < 2.12663 +/- 0.0325092 @ 95% credibility (15 tries)
Done in 0.08 min (cpu), 0.08 min (real)
Generate toy 175/250

 -- MarkovChainMC -- 
Limit: r < 2.61905 +/- 0.037043 @ 95% credibility (15 tries)
Done in 0.10 min (cpu), 0.10 min (real)
Generate toy 176/250

 -- MarkovChainMC -- 
Limit: r < 2.70223 +/- 0.044408 @ 95% credibility (15 tries)
Done in 0.11 min (cpu), 0.11 min (real)
Generate toy 177/250

 -- MarkovChainMC -- 
Limit: r < 1.72345 +/- 0.0315235 @ 95% credibility (15 tries)
Done in 0.08 min (cpu), 0.08 min (real)
Generate toy 178/250

 -- MarkovChainMC -- 
Limit: r < 2.5094 +/- 0.0108931 @ 95% credibility (15 tries)
Done in 0.12 min (cpu), 0.12 min (real)
Generate toy 179/250

 -- MarkovChainMC -- 
Limit: r < 4.51306 +/- 0.0480647 @ 95% credibility (15 tries)
Done in 0.11 min (cpu), 0.11 min (real)
Generate toy 180/250

 -- MarkovChainMC -- 
Limit: r < 5.51668 +/- 0.100785 @ 95% credibility (15 tries)
Done in 0.11 min (cpu), 0.11 min (real)
Generate toy 181/250

 -- MarkovChainMC -- 
Limit: r < 3.13184 +/- 0.0442744 @ 95% credibility (15 tries)
Done in 0.10 min (cpu), 0.10 min (real)
Generate toy 182/250

 -- MarkovChainMC -- 
Limit: r < 3.63455 +/- 0.0575267 @ 95% credibility (15 tries)
Done in 0.10 min (cpu), 0.10 min (real)
Generate toy 183/250

 -- MarkovChainMC -- 
Limit: r < 2.24361 +/- 0.0267414 @ 95% credibility (15 tries)
Done in 0.08 min (cpu), 0.08 min (real)
Generate toy 184/250

 -- MarkovChainMC -- 
Limit: r < 2.26866 +/- 0.0327976 @ 95% credibility (15 tries)
Done in 0.07 min (cpu), 0.07 min (real)
Generate toy 185/250

 -- MarkovChainMC -- 
Limit: r < 3.74154 +/- 0.0504114 @ 95% credibility (15 tries)
Done in 0.08 min (cpu), 0.08 min (real)
Generate toy 186/250

 -- MarkovChainMC -- 
Limit: r < 2.90877 +/- 0.0202415 @ 95% credibility (15 tries)
Done in 0.11 min (cpu), 0.11 min (real)
Generate toy 187/250

 -- MarkovChainMC -- 
Limit: r < 3.6198 +/- 0.0477385 @ 95% credibility (15 tries)
Done in 0.11 min (cpu), 0.11 min (real)
Generate toy 188/250

 -- MarkovChainMC -- 
Limit: r < 1.42411 +/- 0.0266131 @ 95% credibility (15 tries)
Done in 0.08 min (cpu), 0.08 min (real)
Generate toy 189/250

 -- MarkovChainMC -- 
Limit: r < 2.1106 +/- 0.0319454 @ 95% credibility (15 tries)
Done in 0.08 min (cpu), 0.08 min (real)
Generate toy 190/250

 -- MarkovChainMC -- 
Limit: r < 2.66295 +/- 0.0424263 @ 95% credibility (15 tries)
Done in 0.08 min (cpu), 0.08 min (real)
Generate toy 191/250

 -- MarkovChainMC -- 
Limit: r < 2.98685 +/- 0.0479414 @ 95% credibility (15 tries)
Done in 0.07 min (cpu), 0.07 min (real)
Generate toy 192/250

 -- MarkovChainMC -- 
Limit: r < 2.32733 +/- 0.0284974 @ 95% credibility (15 tries)
Done in 0.07 min (cpu), 0.07 min (real)
Generate toy 193/250

 -- MarkovChainMC -- 
Limit: r < 2.68594 +/- 0.0614368 @ 95% credibility (15 tries)
Done in 0.07 min (cpu), 0.07 min (real)
Generate toy 194/250

 -- MarkovChainMC -- 
Limit: r < 3.56824 +/- 0.0490074 @ 95% credibility (15 tries)
Done in 0.10 min (cpu), 0.10 min (real)
Generate toy 195/250

 -- MarkovChainMC -- 
Limit: r < 2.56475 +/- 0.0357407 @ 95% credibility (15 tries)
Done in 0.07 min (cpu), 0.07 min (real)
Generate toy 196/250

 -- MarkovChainMC -- 
Limit: r < 3.98571 +/- 0.0760314 @ 95% credibility (15 tries)
Done in 0.07 min (cpu), 0.07 min (real)
Generate toy 197/250

 -- MarkovChainMC -- 
Limit: r < 4.45371 +/- 0.0708286 @ 95% credibility (15 tries)
Done in 0.08 min (cpu), 0.08 min (real)
Generate toy 198/250

 -- MarkovChainMC -- 
Limit: r < 6.90792 +/- 0.0762183 @ 95% credibility (15 tries)
Done in 0.09 min (cpu), 0.09 min (real)
Generate toy 199/250

 -- MarkovChainMC -- 
Limit: r < 4.79913 +/- 0.0702818 @ 95% credibility (15 tries)
Done in 0.09 min (cpu), 0.09 min (real)
Generate toy 200/250

 -- MarkovChainMC -- 
Limit: r < 3.57925 +/- 0.0560223 @ 95% credibility (15 tries)
Done in 0.07 min (cpu), 0.07 min (real)
Generate toy 201/250

 -- MarkovChainMC -- 
Limit: r < 4.1364 +/- 0.0746514 @ 95% credibility (15 tries)
Done in 0.07 min (cpu), 0.08 min (real)
Generate toy 202/250

 -- MarkovChainMC -- 
Limit: r < 4.6813 +/- 0.0828738 @ 95% credibility (15 tries)
Done in 0.07 min (cpu), 0.07 min (real)
Generate toy 203/250

 -- MarkovChainMC -- 
Limit: r < 4.14044 +/- 0.0576167 @ 95% credibility (15 tries)
Done in 0.09 min (cpu), 0.09 min (real)
Generate toy 204/250

 -- MarkovChainMC -- 
Limit: r < 2.3174 +/- 0.0271306 @ 95% credibility (15 tries)
Done in 0.08 min (cpu), 0.09 min (real)
Generate toy 205/250

 -- MarkovChainMC -- 
Limit: r < 2.45818 +/- 0.0334182 @ 95% credibility (15 tries)
Done in 0.07 min (cpu), 0.07 min (real)
Generate toy 206/250

 -- MarkovChainMC -- 
Limit: r < 1.89787 +/- 0.0171328 @ 95% credibility (15 tries)
Done in 0.12 min (cpu), 0.12 min (real)
Generate toy 207/250

 -- MarkovChainMC -- 
Limit: r < 6.45422 +/- 0.0694498 @ 95% credibility (15 tries)
Done in 0.09 min (cpu), 0.09 min (real)
Generate toy 208/250

 -- MarkovChainMC -- 
Limit: r < 7.38114 +/- 0.070775 @ 95% credibility (15 tries)
Done in 0.08 min (cpu), 0.08 min (real)
Generate toy 209/250

 -- MarkovChainMC -- 
Limit: r < 2.47199 +/- 0.0383919 @ 95% credibility (15 tries)
Done in 0.08 min (cpu), 0.09 min (real)
Generate toy 210/250

 -- MarkovChainMC -- 
Limit: r < 2.44096 +/- 0.0444209 @ 95% credibility (15 tries)
Done in 0.08 min (cpu), 0.08 min (real)
Generate toy 211/250

 -- MarkovChainMC -- 
Limit: r < 2.15075 +/- 0.0246291 @ 95% credibility (15 tries)
Done in 0.12 min (cpu), 0.12 min (real)
Generate toy 212/250

 -- MarkovChainMC -- 
Limit: r < 4.70604 +/- 0.0590645 @ 95% credibility (15 tries)
Done in 0.11 min (cpu), 0.11 min (real)
Generate toy 213/250

 -- MarkovChainMC -- 
Limit: r < 2.13368 +/- 0.0201978 @ 95% credibility (15 tries)
Done in 0.11 min (cpu), 0.11 min (real)
Generate toy 214/250

 -- MarkovChainMC -- 
Limit: r < 2.93164 +/- 0.0330167 @ 95% credibility (15 tries)
Done in 0.09 min (cpu), 0.10 min (real)
Generate toy 215/250

 -- MarkovChainMC -- 
Limit: r < 2.64194 +/- 0.0271723 @ 95% credibility (15 tries)
Done in 0.07 min (cpu), 0.07 min (real)
Generate toy 216/250

 -- MarkovChainMC -- 
Limit: r < 6.57853 +/- 0.0533162 @ 95% credibility (15 tries)
Done in 0.07 min (cpu), 0.07 min (real)
Generate toy 217/250

 -- MarkovChainMC -- 
Limit: r < 2.01937 +/- 0.0284406 @ 95% credibility (15 tries)
Done in 0.07 min (cpu), 0.07 min (real)
Generate toy 218/250

 -- MarkovChainMC -- 
Limit: r < 3.6875 +/- 0.0540398 @ 95% credibility (15 tries)
Done in 0.08 min (cpu), 0.08 min (real)
Generate toy 219/250

 -- MarkovChainMC -- 
Limit: r < 2.15162 +/- 0.040281 @ 95% credibility (15 tries)
Done in 0.09 min (cpu), 0.09 min (real)
Generate toy 220/250

 -- MarkovChainMC -- 
Limit: r < 4.63662 +/- 0.0839072 @ 95% credibility (15 tries)
Done in 0.11 min (cpu), 0.11 min (real)
Generate toy 221/250

 -- MarkovChainMC -- 
Limit: r < 2.21191 +/- 0.0337645 @ 95% credibility (15 tries)
Done in 0.07 min (cpu), 0.07 min (real)
Generate toy 222/250

 -- MarkovChainMC -- 
Limit: r < 3.43302 +/- 0.0557513 @ 95% credibility (15 tries)
Done in 0.09 min (cpu), 0.09 min (real)
Generate toy 223/250

 -- MarkovChainMC -- 
Limit: r < 2.46929 +/- 0.0196836 @ 95% credibility (15 tries)
Done in 0.07 min (cpu), 0.07 min (real)
Generate toy 224/250

 -- MarkovChainMC -- 
Limit: r < 2.39133 +/- 0.0327928 @ 95% credibility (15 tries)
Done in 0.09 min (cpu), 0.09 min (real)
Generate toy 225/250

 -- MarkovChainMC -- 
Limit: r < 2.63905 +/- 0.0239782 @ 95% credibility (15 tries)
Done in 0.10 min (cpu), 0.10 min (real)
Generate toy 226/250

 -- MarkovChainMC -- 
Limit: r < 1.43906 +/- 0.0177132 @ 95% credibility (15 tries)
Done in 0.10 min (cpu), 0.10 min (real)
Generate toy 227/250

 -- MarkovChainMC -- 
Limit: r < 3.48056 +/- 0.0296661 @ 95% credibility (15 tries)
Done in 0.11 min (cpu), 0.11 min (real)
Generate toy 228/250

 -- MarkovChainMC -- 
Limit: r < 4.04824 +/- 0.0601336 @ 95% credibility (15 tries)
Done in 0.10 min (cpu), 0.10 min (real)
Generate toy 229/250

 -- MarkovChainMC -- 
Limit: r < 2.53652 +/- 0.0396777 @ 95% credibility (15 tries)
Done in 0.08 min (cpu), 0.08 min (real)
Generate toy 230/250

 -- MarkovChainMC -- 
Limit: r < 2.81847 +/- 0.0443548 @ 95% credibility (15 tries)
Done in 0.11 min (cpu), 0.11 min (real)
Generate toy 231/250

 -- MarkovChainMC -- 
Limit: r < 2.9873 +/- 0.0262084 @ 95% credibility (15 tries)
Done in 0.11 min (cpu), 0.11 min (real)
Generate toy 232/250

 -- MarkovChainMC -- 
Limit: r < 2.62535 +/- 0.0400138 @ 95% credibility (15 tries)
Done in 0.11 min (cpu), 0.11 min (real)
Generate toy 233/250

 -- MarkovChainMC -- 
Limit: r < 3.55556 +/- 0.0650943 @ 95% credibility (15 tries)
Done in 0.08 min (cpu), 0.08 min (real)
Generate toy 234/250

 -- MarkovChainMC -- 
Limit: r < 4.23079 +/- 0.0813568 @ 95% credibility (15 tries)
Done in 0.07 min (cpu), 0.07 min (real)
Generate toy 235/250

 -- MarkovChainMC -- 
Limit: r < 3.0679 +/- 0.0408436 @ 95% credibility (15 tries)
Done in 0.07 min (cpu), 0.07 min (real)
Generate toy 236/250

 -- MarkovChainMC -- 
Limit: r < 4.7718 +/- 0.0430878 @ 95% credibility (15 tries)
Done in 0.11 min (cpu), 0.11 min (real)
Generate toy 237/250

 -- MarkovChainMC -- 
Limit: r < 3.54268 +/- 0.0502053 @ 95% credibility (15 tries)
Done in 0.09 min (cpu), 0.09 min (real)
Generate toy 238/250

 -- MarkovChainMC -- 
Limit: r < 4.14724 +/- 0.0853557 @ 95% credibility (15 tries)
Done in 0.07 min (cpu), 0.07 min (real)
Generate toy 239/250

 -- MarkovChainMC -- 
Limit: r < 2.92999 +/- 0.0252903 @ 95% credibility (15 tries)
Done in 0.09 min (cpu), 0.09 min (real)
Generate toy 240/250

 -- MarkovChainMC -- 
Limit: r < 3.96469 +/- 0.0425288 @ 95% credibility (15 tries)
Done in 0.07 min (cpu), 0.07 min (real)
Generate toy 241/250

 -- MarkovChainMC -- 
Limit: r < 2.0582 +/- 0.025117 @ 95% credibility (15 tries)
Done in 0.08 min (cpu), 0.08 min (real)
Generate toy 242/250

 -- MarkovChainMC -- 
Limit: r < 3.48245 +/- 0.0292452 @ 95% credibility (15 tries)
Done in 0.09 min (cpu), 0.09 min (real)
Generate toy 243/250

 -- MarkovChainMC -- 
Limit: r < 2.94792 +/- 0.0283576 @ 95% credibility (15 tries)
Done in 0.07 min (cpu), 0.07 min (real)
Generate toy 244/250

 -- MarkovChainMC -- 
Limit: r < 2.71503 +/- 0.0238548 @ 95% credibility (15 tries)
Done in 0.07 min (cpu), 0.07 min (real)
Generate toy 245/250

 -- MarkovChainMC -- 
Limit: r < 3.27237 +/- 0.0392794 @ 95% credibility (15 tries)
Done in 0.08 min (cpu), 0.08 min (real)
Generate toy 246/250

 -- MarkovChainMC -- 
Limit: r < 2.32877 +/- 0.0223485 @ 95% credibility (15 tries)
Done in 0.09 min (cpu), 0.09 min (real)
Generate toy 247/250

 -- MarkovChainMC -- 
Limit: r < 4.98142 +/- 0.0527812 @ 95% credibility (15 tries)
Done in 0.09 min (cpu), 0.09 min (real)
Generate toy 248/250

 -- MarkovChainMC -- 
Limit: r < 2.50793 +/- 0.0322161 @ 95% credibility (15 tries)
Done in 0.11 min (cpu), 0.11 min (real)
Generate toy 249/250

 -- MarkovChainMC -- 
Limit: r < 4.20684 +/- 0.0609522 @ 95% credibility (15 tries)
Done in 0.09 min (cpu), 0.09 min (real)
Generate toy 250/250

 -- MarkovChainMC -- 
Limit: r < 1.93479 +/- 0.0263991 @ 95% credibility (15 tries)
Done in 0.10 min (cpu), 0.10 min (real)
mean   expected limit: r < 3.28632 +/- 0.0825915 @ 95%CL (250 toyMC)
median expected limit: r < 2.98167 @ 95%CL (250 toyMC)
   68% expected band : 2.12663 < r < 4.48826
   95% expected band : 1.37352 < r < 6.6185
