 <<< Combine >>> 
 <<< v10.0.2 >>>
>>> Used OpenSSL to get a truly random seed 241937062
>>> Method used is MarkovChainMC
============================================================
Analyzing bin errors for: prop_binmuon22
Poisson cut-off: 10
Processes excluded for sums: Wprime2000
============================================================
Bin        Contents        Error           Notes                         
0          6052.081717     20.262811       total sum                     
0          6051.639763     20.262801       excluding marked processes    
0          89196.000000    298.656994      Unweighted events, alpha=0.067851
  => Total parameter prop_binmuon22_bin0[0.00,-7.00,7.00] to be Gaussian constrained
------------------------------------------------------------
1          2271.756793     14.934751       total sum                     
1          2271.162556     14.934734       excluding marked processes    
1          23126.000000    152.072351      Unweighted events, alpha=0.098234
  => Total parameter prop_binmuon22_bin1[0.00,-7.00,7.00] to be Gaussian constrained
------------------------------------------------------------
2          980.454926      6.845973        total sum                     
2          979.756424      6.845929        excluding marked processes    
2          20482.000000    143.115338      Unweighted events, alpha=0.047869
  => Total parameter prop_binmuon22_bin2[0.00,-7.00,7.00] to be Gaussian constrained
------------------------------------------------------------
3          483.805769      3.368622        total sum                     
3          482.954290      3.368514        excluding marked processes    
3          20556.000000    143.373638      Unweighted events, alpha=0.023536
  => Total parameter prop_binmuon22_bin3[0.00,-7.00,7.00] to be Gaussian constrained
------------------------------------------------------------
4          256.890787      2.727713        total sum                     
4          255.983423      2.727570        excluding marked processes    
4          8808.000000     93.850946       Unweighted events, alpha=0.029166
  => Total parameter prop_binmuon22_bin4[0.00,-7.00,7.00] to be Gaussian constrained
------------------------------------------------------------
5          148.121957      2.387608        total sum                     
5          147.033703      2.387412        excluding marked processes    
5          3793.000000     61.587336       Unweighted events, alpha=0.039051
  => Total parameter prop_binmuon22_bin5[0.00,-7.00,7.00] to be Gaussian constrained
------------------------------------------------------------
6          140.702014      1.800790        total sum                     
6          138.222704      1.800199        excluding marked processes    
6          5895.000000     76.778903       Unweighted events, alpha=0.023868
  => Total parameter prop_binmuon22_bin6[0.00,-7.00,7.00] to be Gaussian constrained
------------------------------------------------------------
7          55.898594       0.725011        total sum                     
7          52.927498       0.723246        excluding marked processes    
7          5355.000000     73.177866       Unweighted events, alpha=0.010439
  => Total parameter prop_binmuon22_bin7[0.00,-7.00,7.00] to be Gaussian constrained
------------------------------------------------------------
8          35.876683       0.510388        total sum                     
8          30.377420       0.505713        excluding marked processes    
8          3608.000000     60.066630       Unweighted events, alpha=0.009944
  => Total parameter prop_binmuon22_bin8[0.00,-7.00,7.00] to be Gaussian constrained
------------------------------------------------------------
9          17.952406       0.400402        total sum                     
9          10.638988       0.392474        excluding marked processes    
9          735.000000      27.110883       Unweighted events, alpha=0.024425
  => Total parameter prop_binmuon22_bin9[0.00,-7.00,7.00] to be Gaussian constrained
------------------------------------------------------------
10         6.712222        0.136470        total sum                     
10         4.417489        0.129008        excluding marked processes    
10         1173.000000     34.249088       Unweighted events, alpha=0.005722
  => Total parameter prop_binmuon22_bin10[0.00,-7.00,7.00] to be Gaussian constrained
------------------------------------------------------------
11         2.263165        0.516894        total sum                     
11         2.194774        0.516835        excluding marked processes    
11         18.000000       4.242641        Unweighted events, alpha=0.125731
  => Total parameter prop_binmuon22_bin11[0.00,-7.00,7.00] to be Gaussian constrained
------------------------------------------------------------
12         0.365621        0.042760        total sum                     
12         0.357151        0.042650        excluding marked processes    
12         70.000000       8.366600        Unweighted events, alpha=0.005223
  => Total parameter prop_binmuon22_bin12[0.00,-7.00,7.00] to be Gaussian constrained
------------------------------------------------------------
13         0.100653        0.012003        total sum                     
13         0.099598        0.011979        excluding marked processes    
13         69.000000       8.306624        Unweighted events, alpha=0.001459
  => Total parameter prop_binmuon22_bin13[0.00,-7.00,7.00] to be Gaussian constrained
------------------------------------------------------------
14         0.020319        0.009972        total sum                     
14         0.019030        0.009889        excluding marked processes    
14         4.000000        2.000000        Unweighted events, alpha=0.005080
  => Number of weighted events is below Poisson threshold
    Wprime2000           0.001289        0.001289                                      
                         1.000000        1.000000        Unweighted events, alpha=0.001289
      => Product of prop_binmuon22_bin14_Wprime2000[1.00,0.00,30.85] and const [1.0000] to be Poisson constrained
  ----------------------------------------------------------
    W_boson              0.004906        0.000034                                      
                         21059.000000    145.117194      Unweighted events, alpha=0.000000
      => Parameter prop_binmuon22_bin14_W_boson[0.00,-7.00,7.00] to be Gaussian constrained
  ----------------------------------------------------------
    Top                  0.000000        0.000000                                      
      => Error is zero, ignore      
  ----------------------------------------------------------
    Z_boson              0.000091        0.000026                                      
                         12.000000       3.464102        Unweighted events, alpha=0.000008
      => Parameter prop_binmuon22_bin14_Z_boson[0.00,-7.00,7.00] to be Gaussian constrained
  ----------------------------------------------------------
    DiBoson              0.000000        0.000000                                      
      => Error is zero, ignore      
  ----------------------------------------------------------
    QCD                  0.014034        0.009889                                      
                         2.000000        1.414214        Unweighted events, alpha=0.007017
      => Product of prop_binmuon22_bin14_QCD[2.00,0.00,33.79] and const [0.5000] to be Poisson constrained
  ----------------------------------------------------------
------------------------------------------------------------
15         0.022430        0.016855        total sum                     
15         0.022430        0.016855        excluding marked processes    
15         2.000000        1.414214        Unweighted events, alpha=0.011215
  => Number of weighted events is below Poisson threshold
    Wprime2000           0.000000        0.000000                                      
      => Error is zero, ignore      
  ----------------------------------------------------------
    W_boson              0.001056        0.000053                                      
                         400.000000      20.000000       Unweighted events, alpha=0.000003
      => Parameter prop_binmuon22_bin15_W_boson[0.00,-7.00,7.00] to be Gaussian constrained
  ----------------------------------------------------------
    Top                  0.000000        0.000000                                      
      => Error is zero, ignore      
  ----------------------------------------------------------
    Z_boson              0.000010        0.000000                                      
                         640.000000      25.298221       Unweighted events, alpha=0.000000
      => Parameter prop_binmuon22_bin15_Z_boson[0.00,-7.00,7.00] to be Gaussian constrained
  ----------------------------------------------------------
    DiBoson              0.000000        0.000000                                      
      => Error is zero, ignore      
  ----------------------------------------------------------
    QCD                  0.021365        0.016855                                      
                         2.000000        1.414214        Unweighted events, alpha=0.010682
      => Product of prop_binmuon22_bin15_QCD[2.00,0.00,33.79] and const [0.5000] to be Poisson constrained
  ----------------------------------------------------------
------------------------------------------------------------
16         0.018992        0.013284        total sum                     
16         0.018992        0.013284        excluding marked processes    
16         2.000000        1.414214        Unweighted events, alpha=0.009496
  => Number of weighted events is below Poisson threshold
    Wprime2000           0.000000        0.000000                                      
      => Error is zero, ignore      
  ----------------------------------------------------------
    W_boson              0.000282        0.000007                                      
                         1743.000000     41.749251       Unweighted events, alpha=0.000000
      => Parameter prop_binmuon22_bin16_W_boson[0.00,-7.00,7.00] to be Gaussian constrained
  ----------------------------------------------------------
    Top                  0.000000        0.000000                                      
      => Error is zero, ignore      
  ----------------------------------------------------------
    Z_boson              0.000008        0.000005                                      
                         3.000000        1.732051        Unweighted events, alpha=0.000003
      => Product of prop_binmuon22_bin16_Z_boson[3.00,0.00,36.46] and const [0.3333] to be Poisson constrained
  ----------------------------------------------------------
    DiBoson              0.000000        0.000000                                      
      => Error is zero, ignore      
  ----------------------------------------------------------
    QCD                  0.018702        0.013284                                      
                         2.000000        1.414214        Unweighted events, alpha=0.009351
      => Product of prop_binmuon22_bin16_QCD[2.00,0.00,33.79] and const [0.5000] to be Poisson constrained
  ----------------------------------------------------------
------------------------------------------------------------
============================================================
Analyzing bin errors for: prop_binmuon23
Poisson cut-off: 10
Processes excluded for sums: Wprime2000
============================================================
Bin        Contents        Error           Notes                         
0          4672.820554     26.906401       total sum                     
0          4672.429169     26.906397       excluding marked processes    
0          30156.000000    173.654830      Unweighted events, alpha=0.154955
  => Total parameter prop_binmuon23_bin0[0.00,-7.00,7.00] to be Gaussian constrained
------------------------------------------------------------
1          1751.671042     9.712298        total sum                     
1          1751.198881     9.712286        excluding marked processes    
1          32511.000000    180.308070      Unweighted events, alpha=0.053879
  => Total parameter prop_binmuon23_bin1[0.00,-7.00,7.00] to be Gaussian constrained
------------------------------------------------------------
2          767.068731      6.436049        total sum                     
2          766.500740      6.436027        excluding marked processes    
2          14184.000000    119.096599      Unweighted events, alpha=0.054080
  => Total parameter prop_binmuon23_bin2[0.00,-7.00,7.00] to be Gaussian constrained
------------------------------------------------------------
3          385.305504      5.590727        total sum                     
3          384.648848      5.590699        excluding marked processes    
3          4734.000000     68.804070       Unweighted events, alpha=0.081391
  => Total parameter prop_binmuon23_bin3[0.00,-7.00,7.00] to be Gaussian constrained
------------------------------------------------------------
4          203.646026      4.566085        total sum                     
4          202.927435      4.566047        excluding marked processes    
4          1975.000000     44.440972       Unweighted events, alpha=0.103112
  => Total parameter prop_binmuon23_bin4[0.00,-7.00,7.00] to be Gaussian constrained
------------------------------------------------------------
5          120.595311      3.823799        total sum                     
5          119.742389      3.823743        excluding marked processes    
5          981.000000      31.320920       Unweighted events, alpha=0.122931
  => Total parameter prop_binmuon23_bin5[0.00,-7.00,7.00] to be Gaussian constrained
------------------------------------------------------------
6          117.003853      3.918810        total sum                     
6          114.988932      3.918681        excluding marked processes    
6          861.000000      29.342802       Unweighted events, alpha=0.135893
  => Total parameter prop_binmuon23_bin6[0.00,-7.00,7.00] to be Gaussian constrained
------------------------------------------------------------
7          44.520971       0.689314        total sum                     
7          42.109119       0.688437        excluding marked processes    
7          3741.000000     61.163715       Unweighted events, alpha=0.011901
  => Total parameter prop_binmuon23_bin7[0.00,-7.00,7.00] to be Gaussian constrained
------------------------------------------------------------
8          29.162799       0.661892        total sum                     
8          24.668616       0.660199        excluding marked processes    
8          1396.000000     37.363083       Unweighted events, alpha=0.020890
  => Total parameter prop_binmuon23_bin8[0.00,-7.00,7.00] to be Gaussian constrained
------------------------------------------------------------
9          14.425415       0.401327        total sum                     
9          8.555325        0.397692        excluding marked processes    
9          463.000000      21.517435       Unweighted events, alpha=0.031156
  => Total parameter prop_binmuon23_bin9[0.00,-7.00,7.00] to be Gaussian constrained
------------------------------------------------------------
10         5.518077        0.259305        total sum                     
10         3.676615        0.257530        excluding marked processes    
10         204.000000      14.282857       Unweighted events, alpha=0.027049
  => Total parameter prop_binmuon23_bin10[0.00,-7.00,7.00] to be Gaussian constrained
------------------------------------------------------------
11         1.449838        0.180291        total sum                     
11         1.392961        0.180214        excluding marked processes    
11         60.000000       7.745967        Unweighted events, alpha=0.024164
  => Total parameter prop_binmuon23_bin11[0.00,-7.00,7.00] to be Gaussian constrained
------------------------------------------------------------
12         0.566933        0.289675        total sum                     
12         0.562776        0.289671        excluding marked processes    
12         4.000000        2.000000        Unweighted events, alpha=0.141733
  => Number of weighted events is below Poisson threshold
    Wprime2000           0.004157        0.001405                                      
                         9.000000        3.000000        Unweighted events, alpha=0.000462
      => Product of prop_binmuon23_bin12_Wprime2000[9.00,0.20,49.98] and const [0.1111] to be Poisson constrained
  ----------------------------------------------------------
    W_boson              0.219114        0.001133                                      
                         37380.000000    193.339080      Unweighted events, alpha=0.000006
      => Parameter prop_binmuon23_bin12_W_boson[0.00,-7.00,7.00] to be Gaussian constrained
  ----------------------------------------------------------
    Top                  0.000000        0.000000                                      
      => Error is zero, ignore      
  ----------------------------------------------------------
    Z_boson              0.003818        0.000093                                      
                         1695.000000     41.170378       Unweighted events, alpha=0.000002
      => Parameter prop_binmuon23_bin12_Z_boson[0.00,-7.00,7.00] to be Gaussian constrained
  ----------------------------------------------------------
    DiBoson              0.288910        0.288561                                      
                         1.000000        1.000000        Unweighted events, alpha=0.288910
      => Product of prop_binmuon23_bin12_DiBoson[1.00,0.00,30.85] and const [1.0000] to be Poisson constrained
  ----------------------------------------------------------
    QCD                  0.050935        0.025308                                      
                         4.000000        2.000000        Unweighted events, alpha=0.012734
      => Product of prop_binmuon23_bin12_QCD[4.00,0.00,38.96] and const [0.2500] to be Poisson constrained
  ----------------------------------------------------------
------------------------------------------------------------
13         0.084570        0.006382        total sum                     
13         0.083727        0.006353        excluding marked processes    
13         174.000000      13.190906       Unweighted events, alpha=0.000486
  => Total parameter prop_binmuon23_bin13[0.00,-7.00,7.00] to be Gaussian constrained
------------------------------------------------------------
14         0.005107        0.001132        total sum                     
14         0.005107        0.001132        excluding marked processes    
14         20.000000       4.472136        Unweighted events, alpha=0.000255
  => Total parameter prop_binmuon23_bin14[0.00,-7.00,7.00] to be Gaussian constrained
------------------------------------------------------------
15         0.000837        0.000017        total sum                     
15         0.000837        0.000017        excluding marked processes    
15         2307.000000     48.031240       Unweighted events, alpha=0.000000
  => Total parameter prop_binmuon23_bin15[0.00,-7.00,7.00] to be Gaussian constrained
------------------------------------------------------------
Channel muon22 will use autoMCStats with settings: event-threshold=10, include-signal=0, hist-mode=1
Channel muon23 will use autoMCStats with settings: event-threshold=10, include-signal=0, hist-mode=1

 -- MarkovChainMC -- 
Limit: r < 1.06352 +/- 0.00225755 @ 95% credibility (300 tries)
Done in 4.36 min (cpu), 4.41 min (real)
