 <<< Combine >>> 
 <<< v10.0.2 >>>
>>> Used OpenSSL to get a truly random seed -1615301205
>>> Method used is MarkovChainMC
============================================================
Analyzing bin errors for: prop_binmuon22
Poisson cut-off: 10
Processes excluded for sums: Wprime6600
============================================================
Bin        Contents        Error           Notes                         
0          6053.100177     20.262832       total sum                     
0          6051.639763     20.262801       excluding marked processes    
0          89196.000000    298.656994      Unweighted events, alpha=0.067863
  => Total parameter prop_binmuon22_bin0[0.00,-7.00,7.00] to be Gaussian constrained
------------------------------------------------------------
1          2272.448395     14.934771       total sum                     
1          2271.162556     14.934734       excluding marked processes    
1          23126.000000    152.072351      Unweighted events, alpha=0.098264
  => Total parameter prop_binmuon22_bin1[0.00,-7.00,7.00] to be Gaussian constrained
------------------------------------------------------------
2          980.913670      6.845999        total sum                     
2          979.756424      6.845929        excluding marked processes    
2          20482.000000    143.115338      Unweighted events, alpha=0.047891
  => Total parameter prop_binmuon22_bin2[0.00,-7.00,7.00] to be Gaussian constrained
------------------------------------------------------------
3          483.958970      3.368638        total sum                     
3          482.954290      3.368514        excluding marked processes    
3          20556.000000    143.373638      Unweighted events, alpha=0.023543
  => Total parameter prop_binmuon22_bin3[0.00,-7.00,7.00] to be Gaussian constrained
------------------------------------------------------------
4          256.895366      2.727711        total sum                     
4          255.983423      2.727570        excluding marked processes    
4          8808.000000     93.850946       Unweighted events, alpha=0.029166
  => Total parameter prop_binmuon22_bin4[0.00,-7.00,7.00] to be Gaussian constrained
------------------------------------------------------------
5          147.794336      2.387547        total sum                     
5          147.033703      2.387412        excluding marked processes    
5          3793.000000     61.587336       Unweighted events, alpha=0.038965
  => Total parameter prop_binmuon22_bin5[0.00,-7.00,7.00] to be Gaussian constrained
------------------------------------------------------------
6          139.520180      1.800501        total sum                     
6          138.222704      1.800199        excluding marked processes    
6          5895.000000     76.778903       Unweighted events, alpha=0.023668
  => Total parameter prop_binmuon22_bin6[0.00,-7.00,7.00] to be Gaussian constrained
------------------------------------------------------------
7          53.962686       0.723839        total sum                     
7          52.927498       0.723246        excluding marked processes    
7          5355.000000     73.177866       Unweighted events, alpha=0.010077
  => Total parameter prop_binmuon22_bin7[0.00,-7.00,7.00] to be Gaussian constrained
------------------------------------------------------------
8          31.620754       0.506736        total sum                     
8          30.377420       0.505713        excluding marked processes    
8          3608.000000     60.066630       Unweighted events, alpha=0.008764
  => Total parameter prop_binmuon22_bin8[0.00,-7.00,7.00] to be Gaussian constrained
------------------------------------------------------------
9          11.491380       0.393377        total sum                     
9          10.638988       0.392474        excluding marked processes    
9          735.000000      27.110883       Unweighted events, alpha=0.015635
  => Total parameter prop_binmuon22_bin9[0.00,-7.00,7.00] to be Gaussian constrained
------------------------------------------------------------
10         5.294115        0.131818        total sum                     
10         4.417489        0.129008        excluding marked processes    
10         1173.000000     34.249088       Unweighted events, alpha=0.004513
  => Total parameter prop_binmuon22_bin10[0.00,-7.00,7.00] to be Gaussian constrained
------------------------------------------------------------
11         3.088151        0.517557        total sum                     
11         2.194774        0.516835        excluding marked processes    
11         18.000000       4.242641        Unweighted events, alpha=0.171564
  => Total parameter prop_binmuon22_bin11[0.00,-7.00,7.00] to be Gaussian constrained
------------------------------------------------------------
12         1.118095        0.049554        total sum                     
12         0.357151        0.042650        excluding marked processes    
12         70.000000       8.366600        Unweighted events, alpha=0.015973
  => Total parameter prop_binmuon22_bin12[0.00,-7.00,7.00] to be Gaussian constrained
------------------------------------------------------------
13         1.779540        0.039697        total sum                     
13         0.099598        0.011979        excluding marked processes    
13         69.000000       8.306624        Unweighted events, alpha=0.025790
  => Total parameter prop_binmuon22_bin13[0.00,-7.00,7.00] to be Gaussian constrained
------------------------------------------------------------
14         1.377236        0.035378        total sum                     
14         0.019030        0.009889        excluding marked processes    
14         4.000000        2.000000        Unweighted events, alpha=0.344309
  => Number of weighted events is below Poisson threshold
    Wprime6600           1.358207        0.033968                                      
                         1599.000000     39.987498       Unweighted events, alpha=0.000849
      => Parameter prop_binmuon22_bin14_Wprime6600[0.00,-7.00,7.00] to be Gaussian constrained
  ----------------------------------------------------------
    W_boson              0.004906        0.000034                                      
                         21059.000000    145.117194      Unweighted events, alpha=0.000000
      => Parameter prop_binmuon22_bin14_W_boson[0.00,-7.00,7.00] to be Gaussian constrained
  ----------------------------------------------------------
    Top                  0.000000        0.000000                                      
      => Error is zero, ignore      
  ----------------------------------------------------------
    Z_boson              0.000091        0.000026                                      
                         12.000000       3.464102        Unweighted events, alpha=0.000008
      => Parameter prop_binmuon22_bin14_Z_boson[0.00,-7.00,7.00] to be Gaussian constrained
  ----------------------------------------------------------
    DiBoson              0.000000        0.000000                                      
      => Error is zero, ignore      
  ----------------------------------------------------------
    QCD                  0.014034        0.009889                                      
                         2.000000        1.414214        Unweighted events, alpha=0.007017
      => Product of prop_binmuon22_bin14_QCD[2.00,0.00,33.79] and const [0.5000] to be Poisson constrained
  ----------------------------------------------------------
------------------------------------------------------------
15         1.150449        0.034991        total sum                     
15         0.022430        0.016855        excluding marked processes    
15         2.000000        1.414214        Unweighted events, alpha=0.575225
  => Number of weighted events is below Poisson threshold
    Wprime6600           1.128019        0.030664                                      
                         1353.000000     36.783148       Unweighted events, alpha=0.000834
      => Parameter prop_binmuon22_bin15_Wprime6600[0.00,-7.00,7.00] to be Gaussian constrained
  ----------------------------------------------------------
    W_boson              0.001056        0.000053                                      
                         400.000000      20.000000       Unweighted events, alpha=0.000003
      => Parameter prop_binmuon22_bin15_W_boson[0.00,-7.00,7.00] to be Gaussian constrained
  ----------------------------------------------------------
    Top                  0.000000        0.000000                                      
      => Error is zero, ignore      
  ----------------------------------------------------------
    Z_boson              0.000010        0.000000                                      
                         640.000000      25.298221       Unweighted events, alpha=0.000000
      => Parameter prop_binmuon22_bin15_Z_boson[0.00,-7.00,7.00] to be Gaussian constrained
  ----------------------------------------------------------
    DiBoson              0.000000        0.000000                                      
      => Error is zero, ignore      
  ----------------------------------------------------------
    QCD                  0.021365        0.016855                                      
                         2.000000        1.414214        Unweighted events, alpha=0.010682
      => Product of prop_binmuon22_bin15_QCD[2.00,0.00,33.79] and const [0.5000] to be Poisson constrained
  ----------------------------------------------------------
------------------------------------------------------------
16         0.207360        0.018229        total sum                     
16         0.018992        0.013284        excluding marked processes    
16         2.000000        1.414214        Unweighted events, alpha=0.103680
  => Number of weighted events is below Poisson threshold
    Wprime6600           0.188368        0.012483                                      
                         228.000000      15.099669       Unweighted events, alpha=0.000826
      => Parameter prop_binmuon22_bin16_Wprime6600[0.00,-7.00,7.00] to be Gaussian constrained
  ----------------------------------------------------------
    W_boson              0.000282        0.000007                                      
                         1743.000000     41.749251       Unweighted events, alpha=0.000000
      => Parameter prop_binmuon22_bin16_W_boson[0.00,-7.00,7.00] to be Gaussian constrained
  ----------------------------------------------------------
    Top                  0.000000        0.000000                                      
      => Error is zero, ignore      
  ----------------------------------------------------------
    Z_boson              0.000008        0.000005                                      
                         3.000000        1.732051        Unweighted events, alpha=0.000003
      => Product of prop_binmuon22_bin16_Z_boson[3.00,0.00,36.46] and const [0.3333] to be Poisson constrained
  ----------------------------------------------------------
    DiBoson              0.000000        0.000000                                      
      => Error is zero, ignore      
  ----------------------------------------------------------
    QCD                  0.018702        0.013284                                      
                         2.000000        1.414214        Unweighted events, alpha=0.009351
      => Product of prop_binmuon22_bin16_QCD[2.00,0.00,33.79] and const [0.5000] to be Poisson constrained
  ----------------------------------------------------------
------------------------------------------------------------
============================================================
Analyzing bin errors for: prop_binmuon23
Poisson cut-off: 10
Processes excluded for sums: Wprime6600
============================================================
Bin        Contents        Error           Notes                         
0          4673.598741     26.906408       total sum                     
0          4672.429169     26.906397       excluding marked processes    
0          30156.000000    173.654830      Unweighted events, alpha=0.154981
  => Total parameter prop_binmuon23_bin0[0.00,-7.00,7.00] to be Gaussian constrained
------------------------------------------------------------
1          1752.244428     9.712313        total sum                     
1          1751.198881     9.712286        excluding marked processes    
1          32511.000000    180.308070      Unweighted events, alpha=0.053897
  => Total parameter prop_binmuon23_bin1[0.00,-7.00,7.00] to be Gaussian constrained
------------------------------------------------------------
2          767.418543      6.436062        total sum                     
2          766.500740      6.436027        excluding marked processes    
2          14184.000000    119.096599      Unweighted events, alpha=0.054105
  => Total parameter prop_binmuon23_bin2[0.00,-7.00,7.00] to be Gaussian constrained
------------------------------------------------------------
3          385.468173      5.590735        total sum                     
3          384.648848      5.590699        excluding marked processes    
3          4734.000000     68.804070       Unweighted events, alpha=0.081425
  => Total parameter prop_binmuon23_bin3[0.00,-7.00,7.00] to be Gaussian constrained
------------------------------------------------------------
4          203.635510      4.566086        total sum                     
4          202.927435      4.566047        excluding marked processes    
4          1975.000000     44.440972       Unweighted events, alpha=0.103107
  => Total parameter prop_binmuon23_bin4[0.00,-7.00,7.00] to be Gaussian constrained
------------------------------------------------------------
5          120.371164      3.823784        total sum                     
5          119.742389      3.823743        excluding marked processes    
5          981.000000      31.320920       Unweighted events, alpha=0.122703
  => Total parameter prop_binmuon23_bin5[0.00,-7.00,7.00] to be Gaussian constrained
------------------------------------------------------------
6          116.021301      3.918747        total sum                     
6          114.988932      3.918681        excluding marked processes    
6          861.000000      29.342802       Unweighted events, alpha=0.134752
  => Total parameter prop_binmuon23_bin6[0.00,-7.00,7.00] to be Gaussian constrained
------------------------------------------------------------
7          42.942850       0.688741        total sum                     
7          42.109119       0.688437        excluding marked processes    
7          3741.000000     61.163715       Unweighted events, alpha=0.011479
  => Total parameter prop_binmuon23_bin7[0.00,-7.00,7.00] to be Gaussian constrained
------------------------------------------------------------
8          25.636227       0.660567        total sum                     
8          24.668616       0.660199        excluding marked processes    
8          1396.000000     37.363083       Unweighted events, alpha=0.018364
  => Total parameter prop_binmuon23_bin8[0.00,-7.00,7.00] to be Gaussian constrained
------------------------------------------------------------
9          9.264251        0.398143        total sum                     
9          8.555325        0.397692        excluding marked processes    
9          463.000000      21.517435       Unweighted events, alpha=0.020009
  => Total parameter prop_binmuon23_bin9[0.00,-7.00,7.00] to be Gaussian constrained
------------------------------------------------------------
10         4.367258        0.258201        total sum                     
10         3.676615        0.257530        excluding marked processes    
10         204.000000      14.282857       Unweighted events, alpha=0.021408
  => Total parameter prop_binmuon23_bin10[0.00,-7.00,7.00] to be Gaussian constrained
------------------------------------------------------------
11         2.152146        0.181264        total sum                     
11         1.392961        0.180214        excluding marked processes    
11         60.000000       7.745967        Unweighted events, alpha=0.035869
  => Total parameter prop_binmuon23_bin11[0.00,-7.00,7.00] to be Gaussian constrained
------------------------------------------------------------
12         1.182174        0.290208        total sum                     
12         0.562776        0.289671        excluding marked processes    
12         4.000000        2.000000        Unweighted events, alpha=0.295544
  => Number of weighted events is below Poisson threshold
    Wprime6600           0.619398        0.017648                                      
                         1232.000000     35.099858       Unweighted events, alpha=0.000503
      => Parameter prop_binmuon23_bin12_Wprime6600[0.00,-7.00,7.00] to be Gaussian constrained
  ----------------------------------------------------------
    W_boson              0.219114        0.001133                                      
                         37380.000000    193.339080      Unweighted events, alpha=0.000006
      => Parameter prop_binmuon23_bin12_W_boson[0.00,-7.00,7.00] to be Gaussian constrained
  ----------------------------------------------------------
    Top                  0.000000        0.000000                                      
      => Error is zero, ignore      
  ----------------------------------------------------------
    Z_boson              0.003818        0.000093                                      
                         1695.000000     41.170378       Unweighted events, alpha=0.000002
      => Parameter prop_binmuon23_bin12_Z_boson[0.00,-7.00,7.00] to be Gaussian constrained
  ----------------------------------------------------------
    DiBoson              0.288910        0.288561                                      
                         1.000000        1.000000        Unweighted events, alpha=0.288910
      => Product of prop_binmuon23_bin12_DiBoson[1.00,0.00,30.85] and const [1.0000] to be Poisson constrained
  ----------------------------------------------------------
    QCD                  0.050935        0.025308                                      
                         4.000000        2.000000        Unweighted events, alpha=0.012734
      => Product of prop_binmuon23_bin12_QCD[4.00,0.00,38.96] and const [0.2500] to be Poisson constrained
  ----------------------------------------------------------
------------------------------------------------------------
13         1.452341        0.027033        total sum                     
13         0.083727        0.006353        excluding marked processes    
13         174.000000      13.190906       Unweighted events, alpha=0.008347
  => Total parameter prop_binmuon23_bin13[0.00,-7.00,7.00] to be Gaussian constrained
------------------------------------------------------------
14         1.156703        0.023949        total sum                     
14         0.005107        0.001132        excluding marked processes    
14         20.000000       4.472136        Unweighted events, alpha=0.057835
  => Total parameter prop_binmuon23_bin14[0.00,-7.00,7.00] to be Gaussian constrained
------------------------------------------------------------
15         0.883748        0.020811        total sum                     
15         0.000837        0.000017        excluding marked processes    
15         2307.000000     48.031240       Unweighted events, alpha=0.000383
  => Total parameter prop_binmuon23_bin15[0.00,-7.00,7.00] to be Gaussian constrained
------------------------------------------------------------
Channel muon22 will use autoMCStats with settings: event-threshold=10, include-signal=0, hist-mode=1
Channel muon23 will use autoMCStats with settings: event-threshold=10, include-signal=0, hist-mode=1

 -- MarkovChainMC -- 
Limit: r < 0.981252 +/- 0.00337745 @ 95% credibility (300 tries)
Done in 3.70 min (cpu), 3.73 min (real)
