 <<< Combine >>> 
 <<< v10.0.2 >>>
>>> Used OpenSSL to get a truly random seed -1609303116
>>> Method used is MarkovChainMC
============================================================
Analyzing bin errors for: prop_binmuon_channel
Poisson cut-off: 10
Processes excluded for sums: Wprime4600
============================================================
Bin        Contents        Error           Notes                         
0          97928.031787    143.452449      total sum                     
0          97927.088379    143.452446      excluding marked processes    
0          466004.000000   682.644856      Unweighted events, alpha=0.210144
  => Total parameter prop_binmuon_channel_bin0[0.00,-7.00,7.00] to be Gaussian constrained
------------------------------------------------------------
1          18599.320375    43.287003       total sum                     
1          18598.441742    43.286995       excluding marked processes    
1          184603.000000   429.654512      Unweighted events, alpha=0.100753
  => Total parameter prop_binmuon_channel_bin1[0.00,-7.00,7.00] to be Gaussian constrained
------------------------------------------------------------
2          5510.038997     14.282159       total sum                     
2          5509.226654     14.282136       excluding marked processes    
2          148797.000000   385.742142      Unweighted events, alpha=0.037031
  => Total parameter prop_binmuon_channel_bin2[0.00,-7.00,7.00] to be Gaussian constrained
------------------------------------------------------------
3          2098.387707     7.598931        total sum                     
3          2097.630645     7.598890        excluding marked processes    
3          76200.000000    276.043475      Unweighted events, alpha=0.027538
  => Total parameter prop_binmuon_channel_bin3[0.00,-7.00,7.00] to be Gaussian constrained
------------------------------------------------------------
4          925.516240      4.385924        total sum                     
4          924.879395      4.385865        excluding marked processes    
4          44469.000000    210.876741      Unweighted events, alpha=0.020813
  => Total parameter prop_binmuon_channel_bin4[0.00,-7.00,7.00] to be Gaussian constrained
------------------------------------------------------------
5          462.693829      3.203170        total sum                     
5          462.072406      3.203089        excluding marked processes    
5          20810.000000    144.256716      Unweighted events, alpha=0.022234
  => Total parameter prop_binmuon_channel_bin5[0.00,-7.00,7.00] to be Gaussian constrained
------------------------------------------------------------
6          246.117090      2.241611        total sum                     
6          245.522577      2.241485        excluding marked processes    
6          11998.000000    109.535382      Unweighted events, alpha=0.020513
  => Total parameter prop_binmuon_channel_bin6[0.00,-7.00,7.00] to be Gaussian constrained
------------------------------------------------------------
7          140.830412      1.752864        total sum                     
7          140.272143      1.752732        excluding marked processes    
7          6405.000000     80.031244       Unweighted events, alpha=0.021988
  => Total parameter prop_binmuon_channel_bin7[0.00,-7.00,7.00] to be Gaussian constrained
------------------------------------------------------------
8          83.961244       1.563537        total sum                     
8          83.503330       1.563419        excluding marked processes    
8          2853.000000     53.413481       Unweighted events, alpha=0.029429
  => Total parameter prop_binmuon_channel_bin8[0.00,-7.00,7.00] to be Gaussian constrained
------------------------------------------------------------
9          52.349375       0.794927        total sum                     
9          51.894250       0.794687        excluding marked processes    
9          4264.000000     65.299311       Unweighted events, alpha=0.012277
  => Total parameter prop_binmuon_channel_bin9[0.00,-7.00,7.00] to be Gaussian constrained
------------------------------------------------------------
10         31.637631       0.466653        total sum                     
10         31.175586       0.466234        excluding marked processes    
10         4471.000000     66.865537       Unweighted events, alpha=0.007076
  => Total parameter prop_binmuon_channel_bin10[0.00,-7.00,7.00] to be Gaussian constrained
------------------------------------------------------------
11         21.790765       0.554223        total sum                     
11         21.386719       0.553915        excluding marked processes    
11         1491.000000     38.613469       Unweighted events, alpha=0.014615
  => Total parameter prop_binmuon_channel_bin11[0.00,-7.00,7.00] to be Gaussian constrained
------------------------------------------------------------
12         14.160409       0.234796        total sum                     
12         13.733996       0.234017        excluding marked processes    
12         3444.000000     58.685603       Unweighted events, alpha=0.004112
  => Total parameter prop_binmuon_channel_bin12[0.00,-7.00,7.00] to be Gaussian constrained
------------------------------------------------------------
13         9.794826        0.294944        total sum                     
13         9.453906        0.294480        excluding marked processes    
13         1031.000000     32.109189       Unweighted events, alpha=0.009500
  => Total parameter prop_binmuon_channel_bin13[0.00,-7.00,7.00] to be Gaussian constrained
------------------------------------------------------------
14         7.349559        0.340387        total sum                     
14         6.995942        0.339959        excluding marked processes    
14         423.000000      20.566964       Unweighted events, alpha=0.017375
  => Total parameter prop_binmuon_channel_bin14[0.00,-7.00,7.00] to be Gaussian constrained
------------------------------------------------------------
15         4.979905        0.253561        total sum                     
15         4.638036        0.253018        excluding marked processes    
15         336.000000      18.330303       Unweighted events, alpha=0.014821
  => Total parameter prop_binmuon_channel_bin15[0.00,-7.00,7.00] to be Gaussian constrained
------------------------------------------------------------
16         3.765165        0.257585        total sum                     
16         3.426361        0.257057        excluding marked processes    
16         178.000000      13.341664       Unweighted events, alpha=0.021153
  => Total parameter prop_binmuon_channel_bin16[0.00,-7.00,7.00] to be Gaussian constrained
------------------------------------------------------------
17         2.858980        0.154287        total sum                     
17         2.519276        0.153400        excluding marked processes    
17         270.000000      16.431677       Unweighted events, alpha=0.010589
  => Total parameter prop_binmuon_channel_bin17[0.00,-7.00,7.00] to be Gaussian constrained
------------------------------------------------------------
18         1.913130        0.050437        total sum                     
18         1.565059        0.047566        excluding marked processes    
18         1083.000000     32.908965       Unweighted events, alpha=0.001767
  => Total parameter prop_binmuon_channel_bin18[0.00,-7.00,7.00] to be Gaussian constrained
------------------------------------------------------------
19         1.655854        0.095440        total sum                     
19         1.306537        0.093879        excluding marked processes    
19         194.000000      13.928388       Unweighted events, alpha=0.008535
  => Total parameter prop_binmuon_channel_bin19[0.00,-7.00,7.00] to be Gaussian constrained
------------------------------------------------------------
20         1.206664        0.044077        total sum                     
20         0.820368        0.040194        excluding marked processes    
20         417.000000      20.420578       Unweighted events, alpha=0.002894
  => Total parameter prop_binmuon_channel_bin20[0.00,-7.00,7.00] to be Gaussian constrained
------------------------------------------------------------
21         0.997369        0.048506        total sum                     
21         0.659491        0.045577        excluding marked processes    
21         209.000000      14.456832       Unweighted events, alpha=0.004772
  => Total parameter prop_binmuon_channel_bin21[0.00,-7.00,7.00] to be Gaussian constrained
------------------------------------------------------------
22         1.100654        0.213260        total sum                     
22         0.709608        0.212472        excluding marked processes    
22         11.000000       3.316625        Unweighted events, alpha=0.100059
  => Total parameter prop_binmuon_channel_bin22[0.00,-7.00,7.00] to be Gaussian constrained
------------------------------------------------------------
23         0.681817        0.020702        total sum                     
23         0.323697        0.011903        excluding marked processes    
23         740.000000      27.202941       Unweighted events, alpha=0.000921
  => Total parameter prop_binmuon_channel_bin23[0.00,-7.00,7.00] to be Gaussian constrained
------------------------------------------------------------
24         1.130498        0.471978        total sum                     
24         0.724312        0.471632        excluding marked processes    
24         2.000000        1.414214        Unweighted events, alpha=0.565249
  => Number of weighted events is below Poisson threshold
    Wprime4600           0.406186        0.018052                                      
                         506.000000      22.494444       Unweighted events, alpha=0.000803
      => Parameter prop_binmuon_channel_bin24_Wprime4600[0.00,-7.00,7.00] to be Gaussian constrained
  ----------------------------------------------------------
    W_boson              0.237965        0.001645                                      
                         20918.000000    144.630564      Unweighted events, alpha=0.000011
      => Parameter prop_binmuon_channel_bin24_W_boson[0.00,-7.00,7.00] to be Gaussian constrained
  ----------------------------------------------------------
    Top                  0.000000        0.000000                                      
      => Error is zero, ignore      
  ----------------------------------------------------------
    Z_boson              0.003903        0.000121                                      
                         1043.000000     32.295511       Unweighted events, alpha=0.000004
      => Parameter prop_binmuon_channel_bin24_Z_boson[0.00,-7.00,7.00] to be Gaussian constrained
  ----------------------------------------------------------
    DiBoson              0.000000        0.000644                                      
      => Poisson not viable, prop_binmuon_channel_bin24_DiBoson[0.00,-7.00,7.00] to be Gaussian constrained
  ----------------------------------------------------------
    QCD                  0.482445        0.471629                                      
                         1.000000        1.000000        Unweighted events, alpha=0.482445
      => Product of prop_binmuon_channel_bin24_QCD[1.00,0.00,30.85] and const [1.0000] to be Poisson constrained
  ----------------------------------------------------------
------------------------------------------------------------
25         0.570637        0.018049        total sum                     
25         0.182565        0.001750        excluding marked processes    
25         10888.000000    104.345580      Unweighted events, alpha=0.000052
  => Total parameter prop_binmuon_channel_bin25[0.00,-7.00,7.00] to be Gaussian constrained
------------------------------------------------------------
26         0.540643        0.020059        total sum                     
26         0.153973        0.008863        excluding marked processes    
26         302.000000      17.378147       Unweighted events, alpha=0.001790
  => Total parameter prop_binmuon_channel_bin26[0.00,-7.00,7.00] to be Gaussian constrained
------------------------------------------------------------
27         0.525956        0.031636        total sum                     
27         0.136377        0.026096        excluding marked processes    
27         27.000000       5.196152        Unweighted events, alpha=0.019480
  => Total parameter prop_binmuon_channel_bin27[0.00,-7.00,7.00] to be Gaussian constrained
------------------------------------------------------------
28         0.500322        0.018712        total sum                     
28         0.081851        0.001145        excluding marked processes    
28         5106.000000     71.456280       Unweighted events, alpha=0.000098
  => Total parameter prop_binmuon_channel_bin28[0.00,-7.00,7.00] to be Gaussian constrained
------------------------------------------------------------
29         0.509380        0.025852        total sum                     
29         0.081216        0.017618        excluding marked processes    
29         21.000000       4.582576        Unweighted events, alpha=0.024256
  => Total parameter prop_binmuon_channel_bin29[0.00,-7.00,7.00] to be Gaussian constrained
------------------------------------------------------------
30         0.478052        0.023244        total sum                     
30         0.066199        0.013911        excluding marked processes    
30         23.000000       4.795832        Unweighted events, alpha=0.020785
  => Total parameter prop_binmuon_channel_bin30[0.00,-7.00,7.00] to be Gaussian constrained
------------------------------------------------------------
31         0.460524        0.018930        total sum                     
31         0.037251        0.000838        excluding marked processes    
31         1976.000000     44.452222       Unweighted events, alpha=0.000233
  => Total parameter prop_binmuon_channel_bin31[0.00,-7.00,7.00] to be Gaussian constrained
------------------------------------------------------------
32         0.468586        0.019164        total sum                     
32         0.030622        0.001494        excluding marked processes    
32         420.000000      20.493902       Unweighted events, alpha=0.001116
  => Total parameter prop_binmuon_channel_bin32[0.00,-7.00,7.00] to be Gaussian constrained
------------------------------------------------------------
33         0.444525        0.018908        total sum                     
33         0.023589        0.000934        excluding marked processes    
33         639.000000      25.278449       Unweighted events, alpha=0.000696
  => Total parameter prop_binmuon_channel_bin33[0.00,-7.00,7.00] to be Gaussian constrained
------------------------------------------------------------
34         0.494694        0.022964        total sum                     
34         0.029499        0.011768        excluding marked processes    
34         6.000000        2.449490        Unweighted events, alpha=0.082449
  => Number of weighted events is below Poisson threshold
    Wprime4600           0.465195        0.019719                                      
                         557.000000      23.600847       Unweighted events, alpha=0.000835
      => Parameter prop_binmuon_channel_bin34_Wprime4600[0.00,-7.00,7.00] to be Gaussian constrained
  ----------------------------------------------------------
    W_boson              0.017420        0.000289                                      
                         3636.000000     60.299254       Unweighted events, alpha=0.000005
      => Parameter prop_binmuon_channel_bin34_W_boson[0.00,-7.00,7.00] to be Gaussian constrained
  ----------------------------------------------------------
    Top                  0.000000        0.000000                                      
      => Error is zero, ignore      
  ----------------------------------------------------------
    Z_boson              0.000314        0.000020                                      
                         236.000000      15.362291       Unweighted events, alpha=0.000001
      => Parameter prop_binmuon_channel_bin34_Z_boson[0.00,-7.00,7.00] to be Gaussian constrained
  ----------------------------------------------------------
    DiBoson              0.000000        0.000000                                      
      => Error is zero, ignore      
  ----------------------------------------------------------
    QCD                  0.011765        0.011765                                      
                         1.000000        1.000000        Unweighted events, alpha=0.011765
      => Product of prop_binmuon_channel_bin34_QCD[1.00,0.00,30.85] and const [1.0000] to be Poisson constrained
  ----------------------------------------------------------
------------------------------------------------------------
35         0.511590        0.020339        total sum                     
35         0.013748        0.000223        excluding marked processes    
35         3805.000000     61.684682       Unweighted events, alpha=0.000134
  => Total parameter prop_binmuon_channel_bin35[0.00,-7.00,7.00] to be Gaussian constrained
------------------------------------------------------------
36         0.494094        0.019804        total sum                     
36         0.013223        0.002041        excluding marked processes    
36         42.000000       6.480741        Unweighted events, alpha=0.011764
  => Total parameter prop_binmuon_channel_bin36[0.00,-7.00,7.00] to be Gaussian constrained
------------------------------------------------------------
37         0.511691        0.020520        total sum                     
37         0.008720        0.000168        excluding marked processes    
37         2683.000000     51.797683       Unweighted events, alpha=0.000191
  => Total parameter prop_binmuon_channel_bin37[0.00,-7.00,7.00] to be Gaussian constrained
------------------------------------------------------------
38         0.543597        0.020932        total sum                     
38         0.007065        0.000136        excluding marked processes    
38         2716.000000     52.115257       Unweighted events, alpha=0.000200
  => Total parameter prop_binmuon_channel_bin38[0.00,-7.00,7.00] to be Gaussian constrained
------------------------------------------------------------
39         0.570653        0.021583        total sum                     
39         0.005722        0.000089        excluding marked processes    
39         4121.000000     64.195015       Unweighted events, alpha=0.000138
  => Total parameter prop_binmuon_channel_bin39[0.00,-7.00,7.00] to be Gaussian constrained
------------------------------------------------------------
40         0.549864        0.020983        total sum                     
40         0.005243        0.000543        excluding marked processes    
40         93.000000       9.643651        Unweighted events, alpha=0.005913
  => Total parameter prop_binmuon_channel_bin40[0.00,-7.00,7.00] to be Gaussian constrained
------------------------------------------------------------
41         0.555312        0.021314        total sum                     
41         0.004021        0.000382        excluding marked processes    
41         111.000000      10.535654       Unweighted events, alpha=0.005003
  => Total parameter prop_binmuon_channel_bin41[0.00,-7.00,7.00] to be Gaussian constrained
------------------------------------------------------------
42         0.523390        0.020659        total sum                     
42         0.002983        0.000036        excluding marked processes    
42         6771.000000     82.286086       Unweighted events, alpha=0.000077
  => Total parameter prop_binmuon_channel_bin42[0.00,-7.00,7.00] to be Gaussian constrained
------------------------------------------------------------
43         0.432000        0.018556        total sum                     
43         0.002698        0.000245        excluding marked processes    
43         121.000000      11.000000       Unweighted events, alpha=0.003570
  => Total parameter prop_binmuon_channel_bin43[0.00,-7.00,7.00] to be Gaussian constrained
------------------------------------------------------------
44         0.354653        0.016841        total sum                     
44         0.002089        0.000073        excluding marked processes    
44         821.000000      28.653098       Unweighted events, alpha=0.000432
  => Total parameter prop_binmuon_channel_bin44[0.00,-7.00,7.00] to be Gaussian constrained
------------------------------------------------------------
45         0.275406        0.015090        total sum                     
45         0.002238        0.000586        excluding marked processes    
45         15.000000       3.872983        Unweighted events, alpha=0.018360
  => Total parameter prop_binmuon_channel_bin45[0.00,-7.00,7.00] to be Gaussian constrained
------------------------------------------------------------
46         0.182459        0.011971        total sum                     
46         0.001392        0.000022        excluding marked processes    
46         3954.000000     62.880840       Unweighted events, alpha=0.000046
  => Total parameter prop_binmuon_channel_bin46[0.00,-7.00,7.00] to be Gaussian constrained
------------------------------------------------------------
47         0.126578        0.010403        total sum                     
47         0.001162        0.000024        excluding marked processes    
47         2430.000000     49.295030       Unweighted events, alpha=0.000052
  => Total parameter prop_binmuon_channel_bin47[0.00,-7.00,7.00] to be Gaussian constrained
------------------------------------------------------------
48         0.081715        0.008100        total sum                     
48         0.000986        0.000018        excluding marked processes    
48         3016.000000     54.918121       Unweighted events, alpha=0.000027
  => Total parameter prop_binmuon_channel_bin48[0.00,-7.00,7.00] to be Gaussian constrained
------------------------------------------------------------
49         0.067742        0.007523        total sum                     
49         0.001258        0.000468        excluding marked processes    
49         7.000000        2.645751        Unweighted events, alpha=0.009677
  => Number of weighted events is below Poisson threshold
    Wprime4600           0.066484        0.007509                                      
                         78.000000       8.831761        Unweighted events, alpha=0.000852
      => Parameter prop_binmuon_channel_bin49_Wprime4600[0.00,-7.00,7.00] to be Gaussian constrained
  ----------------------------------------------------------
    W_boson              0.000780        0.000014                                      
                         3004.000000     54.808758       Unweighted events, alpha=0.000000
      => Parameter prop_binmuon_channel_bin49_W_boson[0.00,-7.00,7.00] to be Gaussian constrained
  ----------------------------------------------------------
    Top                  0.000000        0.000000                                      
      => Error is zero, ignore      
  ----------------------------------------------------------
    Z_boson              0.000011        0.000001                                      
                         71.000000       8.426150        Unweighted events, alpha=0.000000
      => Parameter prop_binmuon_channel_bin49_Z_boson[0.00,-7.00,7.00] to be Gaussian constrained
  ----------------------------------------------------------
    DiBoson              0.000000        0.000000                                      
      => Error is zero, ignore      
  ----------------------------------------------------------
    QCD                  0.000468        0.000468                                      
                         1.000000        1.000000        Unweighted events, alpha=0.000468
      => Product of prop_binmuon_channel_bin49_QCD[1.00,0.00,30.85] and const [1.0000] to be Poisson constrained
  ----------------------------------------------------------
------------------------------------------------------------
50         0.041584        0.005905        total sum                     
50         0.000668        0.000013        excluding marked processes    
50         2580.000000     50.793700       Unweighted events, alpha=0.000016
  => Total parameter prop_binmuon_channel_bin50[0.00,-7.00,7.00] to be Gaussian constrained
------------------------------------------------------------
51         0.030309        0.005137        total sum                     
51         0.002536        0.001503        excluding marked processes    
51         3.000000        1.732051        Unweighted events, alpha=0.010103
  => Number of weighted events is below Poisson threshold
    Wprime4600           0.027772        0.004912                                      
                         32.000000       5.656854        Unweighted events, alpha=0.000868
      => Parameter prop_binmuon_channel_bin51_Wprime4600[0.00,-7.00,7.00] to be Gaussian constrained
  ----------------------------------------------------------
    W_boson              0.000570        0.000011                                      
                         2840.000000     53.291650       Unweighted events, alpha=0.000000
      => Parameter prop_binmuon_channel_bin51_W_boson[0.00,-7.00,7.00] to be Gaussian constrained
  ----------------------------------------------------------
    Top                  0.000000        0.000000                                      
      => Error is zero, ignore      
  ----------------------------------------------------------
    Z_boson              0.000008        0.000001                                      
                         39.000000       6.244998        Unweighted events, alpha=0.000000
      => Parameter prop_binmuon_channel_bin51_Z_boson[0.00,-7.00,7.00] to be Gaussian constrained
  ----------------------------------------------------------
    DiBoson              0.000000        0.000000                                      
      => Error is zero, ignore      
  ----------------------------------------------------------
    QCD                  0.001958        0.001503                                      
                         2.000000        1.414214        Unweighted events, alpha=0.000979
      => Product of prop_binmuon_channel_bin51_QCD[2.00,0.00,33.79] and const [0.5000] to be Poisson constrained
  ----------------------------------------------------------
------------------------------------------------------------
52         0.015958        0.003536        total sum                     
52         0.001559        0.000776        excluding marked processes    
52         4.000000        2.000000        Unweighted events, alpha=0.003989
  => Number of weighted events is below Poisson threshold
    Wprime4600           0.014399        0.003450                                      
                         17.000000       4.123106        Unweighted events, alpha=0.000847
      => Parameter prop_binmuon_channel_bin52_Wprime4600[0.00,-7.00,7.00] to be Gaussian constrained
  ----------------------------------------------------------
    W_boson              0.000456        0.000008                                      
                         3213.000000     56.683331       Unweighted events, alpha=0.000000
      => Parameter prop_binmuon_channel_bin52_W_boson[0.00,-7.00,7.00] to be Gaussian constrained
  ----------------------------------------------------------
    Top                  0.000000        0.000000                                      
      => Error is zero, ignore      
  ----------------------------------------------------------
    Z_boson              0.000006        0.000000                                      
                         139.000000      11.789826       Unweighted events, alpha=0.000000
      => Parameter prop_binmuon_channel_bin52_Z_boson[0.00,-7.00,7.00] to be Gaussian constrained
  ----------------------------------------------------------
    DiBoson              0.000000        0.000000                                      
      => Error is zero, ignore      
  ----------------------------------------------------------
    QCD                  0.001097        0.000776                                      
                         2.000000        1.414214        Unweighted events, alpha=0.000548
      => Product of prop_binmuon_channel_bin52_QCD[2.00,0.00,33.79] and const [0.5000] to be Poisson constrained
  ----------------------------------------------------------
------------------------------------------------------------
53         0.010424        0.002801        total sum                     
53         0.000412        0.000011        excluding marked processes    
53         1528.000000     39.089641       Unweighted events, alpha=0.000007
  => Total parameter prop_binmuon_channel_bin53[0.00,-7.00,7.00] to be Gaussian constrained
------------------------------------------------------------
54         0.005563        0.002122        total sum                     
54         0.000373        0.000028        excluding marked processes    
54         182.000000      13.490738       Unweighted events, alpha=0.000031
  => Total parameter prop_binmuon_channel_bin54[0.00,-7.00,7.00] to be Gaussian constrained
------------------------------------------------------------
55         0.008621        0.002751        total sum                     
55         0.001100        0.000814        excluding marked processes    
55         2.000000        1.414214        Unweighted events, alpha=0.004310
  => Number of weighted events is below Poisson threshold
    Wprime4600           0.007520        0.002628                                      
                         8.000000        2.828427        Unweighted events, alpha=0.000940
      => Product of prop_binmuon_channel_bin55_Wprime4600[8.00,0.12,47.91] and const [0.1250] to be Poisson constrained
  ----------------------------------------------------------
    W_boson              0.000283        0.000005                                      
                         3360.000000     57.965507       Unweighted events, alpha=0.000000
      => Parameter prop_binmuon_channel_bin55_W_boson[0.00,-7.00,7.00] to be Gaussian constrained
  ----------------------------------------------------------
    Top                  0.000000        0.000000                                      
      => Error is zero, ignore      
  ----------------------------------------------------------
    Z_boson              0.000004        0.000000                                      
                         108.000000      10.392305       Unweighted events, alpha=0.000000
      => Parameter prop_binmuon_channel_bin55_Z_boson[0.00,-7.00,7.00] to be Gaussian constrained
  ----------------------------------------------------------
    DiBoson              0.000000        0.000000                                      
      => Error is zero, ignore      
  ----------------------------------------------------------
    QCD                  0.000814        0.000814                                      
                         1.000000        1.000000        Unweighted events, alpha=0.000814
      => Product of prop_binmuon_channel_bin55_QCD[1.00,0.00,30.85] and const [1.0000] to be Poisson constrained
  ----------------------------------------------------------
------------------------------------------------------------
56         0.014689        0.009884        total sum                     
56         0.009945        0.009697        excluding marked processes    
56         1.000000        1.000000        Unweighted events, alpha=0.014689
  => Number of weighted events is below Poisson threshold
    Wprime4600           0.004743        0.001910                                      
                         6.000000        2.449490        Unweighted events, alpha=0.000791
      => Product of prop_binmuon_channel_bin56_Wprime4600[6.00,0.03,43.60] and const [0.1667] to be Poisson constrained
  ----------------------------------------------------------
    W_boson              0.000245        0.000007                                      
                         1131.000000     33.630343       Unweighted events, alpha=0.000000
      => Parameter prop_binmuon_channel_bin56_W_boson[0.00,-7.00,7.00] to be Gaussian constrained
  ----------------------------------------------------------
    Top                  0.000000        0.000000                                      
      => Error is zero, ignore      
  ----------------------------------------------------------
    Z_boson              0.000003        0.000000                                      
                         114.000000      10.677078       Unweighted events, alpha=0.000000
      => Parameter prop_binmuon_channel_bin56_Z_boson[0.00,-7.00,7.00] to be Gaussian constrained
  ----------------------------------------------------------
    DiBoson              0.000000        0.000000                                      
      => Error is zero, ignore      
  ----------------------------------------------------------
    QCD                  0.009697        0.009697                                      
                         1.000000        1.000000        Unweighted events, alpha=0.009697
      => Product of prop_binmuon_channel_bin56_QCD[1.00,0.00,30.85] and const [1.0000] to be Poisson constrained
  ----------------------------------------------------------
------------------------------------------------------------
57         0.002325        0.001271        total sum                     
57         0.000203        0.000004        excluding marked processes    
57         2635.000000     51.332251       Unweighted events, alpha=0.000001
  => Total parameter prop_binmuon_channel_bin57[0.00,-7.00,7.00] to be Gaussian constrained
------------------------------------------------------------
58         0.001356        0.001173        total sum                     
58         0.001356        0.001173        excluding marked processes    
58         1.000000        1.000000        Unweighted events, alpha=0.001356
  => Number of weighted events is below Poisson threshold
    Wprime4600           0.000000        0.000000                                      
      => Error is zero, ignore      
  ----------------------------------------------------------
    W_boson              0.000181        0.000006                                      
                         946.000000      30.757113       Unweighted events, alpha=0.000000
      => Parameter prop_binmuon_channel_bin58_W_boson[0.00,-7.00,7.00] to be Gaussian constrained
  ----------------------------------------------------------
    Top                  0.000000        0.000000                                      
      => Error is zero, ignore      
  ----------------------------------------------------------
    Z_boson              0.000002        0.000000                                      
                         87.000000       9.327379        Unweighted events, alpha=0.000000
      => Parameter prop_binmuon_channel_bin58_Z_boson[0.00,-7.00,7.00] to be Gaussian constrained
  ----------------------------------------------------------
    DiBoson              0.000000        0.000000                                      
      => Error is zero, ignore      
  ----------------------------------------------------------
    QCD                  0.001173        0.001173                                      
                         1.000000        1.000000        Unweighted events, alpha=0.001173
      => Product of prop_binmuon_channel_bin58_QCD[1.00,0.00,30.85] and const [1.0000] to be Poisson constrained
  ----------------------------------------------------------
------------------------------------------------------------
59         0.000152        0.000005        total sum                     
59         0.000152        0.000005        excluding marked processes    
59         937.000000      30.610456       Unweighted events, alpha=0.000000
  => Total parameter prop_binmuon_channel_bin59[0.00,-7.00,7.00] to be Gaussian constrained
------------------------------------------------------------
60         0.017508        0.016706        total sum                     
60         0.016837        0.016698        excluding marked processes    
60         1.000000        1.000000        Unweighted events, alpha=0.017508
  => Number of weighted events is below Poisson threshold
    Wprime4600           0.000671        0.000503                                      
                         2.000000        1.414214        Unweighted events, alpha=0.000336
      => Product of prop_binmuon_channel_bin60_Wprime4600[2.00,0.00,33.79] and const [0.5000] to be Poisson constrained
  ----------------------------------------------------------
    W_boson              0.000137        0.000004                                      
                         1248.000000     35.327043       Unweighted events, alpha=0.000000
      => Parameter prop_binmuon_channel_bin60_W_boson[0.00,-7.00,7.00] to be Gaussian constrained
  ----------------------------------------------------------
    Top                  0.000000        0.000000                                      
      => Error is zero, ignore      
  ----------------------------------------------------------
    Z_boson              0.000002        0.000000                                      
                         66.000000       8.124038        Unweighted events, alpha=0.000000
      => Parameter prop_binmuon_channel_bin60_Z_boson[0.00,-7.00,7.00] to be Gaussian constrained
  ----------------------------------------------------------
    DiBoson              0.000000        0.000000                                      
      => Error is zero, ignore      
  ----------------------------------------------------------
    QCD                  0.016698        0.016698                                      
                         1.000000        1.000000        Unweighted events, alpha=0.016698
      => Product of prop_binmuon_channel_bin60_QCD[1.00,0.00,30.85] and const [1.0000] to be Poisson constrained
  ----------------------------------------------------------
------------------------------------------------------------
61         0.002504        0.001451        total sum                     
61         0.000116        0.000004        excluding marked processes    
61         893.000000      29.883106       Unweighted events, alpha=0.000003
  => Total parameter prop_binmuon_channel_bin61[0.00,-7.00,7.00] to be Gaussian constrained
------------------------------------------------------------
62         0.000903        0.000806        total sum                     
62         0.000097        0.000002        excluding marked processes    
62         4092.000000     63.968742       Unweighted events, alpha=0.000000
  => Total parameter prop_binmuon_channel_bin62[0.00,-7.00,7.00] to be Gaussian constrained
------------------------------------------------------------
63         0.001205        0.001114        total sum                     
63         0.000091        0.000005        excluding marked processes    
63         287.000000      16.941074       Unweighted events, alpha=0.000004
  => Total parameter prop_binmuon_channel_bin63[0.00,-7.00,7.00] to be Gaussian constrained
------------------------------------------------------------
64         0.002300        0.001588        total sum                     
64         0.000074        0.000002        excluding marked processes    
64         2058.000000     45.365185       Unweighted events, alpha=0.000001
  => Total parameter prop_binmuon_channel_bin64[0.00,-7.00,7.00] to be Gaussian constrained
------------------------------------------------------------
65         0.002103        0.001539        total sum                     
65         0.002103        0.001539        excluding marked processes    
65         2.000000        1.414214        Unweighted events, alpha=0.001052
  => Number of weighted events is below Poisson threshold
    Wprime4600           0.000000        0.000000                                      
      => Error is zero, ignore      
  ----------------------------------------------------------
    W_boson              0.000061        0.000001                                      
                         4081.000000     63.882705       Unweighted events, alpha=0.000000
      => Parameter prop_binmuon_channel_bin65_W_boson[0.00,-7.00,7.00] to be Gaussian constrained
  ----------------------------------------------------------
    Top                  0.000000        0.000000                                      
      => Error is zero, ignore      
  ----------------------------------------------------------
    Z_boson              0.000001        0.000000                                      
                         60.000000       7.745967        Unweighted events, alpha=0.000000
      => Parameter prop_binmuon_channel_bin65_Z_boson[0.00,-7.00,7.00] to be Gaussian constrained
  ----------------------------------------------------------
    DiBoson              0.000000        0.000000                                      
      => Error is zero, ignore      
  ----------------------------------------------------------
    QCD                  0.002042        0.001539                                      
                         2.000000        1.414214        Unweighted events, alpha=0.001021
      => Product of prop_binmuon_channel_bin65_QCD[2.00,0.00,33.79] and const [0.5000] to be Poisson constrained
  ----------------------------------------------------------
------------------------------------------------------------
66         0.000055        0.000002        total sum                     
66         0.000055        0.000002        excluding marked processes    
66         633.000000      25.159491       Unweighted events, alpha=0.000000
  => Total parameter prop_binmuon_channel_bin66[0.00,-7.00,7.00] to be Gaussian constrained
------------------------------------------------------------
67         0.001308        0.001211        total sum                     
67         0.001308        0.001211        excluding marked processes    
67         1.000000        1.000000        Unweighted events, alpha=0.001308
  => Number of weighted events is below Poisson threshold
    Wprime4600           0.000000        0.000000                                      
      => Error is zero, ignore      
  ----------------------------------------------------------
    W_boson              0.000098        0.000052                                      
                         4.000000        2.000000        Unweighted events, alpha=0.000025
      => Product of prop_binmuon_channel_bin67_W_boson[4.00,0.00,38.96] and const [0.2500] to be Poisson constrained
  ----------------------------------------------------------
    Top                  0.000000        0.000000                                      
      => Error is zero, ignore      
  ----------------------------------------------------------
    Z_boson              0.000000        0.000000                                      
                         170.000000      13.038405       Unweighted events, alpha=0.000000
      => Parameter prop_binmuon_channel_bin67_Z_boson[0.00,-7.00,7.00] to be Gaussian constrained
  ----------------------------------------------------------
    DiBoson              0.000000        0.000000                                      
      => Error is zero, ignore      
  ----------------------------------------------------------
    QCD                  0.001210        0.001210                                      
                         1.000000        1.000000        Unweighted events, alpha=0.001210
      => Product of prop_binmuon_channel_bin67_QCD[1.00,0.00,30.85] and const [1.0000] to be Poisson constrained
  ----------------------------------------------------------
------------------------------------------------------------
Channel muon_channel will use autoMCStats with settings: event-threshold=10, include-signal=0, hist-mode=1
Generate toy 1/100

 -- MarkovChainMC -- 
Limit: r < 0.392218 +/- 0.0111177 @ 95% credibility (15 tries)
Done in 0.30 min (cpu), 0.30 min (real)
Generate toy 2/100

 -- MarkovChainMC -- 
Limit: r < 0.385695 +/- 0.0124597 @ 95% credibility (15 tries)
Done in 0.36 min (cpu), 0.36 min (real)
Generate toy 3/100

 -- MarkovChainMC -- 
Limit: r < 0.561154 +/- 0.00808531 @ 95% credibility (15 tries)
Done in 0.31 min (cpu), 0.32 min (real)
Generate toy 4/100

 -- MarkovChainMC -- 
Limit: r < 0.467819 +/- 0.0106555 @ 95% credibility (15 tries)
Done in 0.29 min (cpu), 0.29 min (real)
Generate toy 5/100

 -- MarkovChainMC -- 
Limit: r < 0.53059 +/- 0.0111389 @ 95% credibility (15 tries)
Done in 0.33 min (cpu), 0.33 min (real)
Generate toy 6/100

 -- MarkovChainMC -- 
Limit: r < 0.458695 +/- 0.0128685 @ 95% credibility (15 tries)
Done in 0.30 min (cpu), 0.31 min (real)
Generate toy 7/100

 -- MarkovChainMC -- 
Limit: r < 0.485085 +/- 0.0131202 @ 95% credibility (15 tries)
Done in 0.30 min (cpu), 0.30 min (real)
Generate toy 8/100

 -- MarkovChainMC -- 
Limit: r < 0.557802 +/- 0.0100953 @ 95% credibility (15 tries)
Done in 0.31 min (cpu), 0.31 min (real)
Generate toy 9/100

 -- MarkovChainMC -- 
Limit: r < 0.346876 +/- 0.0125146 @ 95% credibility (15 tries)
Done in 0.33 min (cpu), 0.33 min (real)
Generate toy 10/100

 -- MarkovChainMC -- 
Limit: r < 0.417964 +/- 0.00747202 @ 95% credibility (15 tries)
Done in 0.32 min (cpu), 0.33 min (real)
Generate toy 11/100

 -- MarkovChainMC -- 
Limit: r < 0.325071 +/- 0.00937766 @ 95% credibility (15 tries)
Done in 0.27 min (cpu), 0.28 min (real)
Generate toy 12/100

 -- MarkovChainMC -- 
Limit: r < 0.487631 +/- 0.0104502 @ 95% credibility (15 tries)
Done in 0.29 min (cpu), 0.30 min (real)
Generate toy 13/100

 -- MarkovChainMC -- 
Limit: r < 0.342442 +/- 0.00769343 @ 95% credibility (15 tries)
Done in 0.34 min (cpu), 0.35 min (real)
Generate toy 14/100

 -- MarkovChainMC -- 
Limit: r < 0.356214 +/- 0.0106374 @ 95% credibility (15 tries)
Done in 0.33 min (cpu), 0.33 min (real)
Generate toy 15/100

 -- MarkovChainMC -- 
Limit: r < 0.399374 +/- 0.00607765 @ 95% credibility (15 tries)
Done in 0.29 min (cpu), 0.29 min (real)
Generate toy 16/100

 -- MarkovChainMC -- 
Limit: r < 0.533087 +/- 0.0107539 @ 95% credibility (15 tries)
Done in 0.30 min (cpu), 0.30 min (real)
Generate toy 17/100

 -- MarkovChainMC -- 
Limit: r < 0.3547 +/- 0.00528857 @ 95% credibility (15 tries)
Done in 0.26 min (cpu), 0.27 min (real)
Generate toy 18/100

 -- MarkovChainMC -- 
Limit: r < 0.464886 +/- 0.0110228 @ 95% credibility (15 tries)
Done in 0.30 min (cpu), 0.30 min (real)
Generate toy 19/100

 -- MarkovChainMC -- 
Limit: r < 0.484129 +/- 0.0136469 @ 95% credibility (15 tries)
Done in 0.37 min (cpu), 0.37 min (real)
Generate toy 20/100

 -- MarkovChainMC -- 
Limit: r < 0.386227 +/- 0.00285174 @ 95% credibility (15 tries)
Done in 0.28 min (cpu), 0.28 min (real)
Generate toy 21/100

 -- MarkovChainMC -- 
Limit: r < 0.709448 +/- 0.0223592 @ 95% credibility (15 tries)
Done in 0.30 min (cpu), 0.30 min (real)
Generate toy 22/100

 -- MarkovChainMC -- 
Limit: r < 0.353339 +/- 0.00619687 @ 95% credibility (15 tries)
Done in 0.26 min (cpu), 0.26 min (real)
Generate toy 23/100

 -- MarkovChainMC -- 
Limit: r < 0.880102 +/- 0.022126 @ 95% credibility (15 tries)
Done in 0.30 min (cpu), 0.31 min (real)
Generate toy 24/100

 -- MarkovChainMC -- 
Limit: r < 0.493193 +/- 0.0144296 @ 95% credibility (15 tries)
Done in 0.28 min (cpu), 0.29 min (real)
Generate toy 25/100

 -- MarkovChainMC -- 
Limit: r < 0.404978 +/- 0.0114966 @ 95% credibility (15 tries)
Done in 0.28 min (cpu), 0.28 min (real)
Generate toy 26/100

 -- MarkovChainMC -- 
Limit: r < 0.430792 +/- 0.00920025 @ 95% credibility (15 tries)
Done in 0.30 min (cpu), 0.30 min (real)
Generate toy 27/100

 -- MarkovChainMC -- 
Limit: r < 0.421004 +/- 0.0116742 @ 95% credibility (15 tries)
Done in 0.28 min (cpu), 0.28 min (real)
Generate toy 28/100

 -- MarkovChainMC -- 
Limit: r < 0.496661 +/- 0.00432278 @ 95% credibility (15 tries)
Done in 0.35 min (cpu), 0.36 min (real)
Generate toy 29/100

 -- MarkovChainMC -- 
Limit: r < 0.358574 +/- 0.0108377 @ 95% credibility (15 tries)
Done in 0.29 min (cpu), 0.29 min (real)
Generate toy 30/100

 -- MarkovChainMC -- 
Limit: r < 0.479054 +/- 0.00917612 @ 95% credibility (15 tries)
Done in 0.32 min (cpu), 0.32 min (real)
Generate toy 31/100

 -- MarkovChainMC -- 
Limit: r < 0.36424 +/- 0.00766809 @ 95% credibility (15 tries)
Done in 0.33 min (cpu), 0.33 min (real)
Generate toy 32/100

 -- MarkovChainMC -- 
Limit: r < 0.389149 +/- 0.012232 @ 95% credibility (15 tries)
Done in 0.29 min (cpu), 0.30 min (real)
Generate toy 33/100

 -- MarkovChainMC -- 
Limit: r < 0.386382 +/- 0.0121172 @ 95% credibility (15 tries)
Done in 0.28 min (cpu), 0.28 min (real)
Generate toy 34/100

 -- MarkovChainMC -- 
Limit: r < 0.440027 +/- 0.00753296 @ 95% credibility (15 tries)
Done in 0.30 min (cpu), 0.30 min (real)
Generate toy 35/100

 -- MarkovChainMC -- 
Limit: r < 0.396929 +/- 0.00970519 @ 95% credibility (15 tries)
Done in 0.29 min (cpu), 0.29 min (real)
Generate toy 36/100

 -- MarkovChainMC -- 
Limit: r < 0.450878 +/- 0.00787766 @ 95% credibility (15 tries)
Done in 0.36 min (cpu), 0.36 min (real)
Generate toy 37/100

 -- MarkovChainMC -- 
Limit: r < 0.540938 +/- 0.0150064 @ 95% credibility (15 tries)
Done in 0.28 min (cpu), 0.28 min (real)
Generate toy 38/100

 -- MarkovChainMC -- 
Limit: r < 0.610367 +/- 0.0145454 @ 95% credibility (15 tries)
Done in 0.33 min (cpu), 0.33 min (real)
Generate toy 39/100

 -- MarkovChainMC -- 
Limit: r < 0.343987 +/- 0.00815197 @ 95% credibility (15 tries)
Done in 0.28 min (cpu), 0.28 min (real)
Generate toy 40/100

 -- MarkovChainMC -- 
Limit: r < 0.368151 +/- 0.00649024 @ 95% credibility (15 tries)
Done in 0.28 min (cpu), 0.28 min (real)
Generate toy 41/100

 -- MarkovChainMC -- 
Limit: r < 0.550505 +/- 0.0231525 @ 95% credibility (15 tries)
Done in 0.30 min (cpu), 0.30 min (real)
Generate toy 42/100

 -- MarkovChainMC -- 
Limit: r < 0.326002 +/- 0.00554086 @ 95% credibility (15 tries)
Done in 0.27 min (cpu), 0.28 min (real)
Generate toy 43/100

 -- MarkovChainMC -- 
Limit: r < 0.357417 +/- 0.0104097 @ 95% credibility (15 tries)
Done in 0.28 min (cpu), 0.28 min (real)
Generate toy 44/100

 -- MarkovChainMC -- 
Limit: r < 0.49318 +/- 0.0159293 @ 95% credibility (15 tries)
Done in 0.35 min (cpu), 0.35 min (real)
Generate toy 45/100

 -- MarkovChainMC -- 
Limit: r < 0.48513 +/- 0.0181164 @ 95% credibility (15 tries)
Done in 0.29 min (cpu), 0.29 min (real)
Generate toy 46/100

 -- MarkovChainMC -- 
Limit: r < 0.951046 +/- 0.011546 @ 95% credibility (15 tries)
Done in 0.33 min (cpu), 0.33 min (real)
Generate toy 47/100

 -- MarkovChainMC -- 
Limit: r < 0.564058 +/- 0.015858 @ 95% credibility (15 tries)
Done in 0.33 min (cpu), 0.33 min (real)
Generate toy 48/100

 -- MarkovChainMC -- 
Limit: r < 0.521412 +/- 0.0165806 @ 95% credibility (15 tries)
Done in 0.31 min (cpu), 0.31 min (real)
Generate toy 49/100

 -- MarkovChainMC -- 
Limit: r < 0.475308 +/- 0.0106292 @ 95% credibility (15 tries)
Done in 0.32 min (cpu), 0.32 min (real)
Generate toy 50/100

 -- MarkovChainMC -- 
Limit: r < 0.518546 +/- 0.0111312 @ 95% credibility (15 tries)
Done in 0.42 min (cpu), 0.42 min (real)
Generate toy 51/100

 -- MarkovChainMC -- 
Limit: r < 0.49869 +/- 0.0123719 @ 95% credibility (15 tries)
Done in 0.32 min (cpu), 0.32 min (real)
Generate toy 52/100

 -- MarkovChainMC -- 
Limit: r < 0.539628 +/- 0.00830783 @ 95% credibility (15 tries)
Done in 0.33 min (cpu), 0.33 min (real)
Generate toy 53/100

 -- MarkovChainMC -- 
Limit: r < 0.33931 +/- 0.00750598 @ 95% credibility (15 tries)
Done in 0.29 min (cpu), 0.29 min (real)
Generate toy 54/100

 -- MarkovChainMC -- 
Limit: r < 0.333563 +/- 0.00482689 @ 95% credibility (15 tries)
Done in 0.33 min (cpu), 0.33 min (real)
Generate toy 55/100

 -- MarkovChainMC -- 
Limit: r < 0.365657 +/- 0.00680468 @ 95% credibility (15 tries)
Done in 0.31 min (cpu), 0.32 min (real)
Generate toy 56/100

 -- MarkovChainMC -- 
Limit: r < 0.361544 +/- 0.0113116 @ 95% credibility (15 tries)
Done in 0.33 min (cpu), 0.33 min (real)
Generate toy 57/100

 -- MarkovChainMC -- 
Limit: r < 0.348106 +/- 0.0153887 @ 95% credibility (15 tries)
Done in 0.32 min (cpu), 0.32 min (real)
Generate toy 58/100

 -- MarkovChainMC -- 
Limit: r < 0.566928 +/- 0.016556 @ 95% credibility (15 tries)
Done in 0.33 min (cpu), 0.33 min (real)
Generate toy 59/100

 -- MarkovChainMC -- 
Limit: r < 0.343738 +/- 0.00817941 @ 95% credibility (15 tries)
Done in 0.29 min (cpu), 0.29 min (real)
Generate toy 60/100

 -- MarkovChainMC -- 
Limit: r < 0.359242 +/- 0.00922675 @ 95% credibility (15 tries)
Done in 0.33 min (cpu), 0.33 min (real)
Generate toy 61/100

 -- MarkovChainMC -- 
Limit: r < 0.313995 +/- 0.0048218 @ 95% credibility (15 tries)
Done in 0.31 min (cpu), 0.31 min (real)
Generate toy 62/100

 -- MarkovChainMC -- 
Limit: r < 0.76638 +/- 0.00618408 @ 95% credibility (15 tries)
Done in 0.34 min (cpu), 0.34 min (real)
Generate toy 63/100

 -- MarkovChainMC -- 
Limit: r < 0.643886 +/- 0.0108729 @ 95% credibility (15 tries)
Done in 0.33 min (cpu), 0.33 min (real)
Generate toy 64/100

 -- MarkovChainMC -- 
Limit: r < 0.459855 +/- 0.0179719 @ 95% credibility (15 tries)
Done in 0.30 min (cpu), 0.30 min (real)
Generate toy 65/100

 -- MarkovChainMC -- 
Limit: r < 0.735121 +/- 0.0337781 @ 95% credibility (15 tries)
Done in 0.32 min (cpu), 0.32 min (real)
Generate toy 66/100

 -- MarkovChainMC -- 
Limit: r < 0.431511 +/- 0.0090187 @ 95% credibility (15 tries)
Done in 0.38 min (cpu), 0.39 min (real)
Generate toy 67/100

 -- MarkovChainMC -- 
Limit: r < 0.382129 +/- 0.00729751 @ 95% credibility (15 tries)
Done in 0.32 min (cpu), 0.33 min (real)
Generate toy 68/100

 -- MarkovChainMC -- 
Limit: r < 0.450092 +/- 0.00657129 @ 95% credibility (15 tries)
Done in 0.33 min (cpu), 0.33 min (real)
Generate toy 69/100

 -- MarkovChainMC -- 
Limit: r < 0.61503 +/- 0.0106809 @ 95% credibility (15 tries)
Done in 0.34 min (cpu), 0.34 min (real)
Generate toy 70/100

 -- MarkovChainMC -- 
Limit: r < 0.359716 +/- 0.0139582 @ 95% credibility (15 tries)
Done in 0.29 min (cpu), 0.30 min (real)
Generate toy 71/100

 -- MarkovChainMC -- 
Limit: r < 0.308254 +/- 0.00738299 @ 95% credibility (15 tries)
Done in 0.31 min (cpu), 0.32 min (real)
Generate toy 72/100

 -- MarkovChainMC -- 
Limit: r < 0.562375 +/- 0.00906226 @ 95% credibility (15 tries)
Done in 0.31 min (cpu), 0.31 min (real)
Generate toy 73/100

 -- MarkovChainMC -- 
Limit: r < 0.375773 +/- 0.00794315 @ 95% credibility (15 tries)
Done in 0.37 min (cpu), 0.37 min (real)
Generate toy 74/100

 -- MarkovChainMC -- 
Limit: r < 0.453803 +/- 0.0140338 @ 95% credibility (15 tries)
Done in 0.34 min (cpu), 0.35 min (real)
Generate toy 75/100

 -- MarkovChainMC -- 
Limit: r < 0.343799 +/- 0.0046572 @ 95% credibility (15 tries)
Done in 0.37 min (cpu), 0.37 min (real)
Generate toy 76/100

 -- MarkovChainMC -- 
Limit: r < 0.429433 +/- 0.0168773 @ 95% credibility (15 tries)
Done in 0.30 min (cpu), 0.31 min (real)
Generate toy 77/100

 -- MarkovChainMC -- 
Limit: r < 0.450708 +/- 0.0131755 @ 95% credibility (15 tries)
Done in 0.35 min (cpu), 0.36 min (real)
Generate toy 78/100

 -- MarkovChainMC -- 
Limit: r < 0.381561 +/- 0.00877013 @ 95% credibility (15 tries)
Done in 0.32 min (cpu), 0.32 min (real)
Generate toy 79/100

 -- MarkovChainMC -- 
Limit: r < 0.576036 +/- 0.00654198 @ 95% credibility (15 tries)
Done in 0.38 min (cpu), 0.38 min (real)
Generate toy 80/100

 -- MarkovChainMC -- 
Limit: r < 0.376135 +/- 0.0100838 @ 95% credibility (15 tries)
Done in 0.30 min (cpu), 0.30 min (real)
Generate toy 81/100

 -- MarkovChainMC -- 
Limit: r < 0.336038 +/- 0.0118201 @ 95% credibility (15 tries)
Done in 0.35 min (cpu), 0.35 min (real)
Generate toy 82/100

 -- MarkovChainMC -- 
Limit: r < 0.361882 +/- 0.0125232 @ 95% credibility (15 tries)
Done in 0.36 min (cpu), 0.36 min (real)
Generate toy 83/100

 -- MarkovChainMC -- 
Limit: r < 0.350128 +/- 0.00574793 @ 95% credibility (15 tries)
Done in 0.28 min (cpu), 0.28 min (real)
Generate toy 84/100

 -- MarkovChainMC -- 
Limit: r < 0.573658 +/- 0.020442 @ 95% credibility (15 tries)
Done in 0.34 min (cpu), 0.34 min (real)
Generate toy 85/100

 -- MarkovChainMC -- 
Limit: r < 0.631143 +/- 0.00854278 @ 95% credibility (15 tries)
Done in 0.36 min (cpu), 0.36 min (real)
Generate toy 86/100

 -- MarkovChainMC -- 
Limit: r < 0.385683 +/- 0.0117191 @ 95% credibility (15 tries)
Done in 0.37 min (cpu), 0.37 min (real)
Generate toy 87/100

 -- MarkovChainMC -- 
Limit: r < 0.456059 +/- 0.0118299 @ 95% credibility (15 tries)
Done in 0.31 min (cpu), 0.32 min (real)
Generate toy 88/100

 -- MarkovChainMC -- 
Limit: r < 0.439315 +/- 0.0111297 @ 95% credibility (15 tries)
Done in 0.32 min (cpu), 0.32 min (real)
Generate toy 89/100

 -- MarkovChainMC -- 
Limit: r < 0.35469 +/- 0.00884416 @ 95% credibility (15 tries)
Done in 0.34 min (cpu), 0.34 min (real)
Generate toy 90/100

 -- MarkovChainMC -- 
Limit: r < 0.536587 +/- 0.0205339 @ 95% credibility (15 tries)
Done in 0.35 min (cpu), 0.36 min (real)
Generate toy 91/100

 -- MarkovChainMC -- 
Limit: r < 0.35656 +/- 0.0101394 @ 95% credibility (15 tries)
Done in 0.30 min (cpu), 0.30 min (real)
Generate toy 92/100

 -- MarkovChainMC -- 
Limit: r < 0.356638 +/- 0.00811757 @ 95% credibility (15 tries)
Done in 0.31 min (cpu), 0.31 min (real)
Generate toy 93/100

 -- MarkovChainMC -- 
Limit: r < 0.366709 +/- 0.0112276 @ 95% credibility (15 tries)
Done in 0.30 min (cpu), 0.31 min (real)
Generate toy 94/100

 -- MarkovChainMC -- 
Limit: r < 0.658935 +/- 0.00950953 @ 95% credibility (15 tries)
Done in 0.34 min (cpu), 0.34 min (real)
Generate toy 95/100

 -- MarkovChainMC -- 
Limit: r < 0.355865 +/- 0.0114539 @ 95% credibility (15 tries)
Done in 0.33 min (cpu), 0.33 min (real)
Generate toy 96/100

 -- MarkovChainMC -- 
Limit: r < 0.34844 +/- 0.00877736 @ 95% credibility (15 tries)
Done in 0.32 min (cpu), 0.32 min (real)
Generate toy 97/100

 -- MarkovChainMC -- 
Limit: r < 0.383256 +/- 0.00982413 @ 95% credibility (15 tries)
Done in 0.30 min (cpu), 0.31 min (real)
Generate toy 98/100

 -- MarkovChainMC -- 
Limit: r < 0.389408 +/- 0.0068271 @ 95% credibility (15 tries)
Done in 0.35 min (cpu), 0.36 min (real)
Generate toy 99/100

 -- MarkovChainMC -- 
Limit: r < 0.462627 +/- 0.00985227 @ 95% credibility (15 tries)
Done in 0.39 min (cpu), 0.39 min (real)
Generate toy 100/100

 -- MarkovChainMC -- 
Limit: r < 0.357448 +/- 0.00930806 @ 95% credibility (15 tries)
Done in 0.30 min (cpu), 0.30 min (real)
mean   expected limit: r < 0.452315 +/- 0.011994 @ 95%CL (100 toyMC)
median expected limit: r < 0.425218 @ 95%CL (100 toyMC)
   68% expected band : 0.35469 < r < 0.561154
   95% expected band : 0.325071 < r < 0.880102
