000 (9247624.000.000) 02/11 16:00:01 Job submitted from host: <188.185.121.235:9618?addrs=188.185.121.235-9618+[2001-1458-d00-49--100-36e]-9618&alias=bigbird22.cern.ch&noUDP&sock=schedd_5086_26c4>
...
040 (9247624.000.000) 02/11 16:05:27 Started transferring input files
	Transferring to host: <188.185.196.130:9618?addrs=188.185.196.130-9618+[2001-1458-303-23--100-7e]-9618&alias=b9p16p5254.cern.ch&noUDP&sock=slot1_3_6999_2db6_112544>
...
040 (9247624.000.000) 02/11 16:05:28 Finished transferring input files
...
001 (9247624.000.000) 02/11 16:05:29 Job executing on host: <188.185.196.130:9618?addrs=188.185.196.130-9618+[2001-1458-303-23--100-7e]-9618&alias=b9p16p5254.cern.ch&noUDP&sock=startd_6234_957e>
	SlotName: slot1_3@b9p16p5254.cern.ch
	CondorScratchDir = "/pool/condor/dir_2563693"
	Cpus = 1
	Disk = 3773
	GPUs = 0
	Memory = 3000
...
006 (9247624.000.000) 02/11 16:05:37 Image size of job updated: 389764
	381  -  MemoryUsage of job (MB)
	389764  -  ResidentSetSize of job (KB)
...
006 (9247624.000.000) 02/11 16:10:37 Image size of job updated: 588232
	575  -  MemoryUsage of job (MB)
	588232  -  ResidentSetSize of job (KB)
...
006 (9247624.000.000) 02/11 16:15:38 Image size of job updated: 589820
	576  -  MemoryUsage of job (MB)
	589820  -  ResidentSetSize of job (KB)
...
006 (9247624.000.000) 02/11 16:20:39 Image size of job updated: 590748
	577  -  MemoryUsage of job (MB)
	590748  -  ResidentSetSize of job (KB)
...
006 (9247624.000.000) 02/11 16:25:39 Image size of job updated: 591888
	579  -  MemoryUsage of job (MB)
	591888  -  ResidentSetSize of job (KB)
...
006 (9247624.000.000) 02/11 16:30:39 Image size of job updated: 593884
	580  -  MemoryUsage of job (MB)
	593884  -  ResidentSetSize of job (KB)
...
006 (9247624.000.000) 02/11 16:35:51 Image size of job updated: 595164
	582  -  MemoryUsage of job (MB)
	595164  -  ResidentSetSize of job (KB)
...
006 (9247624.000.000) 02/11 16:40:40 Image size of job updated: 595164
	582  -  MemoryUsage of job (MB)
	595172  -  ResidentSetSize of job (KB)
...
040 (9247624.000.000) 02/11 16:49:07 Started transferring output files
...
040 (9247624.000.000) 02/11 16:49:07 Finished transferring output files
...
005 (9247624.000.000) 02/11 16:49:07 Job terminated.
	(1) Normal termination (return value 0)
		Usr 0 00:42:56, Sys 0 00:00:06  -  Run Remote Usage
		Usr 0 00:00:00, Sys 0 00:00:00  -  Run Local Usage
		Usr 0 00:42:56, Sys 0 00:00:06  -  Total Remote Usage
		Usr 0 00:00:00, Sys 0 00:00:00  -  Total Local Usage
	65917  -  Run Bytes Sent By Job
	495  -  Run Bytes Received By Job
	65917  -  Total Bytes Sent By Job
	495  -  Total Bytes Received By Job
	Partitionable Resources :    Usage  Request Allocated 
	   Cpus                 :     0.99        1         1 
	   Disk (KB)            :    88           1      3773 
	   GPUs                 :                           0 
	   Memory (MB)          :   582        3000      3000 

	Job terminated of its own accord at 2025-02-11T15:49:07Z with exit-code 0.
...
