 <<< Combine >>> 
 <<< v10.0.2 >>>
>>> Used OpenSSL to get a truly random seed 1358283489
>>> Method used is MarkovChainMC
============================================================
Analyzing bin errors for: prop_binmuon_channel
Poisson cut-off: 10
Processes excluded for sums: Wprime5000_kR2
============================================================
Bin        Contents        Error           Notes                         
0          5490.393204     14.389610       total sum                     
0          5489.009974     14.389572       excluding marked processes    
0          145510.000000   381.457730      Unweighted events, alpha=0.037732
  => Total parameter prop_binmuon_channel_bin0[0.00,-7.00,7.00] to be Gaussian constrained
------------------------------------------------------------
1          2092.730799     7.507887        total sum                     
1          2091.469679     7.507819        excluding marked processes    
1          77602.000000    278.571355      Unweighted events, alpha=0.026967
  => Total parameter prop_binmuon_channel_bin1[0.00,-7.00,7.00] to be Gaussian constrained
------------------------------------------------------------
2          926.435411      5.743330        total sum                     
2          925.287269      5.743251        excluding marked processes    
2          25956.000000    161.108659      Unweighted events, alpha=0.035693
  => Total parameter prop_binmuon_channel_bin2[0.00,-7.00,7.00] to be Gaussian constrained
------------------------------------------------------------
3          463.748993      3.622258        total sum                     
3          462.717279      3.622082        excluding marked processes    
3          16320.000000    127.749755      Unweighted events, alpha=0.028416
  => Total parameter prop_binmuon_channel_bin3[0.00,-7.00,7.00] to be Gaussian constrained
------------------------------------------------------------
4          241.165675      1.534053        total sum                     
4          240.228093      1.533810        excluding marked processes    
4          24530.000000    156.620561      Unweighted events, alpha=0.009831
  => Total parameter prop_binmuon_channel_bin4[0.00,-7.00,7.00] to be Gaussian constrained
------------------------------------------------------------
5          139.970209      1.743106        total sum                     
5          139.121722      1.742909        excluding marked processes    
5          6371.000000     79.818544       Unweighted events, alpha=0.021970
  => Total parameter prop_binmuon_channel_bin5[0.00,-7.00,7.00] to be Gaussian constrained
------------------------------------------------------------
6          134.273041      1.065189        total sum                     
6          132.798509      1.064641        excluding marked processes    
6          15559.000000    124.735721      Unweighted events, alpha=0.008630
  => Total parameter prop_binmuon_channel_bin6[0.00,-7.00,7.00] to be Gaussian constrained
------------------------------------------------------------
7          52.969731       0.722231        total sum                     
7          51.876344       0.721630        excluding marked processes    
7          5168.000000     71.888803       Unweighted events, alpha=0.010250
  => Total parameter prop_binmuon_channel_bin7[0.00,-7.00,7.00] to be Gaussian constrained
------------------------------------------------------------
8          30.699734       0.470009        total sum                     
8          29.337675       0.468872        excluding marked processes    
8          3915.000000     62.569961       Unweighted events, alpha=0.007842
  => Total parameter prop_binmuon_channel_bin8[0.00,-7.00,7.00] to be Gaussian constrained
------------------------------------------------------------
9          11.028012       0.335790        total sum                     
9          9.941359        0.334523        excluding marked processes    
9          883.000000      29.715316       Unweighted events, alpha=0.012489
  => Total parameter prop_binmuon_channel_bin9[0.00,-7.00,7.00] to be Gaussian constrained
------------------------------------------------------------
10         5.332404        0.109966        total sum                     
10         4.165375        0.105525        excluding marked processes    
10         1558.000000     39.471509       Unweighted events, alpha=0.003423
  => Total parameter prop_binmuon_channel_bin10[0.00,-7.00,7.00] to be Gaussian constrained
------------------------------------------------------------
11         2.970358        0.220284        total sum                     
11         1.762132        0.218174        excluding marked processes    
11         65.000000       8.062258        Unweighted events, alpha=0.045698
  => Total parameter prop_binmuon_channel_bin11[0.00,-7.00,7.00] to be Gaussian constrained
------------------------------------------------------------
12         1.361571        0.029579        total sum                     
12         0.276349        0.001778        excluding marked processes    
12         24153.000000    155.412355      Unweighted events, alpha=0.000056
  => Total parameter prop_binmuon_channel_bin12[0.00,-7.00,7.00] to be Gaussian constrained
------------------------------------------------------------
13         1.960207        0.038329        total sum                     
13         0.085750        0.001214        excluding marked processes    
13         4991.000000     70.647010       Unweighted events, alpha=0.000393
  => Total parameter prop_binmuon_channel_bin13[0.00,-7.00,7.00] to be Gaussian constrained
------------------------------------------------------------
14         0.322453        0.015913        total sum                     
14         0.007105        0.001511        excluding marked processes    
14         22.000000       4.690416        Unweighted events, alpha=0.014657
  => Total parameter prop_binmuon_channel_bin14[0.00,-7.00,7.00] to be Gaussian constrained
------------------------------------------------------------
15         0.026455        0.004513        total sum                     
15         0.001078        0.000054        excluding marked processes    
15         404.000000      20.099751       Unweighted events, alpha=0.000065
  => Total parameter prop_binmuon_channel_bin15[0.00,-7.00,7.00] to be Gaussian constrained
------------------------------------------------------------
Channel muon_channel will use autoMCStats with settings: event-threshold=10, include-signal=0, hist-mode=1

 -- MarkovChainMC -- 
Limit: r < 2.1482 +/- 0.00449101 @ 95% credibility (300 tries)
Done in 3.21 min (cpu), 3.24 min (real)
