 <<< Combine >>> 
 <<< v10.0.2 >>>
>>> Used OpenSSL to get a truly random seed -1981637298
>>> Method used is MarkovChainMC
============================================================
Analyzing bin errors for: prop_binmuon_channel
Poisson cut-off: 10
Processes excluded for sums: Wprime2000_kR0.1
============================================================
Bin        Contents        Error           Notes                         
0          5489.272610     14.389580       total sum                     
0          5489.009974     14.389572       excluding marked processes    
0          145510.000000   381.457730      Unweighted events, alpha=0.037724
  => Total parameter prop_binmuon_channel_bin0[0.00,-7.00,7.00] to be Gaussian constrained
------------------------------------------------------------
1          2091.856146     7.507841        total sum                     
1          2091.469679     7.507819        excluding marked processes    
1          77602.000000    278.571355      Unweighted events, alpha=0.026956
  => Total parameter prop_binmuon_channel_bin1[0.00,-7.00,7.00] to be Gaussian constrained
------------------------------------------------------------
2          925.823377      5.743291        total sum                     
2          925.287269      5.743251        excluding marked processes    
2          25956.000000    161.108659      Unweighted events, alpha=0.035669
  => Total parameter prop_binmuon_channel_bin2[0.00,-7.00,7.00] to be Gaussian constrained
------------------------------------------------------------
3          463.349628      3.622156        total sum                     
3          462.717279      3.622082        excluding marked processes    
3          16320.000000    127.749755      Unweighted events, alpha=0.028392
  => Total parameter prop_binmuon_channel_bin3[0.00,-7.00,7.00] to be Gaussian constrained
------------------------------------------------------------
4          241.010477      1.534025        total sum                     
4          240.228093      1.533810        excluding marked processes    
4          24530.000000    156.620561      Unweighted events, alpha=0.009825
  => Total parameter prop_binmuon_channel_bin4[0.00,-7.00,7.00] to be Gaussian constrained
------------------------------------------------------------
5          140.052727      1.743129        total sum                     
5          139.121722      1.742909        excluding marked processes    
5          6371.000000     79.818544       Unweighted events, alpha=0.021983
  => Total parameter prop_binmuon_channel_bin5[0.00,-7.00,7.00] to be Gaussian constrained
------------------------------------------------------------
6          135.035962      1.065529        total sum                     
6          132.798509      1.064641        excluding marked processes    
6          15559.000000    124.735721      Unweighted events, alpha=0.008679
  => Total parameter prop_binmuon_channel_bin6[0.00,-7.00,7.00] to be Gaussian constrained
------------------------------------------------------------
7          54.789098       0.723375        total sum                     
7          51.876344       0.721630        excluding marked processes    
7          5168.000000     71.888803       Unweighted events, alpha=0.010602
  => Total parameter prop_binmuon_channel_bin7[0.00,-7.00,7.00] to be Gaussian constrained
------------------------------------------------------------
8          34.966292       0.473879        total sum                     
8          29.337675       0.468872        excluding marked processes    
8          3915.000000     62.569961       Unweighted events, alpha=0.008931
  => Total parameter prop_binmuon_channel_bin8[0.00,-7.00,7.00] to be Gaussian constrained
------------------------------------------------------------
9          18.585012       0.345324        total sum                     
9          9.941359        0.334523        excluding marked processes    
9          883.000000      29.715316       Unweighted events, alpha=0.021048
  => Total parameter prop_binmuon_channel_bin9[0.00,-7.00,7.00] to be Gaussian constrained
------------------------------------------------------------
10         6.488926        0.114487        total sum                     
10         4.165375        0.105525        excluding marked processes    
10         1558.000000     39.471509       Unweighted events, alpha=0.004165
  => Total parameter prop_binmuon_channel_bin10[0.00,-7.00,7.00] to be Gaussian constrained
------------------------------------------------------------
11         1.783141        0.218214        total sum                     
11         1.762132        0.218174        excluding marked processes    
11         65.000000       8.062258        Unweighted events, alpha=0.027433
  => Total parameter prop_binmuon_channel_bin11[0.00,-7.00,7.00] to be Gaussian constrained
------------------------------------------------------------
12         0.278024        0.002090        total sum                     
12         0.276349        0.001778        excluding marked processes    
12         24153.000000    155.412355      Unweighted events, alpha=0.000012
  => Total parameter prop_binmuon_channel_bin12[0.00,-7.00,7.00] to be Gaussian constrained
------------------------------------------------------------
13         0.086341        0.001350        total sum                     
13         0.085750        0.001214        excluding marked processes    
13         4991.000000     70.647010       Unweighted events, alpha=0.000017
  => Total parameter prop_binmuon_channel_bin13[0.00,-7.00,7.00] to be Gaussian constrained
------------------------------------------------------------
14         0.007105        0.001511        total sum                     
14         0.007105        0.001511        excluding marked processes    
14         22.000000       4.690416        Unweighted events, alpha=0.000323
  => Total parameter prop_binmuon_channel_bin14[0.00,-7.00,7.00] to be Gaussian constrained
------------------------------------------------------------
15         0.001078        0.000054        total sum                     
15         0.001078        0.000054        excluding marked processes    
15         404.000000      20.099751       Unweighted events, alpha=0.000003
  => Total parameter prop_binmuon_channel_bin15[0.00,-7.00,7.00] to be Gaussian constrained
------------------------------------------------------------
Channel muon_channel will use autoMCStats with settings: event-threshold=10, include-signal=0, hist-mode=1
Generate toy 1/250

 -- MarkovChainMC -- 
Limit: r < 0.444596 +/- 0.00742905 @ 95% credibility (15 tries)
Done in 0.14 min (cpu), 0.14 min (real)
Generate toy 2/250

 -- MarkovChainMC -- 
Limit: r < 0.990037 +/- 0.00406785 @ 95% credibility (15 tries)
Done in 0.16 min (cpu), 0.16 min (real)
Generate toy 3/250

 -- MarkovChainMC -- 
Limit: r < 0.944745 +/- 0.00512686 @ 95% credibility (15 tries)
Done in 0.14 min (cpu), 0.14 min (real)
Generate toy 4/250

 -- MarkovChainMC -- 
Limit: r < 1.26782 +/- 0.0100761 @ 95% credibility (15 tries)
Done in 0.13 min (cpu), 0.13 min (real)
Generate toy 5/250

 -- MarkovChainMC -- 
Limit: r < 0.74108 +/- 0.00620423 @ 95% credibility (15 tries)
Done in 0.12 min (cpu), 0.12 min (real)
Generate toy 6/250

 -- MarkovChainMC -- 
Limit: r < 1.33628 +/- 0.00944198 @ 95% credibility (15 tries)
Done in 0.17 min (cpu), 0.17 min (real)
Generate toy 7/250

 -- MarkovChainMC -- 
Limit: r < 1.36202 +/- 0.0059029 @ 95% credibility (15 tries)
Done in 0.18 min (cpu), 0.18 min (real)
Generate toy 8/250

 -- MarkovChainMC -- 
Limit: r < 0.696972 +/- 0.00608731 @ 95% credibility (15 tries)
Done in 0.13 min (cpu), 0.13 min (real)
Generate toy 9/250

 -- MarkovChainMC -- 
Limit: r < 1.12221 +/- 0.00819262 @ 95% credibility (15 tries)
Done in 0.13 min (cpu), 0.13 min (real)
Generate toy 10/250

 -- MarkovChainMC -- 
Limit: r < 0.537145 +/- 0.00441677 @ 95% credibility (15 tries)
Done in 0.14 min (cpu), 0.14 min (real)
Generate toy 11/250

 -- MarkovChainMC -- 
Limit: r < 0.528325 +/- 0.00571306 @ 95% credibility (15 tries)
Done in 0.11 min (cpu), 0.11 min (real)
Generate toy 12/250

 -- MarkovChainMC -- 
Limit: r < 0.513833 +/- 0.00517108 @ 95% credibility (15 tries)
Done in 0.13 min (cpu), 0.13 min (real)
Generate toy 13/250

 -- MarkovChainMC -- 
Limit: r < 0.569877 +/- 0.0053255 @ 95% credibility (15 tries)
Done in 0.15 min (cpu), 0.15 min (real)
Generate toy 14/250

 -- MarkovChainMC -- 
Limit: r < 0.752569 +/- 0.00588441 @ 95% credibility (15 tries)
Done in 0.18 min (cpu), 0.19 min (real)
Generate toy 15/250

 -- MarkovChainMC -- 
Limit: r < 0.692748 +/- 0.00510186 @ 95% credibility (15 tries)
Done in 0.18 min (cpu), 0.19 min (real)
Generate toy 16/250

 -- MarkovChainMC -- 
Limit: r < 0.693045 +/- 0.00454374 @ 95% credibility (15 tries)
Done in 0.18 min (cpu), 0.18 min (real)
Generate toy 17/250

 -- MarkovChainMC -- 
Limit: r < 0.548229 +/- 0.00648794 @ 95% credibility (15 tries)
Done in 0.17 min (cpu), 0.18 min (real)
Generate toy 18/250

 -- MarkovChainMC -- 
Limit: r < 1.20769 +/- 0.00931528 @ 95% credibility (15 tries)
Done in 0.19 min (cpu), 0.19 min (real)
Generate toy 19/250

 -- MarkovChainMC -- 
Limit: r < 0.875627 +/- 0.00836086 @ 95% credibility (15 tries)
Done in 0.18 min (cpu), 0.18 min (real)
Generate toy 20/250

 -- MarkovChainMC -- 
Limit: r < 0.823066 +/- 0.0101572 @ 95% credibility (15 tries)
Done in 0.18 min (cpu), 0.18 min (real)
Generate toy 21/250

 -- MarkovChainMC -- 
Limit: r < 0.824366 +/- 0.0111349 @ 95% credibility (15 tries)
Done in 0.18 min (cpu), 0.19 min (real)
Generate toy 22/250

 -- MarkovChainMC -- 
Limit: r < 0.655304 +/- 0.00340839 @ 95% credibility (15 tries)
Done in 0.18 min (cpu), 0.18 min (real)
Generate toy 23/250

 -- MarkovChainMC -- 
Limit: r < 1.56478 +/- 0.00974571 @ 95% credibility (15 tries)
Done in 0.19 min (cpu), 0.20 min (real)
Generate toy 24/250

 -- MarkovChainMC -- 
Limit: r < 1.15353 +/- 0.0086864 @ 95% credibility (15 tries)
Done in 0.19 min (cpu), 0.20 min (real)
Generate toy 25/250

 -- MarkovChainMC -- 
Limit: r < 0.846879 +/- 0.00334867 @ 95% credibility (15 tries)
Done in 0.18 min (cpu), 0.19 min (real)
Generate toy 26/250

 -- MarkovChainMC -- 
Limit: r < 0.894596 +/- 0.00426104 @ 95% credibility (15 tries)
Done in 0.19 min (cpu), 0.20 min (real)
Generate toy 27/250

 -- MarkovChainMC -- 
Limit: r < 0.89235 +/- 0.00781606 @ 95% credibility (15 tries)
Done in 0.18 min (cpu), 0.19 min (real)
Generate toy 28/250

 -- MarkovChainMC -- 
Limit: r < 0.593837 +/- 0.00481606 @ 95% credibility (15 tries)
Done in 0.17 min (cpu), 0.18 min (real)
Generate toy 29/250

 -- MarkovChainMC -- 
Limit: r < 0.890965 +/- 0.00520977 @ 95% credibility (15 tries)
Done in 0.18 min (cpu), 0.19 min (real)
Generate toy 30/250

 -- MarkovChainMC -- 
Limit: r < 0.79727 +/- 0.00400864 @ 95% credibility (15 tries)
Done in 0.18 min (cpu), 0.18 min (real)
Generate toy 31/250

 -- MarkovChainMC -- 
Limit: r < 0.517089 +/- 0.00744824 @ 95% credibility (15 tries)
Done in 0.16 min (cpu), 0.16 min (real)
Generate toy 32/250

 -- MarkovChainMC -- 
Limit: r < 1.15545 +/- 0.00826969 @ 95% credibility (15 tries)
Done in 0.15 min (cpu), 0.15 min (real)
Generate toy 33/250

 -- MarkovChainMC -- 
Limit: r < 0.642162 +/- 0.00694629 @ 95% credibility (15 tries)
Done in 0.14 min (cpu), 0.14 min (real)
Generate toy 34/250

 -- MarkovChainMC -- 
Limit: r < 0.661809 +/- 0.00676362 @ 95% credibility (15 tries)
Done in 0.14 min (cpu), 0.14 min (real)
Generate toy 35/250

 -- MarkovChainMC -- 
Limit: r < 0.897106 +/- 0.0072277 @ 95% credibility (15 tries)
Done in 0.13 min (cpu), 0.13 min (real)
Generate toy 36/250

 -- MarkovChainMC -- 
Limit: r < 0.734269 +/- 0.0097426 @ 95% credibility (15 tries)
Done in 0.12 min (cpu), 0.12 min (real)
Generate toy 37/250

 -- MarkovChainMC -- 
Limit: r < 0.79084 +/- 0.0036862 @ 95% credibility (15 tries)
Done in 0.14 min (cpu), 0.14 min (real)
Generate toy 38/250

 -- MarkovChainMC -- 
Limit: r < 1.77198 +/- 0.00649687 @ 95% credibility (15 tries)
Done in 0.14 min (cpu), 0.14 min (real)
Generate toy 39/250

 -- MarkovChainMC -- 
Limit: r < 0.920307 +/- 0.00877033 @ 95% credibility (15 tries)
Done in 0.15 min (cpu), 0.15 min (real)
Generate toy 40/250

 -- MarkovChainMC -- 
Limit: r < 0.790474 +/- 0.00494207 @ 95% credibility (15 tries)
Done in 0.12 min (cpu), 0.13 min (real)
Generate toy 41/250

 -- MarkovChainMC -- 
Limit: r < 0.866431 +/- 0.00487505 @ 95% credibility (15 tries)
Done in 0.14 min (cpu), 0.15 min (real)
Generate toy 42/250

 -- MarkovChainMC -- 
Limit: r < 0.856643 +/- 0.0117346 @ 95% credibility (15 tries)
Done in 0.14 min (cpu), 0.14 min (real)
Generate toy 43/250

 -- MarkovChainMC -- 
Limit: r < 1.15855 +/- 0.0111985 @ 95% credibility (15 tries)
Done in 0.14 min (cpu), 0.14 min (real)
Generate toy 44/250

 -- MarkovChainMC -- 
Limit: r < 0.67617 +/- 0.0100178 @ 95% credibility (15 tries)
Done in 0.12 min (cpu), 0.12 min (real)
Generate toy 45/250

 -- MarkovChainMC -- 
Limit: r < 0.46458 +/- 0.00400165 @ 95% credibility (15 tries)
Done in 0.12 min (cpu), 0.12 min (real)
Generate toy 46/250

 -- MarkovChainMC -- 
Limit: r < 0.685784 +/- 0.00815836 @ 95% credibility (15 tries)
Done in 0.14 min (cpu), 0.14 min (real)
Generate toy 47/250

 -- MarkovChainMC -- 
Limit: r < 1.20566 +/- 0.00569103 @ 95% credibility (15 tries)
Done in 0.14 min (cpu), 0.14 min (real)
Generate toy 48/250

 -- MarkovChainMC -- 
Limit: r < 0.836928 +/- 0.0101576 @ 95% credibility (15 tries)
Done in 0.15 min (cpu), 0.15 min (real)
Generate toy 49/250

 -- MarkovChainMC -- 
Limit: r < 0.995124 +/- 0.00507993 @ 95% credibility (15 tries)
Done in 0.15 min (cpu), 0.15 min (real)
Generate toy 50/250

 -- MarkovChainMC -- 
Limit: r < 1.13672 +/- 0.0100185 @ 95% credibility (15 tries)
Done in 0.16 min (cpu), 0.16 min (real)
Generate toy 51/250

 -- MarkovChainMC -- 
Limit: r < 0.721184 +/- 0.00720785 @ 95% credibility (15 tries)
Done in 0.16 min (cpu), 0.16 min (real)
Generate toy 52/250

 -- MarkovChainMC -- 
Limit: r < 0.645402 +/- 0.00656372 @ 95% credibility (15 tries)
Done in 0.18 min (cpu), 0.19 min (real)
Generate toy 53/250

 -- MarkovChainMC -- 
Limit: r < 1.20045 +/- 0.0061363 @ 95% credibility (15 tries)
Done in 0.20 min (cpu), 0.20 min (real)
Generate toy 54/250

 -- MarkovChainMC -- 
Limit: r < 0.549971 +/- 0.00210744 @ 95% credibility (15 tries)
Done in 0.19 min (cpu), 0.19 min (real)
Generate toy 55/250

 -- MarkovChainMC -- 
Limit: r < 0.558649 +/- 0.00394872 @ 95% credibility (15 tries)
Done in 0.19 min (cpu), 0.19 min (real)
Generate toy 56/250

 -- MarkovChainMC -- 
Limit: r < 0.633177 +/- 0.00443702 @ 95% credibility (15 tries)
Done in 0.18 min (cpu), 0.19 min (real)
Generate toy 57/250

 -- MarkovChainMC -- 
Limit: r < 0.681164 +/- 0.00724171 @ 95% credibility (15 tries)
Done in 0.19 min (cpu), 0.19 min (real)
Generate toy 58/250

 -- MarkovChainMC -- 
Limit: r < 1.22071 +/- 0.00464091 @ 95% credibility (15 tries)
Done in 0.20 min (cpu), 0.21 min (real)
Generate toy 59/250

 -- MarkovChainMC -- 
Limit: r < 1.34944 +/- 0.0112341 @ 95% credibility (15 tries)
Done in 0.21 min (cpu), 0.21 min (real)
Generate toy 60/250

 -- MarkovChainMC -- 
Limit: r < 0.864189 +/- 0.00709625 @ 95% credibility (15 tries)
Done in 0.19 min (cpu), 0.19 min (real)
Generate toy 61/250

 -- MarkovChainMC -- 
Limit: r < 0.755479 +/- 0.00601685 @ 95% credibility (15 tries)
Done in 0.19 min (cpu), 0.19 min (real)
Generate toy 62/250

 -- MarkovChainMC -- 
Limit: r < 0.685853 +/- 0.00309453 @ 95% credibility (15 tries)
Done in 0.19 min (cpu), 0.19 min (real)
Generate toy 63/250

 -- MarkovChainMC -- 
Limit: r < 0.725523 +/- 0.00783043 @ 95% credibility (15 tries)
Done in 0.19 min (cpu), 0.19 min (real)
Generate toy 64/250

 -- MarkovChainMC -- 
Limit: r < 0.783787 +/- 0.00231952 @ 95% credibility (15 tries)
Done in 0.18 min (cpu), 0.19 min (real)
Generate toy 65/250

 -- MarkovChainMC -- 
Limit: r < 1.19593 +/- 0.00641252 @ 95% credibility (15 tries)
Done in 0.20 min (cpu), 0.20 min (real)
Generate toy 66/250

 -- MarkovChainMC -- 
Limit: r < 0.673294 +/- 0.0038431 @ 95% credibility (15 tries)
Done in 0.18 min (cpu), 0.18 min (real)
Generate toy 67/250

 -- MarkovChainMC -- 
Limit: r < 0.72413 +/- 0.00756279 @ 95% credibility (15 tries)
Done in 0.19 min (cpu), 0.19 min (real)
Generate toy 68/250

 -- MarkovChainMC -- 
Limit: r < 1.75237 +/- 0.00812701 @ 95% credibility (15 tries)
Done in 0.19 min (cpu), 0.20 min (real)
Generate toy 69/250

 -- MarkovChainMC -- 
Limit: r < 0.948442 +/- 0.00678299 @ 95% credibility (15 tries)
Done in 0.15 min (cpu), 0.15 min (real)
Generate toy 70/250

 -- MarkovChainMC -- 
Limit: r < 0.839128 +/- 0.0114672 @ 95% credibility (15 tries)
Done in 0.13 min (cpu), 0.14 min (real)
Generate toy 71/250

 -- MarkovChainMC -- 
Limit: r < 0.665056 +/- 0.0063368 @ 95% credibility (15 tries)
Done in 0.14 min (cpu), 0.14 min (real)
Generate toy 72/250

 -- MarkovChainMC -- 
Limit: r < 0.608866 +/- 0.00681485 @ 95% credibility (15 tries)
Done in 0.15 min (cpu), 0.15 min (real)
Generate toy 73/250

 -- MarkovChainMC -- 
Limit: r < 0.57726 +/- 0.00612398 @ 95% credibility (15 tries)
Done in 0.12 min (cpu), 0.12 min (real)
Generate toy 74/250

 -- MarkovChainMC -- 
Limit: r < 0.823361 +/- 0.00594761 @ 95% credibility (15 tries)
Done in 0.14 min (cpu), 0.15 min (real)
Generate toy 75/250

 -- MarkovChainMC -- 
Limit: r < 0.649727 +/- 0.00902373 @ 95% credibility (15 tries)
Done in 0.15 min (cpu), 0.15 min (real)
Generate toy 76/250

 -- MarkovChainMC -- 
Limit: r < 0.511432 +/- 0.00474359 @ 95% credibility (15 tries)
Done in 0.12 min (cpu), 0.12 min (real)
Generate toy 77/250

 -- MarkovChainMC -- 
Limit: r < 0.684356 +/- 0.00436893 @ 95% credibility (15 tries)
Done in 0.13 min (cpu), 0.13 min (real)
Generate toy 78/250

 -- MarkovChainMC -- 
Limit: r < 0.691941 +/- 0.00410877 @ 95% credibility (15 tries)
Done in 0.13 min (cpu), 0.13 min (real)
Generate toy 79/250

 -- MarkovChainMC -- 
Limit: r < 0.628513 +/- 0.00652499 @ 95% credibility (15 tries)
Done in 0.12 min (cpu), 0.12 min (real)
Generate toy 80/250

 -- MarkovChainMC -- 
Limit: r < 0.377291 +/- 0.00152466 @ 95% credibility (15 tries)
Done in 0.12 min (cpu), 0.12 min (real)
Generate toy 81/250

 -- MarkovChainMC -- 
Limit: r < 1.15008 +/- 0.00609328 @ 95% credibility (15 tries)
Done in 0.15 min (cpu), 0.15 min (real)
Generate toy 82/250

 -- MarkovChainMC -- 
Limit: r < 0.644015 +/- 0.00460753 @ 95% credibility (15 tries)
Done in 0.12 min (cpu), 0.12 min (real)
Generate toy 83/250

 -- MarkovChainMC -- 
Limit: r < 0.579649 +/- 0.00513208 @ 95% credibility (15 tries)
Done in 0.12 min (cpu), 0.12 min (real)
Generate toy 84/250

 -- MarkovChainMC -- 
Limit: r < 0.533189 +/- 0.00867906 @ 95% credibility (15 tries)
Done in 0.12 min (cpu), 0.12 min (real)
Generate toy 85/250

 -- MarkovChainMC -- 
Limit: r < 0.915782 +/- 0.0125787 @ 95% credibility (15 tries)
Done in 0.14 min (cpu), 0.14 min (real)
Generate toy 86/250

 -- MarkovChainMC -- 
Limit: r < 0.619055 +/- 0.00726503 @ 95% credibility (15 tries)
Done in 0.13 min (cpu), 0.13 min (real)
Generate toy 87/250

 -- MarkovChainMC -- 
Limit: r < 0.964731 +/- 0.00899233 @ 95% credibility (15 tries)
Done in 0.13 min (cpu), 0.14 min (real)
Generate toy 88/250

 -- MarkovChainMC -- 
Limit: r < 1.22944 +/- 0.0128131 @ 95% credibility (15 tries)
Done in 0.13 min (cpu), 0.13 min (real)
Generate toy 89/250

 -- MarkovChainMC -- 
Limit: r < 1.38695 +/- 0.0143658 @ 95% credibility (15 tries)
Done in 0.15 min (cpu), 0.15 min (real)
Generate toy 90/250

 -- MarkovChainMC -- 
Limit: r < 0.666222 +/- 0.00597353 @ 95% credibility (15 tries)
Done in 0.14 min (cpu), 0.14 min (real)
Generate toy 91/250

 -- MarkovChainMC -- 
Limit: r < 0.569387 +/- 0.0116362 @ 95% credibility (15 tries)
Done in 0.18 min (cpu), 0.19 min (real)
Generate toy 92/250

 -- MarkovChainMC -- 
Limit: r < 0.903463 +/- 0.00840766 @ 95% credibility (15 tries)
Done in 0.19 min (cpu), 0.20 min (real)
Generate toy 93/250

 -- MarkovChainMC -- 
Limit: r < 0.709676 +/- 0.00932931 @ 95% credibility (15 tries)
Done in 0.19 min (cpu), 0.19 min (real)
Generate toy 94/250

 -- MarkovChainMC -- 
Limit: r < 0.807472 +/- 0.00605637 @ 95% credibility (15 tries)
Done in 0.19 min (cpu), 0.20 min (real)
Generate toy 95/250

 -- MarkovChainMC -- 
Limit: r < 0.66053 +/- 0.00762426 @ 95% credibility (15 tries)
Done in 0.19 min (cpu), 0.19 min (real)
Generate toy 96/250

 -- MarkovChainMC -- 
Limit: r < 0.442301 +/- 0.00396899 @ 95% credibility (15 tries)
Done in 0.18 min (cpu), 0.18 min (real)
Generate toy 97/250

 -- MarkovChainMC -- 
Limit: r < 0.509596 +/- 0.00363953 @ 95% credibility (15 tries)
Done in 0.18 min (cpu), 0.18 min (real)
Generate toy 98/250

 -- MarkovChainMC -- 
Limit: r < 0.856655 +/- 0.00593658 @ 95% credibility (15 tries)
Done in 0.19 min (cpu), 0.20 min (real)
Generate toy 99/250

 -- MarkovChainMC -- 
Limit: r < 1.14722 +/- 0.00940262 @ 95% credibility (15 tries)
Done in 0.20 min (cpu), 0.20 min (real)
Generate toy 100/250

 -- MarkovChainMC -- 
Limit: r < 1.32502 +/- 0.00720765 @ 95% credibility (15 tries)
Done in 0.20 min (cpu), 0.21 min (real)
Generate toy 101/250

 -- MarkovChainMC -- 
Limit: r < 0.57329 +/- 0.003824 @ 95% credibility (15 tries)
Done in 0.18 min (cpu), 0.18 min (real)
Generate toy 102/250

 -- MarkovChainMC -- 
Limit: r < 0.912586 +/- 0.00310993 @ 95% credibility (15 tries)
Done in 0.19 min (cpu), 0.19 min (real)
Generate toy 103/250

 -- MarkovChainMC -- 
Limit: r < 0.564418 +/- 0.00508783 @ 95% credibility (15 tries)
Done in 0.18 min (cpu), 0.18 min (real)
Generate toy 104/250

 -- MarkovChainMC -- 
Limit: r < 0.835748 +/- 0.00949176 @ 95% credibility (15 tries)
Done in 0.19 min (cpu), 0.20 min (real)
Generate toy 105/250

 -- MarkovChainMC -- 
Limit: r < 0.68742 +/- 0.00505819 @ 95% credibility (15 tries)
Done in 0.18 min (cpu), 0.18 min (real)
Generate toy 106/250

 -- MarkovChainMC -- 
Limit: r < 0.574365 +/- 0.00713451 @ 95% credibility (15 tries)
Done in 0.17 min (cpu), 0.17 min (real)
Generate toy 107/250

 -- MarkovChainMC -- 
Limit: r < 0.74657 +/- 0.00347559 @ 95% credibility (15 tries)
Done in 0.18 min (cpu), 0.18 min (real)
Generate toy 108/250

 -- MarkovChainMC -- 
Limit: r < 1.28024 +/- 0.00693101 @ 95% credibility (15 tries)
Done in 0.20 min (cpu), 0.21 min (real)
Generate toy 109/250

 -- MarkovChainMC -- 
Limit: r < 0.488775 +/- 0.0047878 @ 95% credibility (15 tries)
Done in 0.14 min (cpu), 0.14 min (real)
Generate toy 110/250

 -- MarkovChainMC -- 
Limit: r < 0.706546 +/- 0.00513234 @ 95% credibility (15 tries)
Done in 0.14 min (cpu), 0.14 min (real)
Generate toy 111/250

 -- MarkovChainMC -- 
Limit: r < 0.429233 +/- 0.00352256 @ 95% credibility (15 tries)
Done in 0.13 min (cpu), 0.13 min (real)
Generate toy 112/250

 -- MarkovChainMC -- 
Limit: r < 0.793277 +/- 0.00870907 @ 95% credibility (15 tries)
Done in 0.13 min (cpu), 0.13 min (real)
Generate toy 113/250

 -- MarkovChainMC -- 
Limit: r < 0.912095 +/- 0.00903896 @ 95% credibility (15 tries)
Done in 0.12 min (cpu), 0.12 min (real)
Generate toy 114/250

 -- MarkovChainMC -- 
Limit: r < 0.547493 +/- 0.00472073 @ 95% credibility (15 tries)
Done in 0.12 min (cpu), 0.12 min (real)
Generate toy 115/250

 -- MarkovChainMC -- 
Limit: r < 0.821238 +/- 0.00780053 @ 95% credibility (15 tries)
Done in 0.13 min (cpu), 0.13 min (real)
Generate toy 116/250

 -- MarkovChainMC -- 
Limit: r < 1.1686 +/- 0.00609303 @ 95% credibility (15 tries)
Done in 0.13 min (cpu), 0.13 min (real)
Generate toy 117/250

 -- MarkovChainMC -- 
Limit: r < 0.521485 +/- 0.00663876 @ 95% credibility (15 tries)
Done in 0.17 min (cpu), 0.17 min (real)
Generate toy 118/250

 -- MarkovChainMC -- 
Limit: r < 0.778125 +/- 0.00999604 @ 95% credibility (15 tries)
Done in 0.12 min (cpu), 0.12 min (real)
Generate toy 119/250

 -- MarkovChainMC -- 
Limit: r < 1.48583 +/- 0.00845146 @ 95% credibility (15 tries)
Done in 0.16 min (cpu), 0.16 min (real)
Generate toy 120/250

 -- MarkovChainMC -- 
Limit: r < 1.17537 +/- 0.0095862 @ 95% credibility (15 tries)
Done in 0.14 min (cpu), 0.14 min (real)
Generate toy 121/250

 -- MarkovChainMC -- 
Limit: r < 0.574711 +/- 0.00738729 @ 95% credibility (15 tries)
Done in 0.15 min (cpu), 0.15 min (real)
Generate toy 122/250

 -- MarkovChainMC -- 
Limit: r < 0.999714 +/- 0.00953372 @ 95% credibility (15 tries)
Done in 0.13 min (cpu), 0.13 min (real)
Generate toy 123/250

 -- MarkovChainMC -- 
Limit: r < 0.549785 +/- 0.00326733 @ 95% credibility (15 tries)
Done in 0.12 min (cpu), 0.12 min (real)
Generate toy 124/250

 -- MarkovChainMC -- 
Limit: r < 0.532471 +/- 0.00484641 @ 95% credibility (15 tries)
Done in 0.12 min (cpu), 0.12 min (real)
Generate toy 125/250

 -- MarkovChainMC -- 
Limit: r < 1.07632 +/- 0.00859674 @ 95% credibility (15 tries)
Done in 0.13 min (cpu), 0.13 min (real)
Generate toy 126/250

 -- MarkovChainMC -- 
Limit: r < 0.391852 +/- 0.00621108 @ 95% credibility (15 tries)
Done in 0.15 min (cpu), 0.15 min (real)
Generate toy 127/250

 -- MarkovChainMC -- 
Limit: r < 0.439816 +/- 0.00550591 @ 95% credibility (15 tries)
Done in 0.11 min (cpu), 0.11 min (real)
Generate toy 128/250

 -- MarkovChainMC -- 
Limit: r < 0.60281 +/- 0.00692453 @ 95% credibility (15 tries)
Done in 0.12 min (cpu), 0.12 min (real)
Generate toy 129/250

 -- MarkovChainMC -- 
Limit: r < 0.445148 +/- 0.0075042 @ 95% credibility (15 tries)
Done in 0.12 min (cpu), 0.12 min (real)
Generate toy 130/250

 -- MarkovChainMC -- 
Limit: r < 0.81584 +/- 0.00609 @ 95% credibility (15 tries)
Done in 0.14 min (cpu), 0.14 min (real)
Generate toy 131/250

 -- MarkovChainMC -- 
Limit: r < 0.756602 +/- 0.00798919 @ 95% credibility (15 tries)
Done in 0.11 min (cpu), 0.12 min (real)
Generate toy 132/250

 -- MarkovChainMC -- 
Limit: r < 0.870632 +/- 0.00371931 @ 95% credibility (15 tries)
Done in 0.15 min (cpu), 0.15 min (real)
Generate toy 133/250

 -- MarkovChainMC -- 
Limit: r < 0.816466 +/- 0.00598893 @ 95% credibility (15 tries)
Done in 0.19 min (cpu), 0.20 min (real)
Generate toy 134/250

 -- MarkovChainMC -- 
Limit: r < 0.688884 +/- 0.0088545 @ 95% credibility (15 tries)
Done in 0.19 min (cpu), 0.19 min (real)
Generate toy 135/250

 -- MarkovChainMC -- 
Limit: r < 0.490574 +/- 0.00526425 @ 95% credibility (15 tries)
Done in 0.18 min (cpu), 0.18 min (real)
Generate toy 136/250

 -- MarkovChainMC -- 
Limit: r < 0.911093 +/- 0.00538879 @ 95% credibility (15 tries)
Done in 0.19 min (cpu), 0.19 min (real)
Generate toy 137/250

 -- MarkovChainMC -- 
Limit: r < 0.858224 +/- 0.00856399 @ 95% credibility (15 tries)
Done in 0.19 min (cpu), 0.19 min (real)
Generate toy 138/250

 -- MarkovChainMC -- 
Limit: r < 1.10902 +/- 0.00589951 @ 95% credibility (15 tries)
Done in 0.20 min (cpu), 0.20 min (real)
Generate toy 139/250

 -- MarkovChainMC -- 
Limit: r < 0.734364 +/- 0.0062795 @ 95% credibility (15 tries)
Done in 0.18 min (cpu), 0.18 min (real)
Generate toy 140/250

 -- MarkovChainMC -- 
Limit: r < 1.00582 +/- 0.0107666 @ 95% credibility (15 tries)
Done in 0.19 min (cpu), 0.20 min (real)
Generate toy 141/250

 -- MarkovChainMC -- 
Limit: r < 0.462617 +/- 0.00539837 @ 95% credibility (15 tries)
Done in 0.18 min (cpu), 0.18 min (real)
Generate toy 142/250

 -- MarkovChainMC -- 
Limit: r < 1.71924 +/- 0.0103131 @ 95% credibility (15 tries)
Done in 0.21 min (cpu), 0.21 min (real)
Generate toy 143/250

 -- MarkovChainMC -- 
Limit: r < 0.630317 +/- 0.00387853 @ 95% credibility (15 tries)
Done in 0.18 min (cpu), 0.18 min (real)
Generate toy 144/250

 -- MarkovChainMC -- 
Limit: r < 0.908698 +/- 0.00974158 @ 95% credibility (15 tries)
Done in 0.19 min (cpu), 0.19 min (real)
Generate toy 145/250

 -- MarkovChainMC -- 
Limit: r < 0.888605 +/- 0.00825644 @ 95% credibility (15 tries)
Done in 0.20 min (cpu), 0.20 min (real)
Generate toy 146/250

 -- MarkovChainMC -- 
Limit: r < 0.739397 +/- 0.0047229 @ 95% credibility (15 tries)
Done in 0.19 min (cpu), 0.20 min (real)
Generate toy 147/250

 -- MarkovChainMC -- 
Limit: r < 0.932275 +/- 0.00377859 @ 95% credibility (15 tries)
Done in 0.20 min (cpu), 0.20 min (real)
Generate toy 148/250

 -- MarkovChainMC -- 
Limit: r < 1.13636 +/- 0.0098091 @ 95% credibility (15 tries)
Done in 0.20 min (cpu), 0.20 min (real)
Generate toy 149/250

 -- MarkovChainMC -- 
Limit: r < 1.11766 +/- 0.00630898 @ 95% credibility (15 tries)
Done in 0.20 min (cpu), 0.20 min (real)
Generate toy 150/250

 -- MarkovChainMC -- 
Limit: r < 0.646416 +/- 0.00647446 @ 95% credibility (15 tries)
Done in 0.18 min (cpu), 0.19 min (real)
Generate toy 151/250

 -- MarkovChainMC -- 
Limit: r < 0.930604 +/- 0.00776676 @ 95% credibility (15 tries)
Done in 0.19 min (cpu), 0.19 min (real)
Generate toy 152/250

 -- MarkovChainMC -- 
Limit: r < 0.592711 +/- 0.00803903 @ 95% credibility (15 tries)
Done in 0.17 min (cpu), 0.18 min (real)
Generate toy 153/250

 -- MarkovChainMC -- 
Limit: r < 1.02747 +/- 0.00695778 @ 95% credibility (15 tries)
Done in 0.19 min (cpu), 0.19 min (real)
Generate toy 154/250

 -- MarkovChainMC -- 
Limit: r < 0.658256 +/- 0.00876901 @ 95% credibility (15 tries)
Done in 0.17 min (cpu), 0.17 min (real)
Generate toy 155/250

 -- MarkovChainMC -- 
Limit: r < 1.00894 +/- 0.00551094 @ 95% credibility (15 tries)
Done in 0.18 min (cpu), 0.18 min (real)
Generate toy 156/250

 -- MarkovChainMC -- 
Limit: r < 0.885408 +/- 0.00636299 @ 95% credibility (15 tries)
Done in 0.18 min (cpu), 0.18 min (real)
Generate toy 157/250

 -- MarkovChainMC -- 
Limit: r < 1.25608 +/- 0.00570711 @ 95% credibility (15 tries)
Done in 0.18 min (cpu), 0.19 min (real)
Generate toy 158/250

 -- MarkovChainMC -- 
Limit: r < 0.647165 +/- 0.00769832 @ 95% credibility (15 tries)
Done in 0.17 min (cpu), 0.17 min (real)
Generate toy 159/250

 -- MarkovChainMC -- 
Limit: r < 0.356016 +/- 0.0031252 @ 95% credibility (15 tries)
Done in 0.17 min (cpu), 0.17 min (real)
Generate toy 160/250

 -- MarkovChainMC -- 
Limit: r < 1.24437 +/- 0.00917881 @ 95% credibility (15 tries)
Done in 0.18 min (cpu), 0.19 min (real)
Generate toy 161/250

 -- MarkovChainMC -- 
Limit: r < 0.909755 +/- 0.00771991 @ 95% credibility (15 tries)
Done in 0.17 min (cpu), 0.17 min (real)
Generate toy 162/250

 -- MarkovChainMC -- 
Limit: r < 0.77448 +/- 0.00631629 @ 95% credibility (15 tries)
Done in 0.17 min (cpu), 0.17 min (real)
Generate toy 163/250

 -- MarkovChainMC -- 
Limit: r < 1.0344 +/- 0.00761544 @ 95% credibility (15 tries)
Done in 0.18 min (cpu), 0.19 min (real)
Generate toy 164/250

 -- MarkovChainMC -- 
Limit: r < 0.871139 +/- 0.00846973 @ 95% credibility (15 tries)
Done in 0.18 min (cpu), 0.19 min (real)
Generate toy 165/250

 -- MarkovChainMC -- 
Limit: r < 0.665475 +/- 0.00669608 @ 95% credibility (15 tries)
Done in 0.17 min (cpu), 0.18 min (real)
Generate toy 166/250

 -- MarkovChainMC -- 
Limit: r < 0.77178 +/- 0.00781976 @ 95% credibility (15 tries)
Done in 0.17 min (cpu), 0.18 min (real)
Generate toy 167/250

 -- MarkovChainMC -- 
Limit: r < 0.60411 +/- 0.00581033 @ 95% credibility (15 tries)
Done in 0.18 min (cpu), 0.18 min (real)
Generate toy 168/250

 -- MarkovChainMC -- 
Limit: r < 0.898428 +/- 0.00761983 @ 95% credibility (15 tries)
Done in 0.16 min (cpu), 0.17 min (real)
Generate toy 169/250

 -- MarkovChainMC -- 
Limit: r < 1.05519 +/- 0.00601204 @ 95% credibility (15 tries)
Done in 0.15 min (cpu), 0.15 min (real)
Generate toy 170/250

 -- MarkovChainMC -- 
Limit: r < 0.714875 +/- 0.00454951 @ 95% credibility (15 tries)
Done in 0.13 min (cpu), 0.13 min (real)
Generate toy 171/250

 -- MarkovChainMC -- 
Limit: r < 0.536259 +/- 0.00741717 @ 95% credibility (15 tries)
Done in 0.13 min (cpu), 0.13 min (real)
Generate toy 172/250

 -- MarkovChainMC -- 
Limit: r < 0.53376 +/- 0.00550088 @ 95% credibility (15 tries)
Done in 0.13 min (cpu), 0.13 min (real)
Generate toy 173/250

 -- MarkovChainMC -- 
Limit: r < 0.797434 +/- 0.0120307 @ 95% credibility (15 tries)
Done in 0.15 min (cpu), 0.15 min (real)
Generate toy 174/250

 -- MarkovChainMC -- 
Limit: r < 0.857938 +/- 0.00520246 @ 95% credibility (15 tries)
Done in 0.14 min (cpu), 0.14 min (real)
Generate toy 175/250

 -- MarkovChainMC -- 
Limit: r < 0.728208 +/- 0.00623806 @ 95% credibility (15 tries)
Done in 0.12 min (cpu), 0.12 min (real)
Generate toy 176/250

 -- MarkovChainMC -- 
Limit: r < 0.775245 +/- 0.00754737 @ 95% credibility (15 tries)
Done in 0.14 min (cpu), 0.14 min (real)
Generate toy 177/250

 -- MarkovChainMC -- 
Limit: r < 0.550488 +/- 0.00722107 @ 95% credibility (15 tries)
Done in 0.12 min (cpu), 0.12 min (real)
Generate toy 178/250

 -- MarkovChainMC -- 
Limit: r < 0.907966 +/- 0.00794491 @ 95% credibility (15 tries)
Done in 0.12 min (cpu), 0.13 min (real)
Generate toy 179/250

 -- MarkovChainMC -- 
Limit: r < 1.33046 +/- 0.00744565 @ 95% credibility (15 tries)
Done in 0.13 min (cpu), 0.14 min (real)
Generate toy 180/250

 -- MarkovChainMC -- 
Limit: r < 1.192 +/- 0.00588016 @ 95% credibility (15 tries)
Done in 0.17 min (cpu), 0.17 min (real)
Generate toy 181/250

 -- MarkovChainMC -- 
Limit: r < 0.652668 +/- 0.00764181 @ 95% credibility (15 tries)
Done in 0.14 min (cpu), 0.14 min (real)
Generate toy 182/250

 -- MarkovChainMC -- 
Limit: r < 1.06019 +/- 0.00787571 @ 95% credibility (15 tries)
Done in 0.13 min (cpu), 0.13 min (real)
Generate toy 183/250

 -- MarkovChainMC -- 
Limit: r < 1.10234 +/- 0.0076034 @ 95% credibility (15 tries)
Done in 0.13 min (cpu), 0.13 min (real)
Generate toy 184/250

 -- MarkovChainMC -- 
Limit: r < 1.34844 +/- 0.012713 @ 95% credibility (15 tries)
Done in 0.16 min (cpu), 0.16 min (real)
Generate toy 185/250

 -- MarkovChainMC -- 
Limit: r < 0.857503 +/- 0.00700971 @ 95% credibility (15 tries)
Done in 0.13 min (cpu), 0.13 min (real)
Generate toy 186/250

 -- MarkovChainMC -- 
Limit: r < 0.561478 +/- 0.00616511 @ 95% credibility (15 tries)
Done in 0.12 min (cpu), 0.12 min (real)
Generate toy 187/250

 -- MarkovChainMC -- 
Limit: r < 1.05898 +/- 0.0163155 @ 95% credibility (15 tries)
Done in 0.13 min (cpu), 0.13 min (real)
Generate toy 188/250

 -- MarkovChainMC -- 
Limit: r < 0.985384 +/- 0.00908508 @ 95% credibility (15 tries)
Done in 0.12 min (cpu), 0.12 min (real)
Generate toy 189/250

 -- MarkovChainMC -- 
Limit: r < 0.624079 +/- 0.00675743 @ 95% credibility (15 tries)
Done in 0.12 min (cpu), 0.12 min (real)
Generate toy 190/250

 -- MarkovChainMC -- 
Limit: r < 0.738553 +/- 0.00888245 @ 95% credibility (15 tries)
Done in 0.14 min (cpu), 0.14 min (real)
Generate toy 191/250

 -- MarkovChainMC -- 
Limit: r < 0.76176 +/- 0.0105207 @ 95% credibility (15 tries)
Done in 0.15 min (cpu), 0.15 min (real)
Generate toy 192/250

 -- MarkovChainMC -- 
Limit: r < 0.794695 +/- 0.00507836 @ 95% credibility (15 tries)
Done in 0.19 min (cpu), 0.19 min (real)
Generate toy 193/250

 -- MarkovChainMC -- 
Limit: r < 0.709107 +/- 0.00672444 @ 95% credibility (15 tries)
Done in 0.18 min (cpu), 0.19 min (real)
Generate toy 194/250

 -- MarkovChainMC -- 
Limit: r < 0.710331 +/- 0.0101916 @ 95% credibility (15 tries)
Done in 0.18 min (cpu), 0.18 min (real)
Generate toy 195/250

 -- MarkovChainMC -- 
Limit: r < 0.429039 +/- 0.00564232 @ 95% credibility (15 tries)
Done in 0.18 min (cpu), 0.18 min (real)
Generate toy 196/250

 -- MarkovChainMC -- 
Limit: r < 1.08015 +/- 0.00481953 @ 95% credibility (15 tries)
Done in 0.20 min (cpu), 0.20 min (real)
Generate toy 197/250

 -- MarkovChainMC -- 
Limit: r < 0.919398 +/- 0.00599553 @ 95% credibility (15 tries)
Done in 0.19 min (cpu), 0.20 min (real)
Generate toy 198/250

 -- MarkovChainMC -- 
Limit: r < 1.25983 +/- 0.00553718 @ 95% credibility (15 tries)
Done in 0.20 min (cpu), 0.20 min (real)
Generate toy 199/250

 -- MarkovChainMC -- 
Limit: r < 1.14686 +/- 0.007807 @ 95% credibility (15 tries)
Done in 0.20 min (cpu), 0.20 min (real)
Generate toy 200/250

 -- MarkovChainMC -- 
Limit: r < 1.19605 +/- 0.0124526 @ 95% credibility (15 tries)
Done in 0.20 min (cpu), 0.21 min (real)
Generate toy 201/250

 -- MarkovChainMC -- 
Limit: r < 0.701976 +/- 0.00648498 @ 95% credibility (15 tries)
Done in 0.19 min (cpu), 0.20 min (real)
Generate toy 202/250

 -- MarkovChainMC -- 
Limit: r < 1.28111 +/- 0.00361624 @ 95% credibility (15 tries)
Done in 0.20 min (cpu), 0.20 min (real)
Generate toy 203/250

 -- MarkovChainMC -- 
Limit: r < 0.971511 +/- 0.011715 @ 95% credibility (15 tries)
Done in 0.20 min (cpu), 0.20 min (real)
Generate toy 204/250

 -- MarkovChainMC -- 
Limit: r < 1.13172 +/- 0.0112153 @ 95% credibility (15 tries)
Done in 0.20 min (cpu), 0.20 min (real)
Generate toy 205/250

 -- MarkovChainMC -- 
Limit: r < 0.589846 +/- 0.00758034 @ 95% credibility (15 tries)
Done in 0.18 min (cpu), 0.18 min (real)
Generate toy 206/250

 -- MarkovChainMC -- 
Limit: r < 1.64635 +/- 0.0071886 @ 95% credibility (15 tries)
Done in 0.19 min (cpu), 0.19 min (real)
Generate toy 207/250

 -- MarkovChainMC -- 
Limit: r < 0.742635 +/- 0.00539406 @ 95% credibility (15 tries)
Done in 0.18 min (cpu), 0.18 min (real)
Generate toy 208/250

 -- MarkovChainMC -- 
Limit: r < 0.683405 +/- 0.00592509 @ 95% credibility (15 tries)
Done in 0.14 min (cpu), 0.14 min (real)
Generate toy 209/250

 -- MarkovChainMC -- 
Limit: r < 0.948516 +/- 0.00633822 @ 95% credibility (15 tries)
Done in 0.13 min (cpu), 0.14 min (real)
Generate toy 210/250

 -- MarkovChainMC -- 
Limit: r < 0.866777 +/- 0.00874404 @ 95% credibility (15 tries)
Done in 0.13 min (cpu), 0.13 min (real)
Generate toy 211/250

 -- MarkovChainMC -- 
Limit: r < 0.637603 +/- 0.00374445 @ 95% credibility (15 tries)
Done in 0.14 min (cpu), 0.14 min (real)
Generate toy 212/250

 -- MarkovChainMC -- 
Limit: r < 0.91133 +/- 0.0104998 @ 95% credibility (15 tries)
Done in 0.13 min (cpu), 0.13 min (real)
Generate toy 213/250

 -- MarkovChainMC -- 
Limit: r < 0.889788 +/- 0.0089228 @ 95% credibility (15 tries)
Done in 0.12 min (cpu), 0.12 min (real)
Generate toy 214/250

 -- MarkovChainMC -- 
Limit: r < 0.693689 +/- 0.00644314 @ 95% credibility (15 tries)
Done in 0.15 min (cpu), 0.15 min (real)
Generate toy 215/250

 -- MarkovChainMC -- 
Limit: r < 0.608081 +/- 0.00631108 @ 95% credibility (15 tries)
Done in 0.13 min (cpu), 0.13 min (real)
Generate toy 216/250

 -- MarkovChainMC -- 
Limit: r < 0.571116 +/- 0.00483187 @ 95% credibility (15 tries)
Done in 0.12 min (cpu), 0.12 min (real)
Generate toy 217/250

 -- MarkovChainMC -- 
Limit: r < 0.703556 +/- 0.00808171 @ 95% credibility (15 tries)
Done in 0.13 min (cpu), 0.13 min (real)
Generate toy 218/250

 -- MarkovChainMC -- 
Limit: r < 1.24671 +/- 0.00681643 @ 95% credibility (15 tries)
Done in 0.16 min (cpu), 0.16 min (real)
Generate toy 219/250

 -- MarkovChainMC -- 
Limit: r < 0.884539 +/- 0.00559749 @ 95% credibility (15 tries)
Done in 0.14 min (cpu), 0.14 min (real)
Generate toy 220/250

 -- MarkovChainMC -- 
Limit: r < 0.946727 +/- 0.0069603 @ 95% credibility (15 tries)
Done in 0.14 min (cpu), 0.14 min (real)
Generate toy 221/250

 -- MarkovChainMC -- 
Limit: r < 0.605822 +/- 0.00618393 @ 95% credibility (15 tries)
Done in 0.13 min (cpu), 0.13 min (real)
Generate toy 222/250

 -- MarkovChainMC -- 
Limit: r < 0.89405 +/- 0.0121909 @ 95% credibility (15 tries)
Done in 0.13 min (cpu), 0.13 min (real)
Generate toy 223/250

 -- MarkovChainMC -- 
Limit: r < 0.688798 +/- 0.00632476 @ 95% credibility (15 tries)
Done in 0.12 min (cpu), 0.12 min (real)
Generate toy 224/250

 -- MarkovChainMC -- 
Limit: r < 0.742287 +/- 0.00793726 @ 95% credibility (15 tries)
Done in 0.12 min (cpu), 0.12 min (real)
Generate toy 225/250

 -- MarkovChainMC -- 
Limit: r < 1.04434 +/- 0.00521037 @ 95% credibility (15 tries)
Done in 0.13 min (cpu), 0.13 min (real)
Generate toy 226/250

 -- MarkovChainMC -- 
Limit: r < 0.420828 +/- 0.00359175 @ 95% credibility (15 tries)
Done in 0.12 min (cpu), 0.12 min (real)
Generate toy 227/250

 -- MarkovChainMC -- 
Limit: r < 0.809771 +/- 0.00821213 @ 95% credibility (15 tries)
Done in 0.13 min (cpu), 0.13 min (real)
Generate toy 228/250

 -- MarkovChainMC -- 
Limit: r < 0.687822 +/- 0.0111496 @ 95% credibility (15 tries)
Done in 0.13 min (cpu), 0.13 min (real)
Generate toy 229/250

 -- MarkovChainMC -- 
Limit: r < 0.446928 +/- 0.00532508 @ 95% credibility (15 tries)
Done in 0.16 min (cpu), 0.16 min (real)
Generate toy 230/250

 -- MarkovChainMC -- 
Limit: r < 0.488272 +/- 0.00557466 @ 95% credibility (15 tries)
Done in 0.17 min (cpu), 0.18 min (real)
Generate toy 231/250

 -- MarkovChainMC -- 
Limit: r < 0.639327 +/- 0.00499227 @ 95% credibility (15 tries)
Done in 0.18 min (cpu), 0.18 min (real)
Generate toy 232/250

 -- MarkovChainMC -- 
Limit: r < 0.63018 +/- 0.00898082 @ 95% credibility (15 tries)
Done in 0.18 min (cpu), 0.19 min (real)
Generate toy 233/250

 -- MarkovChainMC -- 
Limit: r < 0.812132 +/- 0.00930091 @ 95% credibility (15 tries)
Done in 0.19 min (cpu), 0.19 min (real)
Generate toy 234/250

 -- MarkovChainMC -- 
Limit: r < 0.95035 +/- 0.00581688 @ 95% credibility (15 tries)
Done in 0.19 min (cpu), 0.20 min (real)
Generate toy 235/250

 -- MarkovChainMC -- 
Limit: r < 0.791917 +/- 0.00766262 @ 95% credibility (15 tries)
Done in 0.19 min (cpu), 0.19 min (real)
Generate toy 236/250

 -- MarkovChainMC -- 
Limit: r < 1.11168 +/- 0.00845737 @ 95% credibility (15 tries)
Done in 0.20 min (cpu), 0.20 min (real)
Generate toy 237/250

 -- MarkovChainMC -- 
Limit: r < 0.576048 +/- 0.00719321 @ 95% credibility (15 tries)
Done in 0.18 min (cpu), 0.18 min (real)
Generate toy 238/250

 -- MarkovChainMC -- 
Limit: r < 0.832669 +/- 0.00564046 @ 95% credibility (15 tries)
Done in 0.19 min (cpu), 0.19 min (real)
Generate toy 239/250

 -- MarkovChainMC -- 
Limit: r < 0.453247 +/- 0.00433616 @ 95% credibility (15 tries)
Done in 0.18 min (cpu), 0.18 min (real)
Generate toy 240/250

 -- MarkovChainMC -- 
Limit: r < 0.362435 +/- 0.0066848 @ 95% credibility (15 tries)
Done in 0.18 min (cpu), 0.18 min (real)
Generate toy 241/250

 -- MarkovChainMC -- 
Limit: r < 1.09757 +/- 0.00638842 @ 95% credibility (15 tries)
Done in 0.20 min (cpu), 0.20 min (real)
Generate toy 242/250

 -- MarkovChainMC -- 
Limit: r < 0.884953 +/- 0.00686698 @ 95% credibility (15 tries)
Done in 0.19 min (cpu), 0.19 min (real)
Generate toy 243/250

 -- MarkovChainMC -- 
Limit: r < 0.701635 +/- 0.00353752 @ 95% credibility (15 tries)
Done in 0.18 min (cpu), 0.19 min (real)
Generate toy 244/250

 -- MarkovChainMC -- 
Limit: r < 0.889867 +/- 0.00590179 @ 95% credibility (15 tries)
Done in 0.19 min (cpu), 0.19 min (real)
Generate toy 245/250

 -- MarkovChainMC -- 
Limit: r < 0.58083 +/- 0.00669915 @ 95% credibility (15 tries)
Done in 0.18 min (cpu), 0.19 min (real)
Generate toy 246/250

 -- MarkovChainMC -- 
Limit: r < 0.579264 +/- 0.00681743 @ 95% credibility (15 tries)
Done in 0.17 min (cpu), 0.17 min (real)
Generate toy 247/250

 -- MarkovChainMC -- 
Limit: r < 0.721873 +/- 0.00714488 @ 95% credibility (15 tries)
Done in 0.17 min (cpu), 0.17 min (real)
Generate toy 248/250

 -- MarkovChainMC -- 
Limit: r < 0.482697 +/- 0.00655802 @ 95% credibility (15 tries)
Done in 0.12 min (cpu), 0.12 min (real)
Generate toy 249/250

 -- MarkovChainMC -- 
Limit: r < 0.637582 +/- 0.00624128 @ 95% credibility (15 tries)
Done in 0.14 min (cpu), 0.14 min (real)
Generate toy 250/250

 -- MarkovChainMC -- 
Limit: r < 1.15768 +/- 0.00935693 @ 95% credibility (15 tries)
Done in 0.13 min (cpu), 0.13 min (real)
mean   expected limit: r < 0.82488 +/- 0.0170823 @ 95%CL (250 toyMC)
median expected limit: r < 0.780956 @ 95%CL (250 toyMC)
   68% expected band : 0.571116 < r < 1.13172
   95% expected band : 0.429233 < r < 1.48583
