 <<< Combine >>> 
 <<< v10.0.2 >>>
>>> Used OpenSSL to get a truly random seed -1414710844
>>> Method used is MarkovChainMC
============================================================
Analyzing bin errors for: prop_binmuon_channel
Poisson cut-off: 10
Processes excluded for sums: Wprime6600_kR2
============================================================
Bin        Contents        Error           Notes                         
0          5490.628071     14.389618       total sum                     
0          5489.009974     14.389572       excluding marked processes    
0          145510.000000   381.457730      Unweighted events, alpha=0.037734
  => Total parameter prop_binmuon_channel_bin0[0.00,-7.00,7.00] to be Gaussian constrained
------------------------------------------------------------
1          2092.903409     7.507897        total sum                     
1          2091.469679     7.507819        excluding marked processes    
1          77602.000000    278.571355      Unweighted events, alpha=0.026970
  => Total parameter prop_binmuon_channel_bin1[0.00,-7.00,7.00] to be Gaussian constrained
------------------------------------------------------------
2          926.561165      5.743344        total sum                     
2          925.287269      5.743251        excluding marked processes    
2          25956.000000    161.108659      Unweighted events, alpha=0.035697
  => Total parameter prop_binmuon_channel_bin2[0.00,-7.00,7.00] to be Gaussian constrained
------------------------------------------------------------
3          463.891734      3.622218        total sum                     
3          462.717279      3.622082        excluding marked processes    
3          16320.000000    127.749755      Unweighted events, alpha=0.028425
  => Total parameter prop_binmuon_channel_bin3[0.00,-7.00,7.00] to be Gaussian constrained
------------------------------------------------------------
4          241.274504      1.534093        total sum                     
4          240.228093      1.533810        excluding marked processes    
4          24530.000000    156.620561      Unweighted events, alpha=0.009836
  => Total parameter prop_binmuon_channel_bin4[0.00,-7.00,7.00] to be Gaussian constrained
------------------------------------------------------------
5          140.032738      1.743129        total sum                     
5          139.121722      1.742909        excluding marked processes    
5          6371.000000     79.818544       Unweighted events, alpha=0.021980
  => Total parameter prop_binmuon_channel_bin5[0.00,-7.00,7.00] to be Gaussian constrained
------------------------------------------------------------
6          134.301558      1.065232        total sum                     
6          132.798509      1.064641        excluding marked processes    
6          15559.000000    124.735721      Unweighted events, alpha=0.008632
  => Total parameter prop_binmuon_channel_bin6[0.00,-7.00,7.00] to be Gaussian constrained
------------------------------------------------------------
7          53.094089       0.722346        total sum                     
7          51.876344       0.721630        excluding marked processes    
7          5168.000000     71.888803       Unweighted events, alpha=0.010274
  => Total parameter prop_binmuon_channel_bin7[0.00,-7.00,7.00] to be Gaussian constrained
------------------------------------------------------------
8          30.708762       0.470074        total sum                     
8          29.337675       0.468872        excluding marked processes    
8          3915.000000     62.569961       Unweighted events, alpha=0.007844
  => Total parameter prop_binmuon_channel_bin8[0.00,-7.00,7.00] to be Gaussian constrained
------------------------------------------------------------
9          10.899107       0.335706        total sum                     
9          9.941359        0.334523        excluding marked processes    
9          883.000000      29.715316       Unweighted events, alpha=0.012343
  => Total parameter prop_binmuon_channel_bin9[0.00,-7.00,7.00] to be Gaussian constrained
------------------------------------------------------------
10         5.017603        0.108793        total sum                     
10         4.165375        0.105525        excluding marked processes    
10         1558.000000     39.471509       Unweighted events, alpha=0.003221
  => Total parameter prop_binmuon_channel_bin10[0.00,-7.00,7.00] to be Gaussian constrained
------------------------------------------------------------
11         2.534212        0.219599        total sum                     
11         1.762132        0.218174        excluding marked processes    
11         65.000000       8.062258        Unweighted events, alpha=0.038988
  => Total parameter prop_binmuon_channel_bin11[0.00,-7.00,7.00] to be Gaussian constrained
------------------------------------------------------------
12         0.775192        0.020295        total sum                     
12         0.276349        0.001778        excluding marked processes    
12         24153.000000    155.412355      Unweighted events, alpha=0.000032
  => Total parameter prop_binmuon_channel_bin12[0.00,-7.00,7.00] to be Gaussian constrained
------------------------------------------------------------
13         0.848808        0.025243        total sum                     
13         0.085750        0.001214        excluding marked processes    
13         4991.000000     70.647010       Unweighted events, alpha=0.000170
  => Total parameter prop_binmuon_channel_bin13[0.00,-7.00,7.00] to be Gaussian constrained
------------------------------------------------------------
14         0.404060        0.018349        total sum                     
14         0.007105        0.001511        excluding marked processes    
14         22.000000       4.690416        Unweighted events, alpha=0.018366
  => Total parameter prop_binmuon_channel_bin14[0.00,-7.00,7.00] to be Gaussian constrained
------------------------------------------------------------
15         0.262539        0.014347        total sum                     
15         0.001078        0.000054        excluding marked processes    
15         404.000000      20.099751       Unweighted events, alpha=0.000650
  => Total parameter prop_binmuon_channel_bin15[0.00,-7.00,7.00] to be Gaussian constrained
------------------------------------------------------------
Channel muon_channel will use autoMCStats with settings: event-threshold=10, include-signal=0, hist-mode=1
Generate toy 1/250

 -- MarkovChainMC -- 
Limit: r < 1.84931 +/- 0.00313676 @ 95% credibility (15 tries)
Done in 0.18 min (cpu), 0.18 min (real)
Generate toy 2/250

 -- MarkovChainMC -- 
Limit: r < 1.57948 +/- 0.0185164 @ 95% credibility (15 tries)
Done in 0.14 min (cpu), 0.15 min (real)
Generate toy 3/250

 -- MarkovChainMC -- 
Limit: r < 1.27988 +/- 0.0192698 @ 95% credibility (15 tries)
Done in 0.16 min (cpu), 0.16 min (real)
Generate toy 4/250

 -- MarkovChainMC -- 
Limit: r < 1.52014 +/- 0.0141454 @ 95% credibility (15 tries)
Done in 0.15 min (cpu), 0.15 min (real)
Generate toy 5/250

 -- MarkovChainMC -- 
Limit: r < 1.50542 +/- 0.0157341 @ 95% credibility (15 tries)
Done in 0.17 min (cpu), 0.17 min (real)
Generate toy 6/250

 -- MarkovChainMC -- 
Limit: r < 2.05429 +/- 0.0247877 @ 95% credibility (15 tries)
Done in 0.18 min (cpu), 0.18 min (real)
Generate toy 7/250

 -- MarkovChainMC -- 
Limit: r < 1.03473 +/- 0.0138968 @ 95% credibility (15 tries)
Done in 0.17 min (cpu), 0.17 min (real)
Generate toy 8/250

 -- MarkovChainMC -- 
Limit: r < 1.67321 +/- 0.022027 @ 95% credibility (15 tries)
Done in 0.18 min (cpu), 0.18 min (real)
Generate toy 9/250

 -- MarkovChainMC -- 
Limit: r < 1.50067 +/- 0.0200458 @ 95% credibility (15 tries)
Done in 0.16 min (cpu), 0.16 min (real)
Generate toy 10/250

 -- MarkovChainMC -- 
Limit: r < 1.37787 +/- 0.0177598 @ 95% credibility (15 tries)
Done in 0.17 min (cpu), 0.17 min (real)
Generate toy 11/250

 -- MarkovChainMC -- 
Limit: r < 0.916494 +/- 0.00517354 @ 95% credibility (15 tries)
Done in 0.18 min (cpu), 0.18 min (real)
Generate toy 12/250

 -- MarkovChainMC -- 
Limit: r < 1.59241 +/- 0.0176822 @ 95% credibility (15 tries)
Done in 0.18 min (cpu), 0.18 min (real)
Generate toy 13/250

 -- MarkovChainMC -- 
Limit: r < 1.48217 +/- 0.0193389 @ 95% credibility (15 tries)
Done in 0.18 min (cpu), 0.18 min (real)
Generate toy 14/250

 -- MarkovChainMC -- 
Limit: r < 2.84525 +/- 0.0231776 @ 95% credibility (15 tries)
Done in 0.19 min (cpu), 0.20 min (real)
Generate toy 15/250

 -- MarkovChainMC -- 
Limit: r < 1.1883 +/- 0.0102426 @ 95% credibility (15 tries)
Done in 0.18 min (cpu), 0.18 min (real)
Generate toy 16/250

 -- MarkovChainMC -- 
Limit: r < 1.34915 +/- 0.0181863 @ 95% credibility (15 tries)
Done in 0.18 min (cpu), 0.18 min (real)
Generate toy 17/250

 -- MarkovChainMC -- 
Limit: r < 1.89547 +/- 0.0138956 @ 95% credibility (15 tries)
Done in 0.19 min (cpu), 0.19 min (real)
Generate toy 18/250

 -- MarkovChainMC -- 
Limit: r < 1.64927 +/- 0.0155406 @ 95% credibility (15 tries)
Done in 0.19 min (cpu), 0.19 min (real)
Generate toy 19/250

 -- MarkovChainMC -- 
Limit: r < 0.974639 +/- 0.0081502 @ 95% credibility (15 tries)
Done in 0.17 min (cpu), 0.18 min (real)
Generate toy 20/250

 -- MarkovChainMC -- 
Limit: r < 0.990749 +/- 0.0130472 @ 95% credibility (15 tries)
Done in 0.17 min (cpu), 0.18 min (real)
Generate toy 21/250

 -- MarkovChainMC -- 
Limit: r < 1.19071 +/- 0.0113086 @ 95% credibility (15 tries)
Done in 0.18 min (cpu), 0.18 min (real)
Generate toy 22/250

 -- MarkovChainMC -- 
Limit: r < 1.61835 +/- 0.0180563 @ 95% credibility (15 tries)
Done in 0.18 min (cpu), 0.18 min (real)
Generate toy 23/250

 -- MarkovChainMC -- 
Limit: r < 1.6212 +/- 0.0129899 @ 95% credibility (15 tries)
Done in 0.18 min (cpu), 0.18 min (real)
Generate toy 24/250

 -- MarkovChainMC -- 
Limit: r < 1.36748 +/- 0.0126385 @ 95% credibility (15 tries)
Done in 0.17 min (cpu), 0.17 min (real)
Generate toy 25/250

 -- MarkovChainMC -- 
Limit: r < 0.947432 +/- 0.0162099 @ 95% credibility (15 tries)
Done in 0.13 min (cpu), 0.13 min (real)
Generate toy 26/250

 -- MarkovChainMC -- 
Limit: r < 1.45537 +/- 0.016952 @ 95% credibility (15 tries)
Done in 0.19 min (cpu), 0.19 min (real)
Generate toy 27/250

 -- MarkovChainMC -- 
Limit: r < 1.13421 +/- 0.0164695 @ 95% credibility (15 tries)
Done in 0.14 min (cpu), 0.14 min (real)
Generate toy 28/250

 -- MarkovChainMC -- 
Limit: r < 3.53276 +/- 0.0183305 @ 95% credibility (15 tries)
Done in 0.13 min (cpu), 0.13 min (real)
Generate toy 29/250

 -- MarkovChainMC -- 
Limit: r < 2.33658 +/- 0.0267564 @ 95% credibility (15 tries)
Done in 0.18 min (cpu), 0.18 min (real)
Generate toy 30/250

 -- MarkovChainMC -- 
Limit: r < 1.67419 +/- 0.0232226 @ 95% credibility (15 tries)
Done in 0.13 min (cpu), 0.13 min (real)
Generate toy 31/250

 -- MarkovChainMC -- 
Limit: r < 1.65017 +/- 0.0163812 @ 95% credibility (15 tries)
Done in 0.18 min (cpu), 0.18 min (real)
Generate toy 32/250

 -- MarkovChainMC -- 
Limit: r < 1.5836 +/- 0.0228952 @ 95% credibility (15 tries)
Done in 0.18 min (cpu), 0.18 min (real)
Generate toy 33/250

 -- MarkovChainMC -- 
Limit: r < 1.5337 +/- 0.0233214 @ 95% credibility (15 tries)
Done in 0.17 min (cpu), 0.18 min (real)
Generate toy 34/250

 -- MarkovChainMC -- 
Limit: r < 2.34212 +/- 0.0196342 @ 95% credibility (15 tries)
Done in 0.20 min (cpu), 0.20 min (real)
Generate toy 35/250

 -- MarkovChainMC -- 
Limit: r < 2.1184 +/- 0.01569 @ 95% credibility (15 tries)
Done in 0.21 min (cpu), 0.21 min (real)
Generate toy 36/250

 -- MarkovChainMC -- 
Limit: r < 1.78116 +/- 0.0176195 @ 95% credibility (15 tries)
Done in 0.16 min (cpu), 0.16 min (real)
Generate toy 37/250

 -- MarkovChainMC -- 
Limit: r < 3.19289 +/- 0.0269211 @ 95% credibility (15 tries)
Done in 0.17 min (cpu), 0.17 min (real)
Generate toy 38/250

 -- MarkovChainMC -- 
Limit: r < 2.88594 +/- 0.0203687 @ 95% credibility (15 tries)
Done in 0.16 min (cpu), 0.16 min (real)
Generate toy 39/250

 -- MarkovChainMC -- 
Limit: r < 0.993285 +/- 0.0110431 @ 95% credibility (15 tries)
Done in 0.16 min (cpu), 0.16 min (real)
Generate toy 40/250

 -- MarkovChainMC -- 
Limit: r < 1.67505 +/- 0.0141273 @ 95% credibility (15 tries)
Done in 0.14 min (cpu), 0.14 min (real)
Generate toy 41/250

 -- MarkovChainMC -- 
Limit: r < 1.84555 +/- 0.0169951 @ 95% credibility (15 tries)
Done in 0.17 min (cpu), 0.17 min (real)
Generate toy 42/250

 -- MarkovChainMC -- 
Limit: r < 1.62948 +/- 0.0222539 @ 95% credibility (15 tries)
Done in 0.15 min (cpu), 0.15 min (real)
Generate toy 43/250

 -- MarkovChainMC -- 
Limit: r < 0.821696 +/- 0.00753421 @ 95% credibility (15 tries)
Done in 0.12 min (cpu), 0.12 min (real)
Generate toy 44/250

 -- MarkovChainMC -- 
Limit: r < 1.23597 +/- 0.00953223 @ 95% credibility (15 tries)
Done in 0.19 min (cpu), 0.19 min (real)
Generate toy 45/250

 -- MarkovChainMC -- 
Limit: r < 1.67924 +/- 0.0171623 @ 95% credibility (15 tries)
Done in 0.15 min (cpu), 0.15 min (real)
Generate toy 46/250

 -- MarkovChainMC -- 
Limit: r < 1.93862 +/- 0.0197734 @ 95% credibility (15 tries)
Done in 0.14 min (cpu), 0.14 min (real)
Generate toy 47/250

 -- MarkovChainMC -- 
Limit: r < 1.49114 +/- 0.0121509 @ 95% credibility (15 tries)
Done in 0.16 min (cpu), 0.16 min (real)
Generate toy 48/250

 -- MarkovChainMC -- 
Limit: r < 1.10517 +/- 0.0121118 @ 95% credibility (15 tries)
Done in 0.17 min (cpu), 0.17 min (real)
Generate toy 49/250

 -- MarkovChainMC -- 
Limit: r < 1.40191 +/- 0.00828922 @ 95% credibility (15 tries)
Done in 0.18 min (cpu), 0.18 min (real)
Generate toy 50/250

 -- MarkovChainMC -- 
Limit: r < 1.4035 +/- 0.0153419 @ 95% credibility (15 tries)
Done in 0.18 min (cpu), 0.18 min (real)
Generate toy 51/250

 -- MarkovChainMC -- 
Limit: r < 1.95756 +/- 0.0149145 @ 95% credibility (15 tries)
Done in 0.13 min (cpu), 0.13 min (real)
Generate toy 52/250

 -- MarkovChainMC -- 
Limit: r < 1.28705 +/- 0.00580382 @ 95% credibility (15 tries)
Done in 0.12 min (cpu), 0.12 min (real)
Generate toy 53/250

 -- MarkovChainMC -- 
Limit: r < 1.60849 +/- 0.0146187 @ 95% credibility (15 tries)
Done in 0.15 min (cpu), 0.15 min (real)
Generate toy 54/250

 -- MarkovChainMC -- 
Limit: r < 1.3529 +/- 0.0116836 @ 95% credibility (15 tries)
Done in 0.16 min (cpu), 0.16 min (real)
Generate toy 55/250

 -- MarkovChainMC -- 
Limit: r < 1.81538 +/- 0.00872749 @ 95% credibility (15 tries)
Done in 0.11 min (cpu), 0.11 min (real)
Generate toy 56/250

 -- MarkovChainMC -- 
Limit: r < 1.45174 +/- 0.00933431 @ 95% credibility (15 tries)
Done in 0.12 min (cpu), 0.12 min (real)
Generate toy 57/250

 -- MarkovChainMC -- 
Limit: r < 1.35712 +/- 0.0137732 @ 95% credibility (15 tries)
Done in 0.12 min (cpu), 0.12 min (real)
Generate toy 58/250

 -- MarkovChainMC -- 
Limit: r < 1.56646 +/- 0.0195082 @ 95% credibility (15 tries)
Done in 0.17 min (cpu), 0.17 min (real)
Generate toy 59/250

 -- MarkovChainMC -- 
Limit: r < 1.50669 +/- 0.00751272 @ 95% credibility (15 tries)
Done in 0.17 min (cpu), 0.17 min (real)
Generate toy 60/250

 -- MarkovChainMC -- 
Limit: r < 1.26471 +/- 0.0222486 @ 95% credibility (15 tries)
Done in 0.13 min (cpu), 0.13 min (real)
Generate toy 61/250

 -- MarkovChainMC -- 
Limit: r < 2.7044 +/- 0.0245022 @ 95% credibility (15 tries)
Done in 0.16 min (cpu), 0.16 min (real)
Generate toy 62/250

 -- MarkovChainMC -- 
Limit: r < 1.35809 +/- 0.0159747 @ 95% credibility (15 tries)
Done in 0.13 min (cpu), 0.13 min (real)
Generate toy 63/250

 -- MarkovChainMC -- 
Limit: r < 2.32468 +/- 0.0219299 @ 95% credibility (15 tries)
Done in 0.13 min (cpu), 0.13 min (real)
Generate toy 64/250

 -- MarkovChainMC -- 
Limit: r < 1.60289 +/- 0.00893577 @ 95% credibility (15 tries)
Done in 0.20 min (cpu), 0.20 min (real)
Generate toy 65/250

 -- MarkovChainMC -- 
Limit: r < 1.41893 +/- 0.0105243 @ 95% credibility (15 tries)
Done in 0.22 min (cpu), 0.22 min (real)
Generate toy 66/250

 -- MarkovChainMC -- 
Limit: r < 1.37417 +/- 0.0104846 @ 95% credibility (15 tries)
Done in 0.12 min (cpu), 0.12 min (real)
Generate toy 67/250

 -- MarkovChainMC -- 
Limit: r < 1.39134 +/- 0.0138073 @ 95% credibility (15 tries)
Done in 0.11 min (cpu), 0.11 min (real)
Generate toy 68/250

 -- MarkovChainMC -- 
Limit: r < 1.49084 +/- 0.00883589 @ 95% credibility (15 tries)
Done in 0.15 min (cpu), 0.15 min (real)
Generate toy 69/250

 -- MarkovChainMC -- 
Limit: r < 1.07326 +/- 0.00515681 @ 95% credibility (15 tries)
Done in 0.13 min (cpu), 0.13 min (real)
Generate toy 70/250

 -- MarkovChainMC -- 
Limit: r < 1.45057 +/- 0.0097813 @ 95% credibility (15 tries)
Done in 0.23 min (cpu), 0.23 min (real)
Generate toy 71/250

 -- MarkovChainMC -- 
Limit: r < 1.17036 +/- 0.0125954 @ 95% credibility (15 tries)
Done in 0.23 min (cpu), 0.23 min (real)
Generate toy 72/250

 -- MarkovChainMC -- 
Limit: r < 3.08782 +/- 0.0201303 @ 95% credibility (15 tries)
Done in 0.21 min (cpu), 0.21 min (real)
Generate toy 73/250

 -- MarkovChainMC -- 
Limit: r < 1.75757 +/- 0.0161819 @ 95% credibility (15 tries)
Done in 0.14 min (cpu), 0.14 min (real)
Generate toy 74/250

 -- MarkovChainMC -- 
Limit: r < 1.38437 +/- 0.0210594 @ 95% credibility (15 tries)
Done in 0.14 min (cpu), 0.14 min (real)
Generate toy 75/250

 -- MarkovChainMC -- 
Limit: r < 1.74184 +/- 0.0264351 @ 95% credibility (15 tries)
Done in 0.11 min (cpu), 0.11 min (real)
Generate toy 76/250

 -- MarkovChainMC -- 
Limit: r < 1.51933 +/- 0.0201204 @ 95% credibility (15 tries)
Done in 0.11 min (cpu), 0.11 min (real)
Generate toy 77/250

 -- MarkovChainMC -- 
Limit: r < 1.37152 +/- 0.0142302 @ 95% credibility (15 tries)
Done in 0.11 min (cpu), 0.11 min (real)
Generate toy 78/250

 -- MarkovChainMC -- 
Limit: r < 1.57266 +/- 0.00878468 @ 95% credibility (15 tries)
Done in 0.12 min (cpu), 0.12 min (real)
Generate toy 79/250

 -- MarkovChainMC -- 
Limit: r < 1.59338 +/- 0.021681 @ 95% credibility (15 tries)
Done in 0.18 min (cpu), 0.18 min (real)
Generate toy 80/250

 -- MarkovChainMC -- 
Limit: r < 2.72879 +/- 0.0154075 @ 95% credibility (15 tries)
Done in 0.18 min (cpu), 0.18 min (real)
Generate toy 81/250

 -- MarkovChainMC -- 
Limit: r < 2.21186 +/- 0.0221092 @ 95% credibility (15 tries)
Done in 0.13 min (cpu), 0.13 min (real)
Generate toy 82/250

 -- MarkovChainMC -- 
Limit: r < 1.22228 +/- 0.0122939 @ 95% credibility (15 tries)
Done in 0.16 min (cpu), 0.16 min (real)
Generate toy 83/250

 -- MarkovChainMC -- 
Limit: r < 1.03996 +/- 0.015357 @ 95% credibility (15 tries)
Done in 0.19 min (cpu), 0.19 min (real)
Generate toy 84/250

 -- MarkovChainMC -- 
Limit: r < 0.877776 +/- 0.0104994 @ 95% credibility (15 tries)
Done in 0.16 min (cpu), 0.16 min (real)
Generate toy 85/250

 -- MarkovChainMC -- 
Limit: r < 1.16078 +/- 0.0149239 @ 95% credibility (15 tries)
Done in 0.17 min (cpu), 0.18 min (real)
Generate toy 86/250

 -- MarkovChainMC -- 
Limit: r < 1.39026 +/- 0.0148966 @ 95% credibility (15 tries)
Done in 0.18 min (cpu), 0.18 min (real)
Generate toy 87/250

 -- MarkovChainMC -- 
Limit: r < 1.05224 +/- 0.0129766 @ 95% credibility (15 tries)
Done in 0.17 min (cpu), 0.17 min (real)
Generate toy 88/250

 -- MarkovChainMC -- 
Limit: r < 1.09776 +/- 0.00779608 @ 95% credibility (15 tries)
Done in 0.17 min (cpu), 0.17 min (real)
Generate toy 89/250

 -- MarkovChainMC -- 
Limit: r < 1.13127 +/- 0.0142813 @ 95% credibility (15 tries)
Done in 0.14 min (cpu), 0.15 min (real)
Generate toy 90/250

 -- MarkovChainMC -- 
Limit: r < 1.33468 +/- 0.0165616 @ 95% credibility (15 tries)
Done in 0.21 min (cpu), 0.21 min (real)
Generate toy 91/250

 -- MarkovChainMC -- 
Limit: r < 1.05089 +/- 0.0155756 @ 95% credibility (15 tries)
Done in 0.20 min (cpu), 0.20 min (real)
Generate toy 92/250

 -- MarkovChainMC -- 
Limit: r < 1.39579 +/- 0.0178681 @ 95% credibility (15 tries)
Done in 0.17 min (cpu), 0.18 min (real)
Generate toy 93/250

 -- MarkovChainMC -- 
Limit: r < 1.16237 +/- 0.0132763 @ 95% credibility (15 tries)
Done in 0.16 min (cpu), 0.16 min (real)
Generate toy 94/250

 -- MarkovChainMC -- 
Limit: r < 1.77009 +/- 0.0117727 @ 95% credibility (15 tries)
Done in 0.20 min (cpu), 0.20 min (real)
Generate toy 95/250

 -- MarkovChainMC -- 
Limit: r < 1.34645 +/- 0.0211006 @ 95% credibility (15 tries)
Done in 0.15 min (cpu), 0.15 min (real)
Generate toy 96/250

 -- MarkovChainMC -- 
Limit: r < 1.13585 +/- 0.0155606 @ 95% credibility (15 tries)
Done in 0.16 min (cpu), 0.16 min (real)
Generate toy 97/250

 -- MarkovChainMC -- 
Limit: r < 1.36759 +/- 0.0132783 @ 95% credibility (15 tries)
Done in 0.12 min (cpu), 0.12 min (real)
Generate toy 98/250

 -- MarkovChainMC -- 
Limit: r < 1.10614 +/- 0.0153777 @ 95% credibility (15 tries)
Done in 0.12 min (cpu), 0.12 min (real)
Generate toy 99/250

 -- MarkovChainMC -- 
Limit: r < 1.09797 +/- 0.00875379 @ 95% credibility (15 tries)
Done in 0.18 min (cpu), 0.18 min (real)
Generate toy 100/250

 -- MarkovChainMC -- 
Limit: r < 1.20666 +/- 0.017093 @ 95% credibility (15 tries)
Done in 0.15 min (cpu), 0.16 min (real)
Generate toy 101/250

 -- MarkovChainMC -- 
Limit: r < 0.864944 +/- 0.010168 @ 95% credibility (15 tries)
Done in 0.16 min (cpu), 0.16 min (real)
Generate toy 102/250

 -- MarkovChainMC -- 
Limit: r < 1.07172 +/- 0.013257 @ 95% credibility (15 tries)
Done in 0.15 min (cpu), 0.15 min (real)
Generate toy 103/250

 -- MarkovChainMC -- 
Limit: r < 1.04174 +/- 0.0216811 @ 95% credibility (15 tries)
Done in 0.12 min (cpu), 0.12 min (real)
Generate toy 104/250

 -- MarkovChainMC -- 
Limit: r < 1.12395 +/- 0.0110867 @ 95% credibility (15 tries)
Done in 0.11 min (cpu), 0.11 min (real)
Generate toy 105/250

 -- MarkovChainMC -- 
Limit: r < 1.12391 +/- 0.0157573 @ 95% credibility (15 tries)
Done in 0.15 min (cpu), 0.15 min (real)
Generate toy 106/250

 -- MarkovChainMC -- 
Limit: r < 1.25788 +/- 0.0119599 @ 95% credibility (15 tries)
Done in 0.12 min (cpu), 0.12 min (real)
Generate toy 107/250

 -- MarkovChainMC -- 
Limit: r < 1.55377 +/- 0.0164284 @ 95% credibility (15 tries)
Done in 0.11 min (cpu), 0.11 min (real)
Generate toy 108/250

 -- MarkovChainMC -- 
Limit: r < 1.83955 +/- 0.0209454 @ 95% credibility (15 tries)
Done in 0.11 min (cpu), 0.12 min (real)
Generate toy 109/250

 -- MarkovChainMC -- 
Limit: r < 1.40757 +/- 0.0153118 @ 95% credibility (15 tries)
Done in 0.11 min (cpu), 0.11 min (real)
Generate toy 110/250

 -- MarkovChainMC -- 
Limit: r < 1.57475 +/- 0.0147105 @ 95% credibility (15 tries)
Done in 0.11 min (cpu), 0.11 min (real)
Generate toy 111/250

 -- MarkovChainMC -- 
Limit: r < 1.08667 +/- 0.00855229 @ 95% credibility (15 tries)
Done in 0.14 min (cpu), 0.14 min (real)
Generate toy 112/250

 -- MarkovChainMC -- 
Limit: r < 3.17721 +/- 0.00986945 @ 95% credibility (15 tries)
Done in 0.15 min (cpu), 0.15 min (real)
Generate toy 113/250

 -- MarkovChainMC -- 
Limit: r < 0.910368 +/- 0.00660007 @ 95% credibility (15 tries)
Done in 0.19 min (cpu), 0.19 min (real)
Generate toy 114/250

 -- MarkovChainMC -- 
Limit: r < 1.29524 +/- 0.0147038 @ 95% credibility (15 tries)
Done in 0.17 min (cpu), 0.17 min (real)
Generate toy 115/250

 -- MarkovChainMC -- 
Limit: r < 1.28281 +/- 0.00554327 @ 95% credibility (15 tries)
Done in 0.15 min (cpu), 0.16 min (real)
Generate toy 116/250

 -- MarkovChainMC -- 
Limit: r < 1.22914 +/- 0.0171034 @ 95% credibility (15 tries)
Done in 0.15 min (cpu), 0.15 min (real)
Generate toy 117/250

 -- MarkovChainMC -- 
Limit: r < 1.24452 +/- 0.01371 @ 95% credibility (15 tries)
Done in 0.11 min (cpu), 0.11 min (real)
Generate toy 118/250

 -- MarkovChainMC -- 
Limit: r < 2.02112 +/- 0.0115773 @ 95% credibility (15 tries)
Done in 0.14 min (cpu), 0.14 min (real)
Generate toy 119/250

 -- MarkovChainMC -- 
Limit: r < 1.54151 +/- 0.01519 @ 95% credibility (15 tries)
Done in 0.16 min (cpu), 0.16 min (real)
Generate toy 120/250

 -- MarkovChainMC -- 
Limit: r < 1.61106 +/- 0.0101594 @ 95% credibility (15 tries)
Done in 0.17 min (cpu), 0.17 min (real)
Generate toy 121/250

 -- MarkovChainMC -- 
Limit: r < 1.15694 +/- 0.0145576 @ 95% credibility (15 tries)
Done in 0.15 min (cpu), 0.15 min (real)
Generate toy 122/250

 -- MarkovChainMC -- 
Limit: r < 1.93787 +/- 0.0177653 @ 95% credibility (15 tries)
Done in 0.19 min (cpu), 0.19 min (real)
Generate toy 123/250

 -- MarkovChainMC -- 
Limit: r < 1.47216 +/- 0.021238 @ 95% credibility (15 tries)
Done in 0.18 min (cpu), 0.18 min (real)
Generate toy 124/250

 -- MarkovChainMC -- 
Limit: r < 1.70306 +/- 0.017516 @ 95% credibility (15 tries)
Done in 0.16 min (cpu), 0.16 min (real)
Generate toy 125/250

 -- MarkovChainMC -- 
Limit: r < 1.39015 +/- 0.00974497 @ 95% credibility (15 tries)
Done in 0.17 min (cpu), 0.17 min (real)
Generate toy 126/250

 -- MarkovChainMC -- 
Limit: r < 1.49471 +/- 0.0174601 @ 95% credibility (15 tries)
Done in 0.18 min (cpu), 0.18 min (real)
Generate toy 127/250

 -- MarkovChainMC -- 
Limit: r < 1.54071 +/- 0.0133606 @ 95% credibility (15 tries)
Done in 0.18 min (cpu), 0.18 min (real)
Generate toy 128/250

 -- MarkovChainMC -- 
Limit: r < 0.968242 +/- 0.0132167 @ 95% credibility (15 tries)
Done in 0.20 min (cpu), 0.20 min (real)
Generate toy 129/250

 -- MarkovChainMC -- 
Limit: r < 1.9047 +/- 0.0226595 @ 95% credibility (15 tries)
Done in 0.20 min (cpu), 0.20 min (real)
Generate toy 130/250

 -- MarkovChainMC -- 
Limit: r < 1.74778 +/- 0.0174202 @ 95% credibility (15 tries)
Done in 0.18 min (cpu), 0.19 min (real)
Generate toy 131/250

 -- MarkovChainMC -- 
Limit: r < 1.36568 +/- 0.0172065 @ 95% credibility (15 tries)
Done in 0.18 min (cpu), 0.18 min (real)
Generate toy 132/250

 -- MarkovChainMC -- 
Limit: r < 2.17831 +/- 0.0200162 @ 95% credibility (15 tries)
Done in 0.19 min (cpu), 0.19 min (real)
Generate toy 133/250

 -- MarkovChainMC -- 
Limit: r < 1.6167 +/- 0.0139718 @ 95% credibility (15 tries)
Done in 0.18 min (cpu), 0.18 min (real)
Generate toy 134/250

 -- MarkovChainMC -- 
Limit: r < 1.30181 +/- 0.0213211 @ 95% credibility (15 tries)
Done in 0.17 min (cpu), 0.17 min (real)
Generate toy 135/250

 -- MarkovChainMC -- 
Limit: r < 1.65122 +/- 0.0137145 @ 95% credibility (15 tries)
Done in 0.18 min (cpu), 0.18 min (real)
Generate toy 136/250

 -- MarkovChainMC -- 
Limit: r < 0.970844 +/- 0.0129111 @ 95% credibility (15 tries)
Done in 0.13 min (cpu), 0.13 min (real)
Generate toy 137/250

 -- MarkovChainMC -- 
Limit: r < 0.959545 +/- 0.00436064 @ 95% credibility (15 tries)
Done in 0.17 min (cpu), 0.17 min (real)
Generate toy 138/250

 -- MarkovChainMC -- 
Limit: r < 1.52628 +/- 0.0169769 @ 95% credibility (15 tries)
Done in 0.18 min (cpu), 0.18 min (real)
Generate toy 139/250

 -- MarkovChainMC -- 
Limit: r < 0.951056 +/- 0.0108612 @ 95% credibility (15 tries)
Done in 0.16 min (cpu), 0.17 min (real)
Generate toy 140/250

 -- MarkovChainMC -- 
Limit: r < 1.51541 +/- 0.0168742 @ 95% credibility (15 tries)
Done in 0.16 min (cpu), 0.16 min (real)
Generate toy 141/250

 -- MarkovChainMC -- 
Limit: r < 1.43338 +/- 0.0201347 @ 95% credibility (15 tries)
Done in 0.18 min (cpu), 0.18 min (real)
Generate toy 142/250

 -- MarkovChainMC -- 
Limit: r < 1.15793 +/- 0.0198711 @ 95% credibility (15 tries)
Done in 0.15 min (cpu), 0.15 min (real)
Generate toy 143/250

 -- MarkovChainMC -- 
Limit: r < 1.41653 +/- 0.0168081 @ 95% credibility (15 tries)
Done in 0.14 min (cpu), 0.14 min (real)
Generate toy 144/250

 -- MarkovChainMC -- 
Limit: r < 1.35483 +/- 0.0128589 @ 95% credibility (15 tries)
Done in 0.16 min (cpu), 0.16 min (real)
Generate toy 145/250

 -- MarkovChainMC -- 
Limit: r < 1.146 +/- 0.0137265 @ 95% credibility (15 tries)
Done in 0.15 min (cpu), 0.15 min (real)
Generate toy 146/250

 -- MarkovChainMC -- 
Limit: r < 1.63066 +/- 0.00919518 @ 95% credibility (15 tries)
Done in 0.17 min (cpu), 0.17 min (real)
Generate toy 147/250

 -- MarkovChainMC -- 
Limit: r < 1.10326 +/- 0.00710364 @ 95% credibility (15 tries)
Done in 0.13 min (cpu), 0.13 min (real)
Generate toy 148/250

 -- MarkovChainMC -- 
Limit: r < 1.58517 +/- 0.0152815 @ 95% credibility (15 tries)
Done in 0.20 min (cpu), 0.20 min (real)
Generate toy 149/250

 -- MarkovChainMC -- 
Limit: r < 1.08193 +/- 0.0108466 @ 95% credibility (15 tries)
Done in 0.16 min (cpu), 0.16 min (real)
Generate toy 150/250

 -- MarkovChainMC -- 
Limit: r < 3.12675 +/- 0.0206116 @ 95% credibility (15 tries)
Done in 0.19 min (cpu), 0.19 min (real)
Generate toy 151/250

 -- MarkovChainMC -- 
Limit: r < 0.954395 +/- 0.00994473 @ 95% credibility (15 tries)
Done in 0.20 min (cpu), 0.20 min (real)
Generate toy 152/250

 -- MarkovChainMC -- 
Limit: r < 2.07148 +/- 0.0205508 @ 95% credibility (15 tries)
Done in 0.21 min (cpu), 0.21 min (real)
Generate toy 153/250

 -- MarkovChainMC -- 
Limit: r < 1.7233 +/- 0.0171294 @ 95% credibility (15 tries)
Done in 0.15 min (cpu), 0.15 min (real)
Generate toy 154/250

 -- MarkovChainMC -- 
Limit: r < 1.16061 +/- 0.0132074 @ 95% credibility (15 tries)
Done in 0.14 min (cpu), 0.14 min (real)
Generate toy 155/250

 -- MarkovChainMC -- 
Limit: r < 0.960212 +/- 0.00959434 @ 95% credibility (15 tries)
Done in 0.15 min (cpu), 0.15 min (real)
Generate toy 156/250

 -- MarkovChainMC -- 
Limit: r < 1.48991 +/- 0.0128964 @ 95% credibility (15 tries)
Done in 0.16 min (cpu), 0.16 min (real)
Generate toy 157/250

 -- MarkovChainMC -- 
Limit: r < 1.04886 +/- 0.0122745 @ 95% credibility (15 tries)
Done in 0.15 min (cpu), 0.15 min (real)
Generate toy 158/250

 -- MarkovChainMC -- 
Limit: r < 1.24694 +/- 0.0237015 @ 95% credibility (15 tries)
Done in 0.15 min (cpu), 0.15 min (real)
Generate toy 159/250

 -- MarkovChainMC -- 
Limit: r < 1.69377 +/- 0.0186565 @ 95% credibility (15 tries)
Done in 0.17 min (cpu), 0.17 min (real)
Generate toy 160/250

 -- MarkovChainMC -- 
Limit: r < 1.66156 +/- 0.0125989 @ 95% credibility (15 tries)
Done in 0.15 min (cpu), 0.15 min (real)
Generate toy 161/250

 -- MarkovChainMC -- 
Limit: r < 1.05415 +/- 0.0114602 @ 95% credibility (15 tries)
Done in 0.16 min (cpu), 0.16 min (real)
Generate toy 162/250

 -- MarkovChainMC -- 
Limit: r < 2.19971 +/- 0.0187586 @ 95% credibility (15 tries)
Done in 0.18 min (cpu), 0.18 min (real)
Generate toy 163/250

 -- MarkovChainMC -- 
Limit: r < 2.38423 +/- 0.0238275 @ 95% credibility (15 tries)
Done in 0.16 min (cpu), 0.16 min (real)
Generate toy 164/250

 -- MarkovChainMC -- 
Limit: r < 2.25745 +/- 0.0182275 @ 95% credibility (15 tries)
Done in 0.15 min (cpu), 0.15 min (real)
Generate toy 165/250

 -- MarkovChainMC -- 
Limit: r < 1.14117 +/- 0.0138806 @ 95% credibility (15 tries)
Done in 0.16 min (cpu), 0.16 min (real)
Generate toy 166/250

 -- MarkovChainMC -- 
Limit: r < 2.46599 +/- 0.0141765 @ 95% credibility (15 tries)
Done in 0.18 min (cpu), 0.18 min (real)
Generate toy 167/250

 -- MarkovChainMC -- 
Limit: r < 1.52449 +/- 0.0151843 @ 95% credibility (15 tries)
Done in 0.17 min (cpu), 0.17 min (real)
Generate toy 168/250

 -- MarkovChainMC -- 
Limit: r < 2.05815 +/- 0.0157448 @ 95% credibility (15 tries)
Done in 0.17 min (cpu), 0.17 min (real)
Generate toy 169/250

 -- MarkovChainMC -- 
Limit: r < 1.11616 +/- 0.0185562 @ 95% credibility (15 tries)
Done in 0.16 min (cpu), 0.16 min (real)
Generate toy 170/250

 -- MarkovChainMC -- 
Limit: r < 1.54125 +/- 0.0146956 @ 95% credibility (15 tries)
Done in 0.18 min (cpu), 0.18 min (real)
Generate toy 171/250

 -- MarkovChainMC -- 
Limit: r < 1.35151 +/- 0.0189952 @ 95% credibility (15 tries)
Done in 0.15 min (cpu), 0.15 min (real)
Generate toy 172/250

 -- MarkovChainMC -- 
Limit: r < 0.90374 +/- 0.0160824 @ 95% credibility (15 tries)
Done in 0.14 min (cpu), 0.14 min (real)
Generate toy 173/250

 -- MarkovChainMC -- 
Limit: r < 2.73859 +/- 0.0267918 @ 95% credibility (15 tries)
Done in 0.15 min (cpu), 0.16 min (real)
Generate toy 174/250

 -- MarkovChainMC -- 
Limit: r < 1.70152 +/- 0.0165819 @ 95% credibility (15 tries)
Done in 0.15 min (cpu), 0.15 min (real)
Generate toy 175/250

 -- MarkovChainMC -- 
Limit: r < 0.956658 +/- 0.0139134 @ 95% credibility (15 tries)
Done in 0.13 min (cpu), 0.13 min (real)
Generate toy 176/250

 -- MarkovChainMC -- 
Limit: r < 1.78078 +/- 0.0202603 @ 95% credibility (15 tries)
Done in 0.15 min (cpu), 0.15 min (real)
Generate toy 177/250

 -- MarkovChainMC -- 
Limit: r < 1.08829 +/- 0.0158474 @ 95% credibility (15 tries)
Done in 0.15 min (cpu), 0.15 min (real)
Generate toy 178/250

 -- MarkovChainMC -- 
Limit: r < 1.45272 +/- 0.0204706 @ 95% credibility (15 tries)
Done in 0.14 min (cpu), 0.14 min (real)
Generate toy 179/250

 -- MarkovChainMC -- 
Limit: r < 1.45429 +/- 0.0116385 @ 95% credibility (15 tries)
Done in 0.14 min (cpu), 0.14 min (real)
Generate toy 180/250

 -- MarkovChainMC -- 
Limit: r < 1.06737 +/- 0.0124429 @ 95% credibility (15 tries)
Done in 0.16 min (cpu), 0.16 min (real)
Generate toy 181/250

 -- MarkovChainMC -- 
Limit: r < 0.920337 +/- 0.0164754 @ 95% credibility (15 tries)
Done in 0.17 min (cpu), 0.17 min (real)
Generate toy 182/250

 -- MarkovChainMC -- 
Limit: r < 1.4927 +/- 0.0212757 @ 95% credibility (15 tries)
Done in 0.18 min (cpu), 0.18 min (real)
Generate toy 183/250

 -- MarkovChainMC -- 
Limit: r < 1.07509 +/- 0.0135474 @ 95% credibility (15 tries)
Done in 0.16 min (cpu), 0.16 min (real)
Generate toy 184/250

 -- MarkovChainMC -- 
Limit: r < 1.46724 +/- 0.0136074 @ 95% credibility (15 tries)
Done in 0.16 min (cpu), 0.16 min (real)
Generate toy 185/250

 -- MarkovChainMC -- 
Limit: r < 2.04961 +/- 0.0168111 @ 95% credibility (15 tries)
Done in 0.16 min (cpu), 0.17 min (real)
Generate toy 186/250

 -- MarkovChainMC -- 
Limit: r < 1.25488 +/- 0.0138287 @ 95% credibility (15 tries)
Done in 0.17 min (cpu), 0.18 min (real)
Generate toy 187/250

 -- MarkovChainMC -- 
Limit: r < 1.49821 +/- 0.00970329 @ 95% credibility (15 tries)
Done in 0.18 min (cpu), 0.18 min (real)
Generate toy 188/250

 -- MarkovChainMC -- 
Limit: r < 1.06455 +/- 0.00999335 @ 95% credibility (15 tries)
Done in 0.18 min (cpu), 0.18 min (real)
Generate toy 189/250

 -- MarkovChainMC -- 
Limit: r < 1.38088 +/- 0.0166441 @ 95% credibility (15 tries)
Done in 0.18 min (cpu), 0.18 min (real)
Generate toy 190/250

 -- MarkovChainMC -- 
Limit: r < 1.30699 +/- 0.0119137 @ 95% credibility (15 tries)
Done in 0.18 min (cpu), 0.18 min (real)
Generate toy 191/250

 -- MarkovChainMC -- 
Limit: r < 1.08796 +/- 0.0132776 @ 95% credibility (15 tries)
Done in 0.18 min (cpu), 0.18 min (real)
Generate toy 192/250

 -- MarkovChainMC -- 
Limit: r < 1.31318 +/- 0.0209593 @ 95% credibility (15 tries)
Done in 0.18 min (cpu), 0.18 min (real)
Generate toy 193/250

 -- MarkovChainMC -- 
Limit: r < 1.09775 +/- 0.014594 @ 95% credibility (15 tries)
Done in 0.18 min (cpu), 0.18 min (real)
Generate toy 194/250

 -- MarkovChainMC -- 
Limit: r < 1.36886 +/- 0.0173917 @ 95% credibility (15 tries)
Done in 0.18 min (cpu), 0.18 min (real)
Generate toy 195/250

 -- MarkovChainMC -- 
Limit: r < 1.77254 +/- 0.0220235 @ 95% credibility (15 tries)
Done in 0.18 min (cpu), 0.19 min (real)
Generate toy 196/250

 -- MarkovChainMC -- 
Limit: r < 1.50703 +/- 0.0194686 @ 95% credibility (15 tries)
Done in 0.18 min (cpu), 0.18 min (real)
Generate toy 197/250

 -- MarkovChainMC -- 
Limit: r < 1.76748 +/- 0.0178016 @ 95% credibility (15 tries)
Done in 0.17 min (cpu), 0.17 min (real)
Generate toy 198/250

 -- MarkovChainMC -- 
Limit: r < 1.4044 +/- 0.0150815 @ 95% credibility (15 tries)
Done in 0.16 min (cpu), 0.16 min (real)
Generate toy 199/250

 -- MarkovChainMC -- 
Limit: r < 0.915266 +/- 0.0142906 @ 95% credibility (15 tries)
Done in 0.17 min (cpu), 0.17 min (real)
Generate toy 200/250

 -- MarkovChainMC -- 
Limit: r < 0.920732 +/- 0.0137209 @ 95% credibility (15 tries)
Done in 0.17 min (cpu), 0.17 min (real)
Generate toy 201/250

 -- MarkovChainMC -- 
Limit: r < 1.05708 +/- 0.0200812 @ 95% credibility (15 tries)
Done in 0.17 min (cpu), 0.18 min (real)
Generate toy 202/250

 -- MarkovChainMC -- 
Limit: r < 1.00662 +/- 0.0103397 @ 95% credibility (15 tries)
Done in 0.17 min (cpu), 0.17 min (real)
Generate toy 203/250

 -- MarkovChainMC -- 
Limit: r < 1.36863 +/- 0.00864819 @ 95% credibility (15 tries)
Done in 0.14 min (cpu), 0.14 min (real)
Generate toy 204/250

 -- MarkovChainMC -- 
Limit: r < 1.89626 +/- 0.00969136 @ 95% credibility (15 tries)
Done in 0.18 min (cpu), 0.18 min (real)
Generate toy 205/250

 -- MarkovChainMC -- 
Limit: r < 1.62474 +/- 0.0160315 @ 95% credibility (15 tries)
Done in 0.17 min (cpu), 0.17 min (real)
Generate toy 206/250

 -- MarkovChainMC -- 
Limit: r < 1.3888 +/- 0.0172305 @ 95% credibility (15 tries)
Done in 0.14 min (cpu), 0.14 min (real)
Generate toy 207/250

 -- MarkovChainMC -- 
Limit: r < 3.86548 +/- 0.00834985 @ 95% credibility (15 tries)
Done in 0.16 min (cpu), 0.16 min (real)
Generate toy 208/250

 -- MarkovChainMC -- 
Limit: r < 2.56388 +/- 0.0155639 @ 95% credibility (15 tries)
Done in 0.18 min (cpu), 0.18 min (real)
Generate toy 209/250

 -- MarkovChainMC -- 
Limit: r < 1.52488 +/- 0.0175151 @ 95% credibility (15 tries)
Done in 0.18 min (cpu), 0.18 min (real)
Generate toy 210/250

 -- MarkovChainMC -- 
Limit: r < 1.49104 +/- 0.0154255 @ 95% credibility (15 tries)
Done in 0.18 min (cpu), 0.18 min (real)
Generate toy 211/250

 -- MarkovChainMC -- 
Limit: r < 1.66475 +/- 0.0187746 @ 95% credibility (15 tries)
Done in 0.15 min (cpu), 0.15 min (real)
Generate toy 212/250

 -- MarkovChainMC -- 
Limit: r < 1.14994 +/- 0.012077 @ 95% credibility (15 tries)
Done in 0.18 min (cpu), 0.18 min (real)
Generate toy 213/250

 -- MarkovChainMC -- 
Limit: r < 1.12869 +/- 0.010654 @ 95% credibility (15 tries)
Done in 0.17 min (cpu), 0.17 min (real)
Generate toy 214/250

 -- MarkovChainMC -- 
Limit: r < 1.44262 +/- 0.0142219 @ 95% credibility (15 tries)
Done in 0.15 min (cpu), 0.15 min (real)
Generate toy 215/250

 -- MarkovChainMC -- 
Limit: r < 1.68795 +/- 0.0184215 @ 95% credibility (15 tries)
Done in 0.16 min (cpu), 0.16 min (real)
Generate toy 216/250

 -- MarkovChainMC -- 
Limit: r < 1.05235 +/- 0.0105652 @ 95% credibility (15 tries)
Done in 0.15 min (cpu), 0.16 min (real)
Generate toy 217/250

 -- MarkovChainMC -- 
Limit: r < 1.3922 +/- 0.0256496 @ 95% credibility (15 tries)
Done in 0.16 min (cpu), 0.16 min (real)
Generate toy 218/250

 -- MarkovChainMC -- 
Limit: r < 0.972471 +/- 0.00765519 @ 95% credibility (15 tries)
Done in 0.13 min (cpu), 0.13 min (real)
Generate toy 219/250

 -- MarkovChainMC -- 
Limit: r < 1.12025 +/- 0.012802 @ 95% credibility (15 tries)
Done in 0.15 min (cpu), 0.16 min (real)
Generate toy 220/250

 -- MarkovChainMC -- 
Limit: r < 1.55045 +/- 0.0168545 @ 95% credibility (15 tries)
Done in 0.14 min (cpu), 0.14 min (real)
Generate toy 221/250

 -- MarkovChainMC -- 
Limit: r < 2.11813 +/- 0.0150631 @ 95% credibility (15 tries)
Done in 0.19 min (cpu), 0.19 min (real)
Generate toy 222/250

 -- MarkovChainMC -- 
Limit: r < 2.21794 +/- 0.0160765 @ 95% credibility (15 tries)
Done in 0.19 min (cpu), 0.19 min (real)
Generate toy 223/250

 -- MarkovChainMC -- 
Limit: r < 2.50047 +/- 0.0171962 @ 95% credibility (15 tries)
Done in 0.19 min (cpu), 0.19 min (real)
Generate toy 224/250

 -- MarkovChainMC -- 
Limit: r < 1.01189 +/- 0.00734553 @ 95% credibility (15 tries)
Done in 0.16 min (cpu), 0.16 min (real)
Generate toy 225/250

 -- MarkovChainMC -- 
Limit: r < 1.47531 +/- 0.00894269 @ 95% credibility (15 tries)
Done in 0.16 min (cpu), 0.16 min (real)
Generate toy 226/250

 -- MarkovChainMC -- 
Limit: r < 1.39853 +/- 0.013864 @ 95% credibility (15 tries)
Done in 0.14 min (cpu), 0.14 min (real)
Generate toy 227/250

 -- MarkovChainMC -- 
Limit: r < 1.27441 +/- 0.0200101 @ 95% credibility (15 tries)
Done in 0.15 min (cpu), 0.15 min (real)
Generate toy 228/250

 -- MarkovChainMC -- 
Limit: r < 2.61915 +/- 0.0142559 @ 95% credibility (15 tries)
Done in 0.19 min (cpu), 0.19 min (real)
Generate toy 229/250

 -- MarkovChainMC -- 
Limit: r < 1.57368 +/- 0.017372 @ 95% credibility (15 tries)
Done in 0.18 min (cpu), 0.18 min (real)
Generate toy 230/250

 -- MarkovChainMC -- 
Limit: r < 1.07767 +/- 0.00626999 @ 95% credibility (15 tries)
Done in 0.16 min (cpu), 0.16 min (real)
Generate toy 231/250

 -- MarkovChainMC -- 
Limit: r < 1.91512 +/- 0.00959199 @ 95% credibility (15 tries)
Done in 0.16 min (cpu), 0.16 min (real)
Generate toy 232/250

 -- MarkovChainMC -- 
Limit: r < 1.13887 +/- 0.014963 @ 95% credibility (15 tries)
Done in 0.16 min (cpu), 0.16 min (real)
Generate toy 233/250

 -- MarkovChainMC -- 
Limit: r < 1.43957 +/- 0.0180655 @ 95% credibility (15 tries)
Done in 0.17 min (cpu), 0.18 min (real)
Generate toy 234/250

 -- MarkovChainMC -- 
Limit: r < 1.32739 +/- 0.0120243 @ 95% credibility (15 tries)
Done in 0.16 min (cpu), 0.16 min (real)
Generate toy 235/250

 -- MarkovChainMC -- 
Limit: r < 1.50742 +/- 0.0151134 @ 95% credibility (15 tries)
Done in 0.17 min (cpu), 0.18 min (real)
Generate toy 236/250

 -- MarkovChainMC -- 
Limit: r < 1.08644 +/- 0.018173 @ 95% credibility (15 tries)
Done in 0.17 min (cpu), 0.17 min (real)
Generate toy 237/250

 -- MarkovChainMC -- 
Limit: r < 1.79547 +/- 0.0151257 @ 95% credibility (15 tries)
Done in 0.19 min (cpu), 0.19 min (real)
Generate toy 238/250

 -- MarkovChainMC -- 
Limit: r < 1.23783 +/- 0.0122395 @ 95% credibility (15 tries)
Done in 0.16 min (cpu), 0.16 min (real)
Generate toy 239/250

 -- MarkovChainMC -- 
Limit: r < 1.4436 +/- 0.0110077 @ 95% credibility (15 tries)
Done in 0.18 min (cpu), 0.18 min (real)
Generate toy 240/250

 -- MarkovChainMC -- 
Limit: r < 2.1029 +/- 0.0148369 @ 95% credibility (15 tries)
Done in 0.19 min (cpu), 0.19 min (real)
Generate toy 241/250

 -- MarkovChainMC -- 
Limit: r < 1.23094 +/- 0.0184202 @ 95% credibility (15 tries)
Done in 0.16 min (cpu), 0.16 min (real)
Generate toy 242/250

 -- MarkovChainMC -- 
Limit: r < 1.7756 +/- 0.0160306 @ 95% credibility (15 tries)
Done in 0.17 min (cpu), 0.17 min (real)
Generate toy 243/250

 -- MarkovChainMC -- 
Limit: r < 2.01764 +/- 0.0262408 @ 95% credibility (15 tries)
Done in 0.16 min (cpu), 0.16 min (real)
Generate toy 244/250

 -- MarkovChainMC -- 
Limit: r < 1.20095 +/- 0.0125802 @ 95% credibility (15 tries)
Done in 0.17 min (cpu), 0.17 min (real)
Generate toy 245/250

 -- MarkovChainMC -- 
Limit: r < 1.63554 +/- 0.0170721 @ 95% credibility (15 tries)
Done in 0.17 min (cpu), 0.17 min (real)
Generate toy 246/250

 -- MarkovChainMC -- 
Limit: r < 2.30646 +/- 0.0176174 @ 95% credibility (15 tries)
Done in 0.18 min (cpu), 0.18 min (real)
Generate toy 247/250

 -- MarkovChainMC -- 
Limit: r < 1.95136 +/- 0.0236284 @ 95% credibility (15 tries)
Done in 0.18 min (cpu), 0.18 min (real)
Generate toy 248/250

 -- MarkovChainMC -- 
Limit: r < 2.03339 +/- 0.0232252 @ 95% credibility (15 tries)
Done in 0.17 min (cpu), 0.18 min (real)
Generate toy 249/250

 -- MarkovChainMC -- 
Limit: r < 2.20151 +/- 0.0143961 @ 95% credibility (15 tries)
Done in 0.19 min (cpu), 0.19 min (real)
Generate toy 250/250

 -- MarkovChainMC -- 
Limit: r < 1.04717 +/- 0.00909479 @ 95% credibility (15 tries)
Done in 0.17 min (cpu), 0.17 min (real)
mean   expected limit: r < 1.52826 +/- 0.0316486 @ 95%CL (250 toyMC)
median expected limit: r < 1.44311 @ 95%CL (250 toyMC)
   68% expected band : 1.08644 < r < 1.93787
   95% expected band : 0.916494 < r < 3.08782
