 <<< Combine >>> 
 <<< v10.0.2 >>>
>>> Used OpenSSL to get a truly random seed 436863180
>>> Method used is MarkovChainMC
============================================================
Analyzing bin errors for: prop_binmuon_channel
Poisson cut-off: 10
Processes excluded for sums: Wprime1000_kR5
============================================================
Bin        Contents        Error           Notes                         
0          5491.391454     14.389643       total sum                     
0          5489.009974     14.389572       excluding marked processes    
0          145510.000000   381.457730      Unweighted events, alpha=0.037739
  => Total parameter prop_binmuon_channel_bin0[0.00,-7.00,7.00] to be Gaussian constrained
------------------------------------------------------------
1          2093.664018     7.507942        total sum                     
1          2091.469679     7.507819        excluding marked processes    
1          77602.000000    278.571355      Unweighted events, alpha=0.026980
  => Total parameter prop_binmuon_channel_bin1[0.00,-7.00,7.00] to be Gaussian constrained
------------------------------------------------------------
2          927.461199      5.743413        total sum                     
2          925.287269      5.743251        excluding marked processes    
2          25956.000000    161.108659      Unweighted events, alpha=0.035732
  => Total parameter prop_binmuon_channel_bin2[0.00,-7.00,7.00] to be Gaussian constrained
------------------------------------------------------------
3          464.622252      3.622305        total sum                     
3          462.717279      3.622082        excluding marked processes    
3          16320.000000    127.749755      Unweighted events, alpha=0.028470
  => Total parameter prop_binmuon_channel_bin3[0.00,-7.00,7.00] to be Gaussian constrained
------------------------------------------------------------
4          241.964963      1.534318        total sum                     
4          240.228093      1.533810        excluding marked processes    
4          24530.000000    156.620561      Unweighted events, alpha=0.009864
  => Total parameter prop_binmuon_channel_bin4[0.00,-7.00,7.00] to be Gaussian constrained
------------------------------------------------------------
5          140.571177      1.743272        total sum                     
5          139.121722      1.742909        excluding marked processes    
5          6371.000000     79.818544       Unweighted events, alpha=0.022064
  => Total parameter prop_binmuon_channel_bin5[0.00,-7.00,7.00] to be Gaussian constrained
------------------------------------------------------------
6          134.581721      1.065350        total sum                     
6          132.798509      1.064641        excluding marked processes    
6          15559.000000    124.735721      Unweighted events, alpha=0.008650
  => Total parameter prop_binmuon_channel_bin6[0.00,-7.00,7.00] to be Gaussian constrained
------------------------------------------------------------
7          52.673014       0.722107        total sum                     
7          51.876344       0.721630        excluding marked processes    
7          5168.000000     71.888803       Unweighted events, alpha=0.010192
  => Total parameter prop_binmuon_channel_bin7[0.00,-7.00,7.00] to be Gaussian constrained
------------------------------------------------------------
8          29.756676       0.469246        total sum                     
8          29.337675       0.468872        excluding marked processes    
8          3915.000000     62.569961       Unweighted events, alpha=0.007601
  => Total parameter prop_binmuon_channel_bin8[0.00,-7.00,7.00] to be Gaussian constrained
------------------------------------------------------------
9          10.051591       0.334661        total sum                     
9          9.941359        0.334523        excluding marked processes    
9          883.000000      29.715316       Unweighted events, alpha=0.011383
  => Total parameter prop_binmuon_channel_bin9[0.00,-7.00,7.00] to be Gaussian constrained
------------------------------------------------------------
10         4.205371        0.105683        total sum                     
10         4.165375        0.105525        excluding marked processes    
10         1558.000000     39.471509       Unweighted events, alpha=0.002699
  => Total parameter prop_binmuon_channel_bin10[0.00,-7.00,7.00] to be Gaussian constrained
------------------------------------------------------------
11         1.772198        0.218189        total sum                     
11         1.762132        0.218174        excluding marked processes    
11         65.000000       8.062258        Unweighted events, alpha=0.027265
  => Total parameter prop_binmuon_channel_bin11[0.00,-7.00,7.00] to be Gaussian constrained
------------------------------------------------------------
12         0.277776        0.002094        total sum                     
12         0.276349        0.001778        excluding marked processes    
12         24153.000000    155.412355      Unweighted events, alpha=0.000012
  => Total parameter prop_binmuon_channel_bin12[0.00,-7.00,7.00] to be Gaussian constrained
------------------------------------------------------------
13         0.085750        0.001214        total sum                     
13         0.085750        0.001214        excluding marked processes    
13         4991.000000     70.647010       Unweighted events, alpha=0.000017
  => Total parameter prop_binmuon_channel_bin13[0.00,-7.00,7.00] to be Gaussian constrained
------------------------------------------------------------
14         0.007105        0.001511        total sum                     
14         0.007105        0.001511        excluding marked processes    
14         22.000000       4.690416        Unweighted events, alpha=0.000323
  => Total parameter prop_binmuon_channel_bin14[0.00,-7.00,7.00] to be Gaussian constrained
------------------------------------------------------------
15         0.001078        0.000054        total sum                     
15         0.001078        0.000054        excluding marked processes    
15         404.000000      20.099751       Unweighted events, alpha=0.000003
  => Total parameter prop_binmuon_channel_bin15[0.00,-7.00,7.00] to be Gaussian constrained
------------------------------------------------------------
Channel muon_channel will use autoMCStats with settings: event-threshold=10, include-signal=0, hist-mode=1
Generate toy 1/250

 -- MarkovChainMC -- 
Limit: r < 17.9834 +/- 0.404371 @ 95% credibility (15 tries)
Done in 0.11 min (cpu), 0.11 min (real)
Generate toy 2/250

 -- MarkovChainMC -- 
Limit: r < 22.0253 +/- 0.413954 @ 95% credibility (15 tries)
Done in 0.10 min (cpu), 0.10 min (real)
Generate toy 3/250

 -- MarkovChainMC -- 
Limit: r < 18.0882 +/- 0.221737 @ 95% credibility (15 tries)
Done in 0.10 min (cpu), 0.10 min (real)
Generate toy 4/250

 -- MarkovChainMC -- 
Limit: r < 14.9146 +/- 0.351534 @ 95% credibility (15 tries)
Done in 0.10 min (cpu), 0.10 min (real)
Generate toy 5/250

 -- MarkovChainMC -- 
Limit: r < 11.3031 +/- 0.438567 @ 95% credibility (15 tries)
Done in 0.10 min (cpu), 0.10 min (real)
Generate toy 6/250

 -- MarkovChainMC -- 
Limit: r < 10.8376 +/- 0.221891 @ 95% credibility (15 tries)
Done in 0.10 min (cpu), 0.10 min (real)
Generate toy 7/250

 -- MarkovChainMC -- 
Limit: r < 7.51076 +/- 0.208128 @ 95% credibility (15 tries)
Done in 0.12 min (cpu), 0.12 min (real)
Generate toy 8/250

 -- MarkovChainMC -- 
Limit: r < 17.7562 +/- 0.363248 @ 95% credibility (15 tries)
Done in 0.12 min (cpu), 0.12 min (real)
Generate toy 9/250

 -- MarkovChainMC -- 
Limit: r < 19.0253 +/- 0.653695 @ 95% credibility (15 tries)
Done in 0.10 min (cpu), 0.10 min (real)
Generate toy 10/250

 -- MarkovChainMC -- 
Limit: r < 17.7793 +/- 0.299049 @ 95% credibility (15 tries)
Done in 0.10 min (cpu), 0.10 min (real)
Generate toy 11/250

 -- MarkovChainMC -- 
Limit: r < 15.6996 +/- 0.406038 @ 95% credibility (15 tries)
Done in 0.12 min (cpu), 0.12 min (real)
Generate toy 12/250

 -- MarkovChainMC -- 
Limit: r < 14.4966 +/- 0.418444 @ 95% credibility (15 tries)
Done in 0.11 min (cpu), 0.11 min (real)
Generate toy 13/250

 -- MarkovChainMC -- 
Limit: r < 12.8848 +/- 0.304663 @ 95% credibility (15 tries)
Done in 0.10 min (cpu), 0.10 min (real)
Generate toy 14/250

 -- MarkovChainMC -- 
Limit: r < 7.92668 +/- 0.21548 @ 95% credibility (15 tries)
Done in 0.10 min (cpu), 0.10 min (real)
Generate toy 15/250

 -- MarkovChainMC -- 
Limit: r < 15.8939 +/- 0.203718 @ 95% credibility (15 tries)
Done in 0.12 min (cpu), 0.12 min (real)
Generate toy 16/250

 -- MarkovChainMC -- 
Limit: r < 8.70947 +/- 0.293876 @ 95% credibility (15 tries)
Done in 0.10 min (cpu), 0.10 min (real)
Generate toy 17/250

 -- MarkovChainMC -- 
Limit: r < 7.84413 +/- 0.169165 @ 95% credibility (15 tries)
Done in 0.11 min (cpu), 0.11 min (real)
Generate toy 18/250

 -- MarkovChainMC -- 
Limit: r < 9.33702 +/- 0.214238 @ 95% credibility (15 tries)
Done in 0.12 min (cpu), 0.13 min (real)
Generate toy 19/250

 -- MarkovChainMC -- 
Limit: r < 13.5802 +/- 0.239141 @ 95% credibility (15 tries)
Done in 0.14 min (cpu), 0.14 min (real)
Generate toy 20/250

 -- MarkovChainMC -- 
Limit: r < 14.3896 +/- 0.309869 @ 95% credibility (15 tries)
Done in 0.14 min (cpu), 0.14 min (real)
Generate toy 21/250

 -- MarkovChainMC -- 
Limit: r < 17.8679 +/- 0.32602 @ 95% credibility (15 tries)
Done in 0.17 min (cpu), 0.17 min (real)
Generate toy 22/250

 -- MarkovChainMC -- 
Limit: r < 13.3535 +/- 0.36892 @ 95% credibility (15 tries)
Done in 0.13 min (cpu), 0.13 min (real)
Generate toy 23/250

 -- MarkovChainMC -- 
Limit: r < 12.0223 +/- 0.275989 @ 95% credibility (15 tries)
Done in 0.15 min (cpu), 0.15 min (real)
Generate toy 24/250

 -- MarkovChainMC -- 
Limit: r < 22.8791 +/- 0.401286 @ 95% credibility (15 tries)
Done in 0.13 min (cpu), 0.13 min (real)
Generate toy 25/250

 -- MarkovChainMC -- 
Limit: r < 12.8963 +/- 0.201944 @ 95% credibility (15 tries)
Done in 0.14 min (cpu), 0.14 min (real)
Generate toy 26/250

 -- MarkovChainMC -- 
Limit: r < 8.89216 +/- 0.20157 @ 95% credibility (15 tries)
Done in 0.13 min (cpu), 0.13 min (real)
Generate toy 27/250

 -- MarkovChainMC -- 
Limit: r < 10.1963 +/- 0.211935 @ 95% credibility (15 tries)
Done in 0.11 min (cpu), 0.11 min (real)
Generate toy 28/250

 -- MarkovChainMC -- 
Limit: r < 11.2814 +/- 0.227761 @ 95% credibility (15 tries)
Done in 0.11 min (cpu), 0.11 min (real)
Generate toy 29/250

 -- MarkovChainMC -- 
Limit: r < 18.4152 +/- 0.463608 @ 95% credibility (15 tries)
Done in 0.11 min (cpu), 0.11 min (real)
Generate toy 30/250

 -- MarkovChainMC -- 
Limit: r < 12.4919 +/- 0.315129 @ 95% credibility (15 tries)
Done in 0.11 min (cpu), 0.11 min (real)
Generate toy 31/250

 -- MarkovChainMC -- 
Limit: r < 12.3715 +/- 0.217103 @ 95% credibility (15 tries)
Done in 0.12 min (cpu), 0.12 min (real)
Generate toy 32/250

 -- MarkovChainMC -- 
Limit: r < 16.0257 +/- 0.502144 @ 95% credibility (15 tries)
Done in 0.11 min (cpu), 0.11 min (real)
Generate toy 33/250

 -- MarkovChainMC -- 
Limit: r < 11.8049 +/- 0.302977 @ 95% credibility (15 tries)
Done in 0.11 min (cpu), 0.11 min (real)
Generate toy 34/250

 -- MarkovChainMC -- 
Limit: r < 6.62456 +/- 0.104686 @ 95% credibility (15 tries)
Done in 0.11 min (cpu), 0.11 min (real)
Generate toy 35/250

 -- MarkovChainMC -- 
Limit: r < 17.7602 +/- 0.44583 @ 95% credibility (15 tries)
Done in 0.11 min (cpu), 0.11 min (real)
Generate toy 36/250

 -- MarkovChainMC -- 
Limit: r < 11.5745 +/- 0.385327 @ 95% credibility (15 tries)
Done in 0.11 min (cpu), 0.11 min (real)
Generate toy 37/250

 -- MarkovChainMC -- 
Limit: r < 7.67522 +/- 0.263166 @ 95% credibility (15 tries)
Done in 0.11 min (cpu), 0.11 min (real)
Generate toy 38/250

 -- MarkovChainMC -- 
Limit: r < 7.18937 +/- 0.26035 @ 95% credibility (15 tries)
Done in 0.11 min (cpu), 0.11 min (real)
Generate toy 39/250

 -- MarkovChainMC -- 
Limit: r < 24.8293 +/- 0.353341 @ 95% credibility (15 tries)
Done in 0.11 min (cpu), 0.11 min (real)
Generate toy 40/250

 -- MarkovChainMC -- 
Limit: r < 15.1204 +/- 0.442942 @ 95% credibility (15 tries)
Done in 0.12 min (cpu), 0.12 min (real)
Generate toy 41/250

 -- MarkovChainMC -- 
Limit: r < 11.0038 +/- 0.367547 @ 95% credibility (15 tries)
Done in 0.11 min (cpu), 0.11 min (real)
Generate toy 42/250

 -- MarkovChainMC -- 
Limit: r < 14.7123 +/- 0.264087 @ 95% credibility (15 tries)
Done in 0.10 min (cpu), 0.10 min (real)
Generate toy 43/250

 -- MarkovChainMC -- 
Limit: r < 10.4466 +/- 0.489978 @ 95% credibility (15 tries)
Done in 0.10 min (cpu), 0.10 min (real)
Generate toy 44/250

 -- MarkovChainMC -- 
Limit: r < 18.7075 +/- 0.389525 @ 95% credibility (15 tries)
Done in 0.11 min (cpu), 0.11 min (real)
Generate toy 45/250

 -- MarkovChainMC -- 
Limit: r < 11.019 +/- 0.283059 @ 95% credibility (15 tries)
Done in 0.10 min (cpu), 0.10 min (real)
Generate toy 46/250

 -- MarkovChainMC -- 
Limit: r < 9.10067 +/- 0.237627 @ 95% credibility (15 tries)
Done in 0.10 min (cpu), 0.10 min (real)
Generate toy 47/250

 -- MarkovChainMC -- 
Limit: r < 10.9786 +/- 0.199044 @ 95% credibility (15 tries)
Done in 0.10 min (cpu), 0.10 min (real)
Generate toy 48/250

 -- MarkovChainMC -- 
Limit: r < 20.6203 +/- 0.323714 @ 95% credibility (15 tries)
Done in 0.10 min (cpu), 0.10 min (real)
Generate toy 49/250

 -- MarkovChainMC -- 
Limit: r < 11.0232 +/- 0.302912 @ 95% credibility (15 tries)
Done in 0.10 min (cpu), 0.10 min (real)
Generate toy 50/250

 -- MarkovChainMC -- 
Limit: r < 13.7082 +/- 0.303414 @ 95% credibility (15 tries)
Done in 0.11 min (cpu), 0.11 min (real)
Generate toy 51/250

 -- MarkovChainMC -- 
Limit: r < 12.8888 +/- 0.344418 @ 95% credibility (15 tries)
Done in 0.11 min (cpu), 0.11 min (real)
Generate toy 52/250

 -- MarkovChainMC -- 
Limit: r < 20.3988 +/- 0.191549 @ 95% credibility (15 tries)
Done in 0.11 min (cpu), 0.11 min (real)
Generate toy 53/250

 -- MarkovChainMC -- 
Limit: r < 8.87622 +/- 0.264195 @ 95% credibility (15 tries)
Done in 0.11 min (cpu), 0.11 min (real)
Generate toy 54/250

 -- MarkovChainMC -- 
Limit: r < 11.2861 +/- 0.355416 @ 95% credibility (15 tries)
Done in 0.10 min (cpu), 0.11 min (real)
Generate toy 55/250

 -- MarkovChainMC -- 
Limit: r < 8.29766 +/- 0.275942 @ 95% credibility (15 tries)
Done in 0.10 min (cpu), 0.11 min (real)
Generate toy 56/250

 -- MarkovChainMC -- 
Limit: r < 10.7099 +/- 0.350817 @ 95% credibility (15 tries)
Done in 0.11 min (cpu), 0.11 min (real)
Generate toy 57/250

 -- MarkovChainMC -- 
Limit: r < 8.16019 +/- 0.321856 @ 95% credibility (15 tries)
Done in 0.11 min (cpu), 0.11 min (real)
Generate toy 58/250

 -- MarkovChainMC -- 
Limit: r < 13.3321 +/- 0.326827 @ 95% credibility (15 tries)
Done in 0.11 min (cpu), 0.11 min (real)
Generate toy 59/250

 -- MarkovChainMC -- 
Limit: r < 18.2342 +/- 0.389592 @ 95% credibility (15 tries)
Done in 0.11 min (cpu), 0.11 min (real)
Generate toy 60/250

 -- MarkovChainMC -- 
Limit: r < 20.7439 +/- 0.26338 @ 95% credibility (15 tries)
Done in 0.11 min (cpu), 0.11 min (real)
Generate toy 61/250

 -- MarkovChainMC -- 
Limit: r < 11.4372 +/- 0.384166 @ 95% credibility (15 tries)
Done in 0.12 min (cpu), 0.12 min (real)
Generate toy 62/250

 -- MarkovChainMC -- 
Limit: r < 16.4073 +/- 0.345016 @ 95% credibility (15 tries)
Done in 0.12 min (cpu), 0.12 min (real)
Generate toy 63/250

 -- MarkovChainMC -- 
Limit: r < 11.7549 +/- 0.280365 @ 95% credibility (15 tries)
Done in 0.11 min (cpu), 0.11 min (real)
Generate toy 64/250

 -- MarkovChainMC -- 
Limit: r < 12.5676 +/- 0.224804 @ 95% credibility (15 tries)
Done in 0.11 min (cpu), 0.11 min (real)
Generate toy 65/250

 -- MarkovChainMC -- 
Limit: r < 11.274 +/- 0.313365 @ 95% credibility (15 tries)
Done in 0.11 min (cpu), 0.11 min (real)
Generate toy 66/250

 -- MarkovChainMC -- 
Limit: r < 17.7018 +/- 0.384621 @ 95% credibility (15 tries)
Done in 0.10 min (cpu), 0.10 min (real)
Generate toy 67/250

 -- MarkovChainMC -- 
Limit: r < 12.4515 +/- 0.433121 @ 95% credibility (15 tries)
Done in 0.12 min (cpu), 0.12 min (real)
Generate toy 68/250

 -- MarkovChainMC -- 
Limit: r < 12.2041 +/- 0.436294 @ 95% credibility (15 tries)
Done in 0.12 min (cpu), 0.12 min (real)
Generate toy 69/250

 -- MarkovChainMC -- 
Limit: r < 7.84604 +/- 0.184252 @ 95% credibility (15 tries)
Done in 0.14 min (cpu), 0.14 min (real)
Generate toy 70/250

 -- MarkovChainMC -- 
Limit: r < 16.9254 +/- 0.262153 @ 95% credibility (15 tries)
Done in 0.11 min (cpu), 0.11 min (real)
Generate toy 71/250

 -- MarkovChainMC -- 
Limit: r < 18.6763 +/- 0.42375 @ 95% credibility (15 tries)
Done in 0.12 min (cpu), 0.12 min (real)
Generate toy 72/250

 -- MarkovChainMC -- 
Limit: r < 9.7907 +/- 0.332861 @ 95% credibility (15 tries)
Done in 0.10 min (cpu), 0.10 min (real)
Generate toy 73/250

 -- MarkovChainMC -- 
Limit: r < 14.0503 +/- 0.247012 @ 95% credibility (15 tries)
Done in 0.10 min (cpu), 0.10 min (real)
Generate toy 74/250

 -- MarkovChainMC -- 
Limit: r < 17.2034 +/- 0.4818 @ 95% credibility (15 tries)
Done in 0.10 min (cpu), 0.10 min (real)
Generate toy 75/250

 -- MarkovChainMC -- 
Limit: r < 10.8667 +/- 0.251702 @ 95% credibility (15 tries)
Done in 0.11 min (cpu), 0.11 min (real)
Generate toy 76/250

 -- MarkovChainMC -- 
Limit: r < 14.2179 +/- 0.282761 @ 95% credibility (15 tries)
Done in 0.11 min (cpu), 0.11 min (real)
Generate toy 77/250

 -- MarkovChainMC -- 
Limit: r < 16.2386 +/- 0.140114 @ 95% credibility (15 tries)
Done in 0.11 min (cpu), 0.11 min (real)
Generate toy 78/250

 -- MarkovChainMC -- 
Limit: r < 8.01075 +/- 0.202059 @ 95% credibility (15 tries)
Done in 0.10 min (cpu), 0.10 min (real)
Generate toy 79/250

 -- MarkovChainMC -- 
Limit: r < 13.1668 +/- 0.375594 @ 95% credibility (15 tries)
Done in 0.10 min (cpu), 0.10 min (real)
Generate toy 80/250

 -- MarkovChainMC -- 
Limit: r < 18.2021 +/- 0.141315 @ 95% credibility (15 tries)
Done in 0.11 min (cpu), 0.11 min (real)
Generate toy 81/250

 -- MarkovChainMC -- 
Limit: r < 11.6839 +/- 0.338704 @ 95% credibility (15 tries)
Done in 0.11 min (cpu), 0.11 min (real)
Generate toy 82/250

 -- MarkovChainMC -- 
Limit: r < 13.0742 +/- 0.244564 @ 95% credibility (15 tries)
Done in 0.14 min (cpu), 0.14 min (real)
Generate toy 83/250

 -- MarkovChainMC -- 
Limit: r < 8.65392 +/- 0.293341 @ 95% credibility (15 tries)
Done in 0.11 min (cpu), 0.11 min (real)
Generate toy 84/250

 -- MarkovChainMC -- 
Limit: r < 15.0905 +/- 0.264096 @ 95% credibility (15 tries)
Done in 0.11 min (cpu), 0.11 min (real)
Generate toy 85/250

 -- MarkovChainMC -- 
Limit: r < 17.4009 +/- 0.252113 @ 95% credibility (15 tries)
Done in 0.10 min (cpu), 0.11 min (real)
Generate toy 86/250

 -- MarkovChainMC -- 
Limit: r < 25.6311 +/- 0.155558 @ 95% credibility (15 tries)
Done in 0.11 min (cpu), 0.11 min (real)
Generate toy 87/250

 -- MarkovChainMC -- 
Limit: r < 6.42104 +/- 0.240303 @ 95% credibility (15 tries)
Done in 0.10 min (cpu), 0.10 min (real)
Generate toy 88/250

 -- MarkovChainMC -- 
Limit: r < 15.7436 +/- 0.368944 @ 95% credibility (15 tries)
Done in 0.10 min (cpu), 0.10 min (real)
Generate toy 89/250

 -- MarkovChainMC -- 
Limit: r < 13.2224 +/- 0.334821 @ 95% credibility (15 tries)
Done in 0.10 min (cpu), 0.10 min (real)
Generate toy 90/250

 -- MarkovChainMC -- 
Limit: r < 9.92892 +/- 0.261064 @ 95% credibility (15 tries)
Done in 0.11 min (cpu), 0.11 min (real)
Generate toy 91/250

 -- MarkovChainMC -- 
Limit: r < 13.3934 +/- 0.404739 @ 95% credibility (15 tries)
Done in 0.12 min (cpu), 0.12 min (real)
Generate toy 92/250

 -- MarkovChainMC -- 
Limit: r < 9.36518 +/- 0.323446 @ 95% credibility (15 tries)
Done in 0.10 min (cpu), 0.10 min (real)
Generate toy 93/250

 -- MarkovChainMC -- 
Limit: r < 11.6812 +/- 0.273325 @ 95% credibility (15 tries)
Done in 0.12 min (cpu), 0.12 min (real)
Generate toy 94/250

 -- MarkovChainMC -- 
Limit: r < 13.3301 +/- 0.441056 @ 95% credibility (15 tries)
Done in 0.11 min (cpu), 0.11 min (real)
Generate toy 95/250

 -- MarkovChainMC -- 
Limit: r < 15.6935 +/- 0.184372 @ 95% credibility (15 tries)
Done in 0.11 min (cpu), 0.11 min (real)
Generate toy 96/250

 -- MarkovChainMC -- 
Limit: r < 19.0649 +/- 0.241725 @ 95% credibility (15 tries)
Done in 0.10 min (cpu), 0.11 min (real)
Generate toy 97/250

 -- MarkovChainMC -- 
Limit: r < 13.702 +/- 0.345504 @ 95% credibility (15 tries)
Done in 0.10 min (cpu), 0.10 min (real)
Generate toy 98/250

 -- MarkovChainMC -- 
Limit: r < 14.444 +/- 0.649535 @ 95% credibility (15 tries)
Done in 0.11 min (cpu), 0.11 min (real)
Generate toy 99/250

 -- MarkovChainMC -- 
Limit: r < 7.90315 +/- 0.26713 @ 95% credibility (15 tries)
Done in 0.16 min (cpu), 0.16 min (real)
Generate toy 100/250

 -- MarkovChainMC -- 
Limit: r < 20.4247 +/- 0.414062 @ 95% credibility (15 tries)
Done in 0.16 min (cpu), 0.16 min (real)
Generate toy 101/250

 -- MarkovChainMC -- 
Limit: r < 8.97538 +/- 0.351874 @ 95% credibility (15 tries)
Done in 0.14 min (cpu), 0.14 min (real)
Generate toy 102/250

 -- MarkovChainMC -- 
Limit: r < 10.7335 +/- 0.331069 @ 95% credibility (15 tries)
Done in 0.10 min (cpu), 0.11 min (real)
Generate toy 103/250

 -- MarkovChainMC -- 
Limit: r < 12.6367 +/- 0.413036 @ 95% credibility (15 tries)
Done in 0.10 min (cpu), 0.10 min (real)
Generate toy 104/250

 -- MarkovChainMC -- 
Limit: r < 12.4771 +/- 0.268492 @ 95% credibility (15 tries)
Done in 0.11 min (cpu), 0.11 min (real)
Generate toy 105/250

 -- MarkovChainMC -- 
Limit: r < 27.8697 +/- 0.290257 @ 95% credibility (15 tries)
Done in 0.11 min (cpu), 0.11 min (real)
Generate toy 106/250

 -- MarkovChainMC -- 
Limit: r < 15.899 +/- 0.29598 @ 95% credibility (15 tries)
Done in 0.10 min (cpu), 0.10 min (real)
Generate toy 107/250

 -- MarkovChainMC -- 
Limit: r < 7.44731 +/- 0.212414 @ 95% credibility (15 tries)
Done in 0.10 min (cpu), 0.10 min (real)
Generate toy 108/250

 -- MarkovChainMC -- 
Limit: r < 13.4091 +/- 0.268295 @ 95% credibility (15 tries)
Done in 0.11 min (cpu), 0.11 min (real)
Generate toy 109/250

 -- MarkovChainMC -- 
Limit: r < 15.4563 +/- 0.441742 @ 95% credibility (15 tries)
Done in 0.11 min (cpu), 0.11 min (real)
Generate toy 110/250

 -- MarkovChainMC -- 
Limit: r < 10.8778 +/- 0.187457 @ 95% credibility (15 tries)
Done in 0.10 min (cpu), 0.10 min (real)
Generate toy 111/250

 -- MarkovChainMC -- 
Limit: r < 8.53121 +/- 0.311876 @ 95% credibility (15 tries)
Done in 0.10 min (cpu), 0.10 min (real)
Generate toy 112/250

 -- MarkovChainMC -- 
Limit: r < 16.858 +/- 0.38058 @ 95% credibility (15 tries)
Done in 0.11 min (cpu), 0.11 min (real)
Generate toy 113/250

 -- MarkovChainMC -- 
Limit: r < 14.0082 +/- 0.352524 @ 95% credibility (15 tries)
Done in 0.11 min (cpu), 0.11 min (real)
Generate toy 114/250

 -- MarkovChainMC -- 
Limit: r < 11.4579 +/- 0.253613 @ 95% credibility (15 tries)
Done in 0.10 min (cpu), 0.10 min (real)
Generate toy 115/250

 -- MarkovChainMC -- 
Limit: r < 11.3881 +/- 0.164224 @ 95% credibility (15 tries)
Done in 0.10 min (cpu), 0.11 min (real)
Generate toy 116/250

 -- MarkovChainMC -- 
Limit: r < 13.5507 +/- 0.208014 @ 95% credibility (15 tries)
Done in 0.10 min (cpu), 0.10 min (real)
Generate toy 117/250

 -- MarkovChainMC -- 
Limit: r < 15.5171 +/- 0.256186 @ 95% credibility (15 tries)
Done in 0.13 min (cpu), 0.13 min (real)
Generate toy 118/250

 -- MarkovChainMC -- 
Limit: r < 9.67347 +/- 0.327192 @ 95% credibility (15 tries)
Done in 0.14 min (cpu), 0.14 min (real)
Generate toy 119/250

 -- MarkovChainMC -- 
Limit: r < 10.0153 +/- 0.283346 @ 95% credibility (15 tries)
Done in 0.14 min (cpu), 0.14 min (real)
Generate toy 120/250

 -- MarkovChainMC -- 
Limit: r < 19.7625 +/- 0.212833 @ 95% credibility (15 tries)
Done in 0.14 min (cpu), 0.14 min (real)
Generate toy 121/250

 -- MarkovChainMC -- 
Limit: r < 23.6728 +/- 0.282391 @ 95% credibility (15 tries)
Done in 0.14 min (cpu), 0.14 min (real)
Generate toy 122/250

 -- MarkovChainMC -- 
Limit: r < 21.7791 +/- 0.502978 @ 95% credibility (15 tries)
Done in 0.11 min (cpu), 0.11 min (real)
Generate toy 123/250

 -- MarkovChainMC -- 
Limit: r < 12.5995 +/- 0.453712 @ 95% credibility (15 tries)
Done in 0.13 min (cpu), 0.13 min (real)
Generate toy 124/250

 -- MarkovChainMC -- 
Limit: r < 14.7866 +/- 0.286578 @ 95% credibility (15 tries)
Done in 0.12 min (cpu), 0.12 min (real)
Generate toy 125/250

 -- MarkovChainMC -- 
Limit: r < 19.2583 +/- 0.893175 @ 95% credibility (15 tries)
Done in 0.13 min (cpu), 0.13 min (real)
Generate toy 126/250

 -- MarkovChainMC -- 
Limit: r < 7.50844 +/- 0.255782 @ 95% credibility (15 tries)
Done in 0.12 min (cpu), 0.12 min (real)
Generate toy 127/250

 -- MarkovChainMC -- 
Limit: r < 15.6671 +/- 0.34897 @ 95% credibility (15 tries)
Done in 0.11 min (cpu), 0.11 min (real)
Generate toy 128/250

 -- MarkovChainMC -- 
Limit: r < 7.14048 +/- 0.32326 @ 95% credibility (15 tries)
Done in 0.10 min (cpu), 0.10 min (real)
Generate toy 129/250

 -- MarkovChainMC -- 
Limit: r < 12.4398 +/- 0.387387 @ 95% credibility (15 tries)
Done in 0.11 min (cpu), 0.11 min (real)
Generate toy 130/250

 -- MarkovChainMC -- 
Limit: r < 21.7583 +/- 0.205878 @ 95% credibility (15 tries)
Done in 0.13 min (cpu), 0.13 min (real)
Generate toy 131/250

 -- MarkovChainMC -- 
Limit: r < 8.11732 +/- 0.193746 @ 95% credibility (15 tries)
Done in 0.10 min (cpu), 0.10 min (real)
Generate toy 132/250

 -- MarkovChainMC -- 
Limit: r < 11.7197 +/- 0.277051 @ 95% credibility (15 tries)
Done in 0.11 min (cpu), 0.11 min (real)
Generate toy 133/250

 -- MarkovChainMC -- 
Limit: r < 8.94082 +/- 0.180273 @ 95% credibility (15 tries)
Done in 0.11 min (cpu), 0.11 min (real)
Generate toy 134/250

 -- MarkovChainMC -- 
Limit: r < 7.09458 +/- 0.193935 @ 95% credibility (15 tries)
Done in 0.10 min (cpu), 0.10 min (real)
Generate toy 135/250

 -- MarkovChainMC -- 
Limit: r < 9.21143 +/- 0.241331 @ 95% credibility (15 tries)
Done in 0.10 min (cpu), 0.10 min (real)
Generate toy 136/250

 -- MarkovChainMC -- 
Limit: r < 9.689 +/- 0.296103 @ 95% credibility (15 tries)
Done in 0.10 min (cpu), 0.10 min (real)
Generate toy 137/250

 -- MarkovChainMC -- 
Limit: r < 18.2214 +/- 0.359101 @ 95% credibility (15 tries)
Done in 0.10 min (cpu), 0.11 min (real)
Generate toy 138/250

 -- MarkovChainMC -- 
Limit: r < 11.6364 +/- 0.361578 @ 95% credibility (15 tries)
Done in 0.12 min (cpu), 0.12 min (real)
Generate toy 139/250

 -- MarkovChainMC -- 
Limit: r < 16.3252 +/- 0.271427 @ 95% credibility (15 tries)
Done in 0.11 min (cpu), 0.11 min (real)
Generate toy 140/250

 -- MarkovChainMC -- 
Limit: r < 8.62225 +/- 0.165221 @ 95% credibility (15 tries)
Done in 0.10 min (cpu), 0.11 min (real)
Generate toy 141/250

 -- MarkovChainMC -- 
Limit: r < 11.1337 +/- 0.285643 @ 95% credibility (15 tries)
Done in 0.13 min (cpu), 0.13 min (real)
Generate toy 142/250

 -- MarkovChainMC -- 
Limit: r < 11.3609 +/- 0.27007 @ 95% credibility (15 tries)
Done in 0.11 min (cpu), 0.11 min (real)
Generate toy 143/250

 -- MarkovChainMC -- 
Limit: r < 13.9246 +/- 0.27215 @ 95% credibility (15 tries)
Done in 0.12 min (cpu), 0.12 min (real)
Generate toy 144/250

 -- MarkovChainMC -- 
Limit: r < 18.179 +/- 0.322885 @ 95% credibility (15 tries)
Done in 0.17 min (cpu), 0.17 min (real)
Generate toy 145/250

 -- MarkovChainMC -- 
Limit: r < 8.68548 +/- 0.294231 @ 95% credibility (15 tries)
Done in 0.13 min (cpu), 0.13 min (real)
Generate toy 146/250

 -- MarkovChainMC -- 
Limit: r < 15.2542 +/- 0.22325 @ 95% credibility (15 tries)
Done in 0.11 min (cpu), 0.11 min (real)
Generate toy 147/250

 -- MarkovChainMC -- 
Limit: r < 11.0561 +/- 0.257287 @ 95% credibility (15 tries)
Done in 0.13 min (cpu), 0.14 min (real)
Generate toy 148/250

 -- MarkovChainMC -- 
Limit: r < 11.5037 +/- 0.228401 @ 95% credibility (15 tries)
Done in 0.16 min (cpu), 0.16 min (real)
Generate toy 149/250

 -- MarkovChainMC -- 
Limit: r < 13.992 +/- 0.306709 @ 95% credibility (15 tries)
Done in 0.16 min (cpu), 0.17 min (real)
Generate toy 150/250

 -- MarkovChainMC -- 
Limit: r < 10.2787 +/- 0.238153 @ 95% credibility (15 tries)
Done in 0.16 min (cpu), 0.17 min (real)
Generate toy 151/250

 -- MarkovChainMC -- 
Limit: r < 13.1471 +/- 0.34056 @ 95% credibility (15 tries)
Done in 0.17 min (cpu), 0.17 min (real)
Generate toy 152/250

 -- MarkovChainMC -- 
Limit: r < 12.4763 +/- 0.572381 @ 95% credibility (15 tries)
Done in 0.13 min (cpu), 0.13 min (real)
Generate toy 153/250

 -- MarkovChainMC -- 
Limit: r < 9.24329 +/- 0.153984 @ 95% credibility (15 tries)
Done in 0.12 min (cpu), 0.12 min (real)
Generate toy 154/250

 -- MarkovChainMC -- 
Limit: r < 12.9189 +/- 0.374395 @ 95% credibility (15 tries)
Done in 0.13 min (cpu), 0.13 min (real)
Generate toy 155/250

 -- MarkovChainMC -- 
Limit: r < 6.19897 +/- 0.146779 @ 95% credibility (15 tries)
Done in 0.12 min (cpu), 0.12 min (real)
Generate toy 156/250

 -- MarkovChainMC -- 
Limit: r < 13.6779 +/- 0.259203 @ 95% credibility (15 tries)
Done in 0.13 min (cpu), 0.13 min (real)
Generate toy 157/250

 -- MarkovChainMC -- 
Limit: r < 7.42355 +/- 0.2785 @ 95% credibility (15 tries)
Done in 0.12 min (cpu), 0.12 min (real)
Generate toy 158/250

 -- MarkovChainMC -- 
Limit: r < 9.38322 +/- 0.166692 @ 95% credibility (15 tries)
Done in 0.10 min (cpu), 0.10 min (real)
Generate toy 159/250

 -- MarkovChainMC -- 
Limit: r < 18.4032 +/- 0.558365 @ 95% credibility (15 tries)
Done in 0.10 min (cpu), 0.11 min (real)
Generate toy 160/250

 -- MarkovChainMC -- 
Limit: r < 6.25183 +/- 0.158914 @ 95% credibility (15 tries)
Done in 0.10 min (cpu), 0.10 min (real)
Generate toy 161/250

 -- MarkovChainMC -- 
Limit: r < 9.4422 +/- 0.181907 @ 95% credibility (15 tries)
Done in 0.10 min (cpu), 0.11 min (real)
Generate toy 162/250

 -- MarkovChainMC -- 
Limit: r < 22.669 +/- 0.512867 @ 95% credibility (15 tries)
Done in 0.10 min (cpu), 0.11 min (real)
Generate toy 163/250

 -- MarkovChainMC -- 
Limit: r < 13.9063 +/- 0.239808 @ 95% credibility (15 tries)
Done in 0.10 min (cpu), 0.10 min (real)
Generate toy 164/250

 -- MarkovChainMC -- 
Limit: r < 18.2396 +/- 0.733714 @ 95% credibility (15 tries)
Done in 0.11 min (cpu), 0.11 min (real)
Generate toy 165/250

 -- MarkovChainMC -- 
Limit: r < 11.649 +/- 0.494312 @ 95% credibility (15 tries)
Done in 0.10 min (cpu), 0.10 min (real)
Generate toy 166/250

 -- MarkovChainMC -- 
Limit: r < 8.83991 +/- 0.221907 @ 95% credibility (15 tries)
Done in 0.11 min (cpu), 0.11 min (real)
Generate toy 167/250

 -- MarkovChainMC -- 
Limit: r < 14.0861 +/- 0.273193 @ 95% credibility (15 tries)
Done in 0.10 min (cpu), 0.10 min (real)
Generate toy 168/250

 -- MarkovChainMC -- 
Limit: r < 16.13 +/- 0.315887 @ 95% credibility (15 tries)
Done in 0.10 min (cpu), 0.10 min (real)
Generate toy 169/250

 -- MarkovChainMC -- 
Limit: r < 12.1881 +/- 0.280241 @ 95% credibility (15 tries)
Done in 0.10 min (cpu), 0.10 min (real)
Generate toy 170/250

 -- MarkovChainMC -- 
Limit: r < 14.5971 +/- 0.210251 @ 95% credibility (15 tries)
Done in 0.10 min (cpu), 0.10 min (real)
Generate toy 171/250

 -- MarkovChainMC -- 
Limit: r < 14.9484 +/- 0.416968 @ 95% credibility (15 tries)
Done in 0.11 min (cpu), 0.11 min (real)
Generate toy 172/250

 -- MarkovChainMC -- 
Limit: r < 7.61128 +/- 0.175261 @ 95% credibility (15 tries)
Done in 0.13 min (cpu), 0.13 min (real)
Generate toy 173/250

 -- MarkovChainMC -- 
Limit: r < 18.2396 +/- 0.21608 @ 95% credibility (15 tries)
Done in 0.15 min (cpu), 0.15 min (real)
Generate toy 174/250

 -- MarkovChainMC -- 
Limit: r < 15.7622 +/- 0.307895 @ 95% credibility (15 tries)
Done in 0.15 min (cpu), 0.15 min (real)
Generate toy 175/250

 -- MarkovChainMC -- 
Limit: r < 11.7497 +/- 0.329236 @ 95% credibility (15 tries)
Done in 0.15 min (cpu), 0.15 min (real)
Generate toy 176/250

 -- MarkovChainMC -- 
Limit: r < 10.0324 +/- 0.374062 @ 95% credibility (15 tries)
Done in 0.14 min (cpu), 0.15 min (real)
Generate toy 177/250

 -- MarkovChainMC -- 
Limit: r < 12.4253 +/- 0.456734 @ 95% credibility (15 tries)
Done in 0.15 min (cpu), 0.15 min (real)
Generate toy 178/250

 -- MarkovChainMC -- 
Limit: r < 10.2929 +/- 0.336427 @ 95% credibility (15 tries)
Done in 0.15 min (cpu), 0.15 min (real)
Generate toy 179/250

 -- MarkovChainMC -- 
Limit: r < 8.10946 +/- 0.255997 @ 95% credibility (15 tries)
Done in 0.13 min (cpu), 0.13 min (real)
Generate toy 180/250

 -- MarkovChainMC -- 
Limit: r < 18.6411 +/- 0.311054 @ 95% credibility (15 tries)
Done in 0.10 min (cpu), 0.10 min (real)
Generate toy 181/250

 -- MarkovChainMC -- 
Limit: r < 16.24 +/- 0.329124 @ 95% credibility (15 tries)
Done in 0.10 min (cpu), 0.10 min (real)
Generate toy 182/250

 -- MarkovChainMC -- 
Limit: r < 13.6008 +/- 0.306129 @ 95% credibility (15 tries)
Done in 0.10 min (cpu), 0.10 min (real)
Generate toy 183/250

 -- MarkovChainMC -- 
Limit: r < 14.7644 +/- 0.230981 @ 95% credibility (15 tries)
Done in 0.10 min (cpu), 0.10 min (real)
Generate toy 184/250

 -- MarkovChainMC -- 
Limit: r < 6.5334 +/- 0.21442 @ 95% credibility (15 tries)
Done in 0.12 min (cpu), 0.12 min (real)
Generate toy 185/250

 -- MarkovChainMC -- 
Limit: r < 13.7967 +/- 0.397577 @ 95% credibility (15 tries)
Done in 0.10 min (cpu), 0.11 min (real)
Generate toy 186/250

 -- MarkovChainMC -- 
Limit: r < 17.3719 +/- 0.277764 @ 95% credibility (15 tries)
Done in 0.10 min (cpu), 0.10 min (real)
Generate toy 187/250

 -- MarkovChainMC -- 
Limit: r < 14.7987 +/- 0.433432 @ 95% credibility (15 tries)
Done in 0.10 min (cpu), 0.10 min (real)
Generate toy 188/250

 -- MarkovChainMC -- 
Limit: r < 8.95901 +/- 0.280973 @ 95% credibility (15 tries)
Done in 0.10 min (cpu), 0.10 min (real)
Generate toy 189/250

 -- MarkovChainMC -- 
Limit: r < 11.9041 +/- 0.273502 @ 95% credibility (15 tries)
Done in 0.10 min (cpu), 0.10 min (real)
Generate toy 190/250

 -- MarkovChainMC -- 
Limit: r < 9.44424 +/- 0.208475 @ 95% credibility (15 tries)
Done in 0.10 min (cpu), 0.10 min (real)
Generate toy 191/250

 -- MarkovChainMC -- 
Limit: r < 7.09393 +/- 0.308146 @ 95% credibility (15 tries)
Done in 0.10 min (cpu), 0.10 min (real)
Generate toy 192/250

 -- MarkovChainMC -- 
Limit: r < 7.10808 +/- 0.240184 @ 95% credibility (15 tries)
Done in 0.11 min (cpu), 0.11 min (real)
Generate toy 193/250

 -- MarkovChainMC -- 
Limit: r < 9.95937 +/- 0.424609 @ 95% credibility (15 tries)
Done in 0.14 min (cpu), 0.14 min (real)
Generate toy 194/250

 -- MarkovChainMC -- 
Limit: r < 10.3809 +/- 0.197226 @ 95% credibility (15 tries)
Done in 0.12 min (cpu), 0.12 min (real)
Generate toy 195/250

 -- MarkovChainMC -- 
Limit: r < 11.6793 +/- 0.404281 @ 95% credibility (15 tries)
Done in 0.12 min (cpu), 0.12 min (real)
Generate toy 196/250

 -- MarkovChainMC -- 
Limit: r < 23.5364 +/- 0.445457 @ 95% credibility (15 tries)
Done in 0.14 min (cpu), 0.14 min (real)
Generate toy 197/250

 -- MarkovChainMC -- 
Limit: r < 13.2134 +/- 0.146026 @ 95% credibility (15 tries)
Done in 0.16 min (cpu), 0.16 min (real)
Generate toy 198/250

 -- MarkovChainMC -- 
Limit: r < 20.2043 +/- 0.360054 @ 95% credibility (15 tries)
Done in 0.17 min (cpu), 0.17 min (real)
Generate toy 199/250

 -- MarkovChainMC -- 
Limit: r < 16.6141 +/- 0.182896 @ 95% credibility (15 tries)
Done in 0.13 min (cpu), 0.13 min (real)
Generate toy 200/250

 -- MarkovChainMC -- 
Limit: r < 18.1566 +/- 0.312946 @ 95% credibility (15 tries)
Done in 0.12 min (cpu), 0.12 min (real)
Generate toy 201/250

 -- MarkovChainMC -- 
Limit: r < 14.7742 +/- 0.203603 @ 95% credibility (15 tries)
Done in 0.12 min (cpu), 0.12 min (real)
Generate toy 202/250

 -- MarkovChainMC -- 
Limit: r < 11.3886 +/- 0.343841 @ 95% credibility (15 tries)
Done in 0.10 min (cpu), 0.10 min (real)
Generate toy 203/250

 -- MarkovChainMC -- 
Limit: r < 13.6245 +/- 0.303277 @ 95% credibility (15 tries)
Done in 0.11 min (cpu), 0.11 min (real)
Generate toy 204/250

 -- MarkovChainMC -- 
Limit: r < 10.0666 +/- 0.292066 @ 95% credibility (15 tries)
Done in 0.12 min (cpu), 0.12 min (real)
Generate toy 205/250

 -- MarkovChainMC -- 
Limit: r < 24.0011 +/- 0.361224 @ 95% credibility (15 tries)
Done in 0.10 min (cpu), 0.10 min (real)
Generate toy 206/250

 -- MarkovChainMC -- 
Limit: r < 11.0859 +/- 0.25275 @ 95% credibility (15 tries)
Done in 0.14 min (cpu), 0.15 min (real)
Generate toy 207/250

 -- MarkovChainMC -- 
Limit: r < 8.98436 +/- 0.258905 @ 95% credibility (15 tries)
Done in 0.10 min (cpu), 0.10 min (real)
Generate toy 208/250

 -- MarkovChainMC -- 
Limit: r < 17.3495 +/- 0.342529 @ 95% credibility (15 tries)
Done in 0.11 min (cpu), 0.11 min (real)
Generate toy 209/250

 -- MarkovChainMC -- 
Limit: r < 14.1308 +/- 0.420121 @ 95% credibility (15 tries)
Done in 0.10 min (cpu), 0.10 min (real)
Generate toy 210/250

 -- MarkovChainMC -- 
Limit: r < 10.1966 +/- 0.245319 @ 95% credibility (15 tries)
Done in 0.10 min (cpu), 0.10 min (real)
Generate toy 211/250

 -- MarkovChainMC -- 
Limit: r < 14.6411 +/- 0.36456 @ 95% credibility (15 tries)
Done in 0.13 min (cpu), 0.13 min (real)
Generate toy 212/250

 -- MarkovChainMC -- 
Limit: r < 8.55835 +/- 0.2203 @ 95% credibility (15 tries)
Done in 0.12 min (cpu), 0.12 min (real)
Generate toy 213/250

 -- MarkovChainMC -- 
Limit: r < 7.49071 +/- 0.132326 @ 95% credibility (15 tries)
Done in 0.10 min (cpu), 0.10 min (real)
Generate toy 214/250

 -- MarkovChainMC -- 
Limit: r < 9.66115 +/- 0.16581 @ 95% credibility (15 tries)
Done in 0.10 min (cpu), 0.10 min (real)
Generate toy 215/250

 -- MarkovChainMC -- 
Limit: r < 13.8464 +/- 0.314175 @ 95% credibility (15 tries)
Done in 0.13 min (cpu), 0.14 min (real)
Generate toy 216/250

 -- MarkovChainMC -- 
Limit: r < 7.79086 +/- 0.311947 @ 95% credibility (15 tries)
Done in 0.10 min (cpu), 0.11 min (real)
Generate toy 217/250

 -- MarkovChainMC -- 
Limit: r < 10.6808 +/- 0.312282 @ 95% credibility (15 tries)
Done in 0.10 min (cpu), 0.10 min (real)
Generate toy 218/250

 -- MarkovChainMC -- 
Limit: r < 9.61998 +/- 0.341337 @ 95% credibility (15 tries)
Done in 0.10 min (cpu), 0.10 min (real)
Generate toy 219/250

 -- MarkovChainMC -- 
Limit: r < 17.9551 +/- 0.498281 @ 95% credibility (15 tries)
Done in 0.10 min (cpu), 0.10 min (real)
Generate toy 220/250

 -- MarkovChainMC -- 
Limit: r < 11.2428 +/- 0.235017 @ 95% credibility (15 tries)
Done in 0.10 min (cpu), 0.10 min (real)
Generate toy 221/250

 -- MarkovChainMC -- 
Limit: r < 20.9697 +/- 0.371532 @ 95% credibility (15 tries)
Done in 0.10 min (cpu), 0.10 min (real)
Generate toy 222/250

 -- MarkovChainMC -- 
Limit: r < 12.6859 +/- 0.273115 @ 95% credibility (15 tries)
Done in 0.12 min (cpu), 0.12 min (real)
Generate toy 223/250

 -- MarkovChainMC -- 
Limit: r < 9.36492 +/- 0.214479 @ 95% credibility (15 tries)
Done in 0.11 min (cpu), 0.11 min (real)
Generate toy 224/250

 -- MarkovChainMC -- 
Limit: r < 9.17767 +/- 0.317194 @ 95% credibility (15 tries)
Done in 0.10 min (cpu), 0.10 min (real)
Generate toy 225/250

 -- MarkovChainMC -- 
Limit: r < 9.69138 +/- 0.256012 @ 95% credibility (15 tries)
Done in 0.10 min (cpu), 0.10 min (real)
Generate toy 226/250

 -- MarkovChainMC -- 
Limit: r < 12.5157 +/- 0.173845 @ 95% credibility (15 tries)
Done in 0.10 min (cpu), 0.10 min (real)
Generate toy 227/250

 -- MarkovChainMC -- 
Limit: r < 19.4153 +/- 0.158314 @ 95% credibility (15 tries)
Done in 0.12 min (cpu), 0.12 min (real)
Generate toy 228/250

 -- MarkovChainMC -- 
Limit: r < 14.8942 +/- 0.377781 @ 95% credibility (15 tries)
Done in 0.12 min (cpu), 0.12 min (real)
Generate toy 229/250

 -- MarkovChainMC -- 
Limit: r < 11.4988 +/- 0.37593 @ 95% credibility (15 tries)
Done in 0.11 min (cpu), 0.11 min (real)
Generate toy 230/250

 -- MarkovChainMC -- 
Limit: r < 11.5802 +/- 0.324448 @ 95% credibility (15 tries)
Done in 0.11 min (cpu), 0.11 min (real)
Generate toy 231/250

 -- MarkovChainMC -- 
Limit: r < 11.5192 +/- 0.194396 @ 95% credibility (15 tries)
Done in 0.11 min (cpu), 0.11 min (real)
Generate toy 232/250

 -- MarkovChainMC -- 
Limit: r < 11.1055 +/- 0.171716 @ 95% credibility (15 tries)
Done in 0.11 min (cpu), 0.11 min (real)
Generate toy 233/250

 -- MarkovChainMC -- 
Limit: r < 8.43977 +/- 0.255211 @ 95% credibility (15 tries)
Done in 0.11 min (cpu), 0.11 min (real)
Generate toy 234/250

 -- MarkovChainMC -- 
Limit: r < 7.52748 +/- 0.306163 @ 95% credibility (15 tries)
Done in 0.11 min (cpu), 0.11 min (real)
Generate toy 235/250

 -- MarkovChainMC -- 
Limit: r < 7.64433 +/- 0.216064 @ 95% credibility (15 tries)
Done in 0.10 min (cpu), 0.10 min (real)
Generate toy 236/250

 -- MarkovChainMC -- 
Limit: r < 12.4973 +/- 0.362796 @ 95% credibility (15 tries)
Done in 0.11 min (cpu), 0.11 min (real)
Generate toy 237/250

 -- MarkovChainMC -- 
Limit: r < 11.2983 +/- 0.32228 @ 95% credibility (15 tries)
Done in 0.10 min (cpu), 0.10 min (real)
Generate toy 238/250

 -- MarkovChainMC -- 
Limit: r < 9.09677 +/- 0.146173 @ 95% credibility (15 tries)
Done in 0.10 min (cpu), 0.10 min (real)
Generate toy 239/250

 -- MarkovChainMC -- 
Limit: r < 12.0629 +/- 0.409741 @ 95% credibility (15 tries)
Done in 0.11 min (cpu), 0.11 min (real)
Generate toy 240/250

 -- MarkovChainMC -- 
Limit: r < 18.5738 +/- 0.160072 @ 95% credibility (15 tries)
Done in 0.11 min (cpu), 0.11 min (real)
Generate toy 241/250

 -- MarkovChainMC -- 
Limit: r < 18.0059 +/- 0.333219 @ 95% credibility (15 tries)
Done in 0.11 min (cpu), 0.11 min (real)
Generate toy 242/250

 -- MarkovChainMC -- 
Limit: r < 6.78285 +/- 0.356423 @ 95% credibility (15 tries)
Done in 0.10 min (cpu), 0.10 min (real)
Generate toy 243/250

 -- MarkovChainMC -- 
Limit: r < 24.8114 +/- 0.224007 @ 95% credibility (15 tries)
Done in 0.11 min (cpu), 0.11 min (real)
Generate toy 244/250

 -- MarkovChainMC -- 
Limit: r < 11.896 +/- 0.330843 @ 95% credibility (15 tries)
Done in 0.11 min (cpu), 0.11 min (real)
Generate toy 245/250

 -- MarkovChainMC -- 
Limit: r < 8.08113 +/- 0.245763 @ 95% credibility (15 tries)
Done in 0.11 min (cpu), 0.11 min (real)
Generate toy 246/250

 -- MarkovChainMC -- 
Limit: r < 16.3576 +/- 0.278257 @ 95% credibility (15 tries)
Done in 0.11 min (cpu), 0.11 min (real)
Generate toy 247/250

 -- MarkovChainMC -- 
Limit: r < 19.8544 +/- 0.27481 @ 95% credibility (15 tries)
Done in 0.15 min (cpu), 0.15 min (real)
Generate toy 248/250

 -- MarkovChainMC -- 
Limit: r < 16.2253 +/- 0.409065 @ 95% credibility (15 tries)
Done in 0.16 min (cpu), 0.17 min (real)
Generate toy 249/250

 -- MarkovChainMC -- 
Limit: r < 13.5945 +/- 0.227617 @ 95% credibility (15 tries)
Done in 0.12 min (cpu), 0.12 min (real)
Generate toy 250/250

 -- MarkovChainMC -- 
Limit: r < 9.85244 +/- 0.234143 @ 95% credibility (15 tries)
Done in 0.12 min (cpu), 0.12 min (real)
mean   expected limit: r < 13.1864 +/- 0.271938 @ 95%CL (250 toyMC)
median expected limit: r < 12.4845 @ 95%CL (250 toyMC)
   68% expected band : 8.89216 < r < 17.9834
   95% expected band : 7.09393 < r < 23.6728
