 <<< Combine >>> 
 <<< v10.0.2 >>>
>>> Used OpenSSL to get a truly random seed 1546574660
>>> Method used is MarkovChainMC
============================================================
Analyzing bin errors for: prop_binmuon_channel
Poisson cut-off: 10
Processes excluded for sums: Wprime4000_kR5
============================================================
Bin        Contents        Error           Notes                         
0          5490.651914     14.389619       total sum                     
0          5489.009974     14.389572       excluding marked processes    
0          145510.000000   381.457730      Unweighted events, alpha=0.037734
  => Total parameter prop_binmuon_channel_bin0[0.00,-7.00,7.00] to be Gaussian constrained
------------------------------------------------------------
1          2093.006336     7.507903        total sum                     
1          2091.469679     7.507819        excluding marked processes    
1          77602.000000    278.571355      Unweighted events, alpha=0.026971
  => Total parameter prop_binmuon_channel_bin1[0.00,-7.00,7.00] to be Gaussian constrained
------------------------------------------------------------
2          926.607129      5.743345        total sum                     
2          925.287269      5.743251        excluding marked processes    
2          25956.000000    161.108659      Unweighted events, alpha=0.035699
  => Total parameter prop_binmuon_channel_bin2[0.00,-7.00,7.00] to be Gaussian constrained
------------------------------------------------------------
3          463.958881      3.622226        total sum                     
3          462.717279      3.622082        excluding marked processes    
3          16320.000000    127.749755      Unweighted events, alpha=0.028429
  => Total parameter prop_binmuon_channel_bin3[0.00,-7.00,7.00] to be Gaussian constrained
------------------------------------------------------------
4          241.355420      1.534116        total sum                     
4          240.228093      1.533810        excluding marked processes    
4          24530.000000    156.620561      Unweighted events, alpha=0.009839
  => Total parameter prop_binmuon_channel_bin4[0.00,-7.00,7.00] to be Gaussian constrained
------------------------------------------------------------
5          140.096523      1.743140        total sum                     
5          139.121722      1.742909        excluding marked processes    
5          6371.000000     79.818544       Unweighted events, alpha=0.021990
  => Total parameter prop_binmuon_channel_bin5[0.00,-7.00,7.00] to be Gaussian constrained
------------------------------------------------------------
6          134.514922      1.065308        total sum                     
6          132.798509      1.064641        excluding marked processes    
6          15559.000000    124.735721      Unweighted events, alpha=0.008645
  => Total parameter prop_binmuon_channel_bin6[0.00,-7.00,7.00] to be Gaussian constrained
------------------------------------------------------------
7          53.190670       0.722377        total sum                     
7          51.876344       0.721630        excluding marked processes    
7          5168.000000     71.888803       Unweighted events, alpha=0.010292
  => Total parameter prop_binmuon_channel_bin7[0.00,-7.00,7.00] to be Gaussian constrained
------------------------------------------------------------
8          30.901681       0.470251        total sum                     
8          29.337675       0.468872        excluding marked processes    
8          3915.000000     62.569961       Unweighted events, alpha=0.007893
  => Total parameter prop_binmuon_channel_bin8[0.00,-7.00,7.00] to be Gaussian constrained
------------------------------------------------------------
9          11.059895       0.335907        total sum                     
9          9.941359        0.334523        excluding marked processes    
9          883.000000      29.715316       Unweighted events, alpha=0.012525
  => Total parameter prop_binmuon_channel_bin9[0.00,-7.00,7.00] to be Gaussian constrained
------------------------------------------------------------
10         5.141296        0.109322        total sum                     
10         4.165375        0.105525        excluding marked processes    
10         1558.000000     39.471509       Unweighted events, alpha=0.003300
  => Total parameter prop_binmuon_channel_bin10[0.00,-7.00,7.00] to be Gaussian constrained
------------------------------------------------------------
11         2.609266        0.219800        total sum                     
11         1.762132        0.218174        excluding marked processes    
11         65.000000       8.062258        Unweighted events, alpha=0.040143
  => Total parameter prop_binmuon_channel_bin11[0.00,-7.00,7.00] to be Gaussian constrained
------------------------------------------------------------
12         0.641270        0.017097        total sum                     
12         0.276349        0.001778        excluding marked processes    
12         24153.000000    155.412355      Unweighted events, alpha=0.000027
  => Total parameter prop_binmuon_channel_bin12[0.00,-7.00,7.00] to be Gaussian constrained
------------------------------------------------------------
13         0.362527        0.015153        total sum                     
13         0.085750        0.001214        excluding marked processes    
13         4991.000000     70.647010       Unweighted events, alpha=0.000073
  => Total parameter prop_binmuon_channel_bin13[0.00,-7.00,7.00] to be Gaussian constrained
------------------------------------------------------------
14         0.035568        0.005146        total sum                     
14         0.007105        0.001511        excluding marked processes    
14         22.000000       4.690416        Unweighted events, alpha=0.001617
  => Total parameter prop_binmuon_channel_bin14[0.00,-7.00,7.00] to be Gaussian constrained
------------------------------------------------------------
15         0.008715        0.002527        total sum                     
15         0.001078        0.000054        excluding marked processes    
15         404.000000      20.099751       Unweighted events, alpha=0.000022
  => Total parameter prop_binmuon_channel_bin15[0.00,-7.00,7.00] to be Gaussian constrained
------------------------------------------------------------
Channel muon_channel will use autoMCStats with settings: event-threshold=10, include-signal=0, hist-mode=1
Generate toy 1/250

 -- MarkovChainMC -- 
Limit: r < 2.17656 +/- 0.0237861 @ 95% credibility (15 tries)
Done in 0.11 min (cpu), 0.11 min (real)
Generate toy 2/250

 -- MarkovChainMC -- 
Limit: r < 1.17181 +/- 0.025207 @ 95% credibility (15 tries)
Done in 0.11 min (cpu), 0.11 min (real)
Generate toy 3/250

 -- MarkovChainMC -- 
Limit: r < 1.7136 +/- 0.0245622 @ 95% credibility (15 tries)
Done in 0.10 min (cpu), 0.11 min (real)
Generate toy 4/250

 -- MarkovChainMC -- 
Limit: r < 1.6742 +/- 0.0389961 @ 95% credibility (15 tries)
Done in 0.10 min (cpu), 0.10 min (real)
Generate toy 5/250

 -- MarkovChainMC -- 
Limit: r < 2.11918 +/- 0.034268 @ 95% credibility (15 tries)
Done in 0.11 min (cpu), 0.11 min (real)
Generate toy 6/250

 -- MarkovChainMC -- 
Limit: r < 4.41468 +/- 0.0518874 @ 95% credibility (15 tries)
Done in 0.12 min (cpu), 0.13 min (real)
Generate toy 7/250

 -- MarkovChainMC -- 
Limit: r < 6.03268 +/- 0.0575294 @ 95% credibility (15 tries)
Done in 0.12 min (cpu), 0.12 min (real)
Generate toy 8/250

 -- MarkovChainMC -- 
Limit: r < 1.32728 +/- 0.0177519 @ 95% credibility (15 tries)
Done in 0.12 min (cpu), 0.12 min (real)
Generate toy 9/250

 -- MarkovChainMC -- 
Limit: r < 1.83207 +/- 0.0187555 @ 95% credibility (15 tries)
Done in 0.12 min (cpu), 0.12 min (real)
Generate toy 10/250

 -- MarkovChainMC -- 
Limit: r < 4.04369 +/- 0.0374986 @ 95% credibility (15 tries)
Done in 0.13 min (cpu), 0.13 min (real)
Generate toy 11/250

 -- MarkovChainMC -- 
Limit: r < 2.1629 +/- 0.0280277 @ 95% credibility (15 tries)
Done in 0.11 min (cpu), 0.11 min (real)
Generate toy 12/250

 -- MarkovChainMC -- 
Limit: r < 1.71442 +/- 0.0251599 @ 95% credibility (15 tries)
Done in 0.11 min (cpu), 0.11 min (real)
Generate toy 13/250

 -- MarkovChainMC -- 
Limit: r < 2.27222 +/- 0.0237727 @ 95% credibility (15 tries)
Done in 0.11 min (cpu), 0.11 min (real)
Generate toy 14/250

 -- MarkovChainMC -- 
Limit: r < 0.884825 +/- 0.0238524 @ 95% credibility (15 tries)
Done in 0.11 min (cpu), 0.11 min (real)
Generate toy 15/250

 -- MarkovChainMC -- 
Limit: r < 2.81354 +/- 0.0390301 @ 95% credibility (15 tries)
Done in 0.12 min (cpu), 0.12 min (real)
Generate toy 16/250

 -- MarkovChainMC -- 
Limit: r < 2.244 +/- 0.0363195 @ 95% credibility (15 tries)
Done in 0.11 min (cpu), 0.11 min (real)
Generate toy 17/250

 -- MarkovChainMC -- 
Limit: r < 1.80052 +/- 0.0354669 @ 95% credibility (15 tries)
Done in 0.11 min (cpu), 0.11 min (real)
Generate toy 18/250

 -- MarkovChainMC -- 
Limit: r < 1.74293 +/- 0.0175726 @ 95% credibility (15 tries)
Done in 0.11 min (cpu), 0.11 min (real)
Generate toy 19/250

 -- MarkovChainMC -- 
Limit: r < 1.91991 +/- 0.0277494 @ 95% credibility (15 tries)
Done in 0.11 min (cpu), 0.11 min (real)
Generate toy 20/250

 -- MarkovChainMC -- 
Limit: r < 3.05901 +/- 0.0430831 @ 95% credibility (15 tries)
Done in 0.13 min (cpu), 0.13 min (real)
Generate toy 21/250

 -- MarkovChainMC -- 
Limit: r < 2.29145 +/- 0.0396015 @ 95% credibility (15 tries)
Done in 0.11 min (cpu), 0.11 min (real)
Generate toy 22/250

 -- MarkovChainMC -- 
Limit: r < 1.28677 +/- 0.0254514 @ 95% credibility (15 tries)
Done in 0.11 min (cpu), 0.11 min (real)
Generate toy 23/250

 -- MarkovChainMC -- 
Limit: r < 2.95517 +/- 0.0268403 @ 95% credibility (15 tries)
Done in 0.12 min (cpu), 0.12 min (real)
Generate toy 24/250

 -- MarkovChainMC -- 
Limit: r < 1.77821 +/- 0.0318882 @ 95% credibility (15 tries)
Done in 0.11 min (cpu), 0.11 min (real)
Generate toy 25/250

 -- MarkovChainMC -- 
Limit: r < 2.93497 +/- 0.0183163 @ 95% credibility (15 tries)
Done in 0.11 min (cpu), 0.11 min (real)
Generate toy 26/250

 -- MarkovChainMC -- 
Limit: r < 1.4456 +/- 0.0292104 @ 95% credibility (15 tries)
Done in 0.11 min (cpu), 0.11 min (real)
Generate toy 27/250

 -- MarkovChainMC -- 
Limit: r < 2.18148 +/- 0.0298581 @ 95% credibility (15 tries)
Done in 0.11 min (cpu), 0.11 min (real)
Generate toy 28/250

 -- MarkovChainMC -- 
Limit: r < 4.08707 +/- 0.0274482 @ 95% credibility (15 tries)
Done in 0.12 min (cpu), 0.12 min (real)
Generate toy 29/250

 -- MarkovChainMC -- 
Limit: r < 4.28729 +/- 0.0574703 @ 95% credibility (15 tries)
Done in 0.12 min (cpu), 0.12 min (real)
Generate toy 30/250

 -- MarkovChainMC -- 
Limit: r < 2.52698 +/- 0.0388049 @ 95% credibility (15 tries)
Done in 0.13 min (cpu), 0.13 min (real)
Generate toy 31/250

 -- MarkovChainMC -- 
Limit: r < 4.05538 +/- 0.0338311 @ 95% credibility (15 tries)
Done in 0.12 min (cpu), 0.12 min (real)
Generate toy 32/250

 -- MarkovChainMC -- 
Limit: r < 2.62307 +/- 0.0323688 @ 95% credibility (15 tries)
Done in 0.11 min (cpu), 0.11 min (real)
Generate toy 33/250

 -- MarkovChainMC -- 
Limit: r < 1.98224 +/- 0.0309214 @ 95% credibility (15 tries)
Done in 0.11 min (cpu), 0.11 min (real)
Generate toy 34/250

 -- MarkovChainMC -- 
Limit: r < 2.07811 +/- 0.0277112 @ 95% credibility (15 tries)
Done in 0.11 min (cpu), 0.11 min (real)
Generate toy 35/250

 -- MarkovChainMC -- 
Limit: r < 4.47355 +/- 0.0390604 @ 95% credibility (15 tries)
Done in 0.12 min (cpu), 0.12 min (real)
Generate toy 36/250

 -- MarkovChainMC -- 
Limit: r < 2.24569 +/- 0.0163176 @ 95% credibility (15 tries)
Done in 0.12 min (cpu), 0.12 min (real)
Generate toy 37/250

 -- MarkovChainMC -- 
Limit: r < 2.49121 +/- 0.0280156 @ 95% credibility (15 tries)
Done in 0.11 min (cpu), 0.11 min (real)
Generate toy 38/250

 -- MarkovChainMC -- 
Limit: r < 3.81737 +/- 0.0414397 @ 95% credibility (15 tries)
Done in 0.11 min (cpu), 0.11 min (real)
Generate toy 39/250

 -- MarkovChainMC -- 
Limit: r < 3.66556 +/- 0.0261871 @ 95% credibility (15 tries)
Done in 0.13 min (cpu), 0.13 min (real)
Generate toy 40/250

 -- MarkovChainMC -- 
Limit: r < 2.00599 +/- 0.0175656 @ 95% credibility (15 tries)
Done in 0.11 min (cpu), 0.11 min (real)
Generate toy 41/250

 -- MarkovChainMC -- 
Limit: r < 1.7784 +/- 0.0203876 @ 95% credibility (15 tries)
Done in 0.11 min (cpu), 0.11 min (real)
Generate toy 42/250

 -- MarkovChainMC -- 
Limit: r < 1.9535 +/- 0.0316256 @ 95% credibility (15 tries)
Done in 0.11 min (cpu), 0.11 min (real)
Generate toy 43/250

 -- MarkovChainMC -- 
Limit: r < 3.39962 +/- 0.025801 @ 95% credibility (15 tries)
Done in 0.11 min (cpu), 0.11 min (real)
Generate toy 44/250

 -- MarkovChainMC -- 
Limit: r < 1.7981 +/- 0.0308476 @ 95% credibility (15 tries)
Done in 0.11 min (cpu), 0.11 min (real)
Generate toy 45/250

 -- MarkovChainMC -- 
Limit: r < 1.77145 +/- 0.0313017 @ 95% credibility (15 tries)
Done in 0.12 min (cpu), 0.12 min (real)
Generate toy 46/250

 -- MarkovChainMC -- 
Limit: r < 3.46872 +/- 0.0351807 @ 95% credibility (15 tries)
Done in 0.11 min (cpu), 0.11 min (real)
Generate toy 47/250

 -- MarkovChainMC -- 
Limit: r < 3.06833 +/- 0.0266317 @ 95% credibility (15 tries)
Done in 0.12 min (cpu), 0.12 min (real)
Generate toy 48/250

 -- MarkovChainMC -- 
Limit: r < 3.00004 +/- 0.0568217 @ 95% credibility (15 tries)
Done in 0.11 min (cpu), 0.11 min (real)
Generate toy 49/250

 -- MarkovChainMC -- 
Limit: r < 1.98503 +/- 0.0265432 @ 95% credibility (15 tries)
Done in 0.11 min (cpu), 0.11 min (real)
Generate toy 50/250

 -- MarkovChainMC -- 
Limit: r < 3.09843 +/- 0.035779 @ 95% credibility (15 tries)
Done in 0.11 min (cpu), 0.11 min (real)
Generate toy 51/250

 -- MarkovChainMC -- 
Limit: r < 3.52414 +/- 0.0307125 @ 95% credibility (15 tries)
Done in 0.12 min (cpu), 0.12 min (real)
Generate toy 52/250

 -- MarkovChainMC -- 
Limit: r < 3.05346 +/- 0.0380657 @ 95% credibility (15 tries)
Done in 0.11 min (cpu), 0.11 min (real)
Generate toy 53/250

 -- MarkovChainMC -- 
Limit: r < 1.81332 +/- 0.0373578 @ 95% credibility (15 tries)
Done in 0.11 min (cpu), 0.11 min (real)
Generate toy 54/250

 -- MarkovChainMC -- 
Limit: r < 2.21015 +/- 0.0286153 @ 95% credibility (15 tries)
Done in 0.11 min (cpu), 0.11 min (real)
Generate toy 55/250

 -- MarkovChainMC -- 
Limit: r < 5.07628 +/- 0.0558637 @ 95% credibility (15 tries)
Done in 0.13 min (cpu), 0.13 min (real)
Generate toy 56/250

 -- MarkovChainMC -- 
Limit: r < 2.78434 +/- 0.0386691 @ 95% credibility (15 tries)
Done in 0.11 min (cpu), 0.11 min (real)
Generate toy 57/250

 -- MarkovChainMC -- 
Limit: r < 2.20047 +/- 0.0337192 @ 95% credibility (15 tries)
Done in 0.11 min (cpu), 0.12 min (real)
Generate toy 58/250

 -- MarkovChainMC -- 
Limit: r < 2.41406 +/- 0.0176375 @ 95% credibility (15 tries)
Done in 0.11 min (cpu), 0.11 min (real)
Generate toy 59/250

 -- MarkovChainMC -- 
Limit: r < 1.8892 +/- 0.0194956 @ 95% credibility (15 tries)
Done in 0.12 min (cpu), 0.12 min (real)
Generate toy 60/250

 -- MarkovChainMC -- 
Limit: r < 2.90616 +/- 0.0343385 @ 95% credibility (15 tries)
Done in 0.11 min (cpu), 0.12 min (real)
Generate toy 61/250

 -- MarkovChainMC -- 
Limit: r < 1.53931 +/- 0.0296683 @ 95% credibility (15 tries)
Done in 0.11 min (cpu), 0.11 min (real)
Generate toy 62/250

 -- MarkovChainMC -- 
Limit: r < 1.80521 +/- 0.0193157 @ 95% credibility (15 tries)
Done in 0.11 min (cpu), 0.11 min (real)
Generate toy 63/250

 -- MarkovChainMC -- 
Limit: r < 2.18406 +/- 0.0202193 @ 95% credibility (15 tries)
Done in 0.11 min (cpu), 0.11 min (real)
Generate toy 64/250

 -- MarkovChainMC -- 
Limit: r < 3.82914 +/- 0.0417238 @ 95% credibility (15 tries)
Done in 0.11 min (cpu), 0.11 min (real)
Generate toy 65/250

 -- MarkovChainMC -- 
Limit: r < 2.08063 +/- 0.0270643 @ 95% credibility (15 tries)
Done in 0.11 min (cpu), 0.11 min (real)
Generate toy 66/250

 -- MarkovChainMC -- 
Limit: r < 3.59842 +/- 0.0282011 @ 95% credibility (15 tries)
Done in 0.12 min (cpu), 0.12 min (real)
Generate toy 67/250

 -- MarkovChainMC -- 
Limit: r < 1.60507 +/- 0.0275349 @ 95% credibility (15 tries)
Done in 0.11 min (cpu), 0.11 min (real)
Generate toy 68/250

 -- MarkovChainMC -- 
Limit: r < 2.02133 +/- 0.0173288 @ 95% credibility (15 tries)
Done in 0.11 min (cpu), 0.11 min (real)
Generate toy 69/250

 -- MarkovChainMC -- 
Limit: r < 2.10157 +/- 0.0118006 @ 95% credibility (15 tries)
Done in 0.11 min (cpu), 0.11 min (real)
Generate toy 70/250

 -- MarkovChainMC -- 
Limit: r < 2.32193 +/- 0.0277678 @ 95% credibility (15 tries)
Done in 0.11 min (cpu), 0.11 min (real)
Generate toy 71/250

 -- MarkovChainMC -- 
Limit: r < 2.06666 +/- 0.0137918 @ 95% credibility (15 tries)
Done in 0.11 min (cpu), 0.11 min (real)
Generate toy 72/250

 -- MarkovChainMC -- 
Limit: r < 1.69933 +/- 0.0285727 @ 95% credibility (15 tries)
Done in 0.11 min (cpu), 0.11 min (real)
Generate toy 73/250

 -- MarkovChainMC -- 
Limit: r < 2.86733 +/- 0.01694 @ 95% credibility (15 tries)
Done in 0.12 min (cpu), 0.12 min (real)
Generate toy 74/250

 -- MarkovChainMC -- 
Limit: r < 1.45183 +/- 0.0155721 @ 95% credibility (15 tries)
Done in 0.11 min (cpu), 0.11 min (real)
Generate toy 75/250

 -- MarkovChainMC -- 
Limit: r < 3.43029 +/- 0.0452804 @ 95% credibility (15 tries)
Done in 0.12 min (cpu), 0.12 min (real)
Generate toy 76/250

 -- MarkovChainMC -- 
Limit: r < 1.68723 +/- 0.0373589 @ 95% credibility (15 tries)
Done in 0.11 min (cpu), 0.11 min (real)
Generate toy 77/250

 -- MarkovChainMC -- 
Limit: r < 2.04624 +/- 0.029392 @ 95% credibility (15 tries)
Done in 0.16 min (cpu), 0.16 min (real)
Generate toy 78/250

 -- MarkovChainMC -- 
Limit: r < 1.62147 +/- 0.0268858 @ 95% credibility (15 tries)
Done in 0.11 min (cpu), 0.11 min (real)
Generate toy 79/250

 -- MarkovChainMC -- 
Limit: r < 3.6908 +/- 0.0137816 @ 95% credibility (15 tries)
Done in 0.12 min (cpu), 0.12 min (real)
Generate toy 80/250

 -- MarkovChainMC -- 
Limit: r < 3.24266 +/- 0.0433294 @ 95% credibility (15 tries)
Done in 0.12 min (cpu), 0.12 min (real)
Generate toy 81/250

 -- MarkovChainMC -- 
Limit: r < 2.07541 +/- 0.0324016 @ 95% credibility (15 tries)
Done in 0.13 min (cpu), 0.13 min (real)
Generate toy 82/250

 -- MarkovChainMC -- 
Limit: r < 3.28062 +/- 0.0280753 @ 95% credibility (15 tries)
Done in 0.11 min (cpu), 0.11 min (real)
Generate toy 83/250

 -- MarkovChainMC -- 
Limit: r < 2.22846 +/- 0.0235738 @ 95% credibility (15 tries)
Done in 0.12 min (cpu), 0.12 min (real)
Generate toy 84/250

 -- MarkovChainMC -- 
Limit: r < 2.62353 +/- 0.0314742 @ 95% credibility (15 tries)
Done in 0.11 min (cpu), 0.11 min (real)
Generate toy 85/250

 -- MarkovChainMC -- 
Limit: r < 2.52074 +/- 0.033951 @ 95% credibility (15 tries)
Done in 0.12 min (cpu), 0.12 min (real)
Generate toy 86/250

 -- MarkovChainMC -- 
Limit: r < 3.89424 +/- 0.0379253 @ 95% credibility (15 tries)
Done in 0.12 min (cpu), 0.12 min (real)
Generate toy 87/250

 -- MarkovChainMC -- 
Limit: r < 1.72422 +/- 0.030533 @ 95% credibility (15 tries)
Done in 0.13 min (cpu), 0.13 min (real)
Generate toy 88/250

 -- MarkovChainMC -- 
Limit: r < 2.13117 +/- 0.0369291 @ 95% credibility (15 tries)
Done in 0.13 min (cpu), 0.13 min (real)
Generate toy 89/250

 -- MarkovChainMC -- 
Limit: r < 2.23746 +/- 0.0281188 @ 95% credibility (15 tries)
Done in 0.14 min (cpu), 0.14 min (real)
Generate toy 90/250

 -- MarkovChainMC -- 
Limit: r < 1.45534 +/- 0.0236549 @ 95% credibility (15 tries)
Done in 0.14 min (cpu), 0.14 min (real)
Generate toy 91/250

 -- MarkovChainMC -- 
Limit: r < 1.94937 +/- 0.019061 @ 95% credibility (15 tries)
Done in 0.14 min (cpu), 0.14 min (real)
Generate toy 92/250

 -- MarkovChainMC -- 
Limit: r < 2.34658 +/- 0.0374862 @ 95% credibility (15 tries)
Done in 0.13 min (cpu), 0.14 min (real)
Generate toy 93/250

 -- MarkovChainMC -- 
Limit: r < 1.63303 +/- 0.0332409 @ 95% credibility (15 tries)
Done in 0.14 min (cpu), 0.14 min (real)
Generate toy 94/250

 -- MarkovChainMC -- 
Limit: r < 3.24226 +/- 0.0288792 @ 95% credibility (15 tries)
Done in 0.14 min (cpu), 0.14 min (real)
Generate toy 95/250

 -- MarkovChainMC -- 
Limit: r < 4.52536 +/- 0.045374 @ 95% credibility (15 tries)
Done in 0.14 min (cpu), 0.14 min (real)
Generate toy 96/250

 -- MarkovChainMC -- 
Limit: r < 2.74407 +/- 0.0250579 @ 95% credibility (15 tries)
Done in 0.14 min (cpu), 0.14 min (real)
Generate toy 97/250

 -- MarkovChainMC -- 
Limit: r < 2.14085 +/- 0.0291071 @ 95% credibility (15 tries)
Done in 0.14 min (cpu), 0.14 min (real)
Generate toy 98/250

 -- MarkovChainMC -- 
Limit: r < 1.88813 +/- 0.0296282 @ 95% credibility (15 tries)
Done in 0.11 min (cpu), 0.12 min (real)
Generate toy 99/250

 -- MarkovChainMC -- 
Limit: r < 2.06509 +/- 0.0205587 @ 95% credibility (15 tries)
Done in 0.11 min (cpu), 0.11 min (real)
Generate toy 100/250

 -- MarkovChainMC -- 
Limit: r < 2.18477 +/- 0.0319035 @ 95% credibility (15 tries)
Done in 0.11 min (cpu), 0.11 min (real)
Generate toy 101/250

 -- MarkovChainMC -- 
Limit: r < 3.8105 +/- 0.0355084 @ 95% credibility (15 tries)
Done in 0.11 min (cpu), 0.11 min (real)
Generate toy 102/250

 -- MarkovChainMC -- 
Limit: r < 1.20696 +/- 0.0129723 @ 95% credibility (15 tries)
Done in 0.10 min (cpu), 0.11 min (real)
Generate toy 103/250

 -- MarkovChainMC -- 
Limit: r < 3.95853 +/- 0.0346098 @ 95% credibility (15 tries)
Done in 0.13 min (cpu), 0.13 min (real)
Generate toy 104/250

 -- MarkovChainMC -- 
Limit: r < 2.40962 +/- 0.0226836 @ 95% credibility (15 tries)
Done in 0.11 min (cpu), 0.11 min (real)
Generate toy 105/250

 -- MarkovChainMC -- 
Limit: r < 3.06015 +/- 0.0426063 @ 95% credibility (15 tries)
Done in 0.12 min (cpu), 0.12 min (real)
Generate toy 106/250

 -- MarkovChainMC -- 
Limit: r < 2.2071 +/- 0.0193226 @ 95% credibility (15 tries)
Done in 0.11 min (cpu), 0.12 min (real)
Generate toy 107/250

 -- MarkovChainMC -- 
Limit: r < 2.11894 +/- 0.0359394 @ 95% credibility (15 tries)
Done in 0.11 min (cpu), 0.11 min (real)
Generate toy 108/250

 -- MarkovChainMC -- 
Limit: r < 2.35403 +/- 0.0235193 @ 95% credibility (15 tries)
Done in 0.11 min (cpu), 0.11 min (real)
Generate toy 109/250

 -- MarkovChainMC -- 
Limit: r < 1.69829 +/- 0.0285499 @ 95% credibility (15 tries)
Done in 0.11 min (cpu), 0.11 min (real)
Generate toy 110/250

 -- MarkovChainMC -- 
Limit: r < 2.14134 +/- 0.0298203 @ 95% credibility (15 tries)
Done in 0.11 min (cpu), 0.11 min (real)
Generate toy 111/250

 -- MarkovChainMC -- 
Limit: r < 5.15151 +/- 0.0344635 @ 95% credibility (15 tries)
Done in 0.11 min (cpu), 0.11 min (real)
Generate toy 112/250

 -- MarkovChainMC -- 
Limit: r < 2.21849 +/- 0.0312712 @ 95% credibility (15 tries)
Done in 0.12 min (cpu), 0.12 min (real)
Generate toy 113/250

 -- MarkovChainMC -- 
Limit: r < 1.92435 +/- 0.0372406 @ 95% credibility (15 tries)
Done in 0.12 min (cpu), 0.12 min (real)
Generate toy 114/250

 -- MarkovChainMC -- 
Limit: r < 2.11088 +/- 0.0239113 @ 95% credibility (15 tries)
Done in 0.12 min (cpu), 0.12 min (real)
Generate toy 115/250

 -- MarkovChainMC -- 
Limit: r < 2.15996 +/- 0.0421113 @ 95% credibility (15 tries)
Done in 0.12 min (cpu), 0.12 min (real)
Generate toy 116/250

 -- MarkovChainMC -- 
Limit: r < 2.80658 +/- 0.0400576 @ 95% credibility (15 tries)
Done in 0.11 min (cpu), 0.12 min (real)
Generate toy 117/250

 -- MarkovChainMC -- 
Limit: r < 2.17069 +/- 0.0456169 @ 95% credibility (15 tries)
Done in 0.11 min (cpu), 0.11 min (real)
Generate toy 118/250

 -- MarkovChainMC -- 
Limit: r < 2.16942 +/- 0.0258845 @ 95% credibility (15 tries)
Done in 0.13 min (cpu), 0.13 min (real)
Generate toy 119/250

 -- MarkovChainMC -- 
Limit: r < 1.76244 +/- 0.0180625 @ 95% credibility (15 tries)
Done in 0.12 min (cpu), 0.13 min (real)
Generate toy 120/250

 -- MarkovChainMC -- 
Limit: r < 2.2307 +/- 0.0235472 @ 95% credibility (15 tries)
Done in 0.12 min (cpu), 0.12 min (real)
Generate toy 121/250

 -- MarkovChainMC -- 
Limit: r < 4.06296 +/- 0.0858564 @ 95% credibility (15 tries)
Done in 0.12 min (cpu), 0.12 min (real)
Generate toy 122/250

 -- MarkovChainMC -- 
Limit: r < 2.43703 +/- 0.0244177 @ 95% credibility (15 tries)
Done in 0.13 min (cpu), 0.13 min (real)
Generate toy 123/250

 -- MarkovChainMC -- 
Limit: r < 1.93274 +/- 0.0409441 @ 95% credibility (15 tries)
Done in 0.13 min (cpu), 0.13 min (real)
Generate toy 124/250

 -- MarkovChainMC -- 
Limit: r < 2.51426 +/- 0.035078 @ 95% credibility (15 tries)
Done in 0.13 min (cpu), 0.13 min (real)
Generate toy 125/250

 -- MarkovChainMC -- 
Limit: r < 2.51682 +/- 0.0158982 @ 95% credibility (15 tries)
Done in 0.11 min (cpu), 0.11 min (real)
Generate toy 126/250

 -- MarkovChainMC -- 
Limit: r < 2.65436 +/- 0.0368452 @ 95% credibility (15 tries)
Done in 0.11 min (cpu), 0.12 min (real)
Generate toy 127/250

 -- MarkovChainMC -- 
Limit: r < 2.21991 +/- 0.0364224 @ 95% credibility (15 tries)
Done in 0.11 min (cpu), 0.11 min (real)
Generate toy 128/250

 -- MarkovChainMC -- 
Limit: r < 4.4447 +/- 0.0323688 @ 95% credibility (15 tries)
Done in 0.11 min (cpu), 0.11 min (real)
Generate toy 129/250

 -- MarkovChainMC -- 
Limit: r < 1.13033 +/- 0.00943201 @ 95% credibility (15 tries)
Done in 0.10 min (cpu), 0.10 min (real)
Generate toy 130/250

 -- MarkovChainMC -- 
Limit: r < 2.61824 +/- 0.0187993 @ 95% credibility (15 tries)
Done in 0.10 min (cpu), 0.10 min (real)
Generate toy 131/250

 -- MarkovChainMC -- 
Limit: r < 2.51282 +/- 0.0348266 @ 95% credibility (15 tries)
Done in 0.10 min (cpu), 0.10 min (real)
Generate toy 132/250

 -- MarkovChainMC -- 
Limit: r < 2.03637 +/- 0.0191241 @ 95% credibility (15 tries)
Done in 0.11 min (cpu), 0.11 min (real)
Generate toy 133/250

 -- MarkovChainMC -- 
Limit: r < 1.42046 +/- 0.0174277 @ 95% credibility (15 tries)
Done in 0.10 min (cpu), 0.10 min (real)
Generate toy 134/250

 -- MarkovChainMC -- 
Limit: r < 1.98842 +/- 0.0242327 @ 95% credibility (15 tries)
Done in 0.10 min (cpu), 0.10 min (real)
Generate toy 135/250

 -- MarkovChainMC -- 
Limit: r < 4.20541 +/- 0.0536457 @ 95% credibility (15 tries)
Done in 0.11 min (cpu), 0.11 min (real)
Generate toy 136/250

 -- MarkovChainMC -- 
Limit: r < 3.80949 +/- 0.0160731 @ 95% credibility (15 tries)
Done in 0.11 min (cpu), 0.11 min (real)
Generate toy 137/250

 -- MarkovChainMC -- 
Limit: r < 2.06879 +/- 0.0216691 @ 95% credibility (15 tries)
Done in 0.10 min (cpu), 0.10 min (real)
Generate toy 138/250

 -- MarkovChainMC -- 
Limit: r < 2.45753 +/- 0.0349921 @ 95% credibility (15 tries)
Done in 0.10 min (cpu), 0.10 min (real)
Generate toy 139/250

 -- MarkovChainMC -- 
Limit: r < 2.09077 +/- 0.0336468 @ 95% credibility (15 tries)
Done in 0.10 min (cpu), 0.11 min (real)
Generate toy 140/250

 -- MarkovChainMC -- 
Limit: r < 2.49584 +/- 0.0279756 @ 95% credibility (15 tries)
Done in 0.10 min (cpu), 0.11 min (real)
Generate toy 141/250

 -- MarkovChainMC -- 
Limit: r < 1.76155 +/- 0.0204168 @ 95% credibility (15 tries)
Done in 0.10 min (cpu), 0.10 min (real)
Generate toy 142/250

 -- MarkovChainMC -- 
Limit: r < 2.1931 +/- 0.0230295 @ 95% credibility (15 tries)
Done in 0.10 min (cpu), 0.10 min (real)
Generate toy 143/250

 -- MarkovChainMC -- 
Limit: r < 2.63701 +/- 0.0280722 @ 95% credibility (15 tries)
Done in 0.10 min (cpu), 0.10 min (real)
Generate toy 144/250

 -- MarkovChainMC -- 
Limit: r < 2.78341 +/- 0.0400051 @ 95% credibility (15 tries)
Done in 0.11 min (cpu), 0.11 min (real)
Generate toy 145/250

 -- MarkovChainMC -- 
Limit: r < 1.47517 +/- 0.0154909 @ 95% credibility (15 tries)
Done in 0.10 min (cpu), 0.10 min (real)
Generate toy 146/250

 -- MarkovChainMC -- 
Limit: r < 3.27152 +/- 0.0413495 @ 95% credibility (15 tries)
Done in 0.11 min (cpu), 0.11 min (real)
Generate toy 147/250

 -- MarkovChainMC -- 
Limit: r < 1.80107 +/- 0.0305856 @ 95% credibility (15 tries)
Done in 0.11 min (cpu), 0.11 min (real)
Generate toy 148/250

 -- MarkovChainMC -- 
Limit: r < 2.06558 +/- 0.0269082 @ 95% credibility (15 tries)
Done in 0.10 min (cpu), 0.10 min (real)
Generate toy 149/250

 -- MarkovChainMC -- 
Limit: r < 2.52813 +/- 0.0213794 @ 95% credibility (15 tries)
Done in 0.11 min (cpu), 0.11 min (real)
Generate toy 150/250

 -- MarkovChainMC -- 
Limit: r < 3.2922 +/- 0.0359066 @ 95% credibility (15 tries)
Done in 0.11 min (cpu), 0.11 min (real)
Generate toy 151/250

 -- MarkovChainMC -- 
Limit: r < 2.27012 +/- 0.0286762 @ 95% credibility (15 tries)
Done in 0.11 min (cpu), 0.11 min (real)
Generate toy 152/250

 -- MarkovChainMC -- 
Limit: r < 1.45924 +/- 0.0163439 @ 95% credibility (15 tries)
Done in 0.10 min (cpu), 0.10 min (real)
Generate toy 153/250

 -- MarkovChainMC -- 
Limit: r < 3.67098 +/- 0.0366726 @ 95% credibility (15 tries)
Done in 0.11 min (cpu), 0.11 min (real)
Generate toy 154/250

 -- MarkovChainMC -- 
Limit: r < 1.99538 +/- 0.0178964 @ 95% credibility (15 tries)
Done in 0.10 min (cpu), 0.10 min (real)
Generate toy 155/250

 -- MarkovChainMC -- 
Limit: r < 2.06001 +/- 0.0250315 @ 95% credibility (15 tries)
Done in 0.10 min (cpu), 0.10 min (real)
Generate toy 156/250

 -- MarkovChainMC -- 
Limit: r < 3.52191 +/- 0.0367381 @ 95% credibility (15 tries)
Done in 0.11 min (cpu), 0.11 min (real)
Generate toy 157/250

 -- MarkovChainMC -- 
Limit: r < 1.80907 +/- 0.0175505 @ 95% credibility (15 tries)
Done in 0.10 min (cpu), 0.10 min (real)
Generate toy 158/250

 -- MarkovChainMC -- 
Limit: r < 1.90064 +/- 0.0262124 @ 95% credibility (15 tries)
Done in 0.11 min (cpu), 0.11 min (real)
Generate toy 159/250

 -- MarkovChainMC -- 
Limit: r < 2.09289 +/- 0.0183053 @ 95% credibility (15 tries)
Done in 0.11 min (cpu), 0.11 min (real)
Generate toy 160/250

 -- MarkovChainMC -- 
Limit: r < 1.20575 +/- 0.014916 @ 95% credibility (15 tries)
Done in 0.10 min (cpu), 0.10 min (real)
Generate toy 161/250

 -- MarkovChainMC -- 
Limit: r < 2.55279 +/- 0.0436652 @ 95% credibility (15 tries)
Done in 0.11 min (cpu), 0.11 min (real)
Generate toy 162/250

 -- MarkovChainMC -- 
Limit: r < 2.70622 +/- 0.0426987 @ 95% credibility (15 tries)
Done in 0.11 min (cpu), 0.11 min (real)
Generate toy 163/250

 -- MarkovChainMC -- 
Limit: r < 1.29328 +/- 0.0238108 @ 95% credibility (15 tries)
Done in 0.10 min (cpu), 0.10 min (real)
Generate toy 164/250

 -- MarkovChainMC -- 
Limit: r < 1.91672 +/- 0.0245881 @ 95% credibility (15 tries)
Done in 0.11 min (cpu), 0.11 min (real)
Generate toy 165/250

 -- MarkovChainMC -- 
Limit: r < 1.28268 +/- 0.0161425 @ 95% credibility (15 tries)
Done in 0.10 min (cpu), 0.10 min (real)
Generate toy 166/250

 -- MarkovChainMC -- 
Limit: r < 2.42618 +/- 0.022568 @ 95% credibility (15 tries)
Done in 0.10 min (cpu), 0.10 min (real)
Generate toy 167/250

 -- MarkovChainMC -- 
Limit: r < 2.25602 +/- 0.0250401 @ 95% credibility (15 tries)
Done in 0.10 min (cpu), 0.11 min (real)
Generate toy 168/250

 -- MarkovChainMC -- 
Limit: r < 4.13342 +/- 0.0262293 @ 95% credibility (15 tries)
Done in 0.11 min (cpu), 0.11 min (real)
Generate toy 169/250

 -- MarkovChainMC -- 
Limit: r < 3.06338 +/- 0.0240457 @ 95% credibility (15 tries)
Done in 0.11 min (cpu), 0.11 min (real)
Generate toy 170/250

 -- MarkovChainMC -- 
Limit: r < 1.7238 +/- 0.0126571 @ 95% credibility (15 tries)
Done in 0.10 min (cpu), 0.10 min (real)
Generate toy 171/250

 -- MarkovChainMC -- 
Limit: r < 2.49945 +/- 0.0430348 @ 95% credibility (15 tries)
Done in 0.11 min (cpu), 0.11 min (real)
Generate toy 172/250

 -- MarkovChainMC -- 
Limit: r < 1.34022 +/- 0.0176587 @ 95% credibility (15 tries)
Done in 0.10 min (cpu), 0.10 min (real)
Generate toy 173/250

 -- MarkovChainMC -- 
Limit: r < 2.15277 +/- 0.0321245 @ 95% credibility (15 tries)
Done in 0.11 min (cpu), 0.11 min (real)
Generate toy 174/250

 -- MarkovChainMC -- 
Limit: r < 1.55382 +/- 0.016985 @ 95% credibility (15 tries)
Done in 0.10 min (cpu), 0.11 min (real)
Generate toy 175/250

 -- MarkovChainMC -- 
Limit: r < 1.8062 +/- 0.0212146 @ 95% credibility (15 tries)
Done in 0.10 min (cpu), 0.11 min (real)
Generate toy 176/250

 -- MarkovChainMC -- 
Limit: r < 1.98044 +/- 0.0287603 @ 95% credibility (15 tries)
Done in 0.11 min (cpu), 0.11 min (real)
Generate toy 177/250

 -- MarkovChainMC -- 
Limit: r < 3.22177 +/- 0.0236046 @ 95% credibility (15 tries)
Done in 0.11 min (cpu), 0.11 min (real)
Generate toy 178/250

 -- MarkovChainMC -- 
Limit: r < 2.05395 +/- 0.0197163 @ 95% credibility (15 tries)
Done in 0.10 min (cpu), 0.10 min (real)
Generate toy 179/250

 -- MarkovChainMC -- 
Limit: r < 2.26936 +/- 0.0240943 @ 95% credibility (15 tries)
Done in 0.10 min (cpu), 0.10 min (real)
Generate toy 180/250

 -- MarkovChainMC -- 
Limit: r < 2.78209 +/- 0.0337901 @ 95% credibility (15 tries)
Done in 0.11 min (cpu), 0.11 min (real)
Generate toy 181/250

 -- MarkovChainMC -- 
Limit: r < 1.47046 +/- 0.0332831 @ 95% credibility (15 tries)
Done in 0.10 min (cpu), 0.10 min (real)
Generate toy 182/250

 -- MarkovChainMC -- 
Limit: r < 4.12321 +/- 0.0354512 @ 95% credibility (15 tries)
Done in 0.11 min (cpu), 0.11 min (real)
Generate toy 183/250

 -- MarkovChainMC -- 
Limit: r < 3.94159 +/- 0.0520755 @ 95% credibility (15 tries)
Done in 0.11 min (cpu), 0.11 min (real)
Generate toy 184/250

 -- MarkovChainMC -- 
Limit: r < 2.25839 +/- 0.0249862 @ 95% credibility (15 tries)
Done in 0.10 min (cpu), 0.11 min (real)
Generate toy 185/250

 -- MarkovChainMC -- 
Limit: r < 3.22659 +/- 0.0271025 @ 95% credibility (15 tries)
Done in 0.11 min (cpu), 0.11 min (real)
Generate toy 186/250

 -- MarkovChainMC -- 
Limit: r < 3.8581 +/- 0.0238646 @ 95% credibility (15 tries)
Done in 0.11 min (cpu), 0.11 min (real)
Generate toy 187/250

 -- MarkovChainMC -- 
Limit: r < 1.75371 +/- 0.0127807 @ 95% credibility (15 tries)
Done in 0.10 min (cpu), 0.10 min (real)
Generate toy 188/250

 -- MarkovChainMC -- 
Limit: r < 3.16696 +/- 0.0572675 @ 95% credibility (15 tries)
Done in 0.11 min (cpu), 0.11 min (real)
Generate toy 189/250

 -- MarkovChainMC -- 
Limit: r < 1.5678 +/- 0.0339418 @ 95% credibility (15 tries)
Done in 0.10 min (cpu), 0.10 min (real)
Generate toy 190/250

 -- MarkovChainMC -- 
Limit: r < 1.77597 +/- 0.0245304 @ 95% credibility (15 tries)
Done in 0.10 min (cpu), 0.10 min (real)
Generate toy 191/250

 -- MarkovChainMC -- 
Limit: r < 2.30065 +/- 0.0237747 @ 95% credibility (15 tries)
Done in 0.10 min (cpu), 0.10 min (real)
Generate toy 192/250

 -- MarkovChainMC -- 
Limit: r < 3.21089 +/- 0.0382734 @ 95% credibility (15 tries)
Done in 0.11 min (cpu), 0.11 min (real)
Generate toy 193/250

 -- MarkovChainMC -- 
Limit: r < 3.79209 +/- 0.0364983 @ 95% credibility (15 tries)
Done in 0.11 min (cpu), 0.11 min (real)
Generate toy 194/250

 -- MarkovChainMC -- 
Limit: r < 1.38367 +/- 0.0231479 @ 95% credibility (15 tries)
Done in 0.10 min (cpu), 0.10 min (real)
Generate toy 195/250

 -- MarkovChainMC -- 
Limit: r < 3.09554 +/- 0.0239639 @ 95% credibility (15 tries)
Done in 0.11 min (cpu), 0.11 min (real)
Generate toy 196/250

 -- MarkovChainMC -- 
Limit: r < 2.49844 +/- 0.0320985 @ 95% credibility (15 tries)
Done in 0.11 min (cpu), 0.11 min (real)
Generate toy 197/250

 -- MarkovChainMC -- 
Limit: r < 1.79808 +/- 0.0205664 @ 95% credibility (15 tries)
Done in 0.11 min (cpu), 0.11 min (real)
Generate toy 198/250

 -- MarkovChainMC -- 
Limit: r < 2.03633 +/- 0.0308233 @ 95% credibility (15 tries)
Done in 0.11 min (cpu), 0.11 min (real)
Generate toy 199/250

 -- MarkovChainMC -- 
Limit: r < 2.29932 +/- 0.0352481 @ 95% credibility (15 tries)
Done in 0.11 min (cpu), 0.11 min (real)
Generate toy 200/250

 -- MarkovChainMC -- 
Limit: r < 1.83631 +/- 0.0275098 @ 95% credibility (15 tries)
Done in 0.10 min (cpu), 0.10 min (real)
Generate toy 201/250

 -- MarkovChainMC -- 
Limit: r < 2.29867 +/- 0.01389 @ 95% credibility (15 tries)
Done in 0.11 min (cpu), 0.11 min (real)
Generate toy 202/250

 -- MarkovChainMC -- 
Limit: r < 2.4368 +/- 0.0382481 @ 95% credibility (15 tries)
Done in 0.11 min (cpu), 0.11 min (real)
Generate toy 203/250

 -- MarkovChainMC -- 
Limit: r < 3.38444 +/- 0.0287249 @ 95% credibility (15 tries)
Done in 0.11 min (cpu), 0.11 min (real)
Generate toy 204/250

 -- MarkovChainMC -- 
Limit: r < 1.91852 +/- 0.0277174 @ 95% credibility (15 tries)
Done in 0.10 min (cpu), 0.10 min (real)
Generate toy 205/250

 -- MarkovChainMC -- 
Limit: r < 2.23103 +/- 0.0340978 @ 95% credibility (15 tries)
Done in 0.10 min (cpu), 0.10 min (real)
Generate toy 206/250

 -- MarkovChainMC -- 
Limit: r < 3.16624 +/- 0.0305182 @ 95% credibility (15 tries)
Done in 0.11 min (cpu), 0.11 min (real)
Generate toy 207/250

 -- MarkovChainMC -- 
Limit: r < 2.44883 +/- 0.024929 @ 95% credibility (15 tries)
Done in 0.10 min (cpu), 0.10 min (real)
Generate toy 208/250

 -- MarkovChainMC -- 
Limit: r < 2.27152 +/- 0.0268911 @ 95% credibility (15 tries)
Done in 0.10 min (cpu), 0.11 min (real)
Generate toy 209/250

 -- MarkovChainMC -- 
Limit: r < 1.96642 +/- 0.0167381 @ 95% credibility (15 tries)
Done in 0.10 min (cpu), 0.10 min (real)
Generate toy 210/250

 -- MarkovChainMC -- 
Limit: r < 2.66406 +/- 0.0145768 @ 95% credibility (15 tries)
Done in 0.11 min (cpu), 0.11 min (real)
Generate toy 211/250

 -- MarkovChainMC -- 
Limit: r < 2.40508 +/- 0.0349626 @ 95% credibility (15 tries)
Done in 0.10 min (cpu), 0.10 min (real)
Generate toy 212/250

 -- MarkovChainMC -- 
Limit: r < 1.35439 +/- 0.0210437 @ 95% credibility (15 tries)
Done in 0.10 min (cpu), 0.10 min (real)
Generate toy 213/250

 -- MarkovChainMC -- 
Limit: r < 2.67591 +/- 0.0248723 @ 95% credibility (15 tries)
Done in 0.11 min (cpu), 0.11 min (real)
Generate toy 214/250

 -- MarkovChainMC -- 
Limit: r < 2.05355 +/- 0.03423 @ 95% credibility (15 tries)
Done in 0.10 min (cpu), 0.10 min (real)
Generate toy 215/250

 -- MarkovChainMC -- 
Limit: r < 3.76225 +/- 0.0294449 @ 95% credibility (15 tries)
Done in 0.11 min (cpu), 0.11 min (real)
Generate toy 216/250

 -- MarkovChainMC -- 
Limit: r < 2.92816 +/- 0.0276252 @ 95% credibility (15 tries)
Done in 0.11 min (cpu), 0.11 min (real)
Generate toy 217/250

 -- MarkovChainMC -- 
Limit: r < 2.48141 +/- 0.0269358 @ 95% credibility (15 tries)
Done in 0.11 min (cpu), 0.11 min (real)
Generate toy 218/250

 -- MarkovChainMC -- 
Limit: r < 3.83495 +/- 0.0384716 @ 95% credibility (15 tries)
Done in 0.12 min (cpu), 0.12 min (real)
Generate toy 219/250

 -- MarkovChainMC -- 
Limit: r < 2.55884 +/- 0.0357863 @ 95% credibility (15 tries)
Done in 0.12 min (cpu), 0.12 min (real)
Generate toy 220/250

 -- MarkovChainMC -- 
Limit: r < 2.62282 +/- 0.025727 @ 95% credibility (15 tries)
Done in 0.11 min (cpu), 0.11 min (real)
Generate toy 221/250

 -- MarkovChainMC -- 
Limit: r < 1.91712 +/- 0.0292666 @ 95% credibility (15 tries)
Done in 0.10 min (cpu), 0.10 min (real)
Generate toy 222/250

 -- MarkovChainMC -- 
Limit: r < 2.37382 +/- 0.0243815 @ 95% credibility (15 tries)
Done in 0.10 min (cpu), 0.10 min (real)
Generate toy 223/250

 -- MarkovChainMC -- 
Limit: r < 1.34664 +/- 0.0127221 @ 95% credibility (15 tries)
Done in 0.10 min (cpu), 0.10 min (real)
Generate toy 224/250

 -- MarkovChainMC -- 
Limit: r < 1.87375 +/- 0.0275283 @ 95% credibility (15 tries)
Done in 0.10 min (cpu), 0.10 min (real)
Generate toy 225/250

 -- MarkovChainMC -- 
Limit: r < 5.4692 +/- 0.0408075 @ 95% credibility (15 tries)
Done in 0.11 min (cpu), 0.11 min (real)
Generate toy 226/250

 -- MarkovChainMC -- 
Limit: r < 1.39706 +/- 0.0268683 @ 95% credibility (15 tries)
Done in 0.10 min (cpu), 0.10 min (real)
Generate toy 227/250

 -- MarkovChainMC -- 
Limit: r < 2.22303 +/- 0.0280275 @ 95% credibility (15 tries)
Done in 0.10 min (cpu), 0.10 min (real)
Generate toy 228/250

 -- MarkovChainMC -- 
Limit: r < 1.98425 +/- 0.0211403 @ 95% credibility (15 tries)
Done in 0.10 min (cpu), 0.10 min (real)
Generate toy 229/250

 -- MarkovChainMC -- 
Limit: r < 2.16072 +/- 0.032855 @ 95% credibility (15 tries)
Done in 0.10 min (cpu), 0.10 min (real)
Generate toy 230/250

 -- MarkovChainMC -- 
Limit: r < 4.98869 +/- 0.0488722 @ 95% credibility (15 tries)
Done in 0.11 min (cpu), 0.11 min (real)
Generate toy 231/250

 -- MarkovChainMC -- 
Limit: r < 1.36522 +/- 0.0255487 @ 95% credibility (15 tries)
Done in 0.10 min (cpu), 0.10 min (real)
Generate toy 232/250

 -- MarkovChainMC -- 
Limit: r < 2.6334 +/- 0.0391382 @ 95% credibility (15 tries)
Done in 0.10 min (cpu), 0.10 min (real)
Generate toy 233/250

 -- MarkovChainMC -- 
Limit: r < 1.52164 +/- 0.0180768 @ 95% credibility (15 tries)
Done in 0.10 min (cpu), 0.10 min (real)
Generate toy 234/250

 -- MarkovChainMC -- 
Limit: r < 1.29695 +/- 0.022901 @ 95% credibility (15 tries)
Done in 0.10 min (cpu), 0.10 min (real)
Generate toy 235/250

 -- MarkovChainMC -- 
Limit: r < 2.35778 +/- 0.0227751 @ 95% credibility (15 tries)
Done in 0.10 min (cpu), 0.11 min (real)
Generate toy 236/250

 -- MarkovChainMC -- 
Limit: r < 2.09177 +/- 0.0319634 @ 95% credibility (15 tries)
Done in 0.11 min (cpu), 0.11 min (real)
Generate toy 237/250

 -- MarkovChainMC -- 
Limit: r < 1.82873 +/- 0.0229103 @ 95% credibility (15 tries)
Done in 0.10 min (cpu), 0.10 min (real)
Generate toy 238/250

 -- MarkovChainMC -- 
Limit: r < 2.64736 +/- 0.0315793 @ 95% credibility (15 tries)
Done in 0.10 min (cpu), 0.11 min (real)
Generate toy 239/250

 -- MarkovChainMC -- 
Limit: r < 1.78638 +/- 0.0228538 @ 95% credibility (15 tries)
Done in 0.10 min (cpu), 0.10 min (real)
Generate toy 240/250

 -- MarkovChainMC -- 
Limit: r < 2.03963 +/- 0.0245873 @ 95% credibility (15 tries)
Done in 0.10 min (cpu), 0.10 min (real)
Generate toy 241/250

 -- MarkovChainMC -- 
Limit: r < 2.28194 +/- 0.0269169 @ 95% credibility (15 tries)
Done in 0.10 min (cpu), 0.10 min (real)
Generate toy 242/250

 -- MarkovChainMC -- 
Limit: r < 2.08443 +/- 0.0296909 @ 95% credibility (15 tries)
Done in 0.10 min (cpu), 0.10 min (real)
Generate toy 243/250

 -- MarkovChainMC -- 
Limit: r < 2.24832 +/- 0.0257452 @ 95% credibility (15 tries)
Done in 0.11 min (cpu), 0.11 min (real)
Generate toy 244/250

 -- MarkovChainMC -- 
Limit: r < 2.89009 +/- 0.0335952 @ 95% credibility (15 tries)
Done in 0.11 min (cpu), 0.11 min (real)
Generate toy 245/250

 -- MarkovChainMC -- 
Limit: r < 2.78409 +/- 0.0318766 @ 95% credibility (15 tries)
Done in 0.10 min (cpu), 0.11 min (real)
Generate toy 246/250

 -- MarkovChainMC -- 
Limit: r < 2.16304 +/- 0.0164981 @ 95% credibility (15 tries)
Done in 0.11 min (cpu), 0.11 min (real)
Generate toy 247/250

 -- MarkovChainMC -- 
Limit: r < 2.13232 +/- 0.0334691 @ 95% credibility (15 tries)
Done in 0.11 min (cpu), 0.11 min (real)
Generate toy 248/250

 -- MarkovChainMC -- 
Limit: r < 2.73219 +/- 0.0198446 @ 95% credibility (15 tries)
Done in 0.10 min (cpu), 0.11 min (real)
Generate toy 249/250

 -- MarkovChainMC -- 
Limit: r < 2.15751 +/- 0.0333967 @ 95% credibility (15 tries)
Done in 0.11 min (cpu), 0.11 min (real)
Generate toy 250/250

 -- MarkovChainMC -- 
Limit: r < 3.10144 +/- 0.0468955 @ 95% credibility (15 tries)
Done in 0.11 min (cpu), 0.11 min (real)
mean   expected limit: r < 2.46456 +/- 0.0546359 @ 95%CL (250 toyMC)
median expected limit: r < 2.22958 @ 95%CL (250 toyMC)
   68% expected band : 1.76155 < r < 3.28062
   95% expected band : 1.28677 < r < 4.52536
