 <<< Combine >>> 
 <<< v10.0.2 >>>
>>> Used OpenSSL to get a truly random seed -1734000691
>>> Method used is MarkovChainMC
============================================================
Analyzing bin errors for: prop_binmuon_channel
Poisson cut-off: 10
Processes excluded for sums: Wprime3000
============================================================
Bin        Contents        Error           Notes                         
0          5489.339746     14.389582       total sum                     
0          5489.009974     14.389572       excluding marked processes    
0          145510.000000   381.457730      Unweighted events, alpha=0.037725
  => Total parameter prop_binmuon_channel_bin0[0.00,-7.00,7.00] to be Gaussian constrained
------------------------------------------------------------
1          2091.829140     7.507838        total sum                     
1          2091.469679     7.507819        excluding marked processes    
1          77602.000000    278.571355      Unweighted events, alpha=0.026956
  => Total parameter prop_binmuon_channel_bin1[0.00,-7.00,7.00] to be Gaussian constrained
------------------------------------------------------------
2          925.669114      5.743278        total sum                     
2          925.287269      5.743251        excluding marked processes    
2          25956.000000    161.108659      Unweighted events, alpha=0.035663
  => Total parameter prop_binmuon_channel_bin2[0.00,-7.00,7.00] to be Gaussian constrained
------------------------------------------------------------
3          463.132700      3.622129        total sum                     
3          462.717279      3.622082        excluding marked processes    
3          16320.000000    127.749755      Unweighted events, alpha=0.028378
  => Total parameter prop_binmuon_channel_bin3[0.00,-7.00,7.00] to be Gaussian constrained
------------------------------------------------------------
4          240.720561      1.533941        total sum                     
4          240.228093      1.533810        excluding marked processes    
4          24530.000000    156.620561      Unweighted events, alpha=0.009813
  => Total parameter prop_binmuon_channel_bin4[0.00,-7.00,7.00] to be Gaussian constrained
------------------------------------------------------------
5          139.630421      1.743033        total sum                     
5          139.121722      1.742909        excluding marked processes    
5          6371.000000     79.818544       Unweighted events, alpha=0.021917
  => Total parameter prop_binmuon_channel_bin5[0.00,-7.00,7.00] to be Gaussian constrained
------------------------------------------------------------
6          133.901545      1.065071        total sum                     
6          132.798509      1.064641        excluding marked processes    
6          15559.000000    124.735721      Unweighted events, alpha=0.008606
  => Total parameter prop_binmuon_channel_bin6[0.00,-7.00,7.00] to be Gaussian constrained
------------------------------------------------------------
7          53.153111       0.722350        total sum                     
7          51.876344       0.721630        excluding marked processes    
7          5168.000000     71.888803       Unweighted events, alpha=0.010285
  => Total parameter prop_binmuon_channel_bin7[0.00,-7.00,7.00] to be Gaussian constrained
------------------------------------------------------------
8          31.548959       0.470802        total sum                     
8          29.337675       0.468872        excluding marked processes    
8          3915.000000     62.569961       Unweighted events, alpha=0.008058
  => Total parameter prop_binmuon_channel_bin8[0.00,-7.00,7.00] to be Gaussian constrained
------------------------------------------------------------
9          12.572218       0.337766        total sum                     
9          9.941359        0.334523        excluding marked processes    
9          883.000000      29.715316       Unweighted events, alpha=0.014238
  => Total parameter prop_binmuon_channel_bin9[0.00,-7.00,7.00] to be Gaussian constrained
------------------------------------------------------------
10         8.264601        0.120806        total sum                     
10         4.165375        0.105525        excluding marked processes    
10         1558.000000     39.471509       Unweighted events, alpha=0.005305
  => Total parameter prop_binmuon_channel_bin10[0.00,-7.00,7.00] to be Gaussian constrained
------------------------------------------------------------
11         9.723495        0.232828        total sum                     
11         1.762132        0.218174        excluding marked processes    
11         65.000000       8.062258        Unweighted events, alpha=0.149592
  => Total parameter prop_binmuon_channel_bin11[0.00,-7.00,7.00] to be Gaussian constrained
------------------------------------------------------------
12         2.118584        0.038987        total sum                     
12         0.276349        0.001778        excluding marked processes    
12         24153.000000    155.412355      Unweighted events, alpha=0.000088
  => Total parameter prop_binmuon_channel_bin12[0.00,-7.00,7.00] to be Gaussian constrained
------------------------------------------------------------
13         0.146637        0.007084        total sum                     
13         0.085750        0.001214        excluding marked processes    
13         4991.000000     70.647010       Unweighted events, alpha=0.000029
  => Total parameter prop_binmuon_channel_bin13[0.00,-7.00,7.00] to be Gaussian constrained
------------------------------------------------------------
14         0.011339        0.002412        total sum                     
14         0.007105        0.001511        excluding marked processes    
14         22.000000       4.690416        Unweighted events, alpha=0.000515
  => Total parameter prop_binmuon_channel_bin14[0.00,-7.00,7.00] to be Gaussian constrained
------------------------------------------------------------
15         0.002562        0.001050        total sum                     
15         0.001078        0.000054        excluding marked processes    
15         404.000000      20.099751       Unweighted events, alpha=0.000006
  => Total parameter prop_binmuon_channel_bin15[0.00,-7.00,7.00] to be Gaussian constrained
------------------------------------------------------------
Channel muon_channel will use autoMCStats with settings: event-threshold=10, include-signal=0, hist-mode=1
Generate toy 1/250

 -- MarkovChainMC -- 
Limit: r < 0.542298 +/- 0.00322674 @ 95% credibility (15 tries)
Done in 0.11 min (cpu), 0.11 min (real)
Generate toy 2/250

 -- MarkovChainMC -- 
Limit: r < 0.377729 +/- 0.00312908 @ 95% credibility (15 tries)
Done in 0.09 min (cpu), 0.10 min (real)
Generate toy 3/250

 -- MarkovChainMC -- 
Limit: r < 0.437821 +/- 0.00410047 @ 95% credibility (15 tries)
Done in 0.11 min (cpu), 0.11 min (real)
Generate toy 4/250

 -- MarkovChainMC -- 
Limit: r < 0.90242 +/- 0.00726231 @ 95% credibility (15 tries)
Done in 0.11 min (cpu), 0.11 min (real)
Generate toy 5/250

 -- MarkovChainMC -- 
Limit: r < 0.300369 +/- 0.00265446 @ 95% credibility (15 tries)
Done in 0.09 min (cpu), 0.10 min (real)
Generate toy 6/250

 -- MarkovChainMC -- 
Limit: r < 0.27315 +/- 0.00271487 @ 95% credibility (15 tries)
Done in 0.10 min (cpu), 0.10 min (real)
Generate toy 7/250

 -- MarkovChainMC -- 
Limit: r < 0.601452 +/- 0.00373509 @ 95% credibility (15 tries)
Done in 0.09 min (cpu), 0.09 min (real)
Generate toy 8/250

 -- MarkovChainMC -- 
Limit: r < 0.317378 +/- 0.00368658 @ 95% credibility (15 tries)
Done in 0.09 min (cpu), 0.10 min (real)
Generate toy 9/250

 -- MarkovChainMC -- 
Limit: r < 0.296224 +/- 0.00460125 @ 95% credibility (15 tries)
Done in 0.10 min (cpu), 0.10 min (real)
Generate toy 10/250

 -- MarkovChainMC -- 
Limit: r < 0.313314 +/- 0.0022118 @ 95% credibility (15 tries)
Done in 0.12 min (cpu), 0.12 min (real)
Generate toy 11/250

 -- MarkovChainMC -- 
Limit: r < 0.608865 +/- 0.00395637 @ 95% credibility (15 tries)
Done in 0.12 min (cpu), 0.12 min (real)
Generate toy 12/250

 -- MarkovChainMC -- 
Limit: r < 0.481713 +/- 0.00417513 @ 95% credibility (15 tries)
Done in 0.10 min (cpu), 0.10 min (real)
Generate toy 13/250

 -- MarkovChainMC -- 
Limit: r < 0.290316 +/- 0.00252332 @ 95% credibility (15 tries)
Done in 0.09 min (cpu), 0.09 min (real)
Generate toy 14/250

 -- MarkovChainMC -- 
Limit: r < 0.347973 +/- 0.0023946 @ 95% credibility (15 tries)
Done in 0.10 min (cpu), 0.10 min (real)
Generate toy 15/250

 -- MarkovChainMC -- 
Limit: r < 0.594049 +/- 0.00470026 @ 95% credibility (15 tries)
Done in 0.12 min (cpu), 0.12 min (real)
Generate toy 16/250

 -- MarkovChainMC -- 
Limit: r < 0.406539 +/- 0.0030907 @ 95% credibility (15 tries)
Done in 0.12 min (cpu), 0.12 min (real)
Generate toy 17/250

 -- MarkovChainMC -- 
Limit: r < 0.310674 +/- 0.00317172 @ 95% credibility (15 tries)
Done in 0.11 min (cpu), 0.11 min (real)
Generate toy 18/250

 -- MarkovChainMC -- 
Limit: r < 0.477189 +/- 0.00350546 @ 95% credibility (15 tries)
Done in 0.12 min (cpu), 0.12 min (real)
Generate toy 19/250

 -- MarkovChainMC -- 
Limit: r < 0.317759 +/- 0.00301507 @ 95% credibility (15 tries)
Done in 0.11 min (cpu), 0.11 min (real)
Generate toy 20/250

 -- MarkovChainMC -- 
Limit: r < 0.296065 +/- 0.00256449 @ 95% credibility (15 tries)
Done in 0.11 min (cpu), 0.11 min (real)
Generate toy 21/250

 -- MarkovChainMC -- 
Limit: r < 0.465034 +/- 0.0053996 @ 95% credibility (15 tries)
Done in 0.10 min (cpu), 0.11 min (real)
Generate toy 22/250

 -- MarkovChainMC -- 
Limit: r < 0.344509 +/- 0.0032705 @ 95% credibility (15 tries)
Done in 0.09 min (cpu), 0.09 min (real)
Generate toy 23/250

 -- MarkovChainMC -- 
Limit: r < 0.285858 +/- 0.00369802 @ 95% credibility (15 tries)
Done in 0.11 min (cpu), 0.11 min (real)
Generate toy 24/250

 -- MarkovChainMC -- 
Limit: r < 0.254986 +/- 0.00204601 @ 95% credibility (15 tries)
Done in 0.11 min (cpu), 0.11 min (real)
Generate toy 25/250

 -- MarkovChainMC -- 
Limit: r < 0.697241 +/- 0.00496126 @ 95% credibility (15 tries)
Done in 0.12 min (cpu), 0.12 min (real)
Generate toy 26/250

 -- MarkovChainMC -- 
Limit: r < 0.36227 +/- 0.00364353 @ 95% credibility (15 tries)
Done in 0.11 min (cpu), 0.11 min (real)
Generate toy 27/250

 -- MarkovChainMC -- 
Limit: r < 1.06013 +/- 0.00886524 @ 95% credibility (15 tries)
Done in 0.12 min (cpu), 0.12 min (real)
Generate toy 28/250

 -- MarkovChainMC -- 
Limit: r < 0.62662 +/- 0.00649371 @ 95% credibility (15 tries)
Done in 0.11 min (cpu), 0.11 min (real)
Generate toy 29/250

 -- MarkovChainMC -- 
Limit: r < 0.493138 +/- 0.00432872 @ 95% credibility (15 tries)
Done in 0.10 min (cpu), 0.10 min (real)
Generate toy 30/250

 -- MarkovChainMC -- 
Limit: r < 0.3083 +/- 0.00360513 @ 95% credibility (15 tries)
Done in 0.10 min (cpu), 0.10 min (real)
Generate toy 31/250

 -- MarkovChainMC -- 
Limit: r < 0.286103 +/- 0.00295858 @ 95% credibility (15 tries)
Done in 0.10 min (cpu), 0.10 min (real)
Generate toy 32/250

 -- MarkovChainMC -- 
Limit: r < 0.393317 +/- 0.00381915 @ 95% credibility (15 tries)
Done in 0.11 min (cpu), 0.11 min (real)
Generate toy 33/250

 -- MarkovChainMC -- 
Limit: r < 0.367912 +/- 0.00268615 @ 95% credibility (15 tries)
Done in 0.11 min (cpu), 0.11 min (real)
Generate toy 34/250

 -- MarkovChainMC -- 
Limit: r < 0.334572 +/- 0.00343578 @ 95% credibility (15 tries)
Done in 0.07 min (cpu), 0.07 min (real)
Generate toy 35/250

 -- MarkovChainMC -- 
Limit: r < 0.429536 +/- 0.00686237 @ 95% credibility (15 tries)
Done in 0.09 min (cpu), 0.09 min (real)
Generate toy 36/250

 -- MarkovChainMC -- 
Limit: r < 0.330008 +/- 0.00258246 @ 95% credibility (15 tries)
Done in 0.08 min (cpu), 0.08 min (real)
Generate toy 37/250

 -- MarkovChainMC -- 
Limit: r < 0.377408 +/- 0.00361296 @ 95% credibility (15 tries)
Done in 0.10 min (cpu), 0.10 min (real)
Generate toy 38/250

 -- MarkovChainMC -- 
Limit: r < 0.415919 +/- 0.00359194 @ 95% credibility (15 tries)
Done in 0.12 min (cpu), 0.12 min (real)
Generate toy 39/250

 -- MarkovChainMC -- 
Limit: r < 0.264181 +/- 0.00234486 @ 95% credibility (15 tries)
Done in 0.08 min (cpu), 0.08 min (real)
Generate toy 40/250

 -- MarkovChainMC -- 
Limit: r < 0.609056 +/- 0.00428197 @ 95% credibility (15 tries)
Done in 0.08 min (cpu), 0.08 min (real)
Generate toy 41/250

 -- MarkovChainMC -- 
Limit: r < 0.642559 +/- 0.00200242 @ 95% credibility (15 tries)
Done in 0.09 min (cpu), 0.09 min (real)
Generate toy 42/250

 -- MarkovChainMC -- 
Limit: r < 0.452112 +/- 0.00313193 @ 95% credibility (15 tries)
Done in 0.12 min (cpu), 0.12 min (real)
Generate toy 43/250

 -- MarkovChainMC -- 
Limit: r < 0.34406 +/- 0.00380753 @ 95% credibility (15 tries)
Done in 0.11 min (cpu), 0.11 min (real)
Generate toy 44/250

 -- MarkovChainMC -- 
Limit: r < 0.549622 +/- 0.00342312 @ 95% credibility (15 tries)
Done in 0.07 min (cpu), 0.07 min (real)
Generate toy 45/250

 -- MarkovChainMC -- 
Limit: r < 0.33168 +/- 0.00497172 @ 95% credibility (15 tries)
Done in 0.07 min (cpu), 0.07 min (real)
Generate toy 46/250

 -- MarkovChainMC -- 
Limit: r < 0.475501 +/- 0.00367913 @ 95% credibility (15 tries)
Done in 0.08 min (cpu), 0.08 min (real)
Generate toy 47/250

 -- MarkovChainMC -- 
Limit: r < 0.436904 +/- 0.00378929 @ 95% credibility (15 tries)
Done in 0.07 min (cpu), 0.07 min (real)
Generate toy 48/250

 -- MarkovChainMC -- 
Limit: r < 0.541366 +/- 0.00540465 @ 95% credibility (15 tries)
Done in 0.07 min (cpu), 0.07 min (real)
Generate toy 49/250

 -- MarkovChainMC -- 
Limit: r < 0.275437 +/- 0.00296815 @ 95% credibility (15 tries)
Done in 0.07 min (cpu), 0.07 min (real)
Generate toy 50/250

 -- MarkovChainMC -- 
Limit: r < 0.316205 +/- 0.00388862 @ 95% credibility (15 tries)
Done in 0.09 min (cpu), 0.09 min (real)
Generate toy 51/250

 -- MarkovChainMC -- 
Limit: r < 0.461673 +/- 0.00119861 @ 95% credibility (15 tries)
Done in 0.08 min (cpu), 0.08 min (real)
Generate toy 52/250

 -- MarkovChainMC -- 
Limit: r < 0.296159 +/- 0.00305413 @ 95% credibility (15 tries)
Done in 0.09 min (cpu), 0.09 min (real)
Generate toy 53/250

 -- MarkovChainMC -- 
Limit: r < 0.405917 +/- 0.0035773 @ 95% credibility (15 tries)
Done in 0.08 min (cpu), 0.08 min (real)
Generate toy 54/250

 -- MarkovChainMC -- 
Limit: r < 0.38868 +/- 0.00356035 @ 95% credibility (15 tries)
Done in 0.11 min (cpu), 0.11 min (real)
Generate toy 55/250

 -- MarkovChainMC -- 
Limit: r < 0.381246 +/- 0.00439865 @ 95% credibility (15 tries)
Done in 0.12 min (cpu), 0.12 min (real)
Generate toy 56/250

 -- MarkovChainMC -- 
Limit: r < 0.427026 +/- 0.00266534 @ 95% credibility (15 tries)
Done in 0.12 min (cpu), 0.12 min (real)
Generate toy 57/250

 -- MarkovChainMC -- 
Limit: r < 0.26089 +/- 0.00343591 @ 95% credibility (15 tries)
Done in 0.10 min (cpu), 0.10 min (real)
Generate toy 58/250

 -- MarkovChainMC -- 
Limit: r < 0.329302 +/- 0.00296549 @ 95% credibility (15 tries)
Done in 0.11 min (cpu), 0.12 min (real)
Generate toy 59/250

 -- MarkovChainMC -- 
Limit: r < 0.575135 +/- 0.00312803 @ 95% credibility (15 tries)
Done in 0.12 min (cpu), 0.12 min (real)
Generate toy 60/250

 -- MarkovChainMC -- 
Limit: r < 0.594811 +/- 0.00636539 @ 95% credibility (15 tries)
Done in 0.12 min (cpu), 0.12 min (real)
Generate toy 61/250

 -- MarkovChainMC -- 
Limit: r < 0.571309 +/- 0.00516951 @ 95% credibility (15 tries)
Done in 0.12 min (cpu), 0.12 min (real)
Generate toy 62/250

 -- MarkovChainMC -- 
Limit: r < 0.540481 +/- 0.00596441 @ 95% credibility (15 tries)
Done in 0.12 min (cpu), 0.12 min (real)
Generate toy 63/250

 -- MarkovChainMC -- 
Limit: r < 0.376201 +/- 0.00438769 @ 95% credibility (15 tries)
Done in 0.10 min (cpu), 0.10 min (real)
Generate toy 64/250

 -- MarkovChainMC -- 
Limit: r < 0.270728 +/- 0.0021718 @ 95% credibility (15 tries)
Done in 0.08 min (cpu), 0.08 min (real)
Generate toy 65/250

 -- MarkovChainMC -- 
Limit: r < 0.522476 +/- 0.00375698 @ 95% credibility (15 tries)
Done in 0.09 min (cpu), 0.09 min (real)
Generate toy 66/250

 -- MarkovChainMC -- 
Limit: r < 0.557891 +/- 0.00398612 @ 95% credibility (15 tries)
Done in 0.09 min (cpu), 0.09 min (real)
Generate toy 67/250

 -- MarkovChainMC -- 
Limit: r < 0.479216 +/- 0.00340571 @ 95% credibility (15 tries)
Done in 0.12 min (cpu), 0.12 min (real)
Generate toy 68/250

 -- MarkovChainMC -- 
Limit: r < 0.283441 +/- 0.00386026 @ 95% credibility (15 tries)
Done in 0.11 min (cpu), 0.11 min (real)
Generate toy 69/250

 -- MarkovChainMC -- 
Limit: r < 0.400628 +/- 0.00282964 @ 95% credibility (15 tries)
Done in 0.11 min (cpu), 0.11 min (real)
Generate toy 70/250

 -- MarkovChainMC -- 
Limit: r < 0.281927 +/- 0.00309356 @ 95% credibility (15 tries)
Done in 0.10 min (cpu), 0.10 min (real)
Generate toy 71/250

 -- MarkovChainMC -- 
Limit: r < 0.512989 +/- 0.00239353 @ 95% credibility (15 tries)
Done in 0.10 min (cpu), 0.10 min (real)
Generate toy 72/250

 -- MarkovChainMC -- 
Limit: r < 0.54028 +/- 0.00492423 @ 95% credibility (15 tries)
Done in 0.12 min (cpu), 0.12 min (real)
Generate toy 73/250

 -- MarkovChainMC -- 
Limit: r < 0.458083 +/- 0.00482703 @ 95% credibility (15 tries)
Done in 0.10 min (cpu), 0.10 min (real)
Generate toy 74/250

 -- MarkovChainMC -- 
Limit: r < 0.580199 +/- 0.00439464 @ 95% credibility (15 tries)
Done in 0.09 min (cpu), 0.09 min (real)
Generate toy 75/250

 -- MarkovChainMC -- 
Limit: r < 0.390253 +/- 0.00273736 @ 95% credibility (15 tries)
Done in 0.08 min (cpu), 0.08 min (real)
Generate toy 76/250

 -- MarkovChainMC -- 
Limit: r < 0.331216 +/- 0.00295119 @ 95% credibility (15 tries)
Done in 0.08 min (cpu), 0.08 min (real)
Generate toy 77/250

 -- MarkovChainMC -- 
Limit: r < 0.43936 +/- 0.00199689 @ 95% credibility (15 tries)
Done in 0.10 min (cpu), 0.10 min (real)
Generate toy 78/250

 -- MarkovChainMC -- 
Limit: r < 0.580429 +/- 0.00303305 @ 95% credibility (15 tries)
Done in 0.09 min (cpu), 0.09 min (real)
Generate toy 79/250

 -- MarkovChainMC -- 
Limit: r < 0.817384 +/- 0.00532542 @ 95% credibility (15 tries)
Done in 0.10 min (cpu), 0.10 min (real)
Generate toy 80/250

 -- MarkovChainMC -- 
Limit: r < 0.386655 +/- 0.00384308 @ 95% credibility (15 tries)
Done in 0.11 min (cpu), 0.11 min (real)
Generate toy 81/250

 -- MarkovChainMC -- 
Limit: r < 0.813424 +/- 0.00586143 @ 95% credibility (15 tries)
Done in 0.09 min (cpu), 0.09 min (real)
Generate toy 82/250

 -- MarkovChainMC -- 
Limit: r < 0.464211 +/- 0.00315109 @ 95% credibility (15 tries)
Done in 0.10 min (cpu), 0.10 min (real)
Generate toy 83/250

 -- MarkovChainMC -- 
Limit: r < 0.461216 +/- 0.00395711 @ 95% credibility (15 tries)
Done in 0.08 min (cpu), 0.09 min (real)
Generate toy 84/250

 -- MarkovChainMC -- 
Limit: r < 0.26244 +/- 0.0024766 @ 95% credibility (15 tries)
Done in 0.11 min (cpu), 0.11 min (real)
Generate toy 85/250

 -- MarkovChainMC -- 
Limit: r < 0.602745 +/- 0.00368059 @ 95% credibility (15 tries)
Done in 0.12 min (cpu), 0.12 min (real)
Generate toy 86/250

 -- MarkovChainMC -- 
Limit: r < 0.341316 +/- 0.00240977 @ 95% credibility (15 tries)
Done in 0.10 min (cpu), 0.10 min (real)
Generate toy 87/250

 -- MarkovChainMC -- 
Limit: r < 0.573278 +/- 0.00393751 @ 95% credibility (15 tries)
Done in 0.11 min (cpu), 0.11 min (real)
Generate toy 88/250

 -- MarkovChainMC -- 
Limit: r < 0.55242 +/- 0.00417433 @ 95% credibility (15 tries)
Done in 0.11 min (cpu), 0.12 min (real)
Generate toy 89/250

 -- MarkovChainMC -- 
Limit: r < 0.462111 +/- 0.00308559 @ 95% credibility (15 tries)
Done in 0.12 min (cpu), 0.12 min (real)
Generate toy 90/250

 -- MarkovChainMC -- 
Limit: r < 0.345404 +/- 0.00421593 @ 95% credibility (15 tries)
Done in 0.10 min (cpu), 0.10 min (real)
Generate toy 91/250

 -- MarkovChainMC -- 
Limit: r < 0.557462 +/- 0.00644366 @ 95% credibility (15 tries)
Done in 0.09 min (cpu), 0.09 min (real)
Generate toy 92/250

 -- MarkovChainMC -- 
Limit: r < 0.536001 +/- 0.00408478 @ 95% credibility (15 tries)
Done in 0.08 min (cpu), 0.08 min (real)
Generate toy 93/250

 -- MarkovChainMC -- 
Limit: r < 0.868036 +/- 0.00323242 @ 95% credibility (15 tries)
Done in 0.08 min (cpu), 0.08 min (real)
Generate toy 94/250

 -- MarkovChainMC -- 
Limit: r < 0.641004 +/- 0.00496872 @ 95% credibility (15 tries)
Done in 0.12 min (cpu), 0.12 min (real)
Generate toy 95/250

 -- MarkovChainMC -- 
Limit: r < 0.50338 +/- 0.00297162 @ 95% credibility (15 tries)
Done in 0.11 min (cpu), 0.12 min (real)
Generate toy 96/250

 -- MarkovChainMC -- 
Limit: r < 0.361672 +/- 0.0032591 @ 95% credibility (15 tries)
Done in 0.11 min (cpu), 0.11 min (real)
Generate toy 97/250

 -- MarkovChainMC -- 
Limit: r < 0.290063 +/- 0.00287162 @ 95% credibility (15 tries)
Done in 0.11 min (cpu), 0.11 min (real)
Generate toy 98/250

 -- MarkovChainMC -- 
Limit: r < 0.655054 +/- 0.00473657 @ 95% credibility (15 tries)
Done in 0.12 min (cpu), 0.12 min (real)
Generate toy 99/250

 -- MarkovChainMC -- 
Limit: r < 0.411565 +/- 0.00516256 @ 95% credibility (15 tries)
Done in 0.11 min (cpu), 0.11 min (real)
Generate toy 100/250

 -- MarkovChainMC -- 
Limit: r < 0.733791 +/- 0.00481513 @ 95% credibility (15 tries)
Done in 0.08 min (cpu), 0.08 min (real)
Generate toy 101/250

 -- MarkovChainMC -- 
Limit: r < 0.469348 +/- 0.00360453 @ 95% credibility (15 tries)
Done in 0.09 min (cpu), 0.09 min (real)
Generate toy 102/250

 -- MarkovChainMC -- 
Limit: r < 0.485964 +/- 0.00401693 @ 95% credibility (15 tries)
Done in 0.12 min (cpu), 0.12 min (real)
Generate toy 103/250

 -- MarkovChainMC -- 
Limit: r < 0.620494 +/- 0.00366332 @ 95% credibility (15 tries)
Done in 0.10 min (cpu), 0.10 min (real)
Generate toy 104/250

 -- MarkovChainMC -- 
Limit: r < 0.50549 +/- 0.0041614 @ 95% credibility (15 tries)
Done in 0.09 min (cpu), 0.09 min (real)
Generate toy 105/250

 -- MarkovChainMC -- 
Limit: r < 0.603201 +/- 0.00285816 @ 95% credibility (15 tries)
Done in 0.08 min (cpu), 0.08 min (real)
Generate toy 106/250

 -- MarkovChainMC -- 
Limit: r < 0.488067 +/- 0.00475335 @ 95% credibility (15 tries)
Done in 0.08 min (cpu), 0.08 min (real)
Generate toy 107/250

 -- MarkovChainMC -- 
Limit: r < 0.2712 +/- 0.00286974 @ 95% credibility (15 tries)
Done in 0.09 min (cpu), 0.09 min (real)
Generate toy 108/250

 -- MarkovChainMC -- 
Limit: r < 0.429326 +/- 0.00398147 @ 95% credibility (15 tries)
Done in 0.09 min (cpu), 0.09 min (real)
Generate toy 109/250

 -- MarkovChainMC -- 
Limit: r < 0.359473 +/- 0.00589443 @ 95% credibility (15 tries)
Done in 0.07 min (cpu), 0.07 min (real)
Generate toy 110/250

 -- MarkovChainMC -- 
Limit: r < 0.499925 +/- 0.00510605 @ 95% credibility (15 tries)
Done in 0.08 min (cpu), 0.08 min (real)
Generate toy 111/250

 -- MarkovChainMC -- 
Limit: r < 0.238742 +/- 0.00387985 @ 95% credibility (15 tries)
Done in 0.10 min (cpu), 0.10 min (real)
Generate toy 112/250

 -- MarkovChainMC -- 
Limit: r < 0.414007 +/- 0.00450612 @ 95% credibility (15 tries)
Done in 0.08 min (cpu), 0.08 min (real)
Generate toy 113/250

 -- MarkovChainMC -- 
Limit: r < 0.431761 +/- 0.00378936 @ 95% credibility (15 tries)
Done in 0.08 min (cpu), 0.08 min (real)
Generate toy 114/250

 -- MarkovChainMC -- 
Limit: r < 0.743452 +/- 0.00383845 @ 95% credibility (15 tries)
Done in 0.12 min (cpu), 0.12 min (real)
Generate toy 115/250

 -- MarkovChainMC -- 
Limit: r < 0.270775 +/- 0.00115222 @ 95% credibility (15 tries)
Done in 0.11 min (cpu), 0.11 min (real)
Generate toy 116/250

 -- MarkovChainMC -- 
Limit: r < 0.519069 +/- 0.004433 @ 95% credibility (15 tries)
Done in 0.12 min (cpu), 0.12 min (real)
Generate toy 117/250

 -- MarkovChainMC -- 
Limit: r < 0.263663 +/- 0.00438566 @ 95% credibility (15 tries)
Done in 0.10 min (cpu), 0.10 min (real)
Generate toy 118/250

 -- MarkovChainMC -- 
Limit: r < 0.53821 +/- 0.00874984 @ 95% credibility (15 tries)
Done in 0.11 min (cpu), 0.11 min (real)
Generate toy 119/250

 -- MarkovChainMC -- 
Limit: r < 0.46931 +/- 0.00440528 @ 95% credibility (15 tries)
Done in 0.07 min (cpu), 0.07 min (real)
Generate toy 120/250

 -- MarkovChainMC -- 
Limit: r < 0.453823 +/- 0.00342495 @ 95% credibility (15 tries)
Done in 0.07 min (cpu), 0.07 min (real)
Generate toy 121/250

 -- MarkovChainMC -- 
Limit: r < 0.845607 +/- 0.00635395 @ 95% credibility (15 tries)
Done in 0.08 min (cpu), 0.08 min (real)
Generate toy 122/250

 -- MarkovChainMC -- 
Limit: r < 0.553791 +/- 0.00343562 @ 95% credibility (15 tries)
Done in 0.10 min (cpu), 0.10 min (real)
Generate toy 123/250

 -- MarkovChainMC -- 
Limit: r < 0.508544 +/- 0.00443125 @ 95% credibility (15 tries)
Done in 0.10 min (cpu), 0.10 min (real)
Generate toy 124/250

 -- MarkovChainMC -- 
Limit: r < 0.58755 +/- 0.00346257 @ 95% credibility (15 tries)
Done in 0.08 min (cpu), 0.08 min (real)
Generate toy 125/250

 -- MarkovChainMC -- 
Limit: r < 0.607091 +/- 0.00278407 @ 95% credibility (15 tries)
Done in 0.09 min (cpu), 0.09 min (real)
Generate toy 126/250

 -- MarkovChainMC -- 
Limit: r < 0.385299 +/- 0.00292863 @ 95% credibility (15 tries)
Done in 0.08 min (cpu), 0.08 min (real)
Generate toy 127/250

 -- MarkovChainMC -- 
Limit: r < 0.455294 +/- 0.00490917 @ 95% credibility (15 tries)
Done in 0.11 min (cpu), 0.11 min (real)
Generate toy 128/250

 -- MarkovChainMC -- 
Limit: r < 0.489756 +/- 0.0016838 @ 95% credibility (15 tries)
Done in 0.12 min (cpu), 0.12 min (real)
Generate toy 129/250

 -- MarkovChainMC -- 
Limit: r < 0.400745 +/- 0.00556802 @ 95% credibility (15 tries)
Done in 0.11 min (cpu), 0.11 min (real)
Generate toy 130/250

 -- MarkovChainMC -- 
Limit: r < 0.391337 +/- 0.00485355 @ 95% credibility (15 tries)
Done in 0.10 min (cpu), 0.10 min (real)
Generate toy 131/250

 -- MarkovChainMC -- 
Limit: r < 0.384194 +/- 0.00315042 @ 95% credibility (15 tries)
Done in 0.10 min (cpu), 0.10 min (real)
Generate toy 132/250

 -- MarkovChainMC -- 
Limit: r < 0.436017 +/- 0.0038925 @ 95% credibility (15 tries)
Done in 0.07 min (cpu), 0.08 min (real)
Generate toy 133/250

 -- MarkovChainMC -- 
Limit: r < 0.365692 +/- 0.00489139 @ 95% credibility (15 tries)
Done in 0.09 min (cpu), 0.09 min (real)
Generate toy 134/250

 -- MarkovChainMC -- 
Limit: r < 0.889931 +/- 0.00266749 @ 95% credibility (15 tries)
Done in 0.13 min (cpu), 0.14 min (real)
Generate toy 135/250

 -- MarkovChainMC -- 
Limit: r < 0.601599 +/- 0.00582384 @ 95% credibility (15 tries)
Done in 0.10 min (cpu), 0.10 min (real)
Generate toy 136/250

 -- MarkovChainMC -- 
Limit: r < 0.534761 +/- 0.00265001 @ 95% credibility (15 tries)
Done in 0.08 min (cpu), 0.08 min (real)
Generate toy 137/250

 -- MarkovChainMC -- 
Limit: r < 0.639255 +/- 0.00603925 @ 95% credibility (15 tries)
Done in 0.07 min (cpu), 0.07 min (real)
Generate toy 138/250

 -- MarkovChainMC -- 
Limit: r < 0.495367 +/- 0.00475495 @ 95% credibility (15 tries)
Done in 0.09 min (cpu), 0.09 min (real)
Generate toy 139/250

 -- MarkovChainMC -- 
Limit: r < 0.339985 +/- 0.00240097 @ 95% credibility (15 tries)
Done in 0.10 min (cpu), 0.10 min (real)
Generate toy 140/250

 -- MarkovChainMC -- 
Limit: r < 0.393998 +/- 0.00339363 @ 95% credibility (15 tries)
Done in 0.08 min (cpu), 0.08 min (real)
Generate toy 141/250

 -- MarkovChainMC -- 
Limit: r < 0.483493 +/- 0.00240639 @ 95% credibility (15 tries)
Done in 0.09 min (cpu), 0.09 min (real)
Generate toy 142/250

 -- MarkovChainMC -- 
Limit: r < 0.298732 +/- 0.00416184 @ 95% credibility (15 tries)
Done in 0.11 min (cpu), 0.11 min (real)
Generate toy 143/250

 -- MarkovChainMC -- 
Limit: r < 0.27419 +/- 0.00270351 @ 95% credibility (15 tries)
Done in 0.08 min (cpu), 0.08 min (real)
Generate toy 144/250

 -- MarkovChainMC -- 
Limit: r < 0.269003 +/- 0.00329261 @ 95% credibility (15 tries)
Done in 0.06 min (cpu), 0.07 min (real)
Generate toy 145/250

 -- MarkovChainMC -- 
Limit: r < 0.40639 +/- 0.00212254 @ 95% credibility (15 tries)
Done in 0.07 min (cpu), 0.07 min (real)
Generate toy 146/250

 -- MarkovChainMC -- 
Limit: r < 0.363912 +/- 0.00260039 @ 95% credibility (15 tries)
Done in 0.07 min (cpu), 0.07 min (real)
Generate toy 147/250

 -- MarkovChainMC -- 
Limit: r < 0.516698 +/- 0.00531323 @ 95% credibility (15 tries)
Done in 0.08 min (cpu), 0.08 min (real)
Generate toy 148/250

 -- MarkovChainMC -- 
Limit: r < 0.590928 +/- 0.00358076 @ 95% credibility (15 tries)
Done in 0.10 min (cpu), 0.10 min (real)
Generate toy 149/250

 -- MarkovChainMC -- 
Limit: r < 0.992929 +/- 0.0043044 @ 95% credibility (15 tries)
Done in 0.08 min (cpu), 0.08 min (real)
Generate toy 150/250

 -- MarkovChainMC -- 
Limit: r < 0.41212 +/- 0.00373868 @ 95% credibility (15 tries)
Done in 0.11 min (cpu), 0.11 min (real)
Generate toy 151/250

 -- MarkovChainMC -- 
Limit: r < 0.411674 +/- 0.00511994 @ 95% credibility (15 tries)
Done in 0.08 min (cpu), 0.08 min (real)
Generate toy 152/250

 -- MarkovChainMC -- 
Limit: r < 0.372926 +/- 0.00342051 @ 95% credibility (15 tries)
Done in 0.08 min (cpu), 0.08 min (real)
Generate toy 153/250

 -- MarkovChainMC -- 
Limit: r < 0.569181 +/- 0.00467847 @ 95% credibility (15 tries)
Done in 0.08 min (cpu), 0.08 min (real)
Generate toy 154/250

 -- MarkovChainMC -- 
Limit: r < 0.572499 +/- 0.00518079 @ 95% credibility (15 tries)
Done in 0.08 min (cpu), 0.08 min (real)
Generate toy 155/250

 -- MarkovChainMC -- 
Limit: r < 0.354412 +/- 0.00363357 @ 95% credibility (15 tries)
Done in 0.08 min (cpu), 0.08 min (real)
Generate toy 156/250

 -- MarkovChainMC -- 
Limit: r < 0.316443 +/- 0.00386082 @ 95% credibility (15 tries)
Done in 0.09 min (cpu), 0.09 min (real)
Generate toy 157/250

 -- MarkovChainMC -- 
Limit: r < 0.686492 +/- 0.0054226 @ 95% credibility (15 tries)
Done in 0.08 min (cpu), 0.08 min (real)
Generate toy 158/250

 -- MarkovChainMC -- 
Limit: r < 0.967911 +/- 0.00469021 @ 95% credibility (15 tries)
Done in 0.08 min (cpu), 0.08 min (real)
Generate toy 159/250

 -- MarkovChainMC -- 
Limit: r < 0.535573 +/- 0.00356444 @ 95% credibility (15 tries)
Done in 0.10 min (cpu), 0.10 min (real)
Generate toy 160/250

 -- MarkovChainMC -- 
Limit: r < 0.356948 +/- 0.00319276 @ 95% credibility (15 tries)
Done in 0.12 min (cpu), 0.12 min (real)
Generate toy 161/250

 -- MarkovChainMC -- 
Limit: r < 0.837881 +/- 0.00442911 @ 95% credibility (15 tries)
Done in 0.10 min (cpu), 0.10 min (real)
Generate toy 162/250

 -- MarkovChainMC -- 
Limit: r < 0.360621 +/- 0.00310949 @ 95% credibility (15 tries)
Done in 0.08 min (cpu), 0.08 min (real)
Generate toy 163/250

 -- MarkovChainMC -- 
Limit: r < 0.466912 +/- 0.00250707 @ 95% credibility (15 tries)
Done in 0.07 min (cpu), 0.07 min (real)
Generate toy 164/250

 -- MarkovChainMC -- 
Limit: r < 0.549141 +/- 0.00724715 @ 95% credibility (15 tries)
Done in 0.08 min (cpu), 0.08 min (real)
Generate toy 165/250

 -- MarkovChainMC -- 
Limit: r < 0.463684 +/- 0.00518177 @ 95% credibility (15 tries)
Done in 0.07 min (cpu), 0.07 min (real)
Generate toy 166/250

 -- MarkovChainMC -- 
Limit: r < 0.388368 +/- 0.00442717 @ 95% credibility (15 tries)
Done in 0.09 min (cpu), 0.09 min (real)
Generate toy 167/250

 -- MarkovChainMC -- 
Limit: r < 0.298656 +/- 0.000942001 @ 95% credibility (15 tries)
Done in 0.08 min (cpu), 0.08 min (real)
Generate toy 168/250

 -- MarkovChainMC -- 
Limit: r < 0.624483 +/- 0.0066002 @ 95% credibility (15 tries)
Done in 0.09 min (cpu), 0.09 min (real)
Generate toy 169/250

 -- MarkovChainMC -- 
Limit: r < 0.438288 +/- 0.00387758 @ 95% credibility (15 tries)
Done in 0.07 min (cpu), 0.08 min (real)
Generate toy 170/250

 -- MarkovChainMC -- 
Limit: r < 0.418582 +/- 0.00388664 @ 95% credibility (15 tries)
Done in 0.07 min (cpu), 0.07 min (real)
Generate toy 171/250

 -- MarkovChainMC -- 
Limit: r < 0.515582 +/- 0.00614098 @ 95% credibility (15 tries)
Done in 0.08 min (cpu), 0.08 min (real)
Generate toy 172/250

 -- MarkovChainMC -- 
Limit: r < 0.577065 +/- 0.00509021 @ 95% credibility (15 tries)
Done in 0.08 min (cpu), 0.08 min (real)
Generate toy 173/250

 -- MarkovChainMC -- 
Limit: r < 0.564984 +/- 0.00529799 @ 95% credibility (15 tries)
Done in 0.08 min (cpu), 0.08 min (real)
Generate toy 174/250

 -- MarkovChainMC -- 
Limit: r < 0.593524 +/- 0.00218701 @ 95% credibility (15 tries)
Done in 0.09 min (cpu), 0.09 min (real)
Generate toy 175/250

 -- MarkovChainMC -- 
Limit: r < 0.521266 +/- 0.00395467 @ 95% credibility (15 tries)
Done in 0.08 min (cpu), 0.08 min (real)
Generate toy 176/250

 -- MarkovChainMC -- 
Limit: r < 0.639617 +/- 0.00538248 @ 95% credibility (15 tries)
Done in 0.08 min (cpu), 0.08 min (real)
Generate toy 177/250

 -- MarkovChainMC -- 
Limit: r < 0.293905 +/- 0.00239387 @ 95% credibility (15 tries)
Done in 0.07 min (cpu), 0.07 min (real)
Generate toy 178/250

 -- MarkovChainMC -- 
Limit: r < 0.341045 +/- 0.00300421 @ 95% credibility (15 tries)
Done in 0.08 min (cpu), 0.08 min (real)
Generate toy 179/250

 -- MarkovChainMC -- 
Limit: r < 0.730039 +/- 0.00376057 @ 95% credibility (15 tries)
Done in 0.09 min (cpu), 0.09 min (real)
Generate toy 180/250

 -- MarkovChainMC -- 
Limit: r < 0.276497 +/- 0.00254398 @ 95% credibility (15 tries)
Done in 0.07 min (cpu), 0.08 min (real)
Generate toy 181/250

 -- MarkovChainMC -- 
Limit: r < 0.561999 +/- 0.00306417 @ 95% credibility (15 tries)
Done in 0.09 min (cpu), 0.09 min (real)
Generate toy 182/250

 -- MarkovChainMC -- 
Limit: r < 0.410067 +/- 0.00571856 @ 95% credibility (15 tries)
Done in 0.08 min (cpu), 0.08 min (real)
Generate toy 183/250

 -- MarkovChainMC -- 
Limit: r < 0.385367 +/- 0.00327161 @ 95% credibility (15 tries)
Done in 0.11 min (cpu), 0.11 min (real)
Generate toy 184/250

 -- MarkovChainMC -- 
Limit: r < 0.259675 +/- 0.00322123 @ 95% credibility (15 tries)
Done in 0.11 min (cpu), 0.11 min (real)
Generate toy 185/250

 -- MarkovChainMC -- 
Limit: r < 0.617964 +/- 0.00417787 @ 95% credibility (15 tries)
Done in 0.11 min (cpu), 0.11 min (real)
Generate toy 186/250

 -- MarkovChainMC -- 
Limit: r < 0.623577 +/- 0.00222277 @ 95% credibility (15 tries)
Done in 0.08 min (cpu), 0.08 min (real)
Generate toy 187/250

 -- MarkovChainMC -- 
Limit: r < 0.47655 +/- 0.00548879 @ 95% credibility (15 tries)
Done in 0.09 min (cpu), 0.09 min (real)
Generate toy 188/250

 -- MarkovChainMC -- 
Limit: r < 0.450964 +/- 0.00411974 @ 95% credibility (15 tries)
Done in 0.10 min (cpu), 0.10 min (real)
Generate toy 189/250

 -- MarkovChainMC -- 
Limit: r < 0.640929 +/- 0.00417918 @ 95% credibility (15 tries)
Done in 0.09 min (cpu), 0.09 min (real)
Generate toy 190/250

 -- MarkovChainMC -- 
Limit: r < 0.629862 +/- 0.00529305 @ 95% credibility (15 tries)
Done in 0.10 min (cpu), 0.10 min (real)
Generate toy 191/250

 -- MarkovChainMC -- 
Limit: r < 0.313141 +/- 0.00299486 @ 95% credibility (15 tries)
Done in 0.08 min (cpu), 0.08 min (real)
Generate toy 192/250

 -- MarkovChainMC -- 
Limit: r < 0.417847 +/- 0.00297333 @ 95% credibility (15 tries)
Done in 0.10 min (cpu), 0.10 min (real)
Generate toy 193/250

 -- MarkovChainMC -- 
Limit: r < 0.457911 +/- 0.00385018 @ 95% credibility (15 tries)
Done in 0.11 min (cpu), 0.11 min (real)
Generate toy 194/250

 -- MarkovChainMC -- 
Limit: r < 0.24933 +/- 0.003823 @ 95% credibility (15 tries)
Done in 0.10 min (cpu), 0.10 min (real)
Generate toy 195/250

 -- MarkovChainMC -- 
Limit: r < 0.563192 +/- 0.00267283 @ 95% credibility (15 tries)
Done in 0.11 min (cpu), 0.11 min (real)
Generate toy 196/250

 -- MarkovChainMC -- 
Limit: r < 0.813174 +/- 0.00623864 @ 95% credibility (15 tries)
Done in 0.11 min (cpu), 0.11 min (real)
Generate toy 197/250

 -- MarkovChainMC -- 
Limit: r < 0.252326 +/- 0.00369405 @ 95% credibility (15 tries)
Done in 0.08 min (cpu), 0.09 min (real)
Generate toy 198/250

 -- MarkovChainMC -- 
Limit: r < 0.464395 +/- 0.00244425 @ 95% credibility (15 tries)
Done in 0.10 min (cpu), 0.10 min (real)
Generate toy 199/250

 -- MarkovChainMC -- 
Limit: r < 0.460668 +/- 0.0017471 @ 95% credibility (15 tries)
Done in 0.12 min (cpu), 0.12 min (real)
Generate toy 200/250

 -- MarkovChainMC -- 
Limit: r < 0.31915 +/- 0.00420568 @ 95% credibility (15 tries)
Done in 0.11 min (cpu), 0.11 min (real)
Generate toy 201/250

 -- MarkovChainMC -- 
Limit: r < 0.387498 +/- 0.0038663 @ 95% credibility (15 tries)
Done in 0.11 min (cpu), 0.11 min (real)
Generate toy 202/250

 -- MarkovChainMC -- 
Limit: r < 0.395256 +/- 0.00322109 @ 95% credibility (15 tries)
Done in 0.10 min (cpu), 0.10 min (real)
Generate toy 203/250

 -- MarkovChainMC -- 
Limit: r < 0.38052 +/- 0.00331246 @ 95% credibility (15 tries)
Done in 0.10 min (cpu), 0.10 min (real)
Generate toy 204/250

 -- MarkovChainMC -- 
Limit: r < 0.340204 +/- 0.00366611 @ 95% credibility (15 tries)
Done in 0.10 min (cpu), 0.10 min (real)
Generate toy 205/250

 -- MarkovChainMC -- 
Limit: r < 0.446106 +/- 0.0041419 @ 95% credibility (15 tries)
Done in 0.10 min (cpu), 0.10 min (real)
Generate toy 206/250

 -- MarkovChainMC -- 
Limit: r < 0.710951 +/- 0.00333531 @ 95% credibility (15 tries)
Done in 0.09 min (cpu), 0.09 min (real)
Generate toy 207/250

 -- MarkovChainMC -- 
Limit: r < 0.444359 +/- 0.00469375 @ 95% credibility (15 tries)
Done in 0.08 min (cpu), 0.08 min (real)
Generate toy 208/250

 -- MarkovChainMC -- 
Limit: r < 0.531078 +/- 0.00447098 @ 95% credibility (15 tries)
Done in 0.08 min (cpu), 0.08 min (real)
Generate toy 209/250

 -- MarkovChainMC -- 
Limit: r < 0.412951 +/- 0.00422618 @ 95% credibility (15 tries)
Done in 0.08 min (cpu), 0.08 min (real)
Generate toy 210/250

 -- MarkovChainMC -- 
Limit: r < 0.39525 +/- 0.00214402 @ 95% credibility (15 tries)
Done in 0.12 min (cpu), 0.12 min (real)
Generate toy 211/250

 -- MarkovChainMC -- 
Limit: r < 0.226569 +/- 0.00141265 @ 95% credibility (15 tries)
Done in 0.11 min (cpu), 0.11 min (real)
Generate toy 212/250

 -- MarkovChainMC -- 
Limit: r < 0.633354 +/- 0.00346372 @ 95% credibility (15 tries)
Done in 0.13 min (cpu), 0.13 min (real)
Generate toy 213/250

 -- MarkovChainMC -- 
Limit: r < 0.653294 +/- 0.00429457 @ 95% credibility (15 tries)
Done in 0.12 min (cpu), 0.12 min (real)
Generate toy 214/250

 -- MarkovChainMC -- 
Limit: r < 0.383411 +/- 0.00239636 @ 95% credibility (15 tries)
Done in 0.09 min (cpu), 0.09 min (real)
Generate toy 215/250

 -- MarkovChainMC -- 
Limit: r < 0.870957 +/- 0.00675023 @ 95% credibility (15 tries)
Done in 0.08 min (cpu), 0.09 min (real)
Generate toy 216/250

 -- MarkovChainMC -- 
Limit: r < 0.498127 +/- 0.00263225 @ 95% credibility (15 tries)
Done in 0.08 min (cpu), 0.08 min (real)
Generate toy 217/250

 -- MarkovChainMC -- 
Limit: r < 0.354803 +/- 0.00364067 @ 95% credibility (15 tries)
Done in 0.08 min (cpu), 0.08 min (real)
Generate toy 218/250

 -- MarkovChainMC -- 
Limit: r < 0.857039 +/- 0.00369716 @ 95% credibility (15 tries)
Done in 0.08 min (cpu), 0.09 min (real)
Generate toy 219/250

 -- MarkovChainMC -- 
Limit: r < 0.424441 +/- 0.00492497 @ 95% credibility (15 tries)
Done in 0.08 min (cpu), 0.08 min (real)
Generate toy 220/250

 -- MarkovChainMC -- 
Limit: r < 0.576841 +/- 0.00728811 @ 95% credibility (15 tries)
Done in 0.11 min (cpu), 0.11 min (real)
Generate toy 221/250

 -- MarkovChainMC -- 
Limit: r < 0.498957 +/- 0.00301601 @ 95% credibility (15 tries)
Done in 0.12 min (cpu), 0.12 min (real)
Generate toy 222/250

 -- MarkovChainMC -- 
Limit: r < 0.80366 +/- 0.00258652 @ 95% credibility (15 tries)
Done in 0.12 min (cpu), 0.12 min (real)
Generate toy 223/250

 -- MarkovChainMC -- 
Limit: r < 0.558734 +/- 0.00580983 @ 95% credibility (15 tries)
Done in 0.12 min (cpu), 0.12 min (real)
Generate toy 224/250

 -- MarkovChainMC -- 
Limit: r < 0.336375 +/- 0.00156714 @ 95% credibility (15 tries)
Done in 0.11 min (cpu), 0.11 min (real)
Generate toy 225/250

 -- MarkovChainMC -- 
Limit: r < 0.403501 +/- 0.00428744 @ 95% credibility (15 tries)
Done in 0.11 min (cpu), 0.11 min (real)
Generate toy 226/250

 -- MarkovChainMC -- 
Limit: r < 0.528225 +/- 0.00349146 @ 95% credibility (15 tries)
Done in 0.11 min (cpu), 0.11 min (real)
Generate toy 227/250

 -- MarkovChainMC -- 
Limit: r < 0.775934 +/- 0.00346301 @ 95% credibility (15 tries)
Done in 0.11 min (cpu), 0.11 min (real)
Generate toy 228/250

 -- MarkovChainMC -- 
Limit: r < 0.564277 +/- 0.00549356 @ 95% credibility (15 tries)
Done in 0.09 min (cpu), 0.09 min (real)
Generate toy 229/250

 -- MarkovChainMC -- 
Limit: r < 0.299564 +/- 0.00325655 @ 95% credibility (15 tries)
Done in 0.10 min (cpu), 0.10 min (real)
Generate toy 230/250

 -- MarkovChainMC -- 
Limit: r < 0.598434 +/- 0.00568326 @ 95% credibility (15 tries)
Done in 0.11 min (cpu), 0.11 min (real)
Generate toy 231/250

 -- MarkovChainMC -- 
Limit: r < 0.567652 +/- 0.00378139 @ 95% credibility (15 tries)
Done in 0.11 min (cpu), 0.11 min (real)
Generate toy 232/250

 -- MarkovChainMC -- 
Limit: r < 0.477486 +/- 0.00489802 @ 95% credibility (15 tries)
Done in 0.11 min (cpu), 0.11 min (real)
Generate toy 233/250

 -- MarkovChainMC -- 
Limit: r < 0.408866 +/- 0.00310979 @ 95% credibility (15 tries)
Done in 0.08 min (cpu), 0.08 min (real)
Generate toy 234/250

 -- MarkovChainMC -- 
Limit: r < 0.523029 +/- 0.0029243 @ 95% credibility (15 tries)
Done in 0.09 min (cpu), 0.09 min (real)
Generate toy 235/250

 -- MarkovChainMC -- 
Limit: r < 0.327411 +/- 0.00190698 @ 95% credibility (15 tries)
Done in 0.10 min (cpu), 0.10 min (real)
Generate toy 236/250

 -- MarkovChainMC -- 
Limit: r < 0.353644 +/- 0.00318151 @ 95% credibility (15 tries)
Done in 0.10 min (cpu), 0.10 min (real)
Generate toy 237/250

 -- MarkovChainMC -- 
Limit: r < 0.559826 +/- 0.00472055 @ 95% credibility (15 tries)
Done in 0.09 min (cpu), 0.10 min (real)
Generate toy 238/250

 -- MarkovChainMC -- 
Limit: r < 0.524624 +/- 0.00342117 @ 95% credibility (15 tries)
Done in 0.11 min (cpu), 0.11 min (real)
Generate toy 239/250

 -- MarkovChainMC -- 
Limit: r < 0.737351 +/- 0.00627534 @ 95% credibility (15 tries)
Done in 0.12 min (cpu), 0.12 min (real)
Generate toy 240/250

 -- MarkovChainMC -- 
Limit: r < 0.50911 +/- 0.00139739 @ 95% credibility (15 tries)
Done in 0.08 min (cpu), 0.08 min (real)
Generate toy 241/250

 -- MarkovChainMC -- 
Limit: r < 0.267284 +/- 0.00375816 @ 95% credibility (15 tries)
Done in 0.10 min (cpu), 0.10 min (real)
Generate toy 242/250

 -- MarkovChainMC -- 
Limit: r < 0.319038 +/- 0.0021162 @ 95% credibility (15 tries)
Done in 0.12 min (cpu), 0.12 min (real)
Generate toy 243/250

 -- MarkovChainMC -- 
Limit: r < 0.359763 +/- 0.00404505 @ 95% credibility (15 tries)
Done in 0.12 min (cpu), 0.12 min (real)
Generate toy 244/250

 -- MarkovChainMC -- 
Limit: r < 0.249414 +/- 0.00281169 @ 95% credibility (15 tries)
Done in 0.08 min (cpu), 0.08 min (real)
Generate toy 245/250

 -- MarkovChainMC -- 
Limit: r < 0.395955 +/- 0.00376553 @ 95% credibility (15 tries)
Done in 0.10 min (cpu), 0.10 min (real)
Generate toy 246/250

 -- MarkovChainMC -- 
Limit: r < 0.385378 +/- 0.00306587 @ 95% credibility (15 tries)
Done in 0.08 min (cpu), 0.08 min (real)
Generate toy 247/250

 -- MarkovChainMC -- 
Limit: r < 0.494861 +/- 0.0056182 @ 95% credibility (15 tries)
Done in 0.08 min (cpu), 0.08 min (real)
Generate toy 248/250

 -- MarkovChainMC -- 
Limit: r < 0.518381 +/- 0.00298615 @ 95% credibility (15 tries)
Done in 0.11 min (cpu), 0.11 min (real)
Generate toy 249/250

 -- MarkovChainMC -- 
Limit: r < 0.386578 +/- 0.00157223 @ 95% credibility (15 tries)
Done in 0.10 min (cpu), 0.11 min (real)
Generate toy 250/250

 -- MarkovChainMC -- 
Limit: r < 0.43928 +/- 0.00448326 @ 95% credibility (15 tries)
Done in 0.10 min (cpu), 0.10 min (real)
mean   expected limit: r < 0.471763 +/- 0.00986669 @ 95%CL (250 toyMC)
median expected limit: r < 0.452968 @ 95%CL (250 toyMC)
   68% expected band : 0.317378 < r < 0.603201
   95% expected band : 0.259675 < r < 0.870957
