 <<< Combine >>> 
 <<< v10.0.2 >>>
>>> Used OpenSSL to get a truly random seed -1287980468
>>> Method used is MarkovChainMC
============================================================
Analyzing bin errors for: prop_binmuon_channel
Poisson cut-off: 10
Processes excluded for sums: Wprime6000_kR0.01
============================================================
Bin        Contents        Error           Notes                         
0          5489.010762     14.389572       total sum                     
0          5489.009974     14.389572       excluding marked processes    
0          145510.000000   381.457730      Unweighted events, alpha=0.037723
  => Total parameter prop_binmuon_channel_bin0[0.00,-7.00,7.00] to be Gaussian constrained
------------------------------------------------------------
1          2091.471198     7.507819        total sum                     
1          2091.469679     7.507819        excluding marked processes    
1          77602.000000    278.571355      Unweighted events, alpha=0.026951
  => Total parameter prop_binmuon_channel_bin1[0.00,-7.00,7.00] to be Gaussian constrained
------------------------------------------------------------
2          925.287269      5.743251        total sum                     
2          925.287269      5.743251        excluding marked processes    
2          25956.000000    161.108659      Unweighted events, alpha=0.035648
  => Total parameter prop_binmuon_channel_bin2[0.00,-7.00,7.00] to be Gaussian constrained
------------------------------------------------------------
3          462.720799      3.622083        total sum                     
3          462.717279      3.622082        excluding marked processes    
3          16320.000000    127.749755      Unweighted events, alpha=0.028353
  => Total parameter prop_binmuon_channel_bin3[0.00,-7.00,7.00] to be Gaussian constrained
------------------------------------------------------------
4          240.231235      1.533811        total sum                     
4          240.228093      1.533810        excluding marked processes    
4          24530.000000    156.620561      Unweighted events, alpha=0.009793
  => Total parameter prop_binmuon_channel_bin4[0.00,-7.00,7.00] to be Gaussian constrained
------------------------------------------------------------
5          139.124915      1.742910        total sum                     
5          139.121722      1.742909        excluding marked processes    
5          6371.000000     79.818544       Unweighted events, alpha=0.021837
  => Total parameter prop_binmuon_channel_bin5[0.00,-7.00,7.00] to be Gaussian constrained
------------------------------------------------------------
6          132.813368      1.064646        total sum                     
6          132.798509      1.064641        excluding marked processes    
6          15559.000000    124.735721      Unweighted events, alpha=0.008536
  => Total parameter prop_binmuon_channel_bin6[0.00,-7.00,7.00] to be Gaussian constrained
------------------------------------------------------------
7          51.919820       0.721654        total sum                     
7          51.876344       0.721630        excluding marked processes    
7          5168.000000     71.888803       Unweighted events, alpha=0.010046
  => Total parameter prop_binmuon_channel_bin7[0.00,-7.00,7.00] to be Gaussian constrained
------------------------------------------------------------
8          29.482298       0.468989        total sum                     
8          29.337675       0.468872        excluding marked processes    
8          3915.000000     62.569961       Unweighted events, alpha=0.007531
  => Total parameter prop_binmuon_channel_bin8[0.00,-7.00,7.00] to be Gaussian constrained
------------------------------------------------------------
9          10.239408       0.334871        total sum                     
9          9.941359        0.334523        excluding marked processes    
9          883.000000      29.715316       Unweighted events, alpha=0.011596
  => Total parameter prop_binmuon_channel_bin9[0.00,-7.00,7.00] to be Gaussian constrained
------------------------------------------------------------
10         4.819995        0.107975        total sum                     
10         4.165375        0.105525        excluding marked processes    
10         1558.000000     39.471509       Unweighted events, alpha=0.003094
  => Total parameter prop_binmuon_channel_bin10[0.00,-7.00,7.00] to be Gaussian constrained
------------------------------------------------------------
11         3.405321        0.221218        total sum                     
11         1.762132        0.218174        excluding marked processes    
11         65.000000       8.062258        Unweighted events, alpha=0.052390
  => Total parameter prop_binmuon_channel_bin11[0.00,-7.00,7.00] to be Gaussian constrained
------------------------------------------------------------
12         2.588680        0.045282        total sum                     
12         0.276349        0.001778        excluding marked processes    
12         24153.000000    155.412355      Unweighted events, alpha=0.000107
  => Total parameter prop_binmuon_channel_bin12[0.00,-7.00,7.00] to be Gaussian constrained
------------------------------------------------------------
13         7.415373        0.078138        total sum                     
13         0.085750        0.001214        excluding marked processes    
13         4991.000000     70.647010       Unweighted events, alpha=0.001486
  => Total parameter prop_binmuon_channel_bin13[0.00,-7.00,7.00] to be Gaussian constrained
------------------------------------------------------------
14         7.847572        0.080653        total sum                     
14         0.007105        0.001511        excluding marked processes    
14         22.000000       4.690416        Unweighted events, alpha=0.356708
  => Total parameter prop_binmuon_channel_bin14[0.00,-7.00,7.00] to be Gaussian constrained
------------------------------------------------------------
15         2.304817        0.044106        total sum                     
15         0.001078        0.000054        excluding marked processes    
15         404.000000      20.099751       Unweighted events, alpha=0.005705
  => Total parameter prop_binmuon_channel_bin15[0.00,-7.00,7.00] to be Gaussian constrained
------------------------------------------------------------
Channel muon_channel will use autoMCStats with settings: event-threshold=10, include-signal=0, hist-mode=1
Generate toy 1/250

 -- MarkovChainMC -- 
Limit: r < 0.211999 +/- 0.00192561 @ 95% credibility (15 tries)
Done in 0.10 min (cpu), 0.10 min (real)
Generate toy 2/250

 -- MarkovChainMC -- 
Limit: r < 0.187636 +/- 0.00282388 @ 95% credibility (15 tries)
Done in 0.10 min (cpu), 0.10 min (real)
Generate toy 3/250

 -- MarkovChainMC -- 
Limit: r < 0.152848 +/- 0.00283843 @ 95% credibility (15 tries)
Done in 0.10 min (cpu), 0.10 min (real)
Generate toy 4/250

 -- MarkovChainMC -- 
Limit: r < 0.153152 +/- 0.00301477 @ 95% credibility (15 tries)
Done in 0.10 min (cpu), 0.10 min (real)
Generate toy 5/250

 -- MarkovChainMC -- 
Limit: r < 0.147279 +/- 0.00209971 @ 95% credibility (15 tries)
Done in 0.10 min (cpu), 0.10 min (real)
Generate toy 6/250

 -- MarkovChainMC -- 
Limit: r < 0.195083 +/- 0.00325164 @ 95% credibility (15 tries)
Done in 0.10 min (cpu), 0.10 min (real)
Generate toy 7/250

 -- MarkovChainMC -- 
Limit: r < 0.241578 +/- 0.0024692 @ 95% credibility (15 tries)
Done in 0.10 min (cpu), 0.10 min (real)
Generate toy 8/250

 -- MarkovChainMC -- 
Limit: r < 0.160062 +/- 0.00373919 @ 95% credibility (15 tries)
Done in 0.10 min (cpu), 0.10 min (real)
Generate toy 9/250

 -- MarkovChainMC -- 
Limit: r < 0.139534 +/- 0.00279444 @ 95% credibility (15 tries)
Done in 0.10 min (cpu), 0.10 min (real)
Generate toy 10/250

 -- MarkovChainMC -- 
Limit: r < 0.157633 +/- 0.00199981 @ 95% credibility (15 tries)
Done in 0.10 min (cpu), 0.10 min (real)
Generate toy 11/250

 -- MarkovChainMC -- 
Limit: r < 0.153529 +/- 0.00169148 @ 95% credibility (15 tries)
Done in 0.10 min (cpu), 0.10 min (real)
Generate toy 12/250

 -- MarkovChainMC -- 
Limit: r < 0.178619 +/- 0.00167421 @ 95% credibility (15 tries)
Done in 0.10 min (cpu), 0.10 min (real)
Generate toy 13/250

 -- MarkovChainMC -- 
Limit: r < 0.154223 +/- 0.00220492 @ 95% credibility (15 tries)
Done in 0.10 min (cpu), 0.10 min (real)
Generate toy 14/250

 -- MarkovChainMC -- 
Limit: r < 0.159779 +/- 0.0019614 @ 95% credibility (15 tries)
Done in 0.10 min (cpu), 0.10 min (real)
Generate toy 15/250

 -- MarkovChainMC -- 
Limit: r < 0.161225 +/- 0.00422239 @ 95% credibility (15 tries)
Done in 0.10 min (cpu), 0.10 min (real)
Generate toy 16/250

 -- MarkovChainMC -- 
Limit: r < 0.166472 +/- 0.00208448 @ 95% credibility (15 tries)
Done in 0.10 min (cpu), 0.10 min (real)
Generate toy 17/250

 -- MarkovChainMC -- 
Limit: r < 0.153598 +/- 0.00175734 @ 95% credibility (15 tries)
Done in 0.10 min (cpu), 0.10 min (real)
Generate toy 18/250

 -- MarkovChainMC -- 
Limit: r < 0.1804 +/- 0.00264209 @ 95% credibility (15 tries)
Done in 0.10 min (cpu), 0.10 min (real)
Generate toy 19/250

 -- MarkovChainMC -- 
Limit: r < 0.217002 +/- 0.0025172 @ 95% credibility (15 tries)
Done in 0.11 min (cpu), 0.11 min (real)
Generate toy 20/250

 -- MarkovChainMC -- 
Limit: r < 0.165925 +/- 0.00377599 @ 95% credibility (15 tries)
Done in 0.10 min (cpu), 0.10 min (real)
Generate toy 21/250

 -- MarkovChainMC -- 
Limit: r < 0.152254 +/- 0.00183082 @ 95% credibility (15 tries)
Done in 0.10 min (cpu), 0.10 min (real)
Generate toy 22/250

 -- MarkovChainMC -- 
Limit: r < 0.239724 +/- 0.00416152 @ 95% credibility (15 tries)
Done in 0.10 min (cpu), 0.11 min (real)
Generate toy 23/250

 -- MarkovChainMC -- 
Limit: r < 0.163313 +/- 0.00334066 @ 95% credibility (15 tries)
Done in 0.10 min (cpu), 0.10 min (real)
Generate toy 24/250

 -- MarkovChainMC -- 
Limit: r < 0.146118 +/- 0.00208534 @ 95% credibility (15 tries)
Done in 0.10 min (cpu), 0.10 min (real)
Generate toy 25/250

 -- MarkovChainMC -- 
Limit: r < 0.160051 +/- 0.00212849 @ 95% credibility (15 tries)
Done in 0.10 min (cpu), 0.10 min (real)
Generate toy 26/250

 -- MarkovChainMC -- 
Limit: r < 0.154445 +/- 0.00400827 @ 95% credibility (15 tries)
Done in 0.10 min (cpu), 0.10 min (real)
Generate toy 27/250

 -- MarkovChainMC -- 
Limit: r < 0.176412 +/- 0.00268026 @ 95% credibility (15 tries)
Done in 0.10 min (cpu), 0.10 min (real)
Generate toy 28/250

 -- MarkovChainMC -- 
Limit: r < 0.149244 +/- 0.00204599 @ 95% credibility (15 tries)
Done in 0.10 min (cpu), 0.10 min (real)
Generate toy 29/250

 -- MarkovChainMC -- 
Limit: r < 0.217337 +/- 0.00168155 @ 95% credibility (15 tries)
Done in 0.11 min (cpu), 0.11 min (real)
Generate toy 30/250

 -- MarkovChainMC -- 
Limit: r < 0.156212 +/- 0.00209954 @ 95% credibility (15 tries)
Done in 0.10 min (cpu), 0.10 min (real)
Generate toy 31/250

 -- MarkovChainMC -- 
Limit: r < 0.166927 +/- 0.00322312 @ 95% credibility (15 tries)
Done in 0.10 min (cpu), 0.10 min (real)
Generate toy 32/250

 -- MarkovChainMC -- 
Limit: r < 0.204149 +/- 0.00192341 @ 95% credibility (15 tries)
Done in 0.10 min (cpu), 0.10 min (real)
Generate toy 33/250

 -- MarkovChainMC -- 
Limit: r < 0.150464 +/- 0.0026539 @ 95% credibility (15 tries)
Done in 0.10 min (cpu), 0.10 min (real)
Generate toy 34/250

 -- MarkovChainMC -- 
Limit: r < 0.209591 +/- 0.00261662 @ 95% credibility (15 tries)
Done in 0.10 min (cpu), 0.10 min (real)
Generate toy 35/250

 -- MarkovChainMC -- 
Limit: r < 0.169394 +/- 0.0026149 @ 95% credibility (15 tries)
Done in 0.10 min (cpu), 0.10 min (real)
Generate toy 36/250

 -- MarkovChainMC -- 
Limit: r < 0.154106 +/- 0.00174211 @ 95% credibility (15 tries)
Done in 0.10 min (cpu), 0.10 min (real)
Generate toy 37/250

 -- MarkovChainMC -- 
Limit: r < 0.180905 +/- 0.00171078 @ 95% credibility (15 tries)
Done in 0.10 min (cpu), 0.10 min (real)
Generate toy 38/250

 -- MarkovChainMC -- 
Limit: r < 0.146443 +/- 0.0033661 @ 95% credibility (15 tries)
Done in 0.10 min (cpu), 0.10 min (real)
Generate toy 39/250

 -- MarkovChainMC -- 
Limit: r < 0.161577 +/- 0.00335692 @ 95% credibility (15 tries)
Done in 0.10 min (cpu), 0.10 min (real)
Generate toy 40/250

 -- MarkovChainMC -- 
Limit: r < 0.154809 +/- 0.00157543 @ 95% credibility (15 tries)
Done in 0.10 min (cpu), 0.10 min (real)
Generate toy 41/250

 -- MarkovChainMC -- 
Limit: r < 0.22446 +/- 0.00344237 @ 95% credibility (15 tries)
Done in 0.10 min (cpu), 0.10 min (real)
Generate toy 42/250

 -- MarkovChainMC -- 
Limit: r < 0.169617 +/- 0.00189608 @ 95% credibility (15 tries)
Done in 0.10 min (cpu), 0.10 min (real)
Generate toy 43/250

 -- MarkovChainMC -- 
Limit: r < 0.151855 +/- 0.00253347 @ 95% credibility (15 tries)
Done in 0.11 min (cpu), 0.11 min (real)
Generate toy 44/250

 -- MarkovChainMC -- 
Limit: r < 0.160123 +/- 0.00221142 @ 95% credibility (15 tries)
Done in 0.10 min (cpu), 0.11 min (real)
Generate toy 45/250

 -- MarkovChainMC -- 
Limit: r < 0.201316 +/- 0.00373236 @ 95% credibility (15 tries)
Done in 0.11 min (cpu), 0.11 min (real)
Generate toy 46/250

 -- MarkovChainMC -- 
Limit: r < 0.252624 +/- 0.00267688 @ 95% credibility (15 tries)
Done in 0.10 min (cpu), 0.10 min (real)
Generate toy 47/250

 -- MarkovChainMC -- 
Limit: r < 0.214572 +/- 0.00215154 @ 95% credibility (15 tries)
Done in 0.10 min (cpu), 0.10 min (real)
Generate toy 48/250

 -- MarkovChainMC -- 
Limit: r < 0.147705 +/- 0.00264334 @ 95% credibility (15 tries)
Done in 0.10 min (cpu), 0.10 min (real)
Generate toy 49/250

 -- MarkovChainMC -- 
Limit: r < 0.151791 +/- 0.00310245 @ 95% credibility (15 tries)
Done in 0.10 min (cpu), 0.11 min (real)
Generate toy 50/250

 -- MarkovChainMC -- 
Limit: r < 0.214201 +/- 0.0030006 @ 95% credibility (15 tries)
Done in 0.11 min (cpu), 0.11 min (real)
Generate toy 51/250

 -- MarkovChainMC -- 
Limit: r < 0.147277 +/- 0.003481 @ 95% credibility (15 tries)
Done in 0.10 min (cpu), 0.10 min (real)
Generate toy 52/250

 -- MarkovChainMC -- 
Limit: r < 0.13752 +/- 0.00237099 @ 95% credibility (15 tries)
Done in 0.10 min (cpu), 0.10 min (real)
Generate toy 53/250

 -- MarkovChainMC -- 
Limit: r < 0.147227 +/- 0.0024071 @ 95% credibility (15 tries)
Done in 0.10 min (cpu), 0.11 min (real)
Generate toy 54/250

 -- MarkovChainMC -- 
Limit: r < 0.177819 +/- 0.002277 @ 95% credibility (15 tries)
Done in 0.10 min (cpu), 0.10 min (real)
Generate toy 55/250

 -- MarkovChainMC -- 
Limit: r < 0.241958 +/- 0.0027619 @ 95% credibility (15 tries)
Done in 0.10 min (cpu), 0.11 min (real)
Generate toy 56/250

 -- MarkovChainMC -- 
Limit: r < 0.145015 +/- 0.00229171 @ 95% credibility (15 tries)
Done in 0.10 min (cpu), 0.10 min (real)
Generate toy 57/250

 -- MarkovChainMC -- 
Limit: r < 0.146588 +/- 0.00211821 @ 95% credibility (15 tries)
Done in 0.10 min (cpu), 0.10 min (real)
Generate toy 58/250

 -- MarkovChainMC -- 
Limit: r < 0.224291 +/- 0.00329 @ 95% credibility (15 tries)
Done in 0.10 min (cpu), 0.10 min (real)
Generate toy 59/250

 -- MarkovChainMC -- 
Limit: r < 0.149703 +/- 0.00279537 @ 95% credibility (15 tries)
Done in 0.10 min (cpu), 0.10 min (real)
Generate toy 60/250

 -- MarkovChainMC -- 
Limit: r < 0.148739 +/- 0.0029439 @ 95% credibility (15 tries)
Done in 0.10 min (cpu), 0.10 min (real)
Generate toy 61/250

 -- MarkovChainMC -- 
Limit: r < 0.144219 +/- 0.00318017 @ 95% credibility (15 tries)
Done in 0.10 min (cpu), 0.10 min (real)
Generate toy 62/250

 -- MarkovChainMC -- 
Limit: r < 0.166805 +/- 0.003986 @ 95% credibility (15 tries)
Done in 0.10 min (cpu), 0.10 min (real)
Generate toy 63/250

 -- MarkovChainMC -- 
Limit: r < 0.145191 +/- 0.00258981 @ 95% credibility (15 tries)
Done in 0.10 min (cpu), 0.10 min (real)
Generate toy 64/250

 -- MarkovChainMC -- 
Limit: r < 0.140964 +/- 0.00145439 @ 95% credibility (15 tries)
Done in 0.10 min (cpu), 0.11 min (real)
Generate toy 65/250

 -- MarkovChainMC -- 
Limit: r < 0.156189 +/- 0.00206761 @ 95% credibility (15 tries)
Done in 0.10 min (cpu), 0.10 min (real)
Generate toy 66/250

 -- MarkovChainMC -- 
Limit: r < 0.144299 +/- 0.0031324 @ 95% credibility (15 tries)
Done in 0.10 min (cpu), 0.10 min (real)
Generate toy 67/250

 -- MarkovChainMC -- 
Limit: r < 0.127764 +/- 0.00306327 @ 95% credibility (15 tries)
Done in 0.10 min (cpu), 0.10 min (real)
Generate toy 68/250

 -- MarkovChainMC -- 
Limit: r < 0.212432 +/- 0.00170193 @ 95% credibility (15 tries)
Done in 0.10 min (cpu), 0.10 min (real)
Generate toy 69/250

 -- MarkovChainMC -- 
Limit: r < 0.211367 +/- 0.00238267 @ 95% credibility (15 tries)
Done in 0.10 min (cpu), 0.11 min (real)
Generate toy 70/250

 -- MarkovChainMC -- 
Limit: r < 0.137694 +/- 0.00332278 @ 95% credibility (15 tries)
Done in 0.10 min (cpu), 0.10 min (real)
Generate toy 71/250

 -- MarkovChainMC -- 
Limit: r < 0.18967 +/- 0.00255252 @ 95% credibility (15 tries)
Done in 0.10 min (cpu), 0.10 min (real)
Generate toy 72/250

 -- MarkovChainMC -- 
Limit: r < 0.165971 +/- 0.00304627 @ 95% credibility (15 tries)
Done in 0.10 min (cpu), 0.10 min (real)
Generate toy 73/250

 -- MarkovChainMC -- 
Limit: r < 0.149203 +/- 0.00426171 @ 95% credibility (15 tries)
Done in 0.10 min (cpu), 0.10 min (real)
Generate toy 74/250

 -- MarkovChainMC -- 
Limit: r < 0.184607 +/- 0.00322894 @ 95% credibility (15 tries)
Done in 0.10 min (cpu), 0.11 min (real)
Generate toy 75/250

 -- MarkovChainMC -- 
Limit: r < 0.162714 +/- 0.00377129 @ 95% credibility (15 tries)
Done in 0.10 min (cpu), 0.10 min (real)
Generate toy 76/250

 -- MarkovChainMC -- 
Limit: r < 0.149503 +/- 0.00234677 @ 95% credibility (15 tries)
Done in 0.10 min (cpu), 0.10 min (real)
Generate toy 77/250

 -- MarkovChainMC -- 
Limit: r < 0.212653 +/- 0.00369869 @ 95% credibility (15 tries)
Done in 0.11 min (cpu), 0.11 min (real)
Generate toy 78/250

 -- MarkovChainMC -- 
Limit: r < 0.26918 +/- 0.00159694 @ 95% credibility (15 tries)
Done in 0.11 min (cpu), 0.11 min (real)
Generate toy 79/250

 -- MarkovChainMC -- 
Limit: r < 0.171416 +/- 0.00313103 @ 95% credibility (15 tries)
Done in 0.11 min (cpu), 0.11 min (real)
Generate toy 80/250

 -- MarkovChainMC -- 
Limit: r < 0.146071 +/- 0.00392735 @ 95% credibility (15 tries)
Done in 0.10 min (cpu), 0.10 min (real)
Generate toy 81/250

 -- MarkovChainMC -- 
Limit: r < 0.154032 +/- 0.00183533 @ 95% credibility (15 tries)
Done in 0.10 min (cpu), 0.10 min (real)
Generate toy 82/250

 -- MarkovChainMC -- 
Limit: r < 0.156443 +/- 0.00159149 @ 95% credibility (15 tries)
Done in 0.10 min (cpu), 0.10 min (real)
Generate toy 83/250

 -- MarkovChainMC -- 
Limit: r < 0.225682 +/- 0.00188341 @ 95% credibility (15 tries)
Done in 0.11 min (cpu), 0.11 min (real)
Generate toy 84/250

 -- MarkovChainMC -- 
Limit: r < 0.14688 +/- 0.0031898 @ 95% credibility (15 tries)
Done in 0.10 min (cpu), 0.10 min (real)
Generate toy 85/250

 -- MarkovChainMC -- 
Limit: r < 0.150814 +/- 0.00190411 @ 95% credibility (15 tries)
Done in 0.10 min (cpu), 0.10 min (real)
Generate toy 86/250

 -- MarkovChainMC -- 
Limit: r < 0.260627 +/- 0.00169282 @ 95% credibility (15 tries)
Done in 0.11 min (cpu), 0.11 min (real)
Generate toy 87/250

 -- MarkovChainMC -- 
Limit: r < 0.153182 +/- 0.00248299 @ 95% credibility (15 tries)
Done in 0.10 min (cpu), 0.10 min (real)
Generate toy 88/250

 -- MarkovChainMC -- 
Limit: r < 0.151862 +/- 0.00216293 @ 95% credibility (15 tries)
Done in 0.11 min (cpu), 0.11 min (real)
Generate toy 89/250

 -- MarkovChainMC -- 
Limit: r < 0.169028 +/- 0.00239317 @ 95% credibility (15 tries)
Done in 0.10 min (cpu), 0.10 min (real)
Generate toy 90/250

 -- MarkovChainMC -- 
Limit: r < 0.151275 +/- 0.00174774 @ 95% credibility (15 tries)
Done in 0.10 min (cpu), 0.10 min (real)
Generate toy 91/250

 -- MarkovChainMC -- 
Limit: r < 0.146372 +/- 0.00381172 @ 95% credibility (15 tries)
Done in 0.10 min (cpu), 0.10 min (real)
Generate toy 92/250

 -- MarkovChainMC -- 
Limit: r < 0.137605 +/- 0.00231661 @ 95% credibility (15 tries)
Done in 0.10 min (cpu), 0.10 min (real)
Generate toy 93/250

 -- MarkovChainMC -- 
Limit: r < 0.274013 +/- 0.00143437 @ 95% credibility (15 tries)
Done in 0.10 min (cpu), 0.10 min (real)
Generate toy 94/250

 -- MarkovChainMC -- 
Limit: r < 0.154372 +/- 0.00293285 @ 95% credibility (15 tries)
Done in 0.10 min (cpu), 0.10 min (real)
Generate toy 95/250

 -- MarkovChainMC -- 
Limit: r < 0.151989 +/- 0.00268356 @ 95% credibility (15 tries)
Done in 0.10 min (cpu), 0.10 min (real)
Generate toy 96/250

 -- MarkovChainMC -- 
Limit: r < 0.136222 +/- 0.00229117 @ 95% credibility (15 tries)
Done in 0.11 min (cpu), 0.11 min (real)
Generate toy 97/250

 -- MarkovChainMC -- 
Limit: r < 0.146579 +/- 0.00384406 @ 95% credibility (15 tries)
Done in 0.10 min (cpu), 0.10 min (real)
Generate toy 98/250

 -- MarkovChainMC -- 
Limit: r < 0.151133 +/- 0.00269867 @ 95% credibility (15 tries)
Done in 0.10 min (cpu), 0.10 min (real)
Generate toy 99/250

 -- MarkovChainMC -- 
Limit: r < 0.228026 +/- 0.00357292 @ 95% credibility (15 tries)
Done in 0.10 min (cpu), 0.10 min (real)
Generate toy 100/250

 -- MarkovChainMC -- 
Limit: r < 0.163595 +/- 0.0018454 @ 95% credibility (15 tries)
Done in 0.10 min (cpu), 0.10 min (real)
Generate toy 101/250

 -- MarkovChainMC -- 
Limit: r < 0.171153 +/- 0.00302278 @ 95% credibility (15 tries)
Done in 0.10 min (cpu), 0.10 min (real)
Generate toy 102/250

 -- MarkovChainMC -- 
Limit: r < 0.149308 +/- 0.00199092 @ 95% credibility (15 tries)
Done in 0.10 min (cpu), 0.10 min (real)
Generate toy 103/250

 -- MarkovChainMC -- 
Limit: r < 0.162715 +/- 0.0036365 @ 95% credibility (15 tries)
Done in 0.11 min (cpu), 0.11 min (real)
Generate toy 104/250

 -- MarkovChainMC -- 
Limit: r < 0.165903 +/- 0.00306869 @ 95% credibility (15 tries)
Done in 0.10 min (cpu), 0.10 min (real)
Generate toy 105/250

 -- MarkovChainMC -- 
Limit: r < 0.141979 +/- 0.00181759 @ 95% credibility (15 tries)
Done in 0.10 min (cpu), 0.11 min (real)
Generate toy 106/250

 -- MarkovChainMC -- 
Limit: r < 0.150649 +/- 0.00221193 @ 95% credibility (15 tries)
Done in 0.10 min (cpu), 0.10 min (real)
Generate toy 107/250

 -- MarkovChainMC -- 
Limit: r < 0.206232 +/- 0.0028256 @ 95% credibility (15 tries)
Done in 0.11 min (cpu), 0.11 min (real)
Generate toy 108/250

 -- MarkovChainMC -- 
Limit: r < 0.165782 +/- 0.00174021 @ 95% credibility (15 tries)
Done in 0.11 min (cpu), 0.11 min (real)
Generate toy 109/250

 -- MarkovChainMC -- 
Limit: r < 0.207683 +/- 0.00211671 @ 95% credibility (15 tries)
Done in 0.11 min (cpu), 0.11 min (real)
Generate toy 110/250

 -- MarkovChainMC -- 
Limit: r < 0.15879 +/- 0.00259102 @ 95% credibility (15 tries)
Done in 0.10 min (cpu), 0.10 min (real)
Generate toy 111/250

 -- MarkovChainMC -- 
Limit: r < 0.170998 +/- 0.00329273 @ 95% credibility (15 tries)
Done in 0.10 min (cpu), 0.10 min (real)
Generate toy 112/250

 -- MarkovChainMC -- 
Limit: r < 0.198313 +/- 0.00249356 @ 95% credibility (15 tries)
Done in 0.10 min (cpu), 0.10 min (real)
Generate toy 113/250

 -- MarkovChainMC -- 
Limit: r < 0.135646 +/- 0.00368966 @ 95% credibility (15 tries)
Done in 0.11 min (cpu), 0.11 min (real)
Generate toy 114/250

 -- MarkovChainMC -- 
Limit: r < 0.161773 +/- 0.00293847 @ 95% credibility (15 tries)
Done in 0.10 min (cpu), 0.10 min (real)
Generate toy 115/250

 -- MarkovChainMC -- 
Limit: r < 0.232121 +/- 0.00154403 @ 95% credibility (15 tries)
Done in 0.10 min (cpu), 0.10 min (real)
Generate toy 116/250

 -- MarkovChainMC -- 
Limit: r < 0.148408 +/- 0.00122048 @ 95% credibility (15 tries)
Done in 0.10 min (cpu), 0.10 min (real)
Generate toy 117/250

 -- MarkovChainMC -- 
Limit: r < 0.200962 +/- 0.00156668 @ 95% credibility (15 tries)
Done in 0.10 min (cpu), 0.11 min (real)
Generate toy 118/250

 -- MarkovChainMC -- 
Limit: r < 0.216033 +/- 0.00203727 @ 95% credibility (15 tries)
Done in 0.11 min (cpu), 0.11 min (real)
Generate toy 119/250

 -- MarkovChainMC -- 
Limit: r < 0.168808 +/- 0.00242999 @ 95% credibility (15 tries)
Done in 0.10 min (cpu), 0.10 min (real)
Generate toy 120/250

 -- MarkovChainMC -- 
Limit: r < 0.185387 +/- 0.00362838 @ 95% credibility (15 tries)
Done in 0.10 min (cpu), 0.10 min (real)
Generate toy 121/250

 -- MarkovChainMC -- 
Limit: r < 0.190188 +/- 0.00179644 @ 95% credibility (15 tries)
Done in 0.11 min (cpu), 0.11 min (real)
Generate toy 122/250

 -- MarkovChainMC -- 
Limit: r < 0.179217 +/- 0.00296547 @ 95% credibility (15 tries)
Done in 0.10 min (cpu), 0.10 min (real)
Generate toy 123/250

 -- MarkovChainMC -- 
Limit: r < 0.164149 +/- 0.0022427 @ 95% credibility (15 tries)
Done in 0.11 min (cpu), 0.11 min (real)
Generate toy 124/250

 -- MarkovChainMC -- 
Limit: r < 0.143855 +/- 0.00328517 @ 95% credibility (15 tries)
Done in 0.11 min (cpu), 0.11 min (real)
Generate toy 125/250

 -- MarkovChainMC -- 
Limit: r < 0.237182 +/- 0.00236651 @ 95% credibility (15 tries)
Done in 0.11 min (cpu), 0.11 min (real)
Generate toy 126/250

 -- MarkovChainMC -- 
Limit: r < 0.225847 +/- 0.0017287 @ 95% credibility (15 tries)
Done in 0.10 min (cpu), 0.11 min (real)
Generate toy 127/250

 -- MarkovChainMC -- 
Limit: r < 0.196529 +/- 0.00194993 @ 95% credibility (15 tries)
Done in 0.11 min (cpu), 0.11 min (real)
Generate toy 128/250

 -- MarkovChainMC -- 
Limit: r < 0.139132 +/- 0.00302024 @ 95% credibility (15 tries)
Done in 0.10 min (cpu), 0.10 min (real)
Generate toy 129/250

 -- MarkovChainMC -- 
Limit: r < 0.183269 +/- 0.00374235 @ 95% credibility (15 tries)
Done in 0.11 min (cpu), 0.11 min (real)
Generate toy 130/250

 -- MarkovChainMC -- 
Limit: r < 0.235218 +/- 0.00463737 @ 95% credibility (15 tries)
Done in 0.10 min (cpu), 0.10 min (real)
Generate toy 131/250

 -- MarkovChainMC -- 
Limit: r < 0.138212 +/- 0.00224887 @ 95% credibility (15 tries)
Done in 0.10 min (cpu), 0.11 min (real)
Generate toy 132/250

 -- MarkovChainMC -- 
Limit: r < 0.124332 +/- 0.00203357 @ 95% credibility (15 tries)
Done in 0.11 min (cpu), 0.11 min (real)
Generate toy 133/250

 -- MarkovChainMC -- 
Limit: r < 0.145419 +/- 0.00230216 @ 95% credibility (15 tries)
Done in 0.11 min (cpu), 0.11 min (real)
Generate toy 134/250

 -- MarkovChainMC -- 
Limit: r < 0.16093 +/- 0.00246395 @ 95% credibility (15 tries)
Done in 0.10 min (cpu), 0.10 min (real)
Generate toy 135/250

 -- MarkovChainMC -- 
Limit: r < 0.144331 +/- 0.00332355 @ 95% credibility (15 tries)
Done in 0.10 min (cpu), 0.10 min (real)
Generate toy 136/250

 -- MarkovChainMC -- 
Limit: r < 0.160388 +/- 0.00244627 @ 95% credibility (15 tries)
Done in 0.10 min (cpu), 0.10 min (real)
Generate toy 137/250

 -- MarkovChainMC -- 
Limit: r < 0.144535 +/- 0.00314034 @ 95% credibility (15 tries)
Done in 0.10 min (cpu), 0.11 min (real)
Generate toy 138/250

 -- MarkovChainMC -- 
Limit: r < 0.173619 +/- 0.00308473 @ 95% credibility (15 tries)
Done in 0.10 min (cpu), 0.10 min (real)
Generate toy 139/250

 -- MarkovChainMC -- 
Limit: r < 0.14058 +/- 0.00273719 @ 95% credibility (15 tries)
Done in 0.10 min (cpu), 0.10 min (real)
Generate toy 140/250

 -- MarkovChainMC -- 
Limit: r < 0.151528 +/- 0.00193322 @ 95% credibility (15 tries)
Done in 0.10 min (cpu), 0.10 min (real)
Generate toy 141/250

 -- MarkovChainMC -- 
Limit: r < 0.259962 +/- 0.00248403 @ 95% credibility (15 tries)
Done in 0.10 min (cpu), 0.11 min (real)
Generate toy 142/250

 -- MarkovChainMC -- 
Limit: r < 0.178311 +/- 0.00119372 @ 95% credibility (15 tries)
Done in 0.11 min (cpu), 0.11 min (real)
Generate toy 143/250

 -- MarkovChainMC -- 
Limit: r < 0.150448 +/- 0.00165223 @ 95% credibility (15 tries)
Done in 0.10 min (cpu), 0.10 min (real)
Generate toy 144/250

 -- MarkovChainMC -- 
Limit: r < 0.13231 +/- 0.00240852 @ 95% credibility (15 tries)
Done in 0.10 min (cpu), 0.10 min (real)
Generate toy 145/250

 -- MarkovChainMC -- 
Limit: r < 0.208745 +/- 0.00312369 @ 95% credibility (15 tries)
Done in 0.11 min (cpu), 0.11 min (real)
Generate toy 146/250

 -- MarkovChainMC -- 
Limit: r < 0.159506 +/- 0.00244723 @ 95% credibility (15 tries)
Done in 0.10 min (cpu), 0.10 min (real)
Generate toy 147/250

 -- MarkovChainMC -- 
Limit: r < 0.16859 +/- 0.00346248 @ 95% credibility (15 tries)
Done in 0.10 min (cpu), 0.11 min (real)
Generate toy 148/250

 -- MarkovChainMC -- 
Limit: r < 0.205004 +/- 0.00166446 @ 95% credibility (15 tries)
Done in 0.10 min (cpu), 0.10 min (real)
Generate toy 149/250

 -- MarkovChainMC -- 
Limit: r < 0.159562 +/- 0.00247162 @ 95% credibility (15 tries)
Done in 0.10 min (cpu), 0.10 min (real)
Generate toy 150/250

 -- MarkovChainMC -- 
Limit: r < 0.34757 +/- 0.00260562 @ 95% credibility (15 tries)
Done in 0.12 min (cpu), 0.12 min (real)
Generate toy 151/250

 -- MarkovChainMC -- 
Limit: r < 0.152939 +/- 0.00216381 @ 95% credibility (15 tries)
Done in 0.10 min (cpu), 0.11 min (real)
Generate toy 152/250

 -- MarkovChainMC -- 
Limit: r < 0.184818 +/- 0.00224476 @ 95% credibility (15 tries)
Done in 0.11 min (cpu), 0.11 min (real)
Generate toy 153/250

 -- MarkovChainMC -- 
Limit: r < 0.164402 +/- 0.00299422 @ 95% credibility (15 tries)
Done in 0.10 min (cpu), 0.10 min (real)
Generate toy 154/250

 -- MarkovChainMC -- 
Limit: r < 0.178411 +/- 0.00234105 @ 95% credibility (15 tries)
Done in 0.10 min (cpu), 0.10 min (real)
Generate toy 155/250

 -- MarkovChainMC -- 
Limit: r < 0.174944 +/- 0.00149066 @ 95% credibility (15 tries)
Done in 0.11 min (cpu), 0.11 min (real)
Generate toy 156/250

 -- MarkovChainMC -- 
Limit: r < 0.156235 +/- 0.00155449 @ 95% credibility (15 tries)
Done in 0.10 min (cpu), 0.10 min (real)
Generate toy 157/250

 -- MarkovChainMC -- 
Limit: r < 0.18342 +/- 0.00220085 @ 95% credibility (15 tries)
Done in 0.10 min (cpu), 0.10 min (real)
Generate toy 158/250

 -- MarkovChainMC -- 
Limit: r < 0.193114 +/- 0.00351502 @ 95% credibility (15 tries)
Done in 0.10 min (cpu), 0.10 min (real)
Generate toy 159/250

 -- MarkovChainMC -- 
Limit: r < 0.140461 +/- 0.00164514 @ 95% credibility (15 tries)
Done in 0.10 min (cpu), 0.10 min (real)
Generate toy 160/250

 -- MarkovChainMC -- 
Limit: r < 0.147356 +/- 0.0021619 @ 95% credibility (15 tries)
Done in 0.10 min (cpu), 0.10 min (real)
Generate toy 161/250

 -- MarkovChainMC -- 
Limit: r < 0.181935 +/- 0.00268245 @ 95% credibility (15 tries)
Done in 0.10 min (cpu), 0.10 min (real)
Generate toy 162/250

 -- MarkovChainMC -- 
Limit: r < 0.141916 +/- 0.00282 @ 95% credibility (15 tries)
Done in 0.10 min (cpu), 0.10 min (real)
Generate toy 163/250

 -- MarkovChainMC -- 
Limit: r < 0.151298 +/- 0.00295469 @ 95% credibility (15 tries)
Done in 0.10 min (cpu), 0.10 min (real)
Generate toy 164/250

 -- MarkovChainMC -- 
Limit: r < 0.173419 +/- 0.0020001 @ 95% credibility (15 tries)
Done in 0.10 min (cpu), 0.10 min (real)
Generate toy 165/250

 -- MarkovChainMC -- 
Limit: r < 0.156254 +/- 0.00229397 @ 95% credibility (15 tries)
Done in 0.10 min (cpu), 0.10 min (real)
Generate toy 166/250

 -- MarkovChainMC -- 
Limit: r < 0.306649 +/- 0.00233645 @ 95% credibility (15 tries)
Done in 0.10 min (cpu), 0.11 min (real)
Generate toy 167/250

 -- MarkovChainMC -- 
Limit: r < 0.154961 +/- 0.00217941 @ 95% credibility (15 tries)
Done in 0.10 min (cpu), 0.10 min (real)
Generate toy 168/250

 -- MarkovChainMC -- 
Limit: r < 0.138927 +/- 0.0039447 @ 95% credibility (15 tries)
Done in 0.10 min (cpu), 0.10 min (real)
Generate toy 169/250

 -- MarkovChainMC -- 
Limit: r < 0.152909 +/- 0.00205627 @ 95% credibility (15 tries)
Done in 0.10 min (cpu), 0.10 min (real)
Generate toy 170/250

 -- MarkovChainMC -- 
Limit: r < 0.143468 +/- 0.00315993 @ 95% credibility (15 tries)
Done in 0.10 min (cpu), 0.10 min (real)
Generate toy 171/250

 -- MarkovChainMC -- 
Limit: r < 0.181583 +/- 0.00336885 @ 95% credibility (15 tries)
Done in 0.10 min (cpu), 0.10 min (real)
Generate toy 172/250

 -- MarkovChainMC -- 
Limit: r < 0.164235 +/- 0.00182442 @ 95% credibility (15 tries)
Done in 0.10 min (cpu), 0.10 min (real)
Generate toy 173/250

 -- MarkovChainMC -- 
Limit: r < 0.273538 +/- 0.0025272 @ 95% credibility (15 tries)
Done in 0.10 min (cpu), 0.10 min (real)
Generate toy 174/250

 -- MarkovChainMC -- 
Limit: r < 0.175489 +/- 0.00286275 @ 95% credibility (15 tries)
Done in 0.10 min (cpu), 0.10 min (real)
Generate toy 175/250

 -- MarkovChainMC -- 
Limit: r < 0.188539 +/- 0.00151259 @ 95% credibility (15 tries)
Done in 0.10 min (cpu), 0.10 min (real)
Generate toy 176/250

 -- MarkovChainMC -- 
Limit: r < 0.155108 +/- 0.00174779 @ 95% credibility (15 tries)
Done in 0.10 min (cpu), 0.10 min (real)
Generate toy 177/250

 -- MarkovChainMC -- 
Limit: r < 0.129413 +/- 0.00129832 @ 95% credibility (15 tries)
Done in 0.10 min (cpu), 0.10 min (real)
Generate toy 178/250

 -- MarkovChainMC -- 
Limit: r < 0.153176 +/- 0.00210958 @ 95% credibility (15 tries)
Done in 0.10 min (cpu), 0.10 min (real)
Generate toy 179/250

 -- MarkovChainMC -- 
Limit: r < 0.138204 +/- 0.00262248 @ 95% credibility (15 tries)
Done in 0.10 min (cpu), 0.10 min (real)
Generate toy 180/250

 -- MarkovChainMC -- 
Limit: r < 0.162866 +/- 0.00257073 @ 95% credibility (15 tries)
Done in 0.10 min (cpu), 0.10 min (real)
Generate toy 181/250

 -- MarkovChainMC -- 
Limit: r < 0.158328 +/- 0.00222087 @ 95% credibility (15 tries)
Done in 0.10 min (cpu), 0.10 min (real)
Generate toy 182/250

 -- MarkovChainMC -- 
Limit: r < 0.150985 +/- 0.00207951 @ 95% credibility (15 tries)
Done in 0.10 min (cpu), 0.10 min (real)
Generate toy 183/250

 -- MarkovChainMC -- 
Limit: r < 0.153452 +/- 0.00187393 @ 95% credibility (15 tries)
Done in 0.10 min (cpu), 0.10 min (real)
Generate toy 184/250

 -- MarkovChainMC -- 
Limit: r < 0.154104 +/- 0.00177465 @ 95% credibility (15 tries)
Done in 0.10 min (cpu), 0.11 min (real)
Generate toy 185/250

 -- MarkovChainMC -- 
Limit: r < 0.179646 +/- 0.00221537 @ 95% credibility (15 tries)
Done in 0.11 min (cpu), 0.11 min (real)
Generate toy 186/250

 -- MarkovChainMC -- 
Limit: r < 0.127399 +/- 0.0021008 @ 95% credibility (15 tries)
Done in 0.10 min (cpu), 0.10 min (real)
Generate toy 187/250

 -- MarkovChainMC -- 
Limit: r < 0.145175 +/- 0.00323606 @ 95% credibility (15 tries)
Done in 0.10 min (cpu), 0.10 min (real)
Generate toy 188/250

 -- MarkovChainMC -- 
Limit: r < 0.152264 +/- 0.00251947 @ 95% credibility (15 tries)
Done in 0.10 min (cpu), 0.10 min (real)
Generate toy 189/250

 -- MarkovChainMC -- 
Limit: r < 0.159568 +/- 0.00145848 @ 95% credibility (15 tries)
Done in 0.10 min (cpu), 0.10 min (real)
Generate toy 190/250

 -- MarkovChainMC -- 
Limit: r < 0.139987 +/- 0.00209131 @ 95% credibility (15 tries)
Done in 0.10 min (cpu), 0.10 min (real)
Generate toy 191/250

 -- MarkovChainMC -- 
Limit: r < 0.134009 +/- 0.00137412 @ 95% credibility (15 tries)
Done in 0.10 min (cpu), 0.10 min (real)
Generate toy 192/250

 -- MarkovChainMC -- 
Limit: r < 0.139468 +/- 0.00396127 @ 95% credibility (15 tries)
Done in 0.10 min (cpu), 0.10 min (real)
Generate toy 193/250

 -- MarkovChainMC -- 
Limit: r < 0.212183 +/- 0.00277805 @ 95% credibility (15 tries)
Done in 0.10 min (cpu), 0.10 min (real)
Generate toy 194/250

 -- MarkovChainMC -- 
Limit: r < 0.235251 +/- 0.00368858 @ 95% credibility (15 tries)
Done in 0.10 min (cpu), 0.10 min (real)
Generate toy 195/250

 -- MarkovChainMC -- 
Limit: r < 0.248099 +/- 0.00304445 @ 95% credibility (15 tries)
Done in 0.10 min (cpu), 0.10 min (real)
Generate toy 196/250

 -- MarkovChainMC -- 
Limit: r < 0.140813 +/- 0.00156983 @ 95% credibility (15 tries)
Done in 0.10 min (cpu), 0.10 min (real)
Generate toy 197/250

 -- MarkovChainMC -- 
Limit: r < 0.199719 +/- 0.00188042 @ 95% credibility (15 tries)
Done in 0.10 min (cpu), 0.10 min (real)
Generate toy 198/250

 -- MarkovChainMC -- 
Limit: r < 0.150977 +/- 0.0022981 @ 95% credibility (15 tries)
Done in 0.10 min (cpu), 0.10 min (real)
Generate toy 199/250

 -- MarkovChainMC -- 
Limit: r < 0.149428 +/- 0.00228866 @ 95% credibility (15 tries)
Done in 0.10 min (cpu), 0.10 min (real)
Generate toy 200/250

 -- MarkovChainMC -- 
Limit: r < 0.219346 +/- 0.00263027 @ 95% credibility (15 tries)
Done in 0.10 min (cpu), 0.10 min (real)
Generate toy 201/250

 -- MarkovChainMC -- 
Limit: r < 0.183022 +/- 0.00188052 @ 95% credibility (15 tries)
Done in 0.10 min (cpu), 0.10 min (real)
Generate toy 202/250

 -- MarkovChainMC -- 
Limit: r < 0.187675 +/- 0.00343733 @ 95% credibility (15 tries)
Done in 0.10 min (cpu), 0.10 min (real)
Generate toy 203/250

 -- MarkovChainMC -- 
Limit: r < 0.185526 +/- 0.00222629 @ 95% credibility (15 tries)
Done in 0.10 min (cpu), 0.10 min (real)
Generate toy 204/250

 -- MarkovChainMC -- 
Limit: r < 0.161889 +/- 0.00203739 @ 95% credibility (15 tries)
Done in 0.10 min (cpu), 0.10 min (real)
Generate toy 205/250

 -- MarkovChainMC -- 
Limit: r < 0.1569 +/- 0.00423733 @ 95% credibility (15 tries)
Done in 0.10 min (cpu), 0.10 min (real)
Generate toy 206/250

 -- MarkovChainMC -- 
Limit: r < 0.159442 +/- 0.00324072 @ 95% credibility (15 tries)
Done in 0.10 min (cpu), 0.10 min (real)
Generate toy 207/250

 -- MarkovChainMC -- 
Limit: r < 0.170955 +/- 0.00188544 @ 95% credibility (15 tries)
Done in 0.10 min (cpu), 0.10 min (real)
Generate toy 208/250

 -- MarkovChainMC -- 
Limit: r < 0.221217 +/- 0.00361003 @ 95% credibility (15 tries)
Done in 0.10 min (cpu), 0.10 min (real)
Generate toy 209/250

 -- MarkovChainMC -- 
Limit: r < 0.17365 +/- 0.0036503 @ 95% credibility (15 tries)
Done in 0.10 min (cpu), 0.10 min (real)
Generate toy 210/250

 -- MarkovChainMC -- 
Limit: r < 0.144264 +/- 0.0035265 @ 95% credibility (15 tries)
Done in 0.10 min (cpu), 0.10 min (real)
Generate toy 211/250

 -- MarkovChainMC -- 
Limit: r < 0.152686 +/- 0.00213665 @ 95% credibility (15 tries)
Done in 0.10 min (cpu), 0.10 min (real)
Generate toy 212/250

 -- MarkovChainMC -- 
Limit: r < 0.129769 +/- 0.00217574 @ 95% credibility (15 tries)
Done in 0.10 min (cpu), 0.10 min (real)
Generate toy 213/250

 -- MarkovChainMC -- 
Limit: r < 0.179439 +/- 0.00191933 @ 95% credibility (15 tries)
Done in 0.10 min (cpu), 0.10 min (real)
Generate toy 214/250

 -- MarkovChainMC -- 
Limit: r < 0.238891 +/- 0.00213151 @ 95% credibility (15 tries)
Done in 0.11 min (cpu), 0.11 min (real)
Generate toy 215/250

 -- MarkovChainMC -- 
Limit: r < 0.148046 +/- 0.00230752 @ 95% credibility (15 tries)
Done in 0.10 min (cpu), 0.11 min (real)
Generate toy 216/250

 -- MarkovChainMC -- 
Limit: r < 0.164348 +/- 0.00363986 @ 95% credibility (15 tries)
Done in 0.10 min (cpu), 0.11 min (real)
Generate toy 217/250

 -- MarkovChainMC -- 
Limit: r < 0.141808 +/- 0.00236 @ 95% credibility (15 tries)
Done in 0.10 min (cpu), 0.10 min (real)
Generate toy 218/250

 -- MarkovChainMC -- 
Limit: r < 0.1314 +/- 0.00155598 @ 95% credibility (15 tries)
Done in 0.10 min (cpu), 0.10 min (real)
Generate toy 219/250

 -- MarkovChainMC -- 
Limit: r < 0.137229 +/- 0.0024073 @ 95% credibility (15 tries)
Done in 0.10 min (cpu), 0.10 min (real)
Generate toy 220/250

 -- MarkovChainMC -- 
Limit: r < 0.184572 +/- 0.00368395 @ 95% credibility (15 tries)
Done in 0.11 min (cpu), 0.11 min (real)
Generate toy 221/250

 -- MarkovChainMC -- 
Limit: r < 0.188543 +/- 0.00208314 @ 95% credibility (15 tries)
Done in 0.11 min (cpu), 0.11 min (real)
Generate toy 222/250

 -- MarkovChainMC -- 
Limit: r < 0.150018 +/- 0.0015411 @ 95% credibility (15 tries)
Done in 0.10 min (cpu), 0.10 min (real)
Generate toy 223/250

 -- MarkovChainMC -- 
Limit: r < 0.169311 +/- 0.00306623 @ 95% credibility (15 tries)
Done in 0.10 min (cpu), 0.10 min (real)
Generate toy 224/250

 -- MarkovChainMC -- 
Limit: r < 0.159074 +/- 0.00346335 @ 95% credibility (15 tries)
Done in 0.11 min (cpu), 0.11 min (real)
Generate toy 225/250

 -- MarkovChainMC -- 
Limit: r < 0.15029 +/- 0.0036288 @ 95% credibility (15 tries)
Done in 0.11 min (cpu), 0.11 min (real)
Generate toy 226/250

 -- MarkovChainMC -- 
Limit: r < 0.150623 +/- 0.00189079 @ 95% credibility (15 tries)
Done in 0.10 min (cpu), 0.10 min (real)
Generate toy 227/250

 -- MarkovChainMC -- 
Limit: r < 0.191163 +/- 0.00149882 @ 95% credibility (15 tries)
Done in 0.10 min (cpu), 0.10 min (real)
Generate toy 228/250

 -- MarkovChainMC -- 
Limit: r < 0.189985 +/- 0.00359451 @ 95% credibility (15 tries)
Done in 0.10 min (cpu), 0.11 min (real)
Generate toy 229/250

 -- MarkovChainMC -- 
Limit: r < 0.178572 +/- 0.00233185 @ 95% credibility (15 tries)
Done in 0.11 min (cpu), 0.11 min (real)
Generate toy 230/250

 -- MarkovChainMC -- 
Limit: r < 0.142531 +/- 0.00291843 @ 95% credibility (15 tries)
Done in 0.10 min (cpu), 0.10 min (real)
Generate toy 231/250

 -- MarkovChainMC -- 
Limit: r < 0.14011 +/- 0.00303418 @ 95% credibility (15 tries)
Done in 0.10 min (cpu), 0.10 min (real)
Generate toy 232/250

 -- MarkovChainMC -- 
Limit: r < 0.183827 +/- 0.00393352 @ 95% credibility (15 tries)
Done in 0.10 min (cpu), 0.10 min (real)
Generate toy 233/250

 -- MarkovChainMC -- 
Limit: r < 0.178854 +/- 0.00399229 @ 95% credibility (15 tries)
Done in 0.10 min (cpu), 0.10 min (real)
Generate toy 234/250

 -- MarkovChainMC -- 
Limit: r < 0.160933 +/- 0.00206689 @ 95% credibility (15 tries)
Done in 0.10 min (cpu), 0.10 min (real)
Generate toy 235/250

 -- MarkovChainMC -- 
Limit: r < 0.149247 +/- 0.00357735 @ 95% credibility (15 tries)
Done in 0.10 min (cpu), 0.10 min (real)
Generate toy 236/250

 -- MarkovChainMC -- 
Limit: r < 0.147773 +/- 0.0016469 @ 95% credibility (15 tries)
Done in 0.10 min (cpu), 0.10 min (real)
Generate toy 237/250

 -- MarkovChainMC -- 
Limit: r < 0.217479 +/- 0.00241172 @ 95% credibility (15 tries)
Done in 0.10 min (cpu), 0.10 min (real)
Generate toy 238/250

 -- MarkovChainMC -- 
Limit: r < 0.194629 +/- 0.0032427 @ 95% credibility (15 tries)
Done in 0.11 min (cpu), 0.11 min (real)
Generate toy 239/250

 -- MarkovChainMC -- 
Limit: r < 0.161967 +/- 0.00477512 @ 95% credibility (15 tries)
Done in 0.10 min (cpu), 0.10 min (real)
Generate toy 240/250

 -- MarkovChainMC -- 
Limit: r < 0.168819 +/- 0.00300986 @ 95% credibility (15 tries)
Done in 0.10 min (cpu), 0.10 min (real)
Generate toy 241/250

 -- MarkovChainMC -- 
Limit: r < 0.139257 +/- 0.00243279 @ 95% credibility (15 tries)
Done in 0.10 min (cpu), 0.10 min (real)
Generate toy 242/250

 -- MarkovChainMC -- 
Limit: r < 0.160938 +/- 0.00263062 @ 95% credibility (15 tries)
Done in 0.10 min (cpu), 0.10 min (real)
Generate toy 243/250

 -- MarkovChainMC -- 
Limit: r < 0.157072 +/- 0.00256778 @ 95% credibility (15 tries)
Done in 0.10 min (cpu), 0.10 min (real)
Generate toy 244/250

 -- MarkovChainMC -- 
Limit: r < 0.161507 +/- 0.0028811 @ 95% credibility (15 tries)
Done in 0.10 min (cpu), 0.10 min (real)
Generate toy 245/250

 -- MarkovChainMC -- 
Limit: r < 0.154188 +/- 0.00358626 @ 95% credibility (15 tries)
Done in 0.11 min (cpu), 0.11 min (real)
Generate toy 246/250

 -- MarkovChainMC -- 
Limit: r < 0.174721 +/- 0.00213821 @ 95% credibility (15 tries)
Done in 0.10 min (cpu), 0.10 min (real)
Generate toy 247/250

 -- MarkovChainMC -- 
Limit: r < 0.152199 +/- 0.00254952 @ 95% credibility (15 tries)
Done in 0.10 min (cpu), 0.10 min (real)
Generate toy 248/250

 -- MarkovChainMC -- 
Limit: r < 0.153703 +/- 0.0038166 @ 95% credibility (15 tries)
Done in 0.10 min (cpu), 0.10 min (real)
Generate toy 249/250

 -- MarkovChainMC -- 
Limit: r < 0.150241 +/- 0.00127549 @ 95% credibility (15 tries)
Done in 0.10 min (cpu), 0.10 min (real)
Generate toy 250/250

 -- MarkovChainMC -- 
Limit: r < 0.15982 +/- 0.00228189 @ 95% credibility (15 tries)
Done in 0.10 min (cpu), 0.11 min (real)
mean   expected limit: r < 0.171162 +/- 0.00212134 @ 95%CL (250 toyMC)
median expected limit: r < 0.160057 @ 95%CL (250 toyMC)
   68% expected band : 0.145191 < r < 0.205004
   95% expected band : 0.13231 < r < 0.260627
