 <<< Combine >>> 
 <<< v10.0.2 >>>
>>> Used OpenSSL to get a truly random seed 1489663950
>>> Method used is MarkovChainMC
============================================================
Analyzing bin errors for: prop_binmuon_channel
Poisson cut-off: 10
Processes excluded for sums: Wprime6600_kR0.01
============================================================
Bin        Contents        Error           Notes                         
0          5489.009974     14.389572       total sum                     
0          5489.009974     14.389572       excluding marked processes    
0          145510.000000   381.457730      Unweighted events, alpha=0.037723
  => Total parameter prop_binmuon_channel_bin0[0.00,-7.00,7.00] to be Gaussian constrained
------------------------------------------------------------
1          2091.470408     7.507819        total sum                     
1          2091.469679     7.507819        excluding marked processes    
1          77602.000000    278.571355      Unweighted events, alpha=0.026951
  => Total parameter prop_binmuon_channel_bin1[0.00,-7.00,7.00] to be Gaussian constrained
------------------------------------------------------------
2          925.287970      5.743251        total sum                     
2          925.287269      5.743251        excluding marked processes    
2          25956.000000    161.108659      Unweighted events, alpha=0.035648
  => Total parameter prop_binmuon_channel_bin2[0.00,-7.00,7.00] to be Gaussian constrained
------------------------------------------------------------
3          462.718774      3.622082        total sum                     
3          462.717279      3.622082        excluding marked processes    
3          16320.000000    127.749755      Unweighted events, alpha=0.028353
  => Total parameter prop_binmuon_channel_bin3[0.00,-7.00,7.00] to be Gaussian constrained
------------------------------------------------------------
4          240.228606      1.533810        total sum                     
4          240.228093      1.533810        excluding marked processes    
4          24530.000000    156.620561      Unweighted events, alpha=0.009793
  => Total parameter prop_binmuon_channel_bin4[0.00,-7.00,7.00] to be Gaussian constrained
------------------------------------------------------------
5          139.123858      1.742910        total sum                     
5          139.121722      1.742909        excluding marked processes    
5          6371.000000     79.818544       Unweighted events, alpha=0.021837
  => Total parameter prop_binmuon_channel_bin5[0.00,-7.00,7.00] to be Gaussian constrained
------------------------------------------------------------
6          132.804264      1.064643        total sum                     
6          132.798509      1.064641        excluding marked processes    
6          15559.000000    124.735721      Unweighted events, alpha=0.008536
  => Total parameter prop_binmuon_channel_bin6[0.00,-7.00,7.00] to be Gaussian constrained
------------------------------------------------------------
7          51.906186       0.721648        total sum                     
7          51.876344       0.721630        excluding marked processes    
7          5168.000000     71.888803       Unweighted events, alpha=0.010044
  => Total parameter prop_binmuon_channel_bin7[0.00,-7.00,7.00] to be Gaussian constrained
------------------------------------------------------------
8          29.420063       0.468938        total sum                     
8          29.337675       0.468872        excluding marked processes    
8          3915.000000     62.569961       Unweighted events, alpha=0.007515
  => Total parameter prop_binmuon_channel_bin8[0.00,-7.00,7.00] to be Gaussian constrained
------------------------------------------------------------
9          10.100823       0.334715        total sum                     
9          9.941359        0.334523        excluding marked processes    
9          883.000000      29.715316       Unweighted events, alpha=0.011439
  => Total parameter prop_binmuon_channel_bin9[0.00,-7.00,7.00] to be Gaussian constrained
------------------------------------------------------------
10         4.603227        0.107242        total sum                     
10         4.165375        0.105525        excluding marked processes    
10         1558.000000     39.471509       Unweighted events, alpha=0.002955
  => Total parameter prop_binmuon_channel_bin10[0.00,-7.00,7.00] to be Gaussian constrained
------------------------------------------------------------
11         3.021548        0.220584        total sum                     
11         1.762132        0.218174        excluding marked processes    
11         65.000000       8.062258        Unweighted events, alpha=0.046485
  => Total parameter prop_binmuon_channel_bin11[0.00,-7.00,7.00] to be Gaussian constrained
------------------------------------------------------------
12         2.079171        0.039290        total sum                     
12         0.276349        0.001778        excluding marked processes    
12         24153.000000    155.412355      Unweighted events, alpha=0.000086
  => Total parameter prop_binmuon_channel_bin12[0.00,-7.00,7.00] to be Gaussian constrained
------------------------------------------------------------
13         6.118520        0.072615        total sum                     
13         0.085750        0.001214        excluding marked processes    
13         4991.000000     70.647010       Unweighted events, alpha=0.001226
  => Total parameter prop_binmuon_channel_bin13[0.00,-7.00,7.00] to be Gaussian constrained
------------------------------------------------------------
14         6.062635        0.072521        total sum                     
14         0.007105        0.001511        excluding marked processes    
14         22.000000       4.690416        Unweighted events, alpha=0.275574
  => Total parameter prop_binmuon_channel_bin14[0.00,-7.00,7.00] to be Gaussian constrained
------------------------------------------------------------
15         5.846576        0.070993        total sum                     
15         0.001078        0.000054        excluding marked processes    
15         404.000000      20.099751       Unweighted events, alpha=0.014472
  => Total parameter prop_binmuon_channel_bin15[0.00,-7.00,7.00] to be Gaussian constrained
------------------------------------------------------------
Channel muon_channel will use autoMCStats with settings: event-threshold=10, include-signal=0, hist-mode=1
Generate toy 1/250

 -- MarkovChainMC -- 
Limit: r < 0.195359 +/- 0.00369498 @ 95% credibility (15 tries)
Done in 0.16 min (cpu), 0.16 min (real)
Generate toy 2/250

 -- MarkovChainMC -- 
Limit: r < 0.200587 +/- 0.00239702 @ 95% credibility (15 tries)
Done in 0.15 min (cpu), 0.15 min (real)
Generate toy 3/250

 -- MarkovChainMC -- 
Limit: r < 0.190364 +/- 0.00607095 @ 95% credibility (15 tries)
Done in 0.16 min (cpu), 0.16 min (real)
Generate toy 4/250

 -- MarkovChainMC -- 
Limit: r < 0.164685 +/- 0.00361449 @ 95% credibility (15 tries)
Done in 0.16 min (cpu), 0.16 min (real)
Generate toy 5/250

 -- MarkovChainMC -- 
Limit: r < 0.157946 +/- 0.0034528 @ 95% credibility (15 tries)
Done in 0.16 min (cpu), 0.16 min (real)
Generate toy 6/250

 -- MarkovChainMC -- 
Limit: r < 0.163786 +/- 0.0036127 @ 95% credibility (15 tries)
Done in 0.16 min (cpu), 0.16 min (real)
Generate toy 7/250

 -- MarkovChainMC -- 
Limit: r < 0.143039 +/- 0.00352831 @ 95% credibility (15 tries)
Done in 0.16 min (cpu), 0.16 min (real)
Generate toy 8/250

 -- MarkovChainMC -- 
Limit: r < 0.221212 +/- 0.00352299 @ 95% credibility (15 tries)
Done in 0.15 min (cpu), 0.15 min (real)
Generate toy 9/250

 -- MarkovChainMC -- 
Limit: r < 0.151499 +/- 0.00431521 @ 95% credibility (15 tries)
Done in 0.13 min (cpu), 0.13 min (real)
Generate toy 10/250

 -- MarkovChainMC -- 
Limit: r < 0.155879 +/- 0.00227856 @ 95% credibility (15 tries)
Done in 0.10 min (cpu), 0.10 min (real)
Generate toy 11/250

 -- MarkovChainMC -- 
Limit: r < 0.160561 +/- 0.00449396 @ 95% credibility (15 tries)
Done in 0.10 min (cpu), 0.10 min (real)
Generate toy 12/250

 -- MarkovChainMC -- 
Limit: r < 0.146104 +/- 0.00262498 @ 95% credibility (15 tries)
Done in 0.10 min (cpu), 0.10 min (real)
Generate toy 13/250

 -- MarkovChainMC -- 
Limit: r < 0.156218 +/- 0.00267827 @ 95% credibility (15 tries)
Done in 0.10 min (cpu), 0.10 min (real)
Generate toy 14/250

 -- MarkovChainMC -- 
Limit: r < 0.157821 +/- 0.00214431 @ 95% credibility (15 tries)
Done in 0.10 min (cpu), 0.10 min (real)
Generate toy 15/250

 -- MarkovChainMC -- 
Limit: r < 0.183556 +/- 0.00302815 @ 95% credibility (15 tries)
Done in 0.10 min (cpu), 0.10 min (real)
Generate toy 16/250

 -- MarkovChainMC -- 
Limit: r < 0.143964 +/- 0.00364822 @ 95% credibility (15 tries)
Done in 0.10 min (cpu), 0.10 min (real)
Generate toy 17/250

 -- MarkovChainMC -- 
Limit: r < 0.159058 +/- 0.00474374 @ 95% credibility (15 tries)
Done in 0.11 min (cpu), 0.11 min (real)
Generate toy 18/250

 -- MarkovChainMC -- 
Limit: r < 0.154858 +/- 0.00154052 @ 95% credibility (15 tries)
Done in 0.10 min (cpu), 0.10 min (real)
Generate toy 19/250

 -- MarkovChainMC -- 
Limit: r < 0.171471 +/- 0.00351967 @ 95% credibility (15 tries)
Done in 0.10 min (cpu), 0.10 min (real)
Generate toy 20/250

 -- MarkovChainMC -- 
Limit: r < 0.190967 +/- 0.00394359 @ 95% credibility (15 tries)
Done in 0.10 min (cpu), 0.10 min (real)
Generate toy 21/250

 -- MarkovChainMC -- 
Limit: r < 0.263306 +/- 0.00394738 @ 95% credibility (15 tries)
Done in 0.10 min (cpu), 0.10 min (real)
Generate toy 22/250

 -- MarkovChainMC -- 
Limit: r < 0.176447 +/- 0.00258664 @ 95% credibility (15 tries)
Done in 0.10 min (cpu), 0.10 min (real)
Generate toy 23/250

 -- MarkovChainMC -- 
Limit: r < 0.149022 +/- 0.00369381 @ 95% credibility (15 tries)
Done in 0.10 min (cpu), 0.10 min (real)
Generate toy 24/250

 -- MarkovChainMC -- 
Limit: r < 0.280415 +/- 0.0016149 @ 95% credibility (15 tries)
Done in 0.10 min (cpu), 0.10 min (real)
Generate toy 25/250

 -- MarkovChainMC -- 
Limit: r < 0.16248 +/- 0.00398991 @ 95% credibility (15 tries)
Done in 0.10 min (cpu), 0.10 min (real)
Generate toy 26/250

 -- MarkovChainMC -- 
Limit: r < 0.2387 +/- 0.00456459 @ 95% credibility (15 tries)
Done in 0.10 min (cpu), 0.10 min (real)
Generate toy 27/250

 -- MarkovChainMC -- 
Limit: r < 0.152859 +/- 0.00524033 @ 95% credibility (15 tries)
Done in 0.10 min (cpu), 0.10 min (real)
Generate toy 28/250

 -- MarkovChainMC -- 
Limit: r < 0.153524 +/- 0.00265599 @ 95% credibility (15 tries)
Done in 0.10 min (cpu), 0.10 min (real)
Generate toy 29/250

 -- MarkovChainMC -- 
Limit: r < 0.240259 +/- 0.00246778 @ 95% credibility (15 tries)
Done in 0.14 min (cpu), 0.14 min (real)
Generate toy 30/250

 -- MarkovChainMC -- 
Limit: r < 0.158034 +/- 0.00382487 @ 95% credibility (15 tries)
Done in 0.10 min (cpu), 0.10 min (real)
Generate toy 31/250

 -- MarkovChainMC -- 
Limit: r < 0.157477 +/- 0.00212882 @ 95% credibility (15 tries)
Done in 0.10 min (cpu), 0.10 min (real)
Generate toy 32/250

 -- MarkovChainMC -- 
Limit: r < 0.156867 +/- 0.00226402 @ 95% credibility (15 tries)
Done in 0.10 min (cpu), 0.10 min (real)
Generate toy 33/250

 -- MarkovChainMC -- 
Limit: r < 0.163662 +/- 0.00474219 @ 95% credibility (15 tries)
Done in 0.10 min (cpu), 0.10 min (real)
Generate toy 34/250

 -- MarkovChainMC -- 
Limit: r < 0.170683 +/- 0.00415995 @ 95% credibility (15 tries)
Done in 0.10 min (cpu), 0.10 min (real)
Generate toy 35/250

 -- MarkovChainMC -- 
Limit: r < 0.161528 +/- 0.00168125 @ 95% credibility (15 tries)
Done in 0.10 min (cpu), 0.10 min (real)
Generate toy 36/250

 -- MarkovChainMC -- 
Limit: r < 0.148155 +/- 0.00313202 @ 95% credibility (15 tries)
Done in 0.10 min (cpu), 0.10 min (real)
Generate toy 37/250

 -- MarkovChainMC -- 
Limit: r < 0.23121 +/- 0.00380094 @ 95% credibility (15 tries)
Done in 0.10 min (cpu), 0.10 min (real)
Generate toy 38/250

 -- MarkovChainMC -- 
Limit: r < 0.156269 +/- 0.00275128 @ 95% credibility (15 tries)
Done in 0.10 min (cpu), 0.10 min (real)
Generate toy 39/250

 -- MarkovChainMC -- 
Limit: r < 0.151985 +/- 0.00394473 @ 95% credibility (15 tries)
Done in 0.10 min (cpu), 0.10 min (real)
Generate toy 40/250

 -- MarkovChainMC -- 
Limit: r < 0.178209 +/- 0.00383433 @ 95% credibility (15 tries)
Done in 0.10 min (cpu), 0.10 min (real)
Generate toy 41/250

 -- MarkovChainMC -- 
Limit: r < 0.151278 +/- 0.00341286 @ 95% credibility (15 tries)
Done in 0.13 min (cpu), 0.13 min (real)
Generate toy 42/250

 -- MarkovChainMC -- 
Limit: r < 0.164075 +/- 0.00236809 @ 95% credibility (15 tries)
Done in 0.15 min (cpu), 0.15 min (real)
Generate toy 43/250

 -- MarkovChainMC -- 
Limit: r < 0.15682 +/- 0.00336092 @ 95% credibility (15 tries)
Done in 0.13 min (cpu), 0.13 min (real)
Generate toy 44/250

 -- MarkovChainMC -- 
Limit: r < 0.151075 +/- 0.00395927 @ 95% credibility (15 tries)
Done in 0.10 min (cpu), 0.10 min (real)
Generate toy 45/250

 -- MarkovChainMC -- 
Limit: r < 0.146441 +/- 0.00466683 @ 95% credibility (15 tries)
Done in 0.10 min (cpu), 0.10 min (real)
Generate toy 46/250

 -- MarkovChainMC -- 
Limit: r < 0.260455 +/- 0.00404644 @ 95% credibility (15 tries)
Done in 0.10 min (cpu), 0.11 min (real)
Generate toy 47/250

 -- MarkovChainMC -- 
Limit: r < 0.190643 +/- 0.00272832 @ 95% credibility (15 tries)
Done in 0.10 min (cpu), 0.10 min (real)
Generate toy 48/250

 -- MarkovChainMC -- 
Limit: r < 0.151665 +/- 0.00282997 @ 95% credibility (15 tries)
Done in 0.10 min (cpu), 0.10 min (real)
Generate toy 49/250

 -- MarkovChainMC -- 
Limit: r < 0.153178 +/- 0.00234122 @ 95% credibility (15 tries)
Done in 0.10 min (cpu), 0.10 min (real)
Generate toy 50/250

 -- MarkovChainMC -- 
Limit: r < 0.159173 +/- 0.0020464 @ 95% credibility (15 tries)
Done in 0.16 min (cpu), 0.16 min (real)
Generate toy 51/250

 -- MarkovChainMC -- 
Limit: r < 0.189869 +/- 0.00208774 @ 95% credibility (15 tries)
Done in 0.11 min (cpu), 0.11 min (real)
Generate toy 52/250

 -- MarkovChainMC -- 
Limit: r < 0.228085 +/- 0.00331505 @ 95% credibility (15 tries)
Done in 0.10 min (cpu), 0.10 min (real)
Generate toy 53/250

 -- MarkovChainMC -- 
Limit: r < 0.228829 +/- 0.00314492 @ 95% credibility (15 tries)
Done in 0.10 min (cpu), 0.10 min (real)
Generate toy 54/250

 -- MarkovChainMC -- 
Limit: r < 0.235469 +/- 0.00175241 @ 95% credibility (15 tries)
Done in 0.12 min (cpu), 0.12 min (real)
Generate toy 55/250

 -- MarkovChainMC -- 
Limit: r < 0.159552 +/- 0.001777 @ 95% credibility (15 tries)
Done in 0.10 min (cpu), 0.10 min (real)
Generate toy 56/250

 -- MarkovChainMC -- 
Limit: r < 0.150404 +/- 0.00380447 @ 95% credibility (15 tries)
Done in 0.13 min (cpu), 0.13 min (real)
Generate toy 57/250

 -- MarkovChainMC -- 
Limit: r < 0.326134 +/- 0.0031851 @ 95% credibility (15 tries)
Done in 0.14 min (cpu), 0.14 min (real)
Generate toy 58/250

 -- MarkovChainMC -- 
Limit: r < 0.176804 +/- 0.00368744 @ 95% credibility (15 tries)
Done in 0.14 min (cpu), 0.14 min (real)
Generate toy 59/250

 -- MarkovChainMC -- 
Limit: r < 0.16582 +/- 0.00366141 @ 95% credibility (15 tries)
Done in 0.12 min (cpu), 0.12 min (real)
Generate toy 60/250

 -- MarkovChainMC -- 
Limit: r < 0.138958 +/- 0.00358115 @ 95% credibility (15 tries)
Done in 0.10 min (cpu), 0.10 min (real)
Generate toy 61/250

 -- MarkovChainMC -- 
Limit: r < 0.224668 +/- 0.00238906 @ 95% credibility (15 tries)
Done in 0.10 min (cpu), 0.10 min (real)
Generate toy 62/250

 -- MarkovChainMC -- 
Limit: r < 0.168297 +/- 0.00474399 @ 95% credibility (15 tries)
Done in 0.11 min (cpu), 0.11 min (real)
Generate toy 63/250

 -- MarkovChainMC -- 
Limit: r < 0.151247 +/- 0.00219312 @ 95% credibility (15 tries)
Done in 0.10 min (cpu), 0.10 min (real)
Generate toy 64/250

 -- MarkovChainMC -- 
Limit: r < 0.163795 +/- 0.00362061 @ 95% credibility (15 tries)
Done in 0.10 min (cpu), 0.10 min (real)
Generate toy 65/250

 -- MarkovChainMC -- 
Limit: r < 0.154205 +/- 0.00338723 @ 95% credibility (15 tries)
Done in 0.10 min (cpu), 0.10 min (real)
Generate toy 66/250

 -- MarkovChainMC -- 
Limit: r < 0.14636 +/- 0.00491732 @ 95% credibility (15 tries)
Done in 0.10 min (cpu), 0.10 min (real)
Generate toy 67/250

 -- MarkovChainMC -- 
Limit: r < 0.161078 +/- 0.00333992 @ 95% credibility (15 tries)
Done in 0.10 min (cpu), 0.10 min (real)
Generate toy 68/250

 -- MarkovChainMC -- 
Limit: r < 0.172872 +/- 0.00292066 @ 95% credibility (15 tries)
Done in 0.12 min (cpu), 0.13 min (real)
Generate toy 69/250

 -- MarkovChainMC -- 
Limit: r < 0.139485 +/- 0.00271666 @ 95% credibility (15 tries)
Done in 0.10 min (cpu), 0.10 min (real)
Generate toy 70/250

 -- MarkovChainMC -- 
Limit: r < 0.196972 +/- 0.00402539 @ 95% credibility (15 tries)
Done in 0.10 min (cpu), 0.10 min (real)
Generate toy 71/250

 -- MarkovChainMC -- 
Limit: r < 0.141206 +/- 0.00311696 @ 95% credibility (15 tries)
Done in 0.10 min (cpu), 0.10 min (real)
Generate toy 72/250

 -- MarkovChainMC -- 
Limit: r < 0.240112 +/- 0.00167317 @ 95% credibility (15 tries)
Done in 0.10 min (cpu), 0.10 min (real)
Generate toy 73/250

 -- MarkovChainMC -- 
Limit: r < 0.168906 +/- 0.00340388 @ 95% credibility (15 tries)
Done in 0.10 min (cpu), 0.10 min (real)
Generate toy 74/250

 -- MarkovChainMC -- 
Limit: r < 0.144317 +/- 0.00345706 @ 95% credibility (15 tries)
Done in 0.10 min (cpu), 0.10 min (real)
Generate toy 75/250

 -- MarkovChainMC -- 
Limit: r < 0.15371 +/- 0.00286364 @ 95% credibility (15 tries)
Done in 0.10 min (cpu), 0.10 min (real)
Generate toy 76/250

 -- MarkovChainMC -- 
Limit: r < 0.164164 +/- 0.00290002 @ 95% credibility (15 tries)
Done in 0.10 min (cpu), 0.10 min (real)
Generate toy 77/250

 -- MarkovChainMC -- 
Limit: r < 0.169404 +/- 0.00340104 @ 95% credibility (15 tries)
Done in 0.10 min (cpu), 0.10 min (real)
Generate toy 78/250

 -- MarkovChainMC -- 
Limit: r < 0.153146 +/- 0.00229202 @ 95% credibility (15 tries)
Done in 0.10 min (cpu), 0.10 min (real)
Generate toy 79/250

 -- MarkovChainMC -- 
Limit: r < 0.207595 +/- 0.00336419 @ 95% credibility (15 tries)
Done in 0.10 min (cpu), 0.10 min (real)
Generate toy 80/250

 -- MarkovChainMC -- 
Limit: r < 0.185999 +/- 0.00266282 @ 95% credibility (15 tries)
Done in 0.10 min (cpu), 0.10 min (real)
Generate toy 81/250

 -- MarkovChainMC -- 
Limit: r < 0.166626 +/- 0.00398364 @ 95% credibility (15 tries)
Done in 0.10 min (cpu), 0.10 min (real)
Generate toy 82/250

 -- MarkovChainMC -- 
Limit: r < 0.153971 +/- 0.00407326 @ 95% credibility (15 tries)
Done in 0.10 min (cpu), 0.10 min (real)
Generate toy 83/250

 -- MarkovChainMC -- 
Limit: r < 0.328469 +/- 0.0034447 @ 95% credibility (15 tries)
Done in 0.10 min (cpu), 0.10 min (real)
Generate toy 84/250

 -- MarkovChainMC -- 
Limit: r < 0.189692 +/- 0.00516974 @ 95% credibility (15 tries)
Done in 0.11 min (cpu), 0.11 min (real)
Generate toy 85/250

 -- MarkovChainMC -- 
Limit: r < 0.177494 +/- 0.00284752 @ 95% credibility (15 tries)
Done in 0.10 min (cpu), 0.10 min (real)
Generate toy 86/250

 -- MarkovChainMC -- 
Limit: r < 0.18383 +/- 0.00412662 @ 95% credibility (15 tries)
Done in 0.14 min (cpu), 0.14 min (real)
Generate toy 87/250

 -- MarkovChainMC -- 
Limit: r < 0.166773 +/- 0.00207049 @ 95% credibility (15 tries)
Done in 0.14 min (cpu), 0.14 min (real)
Generate toy 88/250

 -- MarkovChainMC -- 
Limit: r < 0.211135 +/- 0.00232536 @ 95% credibility (15 tries)
Done in 0.10 min (cpu), 0.10 min (real)
Generate toy 89/250

 -- MarkovChainMC -- 
Limit: r < 0.140728 +/- 0.00428152 @ 95% credibility (15 tries)
Done in 0.10 min (cpu), 0.10 min (real)
Generate toy 90/250

 -- MarkovChainMC -- 
Limit: r < 0.176422 +/- 0.00321031 @ 95% credibility (15 tries)
Done in 0.10 min (cpu), 0.10 min (real)
Generate toy 91/250

 -- MarkovChainMC -- 
Limit: r < 0.176092 +/- 0.00161878 @ 95% credibility (15 tries)
Done in 0.10 min (cpu), 0.10 min (real)
Generate toy 92/250

 -- MarkovChainMC -- 
Limit: r < 0.202542 +/- 0.00331238 @ 95% credibility (15 tries)
Done in 0.10 min (cpu), 0.10 min (real)
Generate toy 93/250

 -- MarkovChainMC -- 
Limit: r < 0.160874 +/- 0.00323531 @ 95% credibility (15 tries)
Done in 0.14 min (cpu), 0.14 min (real)
Generate toy 94/250

 -- MarkovChainMC -- 
Limit: r < 0.195622 +/- 0.00142812 @ 95% credibility (15 tries)
Done in 0.15 min (cpu), 0.15 min (real)
Generate toy 95/250

 -- MarkovChainMC -- 
Limit: r < 0.232508 +/- 0.00186803 @ 95% credibility (15 tries)
Done in 0.13 min (cpu), 0.13 min (real)
Generate toy 96/250

 -- MarkovChainMC -- 
Limit: r < 0.162301 +/- 0.00215621 @ 95% credibility (15 tries)
Done in 0.10 min (cpu), 0.10 min (real)
Generate toy 97/250

 -- MarkovChainMC -- 
Limit: r < 0.166244 +/- 0.00429654 @ 95% credibility (15 tries)
Done in 0.10 min (cpu), 0.10 min (real)
Generate toy 98/250

 -- MarkovChainMC -- 
Limit: r < 0.14686 +/- 0.00335252 @ 95% credibility (15 tries)
Done in 0.10 min (cpu), 0.10 min (real)
Generate toy 99/250

 -- MarkovChainMC -- 
Limit: r < 0.149464 +/- 0.00278349 @ 95% credibility (15 tries)
Done in 0.10 min (cpu), 0.10 min (real)
Generate toy 100/250

 -- MarkovChainMC -- 
Limit: r < 0.183906 +/- 0.00446698 @ 95% credibility (15 tries)
Done in 0.13 min (cpu), 0.13 min (real)
Generate toy 101/250

 -- MarkovChainMC -- 
Limit: r < 0.167645 +/- 0.0039483 @ 95% credibility (15 tries)
Done in 0.15 min (cpu), 0.15 min (real)
Generate toy 102/250

 -- MarkovChainMC -- 
Limit: r < 0.145685 +/- 0.00341542 @ 95% credibility (15 tries)
Done in 0.14 min (cpu), 0.14 min (real)
Generate toy 103/250

 -- MarkovChainMC -- 
Limit: r < 0.2531 +/- 0.00334646 @ 95% credibility (15 tries)
Done in 0.10 min (cpu), 0.10 min (real)
Generate toy 104/250

 -- MarkovChainMC -- 
Limit: r < 0.161848 +/- 0.00303759 @ 95% credibility (15 tries)
Done in 0.13 min (cpu), 0.13 min (real)
Generate toy 105/250

 -- MarkovChainMC -- 
Limit: r < 0.149138 +/- 0.00382454 @ 95% credibility (15 tries)
Done in 0.14 min (cpu), 0.14 min (real)
Generate toy 106/250

 -- MarkovChainMC -- 
Limit: r < 0.175109 +/- 0.00410565 @ 95% credibility (15 tries)
Done in 0.10 min (cpu), 0.10 min (real)
Generate toy 107/250

 -- MarkovChainMC -- 
Limit: r < 0.165842 +/- 0.00404988 @ 95% credibility (15 tries)
Done in 0.14 min (cpu), 0.14 min (real)
Generate toy 108/250

 -- MarkovChainMC -- 
Limit: r < 0.161967 +/- 0.00262647 @ 95% credibility (15 tries)
Done in 0.16 min (cpu), 0.16 min (real)
Generate toy 109/250

 -- MarkovChainMC -- 
Limit: r < 0.148882 +/- 0.00280889 @ 95% credibility (15 tries)
Done in 0.15 min (cpu), 0.15 min (real)
Generate toy 110/250

 -- MarkovChainMC -- 
Limit: r < 0.162835 +/- 0.00191052 @ 95% credibility (15 tries)
Done in 0.12 min (cpu), 0.12 min (real)
Generate toy 111/250

 -- MarkovChainMC -- 
Limit: r < 0.294888 +/- 0.00237112 @ 95% credibility (15 tries)
Done in 0.10 min (cpu), 0.10 min (real)
Generate toy 112/250

 -- MarkovChainMC -- 
Limit: r < 0.308221 +/- 0.00431495 @ 95% credibility (15 tries)
Done in 0.10 min (cpu), 0.11 min (real)
Generate toy 113/250

 -- MarkovChainMC -- 
Limit: r < 0.162909 +/- 0.00300539 @ 95% credibility (15 tries)
Done in 0.16 min (cpu), 0.16 min (real)
Generate toy 114/250

 -- MarkovChainMC -- 
Limit: r < 0.132141 +/- 0.00497139 @ 95% credibility (15 tries)
Done in 0.15 min (cpu), 0.15 min (real)
Generate toy 115/250

 -- MarkovChainMC -- 
Limit: r < 0.195371 +/- 0.00442 @ 95% credibility (15 tries)
Done in 0.15 min (cpu), 0.15 min (real)
Generate toy 116/250

 -- MarkovChainMC -- 
Limit: r < 0.22617 +/- 0.00383126 @ 95% credibility (15 tries)
Done in 0.10 min (cpu), 0.10 min (real)
Generate toy 117/250

 -- MarkovChainMC -- 
Limit: r < 0.162305 +/- 0.0035035 @ 95% credibility (15 tries)
Done in 0.10 min (cpu), 0.10 min (real)
Generate toy 118/250

 -- MarkovChainMC -- 
Limit: r < 0.212307 +/- 0.00359052 @ 95% credibility (15 tries)
Done in 0.12 min (cpu), 0.12 min (real)
Generate toy 119/250

 -- MarkovChainMC -- 
Limit: r < 0.184683 +/- 0.0031362 @ 95% credibility (15 tries)
Done in 0.14 min (cpu), 0.14 min (real)
Generate toy 120/250

 -- MarkovChainMC -- 
Limit: r < 0.173888 +/- 0.00216562 @ 95% credibility (15 tries)
Done in 0.10 min (cpu), 0.10 min (real)
Generate toy 121/250

 -- MarkovChainMC -- 
Limit: r < 0.154632 +/- 0.00301987 @ 95% credibility (15 tries)
Done in 0.10 min (cpu), 0.10 min (real)
Generate toy 122/250

 -- MarkovChainMC -- 
Limit: r < 0.17307 +/- 0.00448155 @ 95% credibility (15 tries)
Done in 0.10 min (cpu), 0.10 min (real)
Generate toy 123/250

 -- MarkovChainMC -- 
Limit: r < 0.196786 +/- 0.00338167 @ 95% credibility (15 tries)
Done in 0.10 min (cpu), 0.10 min (real)
Generate toy 124/250

 -- MarkovChainMC -- 
Limit: r < 0.150926 +/- 0.00302469 @ 95% credibility (15 tries)
Done in 0.10 min (cpu), 0.10 min (real)
Generate toy 125/250

 -- MarkovChainMC -- 
Limit: r < 0.169061 +/- 0.0036525 @ 95% credibility (15 tries)
Done in 0.13 min (cpu), 0.14 min (real)
Generate toy 126/250

 -- MarkovChainMC -- 
Limit: r < 0.1363 +/- 0.00264723 @ 95% credibility (15 tries)
Done in 0.13 min (cpu), 0.13 min (real)
Generate toy 127/250

 -- MarkovChainMC -- 
Limit: r < 0.154904 +/- 0.0039608 @ 95% credibility (15 tries)
Done in 0.10 min (cpu), 0.10 min (real)
Generate toy 128/250

 -- MarkovChainMC -- 
Limit: r < 0.176211 +/- 0.00330176 @ 95% credibility (15 tries)
Done in 0.13 min (cpu), 0.13 min (real)
Generate toy 129/250

 -- MarkovChainMC -- 
Limit: r < 0.162 +/- 0.00168007 @ 95% credibility (15 tries)
Done in 0.14 min (cpu), 0.14 min (real)
Generate toy 130/250

 -- MarkovChainMC -- 
Limit: r < 0.173836 +/- 0.00242779 @ 95% credibility (15 tries)
Done in 0.10 min (cpu), 0.10 min (real)
Generate toy 131/250

 -- MarkovChainMC -- 
Limit: r < 0.158845 +/- 0.00407955 @ 95% credibility (15 tries)
Done in 0.10 min (cpu), 0.10 min (real)
Generate toy 132/250

 -- MarkovChainMC -- 
Limit: r < 0.158558 +/- 0.0051665 @ 95% credibility (15 tries)
Done in 0.10 min (cpu), 0.10 min (real)
Generate toy 133/250

 -- MarkovChainMC -- 
Limit: r < 0.214308 +/- 0.00366033 @ 95% credibility (15 tries)
Done in 0.10 min (cpu), 0.10 min (real)
Generate toy 134/250

 -- MarkovChainMC -- 
Limit: r < 0.155239 +/- 0.00318685 @ 95% credibility (15 tries)
Done in 0.10 min (cpu), 0.10 min (real)
Generate toy 135/250

 -- MarkovChainMC -- 
Limit: r < 0.252866 +/- 0.00270531 @ 95% credibility (15 tries)
Done in 0.11 min (cpu), 0.11 min (real)
Generate toy 136/250

 -- MarkovChainMC -- 
Limit: r < 0.147252 +/- 0.00296261 @ 95% credibility (15 tries)
Done in 0.10 min (cpu), 0.10 min (real)
Generate toy 137/250

 -- MarkovChainMC -- 
Limit: r < 0.174488 +/- 0.00430422 @ 95% credibility (15 tries)
Done in 0.10 min (cpu), 0.10 min (real)
Generate toy 138/250

 -- MarkovChainMC -- 
Limit: r < 0.224463 +/- 0.00411185 @ 95% credibility (15 tries)
Done in 0.10 min (cpu), 0.10 min (real)
Generate toy 139/250

 -- MarkovChainMC -- 
Limit: r < 0.161547 +/- 0.00381553 @ 95% credibility (15 tries)
Done in 0.12 min (cpu), 0.12 min (real)
Generate toy 140/250

 -- MarkovChainMC -- 
Limit: r < 0.18151 +/- 0.00485616 @ 95% credibility (15 tries)
Done in 0.15 min (cpu), 0.15 min (real)
Generate toy 141/250

 -- MarkovChainMC -- 
Limit: r < 0.146713 +/- 0.00190725 @ 95% credibility (15 tries)
Done in 0.15 min (cpu), 0.15 min (real)
Generate toy 142/250

 -- MarkovChainMC -- 
Limit: r < 0.176879 +/- 0.00220389 @ 95% credibility (15 tries)
Done in 0.15 min (cpu), 0.15 min (real)
Generate toy 143/250

 -- MarkovChainMC -- 
Limit: r < 0.221112 +/- 0.00339326 @ 95% credibility (15 tries)
Done in 0.15 min (cpu), 0.15 min (real)
Generate toy 144/250

 -- MarkovChainMC -- 
Limit: r < 0.15096 +/- 0.00475317 @ 95% credibility (15 tries)
Done in 0.11 min (cpu), 0.11 min (real)
Generate toy 145/250

 -- MarkovChainMC -- 
Limit: r < 0.152632 +/- 0.00277298 @ 95% credibility (15 tries)
Done in 0.10 min (cpu), 0.10 min (real)
Generate toy 146/250

 -- MarkovChainMC -- 
Limit: r < 0.169113 +/- 0.0039682 @ 95% credibility (15 tries)
Done in 0.10 min (cpu), 0.10 min (real)
Generate toy 147/250

 -- MarkovChainMC -- 
Limit: r < 0.158924 +/- 0.0038913 @ 95% credibility (15 tries)
Done in 0.10 min (cpu), 0.10 min (real)
Generate toy 148/250

 -- MarkovChainMC -- 
Limit: r < 0.158783 +/- 0.00291989 @ 95% credibility (15 tries)
Done in 0.11 min (cpu), 0.11 min (real)
Generate toy 149/250

 -- MarkovChainMC -- 
Limit: r < 0.174804 +/- 0.00293026 @ 95% credibility (15 tries)
Done in 0.10 min (cpu), 0.10 min (real)
Generate toy 150/250

 -- MarkovChainMC -- 
Limit: r < 0.157097 +/- 0.00219063 @ 95% credibility (15 tries)
Done in 0.10 min (cpu), 0.10 min (real)
Generate toy 151/250

 -- MarkovChainMC -- 
Limit: r < 0.177557 +/- 0.00333828 @ 95% credibility (15 tries)
Done in 0.10 min (cpu), 0.10 min (real)
Generate toy 152/250

 -- MarkovChainMC -- 
Limit: r < 0.158515 +/- 0.00379036 @ 95% credibility (15 tries)
Done in 0.11 min (cpu), 0.11 min (real)
Generate toy 153/250

 -- MarkovChainMC -- 
Limit: r < 0.179558 +/- 0.00479107 @ 95% credibility (15 tries)
Done in 0.10 min (cpu), 0.10 min (real)
Generate toy 154/250

 -- MarkovChainMC -- 
Limit: r < 0.155036 +/- 0.00320015 @ 95% credibility (15 tries)
Done in 0.10 min (cpu), 0.10 min (real)
Generate toy 155/250

 -- MarkovChainMC -- 
Limit: r < 0.196719 +/- 0.00360187 @ 95% credibility (15 tries)
Done in 0.10 min (cpu), 0.10 min (real)
Generate toy 156/250

 -- MarkovChainMC -- 
Limit: r < 0.157494 +/- 0.00316039 @ 95% credibility (15 tries)
Done in 0.10 min (cpu), 0.10 min (real)
Generate toy 157/250

 -- MarkovChainMC -- 
Limit: r < 0.169937 +/- 0.00341852 @ 95% credibility (15 tries)
Done in 0.11 min (cpu), 0.11 min (real)
Generate toy 158/250

 -- MarkovChainMC -- 
Limit: r < 0.147979 +/- 0.00318884 @ 95% credibility (15 tries)
Done in 0.10 min (cpu), 0.10 min (real)
Generate toy 159/250

 -- MarkovChainMC -- 
Limit: r < 0.16425 +/- 0.0040649 @ 95% credibility (15 tries)
Done in 0.10 min (cpu), 0.10 min (real)
Generate toy 160/250

 -- MarkovChainMC -- 
Limit: r < 0.185225 +/- 0.00346449 @ 95% credibility (15 tries)
Done in 0.11 min (cpu), 0.11 min (real)
Generate toy 161/250

 -- MarkovChainMC -- 
Limit: r < 0.189839 +/- 0.00161295 @ 95% credibility (15 tries)
Done in 0.10 min (cpu), 0.10 min (real)
Generate toy 162/250

 -- MarkovChainMC -- 
Limit: r < 0.176296 +/- 0.00409002 @ 95% credibility (15 tries)
Done in 0.10 min (cpu), 0.10 min (real)
Generate toy 163/250

 -- MarkovChainMC -- 
Limit: r < 0.151308 +/- 0.00318417 @ 95% credibility (15 tries)
Done in 0.10 min (cpu), 0.10 min (real)
Generate toy 164/250

 -- MarkovChainMC -- 
Limit: r < 0.174066 +/- 0.00296647 @ 95% credibility (15 tries)
Done in 0.10 min (cpu), 0.10 min (real)
Generate toy 165/250

 -- MarkovChainMC -- 
Limit: r < 0.146737 +/- 0.00352163 @ 95% credibility (15 tries)
Done in 0.10 min (cpu), 0.10 min (real)
Generate toy 166/250

 -- MarkovChainMC -- 
Limit: r < 0.252765 +/- 0.00323718 @ 95% credibility (15 tries)
Done in 0.10 min (cpu), 0.10 min (real)
Generate toy 167/250

 -- MarkovChainMC -- 
Limit: r < 0.160638 +/- 0.0045147 @ 95% credibility (15 tries)
Done in 0.10 min (cpu), 0.10 min (real)
Generate toy 168/250

 -- MarkovChainMC -- 
Limit: r < 0.149078 +/- 0.00542477 @ 95% credibility (15 tries)
Done in 0.12 min (cpu), 0.12 min (real)
Generate toy 169/250

 -- MarkovChainMC -- 
Limit: r < 0.132984 +/- 0.00342228 @ 95% credibility (15 tries)
Done in 0.10 min (cpu), 0.10 min (real)
Generate toy 170/250

 -- MarkovChainMC -- 
Limit: r < 0.170652 +/- 0.00243291 @ 95% credibility (15 tries)
Done in 0.10 min (cpu), 0.10 min (real)
Generate toy 171/250

 -- MarkovChainMC -- 
Limit: r < 0.154388 +/- 0.00382054 @ 95% credibility (15 tries)
Done in 0.12 min (cpu), 0.12 min (real)
Generate toy 172/250

 -- MarkovChainMC -- 
Limit: r < 0.162819 +/- 0.00235054 @ 95% credibility (15 tries)
Done in 0.12 min (cpu), 0.12 min (real)
Generate toy 173/250

 -- MarkovChainMC -- 
Limit: r < 0.137435 +/- 0.00362563 @ 95% credibility (15 tries)
Done in 0.11 min (cpu), 0.11 min (real)
Generate toy 174/250

 -- MarkovChainMC -- 
Limit: r < 0.159251 +/- 0.00353187 @ 95% credibility (15 tries)
Done in 0.10 min (cpu), 0.10 min (real)
Generate toy 175/250

 -- MarkovChainMC -- 
Limit: r < 0.203487 +/- 0.00480265 @ 95% credibility (15 tries)
Done in 0.11 min (cpu), 0.11 min (real)
Generate toy 176/250

 -- MarkovChainMC -- 
Limit: r < 0.20626 +/- 0.00341832 @ 95% credibility (15 tries)
Done in 0.11 min (cpu), 0.11 min (real)
Generate toy 177/250

 -- MarkovChainMC -- 
Limit: r < 0.146962 +/- 0.00327938 @ 95% credibility (15 tries)
Done in 0.10 min (cpu), 0.10 min (real)
Generate toy 178/250

 -- MarkovChainMC -- 
Limit: r < 0.152243 +/- 0.00342315 @ 95% credibility (15 tries)
Done in 0.10 min (cpu), 0.10 min (real)
Generate toy 179/250

 -- MarkovChainMC -- 
Limit: r < 0.179032 +/- 0.00269655 @ 95% credibility (15 tries)
Done in 0.10 min (cpu), 0.10 min (real)
Generate toy 180/250

 -- MarkovChainMC -- 
Limit: r < 0.147071 +/- 0.00450419 @ 95% credibility (15 tries)
Done in 0.10 min (cpu), 0.10 min (real)
Generate toy 181/250

 -- MarkovChainMC -- 
Limit: r < 0.160961 +/- 0.00250954 @ 95% credibility (15 tries)
Done in 0.10 min (cpu), 0.10 min (real)
Generate toy 182/250

 -- MarkovChainMC -- 
Limit: r < 0.155422 +/- 0.00293731 @ 95% credibility (15 tries)
Done in 0.10 min (cpu), 0.10 min (real)
Generate toy 183/250

 -- MarkovChainMC -- 
Limit: r < 0.154216 +/- 0.00326492 @ 95% credibility (15 tries)
Done in 0.10 min (cpu), 0.10 min (real)
Generate toy 184/250

 -- MarkovChainMC -- 
Limit: r < 0.136759 +/- 0.00406952 @ 95% credibility (15 tries)
Done in 0.10 min (cpu), 0.10 min (real)
Generate toy 185/250

 -- MarkovChainMC -- 
Limit: r < 0.193923 +/- 0.00321786 @ 95% credibility (15 tries)
Done in 0.10 min (cpu), 0.10 min (real)
Generate toy 186/250

 -- MarkovChainMC -- 
Limit: r < 0.170516 +/- 0.00281546 @ 95% credibility (15 tries)
Done in 0.10 min (cpu), 0.10 min (real)
Generate toy 187/250

 -- MarkovChainMC -- 
Limit: r < 0.157779 +/- 0.00564482 @ 95% credibility (15 tries)
Done in 0.10 min (cpu), 0.10 min (real)
Generate toy 188/250

 -- MarkovChainMC -- 
Limit: r < 0.163648 +/- 0.00418088 @ 95% credibility (15 tries)
Done in 0.10 min (cpu), 0.10 min (real)
Generate toy 189/250

 -- MarkovChainMC -- 
Limit: r < 0.16525 +/- 0.00357076 @ 95% credibility (15 tries)
Done in 0.10 min (cpu), 0.10 min (real)
Generate toy 190/250

 -- MarkovChainMC -- 
Limit: r < 0.1699 +/- 0.00383506 @ 95% credibility (15 tries)
Done in 0.10 min (cpu), 0.10 min (real)
Generate toy 191/250

 -- MarkovChainMC -- 
Limit: r < 0.173823 +/- 0.00268865 @ 95% credibility (15 tries)
Done in 0.10 min (cpu), 0.10 min (real)
Generate toy 192/250

 -- MarkovChainMC -- 
Limit: r < 0.155319 +/- 0.0036524 @ 95% credibility (15 tries)
Done in 0.10 min (cpu), 0.10 min (real)
Generate toy 193/250

 -- MarkovChainMC -- 
Limit: r < 0.238769 +/- 0.00280005 @ 95% credibility (15 tries)
Done in 0.12 min (cpu), 0.12 min (real)
Generate toy 194/250

 -- MarkovChainMC -- 
Limit: r < 0.140185 +/- 0.00411565 @ 95% credibility (15 tries)
Done in 0.15 min (cpu), 0.15 min (real)
Generate toy 195/250

 -- MarkovChainMC -- 
Limit: r < 0.162845 +/- 0.0034935 @ 95% credibility (15 tries)
Done in 0.12 min (cpu), 0.13 min (real)
Generate toy 196/250

 -- MarkovChainMC -- 
Limit: r < 0.166572 +/- 0.00315914 @ 95% credibility (15 tries)
Done in 0.11 min (cpu), 0.11 min (real)
Generate toy 197/250

 -- MarkovChainMC -- 
Limit: r < 0.141268 +/- 0.00437942 @ 95% credibility (15 tries)
Done in 0.11 min (cpu), 0.11 min (real)
Generate toy 198/250

 -- MarkovChainMC -- 
Limit: r < 0.157384 +/- 0.0025844 @ 95% credibility (15 tries)
Done in 0.10 min (cpu), 0.10 min (real)
Generate toy 199/250

 -- MarkovChainMC -- 
Limit: r < 0.17229 +/- 0.00208315 @ 95% credibility (15 tries)
Done in 0.14 min (cpu), 0.14 min (real)
Generate toy 200/250

 -- MarkovChainMC -- 
Limit: r < 0.145784 +/- 0.00188219 @ 95% credibility (15 tries)
Done in 0.16 min (cpu), 0.16 min (real)
Generate toy 201/250

 -- MarkovChainMC -- 
Limit: r < 0.174609 +/- 0.00284527 @ 95% credibility (15 tries)
Done in 0.16 min (cpu), 0.16 min (real)
Generate toy 202/250

 -- MarkovChainMC -- 
Limit: r < 0.155685 +/- 0.00220987 @ 95% credibility (15 tries)
Done in 0.10 min (cpu), 0.10 min (real)
Generate toy 203/250

 -- MarkovChainMC -- 
Limit: r < 0.151427 +/- 0.00341668 @ 95% credibility (15 tries)
Done in 0.10 min (cpu), 0.10 min (real)
Generate toy 204/250

 -- MarkovChainMC -- 
Limit: r < 0.237519 +/- 0.0037714 @ 95% credibility (15 tries)
Done in 0.13 min (cpu), 0.13 min (real)
Generate toy 205/250

 -- MarkovChainMC -- 
Limit: r < 0.15462 +/- 0.00333031 @ 95% credibility (15 tries)
Done in 0.10 min (cpu), 0.10 min (real)
Generate toy 206/250

 -- MarkovChainMC -- 
Limit: r < 0.155952 +/- 0.00173493 @ 95% credibility (15 tries)
Done in 0.10 min (cpu), 0.10 min (real)
Generate toy 207/250

 -- MarkovChainMC -- 
Limit: r < 0.139339 +/- 0.00349214 @ 95% credibility (15 tries)
Done in 0.11 min (cpu), 0.12 min (real)
Generate toy 208/250

 -- MarkovChainMC -- 
Limit: r < 0.164064 +/- 0.00251777 @ 95% credibility (15 tries)
Done in 0.10 min (cpu), 0.10 min (real)
Generate toy 209/250

 -- MarkovChainMC -- 
Limit: r < 0.228838 +/- 0.00200194 @ 95% credibility (15 tries)
Done in 0.10 min (cpu), 0.10 min (real)
Generate toy 210/250

 -- MarkovChainMC -- 
Limit: r < 0.227221 +/- 0.00384758 @ 95% credibility (15 tries)
Done in 0.10 min (cpu), 0.10 min (real)
Generate toy 211/250

 -- MarkovChainMC -- 
Limit: r < 0.181903 +/- 0.00219926 @ 95% credibility (15 tries)
Done in 0.10 min (cpu), 0.10 min (real)
Generate toy 212/250

 -- MarkovChainMC -- 
Limit: r < 0.171275 +/- 0.00189739 @ 95% credibility (15 tries)
Done in 0.14 min (cpu), 0.14 min (real)
Generate toy 213/250

 -- MarkovChainMC -- 
Limit: r < 0.192749 +/- 0.00270092 @ 95% credibility (15 tries)
Done in 0.15 min (cpu), 0.15 min (real)
Generate toy 214/250

 -- MarkovChainMC -- 
Limit: r < 0.179666 +/- 0.00279413 @ 95% credibility (15 tries)
Done in 0.11 min (cpu), 0.11 min (real)
Generate toy 215/250

 -- MarkovChainMC -- 
Limit: r < 0.206465 +/- 0.00269256 @ 95% credibility (15 tries)
Done in 0.11 min (cpu), 0.11 min (real)
Generate toy 216/250

 -- MarkovChainMC -- 
Limit: r < 0.201632 +/- 0.00456976 @ 95% credibility (15 tries)
Done in 0.12 min (cpu), 0.12 min (real)
Generate toy 217/250

 -- MarkovChainMC -- 
Limit: r < 0.167277 +/- 0.0027867 @ 95% credibility (15 tries)
Done in 0.16 min (cpu), 0.16 min (real)
Generate toy 218/250

 -- MarkovChainMC -- 
Limit: r < 0.148876 +/- 0.0020355 @ 95% credibility (15 tries)
Done in 0.11 min (cpu), 0.12 min (real)
Generate toy 219/250

 -- MarkovChainMC -- 
Limit: r < 0.24227 +/- 0.00123371 @ 95% credibility (15 tries)
Done in 0.10 min (cpu), 0.10 min (real)
Generate toy 220/250

 -- MarkovChainMC -- 
Limit: r < 0.166799 +/- 0.00290228 @ 95% credibility (15 tries)
Done in 0.13 min (cpu), 0.13 min (real)
Generate toy 221/250

 -- MarkovChainMC -- 
Limit: r < 0.128746 +/- 0.00408796 @ 95% credibility (15 tries)
Done in 0.10 min (cpu), 0.10 min (real)
Generate toy 222/250

 -- MarkovChainMC -- 
Limit: r < 0.181919 +/- 0.00296686 @ 95% credibility (15 tries)
Done in 0.15 min (cpu), 0.15 min (real)
Generate toy 223/250

 -- MarkovChainMC -- 
Limit: r < 0.259801 +/- 0.00338485 @ 95% credibility (15 tries)
Done in 0.12 min (cpu), 0.13 min (real)
Generate toy 224/250

 -- MarkovChainMC -- 
Limit: r < 0.167636 +/- 0.00522712 @ 95% credibility (15 tries)
Done in 0.10 min (cpu), 0.10 min (real)
Generate toy 225/250

 -- MarkovChainMC -- 
Limit: r < 0.154333 +/- 0.00450218 @ 95% credibility (15 tries)
Done in 0.14 min (cpu), 0.14 min (real)
Generate toy 226/250

 -- MarkovChainMC -- 
Limit: r < 0.171202 +/- 0.00318497 @ 95% credibility (15 tries)
Done in 0.15 min (cpu), 0.15 min (real)
Generate toy 227/250

 -- MarkovChainMC -- 
Limit: r < 0.154498 +/- 0.00245159 @ 95% credibility (15 tries)
Done in 0.11 min (cpu), 0.11 min (real)
Generate toy 228/250

 -- MarkovChainMC -- 
Limit: r < 0.158801 +/- 0.00412687 @ 95% credibility (15 tries)
Done in 0.11 min (cpu), 0.11 min (real)
Generate toy 229/250

 -- MarkovChainMC -- 
Limit: r < 0.155435 +/- 0.00160806 @ 95% credibility (15 tries)
Done in 0.10 min (cpu), 0.10 min (real)
Generate toy 230/250

 -- MarkovChainMC -- 
Limit: r < 0.160415 +/- 0.00404642 @ 95% credibility (15 tries)
Done in 0.10 min (cpu), 0.10 min (real)
Generate toy 231/250

 -- MarkovChainMC -- 
Limit: r < 0.144334 +/- 0.00497394 @ 95% credibility (15 tries)
Done in 0.10 min (cpu), 0.10 min (real)
Generate toy 232/250

 -- MarkovChainMC -- 
Limit: r < 0.165018 +/- 0.00322893 @ 95% credibility (15 tries)
Done in 0.12 min (cpu), 0.12 min (real)
Generate toy 233/250

 -- MarkovChainMC -- 
Limit: r < 0.140375 +/- 0.00295892 @ 95% credibility (15 tries)
Done in 0.13 min (cpu), 0.13 min (real)
Generate toy 234/250

 -- MarkovChainMC -- 
Limit: r < 0.164786 +/- 0.00285316 @ 95% credibility (15 tries)
Done in 0.10 min (cpu), 0.10 min (real)
Generate toy 235/250

 -- MarkovChainMC -- 
Limit: r < 0.143664 +/- 0.00351274 @ 95% credibility (15 tries)
Done in 0.10 min (cpu), 0.10 min (real)
Generate toy 236/250

 -- MarkovChainMC -- 
Limit: r < 0.157352 +/- 0.004285 @ 95% credibility (15 tries)
Done in 0.10 min (cpu), 0.10 min (real)
Generate toy 237/250

 -- MarkovChainMC -- 
Limit: r < 0.165857 +/- 0.00213356 @ 95% credibility (15 tries)
Done in 0.10 min (cpu), 0.10 min (real)
Generate toy 238/250

 -- MarkovChainMC -- 
Limit: r < 0.167131 +/- 0.00400264 @ 95% credibility (15 tries)
Done in 0.10 min (cpu), 0.10 min (real)
Generate toy 239/250

 -- MarkovChainMC -- 
Limit: r < 0.190085 +/- 0.00331295 @ 95% credibility (15 tries)
Done in 0.15 min (cpu), 0.15 min (real)
Generate toy 240/250

 -- MarkovChainMC -- 
Limit: r < 0.189223 +/- 0.00462297 @ 95% credibility (15 tries)
Done in 0.15 min (cpu), 0.15 min (real)
Generate toy 241/250

 -- MarkovChainMC -- 
Limit: r < 0.151783 +/- 0.00282458 @ 95% credibility (15 tries)
Done in 0.10 min (cpu), 0.10 min (real)
Generate toy 242/250

 -- MarkovChainMC -- 
Limit: r < 0.154629 +/- 0.00445188 @ 95% credibility (15 tries)
Done in 0.12 min (cpu), 0.12 min (real)
Generate toy 243/250

 -- MarkovChainMC -- 
Limit: r < 0.153207 +/- 0.0016394 @ 95% credibility (15 tries)
Done in 0.11 min (cpu), 0.11 min (real)
Generate toy 244/250

 -- MarkovChainMC -- 
Limit: r < 0.159304 +/- 0.00401777 @ 95% credibility (15 tries)
Done in 0.10 min (cpu), 0.10 min (real)
Generate toy 245/250

 -- MarkovChainMC -- 
Limit: r < 0.195344 +/- 0.00203194 @ 95% credibility (15 tries)
Done in 0.11 min (cpu), 0.11 min (real)
Generate toy 246/250

 -- MarkovChainMC -- 
Limit: r < 0.179852 +/- 0.00226654 @ 95% credibility (15 tries)
Done in 0.10 min (cpu), 0.10 min (real)
Generate toy 247/250

 -- MarkovChainMC -- 
Limit: r < 0.246617 +/- 0.00270683 @ 95% credibility (15 tries)
Done in 0.10 min (cpu), 0.10 min (real)
Generate toy 248/250

 -- MarkovChainMC -- 
Limit: r < 0.170798 +/- 0.00314631 @ 95% credibility (15 tries)
Done in 0.10 min (cpu), 0.10 min (real)
Generate toy 249/250

 -- MarkovChainMC -- 
Limit: r < 0.167257 +/- 0.00409824 @ 95% credibility (15 tries)
Done in 0.10 min (cpu), 0.10 min (real)
Generate toy 250/250

 -- MarkovChainMC -- 
Limit: r < 0.154061 +/- 0.00290793 @ 95% credibility (15 tries)
Done in 0.10 min (cpu), 0.10 min (real)
mean   expected limit: r < 0.17481 +/- 0.00212336 @ 95%CL (250 toyMC)
median expected limit: r < 0.164069 @ 95%CL (250 toyMC)
   68% expected band : 0.15096 < r < 0.200587
   95% expected band : 0.138958 < r < 0.263306
