 <<< Combine >>> 
 <<< v10.0.2 >>>
>>> Used OpenSSL to get a truly random seed 413533553
>>> Method used is MarkovChainMC
============================================================
Analyzing bin errors for: prop_binmuon_channel
Poisson cut-off: 10
Processes excluded for sums: Wprime1000_kR0.01
============================================================
Bin        Contents        Error           Notes                         
0          5490.508442     14.389615       total sum                     
0          5489.009974     14.389572       excluding marked processes    
0          145510.000000   381.457730      Unweighted events, alpha=0.037733
  => Total parameter prop_binmuon_channel_bin0[0.00,-7.00,7.00] to be Gaussian constrained
------------------------------------------------------------
1          2093.577163     7.507933        total sum                     
1          2091.469679     7.507819        excluding marked processes    
1          77602.000000    278.571355      Unweighted events, alpha=0.026978
  => Total parameter prop_binmuon_channel_bin1[0.00,-7.00,7.00] to be Gaussian constrained
------------------------------------------------------------
2          927.953134      5.743445        total sum                     
2          925.287269      5.743251        excluding marked processes    
2          25956.000000    161.108659      Unweighted events, alpha=0.035751
  => Total parameter prop_binmuon_channel_bin2[0.00,-7.00,7.00] to be Gaussian constrained
------------------------------------------------------------
3          466.116176      3.622477        total sum                     
3          462.717279      3.622082        excluding marked processes    
3          16320.000000    127.749755      Unweighted events, alpha=0.028561
  => Total parameter prop_binmuon_channel_bin3[0.00,-7.00,7.00] to be Gaussian constrained
------------------------------------------------------------
4          244.696463      1.535021        total sum                     
4          240.228093      1.533810        excluding marked processes    
4          24530.000000    156.620561      Unweighted events, alpha=0.009975
  => Total parameter prop_binmuon_channel_bin4[0.00,-7.00,7.00] to be Gaussian constrained
------------------------------------------------------------
5          145.411623      1.744401        total sum                     
5          139.121722      1.742909        excluding marked processes    
5          6371.000000     79.818544       Unweighted events, alpha=0.022824
  => Total parameter prop_binmuon_channel_bin5[0.00,-7.00,7.00] to be Gaussian constrained
------------------------------------------------------------
6          135.101824      1.065547        total sum                     
6          132.798509      1.064641        excluding marked processes    
6          15559.000000    124.735721      Unweighted events, alpha=0.008683
  => Total parameter prop_binmuon_channel_bin6[0.00,-7.00,7.00] to be Gaussian constrained
------------------------------------------------------------
7          51.882037       0.721634        total sum                     
7          51.876344       0.721630        excluding marked processes    
7          5168.000000     71.888803       Unweighted events, alpha=0.010039
  => Total parameter prop_binmuon_channel_bin7[0.00,-7.00,7.00] to be Gaussian constrained
------------------------------------------------------------
8          29.337675       0.468872        total sum                     
8          29.337675       0.468872        excluding marked processes    
8          3915.000000     62.569961       Unweighted events, alpha=0.007494
  => Total parameter prop_binmuon_channel_bin8[0.00,-7.00,7.00] to be Gaussian constrained
------------------------------------------------------------
9          9.941359        0.334523        total sum                     
9          9.941359        0.334523        excluding marked processes    
9          883.000000      29.715316       Unweighted events, alpha=0.011259
  => Total parameter prop_binmuon_channel_bin9[0.00,-7.00,7.00] to be Gaussian constrained
------------------------------------------------------------
10         4.165375        0.105525        total sum                     
10         4.165375        0.105525        excluding marked processes    
10         1558.000000     39.471509       Unweighted events, alpha=0.002674
  => Total parameter prop_binmuon_channel_bin10[0.00,-7.00,7.00] to be Gaussian constrained
------------------------------------------------------------
11         1.762132        0.218174        total sum                     
11         1.762132        0.218174        excluding marked processes    
11         65.000000       8.062258        Unweighted events, alpha=0.027110
  => Total parameter prop_binmuon_channel_bin11[0.00,-7.00,7.00] to be Gaussian constrained
------------------------------------------------------------
12         0.276349        0.001778        total sum                     
12         0.276349        0.001778        excluding marked processes    
12         24153.000000    155.412355      Unweighted events, alpha=0.000011
  => Total parameter prop_binmuon_channel_bin12[0.00,-7.00,7.00] to be Gaussian constrained
------------------------------------------------------------
13         0.085750        0.001214        total sum                     
13         0.085750        0.001214        excluding marked processes    
13         4991.000000     70.647010       Unweighted events, alpha=0.000017
  => Total parameter prop_binmuon_channel_bin13[0.00,-7.00,7.00] to be Gaussian constrained
------------------------------------------------------------
14         0.007105        0.001511        total sum                     
14         0.007105        0.001511        excluding marked processes    
14         22.000000       4.690416        Unweighted events, alpha=0.000323
  => Total parameter prop_binmuon_channel_bin14[0.00,-7.00,7.00] to be Gaussian constrained
------------------------------------------------------------
15         0.001078        0.000054        total sum                     
15         0.001078        0.000054        excluding marked processes    
15         404.000000      20.099751       Unweighted events, alpha=0.000003
  => Total parameter prop_binmuon_channel_bin15[0.00,-7.00,7.00] to be Gaussian constrained
------------------------------------------------------------
Channel muon_channel will use autoMCStats with settings: event-threshold=10, include-signal=0, hist-mode=1
Generate toy 1/250

 -- MarkovChainMC -- 
Limit: r < 2.88448 +/- 0.0245924 @ 95% credibility (15 tries)
Done in 0.16 min (cpu), 0.16 min (real)
Generate toy 2/250

 -- MarkovChainMC -- 
Limit: r < 4.65294 +/- 0.0321697 @ 95% credibility (15 tries)
Done in 0.17 min (cpu), 0.17 min (real)
Generate toy 3/250

 -- MarkovChainMC -- 
Limit: r < 2.35766 +/- 0.0216544 @ 95% credibility (15 tries)
Done in 0.15 min (cpu), 0.15 min (real)
Generate toy 4/250

 -- MarkovChainMC -- 
Limit: r < 3.92718 +/- 0.0466964 @ 95% credibility (15 tries)
Done in 0.16 min (cpu), 0.17 min (real)
Generate toy 5/250

 -- MarkovChainMC -- 
Limit: r < 2.87617 +/- 0.0435113 @ 95% credibility (15 tries)
Done in 0.16 min (cpu), 0.16 min (real)
Generate toy 6/250

 -- MarkovChainMC -- 
Limit: r < 5.67671 +/- 0.0155562 @ 95% credibility (15 tries)
Done in 0.17 min (cpu), 0.17 min (real)
Generate toy 7/250

 -- MarkovChainMC -- 
Limit: r < 4.59736 +/- 0.0514298 @ 95% credibility (15 tries)
Done in 0.17 min (cpu), 0.17 min (real)
Generate toy 8/250

 -- MarkovChainMC -- 
Limit: r < 2.70184 +/- 0.0363775 @ 95% credibility (15 tries)
Done in 0.16 min (cpu), 0.17 min (real)
Generate toy 9/250

 -- MarkovChainMC -- 
Limit: r < 4.39372 +/- 0.0490909 @ 95% credibility (15 tries)
Done in 0.17 min (cpu), 0.17 min (real)
Generate toy 10/250

 -- MarkovChainMC -- 
Limit: r < 5.54679 +/- 0.0502281 @ 95% credibility (15 tries)
Done in 0.18 min (cpu), 0.18 min (real)
Generate toy 11/250

 -- MarkovChainMC -- 
Limit: r < 3.90531 +/- 0.040069 @ 95% credibility (15 tries)
Done in 0.17 min (cpu), 0.17 min (real)
Generate toy 12/250

 -- MarkovChainMC -- 
Limit: r < 3.35518 +/- 0.0450015 @ 95% credibility (15 tries)
Done in 0.16 min (cpu), 0.17 min (real)
Generate toy 13/250

 -- MarkovChainMC -- 
Limit: r < 2.80878 +/- 0.0151318 @ 95% credibility (15 tries)
Done in 0.17 min (cpu), 0.17 min (real)
Generate toy 14/250

 -- MarkovChainMC -- 
Limit: r < 3.62587 +/- 0.0542541 @ 95% credibility (15 tries)
Done in 0.17 min (cpu), 0.17 min (real)
Generate toy 15/250

 -- MarkovChainMC -- 
Limit: r < 3.20379 +/- 0.031802 @ 95% credibility (15 tries)
Done in 0.16 min (cpu), 0.16 min (real)
Generate toy 16/250

 -- MarkovChainMC -- 
Limit: r < 5.70435 +/- 0.0760071 @ 95% credibility (15 tries)
Done in 0.17 min (cpu), 0.18 min (real)
Generate toy 17/250

 -- MarkovChainMC -- 
Limit: r < 4.31923 +/- 0.0592456 @ 95% credibility (15 tries)
Done in 0.17 min (cpu), 0.17 min (real)
Generate toy 18/250

 -- MarkovChainMC -- 
Limit: r < 4.22883 +/- 0.0494827 @ 95% credibility (15 tries)
Done in 0.17 min (cpu), 0.17 min (real)
Generate toy 19/250

 -- MarkovChainMC -- 
Limit: r < 8.26997 +/- 0.0539574 @ 95% credibility (15 tries)
Done in 0.18 min (cpu), 0.18 min (real)
Generate toy 20/250

 -- MarkovChainMC -- 
Limit: r < 3.00356 +/- 0.0294443 @ 95% credibility (15 tries)
Done in 0.17 min (cpu), 0.17 min (real)
Generate toy 21/250

 -- MarkovChainMC -- 
Limit: r < 3.86704 +/- 0.0340724 @ 95% credibility (15 tries)
Done in 0.16 min (cpu), 0.16 min (real)
Generate toy 22/250

 -- MarkovChainMC -- 
Limit: r < 3.56638 +/- 0.0596549 @ 95% credibility (15 tries)
Done in 0.16 min (cpu), 0.16 min (real)
Generate toy 23/250

 -- MarkovChainMC -- 
Limit: r < 2.59138 +/- 0.0160229 @ 95% credibility (15 tries)
Done in 0.16 min (cpu), 0.17 min (real)
Generate toy 24/250

 -- MarkovChainMC -- 
Limit: r < 5.87841 +/- 0.0374266 @ 95% credibility (15 tries)
Done in 0.17 min (cpu), 0.17 min (real)
Generate toy 25/250

 -- MarkovChainMC -- 
Limit: r < 2.35853 +/- 0.037439 @ 95% credibility (15 tries)
Done in 0.15 min (cpu), 0.16 min (real)
Generate toy 26/250

 -- MarkovChainMC -- 
Limit: r < 3.79194 +/- 0.0278093 @ 95% credibility (15 tries)
Done in 0.17 min (cpu), 0.18 min (real)
Generate toy 27/250

 -- MarkovChainMC -- 
Limit: r < 3.52107 +/- 0.041058 @ 95% credibility (15 tries)
Done in 0.16 min (cpu), 0.16 min (real)
Generate toy 28/250

 -- MarkovChainMC -- 
Limit: r < 2.42682 +/- 0.0312785 @ 95% credibility (15 tries)
Done in 0.16 min (cpu), 0.16 min (real)
Generate toy 29/250

 -- MarkovChainMC -- 
Limit: r < 5.08796 +/- 0.0324138 @ 95% credibility (15 tries)
Done in 0.17 min (cpu), 0.17 min (real)
Generate toy 30/250

 -- MarkovChainMC -- 
Limit: r < 5.08037 +/- 0.0317672 @ 95% credibility (15 tries)
Done in 0.17 min (cpu), 0.18 min (real)
Generate toy 31/250

 -- MarkovChainMC -- 
Limit: r < 5.28016 +/- 0.060738 @ 95% credibility (15 tries)
Done in 0.17 min (cpu), 0.17 min (real)
Generate toy 32/250

 -- MarkovChainMC -- 
Limit: r < 3.06958 +/- 0.0294542 @ 95% credibility (15 tries)
Done in 0.16 min (cpu), 0.16 min (real)
Generate toy 33/250

 -- MarkovChainMC -- 
Limit: r < 3.65341 +/- 0.0364537 @ 95% credibility (15 tries)
Done in 0.16 min (cpu), 0.16 min (real)
Generate toy 34/250

 -- MarkovChainMC -- 
Limit: r < 3.63269 +/- 0.0252478 @ 95% credibility (15 tries)
Done in 0.17 min (cpu), 0.17 min (real)
Generate toy 35/250

 -- MarkovChainMC -- 
Limit: r < 4.13261 +/- 0.0242332 @ 95% credibility (15 tries)
Done in 0.17 min (cpu), 0.17 min (real)
Generate toy 36/250

 -- MarkovChainMC -- 
Limit: r < 3.7339 +/- 0.0471444 @ 95% credibility (15 tries)
Done in 0.17 min (cpu), 0.17 min (real)
Generate toy 37/250

 -- MarkovChainMC -- 
Limit: r < 6.24772 +/- 0.0282182 @ 95% credibility (15 tries)
Done in 0.17 min (cpu), 0.17 min (real)
Generate toy 38/250

 -- MarkovChainMC -- 
Limit: r < 4.36293 +/- 0.0636385 @ 95% credibility (15 tries)
Done in 0.17 min (cpu), 0.17 min (real)
Generate toy 39/250

 -- MarkovChainMC -- 
Limit: r < 2.8183 +/- 0.0313519 @ 95% credibility (15 tries)
Done in 0.16 min (cpu), 0.17 min (real)
Generate toy 40/250

 -- MarkovChainMC -- 
Limit: r < 6.87602 +/- 0.0417257 @ 95% credibility (15 tries)
Done in 0.16 min (cpu), 0.17 min (real)
Generate toy 41/250

 -- MarkovChainMC -- 
Limit: r < 2.76151 +/- 0.0252069 @ 95% credibility (15 tries)
Done in 0.16 min (cpu), 0.17 min (real)
Generate toy 42/250

 -- MarkovChainMC -- 
Limit: r < 2.35447 +/- 0.0403589 @ 95% credibility (15 tries)
Done in 0.16 min (cpu), 0.16 min (real)
Generate toy 43/250

 -- MarkovChainMC -- 
Limit: r < 3.63532 +/- 0.0418386 @ 95% credibility (15 tries)
Done in 0.17 min (cpu), 0.17 min (real)
Generate toy 44/250

 -- MarkovChainMC -- 
Limit: r < 3.06951 +/- 0.0423964 @ 95% credibility (15 tries)
Done in 0.17 min (cpu), 0.17 min (real)
Generate toy 45/250

 -- MarkovChainMC -- 
Limit: r < 3.71763 +/- 0.0283763 @ 95% credibility (15 tries)
Done in 0.17 min (cpu), 0.17 min (real)
Generate toy 46/250

 -- MarkovChainMC -- 
Limit: r < 6.95139 +/- 0.058984 @ 95% credibility (15 tries)
Done in 0.18 min (cpu), 0.18 min (real)
Generate toy 47/250

 -- MarkovChainMC -- 
Limit: r < 3.75044 +/- 0.0308011 @ 95% credibility (15 tries)
Done in 0.16 min (cpu), 0.17 min (real)
Generate toy 48/250

 -- MarkovChainMC -- 
Limit: r < 3.5306 +/- 0.0442611 @ 95% credibility (15 tries)
Done in 0.16 min (cpu), 0.16 min (real)
Generate toy 49/250

 -- MarkovChainMC -- 
Limit: r < 5.75123 +/- 0.0464824 @ 95% credibility (15 tries)
Done in 0.17 min (cpu), 0.17 min (real)
Generate toy 50/250

 -- MarkovChainMC -- 
Limit: r < 4.72757 +/- 0.0363293 @ 95% credibility (15 tries)
Done in 0.16 min (cpu), 0.16 min (real)
Generate toy 51/250

 -- MarkovChainMC -- 
Limit: r < 2.16764 +/- 0.035921 @ 95% credibility (15 tries)
Done in 0.15 min (cpu), 0.16 min (real)
Generate toy 52/250

 -- MarkovChainMC -- 
Limit: r < 5.00145 +/- 0.0425049 @ 95% credibility (15 tries)
Done in 0.17 min (cpu), 0.17 min (real)
Generate toy 53/250

 -- MarkovChainMC -- 
Limit: r < 4.88078 +/- 0.0337314 @ 95% credibility (15 tries)
Done in 0.16 min (cpu), 0.17 min (real)
Generate toy 54/250

 -- MarkovChainMC -- 
Limit: r < 4.79759 +/- 0.0204861 @ 95% credibility (15 tries)
Done in 0.17 min (cpu), 0.17 min (real)
Generate toy 55/250

 -- MarkovChainMC -- 
Limit: r < 4.34334 +/- 0.0374709 @ 95% credibility (15 tries)
Done in 0.15 min (cpu), 0.15 min (real)
Generate toy 56/250

 -- MarkovChainMC -- 
Limit: r < 5.77252 +/- 0.0652663 @ 95% credibility (15 tries)
Done in 0.16 min (cpu), 0.17 min (real)
Generate toy 57/250

 -- MarkovChainMC -- 
Limit: r < 5.03571 +/- 0.0260181 @ 95% credibility (15 tries)
Done in 0.16 min (cpu), 0.16 min (real)
Generate toy 58/250

 -- MarkovChainMC -- 
Limit: r < 4.55075 +/- 0.0217678 @ 95% credibility (15 tries)
Done in 0.16 min (cpu), 0.17 min (real)
Generate toy 59/250

 -- MarkovChainMC -- 
Limit: r < 4.97314 +/- 0.0638598 @ 95% credibility (15 tries)
Done in 0.17 min (cpu), 0.17 min (real)
Generate toy 60/250

 -- MarkovChainMC -- 
Limit: r < 3.61889 +/- 0.0164999 @ 95% credibility (15 tries)
Done in 0.17 min (cpu), 0.17 min (real)
Generate toy 61/250

 -- MarkovChainMC -- 
Limit: r < 5.94053 +/- 0.0414787 @ 95% credibility (15 tries)
Done in 0.17 min (cpu), 0.17 min (real)
Generate toy 62/250

 -- MarkovChainMC -- 
Limit: r < 3.3155 +/- 0.0287139 @ 95% credibility (15 tries)
Done in 0.16 min (cpu), 0.16 min (real)
Generate toy 63/250

 -- MarkovChainMC -- 
Limit: r < 1.76276 +/- 0.0380863 @ 95% credibility (15 tries)
Done in 0.15 min (cpu), 0.15 min (real)
Generate toy 64/250

 -- MarkovChainMC -- 
Limit: r < 4.28485 +/- 0.0239087 @ 95% credibility (15 tries)
Done in 0.16 min (cpu), 0.17 min (real)
Generate toy 65/250

 -- MarkovChainMC -- 
Limit: r < 1.90968 +/- 0.0189205 @ 95% credibility (15 tries)
Done in 0.14 min (cpu), 0.14 min (real)
Generate toy 66/250

 -- MarkovChainMC -- 
Limit: r < 3.62254 +/- 0.0577526 @ 95% credibility (15 tries)
Done in 0.17 min (cpu), 0.17 min (real)
Generate toy 67/250

 -- MarkovChainMC -- 
Limit: r < 4.32047 +/- 0.0423053 @ 95% credibility (15 tries)
Done in 0.17 min (cpu), 0.17 min (real)
Generate toy 68/250

 -- MarkovChainMC -- 
Limit: r < 4.83078 +/- 0.0577595 @ 95% credibility (15 tries)
Done in 0.17 min (cpu), 0.18 min (real)
Generate toy 69/250

 -- MarkovChainMC -- 
Limit: r < 5.76868 +/- 0.0386475 @ 95% credibility (15 tries)
Done in 0.17 min (cpu), 0.17 min (real)
Generate toy 70/250

 -- MarkovChainMC -- 
Limit: r < 2.73993 +/- 0.0141014 @ 95% credibility (15 tries)
Done in 0.16 min (cpu), 0.17 min (real)
Generate toy 71/250

 -- MarkovChainMC -- 
Limit: r < 3.31079 +/- 0.0475658 @ 95% credibility (15 tries)
Done in 0.16 min (cpu), 0.17 min (real)
Generate toy 72/250

 -- MarkovChainMC -- 
Limit: r < 2.04957 +/- 0.0280939 @ 95% credibility (15 tries)
Done in 0.16 min (cpu), 0.16 min (real)
Generate toy 73/250

 -- MarkovChainMC -- 
Limit: r < 3.04822 +/- 0.0253137 @ 95% credibility (15 tries)
Done in 0.16 min (cpu), 0.17 min (real)
Generate toy 74/250

 -- MarkovChainMC -- 
Limit: r < 4.26102 +/- 0.0335286 @ 95% credibility (15 tries)
Done in 0.17 min (cpu), 0.17 min (real)
Generate toy 75/250

 -- MarkovChainMC -- 
Limit: r < 2.51791 +/- 0.0195207 @ 95% credibility (15 tries)
Done in 0.16 min (cpu), 0.16 min (real)
Generate toy 76/250

 -- MarkovChainMC -- 
Limit: r < 2.60455 +/- 0.0355035 @ 95% credibility (15 tries)
Done in 0.15 min (cpu), 0.16 min (real)
Generate toy 77/250

 -- MarkovChainMC -- 
Limit: r < 4.49121 +/- 0.0504113 @ 95% credibility (15 tries)
Done in 0.16 min (cpu), 0.16 min (real)
Generate toy 78/250

 -- MarkovChainMC -- 
Limit: r < 5.44004 +/- 0.0374133 @ 95% credibility (15 tries)
Done in 0.17 min (cpu), 0.17 min (real)
Generate toy 79/250

 -- MarkovChainMC -- 
Limit: r < 6.21321 +/- 0.0651004 @ 95% credibility (15 tries)
Done in 0.17 min (cpu), 0.18 min (real)
Generate toy 80/250

 -- MarkovChainMC -- 
Limit: r < 3.85028 +/- 0.0434675 @ 95% credibility (15 tries)
Done in 0.15 min (cpu), 0.15 min (real)
Generate toy 81/250

 -- MarkovChainMC -- 
Limit: r < 4.07709 +/- 0.0382464 @ 95% credibility (15 tries)
Done in 0.16 min (cpu), 0.16 min (real)
Generate toy 82/250

 -- MarkovChainMC -- 
Limit: r < 9.28574 +/- 0.0425029 @ 95% credibility (15 tries)
Done in 0.18 min (cpu), 0.18 min (real)
Generate toy 83/250

 -- MarkovChainMC -- 
Limit: r < 4.48345 +/- 0.0176856 @ 95% credibility (15 tries)
Done in 0.16 min (cpu), 0.17 min (real)
Generate toy 84/250

 -- MarkovChainMC -- 
Limit: r < 3.19972 +/- 0.0430847 @ 95% credibility (15 tries)
Done in 0.17 min (cpu), 0.17 min (real)
Generate toy 85/250

 -- MarkovChainMC -- 
Limit: r < 3.31356 +/- 0.0174036 @ 95% credibility (15 tries)
Done in 0.15 min (cpu), 0.16 min (real)
Generate toy 86/250

 -- MarkovChainMC -- 
Limit: r < 7.83644 +/- 0.0480337 @ 95% credibility (15 tries)
Done in 0.17 min (cpu), 0.18 min (real)
Generate toy 87/250

 -- MarkovChainMC -- 
Limit: r < 4.65281 +/- 0.045923 @ 95% credibility (15 tries)
Done in 0.15 min (cpu), 0.15 min (real)
Generate toy 88/250

 -- MarkovChainMC -- 
Limit: r < 4.12286 +/- 0.0250174 @ 95% credibility (15 tries)
Done in 0.16 min (cpu), 0.16 min (real)
Generate toy 89/250

 -- MarkovChainMC -- 
Limit: r < 4.495 +/- 0.0563468 @ 95% credibility (15 tries)
Done in 0.15 min (cpu), 0.16 min (real)
Generate toy 90/250

 -- MarkovChainMC -- 
Limit: r < 5.29517 +/- 0.0552356 @ 95% credibility (15 tries)
Done in 0.16 min (cpu), 0.16 min (real)
Generate toy 91/250

 -- MarkovChainMC -- 
Limit: r < 2.9738 +/- 0.0451999 @ 95% credibility (15 tries)
Done in 0.14 min (cpu), 0.14 min (real)
Generate toy 92/250

 -- MarkovChainMC -- 
Limit: r < 3.30686 +/- 0.0454197 @ 95% credibility (15 tries)
Done in 0.15 min (cpu), 0.15 min (real)
Generate toy 93/250

 -- MarkovChainMC -- 
Limit: r < 5.73614 +/- 0.0724374 @ 95% credibility (15 tries)
Done in 0.14 min (cpu), 0.14 min (real)
Generate toy 94/250

 -- MarkovChainMC -- 
Limit: r < 6.19153 +/- 0.0215718 @ 95% credibility (15 tries)
Done in 0.16 min (cpu), 0.17 min (real)
Generate toy 95/250

 -- MarkovChainMC -- 
Limit: r < 2.27681 +/- 0.0147813 @ 95% credibility (15 tries)
Done in 0.16 min (cpu), 0.17 min (real)
Generate toy 96/250

 -- MarkovChainMC -- 
Limit: r < 2.58491 +/- 0.0296065 @ 95% credibility (15 tries)
Done in 0.17 min (cpu), 0.17 min (real)
Generate toy 97/250

 -- MarkovChainMC -- 
Limit: r < 7.42125 +/- 0.0554883 @ 95% credibility (15 tries)
Done in 0.15 min (cpu), 0.15 min (real)
Generate toy 98/250

 -- MarkovChainMC -- 
Limit: r < 3.87905 +/- 0.0516914 @ 95% credibility (15 tries)
Done in 0.15 min (cpu), 0.16 min (real)
Generate toy 99/250

 -- MarkovChainMC -- 
Limit: r < 2.17964 +/- 0.0212072 @ 95% credibility (15 tries)
Done in 0.15 min (cpu), 0.15 min (real)
Generate toy 100/250

 -- MarkovChainMC -- 
Limit: r < 4.51996 +/- 0.025149 @ 95% credibility (15 tries)
Done in 0.14 min (cpu), 0.14 min (real)
Generate toy 101/250

 -- MarkovChainMC -- 
Limit: r < 4.57943 +/- 0.0244471 @ 95% credibility (15 tries)
Done in 0.14 min (cpu), 0.14 min (real)
Generate toy 102/250

 -- MarkovChainMC -- 
Limit: r < 3.2251 +/- 0.025647 @ 95% credibility (15 tries)
Done in 0.15 min (cpu), 0.15 min (real)
Generate toy 103/250

 -- MarkovChainMC -- 
Limit: r < 4.04606 +/- 0.0418178 @ 95% credibility (15 tries)
Done in 0.13 min (cpu), 0.13 min (real)
Generate toy 104/250

 -- MarkovChainMC -- 
Limit: r < 4.69448 +/- 0.0349802 @ 95% credibility (15 tries)
Done in 0.17 min (cpu), 0.17 min (real)
Generate toy 105/250

 -- MarkovChainMC -- 
Limit: r < 4.45249 +/- 0.0456721 @ 95% credibility (15 tries)
Done in 0.14 min (cpu), 0.14 min (real)
Generate toy 106/250

 -- MarkovChainMC -- 
Limit: r < 2.33424 +/- 0.0321251 @ 95% credibility (15 tries)
Done in 0.12 min (cpu), 0.12 min (real)
Generate toy 107/250

 -- MarkovChainMC -- 
Limit: r < 5.07145 +/- 0.0369263 @ 95% credibility (15 tries)
Done in 0.14 min (cpu), 0.14 min (real)
Generate toy 108/250

 -- MarkovChainMC -- 
Limit: r < 5.5266 +/- 0.0329229 @ 95% credibility (15 tries)
Done in 0.14 min (cpu), 0.14 min (real)
Generate toy 109/250

 -- MarkovChainMC -- 
Limit: r < 3.71099 +/- 0.0217696 @ 95% credibility (15 tries)
Done in 0.13 min (cpu), 0.13 min (real)
Generate toy 110/250

 -- MarkovChainMC -- 
Limit: r < 4.09131 +/- 0.0609634 @ 95% credibility (15 tries)
Done in 0.13 min (cpu), 0.13 min (real)
Generate toy 111/250

 -- MarkovChainMC -- 
Limit: r < 5.09341 +/- 0.0396006 @ 95% credibility (15 tries)
Done in 0.13 min (cpu), 0.13 min (real)
Generate toy 112/250

 -- MarkovChainMC -- 
Limit: r < 3.14312 +/- 0.0354888 @ 95% credibility (15 tries)
Done in 0.18 min (cpu), 0.18 min (real)
Generate toy 113/250

 -- MarkovChainMC -- 
Limit: r < 4.83353 +/- 0.0446219 @ 95% credibility (15 tries)
Done in 0.18 min (cpu), 0.18 min (real)
Generate toy 114/250

 -- MarkovChainMC -- 
Limit: r < 3.1696 +/- 0.0231003 @ 95% credibility (15 tries)
Done in 0.14 min (cpu), 0.14 min (real)
Generate toy 115/250

 -- MarkovChainMC -- 
Limit: r < 7.22305 +/- 0.056183 @ 95% credibility (15 tries)
Done in 0.15 min (cpu), 0.15 min (real)
Generate toy 116/250

 -- MarkovChainMC -- 
Limit: r < 4.33957 +/- 0.041426 @ 95% credibility (15 tries)
Done in 0.17 min (cpu), 0.17 min (real)
Generate toy 117/250

 -- MarkovChainMC -- 
Limit: r < 3.62799 +/- 0.0427838 @ 95% credibility (15 tries)
Done in 0.17 min (cpu), 0.17 min (real)
Generate toy 118/250

 -- MarkovChainMC -- 
Limit: r < 4.70516 +/- 0.0369715 @ 95% credibility (15 tries)
Done in 0.17 min (cpu), 0.18 min (real)
Generate toy 119/250

 -- MarkovChainMC -- 
Limit: r < 4.46098 +/- 0.0343683 @ 95% credibility (15 tries)
Done in 0.16 min (cpu), 0.16 min (real)
Generate toy 120/250

 -- MarkovChainMC -- 
Limit: r < 2.82875 +/- 0.0447968 @ 95% credibility (15 tries)
Done in 0.12 min (cpu), 0.13 min (real)
Generate toy 121/250

 -- MarkovChainMC -- 
Limit: r < 5.03344 +/- 0.0499744 @ 95% credibility (15 tries)
Done in 0.13 min (cpu), 0.14 min (real)
Generate toy 122/250

 -- MarkovChainMC -- 
Limit: r < 5.47912 +/- 0.0455036 @ 95% credibility (15 tries)
Done in 0.14 min (cpu), 0.14 min (real)
Generate toy 123/250

 -- MarkovChainMC -- 
Limit: r < 4.24672 +/- 0.0552514 @ 95% credibility (15 tries)
Done in 0.15 min (cpu), 0.15 min (real)
Generate toy 124/250

 -- MarkovChainMC -- 
Limit: r < 2.56926 +/- 0.025397 @ 95% credibility (15 tries)
Done in 0.15 min (cpu), 0.15 min (real)
Generate toy 125/250

 -- MarkovChainMC -- 
Limit: r < 4.27304 +/- 0.0653666 @ 95% credibility (15 tries)
Done in 0.14 min (cpu), 0.14 min (real)
Generate toy 126/250

 -- MarkovChainMC -- 
Limit: r < 6.16564 +/- 0.0370757 @ 95% credibility (15 tries)
Done in 0.15 min (cpu), 0.15 min (real)
Generate toy 127/250

 -- MarkovChainMC -- 
Limit: r < 3.56914 +/- 0.0325393 @ 95% credibility (15 tries)
Done in 0.15 min (cpu), 0.15 min (real)
Generate toy 128/250

 -- MarkovChainMC -- 
Limit: r < 4.38893 +/- 0.0377723 @ 95% credibility (15 tries)
Done in 0.14 min (cpu), 0.14 min (real)
Generate toy 129/250

 -- MarkovChainMC -- 
Limit: r < 2.99741 +/- 0.0372428 @ 95% credibility (15 tries)
Done in 0.14 min (cpu), 0.14 min (real)
Generate toy 130/250

 -- MarkovChainMC -- 
Limit: r < 3.36596 +/- 0.0193009 @ 95% credibility (15 tries)
Done in 0.14 min (cpu), 0.14 min (real)
Generate toy 131/250

 -- MarkovChainMC -- 
Limit: r < 6.45638 +/- 0.0274451 @ 95% credibility (15 tries)
Done in 0.18 min (cpu), 0.18 min (real)
Generate toy 132/250

 -- MarkovChainMC -- 
Limit: r < 1.66129 +/- 0.0364361 @ 95% credibility (15 tries)
Done in 0.15 min (cpu), 0.15 min (real)
Generate toy 133/250

 -- MarkovChainMC -- 
Limit: r < 3.32595 +/- 0.0369807 @ 95% credibility (15 tries)
Done in 0.16 min (cpu), 0.16 min (real)
Generate toy 134/250

 -- MarkovChainMC -- 
Limit: r < 2.28519 +/- 0.0206768 @ 95% credibility (15 tries)
Done in 0.17 min (cpu), 0.17 min (real)
Generate toy 135/250

 -- MarkovChainMC -- 
Limit: r < 3.37675 +/- 0.0202056 @ 95% credibility (15 tries)
Done in 0.17 min (cpu), 0.17 min (real)
Generate toy 136/250

 -- MarkovChainMC -- 
Limit: r < 5.06995 +/- 0.0470304 @ 95% credibility (15 tries)
Done in 0.15 min (cpu), 0.16 min (real)
Generate toy 137/250

 -- MarkovChainMC -- 
Limit: r < 1.82655 +/- 0.0173182 @ 95% credibility (15 tries)
Done in 0.14 min (cpu), 0.15 min (real)
Generate toy 138/250

 -- MarkovChainMC -- 
Limit: r < 5.42747 +/- 0.0458468 @ 95% credibility (15 tries)
Done in 0.18 min (cpu), 0.18 min (real)
Generate toy 139/250

 -- MarkovChainMC -- 
Limit: r < 8.63941 +/- 0.0659142 @ 95% credibility (15 tries)
Done in 0.17 min (cpu), 0.17 min (real)
Generate toy 140/250

 -- MarkovChainMC -- 
Limit: r < 2.78456 +/- 0.0359056 @ 95% credibility (15 tries)
Done in 0.15 min (cpu), 0.15 min (real)
Generate toy 141/250

 -- MarkovChainMC -- 
Limit: r < 2.49873 +/- 0.0284289 @ 95% credibility (15 tries)
Done in 0.16 min (cpu), 0.16 min (real)
Generate toy 142/250

 -- MarkovChainMC -- 
Limit: r < 7.69313 +/- 0.0630718 @ 95% credibility (15 tries)
Done in 0.16 min (cpu), 0.16 min (real)
Generate toy 143/250

 -- MarkovChainMC -- 
Limit: r < 3.62041 +/- 0.0359926 @ 95% credibility (15 tries)
Done in 0.17 min (cpu), 0.17 min (real)
Generate toy 144/250

 -- MarkovChainMC -- 
Limit: r < 3.477 +/- 0.0315165 @ 95% credibility (15 tries)
Done in 0.17 min (cpu), 0.17 min (real)
Generate toy 145/250

 -- MarkovChainMC -- 
Limit: r < 3.19486 +/- 0.0294151 @ 95% credibility (15 tries)
Done in 0.16 min (cpu), 0.16 min (real)
Generate toy 146/250

 -- MarkovChainMC -- 
Limit: r < 4.19617 +/- 0.0276191 @ 95% credibility (15 tries)
Done in 0.14 min (cpu), 0.14 min (real)
Generate toy 147/250

 -- MarkovChainMC -- 
Limit: r < 3.00513 +/- 0.0303748 @ 95% credibility (15 tries)
Done in 0.16 min (cpu), 0.16 min (real)
Generate toy 148/250

 -- MarkovChainMC -- 
Limit: r < 3.08268 +/- 0.0368582 @ 95% credibility (15 tries)
Done in 0.14 min (cpu), 0.14 min (real)
Generate toy 149/250

 -- MarkovChainMC -- 
Limit: r < 3.31543 +/- 0.0532396 @ 95% credibility (15 tries)
Done in 0.17 min (cpu), 0.17 min (real)
Generate toy 150/250

 -- MarkovChainMC -- 
Limit: r < 5.75999 +/- 0.0432573 @ 95% credibility (15 tries)
Done in 0.18 min (cpu), 0.18 min (real)
Generate toy 151/250

 -- MarkovChainMC -- 
Limit: r < 2.69707 +/- 0.0192624 @ 95% credibility (15 tries)
Done in 0.17 min (cpu), 0.17 min (real)
Generate toy 152/250

 -- MarkovChainMC -- 
Limit: r < 3.8785 +/- 0.0398306 @ 95% credibility (15 tries)
Done in 0.17 min (cpu), 0.17 min (real)
Generate toy 153/250

 -- MarkovChainMC -- 
Limit: r < 5.19571 +/- 0.050926 @ 95% credibility (15 tries)
Done in 0.17 min (cpu), 0.18 min (real)
Generate toy 154/250

 -- MarkovChainMC -- 
Limit: r < 3.58347 +/- 0.0227375 @ 95% credibility (15 tries)
Done in 0.14 min (cpu), 0.14 min (real)
Generate toy 155/250

 -- MarkovChainMC -- 
Limit: r < 2.93908 +/- 0.0254667 @ 95% credibility (15 tries)
Done in 0.16 min (cpu), 0.16 min (real)
Generate toy 156/250

 -- MarkovChainMC -- 
Limit: r < 3.03191 +/- 0.0324359 @ 95% credibility (15 tries)
Done in 0.17 min (cpu), 0.17 min (real)
Generate toy 157/250

 -- MarkovChainMC -- 
Limit: r < 4.06339 +/- 0.0194233 @ 95% credibility (15 tries)
Done in 0.15 min (cpu), 0.16 min (real)
Generate toy 158/250

 -- MarkovChainMC -- 
Limit: r < 4.07722 +/- 0.0348166 @ 95% credibility (15 tries)
Done in 0.14 min (cpu), 0.14 min (real)
Generate toy 159/250

 -- MarkovChainMC -- 
Limit: r < 2.45211 +/- 0.0256171 @ 95% credibility (15 tries)
Done in 0.15 min (cpu), 0.15 min (real)
Generate toy 160/250

 -- MarkovChainMC -- 
Limit: r < 7.93684 +/- 0.0574055 @ 95% credibility (15 tries)
Done in 0.19 min (cpu), 0.19 min (real)
Generate toy 161/250

 -- MarkovChainMC -- 
Limit: r < 6.41237 +/- 0.0457137 @ 95% credibility (15 tries)
Done in 0.19 min (cpu), 0.19 min (real)
Generate toy 162/250

 -- MarkovChainMC -- 
Limit: r < 2.17489 +/- 0.0367609 @ 95% credibility (15 tries)
Done in 0.17 min (cpu), 0.17 min (real)
Generate toy 163/250

 -- MarkovChainMC -- 
Limit: r < 3.71655 +/- 0.0155654 @ 95% credibility (15 tries)
Done in 0.17 min (cpu), 0.17 min (real)
Generate toy 164/250

 -- MarkovChainMC -- 
Limit: r < 3.94565 +/- 0.0419187 @ 95% credibility (15 tries)
Done in 0.18 min (cpu), 0.18 min (real)
Generate toy 165/250

 -- MarkovChainMC -- 
Limit: r < 2.13779 +/- 0.0317106 @ 95% credibility (15 tries)
Done in 0.16 min (cpu), 0.16 min (real)
Generate toy 166/250

 -- MarkovChainMC -- 
Limit: r < 3.16662 +/- 0.0303492 @ 95% credibility (15 tries)
Done in 0.14 min (cpu), 0.14 min (real)
Generate toy 167/250

 -- MarkovChainMC -- 
Limit: r < 4.97476 +/- 0.044911 @ 95% credibility (15 tries)
Done in 0.18 min (cpu), 0.18 min (real)
Generate toy 168/250

 -- MarkovChainMC -- 
Limit: r < 4.08111 +/- 0.0274767 @ 95% credibility (15 tries)
Done in 0.18 min (cpu), 0.18 min (real)
Generate toy 169/250

 -- MarkovChainMC -- 
Limit: r < 6.8278 +/- 0.0409837 @ 95% credibility (15 tries)
Done in 0.19 min (cpu), 0.19 min (real)
Generate toy 170/250

 -- MarkovChainMC -- 
Limit: r < 3.86285 +/- 0.0331531 @ 95% credibility (15 tries)
Done in 0.18 min (cpu), 0.18 min (real)
Generate toy 171/250

 -- MarkovChainMC -- 
Limit: r < 3.00824 +/- 0.0191387 @ 95% credibility (15 tries)
Done in 0.15 min (cpu), 0.15 min (real)
Generate toy 172/250

 -- MarkovChainMC -- 
Limit: r < 4.82526 +/- 0.0322046 @ 95% credibility (15 tries)
Done in 0.17 min (cpu), 0.17 min (real)
Generate toy 173/250

 -- MarkovChainMC -- 
Limit: r < 2.87727 +/- 0.0312269 @ 95% credibility (15 tries)
Done in 0.18 min (cpu), 0.18 min (real)
Generate toy 174/250

 -- MarkovChainMC -- 
Limit: r < 3.8127 +/- 0.0314208 @ 95% credibility (15 tries)
Done in 0.14 min (cpu), 0.14 min (real)
Generate toy 175/250

 -- MarkovChainMC -- 
Limit: r < 7.22636 +/- 0.0359637 @ 95% credibility (15 tries)
Done in 0.17 min (cpu), 0.17 min (real)
Generate toy 176/250

 -- MarkovChainMC -- 
Limit: r < 2.16332 +/- 0.0314481 @ 95% credibility (15 tries)
Done in 0.15 min (cpu), 0.15 min (real)
Generate toy 177/250

 -- MarkovChainMC -- 
Limit: r < 3.5781 +/- 0.0318249 @ 95% credibility (15 tries)
Done in 0.14 min (cpu), 0.14 min (real)
Generate toy 178/250

 -- MarkovChainMC -- 
Limit: r < 3.55976 +/- 0.0335515 @ 95% credibility (15 tries)
Done in 0.15 min (cpu), 0.15 min (real)
Generate toy 179/250

 -- MarkovChainMC -- 
Limit: r < 6.71443 +/- 0.0244759 @ 95% credibility (15 tries)
Done in 0.15 min (cpu), 0.15 min (real)
Generate toy 180/250

 -- MarkovChainMC -- 
Limit: r < 4.69272 +/- 0.0533277 @ 95% credibility (15 tries)
Done in 0.16 min (cpu), 0.16 min (real)
Generate toy 181/250

 -- MarkovChainMC -- 
Limit: r < 3.8133 +/- 0.0436572 @ 95% credibility (15 tries)
Done in 0.16 min (cpu), 0.16 min (real)
Generate toy 182/250

 -- MarkovChainMC -- 
Limit: r < 6.21174 +/- 0.0440678 @ 95% credibility (15 tries)
Done in 0.13 min (cpu), 0.13 min (real)
Generate toy 183/250

 -- MarkovChainMC -- 
Limit: r < 5.21183 +/- 0.0549444 @ 95% credibility (15 tries)
Done in 0.16 min (cpu), 0.17 min (real)
Generate toy 184/250

 -- MarkovChainMC -- 
Limit: r < 5.23798 +/- 0.0200975 @ 95% credibility (15 tries)
Done in 0.19 min (cpu), 0.19 min (real)
Generate toy 185/250

 -- MarkovChainMC -- 
Limit: r < 7.31605 +/- 0.0309059 @ 95% credibility (15 tries)
Done in 0.19 min (cpu), 0.19 min (real)
Generate toy 186/250

 -- MarkovChainMC -- 
Limit: r < 3.57993 +/- 0.040036 @ 95% credibility (15 tries)
Done in 0.17 min (cpu), 0.17 min (real)
Generate toy 187/250

 -- MarkovChainMC -- 
Limit: r < 2.47116 +/- 0.0127461 @ 95% credibility (15 tries)
Done in 0.15 min (cpu), 0.15 min (real)
Generate toy 188/250

 -- MarkovChainMC -- 
Limit: r < 4.72871 +/- 0.0369509 @ 95% credibility (15 tries)
Done in 0.14 min (cpu), 0.14 min (real)
Generate toy 189/250

 -- MarkovChainMC -- 
Limit: r < 6.53816 +/- 0.0485151 @ 95% credibility (15 tries)
Done in 0.15 min (cpu), 0.15 min (real)
Generate toy 190/250

 -- MarkovChainMC -- 
Limit: r < 3.35908 +/- 0.021013 @ 95% credibility (15 tries)
Done in 0.16 min (cpu), 0.16 min (real)
Generate toy 191/250

 -- MarkovChainMC -- 
Limit: r < 4.15488 +/- 0.0183572 @ 95% credibility (15 tries)
Done in 0.18 min (cpu), 0.18 min (real)
Generate toy 192/250

 -- MarkovChainMC -- 
Limit: r < 5.01001 +/- 0.0713665 @ 95% credibility (15 tries)
Done in 0.16 min (cpu), 0.16 min (real)
Generate toy 193/250

 -- MarkovChainMC -- 
Limit: r < 3.23915 +/- 0.0165938 @ 95% credibility (15 tries)
Done in 0.15 min (cpu), 0.15 min (real)
Generate toy 194/250

 -- MarkovChainMC -- 
Limit: r < 2.69691 +/- 0.028256 @ 95% credibility (15 tries)
Done in 0.17 min (cpu), 0.17 min (real)
Generate toy 195/250

 -- MarkovChainMC -- 
Limit: r < 3.61893 +/- 0.0298736 @ 95% credibility (15 tries)
Done in 0.18 min (cpu), 0.18 min (real)
Generate toy 196/250

 -- MarkovChainMC -- 
Limit: r < 4.97877 +/- 0.0289726 @ 95% credibility (15 tries)
Done in 0.17 min (cpu), 0.17 min (real)
Generate toy 197/250

 -- MarkovChainMC -- 
Limit: r < 3.18857 +/- 0.0310148 @ 95% credibility (15 tries)
Done in 0.16 min (cpu), 0.16 min (real)
Generate toy 198/250

 -- MarkovChainMC -- 
Limit: r < 3.88943 +/- 0.0468461 @ 95% credibility (15 tries)
Done in 0.15 min (cpu), 0.16 min (real)
Generate toy 199/250

 -- MarkovChainMC -- 
Limit: r < 3.57353 +/- 0.0326828 @ 95% credibility (15 tries)
Done in 0.12 min (cpu), 0.12 min (real)
Generate toy 200/250

 -- MarkovChainMC -- 
Limit: r < 3.80619 +/- 0.0331433 @ 95% credibility (15 tries)
Done in 0.15 min (cpu), 0.15 min (real)
Generate toy 201/250

 -- MarkovChainMC -- 
Limit: r < 4.03712 +/- 0.0508707 @ 95% credibility (15 tries)
Done in 0.17 min (cpu), 0.17 min (real)
Generate toy 202/250

 -- MarkovChainMC -- 
Limit: r < 5.41996 +/- 0.0380166 @ 95% credibility (15 tries)
Done in 0.17 min (cpu), 0.17 min (real)
Generate toy 203/250

 -- MarkovChainMC -- 
Limit: r < 1.85529 +/- 0.00970762 @ 95% credibility (15 tries)
Done in 0.12 min (cpu), 0.12 min (real)
Generate toy 204/250

 -- MarkovChainMC -- 
Limit: r < 2.86462 +/- 0.0295746 @ 95% credibility (15 tries)
Done in 0.14 min (cpu), 0.15 min (real)
Generate toy 205/250

 -- MarkovChainMC -- 
Limit: r < 3.64563 +/- 0.0351816 @ 95% credibility (15 tries)
Done in 0.15 min (cpu), 0.15 min (real)
Generate toy 206/250

 -- MarkovChainMC -- 
Limit: r < 3.32167 +/- 0.0404561 @ 95% credibility (15 tries)
Done in 0.14 min (cpu), 0.14 min (real)
Generate toy 207/250

 -- MarkovChainMC -- 
Limit: r < 4.51225 +/- 0.0159715 @ 95% credibility (15 tries)
Done in 0.13 min (cpu), 0.13 min (real)
Generate toy 208/250

 -- MarkovChainMC -- 
Limit: r < 3.98003 +/- 0.0351971 @ 95% credibility (15 tries)
Done in 0.12 min (cpu), 0.12 min (real)
Generate toy 209/250

 -- MarkovChainMC -- 
Limit: r < 7.39007 +/- 0.0347254 @ 95% credibility (15 tries)
Done in 0.13 min (cpu), 0.13 min (real)
Generate toy 210/250

 -- MarkovChainMC -- 
Limit: r < 4.0537 +/- 0.0444978 @ 95% credibility (15 tries)
Done in 0.14 min (cpu), 0.14 min (real)
Generate toy 211/250

 -- MarkovChainMC -- 
Limit: r < 3.25508 +/- 0.0319856 @ 95% credibility (15 tries)
Done in 0.16 min (cpu), 0.17 min (real)
Generate toy 212/250

 -- MarkovChainMC -- 
Limit: r < 4.34243 +/- 0.0468487 @ 95% credibility (15 tries)
Done in 0.17 min (cpu), 0.17 min (real)
Generate toy 213/250

 -- MarkovChainMC -- 
Limit: r < 2.9784 +/- 0.0548868 @ 95% credibility (15 tries)
Done in 0.17 min (cpu), 0.17 min (real)
Generate toy 214/250

 -- MarkovChainMC -- 
Limit: r < 3.84011 +/- 0.0392993 @ 95% credibility (15 tries)
Done in 0.15 min (cpu), 0.15 min (real)
Generate toy 215/250

 -- MarkovChainMC -- 
Limit: r < 3.83508 +/- 0.0292743 @ 95% credibility (15 tries)
Done in 0.17 min (cpu), 0.17 min (real)
Generate toy 216/250

 -- MarkovChainMC -- 
Limit: r < 3.20045 +/- 0.0343671 @ 95% credibility (15 tries)
Done in 0.15 min (cpu), 0.15 min (real)
Generate toy 217/250

 -- MarkovChainMC -- 
Limit: r < 3.68771 +/- 0.0550719 @ 95% credibility (15 tries)
Done in 0.15 min (cpu), 0.16 min (real)
Generate toy 218/250

 -- MarkovChainMC -- 
Limit: r < 3.39822 +/- 0.0357721 @ 95% credibility (15 tries)
Done in 0.16 min (cpu), 0.16 min (real)
Generate toy 219/250

 -- MarkovChainMC -- 
Limit: r < 3.40329 +/- 0.0434351 @ 95% credibility (15 tries)
Done in 0.16 min (cpu), 0.16 min (real)
Generate toy 220/250

 -- MarkovChainMC -- 
Limit: r < 2.8021 +/- 0.0168492 @ 95% credibility (15 tries)
Done in 0.16 min (cpu), 0.16 min (real)
Generate toy 221/250

 -- MarkovChainMC -- 
Limit: r < 5.08419 +/- 0.0439457 @ 95% credibility (15 tries)
Done in 0.18 min (cpu), 0.18 min (real)
Generate toy 222/250

 -- MarkovChainMC -- 
Limit: r < 4.89306 +/- 0.0405255 @ 95% credibility (15 tries)
Done in 0.17 min (cpu), 0.17 min (real)
Generate toy 223/250

 -- MarkovChainMC -- 
Limit: r < 2.77477 +/- 0.0167705 @ 95% credibility (15 tries)
Done in 0.16 min (cpu), 0.16 min (real)
Generate toy 224/250

 -- MarkovChainMC -- 
Limit: r < 4.31083 +/- 0.0299567 @ 95% credibility (15 tries)
Done in 0.16 min (cpu), 0.16 min (real)
Generate toy 225/250

 -- MarkovChainMC -- 
Limit: r < 4.80459 +/- 0.0221724 @ 95% credibility (15 tries)
Done in 0.18 min (cpu), 0.18 min (real)
Generate toy 226/250

 -- MarkovChainMC -- 
Limit: r < 4.17581 +/- 0.0473302 @ 95% credibility (15 tries)
Done in 0.17 min (cpu), 0.17 min (real)
Generate toy 227/250

 -- MarkovChainMC -- 
Limit: r < 4.53117 +/- 0.0429132 @ 95% credibility (15 tries)
Done in 0.18 min (cpu), 0.18 min (real)
Generate toy 228/250

 -- MarkovChainMC -- 
Limit: r < 4.11983 +/- 0.0642639 @ 95% credibility (15 tries)
Done in 0.17 min (cpu), 0.17 min (real)
Generate toy 229/250

 -- MarkovChainMC -- 
Limit: r < 3.73222 +/- 0.0388321 @ 95% credibility (15 tries)
Done in 0.18 min (cpu), 0.18 min (real)
Generate toy 230/250

 -- MarkovChainMC -- 
Limit: r < 4.20799 +/- 0.0242605 @ 95% credibility (15 tries)
Done in 0.18 min (cpu), 0.18 min (real)
Generate toy 231/250

 -- MarkovChainMC -- 
Limit: r < 4.58796 +/- 0.0397906 @ 95% credibility (15 tries)
Done in 0.17 min (cpu), 0.18 min (real)
Generate toy 232/250

 -- MarkovChainMC -- 
Limit: r < 2.57851 +/- 0.0330953 @ 95% credibility (15 tries)
Done in 0.16 min (cpu), 0.16 min (real)
Generate toy 233/250

 -- MarkovChainMC -- 
Limit: r < 6.33905 +/- 0.0448261 @ 95% credibility (15 tries)
Done in 0.17 min (cpu), 0.17 min (real)
Generate toy 234/250

 -- MarkovChainMC -- 
Limit: r < 2.4655 +/- 0.0321019 @ 95% credibility (15 tries)
Done in 0.14 min (cpu), 0.14 min (real)
Generate toy 235/250

 -- MarkovChainMC -- 
Limit: r < 5.09818 +/- 0.0301062 @ 95% credibility (15 tries)
Done in 0.17 min (cpu), 0.17 min (real)
Generate toy 236/250

 -- MarkovChainMC -- 
Limit: r < 5.09355 +/- 0.0300211 @ 95% credibility (15 tries)
Done in 0.17 min (cpu), 0.18 min (real)
Generate toy 237/250

 -- MarkovChainMC -- 
Limit: r < 3.72665 +/- 0.0393246 @ 95% credibility (15 tries)
Done in 0.18 min (cpu), 0.18 min (real)
Generate toy 238/250

 -- MarkovChainMC -- 
Limit: r < 4.07341 +/- 0.0232896 @ 95% credibility (15 tries)
Done in 0.18 min (cpu), 0.18 min (real)
Generate toy 239/250

 -- MarkovChainMC -- 
Limit: r < 7.05197 +/- 0.0648075 @ 95% credibility (15 tries)
Done in 0.18 min (cpu), 0.18 min (real)
Generate toy 240/250

 -- MarkovChainMC -- 
Limit: r < 4.01912 +/- 0.0423278 @ 95% credibility (15 tries)
Done in 0.15 min (cpu), 0.15 min (real)
Generate toy 241/250

 -- MarkovChainMC -- 
Limit: r < 3.9665 +/- 0.0285046 @ 95% credibility (15 tries)
Done in 0.12 min (cpu), 0.12 min (real)
Generate toy 242/250

 -- MarkovChainMC -- 
Limit: r < 3.2878 +/- 0.0183528 @ 95% credibility (15 tries)
Done in 0.11 min (cpu), 0.12 min (real)
Generate toy 243/250

 -- MarkovChainMC -- 
Limit: r < 4.75444 +/- 0.0565629 @ 95% credibility (15 tries)
Done in 0.17 min (cpu), 0.17 min (real)
Generate toy 244/250

 -- MarkovChainMC -- 
Limit: r < 3.06968 +/- 0.0208626 @ 95% credibility (15 tries)
Done in 0.18 min (cpu), 0.18 min (real)
Generate toy 245/250

 -- MarkovChainMC -- 
Limit: r < 2.42832 +/- 0.0202072 @ 95% credibility (15 tries)
Done in 0.17 min (cpu), 0.17 min (real)
Generate toy 246/250

 -- MarkovChainMC -- 
Limit: r < 4.61145 +/- 0.0502643 @ 95% credibility (15 tries)
Done in 0.18 min (cpu), 0.18 min (real)
Generate toy 247/250

 -- MarkovChainMC -- 
Limit: r < 4.27577 +/- 0.0354533 @ 95% credibility (15 tries)
Done in 0.18 min (cpu), 0.18 min (real)
Generate toy 248/250

 -- MarkovChainMC -- 
Limit: r < 3.33399 +/- 0.0486607 @ 95% credibility (15 tries)
Done in 0.17 min (cpu), 0.17 min (real)
Generate toy 249/250

 -- MarkovChainMC -- 
Limit: r < 2.14146 +/- 0.0246968 @ 95% credibility (15 tries)
Done in 0.14 min (cpu), 0.15 min (real)
Generate toy 250/250

 -- MarkovChainMC -- 
Limit: r < 4.12535 +/- 0.0509861 @ 95% credibility (15 tries)
Done in 0.16 min (cpu), 0.16 min (real)
mean   expected limit: r < 4.14076 +/- 0.0873652 @ 95%CL (250 toyMC)
median expected limit: r < 3.91625 @ 95%CL (250 toyMC)
   68% expected band : 2.82875 < r < 5.41996
   95% expected band : 2.13779 < r < 7.69313
