 <<< Combine >>> 
 <<< v10.0.2 >>>
>>> Used OpenSSL to get a truly random seed -2052834550
>>> Method used is MarkovChainMC
============================================================
Analyzing bin errors for: prop_binmuon_channel
Poisson cut-off: 10
Processes excluded for sums: Wprime5600_kR2
============================================================
Bin        Contents        Error           Notes                         
0          5490.444046     14.389615       total sum                     
0          5489.009974     14.389572       excluding marked processes    
0          145510.000000   381.457730      Unweighted events, alpha=0.037732
  => Total parameter prop_binmuon_channel_bin0[0.00,-7.00,7.00] to be Gaussian constrained
------------------------------------------------------------
1          2092.794606     7.507892        total sum                     
1          2091.469679     7.507819        excluding marked processes    
1          77602.000000    278.571355      Unweighted events, alpha=0.026968
  => Total parameter prop_binmuon_channel_bin1[0.00,-7.00,7.00] to be Gaussian constrained
------------------------------------------------------------
2          926.487450      5.743339        total sum                     
2          925.287269      5.743251        excluding marked processes    
2          25956.000000    161.108659      Unweighted events, alpha=0.035695
  => Total parameter prop_binmuon_channel_bin2[0.00,-7.00,7.00] to be Gaussian constrained
------------------------------------------------------------
3          463.829639      3.622212        total sum                     
3          462.717279      3.622082        excluding marked processes    
3          16320.000000    127.749755      Unweighted events, alpha=0.028421
  => Total parameter prop_binmuon_channel_bin3[0.00,-7.00,7.00] to be Gaussian constrained
------------------------------------------------------------
4          241.191252      1.534073        total sum                     
4          240.228093      1.533810        excluding marked processes    
4          24530.000000    156.620561      Unweighted events, alpha=0.009833
  => Total parameter prop_binmuon_channel_bin4[0.00,-7.00,7.00] to be Gaussian constrained
------------------------------------------------------------
5          139.980554      1.743115        total sum                     
5          139.121722      1.742909        excluding marked processes    
5          6371.000000     79.818544       Unweighted events, alpha=0.021972
  => Total parameter prop_binmuon_channel_bin5[0.00,-7.00,7.00] to be Gaussian constrained
------------------------------------------------------------
6          134.261400      1.065215        total sum                     
6          132.798509      1.064641        excluding marked processes    
6          15559.000000    124.735721      Unweighted events, alpha=0.008629
  => Total parameter prop_binmuon_channel_bin6[0.00,-7.00,7.00] to be Gaussian constrained
------------------------------------------------------------
7          53.063317       0.722320        total sum                     
7          51.876344       0.721630        excluding marked processes    
7          5168.000000     71.888803       Unweighted events, alpha=0.010268
  => Total parameter prop_binmuon_channel_bin7[0.00,-7.00,7.00] to be Gaussian constrained
------------------------------------------------------------
8          30.696261       0.470082        total sum                     
8          29.337675       0.468872        excluding marked processes    
8          3915.000000     62.569961       Unweighted events, alpha=0.007841
  => Total parameter prop_binmuon_channel_bin8[0.00,-7.00,7.00] to be Gaussian constrained
------------------------------------------------------------
9          10.985961       0.335836        total sum                     
9          9.941359        0.334523        excluding marked processes    
9          883.000000      29.715316       Unweighted events, alpha=0.012442
  => Total parameter prop_binmuon_channel_bin9[0.00,-7.00,7.00] to be Gaussian constrained
------------------------------------------------------------
10         5.110712        0.109277        total sum                     
10         4.165375        0.105525        excluding marked processes    
10         1558.000000     39.471509       Unweighted events, alpha=0.003280
  => Total parameter prop_binmuon_channel_bin10[0.00,-7.00,7.00] to be Gaussian constrained
------------------------------------------------------------
11         2.872713        0.220280        total sum                     
11         1.762132        0.218174        excluding marked processes    
11         65.000000       8.062258        Unweighted events, alpha=0.044196
  => Total parameter prop_binmuon_channel_bin11[0.00,-7.00,7.00] to be Gaussian constrained
------------------------------------------------------------
12         1.036579        0.025318        total sum                     
12         0.276349        0.001778        excluding marked processes    
12         24153.000000    155.412355      Unweighted events, alpha=0.000043
  => Total parameter prop_binmuon_channel_bin12[0.00,-7.00,7.00] to be Gaussian constrained
------------------------------------------------------------
13         1.507036        0.034397        total sum                     
13         0.085750        0.001214        excluding marked processes    
13         4991.000000     70.647010       Unweighted events, alpha=0.000302
  => Total parameter prop_binmuon_channel_bin13[0.00,-7.00,7.00] to be Gaussian constrained
------------------------------------------------------------
14         0.577904        0.021902        total sum                     
14         0.007105        0.001511        excluding marked processes    
14         22.000000       4.690416        Unweighted events, alpha=0.026268
  => Total parameter prop_binmuon_channel_bin14[0.00,-7.00,7.00] to be Gaussian constrained
------------------------------------------------------------
15         0.073335        0.007602        total sum                     
15         0.001078        0.000054        excluding marked processes    
15         404.000000      20.099751       Unweighted events, alpha=0.000182
  => Total parameter prop_binmuon_channel_bin15[0.00,-7.00,7.00] to be Gaussian constrained
------------------------------------------------------------
Channel muon_channel will use autoMCStats with settings: event-threshold=10, include-signal=0, hist-mode=1
Generate toy 1/250

 -- MarkovChainMC -- 
Limit: r < 0.691306 +/- 0.00881284 @ 95% credibility (15 tries)
Done in 0.16 min (cpu), 0.16 min (real)
Generate toy 2/250

 -- MarkovChainMC -- 
Limit: r < 1.11334 +/- 0.0123776 @ 95% credibility (15 tries)
Done in 0.17 min (cpu), 0.18 min (real)
Generate toy 3/250

 -- MarkovChainMC -- 
Limit: r < 1.39874 +/- 0.0198005 @ 95% credibility (15 tries)
Done in 0.18 min (cpu), 0.18 min (real)
Generate toy 4/250

 -- MarkovChainMC -- 
Limit: r < 1.67259 +/- 0.0144406 @ 95% credibility (15 tries)
Done in 0.17 min (cpu), 0.17 min (real)
Generate toy 5/250

 -- MarkovChainMC -- 
Limit: r < 1.35285 +/- 0.00739061 @ 95% credibility (15 tries)
Done in 0.16 min (cpu), 0.16 min (real)
Generate toy 6/250

 -- MarkovChainMC -- 
Limit: r < 1.16717 +/- 0.0117775 @ 95% credibility (15 tries)
Done in 0.14 min (cpu), 0.14 min (real)
Generate toy 7/250

 -- MarkovChainMC -- 
Limit: r < 1.14831 +/- 0.00801493 @ 95% credibility (15 tries)
Done in 0.17 min (cpu), 0.17 min (real)
Generate toy 8/250

 -- MarkovChainMC -- 
Limit: r < 1.1462 +/- 0.0080756 @ 95% credibility (15 tries)
Done in 0.14 min (cpu), 0.14 min (real)
Generate toy 9/250

 -- MarkovChainMC -- 
Limit: r < 1.1712 +/- 0.0138271 @ 95% credibility (15 tries)
Done in 0.17 min (cpu), 0.17 min (real)
Generate toy 10/250

 -- MarkovChainMC -- 
Limit: r < 0.753647 +/- 0.00760733 @ 95% credibility (15 tries)
Done in 0.13 min (cpu), 0.13 min (real)
Generate toy 11/250

 -- MarkovChainMC -- 
Limit: r < 0.749218 +/- 0.010088 @ 95% credibility (15 tries)
Done in 0.15 min (cpu), 0.15 min (real)
Generate toy 12/250

 -- MarkovChainMC -- 
Limit: r < 0.645204 +/- 0.0111643 @ 95% credibility (15 tries)
Done in 0.14 min (cpu), 0.15 min (real)
Generate toy 13/250

 -- MarkovChainMC -- 
Limit: r < 1.38339 +/- 0.00514748 @ 95% credibility (15 tries)
Done in 0.16 min (cpu), 0.16 min (real)
Generate toy 14/250

 -- MarkovChainMC -- 
Limit: r < 1.15816 +/- 0.0120796 @ 95% credibility (15 tries)
Done in 0.17 min (cpu), 0.17 min (real)
Generate toy 15/250

 -- MarkovChainMC -- 
Limit: r < 1.53853 +/- 0.0103842 @ 95% credibility (15 tries)
Done in 0.17 min (cpu), 0.17 min (real)
Generate toy 16/250

 -- MarkovChainMC -- 
Limit: r < 0.929812 +/- 0.0131715 @ 95% credibility (15 tries)
Done in 0.17 min (cpu), 0.18 min (real)
Generate toy 17/250

 -- MarkovChainMC -- 
Limit: r < 0.898161 +/- 0.0148697 @ 95% credibility (15 tries)
Done in 0.17 min (cpu), 0.17 min (real)
Generate toy 18/250

 -- MarkovChainMC -- 
Limit: r < 0.796588 +/- 0.00821383 @ 95% credibility (15 tries)
Done in 0.14 min (cpu), 0.15 min (real)
Generate toy 19/250

 -- MarkovChainMC -- 
Limit: r < 1.44146 +/- 0.0171782 @ 95% credibility (15 tries)
Done in 0.13 min (cpu), 0.13 min (real)
Generate toy 20/250

 -- MarkovChainMC -- 
Limit: r < 1.25533 +/- 0.00793659 @ 95% credibility (15 tries)
Done in 0.14 min (cpu), 0.14 min (real)
Generate toy 21/250

 -- MarkovChainMC -- 
Limit: r < 1.17122 +/- 0.0119988 @ 95% credibility (15 tries)
Done in 0.14 min (cpu), 0.14 min (real)
Generate toy 22/250

 -- MarkovChainMC -- 
Limit: r < 1.12402 +/- 0.0192596 @ 95% credibility (15 tries)
Done in 0.16 min (cpu), 0.16 min (real)
Generate toy 23/250

 -- MarkovChainMC -- 
Limit: r < 0.975089 +/- 0.016234 @ 95% credibility (15 tries)
Done in 0.16 min (cpu), 0.16 min (real)
Generate toy 24/250

 -- MarkovChainMC -- 
Limit: r < 1.42623 +/- 0.0102265 @ 95% credibility (15 tries)
Done in 0.15 min (cpu), 0.15 min (real)
Generate toy 25/250

 -- MarkovChainMC -- 
Limit: r < 0.719546 +/- 0.0105793 @ 95% credibility (15 tries)
Done in 0.13 min (cpu), 0.13 min (real)
Generate toy 26/250

 -- MarkovChainMC -- 
Limit: r < 0.716945 +/- 0.00750598 @ 95% credibility (15 tries)
Done in 0.17 min (cpu), 0.17 min (real)
Generate toy 27/250

 -- MarkovChainMC -- 
Limit: r < 1.65074 +/- 0.00945894 @ 95% credibility (15 tries)
Done in 0.14 min (cpu), 0.14 min (real)
Generate toy 28/250

 -- MarkovChainMC -- 
Limit: r < 1.08384 +/- 0.0137766 @ 95% credibility (15 tries)
Done in 0.16 min (cpu), 0.16 min (real)
Generate toy 29/250

 -- MarkovChainMC -- 
Limit: r < 1.05623 +/- 0.0139925 @ 95% credibility (15 tries)
Done in 0.16 min (cpu), 0.16 min (real)
Generate toy 30/250

 -- MarkovChainMC -- 
Limit: r < 1.15623 +/- 0.00543704 @ 95% credibility (15 tries)
Done in 0.16 min (cpu), 0.17 min (real)
Generate toy 31/250

 -- MarkovChainMC -- 
Limit: r < 1.38147 +/- 0.0155003 @ 95% credibility (15 tries)
Done in 0.17 min (cpu), 0.17 min (real)
Generate toy 32/250

 -- MarkovChainMC -- 
Limit: r < 0.817522 +/- 0.0116987 @ 95% credibility (15 tries)
Done in 0.17 min (cpu), 0.17 min (real)
Generate toy 33/250

 -- MarkovChainMC -- 
Limit: r < 1.40453 +/- 0.0135202 @ 95% credibility (15 tries)
Done in 0.19 min (cpu), 0.19 min (real)
Generate toy 34/250

 -- MarkovChainMC -- 
Limit: r < 1.08933 +/- 0.0142604 @ 95% credibility (15 tries)
Done in 0.18 min (cpu), 0.18 min (real)
Generate toy 35/250

 -- MarkovChainMC -- 
Limit: r < 1.51325 +/- 0.0168413 @ 95% credibility (15 tries)
Done in 0.16 min (cpu), 0.16 min (real)
Generate toy 36/250

 -- MarkovChainMC -- 
Limit: r < 0.691851 +/- 0.0108944 @ 95% credibility (15 tries)
Done in 0.16 min (cpu), 0.16 min (real)
Generate toy 37/250

 -- MarkovChainMC -- 
Limit: r < 0.713867 +/- 0.00424621 @ 95% credibility (15 tries)
Done in 0.15 min (cpu), 0.15 min (real)
Generate toy 38/250

 -- MarkovChainMC -- 
Limit: r < 0.761328 +/- 0.0117226 @ 95% credibility (15 tries)
Done in 0.15 min (cpu), 0.15 min (real)
Generate toy 39/250

 -- MarkovChainMC -- 
Limit: r < 0.961912 +/- 0.0113989 @ 95% credibility (15 tries)
Done in 0.14 min (cpu), 0.14 min (real)
Generate toy 40/250

 -- MarkovChainMC -- 
Limit: r < 0.939467 +/- 0.00621711 @ 95% credibility (15 tries)
Done in 0.16 min (cpu), 0.16 min (real)
Generate toy 41/250

 -- MarkovChainMC -- 
Limit: r < 1.08434 +/- 0.0139817 @ 95% credibility (15 tries)
Done in 0.16 min (cpu), 0.16 min (real)
Generate toy 42/250

 -- MarkovChainMC -- 
Limit: r < 0.821136 +/- 0.00738463 @ 95% credibility (15 tries)
Done in 0.16 min (cpu), 0.16 min (real)
Generate toy 43/250

 -- MarkovChainMC -- 
Limit: r < 0.67895 +/- 0.00532919 @ 95% credibility (15 tries)
Done in 0.15 min (cpu), 0.15 min (real)
Generate toy 44/250

 -- MarkovChainMC -- 
Limit: r < 0.675524 +/- 0.00541026 @ 95% credibility (15 tries)
Done in 0.16 min (cpu), 0.16 min (real)
Generate toy 45/250

 -- MarkovChainMC -- 
Limit: r < 0.921333 +/- 0.008878 @ 95% credibility (15 tries)
Done in 0.16 min (cpu), 0.17 min (real)
Generate toy 46/250

 -- MarkovChainMC -- 
Limit: r < 1.12739 +/- 0.0100284 @ 95% credibility (15 tries)
Done in 0.18 min (cpu), 0.18 min (real)
Generate toy 47/250

 -- MarkovChainMC -- 
Limit: r < 0.853048 +/- 0.0104855 @ 95% credibility (15 tries)
Done in 0.16 min (cpu), 0.16 min (real)
Generate toy 48/250

 -- MarkovChainMC -- 
Limit: r < 0.766044 +/- 0.0116281 @ 95% credibility (15 tries)
Done in 0.15 min (cpu), 0.16 min (real)
Generate toy 49/250

 -- MarkovChainMC -- 
Limit: r < 1.76323 +/- 0.0171401 @ 95% credibility (15 tries)
Done in 0.18 min (cpu), 0.18 min (real)
Generate toy 50/250

 -- MarkovChainMC -- 
Limit: r < 0.771918 +/- 0.00445848 @ 95% credibility (15 tries)
Done in 0.15 min (cpu), 0.15 min (real)
Generate toy 51/250

 -- MarkovChainMC -- 
Limit: r < 0.834154 +/- 0.00955517 @ 95% credibility (15 tries)
Done in 0.17 min (cpu), 0.17 min (real)
Generate toy 52/250

 -- MarkovChainMC -- 
Limit: r < 0.763135 +/- 0.00765923 @ 95% credibility (15 tries)
Done in 0.14 min (cpu), 0.14 min (real)
Generate toy 53/250

 -- MarkovChainMC -- 
Limit: r < 0.947542 +/- 0.0137962 @ 95% credibility (15 tries)
Done in 0.15 min (cpu), 0.15 min (real)
Generate toy 54/250

 -- MarkovChainMC -- 
Limit: r < 1.28055 +/- 0.0231245 @ 95% credibility (15 tries)
Done in 0.14 min (cpu), 0.14 min (real)
Generate toy 55/250

 -- MarkovChainMC -- 
Limit: r < 1.46408 +/- 0.0158702 @ 95% credibility (15 tries)
Done in 0.17 min (cpu), 0.17 min (real)
Generate toy 56/250

 -- MarkovChainMC -- 
Limit: r < 0.761125 +/- 0.0136095 @ 95% credibility (15 tries)
Done in 0.17 min (cpu), 0.18 min (real)
Generate toy 57/250

 -- MarkovChainMC -- 
Limit: r < 0.700127 +/- 0.0117362 @ 95% credibility (15 tries)
Done in 0.17 min (cpu), 0.17 min (real)
Generate toy 58/250

 -- MarkovChainMC -- 
Limit: r < 0.979111 +/- 0.00948361 @ 95% credibility (15 tries)
Done in 0.18 min (cpu), 0.18 min (real)
Generate toy 59/250

 -- MarkovChainMC -- 
Limit: r < 1.50614 +/- 0.00927893 @ 95% credibility (15 tries)
Done in 0.19 min (cpu), 0.19 min (real)
Generate toy 60/250

 -- MarkovChainMC -- 
Limit: r < 0.823462 +/- 0.0156393 @ 95% credibility (15 tries)
Done in 0.16 min (cpu), 0.16 min (real)
Generate toy 61/250

 -- MarkovChainMC -- 
Limit: r < 2.08214 +/- 0.0141547 @ 95% credibility (15 tries)
Done in 0.17 min (cpu), 0.17 min (real)
Generate toy 62/250

 -- MarkovChainMC -- 
Limit: r < 1.40102 +/- 0.0123354 @ 95% credibility (15 tries)
Done in 0.18 min (cpu), 0.18 min (real)
Generate toy 63/250

 -- MarkovChainMC -- 
Limit: r < 0.996092 +/- 0.012993 @ 95% credibility (15 tries)
Done in 0.17 min (cpu), 0.17 min (real)
Generate toy 64/250

 -- MarkovChainMC -- 
Limit: r < 0.961191 +/- 0.00844189 @ 95% credibility (15 tries)
Done in 0.17 min (cpu), 0.17 min (real)
Generate toy 65/250

 -- MarkovChainMC -- 
Limit: r < 0.862223 +/- 0.0082771 @ 95% credibility (15 tries)
Done in 0.17 min (cpu), 0.17 min (real)
Generate toy 66/250

 -- MarkovChainMC -- 
Limit: r < 0.830782 +/- 0.0120052 @ 95% credibility (15 tries)
Done in 0.15 min (cpu), 0.15 min (real)
Generate toy 67/250

 -- MarkovChainMC -- 
Limit: r < 0.826698 +/- 0.0104535 @ 95% credibility (15 tries)
Done in 0.13 min (cpu), 0.13 min (real)
Generate toy 68/250

 -- MarkovChainMC -- 
Limit: r < 1.27237 +/- 0.0148875 @ 95% credibility (15 tries)
Done in 0.13 min (cpu), 0.13 min (real)
Generate toy 69/250

 -- MarkovChainMC -- 
Limit: r < 1.61979 +/- 0.019038 @ 95% credibility (15 tries)
Done in 0.18 min (cpu), 0.18 min (real)
Generate toy 70/250

 -- MarkovChainMC -- 
Limit: r < 1.39862 +/- 0.0150279 @ 95% credibility (15 tries)
Done in 0.17 min (cpu), 0.17 min (real)
Generate toy 71/250

 -- MarkovChainMC -- 
Limit: r < 1.01899 +/- 0.0107635 @ 95% credibility (15 tries)
Done in 0.16 min (cpu), 0.17 min (real)
Generate toy 72/250

 -- MarkovChainMC -- 
Limit: r < 0.739384 +/- 0.00390468 @ 95% credibility (15 tries)
Done in 0.16 min (cpu), 0.16 min (real)
Generate toy 73/250

 -- MarkovChainMC -- 
Limit: r < 1.38802 +/- 0.010218 @ 95% credibility (15 tries)
Done in 0.17 min (cpu), 0.18 min (real)
Generate toy 74/250

 -- MarkovChainMC -- 
Limit: r < 0.719349 +/- 0.00674285 @ 95% credibility (15 tries)
Done in 0.13 min (cpu), 0.13 min (real)
Generate toy 75/250

 -- MarkovChainMC -- 
Limit: r < 1.38755 +/- 0.00589147 @ 95% credibility (15 tries)
Done in 0.14 min (cpu), 0.14 min (real)
Generate toy 76/250

 -- MarkovChainMC -- 
Limit: r < 0.952263 +/- 0.0108199 @ 95% credibility (15 tries)
Done in 0.18 min (cpu), 0.18 min (real)
Generate toy 77/250

 -- MarkovChainMC -- 
Limit: r < 1.72324 +/- 0.0146123 @ 95% credibility (15 tries)
Done in 0.19 min (cpu), 0.19 min (real)
Generate toy 78/250

 -- MarkovChainMC -- 
Limit: r < 0.888163 +/- 0.00742067 @ 95% credibility (15 tries)
Done in 0.16 min (cpu), 0.16 min (real)
Generate toy 79/250

 -- MarkovChainMC -- 
Limit: r < 0.995826 +/- 0.00683355 @ 95% credibility (15 tries)
Done in 0.16 min (cpu), 0.16 min (real)
Generate toy 80/250

 -- MarkovChainMC -- 
Limit: r < 0.828871 +/- 0.00649157 @ 95% credibility (15 tries)
Done in 0.14 min (cpu), 0.14 min (real)
Generate toy 81/250

 -- MarkovChainMC -- 
Limit: r < 1.11142 +/- 0.00919925 @ 95% credibility (15 tries)
Done in 0.12 min (cpu), 0.12 min (real)
Generate toy 82/250

 -- MarkovChainMC -- 
Limit: r < 0.859358 +/- 0.0110416 @ 95% credibility (15 tries)
Done in 0.17 min (cpu), 0.17 min (real)
Generate toy 83/250

 -- MarkovChainMC -- 
Limit: r < 0.994016 +/- 0.00821235 @ 95% credibility (15 tries)
Done in 0.16 min (cpu), 0.16 min (real)
Generate toy 84/250

 -- MarkovChainMC -- 
Limit: r < 0.913033 +/- 0.00850163 @ 95% credibility (15 tries)
Done in 0.15 min (cpu), 0.15 min (real)
Generate toy 85/250

 -- MarkovChainMC -- 
Limit: r < 1.15404 +/- 0.0208459 @ 95% credibility (15 tries)
Done in 0.13 min (cpu), 0.13 min (real)
Generate toy 86/250

 -- MarkovChainMC -- 
Limit: r < 0.740673 +/- 0.00803716 @ 95% credibility (15 tries)
Done in 0.11 min (cpu), 0.11 min (real)
Generate toy 87/250

 -- MarkovChainMC -- 
Limit: r < 0.765776 +/- 0.00352097 @ 95% credibility (15 tries)
Done in 0.13 min (cpu), 0.13 min (real)
Generate toy 88/250

 -- MarkovChainMC -- 
Limit: r < 1.02956 +/- 0.019019 @ 95% credibility (15 tries)
Done in 0.17 min (cpu), 0.17 min (real)
Generate toy 89/250

 -- MarkovChainMC -- 
Limit: r < 0.736645 +/- 0.00646185 @ 95% credibility (15 tries)
Done in 0.17 min (cpu), 0.17 min (real)
Generate toy 90/250

 -- MarkovChainMC -- 
Limit: r < 0.836239 +/- 0.00681278 @ 95% credibility (15 tries)
Done in 0.17 min (cpu), 0.17 min (real)
Generate toy 91/250

 -- MarkovChainMC -- 
Limit: r < 1.26522 +/- 0.0106489 @ 95% credibility (15 tries)
Done in 0.17 min (cpu), 0.17 min (real)
Generate toy 92/250

 -- MarkovChainMC -- 
Limit: r < 0.910151 +/- 0.0073762 @ 95% credibility (15 tries)
Done in 0.16 min (cpu), 0.16 min (real)
Generate toy 93/250

 -- MarkovChainMC -- 
Limit: r < 0.996292 +/- 0.01001 @ 95% credibility (15 tries)
Done in 0.16 min (cpu), 0.16 min (real)
Generate toy 94/250

 -- MarkovChainMC -- 
Limit: r < 0.848091 +/- 0.00701661 @ 95% credibility (15 tries)
Done in 0.17 min (cpu), 0.17 min (real)
Generate toy 95/250

 -- MarkovChainMC -- 
Limit: r < 1.64936 +/- 0.00781563 @ 95% credibility (15 tries)
Done in 0.17 min (cpu), 0.17 min (real)
Generate toy 96/250

 -- MarkovChainMC -- 
Limit: r < 0.914501 +/- 0.0101811 @ 95% credibility (15 tries)
Done in 0.16 min (cpu), 0.16 min (real)
Generate toy 97/250

 -- MarkovChainMC -- 
Limit: r < 0.914513 +/- 0.00366484 @ 95% credibility (15 tries)
Done in 0.16 min (cpu), 0.17 min (real)
Generate toy 98/250

 -- MarkovChainMC -- 
Limit: r < 1.14721 +/- 0.0113586 @ 95% credibility (15 tries)
Done in 0.16 min (cpu), 0.16 min (real)
Generate toy 99/250

 -- MarkovChainMC -- 
Limit: r < 1.3417 +/- 0.0136931 @ 95% credibility (15 tries)
Done in 0.17 min (cpu), 0.17 min (real)
Generate toy 100/250

 -- MarkovChainMC -- 
Limit: r < 1.33746 +/- 0.00491175 @ 95% credibility (15 tries)
Done in 0.17 min (cpu), 0.17 min (real)
Generate toy 101/250

 -- MarkovChainMC -- 
Limit: r < 0.790357 +/- 0.0104514 @ 95% credibility (15 tries)
Done in 0.16 min (cpu), 0.16 min (real)
Generate toy 102/250

 -- MarkovChainMC -- 
Limit: r < 1.04498 +/- 0.0137839 @ 95% credibility (15 tries)
Done in 0.15 min (cpu), 0.15 min (real)
Generate toy 103/250

 -- MarkovChainMC -- 
Limit: r < 0.891644 +/- 0.00665426 @ 95% credibility (15 tries)
Done in 0.16 min (cpu), 0.16 min (real)
Generate toy 104/250

 -- MarkovChainMC -- 
Limit: r < 1.19292 +/- 0.0165663 @ 95% credibility (15 tries)
Done in 0.16 min (cpu), 0.17 min (real)
Generate toy 105/250

 -- MarkovChainMC -- 
Limit: r < 1.94166 +/- 0.01104 @ 95% credibility (15 tries)
Done in 0.19 min (cpu), 0.20 min (real)
Generate toy 106/250

 -- MarkovChainMC -- 
Limit: r < 1.42532 +/- 0.0149007 @ 95% credibility (15 tries)
Done in 0.19 min (cpu), 0.19 min (real)
Generate toy 107/250

 -- MarkovChainMC -- 
Limit: r < 1.12943 +/- 0.00749563 @ 95% credibility (15 tries)
Done in 0.18 min (cpu), 0.18 min (real)
Generate toy 108/250

 -- MarkovChainMC -- 
Limit: r < 1.12224 +/- 0.0126006 @ 95% credibility (15 tries)
Done in 0.18 min (cpu), 0.18 min (real)
Generate toy 109/250

 -- MarkovChainMC -- 
Limit: r < 0.823884 +/- 0.0147506 @ 95% credibility (15 tries)
Done in 0.18 min (cpu), 0.18 min (real)
Generate toy 110/250

 -- MarkovChainMC -- 
Limit: r < 1.34005 +/- 0.00832348 @ 95% credibility (15 tries)
Done in 0.19 min (cpu), 0.19 min (real)
Generate toy 111/250

 -- MarkovChainMC -- 
Limit: r < 0.796963 +/- 0.00678282 @ 95% credibility (15 tries)
Done in 0.18 min (cpu), 0.18 min (real)
Generate toy 112/250

 -- MarkovChainMC -- 
Limit: r < 0.965523 +/- 0.00791504 @ 95% credibility (15 tries)
Done in 0.17 min (cpu), 0.17 min (real)
Generate toy 113/250

 -- MarkovChainMC -- 
Limit: r < 1.06675 +/- 0.00882868 @ 95% credibility (15 tries)
Done in 0.14 min (cpu), 0.14 min (real)
Generate toy 114/250

 -- MarkovChainMC -- 
Limit: r < 1.24102 +/- 0.00689244 @ 95% credibility (15 tries)
Done in 0.19 min (cpu), 0.19 min (real)
Generate toy 115/250

 -- MarkovChainMC -- 
Limit: r < 0.755601 +/- 0.0130296 @ 95% credibility (15 tries)
Done in 0.18 min (cpu), 0.18 min (real)
Generate toy 116/250

 -- MarkovChainMC -- 
Limit: r < 0.916466 +/- 0.0085325 @ 95% credibility (15 tries)
Done in 0.18 min (cpu), 0.18 min (real)
Generate toy 117/250

 -- MarkovChainMC -- 
Limit: r < 1.23862 +/- 0.0130813 @ 95% credibility (15 tries)
Done in 0.18 min (cpu), 0.19 min (real)
Generate toy 118/250

 -- MarkovChainMC -- 
Limit: r < 1.41762 +/- 0.01461 @ 95% credibility (15 tries)
Done in 0.16 min (cpu), 0.16 min (real)
Generate toy 119/250

 -- MarkovChainMC -- 
Limit: r < 0.896963 +/- 0.00896346 @ 95% credibility (15 tries)
Done in 0.18 min (cpu), 0.18 min (real)
Generate toy 120/250

 -- MarkovChainMC -- 
Limit: r < 1.16928 +/- 0.0126058 @ 95% credibility (15 tries)
Done in 0.18 min (cpu), 0.18 min (real)
Generate toy 121/250

 -- MarkovChainMC -- 
Limit: r < 0.820221 +/- 0.00980403 @ 95% credibility (15 tries)
Done in 0.15 min (cpu), 0.15 min (real)
Generate toy 122/250

 -- MarkovChainMC -- 
Limit: r < 0.951832 +/- 0.00815766 @ 95% credibility (15 tries)
Done in 0.13 min (cpu), 0.13 min (real)
Generate toy 123/250

 -- MarkovChainMC -- 
Limit: r < 1.02401 +/- 0.00716862 @ 95% credibility (15 tries)
Done in 0.17 min (cpu), 0.17 min (real)
Generate toy 124/250

 -- MarkovChainMC -- 
Limit: r < 1.30302 +/- 0.0123723 @ 95% credibility (15 tries)
Done in 0.19 min (cpu), 0.19 min (real)
Generate toy 125/250

 -- MarkovChainMC -- 
Limit: r < 1.0417 +/- 0.0147503 @ 95% credibility (15 tries)
Done in 0.18 min (cpu), 0.18 min (real)
Generate toy 126/250

 -- MarkovChainMC -- 
Limit: r < 0.851449 +/- 0.00285148 @ 95% credibility (15 tries)
Done in 0.17 min (cpu), 0.17 min (real)
Generate toy 127/250

 -- MarkovChainMC -- 
Limit: r < 1.03267 +/- 0.0149439 @ 95% credibility (15 tries)
Done in 0.17 min (cpu), 0.18 min (real)
Generate toy 128/250

 -- MarkovChainMC -- 
Limit: r < 1.2943 +/- 0.0213564 @ 95% credibility (15 tries)
Done in 0.19 min (cpu), 0.19 min (real)
Generate toy 129/250

 -- MarkovChainMC -- 
Limit: r < 0.805775 +/- 0.0118604 @ 95% credibility (15 tries)
Done in 0.17 min (cpu), 0.17 min (real)
Generate toy 130/250

 -- MarkovChainMC -- 
Limit: r < 1.16737 +/- 0.0105196 @ 95% credibility (15 tries)
Done in 0.18 min (cpu), 0.18 min (real)
Generate toy 131/250

 -- MarkovChainMC -- 
Limit: r < 1.03692 +/- 0.0149214 @ 95% credibility (15 tries)
Done in 0.16 min (cpu), 0.16 min (real)
Generate toy 132/250

 -- MarkovChainMC -- 
Limit: r < 1.66622 +/- 0.0118195 @ 95% credibility (15 tries)
Done in 0.17 min (cpu), 0.17 min (real)
Generate toy 133/250

 -- MarkovChainMC -- 
Limit: r < 0.808706 +/- 0.00975067 @ 95% credibility (15 tries)
Done in 0.17 min (cpu), 0.17 min (real)
Generate toy 134/250

 -- MarkovChainMC -- 
Limit: r < 0.778452 +/- 0.00749746 @ 95% credibility (15 tries)
Done in 0.16 min (cpu), 0.16 min (real)
Generate toy 135/250

 -- MarkovChainMC -- 
Limit: r < 0.910597 +/- 0.00737626 @ 95% credibility (15 tries)
Done in 0.17 min (cpu), 0.17 min (real)
Generate toy 136/250

 -- MarkovChainMC -- 
Limit: r < 0.868147 +/- 0.00872921 @ 95% credibility (15 tries)
Done in 0.16 min (cpu), 0.16 min (real)
Generate toy 137/250

 -- MarkovChainMC -- 
Limit: r < 0.926862 +/- 0.0114102 @ 95% credibility (15 tries)
Done in 0.16 min (cpu), 0.17 min (real)
Generate toy 138/250

 -- MarkovChainMC -- 
Limit: r < 0.935608 +/- 0.0137866 @ 95% credibility (15 tries)
Done in 0.17 min (cpu), 0.17 min (real)
Generate toy 139/250

 -- MarkovChainMC -- 
Limit: r < 0.809446 +/- 0.0075213 @ 95% credibility (15 tries)
Done in 0.18 min (cpu), 0.18 min (real)
Generate toy 140/250

 -- MarkovChainMC -- 
Limit: r < 0.781225 +/- 0.00627686 @ 95% credibility (15 tries)
Done in 0.17 min (cpu), 0.18 min (real)
Generate toy 141/250

 -- MarkovChainMC -- 
Limit: r < 1.14096 +/- 0.0139207 @ 95% credibility (15 tries)
Done in 0.18 min (cpu), 0.18 min (real)
Generate toy 142/250

 -- MarkovChainMC -- 
Limit: r < 1.50263 +/- 0.0081662 @ 95% credibility (15 tries)
Done in 0.19 min (cpu), 0.19 min (real)
Generate toy 143/250

 -- MarkovChainMC -- 
Limit: r < 0.843061 +/- 0.0070734 @ 95% credibility (15 tries)
Done in 0.17 min (cpu), 0.18 min (real)
Generate toy 144/250

 -- MarkovChainMC -- 
Limit: r < 0.961557 +/- 0.00372056 @ 95% credibility (15 tries)
Done in 0.18 min (cpu), 0.18 min (real)
Generate toy 145/250

 -- MarkovChainMC -- 
Limit: r < 1.02713 +/- 0.0119408 @ 95% credibility (15 tries)
Done in 0.18 min (cpu), 0.18 min (real)
Generate toy 146/250

 -- MarkovChainMC -- 
Limit: r < 0.714574 +/- 0.00822122 @ 95% credibility (15 tries)
Done in 0.18 min (cpu), 0.18 min (real)
Generate toy 147/250

 -- MarkovChainMC -- 
Limit: r < 1.33688 +/- 0.00760088 @ 95% credibility (15 tries)
Done in 0.19 min (cpu), 0.19 min (real)
Generate toy 148/250

 -- MarkovChainMC -- 
Limit: r < 1.09115 +/- 0.00710976 @ 95% credibility (15 tries)
Done in 0.18 min (cpu), 0.18 min (real)
Generate toy 149/250

 -- MarkovChainMC -- 
Limit: r < 0.910678 +/- 0.00856928 @ 95% credibility (15 tries)
Done in 0.17 min (cpu), 0.17 min (real)
Generate toy 150/250

 -- MarkovChainMC -- 
Limit: r < 1.18007 +/- 0.0124212 @ 95% credibility (15 tries)
Done in 0.18 min (cpu), 0.19 min (real)
Generate toy 151/250

 -- MarkovChainMC -- 
Limit: r < 1.70736 +/- 0.0129077 @ 95% credibility (15 tries)
Done in 0.19 min (cpu), 0.19 min (real)
Generate toy 152/250

 -- MarkovChainMC -- 
Limit: r < 0.850121 +/- 0.00939403 @ 95% credibility (15 tries)
Done in 0.16 min (cpu), 0.16 min (real)
Generate toy 153/250

 -- MarkovChainMC -- 
Limit: r < 0.932745 +/- 0.00922148 @ 95% credibility (15 tries)
Done in 0.16 min (cpu), 0.16 min (real)
Generate toy 154/250

 -- MarkovChainMC -- 
Limit: r < 1.34148 +/- 0.0185407 @ 95% credibility (15 tries)
Done in 0.18 min (cpu), 0.18 min (real)
Generate toy 155/250

 -- MarkovChainMC -- 
Limit: r < 0.935459 +/- 0.0062725 @ 95% credibility (15 tries)
Done in 0.15 min (cpu), 0.15 min (real)
Generate toy 156/250

 -- MarkovChainMC -- 
Limit: r < 0.643165 +/- 0.0113295 @ 95% credibility (15 tries)
Done in 0.16 min (cpu), 0.17 min (real)
Generate toy 157/250

 -- MarkovChainMC -- 
Limit: r < 1.63059 +/- 0.0135554 @ 95% credibility (15 tries)
Done in 0.19 min (cpu), 0.19 min (real)
Generate toy 158/250

 -- MarkovChainMC -- 
Limit: r < 1.01174 +/- 0.00689045 @ 95% credibility (15 tries)
Done in 0.15 min (cpu), 0.15 min (real)
Generate toy 159/250

 -- MarkovChainMC -- 
Limit: r < 0.757031 +/- 0.0141892 @ 95% credibility (15 tries)
Done in 0.14 min (cpu), 0.14 min (real)
Generate toy 160/250

 -- MarkovChainMC -- 
Limit: r < 0.838844 +/- 0.0168336 @ 95% credibility (15 tries)
Done in 0.15 min (cpu), 0.16 min (real)
Generate toy 161/250

 -- MarkovChainMC -- 
Limit: r < 0.919994 +/- 0.0114093 @ 95% credibility (15 tries)
Done in 0.17 min (cpu), 0.17 min (real)
Generate toy 162/250

 -- MarkovChainMC -- 
Limit: r < 1.06287 +/- 0.00873661 @ 95% credibility (15 tries)
Done in 0.17 min (cpu), 0.17 min (real)
Generate toy 163/250

 -- MarkovChainMC -- 
Limit: r < 1.11873 +/- 0.00469313 @ 95% credibility (15 tries)
Done in 0.17 min (cpu), 0.17 min (real)
Generate toy 164/250

 -- MarkovChainMC -- 
Limit: r < 0.770906 +/- 0.0100951 @ 95% credibility (15 tries)
Done in 0.14 min (cpu), 0.15 min (real)
Generate toy 165/250

 -- MarkovChainMC -- 
Limit: r < 0.658109 +/- 0.00538654 @ 95% credibility (15 tries)
Done in 0.14 min (cpu), 0.14 min (real)
Generate toy 166/250

 -- MarkovChainMC -- 
Limit: r < 1.21082 +/- 0.0154725 @ 95% credibility (15 tries)
Done in 0.16 min (cpu), 0.16 min (real)
Generate toy 167/250

 -- MarkovChainMC -- 
Limit: r < 0.89434 +/- 0.0120073 @ 95% credibility (15 tries)
Done in 0.14 min (cpu), 0.14 min (real)
Generate toy 168/250

 -- MarkovChainMC -- 
Limit: r < 1.65695 +/- 0.013604 @ 95% credibility (15 tries)
Done in 0.15 min (cpu), 0.15 min (real)
Generate toy 169/250

 -- MarkovChainMC -- 
Limit: r < 1.05881 +/- 0.0123495 @ 95% credibility (15 tries)
Done in 0.15 min (cpu), 0.15 min (real)
Generate toy 170/250

 -- MarkovChainMC -- 
Limit: r < 0.94277 +/- 0.00674389 @ 95% credibility (15 tries)
Done in 0.17 min (cpu), 0.17 min (real)
Generate toy 171/250

 -- MarkovChainMC -- 
Limit: r < 0.957852 +/- 0.00948801 @ 95% credibility (15 tries)
Done in 0.15 min (cpu), 0.15 min (real)
Generate toy 172/250

 -- MarkovChainMC -- 
Limit: r < 0.83426 +/- 0.0108737 @ 95% credibility (15 tries)
Done in 0.16 min (cpu), 0.16 min (real)
Generate toy 173/250

 -- MarkovChainMC -- 
Limit: r < 0.843351 +/- 0.00728976 @ 95% credibility (15 tries)
Done in 0.16 min (cpu), 0.16 min (real)
Generate toy 174/250

 -- MarkovChainMC -- 
Limit: r < 1.04413 +/- 0.00633018 @ 95% credibility (15 tries)
Done in 0.15 min (cpu), 0.15 min (real)
Generate toy 175/250

 -- MarkovChainMC -- 
Limit: r < 0.934702 +/- 0.00966558 @ 95% credibility (15 tries)
Done in 0.16 min (cpu), 0.17 min (real)
Generate toy 176/250

 -- MarkovChainMC -- 
Limit: r < 1.2187 +/- 0.0173566 @ 95% credibility (15 tries)
Done in 0.18 min (cpu), 0.19 min (real)
Generate toy 177/250

 -- MarkovChainMC -- 
Limit: r < 0.985205 +/- 0.0173194 @ 95% credibility (15 tries)
Done in 0.17 min (cpu), 0.18 min (real)
Generate toy 178/250

 -- MarkovChainMC -- 
Limit: r < 1.09942 +/- 0.0136143 @ 95% credibility (15 tries)
Done in 0.14 min (cpu), 0.15 min (real)
Generate toy 179/250

 -- MarkovChainMC -- 
Limit: r < 0.728899 +/- 0.0092715 @ 95% credibility (15 tries)
Done in 0.15 min (cpu), 0.15 min (real)
Generate toy 180/250

 -- MarkovChainMC -- 
Limit: r < 1.33471 +/- 0.00876736 @ 95% credibility (15 tries)
Done in 0.16 min (cpu), 0.16 min (real)
Generate toy 181/250

 -- MarkovChainMC -- 
Limit: r < 1.09586 +/- 0.00790843 @ 95% credibility (15 tries)
Done in 0.17 min (cpu), 0.18 min (real)
Generate toy 182/250

 -- MarkovChainMC -- 
Limit: r < 0.666222 +/- 0.00736885 @ 95% credibility (15 tries)
Done in 0.13 min (cpu), 0.13 min (real)
Generate toy 183/250

 -- MarkovChainMC -- 
Limit: r < 1.01908 +/- 0.0076828 @ 95% credibility (15 tries)
Done in 0.15 min (cpu), 0.15 min (real)
Generate toy 184/250

 -- MarkovChainMC -- 
Limit: r < 0.883047 +/- 0.00645934 @ 95% credibility (15 tries)
Done in 0.16 min (cpu), 0.16 min (real)
Generate toy 185/250

 -- MarkovChainMC -- 
Limit: r < 1.16393 +/- 0.00976243 @ 95% credibility (15 tries)
Done in 0.18 min (cpu), 0.18 min (real)
Generate toy 186/250

 -- MarkovChainMC -- 
Limit: r < 0.938841 +/- 0.00672726 @ 95% credibility (15 tries)
Done in 0.16 min (cpu), 0.16 min (real)
Generate toy 187/250

 -- MarkovChainMC -- 
Limit: r < 0.812215 +/- 0.00996844 @ 95% credibility (15 tries)
Done in 0.16 min (cpu), 0.16 min (real)
Generate toy 188/250

 -- MarkovChainMC -- 
Limit: r < 1.11665 +/- 0.0154087 @ 95% credibility (15 tries)
Done in 0.14 min (cpu), 0.15 min (real)
Generate toy 189/250

 -- MarkovChainMC -- 
Limit: r < 1.06348 +/- 0.0134844 @ 95% credibility (15 tries)
Done in 0.12 min (cpu), 0.12 min (real)
Generate toy 190/250

 -- MarkovChainMC -- 
Limit: r < 0.909538 +/- 0.0056355 @ 95% credibility (15 tries)
Done in 0.13 min (cpu), 0.13 min (real)
Generate toy 191/250

 -- MarkovChainMC -- 
Limit: r < 0.746915 +/- 0.00737298 @ 95% credibility (15 tries)
Done in 0.12 min (cpu), 0.13 min (real)
Generate toy 192/250

 -- MarkovChainMC -- 
Limit: r < 0.731562 +/- 0.00701895 @ 95% credibility (15 tries)
Done in 0.14 min (cpu), 0.14 min (real)
Generate toy 193/250

 -- MarkovChainMC -- 
Limit: r < 1.29085 +/- 0.0129277 @ 95% credibility (15 tries)
Done in 0.17 min (cpu), 0.17 min (real)
Generate toy 194/250

 -- MarkovChainMC -- 
Limit: r < 0.91718 +/- 0.012295 @ 95% credibility (15 tries)
Done in 0.14 min (cpu), 0.14 min (real)
Generate toy 195/250

 -- MarkovChainMC -- 
Limit: r < 1.34713 +/- 0.0141124 @ 95% credibility (15 tries)
Done in 0.16 min (cpu), 0.16 min (real)
Generate toy 196/250

 -- MarkovChainMC -- 
Limit: r < 1.01457 +/- 0.0102123 @ 95% credibility (15 tries)
Done in 0.14 min (cpu), 0.14 min (real)
Generate toy 197/250

 -- MarkovChainMC -- 
Limit: r < 1.3426 +/- 0.00840039 @ 95% credibility (15 tries)
Done in 0.16 min (cpu), 0.16 min (real)
Generate toy 198/250

 -- MarkovChainMC -- 
Limit: r < 1.22357 +/- 0.0114008 @ 95% credibility (15 tries)
Done in 0.15 min (cpu), 0.15 min (real)
Generate toy 199/250

 -- MarkovChainMC -- 
Limit: r < 1.17278 +/- 0.00973968 @ 95% credibility (15 tries)
Done in 0.17 min (cpu), 0.17 min (real)
Generate toy 200/250

 -- MarkovChainMC -- 
Limit: r < 1.22217 +/- 0.0122388 @ 95% credibility (15 tries)
Done in 0.17 min (cpu), 0.17 min (real)
Generate toy 201/250

 -- MarkovChainMC -- 
Limit: r < 1.99616 +/- 0.0152819 @ 95% credibility (15 tries)
Done in 0.17 min (cpu), 0.17 min (real)
Generate toy 202/250

 -- MarkovChainMC -- 
Limit: r < 1.32883 +/- 0.00555706 @ 95% credibility (15 tries)
Done in 0.17 min (cpu), 0.17 min (real)
Generate toy 203/250

 -- MarkovChainMC -- 
Limit: r < 0.745481 +/- 0.00621577 @ 95% credibility (15 tries)
Done in 0.16 min (cpu), 0.16 min (real)
Generate toy 204/250

 -- MarkovChainMC -- 
Limit: r < 0.944792 +/- 0.0096536 @ 95% credibility (15 tries)
Done in 0.17 min (cpu), 0.17 min (real)
Generate toy 205/250

 -- MarkovChainMC -- 
Limit: r < 0.998613 +/- 0.00953625 @ 95% credibility (15 tries)
Done in 0.16 min (cpu), 0.16 min (real)
Generate toy 206/250

 -- MarkovChainMC -- 
Limit: r < 1.29265 +/- 0.0219504 @ 95% credibility (15 tries)
Done in 0.16 min (cpu), 0.16 min (real)
Generate toy 207/250

 -- MarkovChainMC -- 
Limit: r < 1.04761 +/- 0.0153052 @ 95% credibility (15 tries)
Done in 0.17 min (cpu), 0.17 min (real)
Generate toy 208/250

 -- MarkovChainMC -- 
Limit: r < 0.671202 +/- 0.00905669 @ 95% credibility (15 tries)
Done in 0.15 min (cpu), 0.15 min (real)
Generate toy 209/250

 -- MarkovChainMC -- 
Limit: r < 0.97637 +/- 0.00782883 @ 95% credibility (15 tries)
Done in 0.14 min (cpu), 0.14 min (real)
Generate toy 210/250

 -- MarkovChainMC -- 
Limit: r < 0.770568 +/- 0.00781929 @ 95% credibility (15 tries)
Done in 0.15 min (cpu), 0.15 min (real)
Generate toy 211/250

 -- MarkovChainMC -- 
Limit: r < 1.43255 +/- 0.00777289 @ 95% credibility (15 tries)
Done in 0.18 min (cpu), 0.18 min (real)
Generate toy 212/250

 -- MarkovChainMC -- 
Limit: r < 1.44465 +/- 0.0117724 @ 95% credibility (15 tries)
Done in 0.19 min (cpu), 0.19 min (real)
Generate toy 213/250

 -- MarkovChainMC -- 
Limit: r < 1.34147 +/- 0.0126264 @ 95% credibility (15 tries)
Done in 0.16 min (cpu), 0.16 min (real)
Generate toy 214/250

 -- MarkovChainMC -- 
Limit: r < 0.952522 +/- 0.011915 @ 95% credibility (15 tries)
Done in 0.17 min (cpu), 0.17 min (real)
Generate toy 215/250

 -- MarkovChainMC -- 
Limit: r < 1.42388 +/- 0.0104903 @ 95% credibility (15 tries)
Done in 0.15 min (cpu), 0.15 min (real)
Generate toy 216/250

 -- MarkovChainMC -- 
Limit: r < 1.08052 +/- 0.00934793 @ 95% credibility (15 tries)
Done in 0.16 min (cpu), 0.17 min (real)
Generate toy 217/250

 -- MarkovChainMC -- 
Limit: r < 1.16056 +/- 0.00576584 @ 95% credibility (15 tries)
Done in 0.14 min (cpu), 0.14 min (real)
Generate toy 218/250

 -- MarkovChainMC -- 
Limit: r < 0.870431 +/- 0.00682178 @ 95% credibility (15 tries)
Done in 0.17 min (cpu), 0.17 min (real)
Generate toy 219/250

 -- MarkovChainMC -- 
Limit: r < 0.850103 +/- 0.0117316 @ 95% credibility (15 tries)
Done in 0.17 min (cpu), 0.18 min (real)
Generate toy 220/250

 -- MarkovChainMC -- 
Limit: r < 1.32721 +/- 0.0130123 @ 95% credibility (15 tries)
Done in 0.18 min (cpu), 0.18 min (real)
Generate toy 221/250

 -- MarkovChainMC -- 
Limit: r < 0.985545 +/- 0.0144293 @ 95% credibility (15 tries)
Done in 0.14 min (cpu), 0.14 min (real)
Generate toy 222/250

 -- MarkovChainMC -- 
Limit: r < 1.44689 +/- 0.0203621 @ 95% credibility (15 tries)
Done in 0.15 min (cpu), 0.15 min (real)
Generate toy 223/250

 -- MarkovChainMC -- 
Limit: r < 1.01855 +/- 0.00447666 @ 95% credibility (15 tries)
Done in 0.18 min (cpu), 0.18 min (real)
Generate toy 224/250

 -- MarkovChainMC -- 
Limit: r < 0.962453 +/- 0.0102954 @ 95% credibility (15 tries)
Done in 0.16 min (cpu), 0.16 min (real)
Generate toy 225/250

 -- MarkovChainMC -- 
Limit: r < 0.978196 +/- 0.015428 @ 95% credibility (15 tries)
Done in 0.17 min (cpu), 0.17 min (real)
Generate toy 226/250

 -- MarkovChainMC -- 
Limit: r < 0.907978 +/- 0.0147632 @ 95% credibility (15 tries)
Done in 0.16 min (cpu), 0.16 min (real)
Generate toy 227/250

 -- MarkovChainMC -- 
Limit: r < 1.06093 +/- 0.0125772 @ 95% credibility (15 tries)
Done in 0.15 min (cpu), 0.15 min (real)
Generate toy 228/250

 -- MarkovChainMC -- 
Limit: r < 1.78556 +/- 0.015214 @ 95% credibility (15 tries)
Done in 0.19 min (cpu), 0.19 min (real)
Generate toy 229/250

 -- MarkovChainMC -- 
Limit: r < 0.732349 +/- 0.00734388 @ 95% credibility (15 tries)
Done in 0.15 min (cpu), 0.15 min (real)
Generate toy 230/250

 -- MarkovChainMC -- 
Limit: r < 0.698923 +/- 0.00601366 @ 95% credibility (15 tries)
Done in 0.14 min (cpu), 0.15 min (real)
Generate toy 231/250

 -- MarkovChainMC -- 
Limit: r < 0.740202 +/- 0.0115747 @ 95% credibility (15 tries)
Done in 0.15 min (cpu), 0.15 min (real)
Generate toy 232/250

 -- MarkovChainMC -- 
Limit: r < 1.15552 +/- 0.0128531 @ 95% credibility (15 tries)
Done in 0.14 min (cpu), 0.14 min (real)
Generate toy 233/250

 -- MarkovChainMC -- 
Limit: r < 1.16169 +/- 0.0145075 @ 95% credibility (15 tries)
Done in 0.17 min (cpu), 0.17 min (real)
Generate toy 234/250

 -- MarkovChainMC -- 
Limit: r < 1.6939 +/- 0.00763066 @ 95% credibility (15 tries)
Done in 0.19 min (cpu), 0.19 min (real)
Generate toy 235/250

 -- MarkovChainMC -- 
Limit: r < 1.7472 +/- 0.00896077 @ 95% credibility (15 tries)
Done in 0.18 min (cpu), 0.19 min (real)
Generate toy 236/250

 -- MarkovChainMC -- 
Limit: r < 0.979802 +/- 0.0115526 @ 95% credibility (15 tries)
Done in 0.15 min (cpu), 0.16 min (real)
Generate toy 237/250

 -- MarkovChainMC -- 
Limit: r < 0.86201 +/- 0.0120775 @ 95% credibility (15 tries)
Done in 0.16 min (cpu), 0.16 min (real)
Generate toy 238/250

 -- MarkovChainMC -- 
Limit: r < 0.775987 +/- 0.00401641 @ 95% credibility (15 tries)
Done in 0.17 min (cpu), 0.17 min (real)
Generate toy 239/250

 -- MarkovChainMC -- 
Limit: r < 0.8925 +/- 0.00517533 @ 95% credibility (15 tries)
Done in 0.15 min (cpu), 0.15 min (real)
Generate toy 240/250

 -- MarkovChainMC -- 
Limit: r < 0.825108 +/- 0.0142529 @ 95% credibility (15 tries)
Done in 0.17 min (cpu), 0.18 min (real)
Generate toy 241/250

 -- MarkovChainMC -- 
Limit: r < 0.84671 +/- 0.0130057 @ 95% credibility (15 tries)
Done in 0.18 min (cpu), 0.18 min (real)
Generate toy 242/250

 -- MarkovChainMC -- 
Limit: r < 0.812548 +/- 0.00819553 @ 95% credibility (15 tries)
Done in 0.17 min (cpu), 0.17 min (real)
Generate toy 243/250

 -- MarkovChainMC -- 
Limit: r < 0.952933 +/- 0.011917 @ 95% credibility (15 tries)
Done in 0.15 min (cpu), 0.15 min (real)
Generate toy 244/250

 -- MarkovChainMC -- 
Limit: r < 0.824288 +/- 0.00801058 @ 95% credibility (15 tries)
Done in 0.15 min (cpu), 0.15 min (real)
Generate toy 245/250

 -- MarkovChainMC -- 
Limit: r < 0.927592 +/- 0.00578582 @ 95% credibility (15 tries)
Done in 0.17 min (cpu), 0.17 min (real)
Generate toy 246/250

 -- MarkovChainMC -- 
Limit: r < 1.81812 +/- 0.0131634 @ 95% credibility (15 tries)
Done in 0.17 min (cpu), 0.17 min (real)
Generate toy 247/250

 -- MarkovChainMC -- 
Limit: r < 1.36318 +/- 0.0131169 @ 95% credibility (15 tries)
Done in 0.18 min (cpu), 0.18 min (real)
Generate toy 248/250

 -- MarkovChainMC -- 
Limit: r < 0.669174 +/- 0.00756654 @ 95% credibility (15 tries)
Done in 0.17 min (cpu), 0.17 min (real)
Generate toy 249/250

 -- MarkovChainMC -- 
Limit: r < 0.80019 +/- 0.0091161 @ 95% credibility (15 tries)
Done in 0.16 min (cpu), 0.16 min (real)
Generate toy 250/250

 -- MarkovChainMC -- 
Limit: r < 1.46108 +/- 0.0172437 @ 95% credibility (15 tries)
Done in 0.15 min (cpu), 0.15 min (real)
mean   expected limit: r < 1.06193 +/- 0.018269 @ 95%CL (250 toyMC)
median expected limit: r < 0.98978 @ 95%CL (250 toyMC)
   68% expected band : 0.781225 < r < 1.36318
   95% expected band : 0.675524 < r < 1.76323
