 <<< Combine >>> 
 <<< v10.0.2 >>>
>>> Used OpenSSL to get a truly random seed -298221778
>>> Method used is MarkovChainMC
============================================================
Analyzing bin errors for: prop_binmuon_channel
Poisson cut-off: 10
Processes excluded for sums: Wprime5600_kR2
============================================================
Bin        Contents        Error           Notes                         
0          111957.353815   172.161796      total sum                     
0          111955.425171   172.161792      excluding marked processes    
0          422880.000000   650.292242      Unweighted events, alpha=0.264750
  => Total parameter prop_binmuon_channel_bin0[0.00,-7.00,7.00] to be Gaussian constrained
------------------------------------------------------------
1          20778.516222    49.096337       total sum                     
1          20776.707336    49.096321       excluding marked processes    
1          179083.000000   423.181994      Unweighted events, alpha=0.116027
  => Total parameter prop_binmuon_channel_bin1[0.00,-7.00,7.00] to be Gaussian constrained
------------------------------------------------------------
2          6077.326162     20.449891       total sum                     
2          6075.766998     20.449858       excluding marked processes    
2          88272.000000    297.106042      Unweighted events, alpha=0.068848
  => Total parameter prop_binmuon_channel_bin2[0.00,-7.00,7.00] to be Gaussian constrained
------------------------------------------------------------
3          2280.821567     15.072549       total sum                     
3          2279.393797     15.072510       excluding marked processes    
3          22870.000000    151.228304      Unweighted events, alpha=0.099730
  => Total parameter prop_binmuon_channel_bin3[0.00,-7.00,7.00] to be Gaussian constrained
------------------------------------------------------------
4          985.739184      6.925970        total sum                     
4          984.464458      6.925894        excluding marked processes    
4          20205.000000    142.144293      Unweighted events, alpha=0.048787
  => Total parameter prop_binmuon_channel_bin4[0.00,-7.00,7.00] to be Gaussian constrained
------------------------------------------------------------
5          484.442174      3.400961        total sum                     
5          483.267066      3.400816        excluding marked processes    
5          20193.000000    142.102076      Unweighted events, alpha=0.023991
  => Total parameter prop_binmuon_channel_bin5[0.00,-7.00,7.00] to be Gaussian constrained
------------------------------------------------------------
6          258.926350      2.773040        total sum                     
6          257.936387      2.772890        excluding marked processes    
6          8653.000000     93.021503       Unweighted events, alpha=0.029923
  => Total parameter prop_binmuon_channel_bin6[0.00,-7.00,7.00] to be Gaussian constrained
------------------------------------------------------------
7          148.070129      2.373047        total sum                     
7          147.178596      2.372890        excluding marked processes    
7          3847.000000     62.024189       Unweighted events, alpha=0.038490
  => Total parameter prop_binmuon_channel_bin7[0.00,-7.00,7.00] to be Gaussian constrained
------------------------------------------------------------
8          86.141806       1.622994        total sum                     
8          85.369110       1.622794        excluding marked processes    
8          2767.000000     52.602281       Unweighted events, alpha=0.031132
  => Total parameter prop_binmuon_channel_bin8[0.00,-7.00,7.00] to be Gaussian constrained
------------------------------------------------------------
9          53.947018       0.823682        total sum                     
9          53.209936       0.823312        excluding marked processes    
9          4177.000000     64.629715       Unweighted events, alpha=0.012915
  => Total parameter prop_binmuon_channel_bin9[0.00,-7.00,7.00] to be Gaussian constrained
------------------------------------------------------------
10         32.570522       0.534355        total sum                     
10         31.923546       0.533858        excluding marked processes    
10         3576.000000     59.799666       Unweighted events, alpha=0.009108
  => Total parameter prop_binmuon_channel_bin10[0.00,-7.00,7.00] to be Gaussian constrained
------------------------------------------------------------
11         22.149792       0.564534        total sum                     
11         21.571668       0.564095        excluding marked processes    
11         1462.000000     38.236109       Unweighted events, alpha=0.015150
  => Total parameter prop_binmuon_channel_bin11[0.00,-7.00,7.00] to be Gaussian constrained
------------------------------------------------------------
12         14.364349       0.236712        total sum                     
12         13.855492       0.235812        excluding marked processes    
12         3452.000000     58.753723       Unweighted events, alpha=0.004161
  => Total parameter prop_binmuon_channel_bin12[0.00,-7.00,7.00] to be Gaussian constrained
------------------------------------------------------------
13         9.999822        0.295246        total sum                     
13         9.534979        0.294591        excluding marked processes    
13         1048.000000     32.372828       Unweighted events, alpha=0.009542
  => Total parameter prop_binmuon_channel_bin13[0.00,-7.00,7.00] to be Gaussian constrained
------------------------------------------------------------
14         7.485758        0.340601        total sum                     
14         7.049276        0.340063        excluding marked processes    
14         430.000000      20.736441       Unweighted events, alpha=0.017409
  => Total parameter prop_binmuon_channel_bin14[0.00,-7.00,7.00] to be Gaussian constrained
------------------------------------------------------------
15         5.050363        0.253675        total sum                     
15         4.665058        0.253049        excluding marked processes    
15         340.000000      18.439089       Unweighted events, alpha=0.014854
  => Total parameter prop_binmuon_channel_bin15[0.00,-7.00,7.00] to be Gaussian constrained
------------------------------------------------------------
16         3.819864        0.257698        total sum                     
16         3.443129        0.257073        excluding marked processes    
16         179.000000      13.379088       Unweighted events, alpha=0.021340
  => Total parameter prop_binmuon_channel_bin16[0.00,-7.00,7.00] to be Gaussian constrained
------------------------------------------------------------
17         2.874808        0.155726        total sum                     
17         2.551292        0.154846        excluding marked processes    
17         271.000000      16.462078       Unweighted events, alpha=0.010608
  => Total parameter prop_binmuon_channel_bin17[0.00,-7.00,7.00] to be Gaussian constrained
------------------------------------------------------------
18         1.866803        0.054759        total sum                     
18         1.597191        0.052595        excluding marked processes    
18         922.000000      30.364453       Unweighted events, alpha=0.002025
  => Total parameter prop_binmuon_channel_bin18[0.00,-7.00,7.00] to be Gaussian constrained
------------------------------------------------------------
19         1.562639        0.094968        total sum                     
19         1.311860        0.093887        excluding marked processes    
19         195.000000      13.964240       Unweighted events, alpha=0.008014
  => Total parameter prop_binmuon_channel_bin19[0.00,-7.00,7.00] to be Gaussian constrained
------------------------------------------------------------
20         1.072206        0.042806        total sum                     
20         0.825627        0.040231        excluding marked processes    
20         421.000000      20.518285       Unweighted events, alpha=0.002547
  => Total parameter prop_binmuon_channel_bin20[0.00,-7.00,7.00] to be Gaussian constrained
------------------------------------------------------------
21         0.875697        0.047556        total sum                     
21         0.660629        0.045578        excluding marked processes    
21         210.000000      14.491377       Unweighted events, alpha=0.004170
  => Total parameter prop_binmuon_channel_bin21[0.00,-7.00,7.00] to be Gaussian constrained
------------------------------------------------------------
22         0.919036        0.212888        total sum                     
22         0.710604        0.212472        excluding marked processes    
22         11.000000       3.316625        Unweighted events, alpha=0.083549
  => Total parameter prop_binmuon_channel_bin22[0.00,-7.00,7.00] to be Gaussian constrained
------------------------------------------------------------
23         0.547163        0.018111        total sum                     
23         0.324548        0.011904        excluding marked processes    
23         743.000000      27.258026       Unweighted events, alpha=0.000736
  => Total parameter prop_binmuon_channel_bin23[0.00,-7.00,7.00] to be Gaussian constrained
------------------------------------------------------------
24         0.912732        0.471800        total sum                     
24         0.724691        0.471632        excluding marked processes    
24         2.000000        1.414214        Unweighted events, alpha=0.456366
  => Number of weighted events is below Poisson threshold
    Wprime5600_kR2       0.188041        0.012587                                      
                         223.000000      14.933185       Unweighted events, alpha=0.000843
      => Parameter prop_binmuon_channel_bin24_Wprime5600_kR2[0.00,-7.00,7.00] to be Gaussian constrained
  ----------------------------------------------------------
    W_boson              0.238339        0.001648                                      
                         20907.000000    144.592531      Unweighted events, alpha=0.000011
      => Parameter prop_binmuon_channel_bin24_W_boson[0.00,-7.00,7.00] to be Gaussian constrained
  ----------------------------------------------------------
    Top                  0.000000        0.000000                                      
      => Error is zero, ignore      
  ----------------------------------------------------------
    Z_boson              0.003907        0.000121                                      
                         1045.000000     32.326460       Unweighted events, alpha=0.000004
      => Parameter prop_binmuon_channel_bin24_Z_boson[0.00,-7.00,7.00] to be Gaussian constrained
  ----------------------------------------------------------
    DiBoson              0.000000        0.000644                                      
      => Poisson not viable, prop_binmuon_channel_bin24_DiBoson[0.00,-7.00,7.00] to be Gaussian constrained
  ----------------------------------------------------------
    QCD                  0.482445        0.471629                                      
                         1.000000        1.000000        Unweighted events, alpha=0.482445
      => Product of prop_binmuon_channel_bin24_QCD[1.00,0.00,30.85] and const [1.0000] to be Poisson constrained
  ----------------------------------------------------------
------------------------------------------------------------
25         0.365414        0.012295        total sum                     
25         0.182943        0.001755        excluding marked processes    
25         10869.000000    104.254496      Unweighted events, alpha=0.000034
  => Total parameter prop_binmuon_channel_bin25[0.00,-7.00,7.00] to be Gaussian constrained
------------------------------------------------------------
26         0.322924        0.014934        total sum                     
26         0.154133        0.008863        excluding marked processes    
26         302.000000      17.378147       Unweighted events, alpha=0.001069
  => Total parameter prop_binmuon_channel_bin26[0.00,-7.00,7.00] to be Gaussian constrained
------------------------------------------------------------
27         0.298144        0.028514        total sum                     
27         0.136683        0.026097        excluding marked processes    
27         27.000000       5.196152        Unweighted events, alpha=0.011042
  => Total parameter prop_binmuon_channel_bin27[0.00,-7.00,7.00] to be Gaussian constrained
------------------------------------------------------------
28         0.234899        0.011473        total sum                     
28         0.081986        0.001147        excluding marked processes    
28         5112.000000     71.498252       Unweighted events, alpha=0.000046
  => Total parameter prop_binmuon_channel_bin28[0.00,-7.00,7.00] to be Gaussian constrained
------------------------------------------------------------
29         0.238450        0.041478        total sum                     
29         0.117460        0.040254        excluding marked processes    
29         9.000000        3.000000        Unweighted events, alpha=0.026494
  => Number of weighted events is below Poisson threshold
    Wprime5600_kR2       0.120990        0.010001                                      
                         146.000000      12.083046       Unweighted events, alpha=0.000829
      => Parameter prop_binmuon_channel_bin29_Wprime5600_kR2[0.00,-7.00,7.00] to be Gaussian constrained
  ----------------------------------------------------------
    W_boson              0.061396        0.000570                                      
                         11610.000000    107.749710      Unweighted events, alpha=0.000005
      => Parameter prop_binmuon_channel_bin29_W_boson[0.00,-7.00,7.00] to be Gaussian constrained
  ----------------------------------------------------------
    Top                  0.000000        0.000000                                      
      => Error is zero, ignore      
  ----------------------------------------------------------
    Z_boson              0.001093        0.000044                                      
                         606.000000      24.617067       Unweighted events, alpha=0.000002
      => Parameter prop_binmuon_channel_bin29_Z_boson[0.00,-7.00,7.00] to be Gaussian constrained
  ----------------------------------------------------------
    DiBoson              0.000000        0.000442                                      
      => Poisson not viable, prop_binmuon_channel_bin29_DiBoson[0.00,-7.00,7.00] to be Gaussian constrained
  ----------------------------------------------------------
    QCD                  0.054971        0.040248                                      
                         2.000000        1.414214        Unweighted events, alpha=0.027485
      => Product of prop_binmuon_channel_bin29_QCD[2.00,0.00,33.79] and const [0.5000] to be Poisson constrained
  ----------------------------------------------------------
------------------------------------------------------------
30         0.193230        0.017172        total sum                     
30         0.066370        0.013911        excluding marked processes    
30         23.000000       4.795832        Unweighted events, alpha=0.008401
  => Total parameter prop_binmuon_channel_bin30[0.00,-7.00,7.00] to be Gaussian constrained
------------------------------------------------------------
31         0.170926        0.010739        total sum                     
31         0.037316        0.000839        excluding marked processes    
31         1980.000000     44.497191       Unweighted events, alpha=0.000086
  => Total parameter prop_binmuon_channel_bin31[0.00,-7.00,7.00] to be Gaussian constrained
------------------------------------------------------------
32         0.138334        0.009572        total sum                     
32         0.030635        0.001494        excluding marked processes    
32         420.000000      20.493902       Unweighted events, alpha=0.000329
  => Total parameter prop_binmuon_channel_bin32[0.00,-7.00,7.00] to be Gaussian constrained
------------------------------------------------------------
33         0.155061        0.010603        total sum                     
33         0.023605        0.000934        excluding marked processes    
33         639.000000      25.278449       Unweighted events, alpha=0.000243
  => Total parameter prop_binmuon_channel_bin33[0.00,-7.00,7.00] to be Gaussian constrained
------------------------------------------------------------
34         0.150855        0.015464        total sum                     
34         0.029510        0.011768        excluding marked processes    
34         6.000000        2.449490        Unweighted events, alpha=0.025143
  => Number of weighted events is below Poisson threshold
    Wprime5600_kR2       0.121345        0.010032                                      
                         146.000000      12.083046       Unweighted events, alpha=0.000831
      => Parameter prop_binmuon_channel_bin34_Wprime5600_kR2[0.00,-7.00,7.00] to be Gaussian constrained
  ----------------------------------------------------------
    W_boson              0.017431        0.000289                                      
                         3639.000000     60.324125       Unweighted events, alpha=0.000005
      => Parameter prop_binmuon_channel_bin34_W_boson[0.00,-7.00,7.00] to be Gaussian constrained
  ----------------------------------------------------------
    Top                  0.000000        0.000000                                      
      => Error is zero, ignore      
  ----------------------------------------------------------
    Z_boson              0.000314        0.000020                                      
                         236.000000      15.362291       Unweighted events, alpha=0.000001
      => Parameter prop_binmuon_channel_bin34_Z_boson[0.00,-7.00,7.00] to be Gaussian constrained
  ----------------------------------------------------------
    DiBoson              0.000000        0.000000                                      
      => Error is zero, ignore      
  ----------------------------------------------------------
    QCD                  0.011765        0.011765                                      
                         1.000000        1.000000        Unweighted events, alpha=0.011765
      => Product of prop_binmuon_channel_bin34_QCD[1.00,0.00,30.85] and const [1.0000] to be Poisson constrained
  ----------------------------------------------------------
------------------------------------------------------------
35         0.106044        0.008485        total sum                     
35         0.013958        0.000298        excluding marked processes    
35         2187.000000     46.765372       Unweighted events, alpha=0.000048
  => Total parameter prop_binmuon_channel_bin35[0.00,-7.00,7.00] to be Gaussian constrained
------------------------------------------------------------
36         0.136220        0.010352        total sum                     
36         0.013229        0.002041        excluding marked processes    
36         42.000000       6.480741        Unweighted events, alpha=0.003243
  => Total parameter prop_binmuon_channel_bin36[0.00,-7.00,7.00] to be Gaussian constrained
------------------------------------------------------------
37         0.109394        0.008910        total sum                     
37         0.008724        0.000168        excluding marked processes    
37         2685.000000     51.816986       Unweighted events, alpha=0.000041
  => Total parameter prop_binmuon_channel_bin37[0.00,-7.00,7.00] to be Gaussian constrained
------------------------------------------------------------
38         0.116461        0.009776        total sum                     
38         0.007068        0.000136        excluding marked processes    
38         2717.000000     52.124850       Unweighted events, alpha=0.000043
  => Total parameter prop_binmuon_channel_bin38[0.00,-7.00,7.00] to be Gaussian constrained
------------------------------------------------------------
39         0.110943        0.009242        total sum                     
39         0.005723        0.000089        excluding marked processes    
39         4122.000000     64.202804       Unweighted events, alpha=0.000027
  => Total parameter prop_binmuon_channel_bin39[0.00,-7.00,7.00] to be Gaussian constrained
------------------------------------------------------------
40         0.112554        0.009473        total sum                     
40         0.005246        0.000543        excluding marked processes    
40         93.000000       9.643651        Unweighted events, alpha=0.001210
  => Total parameter prop_binmuon_channel_bin40[0.00,-7.00,7.00] to be Gaussian constrained
------------------------------------------------------------
41         0.090057        0.008460        total sum                     
41         0.004022        0.000382        excluding marked processes    
41         111.000000      10.535654       Unweighted events, alpha=0.000811
  => Total parameter prop_binmuon_channel_bin41[0.00,-7.00,7.00] to be Gaussian constrained
------------------------------------------------------------
42         0.093822        0.008612        total sum                     
42         0.002984        0.000036        excluding marked processes    
42         6774.000000     82.304313       Unweighted events, alpha=0.000014
  => Total parameter prop_binmuon_channel_bin42[0.00,-7.00,7.00] to be Gaussian constrained
------------------------------------------------------------
43         0.121526        0.009893        total sum                     
43         0.002699        0.000245        excluding marked processes    
43         121.000000      11.000000       Unweighted events, alpha=0.001004
  => Total parameter prop_binmuon_channel_bin43[0.00,-7.00,7.00] to be Gaussian constrained
------------------------------------------------------------
44         0.103552        0.009159        total sum                     
44         0.002093        0.000073        excluding marked processes    
44         822.000000      28.670542       Unweighted events, alpha=0.000126
  => Total parameter prop_binmuon_channel_bin44[0.00,-7.00,7.00] to be Gaussian constrained
------------------------------------------------------------
45         0.097936        0.009181        total sum                     
45         0.002238        0.000586        excluding marked processes    
45         15.000000       3.872983        Unweighted events, alpha=0.006529
  => Total parameter prop_binmuon_channel_bin45[0.00,-7.00,7.00] to be Gaussian constrained
------------------------------------------------------------
46         0.085458        0.008296        total sum                     
46         0.001392        0.000022        excluding marked processes    
46         3955.000000     62.888791       Unweighted events, alpha=0.000022
  => Total parameter prop_binmuon_channel_bin46[0.00,-7.00,7.00] to be Gaussian constrained
------------------------------------------------------------
47         0.096408        0.008972        total sum                     
47         0.001163        0.000024        excluding marked processes    
47         2431.000000     49.305172       Unweighted events, alpha=0.000040
  => Total parameter prop_binmuon_channel_bin47[0.00,-7.00,7.00] to be Gaussian constrained
------------------------------------------------------------
48         0.085485        0.008236        total sum                     
48         0.000986        0.000018        excluding marked processes    
48         3016.000000     54.918121       Unweighted events, alpha=0.000028
  => Total parameter prop_binmuon_channel_bin48[0.00,-7.00,7.00] to be Gaussian constrained
------------------------------------------------------------
49         0.079359        0.008153        total sum                     
49         0.001258        0.000468        excluding marked processes    
49         7.000000        2.645751        Unweighted events, alpha=0.011337
  => Number of weighted events is below Poisson threshold
    Wprime5600_kR2       0.078101        0.008140                                      
                         92.000000       9.591663        Unweighted events, alpha=0.000849
      => Parameter prop_binmuon_channel_bin49_Wprime5600_kR2[0.00,-7.00,7.00] to be Gaussian constrained
  ----------------------------------------------------------
    W_boson              0.000780        0.000014                                      
                         3004.000000     54.808758       Unweighted events, alpha=0.000000
      => Parameter prop_binmuon_channel_bin49_W_boson[0.00,-7.00,7.00] to be Gaussian constrained
  ----------------------------------------------------------
    Top                  0.000000        0.000000                                      
      => Error is zero, ignore      
  ----------------------------------------------------------
    Z_boson              0.000011        0.000001                                      
                         71.000000       8.426150        Unweighted events, alpha=0.000000
      => Parameter prop_binmuon_channel_bin49_Z_boson[0.00,-7.00,7.00] to be Gaussian constrained
  ----------------------------------------------------------
    DiBoson              0.000000        0.000000                                      
      => Error is zero, ignore      
  ----------------------------------------------------------
    QCD                  0.000468        0.000468                                      
                         1.000000        1.000000        Unweighted events, alpha=0.000468
      => Product of prop_binmuon_channel_bin49_QCD[1.00,0.00,30.85] and const [1.0000] to be Poisson constrained
  ----------------------------------------------------------
------------------------------------------------------------
50         0.067895        0.007257        total sum                     
50         0.000668        0.000013        excluding marked processes    
50         2580.000000     50.793700       Unweighted events, alpha=0.000026
  => Total parameter prop_binmuon_channel_bin50[0.00,-7.00,7.00] to be Gaussian constrained
------------------------------------------------------------
51         0.073453        0.007953        total sum                     
51         0.002536        0.001503        excluding marked processes    
51         3.000000        1.732051        Unweighted events, alpha=0.024484
  => Number of weighted events is below Poisson threshold
    Wprime5600_kR2       0.070917        0.007810                                      
                         82.000000       9.055385        Unweighted events, alpha=0.000865
      => Parameter prop_binmuon_channel_bin51_Wprime5600_kR2[0.00,-7.00,7.00] to be Gaussian constrained
  ----------------------------------------------------------
    W_boson              0.000570        0.000011                                      
                         2840.000000     53.291650       Unweighted events, alpha=0.000000
      => Parameter prop_binmuon_channel_bin51_W_boson[0.00,-7.00,7.00] to be Gaussian constrained
  ----------------------------------------------------------
    Top                  0.000000        0.000000                                      
      => Error is zero, ignore      
  ----------------------------------------------------------
    Z_boson              0.000008        0.000001                                      
                         39.000000       6.244998        Unweighted events, alpha=0.000000
      => Parameter prop_binmuon_channel_bin51_Z_boson[0.00,-7.00,7.00] to be Gaussian constrained
  ----------------------------------------------------------
    DiBoson              0.000000        0.000000                                      
      => Error is zero, ignore      
  ----------------------------------------------------------
    QCD                  0.001958        0.001503                                      
                         2.000000        1.414214        Unweighted events, alpha=0.000979
      => Product of prop_binmuon_channel_bin51_QCD[2.00,0.00,33.79] and const [0.5000] to be Poisson constrained
  ----------------------------------------------------------
------------------------------------------------------------
52         0.065445        0.007288        total sum                     
52         0.001559        0.000776        excluding marked processes    
52         4.000000        2.000000        Unweighted events, alpha=0.016361
  => Number of weighted events is below Poisson threshold
    Wprime5600_kR2       0.063886        0.007247                                      
                         78.000000       8.831761        Unweighted events, alpha=0.000819
      => Parameter prop_binmuon_channel_bin52_Wprime5600_kR2[0.00,-7.00,7.00] to be Gaussian constrained
  ----------------------------------------------------------
    W_boson              0.000456        0.000008                                      
                         3213.000000     56.683331       Unweighted events, alpha=0.000000
      => Parameter prop_binmuon_channel_bin52_W_boson[0.00,-7.00,7.00] to be Gaussian constrained
  ----------------------------------------------------------
    Top                  0.000000        0.000000                                      
      => Error is zero, ignore      
  ----------------------------------------------------------
    Z_boson              0.000006        0.000000                                      
                         139.000000      11.789826       Unweighted events, alpha=0.000000
      => Parameter prop_binmuon_channel_bin52_Z_boson[0.00,-7.00,7.00] to be Gaussian constrained
  ----------------------------------------------------------
    DiBoson              0.000000        0.000000                                      
      => Error is zero, ignore      
  ----------------------------------------------------------
    QCD                  0.001097        0.000776                                      
                         2.000000        1.414214        Unweighted events, alpha=0.000548
      => Product of prop_binmuon_channel_bin52_QCD[2.00,0.00,33.79] and const [0.5000] to be Poisson constrained
  ----------------------------------------------------------
------------------------------------------------------------
53         0.059026        0.007202        total sum                     
53         0.000413        0.000011        excluding marked processes    
53         1518.000000     38.961519       Unweighted events, alpha=0.000039
  => Total parameter prop_binmuon_channel_bin53[0.00,-7.00,7.00] to be Gaussian constrained
------------------------------------------------------------
54         0.050561        0.006432        total sum                     
54         0.000373        0.000028        excluding marked processes    
54         182.000000      13.490738       Unweighted events, alpha=0.000278
  => Total parameter prop_binmuon_channel_bin54[0.00,-7.00,7.00] to be Gaussian constrained
------------------------------------------------------------
55         0.047995        0.006261        total sum                     
55         0.001100        0.000814        excluding marked processes    
55         2.000000        1.414214        Unweighted events, alpha=0.023997
  => Number of weighted events is below Poisson threshold
    Wprime5600_kR2       0.046894        0.006208                                      
                         57.000000       7.549834        Unweighted events, alpha=0.000823
      => Parameter prop_binmuon_channel_bin55_Wprime5600_kR2[0.00,-7.00,7.00] to be Gaussian constrained
  ----------------------------------------------------------
    W_boson              0.000283        0.000005                                      
                         3360.000000     57.965507       Unweighted events, alpha=0.000000
      => Parameter prop_binmuon_channel_bin55_W_boson[0.00,-7.00,7.00] to be Gaussian constrained
  ----------------------------------------------------------
    Top                  0.000000        0.000000                                      
      => Error is zero, ignore      
  ----------------------------------------------------------
    Z_boson              0.000004        0.000000                                      
                         108.000000      10.392305       Unweighted events, alpha=0.000000
      => Parameter prop_binmuon_channel_bin55_Z_boson[0.00,-7.00,7.00] to be Gaussian constrained
  ----------------------------------------------------------
    DiBoson              0.000000        0.000000                                      
      => Error is zero, ignore      
  ----------------------------------------------------------
    QCD                  0.000814        0.000814                                      
                         1.000000        1.000000        Unweighted events, alpha=0.000814
      => Product of prop_binmuon_channel_bin55_QCD[1.00,0.00,30.85] and const [1.0000] to be Poisson constrained
  ----------------------------------------------------------
------------------------------------------------------------
56         0.040739        0.010917        total sum                     
56         0.009945        0.009697        excluding marked processes    
56         1.000000        1.000000        Unweighted events, alpha=0.040739
  => Number of weighted events is below Poisson threshold
    Wprime5600_kR2       0.030793        0.005015                                      
                         38.000000       6.164414        Unweighted events, alpha=0.000810
      => Parameter prop_binmuon_channel_bin56_Wprime5600_kR2[0.00,-7.00,7.00] to be Gaussian constrained
  ----------------------------------------------------------
    W_boson              0.000245        0.000007                                      
                         1131.000000     33.630343       Unweighted events, alpha=0.000000
      => Parameter prop_binmuon_channel_bin56_W_boson[0.00,-7.00,7.00] to be Gaussian constrained
  ----------------------------------------------------------
    Top                  0.000000        0.000000                                      
      => Error is zero, ignore      
  ----------------------------------------------------------
    Z_boson              0.000003        0.000000                                      
                         114.000000      10.677078       Unweighted events, alpha=0.000000
      => Parameter prop_binmuon_channel_bin56_Z_boson[0.00,-7.00,7.00] to be Gaussian constrained
  ----------------------------------------------------------
    DiBoson              0.000000        0.000000                                      
      => Error is zero, ignore      
  ----------------------------------------------------------
    QCD                  0.009697        0.009697                                      
                         1.000000        1.000000        Unweighted events, alpha=0.009697
      => Product of prop_binmuon_channel_bin56_QCD[1.00,0.00,30.85] and const [1.0000] to be Poisson constrained
  ----------------------------------------------------------
------------------------------------------------------------
57         0.027239        0.005108        total sum                     
57         0.000203        0.000004        excluding marked processes    
57         2635.000000     51.332251       Unweighted events, alpha=0.000010
  => Total parameter prop_binmuon_channel_bin57[0.00,-7.00,7.00] to be Gaussian constrained
------------------------------------------------------------
58         0.019226        0.004065        total sum                     
58         0.001356        0.001173        excluding marked processes    
58         1.000000        1.000000        Unweighted events, alpha=0.019226
  => Number of weighted events is below Poisson threshold
    Wprime5600_kR2       0.017870        0.003892                                      
                         21.000000       4.582576        Unweighted events, alpha=0.000851
      => Parameter prop_binmuon_channel_bin58_Wprime5600_kR2[0.00,-7.00,7.00] to be Gaussian constrained
  ----------------------------------------------------------
    W_boson              0.000181        0.000006                                      
                         946.000000      30.757113       Unweighted events, alpha=0.000000
      => Parameter prop_binmuon_channel_bin58_W_boson[0.00,-7.00,7.00] to be Gaussian constrained
  ----------------------------------------------------------
    Top                  0.000000        0.000000                                      
      => Error is zero, ignore      
  ----------------------------------------------------------
    Z_boson              0.000002        0.000000                                      
                         87.000000       9.327379        Unweighted events, alpha=0.000000
      => Parameter prop_binmuon_channel_bin58_Z_boson[0.00,-7.00,7.00] to be Gaussian constrained
  ----------------------------------------------------------
    DiBoson              0.000000        0.000000                                      
      => Error is zero, ignore      
  ----------------------------------------------------------
    QCD                  0.001173        0.001173                                      
                         1.000000        1.000000        Unweighted events, alpha=0.001173
      => Product of prop_binmuon_channel_bin58_QCD[1.00,0.00,30.85] and const [1.0000] to be Poisson constrained
  ----------------------------------------------------------
------------------------------------------------------------
59         0.011475        0.002904        total sum                     
59         0.000152        0.000005        excluding marked processes    
59         937.000000      30.610456       Unweighted events, alpha=0.000012
  => Total parameter prop_binmuon_channel_bin59[0.00,-7.00,7.00] to be Gaussian constrained
------------------------------------------------------------
60         0.028553        0.016947        total sum                     
60         0.016837        0.016698        excluding marked processes    
60         1.000000        1.000000        Unweighted events, alpha=0.028553
  => Number of weighted events is below Poisson threshold
    Wprime5600_kR2       0.011716        0.002893                                      
                         16.000000       4.000000        Unweighted events, alpha=0.000732
      => Parameter prop_binmuon_channel_bin60_Wprime5600_kR2[0.00,-7.00,7.00] to be Gaussian constrained
  ----------------------------------------------------------
    W_boson              0.000137        0.000004                                      
                         1248.000000     35.327043       Unweighted events, alpha=0.000000
      => Parameter prop_binmuon_channel_bin60_W_boson[0.00,-7.00,7.00] to be Gaussian constrained
  ----------------------------------------------------------
    Top                  0.000000        0.000000                                      
      => Error is zero, ignore      
  ----------------------------------------------------------
    Z_boson              0.000002        0.000000                                      
                         66.000000       8.124038        Unweighted events, alpha=0.000000
      => Parameter prop_binmuon_channel_bin60_Z_boson[0.00,-7.00,7.00] to be Gaussian constrained
  ----------------------------------------------------------
    DiBoson              0.000000        0.000000                                      
      => Error is zero, ignore      
  ----------------------------------------------------------
    QCD                  0.016698        0.016698                                      
                         1.000000        1.000000        Unweighted events, alpha=0.016698
      => Product of prop_binmuon_channel_bin60_QCD[1.00,0.00,30.85] and const [1.0000] to be Poisson constrained
  ----------------------------------------------------------
------------------------------------------------------------
61         0.012155        0.003471        total sum                     
61         0.000116        0.000004        excluding marked processes    
61         893.000000      29.883106       Unweighted events, alpha=0.000014
  => Total parameter prop_binmuon_channel_bin61[0.00,-7.00,7.00] to be Gaussian constrained
------------------------------------------------------------
62         0.003426        0.001385        total sum                     
62         0.000097        0.000002        excluding marked processes    
62         4092.000000     63.968742       Unweighted events, alpha=0.000001
  => Total parameter prop_binmuon_channel_bin62[0.00,-7.00,7.00] to be Gaussian constrained
------------------------------------------------------------
63         0.005934        0.001784        total sum                     
63         0.000091        0.000005        excluding marked processes    
63         287.000000      16.941074       Unweighted events, alpha=0.000021
  => Total parameter prop_binmuon_channel_bin63[0.00,-7.00,7.00] to be Gaussian constrained
------------------------------------------------------------
64         0.001672        0.001043        total sum                     
64         0.000074        0.000002        excluding marked processes    
64         2058.000000     45.365185       Unweighted events, alpha=0.000001
  => Total parameter prop_binmuon_channel_bin64[0.00,-7.00,7.00] to be Gaussian constrained
------------------------------------------------------------
65         0.005392        0.002281        total sum                     
65         0.002103        0.001539        excluding marked processes    
65         2.000000        1.414214        Unweighted events, alpha=0.002696
  => Number of weighted events is below Poisson threshold
    Wprime5600_kR2       0.003289        0.001683                                      
                         4.000000        2.000000        Unweighted events, alpha=0.000822
      => Product of prop_binmuon_channel_bin65_Wprime5600_kR2[4.00,0.00,38.96] and const [0.2500] to be Poisson constrained
  ----------------------------------------------------------
    W_boson              0.000061        0.000001                                      
                         4081.000000     63.882705       Unweighted events, alpha=0.000000
      => Parameter prop_binmuon_channel_bin65_W_boson[0.00,-7.00,7.00] to be Gaussian constrained
  ----------------------------------------------------------
    Top                  0.000000        0.000000                                      
      => Error is zero, ignore      
  ----------------------------------------------------------
    Z_boson              0.000001        0.000000                                      
                         60.000000       7.745967        Unweighted events, alpha=0.000000
      => Parameter prop_binmuon_channel_bin65_Z_boson[0.00,-7.00,7.00] to be Gaussian constrained
  ----------------------------------------------------------
    DiBoson              0.000000        0.000000                                      
      => Error is zero, ignore      
  ----------------------------------------------------------
    QCD                  0.002042        0.001539                                      
                         2.000000        1.414214        Unweighted events, alpha=0.001021
      => Product of prop_binmuon_channel_bin65_QCD[2.00,0.00,33.79] and const [0.5000] to be Poisson constrained
  ----------------------------------------------------------
------------------------------------------------------------
66         0.002583        0.001411        total sum                     
66         0.000055        0.000002        excluding marked processes    
66         633.000000      25.159491       Unweighted events, alpha=0.000004
  => Total parameter prop_binmuon_channel_bin66[0.00,-7.00,7.00] to be Gaussian constrained
------------------------------------------------------------
67         0.002838        0.001470        total sum                     
67         0.001308        0.001211        excluding marked processes    
67         1.000000        1.000000        Unweighted events, alpha=0.002838
  => Number of weighted events is below Poisson threshold
    Wprime5600_kR2       0.001530        0.000833                                      
                         3.000000        1.732051        Unweighted events, alpha=0.000510
      => Product of prop_binmuon_channel_bin67_Wprime5600_kR2[3.00,0.00,36.46] and const [0.3333] to be Poisson constrained
  ----------------------------------------------------------
    W_boson              0.000098        0.000052                                      
                         4.000000        2.000000        Unweighted events, alpha=0.000025
      => Product of prop_binmuon_channel_bin67_W_boson[4.00,0.00,38.96] and const [0.2500] to be Poisson constrained
  ----------------------------------------------------------
    Top                  0.000000        0.000000                                      
      => Error is zero, ignore      
  ----------------------------------------------------------
    Z_boson              0.000000        0.000000                                      
                         170.000000      13.038405       Unweighted events, alpha=0.000000
      => Parameter prop_binmuon_channel_bin67_Z_boson[0.00,-7.00,7.00] to be Gaussian constrained
  ----------------------------------------------------------
    DiBoson              0.000000        0.000000                                      
      => Error is zero, ignore      
  ----------------------------------------------------------
    QCD                  0.001210        0.001210                                      
                         1.000000        1.000000        Unweighted events, alpha=0.001210
      => Product of prop_binmuon_channel_bin67_QCD[1.00,0.00,30.85] and const [1.0000] to be Poisson constrained
  ----------------------------------------------------------
------------------------------------------------------------
Channel muon_channel will use autoMCStats with settings: event-threshold=10, include-signal=0, hist-mode=1

 -- MarkovChainMC -- 
Limit: r < 2.29544 +/- 0.0133904 @ 95% credibility (300 tries)
Done in 6.26 min (cpu), 6.38 min (real)
