 <<< Combine >>> 
 <<< v10.0.2 >>>
>>> Used OpenSSL to get a truly random seed 1364540092
>>> Method used is MarkovChainMC
============================================================
Analyzing bin errors for: prop_binmuon_channel
Poisson cut-off: 10
Processes excluded for sums: Wprime6000
============================================================
Bin        Contents        Error           Notes                         
0          111956.954537   172.161795      total sum                     
0          111955.425171   172.161792      excluding marked processes    
0          422880.000000   650.292242      Unweighted events, alpha=0.264749
  => Total parameter prop_binmuon_channel_bin0[0.00,-7.00,7.00] to be Gaussian constrained
------------------------------------------------------------
1          20778.113809    49.096333       total sum                     
1          20776.707336    49.096321       excluding marked processes    
1          179083.000000   423.181994      Unweighted events, alpha=0.116025
  => Total parameter prop_binmuon_channel_bin1[0.00,-7.00,7.00] to be Gaussian constrained
------------------------------------------------------------
2          6077.029492     20.449884       total sum                     
2          6075.766998     20.449858       excluding marked processes    
2          88272.000000    297.106042      Unweighted events, alpha=0.068844
  => Total parameter prop_binmuon_channel_bin2[0.00,-7.00,7.00] to be Gaussian constrained
------------------------------------------------------------
3          2280.596493     15.072550       total sum                     
3          2279.393797     15.072510       excluding marked processes    
3          22870.000000    151.228304      Unweighted events, alpha=0.099720
  => Total parameter prop_binmuon_channel_bin3[0.00,-7.00,7.00] to be Gaussian constrained
------------------------------------------------------------
4          985.499956      6.925957        total sum                     
4          984.464458      6.925894        excluding marked processes    
4          20205.000000    142.144293      Unweighted events, alpha=0.048775
  => Total parameter prop_binmuon_channel_bin4[0.00,-7.00,7.00] to be Gaussian constrained
------------------------------------------------------------
5          484.207107      3.400930        total sum                     
5          483.267066      3.400816        excluding marked processes    
5          20193.000000    142.102076      Unweighted events, alpha=0.023979
  => Total parameter prop_binmuon_channel_bin5[0.00,-7.00,7.00] to be Gaussian constrained
------------------------------------------------------------
6          258.754607      2.773011        total sum                     
6          257.936387      2.772890        excluding marked processes    
6          8653.000000     93.021503       Unweighted events, alpha=0.029903
  => Total parameter prop_binmuon_channel_bin6[0.00,-7.00,7.00] to be Gaussian constrained
------------------------------------------------------------
7          147.934144      2.373025        total sum                     
7          147.178596      2.372890        excluding marked processes    
7          3847.000000     62.024189       Unweighted events, alpha=0.038454
  => Total parameter prop_binmuon_channel_bin7[0.00,-7.00,7.00] to be Gaussian constrained
------------------------------------------------------------
8          86.019154       1.622961        total sum                     
8          85.369110       1.622794        excluding marked processes    
8          2767.000000     52.602281       Unweighted events, alpha=0.031088
  => Total parameter prop_binmuon_channel_bin8[0.00,-7.00,7.00] to be Gaussian constrained
------------------------------------------------------------
9          53.760514       0.823589        total sum                     
9          53.209936       0.823312        excluding marked processes    
9          4177.000000     64.629715       Unweighted events, alpha=0.012871
  => Total parameter prop_binmuon_channel_bin9[0.00,-7.00,7.00] to be Gaussian constrained
------------------------------------------------------------
10         32.423482       0.534246        total sum                     
10         31.923546       0.533858        excluding marked processes    
10         3576.000000     59.799666       Unweighted events, alpha=0.009067
  => Total parameter prop_binmuon_channel_bin10[0.00,-7.00,7.00] to be Gaussian constrained
------------------------------------------------------------
11         22.040723       0.564451        total sum                     
11         21.571668       0.564095        excluding marked processes    
11         1462.000000     38.236109       Unweighted events, alpha=0.015076
  => Total parameter prop_binmuon_channel_bin11[0.00,-7.00,7.00] to be Gaussian constrained
------------------------------------------------------------
12         14.258346       0.236555        total sum                     
12         13.855492       0.235812        excluding marked processes    
12         3452.000000     58.753723       Unweighted events, alpha=0.004130
  => Total parameter prop_binmuon_channel_bin12[0.00,-7.00,7.00] to be Gaussian constrained
------------------------------------------------------------
13         9.907910        0.295105        total sum                     
13         9.534979        0.294591        excluding marked processes    
13         1048.000000     32.372828       Unweighted events, alpha=0.009454
  => Total parameter prop_binmuon_channel_bin13[0.00,-7.00,7.00] to be Gaussian constrained
------------------------------------------------------------
14         7.403999        0.340501        total sum                     
14         7.049276        0.340063        excluding marked processes    
14         430.000000      20.736441       Unweighted events, alpha=0.017219
  => Total parameter prop_binmuon_channel_bin14[0.00,-7.00,7.00] to be Gaussian constrained
------------------------------------------------------------
15         4.983241        0.253596        total sum                     
15         4.665058        0.253049        excluding marked processes    
15         340.000000      18.439089       Unweighted events, alpha=0.014657
  => Total parameter prop_binmuon_channel_bin15[0.00,-7.00,7.00] to be Gaussian constrained
------------------------------------------------------------
16         3.718633        0.257519        total sum                     
16         3.443129        0.257073        excluding marked processes    
16         179.000000      13.379088       Unweighted events, alpha=0.020774
  => Total parameter prop_binmuon_channel_bin16[0.00,-7.00,7.00] to be Gaussian constrained
------------------------------------------------------------
17         2.830585        0.155640        total sum                     
17         2.551292        0.154846        excluding marked processes    
17         271.000000      16.462078       Unweighted events, alpha=0.010445
  => Total parameter prop_binmuon_channel_bin17[0.00,-7.00,7.00] to be Gaussian constrained
------------------------------------------------------------
18         1.836419        0.054404        total sum                     
18         1.597191        0.052595        excluding marked processes    
18         922.000000      30.364453       Unweighted events, alpha=0.001992
  => Total parameter prop_binmuon_channel_bin18[0.00,-7.00,7.00] to be Gaussian constrained
------------------------------------------------------------
19         1.589353        0.097847        total sum                     
19         1.311860        0.093887        excluding marked processes    
19         195.000000      13.964240       Unweighted events, alpha=0.008151
  => Total parameter prop_binmuon_channel_bin19[0.00,-7.00,7.00] to be Gaussian constrained
------------------------------------------------------------
20         1.037171        0.042359        total sum                     
20         0.825627        0.040231        excluding marked processes    
20         421.000000      20.518285       Unweighted events, alpha=0.002464
  => Total parameter prop_binmuon_channel_bin20[0.00,-7.00,7.00] to be Gaussian constrained
------------------------------------------------------------
21         0.879686        0.047533        total sum                     
21         0.660629        0.045578        excluding marked processes    
21         210.000000      14.491377       Unweighted events, alpha=0.004189
  => Total parameter prop_binmuon_channel_bin21[0.00,-7.00,7.00] to be Gaussian constrained
------------------------------------------------------------
22         0.900862        0.212851        total sum                     
22         0.710604        0.212472        excluding marked processes    
22         11.000000       3.316625        Unweighted events, alpha=0.081897
  => Total parameter prop_binmuon_channel_bin22[0.00,-7.00,7.00] to be Gaussian constrained
------------------------------------------------------------
23         0.508020        0.017038        total sum                     
23         0.324548        0.011904        excluding marked processes    
23         743.000000      27.258026       Unweighted events, alpha=0.000684
  => Total parameter prop_binmuon_channel_bin23[0.00,-7.00,7.00] to be Gaussian constrained
------------------------------------------------------------
24         0.896949        0.471784        total sum                     
24         0.724691        0.471632        excluding marked processes    
24         2.000000        1.414214        Unweighted events, alpha=0.448475
  => Number of weighted events is below Poisson threshold
    Wprime6000           0.172258        0.011954                                      
                         208.000000      14.422205       Unweighted events, alpha=0.000828
      => Parameter prop_binmuon_channel_bin24_Wprime6000[0.00,-7.00,7.00] to be Gaussian constrained
  ----------------------------------------------------------
    W_boson              0.238339        0.001648                                      
                         20907.000000    144.592531      Unweighted events, alpha=0.000011
      => Parameter prop_binmuon_channel_bin24_W_boson[0.00,-7.00,7.00] to be Gaussian constrained
  ----------------------------------------------------------
    Top                  0.000000        0.000000                                      
      => Error is zero, ignore      
  ----------------------------------------------------------
    Z_boson              0.003907        0.000121                                      
                         1045.000000     32.326460       Unweighted events, alpha=0.000004
      => Parameter prop_binmuon_channel_bin24_Z_boson[0.00,-7.00,7.00] to be Gaussian constrained
  ----------------------------------------------------------
    DiBoson              0.000000        0.000644                                      
      => Poisson not viable, prop_binmuon_channel_bin24_DiBoson[0.00,-7.00,7.00] to be Gaussian constrained
  ----------------------------------------------------------
    QCD                  0.482445        0.471629                                      
                         1.000000        1.000000        Unweighted events, alpha=0.482445
      => Product of prop_binmuon_channel_bin24_QCD[1.00,0.00,30.85] and const [1.0000] to be Poisson constrained
  ----------------------------------------------------------
------------------------------------------------------------
25         0.347932        0.011725        total sum                     
25         0.182943        0.001755        excluding marked processes    
25         10869.000000    104.254496      Unweighted events, alpha=0.000032
  => Total parameter prop_binmuon_channel_bin25[0.00,-7.00,7.00] to be Gaussian constrained
------------------------------------------------------------
26         0.330726        0.015224        total sum                     
26         0.154133        0.008863        excluding marked processes    
26         302.000000      17.378147       Unweighted events, alpha=0.001095
  => Total parameter prop_binmuon_channel_bin26[0.00,-7.00,7.00] to be Gaussian constrained
------------------------------------------------------------
27         0.314215        0.028946        total sum                     
27         0.136683        0.026097        excluding marked processes    
27         27.000000       5.196152        Unweighted events, alpha=0.011638
  => Total parameter prop_binmuon_channel_bin27[0.00,-7.00,7.00] to be Gaussian constrained
------------------------------------------------------------
28         0.257208        0.012165        total sum                     
28         0.081986        0.001147        excluding marked processes    
28         5112.000000     71.498252       Unweighted events, alpha=0.000050
  => Total parameter prop_binmuon_channel_bin28[0.00,-7.00,7.00] to be Gaussian constrained
------------------------------------------------------------
29         0.299090        0.042067        total sum                     
29         0.117460        0.040254        excluding marked processes    
29         9.000000        3.000000        Unweighted events, alpha=0.033232
  => Number of weighted events is below Poisson threshold
    Wprime6000           0.181630        0.012217                                      
                         221.000000      14.866069       Unweighted events, alpha=0.000822
      => Parameter prop_binmuon_channel_bin29_Wprime6000[0.00,-7.00,7.00] to be Gaussian constrained
  ----------------------------------------------------------
    W_boson              0.061396        0.000570                                      
                         11610.000000    107.749710      Unweighted events, alpha=0.000005
      => Parameter prop_binmuon_channel_bin29_W_boson[0.00,-7.00,7.00] to be Gaussian constrained
  ----------------------------------------------------------
    Top                  0.000000        0.000000                                      
      => Error is zero, ignore      
  ----------------------------------------------------------
    Z_boson              0.001093        0.000044                                      
                         606.000000      24.617067       Unweighted events, alpha=0.000002
      => Parameter prop_binmuon_channel_bin29_Z_boson[0.00,-7.00,7.00] to be Gaussian constrained
  ----------------------------------------------------------
    DiBoson              0.000000        0.000442                                      
      => Poisson not viable, prop_binmuon_channel_bin29_DiBoson[0.00,-7.00,7.00] to be Gaussian constrained
  ----------------------------------------------------------
    QCD                  0.054971        0.040248                                      
                         2.000000        1.414214        Unweighted events, alpha=0.027485
      => Product of prop_binmuon_channel_bin29_QCD[2.00,0.00,33.79] and const [0.5000] to be Poisson constrained
  ----------------------------------------------------------
------------------------------------------------------------
30         0.230239        0.018265        total sum                     
30         0.066370        0.013911        excluding marked processes    
30         23.000000       4.795832        Unweighted events, alpha=0.010010
  => Total parameter prop_binmuon_channel_bin30[0.00,-7.00,7.00] to be Gaussian constrained
------------------------------------------------------------
31         0.204371        0.012259        total sum                     
31         0.037316        0.000839        excluding marked processes    
31         1980.000000     44.497191       Unweighted events, alpha=0.000103
  => Total parameter prop_binmuon_channel_bin31[0.00,-7.00,7.00] to be Gaussian constrained
------------------------------------------------------------
32         0.205663        0.012356        total sum                     
32         0.030635        0.001494        excluding marked processes    
32         420.000000      20.493902       Unweighted events, alpha=0.000490
  => Total parameter prop_binmuon_channel_bin32[0.00,-7.00,7.00] to be Gaussian constrained
------------------------------------------------------------
33         0.192635        0.011875        total sum                     
33         0.023605        0.000934        excluding marked processes    
33         639.000000      25.278449       Unweighted events, alpha=0.000301
  => Total parameter prop_binmuon_channel_bin33[0.00,-7.00,7.00] to be Gaussian constrained
------------------------------------------------------------
34         0.192073        0.016584        total sum                     
34         0.029510        0.011768        excluding marked processes    
34         6.000000        2.449490        Unweighted events, alpha=0.032012
  => Number of weighted events is below Poisson threshold
    Wprime6000           0.162563        0.011686                                      
                         194.000000      13.928388       Unweighted events, alpha=0.000838
      => Parameter prop_binmuon_channel_bin34_Wprime6000[0.00,-7.00,7.00] to be Gaussian constrained
  ----------------------------------------------------------
    W_boson              0.017431        0.000289                                      
                         3639.000000     60.324125       Unweighted events, alpha=0.000005
      => Parameter prop_binmuon_channel_bin34_W_boson[0.00,-7.00,7.00] to be Gaussian constrained
  ----------------------------------------------------------
    Top                  0.000000        0.000000                                      
      => Error is zero, ignore      
  ----------------------------------------------------------
    Z_boson              0.000314        0.000020                                      
                         236.000000      15.362291       Unweighted events, alpha=0.000001
      => Parameter prop_binmuon_channel_bin34_Z_boson[0.00,-7.00,7.00] to be Gaussian constrained
  ----------------------------------------------------------
    DiBoson              0.000000        0.000000                                      
      => Error is zero, ignore      
  ----------------------------------------------------------
    QCD                  0.011765        0.011765                                      
                         1.000000        1.000000        Unweighted events, alpha=0.011765
      => Product of prop_binmuon_channel_bin34_QCD[1.00,0.00,30.85] and const [1.0000] to be Poisson constrained
  ----------------------------------------------------------
------------------------------------------------------------
35         0.192147        0.012309        total sum                     
35         0.013958        0.000298        excluding marked processes    
35         2187.000000     46.765372       Unweighted events, alpha=0.000088
  => Total parameter prop_binmuon_channel_bin35[0.00,-7.00,7.00] to be Gaussian constrained
------------------------------------------------------------
36         0.176870        0.012268        total sum                     
36         0.013229        0.002041        excluding marked processes    
36         42.000000       6.480741        Unweighted events, alpha=0.004211
  => Total parameter prop_binmuon_channel_bin36[0.00,-7.00,7.00] to be Gaussian constrained
------------------------------------------------------------
37         0.170268        0.011504        total sum                     
37         0.008724        0.000168        excluding marked processes    
37         2685.000000     51.816986       Unweighted events, alpha=0.000063
  => Total parameter prop_binmuon_channel_bin37[0.00,-7.00,7.00] to be Gaussian constrained
------------------------------------------------------------
38         0.181888        0.012305        total sum                     
38         0.007068        0.000136        excluding marked processes    
38         2717.000000     52.124850       Unweighted events, alpha=0.000067
  => Total parameter prop_binmuon_channel_bin38[0.00,-7.00,7.00] to be Gaussian constrained
------------------------------------------------------------
39         0.176296        0.012211        total sum                     
39         0.005723        0.000089        excluding marked processes    
39         4122.000000     64.202804       Unweighted events, alpha=0.000043
  => Total parameter prop_binmuon_channel_bin39[0.00,-7.00,7.00] to be Gaussian constrained
------------------------------------------------------------
40         0.200881        0.012944        total sum                     
40         0.005246        0.000543        excluding marked processes    
40         93.000000       9.643651        Unweighted events, alpha=0.002160
  => Total parameter prop_binmuon_channel_bin40[0.00,-7.00,7.00] to be Gaussian constrained
------------------------------------------------------------
41         0.164837        0.011631        total sum                     
41         0.004022        0.000382        excluding marked processes    
41         111.000000      10.535654       Unweighted events, alpha=0.001485
  => Total parameter prop_binmuon_channel_bin41[0.00,-7.00,7.00] to be Gaussian constrained
------------------------------------------------------------
42         0.197475        0.012920        total sum                     
42         0.002984        0.000036        excluding marked processes    
42         6774.000000     82.304313       Unweighted events, alpha=0.000029
  => Total parameter prop_binmuon_channel_bin42[0.00,-7.00,7.00] to be Gaussian constrained
------------------------------------------------------------
43         0.182666        0.012356        total sum                     
43         0.002699        0.000245        excluding marked processes    
43         121.000000      11.000000       Unweighted events, alpha=0.001510
  => Total parameter prop_binmuon_channel_bin43[0.00,-7.00,7.00] to be Gaussian constrained
------------------------------------------------------------
44         0.187169        0.012396        total sum                     
44         0.002093        0.000073        excluding marked processes    
44         822.000000      28.670542       Unweighted events, alpha=0.000228
  => Total parameter prop_binmuon_channel_bin44[0.00,-7.00,7.00] to be Gaussian constrained
------------------------------------------------------------
45         0.220826        0.013907        total sum                     
45         0.002238        0.000586        excluding marked processes    
45         15.000000       3.872983        Unweighted events, alpha=0.014722
  => Total parameter prop_binmuon_channel_bin45[0.00,-7.00,7.00] to be Gaussian constrained
------------------------------------------------------------
46         0.217411        0.013587        total sum                     
46         0.001392        0.000022        excluding marked processes    
46         3955.000000     62.888791       Unweighted events, alpha=0.000055
  => Total parameter prop_binmuon_channel_bin46[0.00,-7.00,7.00] to be Gaussian constrained
------------------------------------------------------------
47         0.233060        0.014302        total sum                     
47         0.001163        0.000024        excluding marked processes    
47         2431.000000     49.305172       Unweighted events, alpha=0.000096
  => Total parameter prop_binmuon_channel_bin47[0.00,-7.00,7.00] to be Gaussian constrained
------------------------------------------------------------
48         0.210818        0.013547        total sum                     
48         0.000986        0.000018        excluding marked processes    
48         3016.000000     54.918121       Unweighted events, alpha=0.000070
  => Total parameter prop_binmuon_channel_bin48[0.00,-7.00,7.00] to be Gaussian constrained
------------------------------------------------------------
49         0.207762        0.013332        total sum                     
49         0.001258        0.000468        excluding marked processes    
49         7.000000        2.645751        Unweighted events, alpha=0.029680
  => Number of weighted events is below Poisson threshold
    Wprime6000           0.206504        0.013324                                      
                         240.000000      15.491933       Unweighted events, alpha=0.000860
      => Parameter prop_binmuon_channel_bin49_Wprime6000[0.00,-7.00,7.00] to be Gaussian constrained
  ----------------------------------------------------------
    W_boson              0.000780        0.000014                                      
                         3004.000000     54.808758       Unweighted events, alpha=0.000000
      => Parameter prop_binmuon_channel_bin49_W_boson[0.00,-7.00,7.00] to be Gaussian constrained
  ----------------------------------------------------------
    Top                  0.000000        0.000000                                      
      => Error is zero, ignore      
  ----------------------------------------------------------
    Z_boson              0.000011        0.000001                                      
                         71.000000       8.426150        Unweighted events, alpha=0.000000
      => Parameter prop_binmuon_channel_bin49_Z_boson[0.00,-7.00,7.00] to be Gaussian constrained
  ----------------------------------------------------------
    DiBoson              0.000000        0.000000                                      
      => Error is zero, ignore      
  ----------------------------------------------------------
    QCD                  0.000468        0.000468                                      
                         1.000000        1.000000        Unweighted events, alpha=0.000468
      => Product of prop_binmuon_channel_bin49_QCD[1.00,0.00,30.85] and const [1.0000] to be Poisson constrained
  ----------------------------------------------------------
------------------------------------------------------------
50         0.239767        0.014512        total sum                     
50         0.000668        0.000013        excluding marked processes    
50         2580.000000     50.793700       Unweighted events, alpha=0.000093
  => Total parameter prop_binmuon_channel_bin50[0.00,-7.00,7.00] to be Gaussian constrained
------------------------------------------------------------
51         0.260938        0.014900        total sum                     
51         0.002536        0.001503        excluding marked processes    
51         3.000000        1.732051        Unweighted events, alpha=0.086979
  => Number of weighted events is below Poisson threshold
    Wprime6000           0.258402        0.014824                                      
                         304.000000      17.435596       Unweighted events, alpha=0.000850
      => Parameter prop_binmuon_channel_bin51_Wprime6000[0.00,-7.00,7.00] to be Gaussian constrained
  ----------------------------------------------------------
    W_boson              0.000570        0.000011                                      
                         2840.000000     53.291650       Unweighted events, alpha=0.000000
      => Parameter prop_binmuon_channel_bin51_W_boson[0.00,-7.00,7.00] to be Gaussian constrained
  ----------------------------------------------------------
    Top                  0.000000        0.000000                                      
      => Error is zero, ignore      
  ----------------------------------------------------------
    Z_boson              0.000008        0.000001                                      
                         39.000000       6.244998        Unweighted events, alpha=0.000000
      => Parameter prop_binmuon_channel_bin51_Z_boson[0.00,-7.00,7.00] to be Gaussian constrained
  ----------------------------------------------------------
    DiBoson              0.000000        0.000000                                      
      => Error is zero, ignore      
  ----------------------------------------------------------
    QCD                  0.001958        0.001503                                      
                         2.000000        1.414214        Unweighted events, alpha=0.000979
      => Product of prop_binmuon_channel_bin51_QCD[2.00,0.00,33.79] and const [0.5000] to be Poisson constrained
  ----------------------------------------------------------
------------------------------------------------------------
52         0.235485        0.014071        total sum                     
52         0.001559        0.000776        excluding marked processes    
52         4.000000        2.000000        Unweighted events, alpha=0.058871
  => Number of weighted events is below Poisson threshold
    Wprime6000           0.233926        0.014049                                      
                         277.000000      16.643317       Unweighted events, alpha=0.000844
      => Parameter prop_binmuon_channel_bin52_Wprime6000[0.00,-7.00,7.00] to be Gaussian constrained
  ----------------------------------------------------------
    W_boson              0.000456        0.000008                                      
                         3213.000000     56.683331       Unweighted events, alpha=0.000000
      => Parameter prop_binmuon_channel_bin52_W_boson[0.00,-7.00,7.00] to be Gaussian constrained
  ----------------------------------------------------------
    Top                  0.000000        0.000000                                      
      => Error is zero, ignore      
  ----------------------------------------------------------
    Z_boson              0.000006        0.000000                                      
                         139.000000      11.789826       Unweighted events, alpha=0.000000
      => Parameter prop_binmuon_channel_bin52_Z_boson[0.00,-7.00,7.00] to be Gaussian constrained
  ----------------------------------------------------------
    DiBoson              0.000000        0.000000                                      
      => Error is zero, ignore      
  ----------------------------------------------------------
    QCD                  0.001097        0.000776                                      
                         2.000000        1.414214        Unweighted events, alpha=0.000548
      => Product of prop_binmuon_channel_bin52_QCD[2.00,0.00,33.79] and const [0.5000] to be Poisson constrained
  ----------------------------------------------------------
------------------------------------------------------------
53         0.227406        0.013512        total sum                     
53         0.000413        0.000011        excluding marked processes    
53         1518.000000     38.961519       Unweighted events, alpha=0.000150
  => Total parameter prop_binmuon_channel_bin53[0.00,-7.00,7.00] to be Gaussian constrained
------------------------------------------------------------
54         0.234213        0.014221        total sum                     
54         0.000373        0.000028        excluding marked processes    
54         182.000000      13.490738       Unweighted events, alpha=0.001287
  => Total parameter prop_binmuon_channel_bin54[0.00,-7.00,7.00] to be Gaussian constrained
------------------------------------------------------------
55         0.215243        0.013256        total sum                     
55         0.001100        0.000814        excluding marked processes    
55         2.000000        1.414214        Unweighted events, alpha=0.107621
  => Number of weighted events is below Poisson threshold
    Wprime6000           0.214142        0.013231                                      
                         262.000000      16.186414       Unweighted events, alpha=0.000817
      => Parameter prop_binmuon_channel_bin55_Wprime6000[0.00,-7.00,7.00] to be Gaussian constrained
  ----------------------------------------------------------
    W_boson              0.000283        0.000005                                      
                         3360.000000     57.965507       Unweighted events, alpha=0.000000
      => Parameter prop_binmuon_channel_bin55_W_boson[0.00,-7.00,7.00] to be Gaussian constrained
  ----------------------------------------------------------
    Top                  0.000000        0.000000                                      
      => Error is zero, ignore      
  ----------------------------------------------------------
    Z_boson              0.000004        0.000000                                      
                         108.000000      10.392305       Unweighted events, alpha=0.000000
      => Parameter prop_binmuon_channel_bin55_Z_boson[0.00,-7.00,7.00] to be Gaussian constrained
  ----------------------------------------------------------
    DiBoson              0.000000        0.000000                                      
      => Error is zero, ignore      
  ----------------------------------------------------------
    QCD                  0.000814        0.000814                                      
                         1.000000        1.000000        Unweighted events, alpha=0.000814
      => Product of prop_binmuon_channel_bin55_QCD[1.00,0.00,30.85] and const [1.0000] to be Poisson constrained
  ----------------------------------------------------------
------------------------------------------------------------
56         0.223169        0.016666        total sum                     
56         0.009945        0.009697        excluding marked processes    
56         1.000000        1.000000        Unweighted events, alpha=0.223169
  => Number of weighted events is below Poisson threshold
    Wprime6000           0.213223        0.013554                                      
                         247.000000      15.716234       Unweighted events, alpha=0.000863
      => Parameter prop_binmuon_channel_bin56_Wprime6000[0.00,-7.00,7.00] to be Gaussian constrained
  ----------------------------------------------------------
    W_boson              0.000245        0.000007                                      
                         1131.000000     33.630343       Unweighted events, alpha=0.000000
      => Parameter prop_binmuon_channel_bin56_W_boson[0.00,-7.00,7.00] to be Gaussian constrained
  ----------------------------------------------------------
    Top                  0.000000        0.000000                                      
      => Error is zero, ignore      
  ----------------------------------------------------------
    Z_boson              0.000003        0.000000                                      
                         114.000000      10.677078       Unweighted events, alpha=0.000000
      => Parameter prop_binmuon_channel_bin56_Z_boson[0.00,-7.00,7.00] to be Gaussian constrained
  ----------------------------------------------------------
    DiBoson              0.000000        0.000000                                      
      => Error is zero, ignore      
  ----------------------------------------------------------
    QCD                  0.009697        0.009697                                      
                         1.000000        1.000000        Unweighted events, alpha=0.009697
      => Product of prop_binmuon_channel_bin56_QCD[1.00,0.00,30.85] and const [1.0000] to be Poisson constrained
  ----------------------------------------------------------
------------------------------------------------------------
57         0.173866        0.011953        total sum                     
57         0.000203        0.000004        excluding marked processes    
57         2635.000000     51.332251       Unweighted events, alpha=0.000066
  => Total parameter prop_binmuon_channel_bin57[0.00,-7.00,7.00] to be Gaussian constrained
------------------------------------------------------------
58         0.152406        0.011171        total sum                     
58         0.001356        0.001173        excluding marked processes    
58         1.000000        1.000000        Unweighted events, alpha=0.152406
  => Number of weighted events is below Poisson threshold
    Wprime6000           0.151050        0.011109                                      
                         185.000000      13.601471       Unweighted events, alpha=0.000816
      => Parameter prop_binmuon_channel_bin58_Wprime6000[0.00,-7.00,7.00] to be Gaussian constrained
  ----------------------------------------------------------
    W_boson              0.000181        0.000006                                      
                         946.000000      30.757113       Unweighted events, alpha=0.000000
      => Parameter prop_binmuon_channel_bin58_W_boson[0.00,-7.00,7.00] to be Gaussian constrained
  ----------------------------------------------------------
    Top                  0.000000        0.000000                                      
      => Error is zero, ignore      
  ----------------------------------------------------------
    Z_boson              0.000002        0.000000                                      
                         87.000000       9.327379        Unweighted events, alpha=0.000000
      => Parameter prop_binmuon_channel_bin58_Z_boson[0.00,-7.00,7.00] to be Gaussian constrained
  ----------------------------------------------------------
    DiBoson              0.000000        0.000000                                      
      => Error is zero, ignore      
  ----------------------------------------------------------
    QCD                  0.001173        0.001173                                      
                         1.000000        1.000000        Unweighted events, alpha=0.001173
      => Product of prop_binmuon_channel_bin58_QCD[1.00,0.00,30.85] and const [1.0000] to be Poisson constrained
  ----------------------------------------------------------
------------------------------------------------------------
59         0.135417        0.010724        total sum                     
59         0.000152        0.000005        excluding marked processes    
59         937.000000      30.610456       Unweighted events, alpha=0.000145
  => Total parameter prop_binmuon_channel_bin59[0.00,-7.00,7.00] to be Gaussian constrained
------------------------------------------------------------
60         0.112475        0.018943        total sum                     
60         0.016837        0.016698        excluding marked processes    
60         1.000000        1.000000        Unweighted events, alpha=0.112475
  => Number of weighted events is below Poisson threshold
    Wprime6000           0.095639        0.008945                                      
                         114.000000      10.677078       Unweighted events, alpha=0.000839
      => Parameter prop_binmuon_channel_bin60_Wprime6000[0.00,-7.00,7.00] to be Gaussian constrained
  ----------------------------------------------------------
    W_boson              0.000137        0.000004                                      
                         1248.000000     35.327043       Unweighted events, alpha=0.000000
      => Parameter prop_binmuon_channel_bin60_W_boson[0.00,-7.00,7.00] to be Gaussian constrained
  ----------------------------------------------------------
    Top                  0.000000        0.000000                                      
      => Error is zero, ignore      
  ----------------------------------------------------------
    Z_boson              0.000002        0.000000                                      
                         66.000000       8.124038        Unweighted events, alpha=0.000000
      => Parameter prop_binmuon_channel_bin60_Z_boson[0.00,-7.00,7.00] to be Gaussian constrained
  ----------------------------------------------------------
    DiBoson              0.000000        0.000000                                      
      => Error is zero, ignore      
  ----------------------------------------------------------
    QCD                  0.016698        0.016698                                      
                         1.000000        1.000000        Unweighted events, alpha=0.016698
      => Product of prop_binmuon_channel_bin60_QCD[1.00,0.00,30.85] and const [1.0000] to be Poisson constrained
  ----------------------------------------------------------
------------------------------------------------------------
61         0.072539        0.007784        total sum                     
61         0.000116        0.000004        excluding marked processes    
61         893.000000      29.883106       Unweighted events, alpha=0.000081
  => Total parameter prop_binmuon_channel_bin61[0.00,-7.00,7.00] to be Gaussian constrained
------------------------------------------------------------
62         0.053043        0.006565        total sum                     
62         0.000097        0.000002        excluding marked processes    
62         4092.000000     63.968742       Unweighted events, alpha=0.000013
  => Total parameter prop_binmuon_channel_bin62[0.00,-7.00,7.00] to be Gaussian constrained
------------------------------------------------------------
63         0.040426        0.005880        total sum                     
63         0.000091        0.000005        excluding marked processes    
63         287.000000      16.941074       Unweighted events, alpha=0.000141
  => Total parameter prop_binmuon_channel_bin63[0.00,-7.00,7.00] to be Gaussian constrained
------------------------------------------------------------
64         0.031812        0.004961        total sum                     
64         0.000074        0.000002        excluding marked processes    
64         2058.000000     45.365185       Unweighted events, alpha=0.000015
  => Total parameter prop_binmuon_channel_bin64[0.00,-7.00,7.00] to be Gaussian constrained
------------------------------------------------------------
65         0.027940        0.004938        total sum                     
65         0.002103        0.001539        excluding marked processes    
65         2.000000        1.414214        Unweighted events, alpha=0.013970
  => Number of weighted events is below Poisson threshold
    Wprime6000           0.025836        0.004692                                      
                         30.000000       5.477226        Unweighted events, alpha=0.000861
      => Parameter prop_binmuon_channel_bin65_Wprime6000[0.00,-7.00,7.00] to be Gaussian constrained
  ----------------------------------------------------------
    W_boson              0.000061        0.000001                                      
                         4081.000000     63.882705       Unweighted events, alpha=0.000000
      => Parameter prop_binmuon_channel_bin65_W_boson[0.00,-7.00,7.00] to be Gaussian constrained
  ----------------------------------------------------------
    Top                  0.000000        0.000000                                      
      => Error is zero, ignore      
  ----------------------------------------------------------
    Z_boson              0.000001        0.000000                                      
                         60.000000       7.745967        Unweighted events, alpha=0.000000
      => Parameter prop_binmuon_channel_bin65_Z_boson[0.00,-7.00,7.00] to be Gaussian constrained
  ----------------------------------------------------------
    DiBoson              0.000000        0.000000                                      
      => Error is zero, ignore      
  ----------------------------------------------------------
    QCD                  0.002042        0.001539                                      
                         2.000000        1.414214        Unweighted events, alpha=0.001021
      => Product of prop_binmuon_channel_bin65_QCD[2.00,0.00,33.79] and const [0.5000] to be Poisson constrained
  ----------------------------------------------------------
------------------------------------------------------------
66         0.018119        0.004181        total sum                     
66         0.000055        0.000002        excluding marked processes    
66         633.000000      25.159491       Unweighted events, alpha=0.000029
  => Total parameter prop_binmuon_channel_bin66[0.00,-7.00,7.00] to be Gaussian constrained
------------------------------------------------------------
67         0.013207        0.003450        total sum                     
67         0.001308        0.001211        excluding marked processes    
67         1.000000        1.000000        Unweighted events, alpha=0.013207
  => Number of weighted events is below Poisson threshold
    Wprime6000           0.011899        0.003230                                      
                         14.000000       3.741657        Unweighted events, alpha=0.000850
      => Parameter prop_binmuon_channel_bin67_Wprime6000[0.00,-7.00,7.00] to be Gaussian constrained
  ----------------------------------------------------------
    W_boson              0.000098        0.000052                                      
                         4.000000        2.000000        Unweighted events, alpha=0.000025
      => Product of prop_binmuon_channel_bin67_W_boson[4.00,0.00,38.96] and const [0.2500] to be Poisson constrained
  ----------------------------------------------------------
    Top                  0.000000        0.000000                                      
      => Error is zero, ignore      
  ----------------------------------------------------------
    Z_boson              0.000000        0.000000                                      
                         170.000000      13.038405       Unweighted events, alpha=0.000000
      => Parameter prop_binmuon_channel_bin67_Z_boson[0.00,-7.00,7.00] to be Gaussian constrained
  ----------------------------------------------------------
    DiBoson              0.000000        0.000000                                      
      => Error is zero, ignore      
  ----------------------------------------------------------
    QCD                  0.001210        0.001210                                      
                         1.000000        1.000000        Unweighted events, alpha=0.001210
      => Product of prop_binmuon_channel_bin67_QCD[1.00,0.00,30.85] and const [1.0000] to be Poisson constrained
  ----------------------------------------------------------
------------------------------------------------------------
Channel muon_channel will use autoMCStats with settings: event-threshold=10, include-signal=0, hist-mode=1

 -- MarkovChainMC -- 
Limit: r < 1.00907 +/- 0.00636541 @ 95% credibility (300 tries)
Done in 8.10 min (cpu), 8.15 min (real)
