 <<< Combine >>> 
 <<< v10.0.2 >>>
>>> Used OpenSSL to get a truly random seed 770703074
>>> Method used is MarkovChainMC
============================================================
Analyzing bin errors for: prop_binmuon_channel
Poisson cut-off: 10
Processes excluded for sums: Wprime2600
============================================================
Bin        Contents        Error           Notes                         
0          3820.016174     16.761745       total sum                     
0          3819.841423     16.761741       excluding marked processes    
0          51934.000000    227.890324      Unweighted events, alpha=0.073555
  => Total parameter prop_binmuon_channel_bin0[0.00,-7.00,7.00] to be Gaussian constrained
------------------------------------------------------------
1          2231.990814     11.385312       total sum                     
1          2231.798487     11.385305       excluding marked processes    
1          38426.000000    196.025509      Unweighted events, alpha=0.058085
  => Total parameter prop_binmuon_channel_bin1[0.00,-7.00,7.00] to be Gaussian constrained
------------------------------------------------------------
2          1376.740417     7.294981        total sum                     
2          1376.513136     7.294968        excluding marked processes    
2          35605.000000    188.692872      Unweighted events, alpha=0.038667
  => Total parameter prop_binmuon_channel_bin2[0.00,-7.00,7.00] to be Gaussian constrained
------------------------------------------------------------
3          894.867690      13.031880       total sum                     
3          894.649420      13.031873       excluding marked processes    
3          4713.000000     68.651293       Unweighted events, alpha=0.189872
  => Total parameter prop_binmuon_channel_bin3[0.00,-7.00,7.00] to be Gaussian constrained
------------------------------------------------------------
4          584.184522      6.054507        total sum                     
4          583.984841      6.054494        excluding marked processes    
4          9304.000000     96.457244       Unweighted events, alpha=0.062789
  => Total parameter prop_binmuon_channel_bin4[0.00,-7.00,7.00] to be Gaussian constrained
------------------------------------------------------------
5          396.037753      3.195319        total sum                     
5          395.771583      3.195284        excluding marked processes    
5          15342.000000    123.862827      Unweighted events, alpha=0.025814
  => Total parameter prop_binmuon_channel_bin5[0.00,-7.00,7.00] to be Gaussian constrained
------------------------------------------------------------
6          278.172705      2.334162        total sum                     
6          277.895761      2.334111        excluding marked processes    
6          14175.000000    119.058809      Unweighted events, alpha=0.019624
  => Total parameter prop_binmuon_channel_bin6[0.00,-7.00,7.00] to be Gaussian constrained
------------------------------------------------------------
7          205.367274      2.428799        total sum                     
7          205.058530      2.428748        excluding marked processes    
7          7128.000000     84.427484       Unweighted events, alpha=0.028811
  => Total parameter prop_binmuon_channel_bin7[0.00,-7.00,7.00] to be Gaussian constrained
------------------------------------------------------------
8          146.792180      1.787101        total sum                     
8          146.527832      1.787039        excluding marked processes    
8          6723.000000     81.993902       Unweighted events, alpha=0.021834
  => Total parameter prop_binmuon_channel_bin8[0.00,-7.00,7.00] to be Gaussian constrained
------------------------------------------------------------
9          109.765208      2.060677        total sum                     
9          109.455598      2.060614        excluding marked processes    
9          2822.000000     53.122500       Unweighted events, alpha=0.038896
  => Total parameter prop_binmuon_channel_bin9[0.00,-7.00,7.00] to be Gaussian constrained
------------------------------------------------------------
10         83.143912       1.460620        total sum                     
10         82.826993       1.460530        excluding marked processes    
10         3216.000000     56.709788       Unweighted events, alpha=0.025853
  => Total parameter prop_binmuon_channel_bin10[0.00,-7.00,7.00] to be Gaussian constrained
------------------------------------------------------------
11         64.558879       1.888620        total sum                     
11         64.206714       1.888542        excluding marked processes    
11         1156.000000     34.000000       Unweighted events, alpha=0.055847
  => Total parameter prop_binmuon_channel_bin11[0.00,-7.00,7.00] to be Gaussian constrained
------------------------------------------------------------
12         86.086029       1.618045        total sum                     
12         85.336694       1.617855        excluding marked processes    
12         2782.000000     52.744668       Unweighted events, alpha=0.030944
  => Total parameter prop_binmuon_channel_bin12[0.00,-7.00,7.00] to be Gaussian constrained
------------------------------------------------------------
13         53.674762       0.789883        total sum                     
13         52.886014       0.789469        excluding marked processes    
13         4488.000000     66.992537       Unweighted events, alpha=0.011960
  => Total parameter prop_binmuon_channel_bin13[0.00,-7.00,7.00] to be Gaussian constrained
------------------------------------------------------------
14         32.411384       0.469448        total sum                     
14         31.532851       0.468687        excluding marked processes    
14         4526.000000     67.275553       Unweighted events, alpha=0.007161
  => Total parameter prop_binmuon_channel_bin14[0.00,-7.00,7.00] to be Gaussian constrained
------------------------------------------------------------
15         22.315047       0.551526        total sum                     
15         21.394647       0.550833        excluding marked processes    
15         1509.000000     38.845849       Unweighted events, alpha=0.014788
  => Total parameter prop_binmuon_channel_bin15[0.00,-7.00,7.00] to be Gaussian constrained
------------------------------------------------------------
16         14.722037       0.232629        total sum                     
16         13.816021       0.231032        excluding marked processes    
16         3576.000000     59.799666       Unweighted events, alpha=0.004117
  => Total parameter prop_binmuon_channel_bin16[0.00,-7.00,7.00] to be Gaussian constrained
------------------------------------------------------------
17         10.556352       0.296298        total sum                     
17         9.533747        0.294858        excluding marked processes    
17         1045.000000     32.326460       Unweighted events, alpha=0.010102
  => Total parameter prop_binmuon_channel_bin17[0.00,-7.00,7.00] to be Gaussian constrained
------------------------------------------------------------
18         8.106772        0.341054        total sum                     
18         7.027652        0.339748        excluding marked processes    
18         428.000000      20.688161       Unweighted events, alpha=0.018941
  => Total parameter prop_binmuon_channel_bin18[0.00,-7.00,7.00] to be Gaussian constrained
------------------------------------------------------------
19         5.801818        0.255579        total sum                     
19         4.633595        0.253659        excluding marked processes    
19         334.000000      18.275667       Unweighted events, alpha=0.017371
  => Total parameter prop_binmuon_channel_bin19[0.00,-7.00,7.00] to be Gaussian constrained
------------------------------------------------------------
20         4.687092        0.258523        total sum                     
20         3.457839        0.256568        excluding marked processes    
20         182.000000      13.490738       Unweighted events, alpha=0.025753
  => Total parameter prop_binmuon_channel_bin20[0.00,-7.00,7.00] to be Gaussian constrained
------------------------------------------------------------
21         3.837643        0.157871        total sum                     
21         2.547554        0.154485        excluding marked processes    
21         272.000000      16.492423       Unweighted events, alpha=0.014109
  => Total parameter prop_binmuon_channel_bin21[0.00,-7.00,7.00] to be Gaussian constrained
------------------------------------------------------------
22         2.964722        0.064159        total sum                     
22         1.610533        0.054796        excluding marked processes    
22         864.000000      29.393877       Unweighted events, alpha=0.003431
  => Total parameter prop_binmuon_channel_bin22[0.00,-7.00,7.00] to be Gaussian constrained
------------------------------------------------------------
23         2.768266        0.098981        total sum                     
23         1.294096        0.092621        excluding marked processes    
23         195.000000      13.964240       Unweighted events, alpha=0.014196
  => Total parameter prop_binmuon_channel_bin23[0.00,-7.00,7.00] to be Gaussian constrained
------------------------------------------------------------
24         2.434578        0.063783        total sum                     
24         0.856872        0.052094        excluding marked processes    
24         271.000000      16.462078       Unweighted events, alpha=0.008984
  => Total parameter prop_binmuon_channel_bin24[0.00,-7.00,7.00] to be Gaussian constrained
------------------------------------------------------------
25         2.428607        0.061640        total sum                     
25         0.663224        0.048455        excluding marked processes    
25         187.000000      13.674794       Unweighted events, alpha=0.012987
  => Total parameter prop_binmuon_channel_bin25[0.00,-7.00,7.00] to be Gaussian constrained
------------------------------------------------------------
26         2.591938        0.212987        total sum                     
26         0.673479        0.209229        excluding marked processes    
26         10.000000       3.162278        Unweighted events, alpha=0.259194
  => Number of weighted events is below Poisson threshold
    Wprime2600           1.918459        0.039834                                      
                         2320.000000     48.166378       Unweighted events, alpha=0.000827
      => Parameter prop_binmuon_channel_bin26_Wprime2600[0.00,-7.00,7.00] to be Gaussian constrained
  ----------------------------------------------------------
    W_boson              0.424475        0.003723                                      
                         12996.000000    114.000000      Unweighted events, alpha=0.000033
      => Parameter prop_binmuon_channel_bin26_W_boson[0.00,-7.00,7.00] to be Gaussian constrained
  ----------------------------------------------------------
    Top                  0.000000        0.000000                                      
      => Error is zero, ignore      
  ----------------------------------------------------------
    Z_boson              0.006212        0.000206                                      
                         911.000000      30.182777       Unweighted events, alpha=0.000007
      => Parameter prop_binmuon_channel_bin26_Z_boson[0.00,-7.00,7.00] to be Gaussian constrained
  ----------------------------------------------------------
    DiBoson              0.233194        0.209022                                      
                         1.000000        1.000000        Unweighted events, alpha=0.233194
      => Product of prop_binmuon_channel_bin26_DiBoson[1.00,0.00,30.85] and const [1.0000] to be Poisson constrained
  ----------------------------------------------------------
    QCD                  0.009599        0.008527                                      
                         1.000000        1.000000        Unweighted events, alpha=0.009599
      => Product of prop_binmuon_channel_bin26_QCD[1.00,0.00,30.85] and const [1.0000] to be Poisson constrained
  ----------------------------------------------------------
------------------------------------------------------------
27         1.930689        0.038309        total sum                     
27         0.324178        0.011904        excluding marked processes    
27         742.000000      27.239677       Unweighted events, alpha=0.002602
  => Total parameter prop_binmuon_channel_bin27[0.00,-7.00,7.00] to be Gaussian constrained
------------------------------------------------------------
28         1.809708        0.472646        total sum                     
28         0.724947        0.471633        excluding marked processes    
28         2.000000        1.414214        Unweighted events, alpha=0.904854
  => Number of weighted events is below Poisson threshold
    Wprime2600           1.084761        0.030937                                      
                         1229.000000     35.057096       Unweighted events, alpha=0.000883
      => Parameter prop_binmuon_channel_bin28_Wprime2600[0.00,-7.00,7.00] to be Gaussian constrained
  ----------------------------------------------------------
    W_boson              0.238042        0.001642                                      
                         21029.000000    145.013792      Unweighted events, alpha=0.000011
      => Parameter prop_binmuon_channel_bin28_W_boson[0.00,-7.00,7.00] to be Gaussian constrained
  ----------------------------------------------------------
    Top                  0.000000        0.000000                                      
      => Error is zero, ignore      
  ----------------------------------------------------------
    Z_boson              0.003914        0.000121                                      
                         1048.000000     32.372828       Unweighted events, alpha=0.000004
      => Parameter prop_binmuon_channel_bin28_Z_boson[0.00,-7.00,7.00] to be Gaussian constrained
  ----------------------------------------------------------
    DiBoson              0.000000        0.000644                                      
      => Poisson not viable, prop_binmuon_channel_bin28_DiBoson[0.00,-7.00,7.00] to be Gaussian constrained
  ----------------------------------------------------------
    QCD                  0.482992        0.471629                                      
                         1.000000        1.000000        Unweighted events, alpha=0.482992
      => Product of prop_binmuon_channel_bin28_QCD[1.00,0.00,30.85] and const [1.0000] to be Poisson constrained
  ----------------------------------------------------------
------------------------------------------------------------
29         0.707234        0.020714        total sum                     
29         0.182734        0.001752        excluding marked processes    
29         10872.000000    104.268883      Unweighted events, alpha=0.000065
  => Total parameter prop_binmuon_channel_bin29[0.00,-7.00,7.00] to be Gaussian constrained
------------------------------------------------------------
30         0.388292        0.016477        total sum                     
30         0.154191        0.008867        excluding marked processes    
30         302.000000      17.378147       Unweighted events, alpha=0.001286
  => Total parameter prop_binmuon_channel_bin30[0.00,-7.00,7.00] to be Gaussian constrained
------------------------------------------------------------
31         0.238376        0.027607        total sum                     
31         0.135887        0.026090        excluding marked processes    
31         27.000000       5.196152        Unweighted events, alpha=0.008829
  => Total parameter prop_binmuon_channel_bin31[0.00,-7.00,7.00] to be Gaussian constrained
------------------------------------------------------------
32         0.343928        0.043346        total sum                     
32         0.266038        0.042607        excluding marked processes    
32         39.000000       6.244998        Unweighted events, alpha=0.008819
  => Total parameter prop_binmuon_channel_bin32[0.00,-7.00,7.00] to be Gaussian constrained
------------------------------------------------------------
33         0.112016        0.004556        total sum                     
33         0.091172        0.001930        excluding marked processes    
33         2232.000000     47.244047       Unweighted events, alpha=0.000050
  => Total parameter prop_binmuon_channel_bin33[0.00,-7.00,7.00] to be Gaussian constrained
------------------------------------------------------------
34         0.071092        0.012124        total sum                     
34         0.065404        0.011949        excluding marked processes    
34         30.000000       5.477226        Unweighted events, alpha=0.002370
  => Total parameter prop_binmuon_channel_bin34[0.00,-7.00,7.00] to be Gaussian constrained
------------------------------------------------------------
35         0.026562        0.001520        total sum                     
35         0.024621        0.000570        excluding marked processes    
35         1867.000000     43.208795       Unweighted events, alpha=0.000014
  => Total parameter prop_binmuon_channel_bin35[0.00,-7.00,7.00] to be Gaussian constrained
------------------------------------------------------------
36         0.011604        0.001327        total sum                     
36         0.009573        0.000640        excluding marked processes    
36         224.000000      14.966630       Unweighted events, alpha=0.000052
  => Total parameter prop_binmuon_channel_bin36[0.00,-7.00,7.00] to be Gaussian constrained
------------------------------------------------------------
37         0.006998        0.001755        total sum                     
37         0.006998        0.001755        excluding marked processes    
37         16.000000       4.000000        Unweighted events, alpha=0.000437
  => Total parameter prop_binmuon_channel_bin37[0.00,-7.00,7.00] to be Gaussian constrained
------------------------------------------------------------
38         0.012032        0.009732        total sum                     
38         0.012032        0.009732        excluding marked processes    
38         2.000000        1.414214        Unweighted events, alpha=0.006016
  => Number of weighted events is below Poisson threshold
    Wprime2600           0.000000        0.000000                                      
      => Error is zero, ignore      
  ----------------------------------------------------------
    W_boson              0.001476        0.000017                                      
                         7274.000000     85.287748       Unweighted events, alpha=0.000000
      => Parameter prop_binmuon_channel_bin38_W_boson[0.00,-7.00,7.00] to be Gaussian constrained
  ----------------------------------------------------------
    Top                  0.000000        0.000000                                      
      => Error is zero, ignore      
  ----------------------------------------------------------
    Z_boson              0.000045        0.000026                                      
                         3.000000        1.732051        Unweighted events, alpha=0.000015
      => Product of prop_binmuon_channel_bin38_Z_boson[3.00,0.00,36.46] and const [0.3333] to be Poisson constrained
  ----------------------------------------------------------
    DiBoson              0.000000        0.000000                                      
      => Error is zero, ignore      
  ----------------------------------------------------------
    QCD                  0.010511        0.009732                                      
                         1.000000        1.000000        Unweighted events, alpha=0.010511
      => Product of prop_binmuon_channel_bin38_QCD[1.00,0.00,30.85] and const [1.0000] to be Poisson constrained
  ----------------------------------------------------------
------------------------------------------------------------
39         0.018557        0.016739        total sum                     
39         0.018557        0.016739        excluding marked processes    
39         1.000000        1.000000        Unweighted events, alpha=0.018557
  => Number of weighted events is below Poisson threshold
    Wprime2600           0.000000        0.000000                                      
      => Error is zero, ignore      
  ----------------------------------------------------------
    W_boson              0.000679        0.000010                                      
                         5023.000000     70.873126       Unweighted events, alpha=0.000000
      => Parameter prop_binmuon_channel_bin39_W_boson[0.00,-7.00,7.00] to be Gaussian constrained
  ----------------------------------------------------------
    Top                  0.000000        0.000000                                      
      => Error is zero, ignore      
  ----------------------------------------------------------
    Z_boson              0.000007        0.000000                                      
                         382.000000      19.544820       Unweighted events, alpha=0.000000
      => Parameter prop_binmuon_channel_bin39_Z_boson[0.00,-7.00,7.00] to be Gaussian constrained
  ----------------------------------------------------------
    DiBoson              0.000000        0.000000                                      
      => Error is zero, ignore      
  ----------------------------------------------------------
    QCD                  0.017871        0.016739                                      
                         1.000000        1.000000        Unweighted events, alpha=0.017871
      => Product of prop_binmuon_channel_bin39_QCD[1.00,0.00,30.85] and const [1.0000] to be Poisson constrained
  ----------------------------------------------------------
------------------------------------------------------------
40         0.003873        0.001973        total sum                     
40         0.003873        0.001973        excluding marked processes    
40         4.000000        2.000000        Unweighted events, alpha=0.000968
  => Number of weighted events is below Poisson threshold
    Wprime2600           0.000000        0.000000                                      
      => Error is zero, ignore      
  ----------------------------------------------------------
    W_boson              0.000376        0.000052                                      
                         53.000000       7.280110        Unweighted events, alpha=0.000007
      => Parameter prop_binmuon_channel_bin40_W_boson[0.00,-7.00,7.00] to be Gaussian constrained
  ----------------------------------------------------------
    Top                  0.000000        0.000000                                      
      => Error is zero, ignore      
  ----------------------------------------------------------
    Z_boson              0.000003        0.000000                                      
                         284.000000      16.852300       Unweighted events, alpha=0.000000
      => Parameter prop_binmuon_channel_bin40_Z_boson[0.00,-7.00,7.00] to be Gaussian constrained
  ----------------------------------------------------------
    DiBoson              0.000000        0.000000                                      
      => Error is zero, ignore      
  ----------------------------------------------------------
    QCD                  0.003494        0.001973                                      
                         3.000000        1.732051        Unweighted events, alpha=0.001165
      => Product of prop_binmuon_channel_bin40_QCD[3.00,0.00,36.46] and const [0.3333] to be Poisson constrained
  ----------------------------------------------------------
------------------------------------------------------------
41         0.002934        0.001965        total sum                     
41         0.002934        0.001965        excluding marked processes    
41         2.000000        1.414214        Unweighted events, alpha=0.001467
  => Number of weighted events is below Poisson threshold
    Wprime2600           0.000000        0.000000                                      
      => Error is zero, ignore      
  ----------------------------------------------------------
    W_boson              0.000154        0.000006                                      
                         774.000000      27.820855       Unweighted events, alpha=0.000000
      => Parameter prop_binmuon_channel_bin41_W_boson[0.00,-7.00,7.00] to be Gaussian constrained
  ----------------------------------------------------------
    Top                  0.000000        0.000000                                      
      => Error is zero, ignore      
  ----------------------------------------------------------
    Z_boson              0.000001        0.000000                                      
                         254.000000      15.937377       Unweighted events, alpha=0.000000
      => Parameter prop_binmuon_channel_bin41_Z_boson[0.00,-7.00,7.00] to be Gaussian constrained
  ----------------------------------------------------------
    DiBoson              0.000000        0.000000                                      
      => Error is zero, ignore      
  ----------------------------------------------------------
    QCD                  0.002779        0.001965                                      
                         2.000000        1.414214        Unweighted events, alpha=0.001389
      => Product of prop_binmuon_channel_bin41_QCD[2.00,0.00,33.79] and const [0.5000] to be Poisson constrained
  ----------------------------------------------------------
------------------------------------------------------------
42         0.013212        0.012934        total sum                     
42         0.013212        0.012934        excluding marked processes    
42         1.000000        1.000000        Unweighted events, alpha=0.013212
  => Number of weighted events is below Poisson threshold
    Wprime2600           0.000000        0.000000                                      
      => Error is zero, ignore      
  ----------------------------------------------------------
    W_boson              0.000072        0.000001                                      
                         4971.000000     70.505319       Unweighted events, alpha=0.000000
      => Parameter prop_binmuon_channel_bin42_W_boson[0.00,-7.00,7.00] to be Gaussian constrained
  ----------------------------------------------------------
    Top                  0.000000        0.000000                                      
      => Error is zero, ignore      
  ----------------------------------------------------------
    Z_boson              0.000005        0.000004                                      
                         1.000000        1.000000        Unweighted events, alpha=0.000005
      => Product of prop_binmuon_channel_bin42_Z_boson[1.00,0.00,30.85] and const [1.0000] to be Poisson constrained
  ----------------------------------------------------------
    DiBoson              0.000000        0.000000                                      
      => Error is zero, ignore      
  ----------------------------------------------------------
    QCD                  0.013134        0.012934                                      
                         1.000000        1.000000        Unweighted events, alpha=0.013134
      => Product of prop_binmuon_channel_bin42_QCD[1.00,0.00,30.85] and const [1.0000] to be Poisson constrained
  ----------------------------------------------------------
------------------------------------------------------------
43         0.000584        0.000550        total sum                     
43         0.000584        0.000550        excluding marked processes    
43         1.000000        1.000000        Unweighted events, alpha=0.000584
  => Number of weighted events is below Poisson threshold
    Wprime2600           0.000000        0.000000                                      
      => Error is zero, ignore      
  ----------------------------------------------------------
    W_boson              0.000033        0.000001                                      
                         2503.000000     50.029991       Unweighted events, alpha=0.000000
      => Parameter prop_binmuon_channel_bin43_W_boson[0.00,-7.00,7.00] to be Gaussian constrained
  ----------------------------------------------------------
    Top                  0.000000        0.000000                                      
      => Error is zero, ignore      
  ----------------------------------------------------------
    Z_boson              0.000001        0.000000                                      
                         4.000000        2.000000        Unweighted events, alpha=0.000000
      => Product of prop_binmuon_channel_bin43_Z_boson[4.00,0.00,38.96] and const [0.2500] to be Poisson constrained
  ----------------------------------------------------------
    DiBoson              0.000000        0.000000                                      
      => Error is zero, ignore      
  ----------------------------------------------------------
    QCD                  0.000550        0.000550                                      
                         1.000000        1.000000        Unweighted events, alpha=0.000550
      => Product of prop_binmuon_channel_bin43_QCD[1.00,0.00,30.85] and const [1.0000] to be Poisson constrained
  ----------------------------------------------------------
------------------------------------------------------------
44         0.002262        0.002240        total sum                     
44         0.002262        0.002240        excluding marked processes    
44         1.000000        1.000000        Unweighted events, alpha=0.002262
  => Number of weighted events is below Poisson threshold
    Wprime2600           0.000000        0.000000                                      
      => Error is zero, ignore      
  ----------------------------------------------------------
    W_boson              0.000021        0.000004                                      
                         35.000000       5.916080        Unweighted events, alpha=0.000001
      => Parameter prop_binmuon_channel_bin44_W_boson[0.00,-7.00,7.00] to be Gaussian constrained
  ----------------------------------------------------------
    Top                  0.000000        0.000000                                      
      => Error is zero, ignore      
  ----------------------------------------------------------
    Z_boson              0.000000        0.000000                                      
                         22.000000       4.690416        Unweighted events, alpha=0.000000
      => Parameter prop_binmuon_channel_bin44_Z_boson[0.00,-7.00,7.00] to be Gaussian constrained
  ----------------------------------------------------------
    DiBoson              0.000000        0.000000                                      
      => Error is zero, ignore      
  ----------------------------------------------------------
    QCD                  0.002240        0.002240                                      
                         1.000000        1.000000        Unweighted events, alpha=0.002240
      => Product of prop_binmuon_channel_bin44_QCD[1.00,0.00,30.85] and const [1.0000] to be Poisson constrained
  ----------------------------------------------------------
------------------------------------------------------------
Channel muon_channel will use autoMCStats with settings: event-threshold=10, include-signal=0, hist-mode=1
Generate toy 1/100

 -- MarkovChainMC -- 
Limit: r < 0.510998 +/- 0.00473768 @ 95% credibility (15 tries)
Done in 0.36 min (cpu), 0.36 min (real)
Generate toy 2/100

 -- MarkovChainMC -- 
Limit: r < 0.344313 +/- 0.00583675 @ 95% credibility (15 tries)
Done in 0.35 min (cpu), 0.35 min (real)
Generate toy 3/100

 -- MarkovChainMC -- 
Limit: r < 1.00778 +/- 0.00971662 @ 95% credibility (15 tries)
Done in 0.40 min (cpu), 0.40 min (real)
Generate toy 4/100

 -- MarkovChainMC -- 
Limit: r < 0.654316 +/- 0.00551697 @ 95% credibility (15 tries)
Done in 0.38 min (cpu), 0.39 min (real)
Generate toy 5/100

 -- MarkovChainMC -- 
Limit: r < 0.769042 +/- 0.00605482 @ 95% credibility (15 tries)
Done in 0.38 min (cpu), 0.39 min (real)
Generate toy 6/100

 -- MarkovChainMC -- 
Limit: r < 0.974538 +/- 0.00310739 @ 95% credibility (15 tries)
Done in 0.40 min (cpu), 0.40 min (real)
Generate toy 7/100

 -- MarkovChainMC -- 
Limit: r < 0.390098 +/- 0.00619143 @ 95% credibility (15 tries)
Done in 0.35 min (cpu), 0.35 min (real)
Generate toy 8/100

 -- MarkovChainMC -- 
Limit: r < 0.590623 +/- 0.00468717 @ 95% credibility (15 tries)
Done in 0.38 min (cpu), 0.38 min (real)
Generate toy 9/100

 -- MarkovChainMC -- 
Limit: r < 0.387074 +/- 0.00471385 @ 95% credibility (15 tries)
Done in 0.36 min (cpu), 0.36 min (real)
Generate toy 10/100

 -- MarkovChainMC -- 
Limit: r < 0.614608 +/- 0.00358085 @ 95% credibility (15 tries)
Done in 0.37 min (cpu), 0.37 min (real)
Generate toy 11/100

 -- MarkovChainMC -- 
Limit: r < 0.48853 +/- 0.00251119 @ 95% credibility (15 tries)
Done in 0.36 min (cpu), 0.37 min (real)
Generate toy 12/100

 -- MarkovChainMC -- 
Limit: r < 0.389283 +/- 0.00502547 @ 95% credibility (15 tries)
Done in 0.34 min (cpu), 0.35 min (real)
Generate toy 13/100

 -- MarkovChainMC -- 
Limit: r < 0.562541 +/- 0.0104869 @ 95% credibility (15 tries)
Done in 0.36 min (cpu), 0.36 min (real)
Generate toy 14/100

 -- MarkovChainMC -- 
Limit: r < 0.630751 +/- 0.00781537 @ 95% credibility (15 tries)
Done in 0.38 min (cpu), 0.38 min (real)
Generate toy 15/100

 -- MarkovChainMC -- 
Limit: r < 0.518402 +/- 0.00784937 @ 95% credibility (15 tries)
Done in 0.36 min (cpu), 0.37 min (real)
Generate toy 16/100

 -- MarkovChainMC -- 
Limit: r < 0.564669 +/- 0.0105249 @ 95% credibility (15 tries)
Done in 0.46 min (cpu), 0.46 min (real)
Generate toy 17/100

 -- MarkovChainMC -- 
Limit: r < 0.582869 +/- 0.0113788 @ 95% credibility (15 tries)
Done in 0.36 min (cpu), 0.37 min (real)
Generate toy 18/100

 -- MarkovChainMC -- 
Limit: r < 0.620637 +/- 0.00562452 @ 95% credibility (15 tries)
Done in 0.37 min (cpu), 0.38 min (real)
Generate toy 19/100

 -- MarkovChainMC -- 
Limit: r < 0.799839 +/- 0.00598871 @ 95% credibility (15 tries)
Done in 0.39 min (cpu), 0.40 min (real)
Generate toy 20/100

 -- MarkovChainMC -- 
Limit: r < 0.732089 +/- 0.0102278 @ 95% credibility (15 tries)
Done in 0.40 min (cpu), 0.40 min (real)
Generate toy 21/100

 -- MarkovChainMC -- 
Limit: r < 0.565883 +/- 0.00655223 @ 95% credibility (15 tries)
Done in 0.41 min (cpu), 0.41 min (real)
Generate toy 22/100

 -- MarkovChainMC -- 
Limit: r < 0.481931 +/- 0.0049781 @ 95% credibility (15 tries)
Done in 0.37 min (cpu), 0.38 min (real)
Generate toy 23/100

 -- MarkovChainMC -- 
Limit: r < 0.474007 +/- 0.00839085 @ 95% credibility (15 tries)
Done in 0.41 min (cpu), 0.41 min (real)
Generate toy 24/100

 -- MarkovChainMC -- 
Limit: r < 0.515077 +/- 0.00728594 @ 95% credibility (15 tries)
Done in 0.36 min (cpu), 0.36 min (real)
Generate toy 25/100

 -- MarkovChainMC -- 
Limit: r < 0.324602 +/- 0.00479564 @ 95% credibility (15 tries)
Done in 0.36 min (cpu), 0.37 min (real)
Generate toy 26/100

 -- MarkovChainMC -- 
Limit: r < 0.576759 +/- 0.0081944 @ 95% credibility (15 tries)
Done in 0.37 min (cpu), 0.38 min (real)
Generate toy 27/100

 -- MarkovChainMC -- 
Limit: r < 1.02578 +/- 0.0163373 @ 95% credibility (15 tries)
Done in 0.42 min (cpu), 0.42 min (real)
Generate toy 28/100

 -- MarkovChainMC -- 
Limit: r < 0.59928 +/- 0.00724626 @ 95% credibility (15 tries)
Done in 0.39 min (cpu), 0.39 min (real)
Generate toy 29/100

 -- MarkovChainMC -- 
Limit: r < 0.630598 +/- 0.00760846 @ 95% credibility (15 tries)
Done in 0.39 min (cpu), 0.39 min (real)
Generate toy 30/100

 -- MarkovChainMC -- 
Limit: r < 0.778095 +/- 0.00682468 @ 95% credibility (15 tries)
Done in 0.40 min (cpu), 0.40 min (real)
Generate toy 31/100

 -- MarkovChainMC -- 
Limit: r < 0.554031 +/- 0.00627447 @ 95% credibility (15 tries)
Done in 0.38 min (cpu), 0.39 min (real)
Generate toy 32/100

 -- MarkovChainMC -- 
Limit: r < 0.439755 +/- 0.00656272 @ 95% credibility (15 tries)
Done in 0.34 min (cpu), 0.34 min (real)
Generate toy 33/100

 -- MarkovChainMC -- 
Limit: r < 0.358989 +/- 0.00439469 @ 95% credibility (15 tries)
Done in 0.35 min (cpu), 0.35 min (real)
Generate toy 34/100

 -- MarkovChainMC -- 
Limit: r < 0.764716 +/- 0.0093426 @ 95% credibility (15 tries)
Done in 0.53 min (cpu), 0.53 min (real)
Generate toy 35/100

 -- MarkovChainMC -- 
Limit: r < 0.578681 +/- 0.00664237 @ 95% credibility (15 tries)
Done in 0.38 min (cpu), 0.38 min (real)
Generate toy 36/100

 -- MarkovChainMC -- 
Limit: r < 0.499932 +/- 0.0051237 @ 95% credibility (15 tries)
Done in 0.37 min (cpu), 0.37 min (real)
Generate toy 37/100

 -- MarkovChainMC -- 
Limit: r < 0.353848 +/- 0.00522329 @ 95% credibility (15 tries)
Done in 0.33 min (cpu), 0.34 min (real)
Generate toy 38/100

 -- MarkovChainMC -- 
Limit: r < 0.682805 +/- 0.00992607 @ 95% credibility (15 tries)
Done in 0.34 min (cpu), 0.35 min (real)
Generate toy 39/100

 -- MarkovChainMC -- 
Limit: r < 0.544063 +/- 0.00679679 @ 95% credibility (15 tries)
Done in 0.33 min (cpu), 0.34 min (real)
Generate toy 40/100

 -- MarkovChainMC -- 
Limit: r < 0.535492 +/- 0.00438594 @ 95% credibility (15 tries)
Done in 0.36 min (cpu), 0.37 min (real)
Generate toy 41/100

 -- MarkovChainMC -- 
Limit: r < 0.458935 +/- 0.00463759 @ 95% credibility (15 tries)
Done in 0.34 min (cpu), 0.34 min (real)
Generate toy 42/100

 -- MarkovChainMC -- 
Limit: r < 0.364713 +/- 0.00600341 @ 95% credibility (15 tries)
Done in 0.32 min (cpu), 0.33 min (real)
Generate toy 43/100

 -- MarkovChainMC -- 
Limit: r < 0.777361 +/- 0.00974982 @ 95% credibility (15 tries)
Done in 0.36 min (cpu), 0.37 min (real)
Generate toy 44/100

 -- MarkovChainMC -- 
Limit: r < 0.525937 +/- 0.00578642 @ 95% credibility (15 tries)
Done in 0.36 min (cpu), 0.37 min (real)
Generate toy 45/100

 -- MarkovChainMC -- 
Limit: r < 0.654183 +/- 0.0075039 @ 95% credibility (15 tries)
Done in 0.35 min (cpu), 0.35 min (real)
Generate toy 46/100

 -- MarkovChainMC -- 
Limit: r < 0.607378 +/- 0.00268754 @ 95% credibility (15 tries)
Done in 0.38 min (cpu), 0.38 min (real)
Generate toy 47/100

 -- MarkovChainMC -- 
Limit: r < 0.370834 +/- 0.00566372 @ 95% credibility (15 tries)
Done in 0.33 min (cpu), 0.34 min (real)
Generate toy 48/100

 -- MarkovChainMC -- 
Limit: r < 0.647112 +/- 0.00691741 @ 95% credibility (15 tries)
Done in 0.32 min (cpu), 0.33 min (real)
Generate toy 49/100

 -- MarkovChainMC -- 
Limit: r < 0.593495 +/- 0.00402006 @ 95% credibility (15 tries)
Done in 0.35 min (cpu), 0.35 min (real)
Generate toy 50/100

 -- MarkovChainMC -- 
Limit: r < 0.860411 +/- 0.00937837 @ 95% credibility (15 tries)
Done in 0.40 min (cpu), 0.40 min (real)
Generate toy 51/100

 -- MarkovChainMC -- 
Limit: r < 0.653765 +/- 0.00866429 @ 95% credibility (15 tries)
Done in 0.39 min (cpu), 0.39 min (real)
Generate toy 52/100

 -- MarkovChainMC -- 
Limit: r < 0.516258 +/- 0.00631 @ 95% credibility (15 tries)
Done in 0.37 min (cpu), 0.38 min (real)
Generate toy 53/100

 -- MarkovChainMC -- 
Limit: r < 0.528153 +/- 0.0100276 @ 95% credibility (15 tries)
Done in 0.38 min (cpu), 0.38 min (real)
Generate toy 54/100

 -- MarkovChainMC -- 
Limit: r < 0.782104 +/- 0.0067451 @ 95% credibility (15 tries)
Done in 0.40 min (cpu), 0.40 min (real)
Generate toy 55/100

 -- MarkovChainMC -- 
Limit: r < 0.549504 +/- 0.0101463 @ 95% credibility (15 tries)
Done in 0.37 min (cpu), 0.38 min (real)
Generate toy 56/100

 -- MarkovChainMC -- 
Limit: r < 0.590617 +/- 0.007303 @ 95% credibility (15 tries)
Done in 0.37 min (cpu), 0.38 min (real)
Generate toy 57/100

 -- MarkovChainMC -- 
Limit: r < 0.513172 +/- 0.00819901 @ 95% credibility (15 tries)
Done in 0.36 min (cpu), 0.37 min (real)
Generate toy 58/100

 -- MarkovChainMC -- 
Limit: r < 1.40085 +/- 0.0065669 @ 95% credibility (15 tries)
Done in 0.37 min (cpu), 0.38 min (real)
Generate toy 59/100

 -- MarkovChainMC -- 
Limit: r < 0.665538 +/- 0.00735157 @ 95% credibility (15 tries)
Done in 0.35 min (cpu), 0.35 min (real)
Generate toy 60/100

 -- MarkovChainMC -- 
Limit: r < 0.577927 +/- 0.00397569 @ 95% credibility (15 tries)
Done in 0.37 min (cpu), 0.37 min (real)
Generate toy 61/100

 -- MarkovChainMC -- 
Limit: r < 0.817659 +/- 0.0101177 @ 95% credibility (15 tries)
Done in 0.39 min (cpu), 0.39 min (real)
Generate toy 62/100

 -- MarkovChainMC -- 
Limit: r < 0.375723 +/- 0.00452102 @ 95% credibility (15 tries)
Done in 0.33 min (cpu), 0.33 min (real)
Generate toy 63/100

 -- MarkovChainMC -- 
Limit: r < 0.387707 +/- 0.00450573 @ 95% credibility (15 tries)
Done in 0.28 min (cpu), 0.28 min (real)
Generate toy 64/100

 -- MarkovChainMC -- 
Limit: r < 0.605104 +/- 0.00882234 @ 95% credibility (15 tries)
Done in 0.30 min (cpu), 0.31 min (real)
Generate toy 65/100

 -- MarkovChainMC -- 
Limit: r < 0.50888 +/- 0.00784911 @ 95% credibility (15 tries)
Done in 0.26 min (cpu), 0.27 min (real)
Generate toy 66/100

 -- MarkovChainMC -- 
Limit: r < 0.796385 +/- 0.00472705 @ 95% credibility (15 tries)
Done in 0.38 min (cpu), 0.39 min (real)
Generate toy 67/100

 -- MarkovChainMC -- 
Limit: r < 0.545478 +/- 0.00457486 @ 95% credibility (15 tries)
Done in 0.31 min (cpu), 0.32 min (real)
Generate toy 68/100

 -- MarkovChainMC -- 
Limit: r < 0.654261 +/- 0.00622697 @ 95% credibility (15 tries)
Done in 0.32 min (cpu), 0.32 min (real)
Generate toy 69/100

 -- MarkovChainMC -- 
Limit: r < 0.354699 +/- 0.00267646 @ 95% credibility (15 tries)
Done in 0.33 min (cpu), 0.34 min (real)
Generate toy 70/100

 -- MarkovChainMC -- 
Limit: r < 0.339161 +/- 0.00248974 @ 95% credibility (15 tries)
Done in 0.35 min (cpu), 0.35 min (real)
Generate toy 71/100

 -- MarkovChainMC -- 
Limit: r < 0.621362 +/- 0.010546 @ 95% credibility (15 tries)
Done in 0.38 min (cpu), 0.38 min (real)
Generate toy 72/100

 -- MarkovChainMC -- 
Limit: r < 0.44703 +/- 0.00797733 @ 95% credibility (15 tries)
Done in 0.34 min (cpu), 0.35 min (real)
Generate toy 73/100

 -- MarkovChainMC -- 
Limit: r < 0.641517 +/- 0.00543613 @ 95% credibility (15 tries)
Done in 0.36 min (cpu), 0.37 min (real)
Generate toy 74/100

 -- MarkovChainMC -- 
Limit: r < 0.640396 +/- 0.00444512 @ 95% credibility (15 tries)
Done in 0.39 min (cpu), 0.40 min (real)
Generate toy 75/100

 -- MarkovChainMC -- 
Limit: r < 0.430243 +/- 0.00566998 @ 95% credibility (15 tries)
Done in 0.37 min (cpu), 0.37 min (real)
Generate toy 76/100

 -- MarkovChainMC -- 
Limit: r < 0.467438 +/- 0.00612714 @ 95% credibility (15 tries)
Done in 0.37 min (cpu), 0.38 min (real)
Generate toy 77/100

 -- MarkovChainMC -- 
Limit: r < 0.913249 +/- 0.00684168 @ 95% credibility (15 tries)
Done in 0.41 min (cpu), 0.41 min (real)
Generate toy 78/100

 -- MarkovChainMC -- 
Limit: r < 0.617271 +/- 0.00910623 @ 95% credibility (15 tries)
Done in 0.38 min (cpu), 0.39 min (real)
Generate toy 79/100

 -- MarkovChainMC -- 
Limit: r < 0.714157 +/- 0.0122435 @ 95% credibility (15 tries)
Done in 0.31 min (cpu), 0.31 min (real)
Generate toy 80/100

 -- MarkovChainMC -- 
Limit: r < 0.763827 +/- 0.0080836 @ 95% credibility (15 tries)
Done in 0.39 min (cpu), 0.39 min (real)
Generate toy 81/100

 -- MarkovChainMC -- 
Limit: r < 0.431522 +/- 0.00505206 @ 95% credibility (15 tries)
Done in 0.35 min (cpu), 0.36 min (real)
Generate toy 82/100

 -- MarkovChainMC -- 
Limit: r < 0.781666 +/- 0.00377484 @ 95% credibility (15 tries)
Done in 0.37 min (cpu), 0.37 min (real)
Generate toy 83/100

 -- MarkovChainMC -- 
Limit: r < 0.611323 +/- 0.0096565 @ 95% credibility (15 tries)
Done in 0.37 min (cpu), 0.37 min (real)
Generate toy 84/100

 -- MarkovChainMC -- 
Limit: r < 0.672176 +/- 0.00807457 @ 95% credibility (15 tries)
Done in 0.34 min (cpu), 0.35 min (real)
Generate toy 85/100

 -- MarkovChainMC -- 
Limit: r < 0.974969 +/- 0.00741828 @ 95% credibility (15 tries)
Done in 0.39 min (cpu), 0.39 min (real)
Generate toy 86/100

 -- MarkovChainMC -- 
Limit: r < 0.334886 +/- 0.00315994 @ 95% credibility (15 tries)
Done in 0.31 min (cpu), 0.31 min (real)
Generate toy 87/100

 -- MarkovChainMC -- 
Limit: r < 0.347193 +/- 0.00391309 @ 95% credibility (15 tries)
Done in 0.32 min (cpu), 0.32 min (real)
Generate toy 88/100

 -- MarkovChainMC -- 
Limit: r < 0.582437 +/- 0.0105263 @ 95% credibility (15 tries)
Done in 0.36 min (cpu), 0.37 min (real)
Generate toy 89/100

 -- MarkovChainMC -- 
Limit: r < 0.485956 +/- 0.00658252 @ 95% credibility (15 tries)
Done in 0.33 min (cpu), 0.33 min (real)
Generate toy 90/100

 -- MarkovChainMC -- 
Limit: r < 0.312754 +/- 0.00369018 @ 95% credibility (15 tries)
Done in 0.32 min (cpu), 0.32 min (real)
Generate toy 91/100

 -- MarkovChainMC -- 
Limit: r < 0.470214 +/- 0.00953081 @ 95% credibility (15 tries)
Done in 0.32 min (cpu), 0.33 min (real)
Generate toy 92/100

 -- MarkovChainMC -- 
Limit: r < 0.600758 +/- 0.00740102 @ 95% credibility (15 tries)
Done in 0.35 min (cpu), 0.36 min (real)
Generate toy 93/100

 -- MarkovChainMC -- 
Limit: r < 0.591056 +/- 0.00830028 @ 95% credibility (15 tries)
Done in 0.36 min (cpu), 0.36 min (real)
Generate toy 94/100

 -- MarkovChainMC -- 
Limit: r < 1.37131 +/- 0.00587619 @ 95% credibility (15 tries)
Done in 0.39 min (cpu), 0.40 min (real)
Generate toy 95/100

 -- MarkovChainMC -- 
Limit: r < 0.494103 +/- 0.00599714 @ 95% credibility (15 tries)
Done in 0.35 min (cpu), 0.36 min (real)
Generate toy 96/100

 -- MarkovChainMC -- 
Limit: r < 0.654894 +/- 0.00758684 @ 95% credibility (15 tries)
Done in 0.34 min (cpu), 0.35 min (real)
Generate toy 97/100

 -- MarkovChainMC -- 
Limit: r < 0.597437 +/- 0.00613417 @ 95% credibility (15 tries)
Done in 0.38 min (cpu), 0.39 min (real)
Generate toy 98/100

 -- MarkovChainMC -- 
Limit: r < 0.398918 +/- 0.00500675 @ 95% credibility (15 tries)
Done in 0.32 min (cpu), 0.33 min (real)
Generate toy 99/100

 -- MarkovChainMC -- 
Limit: r < 0.449907 +/- 0.00327175 @ 95% credibility (15 tries)
Done in 0.35 min (cpu), 0.36 min (real)
Generate toy 100/100

 -- MarkovChainMC -- 
Limit: r < 0.66066 +/- 0.00824519 @ 95% credibility (15 tries)
Done in 0.38 min (cpu), 0.38 min (real)
mean   expected limit: r < 0.595213 +/- 0.0194852 @ 95%CL (100 toyMC)
median expected limit: r < 0.580559 @ 95%CL (100 toyMC)
   68% expected band : 0.398918 < r < 0.769042
   95% expected band : 0.334886 < r < 1.37131
