 <<< Combine >>> 
 <<< v10.0.2 >>>
>>> Used OpenSSL to get a truly random seed 403529215
>>> Method used is MarkovChainMC
============================================================
Analyzing bin errors for: prop_binmuon_channel
Poisson cut-off: 10
Processes excluded for sums: Wprime4000
============================================================
Bin        Contents        Error           Notes                         
0          3820.143609     16.761748       total sum                     
0          3819.841423     16.761741       excluding marked processes    
0          51934.000000    227.890324      Unweighted events, alpha=0.073558
  => Total parameter prop_binmuon_channel_bin0[0.00,-7.00,7.00] to be Gaussian constrained
------------------------------------------------------------
1          2232.111597     11.385316       total sum                     
1          2231.798487     11.385305       excluding marked processes    
1          38426.000000    196.025509      Unweighted events, alpha=0.058089
  => Total parameter prop_binmuon_channel_bin1[0.00,-7.00,7.00] to be Gaussian constrained
------------------------------------------------------------
2          1376.818764     7.294985        total sum                     
2          1376.513136     7.294968        excluding marked processes    
2          35605.000000    188.692872      Unweighted events, alpha=0.038669
  => Total parameter prop_binmuon_channel_bin2[0.00,-7.00,7.00] to be Gaussian constrained
------------------------------------------------------------
3          894.954920      13.031883       total sum                     
3          894.649420      13.031873       excluding marked processes    
3          4713.000000     68.651293       Unweighted events, alpha=0.189891
  => Total parameter prop_binmuon_channel_bin3[0.00,-7.00,7.00] to be Gaussian constrained
------------------------------------------------------------
4          584.259232      6.054514        total sum                     
4          583.984841      6.054494        excluding marked processes    
4          9304.000000     96.457244       Unweighted events, alpha=0.062797
  => Total parameter prop_binmuon_channel_bin4[0.00,-7.00,7.00] to be Gaussian constrained
------------------------------------------------------------
5          396.059191      3.195321        total sum                     
5          395.771583      3.195284        excluding marked processes    
5          15342.000000    123.862827      Unweighted events, alpha=0.025815
  => Total parameter prop_binmuon_channel_bin5[0.00,-7.00,7.00] to be Gaussian constrained
------------------------------------------------------------
6          278.201194      2.334165        total sum                     
6          277.895761      2.334111        excluding marked processes    
6          14175.000000    119.058809      Unweighted events, alpha=0.019626
  => Total parameter prop_binmuon_channel_bin6[0.00,-7.00,7.00] to be Gaussian constrained
------------------------------------------------------------
7          205.355525      2.428798        total sum                     
7          205.058530      2.428748        excluding marked processes    
7          7128.000000     84.427484       Unweighted events, alpha=0.028810
  => Total parameter prop_binmuon_channel_bin7[0.00,-7.00,7.00] to be Gaussian constrained
------------------------------------------------------------
8          146.781512      1.787095        total sum                     
8          146.527832      1.787039        excluding marked processes    
8          6723.000000     81.993902       Unweighted events, alpha=0.021833
  => Total parameter prop_binmuon_channel_bin8[0.00,-7.00,7.00] to be Gaussian constrained
------------------------------------------------------------
9          109.731601      2.060671        total sum                     
9          109.455598      2.060614        excluding marked processes    
9          2822.000000     53.122500       Unweighted events, alpha=0.038884
  => Total parameter prop_binmuon_channel_bin9[0.00,-7.00,7.00] to be Gaussian constrained
------------------------------------------------------------
10         83.091316       1.460605        total sum                     
10         82.826993       1.460530        excluding marked processes    
10         3216.000000     56.709788       Unweighted events, alpha=0.025837
  => Total parameter prop_binmuon_channel_bin10[0.00,-7.00,7.00] to be Gaussian constrained
------------------------------------------------------------
11         64.445999       1.888591        total sum                     
11         64.206714       1.888542        excluding marked processes    
11         1156.000000     34.000000       Unweighted events, alpha=0.055749
  => Total parameter prop_binmuon_channel_bin11[0.00,-7.00,7.00] to be Gaussian constrained
------------------------------------------------------------
12         85.836784       1.617980        total sum                     
12         85.336694       1.617855        excluding marked processes    
12         2782.000000     52.744668       Unweighted events, alpha=0.030854
  => Total parameter prop_binmuon_channel_bin12[0.00,-7.00,7.00] to be Gaussian constrained
------------------------------------------------------------
13         53.356224       0.789719        total sum                     
13         52.886014       0.789469        excluding marked processes    
13         4488.000000     66.992537       Unweighted events, alpha=0.011889
  => Total parameter prop_binmuon_channel_bin13[0.00,-7.00,7.00] to be Gaussian constrained
------------------------------------------------------------
14         31.990386       0.469077        total sum                     
14         31.532851       0.468687        excluding marked processes    
14         4526.000000     67.275553       Unweighted events, alpha=0.007068
  => Total parameter prop_binmuon_channel_bin14[0.00,-7.00,7.00] to be Gaussian constrained
------------------------------------------------------------
15         21.833524       0.551167        total sum                     
15         21.394647       0.550833        excluding marked processes    
15         1509.000000     38.845849       Unweighted events, alpha=0.014469
  => Total parameter prop_binmuon_channel_bin15[0.00,-7.00,7.00] to be Gaussian constrained
------------------------------------------------------------
16         14.273602       0.231845        total sum                     
16         13.816021       0.231032        excluding marked processes    
16         3576.000000     59.799666       Unweighted events, alpha=0.003991
  => Total parameter prop_binmuon_channel_bin16[0.00,-7.00,7.00] to be Gaussian constrained
------------------------------------------------------------
17         10.026123       0.295546        total sum                     
17         9.533747        0.294858        excluding marked processes    
17         1045.000000     32.326460       Unweighted events, alpha=0.009594
  => Total parameter prop_binmuon_channel_bin17[0.00,-7.00,7.00] to be Gaussian constrained
------------------------------------------------------------
18         7.512085        0.340339        total sum                     
18         7.027652        0.339748        excluding marked processes    
18         428.000000      20.688161       Unweighted events, alpha=0.017552
  => Total parameter prop_binmuon_channel_bin18[0.00,-7.00,7.00] to be Gaussian constrained
------------------------------------------------------------
19         5.095821        0.254404        total sum                     
19         4.633595        0.253659        excluding marked processes    
19         334.000000      18.275667       Unweighted events, alpha=0.015257
  => Total parameter prop_binmuon_channel_bin19[0.00,-7.00,7.00] to be Gaussian constrained
------------------------------------------------------------
20         3.935000        0.257329        total sum                     
20         3.457839        0.256568        excluding marked processes    
20         182.000000      13.490738       Unweighted events, alpha=0.021621
  => Total parameter prop_binmuon_channel_bin20[0.00,-7.00,7.00] to be Gaussian constrained
------------------------------------------------------------
21         3.044862        0.155800        total sum                     
21         2.547554        0.154485        excluding marked processes    
21         272.000000      16.492423       Unweighted events, alpha=0.011194
  => Total parameter prop_binmuon_channel_bin21[0.00,-7.00,7.00] to be Gaussian constrained
------------------------------------------------------------
22         2.125088        0.058523        total sum                     
22         1.610533        0.054796        excluding marked processes    
22         864.000000      29.393877       Unweighted events, alpha=0.002460
  => Total parameter prop_binmuon_channel_bin22[0.00,-7.00,7.00] to be Gaussian constrained
------------------------------------------------------------
23         1.774451        0.094765        total sum                     
23         1.294096        0.092621        excluding marked processes    
23         195.000000      13.964240       Unweighted events, alpha=0.009100
  => Total parameter prop_binmuon_channel_bin23[0.00,-7.00,7.00] to be Gaussian constrained
------------------------------------------------------------
24         1.371101        0.055955        total sum                     
24         0.856872        0.052094        excluding marked processes    
24         271.000000      16.462078       Unweighted events, alpha=0.005059
  => Total parameter prop_binmuon_channel_bin24[0.00,-7.00,7.00] to be Gaussian constrained
------------------------------------------------------------
25         1.172125        0.052481        total sum                     
25         0.663224        0.048455        excluding marked processes    
25         187.000000      13.674794       Unweighted events, alpha=0.006268
  => Total parameter prop_binmuon_channel_bin25[0.00,-7.00,7.00] to be Gaussian constrained
------------------------------------------------------------
26         1.180639        0.210220        total sum                     
26         0.673479        0.209229        excluding marked processes    
26         10.000000       3.162278        Unweighted events, alpha=0.118064
  => Number of weighted events is below Poisson threshold
    Wprime4000           0.507161        0.020384                                      
                         619.000000      24.879711       Unweighted events, alpha=0.000819
      => Parameter prop_binmuon_channel_bin26_Wprime4000[0.00,-7.00,7.00] to be Gaussian constrained
  ----------------------------------------------------------
    W_boson              0.424475        0.003723                                      
                         12996.000000    114.000000      Unweighted events, alpha=0.000033
      => Parameter prop_binmuon_channel_bin26_W_boson[0.00,-7.00,7.00] to be Gaussian constrained
  ----------------------------------------------------------
    Top                  0.000000        0.000000                                      
      => Error is zero, ignore      
  ----------------------------------------------------------
    Z_boson              0.006212        0.000206                                      
                         911.000000      30.182777       Unweighted events, alpha=0.000007
      => Parameter prop_binmuon_channel_bin26_Z_boson[0.00,-7.00,7.00] to be Gaussian constrained
  ----------------------------------------------------------
    DiBoson              0.233194        0.209022                                      
                         1.000000        1.000000        Unweighted events, alpha=0.233194
      => Product of prop_binmuon_channel_bin26_DiBoson[1.00,0.00,30.85] and const [1.0000] to be Poisson constrained
  ----------------------------------------------------------
    QCD                  0.009599        0.008527                                      
                         1.000000        1.000000        Unweighted events, alpha=0.009599
      => Product of prop_binmuon_channel_bin26_QCD[1.00,0.00,30.85] and const [1.0000] to be Poisson constrained
  ----------------------------------------------------------
------------------------------------------------------------
27         0.875028        0.024463        total sum                     
27         0.324178        0.011904        excluding marked processes    
27         742.000000      27.239677       Unweighted events, alpha=0.001179
  => Total parameter prop_binmuon_channel_bin27[0.00,-7.00,7.00] to be Gaussian constrained
------------------------------------------------------------
28         1.311435        0.472153        total sum                     
28         0.724947        0.471633        excluding marked processes    
28         2.000000        1.414214        Unweighted events, alpha=0.655717
  => Number of weighted events is below Poisson threshold
    Wprime4000           0.586488        0.022156                                      
                         701.000000      26.476405       Unweighted events, alpha=0.000837
      => Parameter prop_binmuon_channel_bin28_Wprime4000[0.00,-7.00,7.00] to be Gaussian constrained
  ----------------------------------------------------------
    W_boson              0.238042        0.001642                                      
                         21029.000000    145.013792      Unweighted events, alpha=0.000011
      => Parameter prop_binmuon_channel_bin28_W_boson[0.00,-7.00,7.00] to be Gaussian constrained
  ----------------------------------------------------------
    Top                  0.000000        0.000000                                      
      => Error is zero, ignore      
  ----------------------------------------------------------
    Z_boson              0.003914        0.000121                                      
                         1048.000000     32.372828       Unweighted events, alpha=0.000004
      => Parameter prop_binmuon_channel_bin28_Z_boson[0.00,-7.00,7.00] to be Gaussian constrained
  ----------------------------------------------------------
    DiBoson              0.000000        0.000644                                      
      => Poisson not viable, prop_binmuon_channel_bin28_DiBoson[0.00,-7.00,7.00] to be Gaussian constrained
  ----------------------------------------------------------
    QCD                  0.482992        0.471629                                      
                         1.000000        1.000000        Unweighted events, alpha=0.482992
      => Product of prop_binmuon_channel_bin28_QCD[1.00,0.00,30.85] and const [1.0000] to be Poisson constrained
  ----------------------------------------------------------
------------------------------------------------------------
29         0.779096        0.022199        total sum                     
29         0.182734        0.001752        excluding marked processes    
29         10872.000000    104.268883      Unweighted events, alpha=0.000072
  => Total parameter prop_binmuon_channel_bin29[0.00,-7.00,7.00] to be Gaussian constrained
------------------------------------------------------------
30         0.725109        0.023478        total sum                     
30         0.154191        0.008867        excluding marked processes    
30         302.000000      17.378147       Unweighted events, alpha=0.002401
  => Total parameter prop_binmuon_channel_bin30[0.00,-7.00,7.00] to be Gaussian constrained
------------------------------------------------------------
31         0.766669        0.034729        total sum                     
31         0.135887        0.026090        excluding marked processes    
31         27.000000       5.196152        Unweighted events, alpha=0.028395
  => Total parameter prop_binmuon_channel_bin31[0.00,-7.00,7.00] to be Gaussian constrained
------------------------------------------------------------
32         2.252549        0.059040        total sum                     
32         0.266038        0.042607        excluding marked processes    
32         39.000000       6.244998        Unweighted events, alpha=0.057758
  => Total parameter prop_binmuon_channel_bin32[0.00,-7.00,7.00] to be Gaussian constrained
------------------------------------------------------------
33         2.379658        0.043578        total sum                     
33         0.091172        0.001930        excluding marked processes    
33         2232.000000     47.244047       Unweighted events, alpha=0.001066
  => Total parameter prop_binmuon_channel_bin33[0.00,-7.00,7.00] to be Gaussian constrained
------------------------------------------------------------
34         3.238878        0.052817        total sum                     
34         0.065404        0.011949        excluding marked processes    
34         30.000000       5.477226        Unweighted events, alpha=0.107963
  => Total parameter prop_binmuon_channel_bin34[0.00,-7.00,7.00] to be Gaussian constrained
------------------------------------------------------------
35         1.409444        0.036094        total sum                     
35         0.024621        0.000570        excluding marked processes    
35         1867.000000     43.208795       Unweighted events, alpha=0.000755
  => Total parameter prop_binmuon_channel_bin35[0.00,-7.00,7.00] to be Gaussian constrained
------------------------------------------------------------
36         0.125452        0.009750        total sum                     
36         0.009573        0.000640        excluding marked processes    
36         224.000000      14.966630       Unweighted events, alpha=0.000560
  => Total parameter prop_binmuon_channel_bin36[0.00,-7.00,7.00] to be Gaussian constrained
------------------------------------------------------------
37         0.025803        0.004388        total sum                     
37         0.006998        0.001755        excluding marked processes    
37         16.000000       4.000000        Unweighted events, alpha=0.001613
  => Total parameter prop_binmuon_channel_bin37[0.00,-7.00,7.00] to be Gaussian constrained
------------------------------------------------------------
38         0.022643        0.010152        total sum                     
38         0.012032        0.009732        excluding marked processes    
38         2.000000        1.414214        Unweighted events, alpha=0.011321
  => Number of weighted events is below Poisson threshold
    Wprime4000           0.010611        0.002892                                      
                         13.000000       3.605551        Unweighted events, alpha=0.000816
      => Parameter prop_binmuon_channel_bin38_Wprime4000[0.00,-7.00,7.00] to be Gaussian constrained
  ----------------------------------------------------------
    W_boson              0.001476        0.000017                                      
                         7274.000000     85.287748       Unweighted events, alpha=0.000000
      => Parameter prop_binmuon_channel_bin38_W_boson[0.00,-7.00,7.00] to be Gaussian constrained
  ----------------------------------------------------------
    Top                  0.000000        0.000000                                      
      => Error is zero, ignore      
  ----------------------------------------------------------
    Z_boson              0.000045        0.000026                                      
                         3.000000        1.732051        Unweighted events, alpha=0.000015
      => Product of prop_binmuon_channel_bin38_Z_boson[3.00,0.00,36.46] and const [0.3333] to be Poisson constrained
  ----------------------------------------------------------
    DiBoson              0.000000        0.000000                                      
      => Error is zero, ignore      
  ----------------------------------------------------------
    QCD                  0.010511        0.009732                                      
                         1.000000        1.000000        Unweighted events, alpha=0.010511
      => Product of prop_binmuon_channel_bin38_QCD[1.00,0.00,30.85] and const [1.0000] to be Poisson constrained
  ----------------------------------------------------------
------------------------------------------------------------
39         0.020590        0.016784        total sum                     
39         0.018557        0.016739        excluding marked processes    
39         1.000000        1.000000        Unweighted events, alpha=0.020590
  => Number of weighted events is below Poisson threshold
    Wprime4000           0.002033        0.001231                                      
                         3.000000        1.732051        Unweighted events, alpha=0.000678
      => Product of prop_binmuon_channel_bin39_Wprime4000[3.00,0.00,36.46] and const [0.3333] to be Poisson constrained
  ----------------------------------------------------------
    W_boson              0.000679        0.000010                                      
                         5023.000000     70.873126       Unweighted events, alpha=0.000000
      => Parameter prop_binmuon_channel_bin39_W_boson[0.00,-7.00,7.00] to be Gaussian constrained
  ----------------------------------------------------------
    Top                  0.000000        0.000000                                      
      => Error is zero, ignore      
  ----------------------------------------------------------
    Z_boson              0.000007        0.000000                                      
                         382.000000      19.544820       Unweighted events, alpha=0.000000
      => Parameter prop_binmuon_channel_bin39_Z_boson[0.00,-7.00,7.00] to be Gaussian constrained
  ----------------------------------------------------------
    DiBoson              0.000000        0.000000                                      
      => Error is zero, ignore      
  ----------------------------------------------------------
    QCD                  0.017871        0.016739                                      
                         1.000000        1.000000        Unweighted events, alpha=0.017871
      => Product of prop_binmuon_channel_bin39_QCD[1.00,0.00,30.85] and const [1.0000] to be Poisson constrained
  ----------------------------------------------------------
------------------------------------------------------------
40         0.005378        0.002161        total sum                     
40         0.003873        0.001973        excluding marked processes    
40         4.000000        2.000000        Unweighted events, alpha=0.001344
  => Number of weighted events is below Poisson threshold
    Wprime4000           0.001504        0.000881                                      
                         3.000000        1.732051        Unweighted events, alpha=0.000501
      => Product of prop_binmuon_channel_bin40_Wprime4000[3.00,0.00,36.46] and const [0.3333] to be Poisson constrained
  ----------------------------------------------------------
    W_boson              0.000376        0.000052                                      
                         53.000000       7.280110        Unweighted events, alpha=0.000007
      => Parameter prop_binmuon_channel_bin40_W_boson[0.00,-7.00,7.00] to be Gaussian constrained
  ----------------------------------------------------------
    Top                  0.000000        0.000000                                      
      => Error is zero, ignore      
  ----------------------------------------------------------
    Z_boson              0.000003        0.000000                                      
                         284.000000      16.852300       Unweighted events, alpha=0.000000
      => Parameter prop_binmuon_channel_bin40_Z_boson[0.00,-7.00,7.00] to be Gaussian constrained
  ----------------------------------------------------------
    DiBoson              0.000000        0.000000                                      
      => Error is zero, ignore      
  ----------------------------------------------------------
    QCD                  0.003494        0.001973                                      
                         3.000000        1.732051        Unweighted events, alpha=0.001165
      => Product of prop_binmuon_channel_bin40_QCD[3.00,0.00,36.46] and const [0.3333] to be Poisson constrained
  ----------------------------------------------------------
------------------------------------------------------------
41         0.004129        0.002300        total sum                     
41         0.002934        0.001965        excluding marked processes    
41         2.000000        1.414214        Unweighted events, alpha=0.002065
  => Number of weighted events is below Poisson threshold
    Wprime4000           0.001195        0.001195                                      
                         1.000000        1.000000        Unweighted events, alpha=0.001195
      => Product of prop_binmuon_channel_bin41_Wprime4000[1.00,0.00,30.85] and const [1.0000] to be Poisson constrained
  ----------------------------------------------------------
    W_boson              0.000154        0.000006                                      
                         774.000000      27.820855       Unweighted events, alpha=0.000000
      => Parameter prop_binmuon_channel_bin41_W_boson[0.00,-7.00,7.00] to be Gaussian constrained
  ----------------------------------------------------------
    Top                  0.000000        0.000000                                      
      => Error is zero, ignore      
  ----------------------------------------------------------
    Z_boson              0.000001        0.000000                                      
                         254.000000      15.937377       Unweighted events, alpha=0.000000
      => Parameter prop_binmuon_channel_bin41_Z_boson[0.00,-7.00,7.00] to be Gaussian constrained
  ----------------------------------------------------------
    DiBoson              0.000000        0.000000                                      
      => Error is zero, ignore      
  ----------------------------------------------------------
    QCD                  0.002779        0.001965                                      
                         2.000000        1.414214        Unweighted events, alpha=0.001389
      => Product of prop_binmuon_channel_bin41_QCD[2.00,0.00,33.79] and const [0.5000] to be Poisson constrained
  ----------------------------------------------------------
------------------------------------------------------------
42         0.013212        0.012934        total sum                     
42         0.013212        0.012934        excluding marked processes    
42         1.000000        1.000000        Unweighted events, alpha=0.013212
  => Number of weighted events is below Poisson threshold
    Wprime4000           0.000000        0.000000                                      
      => Error is zero, ignore      
  ----------------------------------------------------------
    W_boson              0.000072        0.000001                                      
                         4971.000000     70.505319       Unweighted events, alpha=0.000000
      => Parameter prop_binmuon_channel_bin42_W_boson[0.00,-7.00,7.00] to be Gaussian constrained
  ----------------------------------------------------------
    Top                  0.000000        0.000000                                      
      => Error is zero, ignore      
  ----------------------------------------------------------
    Z_boson              0.000005        0.000004                                      
                         1.000000        1.000000        Unweighted events, alpha=0.000005
      => Product of prop_binmuon_channel_bin42_Z_boson[1.00,0.00,30.85] and const [1.0000] to be Poisson constrained
  ----------------------------------------------------------
    DiBoson              0.000000        0.000000                                      
      => Error is zero, ignore      
  ----------------------------------------------------------
    QCD                  0.013134        0.012934                                      
                         1.000000        1.000000        Unweighted events, alpha=0.013134
      => Product of prop_binmuon_channel_bin42_QCD[1.00,0.00,30.85] and const [1.0000] to be Poisson constrained
  ----------------------------------------------------------
------------------------------------------------------------
43         0.000584        0.000550        total sum                     
43         0.000584        0.000550        excluding marked processes    
43         1.000000        1.000000        Unweighted events, alpha=0.000584
  => Number of weighted events is below Poisson threshold
    Wprime4000           0.000000        0.000000                                      
      => Error is zero, ignore      
  ----------------------------------------------------------
    W_boson              0.000033        0.000001                                      
                         2503.000000     50.029991       Unweighted events, alpha=0.000000
      => Parameter prop_binmuon_channel_bin43_W_boson[0.00,-7.00,7.00] to be Gaussian constrained
  ----------------------------------------------------------
    Top                  0.000000        0.000000                                      
      => Error is zero, ignore      
  ----------------------------------------------------------
    Z_boson              0.000001        0.000000                                      
                         4.000000        2.000000        Unweighted events, alpha=0.000000
      => Product of prop_binmuon_channel_bin43_Z_boson[4.00,0.00,38.96] and const [0.2500] to be Poisson constrained
  ----------------------------------------------------------
    DiBoson              0.000000        0.000000                                      
      => Error is zero, ignore      
  ----------------------------------------------------------
    QCD                  0.000550        0.000550                                      
                         1.000000        1.000000        Unweighted events, alpha=0.000550
      => Product of prop_binmuon_channel_bin43_QCD[1.00,0.00,30.85] and const [1.0000] to be Poisson constrained
  ----------------------------------------------------------
------------------------------------------------------------
44         0.002262        0.002240        total sum                     
44         0.002262        0.002240        excluding marked processes    
44         1.000000        1.000000        Unweighted events, alpha=0.002262
  => Number of weighted events is below Poisson threshold
    Wprime4000           0.000000        0.000000                                      
      => Error is zero, ignore      
  ----------------------------------------------------------
    W_boson              0.000021        0.000004                                      
                         35.000000       5.916080        Unweighted events, alpha=0.000001
      => Parameter prop_binmuon_channel_bin44_W_boson[0.00,-7.00,7.00] to be Gaussian constrained
  ----------------------------------------------------------
    Top                  0.000000        0.000000                                      
      => Error is zero, ignore      
  ----------------------------------------------------------
    Z_boson              0.000000        0.000000                                      
                         22.000000       4.690416        Unweighted events, alpha=0.000000
      => Parameter prop_binmuon_channel_bin44_Z_boson[0.00,-7.00,7.00] to be Gaussian constrained
  ----------------------------------------------------------
    DiBoson              0.000000        0.000000                                      
      => Error is zero, ignore      
  ----------------------------------------------------------
    QCD                  0.002240        0.002240                                      
                         1.000000        1.000000        Unweighted events, alpha=0.002240
      => Product of prop_binmuon_channel_bin44_QCD[1.00,0.00,30.85] and const [1.0000] to be Poisson constrained
  ----------------------------------------------------------
------------------------------------------------------------
Channel muon_channel will use autoMCStats with settings: event-threshold=10, include-signal=0, hist-mode=1
Generate toy 1/100

 -- MarkovChainMC -- 
Limit: r < 0.296747 +/- 0.00718784 @ 95% credibility (15 tries)
Done in 0.37 min (cpu), 0.40 min (real)
Generate toy 2/100

 -- MarkovChainMC -- 
Limit: r < 0.353336 +/- 0.00549374 @ 95% credibility (15 tries)
Done in 0.40 min (cpu), 0.43 min (real)
Generate toy 3/100

 -- MarkovChainMC -- 
Limit: r < 0.307597 +/- 0.00543683 @ 95% credibility (15 tries)
Done in 0.39 min (cpu), 0.41 min (real)
Generate toy 4/100

 -- MarkovChainMC -- 
Limit: r < 0.523817 +/- 0.00861037 @ 95% credibility (15 tries)
Done in 0.42 min (cpu), 0.44 min (real)
Generate toy 5/100

 -- MarkovChainMC -- 
Limit: r < 0.431131 +/- 0.002752 @ 95% credibility (15 tries)
Done in 0.41 min (cpu), 0.43 min (real)
Generate toy 6/100

 -- MarkovChainMC -- 
Limit: r < 0.35539 +/- 0.00353808 @ 95% credibility (15 tries)
Done in 0.40 min (cpu), 0.44 min (real)
Generate toy 7/100

 -- MarkovChainMC -- 
Limit: r < 0.476007 +/- 0.00924411 @ 95% credibility (15 tries)
Done in 0.41 min (cpu), 0.44 min (real)
Generate toy 8/100

 -- MarkovChainMC -- 
Limit: r < 0.32042 +/- 0.00734419 @ 95% credibility (15 tries)
Done in 0.40 min (cpu), 0.43 min (real)
Generate toy 9/100

 -- MarkovChainMC -- 
Limit: r < 0.475185 +/- 0.00446334 @ 95% credibility (15 tries)
Done in 0.42 min (cpu), 0.46 min (real)
Generate toy 10/100

 -- MarkovChainMC -- 
Limit: r < 0.345124 +/- 0.00717322 @ 95% credibility (15 tries)
Done in 0.39 min (cpu), 0.43 min (real)
Generate toy 11/100

 -- MarkovChainMC -- 
Limit: r < 0.41653 +/- 0.00508757 @ 95% credibility (15 tries)
Done in 0.39 min (cpu), 0.42 min (real)
Generate toy 12/100

 -- MarkovChainMC -- 
Limit: r < 0.641355 +/- 0.00414508 @ 95% credibility (15 tries)
Done in 0.44 min (cpu), 0.49 min (real)
Generate toy 13/100

 -- MarkovChainMC -- 
Limit: r < 0.259348 +/- 0.00429965 @ 95% credibility (15 tries)
Done in 0.38 min (cpu), 0.42 min (real)
Generate toy 14/100

 -- MarkovChainMC -- 
Limit: r < 0.442679 +/- 0.0067196 @ 95% credibility (15 tries)
Done in 0.42 min (cpu), 0.47 min (real)
Generate toy 15/100

 -- MarkovChainMC -- 
Limit: r < 0.459601 +/- 0.00307763 @ 95% credibility (15 tries)
Done in 0.42 min (cpu), 0.47 min (real)
Generate toy 16/100

 -- MarkovChainMC -- 
Limit: r < 0.380746 +/- 0.0050157 @ 95% credibility (15 tries)
Done in 0.40 min (cpu), 0.43 min (real)
Generate toy 17/100

 -- MarkovChainMC -- 
Limit: r < 0.368197 +/- 0.00537029 @ 95% credibility (15 tries)
Done in 0.40 min (cpu), 0.44 min (real)
Generate toy 18/100

 -- MarkovChainMC -- 
Limit: r < 0.30957 +/- 0.00370283 @ 95% credibility (15 tries)
Done in 0.41 min (cpu), 0.44 min (real)
Generate toy 19/100

 -- MarkovChainMC -- 
Limit: r < 0.398495 +/- 0.00564566 @ 95% credibility (15 tries)
Done in 0.40 min (cpu), 0.41 min (real)
Generate toy 20/100

 -- MarkovChainMC -- 
Limit: r < 0.364149 +/- 0.00626248 @ 95% credibility (15 tries)
Done in 0.39 min (cpu), 0.42 min (real)
Generate toy 21/100

 -- MarkovChainMC -- 
Limit: r < 0.518983 +/- 0.0071993 @ 95% credibility (15 tries)
Done in 0.43 min (cpu), 0.45 min (real)
Generate toy 22/100

 -- MarkovChainMC -- 
Limit: r < 0.301172 +/- 0.00442454 @ 95% credibility (15 tries)
Done in 0.40 min (cpu), 0.42 min (real)
Generate toy 23/100

 -- MarkovChainMC -- 
Limit: r < 0.322016 +/- 0.007327 @ 95% credibility (15 tries)
Done in 0.39 min (cpu), 0.42 min (real)
Generate toy 24/100

 -- MarkovChainMC -- 
Limit: r < 0.338317 +/- 0.00532121 @ 95% credibility (15 tries)
Done in 0.40 min (cpu), 0.43 min (real)
Generate toy 25/100

 -- MarkovChainMC -- 
Limit: r < 0.313752 +/- 0.0048457 @ 95% credibility (15 tries)
Done in 0.40 min (cpu), 0.43 min (real)
Generate toy 26/100

 -- MarkovChainMC -- 
Limit: r < 0.248646 +/- 0.00464116 @ 95% credibility (15 tries)
Done in 0.39 min (cpu), 0.43 min (real)
Generate toy 27/100

 -- MarkovChainMC -- 
Limit: r < 0.341944 +/- 0.00506903 @ 95% credibility (15 tries)
Done in 0.39 min (cpu), 0.42 min (real)
Generate toy 28/100

 -- MarkovChainMC -- 
Limit: r < 0.509378 +/- 0.00245565 @ 95% credibility (15 tries)
Done in 0.43 min (cpu), 0.45 min (real)
Generate toy 29/100

 -- MarkovChainMC -- 
Limit: r < 0.310488 +/- 0.00620529 @ 95% credibility (15 tries)
Done in 0.39 min (cpu), 0.42 min (real)
Generate toy 30/100

 -- MarkovChainMC -- 
Limit: r < 0.396358 +/- 0.00331897 @ 95% credibility (15 tries)
Done in 0.41 min (cpu), 0.43 min (real)
Generate toy 31/100

 -- MarkovChainMC -- 
Limit: r < 0.462011 +/- 0.00639603 @ 95% credibility (15 tries)
Done in 0.42 min (cpu), 0.43 min (real)
Generate toy 32/100

 -- MarkovChainMC -- 
Limit: r < 0.293603 +/- 0.00459888 @ 95% credibility (15 tries)
Done in 0.39 min (cpu), 0.41 min (real)
Generate toy 33/100

 -- MarkovChainMC -- 
Limit: r < 0.347328 +/- 0.00342995 @ 95% credibility (15 tries)
Done in 0.40 min (cpu), 0.41 min (real)
Generate toy 34/100

 -- MarkovChainMC -- 
Limit: r < 0.310599 +/- 0.00433796 @ 95% credibility (15 tries)
Done in 0.41 min (cpu), 0.43 min (real)
Generate toy 35/100

 -- MarkovChainMC -- 
Limit: r < 0.589216 +/- 0.0035815 @ 95% credibility (15 tries)
Done in 0.43 min (cpu), 0.45 min (real)
Generate toy 36/100

 -- MarkovChainMC -- 
Limit: r < 0.27284 +/- 0.00530041 @ 95% credibility (15 tries)
Done in 0.39 min (cpu), 0.40 min (real)
Generate toy 37/100

 -- MarkovChainMC -- 
Limit: r < 0.48537 +/- 0.00299401 @ 95% credibility (15 tries)
Done in 0.41 min (cpu), 0.42 min (real)
Generate toy 38/100

 -- MarkovChainMC -- 
Limit: r < 0.591077 +/- 0.00539744 @ 95% credibility (15 tries)
Done in 0.42 min (cpu), 0.44 min (real)
Generate toy 39/100

 -- MarkovChainMC -- 
Limit: r < 0.348303 +/- 0.00306378 @ 95% credibility (15 tries)
Done in 0.40 min (cpu), 0.42 min (real)
Generate toy 40/100

 -- MarkovChainMC -- 
Limit: r < 0.279316 +/- 0.00714681 @ 95% credibility (15 tries)
Done in 0.38 min (cpu), 0.40 min (real)
Generate toy 41/100

 -- MarkovChainMC -- 
Limit: r < 0.379528 +/- 0.00459654 @ 95% credibility (15 tries)
Done in 0.40 min (cpu), 0.42 min (real)
Generate toy 42/100

 -- MarkovChainMC -- 
Limit: r < 0.466017 +/- 0.00475281 @ 95% credibility (15 tries)
Done in 0.42 min (cpu), 0.43 min (real)
Generate toy 43/100

 -- MarkovChainMC -- 
Limit: r < 0.37772 +/- 0.00489741 @ 95% credibility (15 tries)
Done in 0.40 min (cpu), 0.42 min (real)
Generate toy 44/100

 -- MarkovChainMC -- 
Limit: r < 0.346844 +/- 0.00464641 @ 95% credibility (15 tries)
Done in 0.41 min (cpu), 0.43 min (real)
Generate toy 45/100

 -- MarkovChainMC -- 
Limit: r < 0.371348 +/- 0.00724353 @ 95% credibility (15 tries)
Done in 0.41 min (cpu), 0.43 min (real)
Generate toy 46/100

 -- MarkovChainMC -- 
Limit: r < 0.407147 +/- 0.00625762 @ 95% credibility (15 tries)
Done in 0.40 min (cpu), 0.43 min (real)
Generate toy 47/100

 -- MarkovChainMC -- 
Limit: r < 0.250655 +/- 0.0048408 @ 95% credibility (15 tries)
Done in 0.39 min (cpu), 0.40 min (real)
Generate toy 48/100

 -- MarkovChainMC -- 
Limit: r < 0.419736 +/- 0.00509262 @ 95% credibility (15 tries)
Done in 0.41 min (cpu), 0.43 min (real)
Generate toy 49/100

 -- MarkovChainMC -- 
Limit: r < 0.328628 +/- 0.00534632 @ 95% credibility (15 tries)
Done in 0.39 min (cpu), 0.41 min (real)
Generate toy 50/100

 -- MarkovChainMC -- 
Limit: r < 0.262856 +/- 0.00517826 @ 95% credibility (15 tries)
Done in 0.37 min (cpu), 0.38 min (real)
Generate toy 51/100

 -- MarkovChainMC -- 
Limit: r < 0.290996 +/- 0.00499107 @ 95% credibility (15 tries)
Done in 0.38 min (cpu), 0.40 min (real)
Generate toy 52/100

 -- MarkovChainMC -- 
Limit: r < 0.567701 +/- 0.00856733 @ 95% credibility (15 tries)
Done in 0.42 min (cpu), 0.44 min (real)
Generate toy 53/100

 -- MarkovChainMC -- 
Limit: r < 0.379695 +/- 0.00383868 @ 95% credibility (15 tries)
Done in 0.43 min (cpu), 0.45 min (real)
Generate toy 54/100

 -- MarkovChainMC -- 
Limit: r < 0.378887 +/- 0.0063215 @ 95% credibility (15 tries)
Done in 0.40 min (cpu), 0.42 min (real)
Generate toy 55/100

 -- MarkovChainMC -- 
Limit: r < 0.298427 +/- 0.00662991 @ 95% credibility (15 tries)
Done in 0.39 min (cpu), 0.40 min (real)
Generate toy 56/100

 -- MarkovChainMC -- 
Limit: r < 0.252215 +/- 0.00381426 @ 95% credibility (15 tries)
Done in 0.37 min (cpu), 0.39 min (real)
Generate toy 57/100

 -- MarkovChainMC -- 
Limit: r < 0.462245 +/- 0.00470735 @ 95% credibility (15 tries)
Done in 0.43 min (cpu), 0.44 min (real)
Generate toy 58/100

 -- MarkovChainMC -- 
Limit: r < 0.466701 +/- 0.0063893 @ 95% credibility (15 tries)
Done in 0.42 min (cpu), 0.43 min (real)
Generate toy 59/100

 -- MarkovChainMC -- 
Limit: r < 0.260967 +/- 0.00438858 @ 95% credibility (15 tries)
Done in 0.37 min (cpu), 0.38 min (real)
Generate toy 60/100

 -- MarkovChainMC -- 
Limit: r < 0.319502 +/- 0.00594014 @ 95% credibility (15 tries)
Done in 0.38 min (cpu), 0.39 min (real)
Generate toy 61/100

 -- MarkovChainMC -- 
Limit: r < 0.288797 +/- 0.00497743 @ 95% credibility (15 tries)
Done in 0.39 min (cpu), 0.39 min (real)
Generate toy 62/100

 -- MarkovChainMC -- 
Limit: r < 0.399802 +/- 0.00571358 @ 95% credibility (15 tries)
Done in 0.40 min (cpu), 0.41 min (real)
Generate toy 63/100

 -- MarkovChainMC -- 
Limit: r < 0.236775 +/- 0.00472088 @ 95% credibility (15 tries)
Done in 0.38 min (cpu), 0.38 min (real)
Generate toy 64/100

 -- MarkovChainMC -- 
Limit: r < 0.245696 +/- 0.00350943 @ 95% credibility (15 tries)
Done in 0.35 min (cpu), 0.36 min (real)
Generate toy 65/100

 -- MarkovChainMC -- 
Limit: r < 0.515289 +/- 0.00529751 @ 95% credibility (15 tries)
Done in 0.40 min (cpu), 0.40 min (real)
Generate toy 66/100

 -- MarkovChainMC -- 
Limit: r < 0.393932 +/- 0.00553889 @ 95% credibility (15 tries)
Done in 0.39 min (cpu), 0.40 min (real)
Generate toy 67/100

 -- MarkovChainMC -- 
Limit: r < 0.318422 +/- 0.00437057 @ 95% credibility (15 tries)
Done in 0.35 min (cpu), 0.36 min (real)
Generate toy 68/100

 -- MarkovChainMC -- 
Limit: r < 0.28909 +/- 0.00648735 @ 95% credibility (15 tries)
Done in 0.37 min (cpu), 0.38 min (real)
Generate toy 69/100

 -- MarkovChainMC -- 
Limit: r < 0.536266 +/- 0.00576799 @ 95% credibility (15 tries)
Done in 0.41 min (cpu), 0.42 min (real)
Generate toy 70/100

 -- MarkovChainMC -- 
Limit: r < 0.364968 +/- 0.00783564 @ 95% credibility (15 tries)
Done in 0.39 min (cpu), 0.40 min (real)
Generate toy 71/100

 -- MarkovChainMC -- 
Limit: r < 0.419614 +/- 0.00679454 @ 95% credibility (15 tries)
Done in 0.38 min (cpu), 0.39 min (real)
Generate toy 72/100

 -- MarkovChainMC -- 
Limit: r < 0.330099 +/- 0.00486067 @ 95% credibility (15 tries)
Done in 0.35 min (cpu), 0.35 min (real)
Generate toy 73/100

 -- MarkovChainMC -- 
Limit: r < 0.455787 +/- 0.00626636 @ 95% credibility (15 tries)
Done in 0.38 min (cpu), 0.39 min (real)
Generate toy 74/100

 -- MarkovChainMC -- 
Limit: r < 0.303294 +/- 0.00367448 @ 95% credibility (15 tries)
Done in 0.35 min (cpu), 0.36 min (real)
Generate toy 75/100

 -- MarkovChainMC -- 
Limit: r < 0.588858 +/- 0.00658308 @ 95% credibility (15 tries)
Done in 0.39 min (cpu), 0.39 min (real)
Generate toy 76/100

 -- MarkovChainMC -- 
Limit: r < 0.323367 +/- 0.00754882 @ 95% credibility (15 tries)
Done in 0.36 min (cpu), 0.36 min (real)
Generate toy 77/100

 -- MarkovChainMC -- 
Limit: r < 0.671064 +/- 0.00732317 @ 95% credibility (15 tries)
Done in 0.41 min (cpu), 0.41 min (real)
Generate toy 78/100

 -- MarkovChainMC -- 
Limit: r < 0.240408 +/- 0.0043667 @ 95% credibility (15 tries)
Done in 0.38 min (cpu), 0.38 min (real)
Generate toy 79/100

 -- MarkovChainMC -- 
Limit: r < 0.476609 +/- 0.00649142 @ 95% credibility (15 tries)
Done in 0.41 min (cpu), 0.41 min (real)
Generate toy 80/100

 -- MarkovChainMC -- 
Limit: r < 0.484591 +/- 0.00909826 @ 95% credibility (15 tries)
Done in 0.41 min (cpu), 0.41 min (real)
Generate toy 81/100

 -- MarkovChainMC -- 
Limit: r < 0.261514 +/- 0.00373921 @ 95% credibility (15 tries)
Done in 0.38 min (cpu), 0.38 min (real)
Generate toy 82/100

 -- MarkovChainMC -- 
Limit: r < 0.290948 +/- 0.00334449 @ 95% credibility (15 tries)
Done in 0.32 min (cpu), 0.32 min (real)
Generate toy 83/100

 -- MarkovChainMC -- 
Limit: r < 0.49224 +/- 0.00675992 @ 95% credibility (15 tries)
Done in 0.33 min (cpu), 0.33 min (real)
Generate toy 84/100

 -- MarkovChainMC -- 
Limit: r < 0.302073 +/- 0.00753048 @ 95% credibility (15 tries)
Done in 0.37 min (cpu), 0.37 min (real)
Generate toy 85/100

 -- MarkovChainMC -- 
Limit: r < 0.277164 +/- 0.0044022 @ 95% credibility (15 tries)
Done in 0.34 min (cpu), 0.34 min (real)
Generate toy 86/100

 -- MarkovChainMC -- 
Limit: r < 0.364638 +/- 0.00505713 @ 95% credibility (15 tries)
Done in 0.39 min (cpu), 0.39 min (real)
Generate toy 87/100

 -- MarkovChainMC -- 
Limit: r < 0.268472 +/- 0.00407481 @ 95% credibility (15 tries)
Done in 0.38 min (cpu), 0.38 min (real)
Generate toy 88/100

 -- MarkovChainMC -- 
Limit: r < 0.254697 +/- 0.0035809 @ 95% credibility (15 tries)
Done in 0.36 min (cpu), 0.37 min (real)
Generate toy 89/100

 -- MarkovChainMC -- 
Limit: r < 0.311929 +/- 0.00646709 @ 95% credibility (15 tries)
Done in 0.30 min (cpu), 0.30 min (real)
Generate toy 90/100

 -- MarkovChainMC -- 
Limit: r < 0.263566 +/- 0.00280749 @ 95% credibility (15 tries)
Done in 0.29 min (cpu), 0.29 min (real)
Generate toy 91/100

 -- MarkovChainMC -- 
Limit: r < 0.257974 +/- 0.00299882 @ 95% credibility (15 tries)
Done in 0.30 min (cpu), 0.30 min (real)
Generate toy 92/100

 -- MarkovChainMC -- 
Limit: r < 0.367277 +/- 0.00727294 @ 95% credibility (15 tries)
Done in 0.30 min (cpu), 0.30 min (real)
Generate toy 93/100

 -- MarkovChainMC -- 
Limit: r < 0.297077 +/- 0.00244216 @ 95% credibility (15 tries)
Done in 0.26 min (cpu), 0.26 min (real)
Generate toy 94/100

 -- MarkovChainMC -- 
Limit: r < 0.394441 +/- 0.00601008 @ 95% credibility (15 tries)
Done in 0.27 min (cpu), 0.28 min (real)
Generate toy 95/100

 -- MarkovChainMC -- 
Limit: r < 0.259616 +/- 0.00245132 @ 95% credibility (15 tries)
Done in 0.28 min (cpu), 0.28 min (real)
Generate toy 96/100

 -- MarkovChainMC -- 
Limit: r < 0.489725 +/- 0.00589743 @ 95% credibility (15 tries)
Done in 0.39 min (cpu), 0.40 min (real)
Generate toy 97/100

 -- MarkovChainMC -- 
Limit: r < 0.385788 +/- 0.00380559 @ 95% credibility (15 tries)
Done in 0.37 min (cpu), 0.38 min (real)
Generate toy 98/100

 -- MarkovChainMC -- 
Limit: r < 0.292676 +/- 0.00398797 @ 95% credibility (15 tries)
Done in 0.37 min (cpu), 0.37 min (real)
Generate toy 99/100

 -- MarkovChainMC -- 
Limit: r < 0.507171 +/- 0.00646841 @ 95% credibility (15 tries)
Done in 0.32 min (cpu), 0.32 min (real)
Generate toy 100/100

 -- MarkovChainMC -- 
Limit: r < 0.418967 +/- 0.00672395 @ 95% credibility (15 tries)
Done in 0.42 min (cpu), 0.42 min (real)
mean   expected limit: r < 0.374346 +/- 0.00993903 @ 95%CL (100 toyMC)
median expected limit: r < 0.354363 @ 95%CL (100 toyMC)
   68% expected band : 0.277164 < r < 0.484591
   95% expected band : 0.245696 < r < 0.641355
