 <<< Combine >>> 
 <<< v10.0.2 >>>
>>> Used OpenSSL to get a truly random seed 1504273187
>>> Method used is MarkovChainMC
============================================================
Analyzing bin errors for: prop_binmuon_channel
Poisson cut-off: 10
Processes excluded for sums: Wprime600
============================================================
Bin        Contents        Error           Notes                         
0          3822.417222     16.761809       total sum                     
0          3819.841423     16.761741       excluding marked processes    
0          51934.000000    227.890324      Unweighted events, alpha=0.073601
  => Total parameter prop_binmuon_channel_bin0[0.00,-7.00,7.00] to be Gaussian constrained
------------------------------------------------------------
1          2234.853762     11.385415       total sum                     
1          2231.798487     11.385305       excluding marked processes    
1          38426.000000    196.025509      Unweighted events, alpha=0.058160
  => Total parameter prop_binmuon_channel_bin1[0.00,-7.00,7.00] to be Gaussian constrained
------------------------------------------------------------
2          1380.434947     7.295188        total sum                     
2          1376.513136     7.294968        excluding marked processes    
2          35605.000000    188.692872      Unweighted events, alpha=0.038771
  => Total parameter prop_binmuon_channel_bin2[0.00,-7.00,7.00] to be Gaussian constrained
------------------------------------------------------------
3          899.201046      13.032018       total sum                     
3          894.649420      13.031873       excluding marked processes    
3          4713.000000     68.651293       Unweighted events, alpha=0.190792
  => Total parameter prop_binmuon_channel_bin3[0.00,-7.00,7.00] to be Gaussian constrained
------------------------------------------------------------
4          586.056746      6.054634        total sum                     
4          583.984841      6.054494        excluding marked processes    
4          9304.000000     96.457244       Unweighted events, alpha=0.062990
  => Total parameter prop_binmuon_channel_bin4[0.00,-7.00,7.00] to be Gaussian constrained
------------------------------------------------------------
5          396.184601      3.195338        total sum                     
5          395.771583      3.195284        excluding marked processes    
5          15342.000000    123.862827      Unweighted events, alpha=0.025824
  => Total parameter prop_binmuon_channel_bin5[0.00,-7.00,7.00] to be Gaussian constrained
------------------------------------------------------------
6          277.988757      2.334127        total sum                     
6          277.895761      2.334111        excluding marked processes    
6          14175.000000    119.058809      Unweighted events, alpha=0.019611
  => Total parameter prop_binmuon_channel_bin6[0.00,-7.00,7.00] to be Gaussian constrained
------------------------------------------------------------
7          205.096390      2.428754        total sum                     
7          205.058530      2.428748        excluding marked processes    
7          7128.000000     84.427484       Unweighted events, alpha=0.028773
  => Total parameter prop_binmuon_channel_bin7[0.00,-7.00,7.00] to be Gaussian constrained
------------------------------------------------------------
8          146.557581      1.787046        total sum                     
8          146.527832      1.787039        excluding marked processes    
8          6723.000000     81.993902       Unweighted events, alpha=0.021799
  => Total parameter prop_binmuon_channel_bin8[0.00,-7.00,7.00] to be Gaussian constrained
------------------------------------------------------------
9          109.468842      2.060617        total sum                     
9          109.455598      2.060614        excluding marked processes    
9          2822.000000     53.122500       Unweighted events, alpha=0.038791
  => Total parameter prop_binmuon_channel_bin9[0.00,-7.00,7.00] to be Gaussian constrained
------------------------------------------------------------
10         82.832082       1.460531        total sum                     
10         82.826993       1.460530        excluding marked processes    
10         3216.000000     56.709788       Unweighted events, alpha=0.025756
  => Total parameter prop_binmuon_channel_bin10[0.00,-7.00,7.00] to be Gaussian constrained
------------------------------------------------------------
11         64.212347       1.888543        total sum                     
11         64.206714       1.888542        excluding marked processes    
11         1156.000000     34.000000       Unweighted events, alpha=0.055547
  => Total parameter prop_binmuon_channel_bin11[0.00,-7.00,7.00] to be Gaussian constrained
------------------------------------------------------------
12         85.342682       1.617856        total sum                     
12         85.336694       1.617855        excluding marked processes    
12         2782.000000     52.744668       Unweighted events, alpha=0.030677
  => Total parameter prop_binmuon_channel_bin12[0.00,-7.00,7.00] to be Gaussian constrained
------------------------------------------------------------
13         52.893361       0.789474        total sum                     
13         52.886014       0.789469        excluding marked processes    
13         4488.000000     66.992537       Unweighted events, alpha=0.011786
  => Total parameter prop_binmuon_channel_bin13[0.00,-7.00,7.00] to be Gaussian constrained
------------------------------------------------------------
14         31.534547       0.468689        total sum                     
14         31.532851       0.468687        excluding marked processes    
14         4526.000000     67.275553       Unweighted events, alpha=0.006967
  => Total parameter prop_binmuon_channel_bin14[0.00,-7.00,7.00] to be Gaussian constrained
------------------------------------------------------------
15         21.395936       0.550834        total sum                     
15         21.394647       0.550833        excluding marked processes    
15         1509.000000     38.845849       Unweighted events, alpha=0.014179
  => Total parameter prop_binmuon_channel_bin15[0.00,-7.00,7.00] to be Gaussian constrained
------------------------------------------------------------
16         13.816674       0.231033        total sum                     
16         13.816021       0.231032        excluding marked processes    
16         3576.000000     59.799666       Unweighted events, alpha=0.003864
  => Total parameter prop_binmuon_channel_bin16[0.00,-7.00,7.00] to be Gaussian constrained
------------------------------------------------------------
17         9.535461        0.294860        total sum                     
17         9.533747        0.294858        excluding marked processes    
17         1045.000000     32.326460       Unweighted events, alpha=0.009125
  => Total parameter prop_binmuon_channel_bin17[0.00,-7.00,7.00] to be Gaussian constrained
------------------------------------------------------------
18         7.027652        0.339748        total sum                     
18         7.027652        0.339748        excluding marked processes    
18         428.000000      20.688161       Unweighted events, alpha=0.016420
  => Total parameter prop_binmuon_channel_bin18[0.00,-7.00,7.00] to be Gaussian constrained
------------------------------------------------------------
19         4.634827        0.253662        total sum                     
19         4.633595        0.253659        excluding marked processes    
19         334.000000      18.275667       Unweighted events, alpha=0.013877
  => Total parameter prop_binmuon_channel_bin19[0.00,-7.00,7.00] to be Gaussian constrained
------------------------------------------------------------
20         3.457839        0.256568        total sum                     
20         3.457839        0.256568        excluding marked processes    
20         182.000000      13.490738       Unweighted events, alpha=0.018999
  => Total parameter prop_binmuon_channel_bin20[0.00,-7.00,7.00] to be Gaussian constrained
------------------------------------------------------------
21         2.547900        0.154486        total sum                     
21         2.547554        0.154485        excluding marked processes    
21         272.000000      16.492423       Unweighted events, alpha=0.009367
  => Total parameter prop_binmuon_channel_bin21[0.00,-7.00,7.00] to be Gaussian constrained
------------------------------------------------------------
22         1.610533        0.054796        total sum                     
22         1.610533        0.054796        excluding marked processes    
22         864.000000      29.393877       Unweighted events, alpha=0.001864
  => Total parameter prop_binmuon_channel_bin22[0.00,-7.00,7.00] to be Gaussian constrained
------------------------------------------------------------
23         1.294096        0.092621        total sum                     
23         1.294096        0.092621        excluding marked processes    
23         195.000000      13.964240       Unweighted events, alpha=0.006636
  => Total parameter prop_binmuon_channel_bin23[0.00,-7.00,7.00] to be Gaussian constrained
------------------------------------------------------------
24         0.856872        0.052094        total sum                     
24         0.856872        0.052094        excluding marked processes    
24         271.000000      16.462078       Unweighted events, alpha=0.003162
  => Total parameter prop_binmuon_channel_bin24[0.00,-7.00,7.00] to be Gaussian constrained
------------------------------------------------------------
25         0.663224        0.048455        total sum                     
25         0.663224        0.048455        excluding marked processes    
25         187.000000      13.674794       Unweighted events, alpha=0.003547
  => Total parameter prop_binmuon_channel_bin25[0.00,-7.00,7.00] to be Gaussian constrained
------------------------------------------------------------
26         0.673479        0.209229        total sum                     
26         0.673479        0.209229        excluding marked processes    
26         10.000000       3.162278        Unweighted events, alpha=0.067348
  => Number of weighted events is below Poisson threshold
    Wprime600            0.000000        0.000000                                      
      => Error is zero, ignore      
  ----------------------------------------------------------
    W_boson              0.424475        0.003723                                      
                         12996.000000    114.000000      Unweighted events, alpha=0.000033
      => Parameter prop_binmuon_channel_bin26_W_boson[0.00,-7.00,7.00] to be Gaussian constrained
  ----------------------------------------------------------
    Top                  0.000000        0.000000                                      
      => Error is zero, ignore      
  ----------------------------------------------------------
    Z_boson              0.006212        0.000206                                      
                         911.000000      30.182777       Unweighted events, alpha=0.000007
      => Parameter prop_binmuon_channel_bin26_Z_boson[0.00,-7.00,7.00] to be Gaussian constrained
  ----------------------------------------------------------
    DiBoson              0.233194        0.209022                                      
                         1.000000        1.000000        Unweighted events, alpha=0.233194
      => Product of prop_binmuon_channel_bin26_DiBoson[1.00,0.00,30.85] and const [1.0000] to be Poisson constrained
  ----------------------------------------------------------
    QCD                  0.009599        0.008527                                      
                         1.000000        1.000000        Unweighted events, alpha=0.009599
      => Product of prop_binmuon_channel_bin26_QCD[1.00,0.00,30.85] and const [1.0000] to be Poisson constrained
  ----------------------------------------------------------
------------------------------------------------------------
27         0.324178        0.011904        total sum                     
27         0.324178        0.011904        excluding marked processes    
27         742.000000      27.239677       Unweighted events, alpha=0.000437
  => Total parameter prop_binmuon_channel_bin27[0.00,-7.00,7.00] to be Gaussian constrained
------------------------------------------------------------
28         0.724947        0.471633        total sum                     
28         0.724947        0.471633        excluding marked processes    
28         2.000000        1.414214        Unweighted events, alpha=0.362474
  => Number of weighted events is below Poisson threshold
    Wprime600            0.000000        0.000000                                      
      => Error is zero, ignore      
  ----------------------------------------------------------
    W_boson              0.238042        0.001642                                      
                         21029.000000    145.013792      Unweighted events, alpha=0.000011
      => Parameter prop_binmuon_channel_bin28_W_boson[0.00,-7.00,7.00] to be Gaussian constrained
  ----------------------------------------------------------
    Top                  0.000000        0.000000                                      
      => Error is zero, ignore      
  ----------------------------------------------------------
    Z_boson              0.003914        0.000121                                      
                         1048.000000     32.372828       Unweighted events, alpha=0.000004
      => Parameter prop_binmuon_channel_bin28_Z_boson[0.00,-7.00,7.00] to be Gaussian constrained
  ----------------------------------------------------------
    DiBoson              0.000000        0.000644                                      
      => Poisson not viable, prop_binmuon_channel_bin28_DiBoson[0.00,-7.00,7.00] to be Gaussian constrained
  ----------------------------------------------------------
    QCD                  0.482992        0.471629                                      
                         1.000000        1.000000        Unweighted events, alpha=0.482992
      => Product of prop_binmuon_channel_bin28_QCD[1.00,0.00,30.85] and const [1.0000] to be Poisson constrained
  ----------------------------------------------------------
------------------------------------------------------------
29         0.182734        0.001752        total sum                     
29         0.182734        0.001752        excluding marked processes    
29         10872.000000    104.268883      Unweighted events, alpha=0.000017
  => Total parameter prop_binmuon_channel_bin29[0.00,-7.00,7.00] to be Gaussian constrained
------------------------------------------------------------
30         0.154191        0.008867        total sum                     
30         0.154191        0.008867        excluding marked processes    
30         302.000000      17.378147       Unweighted events, alpha=0.000511
  => Total parameter prop_binmuon_channel_bin30[0.00,-7.00,7.00] to be Gaussian constrained
------------------------------------------------------------
31         0.135887        0.026090        total sum                     
31         0.135887        0.026090        excluding marked processes    
31         27.000000       5.196152        Unweighted events, alpha=0.005033
  => Total parameter prop_binmuon_channel_bin31[0.00,-7.00,7.00] to be Gaussian constrained
------------------------------------------------------------
32         0.266038        0.042607        total sum                     
32         0.266038        0.042607        excluding marked processes    
32         39.000000       6.244998        Unweighted events, alpha=0.006821
  => Total parameter prop_binmuon_channel_bin32[0.00,-7.00,7.00] to be Gaussian constrained
------------------------------------------------------------
33         0.091172        0.001930        total sum                     
33         0.091172        0.001930        excluding marked processes    
33         2232.000000     47.244047       Unweighted events, alpha=0.000041
  => Total parameter prop_binmuon_channel_bin33[0.00,-7.00,7.00] to be Gaussian constrained
------------------------------------------------------------
34         0.065404        0.011949        total sum                     
34         0.065404        0.011949        excluding marked processes    
34         30.000000       5.477226        Unweighted events, alpha=0.002180
  => Total parameter prop_binmuon_channel_bin34[0.00,-7.00,7.00] to be Gaussian constrained
------------------------------------------------------------
35         0.024621        0.000570        total sum                     
35         0.024621        0.000570        excluding marked processes    
35         1867.000000     43.208795       Unweighted events, alpha=0.000013
  => Total parameter prop_binmuon_channel_bin35[0.00,-7.00,7.00] to be Gaussian constrained
------------------------------------------------------------
36         0.009573        0.000640        total sum                     
36         0.009573        0.000640        excluding marked processes    
36         224.000000      14.966630       Unweighted events, alpha=0.000043
  => Total parameter prop_binmuon_channel_bin36[0.00,-7.00,7.00] to be Gaussian constrained
------------------------------------------------------------
37         0.006998        0.001755        total sum                     
37         0.006998        0.001755        excluding marked processes    
37         16.000000       4.000000        Unweighted events, alpha=0.000437
  => Total parameter prop_binmuon_channel_bin37[0.00,-7.00,7.00] to be Gaussian constrained
------------------------------------------------------------
38         0.012032        0.009732        total sum                     
38         0.012032        0.009732        excluding marked processes    
38         2.000000        1.414214        Unweighted events, alpha=0.006016
  => Number of weighted events is below Poisson threshold
    Wprime600            0.000000        0.000000                                      
      => Error is zero, ignore      
  ----------------------------------------------------------
    W_boson              0.001476        0.000017                                      
                         7274.000000     85.287748       Unweighted events, alpha=0.000000
      => Parameter prop_binmuon_channel_bin38_W_boson[0.00,-7.00,7.00] to be Gaussian constrained
  ----------------------------------------------------------
    Top                  0.000000        0.000000                                      
      => Error is zero, ignore      
  ----------------------------------------------------------
    Z_boson              0.000045        0.000026                                      
                         3.000000        1.732051        Unweighted events, alpha=0.000015
      => Product of prop_binmuon_channel_bin38_Z_boson[3.00,0.00,36.46] and const [0.3333] to be Poisson constrained
  ----------------------------------------------------------
    DiBoson              0.000000        0.000000                                      
      => Error is zero, ignore      
  ----------------------------------------------------------
    QCD                  0.010511        0.009732                                      
                         1.000000        1.000000        Unweighted events, alpha=0.010511
      => Product of prop_binmuon_channel_bin38_QCD[1.00,0.00,30.85] and const [1.0000] to be Poisson constrained
  ----------------------------------------------------------
------------------------------------------------------------
39         0.018557        0.016739        total sum                     
39         0.018557        0.016739        excluding marked processes    
39         1.000000        1.000000        Unweighted events, alpha=0.018557
  => Number of weighted events is below Poisson threshold
    Wprime600            0.000000        0.000000                                      
      => Error is zero, ignore      
  ----------------------------------------------------------
    W_boson              0.000679        0.000010                                      
                         5023.000000     70.873126       Unweighted events, alpha=0.000000
      => Parameter prop_binmuon_channel_bin39_W_boson[0.00,-7.00,7.00] to be Gaussian constrained
  ----------------------------------------------------------
    Top                  0.000000        0.000000                                      
      => Error is zero, ignore      
  ----------------------------------------------------------
    Z_boson              0.000007        0.000000                                      
                         382.000000      19.544820       Unweighted events, alpha=0.000000
      => Parameter prop_binmuon_channel_bin39_Z_boson[0.00,-7.00,7.00] to be Gaussian constrained
  ----------------------------------------------------------
    DiBoson              0.000000        0.000000                                      
      => Error is zero, ignore      
  ----------------------------------------------------------
    QCD                  0.017871        0.016739                                      
                         1.000000        1.000000        Unweighted events, alpha=0.017871
      => Product of prop_binmuon_channel_bin39_QCD[1.00,0.00,30.85] and const [1.0000] to be Poisson constrained
  ----------------------------------------------------------
------------------------------------------------------------
40         0.003873        0.001973        total sum                     
40         0.003873        0.001973        excluding marked processes    
40         4.000000        2.000000        Unweighted events, alpha=0.000968
  => Number of weighted events is below Poisson threshold
    Wprime600            0.000000        0.000000                                      
      => Error is zero, ignore      
  ----------------------------------------------------------
    W_boson              0.000376        0.000052                                      
                         53.000000       7.280110        Unweighted events, alpha=0.000007
      => Parameter prop_binmuon_channel_bin40_W_boson[0.00,-7.00,7.00] to be Gaussian constrained
  ----------------------------------------------------------
    Top                  0.000000        0.000000                                      
      => Error is zero, ignore      
  ----------------------------------------------------------
    Z_boson              0.000003        0.000000                                      
                         284.000000      16.852300       Unweighted events, alpha=0.000000
      => Parameter prop_binmuon_channel_bin40_Z_boson[0.00,-7.00,7.00] to be Gaussian constrained
  ----------------------------------------------------------
    DiBoson              0.000000        0.000000                                      
      => Error is zero, ignore      
  ----------------------------------------------------------
    QCD                  0.003494        0.001973                                      
                         3.000000        1.732051        Unweighted events, alpha=0.001165
      => Product of prop_binmuon_channel_bin40_QCD[3.00,0.00,36.46] and const [0.3333] to be Poisson constrained
  ----------------------------------------------------------
------------------------------------------------------------
41         0.002934        0.001965        total sum                     
41         0.002934        0.001965        excluding marked processes    
41         2.000000        1.414214        Unweighted events, alpha=0.001467
  => Number of weighted events is below Poisson threshold
    Wprime600            0.000000        0.000000                                      
      => Error is zero, ignore      
  ----------------------------------------------------------
    W_boson              0.000154        0.000006                                      
                         774.000000      27.820855       Unweighted events, alpha=0.000000
      => Parameter prop_binmuon_channel_bin41_W_boson[0.00,-7.00,7.00] to be Gaussian constrained
  ----------------------------------------------------------
    Top                  0.000000        0.000000                                      
      => Error is zero, ignore      
  ----------------------------------------------------------
    Z_boson              0.000001        0.000000                                      
                         254.000000      15.937377       Unweighted events, alpha=0.000000
      => Parameter prop_binmuon_channel_bin41_Z_boson[0.00,-7.00,7.00] to be Gaussian constrained
  ----------------------------------------------------------
    DiBoson              0.000000        0.000000                                      
      => Error is zero, ignore      
  ----------------------------------------------------------
    QCD                  0.002779        0.001965                                      
                         2.000000        1.414214        Unweighted events, alpha=0.001389
      => Product of prop_binmuon_channel_bin41_QCD[2.00,0.00,33.79] and const [0.5000] to be Poisson constrained
  ----------------------------------------------------------
------------------------------------------------------------
42         0.013212        0.012934        total sum                     
42         0.013212        0.012934        excluding marked processes    
42         1.000000        1.000000        Unweighted events, alpha=0.013212
  => Number of weighted events is below Poisson threshold
    Wprime600            0.000000        0.000000                                      
      => Error is zero, ignore      
  ----------------------------------------------------------
    W_boson              0.000072        0.000001                                      
                         4971.000000     70.505319       Unweighted events, alpha=0.000000
      => Parameter prop_binmuon_channel_bin42_W_boson[0.00,-7.00,7.00] to be Gaussian constrained
  ----------------------------------------------------------
    Top                  0.000000        0.000000                                      
      => Error is zero, ignore      
  ----------------------------------------------------------
    Z_boson              0.000005        0.000004                                      
                         1.000000        1.000000        Unweighted events, alpha=0.000005
      => Product of prop_binmuon_channel_bin42_Z_boson[1.00,0.00,30.85] and const [1.0000] to be Poisson constrained
  ----------------------------------------------------------
    DiBoson              0.000000        0.000000                                      
      => Error is zero, ignore      
  ----------------------------------------------------------
    QCD                  0.013134        0.012934                                      
                         1.000000        1.000000        Unweighted events, alpha=0.013134
      => Product of prop_binmuon_channel_bin42_QCD[1.00,0.00,30.85] and const [1.0000] to be Poisson constrained
  ----------------------------------------------------------
------------------------------------------------------------
43         0.000584        0.000550        total sum                     
43         0.000584        0.000550        excluding marked processes    
43         1.000000        1.000000        Unweighted events, alpha=0.000584
  => Number of weighted events is below Poisson threshold
    Wprime600            0.000000        0.000000                                      
      => Error is zero, ignore      
  ----------------------------------------------------------
    W_boson              0.000033        0.000001                                      
                         2503.000000     50.029991       Unweighted events, alpha=0.000000
      => Parameter prop_binmuon_channel_bin43_W_boson[0.00,-7.00,7.00] to be Gaussian constrained
  ----------------------------------------------------------
    Top                  0.000000        0.000000                                      
      => Error is zero, ignore      
  ----------------------------------------------------------
    Z_boson              0.000001        0.000000                                      
                         4.000000        2.000000        Unweighted events, alpha=0.000000
      => Product of prop_binmuon_channel_bin43_Z_boson[4.00,0.00,38.96] and const [0.2500] to be Poisson constrained
  ----------------------------------------------------------
    DiBoson              0.000000        0.000000                                      
      => Error is zero, ignore      
  ----------------------------------------------------------
    QCD                  0.000550        0.000550                                      
                         1.000000        1.000000        Unweighted events, alpha=0.000550
      => Product of prop_binmuon_channel_bin43_QCD[1.00,0.00,30.85] and const [1.0000] to be Poisson constrained
  ----------------------------------------------------------
------------------------------------------------------------
44         0.002262        0.002240        total sum                     
44         0.002262        0.002240        excluding marked processes    
44         1.000000        1.000000        Unweighted events, alpha=0.002262
  => Number of weighted events is below Poisson threshold
    Wprime600            0.000000        0.000000                                      
      => Error is zero, ignore      
  ----------------------------------------------------------
    W_boson              0.000021        0.000004                                      
                         35.000000       5.916080        Unweighted events, alpha=0.000001
      => Parameter prop_binmuon_channel_bin44_W_boson[0.00,-7.00,7.00] to be Gaussian constrained
  ----------------------------------------------------------
    Top                  0.000000        0.000000                                      
      => Error is zero, ignore      
  ----------------------------------------------------------
    Z_boson              0.000000        0.000000                                      
                         22.000000       4.690416        Unweighted events, alpha=0.000000
      => Parameter prop_binmuon_channel_bin44_Z_boson[0.00,-7.00,7.00] to be Gaussian constrained
  ----------------------------------------------------------
    DiBoson              0.000000        0.000000                                      
      => Error is zero, ignore      
  ----------------------------------------------------------
    QCD                  0.002240        0.002240                                      
                         1.000000        1.000000        Unweighted events, alpha=0.002240
      => Product of prop_binmuon_channel_bin44_QCD[1.00,0.00,30.85] and const [1.0000] to be Poisson constrained
  ----------------------------------------------------------
------------------------------------------------------------
Channel muon_channel will use autoMCStats with settings: event-threshold=10, include-signal=0, hist-mode=1
Generate toy 1/100

 -- MarkovChainMC -- 
Limit: r < 13.957 +/- 0.183924 @ 95% credibility (15 tries)
Done in 0.22 min (cpu), 0.22 min (real)
Generate toy 2/100

 -- MarkovChainMC -- 
Limit: r < 16.2392 +/- 0.303528 @ 95% credibility (15 tries)
Done in 0.22 min (cpu), 0.22 min (real)
Generate toy 3/100

 -- MarkovChainMC -- 
Limit: r < 10.5289 +/- 0.224741 @ 95% credibility (15 tries)
Done in 0.25 min (cpu), 0.25 min (real)
Generate toy 4/100

 -- MarkovChainMC -- 
Limit: r < 13.9111 +/- 0.284421 @ 95% credibility (15 tries)
Done in 0.22 min (cpu), 0.22 min (real)
Generate toy 5/100

 -- MarkovChainMC -- 
Limit: r < 11.1257 +/- 0.21739 @ 95% credibility (15 tries)
Done in 0.22 min (cpu), 0.22 min (real)
Generate toy 6/100

 -- MarkovChainMC -- 
Limit: r < 15.8972 +/- 0.395937 @ 95% credibility (15 tries)
Done in 0.22 min (cpu), 0.22 min (real)
Generate toy 7/100

 -- MarkovChainMC -- 
Limit: r < 21.5238 +/- 0.219552 @ 95% credibility (15 tries)
Done in 0.23 min (cpu), 0.23 min (real)
Generate toy 8/100

 -- MarkovChainMC -- 
Limit: r < 21.4099 +/- 0.492622 @ 95% credibility (15 tries)
Done in 0.25 min (cpu), 0.25 min (real)
Generate toy 9/100

 -- MarkovChainMC -- 
Limit: r < 8.50109 +/- 0.137729 @ 95% credibility (15 tries)
Done in 0.22 min (cpu), 0.22 min (real)
Generate toy 10/100

 -- MarkovChainMC -- 
Limit: r < 23.2415 +/- 0.286736 @ 95% credibility (15 tries)
Done in 0.25 min (cpu), 0.25 min (real)
Generate toy 11/100

 -- MarkovChainMC -- 
Limit: r < 11.5885 +/- 0.154506 @ 95% credibility (15 tries)
Done in 0.23 min (cpu), 0.23 min (real)
Generate toy 12/100

 -- MarkovChainMC -- 
Limit: r < 10.9444 +/- 0.150383 @ 95% credibility (15 tries)
Done in 0.21 min (cpu), 0.21 min (real)
Generate toy 13/100

 -- MarkovChainMC -- 
Limit: r < 16.9132 +/- 0.310696 @ 95% credibility (15 tries)
Done in 0.23 min (cpu), 0.23 min (real)
Generate toy 14/100

 -- MarkovChainMC -- 
Limit: r < 14.9612 +/- 0.276829 @ 95% credibility (15 tries)
Done in 0.23 min (cpu), 0.23 min (real)
Generate toy 15/100

 -- MarkovChainMC -- 
Limit: r < 17.6889 +/- 0.146955 @ 95% credibility (15 tries)
Done in 0.24 min (cpu), 0.24 min (real)
Generate toy 16/100

 -- MarkovChainMC -- 
Limit: r < 21.5832 +/- 0.181539 @ 95% credibility (15 tries)
Done in 0.24 min (cpu), 0.24 min (real)
Generate toy 17/100

 -- MarkovChainMC -- 
Limit: r < 7.13214 +/- 0.121505 @ 95% credibility (15 tries)
Done in 0.21 min (cpu), 0.21 min (real)
Generate toy 18/100

 -- MarkovChainMC -- 
Limit: r < 8.34552 +/- 0.150667 @ 95% credibility (15 tries)
Done in 0.23 min (cpu), 0.23 min (real)
Generate toy 19/100

 -- MarkovChainMC -- 
Limit: r < 24.5244 +/- 0.153882 @ 95% credibility (15 tries)
Done in 0.24 min (cpu), 0.24 min (real)
Generate toy 20/100

 -- MarkovChainMC -- 
Limit: r < 18.0129 +/- 0.148896 @ 95% credibility (15 tries)
Done in 0.23 min (cpu), 0.23 min (real)
Generate toy 21/100

 -- MarkovChainMC -- 
Limit: r < 10.0442 +/- 0.228467 @ 95% credibility (15 tries)
Done in 0.24 min (cpu), 0.24 min (real)
Generate toy 22/100

 -- MarkovChainMC -- 
Limit: r < 28.4374 +/- 0.239218 @ 95% credibility (15 tries)
Done in 0.26 min (cpu), 0.26 min (real)
Generate toy 23/100

 -- MarkovChainMC -- 
Limit: r < 12.5788 +/- 0.255864 @ 95% credibility (15 tries)
Done in 0.23 min (cpu), 0.24 min (real)
Generate toy 24/100

 -- MarkovChainMC -- 
Limit: r < 11.4411 +/- 0.165774 @ 95% credibility (15 tries)
Done in 0.26 min (cpu), 0.26 min (real)
Generate toy 25/100

 -- MarkovChainMC -- 
Limit: r < 14.0182 +/- 0.290376 @ 95% credibility (15 tries)
Done in 0.23 min (cpu), 0.23 min (real)
Generate toy 26/100

 -- MarkovChainMC -- 
Limit: r < 13.5969 +/- 0.237387 @ 95% credibility (15 tries)
Done in 0.21 min (cpu), 0.21 min (real)
Generate toy 27/100

 -- MarkovChainMC -- 
Limit: r < 11.0804 +/- 0.257247 @ 95% credibility (15 tries)
Done in 0.21 min (cpu), 0.22 min (real)
Generate toy 28/100

 -- MarkovChainMC -- 
Limit: r < 7.39019 +/- 0.134419 @ 95% credibility (15 tries)
Done in 0.22 min (cpu), 0.22 min (real)
Generate toy 29/100

 -- MarkovChainMC -- 
Limit: r < 17.1212 +/- 0.316245 @ 95% credibility (15 tries)
Done in 0.24 min (cpu), 0.24 min (real)
Generate toy 30/100

 -- MarkovChainMC -- 
Limit: r < 18.5668 +/- 0.15326 @ 95% credibility (15 tries)
Done in 0.23 min (cpu), 0.23 min (real)
Generate toy 31/100

 -- MarkovChainMC -- 
Limit: r < 15.2993 +/- 0.289272 @ 95% credibility (15 tries)
Done in 0.22 min (cpu), 0.23 min (real)
Generate toy 32/100

 -- MarkovChainMC -- 
Limit: r < 19.1397 +/- 0.220783 @ 95% credibility (15 tries)
Done in 0.25 min (cpu), 0.25 min (real)
Generate toy 33/100

 -- MarkovChainMC -- 
Limit: r < 17.6911 +/- 0.344311 @ 95% credibility (15 tries)
Done in 0.24 min (cpu), 0.24 min (real)
Generate toy 34/100

 -- MarkovChainMC -- 
Limit: r < 12.9795 +/- 0.446477 @ 95% credibility (15 tries)
Done in 0.22 min (cpu), 0.22 min (real)
Generate toy 35/100

 -- MarkovChainMC -- 
Limit: r < 8.24985 +/- 0.169553 @ 95% credibility (15 tries)
Done in 0.22 min (cpu), 0.22 min (real)
Generate toy 36/100

 -- MarkovChainMC -- 
Limit: r < 13.2036 +/- 0.397985 @ 95% credibility (15 tries)
Done in 0.22 min (cpu), 0.22 min (real)
Generate toy 37/100

 -- MarkovChainMC -- 
Limit: r < 7.84363 +/- 0.24223 @ 95% credibility (15 tries)
Done in 0.22 min (cpu), 0.22 min (real)
Generate toy 38/100

 -- MarkovChainMC -- 
Limit: r < 11.9911 +/- 0.214618 @ 95% credibility (15 tries)
Done in 0.22 min (cpu), 0.22 min (real)
Generate toy 39/100

 -- MarkovChainMC -- 
Limit: r < 9.84375 +/- 0.225464 @ 95% credibility (15 tries)
Done in 0.22 min (cpu), 0.23 min (real)
Generate toy 40/100

 -- MarkovChainMC -- 
Limit: r < 15.9669 +/- 0.242235 @ 95% credibility (15 tries)
Done in 0.23 min (cpu), 0.23 min (real)
Generate toy 41/100

 -- MarkovChainMC -- 
Limit: r < 17.1332 +/- 0.308118 @ 95% credibility (15 tries)
Done in 0.24 min (cpu), 0.24 min (real)
Generate toy 42/100

 -- MarkovChainMC -- 
Limit: r < 13.7348 +/- 0.260306 @ 95% credibility (15 tries)
Done in 0.24 min (cpu), 0.24 min (real)
Generate toy 43/100

 -- MarkovChainMC -- 
Limit: r < 18.7181 +/- 0.277708 @ 95% credibility (15 tries)
Done in 0.23 min (cpu), 0.23 min (real)
Generate toy 44/100

 -- MarkovChainMC -- 
Limit: r < 10.8913 +/- 0.323268 @ 95% credibility (15 tries)
Done in 0.22 min (cpu), 0.22 min (real)
Generate toy 45/100

 -- MarkovChainMC -- 
Limit: r < 10.9329 +/- 0.30574 @ 95% credibility (15 tries)
Done in 0.23 min (cpu), 0.23 min (real)
Generate toy 46/100

 -- MarkovChainMC -- 
Limit: r < 12.2352 +/- 0.253907 @ 95% credibility (15 tries)
Done in 0.22 min (cpu), 0.22 min (real)
Generate toy 47/100

 -- MarkovChainMC -- 
Limit: r < 7.5408 +/- 0.139473 @ 95% credibility (15 tries)
Done in 0.21 min (cpu), 0.21 min (real)
Generate toy 48/100

 -- MarkovChainMC -- 
Limit: r < 13.3351 +/- 0.294583 @ 95% credibility (15 tries)
Done in 0.21 min (cpu), 0.22 min (real)
Generate toy 49/100

 -- MarkovChainMC -- 
Limit: r < 17.0797 +/- 0.198343 @ 95% credibility (15 tries)
Done in 0.23 min (cpu), 0.23 min (real)
Generate toy 50/100

 -- MarkovChainMC -- 
Limit: r < 20.2083 +/- 0.41378 @ 95% credibility (15 tries)
Done in 0.24 min (cpu), 0.24 min (real)
Generate toy 51/100

 -- MarkovChainMC -- 
Limit: r < 14.4656 +/- 0.328073 @ 95% credibility (15 tries)
Done in 0.24 min (cpu), 0.24 min (real)
Generate toy 52/100

 -- MarkovChainMC -- 
Limit: r < 25.2535 +/- 0.298455 @ 95% credibility (15 tries)
Done in 0.24 min (cpu), 0.24 min (real)
Generate toy 53/100

 -- MarkovChainMC -- 
Limit: r < 11.9864 +/- 0.218591 @ 95% credibility (15 tries)
Done in 0.21 min (cpu), 0.21 min (real)
Generate toy 54/100

 -- MarkovChainMC -- 
Limit: r < 14.3346 +/- 0.235422 @ 95% credibility (15 tries)
Done in 0.22 min (cpu), 0.22 min (real)
Generate toy 55/100

 -- MarkovChainMC -- 
Limit: r < 12.9614 +/- 0.16519 @ 95% credibility (15 tries)
Done in 0.22 min (cpu), 0.22 min (real)
Generate toy 56/100

 -- MarkovChainMC -- 
Limit: r < 11.8972 +/- 0.155061 @ 95% credibility (15 tries)
Done in 0.21 min (cpu), 0.21 min (real)
Generate toy 57/100

 -- MarkovChainMC -- 
Limit: r < 15.4585 +/- 0.358441 @ 95% credibility (15 tries)
Done in 0.22 min (cpu), 0.22 min (real)
Generate toy 58/100

 -- MarkovChainMC -- 
Limit: r < 26.3539 +/- 0.370891 @ 95% credibility (15 tries)
Done in 0.24 min (cpu), 0.24 min (real)
Generate toy 59/100

 -- MarkovChainMC -- 
Limit: r < 12.7846 +/- 0.235785 @ 95% credibility (15 tries)
Done in 0.24 min (cpu), 0.24 min (real)
Generate toy 60/100

 -- MarkovChainMC -- 
Limit: r < 18.1372 +/- 0.171183 @ 95% credibility (15 tries)
Done in 0.22 min (cpu), 0.23 min (real)
Generate toy 61/100

 -- MarkovChainMC -- 
Limit: r < 22.9359 +/- 0.299186 @ 95% credibility (15 tries)
Done in 0.23 min (cpu), 0.23 min (real)
Generate toy 62/100

 -- MarkovChainMC -- 
Limit: r < 10.3737 +/- 0.216787 @ 95% credibility (15 tries)
Done in 0.22 min (cpu), 0.22 min (real)
Generate toy 63/100

 -- MarkovChainMC -- 
Limit: r < 21.5031 +/- 0.40877 @ 95% credibility (15 tries)
Done in 0.24 min (cpu), 0.24 min (real)
Generate toy 64/100

 -- MarkovChainMC -- 
Limit: r < 11.534 +/- 0.236621 @ 95% credibility (15 tries)
Done in 0.25 min (cpu), 0.25 min (real)
Generate toy 65/100

 -- MarkovChainMC -- 
Limit: r < 22.473 +/- 0.286657 @ 95% credibility (15 tries)
Done in 0.25 min (cpu), 0.25 min (real)
Generate toy 66/100

 -- MarkovChainMC -- 
Limit: r < 9.12835 +/- 0.207791 @ 95% credibility (15 tries)
Done in 0.23 min (cpu), 0.23 min (real)
Generate toy 67/100

 -- MarkovChainMC -- 
Limit: r < 9.58848 +/- 0.215216 @ 95% credibility (15 tries)
Done in 0.21 min (cpu), 0.21 min (real)
Generate toy 68/100

 -- MarkovChainMC -- 
Limit: r < 15.9502 +/- 0.219749 @ 95% credibility (15 tries)
Done in 0.23 min (cpu), 0.23 min (real)
Generate toy 69/100

 -- MarkovChainMC -- 
Limit: r < 23.9264 +/- 0.279627 @ 95% credibility (15 tries)
Done in 0.23 min (cpu), 0.23 min (real)
Generate toy 70/100

 -- MarkovChainMC -- 
Limit: r < 28.8412 +/- 0.348896 @ 95% credibility (15 tries)
Done in 0.24 min (cpu), 0.24 min (real)
Generate toy 71/100

 -- MarkovChainMC -- 
Limit: r < 6.73575 +/- 0.121211 @ 95% credibility (15 tries)
Done in 0.21 min (cpu), 0.21 min (real)
Generate toy 72/100

 -- MarkovChainMC -- 
Limit: r < 9.86976 +/- 0.247399 @ 95% credibility (15 tries)
Done in 0.22 min (cpu), 0.22 min (real)
Generate toy 73/100

 -- MarkovChainMC -- 
Limit: r < 10.4957 +/- 0.26985 @ 95% credibility (15 tries)
Done in 0.22 min (cpu), 0.22 min (real)
Generate toy 74/100

 -- MarkovChainMC -- 
Limit: r < 23.4714 +/- 0.424015 @ 95% credibility (15 tries)
Done in 0.25 min (cpu), 0.25 min (real)
Generate toy 75/100

 -- MarkovChainMC -- 
Limit: r < 11.497 +/- 0.0792794 @ 95% credibility (15 tries)
Done in 0.22 min (cpu), 0.22 min (real)
Generate toy 76/100

 -- MarkovChainMC -- 
Limit: r < 14.097 +/- 0.249542 @ 95% credibility (15 tries)
Done in 0.25 min (cpu), 0.25 min (real)
Generate toy 77/100

 -- MarkovChainMC -- 
Limit: r < 9.61163 +/- 0.245987 @ 95% credibility (15 tries)
Done in 0.22 min (cpu), 0.22 min (real)
Generate toy 78/100

 -- MarkovChainMC -- 
Limit: r < 25.7475 +/- 0.384581 @ 95% credibility (15 tries)
Done in 0.24 min (cpu), 0.24 min (real)
Generate toy 79/100

 -- MarkovChainMC -- 
Limit: r < 13.9515 +/- 0.340181 @ 95% credibility (15 tries)
Done in 0.25 min (cpu), 0.25 min (real)
Generate toy 80/100

 -- MarkovChainMC -- 
Limit: r < 17.4363 +/- 0.308662 @ 95% credibility (15 tries)
Done in 0.26 min (cpu), 0.26 min (real)
Generate toy 81/100

 -- MarkovChainMC -- 
Limit: r < 7.63911 +/- 0.137357 @ 95% credibility (15 tries)
Done in 0.21 min (cpu), 0.21 min (real)
Generate toy 82/100

 -- MarkovChainMC -- 
Limit: r < 12.0229 +/- 0.268396 @ 95% credibility (15 tries)
Done in 0.23 min (cpu), 0.23 min (real)
Generate toy 83/100

 -- MarkovChainMC -- 
Limit: r < 13.6424 +/- 0.283296 @ 95% credibility (15 tries)
Done in 0.23 min (cpu), 0.23 min (real)
Generate toy 84/100

 -- MarkovChainMC -- 
Limit: r < 10.1522 +/- 0.219768 @ 95% credibility (15 tries)
Done in 0.22 min (cpu), 0.22 min (real)
Generate toy 85/100

 -- MarkovChainMC -- 
Limit: r < 7.20246 +/- 0.1452 @ 95% credibility (15 tries)
Done in 0.21 min (cpu), 0.21 min (real)
Generate toy 86/100

 -- MarkovChainMC -- 
Limit: r < 18.215 +/- 0.295351 @ 95% credibility (15 tries)
Done in 0.23 min (cpu), 0.23 min (real)
Generate toy 87/100

 -- MarkovChainMC -- 
Limit: r < 10.5688 +/- 0.300327 @ 95% credibility (15 tries)
Done in 0.23 min (cpu), 0.23 min (real)
Generate toy 88/100

 -- MarkovChainMC -- 
Limit: r < 20.2941 +/- 0.281116 @ 95% credibility (15 tries)
Done in 0.22 min (cpu), 0.22 min (real)
Generate toy 89/100

 -- MarkovChainMC -- 
Limit: r < 6.98826 +/- 0.121799 @ 95% credibility (15 tries)
Done in 0.21 min (cpu), 0.21 min (real)
Generate toy 90/100

 -- MarkovChainMC -- 
Limit: r < 19.7476 +/- 0.155672 @ 95% credibility (15 tries)
Done in 0.24 min (cpu), 0.25 min (real)
Generate toy 91/100

 -- MarkovChainMC -- 
Limit: r < 16.1956 +/- 0.128148 @ 95% credibility (15 tries)
Done in 0.26 min (cpu), 0.26 min (real)
Generate toy 92/100

 -- MarkovChainMC -- 
Limit: r < 16.0556 +/- 0.32468 @ 95% credibility (15 tries)
Done in 0.25 min (cpu), 0.25 min (real)
Generate toy 93/100

 -- MarkovChainMC -- 
Limit: r < 8.79414 +/- 0.101652 @ 95% credibility (15 tries)
Done in 0.23 min (cpu), 0.24 min (real)
Generate toy 94/100

 -- MarkovChainMC -- 
Limit: r < 12.3294 +/- 0.178394 @ 95% credibility (15 tries)
Done in 0.26 min (cpu), 0.26 min (real)
Generate toy 95/100

 -- MarkovChainMC -- 
Limit: r < 12.7612 +/- 0.290919 @ 95% credibility (15 tries)
Done in 0.25 min (cpu), 0.25 min (real)
Generate toy 96/100

 -- MarkovChainMC -- 
Limit: r < 9.80241 +/- 0.131633 @ 95% credibility (15 tries)
Done in 0.27 min (cpu), 0.27 min (real)
Generate toy 97/100

 -- MarkovChainMC -- 
Limit: r < 18.5836 +/- 0.254758 @ 95% credibility (15 tries)
Done in 0.26 min (cpu), 0.26 min (real)
Generate toy 98/100

 -- MarkovChainMC -- 
Limit: r < 18.2157 +/- 0.238399 @ 95% credibility (15 tries)
Done in 0.27 min (cpu), 0.27 min (real)
Generate toy 99/100

 -- MarkovChainMC -- 
Limit: r < 10.8512 +/- 0.186342 @ 95% credibility (15 tries)
Done in 0.27 min (cpu), 0.27 min (real)
Generate toy 100/100

 -- MarkovChainMC -- 
Limit: r < 15.9373 +/- 0.314376 @ 95% credibility (15 tries)
Done in 0.26 min (cpu), 0.26 min (real)
mean   expected limit: r < 14.7512 +/- 0.524012 @ 95%CL (100 toyMC)
median expected limit: r < 13.823 @ 95%CL (100 toyMC)
   68% expected band : 9.84375 < r < 20.2941
   95% expected band : 7.13214 < r < 28.4374
