000 (9251019.000.000) 02/11 16:45:53 Job submitted from host: <188.185.121.235:9618?addrs=188.185.121.235-9618+[2001-1458-d00-49--100-36e]-9618&alias=bigbird22.cern.ch&noUDP&sock=schedd_5086_26c4>
...
040 (9251019.000.000) 02/11 17:04:33 Started transferring input files
	Transferring to host: <188.185.194.158:9618?addrs=188.185.194.158-9618+[2001-1458-303-21--100-9a]-9618&alias=b9p20p4677.cern.ch&noUDP&sock=slot1_21_2655257_8320_3781>
...
040 (9251019.000.000) 02/11 17:04:33 Finished transferring input files
...
001 (9251019.000.000) 02/11 17:04:34 Job executing on host: <188.185.194.158:9618?addrs=188.185.194.158-9618+[2001-1458-303-21--100-9a]-9618&alias=b9p20p4677.cern.ch&noUDP&sock=startd_5990_3862>
	SlotName: slot1_21@b9p20p4677.cern.ch
	CondorScratchDir = "/pool/condor/dir_2917476"
	Cpus = 1
	Disk = 3771
	GPUs = 0
	Memory = 3000
...
006 (9251019.000.000) 02/11 17:04:43 Image size of job updated: 343980
	336  -  MemoryUsage of job (MB)
	343980  -  ResidentSetSize of job (KB)
...
006 (9251019.000.000) 02/11 17:09:44 Image size of job updated: 581956
	569  -  MemoryUsage of job (MB)
	581956  -  ResidentSetSize of job (KB)
...
006 (9251019.000.000) 02/11 17:14:45 Image size of job updated: 583688
	571  -  MemoryUsage of job (MB)
	583688  -  ResidentSetSize of job (KB)
...
006 (9251019.000.000) 02/11 17:19:45 Image size of job updated: 585492
	572  -  MemoryUsage of job (MB)
	585492  -  ResidentSetSize of job (KB)
...
006 (9251019.000.000) 02/11 17:24:46 Image size of job updated: 587772
	574  -  MemoryUsage of job (MB)
	587772  -  ResidentSetSize of job (KB)
...
006 (9251019.000.000) 02/11 17:29:47 Image size of job updated: 589484
	576  -  MemoryUsage of job (MB)
	589484  -  ResidentSetSize of job (KB)
...
006 (9251019.000.000) 02/11 17:34:47 Image size of job updated: 590752
	577  -  MemoryUsage of job (MB)
	590752  -  ResidentSetSize of job (KB)
...
040 (9251019.000.000) 02/11 17:36:52 Started transferring output files
...
040 (9251019.000.000) 02/11 17:36:52 Finished transferring output files
...
005 (9251019.000.000) 02/11 17:36:52 Job terminated.
	(1) Normal termination (return value 0)
		Usr 0 00:31:24, Sys 0 00:00:04  -  Run Remote Usage
		Usr 0 00:00:00, Sys 0 00:00:00  -  Run Local Usage
		Usr 0 00:31:24, Sys 0 00:00:04  -  Total Remote Usage
		Usr 0 00:00:00, Sys 0 00:00:00  -  Total Local Usage
	59541  -  Run Bytes Sent By Job
	493  -  Run Bytes Received By Job
	59541  -  Total Bytes Sent By Job
	493  -  Total Bytes Received By Job
	Partitionable Resources :    Usage  Request Allocated 
	   Cpus                 :     0.99        1         1 
	   Disk (KB)            :    81           1      3771 
	   GPUs                 :                           0 
	   Memory (MB)          :   577        3000      3000 

	Job terminated of its own accord at 2025-02-11T16:36:52Z with exit-code 0.
...
