 <<< Combine >>> 
 <<< v10.0.2 >>>
>>> Used OpenSSL to get a truly random seed -13759369
>>> Method used is MarkovChainMC
============================================================
Analyzing bin errors for: prop_binmuon22
Poisson cut-off: 10
Processes excluded for sums: Wprime5000_kR5
============================================================
Bin        Contents        Error           Notes                         
0          5490.766306     14.389624       total sum                     
0          5489.009974     14.389572       excluding marked processes    
0          145510.000000   381.457730      Unweighted events, alpha=0.037735
  => Total parameter prop_binmuon22_bin0[0.00,-7.00,7.00] to be Gaussian constrained
------------------------------------------------------------
1          2093.021050     7.507907        total sum                     
1          2091.469679     7.507819        excluding marked processes    
1          77602.000000    278.571355      Unweighted events, alpha=0.026971
  => Total parameter prop_binmuon22_bin1[0.00,-7.00,7.00] to be Gaussian constrained
------------------------------------------------------------
2          926.745109      5.743360        total sum                     
2          925.287269      5.743251        excluding marked processes    
2          25956.000000    161.108659      Unweighted events, alpha=0.035704
  => Total parameter prop_binmuon22_bin2[0.00,-7.00,7.00] to be Gaussian constrained
------------------------------------------------------------
3          463.926027      3.622225        total sum                     
3          462.717279      3.622082        excluding marked processes    
3          16320.000000    127.749755      Unweighted events, alpha=0.028427
  => Total parameter prop_binmuon22_bin3[0.00,-7.00,7.00] to be Gaussian constrained
------------------------------------------------------------
4          241.312128      1.534112        total sum                     
4          240.228093      1.533810        excluding marked processes    
4          24530.000000    156.620561      Unweighted events, alpha=0.009837
  => Total parameter prop_binmuon22_bin4[0.00,-7.00,7.00] to be Gaussian constrained
------------------------------------------------------------
5          140.076774      1.743142        total sum                     
5          139.121722      1.742909        excluding marked processes    
5          6371.000000     79.818544       Unweighted events, alpha=0.021987
  => Total parameter prop_binmuon22_bin5[0.00,-7.00,7.00] to be Gaussian constrained
------------------------------------------------------------
6          134.481680      1.065316        total sum                     
6          132.798509      1.064641        excluding marked processes    
6          15559.000000    124.735721      Unweighted events, alpha=0.008643
  => Total parameter prop_binmuon22_bin6[0.00,-7.00,7.00] to be Gaussian constrained
------------------------------------------------------------
7          53.201562       0.722452        total sum                     
7          51.876344       0.721630        excluding marked processes    
7          5168.000000     71.888803       Unweighted events, alpha=0.010294
  => Total parameter prop_binmuon22_bin7[0.00,-7.00,7.00] to be Gaussian constrained
------------------------------------------------------------
8          30.755402       0.470151        total sum                     
8          29.337675       0.468872        excluding marked processes    
8          3915.000000     62.569961       Unweighted events, alpha=0.007856
  => Total parameter prop_binmuon22_bin8[0.00,-7.00,7.00] to be Gaussian constrained
------------------------------------------------------------
9          10.939401       0.335809        total sum                     
9          9.941359        0.334523        excluding marked processes    
9          883.000000      29.715316       Unweighted events, alpha=0.012389
  => Total parameter prop_binmuon22_bin9[0.00,-7.00,7.00] to be Gaussian constrained
------------------------------------------------------------
10         5.090217        0.109178        total sum                     
10         4.165375        0.105525        excluding marked processes    
10         1558.000000     39.471509       Unweighted events, alpha=0.003267
  => Total parameter prop_binmuon22_bin10[0.00,-7.00,7.00] to be Gaussian constrained
------------------------------------------------------------
11         2.492467        0.219585        total sum                     
11         1.762132        0.218174        excluding marked processes    
11         65.000000       8.062258        Unweighted events, alpha=0.038346
  => Total parameter prop_binmuon22_bin11[0.00,-7.00,7.00] to be Gaussian constrained
------------------------------------------------------------
12         0.620312        0.017226        total sum                     
12         0.276349        0.001778        excluding marked processes    
12         24153.000000    155.412355      Unweighted events, alpha=0.000026
  => Total parameter prop_binmuon22_bin12[0.00,-7.00,7.00] to be Gaussian constrained
------------------------------------------------------------
13         0.385148        0.016060        total sum                     
13         0.085750        0.001214        excluding marked processes    
13         4991.000000     70.647010       Unweighted events, alpha=0.000077
  => Total parameter prop_binmuon22_bin13[0.00,-7.00,7.00] to be Gaussian constrained
------------------------------------------------------------
14         0.052241        0.006223        total sum                     
14         0.007105        0.001511        excluding marked processes    
14         22.000000       4.690416        Unweighted events, alpha=0.002375
  => Total parameter prop_binmuon22_bin14[0.00,-7.00,7.00] to be Gaussian constrained
------------------------------------------------------------
15         0.012148        0.003106        total sum                     
15         0.001078        0.000054        excluding marked processes    
15         404.000000      20.099751       Unweighted events, alpha=0.000030
  => Total parameter prop_binmuon22_bin15[0.00,-7.00,7.00] to be Gaussian constrained
------------------------------------------------------------
============================================================
Analyzing bin errors for: prop_binmuon23
Poisson cut-off: 10
Processes excluded for sums: Wprime5000_kR5
============================================================
Bin        Contents        Error           Notes                         
0          4247.045131     16.603232       total sum                     
0          4245.728997     16.603213       excluding marked processes    
0          65391.000000    255.716640      Unweighted events, alpha=0.064948
  => Total parameter prop_binmuon23_bin0[0.00,-7.00,7.00] to be Gaussian constrained
------------------------------------------------------------
1          1622.376781     7.828093        total sum                     
1          1621.101079     7.828053        excluding marked processes    
1          42886.000000    207.089353      Unweighted events, alpha=0.037830
  => Total parameter prop_binmuon23_bin1[0.00,-7.00,7.00] to be Gaussian constrained
------------------------------------------------------------
2          722.489356      4.795569        total sum                     
2          721.396648      4.795515        excluding marked processes    
2          22630.000000    150.432709      Unweighted events, alpha=0.031926
  => Total parameter prop_binmuon23_bin2[0.00,-7.00,7.00] to be Gaussian constrained
------------------------------------------------------------
3          360.241615      3.009433        total sum                     
3          359.285774      3.009355        excluding marked processes    
3          14254.000000    119.390117      Unweighted events, alpha=0.025273
  => Total parameter prop_binmuon23_bin3[0.00,-7.00,7.00] to be Gaussian constrained
------------------------------------------------------------
4          192.102359      3.360942        total sum                     
4          191.190097      3.360877        excluding marked processes    
4          3236.000000     56.885851       Unweighted events, alpha=0.059364
  => Total parameter prop_binmuon23_bin4[0.00,-7.00,7.00] to be Gaussian constrained
------------------------------------------------------------
5          113.022535      1.192279        total sum                     
5          112.217111      1.192110        excluding marked processes    
5          8861.000000     94.132885       Unweighted events, alpha=0.012755
  => Total parameter prop_binmuon23_bin5[0.00,-7.00,7.00] to be Gaussian constrained
------------------------------------------------------------
6          108.471566      1.524294        total sum                     
6          107.129583      1.524073        excluding marked processes    
6          4941.000000     70.292247       Unweighted events, alpha=0.021953
  => Total parameter prop_binmuon23_bin6[0.00,-7.00,7.00] to be Gaussian constrained
------------------------------------------------------------
7          42.103271       0.658297        total sum                     
7          41.104515       0.657922        excluding marked processes    
7          3903.000000     62.473995       Unweighted events, alpha=0.010787
  => Total parameter prop_binmuon23_bin7[0.00,-7.00,7.00] to be Gaussian constrained
------------------------------------------------------------
8          24.575716       0.587535        total sum                     
8          23.449391       0.587056        excluding marked processes    
8          1596.000000     39.949969       Unweighted events, alpha=0.015398
  => Total parameter prop_binmuon23_bin8[0.00,-7.00,7.00] to be Gaussian constrained
------------------------------------------------------------
9          9.177690        0.395085        total sum                     
9          8.355840        0.394559        excluding marked processes    
9          448.000000      21.166010       Unweighted events, alpha=0.020486
  => Total parameter prop_binmuon23_bin9[0.00,-7.00,7.00] to be Gaussian constrained
------------------------------------------------------------
10         4.228937        0.252600        total sum                     
10         3.506378        0.251887        excluding marked processes    
10         194.000000      13.928388       Unweighted events, alpha=0.021799
  => Total parameter prop_binmuon23_bin10[0.00,-7.00,7.00] to be Gaussian constrained
------------------------------------------------------------
11         1.986822        0.181038        total sum                     
11         1.363219        0.180174        excluding marked processes    
11         57.000000       7.549834        Unweighted events, alpha=0.034857
  => Total parameter prop_binmuon23_bin11[0.00,-7.00,7.00] to be Gaussian constrained
------------------------------------------------------------
12         0.801427        0.289301        total sum                     
12         0.530791        0.289065        excluding marked processes    
12         3.000000        1.732051        Unweighted events, alpha=0.267142
  => Number of weighted events is below Poisson threshold
    Wprime5000_kR5       0.270636        0.011678                                      
                         537.000000      23.173260       Unweighted events, alpha=0.000504
      => Parameter prop_binmuon23_bin12_Wprime5000_kR5[0.00,-7.00,7.00] to be Gaussian constrained
  ----------------------------------------------------------
    W_boson              0.216692        0.001181                                      
                         33653.000000    183.447540      Unweighted events, alpha=0.000006
      => Parameter prop_binmuon23_bin12_W_boson[0.00,-7.00,7.00] to be Gaussian constrained
  ----------------------------------------------------------
    Top                  0.000000        0.000000                                      
      => Error is zero, ignore      
  ----------------------------------------------------------
    Z_boson              0.004094        0.000500                                      
                         67.000000       8.185353        Unweighted events, alpha=0.000061
      => Parameter prop_binmuon23_bin12_Z_boson[0.00,-7.00,7.00] to be Gaussian constrained
  ----------------------------------------------------------
    DiBoson              0.288910        0.288561                                      
                         1.000000        1.000000        Unweighted events, alpha=0.288910
      => Product of prop_binmuon23_bin12_DiBoson[1.00,0.00,30.85] and const [1.0000] to be Poisson constrained
  ----------------------------------------------------------
    QCD                  0.021095        0.017013                                      
                         2.000000        1.414214        Unweighted events, alpha=0.010547
      => Product of prop_binmuon23_bin12_QCD[2.00,0.00,33.79] and const [0.5000] to be Poisson constrained
  ----------------------------------------------------------
------------------------------------------------------------
13         0.327412        0.011535        total sum                     
13         0.067145        0.000584        excluding marked processes    
13         13239.000000    115.060853      Unweighted events, alpha=0.000025
  => Total parameter prop_binmuon23_bin13[0.00,-7.00,7.00] to be Gaussian constrained
------------------------------------------------------------
14         0.045473        0.004388        total sum                     
14         0.003967        0.000043        excluding marked processes    
14         8482.000000     92.097774       Unweighted events, alpha=0.000005
  => Total parameter prop_binmuon23_bin14[0.00,-7.00,7.00] to be Gaussian constrained
------------------------------------------------------------
15         0.013719        0.004338        total sum                     
15         0.005625        0.003835        excluding marked processes    
15         2.000000        1.414214        Unweighted events, alpha=0.006860
  => Number of weighted events is below Poisson threshold
    Wprime5000_kR5       0.008094        0.002029                                      
                         16.000000       4.000000        Unweighted events, alpha=0.000506
      => Parameter prop_binmuon23_bin15_Wprime5000_kR5[0.00,-7.00,7.00] to be Gaussian constrained
  ----------------------------------------------------------
    W_boson              0.000849        0.000021                                      
                         1670.000000     40.865633       Unweighted events, alpha=0.000001
      => Parameter prop_binmuon23_bin15_W_boson[0.00,-7.00,7.00] to be Gaussian constrained
  ----------------------------------------------------------
    Top                  0.000000        0.000000                                      
      => Error is zero, ignore      
  ----------------------------------------------------------
    Z_boson              0.000011        0.000003                                      
                         16.000000       4.000000        Unweighted events, alpha=0.000001
      => Parameter prop_binmuon23_bin15_Z_boson[0.00,-7.00,7.00] to be Gaussian constrained
  ----------------------------------------------------------
    DiBoson              0.000000        0.000000                                      
      => Error is zero, ignore      
  ----------------------------------------------------------
    QCD                  0.004765        0.003834                                      
                         2.000000        1.414214        Unweighted events, alpha=0.002383
      => Product of prop_binmuon23_bin15_QCD[2.00,0.00,33.79] and const [0.5000] to be Poisson constrained
  ----------------------------------------------------------
------------------------------------------------------------
Channel muon22 will use autoMCStats with settings: event-threshold=10, include-signal=0, hist-mode=1
Channel muon23 will use autoMCStats with settings: event-threshold=10, include-signal=0, hist-mode=1
Generate toy 1/250

 -- MarkovChainMC -- 
Limit: r < 1.51313 +/- 0.0297664 @ 95% credibility (15 tries)
Done in 0.21 min (cpu), 0.22 min (real)
Generate toy 2/250

 -- MarkovChainMC -- 
Limit: r < 1.2064 +/- 0.0264932 @ 95% credibility (15 tries)
Done in 0.21 min (cpu), 0.21 min (real)
Generate toy 3/250

 -- MarkovChainMC -- 
Limit: r < 2.16576 +/- 0.0375456 @ 95% credibility (15 tries)
Done in 0.22 min (cpu), 0.22 min (real)
Generate toy 4/250

 -- MarkovChainMC -- 
Limit: r < 2.35846 +/- 0.0412634 @ 95% credibility (15 tries)
Done in 0.23 min (cpu), 0.23 min (real)
Generate toy 5/250

 -- MarkovChainMC -- 
Limit: r < 2.26853 +/- 0.0390096 @ 95% credibility (15 tries)
Done in 0.22 min (cpu), 0.22 min (real)
Generate toy 6/250

 -- MarkovChainMC -- 
Limit: r < 2.6884 +/- 0.0504761 @ 95% credibility (15 tries)
Done in 0.23 min (cpu), 0.23 min (real)
Generate toy 7/250

 -- MarkovChainMC -- 
Limit: r < 1.83261 +/- 0.0213859 @ 95% credibility (15 tries)
Done in 0.24 min (cpu), 0.24 min (real)
Generate toy 8/250

 -- MarkovChainMC -- 
Limit: r < 1.60641 +/- 0.0240522 @ 95% credibility (15 tries)
Done in 0.22 min (cpu), 0.22 min (real)
Generate toy 9/250

 -- MarkovChainMC -- 
Limit: r < 1.69966 +/- 0.0262891 @ 95% credibility (15 tries)
Done in 0.22 min (cpu), 0.22 min (real)
Generate toy 10/250

 -- MarkovChainMC -- 
Limit: r < 1.60245 +/- 0.0257958 @ 95% credibility (15 tries)
Done in 0.22 min (cpu), 0.22 min (real)
Generate toy 11/250

 -- MarkovChainMC -- 
Limit: r < 1.62382 +/- 0.024207 @ 95% credibility (15 tries)
Done in 0.23 min (cpu), 0.23 min (real)
Generate toy 12/250

 -- MarkovChainMC -- 
Limit: r < 1.90877 +/- 0.0389331 @ 95% credibility (15 tries)
Done in 0.23 min (cpu), 0.23 min (real)
Generate toy 13/250

 -- MarkovChainMC -- 
Limit: r < 0.866012 +/- 0.023417 @ 95% credibility (15 tries)
Done in 0.22 min (cpu), 0.22 min (real)
Generate toy 14/250

 -- MarkovChainMC -- 
Limit: r < 1.59805 +/- 0.0348381 @ 95% credibility (15 tries)
Done in 0.22 min (cpu), 0.22 min (real)
Generate toy 15/250

 -- MarkovChainMC -- 
Limit: r < 3.10279 +/- 0.0396507 @ 95% credibility (15 tries)
Done in 0.22 min (cpu), 0.23 min (real)
Generate toy 16/250

 -- MarkovChainMC -- 
Limit: r < 1.65228 +/- 0.046589 @ 95% credibility (15 tries)
Done in 0.22 min (cpu), 0.22 min (real)
Generate toy 17/250

 -- MarkovChainMC -- 
Limit: r < 1.43972 +/- 0.0340899 @ 95% credibility (15 tries)
Done in 0.23 min (cpu), 0.23 min (real)
Generate toy 18/250

 -- MarkovChainMC -- 
Limit: r < 1.77478 +/- 0.0292599 @ 95% credibility (15 tries)
Done in 0.22 min (cpu), 0.22 min (real)
Generate toy 19/250

 -- MarkovChainMC -- 
Limit: r < 2.19198 +/- 0.0220504 @ 95% credibility (15 tries)
Done in 0.23 min (cpu), 0.23 min (real)
Generate toy 20/250

 -- MarkovChainMC -- 
Limit: r < 1.46633 +/- 0.0285623 @ 95% credibility (15 tries)
Done in 0.22 min (cpu), 0.22 min (real)
Generate toy 21/250

 -- MarkovChainMC -- 
Limit: r < 0.953482 +/- 0.0334059 @ 95% credibility (15 tries)
Done in 0.23 min (cpu), 0.23 min (real)
Generate toy 22/250

 -- MarkovChainMC -- 
Limit: r < 1.9667 +/- 0.0329138 @ 95% credibility (15 tries)
Done in 0.22 min (cpu), 0.23 min (real)
Generate toy 23/250

 -- MarkovChainMC -- 
Limit: r < 1.91666 +/- 0.0450793 @ 95% credibility (15 tries)
Done in 0.23 min (cpu), 0.23 min (real)
Generate toy 24/250

 -- MarkovChainMC -- 
Limit: r < 2.20494 +/- 0.0387695 @ 95% credibility (15 tries)
Done in 0.23 min (cpu), 0.23 min (real)
Generate toy 25/250

 -- MarkovChainMC -- 
Limit: r < 2.85467 +/- 0.0550612 @ 95% credibility (15 tries)
Done in 0.23 min (cpu), 0.23 min (real)
Generate toy 26/250

 -- MarkovChainMC -- 
Limit: r < 0.857429 +/- 0.0115176 @ 95% credibility (15 tries)
Done in 0.22 min (cpu), 0.22 min (real)
Generate toy 27/250

 -- MarkovChainMC -- 
Limit: r < 0.870931 +/- 0.0184875 @ 95% credibility (15 tries)
Done in 0.22 min (cpu), 0.22 min (real)
Generate toy 28/250

 -- MarkovChainMC -- 
Limit: r < 1.7799 +/- 0.0363448 @ 95% credibility (15 tries)
Done in 0.23 min (cpu), 0.23 min (real)
Generate toy 29/250

 -- MarkovChainMC -- 
Limit: r < 1.41434 +/- 0.040216 @ 95% credibility (15 tries)
Done in 0.22 min (cpu), 0.22 min (real)
Generate toy 30/250

 -- MarkovChainMC -- 
Limit: r < 2.77768 +/- 0.0378428 @ 95% credibility (15 tries)
Done in 0.24 min (cpu), 0.24 min (real)
Generate toy 31/250

 -- MarkovChainMC -- 
Limit: r < 1.97162 +/- 0.0344494 @ 95% credibility (15 tries)
Done in 0.23 min (cpu), 0.23 min (real)
Generate toy 32/250

 -- MarkovChainMC -- 
Limit: r < 1.57361 +/- 0.0184387 @ 95% credibility (15 tries)
Done in 0.22 min (cpu), 0.22 min (real)
Generate toy 33/250

 -- MarkovChainMC -- 
Limit: r < 2.0138 +/- 0.0296343 @ 95% credibility (15 tries)
Done in 0.22 min (cpu), 0.22 min (real)
Generate toy 34/250

 -- MarkovChainMC -- 
Limit: r < 1.85034 +/- 0.0205924 @ 95% credibility (15 tries)
Done in 0.22 min (cpu), 0.22 min (real)
Generate toy 35/250

 -- MarkovChainMC -- 
Limit: r < 1.59077 +/- 0.0398062 @ 95% credibility (15 tries)
Done in 0.22 min (cpu), 0.22 min (real)
Generate toy 36/250

 -- MarkovChainMC -- 
Limit: r < 0.778767 +/- 0.0202226 @ 95% credibility (15 tries)
Done in 0.22 min (cpu), 0.22 min (real)
Generate toy 37/250

 -- MarkovChainMC -- 
Limit: r < 0.887968 +/- 0.0102712 @ 95% credibility (15 tries)
Done in 0.22 min (cpu), 0.22 min (real)
Generate toy 38/250

 -- MarkovChainMC -- 
Limit: r < 1.31524 +/- 0.0359303 @ 95% credibility (15 tries)
Done in 0.22 min (cpu), 0.22 min (real)
Generate toy 39/250

 -- MarkovChainMC -- 
Limit: r < 1.58585 +/- 0.0109832 @ 95% credibility (15 tries)
Done in 0.22 min (cpu), 0.22 min (real)
Generate toy 40/250

 -- MarkovChainMC -- 
Limit: r < 1.55057 +/- 0.0287254 @ 95% credibility (15 tries)
Done in 0.22 min (cpu), 0.22 min (real)
Generate toy 41/250

 -- MarkovChainMC -- 
Limit: r < 1.28898 +/- 0.0259571 @ 95% credibility (15 tries)
Done in 0.22 min (cpu), 0.22 min (real)
Generate toy 42/250

 -- MarkovChainMC -- 
Limit: r < 2.58454 +/- 0.0698472 @ 95% credibility (15 tries)
Done in 0.22 min (cpu), 0.22 min (real)
Generate toy 43/250

 -- MarkovChainMC -- 
Limit: r < 1.94501 +/- 0.0255865 @ 95% credibility (15 tries)
Done in 0.23 min (cpu), 0.23 min (real)
Generate toy 44/250

 -- MarkovChainMC -- 
Limit: r < 2.99165 +/- 0.0440124 @ 95% credibility (15 tries)
Done in 0.23 min (cpu), 0.23 min (real)
Generate toy 45/250

 -- MarkovChainMC -- 
Limit: r < 1.53717 +/- 0.0297862 @ 95% credibility (15 tries)
Done in 0.23 min (cpu), 0.23 min (real)
Generate toy 46/250

 -- MarkovChainMC -- 
Limit: r < 2.51448 +/- 0.037638 @ 95% credibility (15 tries)
Done in 0.23 min (cpu), 0.23 min (real)
Generate toy 47/250

 -- MarkovChainMC -- 
Limit: r < 2.14168 +/- 0.0470723 @ 95% credibility (15 tries)
Done in 0.23 min (cpu), 0.23 min (real)
Generate toy 48/250

 -- MarkovChainMC -- 
Limit: r < 3.56591 +/- 0.0387064 @ 95% credibility (15 tries)
Done in 0.23 min (cpu), 0.24 min (real)
Generate toy 49/250

 -- MarkovChainMC -- 
Limit: r < 3.1431 +/- 0.0416091 @ 95% credibility (15 tries)
Done in 0.23 min (cpu), 0.23 min (real)
Generate toy 50/250

 -- MarkovChainMC -- 
Limit: r < 0.908043 +/- 0.0149971 @ 95% credibility (15 tries)
Done in 0.22 min (cpu), 0.23 min (real)
Generate toy 51/250

 -- MarkovChainMC -- 
Limit: r < 2.42668 +/- 0.031552 @ 95% credibility (15 tries)
Done in 0.24 min (cpu), 0.24 min (real)
Generate toy 52/250

 -- MarkovChainMC -- 
Limit: r < 1.31643 +/- 0.0254734 @ 95% credibility (15 tries)
Done in 0.22 min (cpu), 0.22 min (real)
Generate toy 53/250

 -- MarkovChainMC -- 
Limit: r < 2.94742 +/- 0.0606134 @ 95% credibility (15 tries)
Done in 0.22 min (cpu), 0.23 min (real)
Generate toy 54/250

 -- MarkovChainMC -- 
Limit: r < 1.26215 +/- 0.0459373 @ 95% credibility (15 tries)
Done in 0.21 min (cpu), 0.21 min (real)
Generate toy 55/250

 -- MarkovChainMC -- 
Limit: r < 2.03203 +/- 0.0342414 @ 95% credibility (15 tries)
Done in 0.22 min (cpu), 0.22 min (real)
Generate toy 56/250

 -- MarkovChainMC -- 
Limit: r < 1.13949 +/- 0.0262536 @ 95% credibility (15 tries)
Done in 0.21 min (cpu), 0.21 min (real)
Generate toy 57/250

 -- MarkovChainMC -- 
Limit: r < 2.22284 +/- 0.0331318 @ 95% credibility (15 tries)
Done in 0.22 min (cpu), 0.22 min (real)
Generate toy 58/250

 -- MarkovChainMC -- 
Limit: r < 3.20542 +/- 0.0348884 @ 95% credibility (15 tries)
Done in 0.22 min (cpu), 0.22 min (real)
Generate toy 59/250

 -- MarkovChainMC -- 
Limit: r < 1.47311 +/- 0.0182342 @ 95% credibility (15 tries)
Done in 0.21 min (cpu), 0.21 min (real)
Generate toy 60/250

 -- MarkovChainMC -- 
Limit: r < 2.42031 +/- 0.0609433 @ 95% credibility (15 tries)
Done in 0.22 min (cpu), 0.22 min (real)
Generate toy 61/250

 -- MarkovChainMC -- 
Limit: r < 1.76384 +/- 0.0570212 @ 95% credibility (15 tries)
Done in 0.21 min (cpu), 0.21 min (real)
Generate toy 62/250

 -- MarkovChainMC -- 
Limit: r < 1.65051 +/- 0.0217004 @ 95% credibility (15 tries)
Done in 0.21 min (cpu), 0.21 min (real)
Generate toy 63/250

 -- MarkovChainMC -- 
Limit: r < 1.75153 +/- 0.0455567 @ 95% credibility (15 tries)
Done in 0.21 min (cpu), 0.21 min (real)
Generate toy 64/250

 -- MarkovChainMC -- 
Limit: r < 2.11254 +/- 0.0449082 @ 95% credibility (15 tries)
Done in 0.21 min (cpu), 0.21 min (real)
Generate toy 65/250

 -- MarkovChainMC -- 
Limit: r < 2.31323 +/- 0.0476169 @ 95% credibility (15 tries)
Done in 0.21 min (cpu), 0.21 min (real)
Generate toy 66/250

 -- MarkovChainMC -- 
Limit: r < 1.1071 +/- 0.0305817 @ 95% credibility (15 tries)
Done in 0.21 min (cpu), 0.21 min (real)
Generate toy 67/250

 -- MarkovChainMC -- 
Limit: r < 2.28118 +/- 0.0456755 @ 95% credibility (15 tries)
Done in 0.21 min (cpu), 0.21 min (real)
Generate toy 68/250

 -- MarkovChainMC -- 
Limit: r < 1.8819 +/- 0.0225022 @ 95% credibility (15 tries)
Done in 0.21 min (cpu), 0.21 min (real)
Generate toy 69/250

 -- MarkovChainMC -- 
Limit: r < 1.54845 +/- 0.0245406 @ 95% credibility (15 tries)
Done in 0.21 min (cpu), 0.21 min (real)
Generate toy 70/250

 -- MarkovChainMC -- 
Limit: r < 2.1948 +/- 0.0330104 @ 95% credibility (15 tries)
Done in 0.21 min (cpu), 0.22 min (real)
Generate toy 71/250

 -- MarkovChainMC -- 
Limit: r < 2.04978 +/- 0.0470159 @ 95% credibility (15 tries)
Done in 0.21 min (cpu), 0.21 min (real)
Generate toy 72/250

 -- MarkovChainMC -- 
Limit: r < 1.81107 +/- 0.0393788 @ 95% credibility (15 tries)
Done in 0.21 min (cpu), 0.21 min (real)
Generate toy 73/250

 -- MarkovChainMC -- 
Limit: r < 2.12276 +/- 0.0567697 @ 95% credibility (15 tries)
Done in 0.21 min (cpu), 0.22 min (real)
Generate toy 74/250

 -- MarkovChainMC -- 
Limit: r < 1.62762 +/- 0.0250791 @ 95% credibility (15 tries)
Done in 0.21 min (cpu), 0.21 min (real)
Generate toy 75/250

 -- MarkovChainMC -- 
Limit: r < 1.14615 +/- 0.0206588 @ 95% credibility (15 tries)
Done in 0.21 min (cpu), 0.21 min (real)
Generate toy 76/250

 -- MarkovChainMC -- 
Limit: r < 1.54507 +/- 0.0242481 @ 95% credibility (15 tries)
Done in 0.21 min (cpu), 0.21 min (real)
Generate toy 77/250

 -- MarkovChainMC -- 
Limit: r < 2.39369 +/- 0.046983 @ 95% credibility (15 tries)
Done in 0.22 min (cpu), 0.22 min (real)
Generate toy 78/250

 -- MarkovChainMC -- 
Limit: r < 2.84946 +/- 0.0466134 @ 95% credibility (15 tries)
Done in 0.21 min (cpu), 0.21 min (real)
Generate toy 79/250

 -- MarkovChainMC -- 
Limit: r < 1.20236 +/- 0.0297196 @ 95% credibility (15 tries)
Done in 0.21 min (cpu), 0.21 min (real)
Generate toy 80/250

 -- MarkovChainMC -- 
Limit: r < 2.45983 +/- 0.0339669 @ 95% credibility (15 tries)
Done in 0.21 min (cpu), 0.21 min (real)
Generate toy 81/250

 -- MarkovChainMC -- 
Limit: r < 1.01398 +/- 0.0152369 @ 95% credibility (15 tries)
Done in 0.20 min (cpu), 0.20 min (real)
Generate toy 82/250

 -- MarkovChainMC -- 
Limit: r < 1.42435 +/- 0.0305548 @ 95% credibility (15 tries)
Done in 0.21 min (cpu), 0.21 min (real)
Generate toy 83/250

 -- MarkovChainMC -- 
Limit: r < 2.43108 +/- 0.03743 @ 95% credibility (15 tries)
Done in 0.21 min (cpu), 0.21 min (real)
Generate toy 84/250

 -- MarkovChainMC -- 
Limit: r < 2.6248 +/- 0.0286358 @ 95% credibility (15 tries)
Done in 0.21 min (cpu), 0.21 min (real)
Generate toy 85/250

 -- MarkovChainMC -- 
Limit: r < 1.72157 +/- 0.0255304 @ 95% credibility (15 tries)
Done in 0.20 min (cpu), 0.21 min (real)
Generate toy 86/250

 -- MarkovChainMC -- 
Limit: r < 2.11353 +/- 0.0397214 @ 95% credibility (15 tries)
Done in 0.21 min (cpu), 0.21 min (real)
Generate toy 87/250

 -- MarkovChainMC -- 
Limit: r < 1.55564 +/- 0.0375661 @ 95% credibility (15 tries)
Done in 0.20 min (cpu), 0.21 min (real)
Generate toy 88/250

 -- MarkovChainMC -- 
Limit: r < 1.14617 +/- 0.0221724 @ 95% credibility (15 tries)
Done in 0.20 min (cpu), 0.20 min (real)
Generate toy 89/250

 -- MarkovChainMC -- 
Limit: r < 2.3389 +/- 0.0410823 @ 95% credibility (15 tries)
Done in 0.21 min (cpu), 0.21 min (real)
Generate toy 90/250

 -- MarkovChainMC -- 
Limit: r < 2.80849 +/- 0.0354275 @ 95% credibility (15 tries)
Done in 0.21 min (cpu), 0.21 min (real)
Generate toy 91/250

 -- MarkovChainMC -- 
Limit: r < 2.60272 +/- 0.0373292 @ 95% credibility (15 tries)
Done in 0.21 min (cpu), 0.21 min (real)
Generate toy 92/250

 -- MarkovChainMC -- 
Limit: r < 1.90445 +/- 0.0161305 @ 95% credibility (15 tries)
Done in 0.21 min (cpu), 0.21 min (real)
Generate toy 93/250

 -- MarkovChainMC -- 
Limit: r < 2.10271 +/- 0.0379962 @ 95% credibility (15 tries)
Done in 0.21 min (cpu), 0.21 min (real)
Generate toy 94/250

 -- MarkovChainMC -- 
Limit: r < 2.51346 +/- 0.0393169 @ 95% credibility (15 tries)
Done in 0.21 min (cpu), 0.21 min (real)
Generate toy 95/250

 -- MarkovChainMC -- 
Limit: r < 1.21335 +/- 0.036481 @ 95% credibility (15 tries)
Done in 0.20 min (cpu), 0.20 min (real)
Generate toy 96/250

 -- MarkovChainMC -- 
Limit: r < 1.82922 +/- 0.029696 @ 95% credibility (15 tries)
Done in 0.20 min (cpu), 0.20 min (real)
Generate toy 97/250

 -- MarkovChainMC -- 
Limit: r < 1.67818 +/- 0.0155149 @ 95% credibility (15 tries)
Done in 0.21 min (cpu), 0.21 min (real)
Generate toy 98/250

 -- MarkovChainMC -- 
Limit: r < 1.31572 +/- 0.0272975 @ 95% credibility (15 tries)
Done in 0.20 min (cpu), 0.20 min (real)
Generate toy 99/250

 -- MarkovChainMC -- 
Limit: r < 1.25635 +/- 0.0184273 @ 95% credibility (15 tries)
Done in 0.21 min (cpu), 0.21 min (real)
Generate toy 100/250

 -- MarkovChainMC -- 
Limit: r < 1.33075 +/- 0.0360636 @ 95% credibility (15 tries)
Done in 0.21 min (cpu), 0.21 min (real)
Generate toy 101/250

 -- MarkovChainMC -- 
Limit: r < 1.10599 +/- 0.0141972 @ 95% credibility (15 tries)
Done in 0.20 min (cpu), 0.21 min (real)
Generate toy 102/250

 -- MarkovChainMC -- 
Limit: r < 1.75338 +/- 0.0400353 @ 95% credibility (15 tries)
Done in 0.21 min (cpu), 0.21 min (real)
Generate toy 103/250

 -- MarkovChainMC -- 
Limit: r < 2.48827 +/- 0.0535155 @ 95% credibility (15 tries)
Done in 0.22 min (cpu), 0.22 min (real)
Generate toy 104/250

 -- MarkovChainMC -- 
Limit: r < 1.60652 +/- 0.0308499 @ 95% credibility (15 tries)
Done in 0.21 min (cpu), 0.21 min (real)
Generate toy 105/250

 -- MarkovChainMC -- 
Limit: r < 1.76219 +/- 0.0258325 @ 95% credibility (15 tries)
Done in 0.22 min (cpu), 0.22 min (real)
Generate toy 106/250

 -- MarkovChainMC -- 
Limit: r < 1.02171 +/- 0.0418183 @ 95% credibility (15 tries)
Done in 0.21 min (cpu), 0.21 min (real)
Generate toy 107/250

 -- MarkovChainMC -- 
Limit: r < 2.24948 +/- 0.0520091 @ 95% credibility (15 tries)
Done in 0.21 min (cpu), 0.21 min (real)
Generate toy 108/250

 -- MarkovChainMC -- 
Limit: r < 1.86223 +/- 0.0249216 @ 95% credibility (15 tries)
Done in 0.21 min (cpu), 0.22 min (real)
Generate toy 109/250

 -- MarkovChainMC -- 
Limit: r < 3.0491 +/- 0.0238915 @ 95% credibility (15 tries)
Done in 0.22 min (cpu), 0.22 min (real)
Generate toy 110/250

 -- MarkovChainMC -- 
Limit: r < 1.52838 +/- 0.0298992 @ 95% credibility (15 tries)
Done in 0.21 min (cpu), 0.21 min (real)
Generate toy 111/250

 -- MarkovChainMC -- 
Limit: r < 1.83863 +/- 0.0455066 @ 95% credibility (15 tries)
Done in 0.21 min (cpu), 0.21 min (real)
Generate toy 112/250

 -- MarkovChainMC -- 
Limit: r < 2.10087 +/- 0.0631212 @ 95% credibility (15 tries)
Done in 0.22 min (cpu), 0.22 min (real)
Generate toy 113/250

 -- MarkovChainMC -- 
Limit: r < 1.3233 +/- 0.0357675 @ 95% credibility (15 tries)
Done in 0.22 min (cpu), 0.22 min (real)
Generate toy 114/250

 -- MarkovChainMC -- 
Limit: r < 2.08363 +/- 0.0463279 @ 95% credibility (15 tries)
Done in 0.22 min (cpu), 0.23 min (real)
Generate toy 115/250

 -- MarkovChainMC -- 
Limit: r < 1.64217 +/- 0.0263956 @ 95% credibility (15 tries)
Done in 0.22 min (cpu), 0.22 min (real)
Generate toy 116/250

 -- MarkovChainMC -- 
Limit: r < 1.22087 +/- 0.0209229 @ 95% credibility (15 tries)
Done in 0.22 min (cpu), 0.22 min (real)
Generate toy 117/250

 -- MarkovChainMC -- 
Limit: r < 1.15232 +/- 0.0256534 @ 95% credibility (15 tries)
Done in 0.22 min (cpu), 0.22 min (real)
Generate toy 118/250

 -- MarkovChainMC -- 
Limit: r < 1.8911 +/- 0.0403958 @ 95% credibility (15 tries)
Done in 0.23 min (cpu), 0.23 min (real)
Generate toy 119/250

 -- MarkovChainMC -- 
Limit: r < 1.06481 +/- 0.024382 @ 95% credibility (15 tries)
Done in 0.22 min (cpu), 0.22 min (real)
Generate toy 120/250

 -- MarkovChainMC -- 
Limit: r < 1.734 +/- 0.0470587 @ 95% credibility (15 tries)
Done in 0.23 min (cpu), 0.23 min (real)
Generate toy 121/250

 -- MarkovChainMC -- 
Limit: r < 1.61602 +/- 0.0164073 @ 95% credibility (15 tries)
Done in 0.22 min (cpu), 0.22 min (real)
Generate toy 122/250

 -- MarkovChainMC -- 
Limit: r < 2.12385 +/- 0.0462855 @ 95% credibility (15 tries)
Done in 0.23 min (cpu), 0.23 min (real)
Generate toy 123/250

 -- MarkovChainMC -- 
Limit: r < 1.40078 +/- 0.0390548 @ 95% credibility (15 tries)
Done in 0.22 min (cpu), 0.22 min (real)
Generate toy 124/250

 -- MarkovChainMC -- 
Limit: r < 1.19471 +/- 0.0317847 @ 95% credibility (15 tries)
Done in 0.22 min (cpu), 0.22 min (real)
Generate toy 125/250

 -- MarkovChainMC -- 
Limit: r < 2.87684 +/- 0.019911 @ 95% credibility (15 tries)
Done in 0.23 min (cpu), 0.23 min (real)
Generate toy 126/250

 -- MarkovChainMC -- 
Limit: r < 1.09937 +/- 0.0183035 @ 95% credibility (15 tries)
Done in 0.22 min (cpu), 0.22 min (real)
Generate toy 127/250

 -- MarkovChainMC -- 
Limit: r < 1.91354 +/- 0.035358 @ 95% credibility (15 tries)
Done in 0.22 min (cpu), 0.22 min (real)
Generate toy 128/250

 -- MarkovChainMC -- 
Limit: r < 1.99932 +/- 0.0527547 @ 95% credibility (15 tries)
Done in 0.22 min (cpu), 0.23 min (real)
Generate toy 129/250

 -- MarkovChainMC -- 
Limit: r < 2.27714 +/- 0.0495631 @ 95% credibility (15 tries)
Done in 0.22 min (cpu), 0.22 min (real)
Generate toy 130/250

 -- MarkovChainMC -- 
Limit: r < 1.2778 +/- 0.0179936 @ 95% credibility (15 tries)
Done in 0.21 min (cpu), 0.21 min (real)
Generate toy 131/250

 -- MarkovChainMC -- 
Limit: r < 1.82435 +/- 0.0702865 @ 95% credibility (15 tries)
Done in 0.21 min (cpu), 0.22 min (real)
Generate toy 132/250

 -- MarkovChainMC -- 
Limit: r < 2.0361 +/- 0.0287571 @ 95% credibility (15 tries)
Done in 0.21 min (cpu), 0.21 min (real)
Generate toy 133/250

 -- MarkovChainMC -- 
Limit: r < 1.09039 +/- 0.0258338 @ 95% credibility (15 tries)
Done in 0.21 min (cpu), 0.21 min (real)
Generate toy 134/250

 -- MarkovChainMC -- 
Limit: r < 2.51826 +/- 0.0748765 @ 95% credibility (15 tries)
Done in 0.22 min (cpu), 0.22 min (real)
Generate toy 135/250

 -- MarkovChainMC -- 
Limit: r < 1.56697 +/- 0.0476937 @ 95% credibility (15 tries)
Done in 0.21 min (cpu), 0.21 min (real)
Generate toy 136/250

 -- MarkovChainMC -- 
Limit: r < 1.17012 +/- 0.0212611 @ 95% credibility (15 tries)
Done in 0.21 min (cpu), 0.21 min (real)
Generate toy 137/250

 -- MarkovChainMC -- 
Limit: r < 1.42722 +/- 0.0262472 @ 95% credibility (15 tries)
Done in 0.21 min (cpu), 0.21 min (real)
Generate toy 138/250

 -- MarkovChainMC -- 
Limit: r < 2.80792 +/- 0.0310275 @ 95% credibility (15 tries)
Done in 0.22 min (cpu), 0.22 min (real)
Generate toy 139/250

 -- MarkovChainMC -- 
Limit: r < 2.7196 +/- 0.0304125 @ 95% credibility (15 tries)
Done in 0.22 min (cpu), 0.22 min (real)
Generate toy 140/250

 -- MarkovChainMC -- 
Limit: r < 1.57959 +/- 0.0141305 @ 95% credibility (15 tries)
Done in 0.21 min (cpu), 0.21 min (real)
Generate toy 141/250

 -- MarkovChainMC -- 
Limit: r < 2.20748 +/- 0.0303799 @ 95% credibility (15 tries)
Done in 0.21 min (cpu), 0.21 min (real)
Generate toy 142/250

 -- MarkovChainMC -- 
Limit: r < 1.73944 +/- 0.0252037 @ 95% credibility (15 tries)
Done in 0.21 min (cpu), 0.21 min (real)
Generate toy 143/250

 -- MarkovChainMC -- 
Limit: r < 1.9824 +/- 0.0404581 @ 95% credibility (15 tries)
Done in 0.21 min (cpu), 0.22 min (real)
Generate toy 144/250

 -- MarkovChainMC -- 
Limit: r < 1.57855 +/- 0.0314829 @ 95% credibility (15 tries)
Done in 0.21 min (cpu), 0.21 min (real)
Generate toy 145/250

 -- MarkovChainMC -- 
Limit: r < 1.85433 +/- 0.0367009 @ 95% credibility (15 tries)
Done in 0.21 min (cpu), 0.21 min (real)
Generate toy 146/250

 -- MarkovChainMC -- 
Limit: r < 2.08719 +/- 0.0355 @ 95% credibility (15 tries)
Done in 0.21 min (cpu), 0.21 min (real)
Generate toy 147/250

 -- MarkovChainMC -- 
Limit: r < 1.52512 +/- 0.0242073 @ 95% credibility (15 tries)
Done in 0.21 min (cpu), 0.21 min (real)
Generate toy 148/250

 -- MarkovChainMC -- 
Limit: r < 1.42944 +/- 0.0364503 @ 95% credibility (15 tries)
Done in 0.21 min (cpu), 0.21 min (real)
Generate toy 149/250

 -- MarkovChainMC -- 
Limit: r < 1.20942 +/- 0.0179571 @ 95% credibility (15 tries)
Done in 0.21 min (cpu), 0.21 min (real)
Generate toy 150/250

 -- MarkovChainMC -- 
Limit: r < 1.61882 +/- 0.0242005 @ 95% credibility (15 tries)
Done in 0.21 min (cpu), 0.21 min (real)
Generate toy 151/250

 -- MarkovChainMC -- 
Limit: r < 1.5546 +/- 0.0317192 @ 95% credibility (15 tries)
Done in 0.21 min (cpu), 0.21 min (real)
Generate toy 152/250

 -- MarkovChainMC -- 
Limit: r < 2.51937 +/- 0.0569611 @ 95% credibility (15 tries)
Done in 0.21 min (cpu), 0.21 min (real)
Generate toy 153/250

 -- MarkovChainMC -- 
Limit: r < 0.920501 +/- 0.023602 @ 95% credibility (15 tries)
Done in 0.21 min (cpu), 0.21 min (real)
Generate toy 154/250

 -- MarkovChainMC -- 
Limit: r < 1.3299 +/- 0.022891 @ 95% credibility (15 tries)
Done in 0.21 min (cpu), 0.21 min (real)
Generate toy 155/250

 -- MarkovChainMC -- 
Limit: r < 1.24389 +/- 0.0124485 @ 95% credibility (15 tries)
Done in 0.21 min (cpu), 0.21 min (real)
Generate toy 156/250

 -- MarkovChainMC -- 
Limit: r < 1.31387 +/- 0.0284799 @ 95% credibility (15 tries)
Done in 0.21 min (cpu), 0.21 min (real)
Generate toy 157/250

 -- MarkovChainMC -- 
Limit: r < 2.68774 +/- 0.0530027 @ 95% credibility (15 tries)
Done in 0.22 min (cpu), 0.22 min (real)
Generate toy 158/250

 -- MarkovChainMC -- 
Limit: r < 2.20411 +/- 0.0365185 @ 95% credibility (15 tries)
Done in 0.22 min (cpu), 0.22 min (real)
Generate toy 159/250

 -- MarkovChainMC -- 
Limit: r < 1.44054 +/- 0.0206495 @ 95% credibility (15 tries)
Done in 0.21 min (cpu), 0.21 min (real)
Generate toy 160/250

 -- MarkovChainMC -- 
Limit: r < 2.06849 +/- 0.0294877 @ 95% credibility (15 tries)
Done in 0.21 min (cpu), 0.21 min (real)
Generate toy 161/250

 -- MarkovChainMC -- 
Limit: r < 1.23987 +/- 0.0270199 @ 95% credibility (15 tries)
Done in 0.21 min (cpu), 0.21 min (real)
Generate toy 162/250

 -- MarkovChainMC -- 
Limit: r < 3.15828 +/- 0.0559356 @ 95% credibility (15 tries)
Done in 0.21 min (cpu), 0.21 min (real)
Generate toy 163/250

 -- MarkovChainMC -- 
Limit: r < 1.50643 +/- 0.0363485 @ 95% credibility (15 tries)
Done in 0.21 min (cpu), 0.21 min (real)
Generate toy 164/250

 -- MarkovChainMC -- 
Limit: r < 1.91405 +/- 0.0580502 @ 95% credibility (15 tries)
Done in 0.22 min (cpu), 0.22 min (real)
Generate toy 165/250

 -- MarkovChainMC -- 
Limit: r < 1.44232 +/- 0.0177004 @ 95% credibility (15 tries)
Done in 0.21 min (cpu), 0.21 min (real)
Generate toy 166/250

 -- MarkovChainMC -- 
Limit: r < 1.59758 +/- 0.030923 @ 95% credibility (15 tries)
Done in 0.21 min (cpu), 0.21 min (real)
Generate toy 167/250

 -- MarkovChainMC -- 
Limit: r < 3.08422 +/- 0.0340961 @ 95% credibility (15 tries)
Done in 0.22 min (cpu), 0.22 min (real)
Generate toy 168/250

 -- MarkovChainMC -- 
Limit: r < 1.49751 +/- 0.0182324 @ 95% credibility (15 tries)
Done in 0.21 min (cpu), 0.21 min (real)
Generate toy 169/250

 -- MarkovChainMC -- 
Limit: r < 1.741 +/- 0.026332 @ 95% credibility (15 tries)
Done in 0.21 min (cpu), 0.21 min (real)
Generate toy 170/250

 -- MarkovChainMC -- 
Limit: r < 2.40217 +/- 0.0466345 @ 95% credibility (15 tries)
Done in 0.21 min (cpu), 0.21 min (real)
Generate toy 171/250

 -- MarkovChainMC -- 
Limit: r < 2.25584 +/- 0.00888607 @ 95% credibility (15 tries)
Done in 0.21 min (cpu), 0.21 min (real)
Generate toy 172/250

 -- MarkovChainMC -- 
Limit: r < 1.29965 +/- 0.0537503 @ 95% credibility (15 tries)
Done in 0.21 min (cpu), 0.21 min (real)
Generate toy 173/250

 -- MarkovChainMC -- 
Limit: r < 1.75 +/- 0.0276381 @ 95% credibility (15 tries)
Done in 0.21 min (cpu), 0.21 min (real)
Generate toy 174/250

 -- MarkovChainMC -- 
Limit: r < 0.975204 +/- 0.0384746 @ 95% credibility (15 tries)
Done in 0.21 min (cpu), 0.21 min (real)
Generate toy 175/250

 -- MarkovChainMC -- 
Limit: r < 2.06676 +/- 0.0495124 @ 95% credibility (15 tries)
Done in 0.22 min (cpu), 0.22 min (real)
Generate toy 176/250

 -- MarkovChainMC -- 
Limit: r < 1.39537 +/- 0.0285024 @ 95% credibility (15 tries)
Done in 0.21 min (cpu), 0.21 min (real)
Generate toy 177/250

 -- MarkovChainMC -- 
Limit: r < 1.93577 +/- 0.015873 @ 95% credibility (15 tries)
Done in 0.22 min (cpu), 0.22 min (real)
Generate toy 178/250

 -- MarkovChainMC -- 
Limit: r < 1.14892 +/- 0.0188516 @ 95% credibility (15 tries)
Done in 0.21 min (cpu), 0.21 min (real)
Generate toy 179/250

 -- MarkovChainMC -- 
Limit: r < 1.74579 +/- 0.0453212 @ 95% credibility (15 tries)
Done in 0.21 min (cpu), 0.21 min (real)
Generate toy 180/250

 -- MarkovChainMC -- 
Limit: r < 1.95029 +/- 0.0473246 @ 95% credibility (15 tries)
Done in 0.22 min (cpu), 0.22 min (real)
Generate toy 181/250

 -- MarkovChainMC -- 
Limit: r < 1.13671 +/- 0.026346 @ 95% credibility (15 tries)
Done in 0.21 min (cpu), 0.21 min (real)
Generate toy 182/250

 -- MarkovChainMC -- 
Limit: r < 1.71991 +/- 0.0221579 @ 95% credibility (15 tries)
Done in 0.21 min (cpu), 0.21 min (real)
Generate toy 183/250

 -- MarkovChainMC -- 
Limit: r < 1.88797 +/- 0.0207798 @ 95% credibility (15 tries)
Done in 0.21 min (cpu), 0.21 min (real)
Generate toy 184/250

 -- MarkovChainMC -- 
Limit: r < 2.28256 +/- 0.0363696 @ 95% credibility (15 tries)
Done in 0.21 min (cpu), 0.21 min (real)
Generate toy 185/250

 -- MarkovChainMC -- 
Limit: r < 1.52425 +/- 0.0221276 @ 95% credibility (15 tries)
Done in 0.21 min (cpu), 0.21 min (real)
Generate toy 186/250

 -- MarkovChainMC -- 
Limit: r < 1.70012 +/- 0.0198946 @ 95% credibility (15 tries)
Done in 0.21 min (cpu), 0.21 min (real)
Generate toy 187/250

 -- MarkovChainMC -- 
Limit: r < 1.37602 +/- 0.0264297 @ 95% credibility (15 tries)
Done in 0.21 min (cpu), 0.21 min (real)
Generate toy 188/250

 -- MarkovChainMC -- 
Limit: r < 1.83681 +/- 0.0558464 @ 95% credibility (15 tries)
Done in 0.22 min (cpu), 0.22 min (real)
Generate toy 189/250

 -- MarkovChainMC -- 
Limit: r < 2.25571 +/- 0.029199 @ 95% credibility (15 tries)
Done in 0.22 min (cpu), 0.22 min (real)
Generate toy 190/250

 -- MarkovChainMC -- 
Limit: r < 1.77917 +/- 0.0517282 @ 95% credibility (15 tries)
Done in 0.21 min (cpu), 0.21 min (real)
Generate toy 191/250

 -- MarkovChainMC -- 
Limit: r < 0.922044 +/- 0.0291235 @ 95% credibility (15 tries)
Done in 0.21 min (cpu), 0.21 min (real)
Generate toy 192/250

 -- MarkovChainMC -- 
Limit: r < 1.20681 +/- 0.0274326 @ 95% credibility (15 tries)
Done in 0.22 min (cpu), 0.22 min (real)
Generate toy 193/250

 -- MarkovChainMC -- 
Limit: r < 1.23461 +/- 0.0379998 @ 95% credibility (15 tries)
Done in 0.21 min (cpu), 0.21 min (real)
Generate toy 194/250

 -- MarkovChainMC -- 
Limit: r < 3.47838 +/- 0.059087 @ 95% credibility (15 tries)
Done in 0.25 min (cpu), 0.25 min (real)
Generate toy 195/250

 -- MarkovChainMC -- 
Limit: r < 2.31107 +/- 0.0647247 @ 95% credibility (15 tries)
Done in 0.24 min (cpu), 0.24 min (real)
Generate toy 196/250

 -- MarkovChainMC -- 
Limit: r < 1.81921 +/- 0.0340645 @ 95% credibility (15 tries)
Done in 0.22 min (cpu), 0.23 min (real)
Generate toy 197/250

 -- MarkovChainMC -- 
Limit: r < 1.5066 +/- 0.0212385 @ 95% credibility (15 tries)
Done in 0.23 min (cpu), 0.24 min (real)
Generate toy 198/250

 -- MarkovChainMC -- 
Limit: r < 1.54989 +/- 0.0456762 @ 95% credibility (15 tries)
Done in 0.23 min (cpu), 0.23 min (real)
Generate toy 199/250

 -- MarkovChainMC -- 
Limit: r < 2.88943 +/- 0.0317186 @ 95% credibility (15 tries)
Done in 0.25 min (cpu), 0.25 min (real)
Generate toy 200/250

 -- MarkovChainMC -- 
Limit: r < 2.01744 +/- 0.032977 @ 95% credibility (15 tries)
Done in 0.23 min (cpu), 0.23 min (real)
Generate toy 201/250

 -- MarkovChainMC -- 
Limit: r < 1.0863 +/- 0.0304429 @ 95% credibility (15 tries)
Done in 0.23 min (cpu), 0.23 min (real)
Generate toy 202/250

 -- MarkovChainMC -- 
Limit: r < 1.84243 +/- 0.0375919 @ 95% credibility (15 tries)
Done in 0.24 min (cpu), 0.24 min (real)
Generate toy 203/250

 -- MarkovChainMC -- 
Limit: r < 1.18887 +/- 0.0329566 @ 95% credibility (15 tries)
Done in 0.23 min (cpu), 0.24 min (real)
Generate toy 204/250

 -- MarkovChainMC -- 
Limit: r < 1.36897 +/- 0.0372702 @ 95% credibility (15 tries)
Done in 0.24 min (cpu), 0.24 min (real)
Generate toy 205/250

 -- MarkovChainMC -- 
Limit: r < 1.28832 +/- 0.0339635 @ 95% credibility (15 tries)
Done in 0.24 min (cpu), 0.24 min (real)
Generate toy 206/250

 -- MarkovChainMC -- 
Limit: r < 0.837042 +/- 0.0212177 @ 95% credibility (15 tries)
Done in 0.23 min (cpu), 0.23 min (real)
Generate toy 207/250

 -- MarkovChainMC -- 
Limit: r < 1.13942 +/- 0.0340659 @ 95% credibility (15 tries)
Done in 0.23 min (cpu), 0.23 min (real)
Generate toy 208/250

 -- MarkovChainMC -- 
Limit: r < 1.20267 +/- 0.020651 @ 95% credibility (15 tries)
Done in 0.23 min (cpu), 0.23 min (real)
Generate toy 209/250

 -- MarkovChainMC -- 
Limit: r < 1.52724 +/- 0.0207995 @ 95% credibility (15 tries)
Done in 0.22 min (cpu), 0.23 min (real)
Generate toy 210/250

 -- MarkovChainMC -- 
Limit: r < 1.99071 +/- 0.0371716 @ 95% credibility (15 tries)
Done in 0.22 min (cpu), 0.22 min (real)
Generate toy 211/250

 -- MarkovChainMC -- 
Limit: r < 2.20053 +/- 0.0337631 @ 95% credibility (15 tries)
Done in 0.23 min (cpu), 0.23 min (real)
Generate toy 212/250

 -- MarkovChainMC -- 
Limit: r < 2.55282 +/- 0.0361934 @ 95% credibility (15 tries)
Done in 0.23 min (cpu), 0.23 min (real)
Generate toy 213/250

 -- MarkovChainMC -- 
Limit: r < 1.82512 +/- 0.038564 @ 95% credibility (15 tries)
Done in 0.22 min (cpu), 0.22 min (real)
Generate toy 214/250

 -- MarkovChainMC -- 
Limit: r < 1.44162 +/- 0.0292506 @ 95% credibility (15 tries)
Done in 0.23 min (cpu), 0.24 min (real)
Generate toy 215/250

 -- MarkovChainMC -- 
Limit: r < 2.23529 +/- 0.0441035 @ 95% credibility (15 tries)
Done in 0.24 min (cpu), 0.25 min (real)
Generate toy 216/250

 -- MarkovChainMC -- 
Limit: r < 2.03487 +/- 0.0381816 @ 95% credibility (15 tries)
Done in 0.23 min (cpu), 0.23 min (real)
Generate toy 217/250

 -- MarkovChainMC -- 
Limit: r < 1.56714 +/- 0.0599871 @ 95% credibility (15 tries)
Done in 0.24 min (cpu), 0.24 min (real)
Generate toy 218/250

 -- MarkovChainMC -- 
Limit: r < 1.82255 +/- 0.0300194 @ 95% credibility (15 tries)
Done in 0.23 min (cpu), 0.23 min (real)
Generate toy 219/250

 -- MarkovChainMC -- 
Limit: r < 1.22337 +/- 0.0306161 @ 95% credibility (15 tries)
Done in 0.22 min (cpu), 0.23 min (real)
Generate toy 220/250

 -- MarkovChainMC -- 
Limit: r < 1.72853 +/- 0.0332996 @ 95% credibility (15 tries)
Done in 0.23 min (cpu), 0.23 min (real)
Generate toy 221/250

 -- MarkovChainMC -- 
Limit: r < 1.73533 +/- 0.0612079 @ 95% credibility (15 tries)
Done in 0.24 min (cpu), 0.24 min (real)
Generate toy 222/250

 -- MarkovChainMC -- 
Limit: r < 1.41112 +/- 0.042622 @ 95% credibility (15 tries)
Done in 0.24 min (cpu), 0.24 min (real)
Generate toy 223/250

 -- MarkovChainMC -- 
Limit: r < 1.65255 +/- 0.0241547 @ 95% credibility (15 tries)
Done in 0.23 min (cpu), 0.23 min (real)
Generate toy 224/250

 -- MarkovChainMC -- 
Limit: r < 2.29893 +/- 0.0521866 @ 95% credibility (15 tries)
Done in 0.23 min (cpu), 0.23 min (real)
Generate toy 225/250

 -- MarkovChainMC -- 
Limit: r < 2.34131 +/- 0.038826 @ 95% credibility (15 tries)
Done in 0.24 min (cpu), 0.24 min (real)
Generate toy 226/250

 -- MarkovChainMC -- 
Limit: r < 2.98845 +/- 0.0255669 @ 95% credibility (15 tries)
Done in 0.26 min (cpu), 0.26 min (real)
Generate toy 227/250

 -- MarkovChainMC -- 
Limit: r < 1.33951 +/- 0.036947 @ 95% credibility (15 tries)
Done in 0.22 min (cpu), 0.22 min (real)
Generate toy 228/250

 -- MarkovChainMC -- 
Limit: r < 1.21213 +/- 0.02358 @ 95% credibility (15 tries)
Done in 0.23 min (cpu), 0.23 min (real)
Generate toy 229/250

 -- MarkovChainMC -- 
Limit: r < 1.9228 +/- 0.0322391 @ 95% credibility (15 tries)
Done in 0.23 min (cpu), 0.23 min (real)
Generate toy 230/250

 -- MarkovChainMC -- 
Limit: r < 1.61139 +/- 0.0298242 @ 95% credibility (15 tries)
Done in 0.23 min (cpu), 0.23 min (real)
Generate toy 231/250

 -- MarkovChainMC -- 
Limit: r < 1.72436 +/- 0.0319755 @ 95% credibility (15 tries)
Done in 0.24 min (cpu), 0.24 min (real)
Generate toy 232/250

 -- MarkovChainMC -- 
Limit: r < 2.17561 +/- 0.0238179 @ 95% credibility (15 tries)
Done in 0.24 min (cpu), 0.24 min (real)
Generate toy 233/250

 -- MarkovChainMC -- 
Limit: r < 1.44772 +/- 0.0414555 @ 95% credibility (15 tries)
Done in 0.24 min (cpu), 0.24 min (real)
Generate toy 234/250

 -- MarkovChainMC -- 
Limit: r < 1.99468 +/- 0.0274774 @ 95% credibility (15 tries)
Done in 0.22 min (cpu), 0.23 min (real)
Generate toy 235/250

 -- MarkovChainMC -- 
Limit: r < 1.57475 +/- 0.0257766 @ 95% credibility (15 tries)
Done in 0.24 min (cpu), 0.24 min (real)
Generate toy 236/250

 -- MarkovChainMC -- 
Limit: r < 2.44425 +/- 0.0353514 @ 95% credibility (15 tries)
Done in 0.23 min (cpu), 0.23 min (real)
Generate toy 237/250

 -- MarkovChainMC -- 
Limit: r < 1.54715 +/- 0.0225353 @ 95% credibility (15 tries)
Done in 0.24 min (cpu), 0.25 min (real)
Generate toy 238/250

 -- MarkovChainMC -- 
Limit: r < 1.54264 +/- 0.0323355 @ 95% credibility (15 tries)
Done in 0.24 min (cpu), 0.24 min (real)
Generate toy 239/250

 -- MarkovChainMC -- 
Limit: r < 3.28788 +/- 0.0414525 @ 95% credibility (15 tries)
Done in 0.24 min (cpu), 0.24 min (real)
Generate toy 240/250

 -- MarkovChainMC -- 
Limit: r < 0.848843 +/- 0.0212022 @ 95% credibility (15 tries)
Done in 0.24 min (cpu), 0.24 min (real)
Generate toy 241/250

 -- MarkovChainMC -- 
Limit: r < 1.58847 +/- 0.0159985 @ 95% credibility (15 tries)
Done in 0.25 min (cpu), 0.25 min (real)
Generate toy 242/250

 -- MarkovChainMC -- 
Limit: r < 2.00259 +/- 0.0393065 @ 95% credibility (15 tries)
Done in 0.26 min (cpu), 0.26 min (real)
Generate toy 243/250

 -- MarkovChainMC -- 
Limit: r < 0.783479 +/- 0.0141863 @ 95% credibility (15 tries)
Done in 0.24 min (cpu), 0.24 min (real)
Generate toy 244/250

 -- MarkovChainMC -- 
Limit: r < 2.14806 +/- 0.0215939 @ 95% credibility (15 tries)
Done in 0.25 min (cpu), 0.26 min (real)
Generate toy 245/250

 -- MarkovChainMC -- 
Limit: r < 1.2346 +/- 0.02386 @ 95% credibility (15 tries)
Done in 0.26 min (cpu), 0.26 min (real)
Generate toy 246/250

 -- MarkovChainMC -- 
Limit: r < 1.1575 +/- 0.0264802 @ 95% credibility (15 tries)
Done in 0.24 min (cpu), 0.24 min (real)
Generate toy 247/250

 -- MarkovChainMC -- 
Limit: r < 1.67318 +/- 0.0262441 @ 95% credibility (15 tries)
Done in 0.25 min (cpu), 0.25 min (real)
Generate toy 248/250

 -- MarkovChainMC -- 
Limit: r < 1.46157 +/- 0.0407281 @ 95% credibility (15 tries)
Done in 0.25 min (cpu), 0.25 min (real)
Generate toy 249/250

 -- MarkovChainMC -- 
Limit: r < 1.51493 +/- 0.0255678 @ 95% credibility (15 tries)
Done in 0.25 min (cpu), 0.25 min (real)
Generate toy 250/250

 -- MarkovChainMC -- 
Limit: r < 3.07593 +/- 0.0525935 @ 95% credibility (15 tries)
Done in 0.25 min (cpu), 0.25 min (real)
mean   expected limit: r < 1.80395 +/- 0.0361354 @ 95%CL (250 toyMC)
median expected limit: r < 1.73127 @ 95%CL (250 toyMC)
   68% expected band : 1.22337 < r < 2.35846
   95% expected band : 0.870931 < r < 3.1431
