 <<< Combine >>> 
 <<< v10.0.2 >>>
>>> Used OpenSSL to get a truly random seed 884699783
>>> Method used is MarkovChainMC
============================================================
Analyzing bin errors for: prop_binmuon22
Poisson cut-off: 10
Processes excluded for sums: Wprime1600
============================================================
Bin        Contents        Error           Notes                         
0          5489.621540     14.389589       total sum                     
0          5489.009974     14.389572       excluding marked processes    
0          145510.000000   381.457730      Unweighted events, alpha=0.037727
  => Total parameter prop_binmuon22_bin0[0.00,-7.00,7.00] to be Gaussian constrained
------------------------------------------------------------
1          2092.244690     7.507861        total sum                     
1          2091.469679     7.507819        excluding marked processes    
1          77602.000000    278.571355      Unweighted events, alpha=0.026961
  => Total parameter prop_binmuon22_bin1[0.00,-7.00,7.00] to be Gaussian constrained
------------------------------------------------------------
2          926.227641      5.743319        total sum                     
2          925.287269      5.743251        excluding marked processes    
2          25956.000000    161.108659      Unweighted events, alpha=0.035685
  => Total parameter prop_binmuon22_bin2[0.00,-7.00,7.00] to be Gaussian constrained
------------------------------------------------------------
3          463.915841      3.622220        total sum                     
3          462.717279      3.622082        excluding marked processes    
3          16320.000000    127.749755      Unweighted events, alpha=0.028426
  => Total parameter prop_binmuon22_bin3[0.00,-7.00,7.00] to be Gaussian constrained
------------------------------------------------------------
4          241.631701      1.534185        total sum                     
4          240.228093      1.533810        excluding marked processes    
4          24530.000000    156.620561      Unweighted events, alpha=0.009850
  => Total parameter prop_binmuon22_bin4[0.00,-7.00,7.00] to be Gaussian constrained
------------------------------------------------------------
5          140.716738      1.743287        total sum                     
5          139.121722      1.742909        excluding marked processes    
5          6371.000000     79.818544       Unweighted events, alpha=0.022087
  => Total parameter prop_binmuon22_bin5[0.00,-7.00,7.00] to be Gaussian constrained
------------------------------------------------------------
6          136.625854      1.066133        total sum                     
6          132.798509      1.064641        excluding marked processes    
6          15559.000000    124.735721      Unweighted events, alpha=0.008781
  => Total parameter prop_binmuon22_bin6[0.00,-7.00,7.00] to be Gaussian constrained
------------------------------------------------------------
7          56.793960       0.724430        total sum                     
7          51.876344       0.721630        excluding marked processes    
7          5168.000000     71.888803       Unweighted events, alpha=0.010990
  => Total parameter prop_binmuon22_bin7[0.00,-7.00,7.00] to be Gaussian constrained
------------------------------------------------------------
8          37.474957       0.476013        total sum                     
8          29.337675       0.468872        excluding marked processes    
8          3915.000000     62.569961       Unweighted events, alpha=0.009572
  => Total parameter prop_binmuon22_bin8[0.00,-7.00,7.00] to be Gaussian constrained
------------------------------------------------------------
9          10.607288       0.335341        total sum                     
9          9.941359        0.334523        excluding marked processes    
9          883.000000      29.715316       Unweighted events, alpha=0.012013
  => Total parameter prop_binmuon22_bin9[0.00,-7.00,7.00] to be Gaussian constrained
------------------------------------------------------------
10         4.211666        0.105704        total sum                     
10         4.165375        0.105525        excluding marked processes    
10         1558.000000     39.471509       Unweighted events, alpha=0.002703
  => Total parameter prop_binmuon22_bin10[0.00,-7.00,7.00] to be Gaussian constrained
------------------------------------------------------------
11         1.770064        0.218186        total sum                     
11         1.762132        0.218174        excluding marked processes    
11         65.000000       8.062258        Unweighted events, alpha=0.027232
  => Total parameter prop_binmuon22_bin11[0.00,-7.00,7.00] to be Gaussian constrained
------------------------------------------------------------
12         0.278483        0.002197        total sum                     
12         0.276349        0.001778        excluding marked processes    
12         24153.000000    155.412355      Unweighted events, alpha=0.000012
  => Total parameter prop_binmuon22_bin12[0.00,-7.00,7.00] to be Gaussian constrained
------------------------------------------------------------
13         0.085750        0.001214        total sum                     
13         0.085750        0.001214        excluding marked processes    
13         4991.000000     70.647010       Unweighted events, alpha=0.000017
  => Total parameter prop_binmuon22_bin13[0.00,-7.00,7.00] to be Gaussian constrained
------------------------------------------------------------
14         0.007105        0.001511        total sum                     
14         0.007105        0.001511        excluding marked processes    
14         22.000000       4.690416        Unweighted events, alpha=0.000323
  => Total parameter prop_binmuon22_bin14[0.00,-7.00,7.00] to be Gaussian constrained
------------------------------------------------------------
15         0.001078        0.000054        total sum                     
15         0.001078        0.000054        excluding marked processes    
15         404.000000      20.099751       Unweighted events, alpha=0.000003
  => Total parameter prop_binmuon22_bin15[0.00,-7.00,7.00] to be Gaussian constrained
------------------------------------------------------------
============================================================
Analyzing bin errors for: prop_binmuon23
Poisson cut-off: 10
Processes excluded for sums: Wprime1600
============================================================
Bin        Contents        Error           Notes                         
0          4246.217726     16.603221       total sum                     
0          4245.728997     16.603213       excluding marked processes    
0          65391.000000    255.716640      Unweighted events, alpha=0.064936
  => Total parameter prop_binmuon23_bin0[0.00,-7.00,7.00] to be Gaussian constrained
------------------------------------------------------------
1          1621.748361     7.828075        total sum                     
1          1621.101079     7.828053        excluding marked processes    
1          42886.000000    207.089353      Unweighted events, alpha=0.037815
  => Total parameter prop_binmuon23_bin1[0.00,-7.00,7.00] to be Gaussian constrained
------------------------------------------------------------
2          722.176073      4.795557        total sum                     
2          721.396648      4.795515        excluding marked processes    
2          22630.000000    150.432709      Unweighted events, alpha=0.031912
  => Total parameter prop_binmuon23_bin2[0.00,-7.00,7.00] to be Gaussian constrained
------------------------------------------------------------
3          360.220311      3.009435        total sum                     
3          359.285774      3.009355        excluding marked processes    
3          14254.000000    119.390117      Unweighted events, alpha=0.025272
  => Total parameter prop_binmuon23_bin3[0.00,-7.00,7.00] to be Gaussian constrained
------------------------------------------------------------
4          192.278035      3.360960        total sum                     
4          191.190097      3.360877        excluding marked processes    
4          3236.000000     56.885851       Unweighted events, alpha=0.059418
  => Total parameter prop_binmuon23_bin4[0.00,-7.00,7.00] to be Gaussian constrained
------------------------------------------------------------
5          113.535165      1.192404        total sum                     
5          112.217111      1.192110        excluding marked processes    
5          8861.000000     94.132885       Unweighted events, alpha=0.012813
  => Total parameter prop_binmuon23_bin5[0.00,-7.00,7.00] to be Gaussian constrained
------------------------------------------------------------
6          110.316979      1.524631        total sum                     
6          107.129583      1.524073        excluding marked processes    
6          4941.000000     70.292247       Unweighted events, alpha=0.022327
  => Total parameter prop_binmuon23_bin6[0.00,-7.00,7.00] to be Gaussian constrained
------------------------------------------------------------
7          45.022816       0.659488        total sum                     
7          41.104515       0.657922        excluding marked processes    
7          3903.000000     62.473995       Unweighted events, alpha=0.011535
  => Total parameter prop_binmuon23_bin7[0.00,-7.00,7.00] to be Gaussian constrained
------------------------------------------------------------
8          30.052584       0.590012        total sum                     
8          23.449391       0.587056        excluding marked processes    
8          1596.000000     39.949969       Unweighted events, alpha=0.018830
  => Total parameter prop_binmuon23_bin8[0.00,-7.00,7.00] to be Gaussian constrained
------------------------------------------------------------
9          8.841900        0.394884        total sum                     
9          8.355840        0.394559        excluding marked processes    
9          448.000000      21.166010       Unweighted events, alpha=0.019736
  => Total parameter prop_binmuon23_bin9[0.00,-7.00,7.00] to be Gaussian constrained
------------------------------------------------------------
10         3.546678        0.251932        total sum                     
10         3.506378        0.251887        excluding marked processes    
10         194.000000      13.928388       Unweighted events, alpha=0.018282
  => Total parameter prop_binmuon23_bin10[0.00,-7.00,7.00] to be Gaussian constrained
------------------------------------------------------------
11         1.371261        0.180186        total sum                     
11         1.363219        0.180174        excluding marked processes    
11         57.000000       7.549834        Unweighted events, alpha=0.024057
  => Total parameter prop_binmuon23_bin11[0.00,-7.00,7.00] to be Gaussian constrained
------------------------------------------------------------
12         0.531869        0.289066        total sum                     
12         0.530791        0.289065        excluding marked processes    
12         3.000000        1.732051        Unweighted events, alpha=0.177290
  => Number of weighted events is below Poisson threshold
    Wprime1600           0.001077        0.000767                                      
                         2.000000        1.414214        Unweighted events, alpha=0.000539
      => Product of prop_binmuon23_bin12_Wprime1600[2.00,0.00,33.79] and const [0.5000] to be Poisson constrained
  ----------------------------------------------------------
    W_boson              0.216692        0.001181                                      
                         33653.000000    183.447540      Unweighted events, alpha=0.000006
      => Parameter prop_binmuon23_bin12_W_boson[0.00,-7.00,7.00] to be Gaussian constrained
  ----------------------------------------------------------
    Top                  0.000000        0.000000                                      
      => Error is zero, ignore      
  ----------------------------------------------------------
    Z_boson              0.004094        0.000500                                      
                         67.000000       8.185353        Unweighted events, alpha=0.000061
      => Parameter prop_binmuon23_bin12_Z_boson[0.00,-7.00,7.00] to be Gaussian constrained
  ----------------------------------------------------------
    DiBoson              0.288910        0.288561                                      
                         1.000000        1.000000        Unweighted events, alpha=0.288910
      => Product of prop_binmuon23_bin12_DiBoson[1.00,0.00,30.85] and const [1.0000] to be Poisson constrained
  ----------------------------------------------------------
    QCD                  0.021095        0.017013                                      
                         2.000000        1.414214        Unweighted events, alpha=0.010547
      => Product of prop_binmuon23_bin12_QCD[2.00,0.00,33.79] and const [0.5000] to be Poisson constrained
  ----------------------------------------------------------
------------------------------------------------------------
13         0.067145        0.000584        total sum                     
13         0.067145        0.000584        excluding marked processes    
13         13239.000000    115.060853      Unweighted events, alpha=0.000005
  => Total parameter prop_binmuon23_bin13[0.00,-7.00,7.00] to be Gaussian constrained
------------------------------------------------------------
14         0.003967        0.000043        total sum                     
14         0.003967        0.000043        excluding marked processes    
14         8482.000000     92.097774       Unweighted events, alpha=0.000000
  => Total parameter prop_binmuon23_bin14[0.00,-7.00,7.00] to be Gaussian constrained
------------------------------------------------------------
15         0.005625        0.003835        total sum                     
15         0.005625        0.003835        excluding marked processes    
15         2.000000        1.414214        Unweighted events, alpha=0.002813
  => Number of weighted events is below Poisson threshold
    Wprime1600           0.000000        0.000000                                      
      => Error is zero, ignore      
  ----------------------------------------------------------
    W_boson              0.000849        0.000021                                      
                         1670.000000     40.865633       Unweighted events, alpha=0.000001
      => Parameter prop_binmuon23_bin15_W_boson[0.00,-7.00,7.00] to be Gaussian constrained
  ----------------------------------------------------------
    Top                  0.000000        0.000000                                      
      => Error is zero, ignore      
  ----------------------------------------------------------
    Z_boson              0.000011        0.000003                                      
                         16.000000       4.000000        Unweighted events, alpha=0.000001
      => Parameter prop_binmuon23_bin15_Z_boson[0.00,-7.00,7.00] to be Gaussian constrained
  ----------------------------------------------------------
    DiBoson              0.000000        0.000000                                      
      => Error is zero, ignore      
  ----------------------------------------------------------
    QCD                  0.004765        0.003834                                      
                         2.000000        1.414214        Unweighted events, alpha=0.002383
      => Product of prop_binmuon23_bin15_QCD[2.00,0.00,33.79] and const [0.5000] to be Poisson constrained
  ----------------------------------------------------------
------------------------------------------------------------
Channel muon22 will use autoMCStats with settings: event-threshold=10, include-signal=0, hist-mode=1
Channel muon23 will use autoMCStats with settings: event-threshold=10, include-signal=0, hist-mode=1
Generate toy 1/250

 -- MarkovChainMC -- 
Limit: r < 1.08647 +/- 0.0153047 @ 95% credibility (15 tries)
Done in 0.20 min (cpu), 0.20 min (real)
Generate toy 2/250

 -- MarkovChainMC -- 
Limit: r < 1.13445 +/- 0.0123043 @ 95% credibility (15 tries)
Done in 0.20 min (cpu), 0.20 min (real)
Generate toy 3/250

 -- MarkovChainMC -- 
Limit: r < 1.18572 +/- 0.00510342 @ 95% credibility (15 tries)
Done in 0.20 min (cpu), 0.20 min (real)
Generate toy 4/250

 -- MarkovChainMC -- 
Limit: r < 2.174 +/- 0.0222902 @ 95% credibility (15 tries)
Done in 0.21 min (cpu), 0.21 min (real)
Generate toy 5/250

 -- MarkovChainMC -- 
Limit: r < 1.01184 +/- 0.00668846 @ 95% credibility (15 tries)
Done in 0.20 min (cpu), 0.20 min (real)
Generate toy 6/250

 -- MarkovChainMC -- 
Limit: r < 0.851674 +/- 0.0145615 @ 95% credibility (15 tries)
Done in 0.21 min (cpu), 0.21 min (real)
Generate toy 7/250

 -- MarkovChainMC -- 
Limit: r < 0.713827 +/- 0.0105207 @ 95% credibility (15 tries)
Done in 0.20 min (cpu), 0.20 min (real)
Generate toy 8/250

 -- MarkovChainMC -- 
Limit: r < 0.681661 +/- 0.0139829 @ 95% credibility (15 tries)
Done in 0.20 min (cpu), 0.20 min (real)
Generate toy 9/250

 -- MarkovChainMC -- 
Limit: r < 1.77079 +/- 0.0146385 @ 95% credibility (15 tries)
Done in 0.21 min (cpu), 0.21 min (real)
Generate toy 10/250

 -- MarkovChainMC -- 
Limit: r < 0.835927 +/- 0.0138228 @ 95% credibility (15 tries)
Done in 0.20 min (cpu), 0.20 min (real)
Generate toy 11/250

 -- MarkovChainMC -- 
Limit: r < 1.32925 +/- 0.0197466 @ 95% credibility (15 tries)
Done in 0.20 min (cpu), 0.21 min (real)
Generate toy 12/250

 -- MarkovChainMC -- 
Limit: r < 1.45848 +/- 0.0167424 @ 95% credibility (15 tries)
Done in 0.21 min (cpu), 0.21 min (real)
Generate toy 13/250

 -- MarkovChainMC -- 
Limit: r < 2.19534 +/- 0.0316235 @ 95% credibility (15 tries)
Done in 0.21 min (cpu), 0.22 min (real)
Generate toy 14/250

 -- MarkovChainMC -- 
Limit: r < 2.54264 +/- 0.0246244 @ 95% credibility (15 tries)
Done in 0.22 min (cpu), 0.22 min (real)
Generate toy 15/250

 -- MarkovChainMC -- 
Limit: r < 0.77953 +/- 0.0151399 @ 95% credibility (15 tries)
Done in 0.20 min (cpu), 0.20 min (real)
Generate toy 16/250

 -- MarkovChainMC -- 
Limit: r < 0.818206 +/- 0.00732004 @ 95% credibility (15 tries)
Done in 0.21 min (cpu), 0.21 min (real)
Generate toy 17/250

 -- MarkovChainMC -- 
Limit: r < 1.4754 +/- 0.0173148 @ 95% credibility (15 tries)
Done in 0.22 min (cpu), 0.22 min (real)
Generate toy 18/250

 -- MarkovChainMC -- 
Limit: r < 0.873719 +/- 0.0157759 @ 95% credibility (15 tries)
Done in 0.21 min (cpu), 0.21 min (real)
Generate toy 19/250

 -- MarkovChainMC -- 
Limit: r < 1.0789 +/- 0.0133105 @ 95% credibility (15 tries)
Done in 0.21 min (cpu), 0.21 min (real)
Generate toy 20/250

 -- MarkovChainMC -- 
Limit: r < 1.22806 +/- 0.0164358 @ 95% credibility (15 tries)
Done in 0.20 min (cpu), 0.20 min (real)
Generate toy 21/250

 -- MarkovChainMC -- 
Limit: r < 0.701956 +/- 0.0104395 @ 95% credibility (15 tries)
Done in 0.20 min (cpu), 0.20 min (real)
Generate toy 22/250

 -- MarkovChainMC -- 
Limit: r < 1.1341 +/- 0.0202163 @ 95% credibility (15 tries)
Done in 0.20 min (cpu), 0.20 min (real)
Generate toy 23/250

 -- MarkovChainMC -- 
Limit: r < 1.85068 +/- 0.0205063 @ 95% credibility (15 tries)
Done in 0.21 min (cpu), 0.21 min (real)
Generate toy 24/250

 -- MarkovChainMC -- 
Limit: r < 1.92663 +/- 0.00791804 @ 95% credibility (15 tries)
Done in 0.21 min (cpu), 0.21 min (real)
Generate toy 25/250

 -- MarkovChainMC -- 
Limit: r < 0.824235 +/- 0.00889361 @ 95% credibility (15 tries)
Done in 0.20 min (cpu), 0.20 min (real)
Generate toy 26/250

 -- MarkovChainMC -- 
Limit: r < 1.72173 +/- 0.0163026 @ 95% credibility (15 tries)
Done in 0.21 min (cpu), 0.21 min (real)
Generate toy 27/250

 -- MarkovChainMC -- 
Limit: r < 1.14101 +/- 0.00943827 @ 95% credibility (15 tries)
Done in 0.20 min (cpu), 0.20 min (real)
Generate toy 28/250

 -- MarkovChainMC -- 
Limit: r < 1.41682 +/- 0.016313 @ 95% credibility (15 tries)
Done in 0.21 min (cpu), 0.21 min (real)
Generate toy 29/250

 -- MarkovChainMC -- 
Limit: r < 1.33514 +/- 0.0228253 @ 95% credibility (15 tries)
Done in 0.21 min (cpu), 0.21 min (real)
Generate toy 30/250

 -- MarkovChainMC -- 
Limit: r < 1.15858 +/- 0.00890243 @ 95% credibility (15 tries)
Done in 0.20 min (cpu), 0.20 min (real)
Generate toy 31/250

 -- MarkovChainMC -- 
Limit: r < 0.825117 +/- 0.00541545 @ 95% credibility (15 tries)
Done in 0.20 min (cpu), 0.20 min (real)
Generate toy 32/250

 -- MarkovChainMC -- 
Limit: r < 1.22195 +/- 0.0179354 @ 95% credibility (15 tries)
Done in 0.21 min (cpu), 0.21 min (real)
Generate toy 33/250

 -- MarkovChainMC -- 
Limit: r < 0.856285 +/- 0.0139604 @ 95% credibility (15 tries)
Done in 0.20 min (cpu), 0.20 min (real)
Generate toy 34/250

 -- MarkovChainMC -- 
Limit: r < 1.21707 +/- 0.0159958 @ 95% credibility (15 tries)
Done in 0.20 min (cpu), 0.20 min (real)
Generate toy 35/250

 -- MarkovChainMC -- 
Limit: r < 1.26605 +/- 0.0180708 @ 95% credibility (15 tries)
Done in 0.20 min (cpu), 0.21 min (real)
Generate toy 36/250

 -- MarkovChainMC -- 
Limit: r < 1.60028 +/- 0.0125237 @ 95% credibility (15 tries)
Done in 0.21 min (cpu), 0.21 min (real)
Generate toy 37/250

 -- MarkovChainMC -- 
Limit: r < 1.09568 +/- 0.0116439 @ 95% credibility (15 tries)
Done in 0.21 min (cpu), 0.21 min (real)
Generate toy 38/250

 -- MarkovChainMC -- 
Limit: r < 0.811685 +/- 0.00893115 @ 95% credibility (15 tries)
Done in 0.21 min (cpu), 0.21 min (real)
Generate toy 39/250

 -- MarkovChainMC -- 
Limit: r < 0.70218 +/- 0.0117671 @ 95% credibility (15 tries)
Done in 0.20 min (cpu), 0.20 min (real)
Generate toy 40/250

 -- MarkovChainMC -- 
Limit: r < 1.27359 +/- 0.0178756 @ 95% credibility (15 tries)
Done in 0.21 min (cpu), 0.21 min (real)
Generate toy 41/250

 -- MarkovChainMC -- 
Limit: r < 1.66202 +/- 0.010797 @ 95% credibility (15 tries)
Done in 0.21 min (cpu), 0.21 min (real)
Generate toy 42/250

 -- MarkovChainMC -- 
Limit: r < 1.15551 +/- 0.0113615 @ 95% credibility (15 tries)
Done in 0.21 min (cpu), 0.21 min (real)
Generate toy 43/250

 -- MarkovChainMC -- 
Limit: r < 1.71188 +/- 0.0209917 @ 95% credibility (15 tries)
Done in 0.21 min (cpu), 0.21 min (real)
Generate toy 44/250

 -- MarkovChainMC -- 
Limit: r < 0.894448 +/- 0.0138557 @ 95% credibility (15 tries)
Done in 0.20 min (cpu), 0.20 min (real)
Generate toy 45/250

 -- MarkovChainMC -- 
Limit: r < 0.833243 +/- 0.0087599 @ 95% credibility (15 tries)
Done in 0.20 min (cpu), 0.20 min (real)
Generate toy 46/250

 -- MarkovChainMC -- 
Limit: r < 1.31082 +/- 0.0172044 @ 95% credibility (15 tries)
Done in 0.21 min (cpu), 0.21 min (real)
Generate toy 47/250

 -- MarkovChainMC -- 
Limit: r < 1.53168 +/- 0.0204055 @ 95% credibility (15 tries)
Done in 0.21 min (cpu), 0.21 min (real)
Generate toy 48/250

 -- MarkovChainMC -- 
Limit: r < 1.34787 +/- 0.0177245 @ 95% credibility (15 tries)
Done in 0.21 min (cpu), 0.21 min (real)
Generate toy 49/250

 -- MarkovChainMC -- 
Limit: r < 1.153 +/- 0.0122452 @ 95% credibility (15 tries)
Done in 0.21 min (cpu), 0.21 min (real)
Generate toy 50/250

 -- MarkovChainMC -- 
Limit: r < 1.91923 +/- 0.0130147 @ 95% credibility (15 tries)
Done in 0.21 min (cpu), 0.21 min (real)
Generate toy 51/250

 -- MarkovChainMC -- 
Limit: r < 0.839551 +/- 0.012899 @ 95% credibility (15 tries)
Done in 0.20 min (cpu), 0.20 min (real)
Generate toy 52/250

 -- MarkovChainMC -- 
Limit: r < 1.33635 +/- 0.0249222 @ 95% credibility (15 tries)
Done in 0.21 min (cpu), 0.21 min (real)
Generate toy 53/250

 -- MarkovChainMC -- 
Limit: r < 0.813628 +/- 0.0160148 @ 95% credibility (15 tries)
Done in 0.20 min (cpu), 0.20 min (real)
Generate toy 54/250

 -- MarkovChainMC -- 
Limit: r < 1.1584 +/- 0.0169176 @ 95% credibility (15 tries)
Done in 0.21 min (cpu), 0.21 min (real)
Generate toy 55/250

 -- MarkovChainMC -- 
Limit: r < 1.28657 +/- 0.0172953 @ 95% credibility (15 tries)
Done in 0.22 min (cpu), 0.22 min (real)
Generate toy 56/250

 -- MarkovChainMC -- 
Limit: r < 0.978863 +/- 0.0146197 @ 95% credibility (15 tries)
Done in 0.20 min (cpu), 0.20 min (real)
Generate toy 57/250

 -- MarkovChainMC -- 
Limit: r < 1.67735 +/- 0.0201643 @ 95% credibility (15 tries)
Done in 0.21 min (cpu), 0.21 min (real)
Generate toy 58/250

 -- MarkovChainMC -- 
Limit: r < 0.97409 +/- 0.0131213 @ 95% credibility (15 tries)
Done in 0.20 min (cpu), 0.20 min (real)
Generate toy 59/250

 -- MarkovChainMC -- 
Limit: r < 1.56636 +/- 0.0106573 @ 95% credibility (15 tries)
Done in 0.21 min (cpu), 0.21 min (real)
Generate toy 60/250

 -- MarkovChainMC -- 
Limit: r < 0.791489 +/- 0.015393 @ 95% credibility (15 tries)
Done in 0.20 min (cpu), 0.20 min (real)
Generate toy 61/250

 -- MarkovChainMC -- 
Limit: r < 0.901831 +/- 0.0143321 @ 95% credibility (15 tries)
Done in 0.21 min (cpu), 0.21 min (real)
Generate toy 62/250

 -- MarkovChainMC -- 
Limit: r < 1.59928 +/- 0.0156299 @ 95% credibility (15 tries)
Done in 0.21 min (cpu), 0.21 min (real)
Generate toy 63/250

 -- MarkovChainMC -- 
Limit: r < 1.37147 +/- 0.00860157 @ 95% credibility (15 tries)
Done in 0.21 min (cpu), 0.21 min (real)
Generate toy 64/250

 -- MarkovChainMC -- 
Limit: r < 1.09063 +/- 0.022769 @ 95% credibility (15 tries)
Done in 0.20 min (cpu), 0.20 min (real)
Generate toy 65/250

 -- MarkovChainMC -- 
Limit: r < 1.25198 +/- 0.0169656 @ 95% credibility (15 tries)
Done in 0.20 min (cpu), 0.20 min (real)
Generate toy 66/250

 -- MarkovChainMC -- 
Limit: r < 0.638791 +/- 0.00707659 @ 95% credibility (15 tries)
Done in 0.19 min (cpu), 0.20 min (real)
Generate toy 67/250

 -- MarkovChainMC -- 
Limit: r < 1.02678 +/- 0.00907858 @ 95% credibility (15 tries)
Done in 0.20 min (cpu), 0.20 min (real)
Generate toy 68/250

 -- MarkovChainMC -- 
Limit: r < 1.18326 +/- 0.0105155 @ 95% credibility (15 tries)
Done in 0.20 min (cpu), 0.20 min (real)
Generate toy 69/250

 -- MarkovChainMC -- 
Limit: r < 0.76603 +/- 0.00954297 @ 95% credibility (15 tries)
Done in 0.20 min (cpu), 0.20 min (real)
Generate toy 70/250

 -- MarkovChainMC -- 
Limit: r < 1.09781 +/- 0.0193556 @ 95% credibility (15 tries)
Done in 0.20 min (cpu), 0.20 min (real)
Generate toy 71/250

 -- MarkovChainMC -- 
Limit: r < 1.5613 +/- 0.0173711 @ 95% credibility (15 tries)
Done in 0.21 min (cpu), 0.21 min (real)
Generate toy 72/250

 -- MarkovChainMC -- 
Limit: r < 2.09085 +/- 0.0234561 @ 95% credibility (15 tries)
Done in 0.21 min (cpu), 0.21 min (real)
Generate toy 73/250

 -- MarkovChainMC -- 
Limit: r < 1.93781 +/- 0.00734829 @ 95% credibility (15 tries)
Done in 0.21 min (cpu), 0.21 min (real)
Generate toy 74/250

 -- MarkovChainMC -- 
Limit: r < 0.82164 +/- 0.00847935 @ 95% credibility (15 tries)
Done in 0.20 min (cpu), 0.21 min (real)
Generate toy 75/250

 -- MarkovChainMC -- 
Limit: r < 1.71468 +/- 0.00956604 @ 95% credibility (15 tries)
Done in 0.21 min (cpu), 0.21 min (real)
Generate toy 76/250

 -- MarkovChainMC -- 
Limit: r < 1.4487 +/- 0.016641 @ 95% credibility (15 tries)
Done in 0.21 min (cpu), 0.21 min (real)
Generate toy 77/250

 -- MarkovChainMC -- 
Limit: r < 1.23827 +/- 0.00893926 @ 95% credibility (15 tries)
Done in 0.20 min (cpu), 0.20 min (real)
Generate toy 78/250

 -- MarkovChainMC -- 
Limit: r < 0.698557 +/- 0.0145771 @ 95% credibility (15 tries)
Done in 0.20 min (cpu), 0.20 min (real)
Generate toy 79/250

 -- MarkovChainMC -- 
Limit: r < 1.54942 +/- 0.0149564 @ 95% credibility (15 tries)
Done in 0.21 min (cpu), 0.21 min (real)
Generate toy 80/250

 -- MarkovChainMC -- 
Limit: r < 1.26467 +/- 0.0119786 @ 95% credibility (15 tries)
Done in 0.21 min (cpu), 0.21 min (real)
Generate toy 81/250

 -- MarkovChainMC -- 
Limit: r < 0.814359 +/- 0.00947853 @ 95% credibility (15 tries)
Done in 0.20 min (cpu), 0.20 min (real)
Generate toy 82/250

 -- MarkovChainMC -- 
Limit: r < 0.679167 +/- 0.00652059 @ 95% credibility (15 tries)
Done in 0.20 min (cpu), 0.20 min (real)
Generate toy 83/250

 -- MarkovChainMC -- 
Limit: r < 0.818557 +/- 0.00923779 @ 95% credibility (15 tries)
Done in 0.20 min (cpu), 0.20 min (real)
Generate toy 84/250

 -- MarkovChainMC -- 
Limit: r < 0.755279 +/- 0.00938455 @ 95% credibility (15 tries)
Done in 0.20 min (cpu), 0.20 min (real)
Generate toy 85/250

 -- MarkovChainMC -- 
Limit: r < 1.01518 +/- 0.0159661 @ 95% credibility (15 tries)
Done in 0.20 min (cpu), 0.20 min (real)
Generate toy 86/250

 -- MarkovChainMC -- 
Limit: r < 0.625331 +/- 0.00992869 @ 95% credibility (15 tries)
Done in 0.20 min (cpu), 0.20 min (real)
Generate toy 87/250

 -- MarkovChainMC -- 
Limit: r < 1.31975 +/- 0.0117708 @ 95% credibility (15 tries)
Done in 0.21 min (cpu), 0.21 min (real)
Generate toy 88/250

 -- MarkovChainMC -- 
Limit: r < 1.09056 +/- 0.0179884 @ 95% credibility (15 tries)
Done in 0.20 min (cpu), 0.20 min (real)
Generate toy 89/250

 -- MarkovChainMC -- 
Limit: r < 0.788975 +/- 0.00811081 @ 95% credibility (15 tries)
Done in 0.20 min (cpu), 0.20 min (real)
Generate toy 90/250

 -- MarkovChainMC -- 
Limit: r < 1.42589 +/- 0.0148107 @ 95% credibility (15 tries)
Done in 0.21 min (cpu), 0.21 min (real)
Generate toy 91/250

 -- MarkovChainMC -- 
Limit: r < 1.15568 +/- 0.0132967 @ 95% credibility (15 tries)
Done in 0.20 min (cpu), 0.20 min (real)
Generate toy 92/250

 -- MarkovChainMC -- 
Limit: r < 0.962794 +/- 0.00891484 @ 95% credibility (15 tries)
Done in 0.20 min (cpu), 0.20 min (real)
Generate toy 93/250

 -- MarkovChainMC -- 
Limit: r < 1.0178 +/- 0.0114351 @ 95% credibility (15 tries)
Done in 0.20 min (cpu), 0.20 min (real)
Generate toy 94/250

 -- MarkovChainMC -- 
Limit: r < 1.00077 +/- 0.0153065 @ 95% credibility (15 tries)
Done in 0.20 min (cpu), 0.20 min (real)
Generate toy 95/250

 -- MarkovChainMC -- 
Limit: r < 0.864555 +/- 0.01352 @ 95% credibility (15 tries)
Done in 0.20 min (cpu), 0.20 min (real)
Generate toy 96/250

 -- MarkovChainMC -- 
Limit: r < 0.74793 +/- 0.0121957 @ 95% credibility (15 tries)
Done in 0.20 min (cpu), 0.20 min (real)
Generate toy 97/250

 -- MarkovChainMC -- 
Limit: r < 1.99701 +/- 0.0221596 @ 95% credibility (15 tries)
Done in 0.21 min (cpu), 0.21 min (real)
Generate toy 98/250

 -- MarkovChainMC -- 
Limit: r < 1.22147 +/- 0.0147463 @ 95% credibility (15 tries)
Done in 0.20 min (cpu), 0.20 min (real)
Generate toy 99/250

 -- MarkovChainMC -- 
Limit: r < 1.04037 +/- 0.0158085 @ 95% credibility (15 tries)
Done in 0.20 min (cpu), 0.20 min (real)
Generate toy 100/250

 -- MarkovChainMC -- 
Limit: r < 1.2834 +/- 0.0213285 @ 95% credibility (15 tries)
Done in 0.21 min (cpu), 0.21 min (real)
Generate toy 101/250

 -- MarkovChainMC -- 
Limit: r < 0.628708 +/- 0.0125211 @ 95% credibility (15 tries)
Done in 0.20 min (cpu), 0.20 min (real)
Generate toy 102/250

 -- MarkovChainMC -- 
Limit: r < 0.847249 +/- 0.00740621 @ 95% credibility (15 tries)
Done in 0.20 min (cpu), 0.20 min (real)
Generate toy 103/250

 -- MarkovChainMC -- 
Limit: r < 1.17795 +/- 0.0175359 @ 95% credibility (15 tries)
Done in 0.20 min (cpu), 0.20 min (real)
Generate toy 104/250

 -- MarkovChainMC -- 
Limit: r < 1.22028 +/- 0.0116552 @ 95% credibility (15 tries)
Done in 0.20 min (cpu), 0.21 min (real)
Generate toy 105/250

 -- MarkovChainMC -- 
Limit: r < 1.55524 +/- 0.00954187 @ 95% credibility (15 tries)
Done in 0.21 min (cpu), 0.21 min (real)
Generate toy 106/250

 -- MarkovChainMC -- 
Limit: r < 0.956593 +/- 0.0153727 @ 95% credibility (15 tries)
Done in 0.20 min (cpu), 0.20 min (real)
Generate toy 107/250

 -- MarkovChainMC -- 
Limit: r < 1.03305 +/- 0.0160633 @ 95% credibility (15 tries)
Done in 0.20 min (cpu), 0.20 min (real)
Generate toy 108/250

 -- MarkovChainMC -- 
Limit: r < 1.19812 +/- 0.0158898 @ 95% credibility (15 tries)
Done in 0.20 min (cpu), 0.20 min (real)
Generate toy 109/250

 -- MarkovChainMC -- 
Limit: r < 0.898353 +/- 0.0170108 @ 95% credibility (15 tries)
Done in 0.20 min (cpu), 0.20 min (real)
Generate toy 110/250

 -- MarkovChainMC -- 
Limit: r < 0.844308 +/- 0.011608 @ 95% credibility (15 tries)
Done in 0.20 min (cpu), 0.20 min (real)
Generate toy 111/250

 -- MarkovChainMC -- 
Limit: r < 1.07199 +/- 0.0105713 @ 95% credibility (15 tries)
Done in 0.20 min (cpu), 0.20 min (real)
Generate toy 112/250

 -- MarkovChainMC -- 
Limit: r < 0.93326 +/- 0.0120379 @ 95% credibility (15 tries)
Done in 0.20 min (cpu), 0.20 min (real)
Generate toy 113/250

 -- MarkovChainMC -- 
Limit: r < 0.705678 +/- 0.00928283 @ 95% credibility (15 tries)
Done in 0.20 min (cpu), 0.20 min (real)
Generate toy 114/250

 -- MarkovChainMC -- 
Limit: r < 0.790841 +/- 0.00922858 @ 95% credibility (15 tries)
Done in 0.20 min (cpu), 0.20 min (real)
Generate toy 115/250

 -- MarkovChainMC -- 
Limit: r < 1.49931 +/- 0.0188634 @ 95% credibility (15 tries)
Done in 0.21 min (cpu), 0.21 min (real)
Generate toy 116/250

 -- MarkovChainMC -- 
Limit: r < 1.06678 +/- 0.0159136 @ 95% credibility (15 tries)
Done in 0.20 min (cpu), 0.20 min (real)
Generate toy 117/250

 -- MarkovChainMC -- 
Limit: r < 1.21815 +/- 0.00584709 @ 95% credibility (15 tries)
Done in 0.20 min (cpu), 0.20 min (real)
Generate toy 118/250

 -- MarkovChainMC -- 
Limit: r < 1.17574 +/- 0.0143703 @ 95% credibility (15 tries)
Done in 0.20 min (cpu), 0.20 min (real)
Generate toy 119/250

 -- MarkovChainMC -- 
Limit: r < 1.47483 +/- 0.0232328 @ 95% credibility (15 tries)
Done in 0.21 min (cpu), 0.21 min (real)
Generate toy 120/250

 -- MarkovChainMC -- 
Limit: r < 1.06943 +/- 0.0180937 @ 95% credibility (15 tries)
Done in 0.20 min (cpu), 0.20 min (real)
Generate toy 121/250

 -- MarkovChainMC -- 
Limit: r < 1.54121 +/- 0.0131957 @ 95% credibility (15 tries)
Done in 0.21 min (cpu), 0.21 min (real)
Generate toy 122/250

 -- MarkovChainMC -- 
Limit: r < 1.61742 +/- 0.0123666 @ 95% credibility (15 tries)
Done in 0.21 min (cpu), 0.21 min (real)
Generate toy 123/250

 -- MarkovChainMC -- 
Limit: r < 1.2759 +/- 0.0160704 @ 95% credibility (15 tries)
Done in 0.20 min (cpu), 0.21 min (real)
Generate toy 124/250

 -- MarkovChainMC -- 
Limit: r < 2.25582 +/- 0.0162811 @ 95% credibility (15 tries)
Done in 0.21 min (cpu), 0.21 min (real)
Generate toy 125/250

 -- MarkovChainMC -- 
Limit: r < 0.885782 +/- 0.0176799 @ 95% credibility (15 tries)
Done in 0.20 min (cpu), 0.20 min (real)
Generate toy 126/250

 -- MarkovChainMC -- 
Limit: r < 0.865822 +/- 0.0141065 @ 95% credibility (15 tries)
Done in 0.20 min (cpu), 0.20 min (real)
Generate toy 127/250

 -- MarkovChainMC -- 
Limit: r < 1.04086 +/- 0.0129507 @ 95% credibility (15 tries)
Done in 0.20 min (cpu), 0.20 min (real)
Generate toy 128/250

 -- MarkovChainMC -- 
Limit: r < 0.941412 +/- 0.0142105 @ 95% credibility (15 tries)
Done in 0.20 min (cpu), 0.20 min (real)
Generate toy 129/250

 -- MarkovChainMC -- 
Limit: r < 0.688973 +/- 0.00618564 @ 95% credibility (15 tries)
Done in 0.20 min (cpu), 0.20 min (real)
Generate toy 130/250

 -- MarkovChainMC -- 
Limit: r < 0.833778 +/- 0.00970279 @ 95% credibility (15 tries)
Done in 0.20 min (cpu), 0.20 min (real)
Generate toy 131/250

 -- MarkovChainMC -- 
Limit: r < 1.59254 +/- 0.0116792 @ 95% credibility (15 tries)
Done in 0.21 min (cpu), 0.21 min (real)
Generate toy 132/250

 -- MarkovChainMC -- 
Limit: r < 1.258 +/- 0.0166681 @ 95% credibility (15 tries)
Done in 0.20 min (cpu), 0.20 min (real)
Generate toy 133/250

 -- MarkovChainMC -- 
Limit: r < 1.29205 +/- 0.0144343 @ 95% credibility (15 tries)
Done in 0.20 min (cpu), 0.20 min (real)
Generate toy 134/250

 -- MarkovChainMC -- 
Limit: r < 1.50786 +/- 0.0235557 @ 95% credibility (15 tries)
Done in 0.21 min (cpu), 0.21 min (real)
Generate toy 135/250

 -- MarkovChainMC -- 
Limit: r < 1.00809 +/- 0.0141155 @ 95% credibility (15 tries)
Done in 0.20 min (cpu), 0.20 min (real)
Generate toy 136/250

 -- MarkovChainMC -- 
Limit: r < 1.14808 +/- 0.0117865 @ 95% credibility (15 tries)
Done in 0.20 min (cpu), 0.20 min (real)
Generate toy 137/250

 -- MarkovChainMC -- 
Limit: r < 0.927512 +/- 0.0128538 @ 95% credibility (15 tries)
Done in 0.20 min (cpu), 0.20 min (real)
Generate toy 138/250

 -- MarkovChainMC -- 
Limit: r < 1.84604 +/- 0.0113227 @ 95% credibility (15 tries)
Done in 0.21 min (cpu), 0.21 min (real)
Generate toy 139/250

 -- MarkovChainMC -- 
Limit: r < 1.24365 +/- 0.0138385 @ 95% credibility (15 tries)
Done in 0.21 min (cpu), 0.21 min (real)
Generate toy 140/250

 -- MarkovChainMC -- 
Limit: r < 1.24888 +/- 0.0190978 @ 95% credibility (15 tries)
Done in 0.20 min (cpu), 0.20 min (real)
Generate toy 141/250

 -- MarkovChainMC -- 
Limit: r < 2.11143 +/- 0.0182104 @ 95% credibility (15 tries)
Done in 0.21 min (cpu), 0.21 min (real)
Generate toy 142/250

 -- MarkovChainMC -- 
Limit: r < 1.5215 +/- 0.0160828 @ 95% credibility (15 tries)
Done in 0.21 min (cpu), 0.21 min (real)
Generate toy 143/250

 -- MarkovChainMC -- 
Limit: r < 1.08464 +/- 0.00411533 @ 95% credibility (15 tries)
Done in 0.20 min (cpu), 0.20 min (real)
Generate toy 144/250

 -- MarkovChainMC -- 
Limit: r < 0.817657 +/- 0.0161576 @ 95% credibility (15 tries)
Done in 0.20 min (cpu), 0.20 min (real)
Generate toy 145/250

 -- MarkovChainMC -- 
Limit: r < 1.60819 +/- 0.0104709 @ 95% credibility (15 tries)
Done in 0.21 min (cpu), 0.21 min (real)
Generate toy 146/250

 -- MarkovChainMC -- 
Limit: r < 1.1475 +/- 0.012542 @ 95% credibility (15 tries)
Done in 0.20 min (cpu), 0.20 min (real)
Generate toy 147/250

 -- MarkovChainMC -- 
Limit: r < 0.763955 +/- 0.0145554 @ 95% credibility (15 tries)
Done in 0.20 min (cpu), 0.20 min (real)
Generate toy 148/250

 -- MarkovChainMC -- 
Limit: r < 1.42552 +/- 0.0298185 @ 95% credibility (15 tries)
Done in 0.21 min (cpu), 0.21 min (real)
Generate toy 149/250

 -- MarkovChainMC -- 
Limit: r < 1.09557 +/- 0.0153016 @ 95% credibility (15 tries)
Done in 0.20 min (cpu), 0.20 min (real)
Generate toy 150/250

 -- MarkovChainMC -- 
Limit: r < 1.14334 +/- 0.0155606 @ 95% credibility (15 tries)
Done in 0.20 min (cpu), 0.20 min (real)
Generate toy 151/250

 -- MarkovChainMC -- 
Limit: r < 0.539046 +/- 0.0104148 @ 95% credibility (15 tries)
Done in 0.19 min (cpu), 0.19 min (real)
Generate toy 152/250

 -- MarkovChainMC -- 
Limit: r < 0.869905 +/- 0.0101288 @ 95% credibility (15 tries)
Done in 0.20 min (cpu), 0.20 min (real)
Generate toy 153/250

 -- MarkovChainMC -- 
Limit: r < 0.625195 +/- 0.0107748 @ 95% credibility (15 tries)
Done in 0.19 min (cpu), 0.19 min (real)
Generate toy 154/250

 -- MarkovChainMC -- 
Limit: r < 0.889331 +/- 0.00938311 @ 95% credibility (15 tries)
Done in 0.20 min (cpu), 0.20 min (real)
Generate toy 155/250

 -- MarkovChainMC -- 
Limit: r < 1.05867 +/- 0.0178184 @ 95% credibility (15 tries)
Done in 0.20 min (cpu), 0.20 min (real)
Generate toy 156/250

 -- MarkovChainMC -- 
Limit: r < 2.4725 +/- 0.0242233 @ 95% credibility (15 tries)
Done in 0.21 min (cpu), 0.21 min (real)
Generate toy 157/250

 -- MarkovChainMC -- 
Limit: r < 0.749862 +/- 0.00956966 @ 95% credibility (15 tries)
Done in 0.20 min (cpu), 0.20 min (real)
Generate toy 158/250

 -- MarkovChainMC -- 
Limit: r < 1.08764 +/- 0.0165522 @ 95% credibility (15 tries)
Done in 0.20 min (cpu), 0.20 min (real)
Generate toy 159/250

 -- MarkovChainMC -- 
Limit: r < 1.22575 +/- 0.0138409 @ 95% credibility (15 tries)
Done in 0.20 min (cpu), 0.20 min (real)
Generate toy 160/250

 -- MarkovChainMC -- 
Limit: r < 1.70758 +/- 0.0139139 @ 95% credibility (15 tries)
Done in 0.22 min (cpu), 0.22 min (real)
Generate toy 161/250

 -- MarkovChainMC -- 
Limit: r < 1.45781 +/- 0.0198424 @ 95% credibility (15 tries)
Done in 0.21 min (cpu), 0.21 min (real)
Generate toy 162/250

 -- MarkovChainMC -- 
Limit: r < 1.4444 +/- 0.0205514 @ 95% credibility (15 tries)
Done in 0.21 min (cpu), 0.21 min (real)
Generate toy 163/250

 -- MarkovChainMC -- 
Limit: r < 0.954307 +/- 0.0134634 @ 95% credibility (15 tries)
Done in 0.20 min (cpu), 0.20 min (real)
Generate toy 164/250

 -- MarkovChainMC -- 
Limit: r < 1.38813 +/- 0.0132983 @ 95% credibility (15 tries)
Done in 0.21 min (cpu), 0.21 min (real)
Generate toy 165/250

 -- MarkovChainMC -- 
Limit: r < 1.3152 +/- 0.0178467 @ 95% credibility (15 tries)
Done in 0.20 min (cpu), 0.21 min (real)
Generate toy 166/250

 -- MarkovChainMC -- 
Limit: r < 1.07266 +/- 0.0136929 @ 95% credibility (15 tries)
Done in 0.20 min (cpu), 0.20 min (real)
Generate toy 167/250

 -- MarkovChainMC -- 
Limit: r < 1.12756 +/- 0.0113684 @ 95% credibility (15 tries)
Done in 0.21 min (cpu), 0.21 min (real)
Generate toy 168/250

 -- MarkovChainMC -- 
Limit: r < 1.65083 +/- 0.01312 @ 95% credibility (15 tries)
Done in 0.21 min (cpu), 0.21 min (real)
Generate toy 169/250

 -- MarkovChainMC -- 
Limit: r < 0.610526 +/- 0.00937719 @ 95% credibility (15 tries)
Done in 0.20 min (cpu), 0.20 min (real)
Generate toy 170/250

 -- MarkovChainMC -- 
Limit: r < 1.1624 +/- 0.005817 @ 95% credibility (15 tries)
Done in 0.20 min (cpu), 0.21 min (real)
Generate toy 171/250

 -- MarkovChainMC -- 
Limit: r < 1.88399 +/- 0.0187096 @ 95% credibility (15 tries)
Done in 0.21 min (cpu), 0.21 min (real)
Generate toy 172/250

 -- MarkovChainMC -- 
Limit: r < 1.17388 +/- 0.0059028 @ 95% credibility (15 tries)
Done in 0.21 min (cpu), 0.22 min (real)
Generate toy 173/250

 -- MarkovChainMC -- 
Limit: r < 1.13176 +/- 0.0250207 @ 95% credibility (15 tries)
Done in 0.21 min (cpu), 0.21 min (real)
Generate toy 174/250

 -- MarkovChainMC -- 
Limit: r < 1.55968 +/- 0.0125743 @ 95% credibility (15 tries)
Done in 0.21 min (cpu), 0.21 min (real)
Generate toy 175/250

 -- MarkovChainMC -- 
Limit: r < 0.766974 +/- 0.015124 @ 95% credibility (15 tries)
Done in 0.20 min (cpu), 0.20 min (real)
Generate toy 176/250

 -- MarkovChainMC -- 
Limit: r < 1.02159 +/- 0.0119854 @ 95% credibility (15 tries)
Done in 0.20 min (cpu), 0.20 min (real)
Generate toy 177/250

 -- MarkovChainMC -- 
Limit: r < 1.20593 +/- 0.014362 @ 95% credibility (15 tries)
Done in 0.20 min (cpu), 0.20 min (real)
Generate toy 178/250

 -- MarkovChainMC -- 
Limit: r < 1.92801 +/- 0.0235069 @ 95% credibility (15 tries)
Done in 0.21 min (cpu), 0.21 min (real)
Generate toy 179/250

 -- MarkovChainMC -- 
Limit: r < 0.927715 +/- 0.0079003 @ 95% credibility (15 tries)
Done in 0.20 min (cpu), 0.20 min (real)
Generate toy 180/250

 -- MarkovChainMC -- 
Limit: r < 1.13595 +/- 0.0172289 @ 95% credibility (15 tries)
Done in 0.20 min (cpu), 0.20 min (real)
Generate toy 181/250

 -- MarkovChainMC -- 
Limit: r < 0.836224 +/- 0.0081774 @ 95% credibility (15 tries)
Done in 0.20 min (cpu), 0.20 min (real)
Generate toy 182/250

 -- MarkovChainMC -- 
Limit: r < 1.14926 +/- 0.00569903 @ 95% credibility (15 tries)
Done in 0.21 min (cpu), 0.21 min (real)
Generate toy 183/250

 -- MarkovChainMC -- 
Limit: r < 2.83139 +/- 0.0306991 @ 95% credibility (15 tries)
Done in 0.22 min (cpu), 0.22 min (real)
Generate toy 184/250

 -- MarkovChainMC -- 
Limit: r < 0.80767 +/- 0.00779159 @ 95% credibility (15 tries)
Done in 0.20 min (cpu), 0.21 min (real)
Generate toy 185/250

 -- MarkovChainMC -- 
Limit: r < 0.954932 +/- 0.0142936 @ 95% credibility (15 tries)
Done in 0.21 min (cpu), 0.21 min (real)
Generate toy 186/250

 -- MarkovChainMC -- 
Limit: r < 1.84572 +/- 0.0203108 @ 95% credibility (15 tries)
Done in 0.22 min (cpu), 0.22 min (real)
Generate toy 187/250

 -- MarkovChainMC -- 
Limit: r < 0.946237 +/- 0.0139314 @ 95% credibility (15 tries)
Done in 0.20 min (cpu), 0.21 min (real)
Generate toy 188/250

 -- MarkovChainMC -- 
Limit: r < 0.752397 +/- 0.0196483 @ 95% credibility (15 tries)
Done in 0.20 min (cpu), 0.21 min (real)
Generate toy 189/250

 -- MarkovChainMC -- 
Limit: r < 1.05748 +/- 0.00965194 @ 95% credibility (15 tries)
Done in 0.21 min (cpu), 0.21 min (real)
Generate toy 190/250

 -- MarkovChainMC -- 
Limit: r < 1.47784 +/- 0.0227034 @ 95% credibility (15 tries)
Done in 0.21 min (cpu), 0.21 min (real)
Generate toy 191/250

 -- MarkovChainMC -- 
Limit: r < 0.768294 +/- 0.00969864 @ 95% credibility (15 tries)
Done in 0.21 min (cpu), 0.21 min (real)
Generate toy 192/250

 -- MarkovChainMC -- 
Limit: r < 0.9075 +/- 0.0141714 @ 95% credibility (15 tries)
Done in 0.21 min (cpu), 0.22 min (real)
Generate toy 193/250

 -- MarkovChainMC -- 
Limit: r < 1.65143 +/- 0.0125875 @ 95% credibility (15 tries)
Done in 0.23 min (cpu), 0.23 min (real)
Generate toy 194/250

 -- MarkovChainMC -- 
Limit: r < 1.20124 +/- 0.00915393 @ 95% credibility (15 tries)
Done in 0.23 min (cpu), 0.23 min (real)
Generate toy 195/250

 -- MarkovChainMC -- 
Limit: r < 1.04514 +/- 0.0135911 @ 95% credibility (15 tries)
Done in 0.22 min (cpu), 0.22 min (real)
Generate toy 196/250

 -- MarkovChainMC -- 
Limit: r < 1.76995 +/- 0.0217069 @ 95% credibility (15 tries)
Done in 0.24 min (cpu), 0.24 min (real)
Generate toy 197/250

 -- MarkovChainMC -- 
Limit: r < 1.28747 +/- 0.0155811 @ 95% credibility (15 tries)
Done in 0.22 min (cpu), 0.22 min (real)
Generate toy 198/250

 -- MarkovChainMC -- 
Limit: r < 1.20157 +/- 0.0195553 @ 95% credibility (15 tries)
Done in 0.21 min (cpu), 0.21 min (real)
Generate toy 199/250

 -- MarkovChainMC -- 
Limit: r < 1.67465 +/- 0.0192242 @ 95% credibility (15 tries)
Done in 0.22 min (cpu), 0.22 min (real)
Generate toy 200/250

 -- MarkovChainMC -- 
Limit: r < 0.706015 +/- 0.00568914 @ 95% credibility (15 tries)
Done in 0.20 min (cpu), 0.20 min (real)
Generate toy 201/250

 -- MarkovChainMC -- 
Limit: r < 0.713463 +/- 0.0110519 @ 95% credibility (15 tries)
Done in 0.20 min (cpu), 0.20 min (real)
Generate toy 202/250

 -- MarkovChainMC -- 
Limit: r < 1.09054 +/- 0.0181375 @ 95% credibility (15 tries)
Done in 0.21 min (cpu), 0.21 min (real)
Generate toy 203/250

 -- MarkovChainMC -- 
Limit: r < 1.84335 +/- 0.017292 @ 95% credibility (15 tries)
Done in 0.22 min (cpu), 0.22 min (real)
Generate toy 204/250

 -- MarkovChainMC -- 
Limit: r < 1.13464 +/- 0.0113649 @ 95% credibility (15 tries)
Done in 0.21 min (cpu), 0.21 min (real)
Generate toy 205/250

 -- MarkovChainMC -- 
Limit: r < 1.18459 +/- 0.0140653 @ 95% credibility (15 tries)
Done in 0.21 min (cpu), 0.21 min (real)
Generate toy 206/250

 -- MarkovChainMC -- 
Limit: r < 0.732937 +/- 0.00834362 @ 95% credibility (15 tries)
Done in 0.20 min (cpu), 0.20 min (real)
Generate toy 207/250

 -- MarkovChainMC -- 
Limit: r < 1.79586 +/- 0.0145743 @ 95% credibility (15 tries)
Done in 0.22 min (cpu), 0.22 min (real)
Generate toy 208/250

 -- MarkovChainMC -- 
Limit: r < 1.34152 +/- 0.018463 @ 95% credibility (15 tries)
Done in 0.22 min (cpu), 0.22 min (real)
Generate toy 209/250

 -- MarkovChainMC -- 
Limit: r < 1.11008 +/- 0.0173219 @ 95% credibility (15 tries)
Done in 0.21 min (cpu), 0.21 min (real)
Generate toy 210/250

 -- MarkovChainMC -- 
Limit: r < 0.842998 +/- 0.00522556 @ 95% credibility (15 tries)
Done in 0.20 min (cpu), 0.20 min (real)
Generate toy 211/250

 -- MarkovChainMC -- 
Limit: r < 0.821954 +/- 0.0190877 @ 95% credibility (15 tries)
Done in 0.20 min (cpu), 0.21 min (real)
Generate toy 212/250

 -- MarkovChainMC -- 
Limit: r < 1.49245 +/- 0.0237036 @ 95% credibility (15 tries)
Done in 0.22 min (cpu), 0.22 min (real)
Generate toy 213/250

 -- MarkovChainMC -- 
Limit: r < 0.752727 +/- 0.0157942 @ 95% credibility (15 tries)
Done in 0.20 min (cpu), 0.20 min (real)
Generate toy 214/250

 -- MarkovChainMC -- 
Limit: r < 2.14556 +/- 0.0157764 @ 95% credibility (15 tries)
Done in 0.22 min (cpu), 0.22 min (real)
Generate toy 215/250

 -- MarkovChainMC -- 
Limit: r < 1.72061 +/- 0.013135 @ 95% credibility (15 tries)
Done in 0.22 min (cpu), 0.22 min (real)
Generate toy 216/250

 -- MarkovChainMC -- 
Limit: r < 1.19011 +/- 0.0111377 @ 95% credibility (15 tries)
Done in 0.22 min (cpu), 0.22 min (real)
Generate toy 217/250

 -- MarkovChainMC -- 
Limit: r < 1.68782 +/- 0.0192385 @ 95% credibility (15 tries)
Done in 0.22 min (cpu), 0.22 min (real)
Generate toy 218/250

 -- MarkovChainMC -- 
Limit: r < 0.566449 +/- 0.00639102 @ 95% credibility (15 tries)
Done in 0.19 min (cpu), 0.19 min (real)
Generate toy 219/250

 -- MarkovChainMC -- 
Limit: r < 0.688841 +/- 0.0156039 @ 95% credibility (15 tries)
Done in 0.20 min (cpu), 0.20 min (real)
Generate toy 220/250

 -- MarkovChainMC -- 
Limit: r < 1.3308 +/- 0.0183093 @ 95% credibility (15 tries)
Done in 0.21 min (cpu), 0.21 min (real)
Generate toy 221/250

 -- MarkovChainMC -- 
Limit: r < 0.641701 +/- 0.00762082 @ 95% credibility (15 tries)
Done in 0.20 min (cpu), 0.20 min (real)
Generate toy 222/250

 -- MarkovChainMC -- 
Limit: r < 1.24913 +/- 0.0146846 @ 95% credibility (15 tries)
Done in 0.21 min (cpu), 0.21 min (real)
Generate toy 223/250

 -- MarkovChainMC -- 
Limit: r < 0.517021 +/- 0.0081593 @ 95% credibility (15 tries)
Done in 0.20 min (cpu), 0.20 min (real)
Generate toy 224/250

 -- MarkovChainMC -- 
Limit: r < 0.670793 +/- 0.0113195 @ 95% credibility (15 tries)
Done in 0.20 min (cpu), 0.20 min (real)
Generate toy 225/250

 -- MarkovChainMC -- 
Limit: r < 1.45828 +/- 0.00833419 @ 95% credibility (15 tries)
Done in 0.22 min (cpu), 0.22 min (real)
Generate toy 226/250

 -- MarkovChainMC -- 
Limit: r < 1.2586 +/- 0.0166942 @ 95% credibility (15 tries)
Done in 0.22 min (cpu), 0.22 min (real)
Generate toy 227/250

 -- MarkovChainMC -- 
Limit: r < 1.01226 +/- 0.0157885 @ 95% credibility (15 tries)
Done in 0.21 min (cpu), 0.21 min (real)
Generate toy 228/250

 -- MarkovChainMC -- 
Limit: r < 1.25788 +/- 0.0108124 @ 95% credibility (15 tries)
Done in 0.21 min (cpu), 0.21 min (real)
Generate toy 229/250

 -- MarkovChainMC -- 
Limit: r < 1.14901 +/- 0.00655434 @ 95% credibility (15 tries)
Done in 0.21 min (cpu), 0.21 min (real)
Generate toy 230/250

 -- MarkovChainMC -- 
Limit: r < 1.1691 +/- 0.0170442 @ 95% credibility (15 tries)
Done in 0.21 min (cpu), 0.21 min (real)
Generate toy 231/250

 -- MarkovChainMC -- 
Limit: r < 0.785808 +/- 0.0108653 @ 95% credibility (15 tries)
Done in 0.20 min (cpu), 0.20 min (real)
Generate toy 232/250

 -- MarkovChainMC -- 
Limit: r < 1.2327 +/- 0.0235122 @ 95% credibility (15 tries)
Done in 0.21 min (cpu), 0.21 min (real)
Generate toy 233/250

 -- MarkovChainMC -- 
Limit: r < 1.51306 +/- 0.0185128 @ 95% credibility (15 tries)
Done in 0.21 min (cpu), 0.21 min (real)
Generate toy 234/250

 -- MarkovChainMC -- 
Limit: r < 1.12747 +/- 0.00934806 @ 95% credibility (15 tries)
Done in 0.21 min (cpu), 0.21 min (real)
Generate toy 235/250

 -- MarkovChainMC -- 
Limit: r < 1.79321 +/- 0.018587 @ 95% credibility (15 tries)
Done in 0.22 min (cpu), 0.22 min (real)
Generate toy 236/250

 -- MarkovChainMC -- 
Limit: r < 0.759093 +/- 0.0122226 @ 95% credibility (15 tries)
Done in 0.21 min (cpu), 0.21 min (real)
Generate toy 237/250

 -- MarkovChainMC -- 
Limit: r < 1.5514 +/- 0.0151909 @ 95% credibility (15 tries)
Done in 0.21 min (cpu), 0.21 min (real)
Generate toy 238/250

 -- MarkovChainMC -- 
Limit: r < 1.71715 +/- 0.0219242 @ 95% credibility (15 tries)
Done in 0.21 min (cpu), 0.21 min (real)
Generate toy 239/250

 -- MarkovChainMC -- 
Limit: r < 0.911332 +/- 0.0183945 @ 95% credibility (15 tries)
Done in 0.20 min (cpu), 0.21 min (real)
Generate toy 240/250

 -- MarkovChainMC -- 
Limit: r < 0.864174 +/- 0.0110083 @ 95% credibility (15 tries)
Done in 0.21 min (cpu), 0.21 min (real)
Generate toy 241/250

 -- MarkovChainMC -- 
Limit: r < 0.611534 +/- 0.00826925 @ 95% credibility (15 tries)
Done in 0.20 min (cpu), 0.20 min (real)
Generate toy 242/250

 -- MarkovChainMC -- 
Limit: r < 1.5543 +/- 0.011686 @ 95% credibility (15 tries)
Done in 0.22 min (cpu), 0.22 min (real)
Generate toy 243/250

 -- MarkovChainMC -- 
Limit: r < 0.90834 +/- 0.0111929 @ 95% credibility (15 tries)
Done in 0.21 min (cpu), 0.21 min (real)
Generate toy 244/250

 -- MarkovChainMC -- 
Limit: r < 1.58117 +/- 0.0169773 @ 95% credibility (15 tries)
Done in 0.21 min (cpu), 0.22 min (real)
Generate toy 245/250

 -- MarkovChainMC -- 
Limit: r < 0.731534 +/- 0.00759426 @ 95% credibility (15 tries)
Done in 0.20 min (cpu), 0.20 min (real)
Generate toy 246/250

 -- MarkovChainMC -- 
Limit: r < 1.10481 +/- 0.012422 @ 95% credibility (15 tries)
Done in 0.21 min (cpu), 0.21 min (real)
Generate toy 247/250

 -- MarkovChainMC -- 
Limit: r < 1.08505 +/- 0.00972744 @ 95% credibility (15 tries)
Done in 0.21 min (cpu), 0.21 min (real)
Generate toy 248/250

 -- MarkovChainMC -- 
Limit: r < 0.968621 +/- 0.014011 @ 95% credibility (15 tries)
Done in 0.21 min (cpu), 0.21 min (real)
Generate toy 249/250

 -- MarkovChainMC -- 
Limit: r < 0.905888 +/- 0.0135537 @ 95% credibility (15 tries)
Done in 0.20 min (cpu), 0.21 min (real)
Generate toy 250/250

 -- MarkovChainMC -- 
Limit: r < 0.85945 +/- 0.0032449 @ 95% credibility (15 tries)
Done in 0.21 min (cpu), 0.21 min (real)
mean   expected limit: r < 1.18955 +/- 0.0253624 @ 95%CL (250 toyMC)
median expected limit: r < 1.13848 @ 95%CL (250 toyMC)
   68% expected band : 0.811685 < r < 1.59254
   95% expected band : 0.625331 < r < 2.174
