 <<< Combine >>> 
 <<< v10.0.2 >>>
>>> Used OpenSSL to get a truly random seed -1847563871
>>> Method used is MarkovChainMC
============================================================
Analyzing bin errors for: prop_binmuon22
Poisson cut-off: 10
Processes excluded for sums: Wprime4600_kR2
============================================================
Bin        Contents        Error           Notes                         
0          5490.290100     14.389609       total sum                     
0          5489.009974     14.389572       excluding marked processes    
0          145510.000000   381.457730      Unweighted events, alpha=0.037731
  => Total parameter prop_binmuon22_bin0[0.00,-7.00,7.00] to be Gaussian constrained
------------------------------------------------------------
1          2092.671129     7.507885        total sum                     
1          2091.469679     7.507819        excluding marked processes    
1          77602.000000    278.571355      Unweighted events, alpha=0.026967
  => Total parameter prop_binmuon22_bin1[0.00,-7.00,7.00] to be Gaussian constrained
------------------------------------------------------------
2          926.390829      5.743330        total sum                     
2          925.287269      5.743251        excluding marked processes    
2          25956.000000    161.108659      Unweighted events, alpha=0.035691
  => Total parameter prop_binmuon22_bin2[0.00,-7.00,7.00] to be Gaussian constrained
------------------------------------------------------------
3          463.740097      3.622200        total sum                     
3          462.717279      3.622082        excluding marked processes    
3          16320.000000    127.749755      Unweighted events, alpha=0.028415
  => Total parameter prop_binmuon22_bin3[0.00,-7.00,7.00] to be Gaussian constrained
------------------------------------------------------------
4          241.115575      1.534047        total sum                     
4          240.228093      1.533810        excluding marked processes    
4          24530.000000    156.620561      Unweighted events, alpha=0.009829
  => Total parameter prop_binmuon22_bin4[0.00,-7.00,7.00] to be Gaussian constrained
------------------------------------------------------------
5          139.949393      1.743111        total sum                     
5          139.121722      1.742909        excluding marked processes    
5          6371.000000     79.818544       Unweighted events, alpha=0.021967
  => Total parameter prop_binmuon22_bin5[0.00,-7.00,7.00] to be Gaussian constrained
------------------------------------------------------------
6          134.223853      1.065190        total sum                     
6          132.798509      1.064641        excluding marked processes    
6          15559.000000    124.735721      Unweighted events, alpha=0.008627
  => Total parameter prop_binmuon22_bin6[0.00,-7.00,7.00] to be Gaussian constrained
------------------------------------------------------------
7          53.022623       0.722291        total sum                     
7          51.876344       0.721630        excluding marked processes    
7          5168.000000     71.888803       Unweighted events, alpha=0.010260
  => Total parameter prop_binmuon22_bin7[0.00,-7.00,7.00] to be Gaussian constrained
------------------------------------------------------------
8          30.811713       0.470162        total sum                     
8          29.337675       0.468872        excluding marked processes    
8          3915.000000     62.569961       Unweighted events, alpha=0.007870
  => Total parameter prop_binmuon22_bin8[0.00,-7.00,7.00] to be Gaussian constrained
------------------------------------------------------------
9          11.130641       0.335989        total sum                     
9          9.941359        0.334523        excluding marked processes    
9          883.000000      29.715316       Unweighted events, alpha=0.012605
  => Total parameter prop_binmuon22_bin9[0.00,-7.00,7.00] to be Gaussian constrained
------------------------------------------------------------
10         5.472420        0.110702        total sum                     
10         4.165375        0.105525        excluding marked processes    
10         1558.000000     39.471509       Unweighted events, alpha=0.003512
  => Total parameter prop_binmuon22_bin10[0.00,-7.00,7.00] to be Gaussian constrained
------------------------------------------------------------
11         3.309532        0.221104        total sum                     
11         1.762132        0.218174        excluding marked processes    
11         65.000000       8.062258        Unweighted events, alpha=0.050916
  => Total parameter prop_binmuon22_bin11[0.00,-7.00,7.00] to be Gaussian constrained
------------------------------------------------------------
12         1.590667        0.033150        total sum                     
12         0.276349        0.001778        excluding marked processes    
12         24153.000000    155.412355      Unweighted events, alpha=0.000066
  => Total parameter prop_binmuon22_bin12[0.00,-7.00,7.00] to be Gaussian constrained
------------------------------------------------------------
13         2.222236        0.042239        total sum                     
13         0.085750        0.001214        excluding marked processes    
13         4991.000000     70.647010       Unweighted events, alpha=0.000445
  => Total parameter prop_binmuon22_bin13[0.00,-7.00,7.00] to be Gaussian constrained
------------------------------------------------------------
14         0.128411        0.010003        total sum                     
14         0.007105        0.001511        excluding marked processes    
14         22.000000       4.690416        Unweighted events, alpha=0.005837
  => Total parameter prop_binmuon22_bin14[0.00,-7.00,7.00] to be Gaussian constrained
------------------------------------------------------------
15         0.005878        0.001781        total sum                     
15         0.001078        0.000054        excluding marked processes    
15         404.000000      20.099751       Unweighted events, alpha=0.000015
  => Total parameter prop_binmuon22_bin15[0.00,-7.00,7.00] to be Gaussian constrained
------------------------------------------------------------
============================================================
Analyzing bin errors for: prop_binmuon23
Poisson cut-off: 10
Processes excluded for sums: Wprime4600_kR2
============================================================
Bin        Contents        Error           Notes                         
0          4246.760617     16.603228       total sum                     
0          4245.728997     16.603213       excluding marked processes    
0          65391.000000    255.716640      Unweighted events, alpha=0.064944
  => Total parameter prop_binmuon23_bin0[0.00,-7.00,7.00] to be Gaussian constrained
------------------------------------------------------------
1          1622.041616     7.828083        total sum                     
1          1621.101079     7.828053        excluding marked processes    
1          42886.000000    207.089353      Unweighted events, alpha=0.037822
  => Total parameter prop_binmuon23_bin1[0.00,-7.00,7.00] to be Gaussian constrained
------------------------------------------------------------
2          722.234229      4.795558        total sum                     
2          721.396648      4.795515        excluding marked processes    
2          22630.000000    150.432709      Unweighted events, alpha=0.031915
  => Total parameter prop_binmuon23_bin2[0.00,-7.00,7.00] to be Gaussian constrained
------------------------------------------------------------
3          360.066267      3.009418        total sum                     
3          359.285774      3.009355        excluding marked processes    
3          14254.000000    119.390117      Unweighted events, alpha=0.025261
  => Total parameter prop_binmuon23_bin3[0.00,-7.00,7.00] to be Gaussian constrained
------------------------------------------------------------
4          191.917287      3.360929        total sum                     
4          191.190097      3.360877        excluding marked processes    
4          3236.000000     56.885851       Unweighted events, alpha=0.059307
  => Total parameter prop_binmuon23_bin4[0.00,-7.00,7.00] to be Gaussian constrained
------------------------------------------------------------
5          112.885820      1.192251        total sum                     
5          112.217111      1.192110        excluding marked processes    
5          8861.000000     94.132885       Unweighted events, alpha=0.012740
  => Total parameter prop_binmuon23_bin5[0.00,-7.00,7.00] to be Gaussian constrained
------------------------------------------------------------
6          108.268574      1.524261        total sum                     
6          107.129583      1.524073        excluding marked processes    
6          4941.000000     70.292247       Unweighted events, alpha=0.021912
  => Total parameter prop_binmuon23_bin6[0.00,-7.00,7.00] to be Gaussian constrained
------------------------------------------------------------
7          42.080099       0.658293        total sum                     
7          41.104515       0.657922        excluding marked processes    
7          3903.000000     62.473995       Unweighted events, alpha=0.010781
  => Total parameter prop_binmuon23_bin7[0.00,-7.00,7.00] to be Gaussian constrained
------------------------------------------------------------
8          24.621763       0.587559        total sum                     
8          23.449391       0.587056        excluding marked processes    
8          1596.000000     39.949969       Unweighted events, alpha=0.015427
  => Total parameter prop_binmuon23_bin8[0.00,-7.00,7.00] to be Gaussian constrained
------------------------------------------------------------
9          9.283167        0.395148        total sum                     
9          8.355840        0.394559        excluding marked processes    
9          448.000000      21.166010       Unweighted events, alpha=0.020721
  => Total parameter prop_binmuon23_bin9[0.00,-7.00,7.00] to be Gaussian constrained
------------------------------------------------------------
10         4.548668        0.252926        total sum                     
10         3.506378        0.251887        excluding marked processes    
10         194.000000      13.928388       Unweighted events, alpha=0.023447
  => Total parameter prop_binmuon23_bin10[0.00,-7.00,7.00] to be Gaussian constrained
------------------------------------------------------------
11         2.655934        0.181979        total sum                     
11         1.363219        0.180174        excluding marked processes    
11         57.000000       7.549834        Unweighted events, alpha=0.046595
  => Total parameter prop_binmuon23_bin11[0.00,-7.00,7.00] to be Gaussian constrained
------------------------------------------------------------
12         1.620443        0.290006        total sum                     
12         0.530791        0.289065        excluding marked processes    
12         3.000000        1.732051        Unweighted events, alpha=0.540148
  => Number of weighted events is below Poisson threshold
    Wprime4600_kR2       1.089651        0.023343                                      
                         2179.000000     46.679760       Unweighted events, alpha=0.000500
      => Parameter prop_binmuon23_bin12_Wprime4600_kR2[0.00,-7.00,7.00] to be Gaussian constrained
  ----------------------------------------------------------
    W_boson              0.216692        0.001181                                      
                         33653.000000    183.447540      Unweighted events, alpha=0.000006
      => Parameter prop_binmuon23_bin12_W_boson[0.00,-7.00,7.00] to be Gaussian constrained
  ----------------------------------------------------------
    Top                  0.000000        0.000000                                      
      => Error is zero, ignore      
  ----------------------------------------------------------
    Z_boson              0.004094        0.000500                                      
                         67.000000       8.185353        Unweighted events, alpha=0.000061
      => Parameter prop_binmuon23_bin12_Z_boson[0.00,-7.00,7.00] to be Gaussian constrained
  ----------------------------------------------------------
    DiBoson              0.288910        0.288561                                      
                         1.000000        1.000000        Unweighted events, alpha=0.288910
      => Product of prop_binmuon23_bin12_DiBoson[1.00,0.00,30.85] and const [1.0000] to be Poisson constrained
  ----------------------------------------------------------
    QCD                  0.021095        0.017013                                      
                         2.000000        1.414214        Unweighted events, alpha=0.010547
      => Product of prop_binmuon23_bin12_QCD[2.00,0.00,33.79] and const [0.5000] to be Poisson constrained
  ----------------------------------------------------------
------------------------------------------------------------
13         1.791859        0.029300        total sum                     
13         0.067145        0.000584        excluding marked processes    
13         13239.000000    115.060853      Unweighted events, alpha=0.000135
  => Total parameter prop_binmuon23_bin13[0.00,-7.00,7.00] to be Gaussian constrained
------------------------------------------------------------
14         0.113839        0.007386        total sum                     
14         0.003967        0.000043        excluding marked processes    
14         8482.000000     92.097774       Unweighted events, alpha=0.000013
  => Total parameter prop_binmuon23_bin14[0.00,-7.00,7.00] to be Gaussian constrained
------------------------------------------------------------
15         0.012784        0.004234        total sum                     
15         0.005625        0.003835        excluding marked processes    
15         2.000000        1.414214        Unweighted events, alpha=0.006392
  => Number of weighted events is below Poisson threshold
    Wprime4600_kR2       0.007159        0.001796                                      
                         16.000000       4.000000        Unweighted events, alpha=0.000447
      => Parameter prop_binmuon23_bin15_Wprime4600_kR2[0.00,-7.00,7.00] to be Gaussian constrained
  ----------------------------------------------------------
    W_boson              0.000849        0.000021                                      
                         1670.000000     40.865633       Unweighted events, alpha=0.000001
      => Parameter prop_binmuon23_bin15_W_boson[0.00,-7.00,7.00] to be Gaussian constrained
  ----------------------------------------------------------
    Top                  0.000000        0.000000                                      
      => Error is zero, ignore      
  ----------------------------------------------------------
    Z_boson              0.000011        0.000003                                      
                         16.000000       4.000000        Unweighted events, alpha=0.000001
      => Parameter prop_binmuon23_bin15_Z_boson[0.00,-7.00,7.00] to be Gaussian constrained
  ----------------------------------------------------------
    DiBoson              0.000000        0.000000                                      
      => Error is zero, ignore      
  ----------------------------------------------------------
    QCD                  0.004765        0.003834                                      
                         2.000000        1.414214        Unweighted events, alpha=0.002383
      => Product of prop_binmuon23_bin15_QCD[2.00,0.00,33.79] and const [0.5000] to be Poisson constrained
  ----------------------------------------------------------
------------------------------------------------------------
Channel muon22 will use autoMCStats with settings: event-threshold=10, include-signal=0, hist-mode=1
Channel muon23 will use autoMCStats with settings: event-threshold=10, include-signal=0, hist-mode=1
Generate toy 1/250

 -- MarkovChainMC -- 
Limit: r < 1.02462 +/- 0.0133003 @ 95% credibility (15 tries)
Done in 0.24 min (cpu), 0.24 min (real)
Generate toy 2/250

 -- MarkovChainMC -- 
Limit: r < 0.446951 +/- 0.00532069 @ 95% credibility (15 tries)
Done in 0.23 min (cpu), 0.23 min (real)
Generate toy 3/250

 -- MarkovChainMC -- 
Limit: r < 0.451314 +/- 0.0049176 @ 95% credibility (15 tries)
Done in 0.23 min (cpu), 0.23 min (real)
Generate toy 4/250

 -- MarkovChainMC -- 
Limit: r < 0.463262 +/- 0.00843504 @ 95% credibility (15 tries)
Done in 0.23 min (cpu), 0.23 min (real)
Generate toy 5/250

 -- MarkovChainMC -- 
Limit: r < 0.785567 +/- 0.00569045 @ 95% credibility (15 tries)
Done in 0.23 min (cpu), 0.24 min (real)
Generate toy 6/250

 -- MarkovChainMC -- 
Limit: r < 0.512984 +/- 0.00559857 @ 95% credibility (15 tries)
Done in 0.23 min (cpu), 0.23 min (real)
Generate toy 7/250

 -- MarkovChainMC -- 
Limit: r < 0.757538 +/- 0.0145712 @ 95% credibility (15 tries)
Done in 0.23 min (cpu), 0.23 min (real)
Generate toy 8/250

 -- MarkovChainMC -- 
Limit: r < 0.978357 +/- 0.0102457 @ 95% credibility (15 tries)
Done in 0.24 min (cpu), 0.24 min (real)
Generate toy 9/250

 -- MarkovChainMC -- 
Limit: r < 0.340219 +/- 0.00440287 @ 95% credibility (15 tries)
Done in 0.22 min (cpu), 0.22 min (real)
Generate toy 10/250

 -- MarkovChainMC -- 
Limit: r < 0.362785 +/- 0.00449332 @ 95% credibility (15 tries)
Done in 0.22 min (cpu), 0.22 min (real)
Generate toy 11/250

 -- MarkovChainMC -- 
Limit: r < 0.309447 +/- 0.00358026 @ 95% credibility (15 tries)
Done in 0.22 min (cpu), 0.22 min (real)
Generate toy 12/250

 -- MarkovChainMC -- 
Limit: r < 0.506588 +/- 0.0089234 @ 95% credibility (15 tries)
Done in 0.23 min (cpu), 0.23 min (real)
Generate toy 13/250

 -- MarkovChainMC -- 
Limit: r < 0.404707 +/- 0.00438815 @ 95% credibility (15 tries)
Done in 0.22 min (cpu), 0.23 min (real)
Generate toy 14/250

 -- MarkovChainMC -- 
Limit: r < 0.44423 +/- 0.00617076 @ 95% credibility (15 tries)
Done in 0.23 min (cpu), 0.23 min (real)
Generate toy 15/250

 -- MarkovChainMC -- 
Limit: r < 0.367084 +/- 0.00371753 @ 95% credibility (15 tries)
Done in 0.22 min (cpu), 0.22 min (real)
Generate toy 16/250

 -- MarkovChainMC -- 
Limit: r < 0.593976 +/- 0.00916845 @ 95% credibility (15 tries)
Done in 0.23 min (cpu), 0.23 min (real)
Generate toy 17/250

 -- MarkovChainMC -- 
Limit: r < 0.556258 +/- 0.00490802 @ 95% credibility (15 tries)
Done in 0.23 min (cpu), 0.23 min (real)
Generate toy 18/250

 -- MarkovChainMC -- 
Limit: r < 0.484879 +/- 0.0079356 @ 95% credibility (15 tries)
Done in 0.23 min (cpu), 0.23 min (real)
Generate toy 19/250

 -- MarkovChainMC -- 
Limit: r < 0.827767 +/- 0.0136042 @ 95% credibility (15 tries)
Done in 0.23 min (cpu), 0.24 min (real)
Generate toy 20/250

 -- MarkovChainMC -- 
Limit: r < 0.51202 +/- 0.00582429 @ 95% credibility (15 tries)
Done in 0.22 min (cpu), 0.22 min (real)
Generate toy 21/250

 -- MarkovChainMC -- 
Limit: r < 0.527884 +/- 0.00426955 @ 95% credibility (15 tries)
Done in 0.22 min (cpu), 0.22 min (real)
Generate toy 22/250

 -- MarkovChainMC -- 
Limit: r < 0.458431 +/- 0.00692881 @ 95% credibility (15 tries)
Done in 0.22 min (cpu), 0.22 min (real)
Generate toy 23/250

 -- MarkovChainMC -- 
Limit: r < 0.450061 +/- 0.00625387 @ 95% credibility (15 tries)
Done in 0.22 min (cpu), 0.22 min (real)
Generate toy 24/250

 -- MarkovChainMC -- 
Limit: r < 0.537247 +/- 0.0046515 @ 95% credibility (15 tries)
Done in 0.22 min (cpu), 0.22 min (real)
Generate toy 25/250

 -- MarkovChainMC -- 
Limit: r < 0.409327 +/- 0.00462749 @ 95% credibility (15 tries)
Done in 0.22 min (cpu), 0.22 min (real)
Generate toy 26/250

 -- MarkovChainMC -- 
Limit: r < 0.566726 +/- 0.00697921 @ 95% credibility (15 tries)
Done in 0.22 min (cpu), 0.22 min (real)
Generate toy 27/250

 -- MarkovChainMC -- 
Limit: r < 0.478215 +/- 0.0107957 @ 95% credibility (15 tries)
Done in 0.22 min (cpu), 0.22 min (real)
Generate toy 28/250

 -- MarkovChainMC -- 
Limit: r < 0.519065 +/- 0.00797693 @ 95% credibility (15 tries)
Done in 0.22 min (cpu), 0.22 min (real)
Generate toy 29/250

 -- MarkovChainMC -- 
Limit: r < 0.332979 +/- 0.00481302 @ 95% credibility (15 tries)
Done in 0.22 min (cpu), 0.22 min (real)
Generate toy 30/250

 -- MarkovChainMC -- 
Limit: r < 0.388672 +/- 0.00462852 @ 95% credibility (15 tries)
Done in 0.22 min (cpu), 0.22 min (real)
Generate toy 31/250

 -- MarkovChainMC -- 
Limit: r < 0.821885 +/- 0.00902036 @ 95% credibility (15 tries)
Done in 0.23 min (cpu), 0.23 min (real)
Generate toy 32/250

 -- MarkovChainMC -- 
Limit: r < 0.625838 +/- 0.00939841 @ 95% credibility (15 tries)
Done in 0.23 min (cpu), 0.23 min (real)
Generate toy 33/250

 -- MarkovChainMC -- 
Limit: r < 0.467012 +/- 0.00638834 @ 95% credibility (15 tries)
Done in 0.22 min (cpu), 0.22 min (real)
Generate toy 34/250

 -- MarkovChainMC -- 
Limit: r < 0.507974 +/- 0.00855095 @ 95% credibility (15 tries)
Done in 0.22 min (cpu), 0.22 min (real)
Generate toy 35/250

 -- MarkovChainMC -- 
Limit: r < 0.462101 +/- 0.00598394 @ 95% credibility (15 tries)
Done in 0.22 min (cpu), 0.22 min (real)
Generate toy 36/250

 -- MarkovChainMC -- 
Limit: r < 0.468199 +/- 0.00453586 @ 95% credibility (15 tries)
Done in 0.22 min (cpu), 0.22 min (real)
Generate toy 37/250

 -- MarkovChainMC -- 
Limit: r < 0.457301 +/- 0.00649296 @ 95% credibility (15 tries)
Done in 0.22 min (cpu), 0.22 min (real)
Generate toy 38/250

 -- MarkovChainMC -- 
Limit: r < 0.395959 +/- 0.00437524 @ 95% credibility (15 tries)
Done in 0.22 min (cpu), 0.22 min (real)
Generate toy 39/250

 -- MarkovChainMC -- 
Limit: r < 0.56768 +/- 0.0050398 @ 95% credibility (15 tries)
Done in 0.22 min (cpu), 0.22 min (real)
Generate toy 40/250

 -- MarkovChainMC -- 
Limit: r < 0.599893 +/- 0.00704384 @ 95% credibility (15 tries)
Done in 0.22 min (cpu), 0.22 min (real)
Generate toy 41/250

 -- MarkovChainMC -- 
Limit: r < 0.508723 +/- 0.00713778 @ 95% credibility (15 tries)
Done in 0.22 min (cpu), 0.23 min (real)
Generate toy 42/250

 -- MarkovChainMC -- 
Limit: r < 0.568552 +/- 0.00773636 @ 95% credibility (15 tries)
Done in 0.22 min (cpu), 0.22 min (real)
Generate toy 43/250

 -- MarkovChainMC -- 
Limit: r < 0.723074 +/- 0.00820151 @ 95% credibility (15 tries)
Done in 0.22 min (cpu), 0.23 min (real)
Generate toy 44/250

 -- MarkovChainMC -- 
Limit: r < 0.509677 +/- 0.00730997 @ 95% credibility (15 tries)
Done in 0.22 min (cpu), 0.22 min (real)
Generate toy 45/250

 -- MarkovChainMC -- 
Limit: r < 0.32623 +/- 0.00285628 @ 95% credibility (15 tries)
Done in 0.21 min (cpu), 0.21 min (real)
Generate toy 46/250

 -- MarkovChainMC -- 
Limit: r < 0.358779 +/- 0.00411628 @ 95% credibility (15 tries)
Done in 0.21 min (cpu), 0.21 min (real)
Generate toy 47/250

 -- MarkovChainMC -- 
Limit: r < 1.01463 +/- 0.0116907 @ 95% credibility (15 tries)
Done in 0.23 min (cpu), 0.23 min (real)
Generate toy 48/250

 -- MarkovChainMC -- 
Limit: r < 0.464215 +/- 0.00640426 @ 95% credibility (15 tries)
Done in 0.22 min (cpu), 0.22 min (real)
Generate toy 49/250

 -- MarkovChainMC -- 
Limit: r < 0.604911 +/- 0.00838804 @ 95% credibility (15 tries)
Done in 0.22 min (cpu), 0.23 min (real)
Generate toy 50/250

 -- MarkovChainMC -- 
Limit: r < 0.546742 +/- 0.00838514 @ 95% credibility (15 tries)
Done in 0.22 min (cpu), 0.23 min (real)
Generate toy 51/250

 -- MarkovChainMC -- 
Limit: r < 0.845462 +/- 0.0050522 @ 95% credibility (15 tries)
Done in 0.23 min (cpu), 0.23 min (real)
Generate toy 52/250

 -- MarkovChainMC -- 
Limit: r < 0.925168 +/- 0.00929105 @ 95% credibility (15 tries)
Done in 0.23 min (cpu), 0.23 min (real)
Generate toy 53/250

 -- MarkovChainMC -- 
Limit: r < 0.389566 +/- 0.00408087 @ 95% credibility (15 tries)
Done in 0.22 min (cpu), 0.22 min (real)
Generate toy 54/250

 -- MarkovChainMC -- 
Limit: r < 0.330147 +/- 0.00402127 @ 95% credibility (15 tries)
Done in 0.22 min (cpu), 0.22 min (real)
Generate toy 55/250

 -- MarkovChainMC -- 
Limit: r < 0.862272 +/- 0.0161842 @ 95% credibility (15 tries)
Done in 0.24 min (cpu), 0.24 min (real)
Generate toy 56/250

 -- MarkovChainMC -- 
Limit: r < 0.581975 +/- 0.00403815 @ 95% credibility (15 tries)
Done in 0.22 min (cpu), 0.22 min (real)
Generate toy 57/250

 -- MarkovChainMC -- 
Limit: r < 0.385263 +/- 0.00566365 @ 95% credibility (15 tries)
Done in 0.22 min (cpu), 0.22 min (real)
Generate toy 58/250

 -- MarkovChainMC -- 
Limit: r < 0.572162 +/- 0.00614963 @ 95% credibility (15 tries)
Done in 0.22 min (cpu), 0.22 min (real)
Generate toy 59/250

 -- MarkovChainMC -- 
Limit: r < 0.394739 +/- 0.00385921 @ 95% credibility (15 tries)
Done in 0.22 min (cpu), 0.22 min (real)
Generate toy 60/250

 -- MarkovChainMC -- 
Limit: r < 0.512201 +/- 0.00427461 @ 95% credibility (15 tries)
Done in 0.22 min (cpu), 0.22 min (real)
Generate toy 61/250

 -- MarkovChainMC -- 
Limit: r < 0.518078 +/- 0.00924106 @ 95% credibility (15 tries)
Done in 0.22 min (cpu), 0.22 min (real)
Generate toy 62/250

 -- MarkovChainMC -- 
Limit: r < 0.506717 +/- 0.00683774 @ 95% credibility (15 tries)
Done in 0.22 min (cpu), 0.22 min (real)
Generate toy 63/250

 -- MarkovChainMC -- 
Limit: r < 0.340399 +/- 0.00432276 @ 95% credibility (15 tries)
Done in 0.22 min (cpu), 0.22 min (real)
Generate toy 64/250

 -- MarkovChainMC -- 
Limit: r < 0.400059 +/- 0.00684812 @ 95% credibility (15 tries)
Done in 0.22 min (cpu), 0.22 min (real)
Generate toy 65/250

 -- MarkovChainMC -- 
Limit: r < 0.559303 +/- 0.00438597 @ 95% credibility (15 tries)
Done in 0.22 min (cpu), 0.22 min (real)
Generate toy 66/250

 -- MarkovChainMC -- 
Limit: r < 0.388296 +/- 0.00693554 @ 95% credibility (15 tries)
Done in 0.22 min (cpu), 0.22 min (real)
Generate toy 67/250

 -- MarkovChainMC -- 
Limit: r < 0.362834 +/- 0.00509778 @ 95% credibility (15 tries)
Done in 0.22 min (cpu), 0.22 min (real)
Generate toy 68/250

 -- MarkovChainMC -- 
Limit: r < 0.428771 +/- 0.00431624 @ 95% credibility (15 tries)
Done in 0.22 min (cpu), 0.22 min (real)
Generate toy 69/250

 -- MarkovChainMC -- 
Limit: r < 0.437532 +/- 0.00822189 @ 95% credibility (15 tries)
Done in 0.22 min (cpu), 0.22 min (real)
Generate toy 70/250

 -- MarkovChainMC -- 
Limit: r < 0.619832 +/- 0.0112485 @ 95% credibility (15 tries)
Done in 0.22 min (cpu), 0.22 min (real)
Generate toy 71/250

 -- MarkovChainMC -- 
Limit: r < 0.707821 +/- 0.017213 @ 95% credibility (15 tries)
Done in 0.23 min (cpu), 0.23 min (real)
Generate toy 72/250

 -- MarkovChainMC -- 
Limit: r < 0.796449 +/- 0.00696456 @ 95% credibility (15 tries)
Done in 0.23 min (cpu), 0.23 min (real)
Generate toy 73/250

 -- MarkovChainMC -- 
Limit: r < 0.622014 +/- 0.00678946 @ 95% credibility (15 tries)
Done in 0.23 min (cpu), 0.23 min (real)
Generate toy 74/250

 -- MarkovChainMC -- 
Limit: r < 0.759919 +/- 0.0161811 @ 95% credibility (15 tries)
Done in 0.23 min (cpu), 0.23 min (real)
Generate toy 75/250

 -- MarkovChainMC -- 
Limit: r < 0.424291 +/- 0.00740696 @ 95% credibility (15 tries)
Done in 0.22 min (cpu), 0.22 min (real)
Generate toy 76/250

 -- MarkovChainMC -- 
Limit: r < 0.595388 +/- 0.00388113 @ 95% credibility (15 tries)
Done in 0.22 min (cpu), 0.23 min (real)
Generate toy 77/250

 -- MarkovChainMC -- 
Limit: r < 0.525212 +/- 0.00927272 @ 95% credibility (15 tries)
Done in 0.22 min (cpu), 0.22 min (real)
Generate toy 78/250

 -- MarkovChainMC -- 
Limit: r < 0.88056 +/- 0.011123 @ 95% credibility (15 tries)
Done in 0.23 min (cpu), 0.23 min (real)
Generate toy 79/250

 -- MarkovChainMC -- 
Limit: r < 0.559569 +/- 0.00544725 @ 95% credibility (15 tries)
Done in 0.23 min (cpu), 0.23 min (real)
Generate toy 80/250

 -- MarkovChainMC -- 
Limit: r < 0.479075 +/- 0.00432148 @ 95% credibility (15 tries)
Done in 0.23 min (cpu), 0.23 min (real)
Generate toy 81/250

 -- MarkovChainMC -- 
Limit: r < 0.766839 +/- 0.00395354 @ 95% credibility (15 tries)
Done in 0.24 min (cpu), 0.24 min (real)
Generate toy 82/250

 -- MarkovChainMC -- 
Limit: r < 0.526657 +/- 0.00491482 @ 95% credibility (15 tries)
Done in 0.23 min (cpu), 0.23 min (real)
Generate toy 83/250

 -- MarkovChainMC -- 
Limit: r < 0.577794 +/- 0.00589668 @ 95% credibility (15 tries)
Done in 0.22 min (cpu), 0.22 min (real)
Generate toy 84/250

 -- MarkovChainMC -- 
Limit: r < 0.457215 +/- 0.00511268 @ 95% credibility (15 tries)
Done in 0.22 min (cpu), 0.22 min (real)
Generate toy 85/250

 -- MarkovChainMC -- 
Limit: r < 0.485093 +/- 0.00684671 @ 95% credibility (15 tries)
Done in 0.22 min (cpu), 0.22 min (real)
Generate toy 86/250

 -- MarkovChainMC -- 
Limit: r < 0.398614 +/- 0.00672132 @ 95% credibility (15 tries)
Done in 0.22 min (cpu), 0.22 min (real)
Generate toy 87/250

 -- MarkovChainMC -- 
Limit: r < 0.485731 +/- 0.00587036 @ 95% credibility (15 tries)
Done in 0.22 min (cpu), 0.22 min (real)
Generate toy 88/250

 -- MarkovChainMC -- 
Limit: r < 0.425955 +/- 0.00479316 @ 95% credibility (15 tries)
Done in 0.22 min (cpu), 0.22 min (real)
Generate toy 89/250

 -- MarkovChainMC -- 
Limit: r < 0.467893 +/- 0.00654815 @ 95% credibility (15 tries)
Done in 0.21 min (cpu), 0.21 min (real)
Generate toy 90/250

 -- MarkovChainMC -- 
Limit: r < 0.874011 +/- 0.0106368 @ 95% credibility (15 tries)
Done in 0.22 min (cpu), 0.22 min (real)
Generate toy 91/250

 -- MarkovChainMC -- 
Limit: r < 0.576588 +/- 0.00687554 @ 95% credibility (15 tries)
Done in 0.22 min (cpu), 0.22 min (real)
Generate toy 92/250

 -- MarkovChainMC -- 
Limit: r < 0.499136 +/- 0.00522232 @ 95% credibility (15 tries)
Done in 0.21 min (cpu), 0.21 min (real)
Generate toy 93/250

 -- MarkovChainMC -- 
Limit: r < 0.618236 +/- 0.0102908 @ 95% credibility (15 tries)
Done in 0.22 min (cpu), 0.22 min (real)
Generate toy 94/250

 -- MarkovChainMC -- 
Limit: r < 0.574417 +/- 0.00582032 @ 95% credibility (15 tries)
Done in 0.21 min (cpu), 0.21 min (real)
Generate toy 95/250

 -- MarkovChainMC -- 
Limit: r < 0.387471 +/- 0.00440882 @ 95% credibility (15 tries)
Done in 0.21 min (cpu), 0.21 min (real)
Generate toy 96/250

 -- MarkovChainMC -- 
Limit: r < 0.971481 +/- 0.00629462 @ 95% credibility (15 tries)
Done in 0.22 min (cpu), 0.22 min (real)
Generate toy 97/250

 -- MarkovChainMC -- 
Limit: r < 0.526327 +/- 0.00617324 @ 95% credibility (15 tries)
Done in 0.21 min (cpu), 0.21 min (real)
Generate toy 98/250

 -- MarkovChainMC -- 
Limit: r < 0.588356 +/- 0.00390714 @ 95% credibility (15 tries)
Done in 0.21 min (cpu), 0.22 min (real)
Generate toy 99/250

 -- MarkovChainMC -- 
Limit: r < 0.652891 +/- 0.0142194 @ 95% credibility (15 tries)
Done in 0.22 min (cpu), 0.22 min (real)
Generate toy 100/250

 -- MarkovChainMC -- 
Limit: r < 0.393609 +/- 0.00671814 @ 95% credibility (15 tries)
Done in 0.21 min (cpu), 0.21 min (real)
Generate toy 101/250

 -- MarkovChainMC -- 
Limit: r < 0.639612 +/- 0.00917728 @ 95% credibility (15 tries)
Done in 0.22 min (cpu), 0.22 min (real)
Generate toy 102/250

 -- MarkovChainMC -- 
Limit: r < 0.782848 +/- 0.00701056 @ 95% credibility (15 tries)
Done in 0.22 min (cpu), 0.22 min (real)
Generate toy 103/250

 -- MarkovChainMC -- 
Limit: r < 0.489516 +/- 0.00485942 @ 95% credibility (15 tries)
Done in 0.21 min (cpu), 0.21 min (real)
Generate toy 104/250

 -- MarkovChainMC -- 
Limit: r < 0.328042 +/- 0.00344664 @ 95% credibility (15 tries)
Done in 0.21 min (cpu), 0.21 min (real)
Generate toy 105/250

 -- MarkovChainMC -- 
Limit: r < 0.539799 +/- 0.00853067 @ 95% credibility (15 tries)
Done in 0.21 min (cpu), 0.21 min (real)
Generate toy 106/250

 -- MarkovChainMC -- 
Limit: r < 0.471366 +/- 0.00577925 @ 95% credibility (15 tries)
Done in 0.21 min (cpu), 0.21 min (real)
Generate toy 107/250

 -- MarkovChainMC -- 
Limit: r < 0.842948 +/- 0.00609162 @ 95% credibility (15 tries)
Done in 0.22 min (cpu), 0.22 min (real)
Generate toy 108/250

 -- MarkovChainMC -- 
Limit: r < 0.479559 +/- 0.00295246 @ 95% credibility (15 tries)
Done in 0.21 min (cpu), 0.21 min (real)
Generate toy 109/250

 -- MarkovChainMC -- 
Limit: r < 0.659894 +/- 0.00472617 @ 95% credibility (15 tries)
Done in 0.21 min (cpu), 0.22 min (real)
Generate toy 110/250

 -- MarkovChainMC -- 
Limit: r < 0.770291 +/- 0.00896406 @ 95% credibility (15 tries)
Done in 0.22 min (cpu), 0.22 min (real)
Generate toy 111/250

 -- MarkovChainMC -- 
Limit: r < 0.801736 +/- 0.0100255 @ 95% credibility (15 tries)
Done in 0.22 min (cpu), 0.22 min (real)
Generate toy 112/250

 -- MarkovChainMC -- 
Limit: r < 0.529277 +/- 0.00375201 @ 95% credibility (15 tries)
Done in 0.21 min (cpu), 0.21 min (real)
Generate toy 113/250

 -- MarkovChainMC -- 
Limit: r < 0.338637 +/- 0.002555 @ 95% credibility (15 tries)
Done in 0.20 min (cpu), 0.21 min (real)
Generate toy 114/250

 -- MarkovChainMC -- 
Limit: r < 0.572766 +/- 0.00616578 @ 95% credibility (15 tries)
Done in 0.21 min (cpu), 0.22 min (real)
Generate toy 115/250

 -- MarkovChainMC -- 
Limit: r < 0.447718 +/- 0.00637941 @ 95% credibility (15 tries)
Done in 0.21 min (cpu), 0.21 min (real)
Generate toy 116/250

 -- MarkovChainMC -- 
Limit: r < 0.471218 +/- 0.00462155 @ 95% credibility (15 tries)
Done in 0.21 min (cpu), 0.21 min (real)
Generate toy 117/250

 -- MarkovChainMC -- 
Limit: r < 0.384756 +/- 0.00761492 @ 95% credibility (15 tries)
Done in 0.21 min (cpu), 0.21 min (real)
Generate toy 118/250

 -- MarkovChainMC -- 
Limit: r < 0.622768 +/- 0.00480684 @ 95% credibility (15 tries)
Done in 0.21 min (cpu), 0.21 min (real)
Generate toy 119/250

 -- MarkovChainMC -- 
Limit: r < 0.627054 +/- 0.00438174 @ 95% credibility (15 tries)
Done in 0.22 min (cpu), 0.22 min (real)
Generate toy 120/250

 -- MarkovChainMC -- 
Limit: r < 0.492781 +/- 0.00629394 @ 95% credibility (15 tries)
Done in 0.21 min (cpu), 0.22 min (real)
Generate toy 121/250

 -- MarkovChainMC -- 
Limit: r < 0.523512 +/- 0.00720172 @ 95% credibility (15 tries)
Done in 0.22 min (cpu), 0.22 min (real)
Generate toy 122/250

 -- MarkovChainMC -- 
Limit: r < 0.474228 +/- 0.00402189 @ 95% credibility (15 tries)
Done in 0.22 min (cpu), 0.22 min (real)
Generate toy 123/250

 -- MarkovChainMC -- 
Limit: r < 0.44259 +/- 0.0064964 @ 95% credibility (15 tries)
Done in 0.21 min (cpu), 0.21 min (real)
Generate toy 124/250

 -- MarkovChainMC -- 
Limit: r < 0.885213 +/- 0.0166082 @ 95% credibility (15 tries)
Done in 0.22 min (cpu), 0.23 min (real)
Generate toy 125/250

 -- MarkovChainMC -- 
Limit: r < 0.813184 +/- 0.0204455 @ 95% credibility (15 tries)
Done in 0.22 min (cpu), 0.22 min (real)
Generate toy 126/250

 -- MarkovChainMC -- 
Limit: r < 0.680808 +/- 0.00553911 @ 95% credibility (15 tries)
Done in 0.22 min (cpu), 0.22 min (real)
Generate toy 127/250

 -- MarkovChainMC -- 
Limit: r < 0.487485 +/- 0.00696777 @ 95% credibility (15 tries)
Done in 0.21 min (cpu), 0.21 min (real)
Generate toy 128/250

 -- MarkovChainMC -- 
Limit: r < 0.598869 +/- 0.00537781 @ 95% credibility (15 tries)
Done in 0.22 min (cpu), 0.22 min (real)
Generate toy 129/250

 -- MarkovChainMC -- 
Limit: r < 0.544949 +/- 0.0092562 @ 95% credibility (15 tries)
Done in 0.21 min (cpu), 0.21 min (real)
Generate toy 130/250

 -- MarkovChainMC -- 
Limit: r < 0.575482 +/- 0.00676892 @ 95% credibility (15 tries)
Done in 0.21 min (cpu), 0.21 min (real)
Generate toy 131/250

 -- MarkovChainMC -- 
Limit: r < 0.807457 +/- 0.00532836 @ 95% credibility (15 tries)
Done in 0.22 min (cpu), 0.22 min (real)
Generate toy 132/250

 -- MarkovChainMC -- 
Limit: r < 0.466067 +/- 0.00596276 @ 95% credibility (15 tries)
Done in 0.22 min (cpu), 0.22 min (real)
Generate toy 133/250

 -- MarkovChainMC -- 
Limit: r < 0.663043 +/- 0.0102051 @ 95% credibility (15 tries)
Done in 0.22 min (cpu), 0.22 min (real)
Generate toy 134/250

 -- MarkovChainMC -- 
Limit: r < 0.377372 +/- 0.00622367 @ 95% credibility (15 tries)
Done in 0.21 min (cpu), 0.21 min (real)
Generate toy 135/250

 -- MarkovChainMC -- 
Limit: r < 0.537103 +/- 0.00903767 @ 95% credibility (15 tries)
Done in 0.21 min (cpu), 0.21 min (real)
Generate toy 136/250

 -- MarkovChainMC -- 
Limit: r < 0.404504 +/- 0.00461817 @ 95% credibility (15 tries)
Done in 0.21 min (cpu), 0.21 min (real)
Generate toy 137/250

 -- MarkovChainMC -- 
Limit: r < 0.464275 +/- 0.00435878 @ 95% credibility (15 tries)
Done in 0.21 min (cpu), 0.21 min (real)
Generate toy 138/250

 -- MarkovChainMC -- 
Limit: r < 0.331627 +/- 0.00563636 @ 95% credibility (15 tries)
Done in 0.21 min (cpu), 0.21 min (real)
Generate toy 139/250

 -- MarkovChainMC -- 
Limit: r < 0.532649 +/- 0.0110401 @ 95% credibility (15 tries)
Done in 0.21 min (cpu), 0.21 min (real)
Generate toy 140/250

 -- MarkovChainMC -- 
Limit: r < 0.376307 +/- 0.00780055 @ 95% credibility (15 tries)
Done in 0.20 min (cpu), 0.20 min (real)
Generate toy 141/250

 -- MarkovChainMC -- 
Limit: r < 0.558755 +/- 0.00607275 @ 95% credibility (15 tries)
Done in 0.21 min (cpu), 0.21 min (real)
Generate toy 142/250

 -- MarkovChainMC -- 
Limit: r < 0.498207 +/- 0.00554 @ 95% credibility (15 tries)
Done in 0.21 min (cpu), 0.21 min (real)
Generate toy 143/250

 -- MarkovChainMC -- 
Limit: r < 0.524438 +/- 0.00231299 @ 95% credibility (15 tries)
Done in 0.21 min (cpu), 0.21 min (real)
Generate toy 144/250

 -- MarkovChainMC -- 
Limit: r < 0.639134 +/- 0.00772501 @ 95% credibility (15 tries)
Done in 0.22 min (cpu), 0.22 min (real)
Generate toy 145/250

 -- MarkovChainMC -- 
Limit: r < 0.374246 +/- 0.00578342 @ 95% credibility (15 tries)
Done in 0.20 min (cpu), 0.20 min (real)
Generate toy 146/250

 -- MarkovChainMC -- 
Limit: r < 0.416256 +/- 0.0118259 @ 95% credibility (15 tries)
Done in 0.20 min (cpu), 0.20 min (real)
Generate toy 147/250

 -- MarkovChainMC -- 
Limit: r < 0.521154 +/- 0.00749018 @ 95% credibility (15 tries)
Done in 0.20 min (cpu), 0.21 min (real)
Generate toy 148/250

 -- MarkovChainMC -- 
Limit: r < 0.846616 +/- 0.00885715 @ 95% credibility (15 tries)
Done in 0.21 min (cpu), 0.21 min (real)
Generate toy 149/250

 -- MarkovChainMC -- 
Limit: r < 0.357082 +/- 0.00502692 @ 95% credibility (15 tries)
Done in 0.21 min (cpu), 0.21 min (real)
Generate toy 150/250

 -- MarkovChainMC -- 
Limit: r < 0.42274 +/- 0.00482807 @ 95% credibility (15 tries)
Done in 0.20 min (cpu), 0.20 min (real)
Generate toy 151/250

 -- MarkovChainMC -- 
Limit: r < 0.513901 +/- 0.00575893 @ 95% credibility (15 tries)
Done in 0.21 min (cpu), 0.21 min (real)
Generate toy 152/250

 -- MarkovChainMC -- 
Limit: r < 0.677118 +/- 0.00425243 @ 95% credibility (15 tries)
Done in 0.21 min (cpu), 0.21 min (real)
Generate toy 153/250

 -- MarkovChainMC -- 
Limit: r < 0.369369 +/- 0.00166655 @ 95% credibility (15 tries)
Done in 0.20 min (cpu), 0.20 min (real)
Generate toy 154/250

 -- MarkovChainMC -- 
Limit: r < 0.454725 +/- 0.0040878 @ 95% credibility (15 tries)
Done in 0.20 min (cpu), 0.20 min (real)
Generate toy 155/250

 -- MarkovChainMC -- 
Limit: r < 0.461874 +/- 0.00569896 @ 95% credibility (15 tries)
Done in 0.20 min (cpu), 0.20 min (real)
Generate toy 156/250

 -- MarkovChainMC -- 
Limit: r < 0.821189 +/- 0.0082393 @ 95% credibility (15 tries)
Done in 0.21 min (cpu), 0.21 min (real)
Generate toy 157/250

 -- MarkovChainMC -- 
Limit: r < 0.640218 +/- 0.0131145 @ 95% credibility (15 tries)
Done in 0.20 min (cpu), 0.20 min (real)
Generate toy 158/250

 -- MarkovChainMC -- 
Limit: r < 0.479401 +/- 0.00521108 @ 95% credibility (15 tries)
Done in 0.20 min (cpu), 0.20 min (real)
Generate toy 159/250

 -- MarkovChainMC -- 
Limit: r < 0.43873 +/- 0.00632484 @ 95% credibility (15 tries)
Done in 0.20 min (cpu), 0.20 min (real)
Generate toy 160/250

 -- MarkovChainMC -- 
Limit: r < 0.340219 +/- 0.00347295 @ 95% credibility (15 tries)
Done in 0.19 min (cpu), 0.19 min (real)
Generate toy 161/250

 -- MarkovChainMC -- 
Limit: r < 0.60846 +/- 0.00654965 @ 95% credibility (15 tries)
Done in 0.20 min (cpu), 0.20 min (real)
Generate toy 162/250

 -- MarkovChainMC -- 
Limit: r < 0.463446 +/- 0.00642825 @ 95% credibility (15 tries)
Done in 0.20 min (cpu), 0.20 min (real)
Generate toy 163/250

 -- MarkovChainMC -- 
Limit: r < 0.432858 +/- 0.00653401 @ 95% credibility (15 tries)
Done in 0.20 min (cpu), 0.20 min (real)
Generate toy 164/250

 -- MarkovChainMC -- 
Limit: r < 0.556648 +/- 0.00980076 @ 95% credibility (15 tries)
Done in 0.20 min (cpu), 0.20 min (real)
Generate toy 165/250

 -- MarkovChainMC -- 
Limit: r < 0.565761 +/- 0.00652883 @ 95% credibility (15 tries)
Done in 0.20 min (cpu), 0.20 min (real)
Generate toy 166/250

 -- MarkovChainMC -- 
Limit: r < 0.681033 +/- 0.00832287 @ 95% credibility (15 tries)
Done in 0.20 min (cpu), 0.20 min (real)
Generate toy 167/250

 -- MarkovChainMC -- 
Limit: r < 0.418277 +/- 0.00489302 @ 95% credibility (15 tries)
Done in 0.20 min (cpu), 0.20 min (real)
Generate toy 168/250

 -- MarkovChainMC -- 
Limit: r < 0.888478 +/- 0.00815861 @ 95% credibility (15 tries)
Done in 0.21 min (cpu), 0.21 min (real)
Generate toy 169/250

 -- MarkovChainMC -- 
Limit: r < 0.527013 +/- 0.00727454 @ 95% credibility (15 tries)
Done in 0.20 min (cpu), 0.20 min (real)
Generate toy 170/250

 -- MarkovChainMC -- 
Limit: r < 0.551556 +/- 0.00577849 @ 95% credibility (15 tries)
Done in 0.20 min (cpu), 0.20 min (real)
Generate toy 171/250

 -- MarkovChainMC -- 
Limit: r < 0.69248 +/- 0.00559758 @ 95% credibility (15 tries)
Done in 0.21 min (cpu), 0.21 min (real)
Generate toy 172/250

 -- MarkovChainMC -- 
Limit: r < 0.623843 +/- 0.0059927 @ 95% credibility (15 tries)
Done in 0.20 min (cpu), 0.20 min (real)
Generate toy 173/250

 -- MarkovChainMC -- 
Limit: r < 0.439234 +/- 0.00567175 @ 95% credibility (15 tries)
Done in 0.20 min (cpu), 0.20 min (real)
Generate toy 174/250

 -- MarkovChainMC -- 
Limit: r < 0.469927 +/- 0.00821431 @ 95% credibility (15 tries)
Done in 0.20 min (cpu), 0.20 min (real)
Generate toy 175/250

 -- MarkovChainMC -- 
Limit: r < 0.421835 +/- 0.0110511 @ 95% credibility (15 tries)
Done in 0.20 min (cpu), 0.20 min (real)
Generate toy 176/250

 -- MarkovChainMC -- 
Limit: r < 0.594083 +/- 0.00700007 @ 95% credibility (15 tries)
Done in 0.21 min (cpu), 0.21 min (real)
Generate toy 177/250

 -- MarkovChainMC -- 
Limit: r < 0.451794 +/- 0.00370048 @ 95% credibility (15 tries)
Done in 0.21 min (cpu), 0.21 min (real)
Generate toy 178/250

 -- MarkovChainMC -- 
Limit: r < 0.346423 +/- 0.0035908 @ 95% credibility (15 tries)
Done in 0.20 min (cpu), 0.20 min (real)
Generate toy 179/250

 -- MarkovChainMC -- 
Limit: r < 0.545415 +/- 0.00344863 @ 95% credibility (15 tries)
Done in 0.21 min (cpu), 0.21 min (real)
Generate toy 180/250

 -- MarkovChainMC -- 
Limit: r < 0.692225 +/- 0.00623537 @ 95% credibility (15 tries)
Done in 0.21 min (cpu), 0.21 min (real)
Generate toy 181/250

 -- MarkovChainMC -- 
Limit: r < 0.663115 +/- 0.00555577 @ 95% credibility (15 tries)
Done in 0.20 min (cpu), 0.20 min (real)
Generate toy 182/250

 -- MarkovChainMC -- 
Limit: r < 0.712901 +/- 0.00856886 @ 95% credibility (15 tries)
Done in 0.21 min (cpu), 0.21 min (real)
Generate toy 183/250

 -- MarkovChainMC -- 
Limit: r < 0.46448 +/- 0.00423714 @ 95% credibility (15 tries)
Done in 0.20 min (cpu), 0.20 min (real)
Generate toy 184/250

 -- MarkovChainMC -- 
Limit: r < 0.46841 +/- 0.00450171 @ 95% credibility (15 tries)
Done in 0.20 min (cpu), 0.20 min (real)
Generate toy 185/250

 -- MarkovChainMC -- 
Limit: r < 0.702766 +/- 0.00632423 @ 95% credibility (15 tries)
Done in 0.20 min (cpu), 0.21 min (real)
Generate toy 186/250

 -- MarkovChainMC -- 
Limit: r < 0.548091 +/- 0.00784486 @ 95% credibility (15 tries)
Done in 0.20 min (cpu), 0.20 min (real)
Generate toy 187/250

 -- MarkovChainMC -- 
Limit: r < 0.659916 +/- 0.00804738 @ 95% credibility (15 tries)
Done in 0.21 min (cpu), 0.21 min (real)
Generate toy 188/250

 -- MarkovChainMC -- 
Limit: r < 0.352327 +/- 0.00373959 @ 95% credibility (15 tries)
Done in 0.20 min (cpu), 0.20 min (real)
Generate toy 189/250

 -- MarkovChainMC -- 
Limit: r < 0.521894 +/- 0.00498884 @ 95% credibility (15 tries)
Done in 0.20 min (cpu), 0.20 min (real)
Generate toy 190/250

 -- MarkovChainMC -- 
Limit: r < 0.71715 +/- 0.00327012 @ 95% credibility (15 tries)
Done in 0.21 min (cpu), 0.21 min (real)
Generate toy 191/250

 -- MarkovChainMC -- 
Limit: r < 0.543651 +/- 0.00578666 @ 95% credibility (15 tries)
Done in 0.21 min (cpu), 0.21 min (real)
Generate toy 192/250

 -- MarkovChainMC -- 
Limit: r < 0.433226 +/- 0.00481204 @ 95% credibility (15 tries)
Done in 0.20 min (cpu), 0.20 min (real)
Generate toy 193/250

 -- MarkovChainMC -- 
Limit: r < 0.434257 +/- 0.00476019 @ 95% credibility (15 tries)
Done in 0.20 min (cpu), 0.20 min (real)
Generate toy 194/250

 -- MarkovChainMC -- 
Limit: r < 0.602546 +/- 0.00653258 @ 95% credibility (15 tries)
Done in 0.20 min (cpu), 0.20 min (real)
Generate toy 195/250

 -- MarkovChainMC -- 
Limit: r < 0.408596 +/- 0.00299391 @ 95% credibility (15 tries)
Done in 0.20 min (cpu), 0.20 min (real)
Generate toy 196/250

 -- MarkovChainMC -- 
Limit: r < 0.961872 +/- 0.0198582 @ 95% credibility (15 tries)
Done in 0.21 min (cpu), 0.21 min (real)
Generate toy 197/250

 -- MarkovChainMC -- 
Limit: r < 0.607227 +/- 0.00726105 @ 95% credibility (15 tries)
Done in 0.20 min (cpu), 0.20 min (real)
Generate toy 198/250

 -- MarkovChainMC -- 
Limit: r < 0.403475 +/- 0.00605774 @ 95% credibility (15 tries)
Done in 0.20 min (cpu), 0.20 min (real)
Generate toy 199/250

 -- MarkovChainMC -- 
Limit: r < 0.450109 +/- 0.00567617 @ 95% credibility (15 tries)
Done in 0.20 min (cpu), 0.20 min (real)
Generate toy 200/250

 -- MarkovChainMC -- 
Limit: r < 0.460658 +/- 0.00310783 @ 95% credibility (15 tries)
Done in 0.20 min (cpu), 0.20 min (real)
Generate toy 201/250

 -- MarkovChainMC -- 
Limit: r < 0.812321 +/- 0.0105161 @ 95% credibility (15 tries)
Done in 0.21 min (cpu), 0.21 min (real)
Generate toy 202/250

 -- MarkovChainMC -- 
Limit: r < 0.506996 +/- 0.00644913 @ 95% credibility (15 tries)
Done in 0.20 min (cpu), 0.20 min (real)
Generate toy 203/250

 -- MarkovChainMC -- 
Limit: r < 0.474279 +/- 0.00760227 @ 95% credibility (15 tries)
Done in 0.20 min (cpu), 0.20 min (real)
Generate toy 204/250

 -- MarkovChainMC -- 
Limit: r < 0.498969 +/- 0.00601899 @ 95% credibility (15 tries)
Done in 0.20 min (cpu), 0.20 min (real)
Generate toy 205/250

 -- MarkovChainMC -- 
Limit: r < 0.479331 +/- 0.00548791 @ 95% credibility (15 tries)
Done in 0.20 min (cpu), 0.20 min (real)
Generate toy 206/250

 -- MarkovChainMC -- 
Limit: r < 0.427711 +/- 0.00664793 @ 95% credibility (15 tries)
Done in 0.20 min (cpu), 0.20 min (real)
Generate toy 207/250

 -- MarkovChainMC -- 
Limit: r < 0.490185 +/- 0.00584196 @ 95% credibility (15 tries)
Done in 0.20 min (cpu), 0.20 min (real)
Generate toy 208/250

 -- MarkovChainMC -- 
Limit: r < 0.393262 +/- 0.007405 @ 95% credibility (15 tries)
Done in 0.20 min (cpu), 0.20 min (real)
Generate toy 209/250

 -- MarkovChainMC -- 
Limit: r < 0.479541 +/- 0.00669774 @ 95% credibility (15 tries)
Done in 0.20 min (cpu), 0.20 min (real)
Generate toy 210/250

 -- MarkovChainMC -- 
Limit: r < 0.842656 +/- 0.0112074 @ 95% credibility (15 tries)
Done in 0.21 min (cpu), 0.21 min (real)
Generate toy 211/250

 -- MarkovChainMC -- 
Limit: r < 0.467054 +/- 0.00752334 @ 95% credibility (15 tries)
Done in 0.20 min (cpu), 0.20 min (real)
Generate toy 212/250

 -- MarkovChainMC -- 
Limit: r < 0.649373 +/- 0.00715776 @ 95% credibility (15 tries)
Done in 0.23 min (cpu), 0.23 min (real)
Generate toy 213/250

 -- MarkovChainMC -- 
Limit: r < 0.401339 +/- 0.00492332 @ 95% credibility (15 tries)
Done in 0.22 min (cpu), 0.22 min (real)
Generate toy 214/250

 -- MarkovChainMC -- 
Limit: r < 0.349087 +/- 0.00443661 @ 95% credibility (15 tries)
Done in 0.19 min (cpu), 0.20 min (real)
Generate toy 215/250

 -- MarkovChainMC -- 
Limit: r < 0.533299 +/- 0.00582019 @ 95% credibility (15 tries)
Done in 0.20 min (cpu), 0.20 min (real)
Generate toy 216/250

 -- MarkovChainMC -- 
Limit: r < 0.450154 +/- 0.0064967 @ 95% credibility (15 tries)
Done in 0.20 min (cpu), 0.20 min (real)
Generate toy 217/250

 -- MarkovChainMC -- 
Limit: r < 1.3366 +/- 0.00855876 @ 95% credibility (15 tries)
Done in 0.21 min (cpu), 0.22 min (real)
Generate toy 218/250

 -- MarkovChainMC -- 
Limit: r < 0.481001 +/- 0.00711918 @ 95% credibility (15 tries)
Done in 0.20 min (cpu), 0.20 min (real)
Generate toy 219/250

 -- MarkovChainMC -- 
Limit: r < 0.741049 +/- 0.0040131 @ 95% credibility (15 tries)
Done in 0.20 min (cpu), 0.20 min (real)
Generate toy 220/250

 -- MarkovChainMC -- 
Limit: r < 0.359329 +/- 0.00464024 @ 95% credibility (15 tries)
Done in 0.20 min (cpu), 0.20 min (real)
Generate toy 221/250

 -- MarkovChainMC -- 
Limit: r < 0.44357 +/- 0.00638032 @ 95% credibility (15 tries)
Done in 0.19 min (cpu), 0.19 min (real)
Generate toy 222/250

 -- MarkovChainMC -- 
Limit: r < 0.533785 +/- 0.00481785 @ 95% credibility (15 tries)
Done in 0.19 min (cpu), 0.20 min (real)
Generate toy 223/250

 -- MarkovChainMC -- 
Limit: r < 1.07392 +/- 0.0050917 @ 95% credibility (15 tries)
Done in 0.21 min (cpu), 0.21 min (real)
Generate toy 224/250

 -- MarkovChainMC -- 
Limit: r < 0.797302 +/- 0.00539648 @ 95% credibility (15 tries)
Done in 0.20 min (cpu), 0.20 min (real)
Generate toy 225/250

 -- MarkovChainMC -- 
Limit: r < 0.355215 +/- 0.00556954 @ 95% credibility (15 tries)
Done in 0.19 min (cpu), 0.19 min (real)
Generate toy 226/250

 -- MarkovChainMC -- 
Limit: r < 0.488461 +/- 0.00541198 @ 95% credibility (15 tries)
Done in 0.19 min (cpu), 0.19 min (real)
Generate toy 227/250

 -- MarkovChainMC -- 
Limit: r < 0.567486 +/- 0.00835252 @ 95% credibility (15 tries)
Done in 0.20 min (cpu), 0.20 min (real)
Generate toy 228/250

 -- MarkovChainMC -- 
Limit: r < 0.387929 +/- 0.00431449 @ 95% credibility (15 tries)
Done in 0.19 min (cpu), 0.19 min (real)
Generate toy 229/250

 -- MarkovChainMC -- 
Limit: r < 0.485614 +/- 0.00924256 @ 95% credibility (15 tries)
Done in 0.19 min (cpu), 0.19 min (real)
Generate toy 230/250

 -- MarkovChainMC -- 
Limit: r < 0.710432 +/- 0.0117367 @ 95% credibility (15 tries)
Done in 0.19 min (cpu), 0.19 min (real)
Generate toy 231/250

 -- MarkovChainMC -- 
Limit: r < 0.400286 +/- 0.005011 @ 95% credibility (15 tries)
Done in 0.19 min (cpu), 0.19 min (real)
Generate toy 232/250

 -- MarkovChainMC -- 
Limit: r < 0.494267 +/- 0.00474273 @ 95% credibility (15 tries)
Done in 0.20 min (cpu), 0.20 min (real)
Generate toy 233/250

 -- MarkovChainMC -- 
Limit: r < 0.442035 +/- 0.00609704 @ 95% credibility (15 tries)
Done in 0.20 min (cpu), 0.20 min (real)
Generate toy 234/250

 -- MarkovChainMC -- 
Limit: r < 0.706164 +/- 0.0097258 @ 95% credibility (15 tries)
Done in 0.21 min (cpu), 0.21 min (real)
Generate toy 235/250

 -- MarkovChainMC -- 
Limit: r < 0.494835 +/- 0.00646877 @ 95% credibility (15 tries)
Done in 0.19 min (cpu), 0.19 min (real)
Generate toy 236/250

 -- MarkovChainMC -- 
Limit: r < 0.329558 +/- 0.00526822 @ 95% credibility (15 tries)
Done in 0.18 min (cpu), 0.18 min (real)
Generate toy 237/250

 -- MarkovChainMC -- 
Limit: r < 0.407371 +/- 0.00450938 @ 95% credibility (15 tries)
Done in 0.19 min (cpu), 0.19 min (real)
Generate toy 238/250

 -- MarkovChainMC -- 
Limit: r < 0.435725 +/- 0.00799075 @ 95% credibility (15 tries)
Done in 0.19 min (cpu), 0.19 min (real)
Generate toy 239/250

 -- MarkovChainMC -- 
Limit: r < 0.320407 +/- 0.00666518 @ 95% credibility (15 tries)
Done in 0.19 min (cpu), 0.19 min (real)
Generate toy 240/250

 -- MarkovChainMC -- 
Limit: r < 0.414994 +/- 0.00363676 @ 95% credibility (15 tries)
Done in 0.19 min (cpu), 0.19 min (real)
Generate toy 241/250

 -- MarkovChainMC -- 
Limit: r < 0.498917 +/- 0.00897387 @ 95% credibility (15 tries)
Done in 0.19 min (cpu), 0.19 min (real)
Generate toy 242/250

 -- MarkovChainMC -- 
Limit: r < 0.397788 +/- 0.00637347 @ 95% credibility (15 tries)
Done in 0.19 min (cpu), 0.19 min (real)
Generate toy 243/250

 -- MarkovChainMC -- 
Limit: r < 0.887438 +/- 0.00958001 @ 95% credibility (15 tries)
Done in 0.20 min (cpu), 0.20 min (real)
Generate toy 244/250

 -- MarkovChainMC -- 
Limit: r < 0.501081 +/- 0.00522248 @ 95% credibility (15 tries)
Done in 0.19 min (cpu), 0.19 min (real)
Generate toy 245/250

 -- MarkovChainMC -- 
Limit: r < 0.697004 +/- 0.00524977 @ 95% credibility (15 tries)
Done in 0.20 min (cpu), 0.20 min (real)
Generate toy 246/250

 -- MarkovChainMC -- 
Limit: r < 0.510099 +/- 0.00805162 @ 95% credibility (15 tries)
Done in 0.20 min (cpu), 0.20 min (real)
Generate toy 247/250

 -- MarkovChainMC -- 
Limit: r < 0.376908 +/- 0.00598727 @ 95% credibility (15 tries)
Done in 0.20 min (cpu), 0.20 min (real)
Generate toy 248/250

 -- MarkovChainMC -- 
Limit: r < 0.516703 +/- 0.00699337 @ 95% credibility (15 tries)
Done in 0.21 min (cpu), 0.21 min (real)
Generate toy 249/250

 -- MarkovChainMC -- 
Limit: r < 0.506534 +/- 0.00362673 @ 95% credibility (15 tries)
Done in 0.21 min (cpu), 0.21 min (real)
Generate toy 250/250

 -- MarkovChainMC -- 
Limit: r < 0.449041 +/- 0.00616531 @ 95% credibility (15 tries)
Done in 0.21 min (cpu), 0.21 min (real)
mean   expected limit: r < 0.545162 +/- 0.010354 @ 95%CL (250 toyMC)
median expected limit: r < 0.506653 @ 95%CL (250 toyMC)
   68% expected band : 0.400059 < r < 0.706164
   95% expected band : 0.331627 < r < 0.971481
