 <<< Combine >>> 
 <<< v10.0.2 >>>
>>> Used OpenSSL to get a truly random seed -203806014
>>> Method used is MarkovChainMC
============================================================
Analyzing bin errors for: prop_binmuon22
Poisson cut-off: 10
Processes excluded for sums: Wprime4600
============================================================
Bin        Contents        Error           Notes                         
0          5489.820688     14.389595       total sum                     
0          5489.009974     14.389572       excluding marked processes    
0          145510.000000   381.457730      Unweighted events, alpha=0.037728
  => Total parameter prop_binmuon22_bin0[0.00,-7.00,7.00] to be Gaussian constrained
------------------------------------------------------------
1          2092.227487     7.507861        total sum                     
1          2091.469679     7.507819        excluding marked processes    
1          77602.000000    278.571355      Unweighted events, alpha=0.026961
  => Total parameter prop_binmuon22_bin1[0.00,-7.00,7.00] to be Gaussian constrained
------------------------------------------------------------
2          925.928480      5.743297        total sum                     
2          925.287269      5.743251        excluding marked processes    
2          25956.000000    161.108659      Unweighted events, alpha=0.035673
  => Total parameter prop_binmuon22_bin2[0.00,-7.00,7.00] to be Gaussian constrained
------------------------------------------------------------
3          463.335956      3.622153        total sum                     
3          462.717279      3.622082        excluding marked processes    
3          16320.000000    127.749755      Unweighted events, alpha=0.028391
  => Total parameter prop_binmuon22_bin3[0.00,-7.00,7.00] to be Gaussian constrained
------------------------------------------------------------
4          240.819160      1.533993        total sum                     
4          240.228093      1.533810        excluding marked processes    
4          24530.000000    156.620561      Unweighted events, alpha=0.009817
  => Total parameter prop_binmuon22_bin4[0.00,-7.00,7.00] to be Gaussian constrained
------------------------------------------------------------
5          139.676322      1.743041        total sum                     
5          139.121722      1.742909        excluding marked processes    
5          6371.000000     79.818544       Unweighted events, alpha=0.021924
  => Total parameter prop_binmuon22_bin5[0.00,-7.00,7.00] to be Gaussian constrained
------------------------------------------------------------
6          133.710551      1.064992        total sum                     
6          132.798509      1.064641        excluding marked processes    
6          15559.000000    124.735721      Unweighted events, alpha=0.008594
  => Total parameter prop_binmuon22_bin6[0.00,-7.00,7.00] to be Gaussian constrained
------------------------------------------------------------
7          52.735132       0.722132        total sum                     
7          51.876344       0.721630        excluding marked processes    
7          5168.000000     71.888803       Unweighted events, alpha=0.010204
  => Total parameter prop_binmuon22_bin7[0.00,-7.00,7.00] to be Gaussian constrained
------------------------------------------------------------
8          30.444795       0.469849        total sum                     
8          29.337675       0.468872        excluding marked processes    
8          3915.000000     62.569961       Unweighted events, alpha=0.007776
  => Total parameter prop_binmuon22_bin8[0.00,-7.00,7.00] to be Gaussian constrained
------------------------------------------------------------
9          10.948262       0.335732        total sum                     
9          9.941359        0.334523        excluding marked processes    
9          883.000000      29.715316       Unweighted events, alpha=0.012399
  => Total parameter prop_binmuon22_bin9[0.00,-7.00,7.00] to be Gaussian constrained
------------------------------------------------------------
10         5.584630        0.110975        total sum                     
10         4.165375        0.105525        excluding marked processes    
10         1558.000000     39.471509       Unweighted events, alpha=0.003584
  => Total parameter prop_binmuon22_bin10[0.00,-7.00,7.00] to be Gaussian constrained
------------------------------------------------------------
11         4.055593        0.222465        total sum                     
11         1.762132        0.218174        excluding marked processes    
11         65.000000       8.062258        Unweighted events, alpha=0.062394
  => Total parameter prop_binmuon22_bin11[0.00,-7.00,7.00] to be Gaussian constrained
------------------------------------------------------------
12         2.780874        0.045839        total sum                     
12         0.276349        0.001778        excluding marked processes    
12         24153.000000    155.412355      Unweighted events, alpha=0.000115
  => Total parameter prop_binmuon22_bin12[0.00,-7.00,7.00] to be Gaussian constrained
------------------------------------------------------------
13         6.056441        0.069981        total sum                     
13         0.085750        0.001214        excluding marked processes    
13         4991.000000     70.647010       Unweighted events, alpha=0.001213
  => Total parameter prop_binmuon22_bin13[0.00,-7.00,7.00] to be Gaussian constrained
------------------------------------------------------------
14         0.261526        0.014662        total sum                     
14         0.007105        0.001511        excluding marked processes    
14         22.000000       4.690416        Unweighted events, alpha=0.011888
  => Total parameter prop_binmuon22_bin14[0.00,-7.00,7.00] to be Gaussian constrained
------------------------------------------------------------
15         0.007721        0.002436        total sum                     
15         0.001078        0.000054        excluding marked processes    
15         404.000000      20.099751       Unweighted events, alpha=0.000019
  => Total parameter prop_binmuon22_bin15[0.00,-7.00,7.00] to be Gaussian constrained
------------------------------------------------------------
============================================================
Analyzing bin errors for: prop_binmuon23
Poisson cut-off: 10
Processes excluded for sums: Wprime4600
============================================================
Bin        Contents        Error           Notes                         
0          4246.323843     16.603222       total sum                     
0          4245.728997     16.603213       excluding marked processes    
0          65391.000000    255.716640      Unweighted events, alpha=0.064937
  => Total parameter prop_binmuon23_bin0[0.00,-7.00,7.00] to be Gaussian constrained
------------------------------------------------------------
1          1621.650126     7.828071        total sum                     
1          1621.101079     7.828053        excluding marked processes    
1          42886.000000    207.089353      Unweighted events, alpha=0.037813
  => Total parameter prop_binmuon23_bin1[0.00,-7.00,7.00] to be Gaussian constrained
------------------------------------------------------------
2          721.930161      4.795542        total sum                     
2          721.396648      4.795515        excluding marked processes    
2          22630.000000    150.432709      Unweighted events, alpha=0.031901
  => Total parameter prop_binmuon23_bin2[0.00,-7.00,7.00] to be Gaussian constrained
------------------------------------------------------------
3          359.791339      3.009396        total sum                     
3          359.285774      3.009355        excluding marked processes    
3          14254.000000    119.390117      Unweighted events, alpha=0.025241
  => Total parameter prop_binmuon23_bin3[0.00,-7.00,7.00] to be Gaussian constrained
------------------------------------------------------------
4          191.620934      3.360908        total sum                     
4          191.190097      3.360877        excluding marked processes    
4          3236.000000     56.885851       Unweighted events, alpha=0.059215
  => Total parameter prop_binmuon23_bin4[0.00,-7.00,7.00] to be Gaussian constrained
------------------------------------------------------------
5          112.632537      1.192199        total sum                     
5          112.217111      1.192110        excluding marked processes    
5          8861.000000     94.132885       Unweighted events, alpha=0.012711
  => Total parameter prop_binmuon23_bin5[0.00,-7.00,7.00] to be Gaussian constrained
------------------------------------------------------------
6          107.891277      1.524199        total sum                     
6          107.129583      1.524073        excluding marked processes    
6          4941.000000     70.292247       Unweighted events, alpha=0.021836
  => Total parameter prop_binmuon23_bin6[0.00,-7.00,7.00] to be Gaussian constrained
------------------------------------------------------------
7          41.767348       0.658177        total sum                     
7          41.104515       0.657922        excluding marked processes    
7          3903.000000     62.473995       Unweighted events, alpha=0.010701
  => Total parameter prop_binmuon23_bin7[0.00,-7.00,7.00] to be Gaussian constrained
------------------------------------------------------------
8          24.367933       0.587454        total sum                     
8          23.449391       0.587056        excluding marked processes    
8          1596.000000     39.949969       Unweighted events, alpha=0.015268
  => Total parameter prop_binmuon23_bin8[0.00,-7.00,7.00] to be Gaussian constrained
------------------------------------------------------------
9          9.207796        0.395104        total sum                     
9          8.355840        0.394559        excluding marked processes    
9          448.000000      21.166010       Unweighted events, alpha=0.020553
  => Total parameter prop_binmuon23_bin9[0.00,-7.00,7.00] to be Gaussian constrained
------------------------------------------------------------
10         4.718626        0.253093        total sum                     
10         3.506378        0.251887        excluding marked processes    
10         194.000000      13.928388       Unweighted events, alpha=0.024323
  => Total parameter prop_binmuon23_bin10[0.00,-7.00,7.00] to be Gaussian constrained
------------------------------------------------------------
11         3.247416        0.182805        total sum                     
11         1.363219        0.180174        excluding marked processes    
11         57.000000       7.549834        Unweighted events, alpha=0.056972
  => Total parameter prop_binmuon23_bin11[0.00,-7.00,7.00] to be Gaussian constrained
------------------------------------------------------------
12         2.570839        0.290831        total sum                     
12         0.530791        0.289065        excluding marked processes    
12         3.000000        1.732051        Unweighted events, alpha=0.856946
  => Number of weighted events is below Poisson threshold
    Wprime4600           2.040048        0.032003                                      
                         4063.000000     63.741666       Unweighted events, alpha=0.000502
      => Parameter prop_binmuon23_bin12_Wprime4600[0.00,-7.00,7.00] to be Gaussian constrained
  ----------------------------------------------------------
    W_boson              0.216692        0.001181                                      
                         33653.000000    183.447540      Unweighted events, alpha=0.000006
      => Parameter prop_binmuon23_bin12_W_boson[0.00,-7.00,7.00] to be Gaussian constrained
  ----------------------------------------------------------
    Top                  0.000000        0.000000                                      
      => Error is zero, ignore      
  ----------------------------------------------------------
    Z_boson              0.004094        0.000500                                      
                         67.000000       8.185353        Unweighted events, alpha=0.000061
      => Parameter prop_binmuon23_bin12_Z_boson[0.00,-7.00,7.00] to be Gaussian constrained
  ----------------------------------------------------------
    DiBoson              0.288910        0.288561                                      
                         1.000000        1.000000        Unweighted events, alpha=0.288910
      => Product of prop_binmuon23_bin12_DiBoson[1.00,0.00,30.85] and const [1.0000] to be Poisson constrained
  ----------------------------------------------------------
    QCD                  0.021095        0.017013                                      
                         2.000000        1.414214        Unweighted events, alpha=0.010547
      => Product of prop_binmuon23_bin12_QCD[2.00,0.00,33.79] and const [0.5000] to be Poisson constrained
  ----------------------------------------------------------
------------------------------------------------------------
13         5.015962        0.049577        total sum                     
13         0.067145        0.000584        excluding marked processes    
13         13239.000000    115.060853      Unweighted events, alpha=0.000379
  => Total parameter prop_binmuon23_bin13[0.00,-7.00,7.00] to be Gaussian constrained
------------------------------------------------------------
14         0.189243        0.009534        total sum                     
14         0.003967        0.000043        excluding marked processes    
14         8482.000000     92.097774       Unweighted events, alpha=0.000022
  => Total parameter prop_binmuon23_bin14[0.00,-7.00,7.00] to be Gaussian constrained
------------------------------------------------------------
15         0.010395        0.004096        total sum                     
15         0.005625        0.003835        excluding marked processes    
15         2.000000        1.414214        Unweighted events, alpha=0.005198
  => Number of weighted events is below Poisson threshold
    Wprime4600           0.004770        0.001441                                      
                         11.000000       3.316625        Unweighted events, alpha=0.000434
      => Parameter prop_binmuon23_bin15_Wprime4600[0.00,-7.00,7.00] to be Gaussian constrained
  ----------------------------------------------------------
    W_boson              0.000849        0.000021                                      
                         1670.000000     40.865633       Unweighted events, alpha=0.000001
      => Parameter prop_binmuon23_bin15_W_boson[0.00,-7.00,7.00] to be Gaussian constrained
  ----------------------------------------------------------
    Top                  0.000000        0.000000                                      
      => Error is zero, ignore      
  ----------------------------------------------------------
    Z_boson              0.000011        0.000003                                      
                         16.000000       4.000000        Unweighted events, alpha=0.000001
      => Parameter prop_binmuon23_bin15_Z_boson[0.00,-7.00,7.00] to be Gaussian constrained
  ----------------------------------------------------------
    DiBoson              0.000000        0.000000                                      
      => Error is zero, ignore      
  ----------------------------------------------------------
    QCD                  0.004765        0.003834                                      
                         2.000000        1.414214        Unweighted events, alpha=0.002383
      => Product of prop_binmuon23_bin15_QCD[2.00,0.00,33.79] and const [0.5000] to be Poisson constrained
  ----------------------------------------------------------
------------------------------------------------------------
Channel muon22 will use autoMCStats with settings: event-threshold=10, include-signal=0, hist-mode=1
Channel muon23 will use autoMCStats with settings: event-threshold=10, include-signal=0, hist-mode=1
Generate toy 1/250

 -- MarkovChainMC -- 
Limit: r < 0.217228 +/- 0.00364327 @ 95% credibility (15 tries)
Done in 0.21 min (cpu), 0.21 min (real)
Generate toy 2/250

 -- MarkovChainMC -- 
Limit: r < 0.235374 +/- 0.00416781 @ 95% credibility (15 tries)
Done in 0.21 min (cpu), 0.21 min (real)
Generate toy 3/250

 -- MarkovChainMC -- 
Limit: r < 0.184427 +/- 0.00206829 @ 95% credibility (15 tries)
Done in 0.21 min (cpu), 0.21 min (real)
Generate toy 4/250

 -- MarkovChainMC -- 
Limit: r < 0.339212 +/- 0.00273951 @ 95% credibility (15 tries)
Done in 0.22 min (cpu), 0.22 min (real)
Generate toy 5/250

 -- MarkovChainMC -- 
Limit: r < 0.238436 +/- 0.00413926 @ 95% credibility (15 tries)
Done in 0.21 min (cpu), 0.21 min (real)
Generate toy 6/250

 -- MarkovChainMC -- 
Limit: r < 0.202149 +/- 0.00226991 @ 95% credibility (15 tries)
Done in 0.21 min (cpu), 0.21 min (real)
Generate toy 7/250

 -- MarkovChainMC -- 
Limit: r < 0.158045 +/- 0.0026341 @ 95% credibility (15 tries)
Done in 0.21 min (cpu), 0.21 min (real)
Generate toy 8/250

 -- MarkovChainMC -- 
Limit: r < 0.287528 +/- 0.0033737 @ 95% credibility (15 tries)
Done in 0.22 min (cpu), 0.22 min (real)
Generate toy 9/250

 -- MarkovChainMC -- 
Limit: r < 0.227913 +/- 0.00383921 @ 95% credibility (15 tries)
Done in 0.22 min (cpu), 0.22 min (real)
Generate toy 10/250

 -- MarkovChainMC -- 
Limit: r < 0.226537 +/- 0.00294746 @ 95% credibility (15 tries)
Done in 0.22 min (cpu), 0.22 min (real)
Generate toy 11/250

 -- MarkovChainMC -- 
Limit: r < 0.364035 +/- 0.00623051 @ 95% credibility (15 tries)
Done in 0.23 min (cpu), 0.23 min (real)
Generate toy 12/250

 -- MarkovChainMC -- 
Limit: r < 0.28278 +/- 0.00311766 @ 95% credibility (15 tries)
Done in 0.22 min (cpu), 0.22 min (real)
Generate toy 13/250

 -- MarkovChainMC -- 
Limit: r < 0.159729 +/- 0.00219634 @ 95% credibility (15 tries)
Done in 0.22 min (cpu), 0.22 min (real)
Generate toy 14/250

 -- MarkovChainMC -- 
Limit: r < 0.19737 +/- 0.00288078 @ 95% credibility (15 tries)
Done in 0.21 min (cpu), 0.21 min (real)
Generate toy 15/250

 -- MarkovChainMC -- 
Limit: r < 0.263328 +/- 0.00367328 @ 95% credibility (15 tries)
Done in 0.22 min (cpu), 0.22 min (real)
Generate toy 16/250

 -- MarkovChainMC -- 
Limit: r < 0.298684 +/- 0.00291491 @ 95% credibility (15 tries)
Done in 0.22 min (cpu), 0.22 min (real)
Generate toy 17/250

 -- MarkovChainMC -- 
Limit: r < 0.21713 +/- 0.00213245 @ 95% credibility (15 tries)
Done in 0.22 min (cpu), 0.22 min (real)
Generate toy 18/250

 -- MarkovChainMC -- 
Limit: r < 0.201107 +/- 0.00310162 @ 95% credibility (15 tries)
Done in 0.21 min (cpu), 0.22 min (real)
Generate toy 19/250

 -- MarkovChainMC -- 
Limit: r < 0.326404 +/- 0.00492742 @ 95% credibility (15 tries)
Done in 0.22 min (cpu), 0.22 min (real)
Generate toy 20/250

 -- MarkovChainMC -- 
Limit: r < 0.406542 +/- 0.00411623 @ 95% credibility (15 tries)
Done in 0.23 min (cpu), 0.23 min (real)
Generate toy 21/250

 -- MarkovChainMC -- 
Limit: r < 0.204127 +/- 0.00136595 @ 95% credibility (15 tries)
Done in 0.22 min (cpu), 0.22 min (real)
Generate toy 22/250

 -- MarkovChainMC -- 
Limit: r < 0.201607 +/- 0.00316407 @ 95% credibility (15 tries)
Done in 0.21 min (cpu), 0.22 min (real)
Generate toy 23/250

 -- MarkovChainMC -- 
Limit: r < 0.26391 +/- 0.00381036 @ 95% credibility (15 tries)
Done in 0.21 min (cpu), 0.22 min (real)
Generate toy 24/250

 -- MarkovChainMC -- 
Limit: r < 0.252619 +/- 0.00353604 @ 95% credibility (15 tries)
Done in 0.22 min (cpu), 0.22 min (real)
Generate toy 25/250

 -- MarkovChainMC -- 
Limit: r < 0.196299 +/- 0.00285014 @ 95% credibility (15 tries)
Done in 0.22 min (cpu), 0.22 min (real)
Generate toy 26/250

 -- MarkovChainMC -- 
Limit: r < 0.194288 +/- 0.00202971 @ 95% credibility (15 tries)
Done in 0.22 min (cpu), 0.22 min (real)
Generate toy 27/250

 -- MarkovChainMC -- 
Limit: r < 0.462958 +/- 0.00378872 @ 95% credibility (15 tries)
Done in 0.23 min (cpu), 0.23 min (real)
Generate toy 28/250

 -- MarkovChainMC -- 
Limit: r < 0.275435 +/- 0.00257105 @ 95% credibility (15 tries)
Done in 0.22 min (cpu), 0.22 min (real)
Generate toy 29/250

 -- MarkovChainMC -- 
Limit: r < 0.166457 +/- 0.0017598 @ 95% credibility (15 tries)
Done in 0.21 min (cpu), 0.21 min (real)
Generate toy 30/250

 -- MarkovChainMC -- 
Limit: r < 0.178408 +/- 0.00230552 @ 95% credibility (15 tries)
Done in 0.22 min (cpu), 0.22 min (real)
Generate toy 31/250

 -- MarkovChainMC -- 
Limit: r < 0.164143 +/- 0.00246074 @ 95% credibility (15 tries)
Done in 0.21 min (cpu), 0.21 min (real)
Generate toy 32/250

 -- MarkovChainMC -- 
Limit: r < 0.240762 +/- 0.00226084 @ 95% credibility (15 tries)
Done in 0.22 min (cpu), 0.22 min (real)
Generate toy 33/250

 -- MarkovChainMC -- 
Limit: r < 0.162264 +/- 0.00267788 @ 95% credibility (15 tries)
Done in 0.21 min (cpu), 0.21 min (real)
Generate toy 34/250

 -- MarkovChainMC -- 
Limit: r < 0.16077 +/- 0.00208348 @ 95% credibility (15 tries)
Done in 0.21 min (cpu), 0.21 min (real)
Generate toy 35/250

 -- MarkovChainMC -- 
Limit: r < 0.175414 +/- 0.00281814 @ 95% credibility (15 tries)
Done in 0.21 min (cpu), 0.22 min (real)
Generate toy 36/250

 -- MarkovChainMC -- 
Limit: r < 0.256801 +/- 0.00285915 @ 95% credibility (15 tries)
Done in 0.22 min (cpu), 0.22 min (real)
Generate toy 37/250

 -- MarkovChainMC -- 
Limit: r < 0.157441 +/- 0.00148501 @ 95% credibility (15 tries)
Done in 0.22 min (cpu), 0.22 min (real)
Generate toy 38/250

 -- MarkovChainMC -- 
Limit: r < 0.273206 +/- 0.00584987 @ 95% credibility (15 tries)
Done in 0.22 min (cpu), 0.22 min (real)
Generate toy 39/250

 -- MarkovChainMC -- 
Limit: r < 0.165925 +/- 0.00106626 @ 95% credibility (15 tries)
Done in 0.21 min (cpu), 0.21 min (real)
Generate toy 40/250

 -- MarkovChainMC -- 
Limit: r < 0.215249 +/- 0.00320465 @ 95% credibility (15 tries)
Done in 0.21 min (cpu), 0.21 min (real)
Generate toy 41/250

 -- MarkovChainMC -- 
Limit: r < 0.235693 +/- 0.00251743 @ 95% credibility (15 tries)
Done in 0.22 min (cpu), 0.22 min (real)
Generate toy 42/250

 -- MarkovChainMC -- 
Limit: r < 0.257893 +/- 0.0029286 @ 95% credibility (15 tries)
Done in 0.22 min (cpu), 0.22 min (real)
Generate toy 43/250

 -- MarkovChainMC -- 
Limit: r < 0.168618 +/- 0.00267701 @ 95% credibility (15 tries)
Done in 0.21 min (cpu), 0.21 min (real)
Generate toy 44/250

 -- MarkovChainMC -- 
Limit: r < 0.281528 +/- 0.00291755 @ 95% credibility (15 tries)
Done in 0.22 min (cpu), 0.22 min (real)
Generate toy 45/250

 -- MarkovChainMC -- 
Limit: r < 0.361603 +/- 0.00726853 @ 95% credibility (15 tries)
Done in 0.23 min (cpu), 0.23 min (real)
Generate toy 46/250

 -- MarkovChainMC -- 
Limit: r < 0.195626 +/- 0.00268783 @ 95% credibility (15 tries)
Done in 0.21 min (cpu), 0.22 min (real)
Generate toy 47/250

 -- MarkovChainMC -- 
Limit: r < 0.197415 +/- 0.00149913 @ 95% credibility (15 tries)
Done in 0.21 min (cpu), 0.22 min (real)
Generate toy 48/250

 -- MarkovChainMC -- 
Limit: r < 0.255359 +/- 0.00600926 @ 95% credibility (15 tries)
Done in 0.22 min (cpu), 0.22 min (real)
Generate toy 49/250

 -- MarkovChainMC -- 
Limit: r < 0.312373 +/- 0.00241438 @ 95% credibility (15 tries)
Done in 0.22 min (cpu), 0.22 min (real)
Generate toy 50/250

 -- MarkovChainMC -- 
Limit: r < 0.328985 +/- 0.00333438 @ 95% credibility (15 tries)
Done in 0.22 min (cpu), 0.22 min (real)
Generate toy 51/250

 -- MarkovChainMC -- 
Limit: r < 0.22157 +/- 0.00181794 @ 95% credibility (15 tries)
Done in 0.22 min (cpu), 0.22 min (real)
Generate toy 52/250

 -- MarkovChainMC -- 
Limit: r < 0.2237 +/- 0.00331731 @ 95% credibility (15 tries)
Done in 0.22 min (cpu), 0.22 min (real)
Generate toy 53/250

 -- MarkovChainMC -- 
Limit: r < 0.163993 +/- 0.00191269 @ 95% credibility (15 tries)
Done in 0.21 min (cpu), 0.21 min (real)
Generate toy 54/250

 -- MarkovChainMC -- 
Limit: r < 0.192367 +/- 0.00272312 @ 95% credibility (15 tries)
Done in 0.21 min (cpu), 0.21 min (real)
Generate toy 55/250

 -- MarkovChainMC -- 
Limit: r < 0.164867 +/- 0.00269121 @ 95% credibility (15 tries)
Done in 0.21 min (cpu), 0.22 min (real)
Generate toy 56/250

 -- MarkovChainMC -- 
Limit: r < 0.149795 +/- 0.00240057 @ 95% credibility (15 tries)
Done in 0.21 min (cpu), 0.21 min (real)
Generate toy 57/250

 -- MarkovChainMC -- 
Limit: r < 0.164617 +/- 0.00206372 @ 95% credibility (15 tries)
Done in 0.21 min (cpu), 0.21 min (real)
Generate toy 58/250

 -- MarkovChainMC -- 
Limit: r < 0.198268 +/- 0.003907 @ 95% credibility (15 tries)
Done in 0.22 min (cpu), 0.22 min (real)
Generate toy 59/250

 -- MarkovChainMC -- 
Limit: r < 0.185453 +/- 0.00318919 @ 95% credibility (15 tries)
Done in 0.21 min (cpu), 0.21 min (real)
Generate toy 60/250

 -- MarkovChainMC -- 
Limit: r < 0.180379 +/- 0.0029461 @ 95% credibility (15 tries)
Done in 0.21 min (cpu), 0.21 min (real)
Generate toy 61/250

 -- MarkovChainMC -- 
Limit: r < 0.163518 +/- 0.00158119 @ 95% credibility (15 tries)
Done in 0.21 min (cpu), 0.21 min (real)
Generate toy 62/250

 -- MarkovChainMC -- 
Limit: r < 0.157878 +/- 0.00227972 @ 95% credibility (15 tries)
Done in 0.21 min (cpu), 0.21 min (real)
Generate toy 63/250

 -- MarkovChainMC -- 
Limit: r < 0.229404 +/- 0.00222476 @ 95% credibility (15 tries)
Done in 0.21 min (cpu), 0.21 min (real)
Generate toy 64/250

 -- MarkovChainMC -- 
Limit: r < 0.234388 +/- 0.00320357 @ 95% credibility (15 tries)
Done in 0.22 min (cpu), 0.22 min (real)
Generate toy 65/250

 -- MarkovChainMC -- 
Limit: r < 0.244901 +/- 0.00284202 @ 95% credibility (15 tries)
Done in 0.22 min (cpu), 0.22 min (real)
Generate toy 66/250

 -- MarkovChainMC -- 
Limit: r < 0.305102 +/- 0.00382113 @ 95% credibility (15 tries)
Done in 0.22 min (cpu), 0.22 min (real)
Generate toy 67/250

 -- MarkovChainMC -- 
Limit: r < 0.167845 +/- 0.00216388 @ 95% credibility (15 tries)
Done in 0.21 min (cpu), 0.21 min (real)
Generate toy 68/250

 -- MarkovChainMC -- 
Limit: r < 0.214763 +/- 0.00240748 @ 95% credibility (15 tries)
Done in 0.22 min (cpu), 0.22 min (real)
Generate toy 69/250

 -- MarkovChainMC -- 
Limit: r < 0.21057 +/- 0.00185068 @ 95% credibility (15 tries)
Done in 0.21 min (cpu), 0.21 min (real)
Generate toy 70/250

 -- MarkovChainMC -- 
Limit: r < 0.360293 +/- 0.0034857 @ 95% credibility (15 tries)
Done in 0.23 min (cpu), 0.23 min (real)
Generate toy 71/250

 -- MarkovChainMC -- 
Limit: r < 0.204586 +/- 0.00342082 @ 95% credibility (15 tries)
Done in 0.22 min (cpu), 0.22 min (real)
Generate toy 72/250

 -- MarkovChainMC -- 
Limit: r < 0.164573 +/- 0.00252772 @ 95% credibility (15 tries)
Done in 0.22 min (cpu), 0.22 min (real)
Generate toy 73/250

 -- MarkovChainMC -- 
Limit: r < 0.460213 +/- 0.00292688 @ 95% credibility (15 tries)
Done in 0.23 min (cpu), 0.23 min (real)
Generate toy 74/250

 -- MarkovChainMC -- 
Limit: r < 0.141929 +/- 0.00127933 @ 95% credibility (15 tries)
Done in 0.21 min (cpu), 0.21 min (real)
Generate toy 75/250

 -- MarkovChainMC -- 
Limit: r < 0.211375 +/- 0.00364366 @ 95% credibility (15 tries)
Done in 0.21 min (cpu), 0.21 min (real)
Generate toy 76/250

 -- MarkovChainMC -- 
Limit: r < 0.23355 +/- 0.00193773 @ 95% credibility (15 tries)
Done in 0.21 min (cpu), 0.22 min (real)
Generate toy 77/250

 -- MarkovChainMC -- 
Limit: r < 0.218935 +/- 0.00229405 @ 95% credibility (15 tries)
Done in 0.21 min (cpu), 0.22 min (real)
Generate toy 78/250

 -- MarkovChainMC -- 
Limit: r < 0.257727 +/- 0.00427165 @ 95% credibility (15 tries)
Done in 0.22 min (cpu), 0.22 min (real)
Generate toy 79/250

 -- MarkovChainMC -- 
Limit: r < 0.180056 +/- 0.00242691 @ 95% credibility (15 tries)
Done in 0.21 min (cpu), 0.21 min (real)
Generate toy 80/250

 -- MarkovChainMC -- 
Limit: r < 0.279679 +/- 0.00306121 @ 95% credibility (15 tries)
Done in 0.22 min (cpu), 0.22 min (real)
Generate toy 81/250

 -- MarkovChainMC -- 
Limit: r < 0.250138 +/- 0.00226821 @ 95% credibility (15 tries)
Done in 0.21 min (cpu), 0.21 min (real)
Generate toy 82/250

 -- MarkovChainMC -- 
Limit: r < 0.156873 +/- 0.00200713 @ 95% credibility (15 tries)
Done in 0.21 min (cpu), 0.21 min (real)
Generate toy 83/250

 -- MarkovChainMC -- 
Limit: r < 0.370444 +/- 0.00273109 @ 95% credibility (15 tries)
Done in 0.22 min (cpu), 0.22 min (real)
Generate toy 84/250

 -- MarkovChainMC -- 
Limit: r < 0.21173 +/- 0.00313051 @ 95% credibility (15 tries)
Done in 0.21 min (cpu), 0.21 min (real)
Generate toy 85/250

 -- MarkovChainMC -- 
Limit: r < 0.372595 +/- 0.00479803 @ 95% credibility (15 tries)
Done in 0.22 min (cpu), 0.22 min (real)
Generate toy 86/250

 -- MarkovChainMC -- 
Limit: r < 0.17129 +/- 0.00229305 @ 95% credibility (15 tries)
Done in 0.21 min (cpu), 0.21 min (real)
Generate toy 87/250

 -- MarkovChainMC -- 
Limit: r < 0.37226 +/- 0.00316603 @ 95% credibility (15 tries)
Done in 0.22 min (cpu), 0.22 min (real)
Generate toy 88/250

 -- MarkovChainMC -- 
Limit: r < 0.378341 +/- 0.00429857 @ 95% credibility (15 tries)
Done in 0.22 min (cpu), 0.22 min (real)
Generate toy 89/250

 -- MarkovChainMC -- 
Limit: r < 0.332536 +/- 0.00338771 @ 95% credibility (15 tries)
Done in 0.22 min (cpu), 0.22 min (real)
Generate toy 90/250

 -- MarkovChainMC -- 
Limit: r < 0.204773 +/- 0.00276552 @ 95% credibility (15 tries)
Done in 0.21 min (cpu), 0.21 min (real)
Generate toy 91/250

 -- MarkovChainMC -- 
Limit: r < 0.227736 +/- 0.00280962 @ 95% credibility (15 tries)
Done in 0.20 min (cpu), 0.21 min (real)
Generate toy 92/250

 -- MarkovChainMC -- 
Limit: r < 0.411019 +/- 0.00310767 @ 95% credibility (15 tries)
Done in 0.22 min (cpu), 0.22 min (real)
Generate toy 93/250

 -- MarkovChainMC -- 
Limit: r < 0.238419 +/- 0.00269468 @ 95% credibility (15 tries)
Done in 0.21 min (cpu), 0.21 min (real)
Generate toy 94/250

 -- MarkovChainMC -- 
Limit: r < 0.183262 +/- 0.00228749 @ 95% credibility (15 tries)
Done in 0.20 min (cpu), 0.20 min (real)
Generate toy 95/250

 -- MarkovChainMC -- 
Limit: r < 0.193307 +/- 0.00390786 @ 95% credibility (15 tries)
Done in 0.20 min (cpu), 0.20 min (real)
Generate toy 96/250

 -- MarkovChainMC -- 
Limit: r < 0.320658 +/- 0.0057206 @ 95% credibility (15 tries)
Done in 0.21 min (cpu), 0.21 min (real)
Generate toy 97/250

 -- MarkovChainMC -- 
Limit: r < 0.21737 +/- 0.00322163 @ 95% credibility (15 tries)
Done in 0.20 min (cpu), 0.20 min (real)
Generate toy 98/250

 -- MarkovChainMC -- 
Limit: r < 0.469841 +/- 0.00362255 @ 95% credibility (15 tries)
Done in 0.22 min (cpu), 0.23 min (real)
Generate toy 99/250

 -- MarkovChainMC -- 
Limit: r < 0.21653 +/- 0.00392855 @ 95% credibility (15 tries)
Done in 0.21 min (cpu), 0.21 min (real)
Generate toy 100/250

 -- MarkovChainMC -- 
Limit: r < 0.155545 +/- 0.00165634 @ 95% credibility (15 tries)
Done in 0.20 min (cpu), 0.21 min (real)
Generate toy 101/250

 -- MarkovChainMC -- 
Limit: r < 0.198043 +/- 0.00268803 @ 95% credibility (15 tries)
Done in 0.21 min (cpu), 0.21 min (real)
Generate toy 102/250

 -- MarkovChainMC -- 
Limit: r < 0.165757 +/- 0.00202224 @ 95% credibility (15 tries)
Done in 0.21 min (cpu), 0.21 min (real)
Generate toy 103/250

 -- MarkovChainMC -- 
Limit: r < 0.445957 +/- 0.00432013 @ 95% credibility (15 tries)
Done in 0.23 min (cpu), 0.23 min (real)
Generate toy 104/250

 -- MarkovChainMC -- 
Limit: r < 0.234675 +/- 0.00319896 @ 95% credibility (15 tries)
Done in 0.22 min (cpu), 0.22 min (real)
Generate toy 105/250

 -- MarkovChainMC -- 
Limit: r < 0.271593 +/- 0.00318036 @ 95% credibility (15 tries)
Done in 0.22 min (cpu), 0.22 min (real)
Generate toy 106/250

 -- MarkovChainMC -- 
Limit: r < 0.248448 +/- 0.0036056 @ 95% credibility (15 tries)
Done in 0.22 min (cpu), 0.22 min (real)
Generate toy 107/250

 -- MarkovChainMC -- 
Limit: r < 0.174299 +/- 0.0016979 @ 95% credibility (15 tries)
Done in 0.21 min (cpu), 0.21 min (real)
Generate toy 108/250

 -- MarkovChainMC -- 
Limit: r < 0.186468 +/- 0.00140241 @ 95% credibility (15 tries)
Done in 0.22 min (cpu), 0.22 min (real)
Generate toy 109/250

 -- MarkovChainMC -- 
Limit: r < 0.153586 +/- 0.00160399 @ 95% credibility (15 tries)
Done in 0.21 min (cpu), 0.21 min (real)
Generate toy 110/250

 -- MarkovChainMC -- 
Limit: r < 0.253506 +/- 0.00337081 @ 95% credibility (15 tries)
Done in 0.21 min (cpu), 0.22 min (real)
Generate toy 111/250

 -- MarkovChainMC -- 
Limit: r < 0.447973 +/- 0.00495277 @ 95% credibility (15 tries)
Done in 0.23 min (cpu), 0.23 min (real)
Generate toy 112/250

 -- MarkovChainMC -- 
Limit: r < 0.211417 +/- 0.00187617 @ 95% credibility (15 tries)
Done in 0.22 min (cpu), 0.22 min (real)
Generate toy 113/250

 -- MarkovChainMC -- 
Limit: r < 0.271946 +/- 0.00319452 @ 95% credibility (15 tries)
Done in 0.22 min (cpu), 0.23 min (real)
Generate toy 114/250

 -- MarkovChainMC -- 
Limit: r < 0.216248 +/- 0.00140909 @ 95% credibility (15 tries)
Done in 0.22 min (cpu), 0.22 min (real)
Generate toy 115/250

 -- MarkovChainMC -- 
Limit: r < 0.263561 +/- 0.00270248 @ 95% credibility (15 tries)
Done in 0.22 min (cpu), 0.22 min (real)
Generate toy 116/250

 -- MarkovChainMC -- 
Limit: r < 0.238465 +/- 0.00278163 @ 95% credibility (15 tries)
Done in 0.22 min (cpu), 0.22 min (real)
Generate toy 117/250

 -- MarkovChainMC -- 
Limit: r < 0.250164 +/- 0.00324435 @ 95% credibility (15 tries)
Done in 0.22 min (cpu), 0.22 min (real)
Generate toy 118/250

 -- MarkovChainMC -- 
Limit: r < 0.148728 +/- 0.00228936 @ 95% credibility (15 tries)
Done in 0.22 min (cpu), 0.22 min (real)
Generate toy 119/250

 -- MarkovChainMC -- 
Limit: r < 0.291158 +/- 0.00379034 @ 95% credibility (15 tries)
Done in 0.22 min (cpu), 0.22 min (real)
Generate toy 120/250

 -- MarkovChainMC -- 
Limit: r < 0.180118 +/- 0.00280151 @ 95% credibility (15 tries)
Done in 0.21 min (cpu), 0.22 min (real)
Generate toy 121/250

 -- MarkovChainMC -- 
Limit: r < 0.2097 +/- 0.00218644 @ 95% credibility (15 tries)
Done in 0.22 min (cpu), 0.22 min (real)
Generate toy 122/250

 -- MarkovChainMC -- 
Limit: r < 0.348545 +/- 0.00345585 @ 95% credibility (15 tries)
Done in 0.22 min (cpu), 0.23 min (real)
Generate toy 123/250

 -- MarkovChainMC -- 
Limit: r < 0.252595 +/- 0.00324061 @ 95% credibility (15 tries)
Done in 0.22 min (cpu), 0.22 min (real)
Generate toy 124/250

 -- MarkovChainMC -- 
Limit: r < 0.168585 +/- 0.00189603 @ 95% credibility (15 tries)
Done in 0.22 min (cpu), 0.22 min (real)
Generate toy 125/250

 -- MarkovChainMC -- 
Limit: r < 0.240239 +/- 0.00311291 @ 95% credibility (15 tries)
Done in 0.22 min (cpu), 0.22 min (real)
Generate toy 126/250

 -- MarkovChainMC -- 
Limit: r < 0.228869 +/- 0.00259839 @ 95% credibility (15 tries)
Done in 0.22 min (cpu), 0.22 min (real)
Generate toy 127/250

 -- MarkovChainMC -- 
Limit: r < 0.199989 +/- 0.00297374 @ 95% credibility (15 tries)
Done in 0.22 min (cpu), 0.22 min (real)
Generate toy 128/250

 -- MarkovChainMC -- 
Limit: r < 0.282217 +/- 0.00265634 @ 95% credibility (15 tries)
Done in 0.22 min (cpu), 0.22 min (real)
Generate toy 129/250

 -- MarkovChainMC -- 
Limit: r < 0.143629 +/- 0.00183396 @ 95% credibility (15 tries)
Done in 0.21 min (cpu), 0.22 min (real)
Generate toy 130/250

 -- MarkovChainMC -- 
Limit: r < 0.273697 +/- 0.00600043 @ 95% credibility (15 tries)
Done in 0.22 min (cpu), 0.22 min (real)
Generate toy 131/250

 -- MarkovChainMC -- 
Limit: r < 0.190994 +/- 0.00139402 @ 95% credibility (15 tries)
Done in 0.21 min (cpu), 0.22 min (real)
Generate toy 132/250

 -- MarkovChainMC -- 
Limit: r < 0.202212 +/- 0.00305221 @ 95% credibility (15 tries)
Done in 0.21 min (cpu), 0.22 min (real)
Generate toy 133/250

 -- MarkovChainMC -- 
Limit: r < 0.2958 +/- 0.00405495 @ 95% credibility (15 tries)
Done in 0.22 min (cpu), 0.22 min (real)
Generate toy 134/250

 -- MarkovChainMC -- 
Limit: r < 0.244301 +/- 0.00138393 @ 95% credibility (15 tries)
Done in 0.22 min (cpu), 0.22 min (real)
Generate toy 135/250

 -- MarkovChainMC -- 
Limit: r < 0.251449 +/- 0.00233897 @ 95% credibility (15 tries)
Done in 0.22 min (cpu), 0.22 min (real)
Generate toy 136/250

 -- MarkovChainMC -- 
Limit: r < 0.210647 +/- 0.00244882 @ 95% credibility (15 tries)
Done in 0.22 min (cpu), 0.22 min (real)
Generate toy 137/250

 -- MarkovChainMC -- 
Limit: r < 0.193165 +/- 0.0028789 @ 95% credibility (15 tries)
Done in 0.21 min (cpu), 0.22 min (real)
Generate toy 138/250

 -- MarkovChainMC -- 
Limit: r < 0.200041 +/- 0.00311798 @ 95% credibility (15 tries)
Done in 0.21 min (cpu), 0.22 min (real)
Generate toy 139/250

 -- MarkovChainMC -- 
Limit: r < 0.176322 +/- 0.00263669 @ 95% credibility (15 tries)
Done in 0.21 min (cpu), 0.22 min (real)
Generate toy 140/250

 -- MarkovChainMC -- 
Limit: r < 0.38545 +/- 0.00355171 @ 95% credibility (15 tries)
Done in 0.23 min (cpu), 0.23 min (real)
Generate toy 141/250

 -- MarkovChainMC -- 
Limit: r < 0.238816 +/- 0.00354619 @ 95% credibility (15 tries)
Done in 0.22 min (cpu), 0.22 min (real)
Generate toy 142/250

 -- MarkovChainMC -- 
Limit: r < 0.186625 +/- 0.0027296 @ 95% credibility (15 tries)
Done in 0.22 min (cpu), 0.22 min (real)
Generate toy 143/250

 -- MarkovChainMC -- 
Limit: r < 0.318176 +/- 0.00402542 @ 95% credibility (15 tries)
Done in 0.23 min (cpu), 0.24 min (real)
Generate toy 144/250

 -- MarkovChainMC -- 
Limit: r < 0.320688 +/- 0.00193903 @ 95% credibility (15 tries)
Done in 0.23 min (cpu), 0.23 min (real)
Generate toy 145/250

 -- MarkovChainMC -- 
Limit: r < 0.185466 +/- 0.00262648 @ 95% credibility (15 tries)
Done in 0.22 min (cpu), 0.22 min (real)
Generate toy 146/250

 -- MarkovChainMC -- 
Limit: r < 0.296385 +/- 0.00574443 @ 95% credibility (15 tries)
Done in 0.23 min (cpu), 0.23 min (real)
Generate toy 147/250

 -- MarkovChainMC -- 
Limit: r < 0.182652 +/- 0.00202193 @ 95% credibility (15 tries)
Done in 0.23 min (cpu), 0.23 min (real)
Generate toy 148/250

 -- MarkovChainMC -- 
Limit: r < 0.325871 +/- 0.00208371 @ 95% credibility (15 tries)
Done in 0.24 min (cpu), 0.24 min (real)
Generate toy 149/250

 -- MarkovChainMC -- 
Limit: r < 0.218464 +/- 0.00516977 @ 95% credibility (15 tries)
Done in 0.25 min (cpu), 0.25 min (real)
Generate toy 150/250

 -- MarkovChainMC -- 
Limit: r < 0.335555 +/- 0.00310957 @ 95% credibility (15 tries)
Done in 0.25 min (cpu), 0.25 min (real)
Generate toy 151/250

 -- MarkovChainMC -- 
Limit: r < 0.234298 +/- 0.00339897 @ 95% credibility (15 tries)
Done in 0.24 min (cpu), 0.25 min (real)
Generate toy 152/250

 -- MarkovChainMC -- 
Limit: r < 0.270834 +/- 0.0023221 @ 95% credibility (15 tries)
Done in 0.24 min (cpu), 0.25 min (real)
Generate toy 153/250

 -- MarkovChainMC -- 
Limit: r < 0.259707 +/- 0.00286478 @ 95% credibility (15 tries)
Done in 0.24 min (cpu), 0.25 min (real)
Generate toy 154/250

 -- MarkovChainMC -- 
Limit: r < 0.270318 +/- 0.00155229 @ 95% credibility (15 tries)
Done in 0.24 min (cpu), 0.25 min (real)
Generate toy 155/250

 -- MarkovChainMC -- 
Limit: r < 0.210468 +/- 0.00195249 @ 95% credibility (15 tries)
Done in 0.24 min (cpu), 0.24 min (real)
Generate toy 156/250

 -- MarkovChainMC -- 
Limit: r < 0.238328 +/- 0.00438631 @ 95% credibility (15 tries)
Done in 0.24 min (cpu), 0.24 min (real)
Generate toy 157/250

 -- MarkovChainMC -- 
Limit: r < 0.19688 +/- 0.00251057 @ 95% credibility (15 tries)
Done in 0.24 min (cpu), 0.24 min (real)
Generate toy 158/250

 -- MarkovChainMC -- 
Limit: r < 0.198023 +/- 0.00268366 @ 95% credibility (15 tries)
Done in 0.24 min (cpu), 0.24 min (real)
Generate toy 159/250

 -- MarkovChainMC -- 
Limit: r < 0.273935 +/- 0.00349176 @ 95% credibility (15 tries)
Done in 0.24 min (cpu), 0.24 min (real)
Generate toy 160/250

 -- MarkovChainMC -- 
Limit: r < 0.227705 +/- 0.00129606 @ 95% credibility (15 tries)
Done in 0.24 min (cpu), 0.24 min (real)
Generate toy 161/250

 -- MarkovChainMC -- 
Limit: r < 0.252115 +/- 0.00211162 @ 95% credibility (15 tries)
Done in 0.24 min (cpu), 0.24 min (real)
Generate toy 162/250

 -- MarkovChainMC -- 
Limit: r < 0.202882 +/- 0.00145096 @ 95% credibility (15 tries)
Done in 0.25 min (cpu), 0.25 min (real)
Generate toy 163/250

 -- MarkovChainMC -- 
Limit: r < 0.177313 +/- 0.0035597 @ 95% credibility (15 tries)
Done in 0.23 min (cpu), 0.23 min (real)
Generate toy 164/250

 -- MarkovChainMC -- 
Limit: r < 0.165561 +/- 0.00220211 @ 95% credibility (15 tries)
Done in 0.23 min (cpu), 0.24 min (real)
Generate toy 165/250

 -- MarkovChainMC -- 
Limit: r < 0.187229 +/- 0.00373122 @ 95% credibility (15 tries)
Done in 0.23 min (cpu), 0.24 min (real)
Generate toy 166/250

 -- MarkovChainMC -- 
Limit: r < 0.220209 +/- 0.00207623 @ 95% credibility (15 tries)
Done in 0.24 min (cpu), 0.24 min (real)
Generate toy 167/250

 -- MarkovChainMC -- 
Limit: r < 0.248845 +/- 0.00487106 @ 95% credibility (15 tries)
Done in 0.24 min (cpu), 0.24 min (real)
Generate toy 168/250

 -- MarkovChainMC -- 
Limit: r < 0.186154 +/- 0.00360143 @ 95% credibility (15 tries)
Done in 0.22 min (cpu), 0.22 min (real)
Generate toy 169/250

 -- MarkovChainMC -- 
Limit: r < 0.181851 +/- 0.00262783 @ 95% credibility (15 tries)
Done in 0.22 min (cpu), 0.22 min (real)
Generate toy 170/250

 -- MarkovChainMC -- 
Limit: r < 0.253625 +/- 0.00352209 @ 95% credibility (15 tries)
Done in 0.22 min (cpu), 0.23 min (real)
Generate toy 171/250

 -- MarkovChainMC -- 
Limit: r < 0.245219 +/- 0.00433187 @ 95% credibility (15 tries)
Done in 0.22 min (cpu), 0.22 min (real)
Generate toy 172/250

 -- MarkovChainMC -- 
Limit: r < 0.201797 +/- 0.00312833 @ 95% credibility (15 tries)
Done in 0.22 min (cpu), 0.22 min (real)
Generate toy 173/250

 -- MarkovChainMC -- 
Limit: r < 0.167852 +/- 0.00116631 @ 95% credibility (15 tries)
Done in 0.22 min (cpu), 0.22 min (real)
Generate toy 174/250

 -- MarkovChainMC -- 
Limit: r < 0.247887 +/- 0.00320483 @ 95% credibility (15 tries)
Done in 0.22 min (cpu), 0.23 min (real)
Generate toy 175/250

 -- MarkovChainMC -- 
Limit: r < 0.231234 +/- 0.00375681 @ 95% credibility (15 tries)
Done in 0.22 min (cpu), 0.22 min (real)
Generate toy 176/250

 -- MarkovChainMC -- 
Limit: r < 0.229672 +/- 0.00157433 @ 95% credibility (15 tries)
Done in 0.22 min (cpu), 0.23 min (real)
Generate toy 177/250

 -- MarkovChainMC -- 
Limit: r < 0.188868 +/- 0.00205612 @ 95% credibility (15 tries)
Done in 0.22 min (cpu), 0.22 min (real)
Generate toy 178/250

 -- MarkovChainMC -- 
Limit: r < 0.283925 +/- 0.00288481 @ 95% credibility (15 tries)
Done in 0.23 min (cpu), 0.23 min (real)
Generate toy 179/250

 -- MarkovChainMC -- 
Limit: r < 0.281367 +/- 0.00477889 @ 95% credibility (15 tries)
Done in 0.23 min (cpu), 0.23 min (real)
Generate toy 180/250

 -- MarkovChainMC -- 
Limit: r < 0.186093 +/- 0.00297534 @ 95% credibility (15 tries)
Done in 0.22 min (cpu), 0.22 min (real)
Generate toy 181/250

 -- MarkovChainMC -- 
Limit: r < 0.157576 +/- 0.00282255 @ 95% credibility (15 tries)
Done in 0.22 min (cpu), 0.22 min (real)
Generate toy 182/250

 -- MarkovChainMC -- 
Limit: r < 0.23589 +/- 0.00255595 @ 95% credibility (15 tries)
Done in 0.23 min (cpu), 0.23 min (real)
Generate toy 183/250

 -- MarkovChainMC -- 
Limit: r < 0.201758 +/- 0.00161008 @ 95% credibility (15 tries)
Done in 0.22 min (cpu), 0.22 min (real)
Generate toy 184/250

 -- MarkovChainMC -- 
Limit: r < 0.231881 +/- 0.00166103 @ 95% credibility (15 tries)
Done in 0.23 min (cpu), 0.23 min (real)
Generate toy 185/250

 -- MarkovChainMC -- 
Limit: r < 0.184428 +/- 0.00302905 @ 95% credibility (15 tries)
Done in 0.23 min (cpu), 0.23 min (real)
Generate toy 186/250

 -- MarkovChainMC -- 
Limit: r < 0.167768 +/- 0.00189667 @ 95% credibility (15 tries)
Done in 0.22 min (cpu), 0.22 min (real)
Generate toy 187/250

 -- MarkovChainMC -- 
Limit: r < 0.172165 +/- 0.00281097 @ 95% credibility (15 tries)
Done in 0.22 min (cpu), 0.22 min (real)
Generate toy 188/250

 -- MarkovChainMC -- 
Limit: r < 0.249369 +/- 0.00397997 @ 95% credibility (15 tries)
Done in 0.22 min (cpu), 0.23 min (real)
Generate toy 189/250

 -- MarkovChainMC -- 
Limit: r < 0.21995 +/- 0.00261858 @ 95% credibility (15 tries)
Done in 0.22 min (cpu), 0.23 min (real)
Generate toy 190/250

 -- MarkovChainMC -- 
Limit: r < 0.194793 +/- 0.00178614 @ 95% credibility (15 tries)
Done in 0.22 min (cpu), 0.23 min (real)
Generate toy 191/250

 -- MarkovChainMC -- 
Limit: r < 0.205595 +/- 0.00186242 @ 95% credibility (15 tries)
Done in 0.22 min (cpu), 0.22 min (real)
Generate toy 192/250

 -- MarkovChainMC -- 
Limit: r < 0.197406 +/- 0.00137281 @ 95% credibility (15 tries)
Done in 0.21 min (cpu), 0.22 min (real)
Generate toy 193/250

 -- MarkovChainMC -- 
Limit: r < 0.194114 +/- 0.00220017 @ 95% credibility (15 tries)
Done in 0.21 min (cpu), 0.22 min (real)
Generate toy 194/250

 -- MarkovChainMC -- 
Limit: r < 0.184351 +/- 0.00157976 @ 95% credibility (15 tries)
Done in 0.21 min (cpu), 0.22 min (real)
Generate toy 195/250

 -- MarkovChainMC -- 
Limit: r < 0.640343 +/- 0.00576589 @ 95% credibility (15 tries)
Done in 0.24 min (cpu), 0.24 min (real)
Generate toy 196/250

 -- MarkovChainMC -- 
Limit: r < 0.181497 +/- 0.00305804 @ 95% credibility (15 tries)
Done in 0.22 min (cpu), 0.22 min (real)
Generate toy 197/250

 -- MarkovChainMC -- 
Limit: r < 0.204792 +/- 0.00383099 @ 95% credibility (15 tries)
Done in 0.23 min (cpu), 0.23 min (real)
Generate toy 198/250

 -- MarkovChainMC -- 
Limit: r < 0.157052 +/- 0.00279745 @ 95% credibility (15 tries)
Done in 0.24 min (cpu), 0.24 min (real)
Generate toy 199/250

 -- MarkovChainMC -- 
Limit: r < 0.373166 +/- 0.00379258 @ 95% credibility (15 tries)
Done in 0.25 min (cpu), 0.26 min (real)
Generate toy 200/250

 -- MarkovChainMC -- 
Limit: r < 0.268961 +/- 0.00183098 @ 95% credibility (15 tries)
Done in 0.25 min (cpu), 0.25 min (real)
Generate toy 201/250

 -- MarkovChainMC -- 
Limit: r < 0.153904 +/- 0.00150089 @ 95% credibility (15 tries)
Done in 0.24 min (cpu), 0.25 min (real)
Generate toy 202/250

 -- MarkovChainMC -- 
Limit: r < 0.528651 +/- 0.00486406 @ 95% credibility (15 tries)
Done in 0.26 min (cpu), 0.26 min (real)
Generate toy 203/250

 -- MarkovChainMC -- 
Limit: r < 0.314251 +/- 0.00511595 @ 95% credibility (15 tries)
Done in 0.25 min (cpu), 0.25 min (real)
Generate toy 204/250

 -- MarkovChainMC -- 
Limit: r < 0.253824 +/- 0.00286443 @ 95% credibility (15 tries)
Done in 0.25 min (cpu), 0.25 min (real)
Generate toy 205/250

 -- MarkovChainMC -- 
Limit: r < 0.184826 +/- 0.00163071 @ 95% credibility (15 tries)
Done in 0.24 min (cpu), 0.25 min (real)
Generate toy 206/250

 -- MarkovChainMC -- 
Limit: r < 0.182278 +/- 0.00250383 @ 95% credibility (15 tries)
Done in 0.24 min (cpu), 0.24 min (real)
Generate toy 207/250

 -- MarkovChainMC -- 
Limit: r < 0.375602 +/- 0.00390339 @ 95% credibility (15 tries)
Done in 0.25 min (cpu), 0.25 min (real)
Generate toy 208/250

 -- MarkovChainMC -- 
Limit: r < 0.293453 +/- 0.00312613 @ 95% credibility (15 tries)
Done in 0.22 min (cpu), 0.23 min (real)
Generate toy 209/250

 -- MarkovChainMC -- 
Limit: r < 0.182016 +/- 0.00160922 @ 95% credibility (15 tries)
Done in 0.22 min (cpu), 0.22 min (real)
Generate toy 210/250

 -- MarkovChainMC -- 
Limit: r < 0.165879 +/- 0.00380151 @ 95% credibility (15 tries)
Done in 0.22 min (cpu), 0.22 min (real)
Generate toy 211/250

 -- MarkovChainMC -- 
Limit: r < 0.180095 +/- 0.00237919 @ 95% credibility (15 tries)
Done in 0.22 min (cpu), 0.22 min (real)
Generate toy 212/250

 -- MarkovChainMC -- 
Limit: r < 0.326296 +/- 0.00325187 @ 95% credibility (15 tries)
Done in 0.23 min (cpu), 0.23 min (real)
Generate toy 213/250

 -- MarkovChainMC -- 
Limit: r < 0.565364 +/- 0.00469508 @ 95% credibility (15 tries)
Done in 0.23 min (cpu), 0.24 min (real)
Generate toy 214/250

 -- MarkovChainMC -- 
Limit: r < 0.162194 +/- 0.00232925 @ 95% credibility (15 tries)
Done in 0.22 min (cpu), 0.22 min (real)
Generate toy 215/250

 -- MarkovChainMC -- 
Limit: r < 0.215094 +/- 0.00372736 @ 95% credibility (15 tries)
Done in 0.23 min (cpu), 0.23 min (real)
Generate toy 216/250

 -- MarkovChainMC -- 
Limit: r < 0.487383 +/- 0.00910987 @ 95% credibility (15 tries)
Done in 0.23 min (cpu), 0.24 min (real)
Generate toy 217/250

 -- MarkovChainMC -- 
Limit: r < 0.205459 +/- 0.00237691 @ 95% credibility (15 tries)
Done in 0.22 min (cpu), 0.22 min (real)
Generate toy 218/250

 -- MarkovChainMC -- 
Limit: r < 0.166498 +/- 0.00193079 @ 95% credibility (15 tries)
Done in 0.22 min (cpu), 0.23 min (real)
Generate toy 219/250

 -- MarkovChainMC -- 
Limit: r < 0.253093 +/- 0.00266729 @ 95% credibility (15 tries)
Done in 0.22 min (cpu), 0.23 min (real)
Generate toy 220/250

 -- MarkovChainMC -- 
Limit: r < 0.25313 +/- 0.00534911 @ 95% credibility (15 tries)
Done in 0.24 min (cpu), 0.24 min (real)
Generate toy 221/250

 -- MarkovChainMC -- 
Limit: r < 0.166715 +/- 0.00198448 @ 95% credibility (15 tries)
Done in 0.23 min (cpu), 0.24 min (real)
Generate toy 222/250

 -- MarkovChainMC -- 
Limit: r < 0.253122 +/- 0.00206413 @ 95% credibility (15 tries)
Done in 0.24 min (cpu), 0.25 min (real)
Generate toy 223/250

 -- MarkovChainMC -- 
Limit: r < 0.306313 +/- 0.00345892 @ 95% credibility (15 tries)
Done in 0.24 min (cpu), 0.25 min (real)
Generate toy 224/250

 -- MarkovChainMC -- 
Limit: r < 0.223618 +/- 0.00273793 @ 95% credibility (15 tries)
Done in 0.24 min (cpu), 0.25 min (real)
Generate toy 225/250

 -- MarkovChainMC -- 
Limit: r < 0.169499 +/- 0.000511969 @ 95% credibility (15 tries)
Done in 0.23 min (cpu), 0.23 min (real)
Generate toy 226/250

 -- MarkovChainMC -- 
Limit: r < 0.185254 +/- 0.00266791 @ 95% credibility (15 tries)
Done in 0.22 min (cpu), 0.22 min (real)
Generate toy 227/250

 -- MarkovChainMC -- 
Limit: r < 0.26129 +/- 0.00282095 @ 95% credibility (15 tries)
Done in 0.23 min (cpu), 0.23 min (real)
Generate toy 228/250

 -- MarkovChainMC -- 
Limit: r < 0.184072 +/- 0.00241823 @ 95% credibility (15 tries)
Done in 0.22 min (cpu), 0.22 min (real)
Generate toy 229/250

 -- MarkovChainMC -- 
Limit: r < 0.387507 +/- 0.00247738 @ 95% credibility (15 tries)
Done in 0.23 min (cpu), 0.23 min (real)
Generate toy 230/250

 -- MarkovChainMC -- 
Limit: r < 0.332891 +/- 0.0049749 @ 95% credibility (15 tries)
Done in 0.23 min (cpu), 0.23 min (real)
Generate toy 231/250

 -- MarkovChainMC -- 
Limit: r < 0.164968 +/- 0.00210513 @ 95% credibility (15 tries)
Done in 0.22 min (cpu), 0.22 min (real)
Generate toy 232/250

 -- MarkovChainMC -- 
Limit: r < 0.204384 +/- 0.00227878 @ 95% credibility (15 tries)
Done in 0.22 min (cpu), 0.23 min (real)
Generate toy 233/250

 -- MarkovChainMC -- 
Limit: r < 0.232828 +/- 0.00277987 @ 95% credibility (15 tries)
Done in 0.22 min (cpu), 0.22 min (real)
Generate toy 234/250

 -- MarkovChainMC -- 
Limit: r < 0.173645 +/- 0.0013493 @ 95% credibility (15 tries)
Done in 0.21 min (cpu), 0.22 min (real)
Generate toy 235/250

 -- MarkovChainMC -- 
Limit: r < 0.300225 +/- 0.00274742 @ 95% credibility (15 tries)
Done in 0.23 min (cpu), 0.23 min (real)
Generate toy 236/250

 -- MarkovChainMC -- 
Limit: r < 0.267201 +/- 0.00354615 @ 95% credibility (15 tries)
Done in 0.22 min (cpu), 0.23 min (real)
Generate toy 237/250

 -- MarkovChainMC -- 
Limit: r < 0.178205 +/- 0.00231163 @ 95% credibility (15 tries)
Done in 0.22 min (cpu), 0.22 min (real)
Generate toy 238/250

 -- MarkovChainMC -- 
Limit: r < 0.27718 +/- 0.00446325 @ 95% credibility (15 tries)
Done in 0.22 min (cpu), 0.22 min (real)
Generate toy 239/250

 -- MarkovChainMC -- 
Limit: r < 0.202598 +/- 0.00181583 @ 95% credibility (15 tries)
Done in 0.22 min (cpu), 0.22 min (real)
Generate toy 240/250

 -- MarkovChainMC -- 
Limit: r < 0.270965 +/- 0.00362059 @ 95% credibility (15 tries)
Done in 0.23 min (cpu), 0.23 min (real)
Generate toy 241/250

 -- MarkovChainMC -- 
Limit: r < 0.171595 +/- 0.00166145 @ 95% credibility (15 tries)
Done in 0.22 min (cpu), 0.22 min (real)
Generate toy 242/250

 -- MarkovChainMC -- 
Limit: r < 0.226045 +/- 0.00351736 @ 95% credibility (15 tries)
Done in 0.23 min (cpu), 0.23 min (real)
Generate toy 243/250

 -- MarkovChainMC -- 
Limit: r < 0.238553 +/- 0.00288413 @ 95% credibility (15 tries)
Done in 0.22 min (cpu), 0.22 min (real)
Generate toy 244/250

 -- MarkovChainMC -- 
Limit: r < 0.424736 +/- 0.00609414 @ 95% credibility (15 tries)
Done in 0.22 min (cpu), 0.22 min (real)
Generate toy 245/250

 -- MarkovChainMC -- 
Limit: r < 0.191813 +/- 0.00220011 @ 95% credibility (15 tries)
Done in 0.21 min (cpu), 0.21 min (real)
Generate toy 246/250

 -- MarkovChainMC -- 
Limit: r < 0.221575 +/- 0.0036719 @ 95% credibility (15 tries)
Done in 0.20 min (cpu), 0.21 min (real)
Generate toy 247/250

 -- MarkovChainMC -- 
Limit: r < 0.193688 +/- 0.00275954 @ 95% credibility (15 tries)
Done in 0.20 min (cpu), 0.20 min (real)
Generate toy 248/250

 -- MarkovChainMC -- 
Limit: r < 0.379525 +/- 0.00586756 @ 95% credibility (15 tries)
Done in 0.22 min (cpu), 0.22 min (real)
Generate toy 249/250

 -- MarkovChainMC -- 
Limit: r < 0.168294 +/- 0.0020932 @ 95% credibility (15 tries)
Done in 0.21 min (cpu), 0.21 min (real)
Generate toy 250/250

 -- MarkovChainMC -- 
Limit: r < 0.196457 +/- 0.00234053 @ 95% credibility (15 tries)
Done in 0.21 min (cpu), 0.21 min (real)
mean   expected limit: r < 0.240178 +/- 0.00499214 @ 95%CL (250 toyMC)
median expected limit: r < 0.219442 @ 95%CL (250 toyMC)
   68% expected band : 0.172165 < r < 0.305102
   95% expected band : 0.155545 < r < 0.462958
