 <<< Combine >>> 
 <<< v10.0.2 >>>
>>> Used OpenSSL to get a truly random seed 330489658
>>> Method used is MarkovChainMC
============================================================
Analyzing bin errors for: prop_binmuon22
Poisson cut-off: 10
Processes excluded for sums: Wprime6600_kR0.1
============================================================
Bin        Contents        Error           Notes                         
0          5489.027385     14.389572       total sum                     
0          5489.009974     14.389572       excluding marked processes    
0          145510.000000   381.457730      Unweighted events, alpha=0.037723
  => Total parameter prop_binmuon22_bin0[0.00,-7.00,7.00] to be Gaussian constrained
------------------------------------------------------------
1          2091.485902     7.507820        total sum                     
1          2091.469679     7.507819        excluding marked processes    
1          77602.000000    278.571355      Unweighted events, alpha=0.026951
  => Total parameter prop_binmuon22_bin1[0.00,-7.00,7.00] to be Gaussian constrained
------------------------------------------------------------
2          925.295560      5.743252        total sum                     
2          925.287269      5.743251        excluding marked processes    
2          25956.000000    161.108659      Unweighted events, alpha=0.035649
  => Total parameter prop_binmuon22_bin2[0.00,-7.00,7.00] to be Gaussian constrained
------------------------------------------------------------
3          462.737448      3.622085        total sum                     
3          462.717279      3.622082        excluding marked processes    
3          16320.000000    127.749755      Unweighted events, alpha=0.028354
  => Total parameter prop_binmuon22_bin3[0.00,-7.00,7.00] to be Gaussian constrained
------------------------------------------------------------
4          240.244585      1.533815        total sum                     
4          240.228093      1.533810        excluding marked processes    
4          24530.000000    156.620561      Unweighted events, alpha=0.009794
  => Total parameter prop_binmuon22_bin4[0.00,-7.00,7.00] to be Gaussian constrained
------------------------------------------------------------
5          139.126484      1.742910        total sum                     
5          139.121722      1.742909        excluding marked processes    
5          6371.000000     79.818544       Unweighted events, alpha=0.021837
  => Total parameter prop_binmuon22_bin5[0.00,-7.00,7.00] to be Gaussian constrained
------------------------------------------------------------
6          132.821588      1.064650        total sum                     
6          132.798509      1.064641        excluding marked processes    
6          15559.000000    124.735721      Unweighted events, alpha=0.008537
  => Total parameter prop_binmuon22_bin6[0.00,-7.00,7.00] to be Gaussian constrained
------------------------------------------------------------
7          51.914072       0.721651        total sum                     
7          51.876344       0.721630        excluding marked processes    
7          5168.000000     71.888803       Unweighted events, alpha=0.010045
  => Total parameter prop_binmuon22_bin7[0.00,-7.00,7.00] to be Gaussian constrained
------------------------------------------------------------
8          29.442871       0.468961        total sum                     
8          29.337675       0.468872        excluding marked processes    
8          3915.000000     62.569961       Unweighted events, alpha=0.007521
  => Total parameter prop_binmuon22_bin8[0.00,-7.00,7.00] to be Gaussian constrained
------------------------------------------------------------
9          10.136741       0.334762        total sum                     
9          9.941359        0.334523        excluding marked processes    
9          883.000000      29.715316       Unweighted events, alpha=0.011480
  => Total parameter prop_binmuon22_bin9[0.00,-7.00,7.00] to be Gaussian constrained
------------------------------------------------------------
10         4.618987        0.107286        total sum                     
10         4.165375        0.105525        excluding marked processes    
10         1558.000000     39.471509       Unweighted events, alpha=0.002965
  => Total parameter prop_binmuon22_bin10[0.00,-7.00,7.00] to be Gaussian constrained
------------------------------------------------------------
11         2.973865        0.220447        total sum                     
11         1.762132        0.218174        excluding marked processes    
11         65.000000       8.062258        Unweighted events, alpha=0.045752
  => Total parameter prop_binmuon22_bin11[0.00,-7.00,7.00] to be Gaussian constrained
------------------------------------------------------------
12         2.122036        0.039409        total sum                     
12         0.276349        0.001778        excluding marked processes    
12         24153.000000    155.412355      Unweighted events, alpha=0.000088
  => Total parameter prop_binmuon22_bin12[0.00,-7.00,7.00] to be Gaussian constrained
------------------------------------------------------------
13         6.031363        0.071596        total sum                     
13         0.085750        0.001214        excluding marked processes    
13         4991.000000     70.647010       Unweighted events, alpha=0.001208
  => Total parameter prop_binmuon22_bin13[0.00,-7.00,7.00] to be Gaussian constrained
------------------------------------------------------------
14         6.036701        0.072185        total sum                     
14         0.007105        0.001511        excluding marked processes    
14         22.000000       4.690416        Unweighted events, alpha=0.274396
  => Total parameter prop_binmuon22_bin14[0.00,-7.00,7.00] to be Gaussian constrained
------------------------------------------------------------
15         5.766740        0.069791        total sum                     
15         0.001078        0.000054        excluding marked processes    
15         404.000000      20.099751       Unweighted events, alpha=0.014274
  => Total parameter prop_binmuon22_bin15[0.00,-7.00,7.00] to be Gaussian constrained
------------------------------------------------------------
============================================================
Analyzing bin errors for: prop_binmuon23
Poisson cut-off: 10
Processes excluded for sums: Wprime6600_kR0.1
============================================================
Bin        Contents        Error           Notes                         
0          4245.742845     16.603213       total sum                     
0          4245.728997     16.603213       excluding marked processes    
0          65391.000000    255.716640      Unweighted events, alpha=0.064929
  => Total parameter prop_binmuon23_bin0[0.00,-7.00,7.00] to be Gaussian constrained
------------------------------------------------------------
1          1621.110178     7.828054        total sum                     
1          1621.101079     7.828053        excluding marked processes    
1          42886.000000    207.089353      Unweighted events, alpha=0.037800
  => Total parameter prop_binmuon23_bin1[0.00,-7.00,7.00] to be Gaussian constrained
------------------------------------------------------------
2          721.404754      4.795515        total sum                     
2          721.396648      4.795515        excluding marked processes    
2          22630.000000    150.432709      Unweighted events, alpha=0.031878
  => Total parameter prop_binmuon23_bin2[0.00,-7.00,7.00] to be Gaussian constrained
------------------------------------------------------------
3          359.300444      3.009356        total sum                     
3          359.285774      3.009355        excluding marked processes    
3          14254.000000    119.390117      Unweighted events, alpha=0.025207
  => Total parameter prop_binmuon23_bin3[0.00,-7.00,7.00] to be Gaussian constrained
------------------------------------------------------------
4          191.200252      3.360877        total sum                     
4          191.190097      3.360877        excluding marked processes    
4          3236.000000     56.885851       Unweighted events, alpha=0.059085
  => Total parameter prop_binmuon23_bin4[0.00,-7.00,7.00] to be Gaussian constrained
------------------------------------------------------------
5          112.225174      1.192111        total sum                     
5          112.217111      1.192110        excluding marked processes    
5          8861.000000     94.132885       Unweighted events, alpha=0.012665
  => Total parameter prop_binmuon23_bin5[0.00,-7.00,7.00] to be Gaussian constrained
------------------------------------------------------------
6          107.149373      1.524077        total sum                     
6          107.129583      1.524073        excluding marked processes    
6          4941.000000     70.292247       Unweighted events, alpha=0.021686
  => Total parameter prop_binmuon23_bin6[0.00,-7.00,7.00] to be Gaussian constrained
------------------------------------------------------------
7          41.136717       0.657935        total sum                     
7          41.104515       0.657922        excluding marked processes    
7          3903.000000     62.473995       Unweighted events, alpha=0.010540
  => Total parameter prop_binmuon23_bin7[0.00,-7.00,7.00] to be Gaussian constrained
------------------------------------------------------------
8          23.526292       0.587089        total sum                     
8          23.449391       0.587056        excluding marked processes    
8          1596.000000     39.949969       Unweighted events, alpha=0.014741
  => Total parameter prop_binmuon23_bin8[0.00,-7.00,7.00] to be Gaussian constrained
------------------------------------------------------------
9          8.512002        0.394659        total sum                     
9          8.355840        0.394559        excluding marked processes    
9          448.000000      21.166010       Unweighted events, alpha=0.019000
  => Total parameter prop_binmuon23_bin9[0.00,-7.00,7.00] to be Gaussian constrained
------------------------------------------------------------
10         3.919764        0.252312        total sum                     
10         3.506378        0.251887        excluding marked processes    
10         194.000000      13.928388       Unweighted events, alpha=0.020205
  => Total parameter prop_binmuon23_bin10[0.00,-7.00,7.00] to be Gaussian constrained
------------------------------------------------------------
11         2.369574        0.181595        total sum                     
11         1.363219        0.180174        excluding marked processes    
11         57.000000       7.549834        Unweighted events, alpha=0.041571
  => Total parameter prop_binmuon23_bin11[0.00,-7.00,7.00] to be Gaussian constrained
------------------------------------------------------------
12         2.043320        0.290416        total sum                     
12         0.530791        0.289065        excluding marked processes    
12         3.000000        1.732051        Unweighted events, alpha=0.681107
  => Number of weighted events is below Poisson threshold
    Wprime6600_kR0.1     1.512529        0.027978                                      
                         2923.000000     54.064776       Unweighted events, alpha=0.000517
      => Parameter prop_binmuon23_bin12_Wprime6600_kR0.1[0.00,-7.00,7.00] to be Gaussian constrained
  ----------------------------------------------------------
    W_boson              0.216692        0.001181                                      
                         33653.000000    183.447540      Unweighted events, alpha=0.000006
      => Parameter prop_binmuon23_bin12_W_boson[0.00,-7.00,7.00] to be Gaussian constrained
  ----------------------------------------------------------
    Top                  0.000000        0.000000                                      
      => Error is zero, ignore      
  ----------------------------------------------------------
    Z_boson              0.004094        0.000500                                      
                         67.000000       8.185353        Unweighted events, alpha=0.000061
      => Parameter prop_binmuon23_bin12_Z_boson[0.00,-7.00,7.00] to be Gaussian constrained
  ----------------------------------------------------------
    DiBoson              0.288910        0.288561                                      
                         1.000000        1.000000        Unweighted events, alpha=0.288910
      => Product of prop_binmuon23_bin12_DiBoson[1.00,0.00,30.85] and const [1.0000] to be Poisson constrained
  ----------------------------------------------------------
    QCD                  0.021095        0.017013                                      
                         2.000000        1.414214        Unweighted events, alpha=0.010547
      => Product of prop_binmuon23_bin12_QCD[2.00,0.00,33.79] and const [0.5000] to be Poisson constrained
  ----------------------------------------------------------
------------------------------------------------------------
13         4.949136        0.050119        total sum                     
13         0.067145        0.000584        excluding marked processes    
13         13239.000000    115.060853      Unweighted events, alpha=0.000374
  => Total parameter prop_binmuon23_bin13[0.00,-7.00,7.00] to be Gaussian constrained
------------------------------------------------------------
14         4.818320        0.048933        total sum                     
14         0.003967        0.000043        excluding marked processes    
14         8482.000000     92.097774       Unweighted events, alpha=0.000568
  => Total parameter prop_binmuon23_bin14[0.00,-7.00,7.00] to be Gaussian constrained
------------------------------------------------------------
15         4.564236        0.047426        total sum                     
15         0.005625        0.003835        excluding marked processes    
15         2.000000        1.414214        Unweighted events, alpha=2.282118
  => Number of weighted events is below Poisson threshold
    Wprime6600_kR0.1     4.558610        0.047270                                      
                         9300.000000     96.436508       Unweighted events, alpha=0.000490
      => Parameter prop_binmuon23_bin15_Wprime6600_kR0.1[0.00,-7.00,7.00] to be Gaussian constrained
  ----------------------------------------------------------
    W_boson              0.000849        0.000021                                      
                         1670.000000     40.865633       Unweighted events, alpha=0.000001
      => Parameter prop_binmuon23_bin15_W_boson[0.00,-7.00,7.00] to be Gaussian constrained
  ----------------------------------------------------------
    Top                  0.000000        0.000000                                      
      => Error is zero, ignore      
  ----------------------------------------------------------
    Z_boson              0.000011        0.000003                                      
                         16.000000       4.000000        Unweighted events, alpha=0.000001
      => Parameter prop_binmuon23_bin15_Z_boson[0.00,-7.00,7.00] to be Gaussian constrained
  ----------------------------------------------------------
    DiBoson              0.000000        0.000000                                      
      => Error is zero, ignore      
  ----------------------------------------------------------
    QCD                  0.004765        0.003834                                      
                         2.000000        1.414214        Unweighted events, alpha=0.002383
      => Product of prop_binmuon23_bin15_QCD[2.00,0.00,33.79] and const [0.5000] to be Poisson constrained
  ----------------------------------------------------------
------------------------------------------------------------
Channel muon22 will use autoMCStats with settings: event-threshold=10, include-signal=0, hist-mode=1
Channel muon23 will use autoMCStats with settings: event-threshold=10, include-signal=0, hist-mode=1
Generate toy 1/250

 -- MarkovChainMC -- 
Limit: r < 0.0974491 +/- 0.00177095 @ 95% credibility (15 tries)
Done in 0.20 min (cpu), 0.20 min (real)
Generate toy 2/250

 -- MarkovChainMC -- 
Limit: r < 0.102052 +/- 0.0011668 @ 95% credibility (15 tries)
Done in 0.20 min (cpu), 0.20 min (real)
Generate toy 3/250

 -- MarkovChainMC -- 
Limit: r < 0.0972117 +/- 0.00211288 @ 95% credibility (15 tries)
Done in 0.20 min (cpu), 0.20 min (real)
Generate toy 4/250

 -- MarkovChainMC -- 
Limit: r < 0.086694 +/- 0.00323653 @ 95% credibility (15 tries)
Done in 0.20 min (cpu), 0.20 min (real)
Generate toy 5/250

 -- MarkovChainMC -- 
Limit: r < 0.145516 +/- 0.00214564 @ 95% credibility (15 tries)
Done in 0.20 min (cpu), 0.21 min (real)
Generate toy 6/250

 -- MarkovChainMC -- 
Limit: r < 0.0854065 +/- 0.00213891 @ 95% credibility (15 tries)
Done in 0.20 min (cpu), 0.21 min (real)
Generate toy 7/250

 -- MarkovChainMC -- 
Limit: r < 0.105622 +/- 0.0037945 @ 95% credibility (15 tries)
Done in 0.20 min (cpu), 0.20 min (real)
Generate toy 8/250

 -- MarkovChainMC -- 
Limit: r < 0.100753 +/- 0.00289169 @ 95% credibility (15 tries)
Done in 0.20 min (cpu), 0.20 min (real)
Generate toy 9/250

 -- MarkovChainMC -- 
Limit: r < 0.100695 +/- 0.0013489 @ 95% credibility (15 tries)
Done in 0.20 min (cpu), 0.20 min (real)
Generate toy 10/250

 -- MarkovChainMC -- 
Limit: r < 0.0893559 +/- 0.00268682 @ 95% credibility (15 tries)
Done in 0.20 min (cpu), 0.20 min (real)
Generate toy 11/250

 -- MarkovChainMC -- 
Limit: r < 0.10304 +/- 0.00293876 @ 95% credibility (15 tries)
Done in 0.20 min (cpu), 0.20 min (real)
Generate toy 12/250

 -- MarkovChainMC -- 
Limit: r < 0.11226 +/- 0.00128639 @ 95% credibility (15 tries)
Done in 0.20 min (cpu), 0.20 min (real)
Generate toy 13/250

 -- MarkovChainMC -- 
Limit: r < 0.153299 +/- 0.000601977 @ 95% credibility (15 tries)
Done in 0.21 min (cpu), 0.21 min (real)
Generate toy 14/250

 -- MarkovChainMC -- 
Limit: r < 0.104978 +/- 0.00372646 @ 95% credibility (15 tries)
Done in 0.20 min (cpu), 0.20 min (real)
Generate toy 15/250

 -- MarkovChainMC -- 
Limit: r < 0.107179 +/- 0.00224096 @ 95% credibility (15 tries)
Done in 0.21 min (cpu), 0.21 min (real)
Generate toy 16/250

 -- MarkovChainMC -- 
Limit: r < 0.0887233 +/- 0.0018098 @ 95% credibility (15 tries)
Done in 0.21 min (cpu), 0.21 min (real)
Generate toy 17/250

 -- MarkovChainMC -- 
Limit: r < 0.154313 +/- 0.00160463 @ 95% credibility (15 tries)
Done in 0.20 min (cpu), 0.20 min (real)
Generate toy 18/250

 -- MarkovChainMC -- 
Limit: r < 0.0967758 +/- 0.00309327 @ 95% credibility (15 tries)
Done in 0.20 min (cpu), 0.21 min (real)
Generate toy 19/250

 -- MarkovChainMC -- 
Limit: r < 0.0871831 +/- 0.0018271 @ 95% credibility (15 tries)
Done in 0.20 min (cpu), 0.20 min (real)
Generate toy 20/250

 -- MarkovChainMC -- 
Limit: r < 0.120281 +/- 0.00253148 @ 95% credibility (15 tries)
Done in 0.20 min (cpu), 0.20 min (real)
Generate toy 21/250

 -- MarkovChainMC -- 
Limit: r < 0.169589 +/- 0.00273408 @ 95% credibility (15 tries)
Done in 0.21 min (cpu), 0.21 min (real)
Generate toy 22/250

 -- MarkovChainMC -- 
Limit: r < 0.126424 +/- 0.00178959 @ 95% credibility (15 tries)
Done in 0.20 min (cpu), 0.21 min (real)
Generate toy 23/250

 -- MarkovChainMC -- 
Limit: r < 0.0912717 +/- 0.00322056 @ 95% credibility (15 tries)
Done in 0.20 min (cpu), 0.20 min (real)
Generate toy 24/250

 -- MarkovChainMC -- 
Limit: r < 0.136074 +/- 0.00237655 @ 95% credibility (15 tries)
Done in 0.21 min (cpu), 0.21 min (real)
Generate toy 25/250

 -- MarkovChainMC -- 
Limit: r < 0.149203 +/- 0.00221768 @ 95% credibility (15 tries)
Done in 0.20 min (cpu), 0.20 min (real)
Generate toy 26/250

 -- MarkovChainMC -- 
Limit: r < 0.0979551 +/- 0.0031598 @ 95% credibility (15 tries)
Done in 0.20 min (cpu), 0.20 min (real)
Generate toy 27/250

 -- MarkovChainMC -- 
Limit: r < 0.116031 +/- 0.00107266 @ 95% credibility (15 tries)
Done in 0.20 min (cpu), 0.20 min (real)
Generate toy 28/250

 -- MarkovChainMC -- 
Limit: r < 0.111642 +/- 0.00120745 @ 95% credibility (15 tries)
Done in 0.20 min (cpu), 0.20 min (real)
Generate toy 29/250

 -- MarkovChainMC -- 
Limit: r < 0.131705 +/- 0.00268922 @ 95% credibility (15 tries)
Done in 0.20 min (cpu), 0.20 min (real)
Generate toy 30/250

 -- MarkovChainMC -- 
Limit: r < 0.105358 +/- 0.00249479 @ 95% credibility (15 tries)
Done in 0.20 min (cpu), 0.20 min (real)
Generate toy 31/250

 -- MarkovChainMC -- 
Limit: r < 0.085838 +/- 0.00319155 @ 95% credibility (15 tries)
Done in 0.20 min (cpu), 0.21 min (real)
Generate toy 32/250

 -- MarkovChainMC -- 
Limit: r < 0.14034 +/- 0.00286206 @ 95% credibility (15 tries)
Done in 0.20 min (cpu), 0.20 min (real)
Generate toy 33/250

 -- MarkovChainMC -- 
Limit: r < 0.107462 +/- 0.00367718 @ 95% credibility (15 tries)
Done in 0.20 min (cpu), 0.20 min (real)
Generate toy 34/250

 -- MarkovChainMC -- 
Limit: r < 0.123262 +/- 0.00455742 @ 95% credibility (15 tries)
Done in 0.20 min (cpu), 0.20 min (real)
Generate toy 35/250

 -- MarkovChainMC -- 
Limit: r < 0.140279 +/- 0.00281567 @ 95% credibility (15 tries)
Done in 0.20 min (cpu), 0.20 min (real)
Generate toy 36/250

 -- MarkovChainMC -- 
Limit: r < 0.166001 +/- 0.00356621 @ 95% credibility (15 tries)
Done in 0.20 min (cpu), 0.20 min (real)
Generate toy 37/250

 -- MarkovChainMC -- 
Limit: r < 0.113027 +/- 0.00465137 @ 95% credibility (15 tries)
Done in 0.21 min (cpu), 0.21 min (real)
Generate toy 38/250

 -- MarkovChainMC -- 
Limit: r < 0.0999928 +/- 0.0022193 @ 95% credibility (15 tries)
Done in 0.20 min (cpu), 0.21 min (real)
Generate toy 39/250

 -- MarkovChainMC -- 
Limit: r < 0.166559 +/- 0.00299055 @ 95% credibility (15 tries)
Done in 0.21 min (cpu), 0.21 min (real)
Generate toy 40/250

 -- MarkovChainMC -- 
Limit: r < 0.0885317 +/- 0.00265017 @ 95% credibility (15 tries)
Done in 0.20 min (cpu), 0.20 min (real)
Generate toy 41/250

 -- MarkovChainMC -- 
Limit: r < 0.10045 +/- 0.00231549 @ 95% credibility (15 tries)
Done in 0.20 min (cpu), 0.20 min (real)
Generate toy 42/250

 -- MarkovChainMC -- 
Limit: r < 0.0911545 +/- 0.00175713 @ 95% credibility (15 tries)
Done in 0.20 min (cpu), 0.20 min (real)
Generate toy 43/250

 -- MarkovChainMC -- 
Limit: r < 0.0933554 +/- 0.00248241 @ 95% credibility (15 tries)
Done in 0.20 min (cpu), 0.20 min (real)
Generate toy 44/250

 -- MarkovChainMC -- 
Limit: r < 0.0980967 +/- 0.00230897 @ 95% credibility (15 tries)
Done in 0.20 min (cpu), 0.20 min (real)
Generate toy 45/250

 -- MarkovChainMC -- 
Limit: r < 0.092412 +/- 0.00266208 @ 95% credibility (15 tries)
Done in 0.20 min (cpu), 0.20 min (real)
Generate toy 46/250

 -- MarkovChainMC -- 
Limit: r < 0.0991209 +/- 0.00217696 @ 95% credibility (15 tries)
Done in 0.20 min (cpu), 0.20 min (real)
Generate toy 47/250

 -- MarkovChainMC -- 
Limit: r < 0.0880025 +/- 0.00281033 @ 95% credibility (15 tries)
Done in 0.20 min (cpu), 0.20 min (real)
Generate toy 48/250

 -- MarkovChainMC -- 
Limit: r < 0.0814064 +/- 0.00154949 @ 95% credibility (15 tries)
Done in 0.20 min (cpu), 0.20 min (real)
Generate toy 49/250

 -- MarkovChainMC -- 
Limit: r < 0.104602 +/- 0.00202406 @ 95% credibility (15 tries)
Done in 0.20 min (cpu), 0.20 min (real)
Generate toy 50/250

 -- MarkovChainMC -- 
Limit: r < 0.107133 +/- 0.00304745 @ 95% credibility (15 tries)
Done in 0.20 min (cpu), 0.20 min (real)
Generate toy 51/250

 -- MarkovChainMC -- 
Limit: r < 0.0919928 +/- 0.00297003 @ 95% credibility (15 tries)
Done in 0.20 min (cpu), 0.20 min (real)
Generate toy 52/250

 -- MarkovChainMC -- 
Limit: r < 0.139547 +/- 0.00254744 @ 95% credibility (15 tries)
Done in 0.20 min (cpu), 0.21 min (real)
Generate toy 53/250

 -- MarkovChainMC -- 
Limit: r < 0.0959657 +/- 0.00277683 @ 95% credibility (15 tries)
Done in 0.20 min (cpu), 0.21 min (real)
Generate toy 54/250

 -- MarkovChainMC -- 
Limit: r < 0.122382 +/- 0.00194884 @ 95% credibility (15 tries)
Done in 0.20 min (cpu), 0.21 min (real)
Generate toy 55/250

 -- MarkovChainMC -- 
Limit: r < 0.0949493 +/- 0.00164367 @ 95% credibility (15 tries)
Done in 0.21 min (cpu), 0.21 min (real)
Generate toy 56/250

 -- MarkovChainMC -- 
Limit: r < 0.150056 +/- 0.00322374 @ 95% credibility (15 tries)
Done in 0.21 min (cpu), 0.21 min (real)
Generate toy 57/250

 -- MarkovChainMC -- 
Limit: r < 0.1257 +/- 0.00281059 @ 95% credibility (15 tries)
Done in 0.21 min (cpu), 0.21 min (real)
Generate toy 58/250

 -- MarkovChainMC -- 
Limit: r < 0.097743 +/- 0.00266882 @ 95% credibility (15 tries)
Done in 0.21 min (cpu), 0.21 min (real)
Generate toy 59/250

 -- MarkovChainMC -- 
Limit: r < 0.102693 +/- 0.00212099 @ 95% credibility (15 tries)
Done in 0.21 min (cpu), 0.21 min (real)
Generate toy 60/250

 -- MarkovChainMC -- 
Limit: r < 0.0880851 +/- 0.00290881 @ 95% credibility (15 tries)
Done in 0.21 min (cpu), 0.21 min (real)
Generate toy 61/250

 -- MarkovChainMC -- 
Limit: r < 0.156208 +/- 0.00333944 @ 95% credibility (15 tries)
Done in 0.22 min (cpu), 0.22 min (real)
Generate toy 62/250

 -- MarkovChainMC -- 
Limit: r < 0.109547 +/- 0.0029396 @ 95% credibility (15 tries)
Done in 0.21 min (cpu), 0.21 min (real)
Generate toy 63/250

 -- MarkovChainMC -- 
Limit: r < 0.0990788 +/- 0.00275182 @ 95% credibility (15 tries)
Done in 0.21 min (cpu), 0.21 min (real)
Generate toy 64/250

 -- MarkovChainMC -- 
Limit: r < 0.0984906 +/- 0.00297516 @ 95% credibility (15 tries)
Done in 0.21 min (cpu), 0.21 min (real)
Generate toy 65/250

 -- MarkovChainMC -- 
Limit: r < 0.121528 +/- 0.00349007 @ 95% credibility (15 tries)
Done in 0.21 min (cpu), 0.21 min (real)
Generate toy 66/250

 -- MarkovChainMC -- 
Limit: r < 0.113302 +/- 0.00373955 @ 95% credibility (15 tries)
Done in 0.21 min (cpu), 0.22 min (real)
Generate toy 67/250

 -- MarkovChainMC -- 
Limit: r < 0.0908949 +/- 0.00355236 @ 95% credibility (15 tries)
Done in 0.21 min (cpu), 0.21 min (real)
Generate toy 68/250

 -- MarkovChainMC -- 
Limit: r < 0.103633 +/- 0.00267714 @ 95% credibility (15 tries)
Done in 0.21 min (cpu), 0.21 min (real)
Generate toy 69/250

 -- MarkovChainMC -- 
Limit: r < 0.0877355 +/- 0.00314552 @ 95% credibility (15 tries)
Done in 0.21 min (cpu), 0.22 min (real)
Generate toy 70/250

 -- MarkovChainMC -- 
Limit: r < 0.0962862 +/- 0.00349786 @ 95% credibility (15 tries)
Done in 0.21 min (cpu), 0.21 min (real)
Generate toy 71/250

 -- MarkovChainMC -- 
Limit: r < 0.0870111 +/- 0.00253201 @ 95% credibility (15 tries)
Done in 0.21 min (cpu), 0.21 min (real)
Generate toy 72/250

 -- MarkovChainMC -- 
Limit: r < 0.120116 +/- 0.00358869 @ 95% credibility (15 tries)
Done in 0.21 min (cpu), 0.21 min (real)
Generate toy 73/250

 -- MarkovChainMC -- 
Limit: r < 0.110063 +/- 0.0039391 @ 95% credibility (15 tries)
Done in 0.20 min (cpu), 0.20 min (real)
Generate toy 74/250

 -- MarkovChainMC -- 
Limit: r < 0.0954119 +/- 0.00187482 @ 95% credibility (15 tries)
Done in 0.20 min (cpu), 0.21 min (real)
Generate toy 75/250

 -- MarkovChainMC -- 
Limit: r < 0.125748 +/- 0.00355576 @ 95% credibility (15 tries)
Done in 0.20 min (cpu), 0.20 min (real)
Generate toy 76/250

 -- MarkovChainMC -- 
Limit: r < 0.145502 +/- 0.00324761 @ 95% credibility (15 tries)
Done in 0.20 min (cpu), 0.20 min (real)
Generate toy 77/250

 -- MarkovChainMC -- 
Limit: r < 0.130215 +/- 0.00241884 @ 95% credibility (15 tries)
Done in 0.20 min (cpu), 0.20 min (real)
Generate toy 78/250

 -- MarkovChainMC -- 
Limit: r < 0.123903 +/- 0.00414265 @ 95% credibility (15 tries)
Done in 0.20 min (cpu), 0.20 min (real)
Generate toy 79/250

 -- MarkovChainMC -- 
Limit: r < 0.0911025 +/- 0.00185381 @ 95% credibility (15 tries)
Done in 0.20 min (cpu), 0.21 min (real)
Generate toy 80/250

 -- MarkovChainMC -- 
Limit: r < 0.0870629 +/- 0.00263908 @ 95% credibility (15 tries)
Done in 0.20 min (cpu), 0.20 min (real)
Generate toy 81/250

 -- MarkovChainMC -- 
Limit: r < 0.0911046 +/- 0.00277281 @ 95% credibility (15 tries)
Done in 0.20 min (cpu), 0.20 min (real)
Generate toy 82/250

 -- MarkovChainMC -- 
Limit: r < 0.116146 +/- 0.00232717 @ 95% credibility (15 tries)
Done in 0.20 min (cpu), 0.20 min (real)
Generate toy 83/250

 -- MarkovChainMC -- 
Limit: r < 0.082356 +/- 0.00212479 @ 95% credibility (15 tries)
Done in 0.20 min (cpu), 0.20 min (real)
Generate toy 84/250

 -- MarkovChainMC -- 
Limit: r < 0.0882164 +/- 0.0046215 @ 95% credibility (15 tries)
Done in 0.21 min (cpu), 0.21 min (real)
Generate toy 85/250

 -- MarkovChainMC -- 
Limit: r < 0.0815054 +/- 0.0029897 @ 95% credibility (15 tries)
Done in 0.21 min (cpu), 0.21 min (real)
Generate toy 86/250

 -- MarkovChainMC -- 
Limit: r < 0.0932999 +/- 0.00287377 @ 95% credibility (15 tries)
Done in 0.20 min (cpu), 0.20 min (real)
Generate toy 87/250

 -- MarkovChainMC -- 
Limit: r < 0.0846181 +/- 0.00395068 @ 95% credibility (15 tries)
Done in 0.20 min (cpu), 0.20 min (real)
Generate toy 88/250

 -- MarkovChainMC -- 
Limit: r < 0.0960954 +/- 0.00285492 @ 95% credibility (15 tries)
Done in 0.20 min (cpu), 0.20 min (real)
Generate toy 89/250

 -- MarkovChainMC -- 
Limit: r < 0.0978295 +/- 0.00411365 @ 95% credibility (15 tries)
Done in 0.20 min (cpu), 0.20 min (real)
Generate toy 90/250

 -- MarkovChainMC -- 
Limit: r < 0.0993324 +/- 0.00360443 @ 95% credibility (15 tries)
Done in 0.20 min (cpu), 0.20 min (real)
Generate toy 91/250

 -- MarkovChainMC -- 
Limit: r < 0.095507 +/- 0.00351877 @ 95% credibility (15 tries)
Done in 0.20 min (cpu), 0.20 min (real)
Generate toy 92/250

 -- MarkovChainMC -- 
Limit: r < 0.0907045 +/- 0.00173037 @ 95% credibility (15 tries)
Done in 0.20 min (cpu), 0.20 min (real)
Generate toy 93/250

 -- MarkovChainMC -- 
Limit: r < 0.10238 +/- 0.00331092 @ 95% credibility (15 tries)
Done in 0.20 min (cpu), 0.20 min (real)
Generate toy 94/250

 -- MarkovChainMC -- 
Limit: r < 0.134468 +/- 0.00340881 @ 95% credibility (15 tries)
Done in 0.20 min (cpu), 0.20 min (real)
Generate toy 95/250

 -- MarkovChainMC -- 
Limit: r < 0.0917091 +/- 0.0021569 @ 95% credibility (15 tries)
Done in 0.20 min (cpu), 0.20 min (real)
Generate toy 96/250

 -- MarkovChainMC -- 
Limit: r < 0.134841 +/- 0.00366025 @ 95% credibility (15 tries)
Done in 0.20 min (cpu), 0.20 min (real)
Generate toy 97/250

 -- MarkovChainMC -- 
Limit: r < 0.0845142 +/- 0.00241708 @ 95% credibility (15 tries)
Done in 0.20 min (cpu), 0.20 min (real)
Generate toy 98/250

 -- MarkovChainMC -- 
Limit: r < 0.103266 +/- 0.00184292 @ 95% credibility (15 tries)
Done in 0.19 min (cpu), 0.19 min (real)
Generate toy 99/250

 -- MarkovChainMC -- 
Limit: r < 0.0966278 +/- 0.00228056 @ 95% credibility (15 tries)
Done in 0.20 min (cpu), 0.20 min (real)
Generate toy 100/250

 -- MarkovChainMC -- 
Limit: r < 0.115 +/- 0.0028832 @ 95% credibility (15 tries)
Done in 0.21 min (cpu), 0.21 min (real)
Generate toy 101/250

 -- MarkovChainMC -- 
Limit: r < 0.0866523 +/- 0.00186034 @ 95% credibility (15 tries)
Done in 0.21 min (cpu), 0.21 min (real)
Generate toy 102/250

 -- MarkovChainMC -- 
Limit: r < 0.0976914 +/- 0.000893664 @ 95% credibility (15 tries)
Done in 0.21 min (cpu), 0.21 min (real)
Generate toy 103/250

 -- MarkovChainMC -- 
Limit: r < 0.0993706 +/- 0.00434288 @ 95% credibility (15 tries)
Done in 0.20 min (cpu), 0.20 min (real)
Generate toy 104/250

 -- MarkovChainMC -- 
Limit: r < 0.131807 +/- 0.00252003 @ 95% credibility (15 tries)
Done in 0.20 min (cpu), 0.20 min (real)
Generate toy 105/250

 -- MarkovChainMC -- 
Limit: r < 0.114784 +/- 0.00356796 @ 95% credibility (15 tries)
Done in 0.20 min (cpu), 0.20 min (real)
Generate toy 106/250

 -- MarkovChainMC -- 
Limit: r < 0.106942 +/- 0.00208242 @ 95% credibility (15 tries)
Done in 0.20 min (cpu), 0.20 min (real)
Generate toy 107/250

 -- MarkovChainMC -- 
Limit: r < 0.0983723 +/- 0.00233698 @ 95% credibility (15 tries)
Done in 0.20 min (cpu), 0.20 min (real)
Generate toy 108/250

 -- MarkovChainMC -- 
Limit: r < 0.121748 +/- 0.00226226 @ 95% credibility (15 tries)
Done in 0.20 min (cpu), 0.20 min (real)
Generate toy 109/250

 -- MarkovChainMC -- 
Limit: r < 0.100353 +/- 0.00328957 @ 95% credibility (15 tries)
Done in 0.20 min (cpu), 0.20 min (real)
Generate toy 110/250

 -- MarkovChainMC -- 
Limit: r < 0.118872 +/- 0.00272789 @ 95% credibility (15 tries)
Done in 0.20 min (cpu), 0.21 min (real)
Generate toy 111/250

 -- MarkovChainMC -- 
Limit: r < 0.163903 +/- 0.00216427 @ 95% credibility (15 tries)
Done in 0.21 min (cpu), 0.21 min (real)
Generate toy 112/250

 -- MarkovChainMC -- 
Limit: r < 0.0896329 +/- 0.00142282 @ 95% credibility (15 tries)
Done in 0.20 min (cpu), 0.20 min (real)
Generate toy 113/250

 -- MarkovChainMC -- 
Limit: r < 0.171581 +/- 0.00293587 @ 95% credibility (15 tries)
Done in 0.20 min (cpu), 0.20 min (real)
Generate toy 114/250

 -- MarkovChainMC -- 
Limit: r < 0.0948277 +/- 0.00312348 @ 95% credibility (15 tries)
Done in 0.20 min (cpu), 0.20 min (real)
Generate toy 115/250

 -- MarkovChainMC -- 
Limit: r < 0.0912242 +/- 0.00260144 @ 95% credibility (15 tries)
Done in 0.20 min (cpu), 0.21 min (real)
Generate toy 116/250

 -- MarkovChainMC -- 
Limit: r < 0.0903857 +/- 0.00223142 @ 95% credibility (15 tries)
Done in 0.20 min (cpu), 0.20 min (real)
Generate toy 117/250

 -- MarkovChainMC -- 
Limit: r < 0.114327 +/- 0.00217306 @ 95% credibility (15 tries)
Done in 0.20 min (cpu), 0.20 min (real)
Generate toy 118/250

 -- MarkovChainMC -- 
Limit: r < 0.094278 +/- 0.00237559 @ 95% credibility (15 tries)
Done in 0.20 min (cpu), 0.20 min (real)
Generate toy 119/250

 -- MarkovChainMC -- 
Limit: r < 0.0918819 +/- 0.00312429 @ 95% credibility (15 tries)
Done in 0.20 min (cpu), 0.20 min (real)
Generate toy 120/250

 -- MarkovChainMC -- 
Limit: r < 0.0900071 +/- 0.00278648 @ 95% credibility (15 tries)
Done in 0.20 min (cpu), 0.20 min (real)
Generate toy 121/250

 -- MarkovChainMC -- 
Limit: r < 0.0869752 +/- 0.00324669 @ 95% credibility (15 tries)
Done in 0.20 min (cpu), 0.20 min (real)
Generate toy 122/250

 -- MarkovChainMC -- 
Limit: r < 0.0941432 +/- 0.00335116 @ 95% credibility (15 tries)
Done in 0.20 min (cpu), 0.20 min (real)
Generate toy 123/250

 -- MarkovChainMC -- 
Limit: r < 0.0966964 +/- 0.00126037 @ 95% credibility (15 tries)
Done in 0.21 min (cpu), 0.21 min (real)
Generate toy 124/250

 -- MarkovChainMC -- 
Limit: r < 0.0924927 +/- 0.00406074 @ 95% credibility (15 tries)
Done in 0.21 min (cpu), 0.21 min (real)
Generate toy 125/250

 -- MarkovChainMC -- 
Limit: r < 0.102519 +/- 0.0017831 @ 95% credibility (15 tries)
Done in 0.21 min (cpu), 0.21 min (real)
Generate toy 126/250

 -- MarkovChainMC -- 
Limit: r < 0.0886683 +/- 0.00186435 @ 95% credibility (15 tries)
Done in 0.21 min (cpu), 0.21 min (real)
Generate toy 127/250

 -- MarkovChainMC -- 
Limit: r < 0.100731 +/- 0.00157333 @ 95% credibility (15 tries)
Done in 0.21 min (cpu), 0.21 min (real)
Generate toy 128/250

 -- MarkovChainMC -- 
Limit: r < 0.101468 +/- 0.00428578 @ 95% credibility (15 tries)
Done in 0.21 min (cpu), 0.21 min (real)
Generate toy 129/250

 -- MarkovChainMC -- 
Limit: r < 0.115963 +/- 0.00254815 @ 95% credibility (15 tries)
Done in 0.21 min (cpu), 0.21 min (real)
Generate toy 130/250

 -- MarkovChainMC -- 
Limit: r < 0.0869433 +/- 0.00294322 @ 95% credibility (15 tries)
Done in 0.20 min (cpu), 0.20 min (real)
Generate toy 131/250

 -- MarkovChainMC -- 
Limit: r < 0.0975408 +/- 0.00348526 @ 95% credibility (15 tries)
Done in 0.20 min (cpu), 0.21 min (real)
Generate toy 132/250

 -- MarkovChainMC -- 
Limit: r < 0.086854 +/- 0.00354731 @ 95% credibility (15 tries)
Done in 0.21 min (cpu), 0.21 min (real)
Generate toy 133/250

 -- MarkovChainMC -- 
Limit: r < 0.0866072 +/- 0.00359067 @ 95% credibility (15 tries)
Done in 0.21 min (cpu), 0.21 min (real)
Generate toy 134/250

 -- MarkovChainMC -- 
Limit: r < 0.100865 +/- 0.00529925 @ 95% credibility (15 tries)
Done in 0.20 min (cpu), 0.20 min (real)
Generate toy 135/250

 -- MarkovChainMC -- 
Limit: r < 0.0976049 +/- 0.00223028 @ 95% credibility (15 tries)
Done in 0.21 min (cpu), 0.21 min (real)
Generate toy 136/250

 -- MarkovChainMC -- 
Limit: r < 0.0971835 +/- 0.00324665 @ 95% credibility (15 tries)
Done in 0.21 min (cpu), 0.21 min (real)
Generate toy 137/250

 -- MarkovChainMC -- 
Limit: r < 0.0953409 +/- 0.00416527 @ 95% credibility (15 tries)
Done in 0.21 min (cpu), 0.21 min (real)
Generate toy 138/250

 -- MarkovChainMC -- 
Limit: r < 0.11676 +/- 0.00263756 @ 95% credibility (15 tries)
Done in 0.20 min (cpu), 0.20 min (real)
Generate toy 139/250

 -- MarkovChainMC -- 
Limit: r < 0.182046 +/- 0.00226161 @ 95% credibility (15 tries)
Done in 0.20 min (cpu), 0.21 min (real)
Generate toy 140/250

 -- MarkovChainMC -- 
Limit: r < 0.0967349 +/- 0.00287947 @ 95% credibility (15 tries)
Done in 0.21 min (cpu), 0.21 min (real)
Generate toy 141/250

 -- MarkovChainMC -- 
Limit: r < 0.0939392 +/- 0.00240201 @ 95% credibility (15 tries)
Done in 0.21 min (cpu), 0.21 min (real)
Generate toy 142/250

 -- MarkovChainMC -- 
Limit: r < 0.0975105 +/- 0.00410389 @ 95% credibility (15 tries)
Done in 0.21 min (cpu), 0.21 min (real)
Generate toy 143/250

 -- MarkovChainMC -- 
Limit: r < 0.0857187 +/- 0.00141982 @ 95% credibility (15 tries)
Done in 0.20 min (cpu), 0.20 min (real)
Generate toy 144/250

 -- MarkovChainMC -- 
Limit: r < 0.0932086 +/- 0.00364358 @ 95% credibility (15 tries)
Done in 0.20 min (cpu), 0.21 min (real)
Generate toy 145/250

 -- MarkovChainMC -- 
Limit: r < 0.114236 +/- 0.00349452 @ 95% credibility (15 tries)
Done in 0.22 min (cpu), 0.22 min (real)
Generate toy 146/250

 -- MarkovChainMC -- 
Limit: r < 0.0962301 +/- 0.00346935 @ 95% credibility (15 tries)
Done in 0.24 min (cpu), 0.24 min (real)
Generate toy 147/250

 -- MarkovChainMC -- 
Limit: r < 0.104072 +/- 0.00332119 @ 95% credibility (15 tries)
Done in 0.23 min (cpu), 0.23 min (real)
Generate toy 148/250

 -- MarkovChainMC -- 
Limit: r < 0.169933 +/- 0.00147369 @ 95% credibility (15 tries)
Done in 0.23 min (cpu), 0.23 min (real)
Generate toy 149/250

 -- MarkovChainMC -- 
Limit: r < 0.100265 +/- 0.00187832 @ 95% credibility (15 tries)
Done in 0.23 min (cpu), 0.23 min (real)
Generate toy 150/250

 -- MarkovChainMC -- 
Limit: r < 0.10695 +/- 0.00345083 @ 95% credibility (15 tries)
Done in 0.22 min (cpu), 0.22 min (real)
Generate toy 151/250

 -- MarkovChainMC -- 
Limit: r < 0.105672 +/- 0.0024975 @ 95% credibility (15 tries)
Done in 0.20 min (cpu), 0.21 min (real)
Generate toy 152/250

 -- MarkovChainMC -- 
Limit: r < 0.0974205 +/- 0.00225731 @ 95% credibility (15 tries)
Done in 0.20 min (cpu), 0.20 min (real)
Generate toy 153/250

 -- MarkovChainMC -- 
Limit: r < 0.0886277 +/- 0.00341889 @ 95% credibility (15 tries)
Done in 0.20 min (cpu), 0.20 min (real)
Generate toy 154/250

 -- MarkovChainMC -- 
Limit: r < 0.0977556 +/- 0.00199624 @ 95% credibility (15 tries)
Done in 0.20 min (cpu), 0.20 min (real)
Generate toy 155/250

 -- MarkovChainMC -- 
Limit: r < 0.0904362 +/- 0.00303411 @ 95% credibility (15 tries)
Done in 0.20 min (cpu), 0.20 min (real)
Generate toy 156/250

 -- MarkovChainMC -- 
Limit: r < 0.098764 +/- 0.00194454 @ 95% credibility (15 tries)
Done in 0.20 min (cpu), 0.20 min (real)
Generate toy 157/250

 -- MarkovChainMC -- 
Limit: r < 0.114982 +/- 0.00280013 @ 95% credibility (15 tries)
Done in 0.20 min (cpu), 0.20 min (real)
Generate toy 158/250

 -- MarkovChainMC -- 
Limit: r < 0.180371 +/- 0.00229234 @ 95% credibility (15 tries)
Done in 0.20 min (cpu), 0.20 min (real)
Generate toy 159/250

 -- MarkovChainMC -- 
Limit: r < 0.0851941 +/- 0.00125276 @ 95% credibility (15 tries)
Done in 0.20 min (cpu), 0.20 min (real)
Generate toy 160/250

 -- MarkovChainMC -- 
Limit: r < 0.097014 +/- 0.00382533 @ 95% credibility (15 tries)
Done in 0.20 min (cpu), 0.20 min (real)
Generate toy 161/250

 -- MarkovChainMC -- 
Limit: r < 0.105596 +/- 0.00309441 @ 95% credibility (15 tries)
Done in 0.20 min (cpu), 0.20 min (real)
Generate toy 162/250

 -- MarkovChainMC -- 
Limit: r < 0.0966647 +/- 0.00253002 @ 95% credibility (15 tries)
Done in 0.20 min (cpu), 0.21 min (real)
Generate toy 163/250

 -- MarkovChainMC -- 
Limit: r < 0.0946242 +/- 0.00237355 @ 95% credibility (15 tries)
Done in 0.20 min (cpu), 0.21 min (real)
Generate toy 164/250

 -- MarkovChainMC -- 
Limit: r < 0.108485 +/- 0.00249796 @ 95% credibility (15 tries)
Done in 0.20 min (cpu), 0.21 min (real)
Generate toy 165/250

 -- MarkovChainMC -- 
Limit: r < 0.173635 +/- 0.00121634 @ 95% credibility (15 tries)
Done in 0.21 min (cpu), 0.21 min (real)
Generate toy 166/250

 -- MarkovChainMC -- 
Limit: r < 0.136067 +/- 0.00218129 @ 95% credibility (15 tries)
Done in 0.20 min (cpu), 0.20 min (real)
Generate toy 167/250

 -- MarkovChainMC -- 
Limit: r < 0.0846028 +/- 0.00192385 @ 95% credibility (15 tries)
Done in 0.20 min (cpu), 0.20 min (real)
Generate toy 168/250

 -- MarkovChainMC -- 
Limit: r < 0.0905884 +/- 0.00131315 @ 95% credibility (15 tries)
Done in 0.20 min (cpu), 0.20 min (real)
Generate toy 169/250

 -- MarkovChainMC -- 
Limit: r < 0.100643 +/- 0.0024906 @ 95% credibility (15 tries)
Done in 0.21 min (cpu), 0.21 min (real)
Generate toy 170/250

 -- MarkovChainMC -- 
Limit: r < 0.124227 +/- 0.00428144 @ 95% credibility (15 tries)
Done in 0.21 min (cpu), 0.21 min (real)
Generate toy 171/250

 -- MarkovChainMC -- 
Limit: r < 0.0909495 +/- 0.00202868 @ 95% credibility (15 tries)
Done in 0.20 min (cpu), 0.20 min (real)
Generate toy 172/250

 -- MarkovChainMC -- 
Limit: r < 0.101587 +/- 0.00415446 @ 95% credibility (15 tries)
Done in 0.21 min (cpu), 0.21 min (real)
Generate toy 173/250

 -- MarkovChainMC -- 
Limit: r < 0.0957872 +/- 0.00163474 @ 95% credibility (15 tries)
Done in 0.21 min (cpu), 0.21 min (real)
Generate toy 174/250

 -- MarkovChainMC -- 
Limit: r < 0.105804 +/- 0.00146194 @ 95% credibility (15 tries)
Done in 0.21 min (cpu), 0.21 min (real)
Generate toy 175/250

 -- MarkovChainMC -- 
Limit: r < 0.110519 +/- 0.00300507 @ 95% credibility (15 tries)
Done in 0.21 min (cpu), 0.21 min (real)
Generate toy 176/250

 -- MarkovChainMC -- 
Limit: r < 0.107921 +/- 0.00184031 @ 95% credibility (15 tries)
Done in 0.21 min (cpu), 0.21 min (real)
Generate toy 177/250

 -- MarkovChainMC -- 
Limit: r < 0.120218 +/- 0.00407866 @ 95% credibility (15 tries)
Done in 0.20 min (cpu), 0.20 min (real)
Generate toy 178/250

 -- MarkovChainMC -- 
Limit: r < 0.0855683 +/- 0.00297204 @ 95% credibility (15 tries)
Done in 0.21 min (cpu), 0.21 min (real)
Generate toy 179/250

 -- MarkovChainMC -- 
Limit: r < 0.0955115 +/- 0.00136277 @ 95% credibility (15 tries)
Done in 0.21 min (cpu), 0.21 min (real)
Generate toy 180/250

 -- MarkovChainMC -- 
Limit: r < 0.108173 +/- 0.00153697 @ 95% credibility (15 tries)
Done in 0.21 min (cpu), 0.21 min (real)
Generate toy 181/250

 -- MarkovChainMC -- 
Limit: r < 0.105529 +/- 0.00225572 @ 95% credibility (15 tries)
Done in 0.21 min (cpu), 0.21 min (real)
Generate toy 182/250

 -- MarkovChainMC -- 
Limit: r < 0.113074 +/- 0.00368583 @ 95% credibility (15 tries)
Done in 0.21 min (cpu), 0.21 min (real)
Generate toy 183/250

 -- MarkovChainMC -- 
Limit: r < 0.155284 +/- 0.00314394 @ 95% credibility (15 tries)
Done in 0.21 min (cpu), 0.21 min (real)
Generate toy 184/250

 -- MarkovChainMC -- 
Limit: r < 0.0994978 +/- 0.00252422 @ 95% credibility (15 tries)
Done in 0.21 min (cpu), 0.21 min (real)
Generate toy 185/250

 -- MarkovChainMC -- 
Limit: r < 0.14897 +/- 0.00372728 @ 95% credibility (15 tries)
Done in 0.22 min (cpu), 0.22 min (real)
Generate toy 186/250

 -- MarkovChainMC -- 
Limit: r < 0.131663 +/- 0.00315018 @ 95% credibility (15 tries)
Done in 0.21 min (cpu), 0.22 min (real)
Generate toy 187/250

 -- MarkovChainMC -- 
Limit: r < 0.0823611 +/- 0.00253183 @ 95% credibility (15 tries)
Done in 0.21 min (cpu), 0.21 min (real)
Generate toy 188/250

 -- MarkovChainMC -- 
Limit: r < 0.116431 +/- 0.0057697 @ 95% credibility (15 tries)
Done in 0.21 min (cpu), 0.22 min (real)
Generate toy 189/250

 -- MarkovChainMC -- 
Limit: r < 0.108527 +/- 0.00290271 @ 95% credibility (15 tries)
Done in 0.21 min (cpu), 0.21 min (real)
Generate toy 190/250

 -- MarkovChainMC -- 
Limit: r < 0.101433 +/- 0.00306089 @ 95% credibility (15 tries)
Done in 0.21 min (cpu), 0.21 min (real)
Generate toy 191/250

 -- MarkovChainMC -- 
Limit: r < 0.103402 +/- 0.00266784 @ 95% credibility (15 tries)
Done in 0.21 min (cpu), 0.21 min (real)
Generate toy 192/250

 -- MarkovChainMC -- 
Limit: r < 0.105136 +/- 0.00187113 @ 95% credibility (15 tries)
Done in 0.21 min (cpu), 0.21 min (real)
Generate toy 193/250

 -- MarkovChainMC -- 
Limit: r < 0.136519 +/- 0.00276584 @ 95% credibility (15 tries)
Done in 0.22 min (cpu), 0.22 min (real)
Generate toy 194/250

 -- MarkovChainMC -- 
Limit: r < 0.0886425 +/- 0.00276099 @ 95% credibility (15 tries)
Done in 0.21 min (cpu), 0.21 min (real)
Generate toy 195/250

 -- MarkovChainMC -- 
Limit: r < 0.0925695 +/- 0.00190612 @ 95% credibility (15 tries)
Done in 0.21 min (cpu), 0.21 min (real)
Generate toy 196/250

 -- MarkovChainMC -- 
Limit: r < 0.0817985 +/- 0.00312187 @ 95% credibility (15 tries)
Done in 0.22 min (cpu), 0.22 min (real)
Generate toy 197/250

 -- MarkovChainMC -- 
Limit: r < 0.0879334 +/- 0.00294119 @ 95% credibility (15 tries)
Done in 0.21 min (cpu), 0.22 min (real)
Generate toy 198/250

 -- MarkovChainMC -- 
Limit: r < 0.0984614 +/- 0.00391859 @ 95% credibility (15 tries)
Done in 0.21 min (cpu), 0.22 min (real)
Generate toy 199/250

 -- MarkovChainMC -- 
Limit: r < 0.101438 +/- 0.00260029 @ 95% credibility (15 tries)
Done in 0.21 min (cpu), 0.21 min (real)
Generate toy 200/250

 -- MarkovChainMC -- 
Limit: r < 0.107476 +/- 0.00165452 @ 95% credibility (15 tries)
Done in 0.22 min (cpu), 0.22 min (real)
Generate toy 201/250

 -- MarkovChainMC -- 
Limit: r < 0.0944225 +/- 0.00279701 @ 95% credibility (15 tries)
Done in 0.22 min (cpu), 0.22 min (real)
Generate toy 202/250

 -- MarkovChainMC -- 
Limit: r < 0.0985026 +/- 0.00124431 @ 95% credibility (15 tries)
Done in 0.21 min (cpu), 0.21 min (real)
Generate toy 203/250

 -- MarkovChainMC -- 
Limit: r < 0.0835398 +/- 0.00288865 @ 95% credibility (15 tries)
Done in 0.21 min (cpu), 0.22 min (real)
Generate toy 204/250

 -- MarkovChainMC -- 
Limit: r < 0.108138 +/- 0.00373107 @ 95% credibility (15 tries)
Done in 0.21 min (cpu), 0.21 min (real)
Generate toy 205/250

 -- MarkovChainMC -- 
Limit: r < 0.107063 +/- 0.00226485 @ 95% credibility (15 tries)
Done in 0.22 min (cpu), 0.22 min (real)
Generate toy 206/250

 -- MarkovChainMC -- 
Limit: r < 0.105851 +/- 0.00147866 @ 95% credibility (15 tries)
Done in 0.21 min (cpu), 0.21 min (real)
Generate toy 207/250

 -- MarkovChainMC -- 
Limit: r < 0.132973 +/- 0.00328891 @ 95% credibility (15 tries)
Done in 0.21 min (cpu), 0.21 min (real)
Generate toy 208/250

 -- MarkovChainMC -- 
Limit: r < 0.0907349 +/- 0.00183532 @ 95% credibility (15 tries)
Done in 0.21 min (cpu), 0.21 min (real)
Generate toy 209/250

 -- MarkovChainMC -- 
Limit: r < 0.0959393 +/- 0.00211822 @ 95% credibility (15 tries)
Done in 0.21 min (cpu), 0.21 min (real)
Generate toy 210/250

 -- MarkovChainMC -- 
Limit: r < 0.0900444 +/- 0.0029736 @ 95% credibility (15 tries)
Done in 0.21 min (cpu), 0.21 min (real)
Generate toy 211/250

 -- MarkovChainMC -- 
Limit: r < 0.0816622 +/- 0.00195404 @ 95% credibility (15 tries)
Done in 0.22 min (cpu), 0.22 min (real)
Generate toy 212/250

 -- MarkovChainMC -- 
Limit: r < 0.110587 +/- 0.00254304 @ 95% credibility (15 tries)
Done in 0.22 min (cpu), 0.22 min (real)
Generate toy 213/250

 -- MarkovChainMC -- 
Limit: r < 0.0966641 +/- 0.00164904 @ 95% credibility (15 tries)
Done in 0.22 min (cpu), 0.22 min (real)
Generate toy 214/250

 -- MarkovChainMC -- 
Limit: r < 0.10357 +/- 0.00311824 @ 95% credibility (15 tries)
Done in 0.21 min (cpu), 0.22 min (real)
Generate toy 215/250

 -- MarkovChainMC -- 
Limit: r < 0.084619 +/- 0.00209796 @ 95% credibility (15 tries)
Done in 0.22 min (cpu), 0.22 min (real)
Generate toy 216/250

 -- MarkovChainMC -- 
Limit: r < 0.0909262 +/- 0.00172229 @ 95% credibility (15 tries)
Done in 0.22 min (cpu), 0.22 min (real)
Generate toy 217/250

 -- MarkovChainMC -- 
Limit: r < 0.0856965 +/- 0.00397437 @ 95% credibility (15 tries)
Done in 0.21 min (cpu), 0.22 min (real)
Generate toy 218/250

 -- MarkovChainMC -- 
Limit: r < 0.0983173 +/- 0.00216502 @ 95% credibility (15 tries)
Done in 0.21 min (cpu), 0.21 min (real)
Generate toy 219/250

 -- MarkovChainMC -- 
Limit: r < 0.0934817 +/- 0.00242385 @ 95% credibility (15 tries)
Done in 0.21 min (cpu), 0.21 min (real)
Generate toy 220/250

 -- MarkovChainMC -- 
Limit: r < 0.0847804 +/- 0.00334252 @ 95% credibility (15 tries)
Done in 0.21 min (cpu), 0.21 min (real)
Generate toy 221/250

 -- MarkovChainMC -- 
Limit: r < 0.0927299 +/- 0.00236522 @ 95% credibility (15 tries)
Done in 0.21 min (cpu), 0.21 min (real)
Generate toy 222/250

 -- MarkovChainMC -- 
Limit: r < 0.11733 +/- 0.00391554 @ 95% credibility (15 tries)
Done in 0.21 min (cpu), 0.21 min (real)
Generate toy 223/250

 -- MarkovChainMC -- 
Limit: r < 0.0913543 +/- 0.00294769 @ 95% credibility (15 tries)
Done in 0.21 min (cpu), 0.21 min (real)
Generate toy 224/250

 -- MarkovChainMC -- 
Limit: r < 0.144108 +/- 0.00259946 @ 95% credibility (15 tries)
Done in 0.21 min (cpu), 0.21 min (real)
Generate toy 225/250

 -- MarkovChainMC -- 
Limit: r < 0.143852 +/- 0.00230006 @ 95% credibility (15 tries)
Done in 0.21 min (cpu), 0.21 min (real)
Generate toy 226/250

 -- MarkovChainMC -- 
Limit: r < 0.0912063 +/- 0.00257512 @ 95% credibility (15 tries)
Done in 0.21 min (cpu), 0.21 min (real)
Generate toy 227/250

 -- MarkovChainMC -- 
Limit: r < 0.101676 +/- 0.00518518 @ 95% credibility (15 tries)
Done in 0.22 min (cpu), 0.22 min (real)
Generate toy 228/250

 -- MarkovChainMC -- 
Limit: r < 0.10147 +/- 0.00164061 @ 95% credibility (15 tries)
Done in 0.21 min (cpu), 0.22 min (real)
Generate toy 229/250

 -- MarkovChainMC -- 
Limit: r < 0.0957295 +/- 0.00297018 @ 95% credibility (15 tries)
Done in 0.21 min (cpu), 0.21 min (real)
Generate toy 230/250

 -- MarkovChainMC -- 
Limit: r < 0.141815 +/- 0.00435622 @ 95% credibility (15 tries)
Done in 0.22 min (cpu), 0.22 min (real)
Generate toy 231/250

 -- MarkovChainMC -- 
Limit: r < 0.0982587 +/- 0.00303322 @ 95% credibility (15 tries)
Done in 0.22 min (cpu), 0.22 min (real)
Generate toy 232/250

 -- MarkovChainMC -- 
Limit: r < 0.0903516 +/- 0.00183156 @ 95% credibility (15 tries)
Done in 0.22 min (cpu), 0.22 min (real)
Generate toy 233/250

 -- MarkovChainMC -- 
Limit: r < 0.0999364 +/- 0.00207463 @ 95% credibility (15 tries)
Done in 0.22 min (cpu), 0.22 min (real)
Generate toy 234/250

 -- MarkovChainMC -- 
Limit: r < 0.0944946 +/- 0.00252353 @ 95% credibility (15 tries)
Done in 0.21 min (cpu), 0.21 min (real)
Generate toy 235/250

 -- MarkovChainMC -- 
Limit: r < 0.0905787 +/- 0.00218107 @ 95% credibility (15 tries)
Done in 0.21 min (cpu), 0.21 min (real)
Generate toy 236/250

 -- MarkovChainMC -- 
Limit: r < 0.101079 +/- 0.00501472 @ 95% credibility (15 tries)
Done in 0.21 min (cpu), 0.21 min (real)
Generate toy 237/250

 -- MarkovChainMC -- 
Limit: r < 0.0982198 +/- 0.00208036 @ 95% credibility (15 tries)
Done in 0.21 min (cpu), 0.21 min (real)
Generate toy 238/250

 -- MarkovChainMC -- 
Limit: r < 0.0925658 +/- 0.00433209 @ 95% credibility (15 tries)
Done in 0.21 min (cpu), 0.21 min (real)
Generate toy 239/250

 -- MarkovChainMC -- 
Limit: r < 0.09423 +/- 0.00185683 @ 95% credibility (15 tries)
Done in 0.21 min (cpu), 0.22 min (real)
Generate toy 240/250

 -- MarkovChainMC -- 
Limit: r < 0.163993 +/- 0.00336889 @ 95% credibility (15 tries)
Done in 0.22 min (cpu), 0.22 min (real)
Generate toy 241/250

 -- MarkovChainMC -- 
Limit: r < 0.11098 +/- 0.00361203 @ 95% credibility (15 tries)
Done in 0.21 min (cpu), 0.21 min (real)
Generate toy 242/250

 -- MarkovChainMC -- 
Limit: r < 0.0936632 +/- 0.00240646 @ 95% credibility (15 tries)
Done in 0.21 min (cpu), 0.21 min (real)
Generate toy 243/250

 -- MarkovChainMC -- 
Limit: r < 0.112201 +/- 0.00130999 @ 95% credibility (15 tries)
Done in 0.21 min (cpu), 0.21 min (real)
Generate toy 244/250

 -- MarkovChainMC -- 
Limit: r < 0.0811637 +/- 0.00249124 @ 95% credibility (15 tries)
Done in 0.21 min (cpu), 0.21 min (real)
Generate toy 245/250

 -- MarkovChainMC -- 
Limit: r < 0.0865801 +/- 0.00246161 @ 95% credibility (15 tries)
Done in 0.21 min (cpu), 0.21 min (real)
Generate toy 246/250

 -- MarkovChainMC -- 
Limit: r < 0.113587 +/- 0.0030491 @ 95% credibility (15 tries)
Done in 0.21 min (cpu), 0.21 min (real)
Generate toy 247/250

 -- MarkovChainMC -- 
Limit: r < 0.0928617 +/- 0.00305484 @ 95% credibility (15 tries)
Done in 0.21 min (cpu), 0.21 min (real)
Generate toy 248/250

 -- MarkovChainMC -- 
Limit: r < 0.0986087 +/- 0.00174507 @ 95% credibility (15 tries)
Done in 0.22 min (cpu), 0.22 min (real)
Generate toy 249/250

 -- MarkovChainMC -- 
Limit: r < 0.0989079 +/- 0.00276175 @ 95% credibility (15 tries)
Done in 0.22 min (cpu), 0.22 min (real)
Generate toy 250/250

 -- MarkovChainMC -- 
Limit: r < 0.0924757 +/- 0.00253627 @ 95% credibility (15 tries)
Done in 0.21 min (cpu), 0.21 min (real)
mean   expected limit: r < 0.106082 +/- 0.00132984 @ 95%CL (250 toyMC)
median expected limit: r < 0.0989933 @ 95%CL (250 toyMC)
   68% expected band : 0.0896329 < r < 0.123903
   95% expected band : 0.0823611 < r < 0.169589
