 <<< Combine >>> 
 <<< v10.0.2 >>>
>>> Used OpenSSL to get a truly random seed -531613142
>>> Method used is MarkovChainMC
============================================================
Analyzing bin errors for: prop_binmuon22
Poisson cut-off: 10
Processes excluded for sums: Wprime3000_kR5
============================================================
Bin        Contents        Error           Notes                         
0          5490.642658     14.389619       total sum                     
0          5489.009974     14.389572       excluding marked processes    
0          145510.000000   381.457730      Unweighted events, alpha=0.037734
  => Total parameter prop_binmuon22_bin0[0.00,-7.00,7.00] to be Gaussian constrained
------------------------------------------------------------
1          2092.960734     7.507901        total sum                     
1          2091.469679     7.507819        excluding marked processes    
1          77602.000000    278.571355      Unweighted events, alpha=0.026970
  => Total parameter prop_binmuon22_bin1[0.00,-7.00,7.00] to be Gaussian constrained
------------------------------------------------------------
2          926.653919      5.743349        total sum                     
2          925.287269      5.743251        excluding marked processes    
2          25956.000000    161.108659      Unweighted events, alpha=0.035701
  => Total parameter prop_binmuon22_bin2[0.00,-7.00,7.00] to be Gaussian constrained
------------------------------------------------------------
3          463.980198      3.622228        total sum                     
3          462.717279      3.622082        excluding marked processes    
3          16320.000000    127.749755      Unweighted events, alpha=0.028430
  => Total parameter prop_binmuon22_bin3[0.00,-7.00,7.00] to be Gaussian constrained
------------------------------------------------------------
4          241.343467      1.534106        total sum                     
4          240.228093      1.533810        excluding marked processes    
4          24530.000000    156.620561      Unweighted events, alpha=0.009839
  => Total parameter prop_binmuon22_bin4[0.00,-7.00,7.00] to be Gaussian constrained
------------------------------------------------------------
5          140.105919      1.743144        total sum                     
5          139.121722      1.742909        excluding marked processes    
5          6371.000000     79.818544       Unweighted events, alpha=0.021991
  => Total parameter prop_binmuon22_bin5[0.00,-7.00,7.00] to be Gaussian constrained
------------------------------------------------------------
6          134.551783      1.065318        total sum                     
6          132.798509      1.064641        excluding marked processes    
6          15559.000000    124.735721      Unweighted events, alpha=0.008648
  => Total parameter prop_binmuon22_bin6[0.00,-7.00,7.00] to be Gaussian constrained
------------------------------------------------------------
7          53.311993       0.722451        total sum                     
7          51.876344       0.721630        excluding marked processes    
7          5168.000000     71.888803       Unweighted events, alpha=0.010316
  => Total parameter prop_binmuon22_bin7[0.00,-7.00,7.00] to be Gaussian constrained
------------------------------------------------------------
8          31.036728       0.470382        total sum                     
8          29.337675       0.468872        excluding marked processes    
8          3915.000000     62.569961       Unweighted events, alpha=0.007928
  => Total parameter prop_binmuon22_bin8[0.00,-7.00,7.00] to be Gaussian constrained
------------------------------------------------------------
9          11.194036       0.336091        total sum                     
9          9.941359        0.334523        excluding marked processes    
9          883.000000      29.715316       Unweighted events, alpha=0.012677
  => Total parameter prop_binmuon22_bin9[0.00,-7.00,7.00] to be Gaussian constrained
------------------------------------------------------------
10         5.293707        0.109903        total sum                     
10         4.165375        0.105525        excluding marked processes    
10         1558.000000     39.471509       Unweighted events, alpha=0.003398
  => Total parameter prop_binmuon22_bin10[0.00,-7.00,7.00] to be Gaussian constrained
------------------------------------------------------------
11         2.677890        0.219893        total sum                     
11         1.762132        0.218174        excluding marked processes    
11         65.000000       8.062258        Unweighted events, alpha=0.041198
  => Total parameter prop_binmuon22_bin11[0.00,-7.00,7.00] to be Gaussian constrained
------------------------------------------------------------
12         0.588936        0.016176        total sum                     
12         0.276349        0.001778        excluding marked processes    
12         24153.000000    155.412355      Unweighted events, alpha=0.000024
  => Total parameter prop_binmuon22_bin12[0.00,-7.00,7.00] to be Gaussian constrained
------------------------------------------------------------
13         0.185005        0.008779        total sum                     
13         0.085750        0.001214        excluding marked processes    
13         4991.000000     70.647010       Unweighted events, alpha=0.000037
  => Total parameter prop_binmuon22_bin13[0.00,-7.00,7.00] to be Gaussian constrained
------------------------------------------------------------
14         0.013621        0.002816        total sum                     
14         0.007105        0.001511        excluding marked processes    
14         22.000000       4.690416        Unweighted events, alpha=0.000619
  => Total parameter prop_binmuon22_bin14[0.00,-7.00,7.00] to be Gaussian constrained
------------------------------------------------------------
15         0.002067        0.000753        total sum                     
15         0.001078        0.000054        excluding marked processes    
15         404.000000      20.099751       Unweighted events, alpha=0.000005
  => Total parameter prop_binmuon22_bin15[0.00,-7.00,7.00] to be Gaussian constrained
------------------------------------------------------------
============================================================
Analyzing bin errors for: prop_binmuon23
Poisson cut-off: 10
Processes excluded for sums: Wprime3000_kR5
============================================================
Bin        Contents        Error           Notes                         
0          4247.014813     16.603232       total sum                     
0          4245.728997     16.603213       excluding marked processes    
0          65391.000000    255.716640      Unweighted events, alpha=0.064948
  => Total parameter prop_binmuon23_bin0[0.00,-7.00,7.00] to be Gaussian constrained
------------------------------------------------------------
1          1622.317207     7.828092        total sum                     
1          1621.101079     7.828053        excluding marked processes    
1          42886.000000    207.089353      Unweighted events, alpha=0.037829
  => Total parameter prop_binmuon23_bin1[0.00,-7.00,7.00] to be Gaussian constrained
------------------------------------------------------------
2          722.484752      4.795570        total sum                     
2          721.396648      4.795515        excluding marked processes    
2          22630.000000    150.432709      Unweighted events, alpha=0.031926
  => Total parameter prop_binmuon23_bin2[0.00,-7.00,7.00] to be Gaussian constrained
------------------------------------------------------------
3          360.255401      3.009433        total sum                     
3          359.285774      3.009355        excluding marked processes    
3          14254.000000    119.390117      Unweighted events, alpha=0.025274
  => Total parameter prop_binmuon23_bin3[0.00,-7.00,7.00] to be Gaussian constrained
------------------------------------------------------------
4          192.093992      3.360942        total sum                     
4          191.190097      3.360877        excluding marked processes    
4          3236.000000     56.885851       Unweighted events, alpha=0.059362
  => Total parameter prop_binmuon23_bin4[0.00,-7.00,7.00] to be Gaussian constrained
------------------------------------------------------------
5          113.035672      1.192281        total sum                     
5          112.217111      1.192110        excluding marked processes    
5          8861.000000     94.132885       Unweighted events, alpha=0.012757
  => Total parameter prop_binmuon23_bin5[0.00,-7.00,7.00] to be Gaussian constrained
------------------------------------------------------------
6          108.545126      1.524308        total sum                     
6          107.129583      1.524073        excluding marked processes    
6          4941.000000     70.292247       Unweighted events, alpha=0.021968
  => Total parameter prop_binmuon23_bin6[0.00,-7.00,7.00] to be Gaussian constrained
------------------------------------------------------------
7          42.264264       0.658360        total sum                     
7          41.104515       0.657922        excluding marked processes    
7          3903.000000     62.473995       Unweighted events, alpha=0.010829
  => Total parameter prop_binmuon23_bin7[0.00,-7.00,7.00] to be Gaussian constrained
------------------------------------------------------------
8          24.794473       0.587630        total sum                     
8          23.449391       0.587056        excluding marked processes    
8          1596.000000     39.949969       Unweighted events, alpha=0.015535
  => Total parameter prop_binmuon23_bin8[0.00,-7.00,7.00] to be Gaussian constrained
------------------------------------------------------------
9          9.343319        0.395186        total sum                     
9          8.355840        0.394559        excluding marked processes    
9          448.000000      21.166010       Unweighted events, alpha=0.020856
  => Total parameter prop_binmuon23_bin9[0.00,-7.00,7.00] to be Gaussian constrained
------------------------------------------------------------
10         4.430568        0.252793        total sum                     
10         3.506378        0.251887        excluding marked processes    
10         194.000000      13.928388       Unweighted events, alpha=0.022838
  => Total parameter prop_binmuon23_bin10[0.00,-7.00,7.00] to be Gaussian constrained
------------------------------------------------------------
11         2.098834        0.181177        total sum                     
11         1.363219        0.180174        excluding marked processes    
11         57.000000       7.549834        Unweighted events, alpha=0.036822
  => Total parameter prop_binmuon23_bin11[0.00,-7.00,7.00] to be Gaussian constrained
------------------------------------------------------------
12         0.787290        0.289284        total sum                     
12         0.530791        0.289065        excluding marked processes    
12         3.000000        1.732051        Unweighted events, alpha=0.262430
  => Number of weighted events is below Poisson threshold
    Wprime3000_kR5       0.256499        0.011253                                      
                         520.000000      22.803509       Unweighted events, alpha=0.000493
      => Parameter prop_binmuon23_bin12_Wprime3000_kR5[0.00,-7.00,7.00] to be Gaussian constrained
  ----------------------------------------------------------
    W_boson              0.216692        0.001181                                      
                         33653.000000    183.447540      Unweighted events, alpha=0.000006
      => Parameter prop_binmuon23_bin12_W_boson[0.00,-7.00,7.00] to be Gaussian constrained
  ----------------------------------------------------------
    Top                  0.000000        0.000000                                      
      => Error is zero, ignore      
  ----------------------------------------------------------
    Z_boson              0.004094        0.000500                                      
                         67.000000       8.185353        Unweighted events, alpha=0.000061
      => Parameter prop_binmuon23_bin12_Z_boson[0.00,-7.00,7.00] to be Gaussian constrained
  ----------------------------------------------------------
    DiBoson              0.288910        0.288561                                      
                         1.000000        1.000000        Unweighted events, alpha=0.288910
      => Product of prop_binmuon23_bin12_DiBoson[1.00,0.00,30.85] and const [1.0000] to be Poisson constrained
  ----------------------------------------------------------
    QCD                  0.021095        0.017013                                      
                         2.000000        1.414214        Unweighted events, alpha=0.010547
      => Product of prop_binmuon23_bin12_QCD[2.00,0.00,33.79] and const [0.5000] to be Poisson constrained
  ----------------------------------------------------------
------------------------------------------------------------
13         0.163695        0.006980        total sum                     
13         0.067145        0.000584        excluding marked processes    
13         13239.000000    115.060853      Unweighted events, alpha=0.000012
  => Total parameter prop_binmuon23_bin13[0.00,-7.00,7.00] to be Gaussian constrained
------------------------------------------------------------
14         0.007312        0.001393        total sum                     
14         0.003967        0.000043        excluding marked processes    
14         8482.000000     92.097774       Unweighted events, alpha=0.000001
  => Total parameter prop_binmuon23_bin14[0.00,-7.00,7.00] to be Gaussian constrained
------------------------------------------------------------
15         0.006761        0.003920        total sum                     
15         0.005625        0.003835        excluding marked processes    
15         2.000000        1.414214        Unweighted events, alpha=0.003381
  => Number of weighted events is below Poisson threshold
    Wprime3000_kR5       0.001136        0.000815                                      
                         2.000000        1.414214        Unweighted events, alpha=0.000568
      => Product of prop_binmuon23_bin15_Wprime3000_kR5[2.00,0.00,33.79] and const [0.5000] to be Poisson constrained
  ----------------------------------------------------------
    W_boson              0.000849        0.000021                                      
                         1670.000000     40.865633       Unweighted events, alpha=0.000001
      => Parameter prop_binmuon23_bin15_W_boson[0.00,-7.00,7.00] to be Gaussian constrained
  ----------------------------------------------------------
    Top                  0.000000        0.000000                                      
      => Error is zero, ignore      
  ----------------------------------------------------------
    Z_boson              0.000011        0.000003                                      
                         16.000000       4.000000        Unweighted events, alpha=0.000001
      => Parameter prop_binmuon23_bin15_Z_boson[0.00,-7.00,7.00] to be Gaussian constrained
  ----------------------------------------------------------
    DiBoson              0.000000        0.000000                                      
      => Error is zero, ignore      
  ----------------------------------------------------------
    QCD                  0.004765        0.003834                                      
                         2.000000        1.414214        Unweighted events, alpha=0.002383
      => Product of prop_binmuon23_bin15_QCD[2.00,0.00,33.79] and const [0.5000] to be Poisson constrained
  ----------------------------------------------------------
------------------------------------------------------------
Channel muon22 will use autoMCStats with settings: event-threshold=10, include-signal=0, hist-mode=1
Channel muon23 will use autoMCStats with settings: event-threshold=10, include-signal=0, hist-mode=1
Generate toy 1/250

 -- MarkovChainMC -- 
Limit: r < 2.11832 +/- 0.0399842 @ 95% credibility (15 tries)
Done in 0.20 min (cpu), 0.20 min (real)
Generate toy 2/250

 -- MarkovChainMC -- 
Limit: r < 1.61711 +/- 0.03715 @ 95% credibility (15 tries)
Done in 0.20 min (cpu), 0.20 min (real)
Generate toy 3/250

 -- MarkovChainMC -- 
Limit: r < 2.89388 +/- 0.0445497 @ 95% credibility (15 tries)
Done in 0.20 min (cpu), 0.20 min (real)
Generate toy 4/250

 -- MarkovChainMC -- 
Limit: r < 2.62444 +/- 0.016798 @ 95% credibility (15 tries)
Done in 0.21 min (cpu), 0.21 min (real)
Generate toy 5/250

 -- MarkovChainMC -- 
Limit: r < 1.53872 +/- 0.019609 @ 95% credibility (15 tries)
Done in 0.20 min (cpu), 0.20 min (real)
Generate toy 6/250

 -- MarkovChainMC -- 
Limit: r < 1.30378 +/- 0.0234344 @ 95% credibility (15 tries)
Done in 0.19 min (cpu), 0.19 min (real)
Generate toy 7/250

 -- MarkovChainMC -- 
Limit: r < 1.41958 +/- 0.013248 @ 95% credibility (15 tries)
Done in 0.20 min (cpu), 0.20 min (real)
Generate toy 8/250

 -- MarkovChainMC -- 
Limit: r < 1.32788 +/- 0.0314156 @ 95% credibility (15 tries)
Done in 0.20 min (cpu), 0.20 min (real)
Generate toy 9/250

 -- MarkovChainMC -- 
Limit: r < 1.81222 +/- 0.0289156 @ 95% credibility (15 tries)
Done in 0.20 min (cpu), 0.20 min (real)
Generate toy 10/250

 -- MarkovChainMC -- 
Limit: r < 2.09812 +/- 0.0429583 @ 95% credibility (15 tries)
Done in 0.20 min (cpu), 0.20 min (real)
Generate toy 11/250

 -- MarkovChainMC -- 
Limit: r < 1.06362 +/- 0.027339 @ 95% credibility (15 tries)
Done in 0.19 min (cpu), 0.19 min (real)
Generate toy 12/250

 -- MarkovChainMC -- 
Limit: r < 1.43674 +/- 0.0214557 @ 95% credibility (15 tries)
Done in 0.20 min (cpu), 0.20 min (real)
Generate toy 13/250

 -- MarkovChainMC -- 
Limit: r < 2.79161 +/- 0.0572014 @ 95% credibility (15 tries)
Done in 0.20 min (cpu), 0.20 min (real)
Generate toy 14/250

 -- MarkovChainMC -- 
Limit: r < 1.07313 +/- 0.0166615 @ 95% credibility (15 tries)
Done in 0.20 min (cpu), 0.20 min (real)
Generate toy 15/250

 -- MarkovChainMC -- 
Limit: r < 1.17807 +/- 0.0237204 @ 95% credibility (15 tries)
Done in 0.20 min (cpu), 0.20 min (real)
Generate toy 16/250

 -- MarkovChainMC -- 
Limit: r < 1.51866 +/- 0.0249656 @ 95% credibility (15 tries)
Done in 0.20 min (cpu), 0.20 min (real)
Generate toy 17/250

 -- MarkovChainMC -- 
Limit: r < 2.08757 +/- 0.0547306 @ 95% credibility (15 tries)
Done in 0.20 min (cpu), 0.20 min (real)
Generate toy 18/250

 -- MarkovChainMC -- 
Limit: r < 2.33465 +/- 0.0395973 @ 95% credibility (15 tries)
Done in 0.20 min (cpu), 0.20 min (real)
Generate toy 19/250

 -- MarkovChainMC -- 
Limit: r < 2.00091 +/- 0.0229825 @ 95% credibility (15 tries)
Done in 0.20 min (cpu), 0.20 min (real)
Generate toy 20/250

 -- MarkovChainMC -- 
Limit: r < 1.30612 +/- 0.0127459 @ 95% credibility (15 tries)
Done in 0.20 min (cpu), 0.20 min (real)
Generate toy 21/250

 -- MarkovChainMC -- 
Limit: r < 0.990314 +/- 0.022257 @ 95% credibility (15 tries)
Done in 0.21 min (cpu), 0.21 min (real)
Generate toy 22/250

 -- MarkovChainMC -- 
Limit: r < 1.26043 +/- 0.0234209 @ 95% credibility (15 tries)
Done in 0.21 min (cpu), 0.21 min (real)
Generate toy 23/250

 -- MarkovChainMC -- 
Limit: r < 0.992571 +/- 0.018718 @ 95% credibility (15 tries)
Done in 0.21 min (cpu), 0.21 min (real)
Generate toy 24/250

 -- MarkovChainMC -- 
Limit: r < 1.666 +/- 0.0402517 @ 95% credibility (15 tries)
Done in 0.22 min (cpu), 0.22 min (real)
Generate toy 25/250

 -- MarkovChainMC -- 
Limit: r < 1.30005 +/- 0.0247951 @ 95% credibility (15 tries)
Done in 0.20 min (cpu), 0.20 min (real)
Generate toy 26/250

 -- MarkovChainMC -- 
Limit: r < 1.1253 +/- 0.0277107 @ 95% credibility (15 tries)
Done in 0.20 min (cpu), 0.20 min (real)
Generate toy 27/250

 -- MarkovChainMC -- 
Limit: r < 1.26319 +/- 0.0213879 @ 95% credibility (15 tries)
Done in 0.20 min (cpu), 0.20 min (real)
Generate toy 28/250

 -- MarkovChainMC -- 
Limit: r < 1.91019 +/- 0.0483761 @ 95% credibility (15 tries)
Done in 0.20 min (cpu), 0.20 min (real)
Generate toy 29/250

 -- MarkovChainMC -- 
Limit: r < 2.0581 +/- 0.0393963 @ 95% credibility (15 tries)
Done in 0.20 min (cpu), 0.20 min (real)
Generate toy 30/250

 -- MarkovChainMC -- 
Limit: r < 2.39602 +/- 0.0175462 @ 95% credibility (15 tries)
Done in 0.21 min (cpu), 0.21 min (real)
Generate toy 31/250

 -- MarkovChainMC -- 
Limit: r < 1.18325 +/- 0.0208107 @ 95% credibility (15 tries)
Done in 0.20 min (cpu), 0.20 min (real)
Generate toy 32/250

 -- MarkovChainMC -- 
Limit: r < 2.09573 +/- 0.0426141 @ 95% credibility (15 tries)
Done in 0.21 min (cpu), 0.21 min (real)
Generate toy 33/250

 -- MarkovChainMC -- 
Limit: r < 2.44175 +/- 0.0165274 @ 95% credibility (15 tries)
Done in 0.21 min (cpu), 0.21 min (real)
Generate toy 34/250

 -- MarkovChainMC -- 
Limit: r < 1.00316 +/- 0.0259018 @ 95% credibility (15 tries)
Done in 0.20 min (cpu), 0.20 min (real)
Generate toy 35/250

 -- MarkovChainMC -- 
Limit: r < 1.65052 +/- 0.0314052 @ 95% credibility (15 tries)
Done in 0.20 min (cpu), 0.20 min (real)
Generate toy 36/250

 -- MarkovChainMC -- 
Limit: r < 0.999355 +/- 0.018221 @ 95% credibility (15 tries)
Done in 0.20 min (cpu), 0.20 min (real)
Generate toy 37/250

 -- MarkovChainMC -- 
Limit: r < 1.89427 +/- 0.0245295 @ 95% credibility (15 tries)
Done in 0.20 min (cpu), 0.20 min (real)
Generate toy 38/250

 -- MarkovChainMC -- 
Limit: r < 0.989212 +/- 0.025726 @ 95% credibility (15 tries)
Done in 0.19 min (cpu), 0.20 min (real)
Generate toy 39/250

 -- MarkovChainMC -- 
Limit: r < 2.95385 +/- 0.0541639 @ 95% credibility (15 tries)
Done in 0.20 min (cpu), 0.20 min (real)
Generate toy 40/250

 -- MarkovChainMC -- 
Limit: r < 3.72641 +/- 0.0519309 @ 95% credibility (15 tries)
Done in 0.21 min (cpu), 0.21 min (real)
Generate toy 41/250

 -- MarkovChainMC -- 
Limit: r < 1.55538 +/- 0.0385887 @ 95% credibility (15 tries)
Done in 0.20 min (cpu), 0.20 min (real)
Generate toy 42/250

 -- MarkovChainMC -- 
Limit: r < 1.23351 +/- 0.0292511 @ 95% credibility (15 tries)
Done in 0.19 min (cpu), 0.20 min (real)
Generate toy 43/250

 -- MarkovChainMC -- 
Limit: r < 2.77866 +/- 0.0200501 @ 95% credibility (15 tries)
Done in 0.21 min (cpu), 0.21 min (real)
Generate toy 44/250

 -- MarkovChainMC -- 
Limit: r < 1.77186 +/- 0.0347398 @ 95% credibility (15 tries)
Done in 0.20 min (cpu), 0.20 min (real)
Generate toy 45/250

 -- MarkovChainMC -- 
Limit: r < 1.15551 +/- 0.0370638 @ 95% credibility (15 tries)
Done in 0.20 min (cpu), 0.20 min (real)
Generate toy 46/250

 -- MarkovChainMC -- 
Limit: r < 1.46639 +/- 0.0367056 @ 95% credibility (15 tries)
Done in 0.21 min (cpu), 0.21 min (real)
Generate toy 47/250

 -- MarkovChainMC -- 
Limit: r < 1.8167 +/- 0.0117435 @ 95% credibility (15 tries)
Done in 0.21 min (cpu), 0.21 min (real)
Generate toy 48/250

 -- MarkovChainMC -- 
Limit: r < 1.58701 +/- 0.0453215 @ 95% credibility (15 tries)
Done in 0.20 min (cpu), 0.21 min (real)
Generate toy 49/250

 -- MarkovChainMC -- 
Limit: r < 1.90724 +/- 0.0375928 @ 95% credibility (15 tries)
Done in 0.21 min (cpu), 0.21 min (real)
Generate toy 50/250

 -- MarkovChainMC -- 
Limit: r < 1.59337 +/- 0.0478653 @ 95% credibility (15 tries)
Done in 0.20 min (cpu), 0.21 min (real)
Generate toy 51/250

 -- MarkovChainMC -- 
Limit: r < 1.96311 +/- 0.0228662 @ 95% credibility (15 tries)
Done in 0.21 min (cpu), 0.21 min (real)
Generate toy 52/250

 -- MarkovChainMC -- 
Limit: r < 1.855 +/- 0.0319682 @ 95% credibility (15 tries)
Done in 0.20 min (cpu), 0.20 min (real)
Generate toy 53/250

 -- MarkovChainMC -- 
Limit: r < 1.07689 +/- 0.0216621 @ 95% credibility (15 tries)
Done in 0.20 min (cpu), 0.20 min (real)
Generate toy 54/250

 -- MarkovChainMC -- 
Limit: r < 1.87013 +/- 0.0163308 @ 95% credibility (15 tries)
Done in 0.20 min (cpu), 0.20 min (real)
Generate toy 55/250

 -- MarkovChainMC -- 
Limit: r < 1.98204 +/- 0.0325636 @ 95% credibility (15 tries)
Done in 0.21 min (cpu), 0.21 min (real)
Generate toy 56/250

 -- MarkovChainMC -- 
Limit: r < 1.16838 +/- 0.0408862 @ 95% credibility (15 tries)
Done in 0.20 min (cpu), 0.21 min (real)
Generate toy 57/250

 -- MarkovChainMC -- 
Limit: r < 1.82935 +/- 0.0132555 @ 95% credibility (15 tries)
Done in 0.22 min (cpu), 0.22 min (real)
Generate toy 58/250

 -- MarkovChainMC -- 
Limit: r < 1.70682 +/- 0.0467475 @ 95% credibility (15 tries)
Done in 0.21 min (cpu), 0.21 min (real)
Generate toy 59/250

 -- MarkovChainMC -- 
Limit: r < 1.80142 +/- 0.0266482 @ 95% credibility (15 tries)
Done in 0.21 min (cpu), 0.21 min (real)
Generate toy 60/250

 -- MarkovChainMC -- 
Limit: r < 1.42197 +/- 0.0264116 @ 95% credibility (15 tries)
Done in 0.21 min (cpu), 0.21 min (real)
Generate toy 61/250

 -- MarkovChainMC -- 
Limit: r < 1.49715 +/- 0.028757 @ 95% credibility (15 tries)
Done in 0.21 min (cpu), 0.21 min (real)
Generate toy 62/250

 -- MarkovChainMC -- 
Limit: r < 2.33344 +/- 0.0513422 @ 95% credibility (15 tries)
Done in 0.22 min (cpu), 0.22 min (real)
Generate toy 63/250

 -- MarkovChainMC -- 
Limit: r < 1.59819 +/- 0.0245183 @ 95% credibility (15 tries)
Done in 0.21 min (cpu), 0.21 min (real)
Generate toy 64/250

 -- MarkovChainMC -- 
Limit: r < 1.16922 +/- 0.0284087 @ 95% credibility (15 tries)
Done in 0.21 min (cpu), 0.21 min (real)
Generate toy 65/250

 -- MarkovChainMC -- 
Limit: r < 2.3425 +/- 0.0230525 @ 95% credibility (15 tries)
Done in 0.21 min (cpu), 0.22 min (real)
Generate toy 66/250

 -- MarkovChainMC -- 
Limit: r < 1.94476 +/- 0.0370418 @ 95% credibility (15 tries)
Done in 0.21 min (cpu), 0.21 min (real)
Generate toy 67/250

 -- MarkovChainMC -- 
Limit: r < 2.02061 +/- 0.0465761 @ 95% credibility (15 tries)
Done in 0.21 min (cpu), 0.21 min (real)
Generate toy 68/250

 -- MarkovChainMC -- 
Limit: r < 2.25675 +/- 0.0326844 @ 95% credibility (15 tries)
Done in 0.21 min (cpu), 0.21 min (real)
Generate toy 69/250

 -- MarkovChainMC -- 
Limit: r < 2.3761 +/- 0.0369191 @ 95% credibility (15 tries)
Done in 0.21 min (cpu), 0.21 min (real)
Generate toy 70/250

 -- MarkovChainMC -- 
Limit: r < 3.44038 +/- 0.0649384 @ 95% credibility (15 tries)
Done in 0.22 min (cpu), 0.22 min (real)
Generate toy 71/250

 -- MarkovChainMC -- 
Limit: r < 2.4127 +/- 0.0364206 @ 95% credibility (15 tries)
Done in 0.21 min (cpu), 0.21 min (real)
Generate toy 72/250

 -- MarkovChainMC -- 
Limit: r < 1.49159 +/- 0.054678 @ 95% credibility (15 tries)
Done in 0.21 min (cpu), 0.21 min (real)
Generate toy 73/250

 -- MarkovChainMC -- 
Limit: r < 2.68779 +/- 0.0473541 @ 95% credibility (15 tries)
Done in 0.21 min (cpu), 0.21 min (real)
Generate toy 74/250

 -- MarkovChainMC -- 
Limit: r < 0.8075 +/- 0.0178726 @ 95% credibility (15 tries)
Done in 0.20 min (cpu), 0.21 min (real)
Generate toy 75/250

 -- MarkovChainMC -- 
Limit: r < 1.69916 +/- 0.0188167 @ 95% credibility (15 tries)
Done in 0.21 min (cpu), 0.21 min (real)
Generate toy 76/250

 -- MarkovChainMC -- 
Limit: r < 1.69157 +/- 0.0435002 @ 95% credibility (15 tries)
Done in 0.21 min (cpu), 0.21 min (real)
Generate toy 77/250

 -- MarkovChainMC -- 
Limit: r < 2.86427 +/- 0.0306509 @ 95% credibility (15 tries)
Done in 0.21 min (cpu), 0.21 min (real)
Generate toy 78/250

 -- MarkovChainMC -- 
Limit: r < 2.32814 +/- 0.0397607 @ 95% credibility (15 tries)
Done in 0.20 min (cpu), 0.21 min (real)
Generate toy 79/250

 -- MarkovChainMC -- 
Limit: r < 1.62655 +/- 0.0213523 @ 95% credibility (15 tries)
Done in 0.21 min (cpu), 0.21 min (real)
Generate toy 80/250

 -- MarkovChainMC -- 
Limit: r < 0.989859 +/- 0.0279304 @ 95% credibility (15 tries)
Done in 0.20 min (cpu), 0.20 min (real)
Generate toy 81/250

 -- MarkovChainMC -- 
Limit: r < 1.42604 +/- 0.0307016 @ 95% credibility (15 tries)
Done in 0.21 min (cpu), 0.21 min (real)
Generate toy 82/250

 -- MarkovChainMC -- 
Limit: r < 2.58296 +/- 0.0465559 @ 95% credibility (15 tries)
Done in 0.22 min (cpu), 0.22 min (real)
Generate toy 83/250

 -- MarkovChainMC -- 
Limit: r < 1.00046 +/- 0.0196691 @ 95% credibility (15 tries)
Done in 0.21 min (cpu), 0.21 min (real)
Generate toy 84/250

 -- MarkovChainMC -- 
Limit: r < 2.05299 +/- 0.0416639 @ 95% credibility (15 tries)
Done in 0.21 min (cpu), 0.21 min (real)
Generate toy 85/250

 -- MarkovChainMC -- 
Limit: r < 0.991477 +/- 0.0164191 @ 95% credibility (15 tries)
Done in 0.21 min (cpu), 0.21 min (real)
Generate toy 86/250

 -- MarkovChainMC -- 
Limit: r < 1.755 +/- 0.0118019 @ 95% credibility (15 tries)
Done in 0.21 min (cpu), 0.21 min (real)
Generate toy 87/250

 -- MarkovChainMC -- 
Limit: r < 1.74212 +/- 0.0423531 @ 95% credibility (15 tries)
Done in 0.21 min (cpu), 0.21 min (real)
Generate toy 88/250

 -- MarkovChainMC -- 
Limit: r < 1.14845 +/- 0.0333476 @ 95% credibility (15 tries)
Done in 0.21 min (cpu), 0.21 min (real)
Generate toy 89/250

 -- MarkovChainMC -- 
Limit: r < 2.53937 +/- 0.063891 @ 95% credibility (15 tries)
Done in 0.22 min (cpu), 0.22 min (real)
Generate toy 90/250

 -- MarkovChainMC -- 
Limit: r < 1.85475 +/- 0.0131624 @ 95% credibility (15 tries)
Done in 0.21 min (cpu), 0.21 min (real)
Generate toy 91/250

 -- MarkovChainMC -- 
Limit: r < 1.92821 +/- 0.0350972 @ 95% credibility (15 tries)
Done in 0.21 min (cpu), 0.21 min (real)
Generate toy 92/250

 -- MarkovChainMC -- 
Limit: r < 2.53124 +/- 0.0547 @ 95% credibility (15 tries)
Done in 0.21 min (cpu), 0.21 min (real)
Generate toy 93/250

 -- MarkovChainMC -- 
Limit: r < 1.83423 +/- 0.0260903 @ 95% credibility (15 tries)
Done in 0.21 min (cpu), 0.21 min (real)
Generate toy 94/250

 -- MarkovChainMC -- 
Limit: r < 2.30558 +/- 0.0569701 @ 95% credibility (15 tries)
Done in 0.22 min (cpu), 0.22 min (real)
Generate toy 95/250

 -- MarkovChainMC -- 
Limit: r < 1.07918 +/- 0.00474037 @ 95% credibility (15 tries)
Done in 0.21 min (cpu), 0.21 min (real)
Generate toy 96/250

 -- MarkovChainMC -- 
Limit: r < 1.92439 +/- 0.0488987 @ 95% credibility (15 tries)
Done in 0.21 min (cpu), 0.21 min (real)
Generate toy 97/250

 -- MarkovChainMC -- 
Limit: r < 2.32782 +/- 0.0472327 @ 95% credibility (15 tries)
Done in 0.21 min (cpu), 0.21 min (real)
Generate toy 98/250

 -- MarkovChainMC -- 
Limit: r < 2.09208 +/- 0.0275734 @ 95% credibility (15 tries)
Done in 0.21 min (cpu), 0.21 min (real)
Generate toy 99/250

 -- MarkovChainMC -- 
Limit: r < 1.49322 +/- 0.0139198 @ 95% credibility (15 tries)
Done in 0.20 min (cpu), 0.20 min (real)
Generate toy 100/250

 -- MarkovChainMC -- 
Limit: r < 3.02569 +/- 0.0596886 @ 95% credibility (15 tries)
Done in 0.21 min (cpu), 0.21 min (real)
Generate toy 101/250

 -- MarkovChainMC -- 
Limit: r < 1.43956 +/- 0.0413838 @ 95% credibility (15 tries)
Done in 0.20 min (cpu), 0.20 min (real)
Generate toy 102/250

 -- MarkovChainMC -- 
Limit: r < 2.60213 +/- 0.0587321 @ 95% credibility (15 tries)
Done in 0.21 min (cpu), 0.21 min (real)
Generate toy 103/250

 -- MarkovChainMC -- 
Limit: r < 1.55589 +/- 0.0415357 @ 95% credibility (15 tries)
Done in 0.20 min (cpu), 0.20 min (real)
Generate toy 104/250

 -- MarkovChainMC -- 
Limit: r < 1.8052 +/- 0.0190951 @ 95% credibility (15 tries)
Done in 0.20 min (cpu), 0.20 min (real)
Generate toy 105/250

 -- MarkovChainMC -- 
Limit: r < 0.943469 +/- 0.0148424 @ 95% credibility (15 tries)
Done in 0.20 min (cpu), 0.20 min (real)
Generate toy 106/250

 -- MarkovChainMC -- 
Limit: r < 1.57884 +/- 0.0204315 @ 95% credibility (15 tries)
Done in 0.20 min (cpu), 0.20 min (real)
Generate toy 107/250

 -- MarkovChainMC -- 
Limit: r < 1.37446 +/- 0.0299442 @ 95% credibility (15 tries)
Done in 0.20 min (cpu), 0.20 min (real)
Generate toy 108/250

 -- MarkovChainMC -- 
Limit: r < 1.64939 +/- 0.0367543 @ 95% credibility (15 tries)
Done in 0.20 min (cpu), 0.20 min (real)
Generate toy 109/250

 -- MarkovChainMC -- 
Limit: r < 3.43534 +/- 0.0594682 @ 95% credibility (15 tries)
Done in 0.20 min (cpu), 0.21 min (real)
Generate toy 110/250

 -- MarkovChainMC -- 
Limit: r < 1.58255 +/- 0.0419408 @ 95% credibility (15 tries)
Done in 0.20 min (cpu), 0.20 min (real)
Generate toy 111/250

 -- MarkovChainMC -- 
Limit: r < 1.03017 +/- 0.0283163 @ 95% credibility (15 tries)
Done in 0.20 min (cpu), 0.20 min (real)
Generate toy 112/250

 -- MarkovChainMC -- 
Limit: r < 2.9141 +/- 0.0510576 @ 95% credibility (15 tries)
Done in 0.21 min (cpu), 0.21 min (real)
Generate toy 113/250

 -- MarkovChainMC -- 
Limit: r < 1.37152 +/- 0.0239257 @ 95% credibility (15 tries)
Done in 0.20 min (cpu), 0.20 min (real)
Generate toy 114/250

 -- MarkovChainMC -- 
Limit: r < 1.90824 +/- 0.0448243 @ 95% credibility (15 tries)
Done in 0.20 min (cpu), 0.20 min (real)
Generate toy 115/250

 -- MarkovChainMC -- 
Limit: r < 2.16679 +/- 0.0396877 @ 95% credibility (15 tries)
Done in 0.20 min (cpu), 0.20 min (real)
Generate toy 116/250

 -- MarkovChainMC -- 
Limit: r < 1.61268 +/- 0.0230964 @ 95% credibility (15 tries)
Done in 0.19 min (cpu), 0.20 min (real)
Generate toy 117/250

 -- MarkovChainMC -- 
Limit: r < 1.79277 +/- 0.029453 @ 95% credibility (15 tries)
Done in 0.20 min (cpu), 0.20 min (real)
Generate toy 118/250

 -- MarkovChainMC -- 
Limit: r < 1.6305 +/- 0.0445026 @ 95% credibility (15 tries)
Done in 0.20 min (cpu), 0.20 min (real)
Generate toy 119/250

 -- MarkovChainMC -- 
Limit: r < 2.34056 +/- 0.0164085 @ 95% credibility (15 tries)
Done in 0.20 min (cpu), 0.20 min (real)
Generate toy 120/250

 -- MarkovChainMC -- 
Limit: r < 1.35914 +/- 0.0348968 @ 95% credibility (15 tries)
Done in 0.19 min (cpu), 0.20 min (real)
Generate toy 121/250

 -- MarkovChainMC -- 
Limit: r < 2.19221 +/- 0.025484 @ 95% credibility (15 tries)
Done in 0.20 min (cpu), 0.20 min (real)
Generate toy 122/250

 -- MarkovChainMC -- 
Limit: r < 1.79866 +/- 0.0344128 @ 95% credibility (15 tries)
Done in 0.20 min (cpu), 0.20 min (real)
Generate toy 123/250

 -- MarkovChainMC -- 
Limit: r < 2.51838 +/- 0.0356157 @ 95% credibility (15 tries)
Done in 0.20 min (cpu), 0.20 min (real)
Generate toy 124/250

 -- MarkovChainMC -- 
Limit: r < 2.16399 +/- 0.045449 @ 95% credibility (15 tries)
Done in 0.20 min (cpu), 0.20 min (real)
Generate toy 125/250

 -- MarkovChainMC -- 
Limit: r < 2.00192 +/- 0.0410951 @ 95% credibility (15 tries)
Done in 0.20 min (cpu), 0.20 min (real)
Generate toy 126/250

 -- MarkovChainMC -- 
Limit: r < 1.10457 +/- 0.0377093 @ 95% credibility (15 tries)
Done in 0.19 min (cpu), 0.19 min (real)
Generate toy 127/250

 -- MarkovChainMC -- 
Limit: r < 1.12156 +/- 0.0243357 @ 95% credibility (15 tries)
Done in 0.20 min (cpu), 0.20 min (real)
Generate toy 128/250

 -- MarkovChainMC -- 
Limit: r < 2.89176 +/- 0.0202301 @ 95% credibility (15 tries)
Done in 0.21 min (cpu), 0.21 min (real)
Generate toy 129/250

 -- MarkovChainMC -- 
Limit: r < 2.59313 +/- 0.0544572 @ 95% credibility (15 tries)
Done in 0.20 min (cpu), 0.20 min (real)
Generate toy 130/250

 -- MarkovChainMC -- 
Limit: r < 1.16661 +/- 0.0192308 @ 95% credibility (15 tries)
Done in 0.20 min (cpu), 0.20 min (real)
Generate toy 131/250

 -- MarkovChainMC -- 
Limit: r < 1.286 +/- 0.0331406 @ 95% credibility (15 tries)
Done in 0.19 min (cpu), 0.20 min (real)
Generate toy 132/250

 -- MarkovChainMC -- 
Limit: r < 2.23361 +/- 0.0320601 @ 95% credibility (15 tries)
Done in 0.20 min (cpu), 0.20 min (real)
Generate toy 133/250

 -- MarkovChainMC -- 
Limit: r < 2.71482 +/- 0.0246825 @ 95% credibility (15 tries)
Done in 0.20 min (cpu), 0.20 min (real)
Generate toy 134/250

 -- MarkovChainMC -- 
Limit: r < 1.19559 +/- 0.0181139 @ 95% credibility (15 tries)
Done in 0.19 min (cpu), 0.19 min (real)
Generate toy 135/250

 -- MarkovChainMC -- 
Limit: r < 2.391 +/- 0.0627754 @ 95% credibility (15 tries)
Done in 0.20 min (cpu), 0.20 min (real)
Generate toy 136/250

 -- MarkovChainMC -- 
Limit: r < 2.05346 +/- 0.0462079 @ 95% credibility (15 tries)
Done in 0.20 min (cpu), 0.20 min (real)
Generate toy 137/250

 -- MarkovChainMC -- 
Limit: r < 2.58237 +/- 0.0327773 @ 95% credibility (15 tries)
Done in 0.20 min (cpu), 0.20 min (real)
Generate toy 138/250

 -- MarkovChainMC -- 
Limit: r < 2.18181 +/- 0.0357608 @ 95% credibility (15 tries)
Done in 0.20 min (cpu), 0.20 min (real)
Generate toy 139/250

 -- MarkovChainMC -- 
Limit: r < 1.62818 +/- 0.0393616 @ 95% credibility (15 tries)
Done in 0.19 min (cpu), 0.20 min (real)
Generate toy 140/250

 -- MarkovChainMC -- 
Limit: r < 3.3742 +/- 0.029191 @ 95% credibility (15 tries)
Done in 0.20 min (cpu), 0.20 min (real)
Generate toy 141/250

 -- MarkovChainMC -- 
Limit: r < 1.37278 +/- 0.0427461 @ 95% credibility (15 tries)
Done in 0.19 min (cpu), 0.19 min (real)
Generate toy 142/250

 -- MarkovChainMC -- 
Limit: r < 2.27869 +/- 0.0473564 @ 95% credibility (15 tries)
Done in 0.20 min (cpu), 0.20 min (real)
Generate toy 143/250

 -- MarkovChainMC -- 
Limit: r < 1.68822 +/- 0.035368 @ 95% credibility (15 tries)
Done in 0.19 min (cpu), 0.20 min (real)
Generate toy 144/250

 -- MarkovChainMC -- 
Limit: r < 1.40271 +/- 0.0202963 @ 95% credibility (15 tries)
Done in 0.19 min (cpu), 0.19 min (real)
Generate toy 145/250

 -- MarkovChainMC -- 
Limit: r < 0.97793 +/- 0.0192404 @ 95% credibility (15 tries)
Done in 0.19 min (cpu), 0.19 min (real)
Generate toy 146/250

 -- MarkovChainMC -- 
Limit: r < 1.68625 +/- 0.0491703 @ 95% credibility (15 tries)
Done in 0.19 min (cpu), 0.20 min (real)
Generate toy 147/250

 -- MarkovChainMC -- 
Limit: r < 2.16581 +/- 0.0532721 @ 95% credibility (15 tries)
Done in 0.19 min (cpu), 0.19 min (real)
Generate toy 148/250

 -- MarkovChainMC -- 
Limit: r < 1.14914 +/- 0.0277048 @ 95% credibility (15 tries)
Done in 0.19 min (cpu), 0.19 min (real)
Generate toy 149/250

 -- MarkovChainMC -- 
Limit: r < 3.28624 +/- 0.0474747 @ 95% credibility (15 tries)
Done in 0.20 min (cpu), 0.20 min (real)
Generate toy 150/250

 -- MarkovChainMC -- 
Limit: r < 1.72822 +/- 0.0289919 @ 95% credibility (15 tries)
Done in 0.20 min (cpu), 0.20 min (real)
Generate toy 151/250

 -- MarkovChainMC -- 
Limit: r < 1.11721 +/- 0.0425041 @ 95% credibility (15 tries)
Done in 0.19 min (cpu), 0.19 min (real)
Generate toy 152/250

 -- MarkovChainMC -- 
Limit: r < 1.33609 +/- 0.0246754 @ 95% credibility (15 tries)
Done in 0.19 min (cpu), 0.19 min (real)
Generate toy 153/250

 -- MarkovChainMC -- 
Limit: r < 1.21556 +/- 0.0350265 @ 95% credibility (15 tries)
Done in 0.19 min (cpu), 0.19 min (real)
Generate toy 154/250

 -- MarkovChainMC -- 
Limit: r < 1.48833 +/- 0.0340744 @ 95% credibility (15 tries)
Done in 0.19 min (cpu), 0.19 min (real)
Generate toy 155/250

 -- MarkovChainMC -- 
Limit: r < 1.44081 +/- 0.0224569 @ 95% credibility (15 tries)
Done in 0.19 min (cpu), 0.19 min (real)
Generate toy 156/250

 -- MarkovChainMC -- 
Limit: r < 3.09453 +/- 0.0350638 @ 95% credibility (15 tries)
Done in 0.20 min (cpu), 0.21 min (real)
Generate toy 157/250

 -- MarkovChainMC -- 
Limit: r < 1.79827 +/- 0.0427463 @ 95% credibility (15 tries)
Done in 0.19 min (cpu), 0.20 min (real)
Generate toy 158/250

 -- MarkovChainMC -- 
Limit: r < 1.01419 +/- 0.0354077 @ 95% credibility (15 tries)
Done in 0.19 min (cpu), 0.19 min (real)
Generate toy 159/250

 -- MarkovChainMC -- 
Limit: r < 2.22418 +/- 0.0271958 @ 95% credibility (15 tries)
Done in 0.19 min (cpu), 0.19 min (real)
Generate toy 160/250

 -- MarkovChainMC -- 
Limit: r < 1.44745 +/- 0.0187329 @ 95% credibility (15 tries)
Done in 0.19 min (cpu), 0.19 min (real)
Generate toy 161/250

 -- MarkovChainMC -- 
Limit: r < 1.49166 +/- 0.0179294 @ 95% credibility (15 tries)
Done in 0.19 min (cpu), 0.19 min (real)
Generate toy 162/250

 -- MarkovChainMC -- 
Limit: r < 1.17092 +/- 0.0257457 @ 95% credibility (15 tries)
Done in 0.19 min (cpu), 0.19 min (real)
Generate toy 163/250

 -- MarkovChainMC -- 
Limit: r < 1.36291 +/- 0.0190039 @ 95% credibility (15 tries)
Done in 0.19 min (cpu), 0.19 min (real)
Generate toy 164/250

 -- MarkovChainMC -- 
Limit: r < 1.58083 +/- 0.0255627 @ 95% credibility (15 tries)
Done in 0.19 min (cpu), 0.19 min (real)
Generate toy 165/250

 -- MarkovChainMC -- 
Limit: r < 1.40834 +/- 0.0255525 @ 95% credibility (15 tries)
Done in 0.19 min (cpu), 0.19 min (real)
Generate toy 166/250

 -- MarkovChainMC -- 
Limit: r < 1.28398 +/- 0.0236112 @ 95% credibility (15 tries)
Done in 0.18 min (cpu), 0.18 min (real)
Generate toy 167/250

 -- MarkovChainMC -- 
Limit: r < 1.52894 +/- 0.0348613 @ 95% credibility (15 tries)
Done in 0.19 min (cpu), 0.19 min (real)
Generate toy 168/250

 -- MarkovChainMC -- 
Limit: r < 2.38965 +/- 0.0207685 @ 95% credibility (15 tries)
Done in 0.19 min (cpu), 0.19 min (real)
Generate toy 169/250

 -- MarkovChainMC -- 
Limit: r < 1.77588 +/- 0.0203275 @ 95% credibility (15 tries)
Done in 0.20 min (cpu), 0.20 min (real)
Generate toy 170/250

 -- MarkovChainMC -- 
Limit: r < 3.35043 +/- 0.0443094 @ 95% credibility (15 tries)
Done in 0.22 min (cpu), 0.23 min (real)
Generate toy 171/250

 -- MarkovChainMC -- 
Limit: r < 1.68047 +/- 0.0307942 @ 95% credibility (15 tries)
Done in 0.23 min (cpu), 0.23 min (real)
Generate toy 172/250

 -- MarkovChainMC -- 
Limit: r < 3.01783 +/- 0.059801 @ 95% credibility (15 tries)
Done in 0.24 min (cpu), 0.24 min (real)
Generate toy 173/250

 -- MarkovChainMC -- 
Limit: r < 1.32479 +/- 0.0358871 @ 95% credibility (15 tries)
Done in 0.23 min (cpu), 0.23 min (real)
Generate toy 174/250

 -- MarkovChainMC -- 
Limit: r < 3.03699 +/- 0.0474347 @ 95% credibility (15 tries)
Done in 0.22 min (cpu), 0.22 min (real)
Generate toy 175/250

 -- MarkovChainMC -- 
Limit: r < 2.26777 +/- 0.0198851 @ 95% credibility (15 tries)
Done in 0.21 min (cpu), 0.21 min (real)
Generate toy 176/250

 -- MarkovChainMC -- 
Limit: r < 1.67378 +/- 0.0466369 @ 95% credibility (15 tries)
Done in 0.19 min (cpu), 0.19 min (real)
Generate toy 177/250

 -- MarkovChainMC -- 
Limit: r < 1.19031 +/- 0.0312692 @ 95% credibility (15 tries)
Done in 0.18 min (cpu), 0.18 min (real)
Generate toy 178/250

 -- MarkovChainMC -- 
Limit: r < 1.6454 +/- 0.0178282 @ 95% credibility (15 tries)
Done in 0.18 min (cpu), 0.18 min (real)
Generate toy 179/250

 -- MarkovChainMC -- 
Limit: r < 1.3242 +/- 0.0200614 @ 95% credibility (15 tries)
Done in 0.18 min (cpu), 0.18 min (real)
Generate toy 180/250

 -- MarkovChainMC -- 
Limit: r < 2.42253 +/- 0.0307349 @ 95% credibility (15 tries)
Done in 0.18 min (cpu), 0.19 min (real)
Generate toy 181/250

 -- MarkovChainMC -- 
Limit: r < 2.59206 +/- 0.0368296 @ 95% credibility (15 tries)
Done in 0.19 min (cpu), 0.19 min (real)
Generate toy 182/250

 -- MarkovChainMC -- 
Limit: r < 2.16939 +/- 0.0447918 @ 95% credibility (15 tries)
Done in 0.18 min (cpu), 0.18 min (real)
Generate toy 183/250

 -- MarkovChainMC -- 
Limit: r < 2.33724 +/- 0.0472741 @ 95% credibility (15 tries)
Done in 0.19 min (cpu), 0.19 min (real)
Generate toy 184/250

 -- MarkovChainMC -- 
Limit: r < 1.90782 +/- 0.0328843 @ 95% credibility (15 tries)
Done in 0.18 min (cpu), 0.18 min (real)
Generate toy 185/250

 -- MarkovChainMC -- 
Limit: r < 2.25848 +/- 0.0285007 @ 95% credibility (15 tries)
Done in 0.18 min (cpu), 0.19 min (real)
Generate toy 186/250

 -- MarkovChainMC -- 
Limit: r < 2.07184 +/- 0.0504474 @ 95% credibility (15 tries)
Done in 0.19 min (cpu), 0.19 min (real)
Generate toy 187/250

 -- MarkovChainMC -- 
Limit: r < 1.20336 +/- 0.0182422 @ 95% credibility (15 tries)
Done in 0.18 min (cpu), 0.18 min (real)
Generate toy 188/250

 -- MarkovChainMC -- 
Limit: r < 1.36301 +/- 0.0392856 @ 95% credibility (15 tries)
Done in 0.18 min (cpu), 0.18 min (real)
Generate toy 189/250

 -- MarkovChainMC -- 
Limit: r < 1.79123 +/- 0.0489486 @ 95% credibility (15 tries)
Done in 0.19 min (cpu), 0.19 min (real)
Generate toy 190/250

 -- MarkovChainMC -- 
Limit: r < 2.17128 +/- 0.0509733 @ 95% credibility (15 tries)
Done in 0.18 min (cpu), 0.19 min (real)
Generate toy 191/250

 -- MarkovChainMC -- 
Limit: r < 1.92481 +/- 0.0335815 @ 95% credibility (15 tries)
Done in 0.18 min (cpu), 0.19 min (real)
Generate toy 192/250

 -- MarkovChainMC -- 
Limit: r < 1.06864 +/- 0.0234224 @ 95% credibility (15 tries)
Done in 0.18 min (cpu), 0.18 min (real)
Generate toy 193/250

 -- MarkovChainMC -- 
Limit: r < 1.8005 +/- 0.0274258 @ 95% credibility (15 tries)
Done in 0.18 min (cpu), 0.18 min (real)
Generate toy 194/250

 -- MarkovChainMC -- 
Limit: r < 1.78295 +/- 0.0314419 @ 95% credibility (15 tries)
Done in 0.19 min (cpu), 0.19 min (real)
Generate toy 195/250

 -- MarkovChainMC -- 
Limit: r < 3.16316 +/- 0.0497334 @ 95% credibility (15 tries)
Done in 0.19 min (cpu), 0.19 min (real)
Generate toy 196/250

 -- MarkovChainMC -- 
Limit: r < 2.54632 +/- 0.0628605 @ 95% credibility (15 tries)
Done in 0.19 min (cpu), 0.19 min (real)
Generate toy 197/250

 -- MarkovChainMC -- 
Limit: r < 1.37754 +/- 0.0488668 @ 95% credibility (15 tries)
Done in 0.18 min (cpu), 0.18 min (real)
Generate toy 198/250

 -- MarkovChainMC -- 
Limit: r < 1.42476 +/- 0.0197604 @ 95% credibility (15 tries)
Done in 0.18 min (cpu), 0.19 min (real)
Generate toy 199/250

 -- MarkovChainMC -- 
Limit: r < 2.60313 +/- 0.039195 @ 95% credibility (15 tries)
Done in 0.19 min (cpu), 0.19 min (real)
Generate toy 200/250

 -- MarkovChainMC -- 
Limit: r < 2.5884 +/- 0.0550438 @ 95% credibility (15 tries)
Done in 0.19 min (cpu), 0.19 min (real)
Generate toy 201/250

 -- MarkovChainMC -- 
Limit: r < 1.49067 +/- 0.0184838 @ 95% credibility (15 tries)
Done in 0.18 min (cpu), 0.18 min (real)
Generate toy 202/250

 -- MarkovChainMC -- 
Limit: r < 3.42506 +/- 0.0509517 @ 95% credibility (15 tries)
Done in 0.19 min (cpu), 0.19 min (real)
Generate toy 203/250

 -- MarkovChainMC -- 
Limit: r < 2.15311 +/- 0.0412743 @ 95% credibility (15 tries)
Done in 0.19 min (cpu), 0.19 min (real)
Generate toy 204/250

 -- MarkovChainMC -- 
Limit: r < 1.55887 +/- 0.0305423 @ 95% credibility (15 tries)
Done in 0.19 min (cpu), 0.19 min (real)
Generate toy 205/250

 -- MarkovChainMC -- 
Limit: r < 1.36622 +/- 0.0278525 @ 95% credibility (15 tries)
Done in 0.19 min (cpu), 0.19 min (real)
Generate toy 206/250

 -- MarkovChainMC -- 
Limit: r < 2.05726 +/- 0.0326298 @ 95% credibility (15 tries)
Done in 0.19 min (cpu), 0.19 min (real)
Generate toy 207/250

 -- MarkovChainMC -- 
Limit: r < 1.55691 +/- 0.0319845 @ 95% credibility (15 tries)
Done in 0.19 min (cpu), 0.19 min (real)
Generate toy 208/250

 -- MarkovChainMC -- 
Limit: r < 1.93644 +/- 0.0401593 @ 95% credibility (15 tries)
Done in 0.19 min (cpu), 0.19 min (real)
Generate toy 209/250

 -- MarkovChainMC -- 
Limit: r < 1.84395 +/- 0.0291905 @ 95% credibility (15 tries)
Done in 0.19 min (cpu), 0.19 min (real)
Generate toy 210/250

 -- MarkovChainMC -- 
Limit: r < 2.17593 +/- 0.0304883 @ 95% credibility (15 tries)
Done in 0.19 min (cpu), 0.19 min (real)
Generate toy 211/250

 -- MarkovChainMC -- 
Limit: r < 1.77768 +/- 0.0322036 @ 95% credibility (15 tries)
Done in 0.19 min (cpu), 0.19 min (real)
Generate toy 212/250

 -- MarkovChainMC -- 
Limit: r < 1.35113 +/- 0.0269029 @ 95% credibility (15 tries)
Done in 0.18 min (cpu), 0.18 min (real)
Generate toy 213/250

 -- MarkovChainMC -- 
Limit: r < 1.25438 +/- 0.0241845 @ 95% credibility (15 tries)
Done in 0.19 min (cpu), 0.19 min (real)
Generate toy 214/250

 -- MarkovChainMC -- 
Limit: r < 1.49516 +/- 0.034948 @ 95% credibility (15 tries)
Done in 0.18 min (cpu), 0.18 min (real)
Generate toy 215/250

 -- MarkovChainMC -- 
Limit: r < 1.7068 +/- 0.0210005 @ 95% credibility (15 tries)
Done in 0.18 min (cpu), 0.18 min (real)
Generate toy 216/250

 -- MarkovChainMC -- 
Limit: r < 1.74185 +/- 0.0425422 @ 95% credibility (15 tries)
Done in 0.19 min (cpu), 0.19 min (real)
Generate toy 217/250

 -- MarkovChainMC -- 
Limit: r < 2.05183 +/- 0.0526304 @ 95% credibility (15 tries)
Done in 0.18 min (cpu), 0.18 min (real)
Generate toy 218/250

 -- MarkovChainMC -- 
Limit: r < 2.44094 +/- 0.0471378 @ 95% credibility (15 tries)
Done in 0.19 min (cpu), 0.19 min (real)
Generate toy 219/250

 -- MarkovChainMC -- 
Limit: r < 2.04449 +/- 0.0369968 @ 95% credibility (15 tries)
Done in 0.19 min (cpu), 0.19 min (real)
Generate toy 220/250

 -- MarkovChainMC -- 
Limit: r < 1.83209 +/- 0.0417833 @ 95% credibility (15 tries)
Done in 0.18 min (cpu), 0.18 min (real)
Generate toy 221/250

 -- MarkovChainMC -- 
Limit: r < 2.19871 +/- 0.0315621 @ 95% credibility (15 tries)
Done in 0.19 min (cpu), 0.19 min (real)
Generate toy 222/250

 -- MarkovChainMC -- 
Limit: r < 1.53963 +/- 0.0406816 @ 95% credibility (15 tries)
Done in 0.18 min (cpu), 0.18 min (real)
Generate toy 223/250

 -- MarkovChainMC -- 
Limit: r < 0.990604 +/- 0.0231008 @ 95% credibility (15 tries)
Done in 0.18 min (cpu), 0.18 min (real)
Generate toy 224/250

 -- MarkovChainMC -- 
Limit: r < 1.75387 +/- 0.0198818 @ 95% credibility (15 tries)
Done in 0.21 min (cpu), 0.21 min (real)
Generate toy 225/250

 -- MarkovChainMC -- 
Limit: r < 1.10733 +/- 0.0287216 @ 95% credibility (15 tries)
Done in 0.21 min (cpu), 0.22 min (real)
Generate toy 226/250

 -- MarkovChainMC -- 
Limit: r < 2.15402 +/- 0.0339322 @ 95% credibility (15 tries)
Done in 0.20 min (cpu), 0.20 min (real)
Generate toy 227/250

 -- MarkovChainMC -- 
Limit: r < 1.12763 +/- 0.0387668 @ 95% credibility (15 tries)
Done in 0.20 min (cpu), 0.20 min (real)
Generate toy 228/250

 -- MarkovChainMC -- 
Limit: r < 1.45753 +/- 0.0253926 @ 95% credibility (15 tries)
Done in 0.19 min (cpu), 0.19 min (real)
Generate toy 229/250

 -- MarkovChainMC -- 
Limit: r < 1.27907 +/- 0.0352425 @ 95% credibility (15 tries)
Done in 0.19 min (cpu), 0.19 min (real)
Generate toy 230/250

 -- MarkovChainMC -- 
Limit: r < 1.28816 +/- 0.0171108 @ 95% credibility (15 tries)
Done in 0.19 min (cpu), 0.19 min (real)
Generate toy 231/250

 -- MarkovChainMC -- 
Limit: r < 2.56353 +/- 0.0254287 @ 95% credibility (15 tries)
Done in 0.20 min (cpu), 0.20 min (real)
Generate toy 232/250

 -- MarkovChainMC -- 
Limit: r < 1.96775 +/- 0.0150932 @ 95% credibility (15 tries)
Done in 0.19 min (cpu), 0.19 min (real)
Generate toy 233/250

 -- MarkovChainMC -- 
Limit: r < 1.2091 +/- 0.0326449 @ 95% credibility (15 tries)
Done in 0.19 min (cpu), 0.19 min (real)
Generate toy 234/250

 -- MarkovChainMC -- 
Limit: r < 1.33845 +/- 0.0423437 @ 95% credibility (15 tries)
Done in 0.19 min (cpu), 0.19 min (real)
Generate toy 235/250

 -- MarkovChainMC -- 
Limit: r < 1.20115 +/- 0.0167034 @ 95% credibility (15 tries)
Done in 0.19 min (cpu), 0.19 min (real)
Generate toy 236/250

 -- MarkovChainMC -- 
Limit: r < 1.53617 +/- 0.0171036 @ 95% credibility (15 tries)
Done in 0.19 min (cpu), 0.19 min (real)
Generate toy 237/250

 -- MarkovChainMC -- 
Limit: r < 2.23366 +/- 0.0446785 @ 95% credibility (15 tries)
Done in 0.19 min (cpu), 0.19 min (real)
Generate toy 238/250

 -- MarkovChainMC -- 
Limit: r < 1.02793 +/- 0.0240387 @ 95% credibility (15 tries)
Done in 0.18 min (cpu), 0.18 min (real)
Generate toy 239/250

 -- MarkovChainMC -- 
Limit: r < 2.47244 +/- 0.0255623 @ 95% credibility (15 tries)
Done in 0.19 min (cpu), 0.19 min (real)
Generate toy 240/250

 -- MarkovChainMC -- 
Limit: r < 1.66417 +/- 0.0341858 @ 95% credibility (15 tries)
Done in 0.19 min (cpu), 0.19 min (real)
Generate toy 241/250

 -- MarkovChainMC -- 
Limit: r < 2.08824 +/- 0.0344503 @ 95% credibility (15 tries)
Done in 0.21 min (cpu), 0.21 min (real)
Generate toy 242/250

 -- MarkovChainMC -- 
Limit: r < 1.88794 +/- 0.0396732 @ 95% credibility (15 tries)
Done in 0.21 min (cpu), 0.21 min (real)
Generate toy 243/250

 -- MarkovChainMC -- 
Limit: r < 2.50206 +/- 0.0559371 @ 95% credibility (15 tries)
Done in 0.21 min (cpu), 0.21 min (real)
Generate toy 244/250

 -- MarkovChainMC -- 
Limit: r < 2.65395 +/- 0.040775 @ 95% credibility (15 tries)
Done in 0.21 min (cpu), 0.21 min (real)
Generate toy 245/250

 -- MarkovChainMC -- 
Limit: r < 1.79888 +/- 0.0517658 @ 95% credibility (15 tries)
Done in 0.20 min (cpu), 0.20 min (real)
Generate toy 246/250

 -- MarkovChainMC -- 
Limit: r < 2.55202 +/- 0.0315522 @ 95% credibility (15 tries)
Done in 0.20 min (cpu), 0.21 min (real)
Generate toy 247/250

 -- MarkovChainMC -- 
Limit: r < 1.31119 +/- 0.0472249 @ 95% credibility (15 tries)
Done in 0.20 min (cpu), 0.20 min (real)
Generate toy 248/250

 -- MarkovChainMC -- 
Limit: r < 2.05013 +/- 0.0217303 @ 95% credibility (15 tries)
Done in 0.21 min (cpu), 0.21 min (real)
Generate toy 249/250

 -- MarkovChainMC -- 
Limit: r < 0.906941 +/- 0.0215137 @ 95% credibility (15 tries)
Done in 0.20 min (cpu), 0.20 min (real)
Generate toy 250/250

 -- MarkovChainMC -- 
Limit: r < 2.84756 +/- 0.0254565 @ 95% credibility (15 tries)
Done in 0.21 min (cpu), 0.21 min (real)
mean   expected limit: r < 1.83377 +/- 0.0377284 @ 95%CL (250 toyMC)
median expected limit: r < 1.76343 @ 95%CL (250 toyMC)
   68% expected band : 1.2091 < r < 2.44175
   95% expected band : 0.990314 < r < 3.35043
