 <<< Combine >>> 
 <<< v10.0.2 >>>
>>> Used OpenSSL to get a truly random seed 731469499
>>> Method used is MarkovChainMC
============================================================
Analyzing bin errors for: prop_binmuon22
Poisson cut-off: 10
Processes excluded for sums: Wprime6000_kR2
============================================================
Bin        Contents        Error           Notes                         
0          5490.537720     14.389620       total sum                     
0          5489.009974     14.389572       excluding marked processes    
0          145510.000000   381.457730      Unweighted events, alpha=0.037733
  => Total parameter prop_binmuon22_bin0[0.00,-7.00,7.00] to be Gaussian constrained
------------------------------------------------------------
1          2092.836225     7.507900        total sum                     
1          2091.469679     7.507819        excluding marked processes    
1          77602.000000    278.571355      Unweighted events, alpha=0.026969
  => Total parameter prop_binmuon22_bin1[0.00,-7.00,7.00] to be Gaussian constrained
------------------------------------------------------------
2          926.561861      5.743350        total sum                     
2          925.287269      5.743251        excluding marked processes    
2          25956.000000    161.108659      Unweighted events, alpha=0.035697
  => Total parameter prop_binmuon22_bin2[0.00,-7.00,7.00] to be Gaussian constrained
------------------------------------------------------------
3          463.851498      3.622222        total sum                     
3          462.717279      3.622082        excluding marked processes    
3          16320.000000    127.749755      Unweighted events, alpha=0.028422
  => Total parameter prop_binmuon22_bin3[0.00,-7.00,7.00] to be Gaussian constrained
------------------------------------------------------------
4          241.250296      1.534100        total sum                     
4          240.228093      1.533810        excluding marked processes    
4          24530.000000    156.620561      Unweighted events, alpha=0.009835
  => Total parameter prop_binmuon22_bin4[0.00,-7.00,7.00] to be Gaussian constrained
------------------------------------------------------------
5          139.983402      1.743126        total sum                     
5          139.121722      1.742909        excluding marked processes    
5          6371.000000     79.818544       Unweighted events, alpha=0.021972
  => Total parameter prop_binmuon22_bin5[0.00,-7.00,7.00] to be Gaussian constrained
------------------------------------------------------------
6          134.333813      1.065295        total sum                     
6          132.798509      1.064641        excluding marked processes    
6          15559.000000    124.735721      Unweighted events, alpha=0.008634
  => Total parameter prop_binmuon22_bin6[0.00,-7.00,7.00] to be Gaussian constrained
------------------------------------------------------------
7          53.035298       0.722337        total sum                     
7          51.876344       0.721630        excluding marked processes    
7          5168.000000     71.888803       Unweighted events, alpha=0.010262
  => Total parameter prop_binmuon22_bin7[0.00,-7.00,7.00] to be Gaussian constrained
------------------------------------------------------------
8          30.622939       0.470074        total sum                     
8          29.337675       0.468872        excluding marked processes    
8          3915.000000     62.569961       Unweighted events, alpha=0.007822
  => Total parameter prop_binmuon22_bin8[0.00,-7.00,7.00] to be Gaussian constrained
------------------------------------------------------------
9          10.870182       0.335732        total sum                     
9          9.941359        0.334523        excluding marked processes    
9          883.000000      29.715316       Unweighted events, alpha=0.012311
  => Total parameter prop_binmuon22_bin9[0.00,-7.00,7.00] to be Gaussian constrained
------------------------------------------------------------
10         5.083679        0.109248        total sum                     
10         4.165375        0.105525        excluding marked processes    
10         1558.000000     39.471509       Unweighted events, alpha=0.003263
  => Total parameter prop_binmuon22_bin10[0.00,-7.00,7.00] to be Gaussian constrained
------------------------------------------------------------
11         2.679108        0.219992        total sum                     
11         1.762132        0.218174        excluding marked processes    
11         65.000000       8.062258        Unweighted events, alpha=0.041217
  => Total parameter prop_binmuon22_bin11[0.00,-7.00,7.00] to be Gaussian constrained
------------------------------------------------------------
12         0.943276        0.024239        total sum                     
12         0.276349        0.001778        excluding marked processes    
12         24153.000000    155.412355      Unweighted events, alpha=0.000039
  => Total parameter prop_binmuon22_bin12[0.00,-7.00,7.00] to be Gaussian constrained
------------------------------------------------------------
13         1.222420        0.032032        total sum                     
13         0.085750        0.001214        excluding marked processes    
13         4991.000000     70.647010       Unweighted events, alpha=0.000245
  => Total parameter prop_binmuon22_bin13[0.00,-7.00,7.00] to be Gaussian constrained
------------------------------------------------------------
14         0.562911        0.022046        total sum                     
14         0.007105        0.001511        excluding marked processes    
14         22.000000       4.690416        Unweighted events, alpha=0.025587
  => Total parameter prop_binmuon22_bin14[0.00,-7.00,7.00] to be Gaussian constrained
------------------------------------------------------------
15         0.159153        0.011542        total sum                     
15         0.001078        0.000054        excluding marked processes    
15         404.000000      20.099751       Unweighted events, alpha=0.000394
  => Total parameter prop_binmuon22_bin15[0.00,-7.00,7.00] to be Gaussian constrained
------------------------------------------------------------
============================================================
Analyzing bin errors for: prop_binmuon23
Poisson cut-off: 10
Processes excluded for sums: Wprime6000_kR2
============================================================
Bin        Contents        Error           Notes                         
0          4246.956780     16.603231       total sum                     
0          4245.728997     16.603213       excluding marked processes    
0          65391.000000    255.716640      Unweighted events, alpha=0.064947
  => Total parameter prop_binmuon23_bin0[0.00,-7.00,7.00] to be Gaussian constrained
------------------------------------------------------------
1          1622.221685     7.828089        total sum                     
1          1621.101079     7.828053        excluding marked processes    
1          42886.000000    207.089353      Unweighted events, alpha=0.037826
  => Total parameter prop_binmuon23_bin1[0.00,-7.00,7.00] to be Gaussian constrained
------------------------------------------------------------
2          722.406366      4.795566        total sum                     
2          721.396648      4.795515        excluding marked processes    
2          22630.000000    150.432709      Unweighted events, alpha=0.031923
  => Total parameter prop_binmuon23_bin2[0.00,-7.00,7.00] to be Gaussian constrained
------------------------------------------------------------
3          360.174619      3.009427        total sum                     
3          359.285774      3.009355        excluding marked processes    
3          14254.000000    119.390117      Unweighted events, alpha=0.025268
  => Total parameter prop_binmuon23_bin3[0.00,-7.00,7.00] to be Gaussian constrained
------------------------------------------------------------
4          191.990513      3.360935        total sum                     
4          191.190097      3.360877        excluding marked processes    
4          3236.000000     56.885851       Unweighted events, alpha=0.059330
  => Total parameter prop_binmuon23_bin4[0.00,-7.00,7.00] to be Gaussian constrained
------------------------------------------------------------
5          112.923754      1.192256        total sum                     
5          112.217111      1.192110        excluding marked processes    
5          8861.000000     94.132885       Unweighted events, alpha=0.012744
  => Total parameter prop_binmuon23_bin5[0.00,-7.00,7.00] to be Gaussian constrained
------------------------------------------------------------
6          108.308999      1.524266        total sum                     
6          107.129583      1.524073        excluding marked processes    
6          4941.000000     70.292247       Unweighted events, alpha=0.021920
  => Total parameter prop_binmuon23_bin6[0.00,-7.00,7.00] to be Gaussian constrained
------------------------------------------------------------
7          42.063919       0.658285        total sum                     
7          41.104515       0.657922        excluding marked processes    
7          3903.000000     62.473995       Unweighted events, alpha=0.010777
  => Total parameter prop_binmuon23_bin7[0.00,-7.00,7.00] to be Gaussian constrained
------------------------------------------------------------
8          24.532495       0.587512        total sum                     
8          23.449391       0.587056        excluding marked processes    
8          1596.000000     39.949969       Unweighted events, alpha=0.015371
  => Total parameter prop_binmuon23_bin8[0.00,-7.00,7.00] to be Gaussian constrained
------------------------------------------------------------
9          9.126407        0.395041        total sum                     
9          8.355840        0.394559        excluding marked processes    
9          448.000000      21.166010       Unweighted events, alpha=0.020371
  => Total parameter prop_binmuon23_bin9[0.00,-7.00,7.00] to be Gaussian constrained
------------------------------------------------------------
10         4.261466        0.252631        total sum                     
10         3.506378        0.251887        excluding marked processes    
10         194.000000      13.928388       Unweighted events, alpha=0.021966
  => Total parameter prop_binmuon23_bin10[0.00,-7.00,7.00] to be Gaussian constrained
------------------------------------------------------------
11         2.126159        0.181237        total sum                     
11         1.363219        0.180174        excluding marked processes    
11         57.000000       7.549834        Unweighted events, alpha=0.037301
  => Total parameter prop_binmuon23_bin11[0.00,-7.00,7.00] to be Gaussian constrained
------------------------------------------------------------
12         1.043982        0.289510        total sum                     
12         0.530791        0.289065        excluding marked processes    
12         3.000000        1.732051        Unweighted events, alpha=0.347994
  => Number of weighted events is below Poisson threshold
    Wprime6000_kR2       0.513191        0.016044                                      
                         1023.000000     31.984371       Unweighted events, alpha=0.000502
      => Parameter prop_binmuon23_bin12_Wprime6000_kR2[0.00,-7.00,7.00] to be Gaussian constrained
  ----------------------------------------------------------
    W_boson              0.216692        0.001181                                      
                         33653.000000    183.447540      Unweighted events, alpha=0.000006
      => Parameter prop_binmuon23_bin12_W_boson[0.00,-7.00,7.00] to be Gaussian constrained
  ----------------------------------------------------------
    Top                  0.000000        0.000000                                      
      => Error is zero, ignore      
  ----------------------------------------------------------
    Z_boson              0.004094        0.000500                                      
                         67.000000       8.185353        Unweighted events, alpha=0.000061
      => Parameter prop_binmuon23_bin12_Z_boson[0.00,-7.00,7.00] to be Gaussian constrained
  ----------------------------------------------------------
    DiBoson              0.288910        0.288561                                      
                         1.000000        1.000000        Unweighted events, alpha=0.288910
      => Product of prop_binmuon23_bin12_DiBoson[1.00,0.00,30.85] and const [1.0000] to be Poisson constrained
  ----------------------------------------------------------
    QCD                  0.021095        0.017013                                      
                         2.000000        1.414214        Unweighted events, alpha=0.010547
      => Product of prop_binmuon23_bin12_QCD[2.00,0.00,33.79] and const [0.5000] to be Poisson constrained
  ----------------------------------------------------------
------------------------------------------------------------
13         0.928129        0.020760        total sum                     
13         0.067145        0.000584        excluding marked processes    
13         13239.000000    115.060853      Unweighted events, alpha=0.000070
  => Total parameter prop_binmuon23_bin13[0.00,-7.00,7.00] to be Gaussian constrained
------------------------------------------------------------
14         0.461674        0.015050        total sum                     
14         0.003967        0.000043        excluding marked processes    
14         8482.000000     92.097774       Unweighted events, alpha=0.000054
  => Total parameter prop_binmuon23_bin14[0.00,-7.00,7.00] to be Gaussian constrained
------------------------------------------------------------
15         0.144628        0.009203        total sum                     
15         0.005625        0.003835        excluding marked processes    
15         2.000000        1.414214        Unweighted events, alpha=0.072314
  => Number of weighted events is below Poisson threshold
    Wprime6000_kR2       0.139003        0.008366                                      
                         276.000000      16.613248       Unweighted events, alpha=0.000504
      => Parameter prop_binmuon23_bin15_Wprime6000_kR2[0.00,-7.00,7.00] to be Gaussian constrained
  ----------------------------------------------------------
    W_boson              0.000849        0.000021                                      
                         1670.000000     40.865633       Unweighted events, alpha=0.000001
      => Parameter prop_binmuon23_bin15_W_boson[0.00,-7.00,7.00] to be Gaussian constrained
  ----------------------------------------------------------
    Top                  0.000000        0.000000                                      
      => Error is zero, ignore      
  ----------------------------------------------------------
    Z_boson              0.000011        0.000003                                      
                         16.000000       4.000000        Unweighted events, alpha=0.000001
      => Parameter prop_binmuon23_bin15_Z_boson[0.00,-7.00,7.00] to be Gaussian constrained
  ----------------------------------------------------------
    DiBoson              0.000000        0.000000                                      
      => Error is zero, ignore      
  ----------------------------------------------------------
    QCD                  0.004765        0.003834                                      
                         2.000000        1.414214        Unweighted events, alpha=0.002383
      => Product of prop_binmuon23_bin15_QCD[2.00,0.00,33.79] and const [0.5000] to be Poisson constrained
  ----------------------------------------------------------
------------------------------------------------------------
Channel muon22 will use autoMCStats with settings: event-threshold=10, include-signal=0, hist-mode=1
Channel muon23 will use autoMCStats with settings: event-threshold=10, include-signal=0, hist-mode=1
Generate toy 1/250

 -- MarkovChainMC -- 
Limit: r < 0.612918 +/- 0.0132283 @ 95% credibility (15 tries)
Done in 0.25 min (cpu), 0.25 min (real)
Generate toy 2/250

 -- MarkovChainMC -- 
Limit: r < 1.12247 +/- 0.00938005 @ 95% credibility (15 tries)
Done in 0.25 min (cpu), 0.25 min (real)
Generate toy 3/250

 -- MarkovChainMC -- 
Limit: r < 0.597186 +/- 0.00664069 @ 95% credibility (15 tries)
Done in 0.25 min (cpu), 0.25 min (real)
Generate toy 4/250

 -- MarkovChainMC -- 
Limit: r < 0.4725 +/- 0.00788354 @ 95% credibility (15 tries)
Done in 0.24 min (cpu), 0.24 min (real)
Generate toy 5/250

 -- MarkovChainMC -- 
Limit: r < 0.915282 +/- 0.0127147 @ 95% credibility (15 tries)
Done in 0.24 min (cpu), 0.24 min (real)
Generate toy 6/250

 -- MarkovChainMC -- 
Limit: r < 0.57683 +/- 0.00879307 @ 95% credibility (15 tries)
Done in 0.24 min (cpu), 0.24 min (real)
Generate toy 7/250

 -- MarkovChainMC -- 
Limit: r < 1.05299 +/- 0.0122351 @ 95% credibility (15 tries)
Done in 0.24 min (cpu), 0.24 min (real)
Generate toy 8/250

 -- MarkovChainMC -- 
Limit: r < 0.739351 +/- 0.0141533 @ 95% credibility (15 tries)
Done in 0.24 min (cpu), 0.24 min (real)
Generate toy 9/250

 -- MarkovChainMC -- 
Limit: r < 0.633908 +/- 0.00746115 @ 95% credibility (15 tries)
Done in 0.25 min (cpu), 0.25 min (real)
Generate toy 10/250

 -- MarkovChainMC -- 
Limit: r < 0.713905 +/- 0.00613456 @ 95% credibility (15 tries)
Done in 0.25 min (cpu), 0.25 min (real)
Generate toy 11/250

 -- MarkovChainMC -- 
Limit: r < 0.742085 +/- 0.0152369 @ 95% credibility (15 tries)
Done in 0.25 min (cpu), 0.25 min (real)
Generate toy 12/250

 -- MarkovChainMC -- 
Limit: r < 0.600901 +/- 0.00817031 @ 95% credibility (15 tries)
Done in 0.24 min (cpu), 0.24 min (real)
Generate toy 13/250

 -- MarkovChainMC -- 
Limit: r < 0.632776 +/- 0.0211568 @ 95% credibility (15 tries)
Done in 0.23 min (cpu), 0.24 min (real)
Generate toy 14/250

 -- MarkovChainMC -- 
Limit: r < 0.941118 +/- 0.00714076 @ 95% credibility (15 tries)
Done in 0.25 min (cpu), 0.25 min (real)
Generate toy 15/250

 -- MarkovChainMC -- 
Limit: r < 0.946937 +/- 0.0125304 @ 95% credibility (15 tries)
Done in 0.23 min (cpu), 0.23 min (real)
Generate toy 16/250

 -- MarkovChainMC -- 
Limit: r < 0.874212 +/- 0.01029 @ 95% credibility (15 tries)
Done in 0.24 min (cpu), 0.24 min (real)
Generate toy 17/250

 -- MarkovChainMC -- 
Limit: r < 0.913813 +/- 0.00722429 @ 95% credibility (15 tries)
Done in 0.24 min (cpu), 0.24 min (real)
Generate toy 18/250

 -- MarkovChainMC -- 
Limit: r < 0.71339 +/- 0.00473988 @ 95% credibility (15 tries)
Done in 0.23 min (cpu), 0.23 min (real)
Generate toy 19/250

 -- MarkovChainMC -- 
Limit: r < 0.470522 +/- 0.00444823 @ 95% credibility (15 tries)
Done in 0.23 min (cpu), 0.23 min (real)
Generate toy 20/250

 -- MarkovChainMC -- 
Limit: r < 0.743003 +/- 0.00787781 @ 95% credibility (15 tries)
Done in 0.26 min (cpu), 0.26 min (real)
Generate toy 21/250

 -- MarkovChainMC -- 
Limit: r < 0.657786 +/- 0.00993085 @ 95% credibility (15 tries)
Done in 0.23 min (cpu), 0.23 min (real)
Generate toy 22/250

 -- MarkovChainMC -- 
Limit: r < 1.02128 +/- 0.00712769 @ 95% credibility (15 tries)
Done in 0.27 min (cpu), 0.27 min (real)
Generate toy 23/250

 -- MarkovChainMC -- 
Limit: r < 0.725156 +/- 0.012185 @ 95% credibility (15 tries)
Done in 0.25 min (cpu), 0.25 min (real)
Generate toy 24/250

 -- MarkovChainMC -- 
Limit: r < 0.538517 +/- 0.00644801 @ 95% credibility (15 tries)
Done in 0.23 min (cpu), 0.23 min (real)
Generate toy 25/250

 -- MarkovChainMC -- 
Limit: r < 0.818572 +/- 0.0160115 @ 95% credibility (15 tries)
Done in 0.25 min (cpu), 0.25 min (real)
Generate toy 26/250

 -- MarkovChainMC -- 
Limit: r < 0.788594 +/- 0.00973366 @ 95% credibility (15 tries)
Done in 0.26 min (cpu), 0.26 min (real)
Generate toy 27/250

 -- MarkovChainMC -- 
Limit: r < 0.792446 +/- 0.0151429 @ 95% credibility (15 tries)
Done in 0.31 min (cpu), 0.32 min (real)
Generate toy 28/250

 -- MarkovChainMC -- 
Limit: r < 0.515022 +/- 0.0091189 @ 95% credibility (15 tries)
Done in 0.29 min (cpu), 0.29 min (real)
Generate toy 29/250

 -- MarkovChainMC -- 
Limit: r < 1.24183 +/- 0.017191 @ 95% credibility (15 tries)
Done in 0.27 min (cpu), 0.27 min (real)
Generate toy 30/250

 -- MarkovChainMC -- 
Limit: r < 0.691573 +/- 0.0114559 @ 95% credibility (15 tries)
Done in 0.25 min (cpu), 0.25 min (real)
Generate toy 31/250

 -- MarkovChainMC -- 
Limit: r < 0.549884 +/- 0.00928279 @ 95% credibility (15 tries)
Done in 0.23 min (cpu), 0.23 min (real)
Generate toy 32/250

 -- MarkovChainMC -- 
Limit: r < 0.838391 +/- 0.0156442 @ 95% credibility (15 tries)
Done in 0.23 min (cpu), 0.23 min (real)
Generate toy 33/250

 -- MarkovChainMC -- 
Limit: r < 0.670941 +/- 0.00838176 @ 95% credibility (15 tries)
Done in 0.27 min (cpu), 0.27 min (real)
Generate toy 34/250

 -- MarkovChainMC -- 
Limit: r < 0.733985 +/- 0.0147129 @ 95% credibility (15 tries)
Done in 0.23 min (cpu), 0.23 min (real)
Generate toy 35/250

 -- MarkovChainMC -- 
Limit: r < 0.807198 +/- 0.0164718 @ 95% credibility (15 tries)
Done in 0.23 min (cpu), 0.23 min (real)
Generate toy 36/250

 -- MarkovChainMC -- 
Limit: r < 0.613676 +/- 0.00902009 @ 95% credibility (15 tries)
Done in 0.22 min (cpu), 0.22 min (real)
Generate toy 37/250

 -- MarkovChainMC -- 
Limit: r < 0.670286 +/- 0.00720728 @ 95% credibility (15 tries)
Done in 0.23 min (cpu), 0.23 min (real)
Generate toy 38/250

 -- MarkovChainMC -- 
Limit: r < 0.625732 +/- 0.00716763 @ 95% credibility (15 tries)
Done in 0.23 min (cpu), 0.23 min (real)
Generate toy 39/250

 -- MarkovChainMC -- 
Limit: r < 0.715092 +/- 0.0131101 @ 95% credibility (15 tries)
Done in 0.23 min (cpu), 0.23 min (real)
Generate toy 40/250

 -- MarkovChainMC -- 
Limit: r < 0.644946 +/- 0.0123857 @ 95% credibility (15 tries)
Done in 0.24 min (cpu), 0.24 min (real)
Generate toy 41/250

 -- MarkovChainMC -- 
Limit: r < 0.73807 +/- 0.00817942 @ 95% credibility (15 tries)
Done in 0.23 min (cpu), 0.23 min (real)
Generate toy 42/250

 -- MarkovChainMC -- 
Limit: r < 0.746419 +/- 0.00680335 @ 95% credibility (15 tries)
Done in 0.23 min (cpu), 0.23 min (real)
Generate toy 43/250

 -- MarkovChainMC -- 
Limit: r < 0.836413 +/- 0.0132682 @ 95% credibility (15 tries)
Done in 0.23 min (cpu), 0.24 min (real)
Generate toy 44/250

 -- MarkovChainMC -- 
Limit: r < 0.634257 +/- 0.00381228 @ 95% credibility (15 tries)
Done in 0.22 min (cpu), 0.22 min (real)
Generate toy 45/250

 -- MarkovChainMC -- 
Limit: r < 0.748204 +/- 0.00620539 @ 95% credibility (15 tries)
Done in 0.22 min (cpu), 0.23 min (real)
Generate toy 46/250

 -- MarkovChainMC -- 
Limit: r < 0.521218 +/- 0.00880887 @ 95% credibility (15 tries)
Done in 0.22 min (cpu), 0.22 min (real)
Generate toy 47/250

 -- MarkovChainMC -- 
Limit: r < 0.516232 +/- 0.00823179 @ 95% credibility (15 tries)
Done in 0.23 min (cpu), 0.23 min (real)
Generate toy 48/250

 -- MarkovChainMC -- 
Limit: r < 0.551474 +/- 0.0102061 @ 95% credibility (15 tries)
Done in 0.22 min (cpu), 0.22 min (real)
Generate toy 49/250

 -- MarkovChainMC -- 
Limit: r < 0.671433 +/- 0.00746565 @ 95% credibility (15 tries)
Done in 0.22 min (cpu), 0.23 min (real)
Generate toy 50/250

 -- MarkovChainMC -- 
Limit: r < 0.690005 +/- 0.0077393 @ 95% credibility (15 tries)
Done in 0.23 min (cpu), 0.23 min (real)
Generate toy 51/250

 -- MarkovChainMC -- 
Limit: r < 1.12158 +/- 0.0160519 @ 95% credibility (15 tries)
Done in 0.26 min (cpu), 0.26 min (real)
Generate toy 52/250

 -- MarkovChainMC -- 
Limit: r < 0.630945 +/- 0.00629245 @ 95% credibility (15 tries)
Done in 0.22 min (cpu), 0.22 min (real)
Generate toy 53/250

 -- MarkovChainMC -- 
Limit: r < 0.64328 +/- 0.00498274 @ 95% credibility (15 tries)
Done in 0.22 min (cpu), 0.22 min (real)
Generate toy 54/250

 -- MarkovChainMC -- 
Limit: r < 0.99498 +/- 0.0120374 @ 95% credibility (15 tries)
Done in 0.23 min (cpu), 0.23 min (real)
Generate toy 55/250

 -- MarkovChainMC -- 
Limit: r < 0.702103 +/- 0.0107952 @ 95% credibility (15 tries)
Done in 0.22 min (cpu), 0.23 min (real)
Generate toy 56/250

 -- MarkovChainMC -- 
Limit: r < 0.739453 +/- 0.0064731 @ 95% credibility (15 tries)
Done in 0.22 min (cpu), 0.22 min (real)
Generate toy 57/250

 -- MarkovChainMC -- 
Limit: r < 0.587529 +/- 0.00976743 @ 95% credibility (15 tries)
Done in 0.22 min (cpu), 0.22 min (real)
Generate toy 58/250

 -- MarkovChainMC -- 
Limit: r < 0.701179 +/- 0.00882664 @ 95% credibility (15 tries)
Done in 0.24 min (cpu), 0.24 min (real)
Generate toy 59/250

 -- MarkovChainMC -- 
Limit: r < 0.787165 +/- 0.00669174 @ 95% credibility (15 tries)
Done in 0.24 min (cpu), 0.24 min (real)
Generate toy 60/250

 -- MarkovChainMC -- 
Limit: r < 1.0332 +/- 0.00983605 @ 95% credibility (15 tries)
Done in 0.26 min (cpu), 0.26 min (real)
Generate toy 61/250

 -- MarkovChainMC -- 
Limit: r < 0.875015 +/- 0.0135973 @ 95% credibility (15 tries)
Done in 0.23 min (cpu), 0.23 min (real)
Generate toy 62/250

 -- MarkovChainMC -- 
Limit: r < 0.498696 +/- 0.00972639 @ 95% credibility (15 tries)
Done in 0.22 min (cpu), 0.22 min (real)
Generate toy 63/250

 -- MarkovChainMC -- 
Limit: r < 0.970616 +/- 0.0161225 @ 95% credibility (15 tries)
Done in 0.23 min (cpu), 0.23 min (real)
Generate toy 64/250

 -- MarkovChainMC -- 
Limit: r < 1.15122 +/- 0.00855025 @ 95% credibility (15 tries)
Done in 0.25 min (cpu), 0.25 min (real)
Generate toy 65/250

 -- MarkovChainMC -- 
Limit: r < 0.799163 +/- 0.011523 @ 95% credibility (15 tries)
Done in 0.24 min (cpu), 0.25 min (real)
Generate toy 66/250

 -- MarkovChainMC -- 
Limit: r < 0.511951 +/- 0.00665414 @ 95% credibility (15 tries)
Done in 0.23 min (cpu), 0.23 min (real)
Generate toy 67/250

 -- MarkovChainMC -- 
Limit: r < 0.471143 +/- 0.00479974 @ 95% credibility (15 tries)
Done in 0.22 min (cpu), 0.22 min (real)
Generate toy 68/250

 -- MarkovChainMC -- 
Limit: r < 1.06238 +/- 0.00941153 @ 95% credibility (15 tries)
Done in 0.24 min (cpu), 0.24 min (real)
Generate toy 69/250

 -- MarkovChainMC -- 
Limit: r < 1.17671 +/- 0.0120625 @ 95% credibility (15 tries)
Done in 0.24 min (cpu), 0.24 min (real)
Generate toy 70/250

 -- MarkovChainMC -- 
Limit: r < 0.521909 +/- 0.00707455 @ 95% credibility (15 tries)
Done in 0.22 min (cpu), 0.22 min (real)
Generate toy 71/250

 -- MarkovChainMC -- 
Limit: r < 0.756658 +/- 0.0053238 @ 95% credibility (15 tries)
Done in 0.23 min (cpu), 0.23 min (real)
Generate toy 72/250

 -- MarkovChainMC -- 
Limit: r < 0.606266 +/- 0.0154452 @ 95% credibility (15 tries)
Done in 0.22 min (cpu), 0.22 min (real)
Generate toy 73/250

 -- MarkovChainMC -- 
Limit: r < 0.763502 +/- 0.013916 @ 95% credibility (15 tries)
Done in 0.23 min (cpu), 0.23 min (real)
Generate toy 74/250

 -- MarkovChainMC -- 
Limit: r < 0.821824 +/- 0.0100718 @ 95% credibility (15 tries)
Done in 0.23 min (cpu), 0.23 min (real)
Generate toy 75/250

 -- MarkovChainMC -- 
Limit: r < 0.543345 +/- 0.00718461 @ 95% credibility (15 tries)
Done in 0.22 min (cpu), 0.22 min (real)
Generate toy 76/250

 -- MarkovChainMC -- 
Limit: r < 0.997135 +/- 0.0116828 @ 95% credibility (15 tries)
Done in 0.23 min (cpu), 0.23 min (real)
Generate toy 77/250

 -- MarkovChainMC -- 
Limit: r < 0.773314 +/- 0.00924323 @ 95% credibility (15 tries)
Done in 0.23 min (cpu), 0.23 min (real)
Generate toy 78/250

 -- MarkovChainMC -- 
Limit: r < 0.44378 +/- 0.0108319 @ 95% credibility (15 tries)
Done in 0.26 min (cpu), 0.26 min (real)
Generate toy 79/250

 -- MarkovChainMC -- 
Limit: r < 0.495375 +/- 0.00482578 @ 95% credibility (15 tries)
Done in 0.34 min (cpu), 0.34 min (real)
Generate toy 80/250

 -- MarkovChainMC -- 
Limit: r < 0.830152 +/- 0.00914948 @ 95% credibility (15 tries)
Done in 0.23 min (cpu), 0.23 min (real)
Generate toy 81/250

 -- MarkovChainMC -- 
Limit: r < 0.563674 +/- 0.00657532 @ 95% credibility (15 tries)
Done in 0.23 min (cpu), 0.23 min (real)
Generate toy 82/250

 -- MarkovChainMC -- 
Limit: r < 0.669173 +/- 0.00913285 @ 95% credibility (15 tries)
Done in 0.23 min (cpu), 0.23 min (real)
Generate toy 83/250

 -- MarkovChainMC -- 
Limit: r < 0.838856 +/- 0.0130191 @ 95% credibility (15 tries)
Done in 0.23 min (cpu), 0.23 min (real)
Generate toy 84/250

 -- MarkovChainMC -- 
Limit: r < 0.805134 +/- 0.0033869 @ 95% credibility (15 tries)
Done in 0.23 min (cpu), 0.24 min (real)
Generate toy 85/250

 -- MarkovChainMC -- 
Limit: r < 0.731297 +/- 0.00738954 @ 95% credibility (15 tries)
Done in 0.25 min (cpu), 0.25 min (real)
Generate toy 86/250

 -- MarkovChainMC -- 
Limit: r < 1.59215 +/- 0.0149785 @ 95% credibility (15 tries)
Done in 0.24 min (cpu), 0.24 min (real)
Generate toy 87/250

 -- MarkovChainMC -- 
Limit: r < 0.659714 +/- 0.0115707 @ 95% credibility (15 tries)
Done in 0.22 min (cpu), 0.22 min (real)
Generate toy 88/250

 -- MarkovChainMC -- 
Limit: r < 0.593479 +/- 0.0100209 @ 95% credibility (15 tries)
Done in 0.22 min (cpu), 0.23 min (real)
Generate toy 89/250

 -- MarkovChainMC -- 
Limit: r < 0.783368 +/- 0.0179386 @ 95% credibility (15 tries)
Done in 0.24 min (cpu), 0.24 min (real)
Generate toy 90/250

 -- MarkovChainMC -- 
Limit: r < 0.418243 +/- 0.00553813 @ 95% credibility (15 tries)
Done in 0.22 min (cpu), 0.22 min (real)
Generate toy 91/250

 -- MarkovChainMC -- 
Limit: r < 0.998062 +/- 0.0138754 @ 95% credibility (15 tries)
Done in 0.23 min (cpu), 0.23 min (real)
Generate toy 92/250

 -- MarkovChainMC -- 
Limit: r < 0.607159 +/- 0.00227996 @ 95% credibility (15 tries)
Done in 0.23 min (cpu), 0.23 min (real)
Generate toy 93/250

 -- MarkovChainMC -- 
Limit: r < 1.15509 +/- 0.0114676 @ 95% credibility (15 tries)
Done in 0.24 min (cpu), 0.24 min (real)
Generate toy 94/250

 -- MarkovChainMC -- 
Limit: r < 1.05705 +/- 0.0127015 @ 95% credibility (15 tries)
Done in 0.24 min (cpu), 0.24 min (real)
Generate toy 95/250

 -- MarkovChainMC -- 
Limit: r < 0.559022 +/- 0.00533244 @ 95% credibility (15 tries)
Done in 0.24 min (cpu), 0.25 min (real)
Generate toy 96/250

 -- MarkovChainMC -- 
Limit: r < 0.690212 +/- 0.00847421 @ 95% credibility (15 tries)
Done in 0.23 min (cpu), 0.23 min (real)
Generate toy 97/250

 -- MarkovChainMC -- 
Limit: r < 0.974477 +/- 0.00985667 @ 95% credibility (15 tries)
Done in 0.24 min (cpu), 0.24 min (real)
Generate toy 98/250

 -- MarkovChainMC -- 
Limit: r < 0.693562 +/- 0.0180666 @ 95% credibility (15 tries)
Done in 0.25 min (cpu), 0.25 min (real)
Generate toy 99/250

 -- MarkovChainMC -- 
Limit: r < 0.815665 +/- 0.00629405 @ 95% credibility (15 tries)
Done in 0.23 min (cpu), 0.23 min (real)
Generate toy 100/250

 -- MarkovChainMC -- 
Limit: r < 1.55675 +/- 0.0201343 @ 95% credibility (15 tries)
Done in 0.26 min (cpu), 0.27 min (real)
Generate toy 101/250

 -- MarkovChainMC -- 
Limit: r < 0.747747 +/- 0.0071351 @ 95% credibility (15 tries)
Done in 0.23 min (cpu), 0.23 min (real)
Generate toy 102/250

 -- MarkovChainMC -- 
Limit: r < 0.642498 +/- 0.00908786 @ 95% credibility (15 tries)
Done in 0.24 min (cpu), 0.24 min (real)
Generate toy 103/250

 -- MarkovChainMC -- 
Limit: r < 1.01136 +/- 0.00407926 @ 95% credibility (15 tries)
Done in 0.25 min (cpu), 0.25 min (real)
Generate toy 104/250

 -- MarkovChainMC -- 
Limit: r < 0.639306 +/- 0.00797153 @ 95% credibility (15 tries)
Done in 0.23 min (cpu), 0.24 min (real)
Generate toy 105/250

 -- MarkovChainMC -- 
Limit: r < 0.922283 +/- 0.00691877 @ 95% credibility (15 tries)
Done in 0.25 min (cpu), 0.25 min (real)
Generate toy 106/250

 -- MarkovChainMC -- 
Limit: r < 1.11125 +/- 0.0223424 @ 95% credibility (15 tries)
Done in 0.23 min (cpu), 0.23 min (real)
Generate toy 107/250

 -- MarkovChainMC -- 
Limit: r < 0.766668 +/- 0.00938928 @ 95% credibility (15 tries)
Done in 0.23 min (cpu), 0.23 min (real)
Generate toy 108/250

 -- MarkovChainMC -- 
Limit: r < 0.659459 +/- 0.00621965 @ 95% credibility (15 tries)
Done in 0.22 min (cpu), 0.23 min (real)
Generate toy 109/250

 -- MarkovChainMC -- 
Limit: r < 0.890596 +/- 0.0134192 @ 95% credibility (15 tries)
Done in 0.23 min (cpu), 0.23 min (real)
Generate toy 110/250

 -- MarkovChainMC -- 
Limit: r < 0.627947 +/- 0.00911121 @ 95% credibility (15 tries)
Done in 0.22 min (cpu), 0.22 min (real)
Generate toy 111/250

 -- MarkovChainMC -- 
Limit: r < 0.681427 +/- 0.00749936 @ 95% credibility (15 tries)
Done in 0.23 min (cpu), 0.23 min (real)
Generate toy 112/250

 -- MarkovChainMC -- 
Limit: r < 0.949157 +/- 0.0116095 @ 95% credibility (15 tries)
Done in 0.24 min (cpu), 0.24 min (real)
Generate toy 113/250

 -- MarkovChainMC -- 
Limit: r < 0.717199 +/- 0.0116911 @ 95% credibility (15 tries)
Done in 0.23 min (cpu), 0.23 min (real)
Generate toy 114/250

 -- MarkovChainMC -- 
Limit: r < 0.67236 +/- 0.0107818 @ 95% credibility (15 tries)
Done in 0.26 min (cpu), 0.26 min (real)
Generate toy 115/250

 -- MarkovChainMC -- 
Limit: r < 0.511698 +/- 0.00740101 @ 95% credibility (15 tries)
Done in 0.22 min (cpu), 0.22 min (real)
Generate toy 116/250

 -- MarkovChainMC -- 
Limit: r < 0.66265 +/- 0.00799794 @ 95% credibility (15 tries)
Done in 0.22 min (cpu), 0.23 min (real)
Generate toy 117/250

 -- MarkovChainMC -- 
Limit: r < 0.6363 +/- 0.00631028 @ 95% credibility (15 tries)
Done in 0.26 min (cpu), 0.26 min (real)
Generate toy 118/250

 -- MarkovChainMC -- 
Limit: r < 0.627208 +/- 0.00682846 @ 95% credibility (15 tries)
Done in 0.22 min (cpu), 0.23 min (real)
Generate toy 119/250

 -- MarkovChainMC -- 
Limit: r < 1.04376 +/- 0.00354321 @ 95% credibility (15 tries)
Done in 0.24 min (cpu), 0.24 min (real)
Generate toy 120/250

 -- MarkovChainMC -- 
Limit: r < 0.80267 +/- 0.0122084 @ 95% credibility (15 tries)
Done in 0.23 min (cpu), 0.23 min (real)
Generate toy 121/250

 -- MarkovChainMC -- 
Limit: r < 0.731965 +/- 0.00833521 @ 95% credibility (15 tries)
Done in 0.23 min (cpu), 0.23 min (real)
Generate toy 122/250

 -- MarkovChainMC -- 
Limit: r < 0.953281 +/- 0.011307 @ 95% credibility (15 tries)
Done in 0.23 min (cpu), 0.23 min (real)
Generate toy 123/250

 -- MarkovChainMC -- 
Limit: r < 0.539398 +/- 0.00888733 @ 95% credibility (15 tries)
Done in 0.24 min (cpu), 0.24 min (real)
Generate toy 124/250

 -- MarkovChainMC -- 
Limit: r < 0.817761 +/- 0.0138947 @ 95% credibility (15 tries)
Done in 0.26 min (cpu), 0.26 min (real)
Generate toy 125/250

 -- MarkovChainMC -- 
Limit: r < 0.615565 +/- 0.00928146 @ 95% credibility (15 tries)
Done in 0.22 min (cpu), 0.22 min (real)
Generate toy 126/250

 -- MarkovChainMC -- 
Limit: r < 0.803625 +/- 0.0102361 @ 95% credibility (15 tries)
Done in 0.24 min (cpu), 0.24 min (real)
Generate toy 127/250

 -- MarkovChainMC -- 
Limit: r < 0.775901 +/- 0.00774525 @ 95% credibility (15 tries)
Done in 0.23 min (cpu), 0.23 min (real)
Generate toy 128/250

 -- MarkovChainMC -- 
Limit: r < 0.628523 +/- 0.018118 @ 95% credibility (15 tries)
Done in 0.22 min (cpu), 0.23 min (real)
Generate toy 129/250

 -- MarkovChainMC -- 
Limit: r < 0.711157 +/- 0.0105398 @ 95% credibility (15 tries)
Done in 0.23 min (cpu), 0.23 min (real)
Generate toy 130/250

 -- MarkovChainMC -- 
Limit: r < 0.808659 +/- 0.0111533 @ 95% credibility (15 tries)
Done in 0.26 min (cpu), 0.26 min (real)
Generate toy 131/250

 -- MarkovChainMC -- 
Limit: r < 1.42459 +/- 0.0124874 @ 95% credibility (15 tries)
Done in 0.30 min (cpu), 0.30 min (real)
Generate toy 132/250

 -- MarkovChainMC -- 
Limit: r < 0.473302 +/- 0.00616673 @ 95% credibility (15 tries)
Done in 0.33 min (cpu), 0.33 min (real)
Generate toy 133/250

 -- MarkovChainMC -- 
Limit: r < 0.450803 +/- 0.00714449 @ 95% credibility (15 tries)
Done in 0.33 min (cpu), 0.33 min (real)
Generate toy 134/250

 -- MarkovChainMC -- 
Limit: r < 0.556229 +/- 0.0074075 @ 95% credibility (15 tries)
Done in 0.33 min (cpu), 0.34 min (real)
Generate toy 135/250

 -- MarkovChainMC -- 
Limit: r < 0.989008 +/- 0.0136049 @ 95% credibility (15 tries)
Done in 0.27 min (cpu), 0.27 min (real)
Generate toy 136/250

 -- MarkovChainMC -- 
Limit: r < 0.767668 +/- 0.0105683 @ 95% credibility (15 tries)
Done in 0.23 min (cpu), 0.23 min (real)
Generate toy 137/250

 -- MarkovChainMC -- 
Limit: r < 1.08191 +/- 0.0130783 @ 95% credibility (15 tries)
Done in 0.23 min (cpu), 0.23 min (real)
Generate toy 138/250

 -- MarkovChainMC -- 
Limit: r < 0.711055 +/- 0.00688011 @ 95% credibility (15 tries)
Done in 0.23 min (cpu), 0.23 min (real)
Generate toy 139/250

 -- MarkovChainMC -- 
Limit: r < 0.609743 +/- 0.00638192 @ 95% credibility (15 tries)
Done in 0.22 min (cpu), 0.22 min (real)
Generate toy 140/250

 -- MarkovChainMC -- 
Limit: r < 0.791903 +/- 0.00955578 @ 95% credibility (15 tries)
Done in 0.23 min (cpu), 0.23 min (real)
Generate toy 141/250

 -- MarkovChainMC -- 
Limit: r < 1.12088 +/- 0.0113068 @ 95% credibility (15 tries)
Done in 0.31 min (cpu), 0.31 min (real)
Generate toy 142/250

 -- MarkovChainMC -- 
Limit: r < 0.503946 +/- 0.00644915 @ 95% credibility (15 tries)
Done in 0.22 min (cpu), 0.22 min (real)
Generate toy 143/250

 -- MarkovChainMC -- 
Limit: r < 1.15286 +/- 0.0142906 @ 95% credibility (15 tries)
Done in 0.24 min (cpu), 0.24 min (real)
Generate toy 144/250

 -- MarkovChainMC -- 
Limit: r < 0.705286 +/- 0.010061 @ 95% credibility (15 tries)
Done in 0.23 min (cpu), 0.23 min (real)
Generate toy 145/250

 -- MarkovChainMC -- 
Limit: r < 0.662179 +/- 0.00742825 @ 95% credibility (15 tries)
Done in 0.23 min (cpu), 0.23 min (real)
Generate toy 146/250

 -- MarkovChainMC -- 
Limit: r < 0.707349 +/- 0.00987892 @ 95% credibility (15 tries)
Done in 0.24 min (cpu), 0.25 min (real)
Generate toy 147/250

 -- MarkovChainMC -- 
Limit: r < 0.698706 +/- 0.00799232 @ 95% credibility (15 tries)
Done in 0.23 min (cpu), 0.23 min (real)
Generate toy 148/250

 -- MarkovChainMC -- 
Limit: r < 0.958307 +/- 0.0186505 @ 95% credibility (15 tries)
Done in 0.23 min (cpu), 0.23 min (real)
Generate toy 149/250

 -- MarkovChainMC -- 
Limit: r < 1.43706 +/- 0.00968957 @ 95% credibility (15 tries)
Done in 0.24 min (cpu), 0.24 min (real)
Generate toy 150/250

 -- MarkovChainMC -- 
Limit: r < 0.517182 +/- 0.00686211 @ 95% credibility (15 tries)
Done in 0.22 min (cpu), 0.22 min (real)
Generate toy 151/250

 -- MarkovChainMC -- 
Limit: r < 0.715343 +/- 0.00693991 @ 95% credibility (15 tries)
Done in 0.26 min (cpu), 0.26 min (real)
Generate toy 152/250

 -- MarkovChainMC -- 
Limit: r < 1.0788 +/- 0.0139632 @ 95% credibility (15 tries)
Done in 0.35 min (cpu), 0.35 min (real)
Generate toy 153/250

 -- MarkovChainMC -- 
Limit: r < 1.11677 +/- 0.0129963 @ 95% credibility (15 tries)
Done in 0.35 min (cpu), 0.35 min (real)
Generate toy 154/250

 -- MarkovChainMC -- 
Limit: r < 0.713895 +/- 0.00628657 @ 95% credibility (15 tries)
Done in 0.34 min (cpu), 0.34 min (real)
Generate toy 155/250

 -- MarkovChainMC -- 
Limit: r < 0.667415 +/- 0.0114442 @ 95% credibility (15 tries)
Done in 0.32 min (cpu), 0.32 min (real)
Generate toy 156/250

 -- MarkovChainMC -- 
Limit: r < 1.04555 +/- 0.00926429 @ 95% credibility (15 tries)
Done in 0.23 min (cpu), 0.24 min (real)
Generate toy 157/250

 -- MarkovChainMC -- 
Limit: r < 0.993181 +/- 0.0098298 @ 95% credibility (15 tries)
Done in 0.30 min (cpu), 0.30 min (real)
Generate toy 158/250

 -- MarkovChainMC -- 
Limit: r < 0.563482 +/- 0.00838939 @ 95% credibility (15 tries)
Done in 0.34 min (cpu), 0.35 min (real)
Generate toy 159/250

 -- MarkovChainMC -- 
Limit: r < 0.605091 +/- 0.00393526 @ 95% credibility (15 tries)
Done in 0.35 min (cpu), 0.35 min (real)
Generate toy 160/250

 -- MarkovChainMC -- 
Limit: r < 0.700435 +/- 0.00630766 @ 95% credibility (15 tries)
Done in 0.35 min (cpu), 0.35 min (real)
Generate toy 161/250

 -- MarkovChainMC -- 
Limit: r < 0.707841 +/- 0.00694434 @ 95% credibility (15 tries)
Done in 0.24 min (cpu), 0.25 min (real)
Generate toy 162/250

 -- MarkovChainMC -- 
Limit: r < 0.712326 +/- 0.00648469 @ 95% credibility (15 tries)
Done in 0.25 min (cpu), 0.25 min (real)
Generate toy 163/250

 -- MarkovChainMC -- 
Limit: r < 0.931258 +/- 0.0117405 @ 95% credibility (15 tries)
Done in 0.23 min (cpu), 0.23 min (real)
Generate toy 164/250

 -- MarkovChainMC -- 
Limit: r < 0.770292 +/- 0.0171512 @ 95% credibility (15 tries)
Done in 0.23 min (cpu), 0.23 min (real)
Generate toy 165/250

 -- MarkovChainMC -- 
Limit: r < 0.86654 +/- 0.0086608 @ 95% credibility (15 tries)
Done in 0.33 min (cpu), 0.33 min (real)
Generate toy 166/250

 -- MarkovChainMC -- 
Limit: r < 0.521986 +/- 0.00729192 @ 95% credibility (15 tries)
Done in 0.35 min (cpu), 0.35 min (real)
Generate toy 167/250

 -- MarkovChainMC -- 
Limit: r < 0.585001 +/- 0.00879903 @ 95% credibility (15 tries)
Done in 0.30 min (cpu), 0.31 min (real)
Generate toy 168/250

 -- MarkovChainMC -- 
Limit: r < 0.667613 +/- 0.00834445 @ 95% credibility (15 tries)
Done in 0.22 min (cpu), 0.22 min (real)
Generate toy 169/250

 -- MarkovChainMC -- 
Limit: r < 0.831188 +/- 0.0124078 @ 95% credibility (15 tries)
Done in 0.26 min (cpu), 0.26 min (real)
Generate toy 170/250

 -- MarkovChainMC -- 
Limit: r < 0.648082 +/- 0.00867262 @ 95% credibility (15 tries)
Done in 0.23 min (cpu), 0.23 min (real)
Generate toy 171/250

 -- MarkovChainMC -- 
Limit: r < 0.843485 +/- 0.00520767 @ 95% credibility (15 tries)
Done in 0.23 min (cpu), 0.23 min (real)
Generate toy 172/250

 -- MarkovChainMC -- 
Limit: r < 0.618785 +/- 0.0061004 @ 95% credibility (15 tries)
Done in 0.23 min (cpu), 0.23 min (real)
Generate toy 173/250

 -- MarkovChainMC -- 
Limit: r < 0.597231 +/- 0.0115276 @ 95% credibility (15 tries)
Done in 0.23 min (cpu), 0.23 min (real)
Generate toy 174/250

 -- MarkovChainMC -- 
Limit: r < 1.00518 +/- 0.0102654 @ 95% credibility (15 tries)
Done in 0.25 min (cpu), 0.25 min (real)
Generate toy 175/250

 -- MarkovChainMC -- 
Limit: r < 0.905731 +/- 0.0117167 @ 95% credibility (15 tries)
Done in 0.24 min (cpu), 0.24 min (real)
Generate toy 176/250

 -- MarkovChainMC -- 
Limit: r < 0.872632 +/- 0.0119133 @ 95% credibility (15 tries)
Done in 0.23 min (cpu), 0.23 min (real)
Generate toy 177/250

 -- MarkovChainMC -- 
Limit: r < 0.865294 +/- 0.00834124 @ 95% credibility (15 tries)
Done in 0.24 min (cpu), 0.24 min (real)
Generate toy 178/250

 -- MarkovChainMC -- 
Limit: r < 0.809218 +/- 0.0128367 @ 95% credibility (15 tries)
Done in 0.23 min (cpu), 0.23 min (real)
Generate toy 179/250

 -- MarkovChainMC -- 
Limit: r < 0.663874 +/- 0.0121786 @ 95% credibility (15 tries)
Done in 0.23 min (cpu), 0.23 min (real)
Generate toy 180/250

 -- MarkovChainMC -- 
Limit: r < 0.825865 +/- 0.0123765 @ 95% credibility (15 tries)
Done in 0.23 min (cpu), 0.23 min (real)
Generate toy 181/250

 -- MarkovChainMC -- 
Limit: r < 0.598417 +/- 0.00768964 @ 95% credibility (15 tries)
Done in 0.25 min (cpu), 0.25 min (real)
Generate toy 182/250

 -- MarkovChainMC -- 
Limit: r < 0.768414 +/- 0.0100865 @ 95% credibility (15 tries)
Done in 0.23 min (cpu), 0.23 min (real)
Generate toy 183/250

 -- MarkovChainMC -- 
Limit: r < 0.735136 +/- 0.0111752 @ 95% credibility (15 tries)
Done in 0.23 min (cpu), 0.23 min (real)
Generate toy 184/250

 -- MarkovChainMC -- 
Limit: r < 0.770033 +/- 0.0155009 @ 95% credibility (15 tries)
Done in 0.23 min (cpu), 0.23 min (real)
Generate toy 185/250

 -- MarkovChainMC -- 
Limit: r < 0.567878 +/- 0.00794289 @ 95% credibility (15 tries)
Done in 0.26 min (cpu), 0.26 min (real)
Generate toy 186/250

 -- MarkovChainMC -- 
Limit: r < 0.78815 +/- 0.0102234 @ 95% credibility (15 tries)
Done in 0.24 min (cpu), 0.24 min (real)
Generate toy 187/250

 -- MarkovChainMC -- 
Limit: r < 0.639284 +/- 0.00339482 @ 95% credibility (15 tries)
Done in 0.24 min (cpu), 0.24 min (real)
Generate toy 188/250

 -- MarkovChainMC -- 
Limit: r < 0.728975 +/- 0.00647298 @ 95% credibility (15 tries)
Done in 0.23 min (cpu), 0.23 min (real)
Generate toy 189/250

 -- MarkovChainMC -- 
Limit: r < 0.800335 +/- 0.00738328 @ 95% credibility (15 tries)
Done in 0.24 min (cpu), 0.24 min (real)
Generate toy 190/250

 -- MarkovChainMC -- 
Limit: r < 0.902363 +/- 0.00819188 @ 95% credibility (15 tries)
Done in 0.24 min (cpu), 0.24 min (real)
Generate toy 191/250

 -- MarkovChainMC -- 
Limit: r < 0.694817 +/- 0.00615941 @ 95% credibility (15 tries)
Done in 0.24 min (cpu), 0.24 min (real)
Generate toy 192/250

 -- MarkovChainMC -- 
Limit: r < 0.649327 +/- 0.00689802 @ 95% credibility (15 tries)
Done in 0.25 min (cpu), 0.25 min (real)
Generate toy 193/250

 -- MarkovChainMC -- 
Limit: r < 0.780983 +/- 0.00603925 @ 95% credibility (15 tries)
Done in 0.25 min (cpu), 0.26 min (real)
Generate toy 194/250

 -- MarkovChainMC -- 
Limit: r < 1.19746 +/- 0.00983517 @ 95% credibility (15 tries)
Done in 0.24 min (cpu), 0.25 min (real)
Generate toy 195/250

 -- MarkovChainMC -- 
Limit: r < 1.15461 +/- 0.0183387 @ 95% credibility (15 tries)
Done in 0.27 min (cpu), 0.27 min (real)
Generate toy 196/250

 -- MarkovChainMC -- 
Limit: r < 0.928483 +/- 0.0117691 @ 95% credibility (15 tries)
Done in 0.26 min (cpu), 0.26 min (real)
Generate toy 197/250

 -- MarkovChainMC -- 
Limit: r < 0.873789 +/- 0.00774434 @ 95% credibility (15 tries)
Done in 0.24 min (cpu), 0.24 min (real)
Generate toy 198/250

 -- MarkovChainMC -- 
Limit: r < 0.717198 +/- 0.0125364 @ 95% credibility (15 tries)
Done in 0.24 min (cpu), 0.24 min (real)
Generate toy 199/250

 -- MarkovChainMC -- 
Limit: r < 0.896273 +/- 0.00983906 @ 95% credibility (15 tries)
Done in 0.25 min (cpu), 0.25 min (real)
Generate toy 200/250

 -- MarkovChainMC -- 
Limit: r < 0.794433 +/- 0.00732255 @ 95% credibility (15 tries)
Done in 0.26 min (cpu), 0.26 min (real)
Generate toy 201/250

 -- MarkovChainMC -- 
Limit: r < 1.85623 +/- 0.0150141 @ 95% credibility (15 tries)
Done in 0.26 min (cpu), 0.26 min (real)
Generate toy 202/250

 -- MarkovChainMC -- 
Limit: r < 0.731649 +/- 0.0125116 @ 95% credibility (15 tries)
Done in 0.26 min (cpu), 0.26 min (real)
Generate toy 203/250

 -- MarkovChainMC -- 
Limit: r < 0.636579 +/- 0.0071342 @ 95% credibility (15 tries)
Done in 0.25 min (cpu), 0.25 min (real)
Generate toy 204/250

 -- MarkovChainMC -- 
Limit: r < 0.748253 +/- 0.00965908 @ 95% credibility (15 tries)
Done in 0.24 min (cpu), 0.24 min (real)
Generate toy 205/250

 -- MarkovChainMC -- 
Limit: r < 1.01228 +/- 0.0115258 @ 95% credibility (15 tries)
Done in 0.24 min (cpu), 0.24 min (real)
Generate toy 206/250

 -- MarkovChainMC -- 
Limit: r < 0.933648 +/- 0.00561955 @ 95% credibility (15 tries)
Done in 0.33 min (cpu), 0.33 min (real)
Generate toy 207/250

 -- MarkovChainMC -- 
Limit: r < 0.84238 +/- 0.0128089 @ 95% credibility (15 tries)
Done in 0.30 min (cpu), 0.30 min (real)
Generate toy 208/250

 -- MarkovChainMC -- 
Limit: r < 0.609994 +/- 0.0110966 @ 95% credibility (15 tries)
Done in 0.28 min (cpu), 0.28 min (real)
Generate toy 209/250

 -- MarkovChainMC -- 
Limit: r < 0.66852 +/- 0.00615644 @ 95% credibility (15 tries)
Done in 0.26 min (cpu), 0.26 min (real)
Generate toy 210/250

 -- MarkovChainMC -- 
Limit: r < 0.493927 +/- 0.00908262 @ 95% credibility (15 tries)
Done in 0.26 min (cpu), 0.26 min (real)
Generate toy 211/250

 -- MarkovChainMC -- 
Limit: r < 0.705982 +/- 0.00893145 @ 95% credibility (15 tries)
Done in 0.25 min (cpu), 0.26 min (real)
Generate toy 212/250

 -- MarkovChainMC -- 
Limit: r < 0.931166 +/- 0.00824954 @ 95% credibility (15 tries)
Done in 0.25 min (cpu), 0.25 min (real)
Generate toy 213/250

 -- MarkovChainMC -- 
Limit: r < 0.776344 +/- 0.00861192 @ 95% credibility (15 tries)
Done in 0.25 min (cpu), 0.25 min (real)
Generate toy 214/250

 -- MarkovChainMC -- 
Limit: r < 0.576014 +/- 0.0095267 @ 95% credibility (15 tries)
Done in 0.27 min (cpu), 0.27 min (real)
Generate toy 215/250

 -- MarkovChainMC -- 
Limit: r < 0.493015 +/- 0.00681243 @ 95% credibility (15 tries)
Done in 0.25 min (cpu), 0.26 min (real)
Generate toy 216/250

 -- MarkovChainMC -- 
Limit: r < 1.5173 +/- 0.00847593 @ 95% credibility (15 tries)
Done in 0.26 min (cpu), 0.26 min (real)
Generate toy 217/250

 -- MarkovChainMC -- 
Limit: r < 0.878261 +/- 0.00967285 @ 95% credibility (15 tries)
Done in 0.27 min (cpu), 0.28 min (real)
Generate toy 218/250

 -- MarkovChainMC -- 
Limit: r < 0.898547 +/- 0.0143081 @ 95% credibility (15 tries)
Done in 0.36 min (cpu), 0.36 min (real)
Generate toy 219/250

 -- MarkovChainMC -- 
Limit: r < 0.72952 +/- 0.012303 @ 95% credibility (15 tries)
Done in 0.27 min (cpu), 0.28 min (real)
Generate toy 220/250

 -- MarkovChainMC -- 
Limit: r < 0.786519 +/- 0.0156253 @ 95% credibility (15 tries)
Done in 0.28 min (cpu), 0.28 min (real)
Generate toy 221/250

 -- MarkovChainMC -- 
Limit: r < 0.544069 +/- 0.00547088 @ 95% credibility (15 tries)
Done in 0.28 min (cpu), 0.28 min (real)
Generate toy 222/250

 -- MarkovChainMC -- 
Limit: r < 0.826414 +/- 0.014714 @ 95% credibility (15 tries)
Done in 0.26 min (cpu), 0.26 min (real)
Generate toy 223/250

 -- MarkovChainMC -- 
Limit: r < 0.695679 +/- 0.0139488 @ 95% credibility (15 tries)
Done in 0.23 min (cpu), 0.23 min (real)
Generate toy 224/250

 -- MarkovChainMC -- 
Limit: r < 0.84006 +/- 0.00704146 @ 95% credibility (15 tries)
Done in 0.25 min (cpu), 0.26 min (real)
Generate toy 225/250

 -- MarkovChainMC -- 
Limit: r < 1.02486 +/- 0.0112207 @ 95% credibility (15 tries)
Done in 0.26 min (cpu), 0.26 min (real)
Generate toy 226/250

 -- MarkovChainMC -- 
Limit: r < 1.2215 +/- 0.00339089 @ 95% credibility (15 tries)
Done in 0.24 min (cpu), 0.25 min (real)
Generate toy 227/250

 -- MarkovChainMC -- 
Limit: r < 0.603475 +/- 0.00529901 @ 95% credibility (15 tries)
Done in 0.27 min (cpu), 0.27 min (real)
Generate toy 228/250

 -- MarkovChainMC -- 
Limit: r < 0.616763 +/- 0.0087614 @ 95% credibility (15 tries)
Done in 0.23 min (cpu), 0.23 min (real)
Generate toy 229/250

 -- MarkovChainMC -- 
Limit: r < 0.977611 +/- 0.0186971 @ 95% credibility (15 tries)
Done in 0.26 min (cpu), 0.26 min (real)
Generate toy 230/250

 -- MarkovChainMC -- 
Limit: r < 0.698442 +/- 0.00752557 @ 95% credibility (15 tries)
Done in 0.33 min (cpu), 0.33 min (real)
Generate toy 231/250

 -- MarkovChainMC -- 
Limit: r < 0.622607 +/- 0.0081527 @ 95% credibility (15 tries)
Done in 0.23 min (cpu), 0.23 min (real)
Generate toy 232/250

 -- MarkovChainMC -- 
Limit: r < 1.0945 +/- 0.00899858 @ 95% credibility (15 tries)
Done in 0.25 min (cpu), 0.25 min (real)
Generate toy 233/250

 -- MarkovChainMC -- 
Limit: r < 1.00862 +/- 0.00781928 @ 95% credibility (15 tries)
Done in 0.24 min (cpu), 0.25 min (real)
Generate toy 234/250

 -- MarkovChainMC -- 
Limit: r < 0.685513 +/- 0.0151597 @ 95% credibility (15 tries)
Done in 0.23 min (cpu), 0.24 min (real)
Generate toy 235/250

 -- MarkovChainMC -- 
Limit: r < 1.01329 +/- 0.00966007 @ 95% credibility (15 tries)
Done in 0.25 min (cpu), 0.25 min (real)
Generate toy 236/250

 -- MarkovChainMC -- 
Limit: r < 0.748821 +/- 0.0147722 @ 95% credibility (15 tries)
Done in 0.23 min (cpu), 0.24 min (real)
Generate toy 237/250

 -- MarkovChainMC -- 
Limit: r < 0.696694 +/- 0.00895645 @ 95% credibility (15 tries)
Done in 0.23 min (cpu), 0.23 min (real)
Generate toy 238/250

 -- MarkovChainMC -- 
Limit: r < 0.681383 +/- 0.00617084 @ 95% credibility (15 tries)
Done in 0.24 min (cpu), 0.24 min (real)
Generate toy 239/250

 -- MarkovChainMC -- 
Limit: r < 0.474041 +/- 0.00828516 @ 95% credibility (15 tries)
Done in 0.24 min (cpu), 0.24 min (real)
Generate toy 240/250

 -- MarkovChainMC -- 
Limit: r < 0.957073 +/- 0.0108024 @ 95% credibility (15 tries)
Done in 0.24 min (cpu), 0.24 min (real)
Generate toy 241/250

 -- MarkovChainMC -- 
Limit: r < 1.01822 +/- 0.00863678 @ 95% credibility (15 tries)
Done in 0.24 min (cpu), 0.24 min (real)
Generate toy 242/250

 -- MarkovChainMC -- 
Limit: r < 0.565547 +/- 0.0102121 @ 95% credibility (15 tries)
Done in 0.23 min (cpu), 0.23 min (real)
Generate toy 243/250

 -- MarkovChainMC -- 
Limit: r < 0.630989 +/- 0.00822812 @ 95% credibility (15 tries)
Done in 0.24 min (cpu), 0.24 min (real)
Generate toy 244/250

 -- MarkovChainMC -- 
Limit: r < 0.62133 +/- 0.00831738 @ 95% credibility (15 tries)
Done in 0.23 min (cpu), 0.23 min (real)
Generate toy 245/250

 -- MarkovChainMC -- 
Limit: r < 0.804941 +/- 0.00974764 @ 95% credibility (15 tries)
Done in 0.23 min (cpu), 0.23 min (real)
Generate toy 246/250

 -- MarkovChainMC -- 
Limit: r < 0.851408 +/- 0.00713319 @ 95% credibility (15 tries)
Done in 0.24 min (cpu), 0.24 min (real)
Generate toy 247/250

 -- MarkovChainMC -- 
Limit: r < 0.680918 +/- 0.00837693 @ 95% credibility (15 tries)
Done in 0.23 min (cpu), 0.24 min (real)
Generate toy 248/250

 -- MarkovChainMC -- 
Limit: r < 1.17421 +/- 0.00723394 @ 95% credibility (15 tries)
Done in 0.25 min (cpu), 0.25 min (real)
Generate toy 249/250

 -- MarkovChainMC -- 
Limit: r < 0.652878 +/- 0.0110421 @ 95% credibility (15 tries)
Done in 0.23 min (cpu), 0.23 min (real)
Generate toy 250/250

 -- MarkovChainMC -- 
Limit: r < 0.817697 +/- 0.00955464 @ 95% credibility (15 tries)
Done in 0.23 min (cpu), 0.23 min (real)
mean   expected limit: r < 0.780981 +/- 0.01372 @ 95%CL (250 toyMC)
median expected limit: r < 0.73456 @ 95%CL (250 toyMC)
   68% expected band : 0.598417 < r < 0.99498
   95% expected band : 0.473302 < r < 1.42459
