 <<< Combine >>> 
 <<< v10.0.2 >>>
>>> Used OpenSSL to get a truly random seed -697688088
>>> Method used is MarkovChainMC
============================================================
Analyzing bin errors for: prop_binmuon22
Poisson cut-off: 10
Processes excluded for sums: Wprime6000_kR5
============================================================
Bin        Contents        Error           Notes                         
0          5490.838008     14.389626       total sum                     
0          5489.009974     14.389572       excluding marked processes    
0          145510.000000   381.457730      Unweighted events, alpha=0.037735
  => Total parameter prop_binmuon22_bin0[0.00,-7.00,7.00] to be Gaussian constrained
------------------------------------------------------------
1          2093.026172     7.507905        total sum                     
1          2091.469679     7.507819        excluding marked processes    
1          77602.000000    278.571355      Unweighted events, alpha=0.026971
  => Total parameter prop_binmuon22_bin1[0.00,-7.00,7.00] to be Gaussian constrained
------------------------------------------------------------
2          926.677820      5.743353        total sum                     
2          925.287269      5.743251        excluding marked processes    
2          25956.000000    161.108659      Unweighted events, alpha=0.035702
  => Total parameter prop_binmuon22_bin2[0.00,-7.00,7.00] to be Gaussian constrained
------------------------------------------------------------
3          463.991447      3.622231        total sum                     
3          462.717279      3.622082        excluding marked processes    
3          16320.000000    127.749755      Unweighted events, alpha=0.028431
  => Total parameter prop_binmuon22_bin3[0.00,-7.00,7.00] to be Gaussian constrained
------------------------------------------------------------
4          241.383841      1.534129        total sum                     
4          240.228093      1.533810        excluding marked processes    
4          24530.000000    156.620561      Unweighted events, alpha=0.009840
  => Total parameter prop_binmuon22_bin4[0.00,-7.00,7.00] to be Gaussian constrained
------------------------------------------------------------
5          140.120931      1.743154        total sum                     
5          139.121722      1.742909        excluding marked processes    
5          6371.000000     79.818544       Unweighted events, alpha=0.021994
  => Total parameter prop_binmuon22_bin5[0.00,-7.00,7.00] to be Gaussian constrained
------------------------------------------------------------
6          134.416811      1.065276        total sum                     
6          132.798509      1.064641        excluding marked processes    
6          15559.000000    124.735721      Unweighted events, alpha=0.008639
  => Total parameter prop_binmuon22_bin6[0.00,-7.00,7.00] to be Gaussian constrained
------------------------------------------------------------
7          53.152915       0.722382        total sum                     
7          51.876344       0.721630        excluding marked processes    
7          5168.000000     71.888803       Unweighted events, alpha=0.010285
  => Total parameter prop_binmuon22_bin7[0.00,-7.00,7.00] to be Gaussian constrained
------------------------------------------------------------
8          30.709405       0.470093        total sum                     
8          29.337675       0.468872        excluding marked processes    
8          3915.000000     62.569961       Unweighted events, alpha=0.007844
  => Total parameter prop_binmuon22_bin8[0.00,-7.00,7.00] to be Gaussian constrained
------------------------------------------------------------
9          10.881011       0.335698        total sum                     
9          9.941359        0.334523        excluding marked processes    
9          883.000000      29.715316       Unweighted events, alpha=0.012323
  => Total parameter prop_binmuon22_bin9[0.00,-7.00,7.00] to be Gaussian constrained
------------------------------------------------------------
10         4.967729        0.108662        total sum                     
10         4.165375        0.105525        excluding marked processes    
10         1558.000000     39.471509       Unweighted events, alpha=0.003189
  => Total parameter prop_binmuon22_bin10[0.00,-7.00,7.00] to be Gaussian constrained
------------------------------------------------------------
11         2.397311        0.219401        total sum                     
11         1.762132        0.218174        excluding marked processes    
11         65.000000       8.062258        Unweighted events, alpha=0.036882
  => Total parameter prop_binmuon22_bin11[0.00,-7.00,7.00] to be Gaussian constrained
------------------------------------------------------------
12         0.605838        0.017090        total sum                     
12         0.276349        0.001778        excluding marked processes    
12         24153.000000    155.412355      Unweighted events, alpha=0.000025
  => Total parameter prop_binmuon22_bin12[0.00,-7.00,7.00] to be Gaussian constrained
------------------------------------------------------------
13         0.338497        0.014497        total sum                     
13         0.085750        0.001214        excluding marked processes    
13         4991.000000     70.647010       Unweighted events, alpha=0.000068
  => Total parameter prop_binmuon22_bin13[0.00,-7.00,7.00] to be Gaussian constrained
------------------------------------------------------------
14         0.056628        0.006596        total sum                     
14         0.007105        0.001511        excluding marked processes    
14         22.000000       4.690416        Unweighted events, alpha=0.002574
  => Total parameter prop_binmuon22_bin14[0.00,-7.00,7.00] to be Gaussian constrained
------------------------------------------------------------
15         0.027325        0.004770        total sum                     
15         0.001078        0.000054        excluding marked processes    
15         404.000000      20.099751       Unweighted events, alpha=0.000068
  => Total parameter prop_binmuon22_bin15[0.00,-7.00,7.00] to be Gaussian constrained
------------------------------------------------------------
============================================================
Analyzing bin errors for: prop_binmuon23
Poisson cut-off: 10
Processes excluded for sums: Wprime6000_kR5
============================================================
Bin        Contents        Error           Notes                         
0          4247.145534     16.603234       total sum                     
0          4245.728997     16.603213       excluding marked processes    
0          65391.000000    255.716640      Unweighted events, alpha=0.064950
  => Total parameter prop_binmuon23_bin0[0.00,-7.00,7.00] to be Gaussian constrained
------------------------------------------------------------
1          1622.382661     7.828093        total sum                     
1          1621.101079     7.828053        excluding marked processes    
1          42886.000000    207.089353      Unweighted events, alpha=0.037830
  => Total parameter prop_binmuon23_bin1[0.00,-7.00,7.00] to be Gaussian constrained
------------------------------------------------------------
2          722.538689      4.795573        total sum                     
2          721.396648      4.795515        excluding marked processes    
2          22630.000000    150.432709      Unweighted events, alpha=0.031928
  => Total parameter prop_binmuon23_bin2[0.00,-7.00,7.00] to be Gaussian constrained
------------------------------------------------------------
3          360.287138      3.009437        total sum                     
3          359.285774      3.009355        excluding marked processes    
3          14254.000000    119.390117      Unweighted events, alpha=0.025276
  => Total parameter prop_binmuon23_bin3[0.00,-7.00,7.00] to be Gaussian constrained
------------------------------------------------------------
4          192.093075      3.360943        total sum                     
4          191.190097      3.360877        excluding marked processes    
4          3236.000000     56.885851       Unweighted events, alpha=0.059361
  => Total parameter prop_binmuon23_bin4[0.00,-7.00,7.00] to be Gaussian constrained
------------------------------------------------------------
5          112.963055      1.192264        total sum                     
5          112.217111      1.192110        excluding marked processes    
5          8861.000000     94.132885       Unweighted events, alpha=0.012748
  => Total parameter prop_binmuon23_bin5[0.00,-7.00,7.00] to be Gaussian constrained
------------------------------------------------------------
6          108.441288      1.524288        total sum                     
6          107.129583      1.524073        excluding marked processes    
6          4941.000000     70.292247       Unweighted events, alpha=0.021947
  => Total parameter prop_binmuon23_bin6[0.00,-7.00,7.00] to be Gaussian constrained
------------------------------------------------------------
7          42.116345       0.658304        total sum                     
7          41.104515       0.657922        excluding marked processes    
7          3903.000000     62.473995       Unweighted events, alpha=0.010791
  => Total parameter prop_binmuon23_bin7[0.00,-7.00,7.00] to be Gaussian constrained
------------------------------------------------------------
8          24.591970       0.587543        total sum                     
8          23.449391       0.587056        excluding marked processes    
8          1596.000000     39.949969       Unweighted events, alpha=0.015409
  => Total parameter prop_binmuon23_bin8[0.00,-7.00,7.00] to be Gaussian constrained
------------------------------------------------------------
9          9.102655        0.395022        total sum                     
9          8.355840        0.394559        excluding marked processes    
9          448.000000      21.166010       Unweighted events, alpha=0.020318
  => Total parameter prop_binmuon23_bin9[0.00,-7.00,7.00] to be Gaussian constrained
------------------------------------------------------------
10         4.181876        0.252557        total sum                     
10         3.506378        0.251887        excluding marked processes    
10         194.000000      13.928388       Unweighted events, alpha=0.021556
  => Total parameter prop_binmuon23_bin10[0.00,-7.00,7.00] to be Gaussian constrained
------------------------------------------------------------
11         1.887155        0.180891        total sum                     
11         1.363219        0.180174        excluding marked processes    
11         57.000000       7.549834        Unweighted events, alpha=0.033108
  => Total parameter prop_binmuon23_bin11[0.00,-7.00,7.00] to be Gaussian constrained
------------------------------------------------------------
12         0.800414        0.289300        total sum                     
12         0.530791        0.289065        excluding marked processes    
12         3.000000        1.732051        Unweighted events, alpha=0.266805
  => Number of weighted events is below Poisson threshold
    Wprime6000_kR5       0.269623        0.011652                                      
                         535.000000      23.130067       Unweighted events, alpha=0.000504
      => Parameter prop_binmuon23_bin12_Wprime6000_kR5[0.00,-7.00,7.00] to be Gaussian constrained
  ----------------------------------------------------------
    W_boson              0.216692        0.001181                                      
                         33653.000000    183.447540      Unweighted events, alpha=0.000006
      => Parameter prop_binmuon23_bin12_W_boson[0.00,-7.00,7.00] to be Gaussian constrained
  ----------------------------------------------------------
    Top                  0.000000        0.000000                                      
      => Error is zero, ignore      
  ----------------------------------------------------------
    Z_boson              0.004094        0.000500                                      
                         67.000000       8.185353        Unweighted events, alpha=0.000061
      => Parameter prop_binmuon23_bin12_Z_boson[0.00,-7.00,7.00] to be Gaussian constrained
  ----------------------------------------------------------
    DiBoson              0.288910        0.288561                                      
                         1.000000        1.000000        Unweighted events, alpha=0.288910
      => Product of prop_binmuon23_bin12_DiBoson[1.00,0.00,30.85] and const [1.0000] to be Poisson constrained
  ----------------------------------------------------------
    QCD                  0.021095        0.017013                                      
                         2.000000        1.414214        Unweighted events, alpha=0.010547
      => Product of prop_binmuon23_bin12_QCD[2.00,0.00,33.79] and const [0.5000] to be Poisson constrained
  ----------------------------------------------------------
------------------------------------------------------------
13         0.300313        0.010863        total sum                     
13         0.067145        0.000584        excluding marked processes    
13         13239.000000    115.060853      Unweighted events, alpha=0.000023
  => Total parameter prop_binmuon23_bin13[0.00,-7.00,7.00] to be Gaussian constrained
------------------------------------------------------------
14         0.055029        0.005028        total sum                     
14         0.003967        0.000043        excluding marked processes    
14         8482.000000     92.097774       Unweighted events, alpha=0.000006
  => Total parameter prop_binmuon23_bin14[0.00,-7.00,7.00] to be Gaussian constrained
------------------------------------------------------------
15         0.018802        0.004570        total sum                     
15         0.005625        0.003835        excluding marked processes    
15         2.000000        1.414214        Unweighted events, alpha=0.009401
  => Number of weighted events is below Poisson threshold
    Wprime6000_kR5       0.013177        0.002487                                      
                         28.000000       5.291503        Unweighted events, alpha=0.000471
      => Parameter prop_binmuon23_bin15_Wprime6000_kR5[0.00,-7.00,7.00] to be Gaussian constrained
  ----------------------------------------------------------
    W_boson              0.000849        0.000021                                      
                         1670.000000     40.865633       Unweighted events, alpha=0.000001
      => Parameter prop_binmuon23_bin15_W_boson[0.00,-7.00,7.00] to be Gaussian constrained
  ----------------------------------------------------------
    Top                  0.000000        0.000000                                      
      => Error is zero, ignore      
  ----------------------------------------------------------
    Z_boson              0.000011        0.000003                                      
                         16.000000       4.000000        Unweighted events, alpha=0.000001
      => Parameter prop_binmuon23_bin15_Z_boson[0.00,-7.00,7.00] to be Gaussian constrained
  ----------------------------------------------------------
    DiBoson              0.000000        0.000000                                      
      => Error is zero, ignore      
  ----------------------------------------------------------
    QCD                  0.004765        0.003834                                      
                         2.000000        1.414214        Unweighted events, alpha=0.002383
      => Product of prop_binmuon23_bin15_QCD[2.00,0.00,33.79] and const [0.5000] to be Poisson constrained
  ----------------------------------------------------------
------------------------------------------------------------
Channel muon22 will use autoMCStats with settings: event-threshold=10, include-signal=0, hist-mode=1
Channel muon23 will use autoMCStats with settings: event-threshold=10, include-signal=0, hist-mode=1
Generate toy 1/250

 -- MarkovChainMC -- 
Limit: r < 2.07399 +/- 0.0311991 @ 95% credibility (15 tries)
Done in 0.21 min (cpu), 0.22 min (real)
Generate toy 2/250

 -- MarkovChainMC -- 
Limit: r < 1.59079 +/- 0.0232602 @ 95% credibility (15 tries)
Done in 0.21 min (cpu), 0.21 min (real)
Generate toy 3/250

 -- MarkovChainMC -- 
Limit: r < 1.54808 +/- 0.0445273 @ 95% credibility (15 tries)
Done in 0.21 min (cpu), 0.21 min (real)
Generate toy 4/250

 -- MarkovChainMC -- 
Limit: r < 2.30493 +/- 0.0501451 @ 95% credibility (15 tries)
Done in 0.21 min (cpu), 0.21 min (real)
Generate toy 5/250

 -- MarkovChainMC -- 
Limit: r < 1.14386 +/- 0.0207998 @ 95% credibility (15 tries)
Done in 0.21 min (cpu), 0.21 min (real)
Generate toy 6/250

 -- MarkovChainMC -- 
Limit: r < 2.46967 +/- 0.0896929 @ 95% credibility (15 tries)
Done in 0.21 min (cpu), 0.22 min (real)
Generate toy 7/250

 -- MarkovChainMC -- 
Limit: r < 2.41894 +/- 0.0356274 @ 95% credibility (15 tries)
Done in 0.21 min (cpu), 0.21 min (real)
Generate toy 8/250

 -- MarkovChainMC -- 
Limit: r < 1.7307 +/- 0.0334565 @ 95% credibility (15 tries)
Done in 0.20 min (cpu), 0.21 min (real)
Generate toy 9/250

 -- MarkovChainMC -- 
Limit: r < 1.4369 +/- 0.0248517 @ 95% credibility (15 tries)
Done in 0.21 min (cpu), 0.21 min (real)
Generate toy 10/250

 -- MarkovChainMC -- 
Limit: r < 2.94011 +/- 0.0294156 @ 95% credibility (15 tries)
Done in 0.21 min (cpu), 0.21 min (real)
Generate toy 11/250

 -- MarkovChainMC -- 
Limit: r < 1.97416 +/- 0.0260746 @ 95% credibility (15 tries)
Done in 0.22 min (cpu), 0.22 min (real)
Generate toy 12/250

 -- MarkovChainMC -- 
Limit: r < 1.10832 +/- 0.0309101 @ 95% credibility (15 tries)
Done in 0.21 min (cpu), 0.21 min (real)
Generate toy 13/250

 -- MarkovChainMC -- 
Limit: r < 1.82348 +/- 0.0331482 @ 95% credibility (15 tries)
Done in 0.21 min (cpu), 0.21 min (real)
Generate toy 14/250

 -- MarkovChainMC -- 
Limit: r < 1.91915 +/- 0.0415769 @ 95% credibility (15 tries)
Done in 0.21 min (cpu), 0.21 min (real)
Generate toy 15/250

 -- MarkovChainMC -- 
Limit: r < 0.934525 +/- 0.022312 @ 95% credibility (15 tries)
Done in 0.20 min (cpu), 0.21 min (real)
Generate toy 16/250

 -- MarkovChainMC -- 
Limit: r < 3.75259 +/- 0.0344896 @ 95% credibility (15 tries)
Done in 0.22 min (cpu), 0.22 min (real)
Generate toy 17/250

 -- MarkovChainMC -- 
Limit: r < 2.15574 +/- 0.0432419 @ 95% credibility (15 tries)
Done in 0.21 min (cpu), 0.22 min (real)
Generate toy 18/250

 -- MarkovChainMC -- 
Limit: r < 2.86964 +/- 0.0418269 @ 95% credibility (15 tries)
Done in 0.21 min (cpu), 0.21 min (real)
Generate toy 19/250

 -- MarkovChainMC -- 
Limit: r < 1.44405 +/- 0.0232533 @ 95% credibility (15 tries)
Done in 0.21 min (cpu), 0.21 min (real)
Generate toy 20/250

 -- MarkovChainMC -- 
Limit: r < 1.87362 +/- 0.0516963 @ 95% credibility (15 tries)
Done in 0.21 min (cpu), 0.22 min (real)
Generate toy 21/250

 -- MarkovChainMC -- 
Limit: r < 1.5409 +/- 0.0630309 @ 95% credibility (15 tries)
Done in 0.21 min (cpu), 0.21 min (real)
Generate toy 22/250

 -- MarkovChainMC -- 
Limit: r < 2.37033 +/- 0.0514713 @ 95% credibility (15 tries)
Done in 0.21 min (cpu), 0.22 min (real)
Generate toy 23/250

 -- MarkovChainMC -- 
Limit: r < 1.02795 +/- 0.0214982 @ 95% credibility (15 tries)
Done in 0.21 min (cpu), 0.21 min (real)
Generate toy 24/250

 -- MarkovChainMC -- 
Limit: r < 2.00555 +/- 0.0696321 @ 95% credibility (15 tries)
Done in 0.22 min (cpu), 0.22 min (real)
Generate toy 25/250

 -- MarkovChainMC -- 
Limit: r < 1.42351 +/- 0.0426747 @ 95% credibility (15 tries)
Done in 0.21 min (cpu), 0.21 min (real)
Generate toy 26/250

 -- MarkovChainMC -- 
Limit: r < 2.26981 +/- 0.0369599 @ 95% credibility (15 tries)
Done in 0.22 min (cpu), 0.22 min (real)
Generate toy 27/250

 -- MarkovChainMC -- 
Limit: r < 3.03045 +/- 0.0564088 @ 95% credibility (15 tries)
Done in 0.22 min (cpu), 0.22 min (real)
Generate toy 28/250

 -- MarkovChainMC -- 
Limit: r < 2.07302 +/- 0.0425975 @ 95% credibility (15 tries)
Done in 0.21 min (cpu), 0.21 min (real)
Generate toy 29/250

 -- MarkovChainMC -- 
Limit: r < 3.06108 +/- 0.0413959 @ 95% credibility (15 tries)
Done in 0.22 min (cpu), 0.22 min (real)
Generate toy 30/250

 -- MarkovChainMC -- 
Limit: r < 1.13816 +/- 0.0118511 @ 95% credibility (15 tries)
Done in 0.21 min (cpu), 0.21 min (real)
Generate toy 31/250

 -- MarkovChainMC -- 
Limit: r < 1.04839 +/- 0.038803 @ 95% credibility (15 tries)
Done in 0.20 min (cpu), 0.20 min (real)
Generate toy 32/250

 -- MarkovChainMC -- 
Limit: r < 2.76628 +/- 0.0364865 @ 95% credibility (15 tries)
Done in 0.22 min (cpu), 0.22 min (real)
Generate toy 33/250

 -- MarkovChainMC -- 
Limit: r < 1.91939 +/- 0.033694 @ 95% credibility (15 tries)
Done in 0.21 min (cpu), 0.21 min (real)
Generate toy 34/250

 -- MarkovChainMC -- 
Limit: r < 2.37526 +/- 0.0471532 @ 95% credibility (15 tries)
Done in 0.22 min (cpu), 0.22 min (real)
Generate toy 35/250

 -- MarkovChainMC -- 
Limit: r < 1.50756 +/- 0.0276315 @ 95% credibility (15 tries)
Done in 0.21 min (cpu), 0.21 min (real)
Generate toy 36/250

 -- MarkovChainMC -- 
Limit: r < 1.83513 +/- 0.0305156 @ 95% credibility (15 tries)
Done in 0.21 min (cpu), 0.21 min (real)
Generate toy 37/250

 -- MarkovChainMC -- 
Limit: r < 1.23163 +/- 0.0252081 @ 95% credibility (15 tries)
Done in 0.21 min (cpu), 0.21 min (real)
Generate toy 38/250

 -- MarkovChainMC -- 
Limit: r < 2.02008 +/- 0.0533541 @ 95% credibility (15 tries)
Done in 0.21 min (cpu), 0.21 min (real)
Generate toy 39/250

 -- MarkovChainMC -- 
Limit: r < 1.6825 +/- 0.03998 @ 95% credibility (15 tries)
Done in 0.21 min (cpu), 0.21 min (real)
Generate toy 40/250

 -- MarkovChainMC -- 
Limit: r < 1.09084 +/- 0.0234957 @ 95% credibility (15 tries)
Done in 0.21 min (cpu), 0.21 min (real)
Generate toy 41/250

 -- MarkovChainMC -- 
Limit: r < 2.96824 +/- 0.0402133 @ 95% credibility (15 tries)
Done in 0.22 min (cpu), 0.22 min (real)
Generate toy 42/250

 -- MarkovChainMC -- 
Limit: r < 2.46682 +/- 0.0539418 @ 95% credibility (15 tries)
Done in 0.21 min (cpu), 0.21 min (real)
Generate toy 43/250

 -- MarkovChainMC -- 
Limit: r < 3.01044 +/- 0.0685531 @ 95% credibility (15 tries)
Done in 0.22 min (cpu), 0.22 min (real)
Generate toy 44/250

 -- MarkovChainMC -- 
Limit: r < 2.0634 +/- 0.0329592 @ 95% credibility (15 tries)
Done in 0.21 min (cpu), 0.21 min (real)
Generate toy 45/250

 -- MarkovChainMC -- 
Limit: r < 2.41954 +/- 0.0620852 @ 95% credibility (15 tries)
Done in 0.21 min (cpu), 0.21 min (real)
Generate toy 46/250

 -- MarkovChainMC -- 
Limit: r < 1.88179 +/- 0.0408918 @ 95% credibility (15 tries)
Done in 0.21 min (cpu), 0.21 min (real)
Generate toy 47/250

 -- MarkovChainMC -- 
Limit: r < 2.09274 +/- 0.050862 @ 95% credibility (15 tries)
Done in 0.21 min (cpu), 0.21 min (real)
Generate toy 48/250

 -- MarkovChainMC -- 
Limit: r < 2.17318 +/- 0.0382755 @ 95% credibility (15 tries)
Done in 0.21 min (cpu), 0.21 min (real)
Generate toy 49/250

 -- MarkovChainMC -- 
Limit: r < 1.18457 +/- 0.0195735 @ 95% credibility (15 tries)
Done in 0.21 min (cpu), 0.21 min (real)
Generate toy 50/250

 -- MarkovChainMC -- 
Limit: r < 1.55098 +/- 0.0382127 @ 95% credibility (15 tries)
Done in 0.21 min (cpu), 0.21 min (real)
Generate toy 51/250

 -- MarkovChainMC -- 
Limit: r < 2.48336 +/- 0.0583326 @ 95% credibility (15 tries)
Done in 0.22 min (cpu), 0.22 min (real)
Generate toy 52/250

 -- MarkovChainMC -- 
Limit: r < 1.9046 +/- 0.032176 @ 95% credibility (15 tries)
Done in 0.21 min (cpu), 0.21 min (real)
Generate toy 53/250

 -- MarkovChainMC -- 
Limit: r < 2.44528 +/- 0.0576022 @ 95% credibility (15 tries)
Done in 0.22 min (cpu), 0.22 min (real)
Generate toy 54/250

 -- MarkovChainMC -- 
Limit: r < 4.2972 +/- 0.0424788 @ 95% credibility (15 tries)
Done in 0.22 min (cpu), 0.22 min (real)
Generate toy 55/250

 -- MarkovChainMC -- 
Limit: r < 1.26117 +/- 0.0344566 @ 95% credibility (15 tries)
Done in 0.21 min (cpu), 0.21 min (real)
Generate toy 56/250

 -- MarkovChainMC -- 
Limit: r < 2.29401 +/- 0.0547586 @ 95% credibility (15 tries)
Done in 0.22 min (cpu), 0.23 min (real)
Generate toy 57/250

 -- MarkovChainMC -- 
Limit: r < 1.93444 +/- 0.0271613 @ 95% credibility (15 tries)
Done in 0.22 min (cpu), 0.22 min (real)
Generate toy 58/250

 -- MarkovChainMC -- 
Limit: r < 1.69405 +/- 0.0413479 @ 95% credibility (15 tries)
Done in 0.22 min (cpu), 0.22 min (real)
Generate toy 59/250

 -- MarkovChainMC -- 
Limit: r < 2.23586 +/- 0.0643804 @ 95% credibility (15 tries)
Done in 0.22 min (cpu), 0.22 min (real)
Generate toy 60/250

 -- MarkovChainMC -- 
Limit: r < 1.63594 +/- 0.0288875 @ 95% credibility (15 tries)
Done in 0.22 min (cpu), 0.22 min (real)
Generate toy 61/250

 -- MarkovChainMC -- 
Limit: r < 1.59213 +/- 0.0209619 @ 95% credibility (15 tries)
Done in 0.22 min (cpu), 0.22 min (real)
Generate toy 62/250

 -- MarkovChainMC -- 
Limit: r < 2.01419 +/- 0.0268255 @ 95% credibility (15 tries)
Done in 0.22 min (cpu), 0.22 min (real)
Generate toy 63/250

 -- MarkovChainMC -- 
Limit: r < 1.52681 +/- 0.0287336 @ 95% credibility (15 tries)
Done in 0.22 min (cpu), 0.22 min (real)
Generate toy 64/250

 -- MarkovChainMC -- 
Limit: r < 3.21138 +/- 0.0281387 @ 95% credibility (15 tries)
Done in 0.22 min (cpu), 0.22 min (real)
Generate toy 65/250

 -- MarkovChainMC -- 
Limit: r < 2.9884 +/- 0.049552 @ 95% credibility (15 tries)
Done in 0.22 min (cpu), 0.22 min (real)
Generate toy 66/250

 -- MarkovChainMC -- 
Limit: r < 1.27308 +/- 0.0282862 @ 95% credibility (15 tries)
Done in 0.22 min (cpu), 0.22 min (real)
Generate toy 67/250

 -- MarkovChainMC -- 
Limit: r < 2.56953 +/- 0.0345249 @ 95% credibility (15 tries)
Done in 0.22 min (cpu), 0.22 min (real)
Generate toy 68/250

 -- MarkovChainMC -- 
Limit: r < 1.26433 +/- 0.0250126 @ 95% credibility (15 tries)
Done in 0.22 min (cpu), 0.22 min (real)
Generate toy 69/250

 -- MarkovChainMC -- 
Limit: r < 1.74845 +/- 0.0553123 @ 95% credibility (15 tries)
Done in 0.22 min (cpu), 0.22 min (real)
Generate toy 70/250

 -- MarkovChainMC -- 
Limit: r < 1.31865 +/- 0.0365879 @ 95% credibility (15 tries)
Done in 0.21 min (cpu), 0.21 min (real)
Generate toy 71/250

 -- MarkovChainMC -- 
Limit: r < 1.74986 +/- 0.035553 @ 95% credibility (15 tries)
Done in 0.21 min (cpu), 0.22 min (real)
Generate toy 72/250

 -- MarkovChainMC -- 
Limit: r < 1.58686 +/- 0.0366766 @ 95% credibility (15 tries)
Done in 0.21 min (cpu), 0.22 min (real)
Generate toy 73/250

 -- MarkovChainMC -- 
Limit: r < 2.41722 +/- 0.0493708 @ 95% credibility (15 tries)
Done in 0.22 min (cpu), 0.22 min (real)
Generate toy 74/250

 -- MarkovChainMC -- 
Limit: r < 1.0985 +/- 0.0292604 @ 95% credibility (15 tries)
Done in 0.24 min (cpu), 0.24 min (real)
Generate toy 75/250

 -- MarkovChainMC -- 
Limit: r < 1.24312 +/- 0.0261124 @ 95% credibility (15 tries)
Done in 0.21 min (cpu), 0.21 min (real)
Generate toy 76/250

 -- MarkovChainMC -- 
Limit: r < 1.97366 +/- 0.078501 @ 95% credibility (15 tries)
Done in 0.21 min (cpu), 0.22 min (real)
Generate toy 77/250

 -- MarkovChainMC -- 
Limit: r < 1.08732 +/- 0.0327919 @ 95% credibility (15 tries)
Done in 0.22 min (cpu), 0.22 min (real)
Generate toy 78/250

 -- MarkovChainMC -- 
Limit: r < 2.49031 +/- 0.0424746 @ 95% credibility (15 tries)
Done in 0.22 min (cpu), 0.22 min (real)
Generate toy 79/250

 -- MarkovChainMC -- 
Limit: r < 2.95026 +/- 0.0473093 @ 95% credibility (15 tries)
Done in 0.22 min (cpu), 0.22 min (real)
Generate toy 80/250

 -- MarkovChainMC -- 
Limit: r < 2.73712 +/- 0.0290598 @ 95% credibility (15 tries)
Done in 0.22 min (cpu), 0.22 min (real)
Generate toy 81/250

 -- MarkovChainMC -- 
Limit: r < 1.25448 +/- 0.0390358 @ 95% credibility (15 tries)
Done in 0.21 min (cpu), 0.21 min (real)
Generate toy 82/250

 -- MarkovChainMC -- 
Limit: r < 2.07028 +/- 0.025638 @ 95% credibility (15 tries)
Done in 0.22 min (cpu), 0.22 min (real)
Generate toy 83/250

 -- MarkovChainMC -- 
Limit: r < 2.25558 +/- 0.036083 @ 95% credibility (15 tries)
Done in 0.21 min (cpu), 0.21 min (real)
Generate toy 84/250

 -- MarkovChainMC -- 
Limit: r < 1.97845 +/- 0.0409818 @ 95% credibility (15 tries)
Done in 0.21 min (cpu), 0.21 min (real)
Generate toy 85/250

 -- MarkovChainMC -- 
Limit: r < 1.70044 +/- 0.0519922 @ 95% credibility (15 tries)
Done in 0.21 min (cpu), 0.21 min (real)
Generate toy 86/250

 -- MarkovChainMC -- 
Limit: r < 3.00866 +/- 0.0530122 @ 95% credibility (15 tries)
Done in 0.22 min (cpu), 0.22 min (real)
Generate toy 87/250

 -- MarkovChainMC -- 
Limit: r < 1.43732 +/- 0.0174885 @ 95% credibility (15 tries)
Done in 0.21 min (cpu), 0.21 min (real)
Generate toy 88/250

 -- MarkovChainMC -- 
Limit: r < 1.02273 +/- 0.0153149 @ 95% credibility (15 tries)
Done in 0.21 min (cpu), 0.21 min (real)
Generate toy 89/250

 -- MarkovChainMC -- 
Limit: r < 1.89793 +/- 0.0797253 @ 95% credibility (15 tries)
Done in 0.21 min (cpu), 0.21 min (real)
Generate toy 90/250

 -- MarkovChainMC -- 
Limit: r < 1.69093 +/- 0.0273339 @ 95% credibility (15 tries)
Done in 0.21 min (cpu), 0.21 min (real)
Generate toy 91/250

 -- MarkovChainMC -- 
Limit: r < 1.3729 +/- 0.0471384 @ 95% credibility (15 tries)
Done in 0.22 min (cpu), 0.22 min (real)
Generate toy 92/250

 -- MarkovChainMC -- 
Limit: r < 1.7546 +/- 0.0676151 @ 95% credibility (15 tries)
Done in 0.21 min (cpu), 0.21 min (real)
Generate toy 93/250

 -- MarkovChainMC -- 
Limit: r < 1.11729 +/- 0.0188715 @ 95% credibility (15 tries)
Done in 0.21 min (cpu), 0.21 min (real)
Generate toy 94/250

 -- MarkovChainMC -- 
Limit: r < 1.45336 +/- 0.0398012 @ 95% credibility (15 tries)
Done in 0.21 min (cpu), 0.21 min (real)
Generate toy 95/250

 -- MarkovChainMC -- 
Limit: r < 3.57599 +/- 0.022398 @ 95% credibility (15 tries)
Done in 0.22 min (cpu), 0.23 min (real)
Generate toy 96/250

 -- MarkovChainMC -- 
Limit: r < 2.43067 +/- 0.0695199 @ 95% credibility (15 tries)
Done in 0.22 min (cpu), 0.22 min (real)
Generate toy 97/250

 -- MarkovChainMC -- 
Limit: r < 2.7008 +/- 0.0369261 @ 95% credibility (15 tries)
Done in 0.23 min (cpu), 0.23 min (real)
Generate toy 98/250

 -- MarkovChainMC -- 
Limit: r < 1.76884 +/- 0.0433298 @ 95% credibility (15 tries)
Done in 0.22 min (cpu), 0.22 min (real)
Generate toy 99/250

 -- MarkovChainMC -- 
Limit: r < 2.29852 +/- 0.0347186 @ 95% credibility (15 tries)
Done in 0.23 min (cpu), 0.23 min (real)
Generate toy 100/250

 -- MarkovChainMC -- 
Limit: r < 2.38973 +/- 0.0579972 @ 95% credibility (15 tries)
Done in 0.23 min (cpu), 0.23 min (real)
Generate toy 101/250

 -- MarkovChainMC -- 
Limit: r < 1.13867 +/- 0.0152731 @ 95% credibility (15 tries)
Done in 0.22 min (cpu), 0.22 min (real)
Generate toy 102/250

 -- MarkovChainMC -- 
Limit: r < 1.88224 +/- 0.042804 @ 95% credibility (15 tries)
Done in 0.22 min (cpu), 0.23 min (real)
Generate toy 103/250

 -- MarkovChainMC -- 
Limit: r < 1.8302 +/- 0.0413616 @ 95% credibility (15 tries)
Done in 0.22 min (cpu), 0.22 min (real)
Generate toy 104/250

 -- MarkovChainMC -- 
Limit: r < 1.59805 +/- 0.0392624 @ 95% credibility (15 tries)
Done in 0.22 min (cpu), 0.22 min (real)
Generate toy 105/250

 -- MarkovChainMC -- 
Limit: r < 2.31503 +/- 0.031736 @ 95% credibility (15 tries)
Done in 0.23 min (cpu), 0.23 min (real)
Generate toy 106/250

 -- MarkovChainMC -- 
Limit: r < 2.74382 +/- 0.0541552 @ 95% credibility (15 tries)
Done in 0.23 min (cpu), 0.23 min (real)
Generate toy 107/250

 -- MarkovChainMC -- 
Limit: r < 1.2377 +/- 0.0318205 @ 95% credibility (15 tries)
Done in 0.22 min (cpu), 0.22 min (real)
Generate toy 108/250

 -- MarkovChainMC -- 
Limit: r < 3.55941 +/- 0.0553718 @ 95% credibility (15 tries)
Done in 0.23 min (cpu), 0.23 min (real)
Generate toy 109/250

 -- MarkovChainMC -- 
Limit: r < 1.87625 +/- 0.0253571 @ 95% credibility (15 tries)
Done in 0.23 min (cpu), 0.23 min (real)
Generate toy 110/250

 -- MarkovChainMC -- 
Limit: r < 2.016 +/- 0.0572107 @ 95% credibility (15 tries)
Done in 0.22 min (cpu), 0.22 min (real)
Generate toy 111/250

 -- MarkovChainMC -- 
Limit: r < 2.39414 +/- 0.0456278 @ 95% credibility (15 tries)
Done in 0.22 min (cpu), 0.23 min (real)
Generate toy 112/250

 -- MarkovChainMC -- 
Limit: r < 2.07984 +/- 0.0333568 @ 95% credibility (15 tries)
Done in 0.23 min (cpu), 0.23 min (real)
Generate toy 113/250

 -- MarkovChainMC -- 
Limit: r < 2.05343 +/- 0.0400885 @ 95% credibility (15 tries)
Done in 0.23 min (cpu), 0.23 min (real)
Generate toy 114/250

 -- MarkovChainMC -- 
Limit: r < 1.16301 +/- 0.0322631 @ 95% credibility (15 tries)
Done in 0.22 min (cpu), 0.22 min (real)
Generate toy 115/250

 -- MarkovChainMC -- 
Limit: r < 1.82439 +/- 0.0242851 @ 95% credibility (15 tries)
Done in 0.22 min (cpu), 0.22 min (real)
Generate toy 116/250

 -- MarkovChainMC -- 
Limit: r < 1.9035 +/- 0.0445674 @ 95% credibility (15 tries)
Done in 0.22 min (cpu), 0.22 min (real)
Generate toy 117/250

 -- MarkovChainMC -- 
Limit: r < 1.57447 +/- 0.0267098 @ 95% credibility (15 tries)
Done in 0.22 min (cpu), 0.22 min (real)
Generate toy 118/250

 -- MarkovChainMC -- 
Limit: r < 2.44685 +/- 0.0331095 @ 95% credibility (15 tries)
Done in 0.23 min (cpu), 0.23 min (real)
Generate toy 119/250

 -- MarkovChainMC -- 
Limit: r < 1.34052 +/- 0.0329455 @ 95% credibility (15 tries)
Done in 0.22 min (cpu), 0.22 min (real)
Generate toy 120/250

 -- MarkovChainMC -- 
Limit: r < 2.19364 +/- 0.0505031 @ 95% credibility (15 tries)
Done in 0.22 min (cpu), 0.23 min (real)
Generate toy 121/250

 -- MarkovChainMC -- 
Limit: r < 1.27194 +/- 0.0354149 @ 95% credibility (15 tries)
Done in 0.22 min (cpu), 0.22 min (real)
Generate toy 122/250

 -- MarkovChainMC -- 
Limit: r < 2.84622 +/- 0.040047 @ 95% credibility (15 tries)
Done in 0.23 min (cpu), 0.23 min (real)
Generate toy 123/250

 -- MarkovChainMC -- 
Limit: r < 1.50973 +/- 0.0417113 @ 95% credibility (15 tries)
Done in 0.22 min (cpu), 0.22 min (real)
Generate toy 124/250

 -- MarkovChainMC -- 
Limit: r < 2.08026 +/- 0.0396606 @ 95% credibility (15 tries)
Done in 0.22 min (cpu), 0.23 min (real)
Generate toy 125/250

 -- MarkovChainMC -- 
Limit: r < 2.23085 +/- 0.0379495 @ 95% credibility (15 tries)
Done in 0.23 min (cpu), 0.23 min (real)
Generate toy 126/250

 -- MarkovChainMC -- 
Limit: r < 3.04001 +/- 0.0504242 @ 95% credibility (15 tries)
Done in 0.23 min (cpu), 0.23 min (real)
Generate toy 127/250

 -- MarkovChainMC -- 
Limit: r < 1.60905 +/- 0.0374186 @ 95% credibility (15 tries)
Done in 0.24 min (cpu), 0.24 min (real)
Generate toy 128/250

 -- MarkovChainMC -- 
Limit: r < 2.17669 +/- 0.0414527 @ 95% credibility (15 tries)
Done in 0.22 min (cpu), 0.23 min (real)
Generate toy 129/250

 -- MarkovChainMC -- 
Limit: r < 1.96384 +/- 0.0573672 @ 95% credibility (15 tries)
Done in 0.23 min (cpu), 0.23 min (real)
Generate toy 130/250

 -- MarkovChainMC -- 
Limit: r < 1.48698 +/- 0.0278822 @ 95% credibility (15 tries)
Done in 0.23 min (cpu), 0.23 min (real)
Generate toy 131/250

 -- MarkovChainMC -- 
Limit: r < 3.21918 +/- 0.0618849 @ 95% credibility (15 tries)
Done in 0.25 min (cpu), 0.25 min (real)
Generate toy 132/250

 -- MarkovChainMC -- 
Limit: r < 2.99788 +/- 0.0400096 @ 95% credibility (15 tries)
Done in 0.26 min (cpu), 0.27 min (real)
Generate toy 133/250

 -- MarkovChainMC -- 
Limit: r < 2.09002 +/- 0.0338079 @ 95% credibility (15 tries)
Done in 0.22 min (cpu), 0.23 min (real)
Generate toy 134/250

 -- MarkovChainMC -- 
Limit: r < 1.5876 +/- 0.0280843 @ 95% credibility (15 tries)
Done in 0.25 min (cpu), 0.25 min (real)
Generate toy 135/250

 -- MarkovChainMC -- 
Limit: r < 2.63606 +/- 0.033627 @ 95% credibility (15 tries)
Done in 0.31 min (cpu), 0.31 min (real)
Generate toy 136/250

 -- MarkovChainMC -- 
Limit: r < 1.48204 +/- 0.0426247 @ 95% credibility (15 tries)
Done in 0.30 min (cpu), 0.30 min (real)
Generate toy 137/250

 -- MarkovChainMC -- 
Limit: r < 1.18432 +/- 0.0283269 @ 95% credibility (15 tries)
Done in 0.28 min (cpu), 0.28 min (real)
Generate toy 138/250

 -- MarkovChainMC -- 
Limit: r < 1.34297 +/- 0.0284257 @ 95% credibility (15 tries)
Done in 0.28 min (cpu), 0.28 min (real)
Generate toy 139/250

 -- MarkovChainMC -- 
Limit: r < 1.05267 +/- 0.0252112 @ 95% credibility (15 tries)
Done in 0.26 min (cpu), 0.26 min (real)
Generate toy 140/250

 -- MarkovChainMC -- 
Limit: r < 2.70546 +/- 0.0322819 @ 95% credibility (15 tries)
Done in 0.24 min (cpu), 0.25 min (real)
Generate toy 141/250

 -- MarkovChainMC -- 
Limit: r < 1.88035 +/- 0.0261555 @ 95% credibility (15 tries)
Done in 0.26 min (cpu), 0.26 min (real)
Generate toy 142/250

 -- MarkovChainMC -- 
Limit: r < 1.33595 +/- 0.0309402 @ 95% credibility (15 tries)
Done in 0.24 min (cpu), 0.24 min (real)
Generate toy 143/250

 -- MarkovChainMC -- 
Limit: r < 1.6304 +/- 0.0380408 @ 95% credibility (15 tries)
Done in 0.26 min (cpu), 0.26 min (real)
Generate toy 144/250

 -- MarkovChainMC -- 
Limit: r < 1.18934 +/- 0.0310736 @ 95% credibility (15 tries)
Done in 0.26 min (cpu), 0.27 min (real)
Generate toy 145/250

 -- MarkovChainMC -- 
Limit: r < 2.50532 +/- 0.0387484 @ 95% credibility (15 tries)
Done in 0.32 min (cpu), 0.32 min (real)
Generate toy 146/250

 -- MarkovChainMC -- 
Limit: r < 1.55378 +/- 0.0242221 @ 95% credibility (15 tries)
Done in 0.31 min (cpu), 0.32 min (real)
Generate toy 147/250

 -- MarkovChainMC -- 
Limit: r < 1.47609 +/- 0.0338921 @ 95% credibility (15 tries)
Done in 0.30 min (cpu), 0.30 min (real)
Generate toy 148/250

 -- MarkovChainMC -- 
Limit: r < 1.5184 +/- 0.0347847 @ 95% credibility (15 tries)
Done in 0.32 min (cpu), 0.32 min (real)
Generate toy 149/250

 -- MarkovChainMC -- 
Limit: r < 1.83817 +/- 0.0521703 @ 95% credibility (15 tries)
Done in 0.31 min (cpu), 0.31 min (real)
Generate toy 150/250

 -- MarkovChainMC -- 
Limit: r < 1.33141 +/- 0.0202353 @ 95% credibility (15 tries)
Done in 0.22 min (cpu), 0.23 min (real)
Generate toy 151/250

 -- MarkovChainMC -- 
Limit: r < 3.788 +/- 0.0672442 @ 95% credibility (15 tries)
Done in 0.26 min (cpu), 0.26 min (real)
Generate toy 152/250

 -- MarkovChainMC -- 
Limit: r < 2.07078 +/- 0.0352682 @ 95% credibility (15 tries)
Done in 0.22 min (cpu), 0.22 min (real)
Generate toy 153/250

 -- MarkovChainMC -- 
Limit: r < 2.01739 +/- 0.0272986 @ 95% credibility (15 tries)
Done in 0.22 min (cpu), 0.22 min (real)
Generate toy 154/250

 -- MarkovChainMC -- 
Limit: r < 1.59923 +/- 0.045975 @ 95% credibility (15 tries)
Done in 0.25 min (cpu), 0.25 min (real)
Generate toy 155/250

 -- MarkovChainMC -- 
Limit: r < 2.30668 +/- 0.0308661 @ 95% credibility (15 tries)
Done in 0.23 min (cpu), 0.23 min (real)
Generate toy 156/250

 -- MarkovChainMC -- 
Limit: r < 2.53446 +/- 0.0421171 @ 95% credibility (15 tries)
Done in 0.24 min (cpu), 0.24 min (real)
Generate toy 157/250

 -- MarkovChainMC -- 
Limit: r < 2.73006 +/- 0.0484119 @ 95% credibility (15 tries)
Done in 0.26 min (cpu), 0.26 min (real)
Generate toy 158/250

 -- MarkovChainMC -- 
Limit: r < 2.62432 +/- 0.0396445 @ 95% credibility (15 tries)
Done in 0.23 min (cpu), 0.23 min (real)
Generate toy 159/250

 -- MarkovChainMC -- 
Limit: r < 2.79449 +/- 0.0367332 @ 95% credibility (15 tries)
Done in 0.24 min (cpu), 0.24 min (real)
Generate toy 160/250

 -- MarkovChainMC -- 
Limit: r < 2.31598 +/- 0.0586947 @ 95% credibility (15 tries)
Done in 0.22 min (cpu), 0.22 min (real)
Generate toy 161/250

 -- MarkovChainMC -- 
Limit: r < 1.69641 +/- 0.034525 @ 95% credibility (15 tries)
Done in 0.22 min (cpu), 0.22 min (real)
Generate toy 162/250

 -- MarkovChainMC -- 
Limit: r < 1.41304 +/- 0.0311069 @ 95% credibility (15 tries)
Done in 0.25 min (cpu), 0.25 min (real)
Generate toy 163/250

 -- MarkovChainMC -- 
Limit: r < 2.10214 +/- 0.066955 @ 95% credibility (15 tries)
Done in 0.23 min (cpu), 0.23 min (real)
Generate toy 164/250

 -- MarkovChainMC -- 
Limit: r < 2.18792 +/- 0.0515915 @ 95% credibility (15 tries)
Done in 0.28 min (cpu), 0.28 min (real)
Generate toy 165/250

 -- MarkovChainMC -- 
Limit: r < 1.74224 +/- 0.0242659 @ 95% credibility (15 tries)
Done in 0.23 min (cpu), 0.23 min (real)
Generate toy 166/250

 -- MarkovChainMC -- 
Limit: r < 2.41671 +/- 0.0460592 @ 95% credibility (15 tries)
Done in 0.28 min (cpu), 0.28 min (real)
Generate toy 167/250

 -- MarkovChainMC -- 
Limit: r < 2.5529 +/- 0.0503692 @ 95% credibility (15 tries)
Done in 0.22 min (cpu), 0.22 min (real)
Generate toy 168/250

 -- MarkovChainMC -- 
Limit: r < 1.80225 +/- 0.0517599 @ 95% credibility (15 tries)
Done in 0.22 min (cpu), 0.22 min (real)
Generate toy 169/250

 -- MarkovChainMC -- 
Limit: r < 1.34552 +/- 0.0338798 @ 95% credibility (15 tries)
Done in 0.24 min (cpu), 0.24 min (real)
Generate toy 170/250

 -- MarkovChainMC -- 
Limit: r < 2.75603 +/- 0.0729101 @ 95% credibility (15 tries)
Done in 0.23 min (cpu), 0.23 min (real)
Generate toy 171/250

 -- MarkovChainMC -- 
Limit: r < 3.98552 +/- 0.0545446 @ 95% credibility (15 tries)
Done in 0.25 min (cpu), 0.25 min (real)
Generate toy 172/250

 -- MarkovChainMC -- 
Limit: r < 1.84393 +/- 0.0195511 @ 95% credibility (15 tries)
Done in 0.24 min (cpu), 0.24 min (real)
Generate toy 173/250

 -- MarkovChainMC -- 
Limit: r < 1.13926 +/- 0.0173005 @ 95% credibility (15 tries)
Done in 0.23 min (cpu), 0.23 min (real)
Generate toy 174/250

 -- MarkovChainMC -- 
Limit: r < 1.19081 +/- 0.0281351 @ 95% credibility (15 tries)
Done in 0.24 min (cpu), 0.24 min (real)
Generate toy 175/250

 -- MarkovChainMC -- 
Limit: r < 1.60223 +/- 0.0473124 @ 95% credibility (15 tries)
Done in 0.23 min (cpu), 0.23 min (real)
Generate toy 176/250

 -- MarkovChainMC -- 
Limit: r < 1.36002 +/- 0.0339711 @ 95% credibility (15 tries)
Done in 0.22 min (cpu), 0.22 min (real)
Generate toy 177/250

 -- MarkovChainMC -- 
Limit: r < 1.32705 +/- 0.0254842 @ 95% credibility (15 tries)
Done in 0.24 min (cpu), 0.24 min (real)
Generate toy 178/250

 -- MarkovChainMC -- 
Limit: r < 2.00054 +/- 0.0632655 @ 95% credibility (15 tries)
Done in 0.22 min (cpu), 0.22 min (real)
Generate toy 179/250

 -- MarkovChainMC -- 
Limit: r < 1.58354 +/- 0.0422308 @ 95% credibility (15 tries)
Done in 0.22 min (cpu), 0.22 min (real)
Generate toy 180/250

 -- MarkovChainMC -- 
Limit: r < 2.16711 +/- 0.0355072 @ 95% credibility (15 tries)
Done in 0.23 min (cpu), 0.23 min (real)
Generate toy 181/250

 -- MarkovChainMC -- 
Limit: r < 1.51872 +/- 0.0317693 @ 95% credibility (15 tries)
Done in 0.22 min (cpu), 0.22 min (real)
Generate toy 182/250

 -- MarkovChainMC -- 
Limit: r < 1.55696 +/- 0.0551158 @ 95% credibility (15 tries)
Done in 0.25 min (cpu), 0.25 min (real)
Generate toy 183/250

 -- MarkovChainMC -- 
Limit: r < 2.40838 +/- 0.0394331 @ 95% credibility (15 tries)
Done in 0.22 min (cpu), 0.22 min (real)
Generate toy 184/250

 -- MarkovChainMC -- 
Limit: r < 2.37312 +/- 0.044662 @ 95% credibility (15 tries)
Done in 0.22 min (cpu), 0.22 min (real)
Generate toy 185/250

 -- MarkovChainMC -- 
Limit: r < 1.28505 +/- 0.0328892 @ 95% credibility (15 tries)
Done in 0.24 min (cpu), 0.24 min (real)
Generate toy 186/250

 -- MarkovChainMC -- 
Limit: r < 1.92047 +/- 0.0503553 @ 95% credibility (15 tries)
Done in 0.22 min (cpu), 0.22 min (real)
Generate toy 187/250

 -- MarkovChainMC -- 
Limit: r < 1.92796 +/- 0.0388144 @ 95% credibility (15 tries)
Done in 0.22 min (cpu), 0.22 min (real)
Generate toy 188/250

 -- MarkovChainMC -- 
Limit: r < 2.08896 +/- 0.0383424 @ 95% credibility (15 tries)
Done in 0.22 min (cpu), 0.23 min (real)
Generate toy 189/250

 -- MarkovChainMC -- 
Limit: r < 1.85658 +/- 0.0299175 @ 95% credibility (15 tries)
Done in 0.21 min (cpu), 0.22 min (real)
Generate toy 190/250

 -- MarkovChainMC -- 
Limit: r < 2.85285 +/- 0.0594534 @ 95% credibility (15 tries)
Done in 0.22 min (cpu), 0.22 min (real)
Generate toy 191/250

 -- MarkovChainMC -- 
Limit: r < 3.31288 +/- 0.0519795 @ 95% credibility (15 tries)
Done in 0.22 min (cpu), 0.22 min (real)
Generate toy 192/250

 -- MarkovChainMC -- 
Limit: r < 2.5804 +/- 0.0471079 @ 95% credibility (15 tries)
Done in 0.24 min (cpu), 0.24 min (real)
Generate toy 193/250

 -- MarkovChainMC -- 
Limit: r < 2.09477 +/- 0.0712278 @ 95% credibility (15 tries)
Done in 0.23 min (cpu), 0.23 min (real)
Generate toy 194/250

 -- MarkovChainMC -- 
Limit: r < 1.7258 +/- 0.0256346 @ 95% credibility (15 tries)
Done in 0.22 min (cpu), 0.22 min (real)
Generate toy 195/250

 -- MarkovChainMC -- 
Limit: r < 2.68763 +/- 0.0288372 @ 95% credibility (15 tries)
Done in 0.23 min (cpu), 0.23 min (real)
Generate toy 196/250

 -- MarkovChainMC -- 
Limit: r < 1.5722 +/- 0.0359522 @ 95% credibility (15 tries)
Done in 0.23 min (cpu), 0.23 min (real)
Generate toy 197/250

 -- MarkovChainMC -- 
Limit: r < 1.05411 +/- 0.015123 @ 95% credibility (15 tries)
Done in 0.22 min (cpu), 0.22 min (real)
Generate toy 198/250

 -- MarkovChainMC -- 
Limit: r < 1.50855 +/- 0.0316763 @ 95% credibility (15 tries)
Done in 0.22 min (cpu), 0.22 min (real)
Generate toy 199/250

 -- MarkovChainMC -- 
Limit: r < 1.66326 +/- 0.039127 @ 95% credibility (15 tries)
Done in 0.22 min (cpu), 0.22 min (real)
Generate toy 200/250

 -- MarkovChainMC -- 
Limit: r < 2.66883 +/- 0.0460084 @ 95% credibility (15 tries)
Done in 0.22 min (cpu), 0.22 min (real)
Generate toy 201/250

 -- MarkovChainMC -- 
Limit: r < 1.3892 +/- 0.0432452 @ 95% credibility (15 tries)
Done in 0.21 min (cpu), 0.22 min (real)
Generate toy 202/250

 -- MarkovChainMC -- 
Limit: r < 1.50928 +/- 0.0330174 @ 95% credibility (15 tries)
Done in 0.21 min (cpu), 0.21 min (real)
Generate toy 203/250

 -- MarkovChainMC -- 
Limit: r < 2.56599 +/- 0.0520751 @ 95% credibility (15 tries)
Done in 0.23 min (cpu), 0.23 min (real)
Generate toy 204/250

 -- MarkovChainMC -- 
Limit: r < 2.25643 +/- 0.0430291 @ 95% credibility (15 tries)
Done in 0.23 min (cpu), 0.23 min (real)
Generate toy 205/250

 -- MarkovChainMC -- 
Limit: r < 1.32341 +/- 0.0301347 @ 95% credibility (15 tries)
Done in 0.23 min (cpu), 0.23 min (real)
Generate toy 206/250

 -- MarkovChainMC -- 
Limit: r < 2.40574 +/- 0.0624284 @ 95% credibility (15 tries)
Done in 0.24 min (cpu), 0.24 min (real)
Generate toy 207/250

 -- MarkovChainMC -- 
Limit: r < 2.63405 +/- 0.0429457 @ 95% credibility (15 tries)
Done in 0.28 min (cpu), 0.29 min (real)
Generate toy 208/250

 -- MarkovChainMC -- 
Limit: r < 1.59767 +/- 0.0484784 @ 95% credibility (15 tries)
Done in 0.32 min (cpu), 0.32 min (real)
Generate toy 209/250

 -- MarkovChainMC -- 
Limit: r < 1.69629 +/- 0.0151717 @ 95% credibility (15 tries)
Done in 0.32 min (cpu), 0.32 min (real)
Generate toy 210/250

 -- MarkovChainMC -- 
Limit: r < 1.02617 +/- 0.0275783 @ 95% credibility (15 tries)
Done in 0.25 min (cpu), 0.25 min (real)
Generate toy 211/250

 -- MarkovChainMC -- 
Limit: r < 1.17898 +/- 0.025522 @ 95% credibility (15 tries)
Done in 0.25 min (cpu), 0.25 min (real)
Generate toy 212/250

 -- MarkovChainMC -- 
Limit: r < 1.70289 +/- 0.04656 @ 95% credibility (15 tries)
Done in 0.26 min (cpu), 0.26 min (real)
Generate toy 213/250

 -- MarkovChainMC -- 
Limit: r < 1.5694 +/- 0.0377426 @ 95% credibility (15 tries)
Done in 0.25 min (cpu), 0.25 min (real)
Generate toy 214/250

 -- MarkovChainMC -- 
Limit: r < 1.10933 +/- 0.0358335 @ 95% credibility (15 tries)
Done in 0.27 min (cpu), 0.27 min (real)
Generate toy 215/250

 -- MarkovChainMC -- 
Limit: r < 1.35605 +/- 0.0383636 @ 95% credibility (15 tries)
Done in 0.26 min (cpu), 0.26 min (real)
Generate toy 216/250

 -- MarkovChainMC -- 
Limit: r < 1.33666 +/- 0.0331192 @ 95% credibility (15 tries)
Done in 0.26 min (cpu), 0.26 min (real)
Generate toy 217/250

 -- MarkovChainMC -- 
Limit: r < 1.18314 +/- 0.0283773 @ 95% credibility (15 tries)
Done in 0.29 min (cpu), 0.29 min (real)
Generate toy 218/250

 -- MarkovChainMC -- 
Limit: r < 1.75906 +/- 0.0340262 @ 95% credibility (15 tries)
Done in 0.29 min (cpu), 0.29 min (real)
Generate toy 219/250

 -- MarkovChainMC -- 
Limit: r < 1.86883 +/- 0.0395151 @ 95% credibility (15 tries)
Done in 0.29 min (cpu), 0.29 min (real)
Generate toy 220/250

 -- MarkovChainMC -- 
Limit: r < 2.52809 +/- 0.025415 @ 95% credibility (15 tries)
Done in 0.23 min (cpu), 0.24 min (real)
Generate toy 221/250

 -- MarkovChainMC -- 
Limit: r < 1.22543 +/- 0.0409031 @ 95% credibility (15 tries)
Done in 0.26 min (cpu), 0.26 min (real)
Generate toy 222/250

 -- MarkovChainMC -- 
Limit: r < 1.37034 +/- 0.0391378 @ 95% credibility (15 tries)
Done in 0.24 min (cpu), 0.24 min (real)
Generate toy 223/250

 -- MarkovChainMC -- 
Limit: r < 2.04565 +/- 0.0460898 @ 95% credibility (15 tries)
Done in 0.24 min (cpu), 0.24 min (real)
Generate toy 224/250

 -- MarkovChainMC -- 
Limit: r < 2.55743 +/- 0.0600454 @ 95% credibility (15 tries)
Done in 0.24 min (cpu), 0.24 min (real)
Generate toy 225/250

 -- MarkovChainMC -- 
Limit: r < 1.72175 +/- 0.0221797 @ 95% credibility (15 tries)
Done in 0.26 min (cpu), 0.26 min (real)
Generate toy 226/250

 -- MarkovChainMC -- 
Limit: r < 2.09554 +/- 0.040076 @ 95% credibility (15 tries)
Done in 0.27 min (cpu), 0.27 min (real)
Generate toy 227/250

 -- MarkovChainMC -- 
Limit: r < 2.87837 +/- 0.0443387 @ 95% credibility (15 tries)
Done in 0.24 min (cpu), 0.24 min (real)
Generate toy 228/250

 -- MarkovChainMC -- 
Limit: r < 2.27065 +/- 0.028395 @ 95% credibility (15 tries)
Done in 0.25 min (cpu), 0.25 min (real)
Generate toy 229/250

 -- MarkovChainMC -- 
Limit: r < 2.18341 +/- 0.0378985 @ 95% credibility (15 tries)
Done in 0.25 min (cpu), 0.25 min (real)
Generate toy 230/250

 -- MarkovChainMC -- 
Limit: r < 1.69435 +/- 0.0232883 @ 95% credibility (15 tries)
Done in 0.24 min (cpu), 0.25 min (real)
Generate toy 231/250

 -- MarkovChainMC -- 
Limit: r < 3.45381 +/- 0.0432257 @ 95% credibility (15 tries)
Done in 0.23 min (cpu), 0.23 min (real)
Generate toy 232/250

 -- MarkovChainMC -- 
Limit: r < 2.33667 +/- 0.073594 @ 95% credibility (15 tries)
Done in 0.22 min (cpu), 0.23 min (real)
Generate toy 233/250

 -- MarkovChainMC -- 
Limit: r < 2.95313 +/- 0.045373 @ 95% credibility (15 tries)
Done in 0.26 min (cpu), 0.27 min (real)
Generate toy 234/250

 -- MarkovChainMC -- 
Limit: r < 1.53794 +/- 0.0361229 @ 95% credibility (15 tries)
Done in 0.28 min (cpu), 0.29 min (real)
Generate toy 235/250

 -- MarkovChainMC -- 
Limit: r < 1.71936 +/- 0.0312064 @ 95% credibility (15 tries)
Done in 0.25 min (cpu), 0.25 min (real)
Generate toy 236/250

 -- MarkovChainMC -- 
Limit: r < 1.29374 +/- 0.0280501 @ 95% credibility (15 tries)
Done in 0.25 min (cpu), 0.26 min (real)
Generate toy 237/250

 -- MarkovChainMC -- 
Limit: r < 2.25002 +/- 0.0414347 @ 95% credibility (15 tries)
Done in 0.24 min (cpu), 0.24 min (real)
Generate toy 238/250

 -- MarkovChainMC -- 
Limit: r < 2.12758 +/- 0.0426392 @ 95% credibility (15 tries)
Done in 0.28 min (cpu), 0.28 min (real)
Generate toy 239/250

 -- MarkovChainMC -- 
Limit: r < 2.01237 +/- 0.0173432 @ 95% credibility (15 tries)
Done in 0.35 min (cpu), 0.35 min (real)
Generate toy 240/250

 -- MarkovChainMC -- 
Limit: r < 2.94831 +/- 0.0381892 @ 95% credibility (15 tries)
Done in 0.34 min (cpu), 0.34 min (real)
Generate toy 241/250

 -- MarkovChainMC -- 
Limit: r < 1.64565 +/- 0.031671 @ 95% credibility (15 tries)
Done in 0.28 min (cpu), 0.28 min (real)
Generate toy 242/250

 -- MarkovChainMC -- 
Limit: r < 2.64211 +/- 0.0894521 @ 95% credibility (15 tries)
Done in 0.26 min (cpu), 0.26 min (real)
Generate toy 243/250

 -- MarkovChainMC -- 
Limit: r < 1.52507 +/- 0.0476075 @ 95% credibility (15 tries)
Done in 0.26 min (cpu), 0.26 min (real)
Generate toy 244/250

 -- MarkovChainMC -- 
Limit: r < 1.62749 +/- 0.0400828 @ 95% credibility (15 tries)
Done in 0.32 min (cpu), 0.32 min (real)
Generate toy 245/250

 -- MarkovChainMC -- 
Limit: r < 2.04916 +/- 0.0540595 @ 95% credibility (15 tries)
Done in 0.30 min (cpu), 0.31 min (real)
Generate toy 246/250

 -- MarkovChainMC -- 
Limit: r < 1.49175 +/- 0.0228266 @ 95% credibility (15 tries)
Done in 0.26 min (cpu), 0.26 min (real)
Generate toy 247/250

 -- MarkovChainMC -- 
Limit: r < 2.29838 +/- 0.0337944 @ 95% credibility (15 tries)
Done in 0.26 min (cpu), 0.26 min (real)
Generate toy 248/250

 -- MarkovChainMC -- 
Limit: r < 2.81846 +/- 0.0273506 @ 95% credibility (15 tries)
Done in 0.25 min (cpu), 0.26 min (real)
Generate toy 249/250

 -- MarkovChainMC -- 
Limit: r < 2.56566 +/- 0.0422809 @ 95% credibility (15 tries)
Done in 0.25 min (cpu), 0.26 min (real)
Generate toy 250/250

 -- MarkovChainMC -- 
Limit: r < 1.61051 +/- 0.0415938 @ 95% credibility (15 tries)
Done in 0.28 min (cpu), 0.28 min (real)
mean   expected limit: r < 1.98198 +/- 0.0399028 @ 95%CL (250 toyMC)
median expected limit: r < 1.90071 @ 95%CL (250 toyMC)
   68% expected band : 1.33666 < r < 2.63405
   95% expected band : 1.05411 < r < 3.55941
