 <<< Combine >>> 
 <<< v10.0.2 >>>
>>> Used OpenSSL to get a truly random seed -656536171
>>> Method used is MarkovChainMC
============================================================
Analyzing bin errors for: prop_binmuon22
Poisson cut-off: 10
Processes excluded for sums: Wprime600
============================================================
Bin        Contents        Error           Notes                         
0          5494.289514     14.389723       total sum                     
0          5489.009974     14.389572       excluding marked processes    
0          145510.000000   381.457730      Unweighted events, alpha=0.037759
  => Total parameter prop_binmuon22_bin0[0.00,-7.00,7.00] to be Gaussian constrained
------------------------------------------------------------
1          2099.572322     7.508263        total sum                     
1          2091.469679     7.507819        excluding marked processes    
1          77602.000000    278.571355      Unweighted events, alpha=0.027056
  => Total parameter prop_binmuon22_bin1[0.00,-7.00,7.00] to be Gaussian constrained
------------------------------------------------------------
2          927.604490      5.743417        total sum                     
2          925.287269      5.743251        excluding marked processes    
2          25956.000000    161.108659      Unweighted events, alpha=0.035738
  => Total parameter prop_binmuon22_bin2[0.00,-7.00,7.00] to be Gaussian constrained
------------------------------------------------------------
3          462.824292      3.622094        total sum                     
3          462.717279      3.622082        excluding marked processes    
3          16320.000000    127.749755      Unweighted events, alpha=0.028359
  => Total parameter prop_binmuon22_bin3[0.00,-7.00,7.00] to be Gaussian constrained
------------------------------------------------------------
4          240.264431      1.533820        total sum                     
4          240.228093      1.533810        excluding marked processes    
4          24530.000000    156.620561      Unweighted events, alpha=0.009795
  => Total parameter prop_binmuon22_bin4[0.00,-7.00,7.00] to be Gaussian constrained
------------------------------------------------------------
5          139.130900      1.742912        total sum                     
5          139.121722      1.742909        excluding marked processes    
5          6371.000000     79.818544       Unweighted events, alpha=0.021838
  => Total parameter prop_binmuon22_bin5[0.00,-7.00,7.00] to be Gaussian constrained
------------------------------------------------------------
6          132.810494      1.064646        total sum                     
6          132.798509      1.064641        excluding marked processes    
6          15559.000000    124.735721      Unweighted events, alpha=0.008536
  => Total parameter prop_binmuon22_bin6[0.00,-7.00,7.00] to be Gaussian constrained
------------------------------------------------------------
7          51.879329       0.721632        total sum                     
7          51.876344       0.721630        excluding marked processes    
7          5168.000000     71.888803       Unweighted events, alpha=0.010039
  => Total parameter prop_binmuon22_bin7[0.00,-7.00,7.00] to be Gaussian constrained
------------------------------------------------------------
8          29.340042       0.468874        total sum                     
8          29.337675       0.468872        excluding marked processes    
8          3915.000000     62.569961       Unweighted events, alpha=0.007494
  => Total parameter prop_binmuon22_bin8[0.00,-7.00,7.00] to be Gaussian constrained
------------------------------------------------------------
9          9.942936        0.334526        total sum                     
9          9.941359        0.334523        excluding marked processes    
9          883.000000      29.715316       Unweighted events, alpha=0.011260
  => Total parameter prop_binmuon22_bin9[0.00,-7.00,7.00] to be Gaussian constrained
------------------------------------------------------------
10         4.165375        0.105525        total sum                     
10         4.165375        0.105525        excluding marked processes    
10         1558.000000     39.471509       Unweighted events, alpha=0.002674
  => Total parameter prop_binmuon22_bin10[0.00,-7.00,7.00] to be Gaussian constrained
------------------------------------------------------------
11         1.762132        0.218174        total sum                     
11         1.762132        0.218174        excluding marked processes    
11         65.000000       8.062258        Unweighted events, alpha=0.027110
  => Total parameter prop_binmuon22_bin11[0.00,-7.00,7.00] to be Gaussian constrained
------------------------------------------------------------
12         0.276349        0.001778        total sum                     
12         0.276349        0.001778        excluding marked processes    
12         24153.000000    155.412355      Unweighted events, alpha=0.000011
  => Total parameter prop_binmuon22_bin12[0.00,-7.00,7.00] to be Gaussian constrained
------------------------------------------------------------
13         0.085750        0.001214        total sum                     
13         0.085750        0.001214        excluding marked processes    
13         4991.000000     70.647010       Unweighted events, alpha=0.000017
  => Total parameter prop_binmuon22_bin13[0.00,-7.00,7.00] to be Gaussian constrained
------------------------------------------------------------
14         0.007105        0.001511        total sum                     
14         0.007105        0.001511        excluding marked processes    
14         22.000000       4.690416        Unweighted events, alpha=0.000323
  => Total parameter prop_binmuon22_bin14[0.00,-7.00,7.00] to be Gaussian constrained
------------------------------------------------------------
15         0.001078        0.000054        total sum                     
15         0.001078        0.000054        excluding marked processes    
15         404.000000      20.099751       Unweighted events, alpha=0.000003
  => Total parameter prop_binmuon22_bin15[0.00,-7.00,7.00] to be Gaussian constrained
------------------------------------------------------------
============================================================
Analyzing bin errors for: prop_binmuon23
Poisson cut-off: 10
Processes excluded for sums: Wprime600
============================================================
Bin        Contents        Error           Notes                         
0          4249.973479     16.603276       total sum                     
0          4245.728997     16.603213       excluding marked processes    
0          65391.000000    255.716640      Unweighted events, alpha=0.064993
  => Total parameter prop_binmuon23_bin0[0.00,-7.00,7.00] to be Gaussian constrained
------------------------------------------------------------
1          1627.586907     7.828257        total sum                     
1          1621.101079     7.828053        excluding marked processes    
1          42886.000000    207.089353      Unweighted events, alpha=0.037951
  => Total parameter prop_binmuon23_bin1[0.00,-7.00,7.00] to be Gaussian constrained
------------------------------------------------------------
2          723.248805      4.795609        total sum                     
2          721.396648      4.795515        excluding marked processes    
2          22630.000000    150.432709      Unweighted events, alpha=0.031960
  => Total parameter prop_binmuon23_bin2[0.00,-7.00,7.00] to be Gaussian constrained
------------------------------------------------------------
3          359.379020      3.009362        total sum                     
3          359.285774      3.009355        excluding marked processes    
3          14254.000000    119.390117      Unweighted events, alpha=0.025213
  => Total parameter prop_binmuon23_bin3[0.00,-7.00,7.00] to be Gaussian constrained
------------------------------------------------------------
4          191.216000      3.360878        total sum                     
4          191.190097      3.360877        excluding marked processes    
4          3236.000000     56.885851       Unweighted events, alpha=0.059090
  => Total parameter prop_binmuon23_bin4[0.00,-7.00,7.00] to be Gaussian constrained
------------------------------------------------------------
5          112.225261      1.192112        total sum                     
5          112.217111      1.192110        excluding marked processes    
5          8861.000000     94.132885       Unweighted events, alpha=0.012665
  => Total parameter prop_binmuon23_bin5[0.00,-7.00,7.00] to be Gaussian constrained
------------------------------------------------------------
6          107.134319      1.524074        total sum                     
6          107.129583      1.524073        excluding marked processes    
6          4941.000000     70.292247       Unweighted events, alpha=0.021683
  => Total parameter prop_binmuon23_bin6[0.00,-7.00,7.00] to be Gaussian constrained
------------------------------------------------------------
7          41.108968       0.657923        total sum                     
7          41.104515       0.657922        excluding marked processes    
7          3903.000000     62.473995       Unweighted events, alpha=0.010533
  => Total parameter prop_binmuon23_bin7[0.00,-7.00,7.00] to be Gaussian constrained
------------------------------------------------------------
8          23.449865       0.587056        total sum                     
8          23.449391       0.587056        excluding marked processes    
8          1596.000000     39.949969       Unweighted events, alpha=0.014693
  => Total parameter prop_binmuon23_bin8[0.00,-7.00,7.00] to be Gaussian constrained
------------------------------------------------------------
9          8.355840        0.394559        total sum                     
9          8.355840        0.394559        excluding marked processes    
9          448.000000      21.166010       Unweighted events, alpha=0.018651
  => Total parameter prop_binmuon23_bin9[0.00,-7.00,7.00] to be Gaussian constrained
------------------------------------------------------------
10         3.506378        0.251887        total sum                     
10         3.506378        0.251887        excluding marked processes    
10         194.000000      13.928388       Unweighted events, alpha=0.018074
  => Total parameter prop_binmuon23_bin10[0.00,-7.00,7.00] to be Gaussian constrained
------------------------------------------------------------
11         1.363219        0.180174        total sum                     
11         1.363219        0.180174        excluding marked processes    
11         57.000000       7.549834        Unweighted events, alpha=0.023916
  => Total parameter prop_binmuon23_bin11[0.00,-7.00,7.00] to be Gaussian constrained
------------------------------------------------------------
12         0.530791        0.289065        total sum                     
12         0.530791        0.289065        excluding marked processes    
12         3.000000        1.732051        Unweighted events, alpha=0.176930
  => Number of weighted events is below Poisson threshold
    Wprime600            0.000000        0.000000                                      
      => Error is zero, ignore      
  ----------------------------------------------------------
    W_boson              0.216692        0.001181                                      
                         33653.000000    183.447540      Unweighted events, alpha=0.000006
      => Parameter prop_binmuon23_bin12_W_boson[0.00,-7.00,7.00] to be Gaussian constrained
  ----------------------------------------------------------
    Top                  0.000000        0.000000                                      
      => Error is zero, ignore      
  ----------------------------------------------------------
    Z_boson              0.004094        0.000500                                      
                         67.000000       8.185353        Unweighted events, alpha=0.000061
      => Parameter prop_binmuon23_bin12_Z_boson[0.00,-7.00,7.00] to be Gaussian constrained
  ----------------------------------------------------------
    DiBoson              0.288910        0.288561                                      
                         1.000000        1.000000        Unweighted events, alpha=0.288910
      => Product of prop_binmuon23_bin12_DiBoson[1.00,0.00,30.85] and const [1.0000] to be Poisson constrained
  ----------------------------------------------------------
    QCD                  0.021095        0.017013                                      
                         2.000000        1.414214        Unweighted events, alpha=0.010547
      => Product of prop_binmuon23_bin12_QCD[2.00,0.00,33.79] and const [0.5000] to be Poisson constrained
  ----------------------------------------------------------
------------------------------------------------------------
13         0.067145        0.000584        total sum                     
13         0.067145        0.000584        excluding marked processes    
13         13239.000000    115.060853      Unweighted events, alpha=0.000005
  => Total parameter prop_binmuon23_bin13[0.00,-7.00,7.00] to be Gaussian constrained
------------------------------------------------------------
14         0.003967        0.000043        total sum                     
14         0.003967        0.000043        excluding marked processes    
14         8482.000000     92.097774       Unweighted events, alpha=0.000000
  => Total parameter prop_binmuon23_bin14[0.00,-7.00,7.00] to be Gaussian constrained
------------------------------------------------------------
15         0.005625        0.003835        total sum                     
15         0.005625        0.003835        excluding marked processes    
15         2.000000        1.414214        Unweighted events, alpha=0.002813
  => Number of weighted events is below Poisson threshold
    Wprime600            0.000000        0.000000                                      
      => Error is zero, ignore      
  ----------------------------------------------------------
    W_boson              0.000849        0.000021                                      
                         1670.000000     40.865633       Unweighted events, alpha=0.000001
      => Parameter prop_binmuon23_bin15_W_boson[0.00,-7.00,7.00] to be Gaussian constrained
  ----------------------------------------------------------
    Top                  0.000000        0.000000                                      
      => Error is zero, ignore      
  ----------------------------------------------------------
    Z_boson              0.000011        0.000003                                      
                         16.000000       4.000000        Unweighted events, alpha=0.000001
      => Parameter prop_binmuon23_bin15_Z_boson[0.00,-7.00,7.00] to be Gaussian constrained
  ----------------------------------------------------------
    DiBoson              0.000000        0.000000                                      
      => Error is zero, ignore      
  ----------------------------------------------------------
    QCD                  0.004765        0.003834                                      
                         2.000000        1.414214        Unweighted events, alpha=0.002383
      => Product of prop_binmuon23_bin15_QCD[2.00,0.00,33.79] and const [0.5000] to be Poisson constrained
  ----------------------------------------------------------
------------------------------------------------------------
Channel muon22 will use autoMCStats with settings: event-threshold=10, include-signal=0, hist-mode=1
Channel muon23 will use autoMCStats with settings: event-threshold=10, include-signal=0, hist-mode=1
Generate toy 1/250

 -- MarkovChainMC -- 
Limit: r < 9.5589 +/- 0.143707 @ 95% credibility (15 tries)
Done in 0.16 min (cpu), 0.16 min (real)
Generate toy 2/250

 -- MarkovChainMC -- 
Limit: r < 7.90744 +/- 0.104478 @ 95% credibility (15 tries)
Done in 0.16 min (cpu), 0.16 min (real)
Generate toy 3/250

 -- MarkovChainMC -- 
Limit: r < 13.4488 +/- 0.353267 @ 95% credibility (15 tries)
Done in 0.16 min (cpu), 0.17 min (real)
Generate toy 4/250

 -- MarkovChainMC -- 
Limit: r < 12.7424 +/- 0.151296 @ 95% credibility (15 tries)
Done in 0.16 min (cpu), 0.16 min (real)
Generate toy 5/250

 -- MarkovChainMC -- 
Limit: r < 13.1506 +/- 0.0973184 @ 95% credibility (15 tries)
Done in 0.16 min (cpu), 0.16 min (real)
Generate toy 6/250

 -- MarkovChainMC -- 
Limit: r < 22.7037 +/- 0.332986 @ 95% credibility (15 tries)
Done in 0.16 min (cpu), 0.17 min (real)
Generate toy 7/250

 -- MarkovChainMC -- 
Limit: r < 12.1625 +/- 0.203237 @ 95% credibility (15 tries)
Done in 0.16 min (cpu), 0.16 min (real)
Generate toy 8/250

 -- MarkovChainMC -- 
Limit: r < 14.2822 +/- 0.225128 @ 95% credibility (15 tries)
Done in 0.16 min (cpu), 0.16 min (real)
Generate toy 9/250

 -- MarkovChainMC -- 
Limit: r < 13.5604 +/- 0.194986 @ 95% credibility (15 tries)
Done in 0.17 min (cpu), 0.17 min (real)
Generate toy 10/250

 -- MarkovChainMC -- 
Limit: r < 7.6845 +/- 0.151753 @ 95% credibility (15 tries)
Done in 0.16 min (cpu), 0.16 min (real)
Generate toy 11/250

 -- MarkovChainMC -- 
Limit: r < 9.68761 +/- 0.13985 @ 95% credibility (15 tries)
Done in 0.16 min (cpu), 0.16 min (real)
Generate toy 12/250

 -- MarkovChainMC -- 
Limit: r < 7.80412 +/- 0.165129 @ 95% credibility (15 tries)
Done in 0.16 min (cpu), 0.16 min (real)
Generate toy 13/250

 -- MarkovChainMC -- 
Limit: r < 12.7894 +/- 0.252771 @ 95% credibility (15 tries)
Done in 0.16 min (cpu), 0.16 min (real)
Generate toy 14/250

 -- MarkovChainMC -- 
Limit: r < 12.3753 +/- 0.200618 @ 95% credibility (15 tries)
Done in 0.16 min (cpu), 0.17 min (real)
Generate toy 15/250

 -- MarkovChainMC -- 
Limit: r < 11.2433 +/- 0.184796 @ 95% credibility (15 tries)
Done in 0.16 min (cpu), 0.16 min (real)
Generate toy 16/250

 -- MarkovChainMC -- 
Limit: r < 9.58201 +/- 0.253446 @ 95% credibility (15 tries)
Done in 0.16 min (cpu), 0.16 min (real)
Generate toy 17/250

 -- MarkovChainMC -- 
Limit: r < 12.9118 +/- 0.202759 @ 95% credibility (15 tries)
Done in 0.16 min (cpu), 0.16 min (real)
Generate toy 18/250

 -- MarkovChainMC -- 
Limit: r < 7.49851 +/- 0.165883 @ 95% credibility (15 tries)
Done in 0.15 min (cpu), 0.15 min (real)
Generate toy 19/250

 -- MarkovChainMC -- 
Limit: r < 7.25349 +/- 0.190459 @ 95% credibility (15 tries)
Done in 0.15 min (cpu), 0.16 min (real)
Generate toy 20/250

 -- MarkovChainMC -- 
Limit: r < 7.42177 +/- 0.316288 @ 95% credibility (15 tries)
Done in 0.16 min (cpu), 0.16 min (real)
Generate toy 21/250

 -- MarkovChainMC -- 
Limit: r < 13.8717 +/- 0.22495 @ 95% credibility (15 tries)
Done in 0.16 min (cpu), 0.16 min (real)
Generate toy 22/250

 -- MarkovChainMC -- 
Limit: r < 9.48726 +/- 0.146088 @ 95% credibility (15 tries)
Done in 0.16 min (cpu), 0.16 min (real)
Generate toy 23/250

 -- MarkovChainMC -- 
Limit: r < 6.55992 +/- 0.135269 @ 95% credibility (15 tries)
Done in 0.15 min (cpu), 0.15 min (real)
Generate toy 24/250

 -- MarkovChainMC -- 
Limit: r < 10.7157 +/- 0.245108 @ 95% credibility (15 tries)
Done in 0.17 min (cpu), 0.17 min (real)
Generate toy 25/250

 -- MarkovChainMC -- 
Limit: r < 9.47244 +/- 0.14936 @ 95% credibility (15 tries)
Done in 0.16 min (cpu), 0.17 min (real)
Generate toy 26/250

 -- MarkovChainMC -- 
Limit: r < 5.36691 +/- 0.191253 @ 95% credibility (15 tries)
Done in 0.16 min (cpu), 0.16 min (real)
Generate toy 27/250

 -- MarkovChainMC -- 
Limit: r < 7.58265 +/- 0.0711846 @ 95% credibility (15 tries)
Done in 0.16 min (cpu), 0.16 min (real)
Generate toy 28/250

 -- MarkovChainMC -- 
Limit: r < 10.7222 +/- 0.243914 @ 95% credibility (15 tries)
Done in 0.16 min (cpu), 0.16 min (real)
Generate toy 29/250

 -- MarkovChainMC -- 
Limit: r < 7.06515 +/- 0.155691 @ 95% credibility (15 tries)
Done in 0.16 min (cpu), 0.16 min (real)
Generate toy 30/250

 -- MarkovChainMC -- 
Limit: r < 9.87461 +/- 0.166193 @ 95% credibility (15 tries)
Done in 0.16 min (cpu), 0.16 min (real)
Generate toy 31/250

 -- MarkovChainMC -- 
Limit: r < 11.0445 +/- 0.201537 @ 95% credibility (15 tries)
Done in 0.16 min (cpu), 0.16 min (real)
Generate toy 32/250

 -- MarkovChainMC -- 
Limit: r < 15.9147 +/- 0.248896 @ 95% credibility (15 tries)
Done in 0.16 min (cpu), 0.16 min (real)
Generate toy 33/250

 -- MarkovChainMC -- 
Limit: r < 13.3999 +/- 0.293439 @ 95% credibility (15 tries)
Done in 0.17 min (cpu), 0.17 min (real)
Generate toy 34/250

 -- MarkovChainMC -- 
Limit: r < 11.8322 +/- 0.127433 @ 95% credibility (15 tries)
Done in 0.17 min (cpu), 0.17 min (real)
Generate toy 35/250

 -- MarkovChainMC -- 
Limit: r < 9.29755 +/- 0.186189 @ 95% credibility (15 tries)
Done in 0.16 min (cpu), 0.16 min (real)
Generate toy 36/250

 -- MarkovChainMC -- 
Limit: r < 19.4282 +/- 0.254822 @ 95% credibility (15 tries)
Done in 0.17 min (cpu), 0.17 min (real)
Generate toy 37/250

 -- MarkovChainMC -- 
Limit: r < 5.47705 +/- 0.0692807 @ 95% credibility (15 tries)
Done in 0.15 min (cpu), 0.16 min (real)
Generate toy 38/250

 -- MarkovChainMC -- 
Limit: r < 10.3629 +/- 0.229859 @ 95% credibility (15 tries)
Done in 0.16 min (cpu), 0.16 min (real)
Generate toy 39/250

 -- MarkovChainMC -- 
Limit: r < 9.08658 +/- 0.13478 @ 95% credibility (15 tries)
Done in 0.16 min (cpu), 0.16 min (real)
Generate toy 40/250

 -- MarkovChainMC -- 
Limit: r < 11.1236 +/- 0.204677 @ 95% credibility (15 tries)
Done in 0.16 min (cpu), 0.16 min (real)
Generate toy 41/250

 -- MarkovChainMC -- 
Limit: r < 10.4336 +/- 0.117117 @ 95% credibility (15 tries)
Done in 0.16 min (cpu), 0.16 min (real)
Generate toy 42/250

 -- MarkovChainMC -- 
Limit: r < 7.31833 +/- 0.161868 @ 95% credibility (15 tries)
Done in 0.16 min (cpu), 0.16 min (real)
Generate toy 43/250

 -- MarkovChainMC -- 
Limit: r < 15.1877 +/- 0.110637 @ 95% credibility (15 tries)
Done in 0.17 min (cpu), 0.17 min (real)
Generate toy 44/250

 -- MarkovChainMC -- 
Limit: r < 9.91847 +/- 0.112516 @ 95% credibility (15 tries)
Done in 0.16 min (cpu), 0.16 min (real)
Generate toy 45/250

 -- MarkovChainMC -- 
Limit: r < 17.9801 +/- 0.13048 @ 95% credibility (15 tries)
Done in 0.17 min (cpu), 0.17 min (real)
Generate toy 46/250

 -- MarkovChainMC -- 
Limit: r < 13.3454 +/- 0.307296 @ 95% credibility (15 tries)
Done in 0.16 min (cpu), 0.16 min (real)
Generate toy 47/250

 -- MarkovChainMC -- 
Limit: r < 20.3478 +/- 0.232316 @ 95% credibility (15 tries)
Done in 0.16 min (cpu), 0.17 min (real)
Generate toy 48/250

 -- MarkovChainMC -- 
Limit: r < 7.114 +/- 0.205282 @ 95% credibility (15 tries)
Done in 0.16 min (cpu), 0.16 min (real)
Generate toy 49/250

 -- MarkovChainMC -- 
Limit: r < 9.20107 +/- 0.171507 @ 95% credibility (15 tries)
Done in 0.16 min (cpu), 0.16 min (real)
Generate toy 50/250

 -- MarkovChainMC -- 
Limit: r < 6.33391 +/- 0.143685 @ 95% credibility (15 tries)
Done in 0.16 min (cpu), 0.16 min (real)
Generate toy 51/250

 -- MarkovChainMC -- 
Limit: r < 9.17878 +/- 0.149242 @ 95% credibility (15 tries)
Done in 0.17 min (cpu), 0.17 min (real)
Generate toy 52/250

 -- MarkovChainMC -- 
Limit: r < 9.50608 +/- 0.255352 @ 95% credibility (15 tries)
Done in 0.17 min (cpu), 0.17 min (real)
Generate toy 53/250

 -- MarkovChainMC -- 
Limit: r < 7.90606 +/- 0.212944 @ 95% credibility (15 tries)
Done in 0.16 min (cpu), 0.16 min (real)
Generate toy 54/250

 -- MarkovChainMC -- 
Limit: r < 6.56434 +/- 0.190041 @ 95% credibility (15 tries)
Done in 0.16 min (cpu), 0.16 min (real)
Generate toy 55/250

 -- MarkovChainMC -- 
Limit: r < 16.1889 +/- 0.243328 @ 95% credibility (15 tries)
Done in 0.17 min (cpu), 0.17 min (real)
Generate toy 56/250

 -- MarkovChainMC -- 
Limit: r < 9.42755 +/- 0.246809 @ 95% credibility (15 tries)
Done in 0.17 min (cpu), 0.17 min (real)
Generate toy 57/250

 -- MarkovChainMC -- 
Limit: r < 17.9118 +/- 0.398025 @ 95% credibility (15 tries)
Done in 0.17 min (cpu), 0.17 min (real)
Generate toy 58/250

 -- MarkovChainMC -- 
Limit: r < 10.9243 +/- 0.155766 @ 95% credibility (15 tries)
Done in 0.17 min (cpu), 0.17 min (real)
Generate toy 59/250

 -- MarkovChainMC -- 
Limit: r < 11.8402 +/- 0.307667 @ 95% credibility (15 tries)
Done in 0.17 min (cpu), 0.17 min (real)
Generate toy 60/250

 -- MarkovChainMC -- 
Limit: r < 11.1152 +/- 0.264598 @ 95% credibility (15 tries)
Done in 0.16 min (cpu), 0.17 min (real)
Generate toy 61/250

 -- MarkovChainMC -- 
Limit: r < 9.3384 +/- 0.158848 @ 95% credibility (15 tries)
Done in 0.17 min (cpu), 0.17 min (real)
Generate toy 62/250

 -- MarkovChainMC -- 
Limit: r < 8.95527 +/- 0.211933 @ 95% credibility (15 tries)
Done in 0.17 min (cpu), 0.17 min (real)
Generate toy 63/250

 -- MarkovChainMC -- 
Limit: r < 9.12104 +/- 0.19188 @ 95% credibility (15 tries)
Done in 0.17 min (cpu), 0.17 min (real)
Generate toy 64/250

 -- MarkovChainMC -- 
Limit: r < 12.9256 +/- 0.343152 @ 95% credibility (15 tries)
Done in 0.18 min (cpu), 0.18 min (real)
Generate toy 65/250

 -- MarkovChainMC -- 
Limit: r < 8.31057 +/- 0.173928 @ 95% credibility (15 tries)
Done in 0.16 min (cpu), 0.16 min (real)
Generate toy 66/250

 -- MarkovChainMC -- 
Limit: r < 12.1719 +/- 0.099649 @ 95% credibility (15 tries)
Done in 0.17 min (cpu), 0.17 min (real)
Generate toy 67/250

 -- MarkovChainMC -- 
Limit: r < 12.6492 +/- 0.225399 @ 95% credibility (15 tries)
Done in 0.17 min (cpu), 0.18 min (real)
Generate toy 68/250

 -- MarkovChainMC -- 
Limit: r < 9.42445 +/- 0.22556 @ 95% credibility (15 tries)
Done in 0.17 min (cpu), 0.17 min (real)
Generate toy 69/250

 -- MarkovChainMC -- 
Limit: r < 16.341 +/- 0.367844 @ 95% credibility (15 tries)
Done in 0.18 min (cpu), 0.18 min (real)
Generate toy 70/250

 -- MarkovChainMC -- 
Limit: r < 6.15465 +/- 0.177766 @ 95% credibility (15 tries)
Done in 0.16 min (cpu), 0.16 min (real)
Generate toy 71/250

 -- MarkovChainMC -- 
Limit: r < 15.1125 +/- 0.151533 @ 95% credibility (15 tries)
Done in 0.17 min (cpu), 0.17 min (real)
Generate toy 72/250

 -- MarkovChainMC -- 
Limit: r < 9.56397 +/- 0.144156 @ 95% credibility (15 tries)
Done in 0.17 min (cpu), 0.17 min (real)
Generate toy 73/250

 -- MarkovChainMC -- 
Limit: r < 19.3489 +/- 0.157679 @ 95% credibility (15 tries)
Done in 0.17 min (cpu), 0.17 min (real)
Generate toy 74/250

 -- MarkovChainMC -- 
Limit: r < 9.16994 +/- 0.233729 @ 95% credibility (15 tries)
Done in 0.16 min (cpu), 0.16 min (real)
Generate toy 75/250

 -- MarkovChainMC -- 
Limit: r < 19.0168 +/- 0.183531 @ 95% credibility (15 tries)
Done in 0.18 min (cpu), 0.18 min (real)
Generate toy 76/250

 -- MarkovChainMC -- 
Limit: r < 11.3245 +/- 0.103046 @ 95% credibility (15 tries)
Done in 0.17 min (cpu), 0.17 min (real)
Generate toy 77/250

 -- MarkovChainMC -- 
Limit: r < 9.10159 +/- 0.251091 @ 95% credibility (15 tries)
Done in 0.17 min (cpu), 0.17 min (real)
Generate toy 78/250

 -- MarkovChainMC -- 
Limit: r < 8.04538 +/- 0.163824 @ 95% credibility (15 tries)
Done in 0.16 min (cpu), 0.17 min (real)
Generate toy 79/250

 -- MarkovChainMC -- 
Limit: r < 7.67492 +/- 0.14878 @ 95% credibility (15 tries)
Done in 0.16 min (cpu), 0.16 min (real)
Generate toy 80/250

 -- MarkovChainMC -- 
Limit: r < 12.4863 +/- 0.139529 @ 95% credibility (15 tries)
Done in 0.17 min (cpu), 0.17 min (real)
Generate toy 81/250

 -- MarkovChainMC -- 
Limit: r < 16.7248 +/- 0.406808 @ 95% credibility (15 tries)
Done in 0.17 min (cpu), 0.18 min (real)
Generate toy 82/250

 -- MarkovChainMC -- 
Limit: r < 8.84622 +/- 0.184734 @ 95% credibility (15 tries)
Done in 0.17 min (cpu), 0.17 min (real)
Generate toy 83/250

 -- MarkovChainMC -- 
Limit: r < 11.3725 +/- 0.259394 @ 95% credibility (15 tries)
Done in 0.17 min (cpu), 0.17 min (real)
Generate toy 84/250

 -- MarkovChainMC -- 
Limit: r < 10.7873 +/- 0.153141 @ 95% credibility (15 tries)
Done in 0.17 min (cpu), 0.17 min (real)
Generate toy 85/250

 -- MarkovChainMC -- 
Limit: r < 20.9835 +/- 0.358957 @ 95% credibility (15 tries)
Done in 0.17 min (cpu), 0.18 min (real)
Generate toy 86/250

 -- MarkovChainMC -- 
Limit: r < 8.16276 +/- 0.173327 @ 95% credibility (15 tries)
Done in 0.16 min (cpu), 0.17 min (real)
Generate toy 87/250

 -- MarkovChainMC -- 
Limit: r < 9.65413 +/- 0.195635 @ 95% credibility (15 tries)
Done in 0.17 min (cpu), 0.17 min (real)
Generate toy 88/250

 -- MarkovChainMC -- 
Limit: r < 8.3391 +/- 0.177457 @ 95% credibility (15 tries)
Done in 0.16 min (cpu), 0.17 min (real)
Generate toy 89/250

 -- MarkovChainMC -- 
Limit: r < 9.91992 +/- 0.0982069 @ 95% credibility (15 tries)
Done in 0.17 min (cpu), 0.17 min (real)
Generate toy 90/250

 -- MarkovChainMC -- 
Limit: r < 12.423 +/- 0.391713 @ 95% credibility (15 tries)
Done in 0.17 min (cpu), 0.17 min (real)
Generate toy 91/250

 -- MarkovChainMC -- 
Limit: r < 6.306 +/- 0.122273 @ 95% credibility (15 tries)
Done in 0.16 min (cpu), 0.16 min (real)
Generate toy 92/250

 -- MarkovChainMC -- 
Limit: r < 11.4698 +/- 0.210016 @ 95% credibility (15 tries)
Done in 0.17 min (cpu), 0.17 min (real)
Generate toy 93/250

 -- MarkovChainMC -- 
Limit: r < 19.8564 +/- 0.440125 @ 95% credibility (15 tries)
Done in 0.18 min (cpu), 0.18 min (real)
Generate toy 94/250

 -- MarkovChainMC -- 
Limit: r < 18.5554 +/- 0.448821 @ 95% credibility (15 tries)
Done in 0.18 min (cpu), 0.18 min (real)
Generate toy 95/250

 -- MarkovChainMC -- 
Limit: r < 7.88182 +/- 0.153943 @ 95% credibility (15 tries)
Done in 0.16 min (cpu), 0.17 min (real)
Generate toy 96/250

 -- MarkovChainMC -- 
Limit: r < 15.089 +/- 0.23931 @ 95% credibility (15 tries)
Done in 0.17 min (cpu), 0.17 min (real)
Generate toy 97/250

 -- MarkovChainMC -- 
Limit: r < 15.517 +/- 0.302125 @ 95% credibility (15 tries)
Done in 0.17 min (cpu), 0.17 min (real)
Generate toy 98/250

 -- MarkovChainMC -- 
Limit: r < 8.98801 +/- 0.17216 @ 95% credibility (15 tries)
Done in 0.16 min (cpu), 0.17 min (real)
Generate toy 99/250

 -- MarkovChainMC -- 
Limit: r < 10.8502 +/- 0.229563 @ 95% credibility (15 tries)
Done in 0.17 min (cpu), 0.17 min (real)
Generate toy 100/250

 -- MarkovChainMC -- 
Limit: r < 8.16995 +/- 0.102312 @ 95% credibility (15 tries)
Done in 0.16 min (cpu), 0.16 min (real)
Generate toy 101/250

 -- MarkovChainMC -- 
Limit: r < 9.49911 +/- 0.149432 @ 95% credibility (15 tries)
Done in 0.16 min (cpu), 0.17 min (real)
Generate toy 102/250

 -- MarkovChainMC -- 
Limit: r < 6.11461 +/- 0.189249 @ 95% credibility (15 tries)
Done in 0.16 min (cpu), 0.16 min (real)
Generate toy 103/250

 -- MarkovChainMC -- 
Limit: r < 13.2286 +/- 0.185331 @ 95% credibility (15 tries)
Done in 0.17 min (cpu), 0.17 min (real)
Generate toy 104/250

 -- MarkovChainMC -- 
Limit: r < 8.67226 +/- 0.211978 @ 95% credibility (15 tries)
Done in 0.17 min (cpu), 0.17 min (real)
Generate toy 105/250

 -- MarkovChainMC -- 
Limit: r < 10.1117 +/- 0.187979 @ 95% credibility (15 tries)
Done in 0.17 min (cpu), 0.17 min (real)
Generate toy 106/250

 -- MarkovChainMC -- 
Limit: r < 9.63207 +/- 0.156849 @ 95% credibility (15 tries)
Done in 0.17 min (cpu), 0.17 min (real)
Generate toy 107/250

 -- MarkovChainMC -- 
Limit: r < 14.4216 +/- 0.181438 @ 95% credibility (15 tries)
Done in 0.17 min (cpu), 0.17 min (real)
Generate toy 108/250

 -- MarkovChainMC -- 
Limit: r < 13.7973 +/- 0.212642 @ 95% credibility (15 tries)
Done in 0.17 min (cpu), 0.17 min (real)
Generate toy 109/250

 -- MarkovChainMC -- 
Limit: r < 14.1857 +/- 0.156967 @ 95% credibility (15 tries)
Done in 0.17 min (cpu), 0.17 min (real)
Generate toy 110/250

 -- MarkovChainMC -- 
Limit: r < 12.6231 +/- 0.292079 @ 95% credibility (15 tries)
Done in 0.17 min (cpu), 0.17 min (real)
Generate toy 111/250

 -- MarkovChainMC -- 
Limit: r < 20.7086 +/- 0.328741 @ 95% credibility (15 tries)
Done in 0.18 min (cpu), 0.18 min (real)
Generate toy 112/250

 -- MarkovChainMC -- 
Limit: r < 7.56248 +/- 0.195723 @ 95% credibility (15 tries)
Done in 0.16 min (cpu), 0.17 min (real)
Generate toy 113/250

 -- MarkovChainMC -- 
Limit: r < 6.88555 +/- 0.192334 @ 95% credibility (15 tries)
Done in 0.16 min (cpu), 0.16 min (real)
Generate toy 114/250

 -- MarkovChainMC -- 
Limit: r < 14.8852 +/- 0.132503 @ 95% credibility (15 tries)
Done in 0.17 min (cpu), 0.17 min (real)
Generate toy 115/250

 -- MarkovChainMC -- 
Limit: r < 12.518 +/- 0.127555 @ 95% credibility (15 tries)
Done in 0.17 min (cpu), 0.17 min (real)
Generate toy 116/250

 -- MarkovChainMC -- 
Limit: r < 9.02098 +/- 0.135413 @ 95% credibility (15 tries)
Done in 0.16 min (cpu), 0.17 min (real)
Generate toy 117/250

 -- MarkovChainMC -- 
Limit: r < 8.13178 +/- 0.214168 @ 95% credibility (15 tries)
Done in 0.17 min (cpu), 0.17 min (real)
Generate toy 118/250

 -- MarkovChainMC -- 
Limit: r < 14.6291 +/- 0.236311 @ 95% credibility (15 tries)
Done in 0.17 min (cpu), 0.18 min (real)
Generate toy 119/250

 -- MarkovChainMC -- 
Limit: r < 12.3555 +/- 0.278148 @ 95% credibility (15 tries)
Done in 0.17 min (cpu), 0.17 min (real)
Generate toy 120/250

 -- MarkovChainMC -- 
Limit: r < 8.35278 +/- 0.145335 @ 95% credibility (15 tries)
Done in 0.17 min (cpu), 0.17 min (real)
Generate toy 121/250

 -- MarkovChainMC -- 
Limit: r < 11.0814 +/- 0.337711 @ 95% credibility (15 tries)
Done in 0.17 min (cpu), 0.17 min (real)
Generate toy 122/250

 -- MarkovChainMC -- 
Limit: r < 9.79121 +/- 0.227004 @ 95% credibility (15 tries)
Done in 0.17 min (cpu), 0.17 min (real)
Generate toy 123/250

 -- MarkovChainMC -- 
Limit: r < 11.4289 +/- 0.420378 @ 95% credibility (15 tries)
Done in 0.17 min (cpu), 0.17 min (real)
Generate toy 124/250

 -- MarkovChainMC -- 
Limit: r < 14.3872 +/- 0.108405 @ 95% credibility (15 tries)
Done in 0.17 min (cpu), 0.18 min (real)
Generate toy 125/250

 -- MarkovChainMC -- 
Limit: r < 15.5238 +/- 0.310755 @ 95% credibility (15 tries)
Done in 0.17 min (cpu), 0.18 min (real)
Generate toy 126/250

 -- MarkovChainMC -- 
Limit: r < 7.39362 +/- 0.179516 @ 95% credibility (15 tries)
Done in 0.17 min (cpu), 0.17 min (real)
Generate toy 127/250

 -- MarkovChainMC -- 
Limit: r < 8.17704 +/- 0.236904 @ 95% credibility (15 tries)
Done in 0.17 min (cpu), 0.17 min (real)
Generate toy 128/250

 -- MarkovChainMC -- 
Limit: r < 20.1005 +/- 0.223723 @ 95% credibility (15 tries)
Done in 0.17 min (cpu), 0.17 min (real)
Generate toy 129/250

 -- MarkovChainMC -- 
Limit: r < 8.58989 +/- 0.142916 @ 95% credibility (15 tries)
Done in 0.16 min (cpu), 0.17 min (real)
Generate toy 130/250

 -- MarkovChainMC -- 
Limit: r < 11.5535 +/- 0.262452 @ 95% credibility (15 tries)
Done in 0.17 min (cpu), 0.17 min (real)
Generate toy 131/250

 -- MarkovChainMC -- 
Limit: r < 11.0412 +/- 0.244882 @ 95% credibility (15 tries)
Done in 0.17 min (cpu), 0.17 min (real)
Generate toy 132/250

 -- MarkovChainMC -- 
Limit: r < 10.2098 +/- 0.242195 @ 95% credibility (15 tries)
Done in 0.17 min (cpu), 0.17 min (real)
Generate toy 133/250

 -- MarkovChainMC -- 
Limit: r < 11.9424 +/- 0.226637 @ 95% credibility (15 tries)
Done in 0.17 min (cpu), 0.17 min (real)
Generate toy 134/250

 -- MarkovChainMC -- 
Limit: r < 16.0179 +/- 0.215066 @ 95% credibility (15 tries)
Done in 0.17 min (cpu), 0.17 min (real)
Generate toy 135/250

 -- MarkovChainMC -- 
Limit: r < 15.6664 +/- 0.358017 @ 95% credibility (15 tries)
Done in 0.17 min (cpu), 0.17 min (real)
Generate toy 136/250

 -- MarkovChainMC -- 
Limit: r < 12.0373 +/- 0.208419 @ 95% credibility (15 tries)
Done in 0.17 min (cpu), 0.17 min (real)
Generate toy 137/250

 -- MarkovChainMC -- 
Limit: r < 21.427 +/- 0.235098 @ 95% credibility (15 tries)
Done in 0.17 min (cpu), 0.17 min (real)
Generate toy 138/250

 -- MarkovChainMC -- 
Limit: r < 15.0487 +/- 0.216468 @ 95% credibility (15 tries)
Done in 0.17 min (cpu), 0.17 min (real)
Generate toy 139/250

 -- MarkovChainMC -- 
Limit: r < 5.62858 +/- 0.185489 @ 95% credibility (15 tries)
Done in 0.16 min (cpu), 0.16 min (real)
Generate toy 140/250

 -- MarkovChainMC -- 
Limit: r < 8.36287 +/- 0.154355 @ 95% credibility (15 tries)
Done in 0.17 min (cpu), 0.17 min (real)
Generate toy 141/250

 -- MarkovChainMC -- 
Limit: r < 10.4712 +/- 0.225412 @ 95% credibility (15 tries)
Done in 0.17 min (cpu), 0.17 min (real)
Generate toy 142/250

 -- MarkovChainMC -- 
Limit: r < 8.08808 +/- 0.100746 @ 95% credibility (15 tries)
Done in 0.16 min (cpu), 0.17 min (real)
Generate toy 143/250

 -- MarkovChainMC -- 
Limit: r < 17.5765 +/- 0.281355 @ 95% credibility (15 tries)
Done in 0.18 min (cpu), 0.18 min (real)
Generate toy 144/250

 -- MarkovChainMC -- 
Limit: r < 8.52327 +/- 0.102904 @ 95% credibility (15 tries)
Done in 0.17 min (cpu), 0.17 min (real)
Generate toy 145/250

 -- MarkovChainMC -- 
Limit: r < 12.5508 +/- 0.17759 @ 95% credibility (15 tries)
Done in 0.17 min (cpu), 0.17 min (real)
Generate toy 146/250

 -- MarkovChainMC -- 
Limit: r < 15.0413 +/- 0.175319 @ 95% credibility (15 tries)
Done in 0.17 min (cpu), 0.18 min (real)
Generate toy 147/250

 -- MarkovChainMC -- 
Limit: r < 10.6165 +/- 0.205165 @ 95% credibility (15 tries)
Done in 0.17 min (cpu), 0.17 min (real)
Generate toy 148/250

 -- MarkovChainMC -- 
Limit: r < 8.25722 +/- 0.199548 @ 95% credibility (15 tries)
Done in 0.17 min (cpu), 0.17 min (real)
Generate toy 149/250

 -- MarkovChainMC -- 
Limit: r < 8.98518 +/- 0.226564 @ 95% credibility (15 tries)
Done in 0.16 min (cpu), 0.17 min (real)
Generate toy 150/250

 -- MarkovChainMC -- 
Limit: r < 9.98544 +/- 0.156457 @ 95% credibility (15 tries)
Done in 0.17 min (cpu), 0.17 min (real)
Generate toy 151/250

 -- MarkovChainMC -- 
Limit: r < 12.7184 +/- 0.202503 @ 95% credibility (15 tries)
Done in 0.17 min (cpu), 0.17 min (real)
Generate toy 152/250

 -- MarkovChainMC -- 
Limit: r < 8.3913 +/- 0.143333 @ 95% credibility (15 tries)
Done in 0.16 min (cpu), 0.17 min (real)
Generate toy 153/250

 -- MarkovChainMC -- 
Limit: r < 10.0279 +/- 0.101764 @ 95% credibility (15 tries)
Done in 0.17 min (cpu), 0.17 min (real)
Generate toy 154/250

 -- MarkovChainMC -- 
Limit: r < 14.1992 +/- 0.238121 @ 95% credibility (15 tries)
Done in 0.17 min (cpu), 0.17 min (real)
Generate toy 155/250

 -- MarkovChainMC -- 
Limit: r < 13.6893 +/- 0.256125 @ 95% credibility (15 tries)
Done in 0.17 min (cpu), 0.17 min (real)
Generate toy 156/250

 -- MarkovChainMC -- 
Limit: r < 5.66447 +/- 0.126885 @ 95% credibility (15 tries)
Done in 0.16 min (cpu), 0.17 min (real)
Generate toy 157/250

 -- MarkovChainMC -- 
Limit: r < 11.7095 +/- 0.182532 @ 95% credibility (15 tries)
Done in 0.17 min (cpu), 0.17 min (real)
Generate toy 158/250

 -- MarkovChainMC -- 
Limit: r < 10.4573 +/- 0.181114 @ 95% credibility (15 tries)
Done in 0.17 min (cpu), 0.17 min (real)
Generate toy 159/250

 -- MarkovChainMC -- 
Limit: r < 9.21146 +/- 0.191947 @ 95% credibility (15 tries)
Done in 0.16 min (cpu), 0.16 min (real)
Generate toy 160/250

 -- MarkovChainMC -- 
Limit: r < 19.454 +/- 0.295856 @ 95% credibility (15 tries)
Done in 0.17 min (cpu), 0.18 min (real)
Generate toy 161/250

 -- MarkovChainMC -- 
Limit: r < 14.1833 +/- 0.234429 @ 95% credibility (15 tries)
Done in 0.17 min (cpu), 0.17 min (real)
Generate toy 162/250

 -- MarkovChainMC -- 
Limit: r < 7.98511 +/- 0.117755 @ 95% credibility (15 tries)
Done in 0.17 min (cpu), 0.17 min (real)
Generate toy 163/250

 -- MarkovChainMC -- 
Limit: r < 9.42482 +/- 0.109346 @ 95% credibility (15 tries)
Done in 0.17 min (cpu), 0.17 min (real)
Generate toy 164/250

 -- MarkovChainMC -- 
Limit: r < 9.01371 +/- 0.194014 @ 95% credibility (15 tries)
Done in 0.17 min (cpu), 0.17 min (real)
Generate toy 165/250

 -- MarkovChainMC -- 
Limit: r < 8.24454 +/- 0.172219 @ 95% credibility (15 tries)
Done in 0.16 min (cpu), 0.16 min (real)
Generate toy 166/250

 -- MarkovChainMC -- 
Limit: r < 15.341 +/- 0.258348 @ 95% credibility (15 tries)
Done in 0.18 min (cpu), 0.18 min (real)
Generate toy 167/250

 -- MarkovChainMC -- 
Limit: r < 9.78844 +/- 0.120827 @ 95% credibility (15 tries)
Done in 0.16 min (cpu), 0.16 min (real)
Generate toy 168/250

 -- MarkovChainMC -- 
Limit: r < 5.68719 +/- 0.128497 @ 95% credibility (15 tries)
Done in 0.16 min (cpu), 0.16 min (real)
Generate toy 169/250

 -- MarkovChainMC -- 
Limit: r < 12.6656 +/- 0.211582 @ 95% credibility (15 tries)
Done in 0.17 min (cpu), 0.17 min (real)
Generate toy 170/250

 -- MarkovChainMC -- 
Limit: r < 7.0192 +/- 0.123553 @ 95% credibility (15 tries)
Done in 0.16 min (cpu), 0.16 min (real)
Generate toy 171/250

 -- MarkovChainMC -- 
Limit: r < 8.1261 +/- 0.180315 @ 95% credibility (15 tries)
Done in 0.16 min (cpu), 0.16 min (real)
Generate toy 172/250

 -- MarkovChainMC -- 
Limit: r < 7.17397 +/- 0.179452 @ 95% credibility (15 tries)
Done in 0.16 min (cpu), 0.16 min (real)
Generate toy 173/250

 -- MarkovChainMC -- 
Limit: r < 15.2245 +/- 0.148158 @ 95% credibility (15 tries)
Done in 0.17 min (cpu), 0.17 min (real)
Generate toy 174/250

 -- MarkovChainMC -- 
Limit: r < 13.4603 +/- 0.230135 @ 95% credibility (15 tries)
Done in 0.17 min (cpu), 0.17 min (real)
Generate toy 175/250

 -- MarkovChainMC -- 
Limit: r < 7.76713 +/- 0.0900279 @ 95% credibility (15 tries)
Done in 0.16 min (cpu), 0.16 min (real)
Generate toy 176/250

 -- MarkovChainMC -- 
Limit: r < 12.1018 +/- 0.225609 @ 95% credibility (15 tries)
Done in 0.17 min (cpu), 0.17 min (real)
Generate toy 177/250

 -- MarkovChainMC -- 
Limit: r < 12.545 +/- 0.124755 @ 95% credibility (15 tries)
Done in 0.17 min (cpu), 0.17 min (real)
Generate toy 178/250

 -- MarkovChainMC -- 
Limit: r < 6.54937 +/- 0.0928726 @ 95% credibility (15 tries)
Done in 0.16 min (cpu), 0.16 min (real)
Generate toy 179/250

 -- MarkovChainMC -- 
Limit: r < 10.6937 +/- 0.252167 @ 95% credibility (15 tries)
Done in 0.16 min (cpu), 0.16 min (real)
Generate toy 180/250

 -- MarkovChainMC -- 
Limit: r < 11.9274 +/- 0.234714 @ 95% credibility (15 tries)
Done in 0.16 min (cpu), 0.16 min (real)
Generate toy 181/250

 -- MarkovChainMC -- 
Limit: r < 7.67598 +/- 0.206416 @ 95% credibility (15 tries)
Done in 0.16 min (cpu), 0.16 min (real)
Generate toy 182/250

 -- MarkovChainMC -- 
Limit: r < 14.8024 +/- 0.216887 @ 95% credibility (15 tries)
Done in 0.17 min (cpu), 0.17 min (real)
Generate toy 183/250

 -- MarkovChainMC -- 
Limit: r < 13.0335 +/- 0.169211 @ 95% credibility (15 tries)
Done in 0.16 min (cpu), 0.16 min (real)
Generate toy 184/250

 -- MarkovChainMC -- 
Limit: r < 8.77528 +/- 0.0620261 @ 95% credibility (15 tries)
Done in 0.16 min (cpu), 0.16 min (real)
Generate toy 185/250

 -- MarkovChainMC -- 
Limit: r < 14.3145 +/- 0.2269 @ 95% credibility (15 tries)
Done in 0.16 min (cpu), 0.16 min (real)
Generate toy 186/250

 -- MarkovChainMC -- 
Limit: r < 6.98482 +/- 0.140818 @ 95% credibility (15 tries)
Done in 0.16 min (cpu), 0.16 min (real)
Generate toy 187/250

 -- MarkovChainMC -- 
Limit: r < 11.6807 +/- 0.390988 @ 95% credibility (15 tries)
Done in 0.16 min (cpu), 0.17 min (real)
Generate toy 188/250

 -- MarkovChainMC -- 
Limit: r < 19.9364 +/- 0.280097 @ 95% credibility (15 tries)
Done in 0.17 min (cpu), 0.17 min (real)
Generate toy 189/250

 -- MarkovChainMC -- 
Limit: r < 14.2689 +/- 0.19325 @ 95% credibility (15 tries)
Done in 0.17 min (cpu), 0.17 min (real)
Generate toy 190/250

 -- MarkovChainMC -- 
Limit: r < 7.70665 +/- 0.0943339 @ 95% credibility (15 tries)
Done in 0.16 min (cpu), 0.16 min (real)
Generate toy 191/250

 -- MarkovChainMC -- 
Limit: r < 16.9351 +/- 0.264323 @ 95% credibility (15 tries)
Done in 0.17 min (cpu), 0.17 min (real)
Generate toy 192/250

 -- MarkovChainMC -- 
Limit: r < 7.13031 +/- 0.0470717 @ 95% credibility (15 tries)
Done in 0.16 min (cpu), 0.16 min (real)
Generate toy 193/250

 -- MarkovChainMC -- 
Limit: r < 8.3363 +/- 0.177688 @ 95% credibility (15 tries)
Done in 0.16 min (cpu), 0.16 min (real)
Generate toy 194/250

 -- MarkovChainMC -- 
Limit: r < 12.5745 +/- 0.154605 @ 95% credibility (15 tries)
Done in 0.17 min (cpu), 0.17 min (real)
Generate toy 195/250

 -- MarkovChainMC -- 
Limit: r < 9.8315 +/- 0.159571 @ 95% credibility (15 tries)
Done in 0.16 min (cpu), 0.16 min (real)
Generate toy 196/250

 -- MarkovChainMC -- 
Limit: r < 13.2782 +/- 0.206078 @ 95% credibility (15 tries)
Done in 0.17 min (cpu), 0.17 min (real)
Generate toy 197/250

 -- MarkovChainMC -- 
Limit: r < 10.2516 +/- 0.18309 @ 95% credibility (15 tries)
Done in 0.16 min (cpu), 0.16 min (real)
Generate toy 198/250

 -- MarkovChainMC -- 
Limit: r < 11.3037 +/- 0.204345 @ 95% credibility (15 tries)
Done in 0.16 min (cpu), 0.17 min (real)
Generate toy 199/250

 -- MarkovChainMC -- 
Limit: r < 8.54423 +/- 0.181518 @ 95% credibility (15 tries)
Done in 0.16 min (cpu), 0.16 min (real)
Generate toy 200/250

 -- MarkovChainMC -- 
Limit: r < 16.8923 +/- 0.464372 @ 95% credibility (15 tries)
Done in 0.16 min (cpu), 0.17 min (real)
Generate toy 201/250

 -- MarkovChainMC -- 
Limit: r < 13.2269 +/- 0.161496 @ 95% credibility (15 tries)
Done in 0.16 min (cpu), 0.17 min (real)
Generate toy 202/250

 -- MarkovChainMC -- 
Limit: r < 18.3809 +/- 0.192559 @ 95% credibility (15 tries)
Done in 0.17 min (cpu), 0.17 min (real)
Generate toy 203/250

 -- MarkovChainMC -- 
Limit: r < 11.099 +/- 0.104623 @ 95% credibility (15 tries)
Done in 0.16 min (cpu), 0.16 min (real)
Generate toy 204/250

 -- MarkovChainMC -- 
Limit: r < 15.2228 +/- 0.206064 @ 95% credibility (15 tries)
Done in 0.16 min (cpu), 0.16 min (real)
Generate toy 205/250

 -- MarkovChainMC -- 
Limit: r < 15.832 +/- 0.132726 @ 95% credibility (15 tries)
Done in 0.16 min (cpu), 0.16 min (real)
Generate toy 206/250

 -- MarkovChainMC -- 
Limit: r < 8.90843 +/- 0.195217 @ 95% credibility (15 tries)
Done in 0.16 min (cpu), 0.16 min (real)
Generate toy 207/250

 -- MarkovChainMC -- 
Limit: r < 16.8155 +/- 0.176428 @ 95% credibility (15 tries)
Done in 0.17 min (cpu), 0.17 min (real)
Generate toy 208/250

 -- MarkovChainMC -- 
Limit: r < 13.6704 +/- 0.163499 @ 95% credibility (15 tries)
Done in 0.17 min (cpu), 0.18 min (real)
Generate toy 209/250

 -- MarkovChainMC -- 
Limit: r < 11.4724 +/- 0.229786 @ 95% credibility (15 tries)
Done in 0.17 min (cpu), 0.17 min (real)
Generate toy 210/250

 -- MarkovChainMC -- 
Limit: r < 18.5235 +/- 0.212339 @ 95% credibility (15 tries)
Done in 0.17 min (cpu), 0.17 min (real)
Generate toy 211/250

 -- MarkovChainMC -- 
Limit: r < 7.22568 +/- 0.198819 @ 95% credibility (15 tries)
Done in 0.16 min (cpu), 0.16 min (real)
Generate toy 212/250

 -- MarkovChainMC -- 
Limit: r < 7.67591 +/- 0.193979 @ 95% credibility (15 tries)
Done in 0.17 min (cpu), 0.17 min (real)
Generate toy 213/250

 -- MarkovChainMC -- 
Limit: r < 8.00159 +/- 0.208649 @ 95% credibility (15 tries)
Done in 0.17 min (cpu), 0.17 min (real)
Generate toy 214/250

 -- MarkovChainMC -- 
Limit: r < 9.58658 +/- 0.330238 @ 95% credibility (15 tries)
Done in 0.16 min (cpu), 0.17 min (real)
Generate toy 215/250

 -- MarkovChainMC -- 
Limit: r < 10.0041 +/- 0.187929 @ 95% credibility (15 tries)
Done in 0.17 min (cpu), 0.17 min (real)
Generate toy 216/250

 -- MarkovChainMC -- 
Limit: r < 10.0732 +/- 0.120372 @ 95% credibility (15 tries)
Done in 0.16 min (cpu), 0.17 min (real)
Generate toy 217/250

 -- MarkovChainMC -- 
Limit: r < 14.784 +/- 0.212503 @ 95% credibility (15 tries)
Done in 0.17 min (cpu), 0.17 min (real)
Generate toy 218/250

 -- MarkovChainMC -- 
Limit: r < 14.5369 +/- 0.288959 @ 95% credibility (15 tries)
Done in 0.16 min (cpu), 0.16 min (real)
Generate toy 219/250

 -- MarkovChainMC -- 
Limit: r < 10.2409 +/- 0.120565 @ 95% credibility (15 tries)
Done in 0.16 min (cpu), 0.17 min (real)
Generate toy 220/250

 -- MarkovChainMC -- 
Limit: r < 15.7135 +/- 0.244371 @ 95% credibility (15 tries)
Done in 0.17 min (cpu), 0.18 min (real)
Generate toy 221/250

 -- MarkovChainMC -- 
Limit: r < 9.90185 +/- 0.239597 @ 95% credibility (15 tries)
Done in 0.16 min (cpu), 0.17 min (real)
Generate toy 222/250

 -- MarkovChainMC -- 
Limit: r < 13.7378 +/- 0.222029 @ 95% credibility (15 tries)
Done in 0.17 min (cpu), 0.17 min (real)
Generate toy 223/250

 -- MarkovChainMC -- 
Limit: r < 9.22267 +/- 0.268149 @ 95% credibility (15 tries)
Done in 0.16 min (cpu), 0.17 min (real)
Generate toy 224/250

 -- MarkovChainMC -- 
Limit: r < 12.9674 +/- 0.29172 @ 95% credibility (15 tries)
Done in 0.17 min (cpu), 0.17 min (real)
Generate toy 225/250

 -- MarkovChainMC -- 
Limit: r < 12.5497 +/- 0.270842 @ 95% credibility (15 tries)
Done in 0.17 min (cpu), 0.17 min (real)
Generate toy 226/250

 -- MarkovChainMC -- 
Limit: r < 12.4194 +/- 0.228012 @ 95% credibility (15 tries)
Done in 0.17 min (cpu), 0.17 min (real)
Generate toy 227/250

 -- MarkovChainMC -- 
Limit: r < 13.9742 +/- 0.234052 @ 95% credibility (15 tries)
Done in 0.17 min (cpu), 0.17 min (real)
Generate toy 228/250

 -- MarkovChainMC -- 
Limit: r < 12.5279 +/- 0.3286 @ 95% credibility (15 tries)
Done in 0.17 min (cpu), 0.17 min (real)
Generate toy 229/250

 -- MarkovChainMC -- 
Limit: r < 11.959 +/- 0.0979566 @ 95% credibility (15 tries)
Done in 0.17 min (cpu), 0.17 min (real)
Generate toy 230/250

 -- MarkovChainMC -- 
Limit: r < 13.0412 +/- 0.374448 @ 95% credibility (15 tries)
Done in 0.17 min (cpu), 0.17 min (real)
Generate toy 231/250

 -- MarkovChainMC -- 
Limit: r < 11.8244 +/- 0.0977384 @ 95% credibility (15 tries)
Done in 0.17 min (cpu), 0.17 min (real)
Generate toy 232/250

 -- MarkovChainMC -- 
Limit: r < 10.2077 +/- 0.20541 @ 95% credibility (15 tries)
Done in 0.17 min (cpu), 0.17 min (real)
Generate toy 233/250

 -- MarkovChainMC -- 
Limit: r < 18.3118 +/- 0.345785 @ 95% credibility (15 tries)
Done in 0.17 min (cpu), 0.17 min (real)
Generate toy 234/250

 -- MarkovChainMC -- 
Limit: r < 13.8983 +/- 0.184606 @ 95% credibility (15 tries)
Done in 0.17 min (cpu), 0.17 min (real)
Generate toy 235/250

 -- MarkovChainMC -- 
Limit: r < 13.7349 +/- 0.343249 @ 95% credibility (15 tries)
Done in 0.16 min (cpu), 0.17 min (real)
Generate toy 236/250

 -- MarkovChainMC -- 
Limit: r < 7.22811 +/- 0.192881 @ 95% credibility (15 tries)
Done in 0.16 min (cpu), 0.16 min (real)
Generate toy 237/250

 -- MarkovChainMC -- 
Limit: r < 7.94807 +/- 0.246654 @ 95% credibility (15 tries)
Done in 0.16 min (cpu), 0.16 min (real)
Generate toy 238/250

 -- MarkovChainMC -- 
Limit: r < 7.32372 +/- 0.145114 @ 95% credibility (15 tries)
Done in 0.16 min (cpu), 0.16 min (real)
Generate toy 239/250

 -- MarkovChainMC -- 
Limit: r < 9.33356 +/- 0.202567 @ 95% credibility (15 tries)
Done in 0.17 min (cpu), 0.17 min (real)
Generate toy 240/250

 -- MarkovChainMC -- 
Limit: r < 15.881 +/- 0.125271 @ 95% credibility (15 tries)
Done in 0.17 min (cpu), 0.17 min (real)
Generate toy 241/250

 -- MarkovChainMC -- 
Limit: r < 7.25401 +/- 0.206152 @ 95% credibility (15 tries)
Done in 0.16 min (cpu), 0.16 min (real)
Generate toy 242/250

 -- MarkovChainMC -- 
Limit: r < 9.41887 +/- 0.159834 @ 95% credibility (15 tries)
Done in 0.17 min (cpu), 0.17 min (real)
Generate toy 243/250

 -- MarkovChainMC -- 
Limit: r < 11.3669 +/- 0.228012 @ 95% credibility (15 tries)
Done in 0.17 min (cpu), 0.17 min (real)
Generate toy 244/250

 -- MarkovChainMC -- 
Limit: r < 7.53325 +/- 0.177861 @ 95% credibility (15 tries)
Done in 0.16 min (cpu), 0.17 min (real)
Generate toy 245/250

 -- MarkovChainMC -- 
Limit: r < 11.2332 +/- 0.20361 @ 95% credibility (15 tries)
Done in 0.17 min (cpu), 0.17 min (real)
Generate toy 246/250

 -- MarkovChainMC -- 
Limit: r < 13.3166 +/- 0.281546 @ 95% credibility (15 tries)
Done in 0.17 min (cpu), 0.17 min (real)
Generate toy 247/250

 -- MarkovChainMC -- 
Limit: r < 7.58627 +/- 0.206005 @ 95% credibility (15 tries)
Done in 0.16 min (cpu), 0.16 min (real)
Generate toy 248/250

 -- MarkovChainMC -- 
Limit: r < 10.7796 +/- 0.241586 @ 95% credibility (15 tries)
Done in 0.17 min (cpu), 0.17 min (real)
Generate toy 249/250

 -- MarkovChainMC -- 
Limit: r < 7.06938 +/- 0.188874 @ 95% credibility (15 tries)
Done in 0.17 min (cpu), 0.17 min (real)
Generate toy 250/250

 -- MarkovChainMC -- 
Limit: r < 18.8218 +/- 0.253957 @ 95% credibility (15 tries)
Done in 0.17 min (cpu), 0.17 min (real)
mean   expected limit: r < 11.433 +/- 0.228872 @ 95%CL (250 toyMC)
median expected limit: r < 10.8188 @ 95%CL (250 toyMC)
   68% expected band : 7.88182 < r < 15.089
   95% expected band : 6.15465 < r < 20.1005
