 <<< Combine >>> 
 <<< v10.0.2 >>>
>>> Used OpenSSL to get a truly random seed 1826172669
>>> Method used is MarkovChainMC
============================================================
Analyzing bin errors for: prop_binmuon22
Poisson cut-off: 10
Processes excluded for sums: Wprime4000_kR0.01
============================================================
Bin        Contents        Error           Notes                         
0          5489.015436     14.389572       total sum                     
0          5489.009974     14.389572       excluding marked processes    
0          145510.000000   381.457730      Unweighted events, alpha=0.037723
  => Total parameter prop_binmuon22_bin0[0.00,-7.00,7.00] to be Gaussian constrained
------------------------------------------------------------
1          2091.481581     7.507819        total sum                     
1          2091.469679     7.507819        excluding marked processes    
1          77602.000000    278.571355      Unweighted events, alpha=0.026951
  => Total parameter prop_binmuon22_bin1[0.00,-7.00,7.00] to be Gaussian constrained
------------------------------------------------------------
2          925.324236      5.743254        total sum                     
2          925.287269      5.743251        excluding marked processes    
2          25956.000000    161.108659      Unweighted events, alpha=0.035650
  => Total parameter prop_binmuon22_bin2[0.00,-7.00,7.00] to be Gaussian constrained
------------------------------------------------------------
3          462.785545      3.622090        total sum                     
3          462.717279      3.622082        excluding marked processes    
3          16320.000000    127.749755      Unweighted events, alpha=0.028357
  => Total parameter prop_binmuon22_bin3[0.00,-7.00,7.00] to be Gaussian constrained
------------------------------------------------------------
4          240.327318      1.533836        total sum                     
4          240.228093      1.533810        excluding marked processes    
4          24530.000000    156.620561      Unweighted events, alpha=0.009797
  => Total parameter prop_binmuon22_bin4[0.00,-7.00,7.00] to be Gaussian constrained
------------------------------------------------------------
5          139.237593      1.742936        total sum                     
5          139.121722      1.742909        excluding marked processes    
5          6371.000000     79.818544       Unweighted events, alpha=0.021855
  => Total parameter prop_binmuon22_bin5[0.00,-7.00,7.00] to be Gaussian constrained
------------------------------------------------------------
6          133.162470      1.064785        total sum                     
6          132.798509      1.064641        excluding marked processes    
6          15559.000000    124.735721      Unweighted events, alpha=0.008559
  => Total parameter prop_binmuon22_bin6[0.00,-7.00,7.00] to be Gaussian constrained
------------------------------------------------------------
7          52.402642       0.721934        total sum                     
7          51.876344       0.721630        excluding marked processes    
7          5168.000000     71.888803       Unweighted events, alpha=0.010140
  => Total parameter prop_binmuon22_bin7[0.00,-7.00,7.00] to be Gaussian constrained
------------------------------------------------------------
8          30.386164       0.469828        total sum                     
8          29.337675       0.468872        excluding marked processes    
8          3915.000000     62.569961       Unweighted events, alpha=0.007761
  => Total parameter prop_binmuon22_bin8[0.00,-7.00,7.00] to be Gaussian constrained
------------------------------------------------------------
9          11.246190       0.336498        total sum                     
9          9.941359        0.334523        excluding marked processes    
9          883.000000      29.715316       Unweighted events, alpha=0.012736
  => Total parameter prop_binmuon22_bin9[0.00,-7.00,7.00] to be Gaussian constrained
------------------------------------------------------------
10         6.460512        0.114170        total sum                     
10         4.165375        0.105525        excluding marked processes    
10         1558.000000     39.471509       Unweighted events, alpha=0.004147
  => Total parameter prop_binmuon22_bin10[0.00,-7.00,7.00] to be Gaussian constrained
------------------------------------------------------------
11         6.293585        0.226773        total sum                     
11         1.762132        0.218174        excluding marked processes    
11         65.000000       8.062258        Unweighted events, alpha=0.096824
  => Total parameter prop_binmuon22_bin11[0.00,-7.00,7.00] to be Gaussian constrained
------------------------------------------------------------
12         6.516051        0.072552        total sum                     
12         0.276349        0.001778        excluding marked processes    
12         24153.000000    155.412355      Unweighted events, alpha=0.000270
  => Total parameter prop_binmuon22_bin12[0.00,-7.00,7.00] to be Gaussian constrained
------------------------------------------------------------
13         7.887570        0.080856        total sum                     
13         0.085750        0.001214        excluding marked processes    
13         4991.000000     70.647010       Unweighted events, alpha=0.001580
  => Total parameter prop_binmuon22_bin13[0.00,-7.00,7.00] to be Gaussian constrained
------------------------------------------------------------
14         0.021174        0.003772        total sum                     
14         0.007105        0.001511        excluding marked processes    
14         22.000000       4.690416        Unweighted events, alpha=0.000962
  => Total parameter prop_binmuon22_bin14[0.00,-7.00,7.00] to be Gaussian constrained
------------------------------------------------------------
15         0.006866        0.002241        total sum                     
15         0.001078        0.000054        excluding marked processes    
15         404.000000      20.099751       Unweighted events, alpha=0.000017
  => Total parameter prop_binmuon22_bin15[0.00,-7.00,7.00] to be Gaussian constrained
------------------------------------------------------------
============================================================
Analyzing bin errors for: prop_binmuon23
Poisson cut-off: 10
Processes excluded for sums: Wprime4000_kR0.01
============================================================
Bin        Contents        Error           Notes                         
0          4245.731326     16.603213       total sum                     
0          4245.728997     16.603213       excluding marked processes    
0          65391.000000    255.716640      Unweighted events, alpha=0.064928
  => Total parameter prop_binmuon23_bin0[0.00,-7.00,7.00] to be Gaussian constrained
------------------------------------------------------------
1          1621.112618     7.828054        total sum                     
1          1621.101079     7.828053        excluding marked processes    
1          42886.000000    207.089353      Unweighted events, alpha=0.037801
  => Total parameter prop_binmuon23_bin1[0.00,-7.00,7.00] to be Gaussian constrained
------------------------------------------------------------
2          721.419863      4.795516        total sum                     
2          721.396648      4.795515        excluding marked processes    
2          22630.000000    150.432709      Unweighted events, alpha=0.031879
  => Total parameter prop_binmuon23_bin2[0.00,-7.00,7.00] to be Gaussian constrained
------------------------------------------------------------
3          359.341730      3.009359        total sum                     
3          359.285774      3.009355        excluding marked processes    
3          14254.000000    119.390117      Unweighted events, alpha=0.025210
  => Total parameter prop_binmuon23_bin3[0.00,-7.00,7.00] to be Gaussian constrained
------------------------------------------------------------
4          191.265399      3.360882        total sum                     
4          191.190097      3.360877        excluding marked processes    
4          3236.000000     56.885851       Unweighted events, alpha=0.059106
  => Total parameter prop_binmuon23_bin4[0.00,-7.00,7.00] to be Gaussian constrained
------------------------------------------------------------
5          112.308568      1.192130        total sum                     
5          112.217111      1.192110        excluding marked processes    
5          8861.000000     94.132885       Unweighted events, alpha=0.012674
  => Total parameter prop_binmuon23_bin5[0.00,-7.00,7.00] to be Gaussian constrained
------------------------------------------------------------
6          107.435566      1.524125        total sum                     
6          107.129583      1.524073        excluding marked processes    
6          4941.000000     70.292247       Unweighted events, alpha=0.021744
  => Total parameter prop_binmuon23_bin6[0.00,-7.00,7.00] to be Gaussian constrained
------------------------------------------------------------
7          41.517485       0.658085        total sum                     
7          41.104515       0.657922        excluding marked processes    
7          3903.000000     62.473995       Unweighted events, alpha=0.010637
  => Total parameter prop_binmuon23_bin7[0.00,-7.00,7.00] to be Gaussian constrained
------------------------------------------------------------
8          24.289973       0.587425        total sum                     
8          23.449391       0.587056        excluding marked processes    
8          1596.000000     39.949969       Unweighted events, alpha=0.015219
  => Total parameter prop_binmuon23_bin8[0.00,-7.00,7.00] to be Gaussian constrained
------------------------------------------------------------
9          9.483064        0.395294        total sum                     
9          8.355840        0.394559        excluding marked processes    
9          448.000000      21.166010       Unweighted events, alpha=0.021168
  => Total parameter prop_binmuon23_bin9[0.00,-7.00,7.00] to be Gaussian constrained
------------------------------------------------------------
10         5.435136        0.253800        total sum                     
10         3.506378        0.251887        excluding marked processes    
10         194.000000      13.928388       Unweighted events, alpha=0.028016
  => Total parameter prop_binmuon23_bin10[0.00,-7.00,7.00] to be Gaussian constrained
------------------------------------------------------------
11         4.981930        0.185153        total sum                     
11         1.363219        0.180174        excluding marked processes    
11         57.000000       7.549834        Unweighted events, alpha=0.087402
  => Total parameter prop_binmuon23_bin11[0.00,-7.00,7.00] to be Gaussian constrained
------------------------------------------------------------
12         5.524948        0.293326        total sum                     
12         0.530791        0.289065        excluding marked processes    
12         3.000000        1.732051        Unweighted events, alpha=1.841649
  => Number of weighted events is below Poisson threshold
    Wprime4000_kR0.01    4.994156        0.049817                                      
                         10050.000000    100.249688      Unweighted events, alpha=0.000497
      => Parameter prop_binmuon23_bin12_Wprime4000_kR0.01[0.00,-7.00,7.00] to be Gaussian constrained
  ----------------------------------------------------------
    W_boson              0.216692        0.001181                                      
                         33653.000000    183.447540      Unweighted events, alpha=0.000006
      => Parameter prop_binmuon23_bin12_W_boson[0.00,-7.00,7.00] to be Gaussian constrained
  ----------------------------------------------------------
    Top                  0.000000        0.000000                                      
      => Error is zero, ignore      
  ----------------------------------------------------------
    Z_boson              0.004094        0.000500                                      
                         67.000000       8.185353        Unweighted events, alpha=0.000061
      => Parameter prop_binmuon23_bin12_Z_boson[0.00,-7.00,7.00] to be Gaussian constrained
  ----------------------------------------------------------
    DiBoson              0.288910        0.288561                                      
                         1.000000        1.000000        Unweighted events, alpha=0.288910
      => Product of prop_binmuon23_bin12_DiBoson[1.00,0.00,30.85] and const [1.0000] to be Poisson constrained
  ----------------------------------------------------------
    QCD                  0.021095        0.017013                                      
                         2.000000        1.414214        Unweighted events, alpha=0.010547
      => Product of prop_binmuon23_bin12_QCD[2.00,0.00,33.79] and const [0.5000] to be Poisson constrained
  ----------------------------------------------------------
------------------------------------------------------------
13         6.377225        0.055715        total sum                     
13         0.067145        0.000584        excluding marked processes    
13         13239.000000    115.060853      Unweighted events, alpha=0.000482
  => Total parameter prop_binmuon23_bin13[0.00,-7.00,7.00] to be Gaussian constrained
------------------------------------------------------------
14         0.017026        0.002713        total sum                     
14         0.003967        0.000043        excluding marked processes    
14         8482.000000     92.097774       Unweighted events, alpha=0.000002
  => Total parameter prop_binmuon23_bin14[0.00,-7.00,7.00] to be Gaussian constrained
------------------------------------------------------------
15         0.007351        0.003949        total sum                     
15         0.005625        0.003835        excluding marked processes    
15         2.000000        1.414214        Unweighted events, alpha=0.003676
  => Number of weighted events is below Poisson threshold
    Wprime4000_kR0.01    0.001726        0.000945                                      
                         3.000000        1.732051        Unweighted events, alpha=0.000575
      => Product of prop_binmuon23_bin15_Wprime4000_kR0.01[3.00,0.00,36.46] and const [0.3333] to be Poisson constrained
  ----------------------------------------------------------
    W_boson              0.000849        0.000021                                      
                         1670.000000     40.865633       Unweighted events, alpha=0.000001
      => Parameter prop_binmuon23_bin15_W_boson[0.00,-7.00,7.00] to be Gaussian constrained
  ----------------------------------------------------------
    Top                  0.000000        0.000000                                      
      => Error is zero, ignore      
  ----------------------------------------------------------
    Z_boson              0.000011        0.000003                                      
                         16.000000       4.000000        Unweighted events, alpha=0.000001
      => Parameter prop_binmuon23_bin15_Z_boson[0.00,-7.00,7.00] to be Gaussian constrained
  ----------------------------------------------------------
    DiBoson              0.000000        0.000000                                      
      => Error is zero, ignore      
  ----------------------------------------------------------
    QCD                  0.004765        0.003834                                      
                         2.000000        1.414214        Unweighted events, alpha=0.002383
      => Product of prop_binmuon23_bin15_QCD[2.00,0.00,33.79] and const [0.5000] to be Poisson constrained
  ----------------------------------------------------------
------------------------------------------------------------
Channel muon22 will use autoMCStats with settings: event-threshold=10, include-signal=0, hist-mode=1
Channel muon23 will use autoMCStats with settings: event-threshold=10, include-signal=0, hist-mode=1
Generate toy 1/250

 -- MarkovChainMC -- 
Limit: r < 0.086048 +/- 0.000821131 @ 95% credibility (15 tries)
Done in 0.16 min (cpu), 0.16 min (real)
Generate toy 2/250

 -- MarkovChainMC -- 
Limit: r < 0.0894336 +/- 0.00112685 @ 95% credibility (15 tries)
Done in 0.15 min (cpu), 0.15 min (real)
Generate toy 3/250

 -- MarkovChainMC -- 
Limit: r < 0.113409 +/- 0.000993544 @ 95% credibility (15 tries)
Done in 0.15 min (cpu), 0.15 min (real)
Generate toy 4/250

 -- MarkovChainMC -- 
Limit: r < 0.198828 +/- 0.00186632 @ 95% credibility (15 tries)
Done in 0.17 min (cpu), 0.17 min (real)
Generate toy 5/250

 -- MarkovChainMC -- 
Limit: r < 0.151511 +/- 0.00343323 @ 95% credibility (15 tries)
Done in 0.19 min (cpu), 0.19 min (real)
Generate toy 6/250

 -- MarkovChainMC -- 
Limit: r < 0.187723 +/- 0.000952889 @ 95% credibility (15 tries)
Done in 0.16 min (cpu), 0.16 min (real)
Generate toy 7/250

 -- MarkovChainMC -- 
Limit: r < 0.117402 +/- 0.00167545 @ 95% credibility (15 tries)
Done in 0.20 min (cpu), 0.20 min (real)
Generate toy 8/250

 -- MarkovChainMC -- 
Limit: r < 0.138609 +/- 0.00128443 @ 95% credibility (15 tries)
Done in 0.19 min (cpu), 0.20 min (real)
Generate toy 9/250

 -- MarkovChainMC -- 
Limit: r < 0.110775 +/- 0.00297841 @ 95% credibility (15 tries)
Done in 0.18 min (cpu), 0.19 min (real)
Generate toy 10/250

 -- MarkovChainMC -- 
Limit: r < 0.17376 +/- 0.00211644 @ 95% credibility (15 tries)
Done in 0.17 min (cpu), 0.17 min (real)
Generate toy 11/250

 -- MarkovChainMC -- 
Limit: r < 0.169144 +/- 0.0029887 @ 95% credibility (15 tries)
Done in 0.16 min (cpu), 0.17 min (real)
Generate toy 12/250

 -- MarkovChainMC -- 
Limit: r < 0.135387 +/- 0.00128234 @ 95% credibility (15 tries)
Done in 0.16 min (cpu), 0.16 min (real)
Generate toy 13/250

 -- MarkovChainMC -- 
Limit: r < 0.196777 +/- 0.00341384 @ 95% credibility (15 tries)
Done in 0.17 min (cpu), 0.17 min (real)
Generate toy 14/250

 -- MarkovChainMC -- 
Limit: r < 0.175858 +/- 0.000817751 @ 95% credibility (15 tries)
Done in 0.20 min (cpu), 0.20 min (real)
Generate toy 15/250

 -- MarkovChainMC -- 
Limit: r < 0.138177 +/- 0.00237958 @ 95% credibility (15 tries)
Done in 0.17 min (cpu), 0.17 min (real)
Generate toy 16/250

 -- MarkovChainMC -- 
Limit: r < 0.163802 +/- 0.00227369 @ 95% credibility (15 tries)
Done in 0.20 min (cpu), 0.20 min (real)
Generate toy 17/250

 -- MarkovChainMC -- 
Limit: r < 0.126064 +/- 0.00145615 @ 95% credibility (15 tries)
Done in 0.22 min (cpu), 0.22 min (real)
Generate toy 18/250

 -- MarkovChainMC -- 
Limit: r < 0.147421 +/- 0.00279313 @ 95% credibility (15 tries)
Done in 0.17 min (cpu), 0.17 min (real)
Generate toy 19/250

 -- MarkovChainMC -- 
Limit: r < 0.112237 +/- 0.00229981 @ 95% credibility (15 tries)
Done in 0.17 min (cpu), 0.17 min (real)
Generate toy 20/250

 -- MarkovChainMC -- 
Limit: r < 0.122405 +/- 0.00171796 @ 95% credibility (15 tries)
Done in 0.21 min (cpu), 0.21 min (real)
Generate toy 21/250

 -- MarkovChainMC -- 
Limit: r < 0.158126 +/- 0.00229333 @ 95% credibility (15 tries)
Done in 0.23 min (cpu), 0.23 min (real)
Generate toy 22/250

 -- MarkovChainMC -- 
Limit: r < 0.14431 +/- 0.00301446 @ 95% credibility (15 tries)
Done in 0.17 min (cpu), 0.17 min (real)
Generate toy 23/250

 -- MarkovChainMC -- 
Limit: r < 0.0962818 +/- 0.00142377 @ 95% credibility (15 tries)
Done in 0.24 min (cpu), 0.24 min (real)
Generate toy 24/250

 -- MarkovChainMC -- 
Limit: r < 0.0937899 +/- 0.00177952 @ 95% credibility (15 tries)
Done in 0.19 min (cpu), 0.19 min (real)
Generate toy 25/250

 -- MarkovChainMC -- 
Limit: r < 0.130097 +/- 0.00121885 @ 95% credibility (15 tries)
Done in 0.16 min (cpu), 0.16 min (real)
Generate toy 26/250

 -- MarkovChainMC -- 
Limit: r < 0.207985 +/- 0.00316041 @ 95% credibility (15 tries)
Done in 0.16 min (cpu), 0.16 min (real)
Generate toy 27/250

 -- MarkovChainMC -- 
Limit: r < 0.143641 +/- 0.00287951 @ 95% credibility (15 tries)
Done in 0.17 min (cpu), 0.17 min (real)
Generate toy 28/250

 -- MarkovChainMC -- 
Limit: r < 0.143684 +/- 0.00127217 @ 95% credibility (15 tries)
Done in 0.21 min (cpu), 0.22 min (real)
Generate toy 29/250

 -- MarkovChainMC -- 
Limit: r < 0.245489 +/- 0.00386392 @ 95% credibility (15 tries)
Done in 0.25 min (cpu), 0.26 min (real)
Generate toy 30/250

 -- MarkovChainMC -- 
Limit: r < 0.115072 +/- 0.00248767 @ 95% credibility (15 tries)
Done in 0.18 min (cpu), 0.18 min (real)
Generate toy 31/250

 -- MarkovChainMC -- 
Limit: r < 0.131026 +/- 0.000783082 @ 95% credibility (15 tries)
Done in 0.20 min (cpu), 0.20 min (real)
Generate toy 32/250

 -- MarkovChainMC -- 
Limit: r < 0.143304 +/- 0.00199978 @ 95% credibility (15 tries)
Done in 0.18 min (cpu), 0.18 min (real)
Generate toy 33/250

 -- MarkovChainMC -- 
Limit: r < 0.129274 +/- 0.00227623 @ 95% credibility (15 tries)
Done in 0.18 min (cpu), 0.19 min (real)
Generate toy 34/250

 -- MarkovChainMC -- 
Limit: r < 0.105723 +/- 0.00139016 @ 95% credibility (15 tries)
Done in 0.18 min (cpu), 0.19 min (real)
Generate toy 35/250

 -- MarkovChainMC -- 
Limit: r < 0.151246 +/- 0.00229478 @ 95% credibility (15 tries)
Done in 0.20 min (cpu), 0.20 min (real)
Generate toy 36/250

 -- MarkovChainMC -- 
Limit: r < 0.102817 +/- 0.00153208 @ 95% credibility (15 tries)
Done in 0.18 min (cpu), 0.18 min (real)
Generate toy 37/250

 -- MarkovChainMC -- 
Limit: r < 0.103774 +/- 0.00189683 @ 95% credibility (15 tries)
Done in 0.24 min (cpu), 0.24 min (real)
Generate toy 38/250

 -- MarkovChainMC -- 
Limit: r < 0.150277 +/- 0.00469664 @ 95% credibility (15 tries)
Done in 0.23 min (cpu), 0.24 min (real)
Generate toy 39/250

 -- MarkovChainMC -- 
Limit: r < 0.101761 +/- 0.00125217 @ 95% credibility (15 tries)
Done in 0.19 min (cpu), 0.19 min (real)
Generate toy 40/250

 -- MarkovChainMC -- 
Limit: r < 0.107639 +/- 0.00235991 @ 95% credibility (15 tries)
Done in 0.15 min (cpu), 0.15 min (real)
Generate toy 41/250

 -- MarkovChainMC -- 
Limit: r < 0.161019 +/- 0.00284322 @ 95% credibility (15 tries)
Done in 0.15 min (cpu), 0.15 min (real)
Generate toy 42/250

 -- MarkovChainMC -- 
Limit: r < 0.161099 +/- 0.00251092 @ 95% credibility (15 tries)
Done in 0.16 min (cpu), 0.16 min (real)
Generate toy 43/250

 -- MarkovChainMC -- 
Limit: r < 0.203479 +/- 0.00122315 @ 95% credibility (15 tries)
Done in 0.16 min (cpu), 0.16 min (real)
Generate toy 44/250

 -- MarkovChainMC -- 
Limit: r < 0.130503 +/- 0.00218032 @ 95% credibility (15 tries)
Done in 0.16 min (cpu), 0.16 min (real)
Generate toy 45/250

 -- MarkovChainMC -- 
Limit: r < 0.140895 +/- 0.00265984 @ 95% credibility (15 tries)
Done in 0.16 min (cpu), 0.17 min (real)
Generate toy 46/250

 -- MarkovChainMC -- 
Limit: r < 0.164176 +/- 0.00168305 @ 95% credibility (15 tries)
Done in 0.16 min (cpu), 0.16 min (real)
Generate toy 47/250

 -- MarkovChainMC -- 
Limit: r < 0.172196 +/- 0.00260521 @ 95% credibility (15 tries)
Done in 0.16 min (cpu), 0.16 min (real)
Generate toy 48/250

 -- MarkovChainMC -- 
Limit: r < 0.176543 +/- 0.00221074 @ 95% credibility (15 tries)
Done in 0.16 min (cpu), 0.16 min (real)
Generate toy 49/250

 -- MarkovChainMC -- 
Limit: r < 0.126884 +/- 0.00177834 @ 95% credibility (15 tries)
Done in 0.16 min (cpu), 0.16 min (real)
Generate toy 50/250

 -- MarkovChainMC -- 
Limit: r < 0.165685 +/- 0.00313626 @ 95% credibility (15 tries)
Done in 0.16 min (cpu), 0.16 min (real)
Generate toy 51/250

 -- MarkovChainMC -- 
Limit: r < 0.308434 +/- 0.00279609 @ 95% credibility (15 tries)
Done in 0.17 min (cpu), 0.17 min (real)
Generate toy 52/250

 -- MarkovChainMC -- 
Limit: r < 0.108977 +/- 0.00171124 @ 95% credibility (15 tries)
Done in 0.16 min (cpu), 0.16 min (real)
Generate toy 53/250

 -- MarkovChainMC -- 
Limit: r < 0.139072 +/- 0.0011744 @ 95% credibility (15 tries)
Done in 0.16 min (cpu), 0.17 min (real)
Generate toy 54/250

 -- MarkovChainMC -- 
Limit: r < 0.141322 +/- 0.00275182 @ 95% credibility (15 tries)
Done in 0.18 min (cpu), 0.18 min (real)
Generate toy 55/250

 -- MarkovChainMC -- 
Limit: r < 0.114766 +/- 0.000746486 @ 95% credibility (15 tries)
Done in 0.16 min (cpu), 0.16 min (real)
Generate toy 56/250

 -- MarkovChainMC -- 
Limit: r < 0.126506 +/- 0.0022208 @ 95% credibility (15 tries)
Done in 0.16 min (cpu), 0.16 min (real)
Generate toy 57/250

 -- MarkovChainMC -- 
Limit: r < 0.0960498 +/- 0.00221794 @ 95% credibility (15 tries)
Done in 0.16 min (cpu), 0.16 min (real)
Generate toy 58/250

 -- MarkovChainMC -- 
Limit: r < 0.143418 +/- 0.00295874 @ 95% credibility (15 tries)
Done in 0.17 min (cpu), 0.17 min (real)
Generate toy 59/250

 -- MarkovChainMC -- 
Limit: r < 0.108118 +/- 0.00155199 @ 95% credibility (15 tries)
Done in 0.16 min (cpu), 0.16 min (real)
Generate toy 60/250

 -- MarkovChainMC -- 
Limit: r < 0.155135 +/- 0.00165766 @ 95% credibility (15 tries)
Done in 0.16 min (cpu), 0.16 min (real)
Generate toy 61/250

 -- MarkovChainMC -- 
Limit: r < 0.127694 +/- 0.00211526 @ 95% credibility (15 tries)
Done in 0.16 min (cpu), 0.16 min (real)
Generate toy 62/250

 -- MarkovChainMC -- 
Limit: r < 0.152701 +/- 0.00212258 @ 95% credibility (15 tries)
Done in 0.16 min (cpu), 0.17 min (real)
Generate toy 63/250

 -- MarkovChainMC -- 
Limit: r < 0.122589 +/- 0.00164235 @ 95% credibility (15 tries)
Done in 0.16 min (cpu), 0.16 min (real)
Generate toy 64/250

 -- MarkovChainMC -- 
Limit: r < 0.128795 +/- 0.00161421 @ 95% credibility (15 tries)
Done in 0.15 min (cpu), 0.16 min (real)
Generate toy 65/250

 -- MarkovChainMC -- 
Limit: r < 0.134655 +/- 0.00147766 @ 95% credibility (15 tries)
Done in 0.15 min (cpu), 0.16 min (real)
Generate toy 66/250

 -- MarkovChainMC -- 
Limit: r < 0.122436 +/- 0.00186761 @ 95% credibility (15 tries)
Done in 0.16 min (cpu), 0.16 min (real)
Generate toy 67/250

 -- MarkovChainMC -- 
Limit: r < 0.110212 +/- 0.0025224 @ 95% credibility (15 tries)
Done in 0.16 min (cpu), 0.16 min (real)
Generate toy 68/250

 -- MarkovChainMC -- 
Limit: r < 0.25717 +/- 0.00278005 @ 95% credibility (15 tries)
Done in 0.17 min (cpu), 0.17 min (real)
Generate toy 69/250

 -- MarkovChainMC -- 
Limit: r < 0.135035 +/- 0.00165135 @ 95% credibility (15 tries)
Done in 0.16 min (cpu), 0.17 min (real)
Generate toy 70/250

 -- MarkovChainMC -- 
Limit: r < 0.10703 +/- 0.00174289 @ 95% credibility (15 tries)
Done in 0.16 min (cpu), 0.16 min (real)
Generate toy 71/250

 -- MarkovChainMC -- 
Limit: r < 0.153616 +/- 0.0011657 @ 95% credibility (15 tries)
Done in 0.16 min (cpu), 0.17 min (real)
Generate toy 72/250

 -- MarkovChainMC -- 
Limit: r < 0.108214 +/- 0.00152598 @ 95% credibility (15 tries)
Done in 0.16 min (cpu), 0.16 min (real)
Generate toy 73/250

 -- MarkovChainMC -- 
Limit: r < 0.116485 +/- 0.0018588 @ 95% credibility (15 tries)
Done in 0.16 min (cpu), 0.16 min (real)
Generate toy 74/250

 -- MarkovChainMC -- 
Limit: r < 0.153907 +/- 0.00160595 @ 95% credibility (15 tries)
Done in 0.17 min (cpu), 0.17 min (real)
Generate toy 75/250

 -- MarkovChainMC -- 
Limit: r < 0.106489 +/- 0.00184062 @ 95% credibility (15 tries)
Done in 0.16 min (cpu), 0.16 min (real)
Generate toy 76/250

 -- MarkovChainMC -- 
Limit: r < 0.102976 +/- 0.000945103 @ 95% credibility (15 tries)
Done in 0.16 min (cpu), 0.16 min (real)
Generate toy 77/250

 -- MarkovChainMC -- 
Limit: r < 0.122236 +/- 0.001401 @ 95% credibility (15 tries)
Done in 0.17 min (cpu), 0.17 min (real)
Generate toy 78/250

 -- MarkovChainMC -- 
Limit: r < 0.14294 +/- 0.00276272 @ 95% credibility (15 tries)
Done in 0.16 min (cpu), 0.17 min (real)
Generate toy 79/250

 -- MarkovChainMC -- 
Limit: r < 0.0982607 +/- 0.00158192 @ 95% credibility (15 tries)
Done in 0.16 min (cpu), 0.16 min (real)
Generate toy 80/250

 -- MarkovChainMC -- 
Limit: r < 0.124609 +/- 0.00281824 @ 95% credibility (15 tries)
Done in 0.16 min (cpu), 0.16 min (real)
Generate toy 81/250

 -- MarkovChainMC -- 
Limit: r < 0.090941 +/- 0.00215566 @ 95% credibility (15 tries)
Done in 0.16 min (cpu), 0.16 min (real)
Generate toy 82/250

 -- MarkovChainMC -- 
Limit: r < 0.115613 +/- 0.002318 @ 95% credibility (15 tries)
Done in 0.16 min (cpu), 0.16 min (real)
Generate toy 83/250

 -- MarkovChainMC -- 
Limit: r < 0.170747 +/- 0.0035022 @ 95% credibility (15 tries)
Done in 0.17 min (cpu), 0.17 min (real)
Generate toy 84/250

 -- MarkovChainMC -- 
Limit: r < 0.159544 +/- 0.00272879 @ 95% credibility (15 tries)
Done in 0.17 min (cpu), 0.17 min (real)
Generate toy 85/250

 -- MarkovChainMC -- 
Limit: r < 0.160841 +/- 0.00266244 @ 95% credibility (15 tries)
Done in 0.17 min (cpu), 0.17 min (real)
Generate toy 86/250

 -- MarkovChainMC -- 
Limit: r < 0.1544 +/- 0.00232336 @ 95% credibility (15 tries)
Done in 0.17 min (cpu), 0.17 min (real)
Generate toy 87/250

 -- MarkovChainMC -- 
Limit: r < 0.213502 +/- 0.00405554 @ 95% credibility (15 tries)
Done in 0.17 min (cpu), 0.18 min (real)
Generate toy 88/250

 -- MarkovChainMC -- 
Limit: r < 0.231086 +/- 0.00129818 @ 95% credibility (15 tries)
Done in 0.18 min (cpu), 0.18 min (real)
Generate toy 89/250

 -- MarkovChainMC -- 
Limit: r < 0.123069 +/- 0.00116243 @ 95% credibility (15 tries)
Done in 0.17 min (cpu), 0.17 min (real)
Generate toy 90/250

 -- MarkovChainMC -- 
Limit: r < 0.159925 +/- 0.0017531 @ 95% credibility (15 tries)
Done in 0.17 min (cpu), 0.17 min (real)
Generate toy 91/250

 -- MarkovChainMC -- 
Limit: r < 0.1992 +/- 0.00199588 @ 95% credibility (15 tries)
Done in 0.17 min (cpu), 0.17 min (real)
Generate toy 92/250

 -- MarkovChainMC -- 
Limit: r < 0.125567 +/- 0.00233992 @ 95% credibility (15 tries)
Done in 0.16 min (cpu), 0.16 min (real)
Generate toy 93/250

 -- MarkovChainMC -- 
Limit: r < 0.137167 +/- 0.00258608 @ 95% credibility (15 tries)
Done in 0.16 min (cpu), 0.16 min (real)
Generate toy 94/250

 -- MarkovChainMC -- 
Limit: r < 0.149892 +/- 0.00138593 @ 95% credibility (15 tries)
Done in 0.16 min (cpu), 0.16 min (real)
Generate toy 95/250

 -- MarkovChainMC -- 
Limit: r < 0.10894 +/- 0.00253908 @ 95% credibility (15 tries)
Done in 0.16 min (cpu), 0.16 min (real)
Generate toy 96/250

 -- MarkovChainMC -- 
Limit: r < 0.166324 +/- 0.00355884 @ 95% credibility (15 tries)
Done in 0.16 min (cpu), 0.16 min (real)
Generate toy 97/250

 -- MarkovChainMC -- 
Limit: r < 0.230724 +/- 0.00188374 @ 95% credibility (15 tries)
Done in 0.17 min (cpu), 0.17 min (real)
Generate toy 98/250

 -- MarkovChainMC -- 
Limit: r < 0.105604 +/- 0.00135697 @ 95% credibility (15 tries)
Done in 0.16 min (cpu), 0.16 min (real)
Generate toy 99/250

 -- MarkovChainMC -- 
Limit: r < 0.0981554 +/- 0.0012068 @ 95% credibility (15 tries)
Done in 0.16 min (cpu), 0.16 min (real)
Generate toy 100/250

 -- MarkovChainMC -- 
Limit: r < 0.0993517 +/- 0.00253944 @ 95% credibility (15 tries)
Done in 0.16 min (cpu), 0.16 min (real)
Generate toy 101/250

 -- MarkovChainMC -- 
Limit: r < 0.143098 +/- 0.00060753 @ 95% credibility (15 tries)
Done in 0.16 min (cpu), 0.16 min (real)
Generate toy 102/250

 -- MarkovChainMC -- 
Limit: r < 0.111891 +/- 0.00207908 @ 95% credibility (15 tries)
Done in 0.15 min (cpu), 0.16 min (real)
Generate toy 103/250

 -- MarkovChainMC -- 
Limit: r < 0.12348 +/- 0.00268289 @ 95% credibility (15 tries)
Done in 0.16 min (cpu), 0.16 min (real)
Generate toy 104/250

 -- MarkovChainMC -- 
Limit: r < 0.165367 +/- 0.00129439 @ 95% credibility (15 tries)
Done in 0.17 min (cpu), 0.17 min (real)
Generate toy 105/250

 -- MarkovChainMC -- 
Limit: r < 0.111466 +/- 0.00161798 @ 95% credibility (15 tries)
Done in 0.15 min (cpu), 0.15 min (real)
Generate toy 106/250

 -- MarkovChainMC -- 
Limit: r < 0.14006 +/- 0.00496124 @ 95% credibility (15 tries)
Done in 0.16 min (cpu), 0.16 min (real)
Generate toy 107/250

 -- MarkovChainMC -- 
Limit: r < 0.137497 +/- 0.00167325 @ 95% credibility (15 tries)
Done in 0.16 min (cpu), 0.16 min (real)
Generate toy 108/250

 -- MarkovChainMC -- 
Limit: r < 0.152718 +/- 0.00204376 @ 95% credibility (15 tries)
Done in 0.16 min (cpu), 0.16 min (real)
Generate toy 109/250

 -- MarkovChainMC -- 
Limit: r < 0.100487 +/- 0.00113637 @ 95% credibility (15 tries)
Done in 0.15 min (cpu), 0.15 min (real)
Generate toy 110/250

 -- MarkovChainMC -- 
Limit: r < 0.140895 +/- 0.00176196 @ 95% credibility (15 tries)
Done in 0.16 min (cpu), 0.16 min (real)
Generate toy 111/250

 -- MarkovChainMC -- 
Limit: r < 0.190201 +/- 0.00312856 @ 95% credibility (15 tries)
Done in 0.16 min (cpu), 0.16 min (real)
Generate toy 112/250

 -- MarkovChainMC -- 
Limit: r < 0.116703 +/- 0.00119684 @ 95% credibility (15 tries)
Done in 0.17 min (cpu), 0.17 min (real)
Generate toy 113/250

 -- MarkovChainMC -- 
Limit: r < 0.0954068 +/- 0.00115413 @ 95% credibility (15 tries)
Done in 0.16 min (cpu), 0.17 min (real)
Generate toy 114/250

 -- MarkovChainMC -- 
Limit: r < 0.139312 +/- 0.00217733 @ 95% credibility (15 tries)
Done in 0.16 min (cpu), 0.16 min (real)
Generate toy 115/250

 -- MarkovChainMC -- 
Limit: r < 0.114155 +/- 0.00120689 @ 95% credibility (15 tries)
Done in 0.15 min (cpu), 0.15 min (real)
Generate toy 116/250

 -- MarkovChainMC -- 
Limit: r < 0.280313 +/- 0.00233923 @ 95% credibility (15 tries)
Done in 0.17 min (cpu), 0.17 min (real)
Generate toy 117/250

 -- MarkovChainMC -- 
Limit: r < 0.101268 +/- 0.00236009 @ 95% credibility (15 tries)
Done in 0.15 min (cpu), 0.16 min (real)
Generate toy 118/250

 -- MarkovChainMC -- 
Limit: r < 0.100237 +/- 0.00184606 @ 95% credibility (15 tries)
Done in 0.16 min (cpu), 0.16 min (real)
Generate toy 119/250

 -- MarkovChainMC -- 
Limit: r < 0.165149 +/- 0.0035241 @ 95% credibility (15 tries)
Done in 0.17 min (cpu), 0.17 min (real)
Generate toy 120/250

 -- MarkovChainMC -- 
Limit: r < 0.126362 +/- 0.00224731 @ 95% credibility (15 tries)
Done in 0.16 min (cpu), 0.16 min (real)
Generate toy 121/250

 -- MarkovChainMC -- 
Limit: r < 0.167253 +/- 0.00272481 @ 95% credibility (15 tries)
Done in 0.16 min (cpu), 0.16 min (real)
Generate toy 122/250

 -- MarkovChainMC -- 
Limit: r < 0.0981322 +/- 0.00135174 @ 95% credibility (15 tries)
Done in 0.16 min (cpu), 0.16 min (real)
Generate toy 123/250

 -- MarkovChainMC -- 
Limit: r < 0.102915 +/- 0.00262559 @ 95% credibility (15 tries)
Done in 0.16 min (cpu), 0.16 min (real)
Generate toy 124/250

 -- MarkovChainMC -- 
Limit: r < 0.109236 +/- 0.00111015 @ 95% credibility (15 tries)
Done in 0.16 min (cpu), 0.16 min (real)
Generate toy 125/250

 -- MarkovChainMC -- 
Limit: r < 0.15544 +/- 0.00313108 @ 95% credibility (15 tries)
Done in 0.16 min (cpu), 0.16 min (real)
Generate toy 126/250

 -- MarkovChainMC -- 
Limit: r < 0.158829 +/- 0.00218883 @ 95% credibility (15 tries)
Done in 0.16 min (cpu), 0.16 min (real)
Generate toy 127/250

 -- MarkovChainMC -- 
Limit: r < 0.101955 +/- 0.00127928 @ 95% credibility (15 tries)
Done in 0.16 min (cpu), 0.16 min (real)
Generate toy 128/250

 -- MarkovChainMC -- 
Limit: r < 0.11046 +/- 0.00144219 @ 95% credibility (15 tries)
Done in 0.15 min (cpu), 0.15 min (real)
Generate toy 129/250

 -- MarkovChainMC -- 
Limit: r < 0.173526 +/- 0.00258324 @ 95% credibility (15 tries)
Done in 0.15 min (cpu), 0.16 min (real)
Generate toy 130/250

 -- MarkovChainMC -- 
Limit: r < 0.1352 +/- 0.00286916 @ 95% credibility (15 tries)
Done in 0.15 min (cpu), 0.15 min (real)
Generate toy 131/250

 -- MarkovChainMC -- 
Limit: r < 0.180154 +/- 0.00147636 @ 95% credibility (15 tries)
Done in 0.16 min (cpu), 0.16 min (real)
Generate toy 132/250

 -- MarkovChainMC -- 
Limit: r < 0.101923 +/- 0.0017886 @ 95% credibility (15 tries)
Done in 0.15 min (cpu), 0.15 min (real)
Generate toy 133/250

 -- MarkovChainMC -- 
Limit: r < 0.236852 +/- 0.00215598 @ 95% credibility (15 tries)
Done in 0.16 min (cpu), 0.16 min (real)
Generate toy 134/250

 -- MarkovChainMC -- 
Limit: r < 0.142764 +/- 0.00164196 @ 95% credibility (15 tries)
Done in 0.15 min (cpu), 0.16 min (real)
Generate toy 135/250

 -- MarkovChainMC -- 
Limit: r < 0.225332 +/- 0.00250317 @ 95% credibility (15 tries)
Done in 0.16 min (cpu), 0.17 min (real)
Generate toy 136/250

 -- MarkovChainMC -- 
Limit: r < 0.162684 +/- 0.0026103 @ 95% credibility (15 tries)
Done in 0.16 min (cpu), 0.16 min (real)
Generate toy 137/250

 -- MarkovChainMC -- 
Limit: r < 0.133086 +/- 0.00198844 @ 95% credibility (15 tries)
Done in 0.15 min (cpu), 0.16 min (real)
Generate toy 138/250

 -- MarkovChainMC -- 
Limit: r < 0.113386 +/- 0.00119341 @ 95% credibility (15 tries)
Done in 0.16 min (cpu), 0.16 min (real)
Generate toy 139/250

 -- MarkovChainMC -- 
Limit: r < 0.112542 +/- 0.00134657 @ 95% credibility (15 tries)
Done in 0.16 min (cpu), 0.16 min (real)
Generate toy 140/250

 -- MarkovChainMC -- 
Limit: r < 0.142755 +/- 0.00126291 @ 95% credibility (15 tries)
Done in 0.16 min (cpu), 0.16 min (real)
Generate toy 141/250

 -- MarkovChainMC -- 
Limit: r < 0.239078 +/- 0.00269334 @ 95% credibility (15 tries)
Done in 0.16 min (cpu), 0.16 min (real)
Generate toy 142/250

 -- MarkovChainMC -- 
Limit: r < 0.122483 +/- 0.00219229 @ 95% credibility (15 tries)
Done in 0.15 min (cpu), 0.15 min (real)
Generate toy 143/250

 -- MarkovChainMC -- 
Limit: r < 0.135448 +/- 0.00152818 @ 95% credibility (15 tries)
Done in 0.15 min (cpu), 0.15 min (real)
Generate toy 144/250

 -- MarkovChainMC -- 
Limit: r < 0.223663 +/- 0.00138418 @ 95% credibility (15 tries)
Done in 0.16 min (cpu), 0.16 min (real)
Generate toy 145/250

 -- MarkovChainMC -- 
Limit: r < 0.117977 +/- 0.00248304 @ 95% credibility (15 tries)
Done in 0.15 min (cpu), 0.15 min (real)
Generate toy 146/250

 -- MarkovChainMC -- 
Limit: r < 0.229797 +/- 0.00414453 @ 95% credibility (15 tries)
Done in 0.16 min (cpu), 0.16 min (real)
Generate toy 147/250

 -- MarkovChainMC -- 
Limit: r < 0.174065 +/- 0.00261238 @ 95% credibility (15 tries)
Done in 0.16 min (cpu), 0.16 min (real)
Generate toy 148/250

 -- MarkovChainMC -- 
Limit: r < 0.148075 +/- 0.00249227 @ 95% credibility (15 tries)
Done in 0.15 min (cpu), 0.15 min (real)
Generate toy 149/250

 -- MarkovChainMC -- 
Limit: r < 0.104839 +/- 0.00240626 @ 95% credibility (15 tries)
Done in 0.15 min (cpu), 0.15 min (real)
Generate toy 150/250

 -- MarkovChainMC -- 
Limit: r < 0.215097 +/- 0.00527591 @ 95% credibility (15 tries)
Done in 0.16 min (cpu), 0.16 min (real)
Generate toy 151/250

 -- MarkovChainMC -- 
Limit: r < 0.259508 +/- 0.0015048 @ 95% credibility (15 tries)
Done in 0.16 min (cpu), 0.16 min (real)
Generate toy 152/250

 -- MarkovChainMC -- 
Limit: r < 0.129059 +/- 0.00258593 @ 95% credibility (15 tries)
Done in 0.15 min (cpu), 0.15 min (real)
Generate toy 153/250

 -- MarkovChainMC -- 
Limit: r < 0.139995 +/- 0.00125691 @ 95% credibility (15 tries)
Done in 0.16 min (cpu), 0.16 min (real)
Generate toy 154/250

 -- MarkovChainMC -- 
Limit: r < 0.128351 +/- 0.00138249 @ 95% credibility (15 tries)
Done in 0.15 min (cpu), 0.16 min (real)
Generate toy 155/250

 -- MarkovChainMC -- 
Limit: r < 0.10611 +/- 0.00276276 @ 95% credibility (15 tries)
Done in 0.15 min (cpu), 0.15 min (real)
Generate toy 156/250

 -- MarkovChainMC -- 
Limit: r < 0.174745 +/- 0.000894189 @ 95% credibility (15 tries)
Done in 0.16 min (cpu), 0.16 min (real)
Generate toy 157/250

 -- MarkovChainMC -- 
Limit: r < 0.122928 +/- 0.00182184 @ 95% credibility (15 tries)
Done in 0.15 min (cpu), 0.15 min (real)
Generate toy 158/250

 -- MarkovChainMC -- 
Limit: r < 0.117777 +/- 0.00209052 @ 95% credibility (15 tries)
Done in 0.15 min (cpu), 0.15 min (real)
Generate toy 159/250

 -- MarkovChainMC -- 
Limit: r < 0.1048 +/- 0.00134853 @ 95% credibility (15 tries)
Done in 0.15 min (cpu), 0.15 min (real)
Generate toy 160/250

 -- MarkovChainMC -- 
Limit: r < 0.105704 +/- 0.000859063 @ 95% credibility (15 tries)
Done in 0.15 min (cpu), 0.15 min (real)
Generate toy 161/250

 -- MarkovChainMC -- 
Limit: r < 0.154358 +/- 0.00263768 @ 95% credibility (15 tries)
Done in 0.16 min (cpu), 0.16 min (real)
Generate toy 162/250

 -- MarkovChainMC -- 
Limit: r < 0.15892 +/- 0.00167763 @ 95% credibility (15 tries)
Done in 0.15 min (cpu), 0.15 min (real)
Generate toy 163/250

 -- MarkovChainMC -- 
Limit: r < 0.146693 +/- 0.00186274 @ 95% credibility (15 tries)
Done in 0.15 min (cpu), 0.15 min (real)
Generate toy 164/250

 -- MarkovChainMC -- 
Limit: r < 0.137299 +/- 0.000426024 @ 95% credibility (15 tries)
Done in 0.15 min (cpu), 0.15 min (real)
Generate toy 165/250

 -- MarkovChainMC -- 
Limit: r < 0.106594 +/- 0.000833722 @ 95% credibility (15 tries)
Done in 0.16 min (cpu), 0.16 min (real)
Generate toy 166/250

 -- MarkovChainMC -- 
Limit: r < 0.145805 +/- 0.00193202 @ 95% credibility (15 tries)
Done in 0.16 min (cpu), 0.16 min (real)
Generate toy 167/250

 -- MarkovChainMC -- 
Limit: r < 0.151889 +/- 0.00481278 @ 95% credibility (15 tries)
Done in 0.16 min (cpu), 0.16 min (real)
Generate toy 168/250

 -- MarkovChainMC -- 
Limit: r < 0.106373 +/- 0.00159636 @ 95% credibility (15 tries)
Done in 0.15 min (cpu), 0.15 min (real)
Generate toy 169/250

 -- MarkovChainMC -- 
Limit: r < 0.237994 +/- 0.00316459 @ 95% credibility (15 tries)
Done in 0.16 min (cpu), 0.16 min (real)
Generate toy 170/250

 -- MarkovChainMC -- 
Limit: r < 0.106325 +/- 0.00212991 @ 95% credibility (15 tries)
Done in 0.15 min (cpu), 0.15 min (real)
Generate toy 171/250

 -- MarkovChainMC -- 
Limit: r < 0.124017 +/- 0.00288828 @ 95% credibility (15 tries)
Done in 0.15 min (cpu), 0.15 min (real)
Generate toy 172/250

 -- MarkovChainMC -- 
Limit: r < 0.148689 +/- 0.00168533 @ 95% credibility (15 tries)
Done in 0.16 min (cpu), 0.16 min (real)
Generate toy 173/250

 -- MarkovChainMC -- 
Limit: r < 0.186726 +/- 0.00261348 @ 95% credibility (15 tries)
Done in 0.16 min (cpu), 0.16 min (real)
Generate toy 174/250

 -- MarkovChainMC -- 
Limit: r < 0.109689 +/- 0.00181432 @ 95% credibility (15 tries)
Done in 0.15 min (cpu), 0.15 min (real)
Generate toy 175/250

 -- MarkovChainMC -- 
Limit: r < 0.153752 +/- 0.00142185 @ 95% credibility (15 tries)
Done in 0.15 min (cpu), 0.15 min (real)
Generate toy 176/250

 -- MarkovChainMC -- 
Limit: r < 0.131689 +/- 0.00201136 @ 95% credibility (15 tries)
Done in 0.15 min (cpu), 0.16 min (real)
Generate toy 177/250

 -- MarkovChainMC -- 
Limit: r < 0.215096 +/- 0.00702028 @ 95% credibility (15 tries)
Done in 0.16 min (cpu), 0.16 min (real)
Generate toy 178/250

 -- MarkovChainMC -- 
Limit: r < 0.152283 +/- 0.00256737 @ 95% credibility (15 tries)
Done in 0.16 min (cpu), 0.16 min (real)
Generate toy 179/250

 -- MarkovChainMC -- 
Limit: r < 0.141355 +/- 0.000940149 @ 95% credibility (15 tries)
Done in 0.15 min (cpu), 0.15 min (real)
Generate toy 180/250

 -- MarkovChainMC -- 
Limit: r < 0.209511 +/- 0.00192967 @ 95% credibility (15 tries)
Done in 0.16 min (cpu), 0.16 min (real)
Generate toy 181/250

 -- MarkovChainMC -- 
Limit: r < 0.0930698 +/- 0.00149773 @ 95% credibility (15 tries)
Done in 0.15 min (cpu), 0.15 min (real)
Generate toy 182/250

 -- MarkovChainMC -- 
Limit: r < 0.173639 +/- 0.00249376 @ 95% credibility (15 tries)
Done in 0.16 min (cpu), 0.16 min (real)
Generate toy 183/250

 -- MarkovChainMC -- 
Limit: r < 0.139961 +/- 0.00149184 @ 95% credibility (15 tries)
Done in 0.15 min (cpu), 0.16 min (real)
Generate toy 184/250

 -- MarkovChainMC -- 
Limit: r < 0.227031 +/- 0.0026722 @ 95% credibility (15 tries)
Done in 0.16 min (cpu), 0.16 min (real)
Generate toy 185/250

 -- MarkovChainMC -- 
Limit: r < 0.107034 +/- 0.00166644 @ 95% credibility (15 tries)
Done in 0.16 min (cpu), 0.16 min (real)
Generate toy 186/250

 -- MarkovChainMC -- 
Limit: r < 0.126404 +/- 0.00258584 @ 95% credibility (15 tries)
Done in 0.15 min (cpu), 0.15 min (real)
Generate toy 187/250

 -- MarkovChainMC -- 
Limit: r < 0.135552 +/- 0.00085448 @ 95% credibility (15 tries)
Done in 0.15 min (cpu), 0.15 min (real)
Generate toy 188/250

 -- MarkovChainMC -- 
Limit: r < 0.123938 +/- 0.00287611 @ 95% credibility (15 tries)
Done in 0.15 min (cpu), 0.15 min (real)
Generate toy 189/250

 -- MarkovChainMC -- 
Limit: r < 0.10548 +/- 0.0012133 @ 95% credibility (15 tries)
Done in 0.15 min (cpu), 0.15 min (real)
Generate toy 190/250

 -- MarkovChainMC -- 
Limit: r < 0.198245 +/- 0.00295124 @ 95% credibility (15 tries)
Done in 0.16 min (cpu), 0.16 min (real)
Generate toy 191/250

 -- MarkovChainMC -- 
Limit: r < 0.209596 +/- 0.00277201 @ 95% credibility (15 tries)
Done in 0.16 min (cpu), 0.16 min (real)
Generate toy 192/250

 -- MarkovChainMC -- 
Limit: r < 0.190945 +/- 0.00260378 @ 95% credibility (15 tries)
Done in 0.16 min (cpu), 0.16 min (real)
Generate toy 193/250

 -- MarkovChainMC -- 
Limit: r < 0.149703 +/- 0.00229359 @ 95% credibility (15 tries)
Done in 0.15 min (cpu), 0.16 min (real)
Generate toy 194/250

 -- MarkovChainMC -- 
Limit: r < 0.146055 +/- 0.0021664 @ 95% credibility (15 tries)
Done in 0.15 min (cpu), 0.16 min (real)
Generate toy 195/250

 -- MarkovChainMC -- 
Limit: r < 0.123702 +/- 0.00105675 @ 95% credibility (15 tries)
Done in 0.15 min (cpu), 0.15 min (real)
Generate toy 196/250

 -- MarkovChainMC -- 
Limit: r < 0.154124 +/- 0.00156108 @ 95% credibility (15 tries)
Done in 0.15 min (cpu), 0.15 min (real)
Generate toy 197/250

 -- MarkovChainMC -- 
Limit: r < 0.173205 +/- 0.00382825 @ 95% credibility (15 tries)
Done in 0.16 min (cpu), 0.16 min (real)
Generate toy 198/250

 -- MarkovChainMC -- 
Limit: r < 0.127776 +/- 0.00213523 @ 95% credibility (15 tries)
Done in 0.15 min (cpu), 0.15 min (real)
Generate toy 199/250

 -- MarkovChainMC -- 
Limit: r < 0.160397 +/- 0.00141128 @ 95% credibility (15 tries)
Done in 0.16 min (cpu), 0.16 min (real)
Generate toy 200/250

 -- MarkovChainMC -- 
Limit: r < 0.103534 +/- 0.00164819 @ 95% credibility (15 tries)
Done in 0.16 min (cpu), 0.16 min (real)
Generate toy 201/250

 -- MarkovChainMC -- 
Limit: r < 0.17726 +/- 0.00230208 @ 95% credibility (15 tries)
Done in 0.16 min (cpu), 0.16 min (real)
Generate toy 202/250

 -- MarkovChainMC -- 
Limit: r < 0.183027 +/- 0.00128507 @ 95% credibility (15 tries)
Done in 0.16 min (cpu), 0.16 min (real)
Generate toy 203/250

 -- MarkovChainMC -- 
Limit: r < 0.105783 +/- 0.00156155 @ 95% credibility (15 tries)
Done in 0.16 min (cpu), 0.16 min (real)
Generate toy 204/250

 -- MarkovChainMC -- 
Limit: r < 0.22431 +/- 0.00244303 @ 95% credibility (15 tries)
Done in 0.17 min (cpu), 0.17 min (real)
Generate toy 205/250

 -- MarkovChainMC -- 
Limit: r < 0.0996444 +/- 0.00142071 @ 95% credibility (15 tries)
Done in 0.16 min (cpu), 0.16 min (real)
Generate toy 206/250

 -- MarkovChainMC -- 
Limit: r < 0.102916 +/- 0.00321766 @ 95% credibility (15 tries)
Done in 0.16 min (cpu), 0.16 min (real)
Generate toy 207/250

 -- MarkovChainMC -- 
Limit: r < 0.109042 +/- 0.00209901 @ 95% credibility (15 tries)
Done in 0.16 min (cpu), 0.16 min (real)
Generate toy 208/250

 -- MarkovChainMC -- 
Limit: r < 0.13322 +/- 0.00218574 @ 95% credibility (15 tries)
Done in 0.16 min (cpu), 0.16 min (real)
Generate toy 209/250

 -- MarkovChainMC -- 
Limit: r < 0.165895 +/- 0.00202559 @ 95% credibility (15 tries)
Done in 0.16 min (cpu), 0.16 min (real)
Generate toy 210/250

 -- MarkovChainMC -- 
Limit: r < 0.124777 +/- 0.00229235 @ 95% credibility (15 tries)
Done in 0.16 min (cpu), 0.16 min (real)
Generate toy 211/250

 -- MarkovChainMC -- 
Limit: r < 0.163339 +/- 0.00144097 @ 95% credibility (15 tries)
Done in 0.16 min (cpu), 0.16 min (real)
Generate toy 212/250

 -- MarkovChainMC -- 
Limit: r < 0.155435 +/- 0.0032139 @ 95% credibility (15 tries)
Done in 0.16 min (cpu), 0.16 min (real)
Generate toy 213/250

 -- MarkovChainMC -- 
Limit: r < 0.146298 +/- 0.00128453 @ 95% credibility (15 tries)
Done in 0.16 min (cpu), 0.16 min (real)
Generate toy 214/250

 -- MarkovChainMC -- 
Limit: r < 0.0933452 +/- 0.00157936 @ 95% credibility (15 tries)
Done in 0.15 min (cpu), 0.15 min (real)
Generate toy 215/250

 -- MarkovChainMC -- 
Limit: r < 0.141216 +/- 0.00207193 @ 95% credibility (15 tries)
Done in 0.15 min (cpu), 0.16 min (real)
Generate toy 216/250

 -- MarkovChainMC -- 
Limit: r < 0.214229 +/- 0.00356222 @ 95% credibility (15 tries)
Done in 0.16 min (cpu), 0.16 min (real)
Generate toy 217/250

 -- MarkovChainMC -- 
Limit: r < 0.312167 +/- 0.00203709 @ 95% credibility (15 tries)
Done in 0.17 min (cpu), 0.17 min (real)
Generate toy 218/250

 -- MarkovChainMC -- 
Limit: r < 0.104595 +/- 0.001498 @ 95% credibility (15 tries)
Done in 0.15 min (cpu), 0.15 min (real)
Generate toy 219/250

 -- MarkovChainMC -- 
Limit: r < 0.101074 +/- 0.000951093 @ 95% credibility (15 tries)
Done in 0.15 min (cpu), 0.15 min (real)
Generate toy 220/250

 -- MarkovChainMC -- 
Limit: r < 0.231939 +/- 0.00402587 @ 95% credibility (15 tries)
Done in 0.16 min (cpu), 0.16 min (real)
Generate toy 221/250

 -- MarkovChainMC -- 
Limit: r < 0.13328 +/- 0.00196626 @ 95% credibility (15 tries)
Done in 0.16 min (cpu), 0.16 min (real)
Generate toy 222/250

 -- MarkovChainMC -- 
Limit: r < 0.105155 +/- 0.00240782 @ 95% credibility (15 tries)
Done in 0.15 min (cpu), 0.16 min (real)
Generate toy 223/250

 -- MarkovChainMC -- 
Limit: r < 0.107003 +/- 0.00159475 @ 95% credibility (15 tries)
Done in 0.15 min (cpu), 0.15 min (real)
Generate toy 224/250

 -- MarkovChainMC -- 
Limit: r < 0.128744 +/- 0.00246256 @ 95% credibility (15 tries)
Done in 0.15 min (cpu), 0.16 min (real)
Generate toy 225/250

 -- MarkovChainMC -- 
Limit: r < 0.15705 +/- 0.00252718 @ 95% credibility (15 tries)
Done in 0.16 min (cpu), 0.16 min (real)
Generate toy 226/250

 -- MarkovChainMC -- 
Limit: r < 0.155399 +/- 0.00123464 @ 95% credibility (15 tries)
Done in 0.16 min (cpu), 0.16 min (real)
Generate toy 227/250

 -- MarkovChainMC -- 
Limit: r < 0.183863 +/- 0.00147838 @ 95% credibility (15 tries)
Done in 0.16 min (cpu), 0.16 min (real)
Generate toy 228/250

 -- MarkovChainMC -- 
Limit: r < 0.179291 +/- 0.00139083 @ 95% credibility (15 tries)
Done in 0.16 min (cpu), 0.16 min (real)
Generate toy 229/250

 -- MarkovChainMC -- 
Limit: r < 0.202821 +/- 0.00341035 @ 95% credibility (15 tries)
Done in 0.16 min (cpu), 0.16 min (real)
Generate toy 230/250

 -- MarkovChainMC -- 
Limit: r < 0.140279 +/- 0.00259722 @ 95% credibility (15 tries)
Done in 0.16 min (cpu), 0.16 min (real)
Generate toy 231/250

 -- MarkovChainMC -- 
Limit: r < 0.125681 +/- 0.00249783 @ 95% credibility (15 tries)
Done in 0.15 min (cpu), 0.16 min (real)
Generate toy 232/250

 -- MarkovChainMC -- 
Limit: r < 0.200053 +/- 0.00583755 @ 95% credibility (15 tries)
Done in 0.16 min (cpu), 0.16 min (real)
Generate toy 233/250

 -- MarkovChainMC -- 
Limit: r < 0.119411 +/- 0.00253819 @ 95% credibility (15 tries)
Done in 0.16 min (cpu), 0.16 min (real)
Generate toy 234/250

 -- MarkovChainMC -- 
Limit: r < 0.181564 +/- 0.00165101 @ 95% credibility (15 tries)
Done in 0.16 min (cpu), 0.16 min (real)
Generate toy 235/250

 -- MarkovChainMC -- 
Limit: r < 0.255564 +/- 0.00166976 @ 95% credibility (15 tries)
Done in 0.16 min (cpu), 0.16 min (real)
Generate toy 236/250

 -- MarkovChainMC -- 
Limit: r < 0.137013 +/- 0.00233523 @ 95% credibility (15 tries)
Done in 0.16 min (cpu), 0.16 min (real)
Generate toy 237/250

 -- MarkovChainMC -- 
Limit: r < 0.132669 +/- 0.00177173 @ 95% credibility (15 tries)
Done in 0.16 min (cpu), 0.16 min (real)
Generate toy 238/250

 -- MarkovChainMC -- 
Limit: r < 0.151901 +/- 0.00298641 @ 95% credibility (15 tries)
Done in 0.15 min (cpu), 0.16 min (real)
Generate toy 239/250

 -- MarkovChainMC -- 
Limit: r < 0.0913663 +/- 0.00149313 @ 95% credibility (15 tries)
Done in 0.15 min (cpu), 0.16 min (real)
Generate toy 240/250

 -- MarkovChainMC -- 
Limit: r < 0.209864 +/- 0.00241552 @ 95% credibility (15 tries)
Done in 0.16 min (cpu), 0.16 min (real)
Generate toy 241/250

 -- MarkovChainMC -- 
Limit: r < 0.116094 +/- 0.00115741 @ 95% credibility (15 tries)
Done in 0.15 min (cpu), 0.16 min (real)
Generate toy 242/250

 -- MarkovChainMC -- 
Limit: r < 0.128788 +/- 0.00182761 @ 95% credibility (15 tries)
Done in 0.16 min (cpu), 0.16 min (real)
Generate toy 243/250

 -- MarkovChainMC -- 
Limit: r < 0.179847 +/- 0.0043947 @ 95% credibility (15 tries)
Done in 0.16 min (cpu), 0.17 min (real)
Generate toy 244/250

 -- MarkovChainMC -- 
Limit: r < 0.115335 +/- 0.00118327 @ 95% credibility (15 tries)
Done in 0.16 min (cpu), 0.16 min (real)
Generate toy 245/250

 -- MarkovChainMC -- 
Limit: r < 0.180174 +/- 0.0023481 @ 95% credibility (15 tries)
Done in 0.16 min (cpu), 0.16 min (real)
Generate toy 246/250

 -- MarkovChainMC -- 
Limit: r < 0.15486 +/- 0.00196579 @ 95% credibility (15 tries)
Done in 0.16 min (cpu), 0.16 min (real)
Generate toy 247/250

 -- MarkovChainMC -- 
Limit: r < 0.0948672 +/- 0.0015398 @ 95% credibility (15 tries)
Done in 0.15 min (cpu), 0.15 min (real)
Generate toy 248/250

 -- MarkovChainMC -- 
Limit: r < 0.21224 +/- 0.00223245 @ 95% credibility (15 tries)
Done in 0.16 min (cpu), 0.16 min (real)
Generate toy 249/250

 -- MarkovChainMC -- 
Limit: r < 0.099557 +/- 0.00116476 @ 95% credibility (15 tries)
Done in 0.16 min (cpu), 0.16 min (real)
Generate toy 250/250

 -- MarkovChainMC -- 
Limit: r < 0.13552 +/- 0.00222537 @ 95% credibility (15 tries)
Done in 0.16 min (cpu), 0.16 min (real)
mean   expected limit: r < 0.146209 +/- 0.0026408 @ 95%CL (250 toyMC)
median expected limit: r < 0.13884 @ 95%CL (250 toyMC)
   68% expected band : 0.106325 < r < 0.183027
   95% expected band : 0.0937899 < r < 0.255564
