 <<< Combine >>> 
 <<< v10.0.2 >>>
>>> Used OpenSSL to get a truly random seed -832234379
>>> Method used is MarkovChainMC
============================================================
Analyzing bin errors for: prop_binmuon22
Poisson cut-off: 10
Processes excluded for sums: Wprime2000_kR3
============================================================
Bin        Contents        Error           Notes                         
0          5490.181203     14.389605       total sum                     
0          5489.009974     14.389572       excluding marked processes    
0          145510.000000   381.457730      Unweighted events, alpha=0.037731
  => Total parameter prop_binmuon22_bin0[0.00,-7.00,7.00] to be Gaussian constrained
------------------------------------------------------------
1          2092.702975     7.507886        total sum                     
1          2091.469679     7.507819        excluding marked processes    
1          77602.000000    278.571355      Unweighted events, alpha=0.026967
  => Total parameter prop_binmuon22_bin1[0.00,-7.00,7.00] to be Gaussian constrained
------------------------------------------------------------
2          926.482319      5.743338        total sum                     
2          925.287269      5.743251        excluding marked processes    
2          25956.000000    161.108659      Unweighted events, alpha=0.035694
  => Total parameter prop_binmuon22_bin2[0.00,-7.00,7.00] to be Gaussian constrained
------------------------------------------------------------
3          463.998791      3.622227        total sum                     
3          462.717279      3.622082        excluding marked processes    
3          16320.000000    127.749755      Unweighted events, alpha=0.028431
  => Total parameter prop_binmuon22_bin3[0.00,-7.00,7.00] to be Gaussian constrained
------------------------------------------------------------
4          241.438599      1.534131        total sum                     
4          240.228093      1.533810        excluding marked processes    
4          24530.000000    156.620561      Unweighted events, alpha=0.009843
  => Total parameter prop_binmuon22_bin4[0.00,-7.00,7.00] to be Gaussian constrained
------------------------------------------------------------
5          140.346711      1.743199        total sum                     
5          139.121722      1.742909        excluding marked processes    
5          6371.000000     79.818544       Unweighted events, alpha=0.022029
  => Total parameter prop_binmuon22_bin5[0.00,-7.00,7.00] to be Gaussian constrained
------------------------------------------------------------
6          135.354128      1.065731        total sum                     
6          132.798509      1.064641        excluding marked processes    
6          15559.000000    124.735721      Unweighted events, alpha=0.008699
  => Total parameter prop_binmuon22_bin6[0.00,-7.00,7.00] to be Gaussian constrained
------------------------------------------------------------
7          54.397186       0.723098        total sum                     
7          51.876344       0.721630        excluding marked processes    
7          5168.000000     71.888803       Unweighted events, alpha=0.010526
  => Total parameter prop_binmuon22_bin7[0.00,-7.00,7.00] to be Gaussian constrained
------------------------------------------------------------
8          32.851217       0.471955        total sum                     
8          29.337675       0.468872        excluding marked processes    
8          3915.000000     62.569961       Unweighted events, alpha=0.008391
  => Total parameter prop_binmuon22_bin8[0.00,-7.00,7.00] to be Gaussian constrained
------------------------------------------------------------
9          12.686753       0.337923        total sum                     
9          9.941359        0.334523        excluding marked processes    
9          883.000000      29.715316       Unweighted events, alpha=0.014368
  => Total parameter prop_binmuon22_bin9[0.00,-7.00,7.00] to be Gaussian constrained
------------------------------------------------------------
10         5.520170        0.110642        total sum                     
10         4.165375        0.105525        excluding marked processes    
10         1558.000000     39.471509       Unweighted events, alpha=0.003543
  => Total parameter prop_binmuon22_bin10[0.00,-7.00,7.00] to be Gaussian constrained
------------------------------------------------------------
11         2.025723        0.218677        total sum                     
11         1.762132        0.218174        excluding marked processes    
11         65.000000       8.062258        Unweighted events, alpha=0.031165
  => Total parameter prop_binmuon22_bin11[0.00,-7.00,7.00] to be Gaussian constrained
------------------------------------------------------------
12         0.319533        0.006480        total sum                     
12         0.276349        0.001778        excluding marked processes    
12         24153.000000    155.412355      Unweighted events, alpha=0.000013
  => Total parameter prop_binmuon22_bin12[0.00,-7.00,7.00] to be Gaussian constrained
------------------------------------------------------------
13         0.097043        0.003604        total sum                     
13         0.085750        0.001214        excluding marked processes    
13         4991.000000     70.647010       Unweighted events, alpha=0.000019
  => Total parameter prop_binmuon22_bin13[0.00,-7.00,7.00] to be Gaussian constrained
------------------------------------------------------------
14         0.007494        0.001560        total sum                     
14         0.007105        0.001511        excluding marked processes    
14         22.000000       4.690416        Unweighted events, alpha=0.000341
  => Total parameter prop_binmuon22_bin14[0.00,-7.00,7.00] to be Gaussian constrained
------------------------------------------------------------
15         0.001078        0.000054        total sum                     
15         0.001078        0.000054        excluding marked processes    
15         404.000000      20.099751       Unweighted events, alpha=0.000003
  => Total parameter prop_binmuon22_bin15[0.00,-7.00,7.00] to be Gaussian constrained
------------------------------------------------------------
============================================================
Analyzing bin errors for: prop_binmuon23
Poisson cut-off: 10
Processes excluded for sums: Wprime2000_kR3
============================================================
Bin        Contents        Error           Notes                         
0          4246.693371     16.603227       total sum                     
0          4245.728997     16.603213       excluding marked processes    
0          65391.000000    255.716640      Unweighted events, alpha=0.064943
  => Total parameter prop_binmuon23_bin0[0.00,-7.00,7.00] to be Gaussian constrained
------------------------------------------------------------
1          1622.061752     7.828083        total sum                     
1          1621.101079     7.828053        excluding marked processes    
1          42886.000000    207.089353      Unweighted events, alpha=0.037823
  => Total parameter prop_binmuon23_bin1[0.00,-7.00,7.00] to be Gaussian constrained
------------------------------------------------------------
2          722.390679      4.795566        total sum                     
2          721.396648      4.795515        excluding marked processes    
2          22630.000000    150.432709      Unweighted events, alpha=0.031922
  => Total parameter prop_binmuon23_bin2[0.00,-7.00,7.00] to be Gaussian constrained
------------------------------------------------------------
3          360.266513      3.009435        total sum                     
3          359.285774      3.009355        excluding marked processes    
3          14254.000000    119.390117      Unweighted events, alpha=0.025275
  => Total parameter prop_binmuon23_bin3[0.00,-7.00,7.00] to be Gaussian constrained
------------------------------------------------------------
4          192.166780      3.360948        total sum                     
4          191.190097      3.360877        excluding marked processes    
4          3236.000000     56.885851       Unweighted events, alpha=0.059384
  => Total parameter prop_binmuon23_bin4[0.00,-7.00,7.00] to be Gaussian constrained
------------------------------------------------------------
5          113.248383      1.192326        total sum                     
5          112.217111      1.192110        excluding marked processes    
5          8861.000000     94.132885       Unweighted events, alpha=0.012781
  => Total parameter prop_binmuon23_bin5[0.00,-7.00,7.00] to be Gaussian constrained
------------------------------------------------------------
6          109.089504      1.524393        total sum                     
6          107.129583      1.524073        excluding marked processes    
6          4941.000000     70.292247       Unweighted events, alpha=0.022078
  => Total parameter prop_binmuon23_bin6[0.00,-7.00,7.00] to be Gaussian constrained
------------------------------------------------------------
7          43.078931       0.658674        total sum                     
7          41.104515       0.657922        excluding marked processes    
7          3903.000000     62.473995       Unweighted events, alpha=0.011037
  => Total parameter prop_binmuon23_bin7[0.00,-7.00,7.00] to be Gaussian constrained
------------------------------------------------------------
8          26.256110       0.588244        total sum                     
8          23.449391       0.587056        excluding marked processes    
8          1596.000000     39.949969       Unweighted events, alpha=0.016451
  => Total parameter prop_binmuon23_bin8[0.00,-7.00,7.00] to be Gaussian constrained
------------------------------------------------------------
9          10.614978       0.395989        total sum                     
9          8.355840        0.394559        excluding marked processes    
9          448.000000      21.166010       Unweighted events, alpha=0.023694
  => Total parameter prop_binmuon23_bin9[0.00,-7.00,7.00] to be Gaussian constrained
------------------------------------------------------------
10         4.608621        0.252965        total sum                     
10         3.506378        0.251887        excluding marked processes    
10         194.000000      13.928388       Unweighted events, alpha=0.023756
  => Total parameter prop_binmuon23_bin10[0.00,-7.00,7.00] to be Gaussian constrained
------------------------------------------------------------
11         1.564891        0.180444        total sum                     
11         1.363219        0.180174        excluding marked processes    
11         57.000000       7.549834        Unweighted events, alpha=0.027454
  => Total parameter prop_binmuon23_bin11[0.00,-7.00,7.00] to be Gaussian constrained
------------------------------------------------------------
12         0.553354        0.289085        total sum                     
12         0.530791        0.289065        excluding marked processes    
12         3.000000        1.732051        Unweighted events, alpha=0.184451
  => Number of weighted events is below Poisson threshold
    Wprime2000_kR3       0.022563        0.003403                                      
                         44.000000       6.633250        Unweighted events, alpha=0.000513
      => Parameter prop_binmuon23_bin12_Wprime2000_kR3[0.00,-7.00,7.00] to be Gaussian constrained
  ----------------------------------------------------------
    W_boson              0.216692        0.001181                                      
                         33653.000000    183.447540      Unweighted events, alpha=0.000006
      => Parameter prop_binmuon23_bin12_W_boson[0.00,-7.00,7.00] to be Gaussian constrained
  ----------------------------------------------------------
    Top                  0.000000        0.000000                                      
      => Error is zero, ignore      
  ----------------------------------------------------------
    Z_boson              0.004094        0.000500                                      
                         67.000000       8.185353        Unweighted events, alpha=0.000061
      => Parameter prop_binmuon23_bin12_Z_boson[0.00,-7.00,7.00] to be Gaussian constrained
  ----------------------------------------------------------
    DiBoson              0.288910        0.288561                                      
                         1.000000        1.000000        Unweighted events, alpha=0.288910
      => Product of prop_binmuon23_bin12_DiBoson[1.00,0.00,30.85] and const [1.0000] to be Poisson constrained
  ----------------------------------------------------------
    QCD                  0.021095        0.017013                                      
                         2.000000        1.414214        Unweighted events, alpha=0.010547
      => Product of prop_binmuon23_bin12_QCD[2.00,0.00,33.79] and const [0.5000] to be Poisson constrained
  ----------------------------------------------------------
------------------------------------------------------------
13         0.073623        0.001776        total sum                     
13         0.067145        0.000584        excluding marked processes    
13         13239.000000    115.060853      Unweighted events, alpha=0.000006
  => Total parameter prop_binmuon23_bin13[0.00,-7.00,7.00] to be Gaussian constrained
------------------------------------------------------------
14         0.004368        0.000331        total sum                     
14         0.003967        0.000043        excluding marked processes    
14         8482.000000     92.097774       Unweighted events, alpha=0.000001
  => Total parameter prop_binmuon23_bin14[0.00,-7.00,7.00] to be Gaussian constrained
------------------------------------------------------------
15         0.005625        0.003835        total sum                     
15         0.005625        0.003835        excluding marked processes    
15         2.000000        1.414214        Unweighted events, alpha=0.002813
  => Number of weighted events is below Poisson threshold
    Wprime2000_kR3       0.000000        0.000000                                      
      => Error is zero, ignore      
  ----------------------------------------------------------
    W_boson              0.000849        0.000021                                      
                         1670.000000     40.865633       Unweighted events, alpha=0.000001
      => Parameter prop_binmuon23_bin15_W_boson[0.00,-7.00,7.00] to be Gaussian constrained
  ----------------------------------------------------------
    Top                  0.000000        0.000000                                      
      => Error is zero, ignore      
  ----------------------------------------------------------
    Z_boson              0.000011        0.000003                                      
                         16.000000       4.000000        Unweighted events, alpha=0.000001
      => Parameter prop_binmuon23_bin15_Z_boson[0.00,-7.00,7.00] to be Gaussian constrained
  ----------------------------------------------------------
    DiBoson              0.000000        0.000000                                      
      => Error is zero, ignore      
  ----------------------------------------------------------
    QCD                  0.004765        0.003834                                      
                         2.000000        1.414214        Unweighted events, alpha=0.002383
      => Product of prop_binmuon23_bin15_QCD[2.00,0.00,33.79] and const [0.5000] to be Poisson constrained
  ----------------------------------------------------------
------------------------------------------------------------
Channel muon22 will use autoMCStats with settings: event-threshold=10, include-signal=0, hist-mode=1
Channel muon23 will use autoMCStats with settings: event-threshold=10, include-signal=0, hist-mode=1
Generate toy 1/250

 -- MarkovChainMC -- 
Limit: r < 0.837801 +/- 0.0192771 @ 95% credibility (15 tries)
Done in 0.15 min (cpu), 0.16 min (real)
Generate toy 2/250

 -- MarkovChainMC -- 
Limit: r < 1.63992 +/- 0.00541925 @ 95% credibility (15 tries)
Done in 0.15 min (cpu), 0.16 min (real)
Generate toy 3/250

 -- MarkovChainMC -- 
Limit: r < 0.883664 +/- 0.0205875 @ 95% credibility (15 tries)
Done in 0.15 min (cpu), 0.15 min (real)
Generate toy 4/250

 -- MarkovChainMC -- 
Limit: r < 0.807613 +/- 0.0148737 @ 95% credibility (15 tries)
Done in 0.15 min (cpu), 0.15 min (real)
Generate toy 5/250

 -- MarkovChainMC -- 
Limit: r < 0.943345 +/- 0.019816 @ 95% credibility (15 tries)
Done in 0.15 min (cpu), 0.15 min (real)
Generate toy 6/250

 -- MarkovChainMC -- 
Limit: r < 2.01846 +/- 0.0278917 @ 95% credibility (15 tries)
Done in 0.16 min (cpu), 0.16 min (real)
Generate toy 7/250

 -- MarkovChainMC -- 
Limit: r < 1.71091 +/- 0.02415 @ 95% credibility (15 tries)
Done in 0.16 min (cpu), 0.16 min (real)
Generate toy 8/250

 -- MarkovChainMC -- 
Limit: r < 1.03413 +/- 0.0287044 @ 95% credibility (15 tries)
Done in 0.16 min (cpu), 0.16 min (real)
Generate toy 9/250

 -- MarkovChainMC -- 
Limit: r < 1.22037 +/- 0.0275444 @ 95% credibility (15 tries)
Done in 0.15 min (cpu), 0.16 min (real)
Generate toy 10/250

 -- MarkovChainMC -- 
Limit: r < 1.03587 +/- 0.0216357 @ 95% credibility (15 tries)
Done in 0.15 min (cpu), 0.15 min (real)
Generate toy 11/250

 -- MarkovChainMC -- 
Limit: r < 2.14796 +/- 0.0376644 @ 95% credibility (15 tries)
Done in 0.16 min (cpu), 0.16 min (real)
Generate toy 12/250

 -- MarkovChainMC -- 
Limit: r < 1.75333 +/- 0.0263942 @ 95% credibility (15 tries)
Done in 0.16 min (cpu), 0.16 min (real)
Generate toy 13/250

 -- MarkovChainMC -- 
Limit: r < 1.81139 +/- 0.0316595 @ 95% credibility (15 tries)
Done in 0.16 min (cpu), 0.16 min (real)
Generate toy 14/250

 -- MarkovChainMC -- 
Limit: r < 3.1514 +/- 0.0422461 @ 95% credibility (15 tries)
Done in 0.17 min (cpu), 0.17 min (real)
Generate toy 15/250

 -- MarkovChainMC -- 
Limit: r < 1.44201 +/- 0.031778 @ 95% credibility (15 tries)
Done in 0.16 min (cpu), 0.16 min (real)
Generate toy 16/250

 -- MarkovChainMC -- 
Limit: r < 1.74662 +/- 0.0166541 @ 95% credibility (15 tries)
Done in 0.16 min (cpu), 0.16 min (real)
Generate toy 17/250

 -- MarkovChainMC -- 
Limit: r < 0.934445 +/- 0.0137183 @ 95% credibility (15 tries)
Done in 0.15 min (cpu), 0.15 min (real)
Generate toy 18/250

 -- MarkovChainMC -- 
Limit: r < 2.01643 +/- 0.0411743 @ 95% credibility (15 tries)
Done in 0.16 min (cpu), 0.16 min (real)
Generate toy 19/250

 -- MarkovChainMC -- 
Limit: r < 1.13335 +/- 0.0157707 @ 95% credibility (15 tries)
Done in 0.15 min (cpu), 0.15 min (real)
Generate toy 20/250

 -- MarkovChainMC -- 
Limit: r < 0.944654 +/- 0.0088059 @ 95% credibility (15 tries)
Done in 0.15 min (cpu), 0.15 min (real)
Generate toy 21/250

 -- MarkovChainMC -- 
Limit: r < 1.0829 +/- 0.0101774 @ 95% credibility (15 tries)
Done in 0.15 min (cpu), 0.15 min (real)
Generate toy 22/250

 -- MarkovChainMC -- 
Limit: r < 2.30147 +/- 0.022624 @ 95% credibility (15 tries)
Done in 0.16 min (cpu), 0.16 min (real)
Generate toy 23/250

 -- MarkovChainMC -- 
Limit: r < 0.938372 +/- 0.0172711 @ 95% credibility (15 tries)
Done in 0.15 min (cpu), 0.15 min (real)
Generate toy 24/250

 -- MarkovChainMC -- 
Limit: r < 1.77073 +/- 0.0145976 @ 95% credibility (15 tries)
Done in 0.16 min (cpu), 0.16 min (real)
Generate toy 25/250

 -- MarkovChainMC -- 
Limit: r < 1.28244 +/- 0.0359926 @ 95% credibility (15 tries)
Done in 0.15 min (cpu), 0.15 min (real)
Generate toy 26/250

 -- MarkovChainMC -- 
Limit: r < 1.80527 +/- 0.0242534 @ 95% credibility (15 tries)
Done in 0.16 min (cpu), 0.16 min (real)
Generate toy 27/250

 -- MarkovChainMC -- 
Limit: r < 1.50268 +/- 0.0214597 @ 95% credibility (15 tries)
Done in 0.16 min (cpu), 0.16 min (real)
Generate toy 28/250

 -- MarkovChainMC -- 
Limit: r < 1.64091 +/- 0.0300185 @ 95% credibility (15 tries)
Done in 0.16 min (cpu), 0.16 min (real)
Generate toy 29/250

 -- MarkovChainMC -- 
Limit: r < 1.08098 +/- 0.0177136 @ 95% credibility (15 tries)
Done in 0.15 min (cpu), 0.16 min (real)
Generate toy 30/250

 -- MarkovChainMC -- 
Limit: r < 0.901323 +/- 0.0100092 @ 95% credibility (15 tries)
Done in 0.15 min (cpu), 0.15 min (real)
Generate toy 31/250

 -- MarkovChainMC -- 
Limit: r < 1.69875 +/- 0.0301675 @ 95% credibility (15 tries)
Done in 0.16 min (cpu), 0.16 min (real)
Generate toy 32/250

 -- MarkovChainMC -- 
Limit: r < 1.03144 +/- 0.0287805 @ 95% credibility (15 tries)
Done in 0.16 min (cpu), 0.16 min (real)
Generate toy 33/250

 -- MarkovChainMC -- 
Limit: r < 1.57842 +/- 0.0169885 @ 95% credibility (15 tries)
Done in 0.16 min (cpu), 0.16 min (real)
Generate toy 34/250

 -- MarkovChainMC -- 
Limit: r < 1.60382 +/- 0.0346212 @ 95% credibility (15 tries)
Done in 0.16 min (cpu), 0.16 min (real)
Generate toy 35/250

 -- MarkovChainMC -- 
Limit: r < 1.2979 +/- 0.0131149 @ 95% credibility (15 tries)
Done in 0.15 min (cpu), 0.16 min (real)
Generate toy 36/250

 -- MarkovChainMC -- 
Limit: r < 1.46484 +/- 0.0302306 @ 95% credibility (15 tries)
Done in 0.16 min (cpu), 0.16 min (real)
Generate toy 37/250

 -- MarkovChainMC -- 
Limit: r < 1.27078 +/- 0.0347829 @ 95% credibility (15 tries)
Done in 0.15 min (cpu), 0.15 min (real)
Generate toy 38/250

 -- MarkovChainMC -- 
Limit: r < 1.27383 +/- 0.0237996 @ 95% credibility (15 tries)
Done in 0.16 min (cpu), 0.16 min (real)
Generate toy 39/250

 -- MarkovChainMC -- 
Limit: r < 1.35246 +/- 0.031591 @ 95% credibility (15 tries)
Done in 0.16 min (cpu), 0.16 min (real)
Generate toy 40/250

 -- MarkovChainMC -- 
Limit: r < 2.07186 +/- 0.0278941 @ 95% credibility (15 tries)
Done in 0.16 min (cpu), 0.16 min (real)
Generate toy 41/250

 -- MarkovChainMC -- 
Limit: r < 1.38193 +/- 0.0232091 @ 95% credibility (15 tries)
Done in 0.16 min (cpu), 0.16 min (real)
Generate toy 42/250

 -- MarkovChainMC -- 
Limit: r < 1.08856 +/- 0.0309166 @ 95% credibility (15 tries)
Done in 0.15 min (cpu), 0.16 min (real)
Generate toy 43/250

 -- MarkovChainMC -- 
Limit: r < 0.957443 +/- 0.0110286 @ 95% credibility (15 tries)
Done in 0.15 min (cpu), 0.15 min (real)
Generate toy 44/250

 -- MarkovChainMC -- 
Limit: r < 1.74801 +/- 0.01482 @ 95% credibility (15 tries)
Done in 0.16 min (cpu), 0.16 min (real)
Generate toy 45/250

 -- MarkovChainMC -- 
Limit: r < 2.37845 +/- 0.0129886 @ 95% credibility (15 tries)
Done in 0.16 min (cpu), 0.16 min (real)
Generate toy 46/250

 -- MarkovChainMC -- 
Limit: r < 0.83324 +/- 0.0141787 @ 95% credibility (15 tries)
Done in 0.15 min (cpu), 0.15 min (real)
Generate toy 47/250

 -- MarkovChainMC -- 
Limit: r < 1.55631 +/- 0.0305171 @ 95% credibility (15 tries)
Done in 0.16 min (cpu), 0.16 min (real)
Generate toy 48/250

 -- MarkovChainMC -- 
Limit: r < 2.3016 +/- 0.0192413 @ 95% credibility (15 tries)
Done in 0.16 min (cpu), 0.16 min (real)
Generate toy 49/250

 -- MarkovChainMC -- 
Limit: r < 1.19865 +/- 0.0198355 @ 95% credibility (15 tries)
Done in 0.15 min (cpu), 0.15 min (real)
Generate toy 50/250

 -- MarkovChainMC -- 
Limit: r < 2.03348 +/- 0.0344208 @ 95% credibility (15 tries)
Done in 0.16 min (cpu), 0.16 min (real)
Generate toy 51/250

 -- MarkovChainMC -- 
Limit: r < 1.41499 +/- 0.0315159 @ 95% credibility (15 tries)
Done in 0.16 min (cpu), 0.16 min (real)
Generate toy 52/250

 -- MarkovChainMC -- 
Limit: r < 1.94792 +/- 0.0404926 @ 95% credibility (15 tries)
Done in 0.16 min (cpu), 0.16 min (real)
Generate toy 53/250

 -- MarkovChainMC -- 
Limit: r < 1.42835 +/- 0.0210016 @ 95% credibility (15 tries)
Done in 0.16 min (cpu), 0.16 min (real)
Generate toy 54/250

 -- MarkovChainMC -- 
Limit: r < 1.79987 +/- 0.0319723 @ 95% credibility (15 tries)
Done in 0.16 min (cpu), 0.16 min (real)
Generate toy 55/250

 -- MarkovChainMC -- 
Limit: r < 1.66582 +/- 0.0221548 @ 95% credibility (15 tries)
Done in 0.16 min (cpu), 0.16 min (real)
Generate toy 56/250

 -- MarkovChainMC -- 
Limit: r < 2.77249 +/- 0.0288128 @ 95% credibility (15 tries)
Done in 0.16 min (cpu), 0.16 min (real)
Generate toy 57/250

 -- MarkovChainMC -- 
Limit: r < 2.10976 +/- 0.0352688 @ 95% credibility (15 tries)
Done in 0.16 min (cpu), 0.16 min (real)
Generate toy 58/250

 -- MarkovChainMC -- 
Limit: r < 2.32589 +/- 0.0131901 @ 95% credibility (15 tries)
Done in 0.16 min (cpu), 0.16 min (real)
Generate toy 59/250

 -- MarkovChainMC -- 
Limit: r < 1.88412 +/- 0.0223911 @ 95% credibility (15 tries)
Done in 0.16 min (cpu), 0.16 min (real)
Generate toy 60/250

 -- MarkovChainMC -- 
Limit: r < 2.01325 +/- 0.0271622 @ 95% credibility (15 tries)
Done in 0.16 min (cpu), 0.16 min (real)
Generate toy 61/250

 -- MarkovChainMC -- 
Limit: r < 1.85276 +/- 0.032289 @ 95% credibility (15 tries)
Done in 0.16 min (cpu), 0.16 min (real)
Generate toy 62/250

 -- MarkovChainMC -- 
Limit: r < 1.75329 +/- 0.0199997 @ 95% credibility (15 tries)
Done in 0.16 min (cpu), 0.16 min (real)
Generate toy 63/250

 -- MarkovChainMC -- 
Limit: r < 0.988244 +/- 0.0191607 @ 95% credibility (15 tries)
Done in 0.15 min (cpu), 0.15 min (real)
Generate toy 64/250

 -- MarkovChainMC -- 
Limit: r < 1.62191 +/- 0.0266269 @ 95% credibility (15 tries)
Done in 0.16 min (cpu), 0.16 min (real)
Generate toy 65/250

 -- MarkovChainMC -- 
Limit: r < 1.57375 +/- 0.0328368 @ 95% credibility (15 tries)
Done in 0.16 min (cpu), 0.16 min (real)
Generate toy 66/250

 -- MarkovChainMC -- 
Limit: r < 1.40692 +/- 0.0109065 @ 95% credibility (15 tries)
Done in 0.16 min (cpu), 0.16 min (real)
Generate toy 67/250

 -- MarkovChainMC -- 
Limit: r < 1.04883 +/- 0.0294626 @ 95% credibility (15 tries)
Done in 0.15 min (cpu), 0.15 min (real)
Generate toy 68/250

 -- MarkovChainMC -- 
Limit: r < 2.09602 +/- 0.0174777 @ 95% credibility (15 tries)
Done in 0.16 min (cpu), 0.16 min (real)
Generate toy 69/250

 -- MarkovChainMC -- 
Limit: r < 1.22348 +/- 0.0214632 @ 95% credibility (15 tries)
Done in 0.15 min (cpu), 0.15 min (real)
Generate toy 70/250

 -- MarkovChainMC -- 
Limit: r < 1.55683 +/- 0.0235692 @ 95% credibility (15 tries)
Done in 0.16 min (cpu), 0.16 min (real)
Generate toy 71/250

 -- MarkovChainMC -- 
Limit: r < 1.43663 +/- 0.0217906 @ 95% credibility (15 tries)
Done in 0.16 min (cpu), 0.16 min (real)
Generate toy 72/250

 -- MarkovChainMC -- 
Limit: r < 1.65425 +/- 0.0156584 @ 95% credibility (15 tries)
Done in 0.16 min (cpu), 0.16 min (real)
Generate toy 73/250

 -- MarkovChainMC -- 
Limit: r < 1.61852 +/- 0.0271823 @ 95% credibility (15 tries)
Done in 0.16 min (cpu), 0.16 min (real)
Generate toy 74/250

 -- MarkovChainMC -- 
Limit: r < 0.849926 +/- 0.0140017 @ 95% credibility (15 tries)
Done in 0.15 min (cpu), 0.15 min (real)
Generate toy 75/250

 -- MarkovChainMC -- 
Limit: r < 1.16069 +/- 0.0157425 @ 95% credibility (15 tries)
Done in 0.15 min (cpu), 0.15 min (real)
Generate toy 76/250

 -- MarkovChainMC -- 
Limit: r < 1.54254 +/- 0.0194605 @ 95% credibility (15 tries)
Done in 0.16 min (cpu), 0.16 min (real)
Generate toy 77/250

 -- MarkovChainMC -- 
Limit: r < 1.7692 +/- 0.0203545 @ 95% credibility (15 tries)
Done in 0.16 min (cpu), 0.16 min (real)
Generate toy 78/250

 -- MarkovChainMC -- 
Limit: r < 1.14282 +/- 0.0216844 @ 95% credibility (15 tries)
Done in 0.16 min (cpu), 0.16 min (real)
Generate toy 79/250

 -- MarkovChainMC -- 
Limit: r < 1.06777 +/- 0.0175111 @ 95% credibility (15 tries)
Done in 0.15 min (cpu), 0.15 min (real)
Generate toy 80/250

 -- MarkovChainMC -- 
Limit: r < 1.05965 +/- 0.0187031 @ 95% credibility (15 tries)
Done in 0.15 min (cpu), 0.15 min (real)
Generate toy 81/250

 -- MarkovChainMC -- 
Limit: r < 0.910985 +/- 0.0243102 @ 95% credibility (15 tries)
Done in 0.15 min (cpu), 0.16 min (real)
Generate toy 82/250

 -- MarkovChainMC -- 
Limit: r < 2.28534 +/- 0.0409011 @ 95% credibility (15 tries)
Done in 0.16 min (cpu), 0.16 min (real)
Generate toy 83/250

 -- MarkovChainMC -- 
Limit: r < 1.56637 +/- 0.0179385 @ 95% credibility (15 tries)
Done in 0.16 min (cpu), 0.16 min (real)
Generate toy 84/250

 -- MarkovChainMC -- 
Limit: r < 1.64612 +/- 0.0394792 @ 95% credibility (15 tries)
Done in 0.16 min (cpu), 0.16 min (real)
Generate toy 85/250

 -- MarkovChainMC -- 
Limit: r < 0.794147 +/- 0.0107824 @ 95% credibility (15 tries)
Done in 0.15 min (cpu), 0.15 min (real)
Generate toy 86/250

 -- MarkovChainMC -- 
Limit: r < 1.35249 +/- 0.0182296 @ 95% credibility (15 tries)
Done in 0.16 min (cpu), 0.16 min (real)
Generate toy 87/250

 -- MarkovChainMC -- 
Limit: r < 1.48626 +/- 0.0176529 @ 95% credibility (15 tries)
Done in 0.15 min (cpu), 0.16 min (real)
Generate toy 88/250

 -- MarkovChainMC -- 
Limit: r < 1.18251 +/- 0.0287292 @ 95% credibility (15 tries)
Done in 0.15 min (cpu), 0.15 min (real)
Generate toy 89/250

 -- MarkovChainMC -- 
Limit: r < 2.96371 +/- 0.0260243 @ 95% credibility (15 tries)
Done in 0.16 min (cpu), 0.16 min (real)
Generate toy 90/250

 -- MarkovChainMC -- 
Limit: r < 1.15324 +/- 0.0228917 @ 95% credibility (15 tries)
Done in 0.15 min (cpu), 0.15 min (real)
Generate toy 91/250

 -- MarkovChainMC -- 
Limit: r < 1.50629 +/- 0.0178812 @ 95% credibility (15 tries)
Done in 0.15 min (cpu), 0.16 min (real)
Generate toy 92/250

 -- MarkovChainMC -- 
Limit: r < 1.89636 +/- 0.0263602 @ 95% credibility (15 tries)
Done in 0.16 min (cpu), 0.16 min (real)
Generate toy 93/250

 -- MarkovChainMC -- 
Limit: r < 1.02049 +/- 0.0205031 @ 95% credibility (15 tries)
Done in 0.15 min (cpu), 0.15 min (real)
Generate toy 94/250

 -- MarkovChainMC -- 
Limit: r < 1.44866 +/- 0.0229672 @ 95% credibility (15 tries)
Done in 0.16 min (cpu), 0.16 min (real)
Generate toy 95/250

 -- MarkovChainMC -- 
Limit: r < 2.39636 +/- 0.0183779 @ 95% credibility (15 tries)
Done in 0.16 min (cpu), 0.16 min (real)
Generate toy 96/250

 -- MarkovChainMC -- 
Limit: r < 1.39862 +/- 0.010356 @ 95% credibility (15 tries)
Done in 0.15 min (cpu), 0.16 min (real)
Generate toy 97/250

 -- MarkovChainMC -- 
Limit: r < 1.95991 +/- 0.0147821 @ 95% credibility (15 tries)
Done in 0.16 min (cpu), 0.16 min (real)
Generate toy 98/250

 -- MarkovChainMC -- 
Limit: r < 1.51739 +/- 0.0303095 @ 95% credibility (15 tries)
Done in 0.16 min (cpu), 0.16 min (real)
Generate toy 99/250

 -- MarkovChainMC -- 
Limit: r < 1.66789 +/- 0.0141862 @ 95% credibility (15 tries)
Done in 0.16 min (cpu), 0.16 min (real)
Generate toy 100/250

 -- MarkovChainMC -- 
Limit: r < 1.34674 +/- 0.0141077 @ 95% credibility (15 tries)
Done in 0.15 min (cpu), 0.16 min (real)
Generate toy 101/250

 -- MarkovChainMC -- 
Limit: r < 3.68403 +/- 0.0345508 @ 95% credibility (15 tries)
Done in 0.17 min (cpu), 0.17 min (real)
Generate toy 102/250

 -- MarkovChainMC -- 
Limit: r < 1.25797 +/- 0.019809 @ 95% credibility (15 tries)
Done in 0.15 min (cpu), 0.15 min (real)
Generate toy 103/250

 -- MarkovChainMC -- 
Limit: r < 1.18577 +/- 0.0335454 @ 95% credibility (15 tries)
Done in 0.15 min (cpu), 0.15 min (real)
Generate toy 104/250

 -- MarkovChainMC -- 
Limit: r < 1.2502 +/- 0.0221064 @ 95% credibility (15 tries)
Done in 0.15 min (cpu), 0.16 min (real)
Generate toy 105/250

 -- MarkovChainMC -- 
Limit: r < 1.49467 +/- 0.0150911 @ 95% credibility (15 tries)
Done in 0.16 min (cpu), 0.16 min (real)
Generate toy 106/250

 -- MarkovChainMC -- 
Limit: r < 1.51453 +/- 0.0293429 @ 95% credibility (15 tries)
Done in 0.15 min (cpu), 0.16 min (real)
Generate toy 107/250

 -- MarkovChainMC -- 
Limit: r < 1.69922 +/- 0.0225812 @ 95% credibility (15 tries)
Done in 0.16 min (cpu), 0.16 min (real)
Generate toy 108/250

 -- MarkovChainMC -- 
Limit: r < 2.29645 +/- 0.0239947 @ 95% credibility (15 tries)
Done in 0.16 min (cpu), 0.16 min (real)
Generate toy 109/250

 -- MarkovChainMC -- 
Limit: r < 1.60777 +/- 0.0400504 @ 95% credibility (15 tries)
Done in 0.16 min (cpu), 0.16 min (real)
Generate toy 110/250

 -- MarkovChainMC -- 
Limit: r < 1.3426 +/- 0.011222 @ 95% credibility (15 tries)
Done in 0.16 min (cpu), 0.16 min (real)
Generate toy 111/250

 -- MarkovChainMC -- 
Limit: r < 1.58614 +/- 0.0262676 @ 95% credibility (15 tries)
Done in 0.16 min (cpu), 0.16 min (real)
Generate toy 112/250

 -- MarkovChainMC -- 
Limit: r < 2.31622 +/- 0.0336739 @ 95% credibility (15 tries)
Done in 0.16 min (cpu), 0.16 min (real)
Generate toy 113/250

 -- MarkovChainMC -- 
Limit: r < 1.09881 +/- 0.0245484 @ 95% credibility (15 tries)
Done in 0.15 min (cpu), 0.15 min (real)
Generate toy 114/250

 -- MarkovChainMC -- 
Limit: r < 1.1378 +/- 0.0160208 @ 95% credibility (15 tries)
Done in 0.15 min (cpu), 0.15 min (real)
Generate toy 115/250

 -- MarkovChainMC -- 
Limit: r < 1.46157 +/- 0.0151062 @ 95% credibility (15 tries)
Done in 0.16 min (cpu), 0.16 min (real)
Generate toy 116/250

 -- MarkovChainMC -- 
Limit: r < 1.18322 +/- 0.0188911 @ 95% credibility (15 tries)
Done in 0.15 min (cpu), 0.15 min (real)
Generate toy 117/250

 -- MarkovChainMC -- 
Limit: r < 1.58956 +/- 0.0213657 @ 95% credibility (15 tries)
Done in 0.16 min (cpu), 0.16 min (real)
Generate toy 118/250

 -- MarkovChainMC -- 
Limit: r < 1.21607 +/- 0.0124875 @ 95% credibility (15 tries)
Done in 0.15 min (cpu), 0.15 min (real)
Generate toy 119/250

 -- MarkovChainMC -- 
Limit: r < 1.47254 +/- 0.0358363 @ 95% credibility (15 tries)
Done in 0.15 min (cpu), 0.16 min (real)
Generate toy 120/250

 -- MarkovChainMC -- 
Limit: r < 1.39001 +/- 0.0176836 @ 95% credibility (15 tries)
Done in 0.15 min (cpu), 0.15 min (real)
Generate toy 121/250

 -- MarkovChainMC -- 
Limit: r < 1.61585 +/- 0.0205464 @ 95% credibility (15 tries)
Done in 0.16 min (cpu), 0.16 min (real)
Generate toy 122/250

 -- MarkovChainMC -- 
Limit: r < 1.42142 +/- 0.0271647 @ 95% credibility (15 tries)
Done in 0.15 min (cpu), 0.15 min (real)
Generate toy 123/250

 -- MarkovChainMC -- 
Limit: r < 1.64542 +/- 0.0468159 @ 95% credibility (15 tries)
Done in 0.16 min (cpu), 0.16 min (real)
Generate toy 124/250

 -- MarkovChainMC -- 
Limit: r < 1.10029 +/- 0.0325743 @ 95% credibility (15 tries)
Done in 0.15 min (cpu), 0.15 min (real)
Generate toy 125/250

 -- MarkovChainMC -- 
Limit: r < 1.52324 +/- 0.0179259 @ 95% credibility (15 tries)
Done in 0.16 min (cpu), 0.16 min (real)
Generate toy 126/250

 -- MarkovChainMC -- 
Limit: r < 1.2694 +/- 0.029341 @ 95% credibility (15 tries)
Done in 0.15 min (cpu), 0.15 min (real)
Generate toy 127/250

 -- MarkovChainMC -- 
Limit: r < 1.81657 +/- 0.0314242 @ 95% credibility (15 tries)
Done in 0.16 min (cpu), 0.16 min (real)
Generate toy 128/250

 -- MarkovChainMC -- 
Limit: r < 1.67121 +/- 0.0220019 @ 95% credibility (15 tries)
Done in 0.16 min (cpu), 0.16 min (real)
Generate toy 129/250

 -- MarkovChainMC -- 
Limit: r < 0.795816 +/- 0.0265219 @ 95% credibility (15 tries)
Done in 0.15 min (cpu), 0.15 min (real)
Generate toy 130/250

 -- MarkovChainMC -- 
Limit: r < 1.38107 +/- 0.0138882 @ 95% credibility (15 tries)
Done in 0.15 min (cpu), 0.16 min (real)
Generate toy 131/250

 -- MarkovChainMC -- 
Limit: r < 1.51325 +/- 0.0102349 @ 95% credibility (15 tries)
Done in 0.16 min (cpu), 0.16 min (real)
Generate toy 132/250

 -- MarkovChainMC -- 
Limit: r < 1.21029 +/- 0.0209107 @ 95% credibility (15 tries)
Done in 0.15 min (cpu), 0.15 min (real)
Generate toy 133/250

 -- MarkovChainMC -- 
Limit: r < 0.74347 +/- 0.00984551 @ 95% credibility (15 tries)
Done in 0.15 min (cpu), 0.15 min (real)
Generate toy 134/250

 -- MarkovChainMC -- 
Limit: r < 1.65013 +/- 0.0187812 @ 95% credibility (15 tries)
Done in 0.16 min (cpu), 0.16 min (real)
Generate toy 135/250

 -- MarkovChainMC -- 
Limit: r < 2.14524 +/- 0.0374689 @ 95% credibility (15 tries)
Done in 0.16 min (cpu), 0.16 min (real)
Generate toy 136/250

 -- MarkovChainMC -- 
Limit: r < 2.47499 +/- 0.0447866 @ 95% credibility (15 tries)
Done in 0.16 min (cpu), 0.16 min (real)
Generate toy 137/250

 -- MarkovChainMC -- 
Limit: r < 1.18938 +/- 0.0292481 @ 95% credibility (15 tries)
Done in 0.15 min (cpu), 0.15 min (real)
Generate toy 138/250

 -- MarkovChainMC -- 
Limit: r < 1.69965 +/- 0.0179028 @ 95% credibility (15 tries)
Done in 0.16 min (cpu), 0.16 min (real)
Generate toy 139/250

 -- MarkovChainMC -- 
Limit: r < 1.49403 +/- 0.0175417 @ 95% credibility (15 tries)
Done in 0.16 min (cpu), 0.16 min (real)
Generate toy 140/250

 -- MarkovChainMC -- 
Limit: r < 0.885696 +/- 0.0327332 @ 95% credibility (15 tries)
Done in 0.15 min (cpu), 0.15 min (real)
Generate toy 141/250

 -- MarkovChainMC -- 
Limit: r < 1.37098 +/- 0.0189452 @ 95% credibility (15 tries)
Done in 0.15 min (cpu), 0.16 min (real)
Generate toy 142/250

 -- MarkovChainMC -- 
Limit: r < 1.10333 +/- 0.0188281 @ 95% credibility (15 tries)
Done in 0.15 min (cpu), 0.15 min (real)
Generate toy 143/250

 -- MarkovChainMC -- 
Limit: r < 1.26043 +/- 0.0252398 @ 95% credibility (15 tries)
Done in 0.15 min (cpu), 0.15 min (real)
Generate toy 144/250

 -- MarkovChainMC -- 
Limit: r < 1.43157 +/- 0.00944672 @ 95% credibility (15 tries)
Done in 0.15 min (cpu), 0.16 min (real)
Generate toy 145/250

 -- MarkovChainMC -- 
Limit: r < 2.85394 +/- 0.0194483 @ 95% credibility (15 tries)
Done in 0.16 min (cpu), 0.16 min (real)
Generate toy 146/250

 -- MarkovChainMC -- 
Limit: r < 1.58436 +/- 0.0199158 @ 95% credibility (15 tries)
Done in 0.16 min (cpu), 0.16 min (real)
Generate toy 147/250

 -- MarkovChainMC -- 
Limit: r < 2.37617 +/- 0.0242615 @ 95% credibility (15 tries)
Done in 0.16 min (cpu), 0.16 min (real)
Generate toy 148/250

 -- MarkovChainMC -- 
Limit: r < 0.595699 +/- 0.0103202 @ 95% credibility (15 tries)
Done in 0.15 min (cpu), 0.15 min (real)
Generate toy 149/250

 -- MarkovChainMC -- 
Limit: r < 3.04934 +/- 0.0247989 @ 95% credibility (15 tries)
Done in 0.16 min (cpu), 0.16 min (real)
Generate toy 150/250

 -- MarkovChainMC -- 
Limit: r < 1.86182 +/- 0.0279551 @ 95% credibility (15 tries)
Done in 0.16 min (cpu), 0.16 min (real)
Generate toy 151/250

 -- MarkovChainMC -- 
Limit: r < 2.04048 +/- 0.0311292 @ 95% credibility (15 tries)
Done in 0.16 min (cpu), 0.16 min (real)
Generate toy 152/250

 -- MarkovChainMC -- 
Limit: r < 3.02061 +/- 0.0291928 @ 95% credibility (15 tries)
Done in 0.16 min (cpu), 0.16 min (real)
Generate toy 153/250

 -- MarkovChainMC -- 
Limit: r < 1.22949 +/- 0.0246071 @ 95% credibility (15 tries)
Done in 0.15 min (cpu), 0.15 min (real)
Generate toy 154/250

 -- MarkovChainMC -- 
Limit: r < 1.9666 +/- 0.0263269 @ 95% credibility (15 tries)
Done in 0.16 min (cpu), 0.16 min (real)
Generate toy 155/250

 -- MarkovChainMC -- 
Limit: r < 1.91662 +/- 0.0200466 @ 95% credibility (15 tries)
Done in 0.16 min (cpu), 0.16 min (real)
Generate toy 156/250

 -- MarkovChainMC -- 
Limit: r < 1.90597 +/- 0.0194669 @ 95% credibility (15 tries)
Done in 0.16 min (cpu), 0.16 min (real)
Generate toy 157/250

 -- MarkovChainMC -- 
Limit: r < 0.758452 +/- 0.0178269 @ 95% credibility (15 tries)
Done in 0.15 min (cpu), 0.15 min (real)
Generate toy 158/250

 -- MarkovChainMC -- 
Limit: r < 1.58067 +/- 0.0265647 @ 95% credibility (15 tries)
Done in 0.16 min (cpu), 0.16 min (real)
Generate toy 159/250

 -- MarkovChainMC -- 
Limit: r < 1.05709 +/- 0.0245094 @ 95% credibility (15 tries)
Done in 0.15 min (cpu), 0.15 min (real)
Generate toy 160/250

 -- MarkovChainMC -- 
Limit: r < 1.50398 +/- 0.0195628 @ 95% credibility (15 tries)
Done in 0.15 min (cpu), 0.16 min (real)
Generate toy 161/250

 -- MarkovChainMC -- 
Limit: r < 0.921237 +/- 0.0109954 @ 95% credibility (15 tries)
Done in 0.15 min (cpu), 0.15 min (real)
Generate toy 162/250

 -- MarkovChainMC -- 
Limit: r < 1.55665 +/- 0.0266673 @ 95% credibility (15 tries)
Done in 0.16 min (cpu), 0.16 min (real)
Generate toy 163/250

 -- MarkovChainMC -- 
Limit: r < 1.14171 +/- 0.0177431 @ 95% credibility (15 tries)
Done in 0.15 min (cpu), 0.15 min (real)
Generate toy 164/250

 -- MarkovChainMC -- 
Limit: r < 0.929158 +/- 0.0166352 @ 95% credibility (15 tries)
Done in 0.15 min (cpu), 0.15 min (real)
Generate toy 165/250

 -- MarkovChainMC -- 
Limit: r < 0.815995 +/- 0.0153991 @ 95% credibility (15 tries)
Done in 0.15 min (cpu), 0.15 min (real)
Generate toy 166/250

 -- MarkovChainMC -- 
Limit: r < 1.22768 +/- 0.0269086 @ 95% credibility (15 tries)
Done in 0.15 min (cpu), 0.15 min (real)
Generate toy 167/250

 -- MarkovChainMC -- 
Limit: r < 1.5982 +/- 0.0265492 @ 95% credibility (15 tries)
Done in 0.16 min (cpu), 0.16 min (real)
Generate toy 168/250

 -- MarkovChainMC -- 
Limit: r < 1.61032 +/- 0.0350541 @ 95% credibility (15 tries)
Done in 0.15 min (cpu), 0.16 min (real)
Generate toy 169/250

 -- MarkovChainMC -- 
Limit: r < 1.52864 +/- 0.0257058 @ 95% credibility (15 tries)
Done in 0.16 min (cpu), 0.16 min (real)
Generate toy 170/250

 -- MarkovChainMC -- 
Limit: r < 0.727009 +/- 0.0124198 @ 95% credibility (15 tries)
Done in 0.15 min (cpu), 0.15 min (real)
Generate toy 171/250

 -- MarkovChainMC -- 
Limit: r < 1.9156 +/- 0.0288422 @ 95% credibility (15 tries)
Done in 0.16 min (cpu), 0.16 min (real)
Generate toy 172/250

 -- MarkovChainMC -- 
Limit: r < 1.47405 +/- 0.0156404 @ 95% credibility (15 tries)
Done in 0.15 min (cpu), 0.16 min (real)
Generate toy 173/250

 -- MarkovChainMC -- 
Limit: r < 1.69249 +/- 0.0221677 @ 95% credibility (15 tries)
Done in 0.16 min (cpu), 0.16 min (real)
Generate toy 174/250

 -- MarkovChainMC -- 
Limit: r < 1.74522 +/- 0.0293715 @ 95% credibility (15 tries)
Done in 0.16 min (cpu), 0.16 min (real)
Generate toy 175/250

 -- MarkovChainMC -- 
Limit: r < 2.2369 +/- 0.0267715 @ 95% credibility (15 tries)
Done in 0.16 min (cpu), 0.16 min (real)
Generate toy 176/250

 -- MarkovChainMC -- 
Limit: r < 2.05021 +/- 0.0278589 @ 95% credibility (15 tries)
Done in 0.16 min (cpu), 0.16 min (real)
Generate toy 177/250

 -- MarkovChainMC -- 
Limit: r < 1.32854 +/- 0.0243803 @ 95% credibility (15 tries)
Done in 0.15 min (cpu), 0.15 min (real)
Generate toy 178/250

 -- MarkovChainMC -- 
Limit: r < 1.51496 +/- 0.0277823 @ 95% credibility (15 tries)
Done in 0.15 min (cpu), 0.16 min (real)
Generate toy 179/250

 -- MarkovChainMC -- 
Limit: r < 1.27615 +/- 0.0196218 @ 95% credibility (15 tries)
Done in 0.15 min (cpu), 0.15 min (real)
Generate toy 180/250

 -- MarkovChainMC -- 
Limit: r < 2.00843 +/- 0.0176223 @ 95% credibility (15 tries)
Done in 0.16 min (cpu), 0.16 min (real)
Generate toy 181/250

 -- MarkovChainMC -- 
Limit: r < 2.31159 +/- 0.0177071 @ 95% credibility (15 tries)
Done in 0.16 min (cpu), 0.16 min (real)
Generate toy 182/250

 -- MarkovChainMC -- 
Limit: r < 2.36503 +/- 0.0159547 @ 95% credibility (15 tries)
Done in 0.16 min (cpu), 0.16 min (real)
Generate toy 183/250

 -- MarkovChainMC -- 
Limit: r < 1.62391 +/- 0.0301167 @ 95% credibility (15 tries)
Done in 0.16 min (cpu), 0.16 min (real)
Generate toy 184/250

 -- MarkovChainMC -- 
Limit: r < 0.738459 +/- 0.0142911 @ 95% credibility (15 tries)
Done in 0.15 min (cpu), 0.15 min (real)
Generate toy 185/250

 -- MarkovChainMC -- 
Limit: r < 1.42303 +/- 0.0161562 @ 95% credibility (15 tries)
Done in 0.15 min (cpu), 0.16 min (real)
Generate toy 186/250

 -- MarkovChainMC -- 
Limit: r < 1.14676 +/- 0.0153086 @ 95% credibility (15 tries)
Done in 0.15 min (cpu), 0.15 min (real)
Generate toy 187/250

 -- MarkovChainMC -- 
Limit: r < 2.28465 +/- 0.0245131 @ 95% credibility (15 tries)
Done in 0.16 min (cpu), 0.16 min (real)
Generate toy 188/250

 -- MarkovChainMC -- 
Limit: r < 1.8723 +/- 0.0255201 @ 95% credibility (15 tries)
Done in 0.16 min (cpu), 0.16 min (real)
Generate toy 189/250

 -- MarkovChainMC -- 
Limit: r < 0.931652 +/- 0.0204442 @ 95% credibility (15 tries)
Done in 0.15 min (cpu), 0.15 min (real)
Generate toy 190/250

 -- MarkovChainMC -- 
Limit: r < 1.07375 +/- 0.0206849 @ 95% credibility (15 tries)
Done in 0.15 min (cpu), 0.15 min (real)
Generate toy 191/250

 -- MarkovChainMC -- 
Limit: r < 0.94266 +/- 0.0182535 @ 95% credibility (15 tries)
Done in 0.15 min (cpu), 0.15 min (real)
Generate toy 192/250

 -- MarkovChainMC -- 
Limit: r < 0.994719 +/- 0.0167402 @ 95% credibility (15 tries)
Done in 0.15 min (cpu), 0.15 min (real)
Generate toy 193/250

 -- MarkovChainMC -- 
Limit: r < 1.42222 +/- 0.021631 @ 95% credibility (15 tries)
Done in 0.16 min (cpu), 0.16 min (real)
Generate toy 194/250

 -- MarkovChainMC -- 
Limit: r < 1.45172 +/- 0.0237712 @ 95% credibility (15 tries)
Done in 0.16 min (cpu), 0.16 min (real)
Generate toy 195/250

 -- MarkovChainMC -- 
Limit: r < 1.60577 +/- 0.0343944 @ 95% credibility (15 tries)
Done in 0.16 min (cpu), 0.16 min (real)
Generate toy 196/250

 -- MarkovChainMC -- 
Limit: r < 1.53623 +/- 0.0191371 @ 95% credibility (15 tries)
Done in 0.16 min (cpu), 0.16 min (real)
Generate toy 197/250

 -- MarkovChainMC -- 
Limit: r < 2.07813 +/- 0.0264665 @ 95% credibility (15 tries)
Done in 0.16 min (cpu), 0.16 min (real)
Generate toy 198/250

 -- MarkovChainMC -- 
Limit: r < 2.18151 +/- 0.0390394 @ 95% credibility (15 tries)
Done in 0.16 min (cpu), 0.16 min (real)
Generate toy 199/250

 -- MarkovChainMC -- 
Limit: r < 1.03712 +/- 0.0147326 @ 95% credibility (15 tries)
Done in 0.15 min (cpu), 0.15 min (real)
Generate toy 200/250

 -- MarkovChainMC -- 
Limit: r < 2.30045 +/- 0.0240528 @ 95% credibility (15 tries)
Done in 0.16 min (cpu), 0.16 min (real)
Generate toy 201/250

 -- MarkovChainMC -- 
Limit: r < 1.52528 +/- 0.0335146 @ 95% credibility (15 tries)
Done in 0.16 min (cpu), 0.16 min (real)
Generate toy 202/250

 -- MarkovChainMC -- 
Limit: r < 0.629821 +/- 0.0126222 @ 95% credibility (15 tries)
Done in 0.15 min (cpu), 0.15 min (real)
Generate toy 203/250

 -- MarkovChainMC -- 
Limit: r < 1.37195 +/- 0.0172775 @ 95% credibility (15 tries)
Done in 0.15 min (cpu), 0.16 min (real)
Generate toy 204/250

 -- MarkovChainMC -- 
Limit: r < 1.46014 +/- 0.0285907 @ 95% credibility (15 tries)
Done in 0.15 min (cpu), 0.16 min (real)
Generate toy 205/250

 -- MarkovChainMC -- 
Limit: r < 2.39754 +/- 0.0329666 @ 95% credibility (15 tries)
Done in 0.16 min (cpu), 0.16 min (real)
Generate toy 206/250

 -- MarkovChainMC -- 
Limit: r < 1.07611 +/- 0.0150157 @ 95% credibility (15 tries)
Done in 0.15 min (cpu), 0.15 min (real)
Generate toy 207/250

 -- MarkovChainMC -- 
Limit: r < 1.99709 +/- 0.0293942 @ 95% credibility (15 tries)
Done in 0.16 min (cpu), 0.16 min (real)
Generate toy 208/250

 -- MarkovChainMC -- 
Limit: r < 1.43678 +/- 0.0233568 @ 95% credibility (15 tries)
Done in 0.15 min (cpu), 0.15 min (real)
Generate toy 209/250

 -- MarkovChainMC -- 
Limit: r < 1.32014 +/- 0.0242483 @ 95% credibility (15 tries)
Done in 0.15 min (cpu), 0.15 min (real)
Generate toy 210/250

 -- MarkovChainMC -- 
Limit: r < 1.3426 +/- 0.0188584 @ 95% credibility (15 tries)
Done in 0.15 min (cpu), 0.16 min (real)
Generate toy 211/250

 -- MarkovChainMC -- 
Limit: r < 1.50887 +/- 0.0210123 @ 95% credibility (15 tries)
Done in 0.15 min (cpu), 0.16 min (real)
Generate toy 212/250

 -- MarkovChainMC -- 
Limit: r < 0.963607 +/- 0.0121564 @ 95% credibility (15 tries)
Done in 0.15 min (cpu), 0.15 min (real)
Generate toy 213/250

 -- MarkovChainMC -- 
Limit: r < 1.86323 +/- 0.0191422 @ 95% credibility (15 tries)
Done in 0.16 min (cpu), 0.16 min (real)
Generate toy 214/250

 -- MarkovChainMC -- 
Limit: r < 1.48803 +/- 0.0189352 @ 95% credibility (15 tries)
Done in 0.16 min (cpu), 0.16 min (real)
Generate toy 215/250

 -- MarkovChainMC -- 
Limit: r < 1.09029 +/- 0.0161711 @ 95% credibility (15 tries)
Done in 0.15 min (cpu), 0.15 min (real)
Generate toy 216/250

 -- MarkovChainMC -- 
Limit: r < 1.11074 +/- 0.0153404 @ 95% credibility (15 tries)
Done in 0.15 min (cpu), 0.15 min (real)
Generate toy 217/250

 -- MarkovChainMC -- 
Limit: r < 1.06382 +/- 0.0284998 @ 95% credibility (15 tries)
Done in 0.15 min (cpu), 0.15 min (real)
Generate toy 218/250

 -- MarkovChainMC -- 
Limit: r < 1.79285 +/- 0.0318878 @ 95% credibility (15 tries)
Done in 0.16 min (cpu), 0.16 min (real)
Generate toy 219/250

 -- MarkovChainMC -- 
Limit: r < 1.27549 +/- 0.0232357 @ 95% credibility (15 tries)
Done in 0.16 min (cpu), 0.16 min (real)
Generate toy 220/250

 -- MarkovChainMC -- 
Limit: r < 2.13816 +/- 0.0326972 @ 95% credibility (15 tries)
Done in 0.16 min (cpu), 0.16 min (real)
Generate toy 221/250

 -- MarkovChainMC -- 
Limit: r < 2.57031 +/- 0.0307586 @ 95% credibility (15 tries)
Done in 0.16 min (cpu), 0.16 min (real)
Generate toy 222/250

 -- MarkovChainMC -- 
Limit: r < 1.68505 +/- 0.0289328 @ 95% credibility (15 tries)
Done in 0.16 min (cpu), 0.16 min (real)
Generate toy 223/250

 -- MarkovChainMC -- 
Limit: r < 2.37044 +/- 0.0310594 @ 95% credibility (15 tries)
Done in 0.16 min (cpu), 0.16 min (real)
Generate toy 224/250

 -- MarkovChainMC -- 
Limit: r < 2.25869 +/- 0.0339857 @ 95% credibility (15 tries)
Done in 0.16 min (cpu), 0.16 min (real)
Generate toy 225/250

 -- MarkovChainMC -- 
Limit: r < 1.31266 +/- 0.0258463 @ 95% credibility (15 tries)
Done in 0.15 min (cpu), 0.16 min (real)
Generate toy 226/250

 -- MarkovChainMC -- 
Limit: r < 0.980577 +/- 0.0182205 @ 95% credibility (15 tries)
Done in 0.15 min (cpu), 0.15 min (real)
Generate toy 227/250

 -- MarkovChainMC -- 
Limit: r < 1.64844 +/- 0.0250655 @ 95% credibility (15 tries)
Done in 0.15 min (cpu), 0.16 min (real)
Generate toy 228/250

 -- MarkovChainMC -- 
Limit: r < 1.15429 +/- 0.0109809 @ 95% credibility (15 tries)
Done in 0.15 min (cpu), 0.15 min (real)
Generate toy 229/250

 -- MarkovChainMC -- 
Limit: r < 1.81268 +/- 0.0181452 @ 95% credibility (15 tries)
Done in 0.16 min (cpu), 0.16 min (real)
Generate toy 230/250

 -- MarkovChainMC -- 
Limit: r < 0.678531 +/- 0.0153203 @ 95% credibility (15 tries)
Done in 0.15 min (cpu), 0.15 min (real)
Generate toy 231/250

 -- MarkovChainMC -- 
Limit: r < 2.77294 +/- 0.0430558 @ 95% credibility (15 tries)
Done in 0.16 min (cpu), 0.16 min (real)
Generate toy 232/250

 -- MarkovChainMC -- 
Limit: r < 1.06389 +/- 0.0184506 @ 95% credibility (15 tries)
Done in 0.15 min (cpu), 0.15 min (real)
Generate toy 233/250

 -- MarkovChainMC -- 
Limit: r < 0.942038 +/- 0.0120814 @ 95% credibility (15 tries)
Done in 0.15 min (cpu), 0.15 min (real)
Generate toy 234/250

 -- MarkovChainMC -- 
Limit: r < 1.229 +/- 0.0231236 @ 95% credibility (15 tries)
Done in 0.15 min (cpu), 0.15 min (real)
Generate toy 235/250

 -- MarkovChainMC -- 
Limit: r < 2.29946 +/- 0.019445 @ 95% credibility (15 tries)
Done in 0.16 min (cpu), 0.16 min (real)
Generate toy 236/250

 -- MarkovChainMC -- 
Limit: r < 2.00192 +/- 0.025376 @ 95% credibility (15 tries)
Done in 0.16 min (cpu), 0.16 min (real)
Generate toy 237/250

 -- MarkovChainMC -- 
Limit: r < 0.844719 +/- 0.018264 @ 95% credibility (15 tries)
Done in 0.15 min (cpu), 0.15 min (real)
Generate toy 238/250

 -- MarkovChainMC -- 
Limit: r < 2.34654 +/- 0.0129938 @ 95% credibility (15 tries)
Done in 0.16 min (cpu), 0.16 min (real)
Generate toy 239/250

 -- MarkovChainMC -- 
Limit: r < 1.06369 +/- 0.0220043 @ 95% credibility (15 tries)
Done in 0.15 min (cpu), 0.15 min (real)
Generate toy 240/250

 -- MarkovChainMC -- 
Limit: r < 1.28105 +/- 0.0280677 @ 95% credibility (15 tries)
Done in 0.15 min (cpu), 0.15 min (real)
Generate toy 241/250

 -- MarkovChainMC -- 
Limit: r < 1.32826 +/- 0.0222152 @ 95% credibility (15 tries)
Done in 0.15 min (cpu), 0.15 min (real)
Generate toy 242/250

 -- MarkovChainMC -- 
Limit: r < 2.06488 +/- 0.0348491 @ 95% credibility (15 tries)
Done in 0.16 min (cpu), 0.16 min (real)
Generate toy 243/250

 -- MarkovChainMC -- 
Limit: r < 2.00832 +/- 0.0218719 @ 95% credibility (15 tries)
Done in 0.16 min (cpu), 0.16 min (real)
Generate toy 244/250

 -- MarkovChainMC -- 
Limit: r < 1.7086 +/- 0.0261613 @ 95% credibility (15 tries)
Done in 0.16 min (cpu), 0.16 min (real)
Generate toy 245/250

 -- MarkovChainMC -- 
Limit: r < 1.23829 +/- 0.0362091 @ 95% credibility (15 tries)
Done in 0.15 min (cpu), 0.16 min (real)
Generate toy 246/250

 -- MarkovChainMC -- 
Limit: r < 0.94396 +/- 0.0133411 @ 95% credibility (15 tries)
Done in 0.15 min (cpu), 0.15 min (real)
Generate toy 247/250

 -- MarkovChainMC -- 
Limit: r < 1.68214 +/- 0.0307793 @ 95% credibility (15 tries)
Done in 0.16 min (cpu), 0.16 min (real)
Generate toy 248/250

 -- MarkovChainMC -- 
Limit: r < 1.38053 +/- 0.0264733 @ 95% credibility (15 tries)
Done in 0.16 min (cpu), 0.16 min (real)
Generate toy 249/250

 -- MarkovChainMC -- 
Limit: r < 1.14805 +/- 0.0194158 @ 95% credibility (15 tries)
Done in 0.15 min (cpu), 0.15 min (real)
Generate toy 250/250

 -- MarkovChainMC -- 
Limit: r < 1.61754 +/- 0.0232146 @ 95% credibility (15 tries)
Done in 0.16 min (cpu), 0.16 min (real)
mean   expected limit: r < 1.54136 +/- 0.0324151 @ 95%CL (250 toyMC)
median expected limit: r < 1.49435 @ 95%CL (250 toyMC)
   68% expected band : 1.05709 < r < 2.04048
   95% expected band : 0.758452 < r < 2.85394
