 <<< Combine >>> 
 <<< v10.0.2 >>>
>>> Used OpenSSL to get a truly random seed -642581643
>>> Method used is MarkovChainMC
============================================================
Analyzing bin errors for: prop_binmuon22
Poisson cut-off: 10
Processes excluded for sums: Wprime5600_kR0.01
============================================================
Bin        Contents        Error           Notes                         
0          5489.009974     14.389572       total sum                     
0          5489.009974     14.389572       excluding marked processes    
0          145510.000000   381.457730      Unweighted events, alpha=0.037723
  => Total parameter prop_binmuon22_bin0[0.00,-7.00,7.00] to be Gaussian constrained
------------------------------------------------------------
1          2091.470590     7.507819        total sum                     
1          2091.469679     7.507819        excluding marked processes    
1          77602.000000    278.571355      Unweighted events, alpha=0.026951
  => Total parameter prop_binmuon22_bin1[0.00,-7.00,7.00] to be Gaussian constrained
------------------------------------------------------------
2          925.288186      5.743251        total sum                     
2          925.287269      5.743251        excluding marked processes    
2          25956.000000    161.108659      Unweighted events, alpha=0.035648
  => Total parameter prop_binmuon22_bin2[0.00,-7.00,7.00] to be Gaussian constrained
------------------------------------------------------------
3          462.720726      3.622082        total sum                     
3          462.717279      3.622082        excluding marked processes    
3          16320.000000    127.749755      Unweighted events, alpha=0.028353
  => Total parameter prop_binmuon22_bin3[0.00,-7.00,7.00] to be Gaussian constrained
------------------------------------------------------------
4          240.233702      1.533812        total sum                     
4          240.228093      1.533810        excluding marked processes    
4          24530.000000    156.620561      Unweighted events, alpha=0.009793
  => Total parameter prop_binmuon22_bin4[0.00,-7.00,7.00] to be Gaussian constrained
------------------------------------------------------------
5          139.131357      1.742911        total sum                     
5          139.121722      1.742909        excluding marked processes    
5          6371.000000     79.818544       Unweighted events, alpha=0.021838
  => Total parameter prop_binmuon22_bin5[0.00,-7.00,7.00] to be Gaussian constrained
------------------------------------------------------------
6          132.830042      1.064653        total sum                     
6          132.798509      1.064641        excluding marked processes    
6          15559.000000    124.735721      Unweighted events, alpha=0.008537
  => Total parameter prop_binmuon22_bin6[0.00,-7.00,7.00] to be Gaussian constrained
------------------------------------------------------------
7          51.962926       0.721679        total sum                     
7          51.876344       0.721630        excluding marked processes    
7          5168.000000     71.888803       Unweighted events, alpha=0.010055
  => Total parameter prop_binmuon22_bin7[0.00,-7.00,7.00] to be Gaussian constrained
------------------------------------------------------------
8          29.574749       0.469082        total sum                     
8          29.337675       0.468872        excluding marked processes    
8          3915.000000     62.569961       Unweighted events, alpha=0.007554
  => Total parameter prop_binmuon22_bin8[0.00,-7.00,7.00] to be Gaussian constrained
------------------------------------------------------------
9          10.332306       0.335003        total sum                     
9          9.941359        0.334523        excluding marked processes    
9          883.000000      29.715316       Unweighted events, alpha=0.011701
  => Total parameter prop_binmuon22_bin9[0.00,-7.00,7.00] to be Gaussian constrained
------------------------------------------------------------
10         5.033066        0.108906        total sum                     
10         4.165375        0.105525        excluding marked processes    
10         1558.000000     39.471509       Unweighted events, alpha=0.003230
  => Total parameter prop_binmuon22_bin10[0.00,-7.00,7.00] to be Gaussian constrained
------------------------------------------------------------
11         3.758673        0.222025        total sum                     
11         1.762132        0.218174        excluding marked processes    
11         65.000000       8.062258        Unweighted events, alpha=0.057826
  => Total parameter prop_binmuon22_bin11[0.00,-7.00,7.00] to be Gaussian constrained
------------------------------------------------------------
12         2.938786        0.047803        total sum                     
12         0.276349        0.001778        excluding marked processes    
12         24153.000000    155.412355      Unweighted events, alpha=0.000122
  => Total parameter prop_binmuon22_bin12[0.00,-7.00,7.00] to be Gaussian constrained
------------------------------------------------------------
13         9.028923        0.093465        total sum                     
13         0.085750        0.001214        excluding marked processes    
13         4991.000000     70.647010       Unweighted events, alpha=0.001809
  => Total parameter prop_binmuon22_bin13[0.00,-7.00,7.00] to be Gaussian constrained
------------------------------------------------------------
14         7.162499        0.077917        total sum                     
14         0.007105        0.001511        excluding marked processes    
14         22.000000       4.690416        Unweighted events, alpha=0.325568
  => Total parameter prop_binmuon22_bin14[0.00,-7.00,7.00] to be Gaussian constrained
------------------------------------------------------------
15         0.571179        0.022038        total sum                     
15         0.001078        0.000054        excluding marked processes    
15         404.000000      20.099751       Unweighted events, alpha=0.001414
  => Total parameter prop_binmuon22_bin15[0.00,-7.00,7.00] to be Gaussian constrained
------------------------------------------------------------
============================================================
Analyzing bin errors for: prop_binmuon23
Poisson cut-off: 10
Processes excluded for sums: Wprime5600_kR0.01
============================================================
Bin        Contents        Error           Notes                         
0          4245.728997     16.603213       total sum                     
0          4245.728997     16.603213       excluding marked processes    
0          65391.000000    255.716640      Unweighted events, alpha=0.064928
  => Total parameter prop_binmuon23_bin0[0.00,-7.00,7.00] to be Gaussian constrained
------------------------------------------------------------
1          1621.103071     7.828053        total sum                     
1          1621.101079     7.828053        excluding marked processes    
1          42886.000000    207.089353      Unweighted events, alpha=0.037800
  => Total parameter prop_binmuon23_bin1[0.00,-7.00,7.00] to be Gaussian constrained
------------------------------------------------------------
2          721.398863      4.795515        total sum                     
2          721.396648      4.795515        excluding marked processes    
2          22630.000000    150.432709      Unweighted events, alpha=0.031878
  => Total parameter prop_binmuon23_bin2[0.00,-7.00,7.00] to be Gaussian constrained
------------------------------------------------------------
3          359.288814      3.009355        total sum                     
3          359.285774      3.009355        excluding marked processes    
3          14254.000000    119.390117      Unweighted events, alpha=0.025206
  => Total parameter prop_binmuon23_bin3[0.00,-7.00,7.00] to be Gaussian constrained
------------------------------------------------------------
4          191.192040      3.360877        total sum                     
4          191.190097      3.360877        excluding marked processes    
4          3236.000000     56.885851       Unweighted events, alpha=0.059083
  => Total parameter prop_binmuon23_bin4[0.00,-7.00,7.00] to be Gaussian constrained
------------------------------------------------------------
5          112.224855      1.192111        total sum                     
5          112.217111      1.192110        excluding marked processes    
5          8861.000000     94.132885       Unweighted events, alpha=0.012665
  => Total parameter prop_binmuon23_bin5[0.00,-7.00,7.00] to be Gaussian constrained
------------------------------------------------------------
6          107.168058      1.524080        total sum                     
6          107.129583      1.524073        excluding marked processes    
6          4941.000000     70.292247       Unweighted events, alpha=0.021690
  => Total parameter prop_binmuon23_bin6[0.00,-7.00,7.00] to be Gaussian constrained
------------------------------------------------------------
7          41.175449       0.657950        total sum                     
7          41.104515       0.657922        excluding marked processes    
7          3903.000000     62.473995       Unweighted events, alpha=0.010550
  => Total parameter prop_binmuon23_bin7[0.00,-7.00,7.00] to be Gaussian constrained
------------------------------------------------------------
8          23.639273       0.587139        total sum                     
8          23.449391       0.587056        excluding marked processes    
8          1596.000000     39.949969       Unweighted events, alpha=0.014812
  => Total parameter prop_binmuon23_bin8[0.00,-7.00,7.00] to be Gaussian constrained
------------------------------------------------------------
9          8.711339        0.394796        total sum                     
9          8.355840        0.394559        excluding marked processes    
9          448.000000      21.166010       Unweighted events, alpha=0.019445
  => Total parameter prop_binmuon23_bin9[0.00,-7.00,7.00] to be Gaussian constrained
------------------------------------------------------------
10         4.204148        0.252598        total sum                     
10         3.506378        0.251887        excluding marked processes    
10         194.000000      13.928388       Unweighted events, alpha=0.021671
  => Total parameter prop_binmuon23_bin10[0.00,-7.00,7.00] to be Gaussian constrained
------------------------------------------------------------
11         2.945066        0.182412        total sum                     
11         1.363219        0.180174        excluding marked processes    
11         57.000000       7.549834        Unweighted events, alpha=0.051668
  => Total parameter prop_binmuon23_bin11[0.00,-7.00,7.00] to be Gaussian constrained
------------------------------------------------------------
12         2.732856        0.291019        total sum                     
12         0.530791        0.289065        excluding marked processes    
12         3.000000        1.732051        Unweighted events, alpha=0.910952
  => Number of weighted events is below Poisson threshold
    Wprime5600_kR0.01    2.202065        0.033670                                      
                         4277.000000     65.398777       Unweighted events, alpha=0.000515
      => Parameter prop_binmuon23_bin12_Wprime5600_kR0.01[0.00,-7.00,7.00] to be Gaussian constrained
  ----------------------------------------------------------
    W_boson              0.216692        0.001181                                      
                         33653.000000    183.447540      Unweighted events, alpha=0.000006
      => Parameter prop_binmuon23_bin12_W_boson[0.00,-7.00,7.00] to be Gaussian constrained
  ----------------------------------------------------------
    Top                  0.000000        0.000000                                      
      => Error is zero, ignore      
  ----------------------------------------------------------
    Z_boson              0.004094        0.000500                                      
                         67.000000       8.185353        Unweighted events, alpha=0.000061
      => Parameter prop_binmuon23_bin12_Z_boson[0.00,-7.00,7.00] to be Gaussian constrained
  ----------------------------------------------------------
    DiBoson              0.288910        0.288561                                      
                         1.000000        1.000000        Unweighted events, alpha=0.288910
      => Product of prop_binmuon23_bin12_DiBoson[1.00,0.00,30.85] and const [1.0000] to be Poisson constrained
  ----------------------------------------------------------
    QCD                  0.021095        0.017013                                      
                         2.000000        1.414214        Unweighted events, alpha=0.010547
      => Product of prop_binmuon23_bin12_QCD[2.00,0.00,33.79] and const [0.5000] to be Poisson constrained
  ----------------------------------------------------------
------------------------------------------------------------
13         7.399207        0.060842        total sum                     
13         0.067145        0.000584        excluding marked processes    
13         13239.000000    115.060853      Unweighted events, alpha=0.000559
  => Total parameter prop_binmuon23_bin13[0.00,-7.00,7.00] to be Gaussian constrained
------------------------------------------------------------
14         5.692214        0.052905        total sum                     
14         0.003967        0.000043        excluding marked processes    
14         8482.000000     92.097774       Unweighted events, alpha=0.000671
  => Total parameter prop_binmuon23_bin14[0.00,-7.00,7.00] to be Gaussian constrained
------------------------------------------------------------
15         0.507580        0.016315        total sum                     
15         0.005625        0.003835        excluding marked processes    
15         2.000000        1.414214        Unweighted events, alpha=0.253790
  => Number of weighted events is below Poisson threshold
    Wprime5600_kR0.01    0.501954        0.015858                                      
                         1002.000000     31.654384       Unweighted events, alpha=0.000501
      => Parameter prop_binmuon23_bin15_Wprime5600_kR0.01[0.00,-7.00,7.00] to be Gaussian constrained
  ----------------------------------------------------------
    W_boson              0.000849        0.000021                                      
                         1670.000000     40.865633       Unweighted events, alpha=0.000001
      => Parameter prop_binmuon23_bin15_W_boson[0.00,-7.00,7.00] to be Gaussian constrained
  ----------------------------------------------------------
    Top                  0.000000        0.000000                                      
      => Error is zero, ignore      
  ----------------------------------------------------------
    Z_boson              0.000011        0.000003                                      
                         16.000000       4.000000        Unweighted events, alpha=0.000001
      => Parameter prop_binmuon23_bin15_Z_boson[0.00,-7.00,7.00] to be Gaussian constrained
  ----------------------------------------------------------
    DiBoson              0.000000        0.000000                                      
      => Error is zero, ignore      
  ----------------------------------------------------------
    QCD                  0.004765        0.003834                                      
                         2.000000        1.414214        Unweighted events, alpha=0.002383
      => Product of prop_binmuon23_bin15_QCD[2.00,0.00,33.79] and const [0.5000] to be Poisson constrained
  ----------------------------------------------------------
------------------------------------------------------------
Channel muon22 will use autoMCStats with settings: event-threshold=10, include-signal=0, hist-mode=1
Channel muon23 will use autoMCStats with settings: event-threshold=10, include-signal=0, hist-mode=1
Generate toy 1/250

 -- MarkovChainMC -- 
Limit: r < 0.120922 +/- 0.00221025 @ 95% credibility (15 tries)
Done in 0.26 min (cpu), 0.26 min (real)
Generate toy 2/250

 -- MarkovChainMC -- 
Limit: r < 0.0902165 +/- 0.00192587 @ 95% credibility (15 tries)
Done in 0.27 min (cpu), 0.27 min (real)
Generate toy 3/250

 -- MarkovChainMC -- 
Limit: r < 0.102907 +/- 0.0012789 @ 95% credibility (15 tries)
Done in 0.25 min (cpu), 0.25 min (real)
Generate toy 4/250

 -- MarkovChainMC -- 
Limit: r < 0.153727 +/- 0.00214945 @ 95% credibility (15 tries)
Done in 0.23 min (cpu), 0.24 min (real)
Generate toy 5/250

 -- MarkovChainMC -- 
Limit: r < 0.111799 +/- 0.00205712 @ 95% credibility (15 tries)
Done in 0.24 min (cpu), 0.25 min (real)
Generate toy 6/250

 -- MarkovChainMC -- 
Limit: r < 0.0890361 +/- 0.00195565 @ 95% credibility (15 tries)
Done in 0.22 min (cpu), 0.23 min (real)
Generate toy 7/250

 -- MarkovChainMC -- 
Limit: r < 0.0989331 +/- 0.000878057 @ 95% credibility (15 tries)
Done in 0.24 min (cpu), 0.24 min (real)
Generate toy 8/250

 -- MarkovChainMC -- 
Limit: r < 0.130567 +/- 0.0027259 @ 95% credibility (15 tries)
Done in 0.24 min (cpu), 0.24 min (real)
Generate toy 9/250

 -- MarkovChainMC -- 
Limit: r < 0.0838396 +/- 0.00258086 @ 95% credibility (15 tries)
Done in 0.26 min (cpu), 0.26 min (real)
Generate toy 10/250

 -- MarkovChainMC -- 
Limit: r < 0.0895323 +/- 0.00200377 @ 95% credibility (15 tries)
Done in 0.31 min (cpu), 0.31 min (real)
Generate toy 11/250

 -- MarkovChainMC -- 
Limit: r < 0.0955963 +/- 0.0025612 @ 95% credibility (15 tries)
Done in 0.33 min (cpu), 0.33 min (real)
Generate toy 12/250

 -- MarkovChainMC -- 
Limit: r < 0.102098 +/- 0.00218967 @ 95% credibility (15 tries)
Done in 0.28 min (cpu), 0.28 min (real)
Generate toy 13/250

 -- MarkovChainMC -- 
Limit: r < 0.121148 +/- 0.00179617 @ 95% credibility (15 tries)
Done in 0.24 min (cpu), 0.25 min (real)
Generate toy 14/250

 -- MarkovChainMC -- 
Limit: r < 0.158473 +/- 0.00092627 @ 95% credibility (15 tries)
Done in 0.25 min (cpu), 0.25 min (real)
Generate toy 15/250

 -- MarkovChainMC -- 
Limit: r < 0.132981 +/- 0.00289944 @ 95% credibility (15 tries)
Done in 0.26 min (cpu), 0.26 min (real)
Generate toy 16/250

 -- MarkovChainMC -- 
Limit: r < 0.112282 +/- 0.00391706 @ 95% credibility (15 tries)
Done in 0.23 min (cpu), 0.23 min (real)
Generate toy 17/250

 -- MarkovChainMC -- 
Limit: r < 0.0992625 +/- 0.001959 @ 95% credibility (15 tries)
Done in 0.25 min (cpu), 0.25 min (real)
Generate toy 18/250

 -- MarkovChainMC -- 
Limit: r < 0.0913233 +/- 0.000947589 @ 95% credibility (15 tries)
Done in 0.25 min (cpu), 0.25 min (real)
Generate toy 19/250

 -- MarkovChainMC -- 
Limit: r < 0.0901019 +/- 0.0028028 @ 95% credibility (15 tries)
Done in 0.22 min (cpu), 0.23 min (real)
Generate toy 20/250

 -- MarkovChainMC -- 
Limit: r < 0.098183 +/- 0.00255326 @ 95% credibility (15 tries)
Done in 0.25 min (cpu), 0.26 min (real)
Generate toy 21/250

 -- MarkovChainMC -- 
Limit: r < 0.151829 +/- 0.00273959 @ 95% credibility (15 tries)
Done in 0.27 min (cpu), 0.27 min (real)
Generate toy 22/250

 -- MarkovChainMC -- 
Limit: r < 0.089513 +/- 0.00238033 @ 95% credibility (15 tries)
Done in 0.25 min (cpu), 0.26 min (real)
Generate toy 23/250

 -- MarkovChainMC -- 
Limit: r < 0.0836648 +/- 0.00214405 @ 95% credibility (15 tries)
Done in 0.23 min (cpu), 0.23 min (real)
Generate toy 24/250

 -- MarkovChainMC -- 
Limit: r < 0.112739 +/- 0.00233701 @ 95% credibility (15 tries)
Done in 0.26 min (cpu), 0.26 min (real)
Generate toy 25/250

 -- MarkovChainMC -- 
Limit: r < 0.144659 +/- 0.00122791 @ 95% credibility (15 tries)
Done in 0.24 min (cpu), 0.24 min (real)
Generate toy 26/250

 -- MarkovChainMC -- 
Limit: r < 0.0934504 +/- 0.00222684 @ 95% credibility (15 tries)
Done in 0.26 min (cpu), 0.26 min (real)
Generate toy 27/250

 -- MarkovChainMC -- 
Limit: r < 0.0859684 +/- 0.00101547 @ 95% credibility (15 tries)
Done in 0.24 min (cpu), 0.24 min (real)
Generate toy 28/250

 -- MarkovChainMC -- 
Limit: r < 0.0953525 +/- 0.00165248 @ 95% credibility (15 tries)
Done in 0.24 min (cpu), 0.24 min (real)
Generate toy 29/250

 -- MarkovChainMC -- 
Limit: r < 0.102202 +/- 0.00227756 @ 95% credibility (15 tries)
Done in 0.24 min (cpu), 0.24 min (real)
Generate toy 30/250

 -- MarkovChainMC -- 
Limit: r < 0.0957463 +/- 0.0028076 @ 95% credibility (15 tries)
Done in 0.26 min (cpu), 0.26 min (real)
Generate toy 31/250

 -- MarkovChainMC -- 
Limit: r < 0.114102 +/- 0.00215229 @ 95% credibility (15 tries)
Done in 0.25 min (cpu), 0.26 min (real)
Generate toy 32/250

 -- MarkovChainMC -- 
Limit: r < 0.0947489 +/- 0.00204043 @ 95% credibility (15 tries)
Done in 0.26 min (cpu), 0.27 min (real)
Generate toy 33/250

 -- MarkovChainMC -- 
Limit: r < 0.095435 +/- 0.00331799 @ 95% credibility (15 tries)
Done in 0.26 min (cpu), 0.26 min (real)
Generate toy 34/250

 -- MarkovChainMC -- 
Limit: r < 0.090267 +/- 0.00162762 @ 95% credibility (15 tries)
Done in 0.24 min (cpu), 0.24 min (real)
Generate toy 35/250

 -- MarkovChainMC -- 
Limit: r < 0.145931 +/- 0.00208821 @ 95% credibility (15 tries)
Done in 0.24 min (cpu), 0.24 min (real)
Generate toy 36/250

 -- MarkovChainMC -- 
Limit: r < 0.0800053 +/- 0.00190319 @ 95% credibility (15 tries)
Done in 0.24 min (cpu), 0.24 min (real)
Generate toy 37/250

 -- MarkovChainMC -- 
Limit: r < 0.0944377 +/- 0.001857 @ 95% credibility (15 tries)
Done in 0.23 min (cpu), 0.23 min (real)
Generate toy 38/250

 -- MarkovChainMC -- 
Limit: r < 0.106108 +/- 0.00257662 @ 95% credibility (15 tries)
Done in 0.24 min (cpu), 0.24 min (real)
Generate toy 39/250

 -- MarkovChainMC -- 
Limit: r < 0.091973 +/- 0.00244691 @ 95% credibility (15 tries)
Done in 0.25 min (cpu), 0.25 min (real)
Generate toy 40/250

 -- MarkovChainMC -- 
Limit: r < 0.0866028 +/- 0.00157915 @ 95% credibility (15 tries)
Done in 0.25 min (cpu), 0.25 min (real)
Generate toy 41/250

 -- MarkovChainMC -- 
Limit: r < 0.191092 +/- 0.0027811 @ 95% credibility (15 tries)
Done in 0.27 min (cpu), 0.28 min (real)
Generate toy 42/250

 -- MarkovChainMC -- 
Limit: r < 0.124244 +/- 0.00219675 @ 95% credibility (15 tries)
Done in 0.24 min (cpu), 0.24 min (real)
Generate toy 43/250

 -- MarkovChainMC -- 
Limit: r < 0.0927034 +/- 0.00122022 @ 95% credibility (15 tries)
Done in 0.24 min (cpu), 0.25 min (real)
Generate toy 44/250

 -- MarkovChainMC -- 
Limit: r < 0.0845095 +/- 0.00221481 @ 95% credibility (15 tries)
Done in 0.25 min (cpu), 0.26 min (real)
Generate toy 45/250

 -- MarkovChainMC -- 
Limit: r < 0.0885262 +/- 0.00149944 @ 95% credibility (15 tries)
Done in 0.23 min (cpu), 0.23 min (real)
Generate toy 46/250

 -- MarkovChainMC -- 
Limit: r < 0.0841864 +/- 0.00204299 @ 95% credibility (15 tries)
Done in 0.24 min (cpu), 0.24 min (real)
Generate toy 47/250

 -- MarkovChainMC -- 
Limit: r < 0.116949 +/- 0.00279794 @ 95% credibility (15 tries)
Done in 0.24 min (cpu), 0.24 min (real)
Generate toy 48/250

 -- MarkovChainMC -- 
Limit: r < 0.0870675 +/- 0.00234225 @ 95% credibility (15 tries)
Done in 0.24 min (cpu), 0.24 min (real)
Generate toy 49/250

 -- MarkovChainMC -- 
Limit: r < 0.160238 +/- 0.00163022 @ 95% credibility (15 tries)
Done in 0.26 min (cpu), 0.26 min (real)
Generate toy 50/250

 -- MarkovChainMC -- 
Limit: r < 0.092264 +/- 0.00182839 @ 95% credibility (15 tries)
Done in 0.25 min (cpu), 0.25 min (real)
Generate toy 51/250

 -- MarkovChainMC -- 
Limit: r < 0.0918473 +/- 0.00238642 @ 95% credibility (15 tries)
Done in 0.25 min (cpu), 0.25 min (real)
Generate toy 52/250

 -- MarkovChainMC -- 
Limit: r < 0.136259 +/- 0.00183035 @ 95% credibility (15 tries)
Done in 0.23 min (cpu), 0.23 min (real)
Generate toy 53/250

 -- MarkovChainMC -- 
Limit: r < 0.0916382 +/- 0.00167959 @ 95% credibility (15 tries)
Done in 0.23 min (cpu), 0.23 min (real)
Generate toy 54/250

 -- MarkovChainMC -- 
Limit: r < 0.0848232 +/- 0.00120604 @ 95% credibility (15 tries)
Done in 0.24 min (cpu), 0.24 min (real)
Generate toy 55/250

 -- MarkovChainMC -- 
Limit: r < 0.0843037 +/- 0.00237469 @ 95% credibility (15 tries)
Done in 0.26 min (cpu), 0.26 min (real)
Generate toy 56/250

 -- MarkovChainMC -- 
Limit: r < 0.12798 +/- 0.00197488 @ 95% credibility (15 tries)
Done in 0.24 min (cpu), 0.24 min (real)
Generate toy 57/250

 -- MarkovChainMC -- 
Limit: r < 0.0908035 +/- 0.00328965 @ 95% credibility (15 tries)
Done in 0.25 min (cpu), 0.25 min (real)
Generate toy 58/250

 -- MarkovChainMC -- 
Limit: r < 0.084903 +/- 0.00178817 @ 95% credibility (15 tries)
Done in 0.25 min (cpu), 0.25 min (real)
Generate toy 59/250

 -- MarkovChainMC -- 
Limit: r < 0.0830781 +/- 0.00115705 @ 95% credibility (15 tries)
Done in 0.25 min (cpu), 0.25 min (real)
Generate toy 60/250

 -- MarkovChainMC -- 
Limit: r < 0.100618 +/- 0.00191527 @ 95% credibility (15 tries)
Done in 0.25 min (cpu), 0.25 min (real)
Generate toy 61/250

 -- MarkovChainMC -- 
Limit: r < 0.0865655 +/- 0.00111315 @ 95% credibility (15 tries)
Done in 0.28 min (cpu), 0.28 min (real)
Generate toy 62/250

 -- MarkovChainMC -- 
Limit: r < 0.0936643 +/- 0.00223684 @ 95% credibility (15 tries)
Done in 0.25 min (cpu), 0.26 min (real)
Generate toy 63/250

 -- MarkovChainMC -- 
Limit: r < 0.0806547 +/- 0.0019651 @ 95% credibility (15 tries)
Done in 0.25 min (cpu), 0.25 min (real)
Generate toy 64/250

 -- MarkovChainMC -- 
Limit: r < 0.0869695 +/- 0.0023257 @ 95% credibility (15 tries)
Done in 0.24 min (cpu), 0.24 min (real)
Generate toy 65/250

 -- MarkovChainMC -- 
Limit: r < 0.190454 +/- 0.00337968 @ 95% credibility (15 tries)
Done in 0.25 min (cpu), 0.26 min (real)
Generate toy 66/250

 -- MarkovChainMC -- 
Limit: r < 0.0984222 +/- 0.00203709 @ 95% credibility (15 tries)
Done in 0.24 min (cpu), 0.24 min (real)
Generate toy 67/250

 -- MarkovChainMC -- 
Limit: r < 0.082378 +/- 0.00292997 @ 95% credibility (15 tries)
Done in 0.25 min (cpu), 0.25 min (real)
Generate toy 68/250

 -- MarkovChainMC -- 
Limit: r < 0.0821947 +/- 0.00177115 @ 95% credibility (15 tries)
Done in 0.24 min (cpu), 0.25 min (real)
Generate toy 69/250

 -- MarkovChainMC -- 
Limit: r < 0.0798468 +/- 0.00261279 @ 95% credibility (15 tries)
Done in 0.26 min (cpu), 0.26 min (real)
Generate toy 70/250

 -- MarkovChainMC -- 
Limit: r < 0.0941327 +/- 0.001834 @ 95% credibility (15 tries)
Done in 0.25 min (cpu), 0.25 min (real)
Generate toy 71/250

 -- MarkovChainMC -- 
Limit: r < 0.224019 +/- 0.00333267 @ 95% credibility (15 tries)
Done in 0.27 min (cpu), 0.27 min (real)
Generate toy 72/250

 -- MarkovChainMC -- 
Limit: r < 0.0974639 +/- 0.00361841 @ 95% credibility (15 tries)
Done in 0.24 min (cpu), 0.25 min (real)
Generate toy 73/250

 -- MarkovChainMC -- 
Limit: r < 0.122119 +/- 0.00144041 @ 95% credibility (15 tries)
Done in 0.26 min (cpu), 0.26 min (real)
Generate toy 74/250

 -- MarkovChainMC -- 
Limit: r < 0.0888268 +/- 0.00217704 @ 95% credibility (15 tries)
Done in 0.24 min (cpu), 0.24 min (real)
Generate toy 75/250

 -- MarkovChainMC -- 
Limit: r < 0.0833872 +/- 0.0022412 @ 95% credibility (15 tries)
Done in 0.23 min (cpu), 0.23 min (real)
Generate toy 76/250

 -- MarkovChainMC -- 
Limit: r < 0.0920056 +/- 0.00229922 @ 95% credibility (15 tries)
Done in 0.24 min (cpu), 0.24 min (real)
Generate toy 77/250

 -- MarkovChainMC -- 
Limit: r < 0.12882 +/- 0.00245858 @ 95% credibility (15 tries)
Done in 0.24 min (cpu), 0.24 min (real)
Generate toy 78/250

 -- MarkovChainMC -- 
Limit: r < 0.0895808 +/- 0.00192363 @ 95% credibility (15 tries)
Done in 0.26 min (cpu), 0.26 min (real)
Generate toy 79/250

 -- MarkovChainMC -- 
Limit: r < 0.106741 +/- 0.0028669 @ 95% credibility (15 tries)
Done in 0.30 min (cpu), 0.30 min (real)
Generate toy 80/250

 -- MarkovChainMC -- 
Limit: r < 0.0830983 +/- 0.00163377 @ 95% credibility (15 tries)
Done in 0.26 min (cpu), 0.27 min (real)
Generate toy 81/250

 -- MarkovChainMC -- 
Limit: r < 0.160209 +/- 0.00180311 @ 95% credibility (15 tries)
Done in 0.26 min (cpu), 0.26 min (real)
Generate toy 82/250

 -- MarkovChainMC -- 
Limit: r < 0.109458 +/- 0.0012994 @ 95% credibility (15 tries)
Done in 0.22 min (cpu), 0.22 min (real)
Generate toy 83/250

 -- MarkovChainMC -- 
Limit: r < 0.0893074 +/- 0.00233077 @ 95% credibility (15 tries)
Done in 0.24 min (cpu), 0.24 min (real)
Generate toy 84/250

 -- MarkovChainMC -- 
Limit: r < 0.14445 +/- 0.00111842 @ 95% credibility (15 tries)
Done in 0.24 min (cpu), 0.24 min (real)
Generate toy 85/250

 -- MarkovChainMC -- 
Limit: r < 0.0961654 +/- 0.00232721 @ 95% credibility (15 tries)
Done in 0.22 min (cpu), 0.23 min (real)
Generate toy 86/250

 -- MarkovChainMC -- 
Limit: r < 0.0984202 +/- 0.00307825 @ 95% credibility (15 tries)
Done in 0.24 min (cpu), 0.24 min (real)
Generate toy 87/250

 -- MarkovChainMC -- 
Limit: r < 0.083316 +/- 0.00189792 @ 95% credibility (15 tries)
Done in 0.23 min (cpu), 0.23 min (real)
Generate toy 88/250

 -- MarkovChainMC -- 
Limit: r < 0.103941 +/- 0.0026433 @ 95% credibility (15 tries)
Done in 0.23 min (cpu), 0.23 min (real)
Generate toy 89/250

 -- MarkovChainMC -- 
Limit: r < 0.0970005 +/- 0.00301001 @ 95% credibility (15 tries)
Done in 0.23 min (cpu), 0.23 min (real)
Generate toy 90/250

 -- MarkovChainMC -- 
Limit: r < 0.0796267 +/- 0.00203497 @ 95% credibility (15 tries)
Done in 0.24 min (cpu), 0.24 min (real)
Generate toy 91/250

 -- MarkovChainMC -- 
Limit: r < 0.0828279 +/- 0.00186056 @ 95% credibility (15 tries)
Done in 0.23 min (cpu), 0.23 min (real)
Generate toy 92/250

 -- MarkovChainMC -- 
Limit: r < 0.105119 +/- 0.0027135 @ 95% credibility (15 tries)
Done in 0.23 min (cpu), 0.23 min (real)
Generate toy 93/250

 -- MarkovChainMC -- 
Limit: r < 0.104391 +/- 0.00109284 @ 95% credibility (15 tries)
Done in 0.23 min (cpu), 0.23 min (real)
Generate toy 94/250

 -- MarkovChainMC -- 
Limit: r < 0.18432 +/- 0.001656 @ 95% credibility (15 tries)
Done in 0.23 min (cpu), 0.23 min (real)
Generate toy 95/250

 -- MarkovChainMC -- 
Limit: r < 0.130423 +/- 0.00114477 @ 95% credibility (15 tries)
Done in 0.23 min (cpu), 0.23 min (real)
Generate toy 96/250

 -- MarkovChainMC -- 
Limit: r < 0.108372 +/- 0.00155835 @ 95% credibility (15 tries)
Done in 0.22 min (cpu), 0.22 min (real)
Generate toy 97/250

 -- MarkovChainMC -- 
Limit: r < 0.0879992 +/- 0.00233619 @ 95% credibility (15 tries)
Done in 0.24 min (cpu), 0.24 min (real)
Generate toy 98/250

 -- MarkovChainMC -- 
Limit: r < 0.0937889 +/- 0.00123361 @ 95% credibility (15 tries)
Done in 0.22 min (cpu), 0.22 min (real)
Generate toy 99/250

 -- MarkovChainMC -- 
Limit: r < 0.106749 +/- 0.00307065 @ 95% credibility (15 tries)
Done in 0.22 min (cpu), 0.22 min (real)
Generate toy 100/250

 -- MarkovChainMC -- 
Limit: r < 0.0877981 +/- 0.0014085 @ 95% credibility (15 tries)
Done in 0.22 min (cpu), 0.22 min (real)
Generate toy 101/250

 -- MarkovChainMC -- 
Limit: r < 0.0839646 +/- 0.00133709 @ 95% credibility (15 tries)
Done in 0.22 min (cpu), 0.22 min (real)
Generate toy 102/250

 -- MarkovChainMC -- 
Limit: r < 0.0916663 +/- 0.00135561 @ 95% credibility (15 tries)
Done in 0.22 min (cpu), 0.23 min (real)
Generate toy 103/250

 -- MarkovChainMC -- 
Limit: r < 0.0838422 +/- 0.00156522 @ 95% credibility (15 tries)
Done in 0.22 min (cpu), 0.22 min (real)
Generate toy 104/250

 -- MarkovChainMC -- 
Limit: r < 0.127987 +/- 0.0031493 @ 95% credibility (15 tries)
Done in 0.22 min (cpu), 0.22 min (real)
Generate toy 105/250

 -- MarkovChainMC -- 
Limit: r < 0.142008 +/- 0.00271219 @ 95% credibility (15 tries)
Done in 0.23 min (cpu), 0.23 min (real)
Generate toy 106/250

 -- MarkovChainMC -- 
Limit: r < 0.117252 +/- 0.00214363 @ 95% credibility (15 tries)
Done in 0.21 min (cpu), 0.22 min (real)
Generate toy 107/250

 -- MarkovChainMC -- 
Limit: r < 0.0991081 +/- 0.00196805 @ 95% credibility (15 tries)
Done in 0.23 min (cpu), 0.24 min (real)
Generate toy 108/250

 -- MarkovChainMC -- 
Limit: r < 0.0929564 +/- 0.00145505 @ 95% credibility (15 tries)
Done in 0.22 min (cpu), 0.23 min (real)
Generate toy 109/250

 -- MarkovChainMC -- 
Limit: r < 0.110151 +/- 0.00252064 @ 95% credibility (15 tries)
Done in 0.22 min (cpu), 0.22 min (real)
Generate toy 110/250

 -- MarkovChainMC -- 
Limit: r < 0.10921 +/- 0.0016026 @ 95% credibility (15 tries)
Done in 0.22 min (cpu), 0.22 min (real)
Generate toy 111/250

 -- MarkovChainMC -- 
Limit: r < 0.0813639 +/- 0.00233949 @ 95% credibility (15 tries)
Done in 0.22 min (cpu), 0.22 min (real)
Generate toy 112/250

 -- MarkovChainMC -- 
Limit: r < 0.108689 +/- 0.00179118 @ 95% credibility (15 tries)
Done in 0.22 min (cpu), 0.22 min (real)
Generate toy 113/250

 -- MarkovChainMC -- 
Limit: r < 0.093608 +/- 0.00281364 @ 95% credibility (15 tries)
Done in 0.22 min (cpu), 0.22 min (real)
Generate toy 114/250

 -- MarkovChainMC -- 
Limit: r < 0.0893873 +/- 0.00218406 @ 95% credibility (15 tries)
Done in 0.21 min (cpu), 0.22 min (real)
Generate toy 115/250

 -- MarkovChainMC -- 
Limit: r < 0.142102 +/- 0.00178735 @ 95% credibility (15 tries)
Done in 0.22 min (cpu), 0.22 min (real)
Generate toy 116/250

 -- MarkovChainMC -- 
Limit: r < 0.0780171 +/- 0.00190568 @ 95% credibility (15 tries)
Done in 0.21 min (cpu), 0.21 min (real)
Generate toy 117/250

 -- MarkovChainMC -- 
Limit: r < 0.0950803 +/- 0.00125314 @ 95% credibility (15 tries)
Done in 0.22 min (cpu), 0.22 min (real)
Generate toy 118/250

 -- MarkovChainMC -- 
Limit: r < 0.106969 +/- 0.00218705 @ 95% credibility (15 tries)
Done in 0.23 min (cpu), 0.23 min (real)
Generate toy 119/250

 -- MarkovChainMC -- 
Limit: r < 0.0857266 +/- 0.00154045 @ 95% credibility (15 tries)
Done in 0.22 min (cpu), 0.22 min (real)
Generate toy 120/250

 -- MarkovChainMC -- 
Limit: r < 0.082871 +/- 0.00174216 @ 95% credibility (15 tries)
Done in 0.21 min (cpu), 0.21 min (real)
Generate toy 121/250

 -- MarkovChainMC -- 
Limit: r < 0.102335 +/- 0.00227614 @ 95% credibility (15 tries)
Done in 0.22 min (cpu), 0.22 min (real)
Generate toy 122/250

 -- MarkovChainMC -- 
Limit: r < 0.103837 +/- 0.00134473 @ 95% credibility (15 tries)
Done in 0.25 min (cpu), 0.25 min (real)
Generate toy 123/250

 -- MarkovChainMC -- 
Limit: r < 0.125971 +/- 0.00254717 @ 95% credibility (15 tries)
Done in 0.23 min (cpu), 0.23 min (real)
Generate toy 124/250

 -- MarkovChainMC -- 
Limit: r < 0.0987881 +/- 0.00190426 @ 95% credibility (15 tries)
Done in 0.23 min (cpu), 0.23 min (real)
Generate toy 125/250

 -- MarkovChainMC -- 
Limit: r < 0.152439 +/- 0.00194999 @ 95% credibility (15 tries)
Done in 0.23 min (cpu), 0.23 min (real)
Generate toy 126/250

 -- MarkovChainMC -- 
Limit: r < 0.0980059 +/- 0.00219871 @ 95% credibility (15 tries)
Done in 0.22 min (cpu), 0.22 min (real)
Generate toy 127/250

 -- MarkovChainMC -- 
Limit: r < 0.0971774 +/- 0.00136175 @ 95% credibility (15 tries)
Done in 0.22 min (cpu), 0.22 min (real)
Generate toy 128/250

 -- MarkovChainMC -- 
Limit: r < 0.0859591 +/- 0.00220772 @ 95% credibility (15 tries)
Done in 0.22 min (cpu), 0.22 min (real)
Generate toy 129/250

 -- MarkovChainMC -- 
Limit: r < 0.101939 +/- 0.00201066 @ 95% credibility (15 tries)
Done in 0.21 min (cpu), 0.22 min (real)
Generate toy 130/250

 -- MarkovChainMC -- 
Limit: r < 0.114404 +/- 0.00189972 @ 95% credibility (15 tries)
Done in 0.22 min (cpu), 0.22 min (real)
Generate toy 131/250

 -- MarkovChainMC -- 
Limit: r < 0.0989334 +/- 0.00146968 @ 95% credibility (15 tries)
Done in 0.22 min (cpu), 0.22 min (real)
Generate toy 132/250

 -- MarkovChainMC -- 
Limit: r < 0.0840311 +/- 0.00312937 @ 95% credibility (15 tries)
Done in 0.22 min (cpu), 0.22 min (real)
Generate toy 133/250

 -- MarkovChainMC -- 
Limit: r < 0.0950842 +/- 0.00190449 @ 95% credibility (15 tries)
Done in 0.22 min (cpu), 0.22 min (real)
Generate toy 134/250

 -- MarkovChainMC -- 
Limit: r < 0.093458 +/- 0.00107686 @ 95% credibility (15 tries)
Done in 0.22 min (cpu), 0.22 min (real)
Generate toy 135/250

 -- MarkovChainMC -- 
Limit: r < 0.107435 +/- 0.00334684 @ 95% credibility (15 tries)
Done in 0.21 min (cpu), 0.22 min (real)
Generate toy 136/250

 -- MarkovChainMC -- 
Limit: r < 0.0837849 +/- 0.00214847 @ 95% credibility (15 tries)
Done in 0.21 min (cpu), 0.21 min (real)
Generate toy 137/250

 -- MarkovChainMC -- 
Limit: r < 0.0972845 +/- 0.00229829 @ 95% credibility (15 tries)
Done in 0.22 min (cpu), 0.22 min (real)
Generate toy 138/250

 -- MarkovChainMC -- 
Limit: r < 0.151924 +/- 0.00298497 @ 95% credibility (15 tries)
Done in 0.23 min (cpu), 0.23 min (real)
Generate toy 139/250

 -- MarkovChainMC -- 
Limit: r < 0.103743 +/- 0.00122164 @ 95% credibility (15 tries)
Done in 0.22 min (cpu), 0.22 min (real)
Generate toy 140/250

 -- MarkovChainMC -- 
Limit: r < 0.0910416 +/- 0.002536 @ 95% credibility (15 tries)
Done in 0.21 min (cpu), 0.22 min (real)
Generate toy 141/250

 -- MarkovChainMC -- 
Limit: r < 0.0918389 +/- 0.00238587 @ 95% credibility (15 tries)
Done in 0.22 min (cpu), 0.22 min (real)
Generate toy 142/250

 -- MarkovChainMC -- 
Limit: r < 0.113379 +/- 0.00160742 @ 95% credibility (15 tries)
Done in 0.22 min (cpu), 0.22 min (real)
Generate toy 143/250

 -- MarkovChainMC -- 
Limit: r < 0.0914731 +/- 0.00218413 @ 95% credibility (15 tries)
Done in 0.24 min (cpu), 0.24 min (real)
Generate toy 144/250

 -- MarkovChainMC -- 
Limit: r < 0.0956724 +/- 0.00296871 @ 95% credibility (15 tries)
Done in 0.22 min (cpu), 0.23 min (real)
Generate toy 145/250

 -- MarkovChainMC -- 
Limit: r < 0.128686 +/- 0.00268115 @ 95% credibility (15 tries)
Done in 0.23 min (cpu), 0.23 min (real)
Generate toy 146/250

 -- MarkovChainMC -- 
Limit: r < 0.0982775 +/- 0.00205629 @ 95% credibility (15 tries)
Done in 0.22 min (cpu), 0.22 min (real)
Generate toy 147/250

 -- MarkovChainMC -- 
Limit: r < 0.106156 +/- 0.00196899 @ 95% credibility (15 tries)
Done in 0.22 min (cpu), 0.22 min (real)
Generate toy 148/250

 -- MarkovChainMC -- 
Limit: r < 0.0913213 +/- 0.00145698 @ 95% credibility (15 tries)
Done in 0.22 min (cpu), 0.22 min (real)
Generate toy 149/250

 -- MarkovChainMC -- 
Limit: r < 0.105485 +/- 0.00317953 @ 95% credibility (15 tries)
Done in 0.23 min (cpu), 0.23 min (real)
Generate toy 150/250

 -- MarkovChainMC -- 
Limit: r < 0.11548 +/- 0.00241102 @ 95% credibility (15 tries)
Done in 0.22 min (cpu), 0.22 min (real)
Generate toy 151/250

 -- MarkovChainMC -- 
Limit: r < 0.105989 +/- 0.00214714 @ 95% credibility (15 tries)
Done in 0.22 min (cpu), 0.22 min (real)
Generate toy 152/250

 -- MarkovChainMC -- 
Limit: r < 0.112203 +/- 0.0044063 @ 95% credibility (15 tries)
Done in 0.25 min (cpu), 0.25 min (real)
Generate toy 153/250

 -- MarkovChainMC -- 
Limit: r < 0.0914441 +/- 0.00120894 @ 95% credibility (15 tries)
Done in 0.26 min (cpu), 0.26 min (real)
Generate toy 154/250

 -- MarkovChainMC -- 
Limit: r < 0.0975878 +/- 0.00140419 @ 95% credibility (15 tries)
Done in 0.28 min (cpu), 0.29 min (real)
Generate toy 155/250

 -- MarkovChainMC -- 
Limit: r < 0.149887 +/- 0.00122023 @ 95% credibility (15 tries)
Done in 0.26 min (cpu), 0.26 min (real)
Generate toy 156/250

 -- MarkovChainMC -- 
Limit: r < 0.0862718 +/- 0.00171387 @ 95% credibility (15 tries)
Done in 0.32 min (cpu), 0.32 min (real)
Generate toy 157/250

 -- MarkovChainMC -- 
Limit: r < 0.0864083 +/- 0.00213074 @ 95% credibility (15 tries)
Done in 0.23 min (cpu), 0.23 min (real)
Generate toy 158/250

 -- MarkovChainMC -- 
Limit: r < 0.0878972 +/- 0.000762935 @ 95% credibility (15 tries)
Done in 0.23 min (cpu), 0.23 min (real)
Generate toy 159/250

 -- MarkovChainMC -- 
Limit: r < 0.106572 +/- 0.00219279 @ 95% credibility (15 tries)
Done in 0.22 min (cpu), 0.22 min (real)
Generate toy 160/250

 -- MarkovChainMC -- 
Limit: r < 0.0999503 +/- 0.00257751 @ 95% credibility (15 tries)
Done in 0.22 min (cpu), 0.22 min (real)
Generate toy 161/250

 -- MarkovChainMC -- 
Limit: r < 0.0917584 +/- 0.0013857 @ 95% credibility (15 tries)
Done in 0.27 min (cpu), 0.27 min (real)
Generate toy 162/250

 -- MarkovChainMC -- 
Limit: r < 0.0762866 +/- 0.00170699 @ 95% credibility (15 tries)
Done in 0.22 min (cpu), 0.22 min (real)
Generate toy 163/250

 -- MarkovChainMC -- 
Limit: r < 0.10114 +/- 0.00198214 @ 95% credibility (15 tries)
Done in 0.22 min (cpu), 0.22 min (real)
Generate toy 164/250

 -- MarkovChainMC -- 
Limit: r < 0.0991638 +/- 0.0017224 @ 95% credibility (15 tries)
Done in 0.22 min (cpu), 0.22 min (real)
Generate toy 165/250

 -- MarkovChainMC -- 
Limit: r < 0.110491 +/- 0.00167087 @ 95% credibility (15 tries)
Done in 0.24 min (cpu), 0.24 min (real)
Generate toy 166/250

 -- MarkovChainMC -- 
Limit: r < 0.0867513 +/- 0.00201622 @ 95% credibility (15 tries)
Done in 0.22 min (cpu), 0.22 min (real)
Generate toy 167/250

 -- MarkovChainMC -- 
Limit: r < 0.171592 +/- 0.0016288 @ 95% credibility (15 tries)
Done in 0.25 min (cpu), 0.25 min (real)
Generate toy 168/250

 -- MarkovChainMC -- 
Limit: r < 0.109488 +/- 0.0016973 @ 95% credibility (15 tries)
Done in 0.25 min (cpu), 0.25 min (real)
Generate toy 169/250

 -- MarkovChainMC -- 
Limit: r < 0.107947 +/- 0.00188861 @ 95% credibility (15 tries)
Done in 0.24 min (cpu), 0.24 min (real)
Generate toy 170/250

 -- MarkovChainMC -- 
Limit: r < 0.140305 +/- 0.00174708 @ 95% credibility (15 tries)
Done in 0.25 min (cpu), 0.25 min (real)
Generate toy 171/250

 -- MarkovChainMC -- 
Limit: r < 0.104179 +/- 0.0011811 @ 95% credibility (15 tries)
Done in 0.22 min (cpu), 0.22 min (real)
Generate toy 172/250

 -- MarkovChainMC -- 
Limit: r < 0.0987149 +/- 0.00126384 @ 95% credibility (15 tries)
Done in 0.23 min (cpu), 0.23 min (real)
Generate toy 173/250

 -- MarkovChainMC -- 
Limit: r < 0.0896289 +/- 0.00216295 @ 95% credibility (15 tries)
Done in 0.25 min (cpu), 0.25 min (real)
Generate toy 174/250

 -- MarkovChainMC -- 
Limit: r < 0.116406 +/- 0.00192656 @ 95% credibility (15 tries)
Done in 0.23 min (cpu), 0.23 min (real)
Generate toy 175/250

 -- MarkovChainMC -- 
Limit: r < 0.115437 +/- 0.00204984 @ 95% credibility (15 tries)
Done in 0.22 min (cpu), 0.22 min (real)
Generate toy 176/250

 -- MarkovChainMC -- 
Limit: r < 0.0934194 +/- 0.00127432 @ 95% credibility (15 tries)
Done in 0.22 min (cpu), 0.22 min (real)
Generate toy 177/250

 -- MarkovChainMC -- 
Limit: r < 0.102518 +/- 0.00231643 @ 95% credibility (15 tries)
Done in 0.21 min (cpu), 0.22 min (real)
Generate toy 178/250

 -- MarkovChainMC -- 
Limit: r < 0.0883664 +/- 0.00239009 @ 95% credibility (15 tries)
Done in 0.22 min (cpu), 0.22 min (real)
Generate toy 179/250

 -- MarkovChainMC -- 
Limit: r < 0.0932051 +/- 0.000995125 @ 95% credibility (15 tries)
Done in 0.23 min (cpu), 0.23 min (real)
Generate toy 180/250

 -- MarkovChainMC -- 
Limit: r < 0.101324 +/- 0.00234419 @ 95% credibility (15 tries)
Done in 0.25 min (cpu), 0.25 min (real)
Generate toy 181/250

 -- MarkovChainMC -- 
Limit: r < 0.0911145 +/- 0.00196402 @ 95% credibility (15 tries)
Done in 0.24 min (cpu), 0.24 min (real)
Generate toy 182/250

 -- MarkovChainMC -- 
Limit: r < 0.0981397 +/- 0.00266896 @ 95% credibility (15 tries)
Done in 0.23 min (cpu), 0.23 min (real)
Generate toy 183/250

 -- MarkovChainMC -- 
Limit: r < 0.0934997 +/- 0.00225987 @ 95% credibility (15 tries)
Done in 0.22 min (cpu), 0.22 min (real)
Generate toy 184/250

 -- MarkovChainMC -- 
Limit: r < 0.104468 +/- 0.00226627 @ 95% credibility (15 tries)
Done in 0.22 min (cpu), 0.22 min (real)
Generate toy 185/250

 -- MarkovChainMC -- 
Limit: r < 0.0845145 +/- 0.00207633 @ 95% credibility (15 tries)
Done in 0.25 min (cpu), 0.25 min (real)
Generate toy 186/250

 -- MarkovChainMC -- 
Limit: r < 0.0867207 +/- 0.00234207 @ 95% credibility (15 tries)
Done in 0.23 min (cpu), 0.23 min (real)
Generate toy 187/250

 -- MarkovChainMC -- 
Limit: r < 0.0877614 +/- 0.00116212 @ 95% credibility (15 tries)
Done in 0.24 min (cpu), 0.24 min (real)
Generate toy 188/250

 -- MarkovChainMC -- 
Limit: r < 0.109718 +/- 0.00172358 @ 95% credibility (15 tries)
Done in 0.24 min (cpu), 0.24 min (real)
Generate toy 189/250

 -- MarkovChainMC -- 
Limit: r < 0.0795566 +/- 0.00236227 @ 95% credibility (15 tries)
Done in 0.24 min (cpu), 0.24 min (real)
Generate toy 190/250

 -- MarkovChainMC -- 
Limit: r < 0.0915218 +/- 0.00203159 @ 95% credibility (15 tries)
Done in 0.22 min (cpu), 0.22 min (real)
Generate toy 191/250

 -- MarkovChainMC -- 
Limit: r < 0.0848387 +/- 0.00237858 @ 95% credibility (15 tries)
Done in 0.26 min (cpu), 0.27 min (real)
Generate toy 192/250

 -- MarkovChainMC -- 
Limit: r < 0.118718 +/- 0.00194929 @ 95% credibility (15 tries)
Done in 0.22 min (cpu), 0.22 min (real)
Generate toy 193/250

 -- MarkovChainMC -- 
Limit: r < 0.130932 +/- 0.00229662 @ 95% credibility (15 tries)
Done in 0.23 min (cpu), 0.23 min (real)
Generate toy 194/250

 -- MarkovChainMC -- 
Limit: r < 0.0957134 +/- 0.00235644 @ 95% credibility (15 tries)
Done in 0.22 min (cpu), 0.22 min (real)
Generate toy 195/250

 -- MarkovChainMC -- 
Limit: r < 0.107129 +/- 0.00181531 @ 95% credibility (15 tries)
Done in 0.23 min (cpu), 0.23 min (real)
Generate toy 196/250

 -- MarkovChainMC -- 
Limit: r < 0.108566 +/- 0.00205677 @ 95% credibility (15 tries)
Done in 0.22 min (cpu), 0.22 min (real)
Generate toy 197/250

 -- MarkovChainMC -- 
Limit: r < 0.125358 +/- 0.00295777 @ 95% credibility (15 tries)
Done in 0.24 min (cpu), 0.24 min (real)
Generate toy 198/250

 -- MarkovChainMC -- 
Limit: r < 0.0934184 +/- 0.00145928 @ 95% credibility (15 tries)
Done in 0.22 min (cpu), 0.22 min (real)
Generate toy 199/250

 -- MarkovChainMC -- 
Limit: r < 0.0941614 +/- 0.00148054 @ 95% credibility (15 tries)
Done in 0.22 min (cpu), 0.22 min (real)
Generate toy 200/250

 -- MarkovChainMC -- 
Limit: r < 0.11765 +/- 0.00285761 @ 95% credibility (15 tries)
Done in 0.22 min (cpu), 0.22 min (real)
Generate toy 201/250

 -- MarkovChainMC -- 
Limit: r < 0.205494 +/- 0.00282501 @ 95% credibility (15 tries)
Done in 0.23 min (cpu), 0.23 min (real)
Generate toy 202/250

 -- MarkovChainMC -- 
Limit: r < 0.136596 +/- 0.00377454 @ 95% credibility (15 tries)
Done in 0.22 min (cpu), 0.22 min (real)
Generate toy 203/250

 -- MarkovChainMC -- 
Limit: r < 0.0962444 +/- 0.00228294 @ 95% credibility (15 tries)
Done in 0.23 min (cpu), 0.23 min (real)
Generate toy 204/250

 -- MarkovChainMC -- 
Limit: r < 0.0794827 +/- 0.00225118 @ 95% credibility (15 tries)
Done in 0.23 min (cpu), 0.24 min (real)
Generate toy 205/250

 -- MarkovChainMC -- 
Limit: r < 0.137468 +/- 0.0013912 @ 95% credibility (15 tries)
Done in 0.22 min (cpu), 0.22 min (real)
Generate toy 206/250

 -- MarkovChainMC -- 
Limit: r < 0.130011 +/- 0.0026344 @ 95% credibility (15 tries)
Done in 0.25 min (cpu), 0.25 min (real)
Generate toy 207/250

 -- MarkovChainMC -- 
Limit: r < 0.0984726 +/- 0.00204641 @ 95% credibility (15 tries)
Done in 0.24 min (cpu), 0.24 min (real)
Generate toy 208/250

 -- MarkovChainMC -- 
Limit: r < 0.150032 +/- 0.00204323 @ 95% credibility (15 tries)
Done in 0.22 min (cpu), 0.22 min (real)
Generate toy 209/250

 -- MarkovChainMC -- 
Limit: r < 0.0897818 +/- 0.00192002 @ 95% credibility (15 tries)
Done in 0.23 min (cpu), 0.23 min (real)
Generate toy 210/250

 -- MarkovChainMC -- 
Limit: r < 0.137802 +/- 0.00141806 @ 95% credibility (15 tries)
Done in 0.23 min (cpu), 0.23 min (real)
Generate toy 211/250

 -- MarkovChainMC -- 
Limit: r < 0.0959279 +/- 0.00246051 @ 95% credibility (15 tries)
Done in 0.25 min (cpu), 0.25 min (real)
Generate toy 212/250

 -- MarkovChainMC -- 
Limit: r < 0.0821221 +/- 0.000941624 @ 95% credibility (15 tries)
Done in 0.25 min (cpu), 0.25 min (real)
Generate toy 213/250

 -- MarkovChainMC -- 
Limit: r < 0.0891695 +/- 0.00164218 @ 95% credibility (15 tries)
Done in 0.22 min (cpu), 0.22 min (real)
Generate toy 214/250

 -- MarkovChainMC -- 
Limit: r < 0.0829227 +/- 0.00149584 @ 95% credibility (15 tries)
Done in 0.24 min (cpu), 0.24 min (real)
Generate toy 215/250

 -- MarkovChainMC -- 
Limit: r < 0.0952083 +/- 0.00266253 @ 95% credibility (15 tries)
Done in 0.26 min (cpu), 0.26 min (real)
Generate toy 216/250

 -- MarkovChainMC -- 
Limit: r < 0.100087 +/- 0.000700763 @ 95% credibility (15 tries)
Done in 0.22 min (cpu), 0.22 min (real)
Generate toy 217/250

 -- MarkovChainMC -- 
Limit: r < 0.0846813 +/- 0.00258948 @ 95% credibility (15 tries)
Done in 0.25 min (cpu), 0.26 min (real)
Generate toy 218/250

 -- MarkovChainMC -- 
Limit: r < 0.083918 +/- 0.000881962 @ 95% credibility (15 tries)
Done in 0.23 min (cpu), 0.24 min (real)
Generate toy 219/250

 -- MarkovChainMC -- 
Limit: r < 0.114814 +/- 0.00294324 @ 95% credibility (15 tries)
Done in 0.23 min (cpu), 0.23 min (real)
Generate toy 220/250

 -- MarkovChainMC -- 
Limit: r < 0.122395 +/- 0.00145715 @ 95% credibility (15 tries)
Done in 0.23 min (cpu), 0.23 min (real)
Generate toy 221/250

 -- MarkovChainMC -- 
Limit: r < 0.129705 +/- 0.00155603 @ 95% credibility (15 tries)
Done in 0.22 min (cpu), 0.22 min (real)
Generate toy 222/250

 -- MarkovChainMC -- 
Limit: r < 0.0867694 +/- 0.00104882 @ 95% credibility (15 tries)
Done in 0.22 min (cpu), 0.22 min (real)
Generate toy 223/250

 -- MarkovChainMC -- 
Limit: r < 0.111627 +/- 0.00150139 @ 95% credibility (15 tries)
Done in 0.22 min (cpu), 0.22 min (real)
Generate toy 224/250

 -- MarkovChainMC -- 
Limit: r < 0.13957 +/- 0.00251047 @ 95% credibility (15 tries)
Done in 0.24 min (cpu), 0.24 min (real)
Generate toy 225/250

 -- MarkovChainMC -- 
Limit: r < 0.097511 +/- 0.00143156 @ 95% credibility (15 tries)
Done in 0.23 min (cpu), 0.23 min (real)
Generate toy 226/250

 -- MarkovChainMC -- 
Limit: r < 0.100785 +/- 0.00112101 @ 95% credibility (15 tries)
Done in 0.25 min (cpu), 0.25 min (real)
Generate toy 227/250

 -- MarkovChainMC -- 
Limit: r < 0.087411 +/- 0.00147572 @ 95% credibility (15 tries)
Done in 0.23 min (cpu), 0.23 min (real)
Generate toy 228/250

 -- MarkovChainMC -- 
Limit: r < 0.102528 +/- 0.00107868 @ 95% credibility (15 tries)
Done in 0.22 min (cpu), 0.23 min (real)
Generate toy 229/250

 -- MarkovChainMC -- 
Limit: r < 0.121874 +/- 0.00328838 @ 95% credibility (15 tries)
Done in 0.22 min (cpu), 0.22 min (real)
Generate toy 230/250

 -- MarkovChainMC -- 
Limit: r < 0.0977553 +/- 0.00127785 @ 95% credibility (15 tries)
Done in 0.22 min (cpu), 0.22 min (real)
Generate toy 231/250

 -- MarkovChainMC -- 
Limit: r < 0.160117 +/- 0.00122141 @ 95% credibility (15 tries)
Done in 0.23 min (cpu), 0.23 min (real)
Generate toy 232/250

 -- MarkovChainMC -- 
Limit: r < 0.101673 +/- 0.00223397 @ 95% credibility (15 tries)
Done in 0.22 min (cpu), 0.22 min (real)
Generate toy 233/250

 -- MarkovChainMC -- 
Limit: r < 0.157769 +/- 0.00253727 @ 95% credibility (15 tries)
Done in 0.23 min (cpu), 0.23 min (real)
Generate toy 234/250

 -- MarkovChainMC -- 
Limit: r < 0.0822665 +/- 0.00222144 @ 95% credibility (15 tries)
Done in 0.23 min (cpu), 0.23 min (real)
Generate toy 235/250

 -- MarkovChainMC -- 
Limit: r < 0.100893 +/- 0.00182141 @ 95% credibility (15 tries)
Done in 0.22 min (cpu), 0.22 min (real)
Generate toy 236/250

 -- MarkovChainMC -- 
Limit: r < 0.0862109 +/- 0.00164172 @ 95% credibility (15 tries)
Done in 0.23 min (cpu), 0.23 min (real)
Generate toy 237/250

 -- MarkovChainMC -- 
Limit: r < 0.129802 +/- 0.00216489 @ 95% credibility (15 tries)
Done in 0.23 min (cpu), 0.23 min (real)
Generate toy 238/250

 -- MarkovChainMC -- 
Limit: r < 0.123031 +/- 0.00121045 @ 95% credibility (15 tries)
Done in 0.23 min (cpu), 0.23 min (real)
Generate toy 239/250

 -- MarkovChainMC -- 
Limit: r < 0.0997172 +/- 0.00266686 @ 95% credibility (15 tries)
Done in 0.23 min (cpu), 0.23 min (real)
Generate toy 240/250

 -- MarkovChainMC -- 
Limit: r < 0.0836368 +/- 0.00256426 @ 95% credibility (15 tries)
Done in 0.25 min (cpu), 0.25 min (real)
Generate toy 241/250

 -- MarkovChainMC -- 
Limit: r < 0.0980986 +/- 0.0015985 @ 95% credibility (15 tries)
Done in 0.26 min (cpu), 0.26 min (real)
Generate toy 242/250

 -- MarkovChainMC -- 
Limit: r < 0.099126 +/- 0.00191568 @ 95% credibility (15 tries)
Done in 0.23 min (cpu), 0.23 min (real)
Generate toy 243/250

 -- MarkovChainMC -- 
Limit: r < 0.108684 +/- 0.00315529 @ 95% credibility (15 tries)
Done in 0.26 min (cpu), 0.26 min (real)
Generate toy 244/250

 -- MarkovChainMC -- 
Limit: r < 0.147534 +/- 0.00152957 @ 95% credibility (15 tries)
Done in 0.24 min (cpu), 0.24 min (real)
Generate toy 245/250

 -- MarkovChainMC -- 
Limit: r < 0.141491 +/- 0.00401164 @ 95% credibility (15 tries)
Done in 0.25 min (cpu), 0.25 min (real)
Generate toy 246/250

 -- MarkovChainMC -- 
Limit: r < 0.0956436 +/- 0.00179552 @ 95% credibility (15 tries)
Done in 0.23 min (cpu), 0.23 min (real)
Generate toy 247/250

 -- MarkovChainMC -- 
Limit: r < 0.0855604 +/- 0.00137229 @ 95% credibility (15 tries)
Done in 0.25 min (cpu), 0.25 min (real)
Generate toy 248/250

 -- MarkovChainMC -- 
Limit: r < 0.102379 +/- 0.00251893 @ 95% credibility (15 tries)
Done in 0.22 min (cpu), 0.23 min (real)
Generate toy 249/250

 -- MarkovChainMC -- 
Limit: r < 0.0973087 +/- 0.00183618 @ 95% credibility (15 tries)
Done in 0.25 min (cpu), 0.25 min (real)
Generate toy 250/250

 -- MarkovChainMC -- 
Limit: r < 0.0928017 +/- 0.00161113 @ 95% credibility (15 tries)
Done in 0.22 min (cpu), 0.22 min (real)
mean   expected limit: r < 0.105303 +/- 0.00151043 @ 95%CL (250 toyMC)
median expected limit: r < 0.0981191 @ 95%CL (250 toyMC)
   68% expected band : 0.0862109 < r < 0.127987
   95% expected band : 0.0800053 < r < 0.171592
