 <<< Combine >>> 
 <<< v10.0.2 >>>
>>> Used OpenSSL to get a truly random seed -907679762
>>> Method used is MarkovChainMC
============================================================
Analyzing bin errors for: prop_binmuon22
Poisson cut-off: 10
Processes excluded for sums: Wprime4600_kR3
============================================================
Bin        Contents        Error           Notes                         
0          5490.554170     14.389619       total sum                     
0          5489.009974     14.389572       excluding marked processes    
0          145510.000000   381.457730      Unweighted events, alpha=0.037733
  => Total parameter prop_binmuon22_bin0[0.00,-7.00,7.00] to be Gaussian constrained
------------------------------------------------------------
1          2092.859857     7.507900        total sum                     
1          2091.469679     7.507819        excluding marked processes    
1          77602.000000    278.571355      Unweighted events, alpha=0.026969
  => Total parameter prop_binmuon22_bin1[0.00,-7.00,7.00] to be Gaussian constrained
------------------------------------------------------------
2          926.542479      5.743348        total sum                     
2          925.287269      5.743251        excluding marked processes    
2          25956.000000    161.108659      Unweighted events, alpha=0.035697
  => Total parameter prop_binmuon22_bin2[0.00,-7.00,7.00] to be Gaussian constrained
------------------------------------------------------------
3          463.832045      3.622221        total sum                     
3          462.717279      3.622082        excluding marked processes    
3          16320.000000    127.749755      Unweighted events, alpha=0.028421
  => Total parameter prop_binmuon22_bin3[0.00,-7.00,7.00] to be Gaussian constrained
------------------------------------------------------------
4          241.219736      1.534096        total sum                     
4          240.228093      1.533810        excluding marked processes    
4          24530.000000    156.620561      Unweighted events, alpha=0.009834
  => Total parameter prop_binmuon22_bin4[0.00,-7.00,7.00] to be Gaussian constrained
------------------------------------------------------------
5          140.051829      1.743145        total sum                     
5          139.121722      1.742909        excluding marked processes    
5          6371.000000     79.818544       Unweighted events, alpha=0.021983
  => Total parameter prop_binmuon22_bin5[0.00,-7.00,7.00] to be Gaussian constrained
------------------------------------------------------------
6          134.409743      1.065316        total sum                     
6          132.798509      1.064641        excluding marked processes    
6          15559.000000    124.735721      Unweighted events, alpha=0.008639
  => Total parameter prop_binmuon22_bin6[0.00,-7.00,7.00] to be Gaussian constrained
------------------------------------------------------------
7          53.164651       0.722413        total sum                     
7          51.876344       0.721630        excluding marked processes    
7          5168.000000     71.888803       Unweighted events, alpha=0.010287
  => Total parameter prop_binmuon22_bin7[0.00,-7.00,7.00] to be Gaussian constrained
------------------------------------------------------------
8          30.789839       0.470219        total sum                     
8          29.337675       0.468872        excluding marked processes    
8          3915.000000     62.569961       Unweighted events, alpha=0.007865
  => Total parameter prop_binmuon22_bin8[0.00,-7.00,7.00] to be Gaussian constrained
------------------------------------------------------------
9          11.106204       0.336054        total sum                     
9          9.941359        0.334523        excluding marked processes    
9          883.000000      29.715316       Unweighted events, alpha=0.012578
  => Total parameter prop_binmuon22_bin9[0.00,-7.00,7.00] to be Gaussian constrained
------------------------------------------------------------
10         5.330650        0.110390        total sum                     
10         4.165375        0.105525        excluding marked processes    
10         1558.000000     39.471509       Unweighted events, alpha=0.003421
  => Total parameter prop_binmuon22_bin10[0.00,-7.00,7.00] to be Gaussian constrained
------------------------------------------------------------
11         2.970548        0.220625        total sum                     
11         1.762132        0.218174        excluding marked processes    
11         65.000000       8.062258        Unweighted events, alpha=0.045701
  => Total parameter prop_binmuon22_bin11[0.00,-7.00,7.00] to be Gaussian constrained
------------------------------------------------------------
12         1.137812        0.027556        total sum                     
12         0.276349        0.001778        excluding marked processes    
12         24153.000000    155.412355      Unweighted events, alpha=0.000047
  => Total parameter prop_binmuon22_bin12[0.00,-7.00,7.00] to be Gaussian constrained
------------------------------------------------------------
13         0.989794        0.028321        total sum                     
13         0.085750        0.001214        excluding marked processes    
13         4991.000000     70.647010       Unweighted events, alpha=0.000198
  => Total parameter prop_binmuon22_bin13[0.00,-7.00,7.00] to be Gaussian constrained
------------------------------------------------------------
14         0.092670        0.008827        total sum                     
14         0.007105        0.001511        excluding marked processes    
14         22.000000       4.690416        Unweighted events, alpha=0.004212
  => Total parameter prop_binmuon22_bin14[0.00,-7.00,7.00] to be Gaussian constrained
------------------------------------------------------------
15         0.007777        0.002320        total sum                     
15         0.001078        0.000054        excluding marked processes    
15         404.000000      20.099751       Unweighted events, alpha=0.000019
  => Total parameter prop_binmuon22_bin15[0.00,-7.00,7.00] to be Gaussian constrained
------------------------------------------------------------
============================================================
Analyzing bin errors for: prop_binmuon23
Poisson cut-off: 10
Processes excluded for sums: Wprime4600_kR3
============================================================
Bin        Contents        Error           Notes                         
0          4246.906729     16.603230       total sum                     
0          4245.728997     16.603213       excluding marked processes    
0          65391.000000    255.716640      Unweighted events, alpha=0.064946
  => Total parameter prop_binmuon23_bin0[0.00,-7.00,7.00] to be Gaussian constrained
------------------------------------------------------------
1          1622.180141     7.828087        total sum                     
1          1621.101079     7.828053        excluding marked processes    
1          42886.000000    207.089353      Unweighted events, alpha=0.037825
  => Total parameter prop_binmuon23_bin1[0.00,-7.00,7.00] to be Gaussian constrained
------------------------------------------------------------
2          722.365660      4.795564        total sum                     
2          721.396648      4.795515        excluding marked processes    
2          22630.000000    150.432709      Unweighted events, alpha=0.031921
  => Total parameter prop_binmuon23_bin2[0.00,-7.00,7.00] to be Gaussian constrained
------------------------------------------------------------
3          360.153939      3.009425        total sum                     
3          359.285774      3.009355        excluding marked processes    
3          14254.000000    119.390117      Unweighted events, alpha=0.025267
  => Total parameter prop_binmuon23_bin3[0.00,-7.00,7.00] to be Gaussian constrained
------------------------------------------------------------
4          191.977563      3.360934        total sum                     
4          191.190097      3.360877        excluding marked processes    
4          3236.000000     56.885851       Unweighted events, alpha=0.059326
  => Total parameter prop_binmuon23_bin4[0.00,-7.00,7.00] to be Gaussian constrained
------------------------------------------------------------
5          112.944571      1.192262        total sum                     
5          112.217111      1.192110        excluding marked processes    
5          8861.000000     94.132885       Unweighted events, alpha=0.012746
  => Total parameter prop_binmuon23_bin5[0.00,-7.00,7.00] to be Gaussian constrained
------------------------------------------------------------
6          108.412304      1.524286        total sum                     
6          107.129583      1.524073        excluding marked processes    
6          4941.000000     70.292247       Unweighted events, alpha=0.021941
  => Total parameter prop_binmuon23_bin6[0.00,-7.00,7.00] to be Gaussian constrained
------------------------------------------------------------
7          42.173536       0.658334        total sum                     
7          41.104515       0.657922        excluding marked processes    
7          3903.000000     62.473995       Unweighted events, alpha=0.010805
  => Total parameter prop_binmuon23_bin7[0.00,-7.00,7.00] to be Gaussian constrained
------------------------------------------------------------
8          24.668925       0.587576        total sum                     
8          23.449391       0.587056        excluding marked processes    
8          1596.000000     39.949969       Unweighted events, alpha=0.015457
  => Total parameter prop_binmuon23_bin8[0.00,-7.00,7.00] to be Gaussian constrained
------------------------------------------------------------
9          9.304244        0.395158        total sum                     
9          8.355840        0.394559        excluding marked processes    
9          448.000000      21.166010       Unweighted events, alpha=0.020768
  => Total parameter prop_binmuon23_bin9[0.00,-7.00,7.00] to be Gaussian constrained
------------------------------------------------------------
10         4.473820        0.252833        total sum                     
10         3.506378        0.251887        excluding marked processes    
10         194.000000      13.928388       Unweighted events, alpha=0.023061
  => Total parameter prop_binmuon23_bin10[0.00,-7.00,7.00] to be Gaussian constrained
------------------------------------------------------------
11         2.349510        0.181514        total sum                     
11         1.363219        0.180174        excluding marked processes    
11         57.000000       7.549834        Unweighted events, alpha=0.041219
  => Total parameter prop_binmuon23_bin11[0.00,-7.00,7.00] to be Gaussian constrained
------------------------------------------------------------
12         1.239220        0.289683        total sum                     
12         0.530791        0.289065        excluding marked processes    
12         3.000000        1.732051        Unweighted events, alpha=0.413073
  => Number of weighted events is below Poisson threshold
    Wprime4600_kR3       0.708429        0.018910                                      
                         1403.000000     37.456642       Unweighted events, alpha=0.000505
      => Parameter prop_binmuon23_bin12_Wprime4600_kR3[0.00,-7.00,7.00] to be Gaussian constrained
  ----------------------------------------------------------
    W_boson              0.216692        0.001181                                      
                         33653.000000    183.447540      Unweighted events, alpha=0.000006
      => Parameter prop_binmuon23_bin12_W_boson[0.00,-7.00,7.00] to be Gaussian constrained
  ----------------------------------------------------------
    Top                  0.000000        0.000000                                      
      => Error is zero, ignore      
  ----------------------------------------------------------
    Z_boson              0.004094        0.000500                                      
                         67.000000       8.185353        Unweighted events, alpha=0.000061
      => Parameter prop_binmuon23_bin12_Z_boson[0.00,-7.00,7.00] to be Gaussian constrained
  ----------------------------------------------------------
    DiBoson              0.288910        0.288561                                      
                         1.000000        1.000000        Unweighted events, alpha=0.288910
      => Product of prop_binmuon23_bin12_DiBoson[1.00,0.00,30.85] and const [1.0000] to be Poisson constrained
  ----------------------------------------------------------
    QCD                  0.021095        0.017013                                      
                         2.000000        1.414214        Unweighted events, alpha=0.010547
      => Product of prop_binmuon23_bin12_QCD[2.00,0.00,33.79] and const [0.5000] to be Poisson constrained
  ----------------------------------------------------------
------------------------------------------------------------
13         0.794388        0.018997        total sum                     
13         0.067145        0.000584        excluding marked processes    
13         13239.000000    115.060853      Unweighted events, alpha=0.000060
  => Total parameter prop_binmuon23_bin13[0.00,-7.00,7.00] to be Gaussian constrained
------------------------------------------------------------
14         0.070258        0.005824        total sum                     
14         0.003967        0.000043        excluding marked processes    
14         8482.000000     92.097774       Unweighted events, alpha=0.000008
  => Total parameter prop_binmuon23_bin14[0.00,-7.00,7.00] to be Gaussian constrained
------------------------------------------------------------
15         0.017094        0.004557        total sum                     
15         0.005625        0.003835        excluding marked processes    
15         2.000000        1.414214        Unweighted events, alpha=0.008547
  => Number of weighted events is below Poisson threshold
    Wprime4600_kR3       0.011469        0.002463                                      
                         22.000000       4.690416        Unweighted events, alpha=0.000521
      => Parameter prop_binmuon23_bin15_Wprime4600_kR3[0.00,-7.00,7.00] to be Gaussian constrained
  ----------------------------------------------------------
    W_boson              0.000849        0.000021                                      
                         1670.000000     40.865633       Unweighted events, alpha=0.000001
      => Parameter prop_binmuon23_bin15_W_boson[0.00,-7.00,7.00] to be Gaussian constrained
  ----------------------------------------------------------
    Top                  0.000000        0.000000                                      
      => Error is zero, ignore      
  ----------------------------------------------------------
    Z_boson              0.000011        0.000003                                      
                         16.000000       4.000000        Unweighted events, alpha=0.000001
      => Parameter prop_binmuon23_bin15_Z_boson[0.00,-7.00,7.00] to be Gaussian constrained
  ----------------------------------------------------------
    DiBoson              0.000000        0.000000                                      
      => Error is zero, ignore      
  ----------------------------------------------------------
    QCD                  0.004765        0.003834                                      
                         2.000000        1.414214        Unweighted events, alpha=0.002383
      => Product of prop_binmuon23_bin15_QCD[2.00,0.00,33.79] and const [0.5000] to be Poisson constrained
  ----------------------------------------------------------
------------------------------------------------------------
Channel muon22 will use autoMCStats with settings: event-threshold=10, include-signal=0, hist-mode=1
Channel muon23 will use autoMCStats with settings: event-threshold=10, include-signal=0, hist-mode=1
Generate toy 1/250

 -- MarkovChainMC -- 
Limit: r < 1.34788 +/- 0.016041 @ 95% credibility (15 tries)
Done in 0.24 min (cpu), 0.25 min (real)
Generate toy 2/250

 -- MarkovChainMC -- 
Limit: r < 0.535284 +/- 0.0120468 @ 95% credibility (15 tries)
Done in 0.23 min (cpu), 0.23 min (real)
Generate toy 3/250

 -- MarkovChainMC -- 
Limit: r < 0.892824 +/- 0.016873 @ 95% credibility (15 tries)
Done in 0.22 min (cpu), 0.22 min (real)
Generate toy 4/250

 -- MarkovChainMC -- 
Limit: r < 1.14933 +/- 0.0125197 @ 95% credibility (15 tries)
Done in 0.23 min (cpu), 0.23 min (real)
Generate toy 5/250

 -- MarkovChainMC -- 
Limit: r < 0.474692 +/- 0.00701029 @ 95% credibility (15 tries)
Done in 0.27 min (cpu), 0.27 min (real)
Generate toy 6/250

 -- MarkovChainMC -- 
Limit: r < 0.7545 +/- 0.00902817 @ 95% credibility (15 tries)
Done in 0.23 min (cpu), 0.23 min (real)
Generate toy 7/250

 -- MarkovChainMC -- 
Limit: r < 1.22062 +/- 0.0222283 @ 95% credibility (15 tries)
Done in 0.24 min (cpu), 0.25 min (real)
Generate toy 8/250

 -- MarkovChainMC -- 
Limit: r < 0.765251 +/- 0.0121722 @ 95% credibility (15 tries)
Done in 0.23 min (cpu), 0.23 min (real)
Generate toy 9/250

 -- MarkovChainMC -- 
Limit: r < 0.73842 +/- 0.0113909 @ 95% credibility (15 tries)
Done in 0.31 min (cpu), 0.31 min (real)
Generate toy 10/250

 -- MarkovChainMC -- 
Limit: r < 0.928352 +/- 0.0069527 @ 95% credibility (15 tries)
Done in 0.34 min (cpu), 0.34 min (real)
Generate toy 11/250

 -- MarkovChainMC -- 
Limit: r < 0.622894 +/- 0.00430656 @ 95% credibility (15 tries)
Done in 0.22 min (cpu), 0.22 min (real)
Generate toy 12/250

 -- MarkovChainMC -- 
Limit: r < 0.588661 +/- 0.00899354 @ 95% credibility (15 tries)
Done in 0.29 min (cpu), 0.30 min (real)
Generate toy 13/250

 -- MarkovChainMC -- 
Limit: r < 0.895956 +/- 0.0103751 @ 95% credibility (15 tries)
Done in 0.25 min (cpu), 0.25 min (real)
Generate toy 14/250

 -- MarkovChainMC -- 
Limit: r < 0.618608 +/- 0.0108594 @ 95% credibility (15 tries)
Done in 0.22 min (cpu), 0.22 min (real)
Generate toy 15/250

 -- MarkovChainMC -- 
Limit: r < 0.518309 +/- 0.0108934 @ 95% credibility (15 tries)
Done in 0.21 min (cpu), 0.21 min (real)
Generate toy 16/250

 -- MarkovChainMC -- 
Limit: r < 0.638388 +/- 0.00801258 @ 95% credibility (15 tries)
Done in 0.22 min (cpu), 0.22 min (real)
Generate toy 17/250

 -- MarkovChainMC -- 
Limit: r < 0.72614 +/- 0.00586019 @ 95% credibility (15 tries)
Done in 0.22 min (cpu), 0.22 min (real)
Generate toy 18/250

 -- MarkovChainMC -- 
Limit: r < 0.659135 +/- 0.00871906 @ 95% credibility (15 tries)
Done in 0.22 min (cpu), 0.22 min (real)
Generate toy 19/250

 -- MarkovChainMC -- 
Limit: r < 1.11175 +/- 0.0110226 @ 95% credibility (15 tries)
Done in 0.22 min (cpu), 0.23 min (real)
Generate toy 20/250

 -- MarkovChainMC -- 
Limit: r < 0.675058 +/- 0.0102168 @ 95% credibility (15 tries)
Done in 0.22 min (cpu), 0.22 min (real)
Generate toy 21/250

 -- MarkovChainMC -- 
Limit: r < 1.00304 +/- 0.0155272 @ 95% credibility (15 tries)
Done in 0.23 min (cpu), 0.23 min (real)
Generate toy 22/250

 -- MarkovChainMC -- 
Limit: r < 1.03346 +/- 0.0222517 @ 95% credibility (15 tries)
Done in 0.25 min (cpu), 0.25 min (real)
Generate toy 23/250

 -- MarkovChainMC -- 
Limit: r < 0.766609 +/- 0.0107016 @ 95% credibility (15 tries)
Done in 0.22 min (cpu), 0.22 min (real)
Generate toy 24/250

 -- MarkovChainMC -- 
Limit: r < 0.955002 +/- 0.0129898 @ 95% credibility (15 tries)
Done in 0.22 min (cpu), 0.22 min (real)
Generate toy 25/250

 -- MarkovChainMC -- 
Limit: r < 1.63794 +/- 0.0158807 @ 95% credibility (15 tries)
Done in 0.31 min (cpu), 0.32 min (real)
Generate toy 26/250

 -- MarkovChainMC -- 
Limit: r < 0.854167 +/- 0.00837047 @ 95% credibility (15 tries)
Done in 0.22 min (cpu), 0.22 min (real)
Generate toy 27/250

 -- MarkovChainMC -- 
Limit: r < 0.922729 +/- 0.00867275 @ 95% credibility (15 tries)
Done in 0.22 min (cpu), 0.22 min (real)
Generate toy 28/250

 -- MarkovChainMC -- 
Limit: r < 1.0717 +/- 0.0158418 @ 95% credibility (15 tries)
Done in 0.31 min (cpu), 0.31 min (real)
Generate toy 29/250

 -- MarkovChainMC -- 
Limit: r < 0.645346 +/- 0.00738133 @ 95% credibility (15 tries)
Done in 0.22 min (cpu), 0.22 min (real)
Generate toy 30/250

 -- MarkovChainMC -- 
Limit: r < 0.60216 +/- 0.0143227 @ 95% credibility (15 tries)
Done in 0.23 min (cpu), 0.23 min (real)
Generate toy 31/250

 -- MarkovChainMC -- 
Limit: r < 0.808057 +/- 0.00972903 @ 95% credibility (15 tries)
Done in 0.23 min (cpu), 0.23 min (real)
Generate toy 32/250

 -- MarkovChainMC -- 
Limit: r < 0.930808 +/- 0.0152561 @ 95% credibility (15 tries)
Done in 0.24 min (cpu), 0.25 min (real)
Generate toy 33/250

 -- MarkovChainMC -- 
Limit: r < 0.661608 +/- 0.0152199 @ 95% credibility (15 tries)
Done in 0.23 min (cpu), 0.23 min (real)
Generate toy 34/250

 -- MarkovChainMC -- 
Limit: r < 0.878212 +/- 0.0118538 @ 95% credibility (15 tries)
Done in 0.36 min (cpu), 0.37 min (real)
Generate toy 35/250

 -- MarkovChainMC -- 
Limit: r < 0.957849 +/- 0.0177757 @ 95% credibility (15 tries)
Done in 0.37 min (cpu), 0.38 min (real)
Generate toy 36/250

 -- MarkovChainMC -- 
Limit: r < 0.897671 +/- 0.0083949 @ 95% credibility (15 tries)
Done in 0.37 min (cpu), 0.38 min (real)
Generate toy 37/250

 -- MarkovChainMC -- 
Limit: r < 1.27665 +/- 0.0139395 @ 95% credibility (15 tries)
Done in 0.36 min (cpu), 0.36 min (real)
Generate toy 38/250

 -- MarkovChainMC -- 
Limit: r < 0.740939 +/- 0.0133259 @ 95% credibility (15 tries)
Done in 0.22 min (cpu), 0.22 min (real)
Generate toy 39/250

 -- MarkovChainMC -- 
Limit: r < 0.788508 +/- 0.00500615 @ 95% credibility (15 tries)
Done in 0.23 min (cpu), 0.23 min (real)
Generate toy 40/250

 -- MarkovChainMC -- 
Limit: r < 0.968094 +/- 0.0172722 @ 95% credibility (15 tries)
Done in 0.23 min (cpu), 0.23 min (real)
Generate toy 41/250

 -- MarkovChainMC -- 
Limit: r < 0.848056 +/- 0.0122637 @ 95% credibility (15 tries)
Done in 0.23 min (cpu), 0.23 min (real)
Generate toy 42/250

 -- MarkovChainMC -- 
Limit: r < 1.53854 +/- 0.0160674 @ 95% credibility (15 tries)
Done in 0.23 min (cpu), 0.23 min (real)
Generate toy 43/250

 -- MarkovChainMC -- 
Limit: r < 0.858844 +/- 0.0124818 @ 95% credibility (15 tries)
Done in 0.22 min (cpu), 0.22 min (real)
Generate toy 44/250

 -- MarkovChainMC -- 
Limit: r < 0.778664 +/- 0.0108348 @ 95% credibility (15 tries)
Done in 0.22 min (cpu), 0.22 min (real)
Generate toy 45/250

 -- MarkovChainMC -- 
Limit: r < 0.722861 +/- 0.00511486 @ 95% credibility (15 tries)
Done in 0.22 min (cpu), 0.22 min (real)
Generate toy 46/250

 -- MarkovChainMC -- 
Limit: r < 0.828086 +/- 0.0116881 @ 95% credibility (15 tries)
Done in 0.22 min (cpu), 0.22 min (real)
Generate toy 47/250

 -- MarkovChainMC -- 
Limit: r < 0.936094 +/- 0.0162291 @ 95% credibility (15 tries)
Done in 0.23 min (cpu), 0.23 min (real)
Generate toy 48/250

 -- MarkovChainMC -- 
Limit: r < 1.2649 +/- 0.010911 @ 95% credibility (15 tries)
Done in 0.26 min (cpu), 0.26 min (real)
Generate toy 49/250

 -- MarkovChainMC -- 
Limit: r < 0.96995 +/- 0.0190465 @ 95% credibility (15 tries)
Done in 0.32 min (cpu), 0.32 min (real)
Generate toy 50/250

 -- MarkovChainMC -- 
Limit: r < 0.753358 +/- 0.00833922 @ 95% credibility (15 tries)
Done in 0.27 min (cpu), 0.27 min (real)
Generate toy 51/250

 -- MarkovChainMC -- 
Limit: r < 0.657255 +/- 0.0149907 @ 95% credibility (15 tries)
Done in 0.30 min (cpu), 0.30 min (real)
Generate toy 52/250

 -- MarkovChainMC -- 
Limit: r < 1.09847 +/- 0.0096167 @ 95% credibility (15 tries)
Done in 0.29 min (cpu), 0.29 min (real)
Generate toy 53/250

 -- MarkovChainMC -- 
Limit: r < 0.858246 +/- 0.00854726 @ 95% credibility (15 tries)
Done in 0.27 min (cpu), 0.27 min (real)
Generate toy 54/250

 -- MarkovChainMC -- 
Limit: r < 0.802359 +/- 0.0096168 @ 95% credibility (15 tries)
Done in 0.28 min (cpu), 0.28 min (real)
Generate toy 55/250

 -- MarkovChainMC -- 
Limit: r < 1.31875 +/- 0.0178868 @ 95% credibility (15 tries)
Done in 0.30 min (cpu), 0.30 min (real)
Generate toy 56/250

 -- MarkovChainMC -- 
Limit: r < 0.899249 +/- 0.0197116 @ 95% credibility (15 tries)
Done in 0.32 min (cpu), 0.32 min (real)
Generate toy 57/250

 -- MarkovChainMC -- 
Limit: r < 0.88063 +/- 0.0125925 @ 95% credibility (15 tries)
Done in 0.38 min (cpu), 0.38 min (real)
Generate toy 58/250

 -- MarkovChainMC -- 
Limit: r < 0.560678 +/- 0.00396966 @ 95% credibility (15 tries)
Done in 0.36 min (cpu), 0.36 min (real)
Generate toy 59/250

 -- MarkovChainMC -- 
Limit: r < 1.10585 +/- 0.0180259 @ 95% credibility (15 tries)
Done in 0.31 min (cpu), 0.31 min (real)
Generate toy 60/250

 -- MarkovChainMC -- 
Limit: r < 0.942659 +/- 0.015875 @ 95% credibility (15 tries)
Done in 0.36 min (cpu), 0.36 min (real)
Generate toy 61/250

 -- MarkovChainMC -- 
Limit: r < 0.87586 +/- 0.0138563 @ 95% credibility (15 tries)
Done in 0.30 min (cpu), 0.30 min (real)
Generate toy 62/250

 -- MarkovChainMC -- 
Limit: r < 0.849918 +/- 0.0149048 @ 95% credibility (15 tries)
Done in 0.33 min (cpu), 0.33 min (real)
Generate toy 63/250

 -- MarkovChainMC -- 
Limit: r < 0.967384 +/- 0.0325938 @ 95% credibility (15 tries)
Done in 0.38 min (cpu), 0.38 min (real)
Generate toy 64/250

 -- MarkovChainMC -- 
Limit: r < 0.822111 +/- 0.0199555 @ 95% credibility (15 tries)
Done in 0.27 min (cpu), 0.28 min (real)
Generate toy 65/250

 -- MarkovChainMC -- 
Limit: r < 1.05119 +/- 0.00722105 @ 95% credibility (15 tries)
Done in 0.37 min (cpu), 0.37 min (real)
Generate toy 66/250

 -- MarkovChainMC -- 
Limit: r < 1.59169 +/- 0.0200199 @ 95% credibility (15 tries)
Done in 0.39 min (cpu), 0.39 min (real)
Generate toy 67/250

 -- MarkovChainMC -- 
Limit: r < 1.10733 +/- 0.0108664 @ 95% credibility (15 tries)
Done in 0.28 min (cpu), 0.28 min (real)
Generate toy 68/250

 -- MarkovChainMC -- 
Limit: r < 1.13074 +/- 0.0128137 @ 95% credibility (15 tries)
Done in 0.37 min (cpu), 0.37 min (real)
Generate toy 69/250

 -- MarkovChainMC -- 
Limit: r < 0.950444 +/- 0.016052 @ 95% credibility (15 tries)
Done in 0.31 min (cpu), 0.31 min (real)
Generate toy 70/250

 -- MarkovChainMC -- 
Limit: r < 1.27278 +/- 0.00952026 @ 95% credibility (15 tries)
Done in 0.28 min (cpu), 0.29 min (real)
Generate toy 71/250

 -- MarkovChainMC -- 
Limit: r < 0.887487 +/- 0.0146322 @ 95% credibility (15 tries)
Done in 0.27 min (cpu), 0.27 min (real)
Generate toy 72/250

 -- MarkovChainMC -- 
Limit: r < 1.24374 +/- 0.0132685 @ 95% credibility (15 tries)
Done in 0.35 min (cpu), 0.35 min (real)
Generate toy 73/250

 -- MarkovChainMC -- 
Limit: r < 0.59314 +/- 0.00548162 @ 95% credibility (15 tries)
Done in 0.37 min (cpu), 0.37 min (real)
Generate toy 74/250

 -- MarkovChainMC -- 
Limit: r < 1.19627 +/- 0.00855319 @ 95% credibility (15 tries)
Done in 0.35 min (cpu), 0.35 min (real)
Generate toy 75/250

 -- MarkovChainMC -- 
Limit: r < 0.750708 +/- 0.018746 @ 95% credibility (15 tries)
Done in 0.29 min (cpu), 0.29 min (real)
Generate toy 76/250

 -- MarkovChainMC -- 
Limit: r < 0.596848 +/- 0.0118953 @ 95% credibility (15 tries)
Done in 0.29 min (cpu), 0.29 min (real)
Generate toy 77/250

 -- MarkovChainMC -- 
Limit: r < 0.46489 +/- 0.00678167 @ 95% credibility (15 tries)
Done in 0.28 min (cpu), 0.28 min (real)
Generate toy 78/250

 -- MarkovChainMC -- 
Limit: r < 0.803661 +/- 0.0118882 @ 95% credibility (15 tries)
Done in 0.28 min (cpu), 0.28 min (real)
Generate toy 79/250

 -- MarkovChainMC -- 
Limit: r < 0.801491 +/- 0.0141753 @ 95% credibility (15 tries)
Done in 0.30 min (cpu), 0.30 min (real)
Generate toy 80/250

 -- MarkovChainMC -- 
Limit: r < 1.00575 +/- 0.00878249 @ 95% credibility (15 tries)
Done in 0.29 min (cpu), 0.30 min (real)
Generate toy 81/250

 -- MarkovChainMC -- 
Limit: r < 0.787304 +/- 0.00934512 @ 95% credibility (15 tries)
Done in 0.30 min (cpu), 0.30 min (real)
Generate toy 82/250

 -- MarkovChainMC -- 
Limit: r < 0.862431 +/- 0.0127222 @ 95% credibility (15 tries)
Done in 0.35 min (cpu), 0.36 min (real)
Generate toy 83/250

 -- MarkovChainMC -- 
Limit: r < 0.527775 +/- 0.0102819 @ 95% credibility (15 tries)
Done in 0.30 min (cpu), 0.30 min (real)
Generate toy 84/250

 -- MarkovChainMC -- 
Limit: r < 0.656518 +/- 0.0102743 @ 95% credibility (15 tries)
Done in 0.35 min (cpu), 0.35 min (real)
Generate toy 85/250

 -- MarkovChainMC -- 
Limit: r < 1.02833 +/- 0.0191924 @ 95% credibility (15 tries)
Done in 0.30 min (cpu), 0.30 min (real)
Generate toy 86/250

 -- MarkovChainMC -- 
Limit: r < 0.998269 +/- 0.0112062 @ 95% credibility (15 tries)
Done in 0.31 min (cpu), 0.31 min (real)
Generate toy 87/250

 -- MarkovChainMC -- 
Limit: r < 1.0081 +/- 0.0135458 @ 95% credibility (15 tries)
Done in 0.31 min (cpu), 0.31 min (real)
Generate toy 88/250

 -- MarkovChainMC -- 
Limit: r < 0.704202 +/- 0.00883827 @ 95% credibility (15 tries)
Done in 0.25 min (cpu), 0.25 min (real)
Generate toy 89/250

 -- MarkovChainMC -- 
Limit: r < 0.702733 +/- 0.00927891 @ 95% credibility (15 tries)
Done in 0.27 min (cpu), 0.27 min (real)
Generate toy 90/250

 -- MarkovChainMC -- 
Limit: r < 1.09149 +/- 0.0137929 @ 95% credibility (15 tries)
Done in 0.29 min (cpu), 0.29 min (real)
Generate toy 91/250

 -- MarkovChainMC -- 
Limit: r < 0.713297 +/- 0.00833055 @ 95% credibility (15 tries)
Done in 0.28 min (cpu), 0.29 min (real)
Generate toy 92/250

 -- MarkovChainMC -- 
Limit: r < 0.552148 +/- 0.00810224 @ 95% credibility (15 tries)
Done in 0.30 min (cpu), 0.30 min (real)
Generate toy 93/250

 -- MarkovChainMC -- 
Limit: r < 0.74376 +/- 0.012545 @ 95% credibility (15 tries)
Done in 0.28 min (cpu), 0.29 min (real)
Generate toy 94/250

 -- MarkovChainMC -- 
Limit: r < 0.885783 +/- 0.010724 @ 95% credibility (15 tries)
Done in 0.34 min (cpu), 0.34 min (real)
Generate toy 95/250

 -- MarkovChainMC -- 
Limit: r < 0.54623 +/- 0.00538529 @ 95% credibility (15 tries)
Done in 0.36 min (cpu), 0.36 min (real)
Generate toy 96/250

 -- MarkovChainMC -- 
Limit: r < 0.968257 +/- 0.0149684 @ 95% credibility (15 tries)
Done in 0.33 min (cpu), 0.33 min (real)
Generate toy 97/250

 -- MarkovChainMC -- 
Limit: r < 1.07038 +/- 0.0199702 @ 95% credibility (15 tries)
Done in 0.38 min (cpu), 0.39 min (real)
Generate toy 98/250

 -- MarkovChainMC -- 
Limit: r < 1.29274 +/- 0.0135865 @ 95% credibility (15 tries)
Done in 0.32 min (cpu), 0.32 min (real)
Generate toy 99/250

 -- MarkovChainMC -- 
Limit: r < 1.161 +/- 0.0138891 @ 95% credibility (15 tries)
Done in 0.27 min (cpu), 0.28 min (real)
Generate toy 100/250

 -- MarkovChainMC -- 
Limit: r < 0.673155 +/- 0.0115988 @ 95% credibility (15 tries)
Done in 0.25 min (cpu), 0.25 min (real)
Generate toy 101/250

 -- MarkovChainMC -- 
Limit: r < 0.662506 +/- 0.0070727 @ 95% credibility (15 tries)
Done in 0.27 min (cpu), 0.27 min (real)
Generate toy 102/250

 -- MarkovChainMC -- 
Limit: r < 1.01016 +/- 0.0126727 @ 95% credibility (15 tries)
Done in 0.27 min (cpu), 0.28 min (real)
Generate toy 103/250

 -- MarkovChainMC -- 
Limit: r < 1.07955 +/- 0.0108353 @ 95% credibility (15 tries)
Done in 0.26 min (cpu), 0.26 min (real)
Generate toy 104/250

 -- MarkovChainMC -- 
Limit: r < 0.851199 +/- 0.0038627 @ 95% credibility (15 tries)
Done in 0.28 min (cpu), 0.28 min (real)
Generate toy 105/250

 -- MarkovChainMC -- 
Limit: r < 0.967272 +/- 0.0137933 @ 95% credibility (15 tries)
Done in 0.30 min (cpu), 0.30 min (real)
Generate toy 106/250

 -- MarkovChainMC -- 
Limit: r < 0.689284 +/- 0.00625237 @ 95% credibility (15 tries)
Done in 0.31 min (cpu), 0.31 min (real)
Generate toy 107/250

 -- MarkovChainMC -- 
Limit: r < 0.907281 +/- 0.0111735 @ 95% credibility (15 tries)
Done in 0.31 min (cpu), 0.31 min (real)
Generate toy 108/250

 -- MarkovChainMC -- 
Limit: r < 0.714588 +/- 0.0126344 @ 95% credibility (15 tries)
Done in 0.26 min (cpu), 0.26 min (real)
Generate toy 109/250

 -- MarkovChainMC -- 
Limit: r < 0.773165 +/- 0.0103678 @ 95% credibility (15 tries)
Done in 0.28 min (cpu), 0.28 min (real)
Generate toy 110/250

 -- MarkovChainMC -- 
Limit: r < 1.54741 +/- 0.00584808 @ 95% credibility (15 tries)
Done in 0.30 min (cpu), 0.30 min (real)
Generate toy 111/250

 -- MarkovChainMC -- 
Limit: r < 0.944515 +/- 0.0129893 @ 95% credibility (15 tries)
Done in 0.31 min (cpu), 0.31 min (real)
Generate toy 112/250

 -- MarkovChainMC -- 
Limit: r < 0.690617 +/- 0.00759446 @ 95% credibility (15 tries)
Done in 0.26 min (cpu), 0.26 min (real)
Generate toy 113/250

 -- MarkovChainMC -- 
Limit: r < 1.00267 +/- 0.019117 @ 95% credibility (15 tries)
Done in 0.25 min (cpu), 0.25 min (real)
Generate toy 114/250

 -- MarkovChainMC -- 
Limit: r < 1.12869 +/- 0.0122128 @ 95% credibility (15 tries)
Done in 0.25 min (cpu), 0.25 min (real)
Generate toy 115/250

 -- MarkovChainMC -- 
Limit: r < 0.746532 +/- 0.00794494 @ 95% credibility (15 tries)
Done in 0.25 min (cpu), 0.26 min (real)
Generate toy 116/250

 -- MarkovChainMC -- 
Limit: r < 0.771263 +/- 0.00712796 @ 95% credibility (15 tries)
Done in 0.30 min (cpu), 0.30 min (real)
Generate toy 117/250

 -- MarkovChainMC -- 
Limit: r < 0.547239 +/- 0.0112843 @ 95% credibility (15 tries)
Done in 0.25 min (cpu), 0.25 min (real)
Generate toy 118/250

 -- MarkovChainMC -- 
Limit: r < 0.826216 +/- 0.0112606 @ 95% credibility (15 tries)
Done in 0.26 min (cpu), 0.26 min (real)
Generate toy 119/250

 -- MarkovChainMC -- 
Limit: r < 0.911457 +/- 0.0222338 @ 95% credibility (15 tries)
Done in 0.27 min (cpu), 0.27 min (real)
Generate toy 120/250

 -- MarkovChainMC -- 
Limit: r < 0.977852 +/- 0.0149954 @ 95% credibility (15 tries)
Done in 0.27 min (cpu), 0.27 min (real)
Generate toy 121/250

 -- MarkovChainMC -- 
Limit: r < 0.565774 +/- 0.0093483 @ 95% credibility (15 tries)
Done in 0.26 min (cpu), 0.26 min (real)
Generate toy 122/250

 -- MarkovChainMC -- 
Limit: r < 1.22823 +/- 0.0238158 @ 95% credibility (15 tries)
Done in 0.29 min (cpu), 0.29 min (real)
Generate toy 123/250

 -- MarkovChainMC -- 
Limit: r < 0.884713 +/- 0.0145621 @ 95% credibility (15 tries)
Done in 0.24 min (cpu), 0.24 min (real)
Generate toy 124/250

 -- MarkovChainMC -- 
Limit: r < 0.803054 +/- 0.00589071 @ 95% credibility (15 tries)
Done in 0.24 min (cpu), 0.24 min (real)
Generate toy 125/250

 -- MarkovChainMC -- 
Limit: r < 0.952697 +/- 0.0124323 @ 95% credibility (15 tries)
Done in 0.29 min (cpu), 0.29 min (real)
Generate toy 126/250

 -- MarkovChainMC -- 
Limit: r < 0.947845 +/- 0.00625126 @ 95% credibility (15 tries)
Done in 0.25 min (cpu), 0.25 min (real)
Generate toy 127/250

 -- MarkovChainMC -- 
Limit: r < 1.28826 +/- 0.0115463 @ 95% credibility (15 tries)
Done in 0.27 min (cpu), 0.27 min (real)
Generate toy 128/250

 -- MarkovChainMC -- 
Limit: r < 0.850874 +/- 0.00687554 @ 95% credibility (15 tries)
Done in 0.25 min (cpu), 0.25 min (real)
Generate toy 129/250

 -- MarkovChainMC -- 
Limit: r < 0.954917 +/- 0.00681513 @ 95% credibility (15 tries)
Done in 0.26 min (cpu), 0.26 min (real)
Generate toy 130/250

 -- MarkovChainMC -- 
Limit: r < 1.43957 +/- 0.0170188 @ 95% credibility (15 tries)
Done in 0.32 min (cpu), 0.32 min (real)
Generate toy 131/250

 -- MarkovChainMC -- 
Limit: r < 0.890385 +/- 0.0134801 @ 95% credibility (15 tries)
Done in 0.33 min (cpu), 0.33 min (real)
Generate toy 132/250

 -- MarkovChainMC -- 
Limit: r < 0.674973 +/- 0.00836814 @ 95% credibility (15 tries)
Done in 0.26 min (cpu), 0.27 min (real)
Generate toy 133/250

 -- MarkovChainMC -- 
Limit: r < 0.903333 +/- 0.012513 @ 95% credibility (15 tries)
Done in 0.29 min (cpu), 0.29 min (real)
Generate toy 134/250

 -- MarkovChainMC -- 
Limit: r < 1.29896 +/- 0.00936632 @ 95% credibility (15 tries)
Done in 0.29 min (cpu), 0.29 min (real)
Generate toy 135/250

 -- MarkovChainMC -- 
Limit: r < 0.808855 +/- 0.00957352 @ 95% credibility (15 tries)
Done in 0.26 min (cpu), 0.26 min (real)
Generate toy 136/250

 -- MarkovChainMC -- 
Limit: r < 0.751999 +/- 0.0147253 @ 95% credibility (15 tries)
Done in 0.22 min (cpu), 0.23 min (real)
Generate toy 137/250

 -- MarkovChainMC -- 
Limit: r < 1.86279 +/- 0.0223752 @ 95% credibility (15 tries)
Done in 0.26 min (cpu), 0.26 min (real)
Generate toy 138/250

 -- MarkovChainMC -- 
Limit: r < 0.695028 +/- 0.00744095 @ 95% credibility (15 tries)
Done in 0.25 min (cpu), 0.25 min (real)
Generate toy 139/250

 -- MarkovChainMC -- 
Limit: r < 0.761785 +/- 0.0099869 @ 95% credibility (15 tries)
Done in 0.28 min (cpu), 0.29 min (real)
Generate toy 140/250

 -- MarkovChainMC -- 
Limit: r < 0.87174 +/- 0.0125046 @ 95% credibility (15 tries)
Done in 0.30 min (cpu), 0.30 min (real)
Generate toy 141/250

 -- MarkovChainMC -- 
Limit: r < 0.650463 +/- 0.0104434 @ 95% credibility (15 tries)
Done in 0.31 min (cpu), 0.31 min (real)
Generate toy 142/250

 -- MarkovChainMC -- 
Limit: r < 0.607502 +/- 0.012078 @ 95% credibility (15 tries)
Done in 0.30 min (cpu), 0.30 min (real)
Generate toy 143/250

 -- MarkovChainMC -- 
Limit: r < 0.737263 +/- 0.0166152 @ 95% credibility (15 tries)
Done in 0.30 min (cpu), 0.30 min (real)
Generate toy 144/250

 -- MarkovChainMC -- 
Limit: r < 0.613917 +/- 0.00523133 @ 95% credibility (15 tries)
Done in 0.32 min (cpu), 0.32 min (real)
Generate toy 145/250

 -- MarkovChainMC -- 
Limit: r < 1.30263 +/- 0.0249226 @ 95% credibility (15 tries)
Done in 0.32 min (cpu), 0.32 min (real)
Generate toy 146/250

 -- MarkovChainMC -- 
Limit: r < 0.946312 +/- 0.0155944 @ 95% credibility (15 tries)
Done in 0.29 min (cpu), 0.29 min (real)
Generate toy 147/250

 -- MarkovChainMC -- 
Limit: r < 0.804317 +/- 0.00861377 @ 95% credibility (15 tries)
Done in 0.28 min (cpu), 0.28 min (real)
Generate toy 148/250

 -- MarkovChainMC -- 
Limit: r < 1.19798 +/- 0.0164813 @ 95% credibility (15 tries)
Done in 0.35 min (cpu), 0.35 min (real)
Generate toy 149/250

 -- MarkovChainMC -- 
Limit: r < 0.801907 +/- 0.0156054 @ 95% credibility (15 tries)
Done in 0.36 min (cpu), 0.36 min (real)
Generate toy 150/250

 -- MarkovChainMC -- 
Limit: r < 0.859443 +/- 0.0124603 @ 95% credibility (15 tries)
Done in 0.29 min (cpu), 0.29 min (real)
Generate toy 151/250

 -- MarkovChainMC -- 
Limit: r < 0.844705 +/- 0.00997368 @ 95% credibility (15 tries)
Done in 0.37 min (cpu), 0.37 min (real)
Generate toy 152/250

 -- MarkovChainMC -- 
Limit: r < 0.797253 +/- 0.0135914 @ 95% credibility (15 tries)
Done in 0.31 min (cpu), 0.32 min (real)
Generate toy 153/250

 -- MarkovChainMC -- 
Limit: r < 1.57014 +/- 0.0124863 @ 95% credibility (15 tries)
Done in 0.30 min (cpu), 0.30 min (real)
Generate toy 154/250

 -- MarkovChainMC -- 
Limit: r < 0.938181 +/- 0.0186175 @ 95% credibility (15 tries)
Done in 0.31 min (cpu), 0.31 min (real)
Generate toy 155/250

 -- MarkovChainMC -- 
Limit: r < 0.874068 +/- 0.00944999 @ 95% credibility (15 tries)
Done in 0.25 min (cpu), 0.25 min (real)
Generate toy 156/250

 -- MarkovChainMC -- 
Limit: r < 0.626488 +/- 0.00692945 @ 95% credibility (15 tries)
Done in 0.25 min (cpu), 0.25 min (real)
Generate toy 157/250

 -- MarkovChainMC -- 
Limit: r < 0.815675 +/- 0.0105848 @ 95% credibility (15 tries)
Done in 0.25 min (cpu), 0.25 min (real)
Generate toy 158/250

 -- MarkovChainMC -- 
Limit: r < 1.12661 +/- 0.00887474 @ 95% credibility (15 tries)
Done in 0.26 min (cpu), 0.26 min (real)
Generate toy 159/250

 -- MarkovChainMC -- 
Limit: r < 1.09894 +/- 0.0177939 @ 95% credibility (15 tries)
Done in 0.28 min (cpu), 0.28 min (real)
Generate toy 160/250

 -- MarkovChainMC -- 
Limit: r < 0.620887 +/- 0.00773005 @ 95% credibility (15 tries)
Done in 0.25 min (cpu), 0.26 min (real)
Generate toy 161/250

 -- MarkovChainMC -- 
Limit: r < 1.16659 +/- 0.00692135 @ 95% credibility (15 tries)
Done in 0.25 min (cpu), 0.25 min (real)
Generate toy 162/250

 -- MarkovChainMC -- 
Limit: r < 1.17539 +/- 0.0199119 @ 95% credibility (15 tries)
Done in 0.25 min (cpu), 0.25 min (real)
Generate toy 163/250

 -- MarkovChainMC -- 
Limit: r < 0.991174 +/- 0.00694395 @ 95% credibility (15 tries)
Done in 0.25 min (cpu), 0.25 min (real)
Generate toy 164/250

 -- MarkovChainMC -- 
Limit: r < 0.745075 +/- 0.00856223 @ 95% credibility (15 tries)
Done in 0.23 min (cpu), 0.23 min (real)
Generate toy 165/250

 -- MarkovChainMC -- 
Limit: r < 0.770898 +/- 0.0119592 @ 95% credibility (15 tries)
Done in 0.24 min (cpu), 0.25 min (real)
Generate toy 166/250

 -- MarkovChainMC -- 
Limit: r < 1.44027 +/- 0.0134239 @ 95% credibility (15 tries)
Done in 0.25 min (cpu), 0.25 min (real)
Generate toy 167/250

 -- MarkovChainMC -- 
Limit: r < 1.17258 +/- 0.0131772 @ 95% credibility (15 tries)
Done in 0.25 min (cpu), 0.25 min (real)
Generate toy 168/250

 -- MarkovChainMC -- 
Limit: r < 0.965133 +/- 0.018402 @ 95% credibility (15 tries)
Done in 0.25 min (cpu), 0.25 min (real)
Generate toy 169/250

 -- MarkovChainMC -- 
Limit: r < 1.22401 +/- 0.0103435 @ 95% credibility (15 tries)
Done in 0.25 min (cpu), 0.25 min (real)
Generate toy 170/250

 -- MarkovChainMC -- 
Limit: r < 0.860923 +/- 0.0135821 @ 95% credibility (15 tries)
Done in 0.25 min (cpu), 0.25 min (real)
Generate toy 171/250

 -- MarkovChainMC -- 
Limit: r < 1.28317 +/- 0.00838405 @ 95% credibility (15 tries)
Done in 0.26 min (cpu), 0.27 min (real)
Generate toy 172/250

 -- MarkovChainMC -- 
Limit: r < 1.25648 +/- 0.0196124 @ 95% credibility (15 tries)
Done in 0.26 min (cpu), 0.26 min (real)
Generate toy 173/250

 -- MarkovChainMC -- 
Limit: r < 0.940403 +/- 0.013103 @ 95% credibility (15 tries)
Done in 0.23 min (cpu), 0.23 min (real)
Generate toy 174/250

 -- MarkovChainMC -- 
Limit: r < 1.27858 +/- 0.0141702 @ 95% credibility (15 tries)
Done in 0.23 min (cpu), 0.23 min (real)
Generate toy 175/250

 -- MarkovChainMC -- 
Limit: r < 0.571727 +/- 0.0108505 @ 95% credibility (15 tries)
Done in 0.21 min (cpu), 0.21 min (real)
Generate toy 176/250

 -- MarkovChainMC -- 
Limit: r < 1.12347 +/- 0.0140323 @ 95% credibility (15 tries)
Done in 0.22 min (cpu), 0.22 min (real)
Generate toy 177/250

 -- MarkovChainMC -- 
Limit: r < 0.982287 +/- 0.014096 @ 95% credibility (15 tries)
Done in 0.22 min (cpu), 0.22 min (real)
Generate toy 178/250

 -- MarkovChainMC -- 
Limit: r < 0.693821 +/- 0.00973325 @ 95% credibility (15 tries)
Done in 0.21 min (cpu), 0.21 min (real)
Generate toy 179/250

 -- MarkovChainMC -- 
Limit: r < 0.650495 +/- 0.00993133 @ 95% credibility (15 tries)
Done in 0.21 min (cpu), 0.21 min (real)
Generate toy 180/250

 -- MarkovChainMC -- 
Limit: r < 1.08643 +/- 0.00858532 @ 95% credibility (15 tries)
Done in 0.22 min (cpu), 0.22 min (real)
Generate toy 181/250

 -- MarkovChainMC -- 
Limit: r < 0.918301 +/- 0.0108322 @ 95% credibility (15 tries)
Done in 0.22 min (cpu), 0.22 min (real)
Generate toy 182/250

 -- MarkovChainMC -- 
Limit: r < 0.931267 +/- 0.0109501 @ 95% credibility (15 tries)
Done in 0.22 min (cpu), 0.22 min (real)
Generate toy 183/250

 -- MarkovChainMC -- 
Limit: r < 1.00456 +/- 0.0141358 @ 95% credibility (15 tries)
Done in 0.22 min (cpu), 0.22 min (real)
Generate toy 184/250

 -- MarkovChainMC -- 
Limit: r < 0.781808 +/- 0.012669 @ 95% credibility (15 tries)
Done in 0.22 min (cpu), 0.22 min (real)
Generate toy 185/250

 -- MarkovChainMC -- 
Limit: r < 0.919303 +/- 0.0183205 @ 95% credibility (15 tries)
Done in 0.22 min (cpu), 0.22 min (real)
Generate toy 186/250

 -- MarkovChainMC -- 
Limit: r < 0.884915 +/- 0.0121817 @ 95% credibility (15 tries)
Done in 0.22 min (cpu), 0.22 min (real)
Generate toy 187/250

 -- MarkovChainMC -- 
Limit: r < 1.36327 +/- 0.0183211 @ 95% credibility (15 tries)
Done in 0.23 min (cpu), 0.23 min (real)
Generate toy 188/250

 -- MarkovChainMC -- 
Limit: r < 0.509254 +/- 0.0104616 @ 95% credibility (15 tries)
Done in 0.21 min (cpu), 0.21 min (real)
Generate toy 189/250

 -- MarkovChainMC -- 
Limit: r < 0.778587 +/- 0.00954645 @ 95% credibility (15 tries)
Done in 0.22 min (cpu), 0.22 min (real)
Generate toy 190/250

 -- MarkovChainMC -- 
Limit: r < 1.38564 +/- 0.0211616 @ 95% credibility (15 tries)
Done in 0.24 min (cpu), 0.24 min (real)
Generate toy 191/250

 -- MarkovChainMC -- 
Limit: r < 0.870488 +/- 0.0133199 @ 95% credibility (15 tries)
Done in 0.23 min (cpu), 0.23 min (real)
Generate toy 192/250

 -- MarkovChainMC -- 
Limit: r < 1.33724 +/- 0.019652 @ 95% credibility (15 tries)
Done in 0.24 min (cpu), 0.24 min (real)
Generate toy 193/250

 -- MarkovChainMC -- 
Limit: r < 1.43974 +/- 0.0167328 @ 95% credibility (15 tries)
Done in 0.25 min (cpu), 0.25 min (real)
Generate toy 194/250

 -- MarkovChainMC -- 
Limit: r < 0.6133 +/- 0.00542509 @ 95% credibility (15 tries)
Done in 0.23 min (cpu), 0.23 min (real)
Generate toy 195/250

 -- MarkovChainMC -- 
Limit: r < 0.703727 +/- 0.00906263 @ 95% credibility (15 tries)
Done in 0.26 min (cpu), 0.26 min (real)
Generate toy 196/250

 -- MarkovChainMC -- 
Limit: r < 0.939857 +/- 0.0107781 @ 95% credibility (15 tries)
Done in 0.31 min (cpu), 0.32 min (real)
Generate toy 197/250

 -- MarkovChainMC -- 
Limit: r < 0.822887 +/- 0.00951633 @ 95% credibility (15 tries)
Done in 0.24 min (cpu), 0.25 min (real)
Generate toy 198/250

 -- MarkovChainMC -- 
Limit: r < 0.677407 +/- 0.00896992 @ 95% credibility (15 tries)
Done in 0.23 min (cpu), 0.23 min (real)
Generate toy 199/250

 -- MarkovChainMC -- 
Limit: r < 0.647678 +/- 0.0118349 @ 95% credibility (15 tries)
Done in 0.22 min (cpu), 0.23 min (real)
Generate toy 200/250

 -- MarkovChainMC -- 
Limit: r < 0.87141 +/- 0.0179679 @ 95% credibility (15 tries)
Done in 0.23 min (cpu), 0.23 min (real)
Generate toy 201/250

 -- MarkovChainMC -- 
Limit: r < 1.2498 +/- 0.020682 @ 95% credibility (15 tries)
Done in 0.24 min (cpu), 0.24 min (real)
Generate toy 202/250

 -- MarkovChainMC -- 
Limit: r < 1.57574 +/- 0.0202605 @ 95% credibility (15 tries)
Done in 0.23 min (cpu), 0.23 min (real)
Generate toy 203/250

 -- MarkovChainMC -- 
Limit: r < 1.8244 +/- 0.0257413 @ 95% credibility (15 tries)
Done in 0.24 min (cpu), 0.25 min (real)
Generate toy 204/250

 -- MarkovChainMC -- 
Limit: r < 1.41404 +/- 0.0238196 @ 95% credibility (15 tries)
Done in 0.24 min (cpu), 0.24 min (real)
Generate toy 205/250

 -- MarkovChainMC -- 
Limit: r < 0.850545 +/- 0.00828288 @ 95% credibility (15 tries)
Done in 0.23 min (cpu), 0.23 min (real)
Generate toy 206/250

 -- MarkovChainMC -- 
Limit: r < 1.48361 +/- 0.00605589 @ 95% credibility (15 tries)
Done in 0.24 min (cpu), 0.24 min (real)
Generate toy 207/250

 -- MarkovChainMC -- 
Limit: r < 0.834155 +/- 0.00711292 @ 95% credibility (15 tries)
Done in 0.23 min (cpu), 0.23 min (real)
Generate toy 208/250

 -- MarkovChainMC -- 
Limit: r < 0.713249 +/- 0.00834533 @ 95% credibility (15 tries)
Done in 0.22 min (cpu), 0.22 min (real)
Generate toy 209/250

 -- MarkovChainMC -- 
Limit: r < 1.22675 +/- 0.0146946 @ 95% credibility (15 tries)
Done in 0.23 min (cpu), 0.24 min (real)
Generate toy 210/250

 -- MarkovChainMC -- 
Limit: r < 0.927529 +/- 0.0114386 @ 95% credibility (15 tries)
Done in 0.23 min (cpu), 0.23 min (real)
Generate toy 211/250

 -- MarkovChainMC -- 
Limit: r < 0.895148 +/- 0.00581775 @ 95% credibility (15 tries)
Done in 0.23 min (cpu), 0.24 min (real)
Generate toy 212/250

 -- MarkovChainMC -- 
Limit: r < 1.07741 +/- 0.0125312 @ 95% credibility (15 tries)
Done in 0.23 min (cpu), 0.23 min (real)
Generate toy 213/250

 -- MarkovChainMC -- 
Limit: r < 0.605627 +/- 0.00883759 @ 95% credibility (15 tries)
Done in 0.23 min (cpu), 0.23 min (real)
Generate toy 214/250

 -- MarkovChainMC -- 
Limit: r < 1.78261 +/- 0.0139966 @ 95% credibility (15 tries)
Done in 0.24 min (cpu), 0.25 min (real)
Generate toy 215/250

 -- MarkovChainMC -- 
Limit: r < 1.28335 +/- 0.0174333 @ 95% credibility (15 tries)
Done in 0.24 min (cpu), 0.25 min (real)
Generate toy 216/250

 -- MarkovChainMC -- 
Limit: r < 0.853399 +/- 0.0107901 @ 95% credibility (15 tries)
Done in 0.23 min (cpu), 0.23 min (real)
Generate toy 217/250

 -- MarkovChainMC -- 
Limit: r < 0.886773 +/- 0.0191718 @ 95% credibility (15 tries)
Done in 0.23 min (cpu), 0.24 min (real)
Generate toy 218/250

 -- MarkovChainMC -- 
Limit: r < 0.814507 +/- 0.0137028 @ 95% credibility (15 tries)
Done in 0.23 min (cpu), 0.23 min (real)
Generate toy 219/250

 -- MarkovChainMC -- 
Limit: r < 0.562242 +/- 0.00846575 @ 95% credibility (15 tries)
Done in 0.23 min (cpu), 0.23 min (real)
Generate toy 220/250

 -- MarkovChainMC -- 
Limit: r < 1.11234 +/- 0.0154099 @ 95% credibility (15 tries)
Done in 0.23 min (cpu), 0.23 min (real)
Generate toy 221/250

 -- MarkovChainMC -- 
Limit: r < 0.462601 +/- 0.00544278 @ 95% credibility (15 tries)
Done in 0.22 min (cpu), 0.23 min (real)
Generate toy 222/250

 -- MarkovChainMC -- 
Limit: r < 0.614032 +/- 0.00872023 @ 95% credibility (15 tries)
Done in 0.22 min (cpu), 0.23 min (real)
Generate toy 223/250

 -- MarkovChainMC -- 
Limit: r < 1.42334 +/- 0.0124529 @ 95% credibility (15 tries)
Done in 0.23 min (cpu), 0.23 min (real)
Generate toy 224/250

 -- MarkovChainMC -- 
Limit: r < 0.993197 +/- 0.00817158 @ 95% credibility (15 tries)
Done in 0.23 min (cpu), 0.23 min (real)
Generate toy 225/250

 -- MarkovChainMC -- 
Limit: r < 0.764221 +/- 0.00818411 @ 95% credibility (15 tries)
Done in 0.22 min (cpu), 0.22 min (real)
Generate toy 226/250

 -- MarkovChainMC -- 
Limit: r < 0.634394 +/- 0.0110524 @ 95% credibility (15 tries)
Done in 0.23 min (cpu), 0.23 min (real)
Generate toy 227/250

 -- MarkovChainMC -- 
Limit: r < 0.932678 +/- 0.00636371 @ 95% credibility (15 tries)
Done in 0.24 min (cpu), 0.25 min (real)
Generate toy 228/250

 -- MarkovChainMC -- 
Limit: r < 0.491433 +/- 0.00897009 @ 95% credibility (15 tries)
Done in 0.23 min (cpu), 0.23 min (real)
Generate toy 229/250

 -- MarkovChainMC -- 
Limit: r < 0.920091 +/- 0.0128223 @ 95% credibility (15 tries)
Done in 0.24 min (cpu), 0.24 min (real)
Generate toy 230/250

 -- MarkovChainMC -- 
Limit: r < 0.863536 +/- 0.01915 @ 95% credibility (15 tries)
Done in 0.23 min (cpu), 0.24 min (real)
Generate toy 231/250

 -- MarkovChainMC -- 
Limit: r < 0.857444 +/- 0.0102692 @ 95% credibility (15 tries)
Done in 0.23 min (cpu), 0.23 min (real)
Generate toy 232/250

 -- MarkovChainMC -- 
Limit: r < 0.970794 +/- 0.0116297 @ 95% credibility (15 tries)
Done in 0.24 min (cpu), 0.24 min (real)
Generate toy 233/250

 -- MarkovChainMC -- 
Limit: r < 1.37887 +/- 0.0101202 @ 95% credibility (15 tries)
Done in 0.24 min (cpu), 0.24 min (real)
Generate toy 234/250

 -- MarkovChainMC -- 
Limit: r < 0.725095 +/- 0.0114755 @ 95% credibility (15 tries)
Done in 0.22 min (cpu), 0.23 min (real)
Generate toy 235/250

 -- MarkovChainMC -- 
Limit: r < 1.13979 +/- 0.0135207 @ 95% credibility (15 tries)
Done in 0.23 min (cpu), 0.24 min (real)
Generate toy 236/250

 -- MarkovChainMC -- 
Limit: r < 0.567196 +/- 0.00958484 @ 95% credibility (15 tries)
Done in 0.22 min (cpu), 0.22 min (real)
Generate toy 237/250

 -- MarkovChainMC -- 
Limit: r < 1.04402 +/- 0.00674154 @ 95% credibility (15 tries)
Done in 0.23 min (cpu), 0.23 min (real)
Generate toy 238/250

 -- MarkovChainMC -- 
Limit: r < 0.780109 +/- 0.0175941 @ 95% credibility (15 tries)
Done in 0.23 min (cpu), 0.23 min (real)
Generate toy 239/250

 -- MarkovChainMC -- 
Limit: r < 2.10733 +/- 0.0138062 @ 95% credibility (15 tries)
Done in 0.25 min (cpu), 0.25 min (real)
Generate toy 240/250

 -- MarkovChainMC -- 
Limit: r < 0.997915 +/- 0.0144985 @ 95% credibility (15 tries)
Done in 0.23 min (cpu), 0.24 min (real)
Generate toy 241/250

 -- MarkovChainMC -- 
Limit: r < 1.1188 +/- 0.0112254 @ 95% credibility (15 tries)
Done in 0.24 min (cpu), 0.24 min (real)
Generate toy 242/250

 -- MarkovChainMC -- 
Limit: r < 1.24072 +/- 0.00852939 @ 95% credibility (15 tries)
Done in 0.23 min (cpu), 0.24 min (real)
Generate toy 243/250

 -- MarkovChainMC -- 
Limit: r < 0.852222 +/- 0.0170141 @ 95% credibility (15 tries)
Done in 0.22 min (cpu), 0.22 min (real)
Generate toy 244/250

 -- MarkovChainMC -- 
Limit: r < 0.767948 +/- 0.00699468 @ 95% credibility (15 tries)
Done in 0.22 min (cpu), 0.22 min (real)
Generate toy 245/250

 -- MarkovChainMC -- 
Limit: r < 0.644577 +/- 0.0100943 @ 95% credibility (15 tries)
Done in 0.22 min (cpu), 0.22 min (real)
Generate toy 246/250

 -- MarkovChainMC -- 
Limit: r < 0.55742 +/- 0.00983549 @ 95% credibility (15 tries)
Done in 0.22 min (cpu), 0.22 min (real)
Generate toy 247/250

 -- MarkovChainMC -- 
Limit: r < 1.365 +/- 0.0120451 @ 95% credibility (15 tries)
Done in 0.23 min (cpu), 0.23 min (real)
Generate toy 248/250

 -- MarkovChainMC -- 
Limit: r < 0.927543 +/- 0.0198232 @ 95% credibility (15 tries)
Done in 0.22 min (cpu), 0.23 min (real)
Generate toy 249/250

 -- MarkovChainMC -- 
Limit: r < 0.610786 +/- 0.00565006 @ 95% credibility (15 tries)
Done in 0.22 min (cpu), 0.22 min (real)
Generate toy 250/250

 -- MarkovChainMC -- 
Limit: r < 0.643462 +/- 0.00591414 @ 95% credibility (15 tries)
Done in 0.23 min (cpu), 0.23 min (real)
mean   expected limit: r < 0.927971 +/- 0.0176445 @ 95%CL (250 toyMC)
median expected limit: r < 0.884814 @ 95%CL (250 toyMC)
   68% expected band : 0.657255 < r < 1.22401
   95% expected band : 0.527775 < r < 1.59169
