 <<< Combine >>> 
 <<< v10.0.2 >>>
>>> Used OpenSSL to get a truly random seed 982119403
>>> Method used is MarkovChainMC
============================================================
Analyzing bin errors for: prop_binmuon22
Poisson cut-off: 10
Processes excluded for sums: Wprime600_kR0.01
============================================================
Bin        Contents        Error           Notes                         
0          5494.355904     14.389733       total sum                     
0          5489.009974     14.389572       excluding marked processes    
0          145510.000000   381.457730      Unweighted events, alpha=0.037759
  => Total parameter prop_binmuon22_bin0[0.00,-7.00,7.00] to be Gaussian constrained
------------------------------------------------------------
1          2100.346242     7.508343        total sum                     
1          2091.469679     7.507819        excluding marked processes    
1          77602.000000    278.571355      Unweighted events, alpha=0.027066
  => Total parameter prop_binmuon22_bin1[0.00,-7.00,7.00] to be Gaussian constrained
------------------------------------------------------------
2          927.440256      5.743415        total sum                     
2          925.287269      5.743251        excluding marked processes    
2          25956.000000    161.108659      Unweighted events, alpha=0.035731
  => Total parameter prop_binmuon22_bin2[0.00,-7.00,7.00] to be Gaussian constrained
------------------------------------------------------------
3          462.731608      3.622084        total sum                     
3          462.717279      3.622082        excluding marked processes    
3          16320.000000    127.749755      Unweighted events, alpha=0.028354
  => Total parameter prop_binmuon22_bin3[0.00,-7.00,7.00] to be Gaussian constrained
------------------------------------------------------------
4          240.228933      1.533810        total sum                     
4          240.228093      1.533810        excluding marked processes    
4          24530.000000    156.620561      Unweighted events, alpha=0.009793
  => Total parameter prop_binmuon22_bin4[0.00,-7.00,7.00] to be Gaussian constrained
------------------------------------------------------------
5          139.121722      1.742909        total sum                     
5          139.121722      1.742909        excluding marked processes    
5          6371.000000     79.818544       Unweighted events, alpha=0.021837
  => Total parameter prop_binmuon22_bin5[0.00,-7.00,7.00] to be Gaussian constrained
------------------------------------------------------------
6          132.798509      1.064641        total sum                     
6          132.798509      1.064641        excluding marked processes    
6          15559.000000    124.735721      Unweighted events, alpha=0.008535
  => Total parameter prop_binmuon22_bin6[0.00,-7.00,7.00] to be Gaussian constrained
------------------------------------------------------------
7          51.876344       0.721630        total sum                     
7          51.876344       0.721630        excluding marked processes    
7          5168.000000     71.888803       Unweighted events, alpha=0.010038
  => Total parameter prop_binmuon22_bin7[0.00,-7.00,7.00] to be Gaussian constrained
------------------------------------------------------------
8          29.337675       0.468872        total sum                     
8          29.337675       0.468872        excluding marked processes    
8          3915.000000     62.569961       Unweighted events, alpha=0.007494
  => Total parameter prop_binmuon22_bin8[0.00,-7.00,7.00] to be Gaussian constrained
------------------------------------------------------------
9          9.941359        0.334523        total sum                     
9          9.941359        0.334523        excluding marked processes    
9          883.000000      29.715316       Unweighted events, alpha=0.011259
  => Total parameter prop_binmuon22_bin9[0.00,-7.00,7.00] to be Gaussian constrained
------------------------------------------------------------
10         4.165375        0.105525        total sum                     
10         4.165375        0.105525        excluding marked processes    
10         1558.000000     39.471509       Unweighted events, alpha=0.002674
  => Total parameter prop_binmuon22_bin10[0.00,-7.00,7.00] to be Gaussian constrained
------------------------------------------------------------
11         1.762132        0.218174        total sum                     
11         1.762132        0.218174        excluding marked processes    
11         65.000000       8.062258        Unweighted events, alpha=0.027110
  => Total parameter prop_binmuon22_bin11[0.00,-7.00,7.00] to be Gaussian constrained
------------------------------------------------------------
12         0.276349        0.001778        total sum                     
12         0.276349        0.001778        excluding marked processes    
12         24153.000000    155.412355      Unweighted events, alpha=0.000011
  => Total parameter prop_binmuon22_bin12[0.00,-7.00,7.00] to be Gaussian constrained
------------------------------------------------------------
13         0.085750        0.001214        total sum                     
13         0.085750        0.001214        excluding marked processes    
13         4991.000000     70.647010       Unweighted events, alpha=0.000017
  => Total parameter prop_binmuon22_bin13[0.00,-7.00,7.00] to be Gaussian constrained
------------------------------------------------------------
14         0.007105        0.001511        total sum                     
14         0.007105        0.001511        excluding marked processes    
14         22.000000       4.690416        Unweighted events, alpha=0.000323
  => Total parameter prop_binmuon22_bin14[0.00,-7.00,7.00] to be Gaussian constrained
------------------------------------------------------------
15         0.001078        0.000054        total sum                     
15         0.001078        0.000054        excluding marked processes    
15         404.000000      20.099751       Unweighted events, alpha=0.000003
  => Total parameter prop_binmuon22_bin15[0.00,-7.00,7.00] to be Gaussian constrained
------------------------------------------------------------
============================================================
Analyzing bin errors for: prop_binmuon23
Poisson cut-off: 10
Processes excluded for sums: Wprime600_kR0.01
============================================================
Bin        Contents        Error           Notes                         
0          4249.916120     16.603274       total sum                     
0          4245.728997     16.603213       excluding marked processes    
0          65391.000000    255.716640      Unweighted events, alpha=0.064992
  => Total parameter prop_binmuon23_bin0[0.00,-7.00,7.00] to be Gaussian constrained
------------------------------------------------------------
1          1628.282076     7.828278        total sum                     
1          1621.101079     7.828053        excluding marked processes    
1          42886.000000    207.089353      Unweighted events, alpha=0.037968
  => Total parameter prop_binmuon23_bin1[0.00,-7.00,7.00] to be Gaussian constrained
------------------------------------------------------------
2          723.107401      4.795601        total sum                     
2          721.396648      4.795515        excluding marked processes    
2          22630.000000    150.432709      Unweighted events, alpha=0.031953
  => Total parameter prop_binmuon23_bin2[0.00,-7.00,7.00] to be Gaussian constrained
------------------------------------------------------------
3          359.296481      3.009355        total sum                     
3          359.285774      3.009355        excluding marked processes    
3          14254.000000    119.390117      Unweighted events, alpha=0.025207
  => Total parameter prop_binmuon23_bin3[0.00,-7.00,7.00] to be Gaussian constrained
------------------------------------------------------------
4          191.190618      3.360877        total sum                     
4          191.190097      3.360877        excluding marked processes    
4          3236.000000     56.885851       Unweighted events, alpha=0.059082
  => Total parameter prop_binmuon23_bin4[0.00,-7.00,7.00] to be Gaussian constrained
------------------------------------------------------------
5          112.217605      1.192110        total sum                     
5          112.217111      1.192110        excluding marked processes    
5          8861.000000     94.132885       Unweighted events, alpha=0.012664
  => Total parameter prop_binmuon23_bin5[0.00,-7.00,7.00] to be Gaussian constrained
------------------------------------------------------------
6          107.129583      1.524073        total sum                     
6          107.129583      1.524073        excluding marked processes    
6          4941.000000     70.292247       Unweighted events, alpha=0.021682
  => Total parameter prop_binmuon23_bin6[0.00,-7.00,7.00] to be Gaussian constrained
------------------------------------------------------------
7          41.104515       0.657922        total sum                     
7          41.104515       0.657922        excluding marked processes    
7          3903.000000     62.473995       Unweighted events, alpha=0.010532
  => Total parameter prop_binmuon23_bin7[0.00,-7.00,7.00] to be Gaussian constrained
------------------------------------------------------------
8          23.449391       0.587056        total sum                     
8          23.449391       0.587056        excluding marked processes    
8          1596.000000     39.949969       Unweighted events, alpha=0.014693
  => Total parameter prop_binmuon23_bin8[0.00,-7.00,7.00] to be Gaussian constrained
------------------------------------------------------------
9          8.355840        0.394559        total sum                     
9          8.355840        0.394559        excluding marked processes    
9          448.000000      21.166010       Unweighted events, alpha=0.018651
  => Total parameter prop_binmuon23_bin9[0.00,-7.00,7.00] to be Gaussian constrained
------------------------------------------------------------
10         3.506378        0.251887        total sum                     
10         3.506378        0.251887        excluding marked processes    
10         194.000000      13.928388       Unweighted events, alpha=0.018074
  => Total parameter prop_binmuon23_bin10[0.00,-7.00,7.00] to be Gaussian constrained
------------------------------------------------------------
11         1.363219        0.180174        total sum                     
11         1.363219        0.180174        excluding marked processes    
11         57.000000       7.549834        Unweighted events, alpha=0.023916
  => Total parameter prop_binmuon23_bin11[0.00,-7.00,7.00] to be Gaussian constrained
------------------------------------------------------------
12         0.530791        0.289065        total sum                     
12         0.530791        0.289065        excluding marked processes    
12         3.000000        1.732051        Unweighted events, alpha=0.176930
  => Number of weighted events is below Poisson threshold
    Wprime600_kR0.01     0.000000        0.000000                                      
      => Error is zero, ignore      
  ----------------------------------------------------------
    W_boson              0.216692        0.001181                                      
                         33653.000000    183.447540      Unweighted events, alpha=0.000006
      => Parameter prop_binmuon23_bin12_W_boson[0.00,-7.00,7.00] to be Gaussian constrained
  ----------------------------------------------------------
    Top                  0.000000        0.000000                                      
      => Error is zero, ignore      
  ----------------------------------------------------------
    Z_boson              0.004094        0.000500                                      
                         67.000000       8.185353        Unweighted events, alpha=0.000061
      => Parameter prop_binmuon23_bin12_Z_boson[0.00,-7.00,7.00] to be Gaussian constrained
  ----------------------------------------------------------
    DiBoson              0.288910        0.288561                                      
                         1.000000        1.000000        Unweighted events, alpha=0.288910
      => Product of prop_binmuon23_bin12_DiBoson[1.00,0.00,30.85] and const [1.0000] to be Poisson constrained
  ----------------------------------------------------------
    QCD                  0.021095        0.017013                                      
                         2.000000        1.414214        Unweighted events, alpha=0.010547
      => Product of prop_binmuon23_bin12_QCD[2.00,0.00,33.79] and const [0.5000] to be Poisson constrained
  ----------------------------------------------------------
------------------------------------------------------------
13         0.067145        0.000584        total sum                     
13         0.067145        0.000584        excluding marked processes    
13         13239.000000    115.060853      Unweighted events, alpha=0.000005
  => Total parameter prop_binmuon23_bin13[0.00,-7.00,7.00] to be Gaussian constrained
------------------------------------------------------------
14         0.003967        0.000043        total sum                     
14         0.003967        0.000043        excluding marked processes    
14         8482.000000     92.097774       Unweighted events, alpha=0.000000
  => Total parameter prop_binmuon23_bin14[0.00,-7.00,7.00] to be Gaussian constrained
------------------------------------------------------------
15         0.005625        0.003835        total sum                     
15         0.005625        0.003835        excluding marked processes    
15         2.000000        1.414214        Unweighted events, alpha=0.002813
  => Number of weighted events is below Poisson threshold
    Wprime600_kR0.01     0.000000        0.000000                                      
      => Error is zero, ignore      
  ----------------------------------------------------------
    W_boson              0.000849        0.000021                                      
                         1670.000000     40.865633       Unweighted events, alpha=0.000001
      => Parameter prop_binmuon23_bin15_W_boson[0.00,-7.00,7.00] to be Gaussian constrained
  ----------------------------------------------------------
    Top                  0.000000        0.000000                                      
      => Error is zero, ignore      
  ----------------------------------------------------------
    Z_boson              0.000011        0.000003                                      
                         16.000000       4.000000        Unweighted events, alpha=0.000001
      => Parameter prop_binmuon23_bin15_Z_boson[0.00,-7.00,7.00] to be Gaussian constrained
  ----------------------------------------------------------
    DiBoson              0.000000        0.000000                                      
      => Error is zero, ignore      
  ----------------------------------------------------------
    QCD                  0.004765        0.003834                                      
                         2.000000        1.414214        Unweighted events, alpha=0.002383
      => Product of prop_binmuon23_bin15_QCD[2.00,0.00,33.79] and const [0.5000] to be Poisson constrained
  ----------------------------------------------------------
------------------------------------------------------------
Channel muon22 will use autoMCStats with settings: event-threshold=10, include-signal=0, hist-mode=1
Channel muon23 will use autoMCStats with settings: event-threshold=10, include-signal=0, hist-mode=1
Generate toy 1/250

 -- MarkovChainMC -- 
Limit: r < 6.72335 +/- 0.125184 @ 95% credibility (15 tries)
Done in 0.16 min (cpu), 0.16 min (real)
Generate toy 2/250

 -- MarkovChainMC -- 
Limit: r < 8.3276 +/- 0.145778 @ 95% credibility (15 tries)
Done in 0.17 min (cpu), 0.17 min (real)
Generate toy 3/250

 -- MarkovChainMC -- 
Limit: r < 19.1971 +/- 0.191196 @ 95% credibility (15 tries)
Done in 0.17 min (cpu), 0.17 min (real)
Generate toy 4/250

 -- MarkovChainMC -- 
Limit: r < 12.8639 +/- 0.128715 @ 95% credibility (15 tries)
Done in 0.17 min (cpu), 0.17 min (real)
Generate toy 5/250

 -- MarkovChainMC -- 
Limit: r < 15.1712 +/- 0.275501 @ 95% credibility (15 tries)
Done in 0.17 min (cpu), 0.17 min (real)
Generate toy 6/250

 -- MarkovChainMC -- 
Limit: r < 10.1199 +/- 0.154312 @ 95% credibility (15 tries)
Done in 0.17 min (cpu), 0.17 min (real)
Generate toy 7/250

 -- MarkovChainMC -- 
Limit: r < 11.1721 +/- 0.177108 @ 95% credibility (15 tries)
Done in 0.16 min (cpu), 0.16 min (real)
Generate toy 8/250

 -- MarkovChainMC -- 
Limit: r < 5.93753 +/- 0.112104 @ 95% credibility (15 tries)
Done in 0.16 min (cpu), 0.16 min (real)
Generate toy 9/250

 -- MarkovChainMC -- 
Limit: r < 11.5391 +/- 0.149245 @ 95% credibility (15 tries)
Done in 0.17 min (cpu), 0.17 min (real)
Generate toy 10/250

 -- MarkovChainMC -- 
Limit: r < 7.03164 +/- 0.198232 @ 95% credibility (15 tries)
Done in 0.16 min (cpu), 0.16 min (real)
Generate toy 11/250

 -- MarkovChainMC -- 
Limit: r < 10.8832 +/- 0.182547 @ 95% credibility (15 tries)
Done in 0.16 min (cpu), 0.16 min (real)
Generate toy 12/250

 -- MarkovChainMC -- 
Limit: r < 14.8631 +/- 0.141639 @ 95% credibility (15 tries)
Done in 0.17 min (cpu), 0.17 min (real)
Generate toy 13/250

 -- MarkovChainMC -- 
Limit: r < 8.15388 +/- 0.225393 @ 95% credibility (15 tries)
Done in 0.16 min (cpu), 0.16 min (real)
Generate toy 14/250

 -- MarkovChainMC -- 
Limit: r < 9.60132 +/- 0.186289 @ 95% credibility (15 tries)
Done in 0.17 min (cpu), 0.17 min (real)
Generate toy 15/250

 -- MarkovChainMC -- 
Limit: r < 9.00288 +/- 0.105535 @ 95% credibility (15 tries)
Done in 0.17 min (cpu), 0.17 min (real)
Generate toy 16/250

 -- MarkovChainMC -- 
Limit: r < 8.78239 +/- 0.173896 @ 95% credibility (15 tries)
Done in 0.17 min (cpu), 0.17 min (real)
Generate toy 17/250

 -- MarkovChainMC -- 
Limit: r < 9.96599 +/- 0.118253 @ 95% credibility (15 tries)
Done in 0.17 min (cpu), 0.17 min (real)
Generate toy 18/250

 -- MarkovChainMC -- 
Limit: r < 7.11709 +/- 0.193476 @ 95% credibility (15 tries)
Done in 0.16 min (cpu), 0.16 min (real)
Generate toy 19/250

 -- MarkovChainMC -- 
Limit: r < 7.28724 +/- 0.140324 @ 95% credibility (15 tries)
Done in 0.16 min (cpu), 0.17 min (real)
Generate toy 20/250

 -- MarkovChainMC -- 
Limit: r < 14.454 +/- 0.272666 @ 95% credibility (15 tries)
Done in 0.17 min (cpu), 0.17 min (real)
Generate toy 21/250

 -- MarkovChainMC -- 
Limit: r < 5.04353 +/- 0.105795 @ 95% credibility (15 tries)
Done in 0.15 min (cpu), 0.16 min (real)
Generate toy 22/250

 -- MarkovChainMC -- 
Limit: r < 13.5542 +/- 0.224648 @ 95% credibility (15 tries)
Done in 0.17 min (cpu), 0.17 min (real)
Generate toy 23/250

 -- MarkovChainMC -- 
Limit: r < 12.7709 +/- 0.106639 @ 95% credibility (15 tries)
Done in 0.17 min (cpu), 0.17 min (real)
Generate toy 24/250

 -- MarkovChainMC -- 
Limit: r < 13.2631 +/- 0.205968 @ 95% credibility (15 tries)
Done in 0.16 min (cpu), 0.17 min (real)
Generate toy 25/250

 -- MarkovChainMC -- 
Limit: r < 8.6803 +/- 0.0899995 @ 95% credibility (15 tries)
Done in 0.16 min (cpu), 0.16 min (real)
Generate toy 26/250

 -- MarkovChainMC -- 
Limit: r < 14.738 +/- 0.0742469 @ 95% credibility (15 tries)
Done in 0.17 min (cpu), 0.17 min (real)
Generate toy 27/250

 -- MarkovChainMC -- 
Limit: r < 10.0888 +/- 0.128617 @ 95% credibility (15 tries)
Done in 0.17 min (cpu), 0.17 min (real)
Generate toy 28/250

 -- MarkovChainMC -- 
Limit: r < 7.24088 +/- 0.18441 @ 95% credibility (15 tries)
Done in 0.16 min (cpu), 0.16 min (real)
Generate toy 29/250

 -- MarkovChainMC -- 
Limit: r < 9.94823 +/- 0.145053 @ 95% credibility (15 tries)
Done in 0.16 min (cpu), 0.16 min (real)
Generate toy 30/250

 -- MarkovChainMC -- 
Limit: r < 21.4726 +/- 0.224748 @ 95% credibility (15 tries)
Done in 0.17 min (cpu), 0.17 min (real)
Generate toy 31/250

 -- MarkovChainMC -- 
Limit: r < 7.63277 +/- 0.145713 @ 95% credibility (15 tries)
Done in 0.17 min (cpu), 0.17 min (real)
Generate toy 32/250

 -- MarkovChainMC -- 
Limit: r < 20.982 +/- 0.236912 @ 95% credibility (15 tries)
Done in 0.17 min (cpu), 0.17 min (real)
Generate toy 33/250

 -- MarkovChainMC -- 
Limit: r < 7.54639 +/- 0.0886334 @ 95% credibility (15 tries)
Done in 0.17 min (cpu), 0.17 min (real)
Generate toy 34/250

 -- MarkovChainMC -- 
Limit: r < 11.9983 +/- 0.297065 @ 95% credibility (15 tries)
Done in 0.17 min (cpu), 0.17 min (real)
Generate toy 35/250

 -- MarkovChainMC -- 
Limit: r < 7.13488 +/- 0.117691 @ 95% credibility (15 tries)
Done in 0.16 min (cpu), 0.16 min (real)
Generate toy 36/250

 -- MarkovChainMC -- 
Limit: r < 5.58799 +/- 0.07465 @ 95% credibility (15 tries)
Done in 0.16 min (cpu), 0.16 min (real)
Generate toy 37/250

 -- MarkovChainMC -- 
Limit: r < 6.51625 +/- 0.170588 @ 95% credibility (15 tries)
Done in 0.16 min (cpu), 0.16 min (real)
Generate toy 38/250

 -- MarkovChainMC -- 
Limit: r < 8.86442 +/- 0.111257 @ 95% credibility (15 tries)
Done in 0.16 min (cpu), 0.16 min (real)
Generate toy 39/250

 -- MarkovChainMC -- 
Limit: r < 7.71574 +/- 0.11268 @ 95% credibility (15 tries)
Done in 0.16 min (cpu), 0.16 min (real)
Generate toy 40/250

 -- MarkovChainMC -- 
Limit: r < 8.02268 +/- 0.068127 @ 95% credibility (15 tries)
Done in 0.17 min (cpu), 0.17 min (real)
Generate toy 41/250

 -- MarkovChainMC -- 
Limit: r < 9.82229 +/- 0.0884505 @ 95% credibility (15 tries)
Done in 0.17 min (cpu), 0.17 min (real)
Generate toy 42/250

 -- MarkovChainMC -- 
Limit: r < 11.8505 +/- 0.270433 @ 95% credibility (15 tries)
Done in 0.17 min (cpu), 0.17 min (real)
Generate toy 43/250

 -- MarkovChainMC -- 
Limit: r < 8.43688 +/- 0.234705 @ 95% credibility (15 tries)
Done in 0.17 min (cpu), 0.17 min (real)
Generate toy 44/250

 -- MarkovChainMC -- 
Limit: r < 9.11322 +/- 0.279296 @ 95% credibility (15 tries)
Done in 0.17 min (cpu), 0.17 min (real)
Generate toy 45/250

 -- MarkovChainMC -- 
Limit: r < 11.035 +/- 0.182363 @ 95% credibility (15 tries)
Done in 0.17 min (cpu), 0.17 min (real)
Generate toy 46/250

 -- MarkovChainMC -- 
Limit: r < 8.24621 +/- 0.152271 @ 95% credibility (15 tries)
Done in 0.16 min (cpu), 0.16 min (real)
Generate toy 47/250

 -- MarkovChainMC -- 
Limit: r < 14.376 +/- 0.288932 @ 95% credibility (15 tries)
Done in 0.17 min (cpu), 0.17 min (real)
Generate toy 48/250

 -- MarkovChainMC -- 
Limit: r < 14.1182 +/- 0.299069 @ 95% credibility (15 tries)
Done in 0.17 min (cpu), 0.17 min (real)
Generate toy 49/250

 -- MarkovChainMC -- 
Limit: r < 11.8527 +/- 0.185855 @ 95% credibility (15 tries)
Done in 0.17 min (cpu), 0.17 min (real)
Generate toy 50/250

 -- MarkovChainMC -- 
Limit: r < 4.66408 +/- 0.0568014 @ 95% credibility (15 tries)
Done in 0.16 min (cpu), 0.16 min (real)
Generate toy 51/250

 -- MarkovChainMC -- 
Limit: r < 12.4475 +/- 0.194375 @ 95% credibility (15 tries)
Done in 0.17 min (cpu), 0.17 min (real)
Generate toy 52/250

 -- MarkovChainMC -- 
Limit: r < 13.0448 +/- 0.316162 @ 95% credibility (15 tries)
Done in 0.17 min (cpu), 0.17 min (real)
Generate toy 53/250

 -- MarkovChainMC -- 
Limit: r < 9.94773 +/- 0.10777 @ 95% credibility (15 tries)
Done in 0.16 min (cpu), 0.16 min (real)
Generate toy 54/250

 -- MarkovChainMC -- 
Limit: r < 7.17271 +/- 0.152066 @ 95% credibility (15 tries)
Done in 0.16 min (cpu), 0.16 min (real)
Generate toy 55/250

 -- MarkovChainMC -- 
Limit: r < 8.64424 +/- 0.245928 @ 95% credibility (15 tries)
Done in 0.16 min (cpu), 0.16 min (real)
Generate toy 56/250

 -- MarkovChainMC -- 
Limit: r < 7.53979 +/- 0.132641 @ 95% credibility (15 tries)
Done in 0.16 min (cpu), 0.16 min (real)
Generate toy 57/250

 -- MarkovChainMC -- 
Limit: r < 8.23123 +/- 0.128837 @ 95% credibility (15 tries)
Done in 0.16 min (cpu), 0.16 min (real)
Generate toy 58/250

 -- MarkovChainMC -- 
Limit: r < 4.95921 +/- 0.0720489 @ 95% credibility (15 tries)
Done in 0.16 min (cpu), 0.16 min (real)
Generate toy 59/250

 -- MarkovChainMC -- 
Limit: r < 9.29073 +/- 0.102218 @ 95% credibility (15 tries)
Done in 0.16 min (cpu), 0.16 min (real)
Generate toy 60/250

 -- MarkovChainMC -- 
Limit: r < 16.2723 +/- 0.283622 @ 95% credibility (15 tries)
Done in 0.17 min (cpu), 0.17 min (real)
Generate toy 61/250

 -- MarkovChainMC -- 
Limit: r < 18.6563 +/- 0.17187 @ 95% credibility (15 tries)
Done in 0.17 min (cpu), 0.17 min (real)
Generate toy 62/250

 -- MarkovChainMC -- 
Limit: r < 6.36651 +/- 0.140844 @ 95% credibility (15 tries)
Done in 0.16 min (cpu), 0.16 min (real)
Generate toy 63/250

 -- MarkovChainMC -- 
Limit: r < 7.91335 +/- 0.0500807 @ 95% credibility (15 tries)
Done in 0.16 min (cpu), 0.16 min (real)
Generate toy 64/250

 -- MarkovChainMC -- 
Limit: r < 11.3208 +/- 0.131354 @ 95% credibility (15 tries)
Done in 0.16 min (cpu), 0.17 min (real)
Generate toy 65/250

 -- MarkovChainMC -- 
Limit: r < 10.4006 +/- 0.142768 @ 95% credibility (15 tries)
Done in 0.16 min (cpu), 0.16 min (real)
Generate toy 66/250

 -- MarkovChainMC -- 
Limit: r < 18.4631 +/- 0.243587 @ 95% credibility (15 tries)
Done in 0.17 min (cpu), 0.17 min (real)
Generate toy 67/250

 -- MarkovChainMC -- 
Limit: r < 13.2978 +/- 0.187225 @ 95% credibility (15 tries)
Done in 0.17 min (cpu), 0.17 min (real)
Generate toy 68/250

 -- MarkovChainMC -- 
Limit: r < 10.067 +/- 0.137345 @ 95% credibility (15 tries)
Done in 0.16 min (cpu), 0.16 min (real)
Generate toy 69/250

 -- MarkovChainMC -- 
Limit: r < 12.11 +/- 0.219157 @ 95% credibility (15 tries)
Done in 0.16 min (cpu), 0.16 min (real)
Generate toy 70/250

 -- MarkovChainMC -- 
Limit: r < 13.5618 +/- 0.192353 @ 95% credibility (15 tries)
Done in 0.16 min (cpu), 0.17 min (real)
Generate toy 71/250

 -- MarkovChainMC -- 
Limit: r < 13.5237 +/- 0.205274 @ 95% credibility (15 tries)
Done in 0.17 min (cpu), 0.17 min (real)
Generate toy 72/250

 -- MarkovChainMC -- 
Limit: r < 11.842 +/- 0.165495 @ 95% credibility (15 tries)
Done in 0.16 min (cpu), 0.17 min (real)
Generate toy 73/250

 -- MarkovChainMC -- 
Limit: r < 12.5345 +/- 0.166466 @ 95% credibility (15 tries)
Done in 0.17 min (cpu), 0.17 min (real)
Generate toy 74/250

 -- MarkovChainMC -- 
Limit: r < 11.8985 +/- 0.276306 @ 95% credibility (15 tries)
Done in 0.16 min (cpu), 0.16 min (real)
Generate toy 75/250

 -- MarkovChainMC -- 
Limit: r < 19.883 +/- 0.236733 @ 95% credibility (15 tries)
Done in 0.17 min (cpu), 0.17 min (real)
Generate toy 76/250

 -- MarkovChainMC -- 
Limit: r < 16.4237 +/- 0.112459 @ 95% credibility (15 tries)
Done in 0.17 min (cpu), 0.17 min (real)
Generate toy 77/250

 -- MarkovChainMC -- 
Limit: r < 14.2118 +/- 0.306012 @ 95% credibility (15 tries)
Done in 0.17 min (cpu), 0.17 min (real)
Generate toy 78/250

 -- MarkovChainMC -- 
Limit: r < 12.9393 +/- 0.184618 @ 95% credibility (15 tries)
Done in 0.16 min (cpu), 0.17 min (real)
Generate toy 79/250

 -- MarkovChainMC -- 
Limit: r < 11.0733 +/- 0.28148 @ 95% credibility (15 tries)
Done in 0.16 min (cpu), 0.17 min (real)
Generate toy 80/250

 -- MarkovChainMC -- 
Limit: r < 17.5105 +/- 0.255829 @ 95% credibility (15 tries)
Done in 0.17 min (cpu), 0.17 min (real)
Generate toy 81/250

 -- MarkovChainMC -- 
Limit: r < 11.5081 +/- 0.215521 @ 95% credibility (15 tries)
Done in 0.16 min (cpu), 0.17 min (real)
Generate toy 82/250

 -- MarkovChainMC -- 
Limit: r < 12.7874 +/- 0.386401 @ 95% credibility (15 tries)
Done in 0.16 min (cpu), 0.16 min (real)
Generate toy 83/250

 -- MarkovChainMC -- 
Limit: r < 9.18384 +/- 0.174802 @ 95% credibility (15 tries)
Done in 0.16 min (cpu), 0.16 min (real)
Generate toy 84/250

 -- MarkovChainMC -- 
Limit: r < 8.67285 +/- 0.243466 @ 95% credibility (15 tries)
Done in 0.16 min (cpu), 0.16 min (real)
Generate toy 85/250

 -- MarkovChainMC -- 
Limit: r < 15.4851 +/- 0.323644 @ 95% credibility (15 tries)
Done in 0.17 min (cpu), 0.17 min (real)
Generate toy 86/250

 -- MarkovChainMC -- 
Limit: r < 12.6186 +/- 0.159355 @ 95% credibility (15 tries)
Done in 0.16 min (cpu), 0.17 min (real)
Generate toy 87/250

 -- MarkovChainMC -- 
Limit: r < 10.8013 +/- 0.156764 @ 95% credibility (15 tries)
Done in 0.16 min (cpu), 0.16 min (real)
Generate toy 88/250

 -- MarkovChainMC -- 
Limit: r < 7.203 +/- 0.152221 @ 95% credibility (15 tries)
Done in 0.16 min (cpu), 0.16 min (real)
Generate toy 89/250

 -- MarkovChainMC -- 
Limit: r < 9.47243 +/- 0.145844 @ 95% credibility (15 tries)
Done in 0.16 min (cpu), 0.16 min (real)
Generate toy 90/250

 -- MarkovChainMC -- 
Limit: r < 16.5883 +/- 0.196699 @ 95% credibility (15 tries)
Done in 0.17 min (cpu), 0.17 min (real)
Generate toy 91/250

 -- MarkovChainMC -- 
Limit: r < 10.2503 +/- 0.357561 @ 95% credibility (15 tries)
Done in 0.16 min (cpu), 0.16 min (real)
Generate toy 92/250

 -- MarkovChainMC -- 
Limit: r < 5.44383 +/- 0.116437 @ 95% credibility (15 tries)
Done in 0.16 min (cpu), 0.16 min (real)
Generate toy 93/250

 -- MarkovChainMC -- 
Limit: r < 8.84844 +/- 0.134391 @ 95% credibility (15 tries)
Done in 0.16 min (cpu), 0.16 min (real)
Generate toy 94/250

 -- MarkovChainMC -- 
Limit: r < 5.44541 +/- 0.0916613 @ 95% credibility (15 tries)
Done in 0.16 min (cpu), 0.16 min (real)
Generate toy 95/250

 -- MarkovChainMC -- 
Limit: r < 10.7034 +/- 0.295691 @ 95% credibility (15 tries)
Done in 0.16 min (cpu), 0.17 min (real)
Generate toy 96/250

 -- MarkovChainMC -- 
Limit: r < 6.88645 +/- 0.138457 @ 95% credibility (15 tries)
Done in 0.16 min (cpu), 0.16 min (real)
Generate toy 97/250

 -- MarkovChainMC -- 
Limit: r < 10.2273 +/- 0.12971 @ 95% credibility (15 tries)
Done in 0.16 min (cpu), 0.16 min (real)
Generate toy 98/250

 -- MarkovChainMC -- 
Limit: r < 15.5405 +/- 0.231021 @ 95% credibility (15 tries)
Done in 0.17 min (cpu), 0.17 min (real)
Generate toy 99/250

 -- MarkovChainMC -- 
Limit: r < 7.92075 +/- 0.180485 @ 95% credibility (15 tries)
Done in 0.16 min (cpu), 0.16 min (real)
Generate toy 100/250

 -- MarkovChainMC -- 
Limit: r < 10.4514 +/- 0.223786 @ 95% credibility (15 tries)
Done in 0.16 min (cpu), 0.16 min (real)
Generate toy 101/250

 -- MarkovChainMC -- 
Limit: r < 8.91938 +/- 0.166893 @ 95% credibility (15 tries)
Done in 0.16 min (cpu), 0.16 min (real)
Generate toy 102/250

 -- MarkovChainMC -- 
Limit: r < 8.57076 +/- 0.196953 @ 95% credibility (15 tries)
Done in 0.16 min (cpu), 0.16 min (real)
Generate toy 103/250

 -- MarkovChainMC -- 
Limit: r < 5.30429 +/- 0.0958286 @ 95% credibility (15 tries)
Done in 0.16 min (cpu), 0.16 min (real)
Generate toy 104/250

 -- MarkovChainMC -- 
Limit: r < 18.5287 +/- 0.143316 @ 95% credibility (15 tries)
Done in 0.17 min (cpu), 0.17 min (real)
Generate toy 105/250

 -- MarkovChainMC -- 
Limit: r < 10.6811 +/- 0.228538 @ 95% credibility (15 tries)
Done in 0.16 min (cpu), 0.16 min (real)
Generate toy 106/250

 -- MarkovChainMC -- 
Limit: r < 8.47435 +/- 0.133428 @ 95% credibility (15 tries)
Done in 0.16 min (cpu), 0.16 min (real)
Generate toy 107/250

 -- MarkovChainMC -- 
Limit: r < 18.2072 +/- 0.122464 @ 95% credibility (15 tries)
Done in 0.17 min (cpu), 0.17 min (real)
Generate toy 108/250

 -- MarkovChainMC -- 
Limit: r < 10.2537 +/- 0.217728 @ 95% credibility (15 tries)
Done in 0.17 min (cpu), 0.17 min (real)
Generate toy 109/250

 -- MarkovChainMC -- 
Limit: r < 9.37079 +/- 0.115229 @ 95% credibility (15 tries)
Done in 0.16 min (cpu), 0.16 min (real)
Generate toy 110/250

 -- MarkovChainMC -- 
Limit: r < 12.893 +/- 0.18903 @ 95% credibility (15 tries)
Done in 0.16 min (cpu), 0.16 min (real)
Generate toy 111/250

 -- MarkovChainMC -- 
Limit: r < 12.6817 +/- 0.265714 @ 95% credibility (15 tries)
Done in 0.16 min (cpu), 0.16 min (real)
Generate toy 112/250

 -- MarkovChainMC -- 
Limit: r < 14.9895 +/- 0.226404 @ 95% credibility (15 tries)
Done in 0.17 min (cpu), 0.17 min (real)
Generate toy 113/250

 -- MarkovChainMC -- 
Limit: r < 7.55667 +/- 0.213802 @ 95% credibility (15 tries)
Done in 0.16 min (cpu), 0.16 min (real)
Generate toy 114/250

 -- MarkovChainMC -- 
Limit: r < 4.79944 +/- 0.0791296 @ 95% credibility (15 tries)
Done in 0.15 min (cpu), 0.16 min (real)
Generate toy 115/250

 -- MarkovChainMC -- 
Limit: r < 7.63813 +/- 0.169239 @ 95% credibility (15 tries)
Done in 0.16 min (cpu), 0.16 min (real)
Generate toy 116/250

 -- MarkovChainMC -- 
Limit: r < 21.0771 +/- 0.176657 @ 95% credibility (15 tries)
Done in 0.17 min (cpu), 0.18 min (real)
Generate toy 117/250

 -- MarkovChainMC -- 
Limit: r < 10.5524 +/- 0.215286 @ 95% credibility (15 tries)
Done in 0.16 min (cpu), 0.17 min (real)
Generate toy 118/250

 -- MarkovChainMC -- 
Limit: r < 13.6561 +/- 0.193726 @ 95% credibility (15 tries)
Done in 0.17 min (cpu), 0.17 min (real)
Generate toy 119/250

 -- MarkovChainMC -- 
Limit: r < 7.29377 +/- 0.126097 @ 95% credibility (15 tries)
Done in 0.16 min (cpu), 0.17 min (real)
Generate toy 120/250

 -- MarkovChainMC -- 
Limit: r < 8.66587 +/- 0.140908 @ 95% credibility (15 tries)
Done in 0.16 min (cpu), 0.17 min (real)
Generate toy 121/250

 -- MarkovChainMC -- 
Limit: r < 8.28813 +/- 0.21951 @ 95% credibility (15 tries)
Done in 0.17 min (cpu), 0.17 min (real)
Generate toy 122/250

 -- MarkovChainMC -- 
Limit: r < 20.4856 +/- 0.140489 @ 95% credibility (15 tries)
Done in 0.18 min (cpu), 0.18 min (real)
Generate toy 123/250

 -- MarkovChainMC -- 
Limit: r < 7.37409 +/- 0.146714 @ 95% credibility (15 tries)
Done in 0.16 min (cpu), 0.17 min (real)
Generate toy 124/250

 -- MarkovChainMC -- 
Limit: r < 8.97948 +/- 0.183315 @ 95% credibility (15 tries)
Done in 0.17 min (cpu), 0.17 min (real)
Generate toy 125/250

 -- MarkovChainMC -- 
Limit: r < 5.55701 +/- 0.0928585 @ 95% credibility (15 tries)
Done in 0.16 min (cpu), 0.16 min (real)
Generate toy 126/250

 -- MarkovChainMC -- 
Limit: r < 10.1814 +/- 0.198165 @ 95% credibility (15 tries)
Done in 0.17 min (cpu), 0.18 min (real)
Generate toy 127/250

 -- MarkovChainMC -- 
Limit: r < 16.4679 +/- 0.230793 @ 95% credibility (15 tries)
Done in 0.17 min (cpu), 0.17 min (real)
Generate toy 128/250

 -- MarkovChainMC -- 
Limit: r < 10.2746 +/- 0.235906 @ 95% credibility (15 tries)
Done in 0.17 min (cpu), 0.17 min (real)
Generate toy 129/250

 -- MarkovChainMC -- 
Limit: r < 10.6705 +/- 0.133031 @ 95% credibility (15 tries)
Done in 0.17 min (cpu), 0.17 min (real)
Generate toy 130/250

 -- MarkovChainMC -- 
Limit: r < 18.0606 +/- 0.301981 @ 95% credibility (15 tries)
Done in 0.18 min (cpu), 0.18 min (real)
Generate toy 131/250

 -- MarkovChainMC -- 
Limit: r < 6.07278 +/- 0.0693295 @ 95% credibility (15 tries)
Done in 0.16 min (cpu), 0.16 min (real)
Generate toy 132/250

 -- MarkovChainMC -- 
Limit: r < 6.73715 +/- 0.130932 @ 95% credibility (15 tries)
Done in 0.16 min (cpu), 0.16 min (real)
Generate toy 133/250

 -- MarkovChainMC -- 
Limit: r < 8.68646 +/- 0.174545 @ 95% credibility (15 tries)
Done in 0.16 min (cpu), 0.16 min (real)
Generate toy 134/250

 -- MarkovChainMC -- 
Limit: r < 13.7213 +/- 0.214764 @ 95% credibility (15 tries)
Done in 0.17 min (cpu), 0.17 min (real)
Generate toy 135/250

 -- MarkovChainMC -- 
Limit: r < 16.0929 +/- 0.253469 @ 95% credibility (15 tries)
Done in 0.17 min (cpu), 0.17 min (real)
Generate toy 136/250

 -- MarkovChainMC -- 
Limit: r < 15.1708 +/- 0.318221 @ 95% credibility (15 tries)
Done in 0.17 min (cpu), 0.17 min (real)
Generate toy 137/250

 -- MarkovChainMC -- 
Limit: r < 9.62056 +/- 0.157123 @ 95% credibility (15 tries)
Done in 0.16 min (cpu), 0.16 min (real)
Generate toy 138/250

 -- MarkovChainMC -- 
Limit: r < 10.2827 +/- 0.169145 @ 95% credibility (15 tries)
Done in 0.17 min (cpu), 0.17 min (real)
Generate toy 139/250

 -- MarkovChainMC -- 
Limit: r < 10.7739 +/- 0.139396 @ 95% credibility (15 tries)
Done in 0.17 min (cpu), 0.17 min (real)
Generate toy 140/250

 -- MarkovChainMC -- 
Limit: r < 6.19125 +/- 0.168348 @ 95% credibility (15 tries)
Done in 0.16 min (cpu), 0.16 min (real)
Generate toy 141/250

 -- MarkovChainMC -- 
Limit: r < 11.3756 +/- 0.111616 @ 95% credibility (15 tries)
Done in 0.16 min (cpu), 0.16 min (real)
Generate toy 142/250

 -- MarkovChainMC -- 
Limit: r < 12.2905 +/- 0.213034 @ 95% credibility (15 tries)
Done in 0.16 min (cpu), 0.16 min (real)
Generate toy 143/250

 -- MarkovChainMC -- 
Limit: r < 10.3635 +/- 0.133499 @ 95% credibility (15 tries)
Done in 0.16 min (cpu), 0.16 min (real)
Generate toy 144/250

 -- MarkovChainMC -- 
Limit: r < 8.06689 +/- 0.164975 @ 95% credibility (15 tries)
Done in 0.16 min (cpu), 0.16 min (real)
Generate toy 145/250

 -- MarkovChainMC -- 
Limit: r < 15.4425 +/- 0.265535 @ 95% credibility (15 tries)
Done in 0.17 min (cpu), 0.17 min (real)
Generate toy 146/250

 -- MarkovChainMC -- 
Limit: r < 11.9468 +/- 0.206648 @ 95% credibility (15 tries)
Done in 0.17 min (cpu), 0.17 min (real)
Generate toy 147/250

 -- MarkovChainMC -- 
Limit: r < 10.6809 +/- 0.298671 @ 95% credibility (15 tries)
Done in 0.16 min (cpu), 0.17 min (real)
Generate toy 148/250

 -- MarkovChainMC -- 
Limit: r < 14.8718 +/- 0.179115 @ 95% credibility (15 tries)
Done in 0.17 min (cpu), 0.17 min (real)
Generate toy 149/250

 -- MarkovChainMC -- 
Limit: r < 15.218 +/- 0.180648 @ 95% credibility (15 tries)
Done in 0.17 min (cpu), 0.17 min (real)
Generate toy 150/250

 -- MarkovChainMC -- 
Limit: r < 14.1079 +/- 0.181218 @ 95% credibility (15 tries)
Done in 0.17 min (cpu), 0.17 min (real)
Generate toy 151/250

 -- MarkovChainMC -- 
Limit: r < 9.80164 +/- 0.154339 @ 95% credibility (15 tries)
Done in 0.16 min (cpu), 0.16 min (real)
Generate toy 152/250

 -- MarkovChainMC -- 
Limit: r < 10.6862 +/- 0.121524 @ 95% credibility (15 tries)
Done in 0.16 min (cpu), 0.16 min (real)
Generate toy 153/250

 -- MarkovChainMC -- 
Limit: r < 10.0019 +/- 0.225355 @ 95% credibility (15 tries)
Done in 0.16 min (cpu), 0.16 min (real)
Generate toy 154/250

 -- MarkovChainMC -- 
Limit: r < 7.49222 +/- 0.129242 @ 95% credibility (15 tries)
Done in 0.16 min (cpu), 0.16 min (real)
Generate toy 155/250

 -- MarkovChainMC -- 
Limit: r < 6.08196 +/- 0.146564 @ 95% credibility (15 tries)
Done in 0.16 min (cpu), 0.16 min (real)
Generate toy 156/250

 -- MarkovChainMC -- 
Limit: r < 12.8948 +/- 0.253517 @ 95% credibility (15 tries)
Done in 0.16 min (cpu), 0.16 min (real)
Generate toy 157/250

 -- MarkovChainMC -- 
Limit: r < 10.5346 +/- 0.166846 @ 95% credibility (15 tries)
Done in 0.16 min (cpu), 0.16 min (real)
Generate toy 158/250

 -- MarkovChainMC -- 
Limit: r < 11.1488 +/- 0.218115 @ 95% credibility (15 tries)
Done in 0.17 min (cpu), 0.17 min (real)
Generate toy 159/250

 -- MarkovChainMC -- 
Limit: r < 12.6205 +/- 0.304848 @ 95% credibility (15 tries)
Done in 0.16 min (cpu), 0.16 min (real)
Generate toy 160/250

 -- MarkovChainMC -- 
Limit: r < 6.58147 +/- 0.0853343 @ 95% credibility (15 tries)
Done in 0.16 min (cpu), 0.16 min (real)
Generate toy 161/250

 -- MarkovChainMC -- 
Limit: r < 9.64878 +/- 0.200134 @ 95% credibility (15 tries)
Done in 0.16 min (cpu), 0.16 min (real)
Generate toy 162/250

 -- MarkovChainMC -- 
Limit: r < 7.3642 +/- 0.064983 @ 95% credibility (15 tries)
Done in 0.16 min (cpu), 0.16 min (real)
Generate toy 163/250

 -- MarkovChainMC -- 
Limit: r < 16.3914 +/- 0.327305 @ 95% credibility (15 tries)
Done in 0.16 min (cpu), 0.16 min (real)
Generate toy 164/250

 -- MarkovChainMC -- 
Limit: r < 8.19121 +/- 0.23428 @ 95% credibility (15 tries)
Done in 0.16 min (cpu), 0.16 min (real)
Generate toy 165/250

 -- MarkovChainMC -- 
Limit: r < 12.2945 +/- 0.168752 @ 95% credibility (15 tries)
Done in 0.16 min (cpu), 0.16 min (real)
Generate toy 166/250

 -- MarkovChainMC -- 
Limit: r < 8.73643 +/- 0.224744 @ 95% credibility (15 tries)
Done in 0.16 min (cpu), 0.16 min (real)
Generate toy 167/250

 -- MarkovChainMC -- 
Limit: r < 9.07556 +/- 0.17051 @ 95% credibility (15 tries)
Done in 0.16 min (cpu), 0.16 min (real)
Generate toy 168/250

 -- MarkovChainMC -- 
Limit: r < 15.4977 +/- 0.18107 @ 95% credibility (15 tries)
Done in 0.17 min (cpu), 0.17 min (real)
Generate toy 169/250

 -- MarkovChainMC -- 
Limit: r < 6.17214 +/- 0.135758 @ 95% credibility (15 tries)
Done in 0.16 min (cpu), 0.16 min (real)
Generate toy 170/250

 -- MarkovChainMC -- 
Limit: r < 7.12149 +/- 0.175616 @ 95% credibility (15 tries)
Done in 0.16 min (cpu), 0.16 min (real)
Generate toy 171/250

 -- MarkovChainMC -- 
Limit: r < 12.6824 +/- 0.1492 @ 95% credibility (15 tries)
Done in 0.17 min (cpu), 0.17 min (real)
Generate toy 172/250

 -- MarkovChainMC -- 
Limit: r < 10.6185 +/- 0.139583 @ 95% credibility (15 tries)
Done in 0.16 min (cpu), 0.16 min (real)
Generate toy 173/250

 -- MarkovChainMC -- 
Limit: r < 6.86602 +/- 0.108949 @ 95% credibility (15 tries)
Done in 0.16 min (cpu), 0.16 min (real)
Generate toy 174/250

 -- MarkovChainMC -- 
Limit: r < 12.6857 +/- 0.244685 @ 95% credibility (15 tries)
Done in 0.17 min (cpu), 0.17 min (real)
Generate toy 175/250

 -- MarkovChainMC -- 
Limit: r < 9.25655 +/- 0.209382 @ 95% credibility (15 tries)
Done in 0.16 min (cpu), 0.16 min (real)
Generate toy 176/250

 -- MarkovChainMC -- 
Limit: r < 8.13877 +/- 0.187717 @ 95% credibility (15 tries)
Done in 0.16 min (cpu), 0.16 min (real)
Generate toy 177/250

 -- MarkovChainMC -- 
Limit: r < 9.73762 +/- 0.268039 @ 95% credibility (15 tries)
Done in 0.16 min (cpu), 0.16 min (real)
Generate toy 178/250

 -- MarkovChainMC -- 
Limit: r < 9.18794 +/- 0.159832 @ 95% credibility (15 tries)
Done in 0.16 min (cpu), 0.16 min (real)
Generate toy 179/250

 -- MarkovChainMC -- 
Limit: r < 9.09307 +/- 0.267853 @ 95% credibility (15 tries)
Done in 0.16 min (cpu), 0.16 min (real)
Generate toy 180/250

 -- MarkovChainMC -- 
Limit: r < 10.737 +/- 0.106546 @ 95% credibility (15 tries)
Done in 0.16 min (cpu), 0.16 min (real)
Generate toy 181/250

 -- MarkovChainMC -- 
Limit: r < 10.2043 +/- 0.16762 @ 95% credibility (15 tries)
Done in 0.16 min (cpu), 0.16 min (real)
Generate toy 182/250

 -- MarkovChainMC -- 
Limit: r < 14.1877 +/- 0.195289 @ 95% credibility (15 tries)
Done in 0.16 min (cpu), 0.17 min (real)
Generate toy 183/250

 -- MarkovChainMC -- 
Limit: r < 5.75286 +/- 0.124646 @ 95% credibility (15 tries)
Done in 0.15 min (cpu), 0.16 min (real)
Generate toy 184/250

 -- MarkovChainMC -- 
Limit: r < 10.647 +/- 0.165432 @ 95% credibility (15 tries)
Done in 0.16 min (cpu), 0.16 min (real)
Generate toy 185/250

 -- MarkovChainMC -- 
Limit: r < 8.04057 +/- 0.211244 @ 95% credibility (15 tries)
Done in 0.16 min (cpu), 0.16 min (real)
Generate toy 186/250

 -- MarkovChainMC -- 
Limit: r < 11.9167 +/- 0.121345 @ 95% credibility (15 tries)
Done in 0.16 min (cpu), 0.16 min (real)
Generate toy 187/250

 -- MarkovChainMC -- 
Limit: r < 7.29249 +/- 0.0772186 @ 95% credibility (15 tries)
Done in 0.16 min (cpu), 0.16 min (real)
Generate toy 188/250

 -- MarkovChainMC -- 
Limit: r < 7.45885 +/- 0.109894 @ 95% credibility (15 tries)
Done in 0.16 min (cpu), 0.16 min (real)
Generate toy 189/250

 -- MarkovChainMC -- 
Limit: r < 8.28032 +/- 0.129517 @ 95% credibility (15 tries)
Done in 0.16 min (cpu), 0.16 min (real)
Generate toy 190/250

 -- MarkovChainMC -- 
Limit: r < 16.2574 +/- 0.194877 @ 95% credibility (15 tries)
Done in 0.17 min (cpu), 0.17 min (real)
Generate toy 191/250

 -- MarkovChainMC -- 
Limit: r < 7.96344 +/- 0.179579 @ 95% credibility (15 tries)
Done in 0.16 min (cpu), 0.16 min (real)
Generate toy 192/250

 -- MarkovChainMC -- 
Limit: r < 10.7172 +/- 0.216502 @ 95% credibility (15 tries)
Done in 0.16 min (cpu), 0.16 min (real)
Generate toy 193/250

 -- MarkovChainMC -- 
Limit: r < 9.22233 +/- 0.221684 @ 95% credibility (15 tries)
Done in 0.16 min (cpu), 0.16 min (real)
Generate toy 194/250

 -- MarkovChainMC -- 
Limit: r < 7.89659 +/- 0.165124 @ 95% credibility (15 tries)
Done in 0.16 min (cpu), 0.16 min (real)
Generate toy 195/250

 -- MarkovChainMC -- 
Limit: r < 7.78367 +/- 0.257015 @ 95% credibility (15 tries)
Done in 0.16 min (cpu), 0.16 min (real)
Generate toy 196/250

 -- MarkovChainMC -- 
Limit: r < 13.5208 +/- 0.153273 @ 95% credibility (15 tries)
Done in 0.17 min (cpu), 0.17 min (real)
Generate toy 197/250

 -- MarkovChainMC -- 
Limit: r < 11.702 +/- 0.129722 @ 95% credibility (15 tries)
Done in 0.16 min (cpu), 0.17 min (real)
Generate toy 198/250

 -- MarkovChainMC -- 
Limit: r < 8.51214 +/- 0.151736 @ 95% credibility (15 tries)
Done in 0.16 min (cpu), 0.16 min (real)
Generate toy 199/250

 -- MarkovChainMC -- 
Limit: r < 19.1542 +/- 0.204278 @ 95% credibility (15 tries)
Done in 0.17 min (cpu), 0.17 min (real)
Generate toy 200/250

 -- MarkovChainMC -- 
Limit: r < 8.29283 +/- 0.0678275 @ 95% credibility (15 tries)
Done in 0.16 min (cpu), 0.16 min (real)
Generate toy 201/250

 -- MarkovChainMC -- 
Limit: r < 11.9536 +/- 0.233132 @ 95% credibility (15 tries)
Done in 0.16 min (cpu), 0.17 min (real)
Generate toy 202/250

 -- MarkovChainMC -- 
Limit: r < 8.84934 +/- 0.174678 @ 95% credibility (15 tries)
Done in 0.16 min (cpu), 0.16 min (real)
Generate toy 203/250

 -- MarkovChainMC -- 
Limit: r < 13.5132 +/- 0.187081 @ 95% credibility (15 tries)
Done in 0.17 min (cpu), 0.17 min (real)
Generate toy 204/250

 -- MarkovChainMC -- 
Limit: r < 8.20381 +/- 0.0507598 @ 95% credibility (15 tries)
Done in 0.16 min (cpu), 0.16 min (real)
Generate toy 205/250

 -- MarkovChainMC -- 
Limit: r < 4.61761 +/- 0.0734096 @ 95% credibility (15 tries)
Done in 0.16 min (cpu), 0.16 min (real)
Generate toy 206/250

 -- MarkovChainMC -- 
Limit: r < 10.4928 +/- 0.223275 @ 95% credibility (15 tries)
Done in 0.16 min (cpu), 0.16 min (real)
Generate toy 207/250

 -- MarkovChainMC -- 
Limit: r < 6.73011 +/- 0.183794 @ 95% credibility (15 tries)
Done in 0.16 min (cpu), 0.16 min (real)
Generate toy 208/250

 -- MarkovChainMC -- 
Limit: r < 12.2158 +/- 0.260736 @ 95% credibility (15 tries)
Done in 0.16 min (cpu), 0.17 min (real)
Generate toy 209/250

 -- MarkovChainMC -- 
Limit: r < 7.16108 +/- 0.0553058 @ 95% credibility (15 tries)
Done in 0.16 min (cpu), 0.16 min (real)
Generate toy 210/250

 -- MarkovChainMC -- 
Limit: r < 12.3799 +/- 0.1812 @ 95% credibility (15 tries)
Done in 0.16 min (cpu), 0.16 min (real)
Generate toy 211/250

 -- MarkovChainMC -- 
Limit: r < 5.30191 +/- 0.119359 @ 95% credibility (15 tries)
Done in 0.15 min (cpu), 0.15 min (real)
Generate toy 212/250

 -- MarkovChainMC -- 
Limit: r < 6.98435 +/- 0.121635 @ 95% credibility (15 tries)
Done in 0.16 min (cpu), 0.16 min (real)
Generate toy 213/250

 -- MarkovChainMC -- 
Limit: r < 9.22086 +/- 0.160685 @ 95% credibility (15 tries)
Done in 0.16 min (cpu), 0.16 min (real)
Generate toy 214/250

 -- MarkovChainMC -- 
Limit: r < 7.56021 +/- 0.0748421 @ 95% credibility (15 tries)
Done in 0.16 min (cpu), 0.16 min (real)
Generate toy 215/250

 -- MarkovChainMC -- 
Limit: r < 13.5852 +/- 0.218918 @ 95% credibility (15 tries)
Done in 0.16 min (cpu), 0.16 min (real)
Generate toy 216/250

 -- MarkovChainMC -- 
Limit: r < 7.86704 +/- 0.186724 @ 95% credibility (15 tries)
Done in 0.16 min (cpu), 0.16 min (real)
Generate toy 217/250

 -- MarkovChainMC -- 
Limit: r < 7.36401 +/- 0.241532 @ 95% credibility (15 tries)
Done in 0.16 min (cpu), 0.16 min (real)
Generate toy 218/250

 -- MarkovChainMC -- 
Limit: r < 8.34064 +/- 0.271014 @ 95% credibility (15 tries)
Done in 0.16 min (cpu), 0.16 min (real)
Generate toy 219/250

 -- MarkovChainMC -- 
Limit: r < 8.47614 +/- 0.137223 @ 95% credibility (15 tries)
Done in 0.16 min (cpu), 0.16 min (real)
Generate toy 220/250

 -- MarkovChainMC -- 
Limit: r < 14.3957 +/- 0.236168 @ 95% credibility (15 tries)
Done in 0.17 min (cpu), 0.17 min (real)
Generate toy 221/250

 -- MarkovChainMC -- 
Limit: r < 19.2134 +/- 0.213059 @ 95% credibility (15 tries)
Done in 0.17 min (cpu), 0.17 min (real)
Generate toy 222/250

 -- MarkovChainMC -- 
Limit: r < 13.4111 +/- 0.156145 @ 95% credibility (15 tries)
Done in 0.16 min (cpu), 0.17 min (real)
Generate toy 223/250

 -- MarkovChainMC -- 
Limit: r < 12.3898 +/- 0.175656 @ 95% credibility (15 tries)
Done in 0.17 min (cpu), 0.17 min (real)
Generate toy 224/250

 -- MarkovChainMC -- 
Limit: r < 10.1577 +/- 0.152096 @ 95% credibility (15 tries)
Done in 0.16 min (cpu), 0.16 min (real)
Generate toy 225/250

 -- MarkovChainMC -- 
Limit: r < 16.9239 +/- 0.257645 @ 95% credibility (15 tries)
Done in 0.17 min (cpu), 0.17 min (real)
Generate toy 226/250

 -- MarkovChainMC -- 
Limit: r < 7.18513 +/- 0.155018 @ 95% credibility (15 tries)
Done in 0.16 min (cpu), 0.16 min (real)
Generate toy 227/250

 -- MarkovChainMC -- 
Limit: r < 9.75236 +/- 0.242551 @ 95% credibility (15 tries)
Done in 0.16 min (cpu), 0.16 min (real)
Generate toy 228/250

 -- MarkovChainMC -- 
Limit: r < 9.33283 +/- 0.153295 @ 95% credibility (15 tries)
Done in 0.16 min (cpu), 0.16 min (real)
Generate toy 229/250

 -- MarkovChainMC -- 
Limit: r < 10.137 +/- 0.238452 @ 95% credibility (15 tries)
Done in 0.17 min (cpu), 0.17 min (real)
Generate toy 230/250

 -- MarkovChainMC -- 
Limit: r < 9.46575 +/- 0.177806 @ 95% credibility (15 tries)
Done in 0.16 min (cpu), 0.16 min (real)
Generate toy 231/250

 -- MarkovChainMC -- 
Limit: r < 10.1692 +/- 0.249569 @ 95% credibility (15 tries)
Done in 0.16 min (cpu), 0.16 min (real)
Generate toy 232/250

 -- MarkovChainMC -- 
Limit: r < 16.0989 +/- 0.236372 @ 95% credibility (15 tries)
Done in 0.17 min (cpu), 0.17 min (real)
Generate toy 233/250

 -- MarkovChainMC -- 
Limit: r < 12.2726 +/- 0.207101 @ 95% credibility (15 tries)
Done in 0.16 min (cpu), 0.17 min (real)
Generate toy 234/250

 -- MarkovChainMC -- 
Limit: r < 12.6385 +/- 0.313414 @ 95% credibility (15 tries)
Done in 0.16 min (cpu), 0.16 min (real)
Generate toy 235/250

 -- MarkovChainMC -- 
Limit: r < 9.24884 +/- 0.222278 @ 95% credibility (15 tries)
Done in 0.16 min (cpu), 0.16 min (real)
Generate toy 236/250

 -- MarkovChainMC -- 
Limit: r < 7.43345 +/- 0.212808 @ 95% credibility (15 tries)
Done in 0.16 min (cpu), 0.16 min (real)
Generate toy 237/250

 -- MarkovChainMC -- 
Limit: r < 11.7529 +/- 0.178559 @ 95% credibility (15 tries)
Done in 0.16 min (cpu), 0.17 min (real)
Generate toy 238/250

 -- MarkovChainMC -- 
Limit: r < 6.73127 +/- 0.0920337 @ 95% credibility (15 tries)
Done in 0.16 min (cpu), 0.16 min (real)
Generate toy 239/250

 -- MarkovChainMC -- 
Limit: r < 16.7929 +/- 0.297639 @ 95% credibility (15 tries)
Done in 0.18 min (cpu), 0.18 min (real)
Generate toy 240/250

 -- MarkovChainMC -- 
Limit: r < 11.0131 +/- 0.147845 @ 95% credibility (15 tries)
Done in 0.17 min (cpu), 0.17 min (real)
Generate toy 241/250

 -- MarkovChainMC -- 
Limit: r < 15.3624 +/- 0.178301 @ 95% credibility (15 tries)
Done in 0.17 min (cpu), 0.17 min (real)
Generate toy 242/250

 -- MarkovChainMC -- 
Limit: r < 13.3319 +/- 0.239698 @ 95% credibility (15 tries)
Done in 0.17 min (cpu), 0.17 min (real)
Generate toy 243/250

 -- MarkovChainMC -- 
Limit: r < 8.68538 +/- 0.143773 @ 95% credibility (15 tries)
Done in 0.16 min (cpu), 0.16 min (real)
Generate toy 244/250

 -- MarkovChainMC -- 
Limit: r < 7.62959 +/- 0.10673 @ 95% credibility (15 tries)
Done in 0.16 min (cpu), 0.16 min (real)
Generate toy 245/250

 -- MarkovChainMC -- 
Limit: r < 7.0367 +/- 0.131401 @ 95% credibility (15 tries)
Done in 0.16 min (cpu), 0.16 min (real)
Generate toy 246/250

 -- MarkovChainMC -- 
Limit: r < 14.4961 +/- 0.260811 @ 95% credibility (15 tries)
Done in 0.17 min (cpu), 0.17 min (real)
Generate toy 247/250

 -- MarkovChainMC -- 
Limit: r < 8.40718 +/- 0.128341 @ 95% credibility (15 tries)
Done in 0.16 min (cpu), 0.16 min (real)
Generate toy 248/250

 -- MarkovChainMC -- 
Limit: r < 4.15419 +/- 0.115127 @ 95% credibility (15 tries)
Done in 0.15 min (cpu), 0.16 min (real)
Generate toy 249/250

 -- MarkovChainMC -- 
Limit: r < 15.7685 +/- 0.135279 @ 95% credibility (15 tries)
Done in 0.17 min (cpu), 0.17 min (real)
Generate toy 250/250

 -- MarkovChainMC -- 
Limit: r < 9.73384 +/- 0.268713 @ 95% credibility (15 tries)
Done in 0.16 min (cpu), 0.16 min (real)
mean   expected limit: r < 10.7054 +/- 0.226547 @ 95%CL (250 toyMC)
median expected limit: r < 10.1474 @ 95%CL (250 toyMC)
   68% expected band : 7.29377 < r < 14.3957
   95% expected band : 5.30191 < r < 19.2134
