 <<< Combine >>> 
 <<< v10.0.2 >>>
>>> Used OpenSSL to get a truly random seed 1727016176
>>> Method used is MarkovChainMC
============================================================
Analyzing bin errors for: prop_binmuon_channel
Poisson cut-off: 10
Processes excluded for sums: Wprime6600
============================================================
Bin        Contents        Error           Notes                         
0          6052.690993     20.260447       total sum                     
0          6051.230579     20.260417       excluding marked processes    
0          89205.000000    298.672061      Unweighted events, alpha=0.067851
  => Total parameter prop_binmuon_channel_bin0[0.00,-7.00,7.00] to be Gaussian constrained
------------------------------------------------------------
1          2272.403683     14.934738       total sum                     
1          2271.117844     14.934700       excluding marked processes    
1          23125.000000    152.069063      Unweighted events, alpha=0.098266
  => Total parameter prop_binmuon_channel_bin1[0.00,-7.00,7.00] to be Gaussian constrained
------------------------------------------------------------
2          980.889805      6.845966        total sum                     
2          979.732559      6.845896        excluding marked processes    
2          20481.000000    143.111844      Unweighted events, alpha=0.047893
  => Total parameter prop_binmuon_channel_bin2[0.00,-7.00,7.00] to be Gaussian constrained
------------------------------------------------------------
3          483.502047      3.366975        total sum                     
3          482.497368      3.366851        excluding marked processes    
3          20537.000000    143.307362      Unweighted events, alpha=0.023543
  => Total parameter prop_binmuon_channel_bin3[0.00,-7.00,7.00] to be Gaussian constrained
------------------------------------------------------------
4          254.007051      2.108574        total sum                     
4          253.095108      2.108391        excluding marked processes    
4          14410.000000    120.041659      Unweighted events, alpha=0.017627
  => Total parameter prop_binmuon_channel_bin4[0.00,-7.00,7.00] to be Gaussian constrained
------------------------------------------------------------
5          145.410538      2.019384        total sum                     
5          144.653052      2.019225        excluding marked processes    
5          5132.000000     71.637979       Unweighted events, alpha=0.028334
  => Total parameter prop_binmuon_channel_bin5[0.00,-7.00,7.00] to be Gaussian constrained
------------------------------------------------------------
6          136.399647      1.109983        total sum                     
6          135.114585      1.109498        excluding marked processes    
6          14830.000000    121.778487      Unweighted events, alpha=0.009198
  => Total parameter prop_binmuon_channel_bin6[0.00,-7.00,7.00] to be Gaussian constrained
------------------------------------------------------------
7          53.526418       0.722254        total sum                     
7          52.500202       0.721666        excluding marked processes    
7          5292.000000     72.746134       Unweighted events, alpha=0.010115
  => Total parameter prop_binmuon_channel_bin7[0.00,-7.00,7.00] to be Gaussian constrained
------------------------------------------------------------
8          30.811223       0.463632        total sum                     
8          29.573900       0.462518        excluding marked processes    
8          4088.000000     63.937469       Unweighted events, alpha=0.007537
  => Total parameter prop_binmuon_channel_bin8[0.00,-7.00,7.00] to be Gaussian constrained
------------------------------------------------------------
9          10.612294       0.262900        total sum                     
9          9.772628        0.261572        excluding marked processes    
9          1396.000000     37.363083       Unweighted events, alpha=0.007602
  => Total parameter prop_binmuon_channel_bin9[0.00,-7.00,7.00] to be Gaussian constrained
------------------------------------------------------------
10         5.054983        0.110637        total sum                     
10         4.190422        0.107321        excluding marked processes    
10         1525.000000     39.051248       Unweighted events, alpha=0.003315
  => Total parameter prop_binmuon_channel_bin10[0.00,-7.00,7.00] to be Gaussian constrained
------------------------------------------------------------
11         2.552918        0.212912        total sum                     
11         1.678237        0.211190        excluding marked processes    
11         63.000000       7.937254        Unweighted events, alpha=0.040523
  => Total parameter prop_binmuon_channel_bin11[0.00,-7.00,7.00] to be Gaussian constrained
------------------------------------------------------------
12         1.024476        0.025086        total sum                     
12         0.274599        0.001252        excluding marked processes    
12         48095.000000    219.305723      Unweighted events, alpha=0.000021
  => Total parameter prop_binmuon_channel_bin12[0.00,-7.00,7.00] to be Gaussian constrained
------------------------------------------------------------
13         1.741196        0.037622        total sum                     
13         0.082734        0.000685        excluding marked processes    
13         14580.000000    120.747671      Unweighted events, alpha=0.000119
  => Total parameter prop_binmuon_channel_bin13[0.00,-7.00,7.00] to be Gaussian constrained
------------------------------------------------------------
14         1.344872        0.033726        total sum                     
14         0.005441        0.000572        excluding marked processes    
14         90.000000       9.486833        Unweighted events, alpha=0.014943
  => Total parameter prop_binmuon_channel_bin14[0.00,-7.00,7.00] to be Gaussian constrained
------------------------------------------------------------
15         1.113969        0.030499        total sum                     
15         0.001046        0.000053        excluding marked processes    
15         392.000000      19.798990       Unweighted events, alpha=0.002842
  => Total parameter prop_binmuon_channel_bin15[0.00,-7.00,7.00] to be Gaussian constrained
------------------------------------------------------------
16         0.185099        0.012408        total sum                     
16         0.000284        0.000008        excluding marked processes    
16         1226.000000     35.014283       Unweighted events, alpha=0.000151
  => Total parameter prop_binmuon_channel_bin16[0.00,-7.00,7.00] to be Gaussian constrained
------------------------------------------------------------
Channel muon_channel will use autoMCStats with settings: event-threshold=10, include-signal=0, hist-mode=1
Generate toy 1/150

 -- MarkovChainMC -- 
Limit: r < 0.690704 +/- 0.00378736 @ 95% credibility (15 tries)
Done in 0.17 min (cpu), 0.17 min (real)
Generate toy 2/150

 -- MarkovChainMC -- 
Limit: r < 0.620692 +/- 0.00513107 @ 95% credibility (15 tries)
Done in 0.17 min (cpu), 0.17 min (real)
Generate toy 3/150

 -- MarkovChainMC -- 
Limit: r < 0.583423 +/- 0.00703577 @ 95% credibility (15 tries)
Done in 0.16 min (cpu), 0.17 min (real)
Generate toy 4/150

 -- MarkovChainMC -- 
Limit: r < 0.724031 +/- 0.00796841 @ 95% credibility (15 tries)
Done in 0.17 min (cpu), 0.18 min (real)
Generate toy 5/150

 -- MarkovChainMC -- 
Limit: r < 0.596757 +/- 0.0091041 @ 95% credibility (15 tries)
Done in 0.16 min (cpu), 0.19 min (real)
Generate toy 6/150

 -- MarkovChainMC -- 
Limit: r < 0.738038 +/- 0.00782462 @ 95% credibility (15 tries)
Done in 0.17 min (cpu), 0.19 min (real)
Generate toy 7/150

 -- MarkovChainMC -- 
Limit: r < 0.714346 +/- 0.010196 @ 95% credibility (15 tries)
Done in 0.16 min (cpu), 0.17 min (real)
Generate toy 8/150

 -- MarkovChainMC -- 
Limit: r < 0.663896 +/- 0.0125304 @ 95% credibility (15 tries)
Done in 0.17 min (cpu), 0.19 min (real)
Generate toy 9/150

 -- MarkovChainMC -- 
Limit: r < 0.572085 +/- 0.00758325 @ 95% credibility (15 tries)
Done in 0.16 min (cpu), 0.17 min (real)
Generate toy 10/150

 -- MarkovChainMC -- 
Limit: r < 0.999553 +/- 0.015844 @ 95% credibility (15 tries)
Done in 0.18 min (cpu), 0.18 min (real)
Generate toy 11/150

 -- MarkovChainMC -- 
Limit: r < 0.723927 +/- 0.00950566 @ 95% credibility (15 tries)
Done in 0.12 min (cpu), 0.12 min (real)
Generate toy 12/150

 -- MarkovChainMC -- 
Limit: r < 0.9427 +/- 0.0111524 @ 95% credibility (15 tries)
Done in 0.13 min (cpu), 0.13 min (real)
Generate toy 13/150

 -- MarkovChainMC -- 
Limit: r < 0.518229 +/- 0.00542069 @ 95% credibility (15 tries)
Done in 0.13 min (cpu), 0.13 min (real)
Generate toy 14/150

 -- MarkovChainMC -- 
Limit: r < 0.76157 +/- 0.00672156 @ 95% credibility (15 tries)
Done in 0.12 min (cpu), 0.12 min (real)
Generate toy 15/150

 -- MarkovChainMC -- 
Limit: r < 0.863522 +/- 0.00770916 @ 95% credibility (15 tries)
Done in 0.12 min (cpu), 0.13 min (real)
Generate toy 16/150

 -- MarkovChainMC -- 
Limit: r < 0.711582 +/- 0.0063206 @ 95% credibility (15 tries)
Done in 0.11 min (cpu), 0.11 min (real)
Generate toy 17/150

 -- MarkovChainMC -- 
Limit: r < 0.569984 +/- 0.0106874 @ 95% credibility (15 tries)
Done in 0.11 min (cpu), 0.11 min (real)
Generate toy 18/150

 -- MarkovChainMC -- 
Limit: r < 0.723473 +/- 0.0096609 @ 95% credibility (15 tries)
Done in 0.11 min (cpu), 0.11 min (real)
Generate toy 19/150

 -- MarkovChainMC -- 
Limit: r < 1.03311 +/- 0.0158256 @ 95% credibility (15 tries)
Done in 0.13 min (cpu), 0.13 min (real)
Generate toy 20/150

 -- MarkovChainMC -- 
Limit: r < 0.988566 +/- 0.0123579 @ 95% credibility (15 tries)
Done in 0.12 min (cpu), 0.12 min (real)
Generate toy 21/150

 -- MarkovChainMC -- 
Limit: r < 0.649304 +/- 0.0043301 @ 95% credibility (15 tries)
Done in 0.13 min (cpu), 0.13 min (real)
Generate toy 22/150

 -- MarkovChainMC -- 
Limit: r < 0.620834 +/- 0.00905774 @ 95% credibility (15 tries)
Done in 0.13 min (cpu), 0.13 min (real)
Generate toy 23/150

 -- MarkovChainMC -- 
Limit: r < 0.909266 +/- 0.0086001 @ 95% credibility (15 tries)
Done in 0.12 min (cpu), 0.13 min (real)
Generate toy 24/150

 -- MarkovChainMC -- 
Limit: r < 0.872828 +/- 0.0142708 @ 95% credibility (15 tries)
Done in 0.11 min (cpu), 0.12 min (real)
Generate toy 25/150

 -- MarkovChainMC -- 
Limit: r < 1.0616 +/- 0.0116813 @ 95% credibility (15 tries)
Done in 0.15 min (cpu), 0.15 min (real)
Generate toy 26/150

 -- MarkovChainMC -- 
Limit: r < 0.642911 +/- 0.00885457 @ 95% credibility (15 tries)
Done in 0.16 min (cpu), 0.16 min (real)
Generate toy 27/150

 -- MarkovChainMC -- 
Limit: r < 0.686123 +/- 0.00809035 @ 95% credibility (15 tries)
Done in 0.16 min (cpu), 0.16 min (real)
Generate toy 28/150

 -- MarkovChainMC -- 
Limit: r < 0.607855 +/- 0.0064399 @ 95% credibility (15 tries)
Done in 0.16 min (cpu), 0.16 min (real)
Generate toy 29/150

 -- MarkovChainMC -- 
Limit: r < 0.654849 +/- 0.0106365 @ 95% credibility (15 tries)
Done in 0.16 min (cpu), 0.16 min (real)
Generate toy 30/150

 -- MarkovChainMC -- 
Limit: r < 0.588858 +/- 0.00802049 @ 95% credibility (15 tries)
Done in 0.15 min (cpu), 0.15 min (real)
Generate toy 31/150

 -- MarkovChainMC -- 
Limit: r < 0.889921 +/- 0.00990858 @ 95% credibility (15 tries)
Done in 0.17 min (cpu), 0.17 min (real)
Generate toy 32/150

 -- MarkovChainMC -- 
Limit: r < 0.550008 +/- 0.00796063 @ 95% credibility (15 tries)
Done in 0.16 min (cpu), 0.16 min (real)
Generate toy 33/150

 -- MarkovChainMC -- 
Limit: r < 0.587314 +/- 0.0070973 @ 95% credibility (15 tries)
Done in 0.16 min (cpu), 0.16 min (real)
Generate toy 34/150

 -- MarkovChainMC -- 
Limit: r < 0.799987 +/- 0.0091541 @ 95% credibility (15 tries)
Done in 0.17 min (cpu), 0.17 min (real)
Generate toy 35/150

 -- MarkovChainMC -- 
Limit: r < 0.93289 +/- 0.0125517 @ 95% credibility (15 tries)
Done in 0.16 min (cpu), 0.16 min (real)
Generate toy 36/150

 -- MarkovChainMC -- 
Limit: r < 0.701824 +/- 0.00866977 @ 95% credibility (15 tries)
Done in 0.14 min (cpu), 0.14 min (real)
Generate toy 37/150

 -- MarkovChainMC -- 
Limit: r < 0.612602 +/- 0.0117378 @ 95% credibility (15 tries)
Done in 0.16 min (cpu), 0.16 min (real)
Generate toy 38/150

 -- MarkovChainMC -- 
Limit: r < 0.587816 +/- 0.00988098 @ 95% credibility (15 tries)
Done in 0.17 min (cpu), 0.17 min (real)
Generate toy 39/150

 -- MarkovChainMC -- 
Limit: r < 0.592073 +/- 0.0092893 @ 95% credibility (15 tries)
Done in 0.18 min (cpu), 0.18 min (real)
Generate toy 40/150

 -- MarkovChainMC -- 
Limit: r < 0.564498 +/- 0.0072739 @ 95% credibility (15 tries)
Done in 0.18 min (cpu), 0.18 min (real)
Generate toy 41/150

 -- MarkovChainMC -- 
Limit: r < 0.639173 +/- 0.00533989 @ 95% credibility (15 tries)
Done in 0.18 min (cpu), 0.18 min (real)
Generate toy 42/150

 -- MarkovChainMC -- 
Limit: r < 0.708888 +/- 0.00838279 @ 95% credibility (15 tries)
Done in 0.15 min (cpu), 0.15 min (real)
Generate toy 43/150

 -- MarkovChainMC -- 
Limit: r < 0.640654 +/- 0.00979439 @ 95% credibility (15 tries)
Done in 0.14 min (cpu), 0.14 min (real)
Generate toy 44/150

 -- MarkovChainMC -- 
Limit: r < 0.790329 +/- 0.01084 @ 95% credibility (15 tries)
Done in 0.16 min (cpu), 0.16 min (real)
Generate toy 45/150

 -- MarkovChainMC -- 
Limit: r < 0.652292 +/- 0.00841682 @ 95% credibility (15 tries)
Done in 0.15 min (cpu), 0.15 min (real)
Generate toy 46/150

 -- MarkovChainMC -- 
Limit: r < 0.520647 +/- 0.00717698 @ 95% credibility (15 tries)
Done in 0.15 min (cpu), 0.16 min (real)
Generate toy 47/150

 -- MarkovChainMC -- 
Limit: r < 0.725746 +/- 0.0104803 @ 95% credibility (15 tries)
Done in 0.16 min (cpu), 0.16 min (real)
Generate toy 48/150

 -- MarkovChainMC -- 
Limit: r < 0.626595 +/- 0.0114895 @ 95% credibility (15 tries)
Done in 0.16 min (cpu), 0.16 min (real)
Generate toy 49/150

 -- MarkovChainMC -- 
Limit: r < 1.10124 +/- 0.0139852 @ 95% credibility (15 tries)
Done in 0.17 min (cpu), 0.17 min (real)
Generate toy 50/150

 -- MarkovChainMC -- 
Limit: r < 0.803838 +/- 0.0131673 @ 95% credibility (15 tries)
Done in 0.17 min (cpu), 0.17 min (real)
Generate toy 51/150

 -- MarkovChainMC -- 
Limit: r < 0.769674 +/- 0.00689945 @ 95% credibility (15 tries)
Done in 0.17 min (cpu), 0.17 min (real)
Generate toy 52/150

 -- MarkovChainMC -- 
Limit: r < 0.556278 +/- 0.00981092 @ 95% credibility (15 tries)
Done in 0.16 min (cpu), 0.16 min (real)
Generate toy 53/150

 -- MarkovChainMC -- 
Limit: r < 0.752028 +/- 0.00923189 @ 95% credibility (15 tries)
Done in 0.16 min (cpu), 0.16 min (real)
Generate toy 54/150

 -- MarkovChainMC -- 
Limit: r < 0.60304 +/- 0.00498608 @ 95% credibility (15 tries)
Done in 0.16 min (cpu), 0.16 min (real)
Generate toy 55/150

 -- MarkovChainMC -- 
Limit: r < 1.14146 +/- 0.0131543 @ 95% credibility (15 tries)
Done in 0.20 min (cpu), 0.20 min (real)
Generate toy 56/150

 -- MarkovChainMC -- 
Limit: r < 0.593695 +/- 0.0100993 @ 95% credibility (15 tries)
Done in 0.16 min (cpu), 0.17 min (real)
Generate toy 57/150

 -- MarkovChainMC -- 
Limit: r < 0.708026 +/- 0.0044028 @ 95% credibility (15 tries)
Done in 0.13 min (cpu), 0.13 min (real)
Generate toy 58/150

 -- MarkovChainMC -- 
Limit: r < 0.60686 +/- 0.00942646 @ 95% credibility (15 tries)
Done in 0.14 min (cpu), 0.14 min (real)
Generate toy 59/150

 -- MarkovChainMC -- 
Limit: r < 0.546112 +/- 0.00765775 @ 95% credibility (15 tries)
Done in 0.13 min (cpu), 0.13 min (real)
Generate toy 60/150

 -- MarkovChainMC -- 
Limit: r < 0.70221 +/- 0.00911189 @ 95% credibility (15 tries)
Done in 0.16 min (cpu), 0.16 min (real)
Generate toy 61/150

 -- MarkovChainMC -- 
Limit: r < 0.680718 +/- 0.0108814 @ 95% credibility (15 tries)
Done in 0.16 min (cpu), 0.16 min (real)
Generate toy 62/150

 -- MarkovChainMC -- 
Limit: r < 0.684636 +/- 0.00879274 @ 95% credibility (15 tries)
Done in 0.15 min (cpu), 0.15 min (real)
Generate toy 63/150

 -- MarkovChainMC -- 
Limit: r < 0.674876 +/- 0.0126716 @ 95% credibility (15 tries)
Done in 0.12 min (cpu), 0.12 min (real)
Generate toy 64/150

 -- MarkovChainMC -- 
Limit: r < 0.639122 +/- 0.00889935 @ 95% credibility (15 tries)
Done in 0.12 min (cpu), 0.12 min (real)
Generate toy 65/150

 -- MarkovChainMC -- 
Limit: r < 0.647478 +/- 0.00990672 @ 95% credibility (15 tries)
Done in 0.12 min (cpu), 0.13 min (real)
Generate toy 66/150

 -- MarkovChainMC -- 
Limit: r < 0.594407 +/- 0.00702309 @ 95% credibility (15 tries)
Done in 0.12 min (cpu), 0.12 min (real)
Generate toy 67/150

 -- MarkovChainMC -- 
Limit: r < 1.04581 +/- 0.012442 @ 95% credibility (15 tries)
Done in 0.13 min (cpu), 0.13 min (real)
Generate toy 68/150

 -- MarkovChainMC -- 
Limit: r < 0.57596 +/- 0.00624619 @ 95% credibility (15 tries)
Done in 0.11 min (cpu), 0.11 min (real)
Generate toy 69/150

 -- MarkovChainMC -- 
Limit: r < 0.561149 +/- 0.00535048 @ 95% credibility (15 tries)
Done in 0.11 min (cpu), 0.11 min (real)
Generate toy 70/150

 -- MarkovChainMC -- 
Limit: r < 0.465365 +/- 0.0054045 @ 95% credibility (15 tries)
Done in 0.13 min (cpu), 0.13 min (real)
Generate toy 71/150

 -- MarkovChainMC -- 
Limit: r < 0.725769 +/- 0.00728681 @ 95% credibility (15 tries)
Done in 0.12 min (cpu), 0.12 min (real)
Generate toy 72/150

 -- MarkovChainMC -- 
Limit: r < 0.690225 +/- 0.00626402 @ 95% credibility (15 tries)
Done in 0.13 min (cpu), 0.14 min (real)
Generate toy 73/150

 -- MarkovChainMC -- 
Limit: r < 0.643798 +/- 0.00767736 @ 95% credibility (15 tries)
Done in 0.15 min (cpu), 0.15 min (real)
Generate toy 74/150

 -- MarkovChainMC -- 
Limit: r < 0.576216 +/- 0.0110815 @ 95% credibility (15 tries)
Done in 0.15 min (cpu), 0.15 min (real)
Generate toy 75/150

 -- MarkovChainMC -- 
Limit: r < 0.709767 +/- 0.00677543 @ 95% credibility (15 tries)
Done in 0.15 min (cpu), 0.15 min (real)
Generate toy 76/150

 -- MarkovChainMC -- 
Limit: r < 0.762808 +/- 0.01229 @ 95% credibility (15 tries)
Done in 0.16 min (cpu), 0.16 min (real)
Generate toy 77/150

 -- MarkovChainMC -- 
Limit: r < 0.608804 +/- 0.00549362 @ 95% credibility (15 tries)
Done in 0.15 min (cpu), 0.15 min (real)
Generate toy 78/150

 -- MarkovChainMC -- 
Limit: r < 0.548881 +/- 0.00583826 @ 95% credibility (15 tries)
Done in 0.16 min (cpu), 0.16 min (real)
Generate toy 79/150

 -- MarkovChainMC -- 
Limit: r < 0.839437 +/- 0.00784249 @ 95% credibility (15 tries)
Done in 0.15 min (cpu), 0.16 min (real)
Generate toy 80/150

 -- MarkovChainMC -- 
Limit: r < 0.629343 +/- 0.00891953 @ 95% credibility (15 tries)
Done in 0.16 min (cpu), 0.16 min (real)
Generate toy 81/150

 -- MarkovChainMC -- 
Limit: r < 0.632726 +/- 0.00843813 @ 95% credibility (15 tries)
Done in 0.16 min (cpu), 0.16 min (real)
Generate toy 82/150

 -- MarkovChainMC -- 
Limit: r < 0.793096 +/- 0.00914618 @ 95% credibility (15 tries)
Done in 0.17 min (cpu), 0.17 min (real)
Generate toy 83/150

 -- MarkovChainMC -- 
Limit: r < 0.551726 +/- 0.00703609 @ 95% credibility (15 tries)
Done in 0.18 min (cpu), 0.18 min (real)
Generate toy 84/150

 -- MarkovChainMC -- 
Limit: r < 0.710595 +/- 0.0102697 @ 95% credibility (15 tries)
Done in 0.18 min (cpu), 0.19 min (real)
Generate toy 85/150

 -- MarkovChainMC -- 
Limit: r < 0.505969 +/- 0.00229968 @ 95% credibility (15 tries)
Done in 0.13 min (cpu), 0.13 min (real)
Generate toy 86/150

 -- MarkovChainMC -- 
Limit: r < 1.38588 +/- 0.012661 @ 95% credibility (15 tries)
Done in 0.19 min (cpu), 0.19 min (real)
Generate toy 87/150

 -- MarkovChainMC -- 
Limit: r < 0.488525 +/- 0.00665511 @ 95% credibility (15 tries)
Done in 0.15 min (cpu), 0.16 min (real)
Generate toy 88/150

 -- MarkovChainMC -- 
Limit: r < 0.857166 +/- 0.0054998 @ 95% credibility (15 tries)
Done in 0.16 min (cpu), 0.16 min (real)
Generate toy 89/150

 -- MarkovChainMC -- 
Limit: r < 0.713936 +/- 0.00724958 @ 95% credibility (15 tries)
Done in 0.15 min (cpu), 0.15 min (real)
Generate toy 90/150

 -- MarkovChainMC -- 
Limit: r < 0.492189 +/- 0.00429287 @ 95% credibility (15 tries)
Done in 0.15 min (cpu), 0.15 min (real)
Generate toy 91/150

 -- MarkovChainMC -- 
Limit: r < 0.575664 +/- 0.00959833 @ 95% credibility (15 tries)
Done in 0.15 min (cpu), 0.15 min (real)
Generate toy 92/150

 -- MarkovChainMC -- 
Limit: r < 0.620775 +/- 0.00813778 @ 95% credibility (15 tries)
Done in 0.15 min (cpu), 0.15 min (real)
Generate toy 93/150

 -- MarkovChainMC -- 
Limit: r < 0.662828 +/- 0.0129856 @ 95% credibility (15 tries)
Done in 0.15 min (cpu), 0.15 min (real)
Generate toy 94/150

 -- MarkovChainMC -- 
Limit: r < 0.878813 +/- 0.00757509 @ 95% credibility (15 tries)
Done in 0.15 min (cpu), 0.15 min (real)
Generate toy 95/150

 -- MarkovChainMC -- 
Limit: r < 1.00763 +/- 0.0146963 @ 95% credibility (15 tries)
Done in 0.14 min (cpu), 0.14 min (real)
Generate toy 96/150

 -- MarkovChainMC -- 
Limit: r < 0.656256 +/- 0.00920043 @ 95% credibility (15 tries)
Done in 0.15 min (cpu), 0.15 min (real)
Generate toy 97/150

 -- MarkovChainMC -- 
Limit: r < 0.573172 +/- 0.00930279 @ 95% credibility (15 tries)
Done in 0.16 min (cpu), 0.17 min (real)
Generate toy 98/150

 -- MarkovChainMC -- 
Limit: r < 0.600133 +/- 0.00721152 @ 95% credibility (15 tries)
Done in 0.17 min (cpu), 0.17 min (real)
Generate toy 99/150

 -- MarkovChainMC -- 
Limit: r < 0.622424 +/- 0.0112487 @ 95% credibility (15 tries)
Done in 0.17 min (cpu), 0.17 min (real)
Generate toy 100/150

 -- MarkovChainMC -- 
Limit: r < 0.632174 +/- 0.0114184 @ 95% credibility (15 tries)
Done in 0.17 min (cpu), 0.17 min (real)
Generate toy 101/150

 -- MarkovChainMC -- 
Limit: r < 0.635267 +/- 0.0125718 @ 95% credibility (15 tries)
Done in 0.17 min (cpu), 0.18 min (real)
Generate toy 102/150

 -- MarkovChainMC -- 
Limit: r < 0.59759 +/- 0.00834628 @ 95% credibility (15 tries)
Done in 0.17 min (cpu), 0.17 min (real)
Generate toy 103/150

 -- MarkovChainMC -- 
Limit: r < 0.856256 +/- 0.00541172 @ 95% credibility (15 tries)
Done in 0.18 min (cpu), 0.18 min (real)
Generate toy 104/150

 -- MarkovChainMC -- 
Limit: r < 0.563296 +/- 0.00834252 @ 95% credibility (15 tries)
Done in 0.16 min (cpu), 0.16 min (real)
Generate toy 105/150

 -- MarkovChainMC -- 
Limit: r < 0.720185 +/- 0.00675613 @ 95% credibility (15 tries)
Done in 0.18 min (cpu), 0.18 min (real)
Generate toy 106/150

 -- MarkovChainMC -- 
Limit: r < 0.74929 +/- 0.00874419 @ 95% credibility (15 tries)
Done in 0.14 min (cpu), 0.14 min (real)
Generate toy 107/150

 -- MarkovChainMC -- 
Limit: r < 0.891592 +/- 0.00859115 @ 95% credibility (15 tries)
Done in 0.13 min (cpu), 0.13 min (real)
Generate toy 108/150

 -- MarkovChainMC -- 
Limit: r < 0.743279 +/- 0.0102284 @ 95% credibility (15 tries)
Done in 0.12 min (cpu), 0.12 min (real)
Generate toy 109/150

 -- MarkovChainMC -- 
Limit: r < 0.834778 +/- 0.00886321 @ 95% credibility (15 tries)
Done in 0.19 min (cpu), 0.19 min (real)
Generate toy 110/150

 -- MarkovChainMC -- 
Limit: r < 0.756478 +/- 0.0132936 @ 95% credibility (15 tries)
Done in 0.18 min (cpu), 0.18 min (real)
Generate toy 111/150

 -- MarkovChainMC -- 
Limit: r < 0.53638 +/- 0.00959428 @ 95% credibility (15 tries)
Done in 0.16 min (cpu), 0.16 min (real)
Generate toy 112/150

 -- MarkovChainMC -- 
Limit: r < 1.19505 +/- 0.0133108 @ 95% credibility (15 tries)
Done in 0.17 min (cpu), 0.17 min (real)
Generate toy 113/150

 -- MarkovChainMC -- 
Limit: r < 0.616643 +/- 0.0101741 @ 95% credibility (15 tries)
Done in 0.16 min (cpu), 0.16 min (real)
Generate toy 114/150

 -- MarkovChainMC -- 
Limit: r < 1.09986 +/- 0.00881568 @ 95% credibility (15 tries)
Done in 0.16 min (cpu), 0.17 min (real)
Generate toy 115/150

 -- MarkovChainMC -- 
Limit: r < 1.03612 +/- 0.0131344 @ 95% credibility (15 tries)
Done in 0.17 min (cpu), 0.17 min (real)
Generate toy 116/150

 -- MarkovChainMC -- 
Limit: r < 0.790091 +/- 0.0082563 @ 95% credibility (15 tries)
Done in 0.17 min (cpu), 0.17 min (real)
Generate toy 117/150

 -- MarkovChainMC -- 
Limit: r < 0.478015 +/- 0.00568153 @ 95% credibility (15 tries)
Done in 0.16 min (cpu), 0.16 min (real)
Generate toy 118/150

 -- MarkovChainMC -- 
Limit: r < 0.680145 +/- 0.00913436 @ 95% credibility (15 tries)
Done in 0.16 min (cpu), 0.16 min (real)
Generate toy 119/150

 -- MarkovChainMC -- 
Limit: r < 0.624565 +/- 0.00946915 @ 95% credibility (15 tries)
Done in 0.14 min (cpu), 0.15 min (real)
Generate toy 120/150

 -- MarkovChainMC -- 
Limit: r < 1.2917 +/- 0.0166322 @ 95% credibility (15 tries)
Done in 0.14 min (cpu), 0.14 min (real)
Generate toy 121/150

 -- MarkovChainMC -- 
Limit: r < 0.551929 +/- 0.00456912 @ 95% credibility (15 tries)
Done in 0.13 min (cpu), 0.13 min (real)
Generate toy 122/150

 -- MarkovChainMC -- 
Limit: r < 0.744252 +/- 0.0117437 @ 95% credibility (15 tries)
Done in 0.15 min (cpu), 0.15 min (real)
Generate toy 123/150

 -- MarkovChainMC -- 
Limit: r < 0.69399 +/- 0.0111792 @ 95% credibility (15 tries)
Done in 0.15 min (cpu), 0.16 min (real)
Generate toy 124/150

 -- MarkovChainMC -- 
Limit: r < 0.830613 +/- 0.0153239 @ 95% credibility (15 tries)
Done in 0.17 min (cpu), 0.17 min (real)
Generate toy 125/150

 -- MarkovChainMC -- 
Limit: r < 0.605216 +/- 0.0105983 @ 95% credibility (15 tries)
Done in 0.18 min (cpu), 0.18 min (real)
Generate toy 126/150

 -- MarkovChainMC -- 
Limit: r < 0.640059 +/- 0.0067639 @ 95% credibility (15 tries)
Done in 0.16 min (cpu), 0.16 min (real)
Generate toy 127/150

 -- MarkovChainMC -- 
Limit: r < 0.877569 +/- 0.0123138 @ 95% credibility (15 tries)
Done in 0.15 min (cpu), 0.15 min (real)
Generate toy 128/150

 -- MarkovChainMC -- 
Limit: r < 0.603427 +/- 0.0121171 @ 95% credibility (15 tries)
Done in 0.13 min (cpu), 0.13 min (real)
Generate toy 129/150

 -- MarkovChainMC -- 
Limit: r < 0.808172 +/- 0.00787048 @ 95% credibility (15 tries)
Done in 0.13 min (cpu), 0.13 min (real)
Generate toy 130/150

 -- MarkovChainMC -- 
Limit: r < 0.599202 +/- 0.00612511 @ 95% credibility (15 tries)
Done in 0.13 min (cpu), 0.13 min (real)
Generate toy 131/150

 -- MarkovChainMC -- 
Limit: r < 0.571068 +/- 0.00688028 @ 95% credibility (15 tries)
Done in 0.17 min (cpu), 0.17 min (real)
Generate toy 132/150

 -- MarkovChainMC -- 
Limit: r < 0.785512 +/- 0.00766497 @ 95% credibility (15 tries)
Done in 0.18 min (cpu), 0.18 min (real)
Generate toy 133/150

 -- MarkovChainMC -- 
Limit: r < 0.531893 +/- 0.0057591 @ 95% credibility (15 tries)
Done in 0.18 min (cpu), 0.18 min (real)
Generate toy 134/150

 -- MarkovChainMC -- 
Limit: r < 0.938201 +/- 0.0127642 @ 95% credibility (15 tries)
Done in 0.19 min (cpu), 0.19 min (real)
Generate toy 135/150

 -- MarkovChainMC -- 
Limit: r < 0.630268 +/- 0.00284009 @ 95% credibility (15 tries)
Done in 0.18 min (cpu), 0.18 min (real)
Generate toy 136/150

 -- MarkovChainMC -- 
Limit: r < 0.582572 +/- 0.00678573 @ 95% credibility (15 tries)
Done in 0.18 min (cpu), 0.18 min (real)
Generate toy 137/150

 -- MarkovChainMC -- 
Limit: r < 0.926364 +/- 0.00745993 @ 95% credibility (15 tries)
Done in 0.18 min (cpu), 0.18 min (real)
Generate toy 138/150

 -- MarkovChainMC -- 
Limit: r < 0.647218 +/- 0.00936801 @ 95% credibility (15 tries)
Done in 0.17 min (cpu), 0.17 min (real)
Generate toy 139/150

 -- MarkovChainMC -- 
Limit: r < 0.677814 +/- 0.00919573 @ 95% credibility (15 tries)
Done in 0.17 min (cpu), 0.18 min (real)
Generate toy 140/150

 -- MarkovChainMC -- 
Limit: r < 0.802389 +/- 0.00810339 @ 95% credibility (15 tries)
Done in 0.18 min (cpu), 0.18 min (real)
Generate toy 141/150

 -- MarkovChainMC -- 
Limit: r < 0.614648 +/- 0.00738846 @ 95% credibility (15 tries)
Done in 0.17 min (cpu), 0.17 min (real)
Generate toy 142/150

 -- MarkovChainMC -- 
Limit: r < 0.533703 +/- 0.00386705 @ 95% credibility (15 tries)
Done in 0.16 min (cpu), 0.16 min (real)
Generate toy 143/150

 -- MarkovChainMC -- 
Limit: r < 0.5276 +/- 0.00626971 @ 95% credibility (15 tries)
Done in 0.16 min (cpu), 0.17 min (real)
Generate toy 144/150

 -- MarkovChainMC -- 
Limit: r < 0.694741 +/- 0.00961205 @ 95% credibility (15 tries)
Done in 0.16 min (cpu), 0.17 min (real)
Generate toy 145/150

 -- MarkovChainMC -- 
Limit: r < 0.633027 +/- 0.00787575 @ 95% credibility (15 tries)
Done in 0.15 min (cpu), 0.15 min (real)
Generate toy 146/150

 -- MarkovChainMC -- 
Limit: r < 0.756268 +/- 0.00878346 @ 95% credibility (15 tries)
Done in 0.17 min (cpu), 0.18 min (real)
Generate toy 147/150

 -- MarkovChainMC -- 
Limit: r < 0.625928 +/- 0.00789882 @ 95% credibility (15 tries)
Done in 0.17 min (cpu), 0.17 min (real)
Generate toy 148/150

 -- MarkovChainMC -- 
Limit: r < 0.541391 +/- 0.00898862 @ 95% credibility (15 tries)
Done in 0.16 min (cpu), 0.17 min (real)
Generate toy 149/150

 -- MarkovChainMC -- 
Limit: r < 0.798879 +/- 0.00942927 @ 95% credibility (15 tries)
Done in 0.14 min (cpu), 0.14 min (real)
Generate toy 150/150

 -- MarkovChainMC -- 
Limit: r < 0.517064 +/- 0.00936367 @ 95% credibility (15 tries)
Done in 0.15 min (cpu), 0.15 min (real)
mean   expected limit: r < 0.708641 +/- 0.0135204 @ 95%CL (150 toyMC)
median expected limit: r < 0.659542 @ 95%CL (150 toyMC)
   68% expected band : 0.572085 < r < 0.863522
   95% expected band : 0.492189 < r < 1.19505
