 <<< Combine >>> 
 <<< v10.0.2 >>>
>>> Used OpenSSL to get a truly random seed -568190427
>>> Method used is MarkovChainMC
============================================================
Analyzing bin errors for: prop_binmuon_channel
Poisson cut-off: 10
Processes excluded for sums: Wprime5000
============================================================
Bin        Contents        Error           Notes                         
0          4255.528190     12.427096       total sum                     
0          4254.818350     12.427082       excluding marked processes    
0          117226.000000   342.382827      Unweighted events, alpha=0.036302
  => Total parameter prop_binmuon_channel_bin0[0.00,-7.00,7.00] to be Gaussian constrained
------------------------------------------------------------
1          1624.036062     7.200927        total sum                     
1          1623.383539     7.200905        excluding marked processes    
1          50824.000000    225.441788      Unweighted events, alpha=0.031954
  => Total parameter prop_binmuon_channel_bin1[0.00,-7.00,7.00] to be Gaussian constrained
------------------------------------------------------------
2          721.870081      4.402380        total sum                     
2          721.273291      4.402347        excluding marked processes    
2          26843.000000    163.838335      Unweighted events, alpha=0.026892
  => Total parameter prop_binmuon_channel_bin2[0.00,-7.00,7.00] to be Gaussian constrained
------------------------------------------------------------
3          361.753778      2.939067        total sum                     
3          361.202758      2.939021        excluding marked processes    
3          15104.000000    122.898332      Unweighted events, alpha=0.023951
  => Total parameter prop_binmuon_channel_bin3[0.00,-7.00,7.00] to be Gaussian constrained
------------------------------------------------------------
4          192.829080      3.264351        total sum                     
4          192.335782      3.264313        excluding marked processes    
4          3472.000000     58.923679       Unweighted events, alpha=0.055538
  => Total parameter prop_binmuon_channel_bin4[0.00,-7.00,7.00] to be Gaussian constrained
------------------------------------------------------------
5          117.169783      3.814431        total sum                     
5          116.720936      3.814401        excluding marked processes    
5          936.000000      30.594117       Unweighted events, alpha=0.125181
  => Total parameter prop_binmuon_channel_bin5[0.00,-7.00,7.00] to be Gaussian constrained
------------------------------------------------------------
6          69.750691       1.840445        total sum                     
6          69.309991       1.840384        excluding marked processes    
6          1418.000000     37.656341       Unweighted events, alpha=0.049189
  => Total parameter prop_binmuon_channel_bin6[0.00,-7.00,7.00] to be Gaussian constrained
------------------------------------------------------------
7          40.837637       0.709208        total sum                     
7          40.455903       0.709072        excluding marked processes    
7          3255.000000     57.052607       Unweighted events, alpha=0.012546
  => Total parameter prop_binmuon_channel_bin7[0.00,-7.00,7.00] to be Gaussian constrained
------------------------------------------------------------
8          25.084849       0.370382        total sum                     
8          24.708428       0.370123        excluding marked processes    
8          4457.000000     66.760767       Unweighted events, alpha=0.005628
  => Total parameter prop_binmuon_channel_bin8[0.00,-7.00,7.00] to be Gaussian constrained
------------------------------------------------------------
9          17.318952       0.553514        total sum                     
9          16.949874       0.553344        excluding marked processes    
9          938.000000      30.626786       Unweighted events, alpha=0.018464
  => Total parameter prop_binmuon_channel_bin9[0.00,-7.00,7.00] to be Gaussian constrained
------------------------------------------------------------
10         11.655318       0.411228        total sum                     
10         11.345670       0.411039        excluding marked processes    
10         762.000000      27.604347       Unweighted events, alpha=0.015296
  => Total parameter prop_binmuon_channel_bin10[0.00,-7.00,7.00] to be Gaussian constrained
------------------------------------------------------------
11         7.846668        0.258801        total sum                     
11         7.571085        0.258536        excluding marked processes    
11         858.000000      29.291637       Unweighted events, alpha=0.009145
  => Total parameter prop_binmuon_channel_bin11[0.00,-7.00,7.00] to be Gaussian constrained
------------------------------------------------------------
12         5.513417        0.303366        total sum                     
12         5.234147        0.303136        excluding marked processes    
12         298.000000      17.262677       Unweighted events, alpha=0.018501
  => Total parameter prop_binmuon_channel_bin12[0.00,-7.00,7.00] to be Gaussian constrained
------------------------------------------------------------
13         4.221216        0.343226        total sum                     
13         3.962020        0.343037        excluding marked processes    
13         133.000000      11.532563       Unweighted events, alpha=0.031738
  => Total parameter prop_binmuon_channel_bin13[0.00,-7.00,7.00] to be Gaussian constrained
------------------------------------------------------------
14         2.776703        0.076196        total sum                     
14         2.512879        0.075307        excluding marked processes    
14         1113.000000     33.361655       Unweighted events, alpha=0.002495
  => Total parameter prop_binmuon_channel_bin14[0.00,-7.00,7.00] to be Gaussian constrained
------------------------------------------------------------
15         2.606546        0.375888        total sum                     
15         2.374412        0.375733        excluding marked processes    
15         40.000000       6.324555        Unweighted events, alpha=0.065164
  => Total parameter prop_binmuon_channel_bin15[0.00,-7.00,7.00] to be Gaussian constrained
------------------------------------------------------------
16         1.731761        0.246690        total sum                     
16         1.498693        0.246453        excluding marked processes    
16         37.000000       6.082763        Unweighted events, alpha=0.046804
  => Total parameter prop_binmuon_channel_bin16[0.00,-7.00,7.00] to be Gaussian constrained
------------------------------------------------------------
17         1.164788        0.035590        total sum                     
17         0.911363        0.033708        excluding marked processes    
17         731.000000      27.037012       Unweighted events, alpha=0.001593
  => Total parameter prop_binmuon_channel_bin17[0.00,-7.00,7.00] to be Gaussian constrained
------------------------------------------------------------
18         0.953190        0.037355        total sum                     
18         0.695322        0.035535        excluding marked processes    
18         383.000000      19.570386       Unweighted events, alpha=0.002489
  => Total parameter prop_binmuon_channel_bin18[0.00,-7.00,7.00] to be Gaussian constrained
------------------------------------------------------------
19         0.756615        0.042095        total sum                     
19         0.524754        0.040700        excluding marked processes    
19         166.000000      12.884099       Unweighted events, alpha=0.004558
  => Total parameter prop_binmuon_channel_bin19[0.00,-7.00,7.00] to be Gaussian constrained
------------------------------------------------------------
20         0.615879        0.034681        total sum                     
20         0.390895        0.033000        excluding marked processes    
20         140.000000      11.832160       Unweighted events, alpha=0.004399
  => Total parameter prop_binmuon_channel_bin20[0.00,-7.00,7.00] to be Gaussian constrained
------------------------------------------------------------
21         0.511429        0.012117        total sum                     
21         0.263872        0.004647        excluding marked processes    
21         3225.000000     56.789083       Unweighted events, alpha=0.000159
  => Total parameter prop_binmuon_channel_bin21[0.00,-7.00,7.00] to be Gaussian constrained
------------------------------------------------------------
22         0.648543        0.178865        total sum                     
22         0.405319        0.178525        excluding marked processes    
22         5.000000        2.236068        Unweighted events, alpha=0.129709
  => Number of weighted events is below Poisson threshold
    Wprime5000           0.243224        0.011029                                      
                         486.000000      22.045408       Unweighted events, alpha=0.000500
      => Parameter prop_binmuon_channel_bin22_Wprime5000[0.00,-7.00,7.00] to be Gaussian constrained
  ----------------------------------------------------------
    W_boson              0.185093        0.001594                                      
                         13488.000000    116.137849      Unweighted events, alpha=0.000014
      => Parameter prop_binmuon_channel_bin22_W_boson[0.00,-7.00,7.00] to be Gaussian constrained
  ----------------------------------------------------------
    Top                  0.000000        0.000000                                      
      => Error is zero, ignore      
  ----------------------------------------------------------
    Z_boson              0.003231        0.000111                                      
                         842.000000      29.017236       Unweighted events, alpha=0.000004
      => Parameter prop_binmuon_channel_bin22_Z_boson[0.00,-7.00,7.00] to be Gaussian constrained
  ----------------------------------------------------------
    DiBoson              0.211769        0.178497                                      
                         1.000000        1.000000        Unweighted events, alpha=0.211769
      => Product of prop_binmuon_channel_bin22_DiBoson[1.00,0.00,30.85] and const [1.0000] to be Poisson constrained
  ----------------------------------------------------------
    QCD                  0.005226        0.002726                                      
                         4.000000        2.000000        Unweighted events, alpha=0.001306
      => Product of prop_binmuon_channel_bin22_QCD[4.00,0.00,38.96] and const [0.2500] to be Poisson constrained
  ----------------------------------------------------------
------------------------------------------------------------
23         0.404201        0.011501        total sum                     
23         0.145616        0.001746        excluding marked processes    
23         6953.000000     83.384651       Unweighted events, alpha=0.000058
  => Total parameter prop_binmuon_channel_bin23[0.00,-7.00,7.00] to be Gaussian constrained
------------------------------------------------------------
24         0.366726        0.011650        total sum                     
24         0.112343        0.001815        excluding marked processes    
24         3832.000000     61.903150       Unweighted events, alpha=0.000096
  => Total parameter prop_binmuon_channel_bin24[0.00,-7.00,7.00] to be Gaussian constrained
------------------------------------------------------------
25         0.367026        0.020723        total sum                     
25         0.103035        0.017093        excluding marked processes    
25         36.000000       6.000000        Unweighted events, alpha=0.010195
  => Total parameter prop_binmuon_channel_bin25[0.00,-7.00,7.00] to be Gaussian constrained
------------------------------------------------------------
26         0.321870        0.021006        total sum                     
26         0.089553        0.017983        excluding marked processes    
26         25.000000       5.000000        Unweighted events, alpha=0.012875
  => Total parameter prop_binmuon_channel_bin26[0.00,-7.00,7.00] to be Gaussian constrained
------------------------------------------------------------
27         0.596896        0.289073        total sum                     
27         0.351378        0.288860        excluding marked processes    
27         1.000000        1.000000        Unweighted events, alpha=0.596896
  => Number of weighted events is below Poisson threshold
    Wprime5000           0.245518        0.011107                                      
                         489.000000      22.113344       Unweighted events, alpha=0.000502
      => Parameter prop_binmuon_channel_bin27_Wprime5000[0.00,-7.00,7.00] to be Gaussian constrained
  ----------------------------------------------------------
    W_boson              0.048227        0.000513                                      
                         8851.000000     94.079753       Unweighted events, alpha=0.000005
      => Parameter prop_binmuon_channel_bin27_W_boson[0.00,-7.00,7.00] to be Gaussian constrained
  ----------------------------------------------------------
    Top                  0.000000        0.000000                                      
      => Error is zero, ignore      
  ----------------------------------------------------------
    Z_boson              0.000763        0.000042                                      
                         326.000000      18.055470       Unweighted events, alpha=0.000002
      => Parameter prop_binmuon_channel_bin27_Z_boson[0.00,-7.00,7.00] to be Gaussian constrained
  ----------------------------------------------------------
    DiBoson              0.288561        0.288561                                      
                         1.000000        1.000000        Unweighted events, alpha=0.288561
      => Product of prop_binmuon_channel_bin27_DiBoson[1.00,0.00,30.85] and const [1.0000] to be Poisson constrained
  ----------------------------------------------------------
    QCD                  0.013827        0.013120                                      
                         1.000000        1.000000        Unweighted events, alpha=0.013827
      => Product of prop_binmuon_channel_bin27_QCD[1.00,0.00,30.85] and const [1.0000] to be Poisson constrained
  ----------------------------------------------------------
------------------------------------------------------------
28         0.291638        0.016349        total sum                     
28         0.049812        0.012097        excluding marked processes    
28         17.000000       4.123106        Unweighted events, alpha=0.017155
  => Total parameter prop_binmuon_channel_bin28[0.00,-7.00,7.00] to be Gaussian constrained
------------------------------------------------------------
29         0.292800        0.011471        total sum                     
29         0.030812        0.000486        excluding marked processes    
29         4018.000000     63.387696       Unweighted events, alpha=0.000073
  => Total parameter prop_binmuon_channel_bin29[0.00,-7.00,7.00] to be Gaussian constrained
------------------------------------------------------------
30         0.291361        0.011602        total sum                     
30         0.024473        0.000771        excluding marked processes    
30         1008.000000     31.749016       Unweighted events, alpha=0.000289
  => Total parameter prop_binmuon_channel_bin30[0.00,-7.00,7.00] to be Gaussian constrained
------------------------------------------------------------
31         0.293607        0.011958        total sum                     
31         0.019380        0.001268        excluding marked processes    
31         234.000000      15.297059       Unweighted events, alpha=0.001255
  => Total parameter prop_binmuon_channel_bin31[0.00,-7.00,7.00] to be Gaussian constrained
------------------------------------------------------------
32         0.274968        0.011485        total sum                     
32         0.014035        0.000234        excluding marked processes    
32         3582.000000     59.849812       Unweighted events, alpha=0.000077
  => Total parameter prop_binmuon_channel_bin32[0.00,-7.00,7.00] to be Gaussian constrained
------------------------------------------------------------
33         0.294045        0.011888        total sum                     
33         0.011460        0.000300        excluding marked processes    
33         1462.000000     38.236109       Unweighted events, alpha=0.000201
  => Total parameter prop_binmuon_channel_bin33[0.00,-7.00,7.00] to be Gaussian constrained
------------------------------------------------------------
34         0.302857        0.012316        total sum                     
34         0.011657        0.001953        excluding marked processes    
34         36.000000       6.000000        Unweighted events, alpha=0.008413
  => Total parameter prop_binmuon_channel_bin34[0.00,-7.00,7.00] to be Gaussian constrained
------------------------------------------------------------
35         0.301113        0.012072        total sum                     
35         0.007062        0.000164        excluding marked processes    
35         1857.000000     43.092923       Unweighted events, alpha=0.000162
  => Total parameter prop_binmuon_channel_bin35[0.00,-7.00,7.00] to be Gaussian constrained
------------------------------------------------------------
36         0.313605        0.012443        total sum                     
36         0.005735        0.000149        excluding marked processes    
36         1477.000000     38.431758       Unweighted events, alpha=0.000212
  => Total parameter prop_binmuon_channel_bin36[0.00,-7.00,7.00] to be Gaussian constrained
------------------------------------------------------------
37         0.332243        0.013748        total sum                     
37         0.011105        0.005324        excluding marked processes    
37         4.000000        2.000000        Unweighted events, alpha=0.083061
  => Number of weighted events is below Poisson threshold
    Wprime5000           0.321139        0.012676                                      
                         642.000000      25.337719       Unweighted events, alpha=0.000500
      => Parameter prop_binmuon_channel_bin37_Wprime5000[0.00,-7.00,7.00] to be Gaussian constrained
  ----------------------------------------------------------
    W_boson              0.004340        0.000076                                      
                         3262.000000     57.113921       Unweighted events, alpha=0.000001
      => Parameter prop_binmuon_channel_bin37_W_boson[0.00,-7.00,7.00] to be Gaussian constrained
  ----------------------------------------------------------
    Top                  0.000000        0.000000                                      
      => Error is zero, ignore      
  ----------------------------------------------------------
    Z_boson              0.000258        0.000185                                      
                         2.000000        1.414214        Unweighted events, alpha=0.000129
      => Product of prop_binmuon_channel_bin37_Z_boson[2.00,0.00,33.79] and const [0.5000] to be Poisson constrained
  ----------------------------------------------------------
    DiBoson              0.000000        0.000000                                      
      => Error is zero, ignore      
  ----------------------------------------------------------
    QCD                  0.006507        0.005321                                      
                         1.000000        1.000000        Unweighted events, alpha=0.006507
      => Product of prop_binmuon_channel_bin37_QCD[1.00,0.00,30.85] and const [1.0000] to be Poisson constrained
  ----------------------------------------------------------
------------------------------------------------------------
38         0.340091        0.012852        total sum                     
38         0.003655        0.000062        excluding marked processes    
38         3482.000000     59.008474       Unweighted events, alpha=0.000098
  => Total parameter prop_binmuon_channel_bin38[0.00,-7.00,7.00] to be Gaussian constrained
------------------------------------------------------------
39         0.312316        0.012337        total sum                     
39         0.002865        0.000044        excluding marked processes    
39         4280.000000     65.421709       Unweighted events, alpha=0.000073
  => Total parameter prop_binmuon_channel_bin39[0.00,-7.00,7.00] to be Gaussian constrained
------------------------------------------------------------
40         0.349891        0.013275        total sum                     
40         0.003499        0.001151        excluding marked processes    
40         9.000000        3.000000        Unweighted events, alpha=0.038877
  => Number of weighted events is below Poisson threshold
    Wprime5000           0.346391        0.013225                                      
                         686.000000      26.191602       Unweighted events, alpha=0.000505
      => Parameter prop_binmuon_channel_bin40_Wprime5000[0.00,-7.00,7.00] to be Gaussian constrained
  ----------------------------------------------------------
    W_boson              0.002309        0.000036                                      
                         4166.000000     64.544558       Unweighted events, alpha=0.000001
      => Parameter prop_binmuon_channel_bin40_W_boson[0.00,-7.00,7.00] to be Gaussian constrained
  ----------------------------------------------------------
    Top                  0.000000        0.000000                                      
      => Error is zero, ignore      
  ----------------------------------------------------------
    Z_boson              0.000040        0.000003                                      
                         197.000000      14.035669       Unweighted events, alpha=0.000000
      => Parameter prop_binmuon_channel_bin40_Z_boson[0.00,-7.00,7.00] to be Gaussian constrained
  ----------------------------------------------------------
    DiBoson              0.000000        0.000000                                      
      => Error is zero, ignore      
  ----------------------------------------------------------
    QCD                  0.001150        0.001150                                      
                         1.000000        1.000000        Unweighted events, alpha=0.001150
      => Product of prop_binmuon_channel_bin40_QCD[1.00,0.00,30.85] and const [1.0000] to be Poisson constrained
  ----------------------------------------------------------
------------------------------------------------------------
41         0.357906        0.013395        total sum                     
41         0.004232        0.001609        excluding marked processes    
41         7.000000        2.645751        Unweighted events, alpha=0.051129
  => Number of weighted events is below Poisson threshold
    Wprime5000           0.353674        0.013298                                      
                         707.000000      26.589472       Unweighted events, alpha=0.000500
      => Parameter prop_binmuon_channel_bin41_Wprime5000[0.00,-7.00,7.00] to be Gaussian constrained
  ----------------------------------------------------------
    W_boson              0.001874        0.000028                                      
                         4440.000000     66.633325       Unweighted events, alpha=0.000000
      => Parameter prop_binmuon_channel_bin41_W_boson[0.00,-7.00,7.00] to be Gaussian constrained
  ----------------------------------------------------------
    Top                  0.000000        0.000000                                      
      => Error is zero, ignore      
  ----------------------------------------------------------
    Z_boson              0.000027        0.000001                                      
                         424.000000      20.591260       Unweighted events, alpha=0.000000
      => Parameter prop_binmuon_channel_bin41_Z_boson[0.00,-7.00,7.00] to be Gaussian constrained
  ----------------------------------------------------------
    DiBoson              0.000000        0.000000                                      
      => Error is zero, ignore      
  ----------------------------------------------------------
    QCD                  0.002331        0.001609                                      
                         2.000000        1.414214        Unweighted events, alpha=0.001165
      => Product of prop_binmuon_channel_bin41_QCD[2.00,0.00,33.79] and const [0.5000] to be Poisson constrained
  ----------------------------------------------------------
------------------------------------------------------------
42         0.348121        0.013107        total sum                     
42         0.001657        0.000102        excluding marked processes    
42         264.000000      16.248077       Unweighted events, alpha=0.001319
  => Total parameter prop_binmuon_channel_bin42[0.00,-7.00,7.00] to be Gaussian constrained
------------------------------------------------------------
43         0.334561        0.012930        total sum                     
43         0.001298        0.000020        excluding marked processes    
43         4240.000000     65.115282       Unweighted events, alpha=0.000079
  => Total parameter prop_binmuon_channel_bin43[0.00,-7.00,7.00] to be Gaussian constrained
------------------------------------------------------------
44         0.305497        0.012325        total sum                     
44         0.003541        0.001684        excluding marked processes    
44         4.000000        2.000000        Unweighted events, alpha=0.076374
  => Number of weighted events is below Poisson threshold
    Wprime5000           0.301956        0.012210                                      
                         612.000000      24.738634       Unweighted events, alpha=0.000493
      => Parameter prop_binmuon_channel_bin44_Wprime5000[0.00,-7.00,7.00] to be Gaussian constrained
  ----------------------------------------------------------
    W_boson              0.001182        0.000101                                      
                         138.000000      11.747340       Unweighted events, alpha=0.000009
      => Parameter prop_binmuon_channel_bin44_W_boson[0.00,-7.00,7.00] to be Gaussian constrained
  ----------------------------------------------------------
    Top                  0.000000        0.000000                                      
      => Error is zero, ignore      
  ----------------------------------------------------------
    Z_boson              0.000013        0.000001                                      
                         218.000000      14.764823       Unweighted events, alpha=0.000000
      => Parameter prop_binmuon_channel_bin44_Z_boson[0.00,-7.00,7.00] to be Gaussian constrained
  ----------------------------------------------------------
    DiBoson              0.000000        0.000000                                      
      => Error is zero, ignore      
  ----------------------------------------------------------
    QCD                  0.002345        0.001681                                      
                         2.000000        1.414214        Unweighted events, alpha=0.001173
      => Product of prop_binmuon_channel_bin44_QCD[2.00,0.00,33.79] and const [0.5000] to be Poisson constrained
  ----------------------------------------------------------
------------------------------------------------------------
45         0.270353        0.011522        total sum                     
45         0.002012        0.001105        excluding marked processes    
45         3.000000        1.732051        Unweighted events, alpha=0.090118
  => Number of weighted events is below Poisson threshold
    Wprime5000           0.268341        0.011469                                      
                         547.000000      23.388031       Unweighted events, alpha=0.000491
      => Parameter prop_binmuon_channel_bin45_Wprime5000[0.00,-7.00,7.00] to be Gaussian constrained
  ----------------------------------------------------------
    W_boson              0.000891        0.000016                                      
                         3227.000000     56.806690       Unweighted events, alpha=0.000000
      => Parameter prop_binmuon_channel_bin45_W_boson[0.00,-7.00,7.00] to be Gaussian constrained
  ----------------------------------------------------------
    Top                  0.000000        0.000000                                      
      => Error is zero, ignore      
  ----------------------------------------------------------
    Z_boson              0.000017        0.000004                                      
                         19.000000       4.358899        Unweighted events, alpha=0.000001
      => Parameter prop_binmuon_channel_bin45_Z_boson[0.00,-7.00,7.00] to be Gaussian constrained
  ----------------------------------------------------------
    DiBoson              0.000000        0.000000                                      
      => Error is zero, ignore      
  ----------------------------------------------------------
    QCD                  0.001105        0.001105                                      
                         1.000000        1.000000        Unweighted events, alpha=0.001105
      => Product of prop_binmuon_channel_bin45_QCD[1.00,0.00,30.85] and const [1.0000] to be Poisson constrained
  ----------------------------------------------------------
------------------------------------------------------------
46         0.211022        0.010080        total sum                     
46         0.000772        0.000014        excluding marked processes    
46         2886.000000     53.721504       Unweighted events, alpha=0.000073
  => Total parameter prop_binmuon_channel_bin46[0.00,-7.00,7.00] to be Gaussian constrained
------------------------------------------------------------
47         0.179362        0.009453        total sum                     
47         0.000630        0.000014        excluding marked processes    
47         2064.000000     45.431267       Unweighted events, alpha=0.000087
  => Total parameter prop_binmuon_channel_bin47[0.00,-7.00,7.00] to be Gaussian constrained
------------------------------------------------------------
48         0.138717        0.008267        total sum                     
48         0.000506        0.000012        excluding marked processes    
48         1899.000000     43.577517       Unweighted events, alpha=0.000073
  => Total parameter prop_binmuon_channel_bin48[0.00,-7.00,7.00] to be Gaussian constrained
------------------------------------------------------------
49         0.095360        0.006924        total sum                     
49         0.000484        0.000023        excluding marked processes    
49         451.000000      21.236761       Unweighted events, alpha=0.000211
  => Total parameter prop_binmuon_channel_bin49[0.00,-7.00,7.00] to be Gaussian constrained
------------------------------------------------------------
50         0.071925        0.006025        total sum                     
50         0.000398        0.000016        excluding marked processes    
50         630.000000      25.099801       Unweighted events, alpha=0.000114
  => Total parameter prop_binmuon_channel_bin50[0.00,-7.00,7.00] to be Gaussian constrained
------------------------------------------------------------
51         0.041522        0.004409        total sum                     
51         0.000329        0.000010        excluding marked processes    
51         1155.000000     33.985291       Unweighted events, alpha=0.000036
  => Total parameter prop_binmuon_channel_bin51[0.00,-7.00,7.00] to be Gaussian constrained
------------------------------------------------------------
52         0.034636        0.004345        total sum                     
52         0.001413        0.001131        excluding marked processes    
52         2.000000        1.414214        Unweighted events, alpha=0.017318
  => Number of weighted events is below Poisson threshold
    Wprime5000           0.033223        0.004195                                      
                         63.000000       7.937254        Unweighted events, alpha=0.000527
      => Parameter prop_binmuon_channel_bin52_Wprime5000[0.00,-7.00,7.00] to be Gaussian constrained
  ----------------------------------------------------------
    W_boson              0.000278        0.000010                                      
                         767.000000      27.694765       Unweighted events, alpha=0.000000
      => Parameter prop_binmuon_channel_bin52_W_boson[0.00,-7.00,7.00] to be Gaussian constrained
  ----------------------------------------------------------
    Top                  0.000000        0.000000                                      
      => Error is zero, ignore      
  ----------------------------------------------------------
    Z_boson              0.000004        0.000001                                      
                         11.000000       3.316625        Unweighted events, alpha=0.000000
      => Parameter prop_binmuon_channel_bin52_Z_boson[0.00,-7.00,7.00] to be Gaussian constrained
  ----------------------------------------------------------
    DiBoson              0.000000        0.000000                                      
      => Error is zero, ignore      
  ----------------------------------------------------------
    QCD                  0.001131        0.001131                                      
                         1.000000        1.000000        Unweighted events, alpha=0.001131
      => Product of prop_binmuon_channel_bin52_QCD[1.00,0.00,30.85] and const [1.0000] to be Poisson constrained
  ----------------------------------------------------------
------------------------------------------------------------
53         0.018343        0.003003        total sum                     
53         0.000232        0.000007        excluding marked processes    
53         1089.000000     33.000000       Unweighted events, alpha=0.000017
  => Total parameter prop_binmuon_channel_bin53[0.00,-7.00,7.00] to be Gaussian constrained
------------------------------------------------------------
54         0.012302        0.002419        total sum                     
54         0.000191        0.000004        excluding marked processes    
54         2009.000000     44.821870       Unweighted events, alpha=0.000006
  => Total parameter prop_binmuon_channel_bin54[0.00,-7.00,7.00] to be Gaussian constrained
------------------------------------------------------------
55         0.009647        0.002212        total sum                     
55         0.000164        0.000006        excluding marked processes    
55         674.000000      25.961510       Unweighted events, alpha=0.000014
  => Total parameter prop_binmuon_channel_bin55[0.00,-7.00,7.00] to be Gaussian constrained
------------------------------------------------------------
56         0.008633        0.002042        total sum                     
56         0.000152        0.000008        excluding marked processes    
56         347.000000      18.627936       Unweighted events, alpha=0.000025
  => Total parameter prop_binmuon_channel_bin56[0.00,-7.00,7.00] to be Gaussian constrained
------------------------------------------------------------
57         0.003839        0.001534        total sum                     
57         0.000122        0.000003        excluding marked processes    
57         2127.000000     46.119410       Unweighted events, alpha=0.000002
  => Total parameter prop_binmuon_channel_bin57[0.00,-7.00,7.00] to be Gaussian constrained
------------------------------------------------------------
58         0.002879        0.001247        total sum                     
58         0.000106        0.000003        excluding marked processes    
58         1483.000000     38.509739       Unweighted events, alpha=0.000002
  => Total parameter prop_binmuon_channel_bin58[0.00,-7.00,7.00] to be Gaussian constrained
------------------------------------------------------------
59         0.001898        0.000863        total sum                     
59         0.000093        0.000004        excluding marked processes    
59         707.000000      26.589472       Unweighted events, alpha=0.000003
  => Total parameter prop_binmuon_channel_bin59[0.00,-7.00,7.00] to be Gaussian constrained
------------------------------------------------------------
60         0.001245        0.000768        total sum                     
60         0.000084        0.000006        excluding marked processes    
60         184.000000      13.564660       Unweighted events, alpha=0.000007
  => Total parameter prop_binmuon_channel_bin60[0.00,-7.00,7.00] to be Gaussian constrained
------------------------------------------------------------
61         0.001562        0.000865        total sum                     
61         0.000080        0.000010        excluding marked processes    
61         70.000000       8.366600        Unweighted events, alpha=0.000022
  => Total parameter prop_binmuon_channel_bin61[0.00,-7.00,7.00] to be Gaussian constrained
------------------------------------------------------------
62         0.000603        0.000538        total sum                     
62         0.000065        0.000005        excluding marked processes    
62         157.000000      12.529964       Unweighted events, alpha=0.000004
  => Total parameter prop_binmuon_channel_bin62[0.00,-7.00,7.00] to be Gaussian constrained
------------------------------------------------------------
63         0.000994        0.000693        total sum                     
63         0.000056        0.000007        excluding marked processes    
63         60.000000       7.745967        Unweighted events, alpha=0.000017
  => Total parameter prop_binmuon_channel_bin63[0.00,-7.00,7.00] to be Gaussian constrained
------------------------------------------------------------
64         0.000043        0.000001        total sum                     
64         0.000043        0.000001        excluding marked processes    
64         2504.000000     50.039984       Unweighted events, alpha=0.000000
  => Total parameter prop_binmuon_channel_bin64[0.00,-7.00,7.00] to be Gaussian constrained
------------------------------------------------------------
65         0.001176        0.000806        total sum                     
65         0.000037        0.000001        excluding marked processes    
65         2289.000000     47.843495       Unweighted events, alpha=0.000001
  => Total parameter prop_binmuon_channel_bin65[0.00,-7.00,7.00] to be Gaussian constrained
------------------------------------------------------------
Channel muon_channel will use autoMCStats with settings: event-threshold=10, include-signal=0, hist-mode=1
Generate toy 1/100

 -- MarkovChainMC -- 
Limit: r < 0.477188 +/- 0.0093436 @ 95% credibility (15 tries)
Done in 0.38 min (cpu), 0.38 min (real)
Generate toy 2/100

 -- MarkovChainMC -- 
Limit: r < 0.598775 +/- 0.00913577 @ 95% credibility (15 tries)
Done in 0.38 min (cpu), 0.38 min (real)
Generate toy 3/100

 -- MarkovChainMC -- 
Limit: r < 0.64973 +/- 0.0174504 @ 95% credibility (15 tries)
Done in 0.38 min (cpu), 0.38 min (real)
Generate toy 4/100

 -- MarkovChainMC -- 
Limit: r < 0.56816 +/- 0.0124904 @ 95% credibility (15 tries)
Done in 0.37 min (cpu), 0.38 min (real)
Generate toy 5/100

 -- MarkovChainMC -- 
Limit: r < 0.462493 +/- 0.00867602 @ 95% credibility (15 tries)
Done in 0.36 min (cpu), 0.37 min (real)
Generate toy 6/100

 -- MarkovChainMC -- 
Limit: r < 0.472202 +/- 0.0104989 @ 95% credibility (15 tries)
Done in 0.38 min (cpu), 0.39 min (real)
Generate toy 7/100

 -- MarkovChainMC -- 
Limit: r < 0.460253 +/- 0.013103 @ 95% credibility (15 tries)
Done in 0.40 min (cpu), 0.40 min (real)
Generate toy 8/100

 -- MarkovChainMC -- 
Limit: r < 0.467505 +/- 0.00982018 @ 95% credibility (15 tries)
Done in 0.38 min (cpu), 0.39 min (real)
Generate toy 9/100

 -- MarkovChainMC -- 
Limit: r < 0.614162 +/- 0.0107248 @ 95% credibility (15 tries)
Done in 0.40 min (cpu), 0.40 min (real)
Generate toy 10/100

 -- MarkovChainMC -- 
Limit: r < 0.768675 +/- 0.0112895 @ 95% credibility (15 tries)
Done in 0.40 min (cpu), 0.40 min (real)
Generate toy 11/100

 -- MarkovChainMC -- 
Limit: r < 0.531088 +/- 0.01264 @ 95% credibility (15 tries)
Done in 0.38 min (cpu), 0.39 min (real)
Generate toy 12/100

 -- MarkovChainMC -- 
Limit: r < 0.426496 +/- 0.00993254 @ 95% credibility (15 tries)
Done in 0.38 min (cpu), 0.38 min (real)
Generate toy 13/100

 -- MarkovChainMC -- 
Limit: r < 0.449791 +/- 0.00367694 @ 95% credibility (15 tries)
Done in 0.40 min (cpu), 0.40 min (real)
Generate toy 14/100

 -- MarkovChainMC -- 
Limit: r < 0.443328 +/- 0.0082256 @ 95% credibility (15 tries)
Done in 0.37 min (cpu), 0.38 min (real)
Generate toy 15/100

 -- MarkovChainMC -- 
Limit: r < 0.550776 +/- 0.011276 @ 95% credibility (15 tries)
Done in 0.39 min (cpu), 0.39 min (real)
Generate toy 16/100

 -- MarkovChainMC -- 
Limit: r < 0.44335 +/- 0.00594134 @ 95% credibility (15 tries)
Done in 0.37 min (cpu), 0.37 min (real)
Generate toy 17/100

 -- MarkovChainMC -- 
Limit: r < 0.57106 +/- 0.0109353 @ 95% credibility (15 tries)
Done in 0.40 min (cpu), 0.41 min (real)
Generate toy 18/100

 -- MarkovChainMC -- 
Limit: r < 0.482233 +/- 0.00807919 @ 95% credibility (15 tries)
Done in 0.38 min (cpu), 0.38 min (real)
Generate toy 19/100

 -- MarkovChainMC -- 
Limit: r < 0.409801 +/- 0.00382626 @ 95% credibility (15 tries)
Done in 0.40 min (cpu), 0.41 min (real)
Generate toy 20/100

 -- MarkovChainMC -- 
Limit: r < 0.473846 +/- 0.00944245 @ 95% credibility (15 tries)
Done in 0.44 min (cpu), 0.44 min (real)
Generate toy 21/100

 -- MarkovChainMC -- 
Limit: r < 0.522285 +/- 0.00716685 @ 95% credibility (15 tries)
Done in 0.40 min (cpu), 0.41 min (real)
Generate toy 22/100

 -- MarkovChainMC -- 
Limit: r < 0.877336 +/- 0.0124183 @ 95% credibility (15 tries)
Done in 0.44 min (cpu), 0.45 min (real)
Generate toy 23/100

 -- MarkovChainMC -- 
Limit: r < 0.571455 +/- 0.00551959 @ 95% credibility (15 tries)
Done in 0.40 min (cpu), 0.41 min (real)
Generate toy 24/100

 -- MarkovChainMC -- 
Limit: r < 0.435147 +/- 0.0101708 @ 95% credibility (15 tries)
Done in 0.39 min (cpu), 0.40 min (real)
Generate toy 25/100

 -- MarkovChainMC -- 
Limit: r < 0.996179 +/- 0.0152204 @ 95% credibility (15 tries)
Done in 0.45 min (cpu), 0.46 min (real)
Generate toy 26/100

 -- MarkovChainMC -- 
Limit: r < 0.561602 +/- 0.0146275 @ 95% credibility (15 tries)
Done in 0.42 min (cpu), 0.42 min (real)
Generate toy 27/100

 -- MarkovChainMC -- 
Limit: r < 0.523468 +/- 0.00567941 @ 95% credibility (15 tries)
Done in 0.41 min (cpu), 0.42 min (real)
Generate toy 28/100

 -- MarkovChainMC -- 
Limit: r < 0.705977 +/- 0.00779804 @ 95% credibility (15 tries)
Done in 0.44 min (cpu), 0.44 min (real)
Generate toy 29/100

 -- MarkovChainMC -- 
Limit: r < 0.44481 +/- 0.00692893 @ 95% credibility (15 tries)
Done in 0.41 min (cpu), 0.42 min (real)
Generate toy 30/100

 -- MarkovChainMC -- 
Limit: r < 0.566662 +/- 0.00986123 @ 95% credibility (15 tries)
Done in 0.43 min (cpu), 0.43 min (real)
Generate toy 31/100

 -- MarkovChainMC -- 
Limit: r < 0.438826 +/- 0.00853172 @ 95% credibility (15 tries)
Done in 0.32 min (cpu), 0.32 min (real)
Generate toy 32/100

 -- MarkovChainMC -- 
Limit: r < 0.672733 +/- 0.00953265 @ 95% credibility (15 tries)
Done in 0.39 min (cpu), 0.39 min (real)
Generate toy 33/100

 -- MarkovChainMC -- 
Limit: r < 0.435118 +/- 0.00989054 @ 95% credibility (15 tries)
Done in 0.38 min (cpu), 0.38 min (real)
Generate toy 34/100

 -- MarkovChainMC -- 
Limit: r < 0.666025 +/- 0.0168592 @ 95% credibility (15 tries)
Done in 0.43 min (cpu), 0.44 min (real)
Generate toy 35/100

 -- MarkovChainMC -- 
Limit: r < 0.512201 +/- 0.00919503 @ 95% credibility (15 tries)
Done in 0.38 min (cpu), 0.38 min (real)
Generate toy 36/100

 -- MarkovChainMC -- 
Limit: r < 0.589018 +/- 0.0143278 @ 95% credibility (15 tries)
Done in 0.40 min (cpu), 0.41 min (real)
Generate toy 37/100

 -- MarkovChainMC -- 
Limit: r < 0.543866 +/- 0.0107756 @ 95% credibility (15 tries)
Done in 0.39 min (cpu), 0.39 min (real)
Generate toy 38/100

 -- MarkovChainMC -- 
Limit: r < 0.444481 +/- 0.0110617 @ 95% credibility (15 tries)
Done in 0.39 min (cpu), 0.39 min (real)
Generate toy 39/100

 -- MarkovChainMC -- 
Limit: r < 0.46021 +/- 0.00996632 @ 95% credibility (15 tries)
Done in 0.39 min (cpu), 0.39 min (real)
Generate toy 40/100

 -- MarkovChainMC -- 
Limit: r < 0.431526 +/- 0.00755916 @ 95% credibility (15 tries)
Done in 0.37 min (cpu), 0.37 min (real)
Generate toy 41/100

 -- MarkovChainMC -- 
Limit: r < 0.579601 +/- 0.0129188 @ 95% credibility (15 tries)
Done in 0.40 min (cpu), 0.41 min (real)
Generate toy 42/100

 -- MarkovChainMC -- 
Limit: r < 0.573495 +/- 0.00646606 @ 95% credibility (15 tries)
Done in 0.42 min (cpu), 0.43 min (real)
Generate toy 43/100

 -- MarkovChainMC -- 
Limit: r < 0.430552 +/- 0.00543959 @ 95% credibility (15 tries)
Done in 0.40 min (cpu), 0.40 min (real)
Generate toy 44/100

 -- MarkovChainMC -- 
Limit: r < 0.591887 +/- 0.0102439 @ 95% credibility (15 tries)
Done in 0.46 min (cpu), 0.46 min (real)
Generate toy 45/100

 -- MarkovChainMC -- 
Limit: r < 0.788331 +/- 0.0133877 @ 95% credibility (15 tries)
Done in 0.46 min (cpu), 0.46 min (real)
Generate toy 46/100

 -- MarkovChainMC -- 
Limit: r < 0.585393 +/- 0.0113929 @ 95% credibility (15 tries)
Done in 0.38 min (cpu), 0.39 min (real)
Generate toy 47/100

 -- MarkovChainMC -- 
Limit: r < 0.510218 +/- 0.00877809 @ 95% credibility (15 tries)
Done in 0.39 min (cpu), 0.39 min (real)
Generate toy 48/100

 -- MarkovChainMC -- 
Limit: r < 0.600346 +/- 0.00702345 @ 95% credibility (15 tries)
Done in 0.46 min (cpu), 0.46 min (real)
Generate toy 49/100

 -- MarkovChainMC -- 
Limit: r < 0.426698 +/- 0.0100686 @ 95% credibility (15 tries)
Done in 0.39 min (cpu), 0.40 min (real)
Generate toy 50/100

 -- MarkovChainMC -- 
Limit: r < 0.557735 +/- 0.00967978 @ 95% credibility (15 tries)
Done in 0.33 min (cpu), 0.33 min (real)
Generate toy 51/100

 -- MarkovChainMC -- 
Limit: r < 0.466004 +/- 0.00796152 @ 95% credibility (15 tries)
Done in 0.39 min (cpu), 0.40 min (real)
Generate toy 52/100

 -- MarkovChainMC -- 
Limit: r < 0.557755 +/- 0.0073132 @ 95% credibility (15 tries)
Done in 0.41 min (cpu), 0.42 min (real)
Generate toy 53/100

 -- MarkovChainMC -- 
Limit: r < 0.519533 +/- 0.0126309 @ 95% credibility (15 tries)
Done in 0.42 min (cpu), 0.43 min (real)
Generate toy 54/100

 -- MarkovChainMC -- 
Limit: r < 0.559035 +/- 0.0137627 @ 95% credibility (15 tries)
Done in 0.41 min (cpu), 0.42 min (real)
Generate toy 55/100

 -- MarkovChainMC -- 
Limit: r < 0.512378 +/- 0.00818999 @ 95% credibility (15 tries)
Done in 0.39 min (cpu), 0.39 min (real)
Generate toy 56/100

 -- MarkovChainMC -- 
Limit: r < 0.547706 +/- 0.0105402 @ 95% credibility (15 tries)
Done in 0.40 min (cpu), 0.41 min (real)
Generate toy 57/100

 -- MarkovChainMC -- 
Limit: r < 0.607121 +/- 0.0118154 @ 95% credibility (15 tries)
Done in 0.40 min (cpu), 0.40 min (real)
Generate toy 58/100

 -- MarkovChainMC -- 
Limit: r < 0.499816 +/- 0.00716638 @ 95% credibility (15 tries)
Done in 0.40 min (cpu), 0.40 min (real)
Generate toy 59/100

 -- MarkovChainMC -- 
Limit: r < 0.805918 +/- 0.0106487 @ 95% credibility (15 tries)
Done in 0.43 min (cpu), 0.44 min (real)
Generate toy 60/100

 -- MarkovChainMC -- 
Limit: r < 0.721588 +/- 0.00606019 @ 95% credibility (15 tries)
Done in 0.40 min (cpu), 0.41 min (real)
Generate toy 61/100

 -- MarkovChainMC -- 
Limit: r < 0.468175 +/- 0.0083554 @ 95% credibility (15 tries)
Done in 0.39 min (cpu), 0.39 min (real)
Generate toy 62/100

 -- MarkovChainMC -- 
Limit: r < 0.613116 +/- 0.0105822 @ 95% credibility (15 tries)
Done in 0.41 min (cpu), 0.42 min (real)
Generate toy 63/100

 -- MarkovChainMC -- 
Limit: r < 0.529554 +/- 0.0117293 @ 95% credibility (15 tries)
Done in 0.39 min (cpu), 0.39 min (real)
Generate toy 64/100

 -- MarkovChainMC -- 
Limit: r < 0.491306 +/- 0.00807479 @ 95% credibility (15 tries)
Done in 0.36 min (cpu), 0.37 min (real)
Generate toy 65/100

 -- MarkovChainMC -- 
Limit: r < 0.516205 +/- 0.00571465 @ 95% credibility (15 tries)
Done in 0.39 min (cpu), 0.40 min (real)
Generate toy 66/100

 -- MarkovChainMC -- 
Limit: r < 0.439606 +/- 0.00622972 @ 95% credibility (15 tries)
Done in 0.35 min (cpu), 0.35 min (real)
Generate toy 67/100

 -- MarkovChainMC -- 
Limit: r < 0.476646 +/- 0.00644419 @ 95% credibility (15 tries)
Done in 0.41 min (cpu), 0.41 min (real)
Generate toy 68/100

 -- MarkovChainMC -- 
Limit: r < 0.632522 +/- 0.0083085 @ 95% credibility (15 tries)
Done in 0.41 min (cpu), 0.42 min (real)
Generate toy 69/100

 -- MarkovChainMC -- 
Limit: r < 0.459176 +/- 0.0102631 @ 95% credibility (15 tries)
Done in 0.37 min (cpu), 0.38 min (real)
Generate toy 70/100

 -- MarkovChainMC -- 
Limit: r < 0.446836 +/- 0.0101625 @ 95% credibility (15 tries)
Done in 0.36 min (cpu), 0.37 min (real)
Generate toy 71/100

 -- MarkovChainMC -- 
Limit: r < 0.500628 +/- 0.00947582 @ 95% credibility (15 tries)
Done in 0.36 min (cpu), 0.36 min (real)
Generate toy 72/100

 -- MarkovChainMC -- 
Limit: r < 0.47112 +/- 0.00842402 @ 95% credibility (15 tries)
Done in 0.38 min (cpu), 0.38 min (real)
Generate toy 73/100

 -- MarkovChainMC -- 
Limit: r < 0.514435 +/- 0.00737327 @ 95% credibility (15 tries)
Done in 0.38 min (cpu), 0.38 min (real)
Generate toy 74/100

 -- MarkovChainMC -- 
Limit: r < 0.428952 +/- 0.0064968 @ 95% credibility (15 tries)
Done in 0.38 min (cpu), 0.39 min (real)
Generate toy 75/100

 -- MarkovChainMC -- 
Limit: r < 0.643056 +/- 0.0113378 @ 95% credibility (15 tries)
Done in 0.39 min (cpu), 0.40 min (real)
Generate toy 76/100

 -- MarkovChainMC -- 
Limit: r < 0.740491 +/- 0.0112183 @ 95% credibility (15 tries)
Done in 0.40 min (cpu), 0.41 min (real)
Generate toy 77/100

 -- MarkovChainMC -- 
Limit: r < 0.610664 +/- 0.0144596 @ 95% credibility (15 tries)
Done in 0.37 min (cpu), 0.37 min (real)
Generate toy 78/100

 -- MarkovChainMC -- 
Limit: r < 0.878251 +/- 0.00740594 @ 95% credibility (15 tries)
Done in 0.41 min (cpu), 0.41 min (real)
Generate toy 79/100

 -- MarkovChainMC -- 
Limit: r < 0.505673 +/- 0.0034565 @ 95% credibility (15 tries)
Done in 0.42 min (cpu), 0.43 min (real)
Generate toy 80/100

 -- MarkovChainMC -- 
Limit: r < 0.465141 +/- 0.0092359 @ 95% credibility (15 tries)
Done in 0.42 min (cpu), 0.42 min (real)
Generate toy 81/100

 -- MarkovChainMC -- 
Limit: r < 0.510026 +/- 0.0100781 @ 95% credibility (15 tries)
Done in 0.43 min (cpu), 0.43 min (real)
Generate toy 82/100

 -- MarkovChainMC -- 
Limit: r < 0.522498 +/- 0.00967418 @ 95% credibility (15 tries)
Done in 0.35 min (cpu), 0.35 min (real)
Generate toy 83/100

 -- MarkovChainMC -- 
Limit: r < 0.643719 +/- 0.00521369 @ 95% credibility (15 tries)
Done in 0.43 min (cpu), 0.43 min (real)
Generate toy 84/100

 -- MarkovChainMC -- 
Limit: r < 0.358197 +/- 0.00814303 @ 95% credibility (15 tries)
Done in 0.40 min (cpu), 0.41 min (real)
Generate toy 85/100

 -- MarkovChainMC -- 
Limit: r < 0.774278 +/- 0.0144758 @ 95% credibility (15 tries)
Done in 0.31 min (cpu), 0.31 min (real)
Generate toy 86/100

 -- MarkovChainMC -- 
Limit: r < 0.580896 +/- 0.0169262 @ 95% credibility (15 tries)
Done in 0.38 min (cpu), 0.38 min (real)
Generate toy 87/100

 -- MarkovChainMC -- 
Limit: r < 0.752547 +/- 0.0137807 @ 95% credibility (15 tries)
Done in 0.35 min (cpu), 0.36 min (real)
Generate toy 88/100

 -- MarkovChainMC -- 
Limit: r < 0.401356 +/- 0.00347666 @ 95% credibility (15 tries)
Done in 0.31 min (cpu), 0.31 min (real)
Generate toy 89/100

 -- MarkovChainMC -- 
Limit: r < 0.541195 +/- 0.00865237 @ 95% credibility (15 tries)
Done in 0.34 min (cpu), 0.35 min (real)
Generate toy 90/100

 -- MarkovChainMC -- 
Limit: r < 0.739244 +/- 0.0107498 @ 95% credibility (15 tries)
Done in 0.37 min (cpu), 0.37 min (real)
Generate toy 91/100

 -- MarkovChainMC -- 
Limit: r < 0.529687 +/- 0.0124519 @ 95% credibility (15 tries)
Done in 0.31 min (cpu), 0.32 min (real)
Generate toy 92/100

 -- MarkovChainMC -- 
Limit: r < 0.429949 +/- 0.00742971 @ 95% credibility (15 tries)
Done in 0.33 min (cpu), 0.33 min (real)
Generate toy 93/100

 -- MarkovChainMC -- 
Limit: r < 0.472484 +/- 0.0123041 @ 95% credibility (15 tries)
Done in 0.35 min (cpu), 0.35 min (real)
Generate toy 94/100

 -- MarkovChainMC -- 
Limit: r < 0.496651 +/- 0.00838057 @ 95% credibility (15 tries)
Done in 0.35 min (cpu), 0.35 min (real)
Generate toy 95/100

 -- MarkovChainMC -- 
Limit: r < 0.508405 +/- 0.0120461 @ 95% credibility (15 tries)
Done in 0.35 min (cpu), 0.35 min (real)
Generate toy 96/100

 -- MarkovChainMC -- 
Limit: r < 0.532956 +/- 0.00831085 @ 95% credibility (15 tries)
Done in 0.31 min (cpu), 0.31 min (real)
Generate toy 97/100

 -- MarkovChainMC -- 
Limit: r < 0.608084 +/- 0.0175926 @ 95% credibility (15 tries)
Done in 0.39 min (cpu), 0.39 min (real)
Generate toy 98/100

 -- MarkovChainMC -- 
Limit: r < 0.648842 +/- 0.00986813 @ 95% credibility (15 tries)
Done in 0.39 min (cpu), 0.39 min (real)
Generate toy 99/100

 -- MarkovChainMC -- 
Limit: r < 0.546369 +/- 0.00489094 @ 95% credibility (15 tries)
Done in 0.31 min (cpu), 0.31 min (real)
Generate toy 100/100

 -- MarkovChainMC -- 
Limit: r < 0.428463 +/- 0.00872624 @ 95% credibility (15 tries)
Done in 0.33 min (cpu), 0.33 min (real)
mean   expected limit: r < 0.550183 +/- 0.0115944 @ 95%CL (100 toyMC)
median expected limit: r < 0.522983 @ 95%CL (100 toyMC)
   68% expected band : 0.444481 < r < 0.648842
   95% expected band : 0.409801 < r < 0.878251
