 <<< Combine >>> 
 <<< v10.0.2 >>>
>>> Used OpenSSL to get a truly random seed 408805176
>>> Method used is MarkovChainMC
============================================================
Analyzing bin errors for: prop_binmuon_channel
Poisson cut-off: 10
Processes excluded for sums: Signal
============================================================
Bin        Contents        Error           Notes                         
0          403.982478      6.303525        total sum                     
0          369.330478      2.254424        excluding marked processes    
0          26839.000000    163.826127      Unweighted events, alpha=0.015052
  => Total parameter prop_binmuon_channel_bin0[0.00,-7.00,7.00] to be Gaussian constrained
------------------------------------------------------------
Channel muon_channel will use autoMCStats with settings: event-threshold=10, include-signal=0, hist-mode=1
Generate toy 1/250

 -- MarkovChainMC -- 
Limit: r < 2.74822 +/- 0.0410009 @ 95% credibility (15 tries)
Done in 0.06 min (cpu), 0.06 min (real)
Generate toy 2/250

 -- MarkovChainMC -- 
Limit: r < 2.61043 +/- 0.0352826 @ 95% credibility (15 tries)
Done in 0.06 min (cpu), 0.06 min (real)
Generate toy 3/250

 -- MarkovChainMC -- 
Limit: r < 2.86873 +/- 0.0168608 @ 95% credibility (15 tries)
Done in 0.06 min (cpu), 0.06 min (real)
Generate toy 4/250

 -- MarkovChainMC -- 
Limit: r < 2.02099 +/- 0.0203047 @ 95% credibility (15 tries)
Done in 0.06 min (cpu), 0.06 min (real)
Generate toy 5/250

 -- MarkovChainMC -- 
Limit: r < 2.45584 +/- 0.0230755 @ 95% credibility (15 tries)
Done in 0.06 min (cpu), 0.06 min (real)
Generate toy 6/250

 -- MarkovChainMC -- 
Limit: r < 0.867532 +/- 0.01647 @ 95% credibility (15 tries)
Done in 0.05 min (cpu), 0.05 min (real)
Generate toy 7/250

 -- MarkovChainMC -- 
Limit: r < 1.22345 +/- 0.00760565 @ 95% credibility (15 tries)
Done in 0.06 min (cpu), 0.06 min (real)
Generate toy 8/250

 -- MarkovChainMC -- 
Limit: r < 3.58472 +/- 0.0596917 @ 95% credibility (15 tries)
Done in 0.06 min (cpu), 0.06 min (real)
Generate toy 9/250

 -- MarkovChainMC -- 
Limit: r < 2.55647 +/- 0.0263544 @ 95% credibility (15 tries)
Done in 0.06 min (cpu), 0.06 min (real)
Generate toy 10/250

 -- MarkovChainMC -- 
Limit: r < 2.83735 +/- 0.0183232 @ 95% credibility (15 tries)
Done in 0.06 min (cpu), 0.06 min (real)
Generate toy 11/250

 -- MarkovChainMC -- 
Limit: r < 2.34845 +/- 0.0207934 @ 95% credibility (15 tries)
Done in 0.06 min (cpu), 0.06 min (real)
Generate toy 12/250

 -- MarkovChainMC -- 
Limit: r < 1.90863 +/- 0.0421228 @ 95% credibility (15 tries)
Done in 0.06 min (cpu), 0.06 min (real)
Generate toy 13/250

 -- MarkovChainMC -- 
Limit: r < 1.19536 +/- 0.0157631 @ 95% credibility (15 tries)
Done in 0.05 min (cpu), 0.06 min (real)
Generate toy 14/250

 -- MarkovChainMC -- 
Limit: r < 2.2766 +/- 0.0272051 @ 95% credibility (15 tries)
Done in 0.06 min (cpu), 0.06 min (real)
Generate toy 15/250

 -- MarkovChainMC -- 
Limit: r < 2.64668 +/- 0.020146 @ 95% credibility (15 tries)
Done in 0.06 min (cpu), 0.06 min (real)
Generate toy 16/250

 -- MarkovChainMC -- 
Limit: r < 2.15207 +/- 0.0427219 @ 95% credibility (15 tries)
Done in 0.06 min (cpu), 0.06 min (real)
Generate toy 17/250

 -- MarkovChainMC -- 
Limit: r < 1.86879 +/- 0.0264643 @ 95% credibility (15 tries)
Done in 0.06 min (cpu), 0.06 min (real)
Generate toy 18/250

 -- MarkovChainMC -- 
Limit: r < 1.59543 +/- 0.0244589 @ 95% credibility (15 tries)
Done in 0.06 min (cpu), 0.06 min (real)
Generate toy 19/250

 -- MarkovChainMC -- 
Limit: r < 2.14262 +/- 0.0283011 @ 95% credibility (15 tries)
Done in 0.06 min (cpu), 0.06 min (real)
Generate toy 20/250

 -- MarkovChainMC -- 
Limit: r < 2.64153 +/- 0.0309652 @ 95% credibility (15 tries)
Done in 0.06 min (cpu), 0.06 min (real)
Generate toy 21/250

 -- MarkovChainMC -- 
Limit: r < 1.59777 +/- 0.00965737 @ 95% credibility (15 tries)
Done in 0.06 min (cpu), 0.06 min (real)
Generate toy 22/250

 -- MarkovChainMC -- 
Limit: r < 2.04219 +/- 0.0241588 @ 95% credibility (15 tries)
Done in 0.06 min (cpu), 0.06 min (real)
Generate toy 23/250

 -- MarkovChainMC -- 
Limit: r < 2.85351 +/- 0.046808 @ 95% credibility (15 tries)
Done in 0.06 min (cpu), 0.06 min (real)
Generate toy 24/250

 -- MarkovChainMC -- 
Limit: r < 2.10281 +/- 0.0131935 @ 95% credibility (15 tries)
Done in 0.06 min (cpu), 0.06 min (real)
Generate toy 25/250

 -- MarkovChainMC -- 
Limit: r < 1.83185 +/- 0.0281355 @ 95% credibility (15 tries)
Done in 0.06 min (cpu), 0.06 min (real)
Generate toy 26/250

 -- MarkovChainMC -- 
Limit: r < 2.42921 +/- 0.0199753 @ 95% credibility (15 tries)
Done in 0.06 min (cpu), 0.06 min (real)
Generate toy 27/250

 -- MarkovChainMC -- 
Limit: r < 2.72913 +/- 0.0342137 @ 95% credibility (15 tries)
Done in 0.06 min (cpu), 0.06 min (real)
Generate toy 28/250

 -- MarkovChainMC -- 
Limit: r < 1.50105 +/- 0.0202871 @ 95% credibility (15 tries)
Done in 0.06 min (cpu), 0.06 min (real)
Generate toy 29/250

 -- MarkovChainMC -- 
Limit: r < 1.65209 +/- 0.0179081 @ 95% credibility (15 tries)
Done in 0.06 min (cpu), 0.06 min (real)
Generate toy 30/250

 -- MarkovChainMC -- 
Limit: r < 3.08849 +/- 0.0339403 @ 95% credibility (15 tries)
Done in 0.06 min (cpu), 0.06 min (real)
Generate toy 31/250

 -- MarkovChainMC -- 
Limit: r < 2.03658 +/- 0.0325238 @ 95% credibility (15 tries)
Done in 0.06 min (cpu), 0.06 min (real)
Generate toy 32/250

 -- MarkovChainMC -- 
Limit: r < 1.03799 +/- 0.0196911 @ 95% credibility (15 tries)
Done in 0.05 min (cpu), 0.05 min (real)
Generate toy 33/250

 -- MarkovChainMC -- 
Limit: r < 0.935417 +/- 0.0181904 @ 95% credibility (15 tries)
Done in 0.05 min (cpu), 0.05 min (real)
Generate toy 34/250

 -- MarkovChainMC -- 
Limit: r < 1.14307 +/- 0.0159512 @ 95% credibility (15 tries)
Done in 0.05 min (cpu), 0.05 min (real)
Generate toy 35/250

 -- MarkovChainMC -- 
Limit: r < 2.1177 +/- 0.0333418 @ 95% credibility (15 tries)
Done in 0.05 min (cpu), 0.06 min (real)
Generate toy 36/250

 -- MarkovChainMC -- 
Limit: r < 2.23531 +/- 0.0503394 @ 95% credibility (15 tries)
Done in 0.06 min (cpu), 0.06 min (real)
Generate toy 37/250

 -- MarkovChainMC -- 
Limit: r < 1.68647 +/- 0.0216907 @ 95% credibility (15 tries)
Done in 0.05 min (cpu), 0.06 min (real)
Generate toy 38/250

 -- MarkovChainMC -- 
Limit: r < 2.66257 +/- 0.0239564 @ 95% credibility (15 tries)
Done in 0.06 min (cpu), 0.06 min (real)
Generate toy 39/250

 -- MarkovChainMC -- 
Limit: r < 0.861766 +/- 0.016299 @ 95% credibility (15 tries)
Done in 0.06 min (cpu), 0.06 min (real)
Generate toy 40/250

 -- MarkovChainMC -- 
Limit: r < 2.13981 +/- 0.0376925 @ 95% credibility (15 tries)
Done in 0.06 min (cpu), 0.06 min (real)
Generate toy 41/250

 -- MarkovChainMC -- 
Limit: r < 0.800784 +/- 0.0146566 @ 95% credibility (15 tries)
Done in 0.05 min (cpu), 0.05 min (real)
Generate toy 42/250

 -- MarkovChainMC -- 
Limit: r < 2.24949 +/- 0.0195083 @ 95% credibility (15 tries)
Done in 0.06 min (cpu), 0.06 min (real)
Generate toy 43/250

 -- MarkovChainMC -- 
Limit: r < 4.45708 +/- 0.0451293 @ 95% credibility (15 tries)
Done in 0.06 min (cpu), 0.06 min (real)
Generate toy 44/250

 -- MarkovChainMC -- 
Limit: r < 1.41045 +/- 0.0184303 @ 95% credibility (15 tries)
Done in 0.06 min (cpu), 0.06 min (real)
Generate toy 45/250

 -- MarkovChainMC -- 
Limit: r < 3.28733 +/- 0.0331164 @ 95% credibility (15 tries)
Done in 0.06 min (cpu), 0.06 min (real)
Generate toy 46/250

 -- MarkovChainMC -- 
Limit: r < 0.814353 +/- 0.0178346 @ 95% credibility (15 tries)
Done in 0.06 min (cpu), 0.06 min (real)
Generate toy 47/250

 -- MarkovChainMC -- 
Limit: r < 1.68147 +/- 0.021737 @ 95% credibility (15 tries)
Done in 0.05 min (cpu), 0.05 min (real)
Generate toy 48/250

 -- MarkovChainMC -- 
Limit: r < 2.35395 +/- 0.0292294 @ 95% credibility (15 tries)
Done in 0.06 min (cpu), 0.06 min (real)
Generate toy 49/250

 -- MarkovChainMC -- 
Limit: r < 1.92136 +/- 0.0286161 @ 95% credibility (15 tries)
Done in 0.06 min (cpu), 0.06 min (real)
Generate toy 50/250

 -- MarkovChainMC -- 
Limit: r < 1.71631 +/- 0.0165224 @ 95% credibility (15 tries)
Done in 0.06 min (cpu), 0.06 min (real)
Generate toy 51/250

 -- MarkovChainMC -- 
Limit: r < 2.55416 +/- 0.0503843 @ 95% credibility (15 tries)
Done in 0.06 min (cpu), 0.06 min (real)
Generate toy 52/250

 -- MarkovChainMC -- 
Limit: r < 2.87719 +/- 0.0288558 @ 95% credibility (15 tries)
Done in 0.06 min (cpu), 0.06 min (real)
Generate toy 53/250

 -- MarkovChainMC -- 
Limit: r < 1.42201 +/- 0.0166765 @ 95% credibility (15 tries)
Done in 0.05 min (cpu), 0.05 min (real)
Generate toy 54/250

 -- MarkovChainMC -- 
Limit: r < 1.79514 +/- 0.0239682 @ 95% credibility (15 tries)
Done in 0.06 min (cpu), 0.06 min (real)
Generate toy 55/250

 -- MarkovChainMC -- 
Limit: r < 1.56779 +/- 0.00838955 @ 95% credibility (15 tries)
Done in 0.06 min (cpu), 0.06 min (real)
Generate toy 56/250

 -- MarkovChainMC -- 
Limit: r < 2.43635 +/- 0.0285121 @ 95% credibility (15 tries)
Done in 0.06 min (cpu), 0.06 min (real)
Generate toy 57/250

 -- MarkovChainMC -- 
Limit: r < 1.50039 +/- 0.0279986 @ 95% credibility (15 tries)
Done in 0.06 min (cpu), 0.06 min (real)
Generate toy 58/250

 -- MarkovChainMC -- 
Limit: r < 1.39255 +/- 0.0217473 @ 95% credibility (15 tries)
Done in 0.06 min (cpu), 0.06 min (real)
Generate toy 59/250

 -- MarkovChainMC -- 
Limit: r < 1.77854 +/- 0.0247116 @ 95% credibility (15 tries)
Done in 0.06 min (cpu), 0.06 min (real)
Generate toy 60/250

 -- MarkovChainMC -- 
Limit: r < 1.31928 +/- 0.0125517 @ 95% credibility (15 tries)
Done in 0.05 min (cpu), 0.05 min (real)
Generate toy 61/250

 -- MarkovChainMC -- 
Limit: r < 2.80472 +/- 0.0272628 @ 95% credibility (15 tries)
Done in 0.06 min (cpu), 0.06 min (real)
Generate toy 62/250

 -- MarkovChainMC -- 
Limit: r < 1.58875 +/- 0.0164701 @ 95% credibility (15 tries)
Done in 0.05 min (cpu), 0.06 min (real)
Generate toy 63/250

 -- MarkovChainMC -- 
Limit: r < 1.34475 +/- 0.0231454 @ 95% credibility (15 tries)
Done in 0.05 min (cpu), 0.05 min (real)
Generate toy 64/250

 -- MarkovChainMC -- 
Limit: r < 1.14796 +/- 0.0116964 @ 95% credibility (15 tries)
Done in 0.05 min (cpu), 0.05 min (real)
Generate toy 65/250

 -- MarkovChainMC -- 
Limit: r < 1.85435 +/- 0.0389436 @ 95% credibility (15 tries)
Done in 0.06 min (cpu), 0.06 min (real)
Generate toy 66/250

 -- MarkovChainMC -- 
Limit: r < 2.00593 +/- 0.0240865 @ 95% credibility (15 tries)
Done in 0.06 min (cpu), 0.06 min (real)
Generate toy 67/250

 -- MarkovChainMC -- 
Limit: r < 3.05666 +/- 0.0301629 @ 95% credibility (15 tries)
Done in 0.06 min (cpu), 0.06 min (real)
Generate toy 68/250

 -- MarkovChainMC -- 
Limit: r < 2.60418 +/- 0.042463 @ 95% credibility (15 tries)
Done in 0.06 min (cpu), 0.06 min (real)
Generate toy 69/250

 -- MarkovChainMC -- 
Limit: r < 1.21087 +/- 0.0145807 @ 95% credibility (15 tries)
Done in 0.05 min (cpu), 0.05 min (real)
Generate toy 70/250

 -- MarkovChainMC -- 
Limit: r < 1.34905 +/- 0.00850048 @ 95% credibility (15 tries)
Done in 0.06 min (cpu), 0.06 min (real)
Generate toy 71/250

 -- MarkovChainMC -- 
Limit: r < 1.59998 +/- 0.0203929 @ 95% credibility (15 tries)
Done in 0.06 min (cpu), 0.06 min (real)
Generate toy 72/250

 -- MarkovChainMC -- 
Limit: r < 1.35772 +/- 0.0123339 @ 95% credibility (15 tries)
Done in 0.05 min (cpu), 0.05 min (real)
Generate toy 73/250

 -- MarkovChainMC -- 
Limit: r < 1.65326 +/- 0.0179819 @ 95% credibility (15 tries)
Done in 0.05 min (cpu), 0.05 min (real)
Generate toy 74/250

 -- MarkovChainMC -- 
Limit: r < 3.0602 +/- 0.0285735 @ 95% credibility (15 tries)
Done in 0.06 min (cpu), 0.06 min (real)
Generate toy 75/250

 -- MarkovChainMC -- 
Limit: r < 1.72045 +/- 0.0281568 @ 95% credibility (15 tries)
Done in 0.05 min (cpu), 0.06 min (real)
Generate toy 76/250

 -- MarkovChainMC -- 
Limit: r < 2.93889 +/- 0.0265538 @ 95% credibility (15 tries)
Done in 0.06 min (cpu), 0.06 min (real)
Generate toy 77/250

 -- MarkovChainMC -- 
Limit: r < 1.6665 +/- 0.0281861 @ 95% credibility (15 tries)
Done in 0.06 min (cpu), 0.06 min (real)
Generate toy 78/250

 -- MarkovChainMC -- 
Limit: r < 1.39126 +/- 0.0186714 @ 95% credibility (15 tries)
Done in 0.05 min (cpu), 0.05 min (real)
Generate toy 79/250

 -- MarkovChainMC -- 
Limit: r < 2.0656 +/- 0.0195238 @ 95% credibility (15 tries)
Done in 0.06 min (cpu), 0.06 min (real)
Generate toy 80/250

 -- MarkovChainMC -- 
Limit: r < 0.927008 +/- 0.0107554 @ 95% credibility (15 tries)
Done in 0.05 min (cpu), 0.06 min (real)
Generate toy 81/250

 -- MarkovChainMC -- 
Limit: r < 1.74569 +/- 0.0259 @ 95% credibility (15 tries)
Done in 0.06 min (cpu), 0.06 min (real)
Generate toy 82/250

 -- MarkovChainMC -- 
Limit: r < 0.913529 +/- 0.0143787 @ 95% credibility (15 tries)
Done in 0.05 min (cpu), 0.05 min (real)
Generate toy 83/250

 -- MarkovChainMC -- 
Limit: r < 2.94065 +/- 0.0399761 @ 95% credibility (15 tries)
Done in 0.06 min (cpu), 0.06 min (real)
Generate toy 84/250

 -- MarkovChainMC -- 
Limit: r < 1.91347 +/- 0.0266112 @ 95% credibility (15 tries)
Done in 0.05 min (cpu), 0.05 min (real)
Generate toy 85/250

 -- MarkovChainMC -- 
Limit: r < 2.46856 +/- 0.0138926 @ 95% credibility (15 tries)
Done in 0.06 min (cpu), 0.06 min (real)
Generate toy 86/250

 -- MarkovChainMC -- 
Limit: r < 3.34683 +/- 0.0459727 @ 95% credibility (15 tries)
Done in 0.06 min (cpu), 0.06 min (real)
Generate toy 87/250

 -- MarkovChainMC -- 
Limit: r < 1.1667 +/- 0.0247191 @ 95% credibility (15 tries)
Done in 0.05 min (cpu), 0.05 min (real)
Generate toy 88/250

 -- MarkovChainMC -- 
Limit: r < 2.58112 +/- 0.0357239 @ 95% credibility (15 tries)
Done in 0.06 min (cpu), 0.06 min (real)
Generate toy 89/250

 -- MarkovChainMC -- 
Limit: r < 1.30104 +/- 0.0257901 @ 95% credibility (15 tries)
Done in 0.05 min (cpu), 0.05 min (real)
Generate toy 90/250

 -- MarkovChainMC -- 
Limit: r < 2.2974 +/- 0.00786582 @ 95% credibility (15 tries)
Done in 0.06 min (cpu), 0.06 min (real)
Generate toy 91/250

 -- MarkovChainMC -- 
Limit: r < 1.85635 +/- 0.0135535 @ 95% credibility (15 tries)
Done in 0.06 min (cpu), 0.06 min (real)
Generate toy 92/250

 -- MarkovChainMC -- 
Limit: r < 1.89779 +/- 0.0242312 @ 95% credibility (15 tries)
Done in 0.05 min (cpu), 0.06 min (real)
Generate toy 93/250

 -- MarkovChainMC -- 
Limit: r < 3.35003 +/- 0.046404 @ 95% credibility (15 tries)
Done in 0.06 min (cpu), 0.06 min (real)
Generate toy 94/250

 -- MarkovChainMC -- 
Limit: r < 0.775364 +/- 0.00771747 @ 95% credibility (15 tries)
Done in 0.05 min (cpu), 0.05 min (real)
Generate toy 95/250

 -- MarkovChainMC -- 
Limit: r < 1.23553 +/- 0.0212634 @ 95% credibility (15 tries)
Done in 0.05 min (cpu), 0.05 min (real)
Generate toy 96/250

 -- MarkovChainMC -- 
Limit: r < 0.921045 +/- 0.0121375 @ 95% credibility (15 tries)
Done in 0.05 min (cpu), 0.05 min (real)
Generate toy 97/250

 -- MarkovChainMC -- 
Limit: r < 2.29153 +/- 0.0267886 @ 95% credibility (15 tries)
Done in 0.05 min (cpu), 0.06 min (real)
Generate toy 98/250

 -- MarkovChainMC -- 
Limit: r < 2.42261 +/- 0.0118031 @ 95% credibility (15 tries)
Done in 0.06 min (cpu), 0.06 min (real)
Generate toy 99/250

 -- MarkovChainMC -- 
Limit: r < 3.19423 +/- 0.0721992 @ 95% credibility (15 tries)
Done in 0.06 min (cpu), 0.06 min (real)
Generate toy 100/250

 -- MarkovChainMC -- 
Limit: r < 2.03973 +/- 0.0269213 @ 95% credibility (15 tries)
Done in 0.06 min (cpu), 0.06 min (real)
Generate toy 101/250

 -- MarkovChainMC -- 
Limit: r < 1.49297 +/- 0.0218636 @ 95% credibility (15 tries)
Done in 0.06 min (cpu), 0.06 min (real)
Generate toy 102/250

 -- MarkovChainMC -- 
Limit: r < 3.96867 +/- 0.0541307 @ 95% credibility (15 tries)
Done in 0.06 min (cpu), 0.06 min (real)
Generate toy 103/250

 -- MarkovChainMC -- 
Limit: r < 1.95621 +/- 0.0334188 @ 95% credibility (15 tries)
Done in 0.06 min (cpu), 0.06 min (real)
Generate toy 104/250

 -- MarkovChainMC -- 
Limit: r < 1.16562 +/- 0.0127866 @ 95% credibility (15 tries)
Done in 0.06 min (cpu), 0.06 min (real)
Generate toy 105/250

 -- MarkovChainMC -- 
Limit: r < 1.33644 +/- 0.0288456 @ 95% credibility (15 tries)
Done in 0.06 min (cpu), 0.06 min (real)
Generate toy 106/250

 -- MarkovChainMC -- 
Limit: r < 1.35537 +/- 0.0153111 @ 95% credibility (15 tries)
Done in 0.06 min (cpu), 0.06 min (real)
Generate toy 107/250

 -- MarkovChainMC -- 
Limit: r < 2.30435 +/- 0.0189502 @ 95% credibility (15 tries)
Done in 0.06 min (cpu), 0.06 min (real)
Generate toy 108/250

 -- MarkovChainMC -- 
Limit: r < 1.22836 +/- 0.0190265 @ 95% credibility (15 tries)
Done in 0.06 min (cpu), 0.06 min (real)
Generate toy 109/250

 -- MarkovChainMC -- 
Limit: r < 1.98164 +/- 0.0216763 @ 95% credibility (15 tries)
Done in 0.06 min (cpu), 0.06 min (real)
Generate toy 110/250

 -- MarkovChainMC -- 
Limit: r < 2.22692 +/- 0.0363061 @ 95% credibility (15 tries)
Done in 0.06 min (cpu), 0.06 min (real)
Generate toy 111/250

 -- MarkovChainMC -- 
Limit: r < 1.97674 +/- 0.0346363 @ 95% credibility (15 tries)
Done in 0.06 min (cpu), 0.06 min (real)
Generate toy 112/250

 -- MarkovChainMC -- 
Limit: r < 1.83706 +/- 0.0292157 @ 95% credibility (15 tries)
Done in 0.06 min (cpu), 0.06 min (real)
Generate toy 113/250

 -- MarkovChainMC -- 
Limit: r < 2.28931 +/- 0.0245909 @ 95% credibility (15 tries)
Done in 0.06 min (cpu), 0.06 min (real)
Generate toy 114/250

 -- MarkovChainMC -- 
Limit: r < 3.56302 +/- 0.0387651 @ 95% credibility (15 tries)
Done in 0.06 min (cpu), 0.06 min (real)
Generate toy 115/250

 -- MarkovChainMC -- 
Limit: r < 1.49771 +/- 0.0216305 @ 95% credibility (15 tries)
Done in 0.05 min (cpu), 0.05 min (real)
Generate toy 116/250

 -- MarkovChainMC -- 
Limit: r < 1.23838 +/- 0.0186806 @ 95% credibility (15 tries)
Done in 0.05 min (cpu), 0.05 min (real)
Generate toy 117/250

 -- MarkovChainMC -- 
Limit: r < 1.97697 +/- 0.0156626 @ 95% credibility (15 tries)
Done in 0.06 min (cpu), 0.06 min (real)
Generate toy 118/250

 -- MarkovChainMC -- 
Limit: r < 2.47648 +/- 0.0202622 @ 95% credibility (15 tries)
Done in 0.06 min (cpu), 0.06 min (real)
Generate toy 119/250

 -- MarkovChainMC -- 
Limit: r < 1.94633 +/- 0.0144344 @ 95% credibility (15 tries)
Done in 0.06 min (cpu), 0.06 min (real)
Generate toy 120/250

 -- MarkovChainMC -- 
Limit: r < 1.94462 +/- 0.0276763 @ 95% credibility (15 tries)
Done in 0.06 min (cpu), 0.06 min (real)
Generate toy 121/250

 -- MarkovChainMC -- 
Limit: r < 2.15316 +/- 0.0336576 @ 95% credibility (15 tries)
Done in 0.06 min (cpu), 0.06 min (real)
Generate toy 122/250

 -- MarkovChainMC -- 
Limit: r < 2.12645 +/- 0.0136488 @ 95% credibility (15 tries)
Done in 0.06 min (cpu), 0.06 min (real)
Generate toy 123/250

 -- MarkovChainMC -- 
Limit: r < 1.51935 +/- 0.0205329 @ 95% credibility (15 tries)
Done in 0.06 min (cpu), 0.06 min (real)
Generate toy 124/250

 -- MarkovChainMC -- 
Limit: r < 0.804785 +/- 0.0121547 @ 95% credibility (15 tries)
Done in 0.05 min (cpu), 0.06 min (real)
Generate toy 125/250

 -- MarkovChainMC -- 
Limit: r < 2.62421 +/- 0.0294058 @ 95% credibility (15 tries)
Done in 0.06 min (cpu), 0.06 min (real)
Generate toy 126/250

 -- MarkovChainMC -- 
Limit: r < 1.85505 +/- 0.0317075 @ 95% credibility (15 tries)
Done in 0.05 min (cpu), 0.05 min (real)
Generate toy 127/250

 -- MarkovChainMC -- 
Limit: r < 1.08294 +/- 0.0181236 @ 95% credibility (15 tries)
Done in 0.05 min (cpu), 0.05 min (real)
Generate toy 128/250

 -- MarkovChainMC -- 
Limit: r < 2.16649 +/- 0.0285449 @ 95% credibility (15 tries)
Done in 0.06 min (cpu), 0.06 min (real)
Generate toy 129/250

 -- MarkovChainMC -- 
Limit: r < 1.64719 +/- 0.0192416 @ 95% credibility (15 tries)
Done in 0.06 min (cpu), 0.06 min (real)
Generate toy 130/250

 -- MarkovChainMC -- 
Limit: r < 1.43019 +/- 0.0151426 @ 95% credibility (15 tries)
Done in 0.05 min (cpu), 0.06 min (real)
Generate toy 131/250

 -- MarkovChainMC -- 
Limit: r < 1.05765 +/- 0.0209493 @ 95% credibility (15 tries)
Done in 0.05 min (cpu), 0.05 min (real)
Generate toy 132/250

 -- MarkovChainMC -- 
Limit: r < 1.22719 +/- 0.027382 @ 95% credibility (15 tries)
Done in 0.05 min (cpu), 0.06 min (real)
Generate toy 133/250

 -- MarkovChainMC -- 
Limit: r < 2.4754 +/- 0.039772 @ 95% credibility (15 tries)
Done in 0.06 min (cpu), 0.06 min (real)
Generate toy 134/250

 -- MarkovChainMC -- 
Limit: r < 1.91701 +/- 0.0286901 @ 95% credibility (15 tries)
Done in 0.06 min (cpu), 0.06 min (real)
Generate toy 135/250

 -- MarkovChainMC -- 
Limit: r < 3.5201 +/- 0.0422115 @ 95% credibility (15 tries)
Done in 0.06 min (cpu), 0.06 min (real)
Generate toy 136/250

 -- MarkovChainMC -- 
Limit: r < 1.7438 +/- 0.0258243 @ 95% credibility (15 tries)
Done in 0.06 min (cpu), 0.06 min (real)
Generate toy 137/250

 -- MarkovChainMC -- 
Limit: r < 1.20508 +/- 0.0211464 @ 95% credibility (15 tries)
Done in 0.05 min (cpu), 0.05 min (real)
Generate toy 138/250

 -- MarkovChainMC -- 
Limit: r < 1.7657 +/- 0.0273847 @ 95% credibility (15 tries)
Done in 0.06 min (cpu), 0.06 min (real)
Generate toy 139/250

 -- MarkovChainMC -- 
Limit: r < 1.59616 +/- 0.0199538 @ 95% credibility (15 tries)
Done in 0.06 min (cpu), 0.06 min (real)
Generate toy 140/250

 -- MarkovChainMC -- 
Limit: r < 2.49275 +/- 0.0278179 @ 95% credibility (15 tries)
Done in 0.06 min (cpu), 0.06 min (real)
Generate toy 141/250

 -- MarkovChainMC -- 
Limit: r < 1.34619 +/- 0.00666446 @ 95% credibility (15 tries)
Done in 0.06 min (cpu), 0.06 min (real)
Generate toy 142/250

 -- MarkovChainMC -- 
Limit: r < 2.46787 +/- 0.0530274 @ 95% credibility (15 tries)
Done in 0.06 min (cpu), 0.06 min (real)
Generate toy 143/250

 -- MarkovChainMC -- 
Limit: r < 2.03084 +/- 0.0254276 @ 95% credibility (15 tries)
Done in 0.06 min (cpu), 0.06 min (real)
Generate toy 144/250

 -- MarkovChainMC -- 
Limit: r < 1.62564 +/- 0.0192078 @ 95% credibility (15 tries)
Done in 0.06 min (cpu), 0.07 min (real)
Generate toy 145/250

 -- MarkovChainMC -- 
Limit: r < 3.05867 +/- 0.0335883 @ 95% credibility (15 tries)
Done in 0.06 min (cpu), 0.06 min (real)
Generate toy 146/250

 -- MarkovChainMC -- 
Limit: r < 1.69002 +/- 0.0133047 @ 95% credibility (15 tries)
Done in 0.06 min (cpu), 0.06 min (real)
Generate toy 147/250

 -- MarkovChainMC -- 
Limit: r < 1.87154 +/- 0.0201866 @ 95% credibility (15 tries)
Done in 0.06 min (cpu), 0.06 min (real)
Generate toy 148/250

 -- MarkovChainMC -- 
Limit: r < 1.84894 +/- 0.0268932 @ 95% credibility (15 tries)
Done in 0.06 min (cpu), 0.06 min (real)
Generate toy 149/250

 -- MarkovChainMC -- 
Limit: r < 4.41816 +/- 0.0282301 @ 95% credibility (15 tries)
Done in 0.06 min (cpu), 0.06 min (real)
Generate toy 150/250

 -- MarkovChainMC -- 
Limit: r < 1.39455 +/- 0.0198172 @ 95% credibility (15 tries)
Done in 0.06 min (cpu), 0.06 min (real)
Generate toy 151/250

 -- MarkovChainMC -- 
Limit: r < 1.25761 +/- 0.0175425 @ 95% credibility (15 tries)
Done in 0.06 min (cpu), 0.06 min (real)
Generate toy 152/250

 -- MarkovChainMC -- 
Limit: r < 1.09978 +/- 0.0176908 @ 95% credibility (15 tries)
Done in 0.05 min (cpu), 0.06 min (real)
Generate toy 153/250

 -- MarkovChainMC -- 
Limit: r < 1.81742 +/- 0.0240292 @ 95% credibility (15 tries)
Done in 0.05 min (cpu), 0.06 min (real)
Generate toy 154/250

 -- MarkovChainMC -- 
Limit: r < 3.3016 +/- 0.053211 @ 95% credibility (15 tries)
Done in 0.06 min (cpu), 0.06 min (real)
Generate toy 155/250

 -- MarkovChainMC -- 
Limit: r < 1.43601 +/- 0.029835 @ 95% credibility (15 tries)
Done in 0.05 min (cpu), 0.05 min (real)
Generate toy 156/250

 -- MarkovChainMC -- 
Limit: r < 2.66439 +/- 0.0417605 @ 95% credibility (15 tries)
Done in 0.06 min (cpu), 0.06 min (real)
Generate toy 157/250

 -- MarkovChainMC -- 
Limit: r < 1.94779 +/- 0.01966 @ 95% credibility (15 tries)
Done in 0.05 min (cpu), 0.05 min (real)
Generate toy 158/250

 -- MarkovChainMC -- 
Limit: r < 2.89175 +/- 0.0387375 @ 95% credibility (15 tries)
Done in 0.06 min (cpu), 0.06 min (real)
Generate toy 159/250

 -- MarkovChainMC -- 
Limit: r < 3.74193 +/- 0.051818 @ 95% credibility (15 tries)
Done in 0.06 min (cpu), 0.06 min (real)
Generate toy 160/250

 -- MarkovChainMC -- 
Limit: r < 3.54878 +/- 0.0411925 @ 95% credibility (15 tries)
Done in 0.06 min (cpu), 0.06 min (real)
Generate toy 161/250

 -- MarkovChainMC -- 
Limit: r < 2.96883 +/- 0.0227174 @ 95% credibility (15 tries)
Done in 0.06 min (cpu), 0.06 min (real)
Generate toy 162/250

 -- MarkovChainMC -- 
Limit: r < 1.31165 +/- 0.0131766 @ 95% credibility (15 tries)
Done in 0.06 min (cpu), 0.06 min (real)
Generate toy 163/250

 -- MarkovChainMC -- 
Limit: r < 1.15658 +/- 0.00974206 @ 95% credibility (15 tries)
Done in 0.05 min (cpu), 0.06 min (real)
Generate toy 164/250

 -- MarkovChainMC -- 
Limit: r < 1.97591 +/- 0.0242179 @ 95% credibility (15 tries)
Done in 0.06 min (cpu), 0.06 min (real)
Generate toy 165/250

 -- MarkovChainMC -- 
Limit: r < 1.72246 +/- 0.0214851 @ 95% credibility (15 tries)
Done in 0.06 min (cpu), 0.06 min (real)
Generate toy 166/250

 -- MarkovChainMC -- 
Limit: r < 1.99481 +/- 0.0156656 @ 95% credibility (15 tries)
Done in 0.06 min (cpu), 0.06 min (real)
Generate toy 167/250

 -- MarkovChainMC -- 
Limit: r < 2.70337 +/- 0.0339022 @ 95% credibility (15 tries)
Done in 0.06 min (cpu), 0.06 min (real)
Generate toy 168/250

 -- MarkovChainMC -- 
Limit: r < 2.7126 +/- 0.0369811 @ 95% credibility (15 tries)
Done in 0.06 min (cpu), 0.07 min (real)
Generate toy 169/250

 -- MarkovChainMC -- 
Limit: r < 4.82342 +/- 0.061886 @ 95% credibility (15 tries)
Done in 0.07 min (cpu), 0.07 min (real)
Generate toy 170/250

 -- MarkovChainMC -- 
Limit: r < 2.04871 +/- 0.0323625 @ 95% credibility (15 tries)
Done in 0.06 min (cpu), 0.06 min (real)
Generate toy 171/250

 -- MarkovChainMC -- 
Limit: r < 2.64379 +/- 0.035658 @ 95% credibility (15 tries)
Done in 0.06 min (cpu), 0.06 min (real)
Generate toy 172/250

 -- MarkovChainMC -- 
Limit: r < 1.47522 +/- 0.0214218 @ 95% credibility (15 tries)
Done in 0.06 min (cpu), 0.06 min (real)
Generate toy 173/250

 -- MarkovChainMC -- 
Limit: r < 1.64279 +/- 0.036933 @ 95% credibility (15 tries)
Done in 0.06 min (cpu), 0.06 min (real)
Generate toy 174/250

 -- MarkovChainMC -- 
Limit: r < 3.19128 +/- 0.0527866 @ 95% credibility (15 tries)
Done in 0.06 min (cpu), 0.06 min (real)
Generate toy 175/250

 -- MarkovChainMC -- 
Limit: r < 1.84345 +/- 0.0206518 @ 95% credibility (15 tries)
Done in 0.06 min (cpu), 0.06 min (real)
Generate toy 176/250

 -- MarkovChainMC -- 
Limit: r < 1.32439 +/- 0.0176763 @ 95% credibility (15 tries)
Done in 0.05 min (cpu), 0.05 min (real)
Generate toy 177/250

 -- MarkovChainMC -- 
Limit: r < 3.98419 +/- 0.0314823 @ 95% credibility (15 tries)
Done in 0.06 min (cpu), 0.06 min (real)
Generate toy 178/250

 -- MarkovChainMC -- 
Limit: r < 3.37809 +/- 0.0635448 @ 95% credibility (15 tries)
Done in 0.07 min (cpu), 0.07 min (real)
Generate toy 179/250

 -- MarkovChainMC -- 
Limit: r < 2.15772 +/- 0.0274512 @ 95% credibility (15 tries)
Done in 0.06 min (cpu), 0.06 min (real)
Generate toy 180/250

 -- MarkovChainMC -- 
Limit: r < 2.19197 +/- 0.0255766 @ 95% credibility (15 tries)
Done in 0.06 min (cpu), 0.06 min (real)
Generate toy 181/250

 -- MarkovChainMC -- 
Limit: r < 2.51276 +/- 0.0267241 @ 95% credibility (15 tries)
Done in 0.06 min (cpu), 0.06 min (real)
Generate toy 182/250

 -- MarkovChainMC -- 
Limit: r < 1.72217 +/- 0.0233689 @ 95% credibility (15 tries)
Done in 0.06 min (cpu), 0.06 min (real)
Generate toy 183/250

 -- MarkovChainMC -- 
Limit: r < 3.11461 +/- 0.0237763 @ 95% credibility (15 tries)
Done in 0.06 min (cpu), 0.06 min (real)
Generate toy 184/250

 -- MarkovChainMC -- 
Limit: r < 1.29441 +/- 0.0174621 @ 95% credibility (15 tries)
Done in 0.06 min (cpu), 0.06 min (real)
Generate toy 185/250

 -- MarkovChainMC -- 
Limit: r < 2.01058 +/- 0.044536 @ 95% credibility (15 tries)
Done in 0.06 min (cpu), 0.06 min (real)
Generate toy 186/250

 -- MarkovChainMC -- 
Limit: r < 2.7847 +/- 0.0475577 @ 95% credibility (15 tries)
Done in 0.06 min (cpu), 0.06 min (real)
Generate toy 187/250

 -- MarkovChainMC -- 
Limit: r < 1.44109 +/- 0.0196701 @ 95% credibility (15 tries)
Done in 0.05 min (cpu), 0.05 min (real)
Generate toy 188/250

 -- MarkovChainMC -- 
Limit: r < 1.8358 +/- 0.0296633 @ 95% credibility (15 tries)
Done in 0.06 min (cpu), 0.06 min (real)
Generate toy 189/250

 -- MarkovChainMC -- 
Limit: r < 2.29302 +/- 0.0245629 @ 95% credibility (15 tries)
Done in 0.06 min (cpu), 0.06 min (real)
Generate toy 190/250

 -- MarkovChainMC -- 
Limit: r < 1.89322 +/- 0.0230274 @ 95% credibility (15 tries)
Done in 0.06 min (cpu), 0.07 min (real)
Generate toy 191/250

 -- MarkovChainMC -- 
Limit: r < 1.57105 +/- 0.026386 @ 95% credibility (15 tries)
Done in 0.06 min (cpu), 0.06 min (real)
Generate toy 192/250

 -- MarkovChainMC -- 
Limit: r < 1.91352 +/- 0.0279619 @ 95% credibility (15 tries)
Done in 0.06 min (cpu), 0.06 min (real)
Generate toy 193/250

 -- MarkovChainMC -- 
Limit: r < 2.16598 +/- 0.0342483 @ 95% credibility (15 tries)
Done in 0.06 min (cpu), 0.06 min (real)
Generate toy 194/250

 -- MarkovChainMC -- 
Limit: r < 2.00573 +/- 0.0353653 @ 95% credibility (15 tries)
Done in 0.06 min (cpu), 0.06 min (real)
Generate toy 195/250

 -- MarkovChainMC -- 
Limit: r < 1.08678 +/- 0.0283223 @ 95% credibility (15 tries)
Done in 0.05 min (cpu), 0.06 min (real)
Generate toy 196/250

 -- MarkovChainMC -- 
Limit: r < 2.48633 +/- 0.0412826 @ 95% credibility (15 tries)
Done in 0.06 min (cpu), 0.06 min (real)
Generate toy 197/250

 -- MarkovChainMC -- 
Limit: r < 2.36129 +/- 0.0351227 @ 95% credibility (15 tries)
Done in 0.06 min (cpu), 0.06 min (real)
Generate toy 198/250

 -- MarkovChainMC -- 
Limit: r < 1.1688 +/- 0.0163358 @ 95% credibility (15 tries)
Done in 0.06 min (cpu), 0.06 min (real)
Generate toy 199/250

 -- MarkovChainMC -- 
Limit: r < 1.81238 +/- 0.0196599 @ 95% credibility (15 tries)
Done in 0.06 min (cpu), 0.06 min (real)
Generate toy 200/250

 -- MarkovChainMC -- 
Limit: r < 3.53827 +/- 0.051971 @ 95% credibility (15 tries)
Done in 0.06 min (cpu), 0.06 min (real)
Generate toy 201/250

 -- MarkovChainMC -- 
Limit: r < 2.59839 +/- 0.0292168 @ 95% credibility (15 tries)
Done in 0.07 min (cpu), 0.07 min (real)
Generate toy 202/250

 -- MarkovChainMC -- 
Limit: r < 1.36423 +/- 0.0167647 @ 95% credibility (15 tries)
Done in 0.05 min (cpu), 0.06 min (real)
Generate toy 203/250

 -- MarkovChainMC -- 
Limit: r < 2.77772 +/- 0.0462542 @ 95% credibility (15 tries)
Done in 0.06 min (cpu), 0.06 min (real)
Generate toy 204/250

 -- MarkovChainMC -- 
Limit: r < 1.26012 +/- 0.0146367 @ 95% credibility (15 tries)
Done in 0.06 min (cpu), 0.06 min (real)
Generate toy 205/250

 -- MarkovChainMC -- 
Limit: r < 1.73994 +/- 0.0225958 @ 95% credibility (15 tries)
Done in 0.05 min (cpu), 0.05 min (real)
Generate toy 206/250

 -- MarkovChainMC -- 
Limit: r < 3.17315 +/- 0.0561148 @ 95% credibility (15 tries)
Done in 0.06 min (cpu), 0.06 min (real)
Generate toy 207/250

 -- MarkovChainMC -- 
Limit: r < 1.28608 +/- 0.0137316 @ 95% credibility (15 tries)
Done in 0.05 min (cpu), 0.06 min (real)
Generate toy 208/250

 -- MarkovChainMC -- 
Limit: r < 1.93142 +/- 0.0407024 @ 95% credibility (15 tries)
Done in 0.05 min (cpu), 0.06 min (real)
Generate toy 209/250

 -- MarkovChainMC -- 
Limit: r < 1.39692 +/- 0.0208478 @ 95% credibility (15 tries)
Done in 0.05 min (cpu), 0.05 min (real)
Generate toy 210/250

 -- MarkovChainMC -- 
Limit: r < 1.85928 +/- 0.0163735 @ 95% credibility (15 tries)
Done in 0.06 min (cpu), 0.06 min (real)
Generate toy 211/250

 -- MarkovChainMC -- 
Limit: r < 2.24558 +/- 0.0377465 @ 95% credibility (15 tries)
Done in 0.06 min (cpu), 0.06 min (real)
Generate toy 212/250

 -- MarkovChainMC -- 
Limit: r < 2.29803 +/- 0.0293596 @ 95% credibility (15 tries)
Done in 0.06 min (cpu), 0.06 min (real)
Generate toy 213/250

 -- MarkovChainMC -- 
Limit: r < 3.17689 +/- 0.0331067 @ 95% credibility (15 tries)
Done in 0.06 min (cpu), 0.06 min (real)
Generate toy 214/250

 -- MarkovChainMC -- 
Limit: r < 2.3953 +/- 0.0147594 @ 95% credibility (15 tries)
Done in 0.06 min (cpu), 0.06 min (real)
Generate toy 215/250

 -- MarkovChainMC -- 
Limit: r < 1.82397 +/- 0.0170874 @ 95% credibility (15 tries)
Done in 0.06 min (cpu), 0.06 min (real)
Generate toy 216/250

 -- MarkovChainMC -- 
Limit: r < 1.21662 +/- 0.0255109 @ 95% credibility (15 tries)
Done in 0.05 min (cpu), 0.06 min (real)
Generate toy 217/250

 -- MarkovChainMC -- 
Limit: r < 1.44332 +/- 0.0131318 @ 95% credibility (15 tries)
Done in 0.05 min (cpu), 0.05 min (real)
Generate toy 218/250

 -- MarkovChainMC -- 
Limit: r < 2.41558 +/- 0.0227191 @ 95% credibility (15 tries)
Done in 0.06 min (cpu), 0.06 min (real)
Generate toy 219/250

 -- MarkovChainMC -- 
Limit: r < 0.89655 +/- 0.0199048 @ 95% credibility (15 tries)
Done in 0.05 min (cpu), 0.05 min (real)
Generate toy 220/250

 -- MarkovChainMC -- 
Limit: r < 2.01457 +/- 0.0331171 @ 95% credibility (15 tries)
Done in 0.05 min (cpu), 0.05 min (real)
Generate toy 221/250

 -- MarkovChainMC -- 
Limit: r < 2.04562 +/- 0.0273869 @ 95% credibility (15 tries)
Done in 0.05 min (cpu), 0.06 min (real)
Generate toy 222/250

 -- MarkovChainMC -- 
Limit: r < 1.49496 +/- 0.0195011 @ 95% credibility (15 tries)
Done in 0.06 min (cpu), 0.06 min (real)
Generate toy 223/250

 -- MarkovChainMC -- 
Limit: r < 1.75541 +/- 0.0200259 @ 95% credibility (15 tries)
Done in 0.06 min (cpu), 0.06 min (real)
Generate toy 224/250

 -- MarkovChainMC -- 
Limit: r < 2.53513 +/- 0.0394034 @ 95% credibility (15 tries)
Done in 0.06 min (cpu), 0.06 min (real)
Generate toy 225/250

 -- MarkovChainMC -- 
Limit: r < 2.18983 +/- 0.0160635 @ 95% credibility (15 tries)
Done in 0.06 min (cpu), 0.06 min (real)
Generate toy 226/250

 -- MarkovChainMC -- 
Limit: r < 1.07236 +/- 0.0182891 @ 95% credibility (15 tries)
Done in 0.05 min (cpu), 0.05 min (real)
Generate toy 227/250

 -- MarkovChainMC -- 
Limit: r < 2.19305 +/- 0.0298422 @ 95% credibility (15 tries)
Done in 0.06 min (cpu), 0.06 min (real)
Generate toy 228/250

 -- MarkovChainMC -- 
Limit: r < 2.44696 +/- 0.0391703 @ 95% credibility (15 tries)
Done in 0.06 min (cpu), 0.06 min (real)
Generate toy 229/250

 -- MarkovChainMC -- 
Limit: r < 1.94602 +/- 0.0106335 @ 95% credibility (15 tries)
Done in 0.06 min (cpu), 0.06 min (real)
Generate toy 230/250

 -- MarkovChainMC -- 
Limit: r < 1.7476 +/- 0.0346987 @ 95% credibility (15 tries)
Done in 0.06 min (cpu), 0.06 min (real)
Generate toy 231/250

 -- MarkovChainMC -- 
Limit: r < 2.18047 +/- 0.0414629 @ 95% credibility (15 tries)
Done in 0.06 min (cpu), 0.06 min (real)
Generate toy 232/250

 -- MarkovChainMC -- 
Limit: r < 1.4429 +/- 0.0208719 @ 95% credibility (15 tries)
Done in 0.05 min (cpu), 0.06 min (real)
Generate toy 233/250

 -- MarkovChainMC -- 
Limit: r < 2.90447 +/- 0.0334941 @ 95% credibility (15 tries)
Done in 0.06 min (cpu), 0.06 min (real)
Generate toy 234/250

 -- MarkovChainMC -- 
Limit: r < 1.08171 +/- 0.0126903 @ 95% credibility (15 tries)
Done in 0.05 min (cpu), 0.05 min (real)
Generate toy 235/250

 -- MarkovChainMC -- 
Limit: r < 0.957249 +/- 0.0216213 @ 95% credibility (15 tries)
Done in 0.05 min (cpu), 0.05 min (real)
Generate toy 236/250

 -- MarkovChainMC -- 
Limit: r < 1.59992 +/- 0.0343153 @ 95% credibility (15 tries)
Done in 0.05 min (cpu), 0.05 min (real)
Generate toy 237/250

 -- MarkovChainMC -- 
Limit: r < 2.94313 +/- 0.0512162 @ 95% credibility (15 tries)
Done in 0.06 min (cpu), 0.06 min (real)
Generate toy 238/250

 -- MarkovChainMC -- 
Limit: r < 1.0988 +/- 0.0211027 @ 95% credibility (15 tries)
Done in 0.05 min (cpu), 0.05 min (real)
Generate toy 239/250

 -- MarkovChainMC -- 
Limit: r < 1.98394 +/- 0.0278502 @ 95% credibility (15 tries)
Done in 0.06 min (cpu), 0.06 min (real)
Generate toy 240/250

 -- MarkovChainMC -- 
Limit: r < 1.55026 +/- 0.0178042 @ 95% credibility (15 tries)
Done in 0.05 min (cpu), 0.05 min (real)
Generate toy 241/250

 -- MarkovChainMC -- 
Limit: r < 2.28576 +/- 0.0306317 @ 95% credibility (15 tries)
Done in 0.06 min (cpu), 0.06 min (real)
Generate toy 242/250

 -- MarkovChainMC -- 
Limit: r < 2.42377 +/- 0.0260599 @ 95% credibility (15 tries)
Done in 0.06 min (cpu), 0.06 min (real)
Generate toy 243/250

 -- MarkovChainMC -- 
Limit: r < 1.84906 +/- 0.0227169 @ 95% credibility (15 tries)
Done in 0.06 min (cpu), 0.06 min (real)
Generate toy 244/250

 -- MarkovChainMC -- 
Limit: r < 1.36135 +/- 0.00961998 @ 95% credibility (15 tries)
Done in 0.06 min (cpu), 0.06 min (real)
Generate toy 245/250

 -- MarkovChainMC -- 
Limit: r < 1.58609 +/- 0.0272095 @ 95% credibility (15 tries)
Done in 0.05 min (cpu), 0.06 min (real)
Generate toy 246/250

 -- MarkovChainMC -- 
Limit: r < 1.49626 +/- 0.0283905 @ 95% credibility (15 tries)
Done in 0.05 min (cpu), 0.05 min (real)
Generate toy 247/250

 -- MarkovChainMC -- 
Limit: r < 1.86419 +/- 0.0238839 @ 95% credibility (15 tries)
Done in 0.06 min (cpu), 0.06 min (real)
Generate toy 248/250

 -- MarkovChainMC -- 
Limit: r < 1.86566 +/- 0.0241409 @ 95% credibility (15 tries)
Done in 0.06 min (cpu), 0.06 min (real)
Generate toy 249/250

 -- MarkovChainMC -- 
Limit: r < 1.21607 +/- 0.0229639 @ 95% credibility (15 tries)
Done in 0.05 min (cpu), 0.05 min (real)
Generate toy 250/250

 -- MarkovChainMC -- 
Limit: r < 2.32413 +/- 0.0199177 @ 95% credibility (15 tries)
Done in 0.06 min (cpu), 0.06 min (real)
mean   expected limit: r < 2.02092 +/- 0.0464501 @ 95%CL (250 toyMC)
median expected limit: r < 1.91918 @ 95%CL (250 toyMC)
   68% expected band : 1.30104 < r < 2.72913
   95% expected band : 0.89655 < r < 3.74193
