 <<< Combine >>> 
 <<< v10.0.2 >>>
>>> Used OpenSSL to get a truly random seed -1996778197
>>> Method used is MarkovChainMC
============================================================
Analyzing bin errors for: prop_binmuon22
Poisson cut-off: 10
Processes excluded for sums: Wprime2600
============================================================
Bin        Contents        Error           Notes                         
0          1920.003341     10.678708       total sum                     
0          1919.906728     10.678704       excluding marked processes    
0          32324.000000    179.788765      Unweighted events, alpha=0.059399
  => Total parameter prop_binmuon22_bin0[0.00,-7.00,7.00] to be Gaussian constrained
------------------------------------------------------------
1          746.317820      5.319407        total sum                     
1          746.176294      5.319396        excluding marked processes    
1          19677.000000    140.274730      Unweighted events, alpha=0.037928
  => Total parameter prop_binmuon22_bin1[0.00,-7.00,7.00] to be Gaussian constrained
------------------------------------------------------------
2          349.522455      4.779360        total sum                     
2          349.364724      4.779346        excluding marked processes    
2          5343.000000     73.095828       Unweighted events, alpha=0.065417
  => Total parameter prop_binmuon22_bin2[0.00,-7.00,7.00] to be Gaussian constrained
------------------------------------------------------------
3          177.902196      2.666027        total sum                     
3          177.666972      2.665991        excluding marked processes    
3          4441.000000     66.640828       Unweighted events, alpha=0.040059
  => Total parameter prop_binmuon22_bin3[0.00,-7.00,7.00] to be Gaussian constrained
------------------------------------------------------------
4          92.346179       1.100715        total sum                     
4          92.130830       1.100632        excluding marked processes    
4          7007.000000     83.707825       Unweighted events, alpha=0.013179
  => Total parameter prop_binmuon22_bin4[0.00,-7.00,7.00] to be Gaussian constrained
------------------------------------------------------------
5          57.409187       1.629499        total sum                     
5          57.133028       1.629429        excluding marked processes    
5          1229.000000     35.057096       Unweighted events, alpha=0.046712
  => Total parameter prop_binmuon22_bin5[0.00,-7.00,7.00] to be Gaussian constrained
------------------------------------------------------------
6          55.320012       0.702410        total sum                     
6          54.664368       0.702021        excluding marked processes    
6          6063.000000     77.865268       Unweighted events, alpha=0.009124
  => Total parameter prop_binmuon22_bin6[0.00,-7.00,7.00] to be Gaussian constrained
------------------------------------------------------------
7          23.238900       0.486673        total sum                     
7          22.472699       0.486024        excluding marked processes    
7          2138.000000     46.238512       Unweighted events, alpha=0.010869
  => Total parameter prop_binmuon22_bin7[0.00,-7.00,7.00] to be Gaussian constrained
------------------------------------------------------------
8          14.897024       0.430833        total sum                     
8          13.525714       0.429528        excluding marked processes    
8          992.000000      31.496031       Unweighted events, alpha=0.015017
  => Total parameter prop_binmuon22_bin8[0.00,-7.00,7.00] to be Gaussian constrained
------------------------------------------------------------
9          6.504981        0.331909        total sum                     
9          4.810380        0.329804        excluding marked processes    
9          213.000000      14.594520       Unweighted events, alpha=0.030540
  => Total parameter prop_binmuon22_bin9[0.00,-7.00,7.00] to be Gaussian constrained
------------------------------------------------------------
10         4.782336        0.086664        total sum                     
10         1.911535        0.071461        excluding marked processes    
10         716.000000      26.758176       Unweighted events, alpha=0.006679
  => Total parameter prop_binmuon22_bin10[0.00,-7.00,7.00] to be Gaussian constrained
------------------------------------------------------------
11         3.452563        0.219104        total sum                     
11         0.972493        0.214250        excluding marked processes    
11         21.000000       4.582576        Unweighted events, alpha=0.164408
  => Total parameter prop_binmuon22_bin11[0.00,-7.00,7.00] to be Gaussian constrained
------------------------------------------------------------
12         0.189463        0.006681        total sum                     
12         0.136521        0.001560        excluding marked processes    
12         7656.000000     87.498571       Unweighted events, alpha=0.000025
  => Total parameter prop_binmuon22_bin12[0.00,-7.00,7.00] to be Gaussian constrained
------------------------------------------------------------
13         0.047992        0.001879        total sum                     
13         0.045037        0.001164        excluding marked processes    
13         1498.000000     38.704005       Unweighted events, alpha=0.000032
  => Total parameter prop_binmuon22_bin13[0.00,-7.00,7.00] to be Gaussian constrained
------------------------------------------------------------
14         0.004204        0.001396        total sum                     
14         0.004204        0.001396        excluding marked processes    
14         9.000000        3.000000        Unweighted events, alpha=0.000467
  => Number of weighted events is below Poisson threshold
    Wprime2600           0.000000        0.000000                                      
      => Error is zero, ignore      
  ----------------------------------------------------------
    W_boson              0.002767        0.000109                                      
                         649.000000      25.475478       Unweighted events, alpha=0.000004
      => Parameter prop_binmuon22_bin14_W_boson[0.00,-7.00,7.00] to be Gaussian constrained
  ----------------------------------------------------------
    Top                  0.000000        0.000000                                      
      => Error is zero, ignore      
  ----------------------------------------------------------
    Z_boson              0.000046        0.000003                                      
                         230.000000      15.165751       Unweighted events, alpha=0.000000
      => Parameter prop_binmuon22_bin14_Z_boson[0.00,-7.00,7.00] to be Gaussian constrained
  ----------------------------------------------------------
    DiBoson              0.000000        0.000000                                      
      => Error is zero, ignore      
  ----------------------------------------------------------
    QCD                  0.001392        0.001392                                      
                         1.000000        1.000000        Unweighted events, alpha=0.001392
      => Product of prop_binmuon22_bin14_QCD[1.00,0.00,30.85] and const [1.0000] to be Poisson constrained
  ----------------------------------------------------------
------------------------------------------------------------
15         0.000569        0.000009        total sum                     
15         0.000569        0.000009        excluding marked processes    
15         3709.000000     60.901560       Unweighted events, alpha=0.000000
  => Total parameter prop_binmuon22_bin15[0.00,-7.00,7.00] to be Gaussian constrained
------------------------------------------------------------
============================================================
Analyzing bin errors for: prop_binmuon23
Poisson cut-off: 10
Processes excluded for sums: Wprime2600
============================================================
Bin        Contents        Error           Notes                         
0          1503.811833     8.825212        total sum                     
0          1503.736046     8.825210        excluding marked processes    
0          29033.000000    170.390727      Unweighted events, alpha=0.051797
  => Total parameter prop_binmuon23_bin0[0.00,-7.00,7.00] to be Gaussian constrained
------------------------------------------------------------
1          598.690694      5.778301        total sum                     
1          598.582453      5.778297        excluding marked processes    
1          10731.000000    103.590540      Unweighted events, alpha=0.055791
  => Total parameter prop_binmuon23_bin1[0.00,-7.00,7.00] to be Gaussian constrained
------------------------------------------------------------
2          274.088736      3.076511        total sum                     
2          273.962046      3.076501        excluding marked processes    
2          7930.000000     89.050547       Unweighted events, alpha=0.034564
  => Total parameter prop_binmuon23_bin2[0.00,-7.00,7.00] to be Gaussian constrained
------------------------------------------------------------
3          138.278834      2.138625        total sum                     
3          138.128577      2.138607        excluding marked processes    
3          4172.000000     64.591021       Unweighted events, alpha=0.033144
  => Total parameter prop_binmuon23_bin3[0.00,-7.00,7.00] to be Gaussian constrained
------------------------------------------------------------
4          75.247571       3.131864        total sum                     
4          75.049992       3.131848        excluding marked processes    
4          574.000000      23.958297       Unweighted events, alpha=0.131093
  => Total parameter prop_binmuon23_bin4[0.00,-7.00,7.00] to be Gaussian constrained
------------------------------------------------------------
5          45.962328       0.733971        total sum                     
5          45.737693       0.733894        excluding marked processes    
5          3884.000000     62.321746       Unweighted events, alpha=0.011834
  => Total parameter prop_binmuon23_bin5[0.00,-7.00,7.00] to be Gaussian constrained
------------------------------------------------------------
6          44.653904       1.313898        total sum                     
6          44.147371       1.313801        excluding marked processes    
6          1129.000000     33.600595       Unweighted events, alpha=0.039552
  => Total parameter prop_binmuon23_bin6[0.00,-7.00,7.00] to be Gaussian constrained
------------------------------------------------------------
7          17.948638       0.466196        total sum                     
7          17.339371       0.465865        excluding marked processes    
7          1385.000000     37.215588       Unweighted events, alpha=0.012959
  => Total parameter prop_binmuon23_bin7[0.00,-7.00,7.00] to be Gaussian constrained
------------------------------------------------------------
8          11.817180       0.505800        total sum                     
8          10.729127       0.505266        excluding marked processes    
8          451.000000      21.236761       Unweighted events, alpha=0.026202
  => Total parameter prop_binmuon23_bin8[0.00,-7.00,7.00] to be Gaussian constrained
------------------------------------------------------------
9          5.662828        0.391433        total sum                     
9          4.286528        0.390552        excluding marked processes    
9          120.000000      10.954451       Unweighted events, alpha=0.047190
  => Total parameter prop_binmuon23_bin9[0.00,-7.00,7.00] to be Gaussian constrained
------------------------------------------------------------
10         4.105827        0.252701        total sum                     
10         1.802595        0.250442        excluding marked processes    
10         52.000000       7.211103        Unweighted events, alpha=0.078958
  => Total parameter prop_binmuon23_bin10[0.00,-7.00,7.00] to be Gaussian constrained
------------------------------------------------------------
11         2.560102        0.038867        total sum                     
11         0.560716        0.023075        excluding marked processes    
11         590.000000      24.289916       Unweighted events, alpha=0.004339
  => Total parameter prop_binmuon23_bin11[0.00,-7.00,7.00] to be Gaussian constrained
------------------------------------------------------------
12         0.164498        0.017525        total sum                     
12         0.129662        0.017041        excluding marked processes    
12         58.000000       7.615773        Unweighted events, alpha=0.002836
  => Total parameter prop_binmuon23_bin12[0.00,-7.00,7.00] to be Gaussian constrained
------------------------------------------------------------
13         0.038520        0.001550        total sum                     
13         0.034332        0.000407        excluding marked processes    
13         7114.000000     84.344532       Unweighted events, alpha=0.000005
  => Total parameter prop_binmuon23_bin13[0.00,-7.00,7.00] to be Gaussian constrained
------------------------------------------------------------
14         0.002171        0.000032        total sum                     
14         0.002171        0.000032        excluding marked processes    
14         4726.000000     68.745909       Unweighted events, alpha=0.000000
  => Total parameter prop_binmuon23_bin14[0.00,-7.00,7.00] to be Gaussian constrained
------------------------------------------------------------
15         0.000949        0.000474        total sum                     
15         0.000475        0.000013        excluding marked processes    
15         1438.000000     37.920970       Unweighted events, alpha=0.000001
  => Total parameter prop_binmuon23_bin15[0.00,-7.00,7.00] to be Gaussian constrained
------------------------------------------------------------
Channel muon22 will use autoMCStats with settings: event-threshold=10, include-signal=0, hist-mode=1
Channel muon23 will use autoMCStats with settings: event-threshold=10, include-signal=0, hist-mode=1
Generate toy 1/250

 -- MarkovChainMC -- 
Limit: r < 0.387656 +/- 0.0068874 @ 95% credibility (15 tries)
Done in 0.20 min (cpu), 0.20 min (real)
Generate toy 2/250

 -- MarkovChainMC -- 
Limit: r < 0.790921 +/- 0.00749418 @ 95% credibility (15 tries)
Done in 0.22 min (cpu), 0.23 min (real)
Generate toy 3/250

 -- MarkovChainMC -- 
Limit: r < 1.63563 +/- 0.0120605 @ 95% credibility (15 tries)
Done in 0.21 min (cpu), 0.22 min (real)
Generate toy 4/250

 -- MarkovChainMC -- 
Limit: r < 0.612808 +/- 0.00561874 @ 95% credibility (15 tries)
Done in 0.21 min (cpu), 0.21 min (real)
Generate toy 5/250

 -- MarkovChainMC -- 
Limit: r < 0.529174 +/- 0.00943697 @ 95% credibility (15 tries)
Done in 0.21 min (cpu), 0.21 min (real)
Generate toy 6/250

 -- MarkovChainMC -- 
Limit: r < 0.388494 +/- 0.00593558 @ 95% credibility (15 tries)
Done in 0.20 min (cpu), 0.20 min (real)
Generate toy 7/250

 -- MarkovChainMC -- 
Limit: r < 0.706429 +/- 0.010517 @ 95% credibility (15 tries)
Done in 0.22 min (cpu), 0.23 min (real)
Generate toy 8/250

 -- MarkovChainMC -- 
Limit: r < 0.874611 +/- 0.00547839 @ 95% credibility (15 tries)
Done in 0.23 min (cpu), 0.23 min (real)
Generate toy 9/250

 -- MarkovChainMC -- 
Limit: r < 0.669422 +/- 0.0114868 @ 95% credibility (15 tries)
Done in 0.23 min (cpu), 0.23 min (real)
Generate toy 10/250

 -- MarkovChainMC -- 
Limit: r < 0.65296 +/- 0.00728073 @ 95% credibility (15 tries)
Done in 0.22 min (cpu), 0.23 min (real)
Generate toy 11/250

 -- MarkovChainMC -- 
Limit: r < 0.73086 +/- 0.00505786 @ 95% credibility (15 tries)
Done in 0.23 min (cpu), 0.24 min (real)
Generate toy 12/250

 -- MarkovChainMC -- 
Limit: r < 0.926462 +/- 0.00542845 @ 95% credibility (15 tries)
Done in 0.24 min (cpu), 0.24 min (real)
Generate toy 13/250

 -- MarkovChainMC -- 
Limit: r < 0.418894 +/- 0.0065342 @ 95% credibility (15 tries)
Done in 0.22 min (cpu), 0.22 min (real)
Generate toy 14/250

 -- MarkovChainMC -- 
Limit: r < 1.56571 +/- 0.0064806 @ 95% credibility (15 tries)
Done in 0.24 min (cpu), 0.25 min (real)
Generate toy 15/250

 -- MarkovChainMC -- 
Limit: r < 0.585917 +/- 0.00775512 @ 95% credibility (15 tries)
Done in 0.21 min (cpu), 0.22 min (real)
Generate toy 16/250

 -- MarkovChainMC -- 
Limit: r < 0.676615 +/- 0.00508186 @ 95% credibility (15 tries)
Done in 0.21 min (cpu), 0.21 min (real)
Generate toy 17/250

 -- MarkovChainMC -- 
Limit: r < 0.754086 +/- 0.00980673 @ 95% credibility (15 tries)
Done in 0.18 min (cpu), 0.18 min (real)
Generate toy 18/250

 -- MarkovChainMC -- 
Limit: r < 0.998554 +/- 0.00714087 @ 95% credibility (15 tries)
Done in 0.20 min (cpu), 0.21 min (real)
Generate toy 19/250

 -- MarkovChainMC -- 
Limit: r < 0.401644 +/- 0.00563219 @ 95% credibility (15 tries)
Done in 0.18 min (cpu), 0.18 min (real)
Generate toy 20/250

 -- MarkovChainMC -- 
Limit: r < 0.999927 +/- 0.00686014 @ 95% credibility (15 tries)
Done in 0.19 min (cpu), 0.19 min (real)
Generate toy 21/250

 -- MarkovChainMC -- 
Limit: r < 1.47286 +/- 0.0118253 @ 95% credibility (15 tries)
Done in 0.22 min (cpu), 0.22 min (real)
Generate toy 22/250

 -- MarkovChainMC -- 
Limit: r < 0.401733 +/- 0.00595498 @ 95% credibility (15 tries)
Done in 0.22 min (cpu), 0.22 min (real)
Generate toy 23/250

 -- MarkovChainMC -- 
Limit: r < 0.419058 +/- 0.00515627 @ 95% credibility (15 tries)
Done in 0.22 min (cpu), 0.22 min (real)
Generate toy 24/250

 -- MarkovChainMC -- 
Limit: r < 0.53825 +/- 0.00366113 @ 95% credibility (15 tries)
Done in 0.19 min (cpu), 0.19 min (real)
Generate toy 25/250

 -- MarkovChainMC -- 
Limit: r < 0.773708 +/- 0.00760295 @ 95% credibility (15 tries)
Done in 0.22 min (cpu), 0.22 min (real)
Generate toy 26/250

 -- MarkovChainMC -- 
Limit: r < 0.505538 +/- 0.00753217 @ 95% credibility (15 tries)
Done in 0.21 min (cpu), 0.22 min (real)
Generate toy 27/250

 -- MarkovChainMC -- 
Limit: r < 0.434587 +/- 0.00458496 @ 95% credibility (15 tries)
Done in 0.20 min (cpu), 0.20 min (real)
Generate toy 28/250

 -- MarkovChainMC -- 
Limit: r < 0.643283 +/- 0.00643267 @ 95% credibility (15 tries)
Done in 0.21 min (cpu), 0.21 min (real)
Generate toy 29/250

 -- MarkovChainMC -- 
Limit: r < 0.600344 +/- 0.00567291 @ 95% credibility (15 tries)
Done in 0.21 min (cpu), 0.21 min (real)
Generate toy 30/250

 -- MarkovChainMC -- 
Limit: r < 0.389994 +/- 0.00297364 @ 95% credibility (15 tries)
Done in 0.21 min (cpu), 0.22 min (real)
Generate toy 31/250

 -- MarkovChainMC -- 
Limit: r < 1.12155 +/- 0.00924704 @ 95% credibility (15 tries)
Done in 0.26 min (cpu), 0.26 min (real)
Generate toy 32/250

 -- MarkovChainMC -- 
Limit: r < 1.21755 +/- 0.0162952 @ 95% credibility (15 tries)
Done in 0.25 min (cpu), 0.25 min (real)
Generate toy 33/250

 -- MarkovChainMC -- 
Limit: r < 0.641199 +/- 0.0089545 @ 95% credibility (15 tries)
Done in 0.24 min (cpu), 0.25 min (real)
Generate toy 34/250

 -- MarkovChainMC -- 
Limit: r < 0.565619 +/- 0.00467455 @ 95% credibility (15 tries)
Done in 0.20 min (cpu), 0.20 min (real)
Generate toy 35/250

 -- MarkovChainMC -- 
Limit: r < 1.00128 +/- 0.00862666 @ 95% credibility (15 tries)
Done in 0.21 min (cpu), 0.21 min (real)
Generate toy 36/250

 -- MarkovChainMC -- 
Limit: r < 0.826766 +/- 0.00513479 @ 95% credibility (15 tries)
Done in 0.22 min (cpu), 0.23 min (real)
Generate toy 37/250

 -- MarkovChainMC -- 
Limit: r < 0.793995 +/- 0.00543798 @ 95% credibility (15 tries)
Done in 0.23 min (cpu), 0.23 min (real)
Generate toy 38/250

 -- MarkovChainMC -- 
Limit: r < 0.628119 +/- 0.00728108 @ 95% credibility (15 tries)
Done in 0.20 min (cpu), 0.21 min (real)
Generate toy 39/250

 -- MarkovChainMC -- 
Limit: r < 0.644456 +/- 0.00452361 @ 95% credibility (15 tries)
Done in 0.21 min (cpu), 0.22 min (real)
Generate toy 40/250

 -- MarkovChainMC -- 
Limit: r < 0.474172 +/- 0.00546808 @ 95% credibility (15 tries)
Done in 0.19 min (cpu), 0.20 min (real)
Generate toy 41/250

 -- MarkovChainMC -- 
Limit: r < 0.381649 +/- 0.00424366 @ 95% credibility (15 tries)
Done in 0.23 min (cpu), 0.23 min (real)
Generate toy 42/250

 -- MarkovChainMC -- 
Limit: r < 0.610206 +/- 0.00503261 @ 95% credibility (15 tries)
Done in 0.23 min (cpu), 0.24 min (real)
Generate toy 43/250

 -- MarkovChainMC -- 
Limit: r < 0.495301 +/- 0.00541031 @ 95% credibility (15 tries)
Done in 0.20 min (cpu), 0.20 min (real)
Generate toy 44/250

 -- MarkovChainMC -- 
Limit: r < 1.01739 +/- 0.00818736 @ 95% credibility (15 tries)
Done in 0.21 min (cpu), 0.21 min (real)
Generate toy 45/250

 -- MarkovChainMC -- 
Limit: r < 0.71021 +/- 0.00708222 @ 95% credibility (15 tries)
Done in 0.21 min (cpu), 0.21 min (real)
Generate toy 46/250

 -- MarkovChainMC -- 
Limit: r < 1.20026 +/- 0.00773616 @ 95% credibility (15 tries)
Done in 0.22 min (cpu), 0.22 min (real)
Generate toy 47/250

 -- MarkovChainMC -- 
Limit: r < 1.00436 +/- 0.00995698 @ 95% credibility (15 tries)
Done in 0.22 min (cpu), 0.22 min (real)
Generate toy 48/250

 -- MarkovChainMC -- 
Limit: r < 0.420257 +/- 0.00844406 @ 95% credibility (15 tries)
Done in 0.21 min (cpu), 0.21 min (real)
Generate toy 49/250

 -- MarkovChainMC -- 
Limit: r < 0.800092 +/- 0.00426644 @ 95% credibility (15 tries)
Done in 0.21 min (cpu), 0.21 min (real)
Generate toy 50/250

 -- MarkovChainMC -- 
Limit: r < 0.748603 +/- 0.0104324 @ 95% credibility (15 tries)
Done in 0.22 min (cpu), 0.22 min (real)
Generate toy 51/250

 -- MarkovChainMC -- 
Limit: r < 0.922676 +/- 0.00672383 @ 95% credibility (15 tries)
Done in 0.21 min (cpu), 0.22 min (real)
Generate toy 52/250

 -- MarkovChainMC -- 
Limit: r < 0.556785 +/- 0.0058237 @ 95% credibility (15 tries)
Done in 0.21 min (cpu), 0.21 min (real)
Generate toy 53/250

 -- MarkovChainMC -- 
Limit: r < 0.648312 +/- 0.00789981 @ 95% credibility (15 tries)
Done in 0.21 min (cpu), 0.21 min (real)
Generate toy 54/250

 -- MarkovChainMC -- 
Limit: r < 0.463393 +/- 0.00625617 @ 95% credibility (15 tries)
Done in 0.24 min (cpu), 0.24 min (real)
Generate toy 55/250

 -- MarkovChainMC -- 
Limit: r < 0.618495 +/- 0.00507703 @ 95% credibility (15 tries)
Done in 0.24 min (cpu), 0.24 min (real)
Generate toy 56/250

 -- MarkovChainMC -- 
Limit: r < 0.345303 +/- 0.00309325 @ 95% credibility (15 tries)
Done in 0.20 min (cpu), 0.20 min (real)
Generate toy 57/250

 -- MarkovChainMC -- 
Limit: r < 1.13402 +/- 0.0074339 @ 95% credibility (15 tries)
Done in 0.22 min (cpu), 0.22 min (real)
Generate toy 58/250

 -- MarkovChainMC -- 
Limit: r < 1.20097 +/- 0.0085302 @ 95% credibility (15 tries)
Done in 0.25 min (cpu), 0.26 min (real)
Generate toy 59/250

 -- MarkovChainMC -- 
Limit: r < 0.598822 +/- 0.00610816 @ 95% credibility (15 tries)
Done in 0.18 min (cpu), 0.18 min (real)
Generate toy 60/250

 -- MarkovChainMC -- 
Limit: r < 0.933265 +/- 0.00529025 @ 95% credibility (15 tries)
Done in 0.22 min (cpu), 0.22 min (real)
Generate toy 61/250

 -- MarkovChainMC -- 
Limit: r < 0.492745 +/- 0.00429588 @ 95% credibility (15 tries)
Done in 0.20 min (cpu), 0.20 min (real)
Generate toy 62/250

 -- MarkovChainMC -- 
Limit: r < 0.792684 +/- 0.0071137 @ 95% credibility (15 tries)
Done in 0.21 min (cpu), 0.22 min (real)
Generate toy 63/250

 -- MarkovChainMC -- 
Limit: r < 0.560904 +/- 0.0098705 @ 95% credibility (15 tries)
Done in 0.22 min (cpu), 0.23 min (real)
Generate toy 64/250

 -- MarkovChainMC -- 
Limit: r < 0.610238 +/- 0.00815363 @ 95% credibility (15 tries)
Done in 0.21 min (cpu), 0.22 min (real)
Generate toy 65/250

 -- MarkovChainMC -- 
Limit: r < 0.651746 +/- 0.00794674 @ 95% credibility (15 tries)
Done in 0.25 min (cpu), 0.25 min (real)
Generate toy 66/250

 -- MarkovChainMC -- 
Limit: r < 0.447633 +/- 0.00350785 @ 95% credibility (15 tries)
Done in 0.21 min (cpu), 0.21 min (real)
Generate toy 67/250

 -- MarkovChainMC -- 
Limit: r < 0.87977 +/- 0.01118 @ 95% credibility (15 tries)
Done in 0.19 min (cpu), 0.20 min (real)
Generate toy 68/250

 -- MarkovChainMC -- 
Limit: r < 0.866002 +/- 0.00879511 @ 95% credibility (15 tries)
Done in 0.22 min (cpu), 0.22 min (real)
Generate toy 69/250

 -- MarkovChainMC -- 
Limit: r < 0.720929 +/- 0.00847935 @ 95% credibility (15 tries)
Done in 0.24 min (cpu), 0.24 min (real)
Generate toy 70/250

 -- MarkovChainMC -- 
Limit: r < 0.628826 +/- 0.00660226 @ 95% credibility (15 tries)
Done in 0.20 min (cpu), 0.21 min (real)
Generate toy 71/250

 -- MarkovChainMC -- 
Limit: r < 0.722187 +/- 0.00616727 @ 95% credibility (15 tries)
Done in 0.21 min (cpu), 0.21 min (real)
Generate toy 72/250

 -- MarkovChainMC -- 
Limit: r < 0.409109 +/- 0.00463359 @ 95% credibility (15 tries)
Done in 0.21 min (cpu), 0.22 min (real)
Generate toy 73/250

 -- MarkovChainMC -- 
Limit: r < 0.471549 +/- 0.00806466 @ 95% credibility (15 tries)
Done in 0.23 min (cpu), 0.23 min (real)
Generate toy 74/250

 -- MarkovChainMC -- 
Limit: r < 0.91378 +/- 0.00652618 @ 95% credibility (15 tries)
Done in 0.18 min (cpu), 0.18 min (real)
Generate toy 75/250

 -- MarkovChainMC -- 
Limit: r < 0.610503 +/- 0.00571693 @ 95% credibility (15 tries)
Done in 0.21 min (cpu), 0.21 min (real)
Generate toy 76/250

 -- MarkovChainMC -- 
Limit: r < 0.852828 +/- 0.00632526 @ 95% credibility (15 tries)
Done in 0.22 min (cpu), 0.22 min (real)
Generate toy 77/250

 -- MarkovChainMC -- 
Limit: r < 0.517882 +/- 0.0087389 @ 95% credibility (15 tries)
Done in 0.22 min (cpu), 0.22 min (real)
Generate toy 78/250

 -- MarkovChainMC -- 
Limit: r < 0.383736 +/- 0.00652718 @ 95% credibility (15 tries)
Done in 0.18 min (cpu), 0.18 min (real)
Generate toy 79/250

 -- MarkovChainMC -- 
Limit: r < 1.27601 +/- 0.0119627 @ 95% credibility (15 tries)
Done in 0.25 min (cpu), 0.26 min (real)
Generate toy 80/250

 -- MarkovChainMC -- 
Limit: r < 0.532025 +/- 0.00652184 @ 95% credibility (15 tries)
Done in 0.19 min (cpu), 0.20 min (real)
Generate toy 81/250

 -- MarkovChainMC -- 
Limit: r < 0.698117 +/- 0.00622732 @ 95% credibility (15 tries)
Done in 0.22 min (cpu), 0.23 min (real)
Generate toy 82/250

 -- MarkovChainMC -- 
Limit: r < 0.82843 +/- 0.00843636 @ 95% credibility (15 tries)
Done in 0.23 min (cpu), 0.24 min (real)
Generate toy 83/250

 -- MarkovChainMC -- 
Limit: r < 0.308806 +/- 0.00552185 @ 95% credibility (15 tries)
Done in 0.20 min (cpu), 0.20 min (real)
Generate toy 84/250

 -- MarkovChainMC -- 
Limit: r < 0.395357 +/- 0.00579519 @ 95% credibility (15 tries)
Done in 0.21 min (cpu), 0.21 min (real)
Generate toy 85/250

 -- MarkovChainMC -- 
Limit: r < 0.501674 +/- 0.00806214 @ 95% credibility (15 tries)
Done in 0.20 min (cpu), 0.20 min (real)
Generate toy 86/250

 -- MarkovChainMC -- 
Limit: r < 0.601886 +/- 0.00819133 @ 95% credibility (15 tries)
Done in 0.21 min (cpu), 0.21 min (real)
Generate toy 87/250

 -- MarkovChainMC -- 
Limit: r < 0.442303 +/- 0.0110239 @ 95% credibility (15 tries)
Done in 0.20 min (cpu), 0.20 min (real)
Generate toy 88/250

 -- MarkovChainMC -- 
Limit: r < 0.965607 +/- 0.00535118 @ 95% credibility (15 tries)
Done in 0.19 min (cpu), 0.19 min (real)
Generate toy 89/250

 -- MarkovChainMC -- 
Limit: r < 1.08242 +/- 0.012711 @ 95% credibility (15 tries)
Done in 0.20 min (cpu), 0.20 min (real)
Generate toy 90/250

 -- MarkovChainMC -- 
Limit: r < 1.16024 +/- 0.00838847 @ 95% credibility (15 tries)
Done in 0.17 min (cpu), 0.17 min (real)
Generate toy 91/250

 -- MarkovChainMC -- 
Limit: r < 0.883312 +/- 0.00718101 @ 95% credibility (15 tries)
Done in 0.17 min (cpu), 0.17 min (real)
Generate toy 92/250

 -- MarkovChainMC -- 
Limit: r < 0.728966 +/- 0.010655 @ 95% credibility (15 tries)
Done in 0.19 min (cpu), 0.19 min (real)
Generate toy 93/250

 -- MarkovChainMC -- 
Limit: r < 0.859962 +/- 0.00863675 @ 95% credibility (15 tries)
Done in 0.17 min (cpu), 0.17 min (real)
Generate toy 94/250

 -- MarkovChainMC -- 
Limit: r < 0.99263 +/- 0.00743726 @ 95% credibility (15 tries)
Done in 0.18 min (cpu), 0.19 min (real)
Generate toy 95/250

 -- MarkovChainMC -- 
Limit: r < 0.497593 +/- 0.004802 @ 95% credibility (15 tries)
Done in 0.18 min (cpu), 0.19 min (real)
Generate toy 96/250

 -- MarkovChainMC -- 
Limit: r < 0.901902 +/- 0.00921842 @ 95% credibility (15 tries)
Done in 0.19 min (cpu), 0.19 min (real)
Generate toy 97/250

 -- MarkovChainMC -- 
Limit: r < 0.673665 +/- 0.0099432 @ 95% credibility (15 tries)
Done in 0.25 min (cpu), 0.25 min (real)
Generate toy 98/250

 -- MarkovChainMC -- 
Limit: r < 0.333502 +/- 0.00588054 @ 95% credibility (15 tries)
Done in 0.23 min (cpu), 0.23 min (real)
Generate toy 99/250

 -- MarkovChainMC -- 
Limit: r < 0.371997 +/- 0.00627516 @ 95% credibility (15 tries)
Done in 0.21 min (cpu), 0.21 min (real)
Generate toy 100/250

 -- MarkovChainMC -- 
Limit: r < 0.510803 +/- 0.00324705 @ 95% credibility (15 tries)
Done in 0.23 min (cpu), 0.23 min (real)
Generate toy 101/250

 -- MarkovChainMC -- 
Limit: r < 0.646487 +/- 0.0115355 @ 95% credibility (15 tries)
Done in 0.19 min (cpu), 0.20 min (real)
Generate toy 102/250

 -- MarkovChainMC -- 
Limit: r < 0.449085 +/- 0.00510146 @ 95% credibility (15 tries)
Done in 0.21 min (cpu), 0.21 min (real)
Generate toy 103/250

 -- MarkovChainMC -- 
Limit: r < 0.624565 +/- 0.00778313 @ 95% credibility (15 tries)
Done in 0.16 min (cpu), 0.16 min (real)
Generate toy 104/250

 -- MarkovChainMC -- 
Limit: r < 0.592735 +/- 0.00524037 @ 95% credibility (15 tries)
Done in 0.17 min (cpu), 0.18 min (real)
Generate toy 105/250

 -- MarkovChainMC -- 
Limit: r < 1.07326 +/- 0.00973417 @ 95% credibility (15 tries)
Done in 0.18 min (cpu), 0.18 min (real)
Generate toy 106/250

 -- MarkovChainMC -- 
Limit: r < 0.824028 +/- 0.0108752 @ 95% credibility (15 tries)
Done in 0.21 min (cpu), 0.21 min (real)
Generate toy 107/250

 -- MarkovChainMC -- 
Limit: r < 0.788807 +/- 0.0103431 @ 95% credibility (15 tries)
Done in 0.24 min (cpu), 0.24 min (real)
Generate toy 108/250

 -- MarkovChainMC -- 
Limit: r < 0.450068 +/- 0.00431715 @ 95% credibility (15 tries)
Done in 0.20 min (cpu), 0.20 min (real)
Generate toy 109/250

 -- MarkovChainMC -- 
Limit: r < 0.617673 +/- 0.00642233 @ 95% credibility (15 tries)
Done in 0.20 min (cpu), 0.20 min (real)
Generate toy 110/250

 -- MarkovChainMC -- 
Limit: r < 0.827063 +/- 0.00602691 @ 95% credibility (15 tries)
Done in 0.20 min (cpu), 0.20 min (real)
Generate toy 111/250

 -- MarkovChainMC -- 
Limit: r < 0.665559 +/- 0.0104775 @ 95% credibility (15 tries)
Done in 0.20 min (cpu), 0.20 min (real)
Generate toy 112/250

 -- MarkovChainMC -- 
Limit: r < 0.540985 +/- 0.00661263 @ 95% credibility (15 tries)
Done in 0.19 min (cpu), 0.20 min (real)
Generate toy 113/250

 -- MarkovChainMC -- 
Limit: r < 0.812238 +/- 0.00751415 @ 95% credibility (15 tries)
Done in 0.21 min (cpu), 0.21 min (real)
Generate toy 114/250

 -- MarkovChainMC -- 
Limit: r < 0.675808 +/- 0.00740602 @ 95% credibility (15 tries)
Done in 0.25 min (cpu), 0.25 min (real)
Generate toy 115/250

 -- MarkovChainMC -- 
Limit: r < 0.609459 +/- 0.00364892 @ 95% credibility (15 tries)
Done in 0.23 min (cpu), 0.24 min (real)
Generate toy 116/250

 -- MarkovChainMC -- 
Limit: r < 0.575702 +/- 0.00560295 @ 95% credibility (15 tries)
Done in 0.21 min (cpu), 0.21 min (real)
Generate toy 117/250

 -- MarkovChainMC -- 
Limit: r < 1.27111 +/- 0.0106884 @ 95% credibility (15 tries)
Done in 0.25 min (cpu), 0.25 min (real)
Generate toy 118/250

 -- MarkovChainMC -- 
Limit: r < 0.517597 +/- 0.00729852 @ 95% credibility (15 tries)
Done in 0.24 min (cpu), 0.25 min (real)
Generate toy 119/250

 -- MarkovChainMC -- 
Limit: r < 0.571314 +/- 0.00561065 @ 95% credibility (15 tries)
Done in 0.23 min (cpu), 0.23 min (real)
Generate toy 120/250

 -- MarkovChainMC -- 
Limit: r < 0.578398 +/- 0.00501577 @ 95% credibility (15 tries)
Done in 0.20 min (cpu), 0.21 min (real)
Generate toy 121/250

 -- MarkovChainMC -- 
Limit: r < 0.821517 +/- 0.00867687 @ 95% credibility (15 tries)
Done in 0.25 min (cpu), 0.26 min (real)
Generate toy 122/250

 -- MarkovChainMC -- 
Limit: r < 0.382558 +/- 0.00668411 @ 95% credibility (15 tries)
Done in 0.24 min (cpu), 0.24 min (real)
Generate toy 123/250

 -- MarkovChainMC -- 
Limit: r < 0.341629 +/- 0.00543294 @ 95% credibility (15 tries)
Done in 0.21 min (cpu), 0.21 min (real)
Generate toy 124/250

 -- MarkovChainMC -- 
Limit: r < 0.878685 +/- 0.00836225 @ 95% credibility (15 tries)
Done in 0.26 min (cpu), 0.26 min (real)
Generate toy 125/250

 -- MarkovChainMC -- 
Limit: r < 0.665057 +/- 0.00715159 @ 95% credibility (15 tries)
Done in 0.23 min (cpu), 0.24 min (real)
Generate toy 126/250

 -- MarkovChainMC -- 
Limit: r < 0.720287 +/- 0.00920368 @ 95% credibility (15 tries)
Done in 0.24 min (cpu), 0.24 min (real)
Generate toy 127/250

 -- MarkovChainMC -- 
Limit: r < 1.06045 +/- 0.00695853 @ 95% credibility (15 tries)
Done in 0.25 min (cpu), 0.25 min (real)
Generate toy 128/250

 -- MarkovChainMC -- 
Limit: r < 0.720146 +/- 0.0107991 @ 95% credibility (15 tries)
Done in 0.25 min (cpu), 0.26 min (real)
Generate toy 129/250

 -- MarkovChainMC -- 
Limit: r < 0.833069 +/- 0.00770703 @ 95% credibility (15 tries)
Done in 0.19 min (cpu), 0.19 min (real)
Generate toy 130/250

 -- MarkovChainMC -- 
Limit: r < 0.955995 +/- 0.00829 @ 95% credibility (15 tries)
Done in 0.22 min (cpu), 0.23 min (real)
Generate toy 131/250

 -- MarkovChainMC -- 
Limit: r < 0.704899 +/- 0.00668197 @ 95% credibility (15 tries)
Done in 0.23 min (cpu), 0.23 min (real)
Generate toy 132/250

 -- MarkovChainMC -- 
Limit: r < 0.459514 +/- 0.00361174 @ 95% credibility (15 tries)
Done in 0.22 min (cpu), 0.23 min (real)
Generate toy 133/250

 -- MarkovChainMC -- 
Limit: r < 0.928238 +/- 0.00691578 @ 95% credibility (15 tries)
Done in 0.19 min (cpu), 0.19 min (real)
Generate toy 134/250

 -- MarkovChainMC -- 
Limit: r < 1.08174 +/- 0.00893869 @ 95% credibility (15 tries)
Done in 0.21 min (cpu), 0.21 min (real)
Generate toy 135/250

 -- MarkovChainMC -- 
Limit: r < 0.447059 +/- 0.00773725 @ 95% credibility (15 tries)
Done in 0.20 min (cpu), 0.21 min (real)
Generate toy 136/250

 -- MarkovChainMC -- 
Limit: r < 0.638141 +/- 0.00583673 @ 95% credibility (15 tries)
Done in 0.23 min (cpu), 0.24 min (real)
Generate toy 137/250

 -- MarkovChainMC -- 
Limit: r < 0.7107 +/- 0.00903677 @ 95% credibility (15 tries)
Done in 0.22 min (cpu), 0.23 min (real)
Generate toy 138/250

 -- MarkovChainMC -- 
Limit: r < 0.619578 +/- 0.00546694 @ 95% credibility (15 tries)
Done in 0.22 min (cpu), 0.22 min (real)
Generate toy 139/250

 -- MarkovChainMC -- 
Limit: r < 0.870604 +/- 0.0106602 @ 95% credibility (15 tries)
Done in 0.25 min (cpu), 0.26 min (real)
Generate toy 140/250

 -- MarkovChainMC -- 
Limit: r < 0.384901 +/- 0.00557816 @ 95% credibility (15 tries)
Done in 0.23 min (cpu), 0.23 min (real)
Generate toy 141/250

 -- MarkovChainMC -- 
Limit: r < 0.558703 +/- 0.00533518 @ 95% credibility (15 tries)
Done in 0.22 min (cpu), 0.23 min (real)
Generate toy 142/250

 -- MarkovChainMC -- 
Limit: r < 1.18471 +/- 0.0133643 @ 95% credibility (15 tries)
Done in 0.23 min (cpu), 0.23 min (real)
Generate toy 143/250

 -- MarkovChainMC -- 
Limit: r < 0.507829 +/- 0.00920313 @ 95% credibility (15 tries)
Done in 0.22 min (cpu), 0.22 min (real)
Generate toy 144/250

 -- MarkovChainMC -- 
Limit: r < 0.577286 +/- 0.00528432 @ 95% credibility (15 tries)
Done in 0.22 min (cpu), 0.23 min (real)
Generate toy 145/250

 -- MarkovChainMC -- 
Limit: r < 0.461923 +/- 0.00808068 @ 95% credibility (15 tries)
Done in 0.22 min (cpu), 0.22 min (real)
Generate toy 146/250

 -- MarkovChainMC -- 
Limit: r < 0.551765 +/- 0.0054379 @ 95% credibility (15 tries)
Done in 0.24 min (cpu), 0.25 min (real)
Generate toy 147/250

 -- MarkovChainMC -- 
Limit: r < 0.602947 +/- 0.0106056 @ 95% credibility (15 tries)
Done in 0.21 min (cpu), 0.21 min (real)
Generate toy 148/250

 -- MarkovChainMC -- 
Limit: r < 0.560441 +/- 0.0080362 @ 95% credibility (15 tries)
Done in 0.19 min (cpu), 0.19 min (real)
Generate toy 149/250

 -- MarkovChainMC -- 
Limit: r < 0.554978 +/- 0.00395817 @ 95% credibility (15 tries)
Done in 0.24 min (cpu), 0.24 min (real)
Generate toy 150/250

 -- MarkovChainMC -- 
Limit: r < 0.828301 +/- 0.0125343 @ 95% credibility (15 tries)
Done in 0.21 min (cpu), 0.21 min (real)
Generate toy 151/250

 -- MarkovChainMC -- 
Limit: r < 1.14625 +/- 0.00650803 @ 95% credibility (15 tries)
Done in 0.20 min (cpu), 0.20 min (real)
Generate toy 152/250

 -- MarkovChainMC -- 
Limit: r < 0.509935 +/- 0.00729 @ 95% credibility (15 tries)
Done in 0.17 min (cpu), 0.17 min (real)
Generate toy 153/250

 -- MarkovChainMC -- 
Limit: r < 0.747677 +/- 0.00680043 @ 95% credibility (15 tries)
Done in 0.18 min (cpu), 0.18 min (real)
Generate toy 154/250

 -- MarkovChainMC -- 
Limit: r < 0.414885 +/- 0.00524263 @ 95% credibility (15 tries)
Done in 0.17 min (cpu), 0.17 min (real)
Generate toy 155/250

 -- MarkovChainMC -- 
Limit: r < 0.509658 +/- 0.0101032 @ 95% credibility (15 tries)
Done in 0.23 min (cpu), 0.24 min (real)
Generate toy 156/250

 -- MarkovChainMC -- 
Limit: r < 0.663485 +/- 0.00848763 @ 95% credibility (15 tries)
Done in 0.25 min (cpu), 0.25 min (real)
Generate toy 157/250

 -- MarkovChainMC -- 
Limit: r < 0.591497 +/- 0.00579315 @ 95% credibility (15 tries)
Done in 0.24 min (cpu), 0.25 min (real)
Generate toy 158/250

 -- MarkovChainMC -- 
Limit: r < 0.415242 +/- 0.00531869 @ 95% credibility (15 tries)
Done in 0.22 min (cpu), 0.22 min (real)
Generate toy 159/250

 -- MarkovChainMC -- 
Limit: r < 0.508111 +/- 0.00811111 @ 95% credibility (15 tries)
Done in 0.18 min (cpu), 0.18 min (real)
Generate toy 160/250

 -- MarkovChainMC -- 
Limit: r < 0.739475 +/- 0.00427801 @ 95% credibility (15 tries)
Done in 0.18 min (cpu), 0.18 min (real)
Generate toy 161/250

 -- MarkovChainMC -- 
Limit: r < 0.590422 +/- 0.00693164 @ 95% credibility (15 tries)
Done in 0.17 min (cpu), 0.18 min (real)
Generate toy 162/250

 -- MarkovChainMC -- 
Limit: r < 0.546218 +/- 0.00409212 @ 95% credibility (15 tries)
Done in 0.20 min (cpu), 0.20 min (real)
Generate toy 163/250

 -- MarkovChainMC -- 
Limit: r < 0.726783 +/- 0.00870709 @ 95% credibility (15 tries)
Done in 0.18 min (cpu), 0.18 min (real)
Generate toy 164/250

 -- MarkovChainMC -- 
Limit: r < 0.500504 +/- 0.00595039 @ 95% credibility (15 tries)
Done in 0.23 min (cpu), 0.23 min (real)
Generate toy 165/250

 -- MarkovChainMC -- 
Limit: r < 0.383249 +/- 0.00507922 @ 95% credibility (15 tries)
Done in 0.21 min (cpu), 0.22 min (real)
Generate toy 166/250

 -- MarkovChainMC -- 
Limit: r < 0.844982 +/- 0.00514597 @ 95% credibility (15 tries)
Done in 0.27 min (cpu), 0.27 min (real)
Generate toy 167/250

 -- MarkovChainMC -- 
Limit: r < 0.555001 +/- 0.00835133 @ 95% credibility (15 tries)
Done in 0.19 min (cpu), 0.19 min (real)
Generate toy 168/250

 -- MarkovChainMC -- 
Limit: r < 1.11802 +/- 0.00917384 @ 95% credibility (15 tries)
Done in 0.19 min (cpu), 0.19 min (real)
Generate toy 169/250

 -- MarkovChainMC -- 
Limit: r < 0.377027 +/- 0.00550857 @ 95% credibility (15 tries)
Done in 0.22 min (cpu), 0.23 min (real)
Generate toy 170/250

 -- MarkovChainMC -- 
Limit: r < 0.658841 +/- 0.00772339 @ 95% credibility (15 tries)
Done in 0.21 min (cpu), 0.21 min (real)
Generate toy 171/250

 -- MarkovChainMC -- 
Limit: r < 0.934205 +/- 0.00901683 @ 95% credibility (15 tries)
Done in 0.24 min (cpu), 0.25 min (real)
Generate toy 172/250

 -- MarkovChainMC -- 
Limit: r < 0.47885 +/- 0.00493071 @ 95% credibility (15 tries)
Done in 0.20 min (cpu), 0.20 min (real)
Generate toy 173/250

 -- MarkovChainMC -- 
Limit: r < 0.376587 +/- 0.00510788 @ 95% credibility (15 tries)
Done in 0.22 min (cpu), 0.23 min (real)
Generate toy 174/250

 -- MarkovChainMC -- 
Limit: r < 1.1029 +/- 0.00487402 @ 95% credibility (15 tries)
Done in 0.27 min (cpu), 0.27 min (real)
Generate toy 175/250

 -- MarkovChainMC -- 
Limit: r < 0.504748 +/- 0.00343311 @ 95% credibility (15 tries)
Done in 0.23 min (cpu), 0.23 min (real)
Generate toy 176/250

 -- MarkovChainMC -- 
Limit: r < 0.629444 +/- 0.00758691 @ 95% credibility (15 tries)
Done in 0.20 min (cpu), 0.21 min (real)
Generate toy 177/250

 -- MarkovChainMC -- 
Limit: r < 1.19848 +/- 0.00731339 @ 95% credibility (15 tries)
Done in 0.25 min (cpu), 0.25 min (real)
Generate toy 178/250

 -- MarkovChainMC -- 
Limit: r < 0.990016 +/- 0.00763053 @ 95% credibility (15 tries)
Done in 0.21 min (cpu), 0.21 min (real)
Generate toy 179/250

 -- MarkovChainMC -- 
Limit: r < 0.524539 +/- 0.00919916 @ 95% credibility (15 tries)
Done in 0.21 min (cpu), 0.21 min (real)
Generate toy 180/250

 -- MarkovChainMC -- 
Limit: r < 0.333268 +/- 0.00241022 @ 95% credibility (15 tries)
Done in 0.20 min (cpu), 0.20 min (real)
Generate toy 181/250

 -- MarkovChainMC -- 
Limit: r < 0.559436 +/- 0.00815817 @ 95% credibility (15 tries)
Done in 0.24 min (cpu), 0.24 min (real)
Generate toy 182/250

 -- MarkovChainMC -- 
Limit: r < 0.700576 +/- 0.00581759 @ 95% credibility (15 tries)
Done in 0.22 min (cpu), 0.23 min (real)
Generate toy 183/250

 -- MarkovChainMC -- 
Limit: r < 0.813308 +/- 0.00936245 @ 95% credibility (15 tries)
Done in 0.18 min (cpu), 0.18 min (real)
Generate toy 184/250

 -- MarkovChainMC -- 
Limit: r < 0.428293 +/- 0.00700393 @ 95% credibility (15 tries)
Done in 0.20 min (cpu), 0.20 min (real)
Generate toy 185/250

 -- MarkovChainMC -- 
Limit: r < 1.02181 +/- 0.008193 @ 95% credibility (15 tries)
Done in 0.19 min (cpu), 0.19 min (real)
Generate toy 186/250

 -- MarkovChainMC -- 
Limit: r < 0.811022 +/- 0.00300857 @ 95% credibility (15 tries)
Done in 0.21 min (cpu), 0.21 min (real)
Generate toy 187/250

 -- MarkovChainMC -- 
Limit: r < 0.480484 +/- 0.00821666 @ 95% credibility (15 tries)
Done in 0.17 min (cpu), 0.18 min (real)
Generate toy 188/250

 -- MarkovChainMC -- 
Limit: r < 0.457352 +/- 0.00376374 @ 95% credibility (15 tries)
Done in 0.23 min (cpu), 0.24 min (real)
Generate toy 189/250

 -- MarkovChainMC -- 
Limit: r < 0.837743 +/- 0.00730937 @ 95% credibility (15 tries)
Done in 0.22 min (cpu), 0.22 min (real)
Generate toy 190/250

 -- MarkovChainMC -- 
Limit: r < 0.83263 +/- 0.0065913 @ 95% credibility (15 tries)
Done in 0.23 min (cpu), 0.23 min (real)
Generate toy 191/250

 -- MarkovChainMC -- 
Limit: r < 0.669841 +/- 0.0105717 @ 95% credibility (15 tries)
Done in 0.21 min (cpu), 0.21 min (real)
Generate toy 192/250

 -- MarkovChainMC -- 
Limit: r < 0.740274 +/- 0.00283049 @ 95% credibility (15 tries)
Done in 0.23 min (cpu), 0.24 min (real)
Generate toy 193/250

 -- MarkovChainMC -- 
Limit: r < 0.492934 +/- 0.00316554 @ 95% credibility (15 tries)
Done in 0.19 min (cpu), 0.19 min (real)
Generate toy 194/250

 -- MarkovChainMC -- 
Limit: r < 0.463813 +/- 0.00721591 @ 95% credibility (15 tries)
Done in 0.19 min (cpu), 0.19 min (real)
Generate toy 195/250

 -- MarkovChainMC -- 
Limit: r < 0.413427 +/- 0.00399324 @ 95% credibility (15 tries)
Done in 0.17 min (cpu), 0.17 min (real)
Generate toy 196/250

 -- MarkovChainMC -- 
Limit: r < 0.479275 +/- 0.00772065 @ 95% credibility (15 tries)
Done in 0.16 min (cpu), 0.16 min (real)
Generate toy 197/250

 -- MarkovChainMC -- 
Limit: r < 0.534764 +/- 0.00456082 @ 95% credibility (15 tries)
Done in 0.24 min (cpu), 0.24 min (real)
Generate toy 198/250

 -- MarkovChainMC -- 
Limit: r < 0.857172 +/- 0.00432204 @ 95% credibility (15 tries)
Done in 0.23 min (cpu), 0.24 min (real)
Generate toy 199/250

 -- MarkovChainMC -- 
Limit: r < 0.569124 +/- 0.00806481 @ 95% credibility (15 tries)
Done in 0.22 min (cpu), 0.22 min (real)
Generate toy 200/250

 -- MarkovChainMC -- 
Limit: r < 0.793582 +/- 0.00873621 @ 95% credibility (15 tries)
Done in 0.27 min (cpu), 0.27 min (real)
Generate toy 201/250

 -- MarkovChainMC -- 
Limit: r < 0.650713 +/- 0.00610846 @ 95% credibility (15 tries)
Done in 0.26 min (cpu), 0.26 min (real)
Generate toy 202/250

 -- MarkovChainMC -- 
Limit: r < 0.470038 +/- 0.00720984 @ 95% credibility (15 tries)
Done in 0.23 min (cpu), 0.23 min (real)
Generate toy 203/250

 -- MarkovChainMC -- 
Limit: r < 0.685604 +/- 0.010798 @ 95% credibility (15 tries)
Done in 0.17 min (cpu), 0.17 min (real)
Generate toy 204/250

 -- MarkovChainMC -- 
Limit: r < 0.505724 +/- 0.00605574 @ 95% credibility (15 tries)
Done in 0.21 min (cpu), 0.21 min (real)
Generate toy 205/250

 -- MarkovChainMC -- 
Limit: r < 0.539165 +/- 0.0057211 @ 95% credibility (15 tries)
Done in 0.23 min (cpu), 0.24 min (real)
Generate toy 206/250

 -- MarkovChainMC -- 
Limit: r < 0.603669 +/- 0.00634165 @ 95% credibility (15 tries)
Done in 0.25 min (cpu), 0.25 min (real)
Generate toy 207/250

 -- MarkovChainMC -- 
Limit: r < 0.980474 +/- 0.00578384 @ 95% credibility (15 tries)
Done in 0.20 min (cpu), 0.21 min (real)
Generate toy 208/250

 -- MarkovChainMC -- 
Limit: r < 0.532297 +/- 0.00895973 @ 95% credibility (15 tries)
Done in 0.24 min (cpu), 0.25 min (real)
Generate toy 209/250

 -- MarkovChainMC -- 
Limit: r < 0.661524 +/- 0.00883937 @ 95% credibility (15 tries)
Done in 0.23 min (cpu), 0.24 min (real)
Generate toy 210/250

 -- MarkovChainMC -- 
Limit: r < 0.338613 +/- 0.00420411 @ 95% credibility (15 tries)
Done in 0.23 min (cpu), 0.23 min (real)
Generate toy 211/250

 -- MarkovChainMC -- 
Limit: r < 0.545559 +/- 0.005998 @ 95% credibility (15 tries)
Done in 0.23 min (cpu), 0.24 min (real)
Generate toy 212/250

 -- MarkovChainMC -- 
Limit: r < 0.463189 +/- 0.00504085 @ 95% credibility (15 tries)
Done in 0.22 min (cpu), 0.23 min (real)
Generate toy 213/250

 -- MarkovChainMC -- 
Limit: r < 0.514741 +/- 0.00433828 @ 95% credibility (15 tries)
Done in 0.24 min (cpu), 0.24 min (real)
Generate toy 214/250

 -- MarkovChainMC -- 
Limit: r < 0.816796 +/- 0.00458996 @ 95% credibility (15 tries)
Done in 0.23 min (cpu), 0.23 min (real)
Generate toy 215/250

 -- MarkovChainMC -- 
Limit: r < 0.47045 +/- 0.00898733 @ 95% credibility (15 tries)
Done in 0.24 min (cpu), 0.24 min (real)
Generate toy 216/250

 -- MarkovChainMC -- 
Limit: r < 0.886552 +/- 0.0114262 @ 95% credibility (15 tries)
Done in 0.25 min (cpu), 0.25 min (real)
Generate toy 217/250

 -- MarkovChainMC -- 
Limit: r < 0.703173 +/- 0.00671842 @ 95% credibility (15 tries)
Done in 0.19 min (cpu), 0.19 min (real)
Generate toy 218/250

 -- MarkovChainMC -- 
Limit: r < 0.894664 +/- 0.00983757 @ 95% credibility (15 tries)
Done in 0.22 min (cpu), 0.22 min (real)
Generate toy 219/250

 -- MarkovChainMC -- 
Limit: r < 0.473731 +/- 0.00594685 @ 95% credibility (15 tries)
Done in 0.21 min (cpu), 0.21 min (real)
Generate toy 220/250

 -- MarkovChainMC -- 
Limit: r < 0.850547 +/- 0.00941065 @ 95% credibility (15 tries)
Done in 0.25 min (cpu), 0.26 min (real)
Generate toy 221/250

 -- MarkovChainMC -- 
Limit: r < 0.604218 +/- 0.00716417 @ 95% credibility (15 tries)
Done in 0.19 min (cpu), 0.19 min (real)
Generate toy 222/250

 -- MarkovChainMC -- 
Limit: r < 0.600153 +/- 0.00764052 @ 95% credibility (15 tries)
Done in 0.17 min (cpu), 0.17 min (real)
Generate toy 223/250

 -- MarkovChainMC -- 
Limit: r < 0.476206 +/- 0.00764237 @ 95% credibility (15 tries)
Done in 0.17 min (cpu), 0.17 min (real)
Generate toy 224/250

 -- MarkovChainMC -- 
Limit: r < 0.88369 +/- 0.00682657 @ 95% credibility (15 tries)
Done in 0.18 min (cpu), 0.18 min (real)
Generate toy 225/250

 -- MarkovChainMC -- 
Limit: r < 0.366525 +/- 0.00549628 @ 95% credibility (15 tries)
Done in 0.17 min (cpu), 0.17 min (real)
Generate toy 226/250

 -- MarkovChainMC -- 
Limit: r < 0.69643 +/- 0.00638238 @ 95% credibility (15 tries)
Done in 0.17 min (cpu), 0.17 min (real)
Generate toy 227/250

 -- MarkovChainMC -- 
Limit: r < 0.482418 +/- 0.00635548 @ 95% credibility (15 tries)
Done in 0.17 min (cpu), 0.17 min (real)
Generate toy 228/250

 -- MarkovChainMC -- 
Limit: r < 0.391716 +/- 0.00706688 @ 95% credibility (15 tries)
Done in 0.16 min (cpu), 0.16 min (real)
Generate toy 229/250

 -- MarkovChainMC -- 
Limit: r < 1.22973 +/- 0.0115041 @ 95% credibility (15 tries)
Done in 0.19 min (cpu), 0.19 min (real)
Generate toy 230/250

 -- MarkovChainMC -- 
Limit: r < 0.437035 +/- 0.00694412 @ 95% credibility (15 tries)
Done in 0.22 min (cpu), 0.23 min (real)
Generate toy 231/250

 -- MarkovChainMC -- 
Limit: r < 0.780145 +/- 0.00452052 @ 95% credibility (15 tries)
Done in 0.22 min (cpu), 0.22 min (real)
Generate toy 232/250

 -- MarkovChainMC -- 
Limit: r < 1.1013 +/- 0.00684093 @ 95% credibility (15 tries)
Done in 0.19 min (cpu), 0.19 min (real)
Generate toy 233/250

 -- MarkovChainMC -- 
Limit: r < 0.410273 +/- 0.00759658 @ 95% credibility (15 tries)
Done in 0.18 min (cpu), 0.18 min (real)
Generate toy 234/250

 -- MarkovChainMC -- 
Limit: r < 0.595779 +/- 0.0085124 @ 95% credibility (15 tries)
Done in 0.17 min (cpu), 0.17 min (real)
Generate toy 235/250

 -- MarkovChainMC -- 
Limit: r < 0.705214 +/- 0.00734152 @ 95% credibility (15 tries)
Done in 0.18 min (cpu), 0.18 min (real)
Generate toy 236/250

 -- MarkovChainMC -- 
Limit: r < 1.2212 +/- 0.00863596 @ 95% credibility (15 tries)
Done in 0.19 min (cpu), 0.19 min (real)
Generate toy 237/250

 -- MarkovChainMC -- 
Limit: r < 0.391155 +/- 0.00576893 @ 95% credibility (15 tries)
Done in 0.21 min (cpu), 0.21 min (real)
Generate toy 238/250

 -- MarkovChainMC -- 
Limit: r < 1.05391 +/- 0.00905801 @ 95% credibility (15 tries)
Done in 0.17 min (cpu), 0.17 min (real)
Generate toy 239/250

 -- MarkovChainMC -- 
Limit: r < 0.658532 +/- 0.00718217 @ 95% credibility (15 tries)
Done in 0.17 min (cpu), 0.17 min (real)
Generate toy 240/250

 -- MarkovChainMC -- 
Limit: r < 0.418915 +/- 0.00826071 @ 95% credibility (15 tries)
Done in 0.17 min (cpu), 0.18 min (real)
Generate toy 241/250

 -- MarkovChainMC -- 
Limit: r < 0.563144 +/- 0.00609481 @ 95% credibility (15 tries)
Done in 0.16 min (cpu), 0.16 min (real)
Generate toy 242/250

 -- MarkovChainMC -- 
Limit: r < 0.451986 +/- 0.00599461 @ 95% credibility (15 tries)
Done in 0.18 min (cpu), 0.18 min (real)
Generate toy 243/250

 -- MarkovChainMC -- 
Limit: r < 0.623784 +/- 0.0070192 @ 95% credibility (15 tries)
Done in 0.17 min (cpu), 0.17 min (real)
Generate toy 244/250

 -- MarkovChainMC -- 
Limit: r < 0.621232 +/- 0.00587496 @ 95% credibility (15 tries)
Done in 0.23 min (cpu), 0.23 min (real)
Generate toy 245/250

 -- MarkovChainMC -- 
Limit: r < 0.369825 +/- 0.00525004 @ 95% credibility (15 tries)
Done in 0.23 min (cpu), 0.23 min (real)
Generate toy 246/250

 -- MarkovChainMC -- 
Limit: r < 0.639951 +/- 0.00867658 @ 95% credibility (15 tries)
Done in 0.24 min (cpu), 0.24 min (real)
Generate toy 247/250

 -- MarkovChainMC -- 
Limit: r < 0.345691 +/- 0.00580211 @ 95% credibility (15 tries)
Done in 0.21 min (cpu), 0.21 min (real)
Generate toy 248/250

 -- MarkovChainMC -- 
Limit: r < 0.493674 +/- 0.00701673 @ 95% credibility (15 tries)
Done in 0.23 min (cpu), 0.23 min (real)
Generate toy 249/250

 -- MarkovChainMC -- 
Limit: r < 1.12648 +/- 0.00675369 @ 95% credibility (15 tries)
Done in 0.23 min (cpu), 0.23 min (real)
Generate toy 250/250

 -- MarkovChainMC -- 
Limit: r < 0.523203 +/- 0.00409074 @ 95% credibility (15 tries)
Done in 0.18 min (cpu), 0.18 min (real)
mean   expected limit: r < 0.68018 +/- 0.0155933 @ 95%CL (250 toyMC)
median expected limit: r < 0.624175 @ 95%CL (250 toyMC)
   68% expected band : 0.449085 < r < 0.926462
   95% expected band : 0.345691 < r < 1.22973
