 <<< Combine >>> 
 <<< v10.0.2 >>>
>>> Used OpenSSL to get a truly random seed 1356075558
>>> Method used is MarkovChainMC
============================================================
Analyzing bin errors for: prop_binele22
Poisson cut-off: 10
Processes excluded for sums: Wprime2600
============================================================
Bin        Contents        Error           Notes                         
0          4515.301100     22.523615       total sum                     
0          4515.081125     22.523611       excluding marked processes    
0          40184.000000    200.459472      Unweighted events, alpha=0.112366
  => Total parameter prop_binele22_bin0[0.00,-7.00,7.00] to be Gaussian constrained
------------------------------------------------------------
1          2004.739702     7.437673        total sum                     
1          2004.496430     7.437658        excluding marked processes    
1          72634.000000    269.506957      Unweighted events, alpha=0.027601
  => Total parameter prop_binele22_bin1[0.00,-7.00,7.00] to be Gaussian constrained
------------------------------------------------------------
2          1006.301312     5.564573        total sum                     
2          1006.019800     5.564549        excluding marked processes    
2          32685.000000    180.789933      Unweighted events, alpha=0.030788
  => Total parameter prop_binele22_bin2[0.00,-7.00,7.00] to be Gaussian constrained
------------------------------------------------------------
3          544.799706      3.043805        total sum                     
3          544.449159      3.043753        excluding marked processes    
3          31996.000000    178.874258      Unweighted events, alpha=0.017027
  => Total parameter prop_binele22_bin3[0.00,-7.00,7.00] to be Gaussian constrained
------------------------------------------------------------
4          312.299150      1.958987        total sum                     
4          311.924144      1.958900        excluding marked processes    
4          25356.000000    159.235674      Unweighted events, alpha=0.012317
  => Total parameter prop_binele22_bin4[0.00,-7.00,7.00] to be Gaussian constrained
------------------------------------------------------------
5          190.832091      1.011858        total sum                     
5          190.425135      1.011674        excluding marked processes    
5          35430.000000    188.228584      Unweighted events, alpha=0.005386
  => Total parameter prop_binele22_bin5[0.00,-7.00,7.00] to be Gaussian constrained
------------------------------------------------------------
6          119.385525      0.752628        total sum                     
6          118.955509      0.752367        excluding marked processes    
6          24998.000000    158.107558      Unweighted events, alpha=0.004776
  => Total parameter prop_binele22_bin6[0.00,-7.00,7.00] to be Gaussian constrained
------------------------------------------------------------
7          77.831856       0.479459        total sum                     
7          77.366949       0.479012        excluding marked processes    
7          26087.000000    161.514705      Unweighted events, alpha=0.002984
  => Total parameter prop_binele22_bin7[0.00,-7.00,7.00] to be Gaussian constrained
------------------------------------------------------------
8          53.123008       0.426580        total sum                     
8          52.591789       0.426007        excluding marked processes    
8          15241.000000    123.454445      Unweighted events, alpha=0.003486
  => Total parameter prop_binele22_bin8[0.00,-7.00,7.00] to be Gaussian constrained
------------------------------------------------------------
9          36.195879       0.332319        total sum                     
9          35.616001       0.331503        excluding marked processes    
9          11543.000000    107.438354      Unweighted events, alpha=0.003136
  => Total parameter prop_binele22_bin9[0.00,-7.00,7.00] to be Gaussian constrained
------------------------------------------------------------
10         25.049370       0.227694        total sum                     
10         24.506685       0.226617        excluding marked processes    
10         11695.000000    108.143423      Unweighted events, alpha=0.002142
  => Total parameter prop_binele22_bin10[0.00,-7.00,7.00] to be Gaussian constrained
------------------------------------------------------------
11         18.173413       0.213844        total sum                     
11         17.555076       0.212523        excluding marked processes    
11         6823.000000     82.601453       Unweighted events, alpha=0.002664
  => Total parameter prop_binele22_bin11[0.00,-7.00,7.00] to be Gaussian constrained
------------------------------------------------------------
12         12.986206       0.150144        total sum                     
12         12.316301       0.148104        excluding marked processes    
12         6916.000000     83.162492       Unweighted events, alpha=0.001878
  => Total parameter prop_binele22_bin12[0.00,-7.00,7.00] to be Gaussian constrained
------------------------------------------------------------
13         9.619939        0.118081        total sum                     
13         8.906321        0.115311        excluding marked processes    
13         5966.000000     77.239886       Unweighted events, alpha=0.001612
  => Total parameter prop_binele22_bin13[0.00,-7.00,7.00] to be Gaussian constrained
------------------------------------------------------------
14         7.237741        0.089456        total sum                     
14         6.503592        0.085703        excluding marked processes    
14         5759.000000     75.888075       Unweighted events, alpha=0.001257
  => Total parameter prop_binele22_bin14[0.00,-7.00,7.00] to be Gaussian constrained
------------------------------------------------------------
15         5.632655        0.067355        total sum                     
15         4.808655        0.061345        excluding marked processes    
15         6145.000000     78.390050       Unweighted events, alpha=0.000917
  => Total parameter prop_binele22_bin15[0.00,-7.00,7.00] to be Gaussian constrained
------------------------------------------------------------
16         4.588236        0.129660        total sum                     
16         3.740943        0.126688        excluding marked processes    
16         872.000000      29.529646       Unweighted events, alpha=0.005262
  => Total parameter prop_binele22_bin16[0.00,-7.00,7.00] to be Gaussian constrained
------------------------------------------------------------
17         3.802072        0.120930        total sum                     
17         2.877441        0.117383        excluding marked processes    
17         601.000000      24.515301       Unweighted events, alpha=0.006326
  => Total parameter prop_binele22_bin17[0.00,-7.00,7.00] to be Gaussian constrained
------------------------------------------------------------
18         3.052376        0.052922        total sum                     
18         2.080857        0.043602        excluding marked processes    
18         2278.000000     47.728398       Unweighted events, alpha=0.001340
  => Total parameter prop_binele22_bin18[0.00,-7.00,7.00] to be Gaussian constrained
------------------------------------------------------------
19         2.625342        0.049561        total sum                     
19         1.618554        0.039381        excluding marked processes    
19         1689.000000     41.097445       Unweighted events, alpha=0.001554
  => Total parameter prop_binele22_bin19[0.00,-7.00,7.00] to be Gaussian constrained
------------------------------------------------------------
20         2.302760        0.042319        total sum                     
20         1.241544        0.028765        excluding marked processes    
20         1863.000000     43.162484       Unweighted events, alpha=0.001236
  => Total parameter prop_binele22_bin20[0.00,-7.00,7.00] to be Gaussian constrained
------------------------------------------------------------
21         2.168452        0.121800        total sum                     
21         1.077391        0.117612        excluding marked processes    
21         84.000000       9.165151        Unweighted events, alpha=0.025815
  => Total parameter prop_binele22_bin21[0.00,-7.00,7.00] to be Gaussian constrained
------------------------------------------------------------
22         1.989637        0.042835        total sum                     
22         0.755854        0.026527        excluding marked processes    
22         812.000000      28.495614       Unweighted events, alpha=0.002450
  => Total parameter prop_binele22_bin22[0.00,-7.00,7.00] to be Gaussian constrained
------------------------------------------------------------
23         1.847309        0.034451        total sum                     
23         0.562971        0.005649        excluding marked processes    
23         9933.000000     99.664437       Unweighted events, alpha=0.000186
  => Total parameter prop_binele22_bin23[0.00,-7.00,7.00] to be Gaussian constrained
------------------------------------------------------------
24         1.914542        0.036776        total sum                     
24         0.438317        0.004626        excluding marked processes    
24         8977.000000     94.747032       Unweighted events, alpha=0.000213
  => Total parameter prop_binele22_bin24[0.00,-7.00,7.00] to be Gaussian constrained
------------------------------------------------------------
25         2.129784        0.045435        total sum                     
25         0.368475        0.021642        excluding marked processes    
25         290.000000      17.029386       Unweighted events, alpha=0.007344
  => Total parameter prop_binele22_bin25[0.00,-7.00,7.00] to be Gaussian constrained
------------------------------------------------------------
26         2.415071        0.045356        total sum                     
26         0.280597        0.010121        excluding marked processes    
26         769.000000      27.730849       Unweighted events, alpha=0.003141
  => Total parameter prop_binele22_bin26[0.00,-7.00,7.00] to be Gaussian constrained
------------------------------------------------------------
27         2.099644        0.041657        total sum                     
27         0.214723        0.001047        excluding marked processes    
27         42086.000000    205.148727      Unweighted events, alpha=0.000050
  => Total parameter prop_binele22_bin27[0.00,-7.00,7.00] to be Gaussian constrained
------------------------------------------------------------
28         0.768011        0.023468        total sum                     
28         0.170163        0.000892        excluding marked processes    
28         36408.000000    190.808805      Unweighted events, alpha=0.000021
  => Total parameter prop_binele22_bin28[0.00,-7.00,7.00] to be Gaussian constrained
------------------------------------------------------------
29         0.307812        0.012967        total sum                     
29         0.139396        0.004915        excluding marked processes    
29         804.000000      28.354894       Unweighted events, alpha=0.000383
  => Total parameter prop_binele22_bin29[0.00,-7.00,7.00] to be Gaussian constrained
------------------------------------------------------------
30         0.218810        0.009800        total sum                     
30         0.109749        0.000662        excluding marked processes    
30         27488.000000    165.795054      Unweighted events, alpha=0.000008
  => Total parameter prop_binele22_bin30[0.00,-7.00,7.00] to be Gaussian constrained
------------------------------------------------------------
31         0.141462        0.007028        total sum                     
31         0.087917        0.000588        excluding marked processes    
31         22379.000000    149.596123      Unweighted events, alpha=0.000006
  => Total parameter prop_binele22_bin31[0.00,-7.00,7.00] to be Gaussian constrained
------------------------------------------------------------
32         0.100180        0.010229        total sum                     
32         0.080132        0.009231        excluding marked processes    
32         75.000000       8.660254        Unweighted events, alpha=0.001336
  => Total parameter prop_binele22_bin32[0.00,-7.00,7.00] to be Gaussian constrained
------------------------------------------------------------
33         0.070958        0.003420        total sum                     
33         0.057407        0.000471        excluding marked processes    
33         14869.000000    121.938509      Unweighted events, alpha=0.000005
  => Total parameter prop_binele22_bin33[0.00,-7.00,7.00] to be Gaussian constrained
------------------------------------------------------------
34         0.061577        0.003711        total sum                     
34         0.047180        0.000425        excluding marked processes    
34         12301.000000    110.909873      Unweighted events, alpha=0.000005
  => Total parameter prop_binele22_bin34[0.00,-7.00,7.00] to be Gaussian constrained
------------------------------------------------------------
35         0.043716        0.001967        total sum                     
35         0.039195        0.000386        excluding marked processes    
35         10302.000000    101.498768      Unweighted events, alpha=0.000004
  => Total parameter prop_binele22_bin35[0.00,-7.00,7.00] to be Gaussian constrained
------------------------------------------------------------
36         0.034932        0.001779        total sum                     
36         0.030530        0.000337        excluding marked processes    
36         8220.000000     90.664216       Unweighted events, alpha=0.000004
  => Total parameter prop_binele22_bin36[0.00,-7.00,7.00] to be Gaussian constrained
------------------------------------------------------------
37         0.026527        0.001113        total sum                     
37         0.025178        0.000302        excluding marked processes    
37         6958.000000     83.414627       Unweighted events, alpha=0.000004
  => Total parameter prop_binele22_bin37[0.00,-7.00,7.00] to be Gaussian constrained
------------------------------------------------------------
38         0.023397        0.001364        total sum                     
38         0.020641        0.000269        excluding marked processes    
38         5893.000000     76.765878       Unweighted events, alpha=0.000004
  => Total parameter prop_binele22_bin38[0.00,-7.00,7.00] to be Gaussian constrained
------------------------------------------------------------
39         0.018286        0.001011        total sum                     
39         0.016969        0.000239        excluding marked processes    
39         5049.000000     71.056316       Unweighted events, alpha=0.000004
  => Total parameter prop_binele22_bin39[0.00,-7.00,7.00] to be Gaussian constrained
------------------------------------------------------------
40         0.014946        0.001423        total sum                     
40         0.013538        0.000207        excluding marked processes    
40         4272.000000     65.360539       Unweighted events, alpha=0.000003
  => Total parameter prop_binele22_bin40[0.00,-7.00,7.00] to be Gaussian constrained
------------------------------------------------------------
41         0.011765        0.000492        total sum                     
41         0.011308        0.000181        excluding marked processes    
41         3889.000000     62.361847       Unweighted events, alpha=0.000003
  => Total parameter prop_binele22_bin41[0.00,-7.00,7.00] to be Gaussian constrained
------------------------------------------------------------
42         0.012091        0.001647        total sum                     
42         0.009482        0.000158        excluding marked processes    
42         3601.000000     60.008333       Unweighted events, alpha=0.000003
  => Total parameter prop_binele22_bin42[0.00,-7.00,7.00] to be Gaussian constrained
------------------------------------------------------------
43         0.008037        0.000132        total sum                     
43         0.008037        0.000132        excluding marked processes    
43         3691.000000     60.753601       Unweighted events, alpha=0.000002
  => Total parameter prop_binele22_bin43[0.00,-7.00,7.00] to be Gaussian constrained
------------------------------------------------------------
44         0.008192        0.001208        total sum                     
44         0.006602        0.000096        excluding marked processes    
44         4746.000000     68.891219       Unweighted events, alpha=0.000002
  => Total parameter prop_binele22_bin44[0.00,-7.00,7.00] to be Gaussian constrained
------------------------------------------------------------
45         0.005509        0.000051        total sum                     
45         0.005509        0.000051        excluding marked processes    
45         11525.000000    107.354553      Unweighted events, alpha=0.000000
  => Total parameter prop_binele22_bin45[0.00,-7.00,7.00] to be Gaussian constrained
------------------------------------------------------------
46         0.004721        0.000033        total sum                     
46         0.004721        0.000033        excluding marked processes    
46         20482.000000    143.115338      Unweighted events, alpha=0.000000
  => Total parameter prop_binele22_bin46[0.00,-7.00,7.00] to be Gaussian constrained
------------------------------------------------------------
47         0.003976        0.000029        total sum                     
47         0.003976        0.000029        excluding marked processes    
47         18257.000000    135.118467      Unweighted events, alpha=0.000000
  => Total parameter prop_binele22_bin47[0.00,-7.00,7.00] to be Gaussian constrained
------------------------------------------------------------
48         0.003338        0.000025        total sum                     
48         0.003338        0.000025        excluding marked processes    
48         18111.000000    134.577115      Unweighted events, alpha=0.000000
  => Total parameter prop_binele22_bin48[0.00,-7.00,7.00] to be Gaussian constrained
------------------------------------------------------------
49         0.003965        0.001155        total sum                     
49         0.002811        0.000020        excluding marked processes    
49         20322.000000    142.555252      Unweighted events, alpha=0.000000
  => Total parameter prop_binele22_bin49[0.00,-7.00,7.00] to be Gaussian constrained
------------------------------------------------------------
50         0.002415        0.000019        total sum                     
50         0.002415        0.000019        excluding marked processes    
50         16358.000000    127.898397      Unweighted events, alpha=0.000000
  => Total parameter prop_binele22_bin50[0.00,-7.00,7.00] to be Gaussian constrained
------------------------------------------------------------
51         0.002052        0.000016        total sum                     
51         0.002052        0.000016        excluding marked processes    
51         16002.000000    126.499012      Unweighted events, alpha=0.000000
  => Total parameter prop_binele22_bin51[0.00,-7.00,7.00] to be Gaussian constrained
------------------------------------------------------------
52         0.001793        0.000015        total sum                     
52         0.001793        0.000015        excluding marked processes    
52         13788.000000    117.422315      Unweighted events, alpha=0.000000
  => Total parameter prop_binele22_bin52[0.00,-7.00,7.00] to be Gaussian constrained
------------------------------------------------------------
53         0.001514        0.000013        total sum                     
53         0.001514        0.000013        excluding marked processes    
53         12646.000000    112.454435      Unweighted events, alpha=0.000000
  => Total parameter prop_binele22_bin53[0.00,-7.00,7.00] to be Gaussian constrained
------------------------------------------------------------
54         0.001292        0.000012        total sum                     
54         0.001292        0.000012        excluding marked processes    
54         10804.000000    103.942292      Unweighted events, alpha=0.000000
  => Total parameter prop_binele22_bin54[0.00,-7.00,7.00] to be Gaussian constrained
------------------------------------------------------------
55         0.001499        0.000371        total sum                     
55         0.001128        0.000012        excluding marked processes    
55         9564.000000     97.795705       Unweighted events, alpha=0.000000
  => Total parameter prop_binele22_bin55[0.00,-7.00,7.00] to be Gaussian constrained
------------------------------------------------------------
56         0.000964        0.000011        total sum                     
56         0.000964        0.000011        excluding marked processes    
56         8278.000000     90.983515       Unweighted events, alpha=0.000000
  => Total parameter prop_binele22_bin56[0.00,-7.00,7.00] to be Gaussian constrained
------------------------------------------------------------
57         0.000832        0.000010        total sum                     
57         0.000832        0.000010        excluding marked processes    
57         7207.000000     84.894052       Unweighted events, alpha=0.000000
  => Total parameter prop_binele22_bin57[0.00,-7.00,7.00] to be Gaussian constrained
------------------------------------------------------------
58         0.000719        0.000009        total sum                     
58         0.000719        0.000009        excluding marked processes    
58         6359.000000     79.743338       Unweighted events, alpha=0.000000
  => Total parameter prop_binele22_bin58[0.00,-7.00,7.00] to be Gaussian constrained
------------------------------------------------------------
59         0.000643        0.000008        total sum                     
59         0.000643        0.000008        excluding marked processes    
59         5775.000000     75.993421       Unweighted events, alpha=0.000000
  => Total parameter prop_binele22_bin59[0.00,-7.00,7.00] to be Gaussian constrained
------------------------------------------------------------
60         0.000553        0.000008        total sum                     
60         0.000553        0.000008        excluding marked processes    
60         5053.000000     71.084457       Unweighted events, alpha=0.000000
  => Total parameter prop_binele22_bin60[0.00,-7.00,7.00] to be Gaussian constrained
------------------------------------------------------------
61         0.000477        0.000007        total sum                     
61         0.000477        0.000007        excluding marked processes    
61         4486.000000     66.977608       Unweighted events, alpha=0.000000
  => Total parameter prop_binele22_bin61[0.00,-7.00,7.00] to be Gaussian constrained
------------------------------------------------------------
62         0.000411        0.000006        total sum                     
62         0.000411        0.000006        excluding marked processes    
62         4025.000000     63.442888       Unweighted events, alpha=0.000000
  => Total parameter prop_binele22_bin62[0.00,-7.00,7.00] to be Gaussian constrained
------------------------------------------------------------
63         0.000374        0.000006        total sum                     
63         0.000374        0.000006        excluding marked processes    
63         3725.000000     61.032778       Unweighted events, alpha=0.000000
  => Total parameter prop_binele22_bin63[0.00,-7.00,7.00] to be Gaussian constrained
------------------------------------------------------------
64         0.000330        0.000006        total sum                     
64         0.000330        0.000006        excluding marked processes    
64         3421.000000     58.489315       Unweighted events, alpha=0.000000
  => Total parameter prop_binele22_bin64[0.00,-7.00,7.00] to be Gaussian constrained
------------------------------------------------------------
65         0.000280        0.000005        total sum                     
65         0.000280        0.000005        excluding marked processes    
65         3156.000000     56.178288       Unweighted events, alpha=0.000000
  => Total parameter prop_binele22_bin65[0.00,-7.00,7.00] to be Gaussian constrained
------------------------------------------------------------
66         0.000247        0.000004        total sum                     
66         0.000247        0.000004        excluding marked processes    
66         3063.000000     55.344376       Unweighted events, alpha=0.000000
  => Total parameter prop_binele22_bin66[0.00,-7.00,7.00] to be Gaussian constrained
------------------------------------------------------------
67         0.000226        0.000004        total sum                     
67         0.000226        0.000004        excluding marked processes    
67         2919.000000     54.027771       Unweighted events, alpha=0.000000
  => Total parameter prop_binele22_bin67[0.00,-7.00,7.00] to be Gaussian constrained
------------------------------------------------------------
68         0.000197        0.000003        total sum                     
68         0.000197        0.000003        excluding marked processes    
68         3188.000000     56.462377       Unweighted events, alpha=0.000000
  => Total parameter prop_binele22_bin68[0.00,-7.00,7.00] to be Gaussian constrained
------------------------------------------------------------
69         0.000172        0.000003        total sum                     
69         0.000172        0.000003        excluding marked processes    
69         4120.000000     64.187226       Unweighted events, alpha=0.000000
  => Total parameter prop_binele22_bin69[0.00,-7.00,7.00] to be Gaussian constrained
------------------------------------------------------------
============================================================
Analyzing bin errors for: prop_binele23
Poisson cut-off: 10
Processes excluded for sums: Wprime2600
============================================================
Bin        Contents        Error           Notes                         
0          3492.082812     13.600057       total sum                     
0          3491.909768     13.600054       excluding marked processes    
0          65924.000000    256.756694      Unweighted events, alpha=0.052971
  => Total parameter prop_binele23_bin0[0.00,-7.00,7.00] to be Gaussian constrained
------------------------------------------------------------
1          1552.244943     6.568172        total sum                     
1          1552.051289     6.568165        excluding marked processes    
1          55837.000000    236.298540      Unweighted events, alpha=0.027800
  => Total parameter prop_binele23_bin1[0.00,-7.00,7.00] to be Gaussian constrained
------------------------------------------------------------
2          792.484215      7.792793        total sum                     
2          792.277694      7.792787        excluding marked processes    
2          10336.000000    101.666120      Unweighted events, alpha=0.076672
  => Total parameter prop_binele23_bin2[0.00,-7.00,7.00] to be Gaussian constrained
------------------------------------------------------------
3          422.920070      3.002235        total sum                     
3          422.659286      3.002214        excluding marked processes    
3          19820.000000    140.783522      Unweighted events, alpha=0.021338
  => Total parameter prop_binele23_bin3[0.00,-7.00,7.00] to be Gaussian constrained
------------------------------------------------------------
4          242.166109      1.883541        total sum                     
4          241.892740      1.883506        excluding marked processes    
4          16493.000000    128.425075      Unweighted events, alpha=0.014683
  => Total parameter prop_binele23_bin4[0.00,-7.00,7.00] to be Gaussian constrained
------------------------------------------------------------
5          149.299559      0.907778        total sum                     
5          148.998525      0.907698        excluding marked processes    
5          26945.000000    164.149322      Unweighted events, alpha=0.005541
  => Total parameter prop_binele23_bin5[0.00,-7.00,7.00] to be Gaussian constrained
------------------------------------------------------------
6          93.795694       0.654197        total sum                     
6          93.457847       0.654072        excluding marked processes    
6          20416.000000    142.884569      Unweighted events, alpha=0.004594
  => Total parameter prop_binele23_bin6[0.00,-7.00,7.00] to be Gaussian constrained
------------------------------------------------------------
7          61.914588       0.517211        total sum                     
7          61.547862       0.517039        excluding marked processes    
7          14170.000000    119.037809      Unweighted events, alpha=0.004369
  => Total parameter prop_binele23_bin7[0.00,-7.00,7.00] to be Gaussian constrained
------------------------------------------------------------
8          41.817980       0.407545        total sum                     
8          41.428658       0.407313        excluding marked processes    
8          10345.000000    101.710373      Unweighted events, alpha=0.004042
  => Total parameter prop_binele23_bin8[0.00,-7.00,7.00] to be Gaussian constrained
------------------------------------------------------------
9          28.670289       0.295147        total sum                     
9          28.237408       0.294785        excluding marked processes    
9          9176.000000     95.791440       Unweighted events, alpha=0.003124
  => Total parameter prop_binele23_bin9[0.00,-7.00,7.00] to be Gaussian constrained
------------------------------------------------------------
10         20.335191       0.311418        total sum                     
10         19.870301       0.311056        excluding marked processes    
10         4081.000000     63.882705       Unweighted events, alpha=0.004983
  => Total parameter prop_binele23_bin10[0.00,-7.00,7.00] to be Gaussian constrained
------------------------------------------------------------
11         13.820243       0.167092        total sum                     
11         13.323654       0.166367        excluding marked processes    
11         6414.000000     80.087452       Unweighted events, alpha=0.002155
  => Total parameter prop_binele23_bin11[0.00,-7.00,7.00] to be Gaussian constrained
------------------------------------------------------------
12         10.333580       0.196633        total sum                     
12         9.826517        0.196000        excluding marked processes    
12         2514.000000     50.139805       Unweighted events, alpha=0.004110
  => Total parameter prop_binele23_bin12[0.00,-7.00,7.00] to be Gaussian constrained
------------------------------------------------------------
13         7.581092        0.114336        total sum                     
13         7.027939        0.113154        excluding marked processes    
13         3858.000000     62.112801       Unweighted events, alpha=0.001965
  => Total parameter prop_binele23_bin13[0.00,-7.00,7.00] to be Gaussian constrained
------------------------------------------------------------
14         5.746769        0.082355        total sum                     
14         5.154819        0.080583        excluding marked processes    
14         4092.000000     63.968742       Unweighted events, alpha=0.001404
  => Total parameter prop_binele23_bin14[0.00,-7.00,7.00] to be Gaussian constrained
------------------------------------------------------------
15         4.664882        0.174727        total sum                     
15         4.032129        0.173844        excluding marked processes    
15         538.000000      23.194827       Unweighted events, alpha=0.008671
  => Total parameter prop_binele23_bin15[0.00,-7.00,7.00] to be Gaussian constrained
------------------------------------------------------------
16         3.526697        0.057028        total sum                     
16         2.868116        0.054122        excluding marked processes    
16         2808.000000     52.990565       Unweighted events, alpha=0.001256
  => Total parameter prop_binele23_bin16[0.00,-7.00,7.00] to be Gaussian constrained
------------------------------------------------------------
17         2.847429        0.045642        total sum                     
17         2.146018        0.041725        excluding marked processes    
17         2645.000000     51.429563       Unweighted events, alpha=0.001077
  => Total parameter prop_binele23_bin17[0.00,-7.00,7.00] to be Gaussian constrained
------------------------------------------------------------
18         2.367982        0.023543        total sum                     
18         1.611053        0.013508        excluding marked processes    
18         14226.000000    119.272797      Unweighted events, alpha=0.000166
  => Total parameter prop_binele23_bin18[0.00,-7.00,7.00] to be Gaussian constrained
------------------------------------------------------------
19         1.966020        0.022047        total sum                     
19         1.218396        0.011076        excluding marked processes    
19         12100.000000    110.000000      Unweighted events, alpha=0.000162
  => Total parameter prop_binele23_bin19[0.00,-7.00,7.00] to be Gaussian constrained
------------------------------------------------------------
20         1.855929        0.047358        total sum                     
20         1.006433        0.042710        excluding marked processes    
20         555.000000      23.558438       Unweighted events, alpha=0.003344
  => Total parameter prop_binele23_bin20[0.00,-7.00,7.00] to be Gaussian constrained
------------------------------------------------------------
21         1.659804        0.023185        total sum                     
21         0.739745        0.009477        excluding marked processes    
21         6093.000000     78.057671       Unweighted events, alpha=0.000272
  => Total parameter prop_binele23_bin21[0.00,-7.00,7.00] to be Gaussian constrained
------------------------------------------------------------
22         1.612033        0.051154        total sum                     
22         0.654337        0.046364        excluding marked processes    
22         199.000000      14.106736       Unweighted events, alpha=0.008101
  => Total parameter prop_binele23_bin22[0.00,-7.00,7.00] to be Gaussian constrained
------------------------------------------------------------
23         1.523942        0.023543        total sum                     
23         0.446445        0.005520        excluding marked processes    
23         6541.000000     80.876449       Unweighted events, alpha=0.000233
  => Total parameter prop_binele23_bin23[0.00,-7.00,7.00] to be Gaussian constrained
------------------------------------------------------------
24         1.484874        0.024048        total sum                     
24         0.343701        0.004466        excluding marked processes    
24         5923.000000     76.961029       Unweighted events, alpha=0.000251
  => Total parameter prop_binele23_bin24[0.00,-7.00,7.00] to be Gaussian constrained
------------------------------------------------------------
25         1.697158        0.026622        total sum                     
25         0.279646        0.003462        excluding marked processes    
25         6524.000000     80.771282       Unweighted events, alpha=0.000260
  => Total parameter prop_binele23_bin25[0.00,-7.00,7.00] to be Gaussian constrained
------------------------------------------------------------
26         1.908909        0.028817        total sum                     
26         0.214690        0.001712        excluding marked processes    
26         15727.000000    125.407336      Unweighted events, alpha=0.000121
  => Total parameter prop_binele23_bin26[0.00,-7.00,7.00] to be Gaussian constrained
------------------------------------------------------------
27         1.714018        0.043282        total sum                     
27         0.205465        0.033679        excluding marked processes    
27         37.000000       6.082763        Unweighted events, alpha=0.046325
  => Total parameter prop_binele23_bin27[0.00,-7.00,7.00] to be Gaussian constrained
------------------------------------------------------------
28         0.688228        0.020568        total sum                     
28         0.150105        0.012559        excluding marked processes    
28         143.000000      11.958261       Unweighted events, alpha=0.004813
  => Total parameter prop_binele23_bin28[0.00,-7.00,7.00] to be Gaussian constrained
------------------------------------------------------------
29         0.263572        0.008769        total sum                     
29         0.109764        0.000726        excluding marked processes    
29         22866.000000    151.215079      Unweighted events, alpha=0.000012
  => Total parameter prop_binele23_bin29[0.00,-7.00,7.00] to be Gaussian constrained
------------------------------------------------------------
30         0.188084        0.027691        total sum                     
30         0.115201        0.027038        excluding marked processes    
30         18.000000       4.242641        Unweighted events, alpha=0.010449
  => Total parameter prop_binele23_bin30[0.00,-7.00,7.00] to be Gaussian constrained
------------------------------------------------------------
31         0.108705        0.004303        total sum                     
31         0.070877        0.000575        excluding marked processes    
31         15204.000000    123.304501      Unweighted events, alpha=0.000007
  => Total parameter prop_binele23_bin31[0.00,-7.00,7.00] to be Gaussian constrained
------------------------------------------------------------
32         0.079565        0.003338        total sum                     
32         0.057144        0.000520        excluding marked processes    
32         12099.000000    109.995454      Unweighted events, alpha=0.000007
  => Total parameter prop_binele23_bin32[0.00,-7.00,7.00] to be Gaussian constrained
------------------------------------------------------------
33         0.057098        0.002324        total sum                     
33         0.046601        0.000463        excluding marked processes    
33         10146.000000    100.727355      Unweighted events, alpha=0.000006
  => Total parameter prop_binele23_bin33[0.00,-7.00,7.00] to be Gaussian constrained
------------------------------------------------------------
34         0.046305        0.002138        total sum                     
34         0.037309        0.000412        excluding marked processes    
34         8208.000000     90.598013       Unweighted events, alpha=0.000006
  => Total parameter prop_binele23_bin34[0.00,-7.00,7.00] to be Gaussian constrained
------------------------------------------------------------
35         0.036111        0.001700        total sum                     
35         0.030325        0.000369        excluding marked processes    
35         6752.000000     82.170554       Unweighted events, alpha=0.000005
  => Total parameter prop_binele23_bin35[0.00,-7.00,7.00] to be Gaussian constrained
------------------------------------------------------------
36         0.026504        0.001066        total sum                     
36         0.024327        0.000326        excluding marked processes    
36         5553.000000     74.518454       Unweighted events, alpha=0.000005
  => Total parameter prop_binele23_bin36[0.00,-7.00,7.00] to be Gaussian constrained
------------------------------------------------------------
37         0.022354        0.000940        total sum                     
37         0.020422        0.000297        excluding marked processes    
37         4732.000000     68.789534       Unweighted events, alpha=0.000005
  => Total parameter prop_binele23_bin37[0.00,-7.00,7.00] to be Gaussian constrained
------------------------------------------------------------
38         0.020592        0.001374        total sum                     
38         0.016961        0.000267        excluding marked processes    
38         4032.000000     63.498031       Unweighted events, alpha=0.000005
  => Total parameter prop_binele23_bin38[0.00,-7.00,7.00] to be Gaussian constrained
------------------------------------------------------------
39         0.016667        0.001312        total sum                     
39         0.013510        0.000233        excluding marked processes    
39         3354.000000     57.913729       Unweighted events, alpha=0.000005
  => Total parameter prop_binele23_bin39[0.00,-7.00,7.00] to be Gaussian constrained
------------------------------------------------------------
40         0.016378        0.004489        total sum                     
40         0.015669        0.004452        excluding marked processes    
40         12.000000       3.464102        Unweighted events, alpha=0.001365
  => Total parameter prop_binele23_bin40[0.00,-7.00,7.00] to be Gaussian constrained
------------------------------------------------------------
41         0.012505        0.001236        total sum                     
41         0.009446        0.000184        excluding marked processes    
41         2642.000000     51.400389       Unweighted events, alpha=0.000005
  => Total parameter prop_binele23_bin41[0.00,-7.00,7.00] to be Gaussian constrained
------------------------------------------------------------
42         0.007855        0.000160        total sum                     
42         0.007843        0.000159        excluding marked processes    
42         2432.000000     49.315312       Unweighted events, alpha=0.000003
  => Total parameter prop_binele23_bin42[0.00,-7.00,7.00] to be Gaussian constrained
------------------------------------------------------------
43         0.006333        0.000133        total sum                     
43         0.006302        0.000129        excluding marked processes    
43         2374.000000     48.723711       Unweighted events, alpha=0.000003
  => Total parameter prop_binele23_bin43[0.00,-7.00,7.00] to be Gaussian constrained
------------------------------------------------------------
44         0.005277        0.000096        total sum                     
44         0.005277        0.000096        excluding marked processes    
44         3024.000000     54.990908       Unweighted events, alpha=0.000002
  => Total parameter prop_binele23_bin44[0.00,-7.00,7.00] to be Gaussian constrained
------------------------------------------------------------
45         0.004907        0.000552        total sum                     
45         0.004357        0.000048        excluding marked processes    
45         8140.000000     90.221949       Unweighted events, alpha=0.000001
  => Total parameter prop_binele23_bin45[0.00,-7.00,7.00] to be Gaussian constrained
------------------------------------------------------------
46         0.004101        0.000278        total sum                     
46         0.003713        0.000032        excluding marked processes    
46         13816.000000    117.541482      Unweighted events, alpha=0.000000
  => Total parameter prop_binele23_bin46[0.00,-7.00,7.00] to be Gaussian constrained
------------------------------------------------------------
47         0.003683        0.000551        total sum                     
47         0.003133        0.000026        excluding marked processes    
47         14650.000000    121.037184      Unweighted events, alpha=0.000000
  => Total parameter prop_binele23_bin47[0.00,-7.00,7.00] to be Gaussian constrained
------------------------------------------------------------
48         0.002699        0.000050        total sum                     
48         0.002654        0.000021        excluding marked processes    
48         15970.000000    126.372465      Unweighted events, alpha=0.000000
  => Total parameter prop_binele23_bin48[0.00,-7.00,7.00] to be Gaussian constrained
------------------------------------------------------------
49         0.003747        0.000818        total sum                     
49         0.002208        0.000018        excluding marked processes    
49         14417.000000    120.070812      Unweighted events, alpha=0.000000
  => Total parameter prop_binele23_bin49[0.00,-7.00,7.00] to be Gaussian constrained
------------------------------------------------------------
50         0.002459        0.000551        total sum                     
50         0.001909        0.000017        excluding marked processes    
50         12065.000000    109.840794      Unweighted events, alpha=0.000000
  => Total parameter prop_binele23_bin50[0.00,-7.00,7.00] to be Gaussian constrained
------------------------------------------------------------
51         0.001615        0.000015        total sum                     
51         0.001615        0.000015        excluding marked processes    
51         11477.000000    107.130761      Unweighted events, alpha=0.000000
  => Total parameter prop_binele23_bin51[0.00,-7.00,7.00] to be Gaussian constrained
------------------------------------------------------------
52         0.001417        0.000015        total sum                     
52         0.001417        0.000015        excluding marked processes    
52         8881.000000     94.239058       Unweighted events, alpha=0.000000
  => Total parameter prop_binele23_bin52[0.00,-7.00,7.00] to be Gaussian constrained
------------------------------------------------------------
53         0.001205        0.000013        total sum                     
53         0.001205        0.000013        excluding marked processes    
53         8677.000000     93.150416       Unweighted events, alpha=0.000000
  => Total parameter prop_binele23_bin53[0.00,-7.00,7.00] to be Gaussian constrained
------------------------------------------------------------
54         0.001031        0.000012        total sum                     
54         0.001031        0.000012        excluding marked processes    
54         7455.000000     86.342342       Unweighted events, alpha=0.000000
  => Total parameter prop_binele23_bin54[0.00,-7.00,7.00] to be Gaussian constrained
------------------------------------------------------------
55         0.000891        0.000013        total sum                     
55         0.000891        0.000013        excluding marked processes    
55         4805.000000     69.318107       Unweighted events, alpha=0.000000
  => Total parameter prop_binele23_bin55[0.00,-7.00,7.00] to be Gaussian constrained
------------------------------------------------------------
56         0.000817        0.000046        total sum                     
56         0.000773        0.000011        excluding marked processes    
56         5124.000000     71.582121       Unweighted events, alpha=0.000000
  => Total parameter prop_binele23_bin56[0.00,-7.00,7.00] to be Gaussian constrained
------------------------------------------------------------
57         0.000662        0.000009        total sum                     
57         0.000662        0.000009        excluding marked processes    
57         4952.000000     70.370448       Unweighted events, alpha=0.000000
  => Total parameter prop_binele23_bin57[0.00,-7.00,7.00] to be Gaussian constrained
------------------------------------------------------------
58         0.000577        0.000009        total sum                     
58         0.000577        0.000009        excluding marked processes    
58         4379.000000     66.174013       Unweighted events, alpha=0.000000
  => Total parameter prop_binele23_bin58[0.00,-7.00,7.00] to be Gaussian constrained
------------------------------------------------------------
59         0.000488        0.000008        total sum                     
59         0.000488        0.000008        excluding marked processes    
59         3800.000000     61.644140       Unweighted events, alpha=0.000000
  => Total parameter prop_binele23_bin59[0.00,-7.00,7.00] to be Gaussian constrained
------------------------------------------------------------
60         0.000434        0.000007        total sum                     
60         0.000434        0.000007        excluding marked processes    
60         3448.000000     58.719673       Unweighted events, alpha=0.000000
  => Total parameter prop_binele23_bin60[0.00,-7.00,7.00] to be Gaussian constrained
------------------------------------------------------------
61         0.000387        0.000007        total sum                     
61         0.000387        0.000007        excluding marked processes    
61         3146.000000     56.089215       Unweighted events, alpha=0.000000
  => Total parameter prop_binele23_bin61[0.00,-7.00,7.00] to be Gaussian constrained
------------------------------------------------------------
62         0.000335        0.000006        total sum                     
62         0.000335        0.000006        excluding marked processes    
62         2794.000000     52.858301       Unweighted events, alpha=0.000000
  => Total parameter prop_binele23_bin62[0.00,-7.00,7.00] to be Gaussian constrained
------------------------------------------------------------
63         0.000297        0.000006        total sum                     
63         0.000297        0.000006        excluding marked processes    
63         2581.000000     50.803543       Unweighted events, alpha=0.000000
  => Total parameter prop_binele23_bin63[0.00,-7.00,7.00] to be Gaussian constrained
------------------------------------------------------------
64         0.000264        0.000005        total sum                     
64         0.000264        0.000005        excluding marked processes    
64         2374.000000     48.723711       Unweighted events, alpha=0.000000
  => Total parameter prop_binele23_bin64[0.00,-7.00,7.00] to be Gaussian constrained
------------------------------------------------------------
65         0.000226        0.000005        total sum                     
65         0.000226        0.000005        excluding marked processes    
65         2171.000000     46.593991       Unweighted events, alpha=0.000000
  => Total parameter prop_binele23_bin65[0.00,-7.00,7.00] to be Gaussian constrained
------------------------------------------------------------
66         0.000195        0.000004        total sum                     
66         0.000195        0.000004        excluding marked processes    
66         2089.000000     45.705580       Unweighted events, alpha=0.000000
  => Total parameter prop_binele23_bin66[0.00,-7.00,7.00] to be Gaussian constrained
------------------------------------------------------------
67         0.000178        0.000004        total sum                     
67         0.000178        0.000004        excluding marked processes    
67         2106.000000     45.891176       Unweighted events, alpha=0.000000
  => Total parameter prop_binele23_bin67[0.00,-7.00,7.00] to be Gaussian constrained
------------------------------------------------------------
68         0.000152        0.000003        total sum                     
68         0.000152        0.000003        excluding marked processes    
68         2194.000000     46.840154       Unweighted events, alpha=0.000000
  => Total parameter prop_binele23_bin68[0.00,-7.00,7.00] to be Gaussian constrained
------------------------------------------------------------
69         0.000137        0.000003        total sum                     
69         0.000137        0.000003        excluding marked processes    
69         2647.000000     51.449004       Unweighted events, alpha=0.000000
  => Total parameter prop_binele23_bin69[0.00,-7.00,7.00] to be Gaussian constrained
------------------------------------------------------------
============================================================
Analyzing bin errors for: prop_binmuon22
Poisson cut-off: 10
Processes excluded for sums: Wprime2600
============================================================
Bin        Contents        Error           Notes                         
0          6052.006841     20.262809       total sum                     
0          6051.639763     20.262801       excluding marked processes    
0          89196.000000    298.656994      Unweighted events, alpha=0.067851
  => Total parameter prop_binmuon22_bin0[0.00,-7.00,7.00] to be Gaussian constrained
------------------------------------------------------------
1          2271.608107     14.934746       total sum                     
1          2271.162556     14.934734       excluding marked processes    
1          23126.000000    152.072351      Unweighted events, alpha=0.098227
  => Total parameter prop_binmuon22_bin1[0.00,-7.00,7.00] to be Gaussian constrained
------------------------------------------------------------
2          980.222275      6.845956        total sum                     
2          979.756424      6.845929        excluding marked processes    
2          20482.000000    143.115338      Unweighted events, alpha=0.047858
  => Total parameter prop_binmuon22_bin2[0.00,-7.00,7.00] to be Gaussian constrained
------------------------------------------------------------
3          483.539978      3.368587        total sum                     
3          482.954290      3.368514        excluding marked processes    
3          20556.000000    143.373638      Unweighted events, alpha=0.023523
  => Total parameter prop_binmuon22_bin3[0.00,-7.00,7.00] to be Gaussian constrained
------------------------------------------------------------
4          256.557380      2.727659        total sum                     
4          255.983423      2.727570        excluding marked processes    
4          8808.000000     93.850946       Unweighted events, alpha=0.029128
  => Total parameter prop_binmuon22_bin4[0.00,-7.00,7.00] to be Gaussian constrained
------------------------------------------------------------
5          147.702787      2.387529        total sum                     
5          147.033703      2.387412        excluding marked processes    
5          3793.000000     61.587336       Unweighted events, alpha=0.038941
  => Total parameter prop_binmuon22_bin5[0.00,-7.00,7.00] to be Gaussian constrained
------------------------------------------------------------
6          139.760787      1.800551        total sum                     
6          138.222704      1.800199        excluding marked processes    
6          5895.000000     76.778903       Unweighted events, alpha=0.023708
  => Total parameter prop_binmuon22_bin6[0.00,-7.00,7.00] to be Gaussian constrained
------------------------------------------------------------
7          54.726431       0.724267        total sum                     
7          52.927498       0.723246        excluding marked processes    
7          5355.000000     73.177866       Unweighted events, alpha=0.010220
  => Total parameter prop_binmuon22_bin7[0.00,-7.00,7.00] to be Gaussian constrained
------------------------------------------------------------
8          33.385161       0.508160        total sum                     
8          30.377420       0.505713        excluding marked processes    
8          3608.000000     60.066630       Unweighted events, alpha=0.009253
  => Total parameter prop_binmuon22_bin8[0.00,-7.00,7.00] to be Gaussian constrained
------------------------------------------------------------
9          14.326553       0.396330        total sum                     
9          10.638988       0.392474        excluding marked processes    
9          735.000000      27.110883       Unweighted events, alpha=0.019492
  => Total parameter prop_binmuon22_bin9[0.00,-7.00,7.00] to be Gaussian constrained
------------------------------------------------------------
10         10.588937       0.147585        total sum                     
10         4.417489        0.129008        excluding marked processes    
10         1173.000000     34.249088       Unweighted events, alpha=0.009027
  => Total parameter prop_binmuon22_bin10[0.00,-7.00,7.00] to be Gaussian constrained
------------------------------------------------------------
11         7.665593        0.521237        total sum                     
11         2.194774        0.516835        excluding marked processes    
11         18.000000       4.242641        Unweighted events, alpha=0.425866
  => Total parameter prop_binmuon22_bin11[0.00,-7.00,7.00] to be Gaussian constrained
------------------------------------------------------------
12         0.455886        0.043585        total sum                     
12         0.357151        0.042650        excluding marked processes    
12         70.000000       8.366600        Unweighted events, alpha=0.006513
  => Total parameter prop_binmuon22_bin12[0.00,-7.00,7.00] to be Gaussian constrained
------------------------------------------------------------
13         0.109258        0.012290        total sum                     
13         0.099598        0.011979        excluding marked processes    
13         69.000000       8.306624        Unweighted events, alpha=0.001583
  => Total parameter prop_binmuon22_bin13[0.00,-7.00,7.00] to be Gaussian constrained
------------------------------------------------------------
14         0.019030        0.009889        total sum                     
14         0.019030        0.009889        excluding marked processes    
14         4.000000        2.000000        Unweighted events, alpha=0.004757
  => Number of weighted events is below Poisson threshold
    Wprime2600           0.000000        0.000000                                      
      => Error is zero, ignore      
  ----------------------------------------------------------
    W_boson              0.004906        0.000034                                      
                         21059.000000    145.117194      Unweighted events, alpha=0.000000
      => Parameter prop_binmuon22_bin14_W_boson[0.00,-7.00,7.00] to be Gaussian constrained
  ----------------------------------------------------------
    Top                  0.000000        0.000000                                      
      => Error is zero, ignore      
  ----------------------------------------------------------
    Z_boson              0.000091        0.000026                                      
                         12.000000       3.464102        Unweighted events, alpha=0.000008
      => Parameter prop_binmuon22_bin14_Z_boson[0.00,-7.00,7.00] to be Gaussian constrained
  ----------------------------------------------------------
    DiBoson              0.000000        0.000000                                      
      => Error is zero, ignore      
  ----------------------------------------------------------
    QCD                  0.014034        0.009889                                      
                         2.000000        1.414214        Unweighted events, alpha=0.007017
      => Product of prop_binmuon22_bin14_QCD[2.00,0.00,33.79] and const [0.5000] to be Poisson constrained
  ----------------------------------------------------------
------------------------------------------------------------
15         0.022430        0.016855        total sum                     
15         0.022430        0.016855        excluding marked processes    
15         2.000000        1.414214        Unweighted events, alpha=0.011215
  => Number of weighted events is below Poisson threshold
    Wprime2600           0.000000        0.000000                                      
      => Error is zero, ignore      
  ----------------------------------------------------------
    W_boson              0.001056        0.000053                                      
                         400.000000      20.000000       Unweighted events, alpha=0.000003
      => Parameter prop_binmuon22_bin15_W_boson[0.00,-7.00,7.00] to be Gaussian constrained
  ----------------------------------------------------------
    Top                  0.000000        0.000000                                      
      => Error is zero, ignore      
  ----------------------------------------------------------
    Z_boson              0.000010        0.000000                                      
                         640.000000      25.298221       Unweighted events, alpha=0.000000
      => Parameter prop_binmuon22_bin15_Z_boson[0.00,-7.00,7.00] to be Gaussian constrained
  ----------------------------------------------------------
    DiBoson              0.000000        0.000000                                      
      => Error is zero, ignore      
  ----------------------------------------------------------
    QCD                  0.021365        0.016855                                      
                         2.000000        1.414214        Unweighted events, alpha=0.010682
      => Product of prop_binmuon22_bin15_QCD[2.00,0.00,33.79] and const [0.5000] to be Poisson constrained
  ----------------------------------------------------------
------------------------------------------------------------
16         0.018992        0.013284        total sum                     
16         0.018992        0.013284        excluding marked processes    
16         2.000000        1.414214        Unweighted events, alpha=0.009496
  => Number of weighted events is below Poisson threshold
    Wprime2600           0.000000        0.000000                                      
      => Error is zero, ignore      
  ----------------------------------------------------------
    W_boson              0.000282        0.000007                                      
                         1743.000000     41.749251       Unweighted events, alpha=0.000000
      => Parameter prop_binmuon22_bin16_W_boson[0.00,-7.00,7.00] to be Gaussian constrained
  ----------------------------------------------------------
    Top                  0.000000        0.000000                                      
      => Error is zero, ignore      
  ----------------------------------------------------------
    Z_boson              0.000008        0.000005                                      
                         3.000000        1.732051        Unweighted events, alpha=0.000003
      => Product of prop_binmuon22_bin16_Z_boson[3.00,0.00,36.46] and const [0.3333] to be Poisson constrained
  ----------------------------------------------------------
    DiBoson              0.000000        0.000000                                      
      => Error is zero, ignore      
  ----------------------------------------------------------
    QCD                  0.018702        0.013284                                      
                         2.000000        1.414214        Unweighted events, alpha=0.009351
      => Product of prop_binmuon22_bin16_QCD[2.00,0.00,33.79] and const [0.5000] to be Poisson constrained
  ----------------------------------------------------------
------------------------------------------------------------
============================================================
Analyzing bin errors for: prop_binmuon23
Poisson cut-off: 10
Processes excluded for sums: Wprime2600
============================================================
Bin        Contents        Error           Notes                         
0          4672.735654     26.906400       total sum                     
0          4672.429169     26.906397       excluding marked processes    
0          30156.000000    173.654830      Unweighted events, alpha=0.154952
  => Total parameter prop_binmuon23_bin0[0.00,-7.00,7.00] to be Gaussian constrained
------------------------------------------------------------
1          1751.550552     9.712295        total sum                     
1          1751.198881     9.712286        excluding marked processes    
1          32511.000000    180.308070      Unweighted events, alpha=0.053876
  => Total parameter prop_binmuon23_bin1[0.00,-7.00,7.00] to be Gaussian constrained
------------------------------------------------------------
2          766.887644      6.436042        total sum                     
2          766.500740      6.436027        excluding marked processes    
2          14184.000000    119.096599      Unweighted events, alpha=0.054067
  => Total parameter prop_binmuon23_bin2[0.00,-7.00,7.00] to be Gaussian constrained
------------------------------------------------------------
3          385.077263      5.590718        total sum                     
3          384.648848      5.590699        excluding marked processes    
3          4734.000000     68.804070       Unweighted events, alpha=0.081343
  => Total parameter prop_binmuon23_bin3[0.00,-7.00,7.00] to be Gaussian constrained
------------------------------------------------------------
4          203.415118      4.566074        total sum                     
4          202.927435      4.566047        excluding marked processes    
4          1975.000000     44.440972       Unweighted events, alpha=0.102995
  => Total parameter prop_binmuon23_bin4[0.00,-7.00,7.00] to be Gaussian constrained
------------------------------------------------------------
5          120.297702      3.823780        total sum                     
5          119.742389      3.823743        excluding marked processes    
5          981.000000      31.320920       Unweighted events, alpha=0.122628
  => Total parameter prop_binmuon23_bin5[0.00,-7.00,7.00] to be Gaussian constrained
------------------------------------------------------------
6          116.239009      3.918761        total sum                     
6          114.988932      3.918681        excluding marked processes    
6          861.000000      29.342802       Unweighted events, alpha=0.135005
  => Total parameter prop_binmuon23_bin6[0.00,-7.00,7.00] to be Gaussian constrained
------------------------------------------------------------
7          43.513503       0.688953        total sum                     
7          42.109119       0.688437        excluding marked processes    
7          3741.000000     61.163715       Unweighted events, alpha=0.011632
  => Total parameter prop_binmuon23_bin7[0.00,-7.00,7.00] to be Gaussian constrained
------------------------------------------------------------
8          27.159262       0.661146        total sum                     
8          24.668616       0.660199        excluding marked processes    
8          1396.000000     37.363083       Unweighted events, alpha=0.019455
  => Total parameter prop_binmuon23_bin8[0.00,-7.00,7.00] to be Gaussian constrained
------------------------------------------------------------
9          11.553798       0.399576        total sum                     
9          8.555325        0.397692        excluding marked processes    
9          463.000000      21.517435       Unweighted events, alpha=0.024954
  => Total parameter prop_binmuon23_bin9[0.00,-7.00,7.00] to be Gaussian constrained
------------------------------------------------------------
10         8.756570        0.262374        total sum                     
10         3.676615        0.257530        excluding marked processes    
10         204.000000      14.282857       Unweighted events, alpha=0.042924
  => Total parameter prop_binmuon23_bin10[0.00,-7.00,7.00] to be Gaussian constrained
------------------------------------------------------------
11         5.754974        0.186045        total sum                     
11         1.392961        0.180214        excluding marked processes    
11         60.000000       7.745967        Unweighted events, alpha=0.095916
  => Total parameter prop_binmuon23_bin11[0.00,-7.00,7.00] to be Gaussian constrained
------------------------------------------------------------
12         0.647902        0.289743        total sum                     
12         0.562776        0.289671        excluding marked processes    
12         4.000000        2.000000        Unweighted events, alpha=0.161976
  => Number of weighted events is below Poisson threshold
    Wprime2600           0.085126        0.006459                                      
                         174.000000      13.190906       Unweighted events, alpha=0.000489
      => Parameter prop_binmuon23_bin12_Wprime2600[0.00,-7.00,7.00] to be Gaussian constrained
  ----------------------------------------------------------
    W_boson              0.219114        0.001133                                      
                         37380.000000    193.339080      Unweighted events, alpha=0.000006
      => Parameter prop_binmuon23_bin12_W_boson[0.00,-7.00,7.00] to be Gaussian constrained
  ----------------------------------------------------------
    Top                  0.000000        0.000000                                      
      => Error is zero, ignore      
  ----------------------------------------------------------
    Z_boson              0.003818        0.000093                                      
                         1695.000000     41.170378       Unweighted events, alpha=0.000002
      => Parameter prop_binmuon23_bin12_Z_boson[0.00,-7.00,7.00] to be Gaussian constrained
  ----------------------------------------------------------
    DiBoson              0.288910        0.288561                                      
                         1.000000        1.000000        Unweighted events, alpha=0.288910
      => Product of prop_binmuon23_bin12_DiBoson[1.00,0.00,30.85] and const [1.0000] to be Poisson constrained
  ----------------------------------------------------------
    QCD                  0.050935        0.025308                                      
                         4.000000        2.000000        Unweighted events, alpha=0.012734
      => Product of prop_binmuon23_bin12_QCD[4.00,0.00,38.96] and const [0.2500] to be Poisson constrained
  ----------------------------------------------------------
------------------------------------------------------------
13         0.092130        0.006686        total sum                     
13         0.083727        0.006353        excluding marked processes    
13         174.000000      13.190906       Unweighted events, alpha=0.000529
  => Total parameter prop_binmuon23_bin13[0.00,-7.00,7.00] to be Gaussian constrained
------------------------------------------------------------
14         0.005107        0.001132        total sum                     
14         0.005107        0.001132        excluding marked processes    
14         20.000000       4.472136        Unweighted events, alpha=0.000255
  => Total parameter prop_binmuon23_bin14[0.00,-7.00,7.00] to be Gaussian constrained
------------------------------------------------------------
15         0.000837        0.000017        total sum                     
15         0.000837        0.000017        excluding marked processes    
15         2307.000000     48.031240       Unweighted events, alpha=0.000000
  => Total parameter prop_binmuon23_bin15[0.00,-7.00,7.00] to be Gaussian constrained
------------------------------------------------------------
Channel ele22 will use autoMCStats with settings: event-threshold=10, include-signal=0, hist-mode=1
Channel ele23 will use autoMCStats with settings: event-threshold=10, include-signal=0, hist-mode=1
Channel muon22 will use autoMCStats with settings: event-threshold=10, include-signal=0, hist-mode=1
Channel muon23 will use autoMCStats with settings: event-threshold=10, include-signal=0, hist-mode=1

 -- MarkovChainMC -- 
Limit: r < 0.386553 +/- 0.00192898 @ 95% credibility (300 tries)
Done in 9.92 min (cpu), 10.08 min (real)
